~/nipa/tc-executor/tc-executor-storage /
Switched to branch 'storage'
Your branch is ahead of 'origin/storage' by 864 commits.
  (use "git push" to publish your local commits)
/
~/nipa/tc-executor /
Error response from daemon: No such image: nipa-executor:latest
#0 building with "default" instance using docker driver

#1 [internal] load build definition from Dockerfile
#1 transferring dockerfile: 2.05kB done
#1 DONE 0.0s

#2 [internal] load .dockerignore
#2 transferring context: 2B done
#2 DONE 0.0s

#3 [internal] load metadata for docker.io/library/alpine:edge
#3 DONE 0.0s

#4 [ 1/22] FROM docker.io/library/alpine:edge
#4 CACHED

#5 [internal] load build context
#5 transferring context: 3.02kB done
#5 DONE 0.0s

#6 [ 2/22] RUN echo false > debug-mode
#6 DONE 0.8s

#7 [ 3/22] RUN addgroup -g 1001 hostuser
#7 DONE 0.5s

#8 [ 4/22] RUN adduser -u 1001 -G hostuser -H -D -s /bin/ash hostuser
#8 DONE 0.4s

#9 [ 5/22] RUN echo '@testing http://dl-cdn.alpinelinux.org/alpine/edge/testing' >> /etc/apk/repositories
#9 DONE 0.4s

#10 [ 6/22] RUN echo '@community http://dl-cdn.alpinelinux.org/alpine/edge/community' >> /etc/apk/repositories
#10 DONE 0.4s

#11 [ 7/22] RUN apk update && apk add --no-cache    virtme-ng@testing    git    py3-requests    py3-psutil    py3-setuptools    py3-pyroute2    py3-argcomplete    qemu-system-x86_64@community    scapy@community    make    gcc    musl-dev    flex    bison    linux-headers    elfutils-dev    util-linux    coreutils    diffutils    findutils    file    bash    kmod    perl    iptables-dev    libcap-dev    libmnl-dev    iproute2     jq    libbpf-dev    rsync    openssl-dev
#11 0.378 fetch https://dl-cdn.alpinelinux.org/alpine/edge/main/x86_64/APKINDEX.tar.gz
#11 0.596 fetch https://dl-cdn.alpinelinux.org/alpine/edge/community/x86_64/APKINDEX.tar.gz
#11 0.813 fetch http://dl-cdn.alpinelinux.org/alpine/edge/testing/x86_64/APKINDEX.tar.gz
#11 1.036 fetch http://dl-cdn.alpinelinux.org/alpine/edge/community/x86_64/APKINDEX.tar.gz
#11 1.343 v3.20.0-929-gda1d2301c36 [https://dl-cdn.alpinelinux.org/alpine/edge/main]
#11 1.343 v3.20.0-941-g2eba8da510e [https://dl-cdn.alpinelinux.org/alpine/edge/community]
#11 1.343 v3.20.0-930-g600ac46097c [http://dl-cdn.alpinelinux.org/alpine/edge/testing]
#11 1.343 v3.20.0-941-g2eba8da510e [http://dl-cdn.alpinelinux.org/alpine/edge/community]
#11 1.343 OK: 31522 distinct packages available
#11 1.406 fetch https://dl-cdn.alpinelinux.org/alpine/edge/main/x86_64/APKINDEX.tar.gz
#11 1.508 fetch https://dl-cdn.alpinelinux.org/alpine/edge/community/x86_64/APKINDEX.tar.gz
#11 1.608 fetch http://dl-cdn.alpinelinux.org/alpine/edge/testing/x86_64/APKINDEX.tar.gz
#11 1.702 fetch http://dl-cdn.alpinelinux.org/alpine/edge/community/x86_64/APKINDEX.tar.gz
#11 1.942 (1/177) Upgrading musl (1.2.4_git20230717-r5 -> 1.2.5-r1)
#11 1.963 (2/177) Upgrading libcrypto3 (3.1.4-r2 -> 3.3.0-r2)
#11 1.997 (3/177) Upgrading libssl3 (3.1.4-r2 -> 3.3.0-r2)
#11 2.300 (4/177) Upgrading zlib (1.3-r2 -> 1.3.1-r1)
#11 2.313 (5/177) Installing ncurses-terminfo-base (6.4_p20240420-r0)
#11 2.418 (6/177) Installing libncursesw (6.4_p20240420-r0)
#11 2.432 (7/177) Installing readline (8.2.10-r0)
#11 2.447 (8/177) Installing bash (5.2.26-r0)
#11 2.467 Executing bash-5.2.26-r0.post-install
#11 2.469 (9/177) Installing m4 (1.4.19-r3)
#11 2.484 (10/177) Installing bison (3.8.2-r1)
#11 2.504 (11/177) Installing coreutils-env (9.5-r1)
#11 2.617 (12/177) Installing coreutils-fmt (9.5-r1)
#11 2.629 (13/177) Installing coreutils-sha512sum (9.5-r1)
#11 2.641 (14/177) Installing libacl (2.3.2-r0)
#11 2.744 (15/177) Installing libattr (2.5.2-r0)
#11 2.756 (16/177) Installing skalibs (2.14.1.1-r0)
#11 2.769 (17/177) Installing utmps-libs (0.1.2.2-r1)
#11 2.791 (18/177) Installing coreutils (9.5-r1)
#11 2.815 (19/177) Installing diffutils (3.10-r0)
#11 2.830 (20/177) Installing zstd-libs (1.5.6-r0)
#11 2.847 (21/177) Installing libelf (0.191-r0)
#11 2.865 (22/177) Installing libbz2 (1.0.8-r6)
#11 2.877 (23/177) Installing musl-fts (1.2.7-r6)
#11 2.889 (24/177) Installing xz-libs (5.6.1-r3)
#11 2.902 (25/177) Installing libdw (0.191-r0)
#11 2.918 (26/177) Installing libasm (0.191-r0)
#11 2.930 (27/177) Installing xz (5.6.1-r3)
#11 2.944 (28/177) Installing pkgconf (2.2.0-r0)
#11 2.957 (29/177) Installing xz-dev (5.6.1-r3)
#11 2.971 (30/177) Installing libgcc (13.2.1_git20240309-r0)
#11 2.985 (31/177) Installing libstdc++ (13.2.1_git20240309-r0)
#11 3.009 (32/177) Installing zstd (1.5.6-r0)
#11 3.023 (33/177) Installing zstd-dev (1.5.6-r0)
#11 3.036 (34/177) Installing zlib-dev (1.3.1-r1)
#11 3.048 (35/177) Installing elfutils-dev (0.191-r0)
#11 3.069 (36/177) Installing libmagic (5.45-r1)
#11 3.097 (37/177) Installing file (5.45-r1)
#11 3.109 (38/177) Installing findutils (4.9.0-r5)
#11 3.127 (39/177) Installing flex (2.6.4-r6)
#11 3.141 (40/177) Installing jansson (2.14-r4)
#11 3.153 (41/177) Installing binutils (2.42-r0)
#11 3.231 (42/177) Installing libgomp (13.2.1_git20240309-r0)
#11 3.245 (43/177) Installing libatomic (13.2.1_git20240309-r0)
#11 3.257 (44/177) Installing gmp (6.3.0-r1)
#11 3.273 (45/177) Installing isl26 (0.26-r1)
#11 3.296 (46/177) Installing mpfr4 (4.2.1-r0)
#11 3.312 (47/177) Installing mpc1 (1.3.1-r1)
#11 3.326 (48/177) Installing gcc (13.2.1_git20240309-r0)
#11 3.840 (49/177) Installing ca-certificates (20240226-r0)
#11 3.863 (50/177) Installing brotli-libs (1.1.0-r2)
#11 3.880 (51/177) Installing c-ares (1.28.1-r0)
#11 3.894 (52/177) Installing libunistring (1.2-r0)
#11 3.914 (53/177) Installing libidn2 (2.3.7-r0)
#11 3.928 (54/177) Installing nghttp2-libs (1.62.0-r0)
#11 3.941 (55/177) Installing libpsl (0.21.5-r1)
#11 3.953 (56/177) Installing libcurl (8.8.0-r0)
#11 3.969 (57/177) Installing libexpat (2.6.2-r0)
#11 3.982 (58/177) Installing pcre2 (10.43-r0)
#11 4.001 (59/177) Installing git (2.45.2-r0)
#11 4.051 (60/177) Installing git-init-template (2.45.2-r0)
#11 4.064 (61/177) Installing libcap2 (2.70-r0)
#11 4.076 (62/177) Installing libmnl (1.0.5-r2)
#11 4.088 (63/177) Installing iproute2-minimal (6.9.0-r0)
#11 4.105 (64/177) Installing libxtables (1.8.10-r3)
#11 4.117 (65/177) Installing iproute2-tc (6.9.0-r0)
#11 4.133 (66/177) Installing iproute2-ss (6.9.0-r0)
#11 4.146 (67/177) Installing iproute2 (6.9.0-r0)
#11 4.162 Executing iproute2-6.9.0-r0.post-install
#11 4.166 (68/177) Installing linux-headers (6.6-r0)
#11 4.251 (69/177) Installing libip4tc (1.8.10-r3)
#11 4.263 (70/177) Installing libip6tc (1.8.10-r3)
#11 4.276 (71/177) Installing libipq (1.8.10-r3)
#11 4.288 (72/177) Installing iptables-dev (1.8.10-r3)
#11 4.300 (73/177) Installing oniguruma (6.9.9-r0)
#11 4.316 (74/177) Installing jq (1.7.1-r0)
#11 4.333 (75/177) Installing kmod (32-r0)
#11 4.347 (76/177) Installing libbpf (1.4.3-r0)
#11 4.361 (77/177) Installing libbpf-dev (1.4.3-r0)
#11 4.379 (78/177) Installing libcap-dev (2.70-r0)
#11 4.391 (79/177) Installing libmnl-dev (1.0.5-r2)
#11 4.403 (80/177) Installing make (4.4.1-r2)
#11 4.467 (81/177) Installing musl-dev (1.2.5-r1)
#11 4.518 (82/177) Installing openssl-dev (3.3.0-r2)
#11 4.545 (83/177) Installing perl (5.38.2-r0)
#11 4.732 (84/177) Installing perl-error (0.17029-r2)
#11 4.744 (85/177) Installing perl-git (2.45.2-r0)
#11 4.756 (86/177) Installing git-perl (2.45.2-r0)
#11 4.768 (87/177) Installing libffi (3.4.6-r0)
#11 4.780 (88/177) Installing gdbm (1.23-r1)
#11 4.792 (89/177) Installing mpdecimal (4.0.0-r0)
#11 4.805 (90/177) Installing libpanelw (6.4_p20240420-r0)
#11 4.817 (91/177) Installing sqlite-libs (3.46.0-r0)
#11 4.839 (92/177) Installing python3 (3.12.3-r1)
#11 4.973 (93/177) Installing python3-pycache-pyc0 (3.12.3-r1)
#11 5.076 (94/177) Installing pyc (3.12.3-r1)
#11 5.087 (95/177) Installing py3-argcomplete-pyc (3.3.0-r0)
#11 5.100 (96/177) Installing python3-pyc (3.12.3-r1)
#11 5.111 (97/177) Installing py3-argcomplete (3.3.0-r0)
#11 5.126 (98/177) Installing py3-psutil (5.9.8-r1)
#11 5.142 (99/177) Installing py3-psutil-pyc (5.9.8-r1)
#11 5.157 (100/177) Installing py3-pyroute2 (0.7.12-r1)
#11 5.189 (101/177) Installing py3-pyroute2-pyc (0.7.12-r1)
#11 5.227 (102/177) Installing py3-certifi (2024.2.2-r1)
#11 5.239 (103/177) Installing py3-certifi-pyc (2024.2.2-r1)
#11 5.343 (104/177) Installing py3-charset-normalizer (3.3.2-r1)
#11 5.358 (105/177) Installing py3-charset-normalizer-pyc (3.3.2-r1)
#11 5.466 (106/177) Installing py3-idna (3.7-r0)
#11 5.480 (107/177) Installing py3-idna-pyc (3.7-r0)
#11 5.622 (108/177) Installing py3-urllib3 (1.26.18-r1)
#11 5.640 (109/177) Installing py3-urllib3-pyc (1.26.18-r1)
#11 5.659 (110/177) Installing py3-requests (2.32.3-r0)
#11 5.764 (111/177) Installing py3-requests-pyc (2.32.3-r0)
#11 5.779 (112/177) Installing py3-parsing (3.1.2-r1)
#11 5.795 (113/177) Installing py3-parsing-pyc (3.1.2-r1)
#11 5.811 (114/177) Installing py3-packaging (24.0-r1)
#11 5.826 (115/177) Installing py3-packaging-pyc (24.0-r1)
#11 5.840 (116/177) Installing py3-setuptools (69.5.1-r0)
#11 5.883 (117/177) Installing py3-setuptools-pyc (69.5.1-r0)
#11 5.932 (118/177) Installing libcap-ng (0.8.5-r0)
#11 5.945 (119/177) Installing libintl (0.22.5-r0)
#11 5.959 (120/177) Installing libeconf (0.6.3-r0)
#11 5.972 (121/177) Installing libblkid (2.40.1-r1)
#11 5.986 (122/177) Installing libmount (2.40.1-r1)
#11 6.000 (123/177) Installing glib (2.80.2-r0)
#11 6.042 (124/177) Installing numactl (2.0.18-r0)
#11 6.145 (125/177) Installing qemu (9.0.0-r0)
#11 6.270 Executing qemu-9.0.0-r0.pre-install
#11 6.673 Executing qemu-9.0.0-r0.post-install
#11 6.677 *
#11 6.677 * If you want to run VM as unprivileged user and let Qemu create tunX devices,
#11 6.677 * then you must add that user to the group "qemu".
#11 6.677 * If you use KVM for hardware-assisted virtualization, then you may also need
#11 6.677 * to add that user to the group "kvm".
#11 6.677 *
#11 6.677 (126/177) Installing qemu-bridge-helper (9.0.0-r0)
#11 6.694 (127/177) Installing libaio (0.3.113-r2)
#11 6.706 (128/177) Installing capstone (5.0.1-r4)
#11 6.735 (129/177) Installing nettle (3.9.1-r0)
#11 6.752 (130/177) Installing libtasn1 (4.19.0-r2)
#11 6.764 (131/177) Installing p11-kit (0.25.3-r0)
#11 7.009 (132/177) Installing gnutls (3.8.5-r0)
#11 7.033 (133/177) Installing libjpeg-turbo (3.0.3-r0)
#11 7.141 (134/177) Installing lzo (2.10-r5)
#11 7.155 (135/177) Installing pixman (0.43.2-r0)
#11 7.172 (136/177) Installing libpng (1.6.43-r0)
#11 7.186 (137/177) Installing libsasl (2.1.28-r6)
#11 7.200 (138/177) Installing libseccomp (2.5.5-r1)
#11 7.213 (139/177) Installing libslirp (4.8.0-r0)
#11 7.226 (140/177) Installing snappy (1.1.10-r2)
#11 7.240 (141/177) Installing liburing (2.6-r0)
#11 7.252 (142/177) Installing vde2-libs (2.3.3-r3)
#11 7.355 (143/177) Installing qemu-system-x86_64 (9.0.0-r0)
#11 7.471 (144/177) Installing lz4-libs (1.9.4-r5)
#11 7.608 (145/177) Installing popt (1.19-r3)
#11 7.620 (146/177) Installing libxxhash (0.8.2-r2)
#11 7.632 (147/177) Installing rsync (3.3.0-r0)
#11 7.647 (148/177) Installing scapy (2.5.0-r3)
#11 7.707 Executing scapy-2.5.0-r3.post-install
#11 7.710 *
#11 7.710 * Certain optional features of scapy also depend on the following packages:
#11 7.710 *     py3-matplotlib graphviz imagemagick py3-cryptography sox
#11 7.710 * And the following unpackaged dependencies:
#11 7.710 *     pyxi vpython-jupyter nmap<v4.23
#11 7.710 * More information can be found at https://scapy.readthedocs.io/en/latest/installation.html#optional-dependencies
#11 7.710 *
#11 7.710 (149/177) Installing scapy-pyc (2.5.0-r3)
#11 7.784 (150/177) Installing util-linux (2.40.1-r1)
#11 7.797 (151/177) Installing dmesg (2.40.1-r1)
#11 7.809 (152/177) Installing setarch (2.40.1-r1)
#11 7.820 (153/177) Installing libuuid (2.40.1-r1)
#11 7.832 (154/177) Installing libfdisk (2.40.1-r1)
#11 7.846 (155/177) Installing libsmartcols (2.40.1-r1)
#11 7.859 (156/177) Installing util-linux-misc (2.40.1-r1)
#11 7.887 (157/177) Installing linux-pam (1.6.0-r0)
#11 7.907 (158/177) Installing runuser (2.40.1-r1)
#11 7.919 (159/177) Installing mount (2.40.1-r1)
#11 7.931 (160/177) Installing losetup (2.40.1-r1)
#11 7.943 (161/177) Installing hexdump (2.40.1-r1)
#11 7.956 (162/177) Installing uuidgen (2.40.1-r1)
#11 7.968 (163/177) Installing blkid (2.40.1-r1)
#11 7.980 (164/177) Installing sfdisk (2.40.1-r1)
#11 7.993 (165/177) Installing mcookie (2.40.1-r1)
#11 8.005 (166/177) Installing agetty (2.40.1-r1)
#11 8.017 (167/177) Installing wipefs (2.40.1-r1)
#11 8.030 (168/177) Installing cfdisk (2.40.1-r1)
#11 8.042 (169/177) Installing umount (2.40.1-r1)
#11 8.053 (170/177) Installing flock (2.40.1-r1)
#11 8.065 (171/177) Installing lsblk (2.40.1-r1)
#11 8.078 (172/177) Installing setpriv (2.40.1-r1)
#11 8.089 (173/177) Installing logger (2.40.1-r1)
#11 8.101 (174/177) Installing partx (2.40.1-r1)
#11 8.217 (175/177) Installing fstrim (2.40.1-r1)
#11 8.228 (176/177) Installing findmnt (2.40.1-r1)
#11 8.337 (177/177) Installing virtme-ng@testing (1.25-r0)
#11 8.392 Executing busybox-1.36.1-r17.trigger
#11 8.395 Executing ca-certificates-20240226-r0.trigger
#11 8.418 Executing glib-2.80.2-r0.trigger
#11 8.425 OK: 385 MiB in 188 packages
#11 DONE 8.8s

#12 [ 8/22] RUN mkdir -p /tmp/kernel-patches &&     mkdir -p /tmp/iproute2-patches
#12 DONE 0.4s

#13 [ 9/22] COPY tdc.config /tmp
#13 DONE 0.0s

#14 [10/22] COPY tdc-debug.config /tmp
#14 DONE 0.0s

#15 [11/22] COPY kernel-patches /tmp/kernel-patches/
#15 DONE 0.1s

#16 [12/22] COPY iproute2-patches /tmp/iproute2-patches/
#16 DONE 0.0s

#17 [13/22] COPY configs /tmp/configs/
#17 DONE 0.0s

#18 [14/22] RUN git config --global user.email foo@bar.com
#18 DONE 0.4s

#19 [15/22] RUN git config --global user.name foo@bar.com
#19 DONE 0.4s

#20 [16/22] RUN git clone https://git.kernel.org/pub/scm/network/iproute2/iproute2-next.git /nipa-data/iproute2
#20 0.377 Cloning into '/nipa-data/iproute2'...
#20 DONE 2.3s

#21 [17/22] RUN cd /nipa-data/iproute2 && 	git remote add stable https://git.kernel.org/pub/scm/network/iproute2/iproute2.git && 	git fetch --all && 	git merge stable/main
#21 0.801 Fetching origin
#21 1.124 Fetching stable
#21 1.609 From https://git.kernel.org/pub/scm/network/iproute2/iproute2
#21 1.609  * [new branch]        codeql         -> stable/codeql
#21 1.609  * [new branch]        iproute2-4.1.x -> stable/iproute2-4.1.x
#21 1.609  * [new branch]        main           -> stable/main
#21 1.612 Already up to date.
#21 DONE 1.7s

#22 [18/22] RUN if [ "$(find /tmp/iproute2-patches/ -name *.patch)" ]; then  	cd /nipa-data/iproute2; 	git apply /tmp/iproute2-patches/*.patch;     fi
#22 DONE 0.9s

#23 [19/22] RUN cd /nipa-data/iproute2/ &&     ./configure &&     make
#23 0.745 TC schedulers
#23 0.746  IPT	using xtables
#23 0.774  IPSET  yes
#23 0.794 
#23 0.794 lib directory: /usr/lib
#23 0.795 libc has setns: yes
#23 0.815 libc has name_to_handle_at: yes
#23 0.836 SELinux support: no
#23 0.837 libtirpc support: no
#23 0.838 libbpf support: yes
#23 0.903 	libbpf version 1.4.3
#23 0.903 ELF support: yes
#23 0.904 libmnl support: yes
#23 0.906 Berkeley DB: no
#23 0.916 need for strlcpy: no
#23 0.935 libcap support: yes
#23 0.937 color output: never
#23 0.940 
#23 0.940 lib
#23 0.941     CC       libgenl.o
#23 0.954 In file included from ../include/libgenl.h:5,
#23 0.954                  from libgenl.c:12:
#23 0.954 ../include/libnetlink.h: In function 'rta_getattr_be64':
#23 0.954 ../include/libnetlink.h:280:16: warning: implicit declaration of function 'htobe64' [-Wimplicit-function-declaration]
#23 0.954   280 |         return htobe64(rta_getattr_u64(rta));
#23 0.954       |                ^~~~~~~
#23 0.985     CC       libnetlink.o
#23 1.312     CC       mnl_utils.o
#23 1.325 In file included from mnl_utils.c:12:
#23 1.325 ../include/libnetlink.h: In function 'rta_getattr_be64':
#23 1.325 ../include/libnetlink.h:280:16: warning: implicit declaration of function 'htobe64' [-Wimplicit-function-declaration]
#23 1.325   280 |         return htobe64(rta_getattr_u64(rta));
#23 1.325       |                ^~~~~~~
#23 1.387     AR       libnetlink.a
#23 1.389     CC       utils.o
#23 1.763     CC       utils_math.o
#23 1.804     CC       rt_names.o
#23 1.990     CC       ll_map.o
#23 2.003 In file included from ll_map.c:17:
#23 2.003 ../include/libnetlink.h: In function 'rta_getattr_be64':
#23 2.003 ../include/libnetlink.h:280:16: warning: implicit declaration of function 'htobe64' [-Wimplicit-function-declaration]
#23 2.003   280 |         return htobe64(rta_getattr_u64(rta));
#23 2.003       |                ^~~~~~~
#23 2.079     CC       ll_types.o
#23 2.092 In file included from ll_types.c:20:
#23 2.092 ../include/uapi/linux/sockios.h:42: warning: "SIOCGSTAMP" redefined
#23 2.092    42 | #define SIOCGSTAMP      SIOCGSTAMP_OLD
#23 2.092       | 
#23 2.092 In file included from /usr/include/sys/ioctl.h:10,
#23 2.092                  from ll_types.c:12:
#23 2.092 /usr/include/bits/ioctl.h:111: note: this is the location of the previous definition
#23 2.092   111 | #define SIOCGSTAMP      0x8906
#23 2.092       | 
#23 2.092 ../include/uapi/linux/sockios.h:43: warning: "SIOCGSTAMPNS" redefined
#23 2.092    43 | #define SIOCGSTAMPNS    SIOCGSTAMPNS_OLD
#23 2.092       | 
#23 2.092 /usr/include/bits/ioctl.h:112: note: this is the location of the previous definition
#23 2.092   112 | #define SIOCGSTAMPNS    0x8907
#23 2.092       | 
#23 2.107     CC       ll_proto.o
#23 2.119 In file included from ll_proto.c:21:
#23 2.119 ../include/uapi/linux/sockios.h:42: warning: "SIOCGSTAMP" redefined
#23 2.119    42 | #define SIOCGSTAMP      SIOCGSTAMP_OLD
#23 2.119       | 
#23 2.119 In file included from /usr/include/sys/ioctl.h:10,
#23 2.119                  from ll_proto.c:13:
#23 2.119 /usr/include/bits/ioctl.h:111: note: this is the location of the previous definition
#23 2.119   111 | #define SIOCGSTAMP      0x8906
#23 2.119       | 
#23 2.119 ../include/uapi/linux/sockios.h:43: warning: "SIOCGSTAMPNS" redefined
#23 2.119    43 | #define SIOCGSTAMPNS    SIOCGSTAMPNS_OLD
#23 2.119       | 
#23 2.119 /usr/include/bits/ioctl.h:112: note: this is the location of the previous definition
#23 2.119   112 | #define SIOCGSTAMPNS    0x8907
#23 2.119       | 
#23 2.133     CC       ll_addr.o
#23 2.145 In file included from ll_addr.c:20:
#23 2.145 ../include/uapi/linux/sockios.h:42: warning: "SIOCGSTAMP" redefined
#23 2.145    42 | #define SIOCGSTAMP      SIOCGSTAMP_OLD
#23 2.145       | 
#23 2.145 In file included from /usr/include/sys/ioctl.h:10,
#23 2.145                  from ll_addr.c:12:
#23 2.145 /usr/include/bits/ioctl.h:111: note: this is the location of the previous definition
#23 2.145   111 | #define SIOCGSTAMP      0x8906
#23 2.145       | 
#23 2.145 ../include/uapi/linux/sockios.h:43: warning: "SIOCGSTAMPNS" redefined
#23 2.145    43 | #define SIOCGSTAMPNS    SIOCGSTAMPNS_OLD
#23 2.145       | 
#23 2.145 /usr/include/bits/ioctl.h:112: note: this is the location of the previous definition
#23 2.145   112 | #define SIOCGSTAMPNS    0x8907
#23 2.145       | 
#23 2.173     CC       inet_proto.o
#23 2.202     CC       namespace.o
#23 2.256     CC       json_writer.o
#23 2.334     CC       json_print.o
#23 2.452     CC       json_print_math.o
#23 2.482     CC       names.o
#23 2.526     CC       color.o
#23 2.565     CC       bpf_legacy.o
#23 2.954     CC       bpf_glue.o
#23 2.993     CC       exec.o
#23 3.022     CC       fs.o
#23 3.092     CC       cg_map.o
#23 3.125     CC       ppp_proto.o
#23 3.147     CC       bpf_libbpf.o
#23 3.220     CC       selinux.o
#23 3.238     CC       ax25_ntop.o
#23 3.270     CC       rose_ntop.o
#23 3.283 In file included from rose_ntop.c:16:
#23 3.283 ../include/uapi/linux/sockios.h:42: warning: "SIOCGSTAMP" redefined
#23 3.283    42 | #define SIOCGSTAMP      SIOCGSTAMP_OLD
#23 3.283       | 
#23 3.283 In file included from /usr/include/sys/ioctl.h:10,
#23 3.283                  from rose_ntop.c:7:
#23 3.283 /usr/include/bits/ioctl.h:111: note: this is the location of the previous definition
#23 3.283   111 | #define SIOCGSTAMP      0x8906
#23 3.283       | 
#23 3.283 ../include/uapi/linux/sockios.h:43: warning: "SIOCGSTAMPNS" redefined
#23 3.283    43 | #define SIOCGSTAMPNS    SIOCGSTAMPNS_OLD
#23 3.283       | 
#23 3.283 /usr/include/bits/ioctl.h:112: note: this is the location of the previous definition
#23 3.283   112 | #define SIOCGSTAMPNS    0x8907
#23 3.283       | 
#23 3.298     CC       mpls_ntop.o
#23 3.325     CC       mpls_pton.o
#23 3.352     CC       netrom_ntop.o
#23 3.373     AR       libutil.a
#23 3.378 
#23 3.378 ip
#23 3.380     CC       ip.o
#23 3.458     CC       ipaddress.o
#23 3.472 In file included from ipaddress.c:26:
#23 3.472 ../include/uapi/linux/sockios.h:42: warning: "SIOCGSTAMP" redefined
#23 3.472    42 | #define SIOCGSTAMP      SIOCGSTAMP_OLD
#23 3.472       | 
#23 3.472 In file included from /usr/include/sys/ioctl.h:10,
#23 3.472                  from ipaddress.c:14:
#23 3.472 /usr/include/bits/ioctl.h:111: note: this is the location of the previous definition
#23 3.472   111 | #define SIOCGSTAMP      0x8906
#23 3.472       | 
#23 3.472 ../include/uapi/linux/sockios.h:43: warning: "SIOCGSTAMPNS" redefined
#23 3.472    43 | #define SIOCGSTAMPNS    SIOCGSTAMPNS_OLD
#23 3.472       | 
#23 3.472 /usr/include/bits/ioctl.h:112: note: this is the location of the previous definition
#23 3.472   112 | #define SIOCGSTAMPNS    0x8907
#23 3.472       | 
#23 3.947     CC       ipaddrlabel.o
#23 4.004     CC       iproute.o
#23 4.504     CC       iprule.o
#23 4.693     CC       ipnetns.o
#23 4.875     CC       rtm_map.o
#23 4.910     CC       iptunnel.o
#23 4.922 In file included from ../include/uapi/linux/if_tunnel.h:6,
#23 4.922                  from iptunnel.c:19:
#23 4.922 ../include/uapi/linux/if.h:134: warning: "IFF_VOLATILE" redefined
#23 4.922   134 | #define IFF_VOLATILE    (IFF_LOOPBACK|IFF_POINTOPOINT|IFF_BROADCAST|IFF_ECHO|\
#23 4.922       | 
#23 4.922 In file included from iptunnel.c:16:
#23 4.922 /usr/include/net/if.h:48: note: this is the location of the previous definition
#23 4.922    48 | #define IFF_VOLATILE (IFF_LOOPBACK|IFF_POINTOPOINT|IFF_BROADCAST| \
#23 4.922       | 
#23 5.051     CC       ip6tunnel.o
#23 5.157     CC       tunnel.o
#23 5.245     CC       ipneigh.o
#23 5.391     CC       ipntable.o
#23 5.493     CC       iplink.o
#23 5.794     CC       ipmaddr.o
#23 5.807 In file included from ipmaddr.c:21:
#23 5.807 ../include/uapi/linux/sockios.h:42: warning: "SIOCGSTAMP" redefined
#23 5.807    42 | #define SIOCGSTAMP      SIOCGSTAMP_OLD
#23 5.807       | 
#23 5.807 In file included from /usr/include/sys/ioctl.h:10,
#23 5.807                  from ipmaddr.c:12:
#23 5.807 /usr/include/bits/ioctl.h:111: note: this is the location of the previous definition
#23 5.807   111 | #define SIOCGSTAMP      0x8906
#23 5.807       | 
#23 5.807 ../include/uapi/linux/sockios.h:43: warning: "SIOCGSTAMPNS" redefined
#23 5.807    43 | #define SIOCGSTAMPNS    SIOCGSTAMPNS_OLD
#23 5.807       | 
#23 5.807 /usr/include/bits/ioctl.h:112: note: this is the location of the previous definition
#23 5.807   112 | #define SIOCGSTAMPNS    0x8907
#23 5.807       | 
#23 5.884     CC       ipmonitor.o
#23 5.967     CC       ipmroute.o
#23 5.979 In file included from ipmroute.c:22:
#23 5.979 ../include/uapi/linux/sockios.h:42: warning: "SIOCGSTAMP" redefined
#23 5.979    42 | #define SIOCGSTAMP      SIOCGSTAMP_OLD
#23 5.979       | 
#23 5.979 In file included from /usr/include/sys/ioctl.h:10,
#23 5.979                  from ipmroute.c:13:
#23 5.979 /usr/include/bits/ioctl.h:111: note: this is the location of the previous definition
#23 5.979   111 | #define SIOCGSTAMP      0x8906
#23 5.979       | 
#23 5.979 ../include/uapi/linux/sockios.h:43: warning: "SIOCGSTAMPNS" redefined
#23 5.979    43 | #define SIOCGSTAMPNS    SIOCGSTAMPNS_OLD
#23 5.979       | 
#23 5.979 /usr/include/bits/ioctl.h:112: note: this is the location of the previous definition
#23 5.979   112 | #define SIOCGSTAMPNS    0x8907
#23 5.979       | 
#23 6.041     CC       ipprefix.o
#23 6.071     CC       iptuntap.o
#23 6.191     CC       iptoken.o
#23 6.244     CC       ipxfrm.o
#23 6.588     CC       xfrm_state.o
#23 6.862     CC       xfrm_policy.o
#23 7.115     CC       xfrm_monitor.o
#23 7.196     CC       iplink_dummy.o
#23 7.225     CC       iplink_ifb.o
#23 7.247     CC       iplink_nlmon.o
#23 7.268     CC       iplink_team.o
#23 7.292     CC       iplink_vcan.o
#23 7.321     CC       iplink_vxcan.o
#23 7.349     CC       iplink_vlan.o
#23 7.421     CC       link_veth.o
#23 7.449     CC       link_gre.o
#23 7.459 In file included from ../include/uapi/linux/if_tunnel.h:6,
#23 7.459                  from link_gre.c:15:
#23 7.459 ../include/uapi/linux/if.h:134: warning: "IFF_VOLATILE" redefined
#23 7.459   134 | #define IFF_VOLATILE    (IFF_LOOPBACK|IFF_POINTOPOINT|IFF_BROADCAST|IFF_ECHO|\
#23 7.459       | 
#23 7.459 In file included from link_gre.c:9:
#23 7.459 /usr/include/net/if.h:48: note: this is the location of the previous definition
#23 7.459    48 | #define IFF_VOLATILE (IFF_LOOPBACK|IFF_POINTOPOINT|IFF_BROADCAST| \
#23 7.459       | 
#23 7.567     CC       iplink_can.o
#23 7.725     CC       iplink_xdp.o
#23 7.782     CC       iplink_macvlan.o
#23 7.849     CC       ipl2tp.o
#23 8.004     CC       link_vti.o
#23 8.017 In file included from ../include/uapi/linux/if_tunnel.h:6,
#23 8.017                  from link_vti.c:16:
#23 8.017 ../include/uapi/linux/if.h:134: warning: "IFF_VOLATILE" redefined
#23 8.017   134 | #define IFF_VOLATILE    (IFF_LOOPBACK|IFF_POINTOPOINT|IFF_BROADCAST|IFF_ECHO|\
#23 8.017       | 
#23 8.017 In file included from link_vti.c:10:
#23 8.017 /usr/include/net/if.h:48: note: this is the location of the previous definition
#23 8.017    48 | #define IFF_VOLATILE (IFF_LOOPBACK|IFF_POINTOPOINT|IFF_BROADCAST| \
#23 8.017       | 
#23 8.065     CC       link_vti6.o
#23 8.080 In file included from ../include/uapi/linux/if_tunnel.h:6,
#23 8.080                  from link_vti6.c:17:
#23 8.080 ../include/uapi/linux/if.h:134: warning: "IFF_VOLATILE" redefined
#23 8.080   134 | #define IFF_VOLATILE    (IFF_LOOPBACK|IFF_POINTOPOINT|IFF_BROADCAST|IFF_ECHO|\
#23 8.080       | 
#23 8.080 In file included from link_vti6.c:11:
#23 8.080 /usr/include/net/if.h:48: note: this is the location of the previous definition
#23 8.080    48 | #define IFF_VOLATILE (IFF_LOOPBACK|IFF_POINTOPOINT|IFF_BROADCAST| \
#23 8.080       | 
#23 8.139     CC       link_xfrm.o
#23 8.175     CC       iplink_vxlan.o
#23 8.326     CC       tcp_metrics.o
#23 8.428     CC       iplink_ipoib.o
#23 8.475     CC       ipnetconf.o
#23 8.533     CC       link_ip6tnl.o
#23 8.543 In file included from ../include/uapi/linux/if_tunnel.h:6,
#23 8.543                  from link_ip6tnl.c:15:
#23 8.543 ../include/uapi/linux/if.h:134: warning: "IFF_VOLATILE" redefined
#23 8.543   134 | #define IFF_VOLATILE    (IFF_LOOPBACK|IFF_POINTOPOINT|IFF_BROADCAST|IFF_ECHO|\
#23 8.543       | 
#23 8.543 In file included from link_ip6tnl.c:9:
#23 8.543 /usr/include/net/if.h:48: note: this is the location of the previous definition
#23 8.543    48 | #define IFF_VOLATILE (IFF_LOOPBACK|IFF_POINTOPOINT|IFF_BROADCAST| \
#23 8.543       | 
#23 8.630     CC       link_iptnl.o
#23 8.642 In file included from ../include/uapi/linux/if_tunnel.h:6,
#23 8.642                  from link_iptnl.c:16:
#23 8.642 ../include/uapi/linux/if.h:134: warning: "IFF_VOLATILE" redefined
#23 8.642   134 | #define IFF_VOLATILE    (IFF_LOOPBACK|IFF_POINTOPOINT|IFF_BROADCAST|IFF_ECHO|\
#23 8.642       | 
#23 8.642 In file included from link_iptnl.c:9:
#23 8.642 /usr/include/net/if.h:48: note: this is the location of the previous definition
#23 8.642    48 | #define IFF_VOLATILE (IFF_LOOPBACK|IFF_POINTOPOINT|IFF_BROADCAST| \
#23 8.642       | 
#23 8.732     CC       link_gre6.o
#23 8.743 In file included from ../include/uapi/linux/if_tunnel.h:6,
#23 8.743                  from link_gre6.c:15:
#23 8.743 ../include/uapi/linux/if.h:134: warning: "IFF_VOLATILE" redefined
#23 8.743   134 | #define IFF_VOLATILE    (IFF_LOOPBACK|IFF_POINTOPOINT|IFF_BROADCAST|IFF_ECHO|\
#23 8.743       | 
#23 8.743 In file included from link_gre6.c:9:
#23 8.743 /usr/include/net/if.h:48: note: this is the location of the previous definition
#23 8.743    48 | #define IFF_VOLATILE (IFF_LOOPBACK|IFF_POINTOPOINT|IFF_BROADCAST| \
#23 8.743       | 
#23 8.865     CC       iplink_bond.o
#23 9.053     CC       iplink_bond_slave.o
#23 9.104     CC       iplink_hsr.o
#23 9.152     CC       iplink_bridge.o
#23 9.308     CC       iplink_bridge_slave.o
#23 9.406     CC       iplink_dsa.o
#23 9.439     CC       ipfou.o
#23 9.452 In file included from ../include/libgenl.h:5,
#23 9.452                  from ipfou.c:18:
#23 9.452 ../include/libnetlink.h: In function 'rta_getattr_be64':
#23 9.452 ../include/libnetlink.h:280:16: warning: implicit declaration of function 'htobe64' [-Wimplicit-function-declaration]
#23 9.452   280 |         return htobe64(rta_getattr_u64(rta));
#23 9.452       |                ^~~~~~~
#23 9.520     CC       iplink_ipvlan.o
#23 9.560     CC       iplink_geneve.o
#23 9.663     CC       iplink_vrf.o
#23 9.711     CC       iproute_lwtunnel.o
#23 10.11     CC       ipmacsec.o
#23 10.37     CC       ipila.o
#23 10.39 In file included from ../include/libgenl.h:5,
#23 10.39                  from ipila.c:18:
#23 10.39 ../include/libnetlink.h: In function 'rta_getattr_be64':
#23 10.39 ../include/libnetlink.h:280:16: warning: implicit declaration of function 'htobe64' [-Wimplicit-function-declaration]
#23 10.39   280 |         return htobe64(rta_getattr_u64(rta));
#23 10.39       |                ^~~~~~~
#23 10.45     CC       ipvrf.o
#23 10.56     CC       iplink_xstats.o
#23 10.59     CC       ipseg6.o
#23 10.64     CC       iplink_netdevsim.o
#23 10.66     CC       iplink_rmnet.o
#23 10.70     CC       ipnexthop.o
#23 10.97     CC       ipmptcp.o
#23 11.10     CC       iplink_bareudp.o
#23 11.11 In file included from iplink_bareudp.c:9:
#23 11.11 ../include/libnetlink.h: In function 'rta_getattr_be64':
#23 11.11 ../include/libnetlink.h:280:16: warning: implicit declaration of function 'htobe64' [-Wimplicit-function-declaration]
#23 11.11   280 |         return htobe64(rta_getattr_u64(rta));
#23 11.11       |                ^~~~~~~
#23 11.14     CC       iplink_wwan.o
#23 11.17     CC       ipioam6.o
#23 11.25     CC       iplink_amt.o
#23 11.31     CC       iplink_batadv.o
#23 11.34     CC       iplink_gtp.o
#23 11.38     CC       iplink_virt_wifi.o
#23 11.41     CC       iplink_netkit.o
#23 11.45     CC       ipstats.o
#23 11.66     LINK     ip
#23 11.69     CC       rtmon.o
#23 11.75     LINK     rtmon
#23 11.76 
#23 11.76 tc
#23 11.76     CC       tc.o
#23 11.86     CC       tc_qdisc.o
#23 11.99     CC       tc_class.o
#23 12.11     CC       tc_filter.o
#23 12.28     CC       tc_util.o
#23 12.48     CC       tc_monitor.o
#23 12.52     CC       tc_exec.o
#23 12.56     CC       m_police.o
#23 12.66     CC       m_estimator.o
#23 12.69     CC       m_action.o
#23 12.83     CC       m_ematch.o
#23 12.96     YACC     emp_ematch.tab.c
#23 13.02     CC       emp_ematch.tab.o
#23 13.13     LEX      emp_ematch.lex.c
#23 13.14     CC       emp_ematch.lex.o
#23 13.32     CC       q_fifo.o
#23 13.35     CC       q_sfq.o
#23 13.44     CC       q_red.o
#23 13.50     CC       q_prio.o
#23 13.56     CC       q_skbprio.o
#23 13.60     CC       q_tbf.o
#23 13.70     CC       q_multiq.o
#23 13.73     CC       q_netem.o
#23 13.96     CC       q_choke.o
#23 14.02     CC       q_sfb.o
#23 14.09     CC       f_u32.o
#23 14.37     CC       f_route.o
#23 14.42     CC       f_fw.o
#23 14.48     CC       f_basic.o
#23 14.52     CC       f_bpf.o
#23 14.59     CC       f_flow.o
#23 14.67     CC       f_cgroup.o
#23 14.71     CC       f_flower.o
#23 14.72 In file included from ../include/uapi/linux/netdevice.h:29,
#23 14.72                  from ../include/uapi/linux/if_arp.h:27,
#23 14.72                  from f_flower.c:14:
#23 14.72 ../include/uapi/linux/if.h:134: warning: "IFF_VOLATILE" redefined
#23 14.72   134 | #define IFF_VOLATILE    (IFF_LOOPBACK|IFF_POINTOPOINT|IFF_BROADCAST|IFF_ECHO|\
#23 14.72       | 
#23 14.72 In file included from f_flower.c:12:
#23 14.72 /usr/include/net/if.h:48: note: this is the location of the previous definition
#23 14.72    48 | #define IFF_VOLATILE (IFF_LOOPBACK|IFF_POINTOPOINT|IFF_BROADCAST| \
#23 14.72       | 
#23 15.24     CC       q_gred.o
#23 15.34     CC       q_ingress.o
#23 15.37     CC       q_hfsc.o
#23 15.46     CC       q_htb.o
#23 15.55     CC       q_drr.o
#23 15.59     CC       q_qfq.o
#23 15.63     CC       m_gact.o
#23 15.68     CC       m_mirred.o
#23 15.75     CC       m_mpls.o
#23 15.82     CC       m_nat.o
#23 15.88     CC       m_pedit.o
#23 16.02     CC       m_ife.o
#23 16.10     CC       m_skbedit.o
#23 16.17     CC       m_skbmod.o
#23 16.24     CC       m_csum.o
#23 16.30     CC       m_simple.o
#23 16.35     CC       m_vlan.o
#23 16.41     CC       m_connmark.o
#23 16.45     CC       m_ctinfo.o
#23 16.51     CC       m_bpf.o
#23 16.57     CC       m_tunnel_key.o
#23 16.69     CC       m_sample.o
#23 16.74     CC       m_ct.o
#23 16.86     CC       m_gate.o
#23 16.96     CC       p_ip.o
#23 17.02     CC       p_ip6.o
#23 17.05     CC       p_icmp.o
#23 17.07     CC       p_eth.o
#23 17.11     CC       p_tcp.o
#23 17.14     CC       p_udp.o
#23 17.18     CC       em_nbyte.o
#23 17.22     CC       em_cmp.o
#23 17.28     CC       em_u32.o
#23 17.32     CC       em_canid.o
#23 17.37     CC       em_meta.o
#23 17.48     CC       q_mqprio.o
#23 17.58     CC       q_codel.o
#23 17.64     CC       q_fq_codel.o
#23 17.71     CC       q_fq.o
#23 17.83     CC       q_pie.o
#23 17.89     CC       q_fq_pie.o
#23 17.95     CC       q_cake.o
#23 18.13     CC       q_hhf.o
#23 18.18     CC       q_clsact.o
#23 18.21     CC       e_bpf.o
#23 18.27     CC       f_matchall.o
#23 18.31     CC       q_cbs.o
#23 18.36     CC       q_etf.o
#23 18.41     CC       q_taprio.o
#23 18.52     CC       q_plug.o
#23 18.55     CC       q_ets.o
#23 18.63     CC       em_ipt.o
#23 18.65 In file included from tc_util.h:7,
#23 18.65                  from m_ematch.h:11,
#23 18.65                  from em_ipt.c:13:
#23 18.65 ../include/uapi/linux/if.h:134: warning: "IFF_VOLATILE" redefined
#23 18.65   134 | #define IFF_VOLATILE    (IFF_LOOPBACK|IFF_POINTOPOINT|IFF_BROADCAST|IFF_ECHO|\
#23 18.65       | 
#23 18.65 In file included from ../include/xtables.h:17,
#23 18.65                  from em_ipt.c:12:
#23 18.65 /usr/include/net/if.h:48: note: this is the location of the previous definition
#23 18.65    48 | #define IFF_VOLATILE (IFF_LOOPBACK|IFF_POINTOPOINT|IFF_BROADCAST| \
#23 18.65       | 
#23 18.68     CC       em_ipset.o
#23 18.70 In file included from tc_util.h:7,
#23 18.70                  from m_ematch.h:11,
#23 18.70                  from em_ipset.c:39:
#23 18.70 ../include/uapi/linux/if.h:134: warning: "IFF_VOLATILE" redefined
#23 18.70   134 | #define IFF_VOLATILE    (IFF_LOOPBACK|IFF_POINTOPOINT|IFF_BROADCAST|IFF_ECHO|\
#23 18.70       | 
#23 18.70 In file included from ../include/xtables.h:17,
#23 18.70                  from em_ipset.c:23:
#23 18.70 /usr/include/net/if.h:48: note: this is the location of the previous definition
#23 18.70    48 | #define IFF_VOLATILE (IFF_LOOPBACK|IFF_POINTOPOINT|IFF_BROADCAST| \
#23 18.70       | 
#23 18.73     CC       tc_core.o
#23 18.80     CC       tc_red.o
#23 18.85     CC       tc_estimator.o
#23 18.88     CC       tc_stab.o
#23 18.93     CC       tc_qevent.o
#23 18.94 In file included from tc_qevent.h:7,
#23 18.94                  from tc_qevent.c:10:
#23 18.94 ../include/libnetlink.h: In function 'rta_getattr_be64':
#23 18.94 ../include/libnetlink.h:280:16: warning: implicit declaration of function 'htobe64' [-Wimplicit-function-declaration]
#23 18.94   280 |         return htobe64(rta_getattr_u64(rta));
#23 18.94       |                ^~~~~~~
#23 18.99     AR       libtc.a
#23 18.99     LINK     tc
#23 19.02 rm emp_ematch.lex.c
#23 19.02 
#23 19.02 bridge
#23 19.03     CC       bridge.o
#23 19.07     CC       fdb.o
#23 19.09 In file included from fdb.c:28:
#23 19.09 ../include/libnetlink.h: In function 'rta_getattr_be64':
#23 19.09 ../include/libnetlink.h:280:16: warning: implicit declaration of function 'htobe64' [-Wimplicit-function-declaration]
#23 19.09   280 |         return htobe64(rta_getattr_u64(rta));
#23 19.09       |                ^~~~~~~
#23 19.25     CC       monitor.o
#23 19.29     CC       link.o
#23 19.31 In file included from link.c:16:
#23 19.31 ../include/libnetlink.h: In function 'rta_getattr_be64':
#23 19.31 ../include/libnetlink.h:280:16: warning: implicit declaration of function 'htobe64' [-Wimplicit-function-declaration]
#23 19.31   280 |         return htobe64(rta_getattr_u64(rta));
#23 19.31       |                ^~~~~~~
#23 19.45     CC       mdb.o
#23 19.46 In file included from mdb.c:20:
#23 19.46 ../include/libnetlink.h: In function 'rta_getattr_be64':
#23 19.46 ../include/libnetlink.h:280:16: warning: implicit declaration of function 'htobe64' [-Wimplicit-function-declaration]
#23 19.46   280 |         return htobe64(rta_getattr_u64(rta));
#23 19.46       |                ^~~~~~~
#23 19.64     CC       vlan.o
#23 19.66 In file included from vlan.c:16:
#23 19.66 ../include/libnetlink.h: In function 'rta_getattr_be64':
#23 19.66 ../include/libnetlink.h:280:16: warning: implicit declaration of function 'htobe64' [-Wimplicit-function-declaration]
#23 19.66   280 |         return htobe64(rta_getattr_u64(rta));
#23 19.66       |                ^~~~~~~
#23 19.87     CC       vni.o
#23 19.89 In file included from vni.c:21:
#23 19.89 ../include/libnetlink.h: In function 'rta_getattr_be64':
#23 19.89 ../include/libnetlink.h:280:16: warning: implicit declaration of function 'htobe64' [-Wimplicit-function-declaration]
#23 19.89   280 |         return htobe64(rta_getattr_u64(rta));
#23 19.89       |                ^~~~~~~
#23 19.96     LINK     bridge
#23 19.97 
#23 19.97 misc
#23 19.97     CC       ss.o
#23 19.99 In file included from ../include/uapi/linux/tipc.h:42,
#23 19.99                  from ss.c:49:
#23 19.99 ../include/uapi/linux/sockios.h:42: warning: "SIOCGSTAMP" redefined
#23 19.99    42 | #define SIOCGSTAMP      SIOCGSTAMP_OLD
#23 19.99       | 
#23 19.99 In file included from /usr/include/sys/ioctl.h:10,
#23 19.99                  from ss.c:12:
#23 19.99 /usr/include/bits/ioctl.h:111: note: this is the location of the previous definition
#23 19.99   111 | #define SIOCGSTAMP      0x8906
#23 19.99       | 
#23 19.99 ../include/uapi/linux/sockios.h:43: warning: "SIOCGSTAMPNS" redefined
#23 19.99    43 | #define SIOCGSTAMPNS    SIOCGSTAMPNS_OLD
#23 19.99       | 
#23 19.99 /usr/include/bits/ioctl.h:112: note: this is the location of the previous definition
#23 19.99   112 | #define SIOCGSTAMPNS    0x8907
#23 19.99       | 
#23 20.85     CC       ssfilter_check.o
#23 20.86 In file included from ssfilter_check.c:6:
#23 20.86 ../include/libnetlink.h: In function 'rta_getattr_be64':
#23 20.86 ../include/libnetlink.h:280:16: warning: implicit declaration of function 'htobe64' [-Wimplicit-function-declaration]
#23 20.86   280 |         return htobe64(rta_getattr_u64(rta));
#23 20.86       |                ^~~~~~~
#23 20.88     YACC     ssfilter.tab.c
#23 20.94     CC       ssfilter.tab.o
#23 21.04     LINK     ss
#23 21.06     CC       nstat
#23 21.21     CC       ifstat
#23 21.22 In file included from ifstat.c:30:
#23 21.22 ../include/libnetlink.h: In function 'rta_getattr_be64':
#23 21.22 ../include/libnetlink.h:280:16: warning: implicit declaration of function 'htobe64' [-Wimplicit-function-declaration]
#23 21.22   280 |         return htobe64(rta_getattr_u64(rta));
#23 21.22       |                ^~~~~~~
#23 21.38     CC       rtacct
#23 21.51     CC       lnstat.o
#23 21.57     CC       lnstat_util.o
#23 21.63     LINK     lnstat
#23 21.64 
#23 21.64 netem
#23 21.65 gcc  -I../include -o maketable maketable.c -lm
#23 21.68 gcc  -I../include -o normal normal.c -lm
#23 21.71 gcc  -I../include -o pareto pareto.c -lm
#23 21.73 gcc  -I../include -o paretonormal paretonormal.c -lm
#23 21.76 ./normal > normal.dist
#23 21.77 ./pareto > pareto.dist
#23 21.77 ./paretonormal > paretonormal.dist
#23 21.78 ./maketable experimental.dat > experimental.dist
#23 21.78 
#23 21.78 genl
#23 21.78     CC       genl.o
#23 21.82     CC       ctrl.o
#23 21.89     LINK     genl
#23 21.91 
#23 21.91 man
#23 21.91 make[2]: Nothing to be done for 'all'.
#23 21.91 make[2]: Nothing to be done for 'all'.
#23 21.91 sed \
#23 21.91 	-e "s|@NETNS_ETC_DIR@|/etc/netns|g" \
#23 21.91 	-e "s|@NETNS_RUN_DIR@|/var/run/netns|g" \
#23 21.91 	-e "s|@SYSCONF_ETC_DIR@|/etc/iproute2|g" \
#23 21.91 	-e "s|@SYSCONF_USR_DIR@|/usr/share/iproute2|g" \
#23 21.91 	ip-address.8.in > ip-address.8
#23 21.91 sed \
#23 21.91 	-e "s|@NETNS_ETC_DIR@|/etc/netns|g" \
#23 21.91 	-e "s|@NETNS_RUN_DIR@|/var/run/netns|g" \
#23 21.91 	-e "s|@SYSCONF_ETC_DIR@|/etc/iproute2|g" \
#23 21.91 	-e "s|@SYSCONF_USR_DIR@|/usr/share/iproute2|g" \
#23 21.91 	ip-link.8.in > ip-link.8
#23 21.92 sed \
#23 21.92 	-e "s|@NETNS_ETC_DIR@|/etc/netns|g" \
#23 21.92 	-e "s|@NETNS_RUN_DIR@|/var/run/netns|g" \
#23 21.92 	-e "s|@SYSCONF_ETC_DIR@|/etc/iproute2|g" \
#23 21.92 	-e "s|@SYSCONF_USR_DIR@|/usr/share/iproute2|g" \
#23 21.92 	ip-netns.8.in > ip-netns.8
#23 21.92 sed \
#23 21.92 	-e "s|@NETNS_ETC_DIR@|/etc/netns|g" \
#23 21.92 	-e "s|@NETNS_RUN_DIR@|/var/run/netns|g" \
#23 21.92 	-e "s|@SYSCONF_ETC_DIR@|/etc/iproute2|g" \
#23 21.92 	-e "s|@SYSCONF_USR_DIR@|/usr/share/iproute2|g" \
#23 21.92 	ip-route.8.in > ip-route.8
#23 21.92 
#23 21.92 tipc
#23 21.92     CC       bearer.o
#23 22.10     CC       cmdl.o
#23 22.14     CC       link.o
#23 22.35     CC       media.o
#23 22.40     CC       misc.o
#23 22.46     CC       msg.o
#23 22.48     CC       nametable.o
#23 22.52     CC       node.o
#23 22.61     CC       socket.o
#23 22.64     CC       peer.o
#23 22.68     CC       tipc.o
#23 22.71     LINK     tipc
#23 22.73 
#23 22.73 devlink
#23 22.73     CC       devlink.o
#23 24.40     CC       mnlg.o
#23 24.42 In file included from mnlg.c:16:
#23 24.42 ../include/libnetlink.h: In function 'rta_getattr_be64':
#23 24.42 ../include/libnetlink.h:280:16: warning: implicit declaration of function 'htobe64' [-Wimplicit-function-declaration]
#23 24.42   280 |         return htobe64(rta_getattr_u64(rta));
#23 24.42       |                ^~~~~~~
#23 24.45     LINK     devlink
#23 24.46 
#23 24.46 rdma
#23 24.46     CC       rdma.o
#23 24.48 rdma.c: In function 'main':
#23 24.48 rdma.c:110:20: warning: implicit declaration of function 'basename'; did you mean 'rename'? [-Wimplicit-function-declaration]
#23 24.48   110 |         filename = basename(argv[0]);
#23 24.48       |                    ^~~~~~~~
#23 24.48       |                    rename
#23 24.48 rdma.c:110:18: warning: assignment to 'char *' from 'int' makes pointer from integer without a cast [-Wint-conversion]
#23 24.48   110 |         filename = basename(argv[0]);
#23 24.48       |                  ^
#23 24.51     CC       utils.o
#23 24.68     CC       dev.o
#23 24.76     CC       link.o
#23 24.83     CC       res.o
#23 24.94     CC       res-pd.o
#23 24.98     CC       res-mr.o
#23 25.03     CC       res-cq.o
#23 25.09     CC       res-cmid.o
#23 25.14     CC       res-qp.o
#23 25.20     CC       sys.o
#23 25.25     CC       stat.o
#23 25.46     CC       stat-mr.o
#23 25.49     CC       res-ctx.o
#23 25.53     CC       res-srq.o
#23 25.60     LINK     rdma
#23 25.61 
#23 25.61 dcb
#23 25.62     CC       dcb.o
#23 25.63 In file included from ../include/namespace.h:10,
#23 25.63                  from dcb.c:11:
#23 25.63 ../include/libnetlink.h: In function 'rta_getattr_be64':
#23 25.63 ../include/libnetlink.h:280:16: warning: implicit declaration of function 'htobe64' [-Wimplicit-function-declaration]
#23 25.63   280 |         return htobe64(rta_getattr_u64(rta));
#23 25.63       |                ^~~~~~~
#23 25.73     CC       dcb_app.o
#23 25.91     CC       dcb_buffer.o
#23 25.97     CC       dcb_dcbx.o
#23 26.02     CC       dcb_ets.o
#23 26.10     CC       dcb_maxrate.o
#23 26.15     CC       dcb_pfc.o
#23 26.21     CC       dcb_apptrust.o
#23 26.27     CC       dcb_rewr.o
#23 26.34     LINK     dcb
#23 26.36 
#23 26.36 vdpa
#23 26.36     CC       vdpa.o
#23 26.52     LINK     vdpa
#23 DONE 26.6s

#24 [20/22] RUN git clone --no-single-branch --depth=1 https://github.com/linux-netdev/testing.git /nipa-data/kernel
#24 0.376 Cloning into '/nipa-data/kernel'...
#24 24.59 Updating files:  16% (13763/83283)Updating files:  17% (14159/83283)Updating files:  18% (14991/83283)Updating files:  19% (15824/83283)Updating files:  20% (16657/83283)Updating files:  21% (17490/83283)Updating files:  22% (18323/83283)Updating files:  23% (19156/83283)Updating files:  24% (19988/83283)Updating files:  25% (20821/83283)Updating files:  26% (21654/83283)Updating files:  27% (22487/83283)Updating files:  28% (23320/83283)Updating files:  29% (24153/83283)Updating files:  30% (24985/83283)Updating files:  31% (25818/83283)Updating files:  32% (26651/83283)Updating files:  32% (27316/83283)Updating files:  33% (27484/83283)Updating files:  34% (28317/83283)Updating files:  35% (29150/83283)Updating files:  36% (29982/83283)Updating files:  37% (30815/83283)Updating files:  38% (31648/83283)Updating files:  39% (32481/83283)Updating files:  40% (33314/83283)Updating files:  40% (33565/83283)Updating files:  41% (34147/83283)Updating files:  42% (34979/83283)Updating files:  43% (35812/83283)Updating files:  44% (36645/83283)Updating files:  45% (37478/83283)Updating files:  46% (38311/83283)Updating files:  47% (39144/83283)Updating files:  48% (39976/83283)Updating files:  49% (40809/83283)Updating files:  50% (41642/83283)Updating files:  50% (42385/83283)Updating files:  51% (42475/83283)Updating files:  52% (43308/83283)Updating files:  53% (44140/83283)Updating files:  54% (44973/83283)Updating files:  55% (45806/83283)Updating files:  56% (46639/83283)Updating files:  57% (47472/83283)Updating files:  58% (48305/83283)Updating files:  59% (49137/83283)Updating files:  60% (49970/83283)Updating files:  61% (50803/83283)Updating files:  62% (51636/83283)Updating files:  63% (52469/83283)Updating files:  64% (53302/83283)Updating files:  64% (53949/83283)Updating files:  65% (54134/83283)Updating files:  66% (54967/83283)Updating files:  67% (55800/83283)Updating files:  68% (56633/83283)Updating files:  69% (57466/83283)Updating files:  70% (58299/83283)Updating files:  71% (59131/83283)Updating files:  72% (59964/83283)Updating files:  73% (60797/83283)Updating files:  74% (61630/83283)Updating files:  75% (62463/83283)Updating files:  76% (63296/83283)Updating files:  77% (64128/83283)Updating files:  78% (64961/83283)Updating files:  79% (65794/83283)Updating files:  80% (66627/83283)Updating files:  81% (67460/83283)Updating files:  82% (68293/83283)Updating files:  83% (69125/83283)Updating files:  83% (69466/83283)Updating files:  84% (69958/83283)Updating files:  85% (70791/83283)Updating files:  86% (71624/83283)Updating files:  87% (72457/83283)Updating files:  88% (73290/83283)Updating files:  89% (74122/83283)Updating files:  90% (74955/83283)Updating files:  91% (75788/83283)Updating files:  92% (76621/83283)Updating files:  93% (77454/83283)Updating files:  94% (78287/83283)Updating files:  95% (79119/83283)Updating files:  96% (79952/83283)Updating files:  97% (80785/83283)Updating files:  98% (81618/83283)Updating files:  99% (82451/83283)Updating files: 100% (83283/83283)Updating files: 100% (83283/83283), done.
#24 DONE 32.2s

#25 [21/22] RUN git clone --depth=1 -b main https://github.com/p4tc-dev/new-nipa.git nipa
#25 0.374 Cloning into 'nipa'...
#25 DONE 0.7s

#26 [22/22] COPY entrypoint.sh /entrypoint.sh
#26 DONE 0.0s

#27 exporting to image
#27 exporting layers
#27 exporting layers 6.9s done
#27 writing image sha256:e1ed7ca72e1243ae08efcbd0646de2cfc073ce3b54d56f475add70887723a030 done
#27 naming to docker.io/library/nipa-executor done
#27 DONE 6.9s
NIPA version: 1b9c21a (ui: set canvas background color to stand out, 2024-03-28)
INFO: Last run date: 2024-06-05 09:00:15.057557+00:00
Testing  {'branch': 'net-next-2024-06-05--12-00', 'date': '2024-06-05T12:00:06.212358+00:00', 'base': '9cfcb5e0198172974cc73cd80709a7b11474147b', 'url': 'https://github.com/linux-netdev/testing.git net-next-2024-06-05--12-00'}
Updating files:  35% (7685/21788)Updating files:  36% (7844/21788)Updating files:  37% (8062/21788)Updating files:  38% (8280/21788)Updating files:  39% (8498/21788)Updating files:  40% (8716/21788)Updating files:  41% (8934/21788)Updating files:  42% (9151/21788)Updating files:  43% (9369/21788)Updating files:  44% (9587/21788)Updating files:  45% (9805/21788)Updating files:  46% (10023/21788)Updating files:  47% (10241/21788)Updating files:  48% (10459/21788)Updating files:  49% (10677/21788)Updating files:  50% (10894/21788)Updating files:  51% (11112/21788)Updating files:  52% (11330/21788)Updating files:  53% (11548/21788)Updating files:  54% (11766/21788)Updating files:  55% (11984/21788)Updating files:  56% (12202/21788)Updating files:  57% (12420/21788)Updating files:  58% (12638/21788)Updating files:  59% (12855/21788)Updating files:  60% (13073/21788)Updating files:  61% (13291/21788)Updating files:  62% (13509/21788)Updating files:  62% (13681/21788)Updating files:  63% (13727/21788)Updating files:  64% (13945/21788)Updating files:  65% (14163/21788)Updating files:  66% (14381/21788)Updating files:  67% (14598/21788)Updating files:  68% (14816/21788)Updating files:  69% (15034/21788)Updating files:  70% (15252/21788)Updating files:  71% (15470/21788)Updating files:  72% (15688/21788)Updating files:  73% (15906/21788)Updating files:  74% (16124/21788)Updating files:  75% (16341/21788)Updating files:  76% (16559/21788)Updating files:  77% (16777/21788)Updating files:  78% (16995/21788)Updating files:  79% (17213/21788)Updating files:  80% (17431/21788)Updating files:  81% (17649/21788)Updating files:  82% (17867/21788)Updating files:  83% (18085/21788)Updating files:  84% (18302/21788)Updating files:  85% (18520/21788)Updating files:  86% (18738/21788)Updating files:  87% (18956/21788)Updating files:  88% (19174/21788)Updating files:  89% (19392/21788)Updating files:  90% (19610/21788)Updating files:  91% (19828/21788)Updating files:  92% (20045/21788)Updating files:  93% (20263/21788)Updating files:  94% (20481/21788)Updating files:  95% (20699/21788)Updating files:  96% (20917/21788)Updating files:  97% (21135/21788)Updating files:  98% (21353/21788)Updating files:  99% (21571/21788)Updating files: 100% (21788/21788)Updating files: 100% (21788/21788), done.
branch 'net-next-2024-06-05--12-00' set up to track 'origin/net-next-2024-06-05--12-00'.
Switched to a new branch 'net-next-2024-06-05--12-00'
error: No valid patches in input (allow with "--allow-empty")
Checking patch tools/testing/selftests/tc-testing/tdc_config.py...
Applied patch tools/testing/selftests/tc-testing/tdc_config.py cleanly.
Run at 2024-06-05 12:03:45.284587
INFO: building kernel
INFO: starting VM 0
INFO: thr0-0 VM starting: vng -v -r arch/x86/boot/bzImage --user root --rwdir=/nipa-data/kernel/
INFO: thr0-0 expecting prompt: '/nipa-data/kernel# '
INFO: thr0-0 reached initial prompt
INFO: thr-0 testing == tdc.sh
INFO: thr-0 tdc.sh >> retcode: 0 result: pass found {'fail': False, 'skip': False, 'pass': True}
INFO: thr-0 has no more work, exiting
INFO: thr0-0 VM stopped
Done at 2024-06-05 12:07:31.078659
NIPA quitting!
/
~/nipa/tc-executor/tc-executor-storage /
sort: write failed: 'standard output': Broken pipe
sort: write error
