~/nipa/tc-executor/tc-executor-storage /
Switched to branch 'storage'
Your branch is ahead of 'origin/storage' by 381 commits.
  (use "git push" to publish your local commits)
/
~/nipa/tc-executor /
Error response from daemon: No such image: nipa-executor:latest
#0 building with "default" instance using docker driver

#1 [internal] load .dockerignore
#1 transferring context: 2B done
#1 DONE 0.0s

#2 [internal] load build definition from Dockerfile
#2 transferring dockerfile: 2.22kB done
#2 DONE 0.0s

#3 [internal] load metadata for docker.io/library/alpine:edge
#3 DONE 0.0s

#4 [ 1/23] FROM docker.io/library/alpine:edge
#4 CACHED

#5 [internal] load build context
#5 transferring context: 3.02kB done
#5 DONE 0.0s

#6 [ 2/23] RUN echo false > debug-mode
#6 DONE 0.6s

#7 [ 3/23] RUN addgroup -g 1001 hostuser
#7 DONE 0.4s

#8 [ 4/23] RUN adduser -u 1001 -G hostuser -H -D -s /bin/ash hostuser
#8 DONE 0.4s

#9 [ 5/23] RUN echo '@testing http://dl-cdn.alpinelinux.org/alpine/edge/testing' >> /etc/apk/repositories
#9 DONE 0.4s

#10 [ 6/23] RUN echo '@community http://dl-cdn.alpinelinux.org/alpine/edge/community' >> /etc/apk/repositories
#10 DONE 0.4s

#11 [ 7/23] RUN apk update && apk add --no-cache    virtme-ng@testing    git    py3-requests    py3-psutil    py3-setuptools    py3-pyroute2    py3-argcomplete    qemu-system-x86_64@community    scapy@community    make    gcc    musl-dev    flex    bison    linux-headers    elfutils-dev    util-linux    coreutils    diffutils    findutils    file    bash    kmod    perl    iptables-dev    libcap-dev    libmnl-dev    iproute2    jq    libbpf-dev    rsync    openssl-dev
#11 0.387 fetch https://dl-cdn.alpinelinux.org/alpine/edge/main/x86_64/APKINDEX.tar.gz
#11 0.628 fetch https://dl-cdn.alpinelinux.org/alpine/edge/community/x86_64/APKINDEX.tar.gz
#11 1.099 fetch http://dl-cdn.alpinelinux.org/alpine/edge/testing/x86_64/APKINDEX.tar.gz
#11 1.305 fetch http://dl-cdn.alpinelinux.org/alpine/edge/community/x86_64/APKINDEX.tar.gz
#11 1.565 v20240329-168-g7b31175b415 [https://dl-cdn.alpinelinux.org/alpine/edge/main]
#11 1.565 v20240329-165-gf9e515d0045 [https://dl-cdn.alpinelinux.org/alpine/edge/community]
#11 1.565 v20240329-170-g1a11e1bd002 [http://dl-cdn.alpinelinux.org/alpine/edge/testing]
#11 1.565 v20240329-165-gf9e515d0045 [http://dl-cdn.alpinelinux.org/alpine/edge/community]
#11 1.565 OK: 30801 distinct packages available
#11 1.623 fetch https://dl-cdn.alpinelinux.org/alpine/edge/main/x86_64/APKINDEX.tar.gz
#11 1.726 fetch https://dl-cdn.alpinelinux.org/alpine/edge/community/x86_64/APKINDEX.tar.gz
#11 1.837 fetch http://dl-cdn.alpinelinux.org/alpine/edge/testing/x86_64/APKINDEX.tar.gz
#11 1.941 fetch http://dl-cdn.alpinelinux.org/alpine/edge/community/x86_64/APKINDEX.tar.gz
#11 2.180 (1/176) Upgrading musl (1.2.4_git20230717-r5 -> 1.2.5-r0)
#11 2.197 (2/176) Upgrading libcrypto3 (3.1.4-r2 -> 3.2.1-r1)
#11 2.240 (3/176) Upgrading libssl3 (3.1.4-r2 -> 3.2.1-r1)
#11 2.259 (4/176) Upgrading zlib (1.3-r2 -> 1.3.1-r0)
#11 2.274 (5/176) Installing ncurses-terminfo-base (6.4_p20240309-r0)
#11 2.289 (6/176) Installing libncursesw (6.4_p20240309-r0)
#11 2.304 (7/176) Installing readline (8.2.10-r0)
#11 2.319 (8/176) Installing bash (5.2.26-r0)
#11 2.350 Executing bash-5.2.26-r0.post-install
#11 2.353 (9/176) Installing m4 (1.4.19-r3)
#11 2.373 (10/176) Installing bison (3.8.2-r1)
#11 2.396 (11/176) Installing coreutils-env (9.5-r0)
#11 2.408 (12/176) Installing coreutils-fmt (9.5-r0)
#11 2.421 (13/176) Installing coreutils-sha512sum (9.5-r0)
#11 2.433 (14/176) Installing libacl (2.3.2-r0)
#11 2.445 (15/176) Installing libattr (2.5.2-r0)
#11 2.460 (16/176) Installing skalibs (2.14.1.1-r0)
#11 2.474 (17/176) Installing utmps-libs (0.1.2.2-r0)
#11 2.494 (18/176) Installing coreutils (9.5-r0)
#11 2.522 (19/176) Installing diffutils (3.10-r0)
#11 2.538 (20/176) Installing zstd-libs (1.5.6-r0)
#11 2.557 (21/176) Installing libelf (0.191-r0)
#11 2.570 (22/176) Installing libbz2 (1.0.8-r6)
#11 2.588 (23/176) Installing musl-fts (1.2.7-r6)
#11 2.600 (24/176) Installing xz-libs (5.6.1-r2)
#11 2.616 (25/176) Installing libdw (0.191-r0)
#11 2.632 (26/176) Installing libasm (0.191-r0)
#11 2.644 (27/176) Installing libintl (0.22.5-r0)
#11 2.657 (28/176) Installing xz (5.6.1-r2)
#11 2.689 (29/176) Installing pkgconf (2.2.0-r0)
#11 2.723 (30/176) Installing xz-dev (5.6.1-r2)
#11 2.738 (31/176) Installing libgcc (13.2.1_git20240309-r0)
#11 2.758 (32/176) Installing libstdc++ (13.2.1_git20240309-r0)
#11 2.802 (33/176) Installing zstd (1.5.6-r0)
#11 2.818 (34/176) Installing zstd-dev (1.5.6-r0)
#11 2.831 (35/176) Installing zlib-dev (1.3.1-r0)
#11 2.844 (36/176) Installing elfutils-dev (0.191-r0)
#11 2.880 (37/176) Installing libmagic (5.45-r1)
#11 2.913 (38/176) Installing file (5.45-r1)
#11 2.974 (39/176) Installing findutils (4.9.0-r5)
#11 3.008 (40/176) Installing flex (2.6.4-r6)
#11 3.023 (41/176) Installing jansson (2.14-r4)
#11 3.037 (42/176) Installing binutils (2.42-r0)
#11 3.176 (43/176) Installing libgomp (13.2.1_git20240309-r0)
#11 3.194 (44/176) Installing libatomic (13.2.1_git20240309-r0)
#11 3.208 (45/176) Installing gmp (6.3.0-r0)
#11 3.226 (46/176) Installing isl26 (0.26-r1)
#11 3.265 (47/176) Installing mpfr4 (4.2.1-r0)
#11 3.284 (48/176) Installing mpc1 (1.3.1-r1)
#11 3.297 (49/176) Installing gcc (13.2.1_git20240309-r0)
#11 9.890 (50/176) Installing ca-certificates (20240226-r0)
#11 9.936 (51/176) Installing brotli-libs (1.1.0-r1)
#11 10.01 (52/176) Installing c-ares (1.27.0-r0)
#11 10.05 (53/176) Installing libunistring (1.2-r0)
#11 10.15 (54/176) Installing libidn2 (2.3.7-r0)
#11 10.18 (55/176) Installing nghttp2-libs (1.60.0-r0)
#11 10.20 (56/176) Installing libpsl (0.21.5-r1)
#11 10.21 (57/176) Installing libcurl (8.7.1-r0)
#11 10.26 (58/176) Installing libexpat (2.6.2-r0)
#11 10.28 (59/176) Installing pcre2 (10.43-r0)
#11 10.33 (60/176) Installing git (2.44.0-r1)
#11 10.68 (61/176) Installing git-init-template (2.44.0-r1)
#11 10.69 (62/176) Installing libcap2 (2.69-r1)
#11 10.70 (63/176) Installing libmnl (1.0.5-r2)
#11 10.72 (64/176) Installing iproute2-minimal (6.8.0-r0)
#11 10.76 (65/176) Installing libxtables (1.8.10-r3)
#11 10.77 (66/176) Installing iproute2-tc (6.8.0-r0)
#11 10.81 (67/176) Installing iproute2-ss (6.8.0-r0)
#11 10.83 (68/176) Installing iproute2 (6.8.0-r0)
#11 10.86 Executing iproute2-6.8.0-r0.post-install
#11 10.86 (69/176) Installing linux-headers (6.6-r0)
#11 11.77 (70/176) Installing libip4tc (1.8.10-r3)
#11 11.79 (71/176) Installing libip6tc (1.8.10-r3)
#11 11.80 (72/176) Installing libipq (1.8.10-r3)
#11 11.82 (73/176) Installing iptables-dev (1.8.10-r3)
#11 11.83 (74/176) Installing oniguruma (6.9.9-r0)
#11 11.90 (75/176) Installing jq (1.7.1-r0)
#11 11.98 (76/176) Installing kmod (31-r4)
#11 12.01 (77/176) Installing libbpf (1.3.0-r0)
#11 12.05 (78/176) Installing libbpf-dev (1.3.0-r0)
#11 12.14 (79/176) Installing libcap-dev (2.69-r1)
#11 12.15 (80/176) Installing libmnl-dev (1.0.5-r2)
#11 12.17 (81/176) Installing make (4.4.1-r2)
#11 12.21 (82/176) Installing musl-dev (1.2.5-r0)
#11 12.73 (83/176) Installing openssl-dev (3.2.1-r1)
#11 12.79 (84/176) Installing perl (5.38.2-r0)
#11 13.70 (85/176) Installing perl-error (0.17029-r2)
#11 13.72 (86/176) Installing perl-git (2.44.0-r1)
#11 13.73 (87/176) Installing git-perl (2.44.0-r1)
#11 13.75 (88/176) Installing libffi (3.4.6-r0)
#11 13.76 (89/176) Installing gdbm (1.23-r1)
#11 13.77 (90/176) Installing mpdecimal (4.0.0-r0)
#11 13.79 (91/176) Installing libpanelw (6.4_p20240309-r0)
#11 13.80 (92/176) Installing sqlite-libs (3.45.2-r0)
#11 13.89 (93/176) Installing python3 (3.11.8-r0)
#11 14.50 (94/176) Installing python3-pycache-pyc0 (3.11.8-r0)
#11 14.78 (95/176) Installing pyc (3.11.8-r0)
#11 14.79 (96/176) Installing py3-argcomplete-pyc (3.2.3-r0)
#11 14.80 (97/176) Installing python3-pyc (3.11.8-r0)
#11 14.82 (98/176) Installing py3-argcomplete (3.2.3-r0)
#11 14.83 (99/176) Installing py3-psutil (5.9.8-r0)
#11 14.85 (100/176) Installing py3-psutil-pyc (5.9.8-r0)
#11 14.87 (101/176) Installing py3-pyroute2 (0.7.12-r0)
#11 14.91 (102/176) Installing py3-pyroute2-pyc (0.7.12-r0)
#11 15.01 (103/176) Installing py3-certifi (2024.2.2-r0)
#11 15.03 (104/176) Installing py3-certifi-pyc (2024.2.2-r0)
#11 15.04 (105/176) Installing py3-charset-normalizer (3.3.2-r0)
#11 15.06 (106/176) Installing py3-charset-normalizer-pyc (3.3.2-r0)
#11 15.07 (107/176) Installing py3-idna (3.6-r0)
#11 15.09 (108/176) Installing py3-idna-pyc (3.6-r0)
#11 15.10 (109/176) Installing py3-urllib3 (1.26.18-r0)
#11 15.13 (110/176) Installing py3-urllib3-pyc (1.26.18-r0)
#11 15.15 (111/176) Installing py3-requests (2.31.0-r1)
#11 15.17 (112/176) Installing py3-requests-pyc (2.31.0-r1)
#11 15.18 (113/176) Installing py3-parsing (3.1.2-r0)
#11 15.20 (114/176) Installing py3-parsing-pyc (3.1.2-r0)
#11 15.22 (115/176) Installing py3-packaging (24.0-r0)
#11 15.24 (116/176) Installing py3-packaging-pyc (24.0-r0)
#11 15.26 (117/176) Installing py3-setuptools (69.2.0-r0)
#11 15.31 (118/176) Installing py3-setuptools-pyc (69.2.0-r0)
#11 15.40 (119/176) Installing libcap-ng (0.8.4-r0)
#11 15.41 (120/176) Installing libblkid (2.39.3-r1)
#11 15.43 (121/176) Installing libmount (2.39.3-r1)
#11 15.45 (122/176) Installing glib (2.78.4-r1)
#11 15.54 (123/176) Installing numactl (2.0.18-r0)
#11 15.55 (124/176) Installing qemu (8.2.2-r0)
#11 15.57 Executing qemu-8.2.2-r0.pre-install
#11 16.42 Executing qemu-8.2.2-r0.post-install
#11 16.43 *
#11 16.43 * If you want to run VM as unprivileged user and let Qemu create tunX devices,
#11 16.43 * then you must add that user to the group "qemu".
#11 16.43 * If you use KVM for hardware-assisted virtualization, then you may also need
#11 16.43 * to add that user to the group "kvm".
#11 16.43 *
#11 16.43 (125/176) Installing qemu-bridge-helper (8.2.2-r0)
#11 16.51 (126/176) Installing libaio (0.3.113-r2)
#11 16.52 (127/176) Installing capstone (5.0.1-r3)
#11 16.75 (128/176) Installing nettle (3.9.1-r0)
#11 16.82 (129/176) Installing libtasn1 (4.19.0-r2)
#11 16.83 (130/176) Installing p11-kit (0.25.3-r0)
#11 16.91 (131/176) Installing gnutls (3.8.3-r0)
#11 17.06 (132/176) Installing libjpeg-turbo (3.0.2-r0)
#11 17.11 (133/176) Installing lzo (2.10-r5)
#11 17.13 (134/176) Installing pixman (0.43.2-r0)
#11 17.18 (135/176) Installing libpng (1.6.43-r0)
#11 17.21 (136/176) Installing libsasl (2.1.28-r6)
#11 17.23 (137/176) Installing libseccomp (2.5.5-r0)
#11 17.24 (138/176) Installing libslirp (4.7.0-r0)
#11 17.26 (139/176) Installing snappy (1.1.10-r2)
#11 17.27 (140/176) Installing liburing (2.5-r1)
#11 17.29 (141/176) Installing vde2-libs (2.3.3-r1)
#11 17.30 (142/176) Installing qemu-system-x86_64 (8.2.2-r0)
#11 18.19 (143/176) Installing lz4-libs (1.9.4-r5)
#11 18.20 (144/176) Installing popt (1.19-r3)
#11 18.21 (145/176) Installing libxxhash (0.8.2-r2)
#11 18.23 (146/176) Installing rsync (3.2.7-r4)
#11 18.26 (147/176) Installing scapy (2.5.0-r1)
#11 18.38 Executing scapy-2.5.0-r1.post-install
#11 18.38 *
#11 18.38 * Certain optional features of scapy also depend on the following packages:
#11 18.38 *     py3-matplotlib graphviz imagemagick py3-cryptography sox
#11 18.38 * And the following unpackaged dependencies:
#11 18.38 *     pyxi vpython-jupyter nmap<v4.23
#11 18.38 * More information can be found at https://scapy.readthedocs.io/en/latest/installation.html#optional-dependencies
#11 18.38 *
#11 18.38 (148/176) Installing scapy-pyc (2.5.0-r1)
#11 18.61 (149/176) Installing util-linux (2.39.3-r1)
#11 18.62 (150/176) Installing setarch (2.39.3-r1)
#11 18.63 (151/176) Installing libuuid (2.39.3-r1)
#11 18.65 (152/176) Installing libfdisk (2.39.3-r1)
#11 18.67 (153/176) Installing libsmartcols (2.39.3-r1)
#11 18.68 (154/176) Installing util-linux-misc (2.39.3-r1)
#11 18.74 (155/176) Installing libeconf (0.6.2-r0)
#11 18.76 (156/176) Installing linux-pam (1.6.0-r0)
#11 18.78 (157/176) Installing runuser (2.39.3-r1)
#11 18.80 (158/176) Installing mount (2.39.3-r1)
#11 18.82 (159/176) Installing losetup (2.39.3-r1)
#11 18.83 (160/176) Installing hexdump (2.39.3-r1)
#11 18.84 (161/176) Installing uuidgen (2.39.3-r1)
#11 18.85 (162/176) Installing blkid (2.39.3-r1)
#11 18.87 (163/176) Installing sfdisk (2.39.3-r1)
#11 18.88 (164/176) Installing mcookie (2.39.3-r1)
#11 18.89 (165/176) Installing agetty (2.39.3-r1)
#11 18.91 (166/176) Installing wipefs (2.39.3-r1)
#11 18.92 (167/176) Installing cfdisk (2.39.3-r1)
#11 18.93 (168/176) Installing umount (2.39.3-r1)
#11 18.95 (169/176) Installing flock (2.39.3-r1)
#11 18.96 (170/176) Installing lsblk (2.39.3-r1)
#11 18.97 (171/176) Installing setpriv (2.39.3-r1)
#11 18.99 (172/176) Installing logger (2.39.3-r1)
#11 19.00 (173/176) Installing partx (2.39.3-r1)
#11 19.01 (174/176) Installing fstrim (2.39.3-r1)
#11 19.02 (175/176) Installing findmnt (2.39.3-r1)
#11 19.04 (176/176) Installing virtme-ng@testing (1.22-r0)
#11 19.10 Executing busybox-1.36.1-r17.trigger
#11 19.11 Executing ca-certificates-20240226-r0.trigger
#11 19.13 Executing glib-2.78.4-r1.trigger
#11 19.13 OK: 385 MiB in 187 packages
#11 DONE 19.5s

#12 [ 8/23] RUN mkdir -p /tmp/kernel-patches &&     mkdir -p /tmp/iproute2-patches
#12 DONE 0.3s

#13 [ 9/23] COPY tdc.config /tmp
#13 DONE 0.0s

#14 [10/23] COPY tdc-debug.config /tmp
#14 DONE 0.0s

#15 [11/23] COPY kernel-patches /tmp/kernel-patches/
#15 DONE 0.1s

#16 [12/23] COPY iproute2-patches /tmp/iproute2-patches/
#16 DONE 0.0s

#17 [13/23] COPY configs /tmp/configs/
#17 DONE 0.0s

#18 [14/23] RUN git config --global user.email foo@bar.com
#18 DONE 0.4s

#19 [15/23] RUN git config --global user.name foo@bar.com
#19 DONE 0.4s

#20 [16/23] RUN git clone https://git.kernel.org/pub/scm/network/iproute2/iproute2-next.git /nipa-data/iproute2
#20 0.378 Cloning into '/nipa-data/iproute2'...
#20 DONE 2.5s

#21 [17/23] RUN cd /nipa-data/iproute2 && 	git remote add stable https://git.kernel.org/pub/scm/network/iproute2/iproute2.git && 	git fetch --all && 	git merge stable/main
#21 0.389 Fetching origin
#21 0.934 Fetching stable
#21 1.675 From https://git.kernel.org/pub/scm/network/iproute2/iproute2
#21 1.675  * [new branch]        codeql         -> stable/codeql
#21 1.676  * [new branch]        iproute2-4.1.x -> stable/iproute2-4.1.x
#21 1.676  * [new branch]        main           -> stable/main
#21 1.683  * [new tag]           v6.8.0         -> v6.8.0
#21 1.752 Merge made by the 'ort' strategy.
#21 1.773  Makefile                       |  2 +-
#21 1.773  README                         | 13 +++++++
#21 1.773  bridge/bridge.c                |  2 +-
#21 1.773  include/version.h              |  2 +-
#21 1.773  ip/ipila.c                     |  4 +-
#21 1.773  ip/iptuntap.c                  |  5 +--
#21 1.773  lib/rt_names.c                 | 43 ++++++++++-----------
#21 1.773  man/man8/bridge.8              |  6 +++
#21 1.773  man/man8/ip.8                  | 33 +++++++++++++++-
#21 1.773  man/man8/tc-mirred.8           |  2 +-
#21 1.773  man/man8/tc-simple.8           | 12 +++---
#21 1.773  misc/arpd.c                    | 11 +++++-
#21 1.773  misc/ifstat.c                  | 11 ++++--
#21 1.773  misc/ss.c                      | 17 ++++++++-
#21 1.773  tc/e_bpf.c                     |  2 +-
#21 1.773  tc/f_basic.c                   |  4 +-
#21 1.773  tc/f_bpf.c                     |  4 +-
#21 1.773  tc/f_cgroup.c                  |  4 +-
#21 1.773  tc/f_flow.c                    |  4 +-
#21 1.773  tc/f_flower.c                  |  4 +-
#21 1.773  tc/f_fw.c                      |  4 +-
#21 1.773  tc/f_matchall.c                |  4 +-
#21 1.773  tc/f_route.c                   |  4 +-
#21 1.773  tc/f_u32.c                     |  6 +--
#21 1.773  tc/m_action.c                  |  6 +--
#21 1.773  tc/m_bpf.c                     |  4 +-
#21 1.773  tc/m_connmark.c                |  4 +-
#21 1.773  tc/m_csum.c                    |  4 +-
#21 1.773  tc/m_ct.c                      |  4 +-
#21 1.773  tc/m_ctinfo.c                  |  4 +-
#21 1.773  tc/m_gact.c                    |  4 +-
#21 1.773  tc/m_gate.c                    |  8 ++--
#21 1.773  tc/m_ife.c                     |  4 +-
#21 1.773  tc/m_mirred.c                  |  6 +--
#21 1.773  tc/m_mpls.c                    |  4 +-
#21 1.773  tc/m_nat.c                     |  4 +-
#21 1.773  tc/m_pedit.c                   | 10 ++---
#21 1.773  tc/m_police.c                  |  8 ++--
#21 1.773  tc/m_sample.c                  |  4 +-
#21 1.773  tc/m_simple.c                  | 12 +++---
#21 1.773  tc/m_skbedit.c                 |  4 +-
#21 1.773  tc/m_skbmod.c                  | 41 +++++++++++---------
#21 1.773  tc/m_tunnel_key.c              |  4 +-
#21 1.773  tc/m_vlan.c                    |  4 +-
#21 1.773  tc/q_cake.c                    |  6 +--
#21 1.773  tc/q_cbs.c                     |  4 +-
#21 1.773  tc/q_choke.c                   |  6 +--
#21 1.773  tc/q_clsact.c                  |  4 +-
#21 1.773  tc/q_codel.c                   |  6 +--
#21 1.773  tc/q_drr.c                     |  8 ++--
#21 1.773  tc/q_etf.c                     |  4 +-
#21 1.773  tc/q_ets.c                     |  8 ++--
#21 1.773  tc/q_fifo.c                    |  4 +-
#21 1.773  tc/q_fq.c                      |  6 +--
#21 1.773  tc/q_fq_codel.c                |  6 +--
#21 1.773  tc/q_fq_pie.c                  |  6 +--
#21 1.773  tc/q_gred.c                    |  6 +--
#21 1.773  tc/q_hfsc.c                    | 10 ++---
#21 1.773  tc/q_hhf.c                     |  6 +--
#21 1.773  tc/q_htb.c                     |  8 ++--
#21 1.773  tc/q_ingress.c                 |  4 +-
#21 1.773  tc/q_mqprio.c                  |  4 +-
#21 1.773  tc/q_multiq.c                  |  4 +-
#21 1.773  tc/q_netem.c                   | 86 +++++++++++++++++++++++-------------------
#21 1.773  tc/q_pie.c                     |  6 +--
#21 1.773  tc/q_plug.c                    |  4 +-
#21 1.773  tc/q_prio.c                    |  4 +-
#21 1.773  tc/q_qfq.c                     |  6 +--
#21 1.773  tc/q_red.c                     |  8 ++--
#21 1.773  tc/q_sfb.c                     |  6 +--
#21 1.773  tc/q_sfq.c                     |  6 +--
#21 1.773  tc/q_skbprio.c                 |  4 +-
#21 1.773  tc/q_taprio.c                  |  6 +--
#21 1.773  tc/q_tbf.c                     |  4 +-
#21 1.773  tc/tc.c                        | 12 +++---
#21 1.774  tc/tc_class.c                  |  6 +--
#21 1.774  tc/tc_core.c                   | 15 ++------
#21 1.774  tc/tc_core.h                   |  2 -
#21 1.774  tc/tc_exec.c                   |  2 +-
#21 1.774  tc/tc_filter.c                 |  6 +--
#21 1.774  tc/tc_qdisc.c                  |  6 +--
#21 1.774  tc/tc_util.c                   | 33 ++++++++--------
#21 1.774  tc/tc_util.h                   | 36 +++++++++---------
#21 1.774  vdpa/include/uapi/linux/vdpa.h | 17 +++++++++
#21 1.774  84 files changed, 415 insertions(+), 316 deletions(-)
#21 DONE 1.8s

#22 [18/23] RUN if [ "$(find /tmp/iproute2-patches/ -name *.patch)" ]; then  	cd /nipa-data/iproute2; 	git apply /tmp/iproute2-patches/*.patch;     fi
#22 DONE 0.3s

#23 [19/23] RUN cd /nipa-data/iproute2/ &&     ./configure &&     make
#23 0.370 TC schedulers
#23 0.371  IPT	using xtables
#23 0.399  IPSET  yes
#23 0.419 
#23 0.420 lib directory: /usr/lib
#23 0.420 libc has setns: yes
#23 0.439 libc has name_to_handle_at: yes
#23 0.459 SELinux support: no
#23 0.460 libtirpc support: no
#23 0.461 libbpf support: yes
#23 0.535 	libbpf version 1.3.0
#23 0.535 ELF support: yes
#23 0.536 libmnl support: yes
#23 0.538 Berkeley DB: no
#23 0.548 need for strlcpy: no
#23 0.568 libcap support: yes
#23 0.569 color output: never
#23 0.572 
#23 0.572 lib
#23 0.574     CC       libgenl.o
#23 0.612     CC       libnetlink.o
#23 0.931     CC       mnl_utils.o
#23 1.008     AR       libnetlink.a
#23 1.010     CC       utils.o
#23 1.389     CC       utils_math.o
#23 1.429     CC       rt_names.o
#23 1.590     CC       ll_map.o
#23 1.678     CC       ll_types.o
#23 1.691 In file included from ll_types.c:20:
#23 1.691 ../include/uapi/linux/sockios.h:42: warning: "SIOCGSTAMP" redefined
#23 1.691    42 | #define SIOCGSTAMP      SIOCGSTAMP_OLD
#23 1.691       | 
#23 1.691 In file included from /usr/include/sys/ioctl.h:10,
#23 1.691                  from ll_types.c:12:
#23 1.691 /usr/include/bits/ioctl.h:111: note: this is the location of the previous definition
#23 1.691   111 | #define SIOCGSTAMP      0x8906
#23 1.691       | 
#23 1.691 ../include/uapi/linux/sockios.h:43: warning: "SIOCGSTAMPNS" redefined
#23 1.691    43 | #define SIOCGSTAMPNS    SIOCGSTAMPNS_OLD
#23 1.691       | 
#23 1.691 /usr/include/bits/ioctl.h:112: note: this is the location of the previous definition
#23 1.691   112 | #define SIOCGSTAMPNS    0x8907
#23 1.691       | 
#23 1.706     CC       ll_proto.o
#23 1.721 In file included from ll_proto.c:21:
#23 1.721 ../include/uapi/linux/sockios.h:42: warning: "SIOCGSTAMP" redefined
#23 1.721    42 | #define SIOCGSTAMP      SIOCGSTAMP_OLD
#23 1.721       | 
#23 1.721 In file included from /usr/include/sys/ioctl.h:10,
#23 1.721                  from ll_proto.c:13:
#23 1.721 /usr/include/bits/ioctl.h:111: note: this is the location of the previous definition
#23 1.721   111 | #define SIOCGSTAMP      0x8906
#23 1.721       | 
#23 1.721 ../include/uapi/linux/sockios.h:43: warning: "SIOCGSTAMPNS" redefined
#23 1.721    43 | #define SIOCGSTAMPNS    SIOCGSTAMPNS_OLD
#23 1.721       | 
#23 1.721 /usr/include/bits/ioctl.h:112: note: this is the location of the previous definition
#23 1.721   112 | #define SIOCGSTAMPNS    0x8907
#23 1.721       | 
#23 1.738     CC       ll_addr.o
#23 1.751 In file included from ll_addr.c:20:
#23 1.751 ../include/uapi/linux/sockios.h:42: warning: "SIOCGSTAMP" redefined
#23 1.751    42 | #define SIOCGSTAMP      SIOCGSTAMP_OLD
#23 1.751       | 
#23 1.751 In file included from /usr/include/sys/ioctl.h:10,
#23 1.751                  from ll_addr.c:12:
#23 1.751 /usr/include/bits/ioctl.h:111: note: this is the location of the previous definition
#23 1.751   111 | #define SIOCGSTAMP      0x8906
#23 1.751       | 
#23 1.751 ../include/uapi/linux/sockios.h:43: warning: "SIOCGSTAMPNS" redefined
#23 1.751    43 | #define SIOCGSTAMPNS    SIOCGSTAMPNS_OLD
#23 1.751       | 
#23 1.751 /usr/include/bits/ioctl.h:112: note: this is the location of the previous definition
#23 1.751   112 | #define SIOCGSTAMPNS    0x8907
#23 1.751       | 
#23 1.779     CC       inet_proto.o
#23 1.807     CC       namespace.o
#23 1.871     CC       json_writer.o
#23 1.954     CC       json_print.o
#23 2.070     CC       json_print_math.o
#23 2.101     CC       names.o
#23 2.149     CC       color.o
#23 2.188     CC       bpf_legacy.o
#23 2.556     CC       bpf_glue.o
#23 2.592     CC       exec.o
#23 2.620     CC       fs.o
#23 2.683     CC       cg_map.o
#23 2.719     CC       ppp_proto.o
#23 2.742     CC       bpf_libbpf.o
#23 2.816     CC       selinux.o
#23 2.836     CC       ax25_ntop.o
#23 2.862     CC       rose_ntop.o
#23 2.875 In file included from rose_ntop.c:16:
#23 2.875 ../include/uapi/linux/sockios.h:42: warning: "SIOCGSTAMP" redefined
#23 2.875    42 | #define SIOCGSTAMP      SIOCGSTAMP_OLD
#23 2.875       | 
#23 2.875 In file included from /usr/include/sys/ioctl.h:10,
#23 2.875                  from rose_ntop.c:7:
#23 2.875 /usr/include/bits/ioctl.h:111: note: this is the location of the previous definition
#23 2.875   111 | #define SIOCGSTAMP      0x8906
#23 2.875       | 
#23 2.875 ../include/uapi/linux/sockios.h:43: warning: "SIOCGSTAMPNS" redefined
#23 2.875    43 | #define SIOCGSTAMPNS    SIOCGSTAMPNS_OLD
#23 2.875       | 
#23 2.875 /usr/include/bits/ioctl.h:112: note: this is the location of the previous definition
#23 2.875   112 | #define SIOCGSTAMPNS    0x8907
#23 2.875       | 
#23 2.891     CC       mpls_ntop.o
#23 2.919     CC       mpls_pton.o
#23 2.946     CC       netrom_ntop.o
#23 2.967     AR       libutil.a
#23 2.972 
#23 2.972 ip
#23 2.974     CC       ip.o
#23 3.044     CC       ipaddress.o
#23 3.058 In file included from ipaddress.c:26:
#23 3.058 ../include/uapi/linux/sockios.h:42: warning: "SIOCGSTAMP" redefined
#23 3.058    42 | #define SIOCGSTAMP      SIOCGSTAMP_OLD
#23 3.058       | 
#23 3.058 In file included from /usr/include/sys/ioctl.h:10,
#23 3.058                  from ipaddress.c:14:
#23 3.058 /usr/include/bits/ioctl.h:111: note: this is the location of the previous definition
#23 3.058   111 | #define SIOCGSTAMP      0x8906
#23 3.058       | 
#23 3.058 ../include/uapi/linux/sockios.h:43: warning: "SIOCGSTAMPNS" redefined
#23 3.058    43 | #define SIOCGSTAMPNS    SIOCGSTAMPNS_OLD
#23 3.058       | 
#23 3.058 /usr/include/bits/ioctl.h:112: note: this is the location of the previous definition
#23 3.058   112 | #define SIOCGSTAMPNS    0x8907
#23 3.058       | 
#23 3.498     CC       ipaddrlabel.o
#23 3.556     CC       iproute.o
#23 4.078     CC       iprule.o
#23 4.292     CC       ipnetns.o
#23 4.477     CC       rtm_map.o
#23 4.514     CC       iptunnel.o
#23 4.526 In file included from ../include/uapi/linux/if_tunnel.h:6,
#23 4.526                  from iptunnel.c:19:
#23 4.526 ../include/uapi/linux/if.h:134: warning: "IFF_VOLATILE" redefined
#23 4.526   134 | #define IFF_VOLATILE    (IFF_LOOPBACK|IFF_POINTOPOINT|IFF_BROADCAST|IFF_ECHO|\
#23 4.526       | 
#23 4.526 In file included from iptunnel.c:16:
#23 4.526 /usr/include/net/if.h:48: note: this is the location of the previous definition
#23 4.526    48 | #define IFF_VOLATILE (IFF_LOOPBACK|IFF_POINTOPOINT|IFF_BROADCAST| \
#23 4.526       | 
#23 4.667     CC       ip6tunnel.o
#23 4.787     CC       tunnel.o
#23 4.875     CC       ipneigh.o
#23 5.036     CC       ipntable.o
#23 5.158     CC       iplink.o
#23 5.445     CC       ipmaddr.o
#23 5.458 In file included from ipmaddr.c:21:
#23 5.458 ../include/uapi/linux/sockios.h:42: warning: "SIOCGSTAMP" redefined
#23 5.458    42 | #define SIOCGSTAMP      SIOCGSTAMP_OLD
#23 5.458       | 
#23 5.458 In file included from /usr/include/sys/ioctl.h:10,
#23 5.458                  from ipmaddr.c:12:
#23 5.458 /usr/include/bits/ioctl.h:111: note: this is the location of the previous definition
#23 5.458   111 | #define SIOCGSTAMP      0x8906
#23 5.458       | 
#23 5.458 ../include/uapi/linux/sockios.h:43: warning: "SIOCGSTAMPNS" redefined
#23 5.458    43 | #define SIOCGSTAMPNS    SIOCGSTAMPNS_OLD
#23 5.458       | 
#23 5.458 /usr/include/bits/ioctl.h:112: note: this is the location of the previous definition
#23 5.458   112 | #define SIOCGSTAMPNS    0x8907
#23 5.458       | 
#23 5.548     CC       ipmonitor.o
#23 5.633     CC       ipmroute.o
#23 5.646 In file included from ipmroute.c:22:
#23 5.646 ../include/uapi/linux/sockios.h:42: warning: "SIOCGSTAMP" redefined
#23 5.646    42 | #define SIOCGSTAMP      SIOCGSTAMP_OLD
#23 5.646       | 
#23 5.646 In file included from /usr/include/sys/ioctl.h:10,
#23 5.646                  from ipmroute.c:13:
#23 5.646 /usr/include/bits/ioctl.h:111: note: this is the location of the previous definition
#23 5.646   111 | #define SIOCGSTAMP      0x8906
#23 5.646       | 
#23 5.646 ../include/uapi/linux/sockios.h:43: warning: "SIOCGSTAMPNS" redefined
#23 5.646    43 | #define SIOCGSTAMPNS    SIOCGSTAMPNS_OLD
#23 5.646       | 
#23 5.646 /usr/include/bits/ioctl.h:112: note: this is the location of the previous definition
#23 5.646   112 | #define SIOCGSTAMPNS    0x8907
#23 5.646       | 
#23 5.705     CC       ipprefix.o
#23 5.739     CC       iptuntap.o
#23 5.842     CC       iptoken.o
#23 5.907     CC       ipxfrm.o
#23 6.254     CC       xfrm_state.o
#23 6.510     CC       xfrm_policy.o
#23 6.779     CC       xfrm_monitor.o
#23 6.854     CC       iplink_dummy.o
#23 6.876     CC       iplink_ifb.o
#23 6.898     CC       iplink_nlmon.o
#23 6.919     CC       iplink_team.o
#23 6.942     CC       iplink_vcan.o
#23 6.964     CC       iplink_vxcan.o
#23 6.991     CC       iplink_vlan.o
#23 7.061     CC       link_veth.o
#23 7.089     CC       link_gre.o
#23 7.099 In file included from ../include/uapi/linux/if_tunnel.h:6,
#23 7.099                  from link_gre.c:15:
#23 7.099 ../include/uapi/linux/if.h:134: warning: "IFF_VOLATILE" redefined
#23 7.099   134 | #define IFF_VOLATILE    (IFF_LOOPBACK|IFF_POINTOPOINT|IFF_BROADCAST|IFF_ECHO|\
#23 7.099       | 
#23 7.099 In file included from link_gre.c:9:
#23 7.099 /usr/include/net/if.h:48: note: this is the location of the previous definition
#23 7.099    48 | #define IFF_VOLATILE (IFF_LOOPBACK|IFF_POINTOPOINT|IFF_BROADCAST| \
#23 7.099       | 
#23 7.205     CC       iplink_can.o
#23 7.350     CC       iplink_xdp.o
#23 7.409     CC       iplink_macvlan.o
#23 7.477     CC       ipl2tp.o
#23 7.635     CC       link_vti.o
#23 7.646 In file included from ../include/uapi/linux/if_tunnel.h:6,
#23 7.646                  from link_vti.c:16:
#23 7.646 ../include/uapi/linux/if.h:134: warning: "IFF_VOLATILE" redefined
#23 7.646   134 | #define IFF_VOLATILE    (IFF_LOOPBACK|IFF_POINTOPOINT|IFF_BROADCAST|IFF_ECHO|\
#23 7.646       | 
#23 7.646 In file included from link_vti.c:10:
#23 7.646 /usr/include/net/if.h:48: note: this is the location of the previous definition
#23 7.646    48 | #define IFF_VOLATILE (IFF_LOOPBACK|IFF_POINTOPOINT|IFF_BROADCAST| \
#23 7.646       | 
#23 7.695     CC       link_vti6.o
#23 7.706 In file included from ../include/uapi/linux/if_tunnel.h:6,
#23 7.706                  from link_vti6.c:17:
#23 7.706 ../include/uapi/linux/if.h:134: warning: "IFF_VOLATILE" redefined
#23 7.706   134 | #define IFF_VOLATILE    (IFF_LOOPBACK|IFF_POINTOPOINT|IFF_BROADCAST|IFF_ECHO|\
#23 7.706       | 
#23 7.706 In file included from link_vti6.c:11:
#23 7.706 /usr/include/net/if.h:48: note: this is the location of the previous definition
#23 7.706    48 | #define IFF_VOLATILE (IFF_LOOPBACK|IFF_POINTOPOINT|IFF_BROADCAST| \
#23 7.706       | 
#23 7.751     CC       link_xfrm.o
#23 7.789     CC       iplink_vxlan.o
#23 7.945     CC       tcp_metrics.o
#23 8.053     CC       iplink_ipoib.o
#23 8.095     CC       ipnetconf.o
#23 8.158     CC       link_ip6tnl.o
#23 8.169 In file included from ../include/uapi/linux/if_tunnel.h:6,
#23 8.169                  from link_ip6tnl.c:15:
#23 8.169 ../include/uapi/linux/if.h:134: warning: "IFF_VOLATILE" redefined
#23 8.169   134 | #define IFF_VOLATILE    (IFF_LOOPBACK|IFF_POINTOPOINT|IFF_BROADCAST|IFF_ECHO|\
#23 8.169       | 
#23 8.169 In file included from link_ip6tnl.c:9:
#23 8.169 /usr/include/net/if.h:48: note: this is the location of the previous definition
#23 8.169    48 | #define IFF_VOLATILE (IFF_LOOPBACK|IFF_POINTOPOINT|IFF_BROADCAST| \
#23 8.169       | 
#23 8.258     CC       link_iptnl.o
#23 8.269 In file included from ../include/uapi/linux/if_tunnel.h:6,
#23 8.269                  from link_iptnl.c:16:
#23 8.269 ../include/uapi/linux/if.h:134: warning: "IFF_VOLATILE" redefined
#23 8.269   134 | #define IFF_VOLATILE    (IFF_LOOPBACK|IFF_POINTOPOINT|IFF_BROADCAST|IFF_ECHO|\
#23 8.269       | 
#23 8.269 In file included from link_iptnl.c:9:
#23 8.269 /usr/include/net/if.h:48: note: this is the location of the previous definition
#23 8.269    48 | #define IFF_VOLATILE (IFF_LOOPBACK|IFF_POINTOPOINT|IFF_BROADCAST| \
#23 8.269       | 
#23 8.355     CC       link_gre6.o
#23 8.366 In file included from ../include/uapi/linux/if_tunnel.h:6,
#23 8.366                  from link_gre6.c:15:
#23 8.366 ../include/uapi/linux/if.h:134: warning: "IFF_VOLATILE" redefined
#23 8.366   134 | #define IFF_VOLATILE    (IFF_LOOPBACK|IFF_POINTOPOINT|IFF_BROADCAST|IFF_ECHO|\
#23 8.366       | 
#23 8.366 In file included from link_gre6.c:9:
#23 8.366 /usr/include/net/if.h:48: note: this is the location of the previous definition
#23 8.366    48 | #define IFF_VOLATILE (IFF_LOOPBACK|IFF_POINTOPOINT|IFF_BROADCAST| \
#23 8.366       | 
#23 8.496     CC       iplink_bond.o
#23 8.672     CC       iplink_bond_slave.o
#23 8.728     CC       iplink_hsr.o
#23 8.776     CC       iplink_bridge.o
#23 8.934     CC       iplink_bridge_slave.o
#23 9.032     CC       iplink_dsa.o
#23 9.063     CC       ipfou.o
#23 9.151     CC       iplink_ipvlan.o
#23 9.190     CC       iplink_geneve.o
#23 9.304     CC       iplink_vrf.o
#23 9.351     CC       iproute_lwtunnel.o
#23 9.772     CC       ipmacsec.o
#23 10.02     CC       ipila.o
#23 10.11     CC       ipvrf.o
#23 10.22     CC       iplink_xstats.o
#23 10.25     CC       ipseg6.o
#23 10.30     CC       iplink_netdevsim.o
#23 10.33     CC       iplink_rmnet.o
#23 10.36     CC       ipnexthop.o
#23 10.61     CC       ipmptcp.o
#23 10.73     CC       iplink_bareudp.o
#23 10.79     CC       iplink_wwan.o
#23 10.82     CC       ipioam6.o
#23 10.89     CC       iplink_amt.o
#23 10.95     CC       iplink_batadv.o
#23 10.98     CC       iplink_gtp.o
#23 11.02     CC       iplink_virt_wifi.o
#23 11.04     CC       iplink_netkit.o
#23 11.09     CC       ipstats.o
#23 11.30     LINK     ip
#23 11.33     CC       rtmon.o
#23 11.39     LINK     rtmon
#23 11.41 
#23 11.41 tc
#23 11.41     CC       tc.o
#23 11.51     CC       tc_qdisc.o
#23 11.62     CC       tc_class.o
#23 11.74     CC       tc_filter.o
#23 11.90     CC       tc_util.o
#23 12.08     CC       tc_monitor.o
#23 12.12     CC       tc_exec.o
#23 12.16     CC       m_police.o
#23 12.24     CC       m_estimator.o
#23 12.27     CC       m_action.o
#23 12.42     CC       m_ematch.o
#23 12.54     YACC     emp_ematch.tab.c
#23 12.60     CC       emp_ematch.tab.o
#23 12.71     LEX      emp_ematch.lex.c
#23 12.72     CC       emp_ematch.lex.o
#23 12.89     CC       q_fifo.o
#23 12.92     CC       q_sfq.o
#23 12.99     CC       q_red.o
#23 13.06     CC       q_prio.o
#23 13.11     CC       q_skbprio.o
#23 13.14     CC       q_tbf.o
#23 13.23     CC       q_multiq.o
#23 13.26     CC       q_netem.o
#23 13.47     CC       q_choke.o
#23 13.54     CC       q_sfb.o
#23 13.60     CC       f_u32.o
#23 13.85     CC       f_route.o
#23 13.91     CC       f_fw.o
#23 13.96     CC       f_basic.o
#23 14.00     CC       f_bpf.o
#23 14.07     CC       f_flow.o
#23 14.15     CC       f_cgroup.o
#23 14.20     CC       f_flower.o
#23 14.21 In file included from ../include/uapi/linux/netdevice.h:29,
#23 14.21                  from ../include/uapi/linux/if_arp.h:27,
#23 14.21                  from f_flower.c:14:
#23 14.21 ../include/uapi/linux/if.h:134: warning: "IFF_VOLATILE" redefined
#23 14.21   134 | #define IFF_VOLATILE    (IFF_LOOPBACK|IFF_POINTOPOINT|IFF_BROADCAST|IFF_ECHO|\
#23 14.21       | 
#23 14.21 In file included from f_flower.c:12:
#23 14.21 /usr/include/net/if.h:48: note: this is the location of the previous definition
#23 14.21    48 | #define IFF_VOLATILE (IFF_LOOPBACK|IFF_POINTOPOINT|IFF_BROADCAST| \
#23 14.21       | 
#23 14.70     CC       q_gred.o
#23 14.83     CC       q_ingress.o
#23 14.86     CC       q_hfsc.o
#23 14.95     CC       q_htb.o
#23 15.05     CC       q_drr.o
#23 15.10     CC       q_qfq.o
#23 15.14     CC       m_gact.o
#23 15.20     CC       m_mirred.o
#23 15.27     CC       m_mpls.o
#23 15.34     CC       m_nat.o
#23 15.39     CC       m_pedit.o
#23 15.53     CC       m_ife.o
#23 15.62     CC       m_skbedit.o
#23 15.69     CC       m_skbmod.o
#23 15.75     CC       m_csum.o
#23 15.81     CC       m_simple.o
#23 15.85     CC       m_vlan.o
#23 15.92     CC       m_connmark.o
#23 15.96     CC       m_ctinfo.o
#23 16.02     CC       m_bpf.o
#23 16.08     CC       m_tunnel_key.o
#23 16.21     CC       m_sample.o
#23 16.26     CC       m_ct.o
#23 16.36     CC       m_gate.o
#23 16.45     CC       p_ip.o
#23 16.50     CC       p_ip6.o
#23 16.54     CC       p_icmp.o
#23 16.57     CC       p_eth.o
#23 16.60     CC       p_tcp.o
#23 16.63     CC       p_udp.o
#23 16.66     CC       em_nbyte.o
#23 16.70     CC       em_cmp.o
#23 16.76     CC       em_u32.o
#23 16.82     CC       em_canid.o
#23 16.86     CC       em_meta.o
#23 16.97     CC       q_mqprio.o
#23 17.07     CC       q_codel.o
#23 17.13     CC       q_fq_codel.o
#23 17.21     CC       q_fq.o
#23 17.32     CC       q_pie.o
#23 17.39     CC       q_fq_pie.o
#23 17.45     CC       q_cake.o
#23 17.65     CC       q_hhf.o
#23 17.70     CC       q_clsact.o
#23 17.73     CC       e_bpf.o
#23 17.78     CC       f_matchall.o
#23 17.83     CC       q_cbs.o
#23 17.88     CC       q_etf.o
#23 17.92     CC       q_taprio.o
#23 18.04     CC       q_plug.o
#23 18.07     CC       q_ets.o
#23 18.15     CC       em_ipt.o
#23 18.17 In file included from tc_util.h:7,
#23 18.17                  from m_ematch.h:11,
#23 18.17                  from em_ipt.c:13:
#23 18.17 ../include/uapi/linux/if.h:134: warning: "IFF_VOLATILE" redefined
#23 18.17   134 | #define IFF_VOLATILE    (IFF_LOOPBACK|IFF_POINTOPOINT|IFF_BROADCAST|IFF_ECHO|\
#23 18.17       | 
#23 18.17 In file included from ../include/xtables.h:17,
#23 18.17                  from em_ipt.c:12:
#23 18.17 /usr/include/net/if.h:48: note: this is the location of the previous definition
#23 18.17    48 | #define IFF_VOLATILE (IFF_LOOPBACK|IFF_POINTOPOINT|IFF_BROADCAST| \
#23 18.17       | 
#23 18.19     CC       em_ipset.o
#23 18.21 In file included from tc_util.h:7,
#23 18.21                  from m_ematch.h:11,
#23 18.21                  from em_ipset.c:39:
#23 18.21 ../include/uapi/linux/if.h:134: warning: "IFF_VOLATILE" redefined
#23 18.21   134 | #define IFF_VOLATILE    (IFF_LOOPBACK|IFF_POINTOPOINT|IFF_BROADCAST|IFF_ECHO|\
#23 18.21       | 
#23 18.21 In file included from ../include/xtables.h:17,
#23 18.21                  from em_ipset.c:23:
#23 18.21 /usr/include/net/if.h:48: note: this is the location of the previous definition
#23 18.21    48 | #define IFF_VOLATILE (IFF_LOOPBACK|IFF_POINTOPOINT|IFF_BROADCAST| \
#23 18.21       | 
#23 18.25     CC       tc_core.o
#23 18.32     CC       tc_red.o
#23 18.36     CC       tc_estimator.o
#23 18.39     CC       tc_stab.o
#23 18.45     CC       tc_qevent.o
#23 18.50     AR       libtc.a
#23 18.51     LINK     tc
#23 18.54 rm emp_ematch.lex.c
#23 18.54 
#23 18.54 bridge
#23 18.54     CC       bridge.o
#23 18.59     CC       fdb.o
#23 18.79     CC       monitor.o
#23 18.84     CC       link.o
#23 18.99     CC       mdb.o
#23 19.19     CC       vlan.o
#23 19.20 In file included from vlan.c:14:
#23 19.20 ../include/json_print.h:80:30: warning: 'struct timeval' declared inside parameter list will not be visible outside of this definition or declaration
#23 19.20    80 | _PRINT_FUNC(tv, const struct timeval *)
#23 19.20       |                              ^~~~~~~
#23 19.20 ../include/json_print.h:50:37: note: in definition of macro '_PRINT_FUNC'
#23 19.20    50 |                                     type value);                        \
#23 19.20       |                                     ^~~~
#23 19.20 ../include/json_print.h:80:30: warning: 'struct timeval' declared inside parameter list will not be visible outside of this definition or declaration
#23 19.20    80 | _PRINT_FUNC(tv, const struct timeval *)
#23 19.20       |                              ^~~~~~~
#23 19.20 ../include/json_print.h:55:45: note: in definition of macro '_PRINT_FUNC'
#23 19.20    55 |                                             type value)                 \
#23 19.20       |                                             ^~~~
#23 19.20 ../include/json_print.h: In function 'print_tv':
#23 19.20 ../include/json_print.h:58:48: warning: passing argument 5 of 'print_color_tv' from incompatible pointer type [-Wincompatible-pointer-types]
#23 19.20    58 |                                                value);                  \
#23 19.20       |                                                ^~~~~
#23 19.20       |                                                |
#23 19.20       |                                                const struct timeval *
#23 19.20 ../include/json_print.h:80:1: note: in expansion of macro '_PRINT_FUNC'
#23 19.20    80 | _PRINT_FUNC(tv, const struct timeval *)
#23 19.20       | ^~~~~~~~~~~
#23 19.20 ../include/json_print.h:50:42: note: expected 'const struct timeval *' but argument is of type 'const struct timeval *'
#23 19.20    50 |                                     type value);                        \
#23 19.20       |                                          ^
#23 19.20 ../include/json_print.h:80:1: note: in expansion of macro '_PRINT_FUNC'
#23 19.20    80 | _PRINT_FUNC(tv, const struct timeval *)
#23 19.20       | ^~~~~~~~~~~
#23 19.42     CC       vni.o
#23 19.44 In file included from vni.c:19:
#23 19.44 ../include/json_print.h:80:30: warning: 'struct timeval' declared inside parameter list will not be visible outside of this definition or declaration
#23 19.44    80 | _PRINT_FUNC(tv, const struct timeval *)
#23 19.44       |                              ^~~~~~~
#23 19.44 ../include/json_print.h:50:37: note: in definition of macro '_PRINT_FUNC'
#23 19.44    50 |                                     type value);                        \
#23 19.44       |                                     ^~~~
#23 19.44 ../include/json_print.h:80:30: warning: 'struct timeval' declared inside parameter list will not be visible outside of this definition or declaration
#23 19.44    80 | _PRINT_FUNC(tv, const struct timeval *)
#23 19.44       |                              ^~~~~~~
#23 19.44 ../include/json_print.h:55:45: note: in definition of macro '_PRINT_FUNC'
#23 19.44    55 |                                             type value)                 \
#23 19.44       |                                             ^~~~
#23 19.44 ../include/json_print.h: In function 'print_tv':
#23 19.44 ../include/json_print.h:58:48: warning: passing argument 5 of 'print_color_tv' from incompatible pointer type [-Wincompatible-pointer-types]
#23 19.44    58 |                                                value);                  \
#23 19.44       |                                                ^~~~~
#23 19.44       |                                                |
#23 19.44       |                                                const struct timeval *
#23 19.44 ../include/json_print.h:80:1: note: in expansion of macro '_PRINT_FUNC'
#23 19.44    80 | _PRINT_FUNC(tv, const struct timeval *)
#23 19.44       | ^~~~~~~~~~~
#23 19.44 ../include/json_print.h:50:42: note: expected 'const struct timeval *' but argument is of type 'const struct timeval *'
#23 19.44    50 |                                     type value);                        \
#23 19.44       |                                          ^
#23 19.44 ../include/json_print.h:80:1: note: in expansion of macro '_PRINT_FUNC'
#23 19.44    80 | _PRINT_FUNC(tv, const struct timeval *)
#23 19.44       | ^~~~~~~~~~~
#23 19.51     LINK     bridge
#23 19.53 
#23 19.53 misc
#23 19.53     CC       ss.o
#23 19.55 In file included from ../include/uapi/linux/tipc.h:42,
#23 19.55                  from ss.c:49:
#23 19.55 ../include/uapi/linux/sockios.h:42: warning: "SIOCGSTAMP" redefined
#23 19.55    42 | #define SIOCGSTAMP      SIOCGSTAMP_OLD
#23 19.55       | 
#23 19.55 In file included from /usr/include/sys/ioctl.h:10,
#23 19.55                  from ss.c:12:
#23 19.55 /usr/include/bits/ioctl.h:111: note: this is the location of the previous definition
#23 19.55   111 | #define SIOCGSTAMP      0x8906
#23 19.55       | 
#23 19.55 ../include/uapi/linux/sockios.h:43: warning: "SIOCGSTAMPNS" redefined
#23 19.55    43 | #define SIOCGSTAMPNS    SIOCGSTAMPNS_OLD
#23 19.55       | 
#23 19.55 /usr/include/bits/ioctl.h:112: note: this is the location of the previous definition
#23 19.55   112 | #define SIOCGSTAMPNS    0x8907
#23 19.55       | 
#23 20.42     CC       ssfilter_check.o
#23 20.45     YACC     ssfilter.tab.c
#23 20.51     CC       ssfilter.tab.o
#23 20.61     LINK     ss
#23 20.62     CC       nstat
#23 20.63 In file included from nstat.c:20:
#23 20.63 /usr/include/sys/poll.h:1:2: warning: #warning redirecting incorrect #include <sys/poll.h> to <poll.h> [-Wcpp]
#23 20.63     1 | #warning redirecting incorrect #include <sys/poll.h> to <poll.h>
#23 20.63       |  ^~~~~~~
#23 20.79     CC       ifstat
#23 20.80 In file included from ifstat.c:20:
#23 20.80 /usr/include/sys/poll.h:1:2: warning: #warning redirecting incorrect #include <sys/poll.h> to <poll.h> [-Wcpp]
#23 20.80     1 | #warning redirecting incorrect #include <sys/poll.h> to <poll.h>
#23 20.80       |  ^~~~~~~
#23 20.99     CC       rtacct
#23 21.00 In file included from rtacct.c:19:
#23 21.00 /usr/include/sys/poll.h:1:2: warning: #warning redirecting incorrect #include <sys/poll.h> to <poll.h> [-Wcpp]
#23 21.00     1 | #warning redirecting incorrect #include <sys/poll.h> to <poll.h>
#23 21.00       |  ^~~~~~~
#23 21.13     CC       lnstat.o
#23 21.19     CC       lnstat_util.o
#23 21.26     LINK     lnstat
#23 21.27 
#23 21.27 netem
#23 21.27 gcc  -I../include -o maketable maketable.c -lm
#23 21.30 gcc  -I../include -o normal normal.c -lm
#23 21.33 gcc  -I../include -o pareto pareto.c -lm
#23 21.35 gcc  -I../include -o paretonormal paretonormal.c -lm
#23 21.38 ./normal > normal.dist
#23 21.39 ./pareto > pareto.dist
#23 21.39 ./paretonormal > paretonormal.dist
#23 21.40 ./maketable experimental.dat > experimental.dist
#23 21.41 
#23 21.41 genl
#23 21.41     CC       genl.o
#23 21.45     CC       ctrl.o
#23 21.52     LINK     genl
#23 21.54 
#23 21.54 man
#23 21.55 make[2]: Nothing to be done for 'all'.
#23 21.55 make[2]: Nothing to be done for 'all'.
#23 21.55 sed \
#23 21.55 	-e "s|@NETNS_ETC_DIR@|/etc/netns|g" \
#23 21.55 	-e "s|@NETNS_RUN_DIR@|/var/run/netns|g" \
#23 21.55 	-e "s|@SYSCONF_ETC_DIR@|/etc/iproute2|g" \
#23 21.55 	-e "s|@SYSCONF_USR_DIR@|/usr/share/iproute2|g" \
#23 21.55 	ip-address.8.in > ip-address.8
#23 21.55 sed \
#23 21.55 	-e "s|@NETNS_ETC_DIR@|/etc/netns|g" \
#23 21.55 	-e "s|@NETNS_RUN_DIR@|/var/run/netns|g" \
#23 21.55 	-e "s|@SYSCONF_ETC_DIR@|/etc/iproute2|g" \
#23 21.55 	-e "s|@SYSCONF_USR_DIR@|/usr/share/iproute2|g" \
#23 21.55 	ip-link.8.in > ip-link.8
#23 21.56 sed \
#23 21.56 	-e "s|@NETNS_ETC_DIR@|/etc/netns|g" \
#23 21.56 	-e "s|@NETNS_RUN_DIR@|/var/run/netns|g" \
#23 21.56 	-e "s|@SYSCONF_ETC_DIR@|/etc/iproute2|g" \
#23 21.56 	-e "s|@SYSCONF_USR_DIR@|/usr/share/iproute2|g" \
#23 21.56 	ip-netns.8.in > ip-netns.8
#23 21.56 sed \
#23 21.56 	-e "s|@NETNS_ETC_DIR@|/etc/netns|g" \
#23 21.56 	-e "s|@NETNS_RUN_DIR@|/var/run/netns|g" \
#23 21.56 	-e "s|@SYSCONF_ETC_DIR@|/etc/iproute2|g" \
#23 21.56 	-e "s|@SYSCONF_USR_DIR@|/usr/share/iproute2|g" \
#23 21.56 	ip-route.8.in > ip-route.8
#23 21.56 
#23 21.56 tipc
#23 21.56     CC       bearer.o
#23 21.75     CC       cmdl.o
#23 21.79     CC       link.o
#23 21.99     CC       media.o
#23 22.04     CC       misc.o
#23 22.10     CC       msg.o
#23 22.12     CC       nametable.o
#23 22.16     CC       node.o
#23 22.25     CC       socket.o
#23 22.28     CC       peer.o
#23 22.32     CC       tipc.o
#23 22.35     LINK     tipc
#23 22.37 
#23 22.37 devlink
#23 22.37     CC       devlink.o
#23 24.00     CC       mnlg.o
#23 24.04     LINK     devlink
#23 24.06 
#23 24.06 rdma
#23 24.06     CC       rdma.o
#23 24.08 rdma.c: In function 'main':
#23 24.08 rdma.c:110:20: warning: implicit declaration of function 'basename'; did you mean 'rename'? [-Wimplicit-function-declaration]
#23 24.08   110 |         filename = basename(argv[0]);
#23 24.08       |                    ^~~~~~~~
#23 24.08       |                    rename
#23 24.08 rdma.c:110:18: warning: assignment to 'char *' from 'int' makes pointer from integer without a cast [-Wint-conversion]
#23 24.08   110 |         filename = basename(argv[0]);
#23 24.08       |                  ^
#23 24.10     CC       utils.o
#23 24.27     CC       dev.o
#23 24.34     CC       link.o
#23 24.41     CC       res.o
#23 24.52     CC       res-pd.o
#23 24.56     CC       res-mr.o
#23 24.60     CC       res-cq.o
#23 24.65     CC       res-cmid.o
#23 24.71     CC       res-qp.o
#23 24.76     CC       sys.o
#23 24.82     CC       stat.o
#23 25.05     CC       stat-mr.o
#23 25.10     CC       res-ctx.o
#23 25.13     CC       res-srq.o
#23 25.22     LINK     rdma
#23 25.24 
#23 25.24 dcb
#23 25.24     CC       dcb.o
#23 25.36     CC       dcb_app.o
#23 25.56     CC       dcb_buffer.o
#23 25.63     CC       dcb_dcbx.o
#23 25.67     CC       dcb_ets.o
#23 25.76     CC       dcb_maxrate.o
#23 25.81     CC       dcb_pfc.o
#23 25.87     CC       dcb_apptrust.o
#23 25.93     CC       dcb_rewr.o
#23 26.00     LINK     dcb
#23 26.02 
#23 26.02 vdpa
#23 26.02     CC       vdpa.o
#23 26.03 In file included from vdpa.c:19:
#23 26.03 ../include/json_print.h:80:30: warning: 'struct timeval' declared inside parameter list will not be visible outside of this definition or declaration
#23 26.03    80 | _PRINT_FUNC(tv, const struct timeval *)
#23 26.03       |                              ^~~~~~~
#23 26.03 ../include/json_print.h:50:37: note: in definition of macro '_PRINT_FUNC'
#23 26.03    50 |                                     type value);                        \
#23 26.03       |                                     ^~~~
#23 26.03 ../include/json_print.h:80:30: warning: 'struct timeval' declared inside parameter list will not be visible outside of this definition or declaration
#23 26.03    80 | _PRINT_FUNC(tv, const struct timeval *)
#23 26.03       |                              ^~~~~~~
#23 26.03 ../include/json_print.h:55:45: note: in definition of macro '_PRINT_FUNC'
#23 26.03    55 |                                             type value)                 \
#23 26.03       |                                             ^~~~
#23 26.03 ../include/json_print.h: In function 'print_tv':
#23 26.03 ../include/json_print.h:58:48: warning: passing argument 5 of 'print_color_tv' from incompatible pointer type [-Wincompatible-pointer-types]
#23 26.03    58 |                                                value);                  \
#23 26.03       |                                                ^~~~~
#23 26.03       |                                                |
#23 26.03       |                                                const struct timeval *
#23 26.03 ../include/json_print.h:80:1: note: in expansion of macro '_PRINT_FUNC'
#23 26.03    80 | _PRINT_FUNC(tv, const struct timeval *)
#23 26.03       | ^~~~~~~~~~~
#23 26.03 ../include/json_print.h:50:42: note: expected 'const struct timeval *' but argument is of type 'const struct timeval *'
#23 26.03    50 |                                     type value);                        \
#23 26.03       |                                          ^
#23 26.03 ../include/json_print.h:80:1: note: in expansion of macro '_PRINT_FUNC'
#23 26.03    80 | _PRINT_FUNC(tv, const struct timeval *)
#23 26.03       | ^~~~~~~~~~~
#23 26.18     LINK     vdpa
#23 DONE 26.2s

#24 [20/23] RUN git clone --no-single-branch --depth=1 https://github.com/linux-netdev/testing.git /nipa-data/kernel
#24 0.347 Cloning into '/nipa-data/kernel'...
#24 46.37 Updating files:  16% (14041/83283)Updating files:  17% (14159/83283)Updating files:  18% (14991/83283)Updating files:  19% (15824/83283)Updating files:  20% (16657/83283)Updating files:  21% (17490/83283)Updating files:  22% (18323/83283)Updating files:  23% (19156/83283)Updating files:  24% (19988/83283)Updating files:  25% (20821/83283)Updating files:  26% (21654/83283)Updating files:  27% (22487/83283)Updating files:  28% (23320/83283)Updating files:  29% (24153/83283)Updating files:  30% (24985/83283)Updating files:  31% (25818/83283)Updating files:  32% (26651/83283)Updating files:  33% (27484/83283)Updating files:  34% (28317/83283)Updating files:  35% (29150/83283)Updating files:  35% (29328/83283)Updating files:  36% (29982/83283)Updating files:  37% (30815/83283)Updating files:  38% (31648/83283)Updating files:  39% (32481/83283)Updating files:  40% (33314/83283)Updating files:  40% (33609/83283)Updating files:  41% (34147/83283)Updating files:  42% (34979/83283)Updating files:  43% (35812/83283)Updating files:  44% (36645/83283)Updating files:  45% (37478/83283)Updating files:  46% (38311/83283)Updating files:  47% (39144/83283)Updating files:  48% (39976/83283)Updating files:  49% (40809/83283)Updating files:  50% (41642/83283)Updating files:  51% (42475/83283)Updating files:  51% (42805/83283)Updating files:  52% (43308/83283)Updating files:  53% (44140/83283)Updating files:  54% (44973/83283)Updating files:  55% (45806/83283)Updating files:  56% (46639/83283)Updating files:  57% (47472/83283)Updating files:  58% (48305/83283)Updating files:  59% (49137/83283)Updating files:  60% (49970/83283)Updating files:  61% (50803/83283)Updating files:  62% (51636/83283)Updating files:  63% (52469/83283)Updating files:  64% (53302/83283)Updating files:  65% (54134/83283)Updating files:  65% (54710/83283)Updating files:  66% (54967/83283)Updating files:  67% (55800/83283)Updating files:  68% (56633/83283)Updating files:  69% (57466/83283)Updating files:  70% (58299/83283)Updating files:  71% (59131/83283)Updating files:  72% (59964/83283)Updating files:  73% (60797/83283)Updating files:  74% (61630/83283)Updating files:  75% (62463/83283)Updating files:  76% (63296/83283)Updating files:  77% (64128/83283)Updating files:  78% (64961/83283)Updating files:  79% (65794/83283)Updating files:  80% (66627/83283)Updating files:  81% (67460/83283)Updating files:  82% (68293/83283)Updating files:  83% (69125/83283)Updating files:  83% (69693/83283)Updating files:  84% (69958/83283)Updating files:  85% (70791/83283)Updating files:  86% (71624/83283)Updating files:  87% (72457/83283)Updating files:  88% (73290/83283)Updating files:  89% (74122/83283)Updating files:  90% (74955/83283)Updating files:  91% (75788/83283)Updating files:  92% (76621/83283)Updating files:  93% (77454/83283)Updating files:  94% (78287/83283)Updating files:  95% (79119/83283)Updating files:  96% (79952/83283)Updating files:  97% (80785/83283)Updating files:  98% (81618/83283)Updating files:  99% (82451/83283)Updating files: 100% (83283/83283)Updating files: 100% (83283/83283), done.
#24 DONE 54.0s

#25 [21/23] RUN git clone --depth=1 -b main https://github.com/p4tc-dev/new-nipa.git nipa
#25 0.304 Cloning into 'nipa'...
#25 DONE 2.5s

#26 [22/23] COPY entrypoint.sh /entrypoint.sh
#26 DONE 0.6s

#27 [23/23] RUN sed -i '/\["-serial", "none"\]/d' /usr/lib/python3.11/site-packages/virtme/commands/run.py
#27 DONE 0.7s

#28 exporting to image
#28 exporting layers
#28 exporting layers 7.8s done
#28 writing image sha256:3038ec7e6cf7a02ee233c0c9d99d6a4553a76f7174b7d6ca03ad44be6ab38930 0.0s done
#28 naming to docker.io/library/nipa-executor 0.0s done
#28 DONE 7.9s
NIPA version: 1b9c21a (ui: set canvas background color to stand out, 2024-03-28)
INFO: Last run date: 2024-03-31 21:00:06.889116+00:00
Testing  {'branch': 'net-next-2024-04-01--00-00', 'date': '2024-04-01T00:00:09.086984+00:00', 'base': 'a9fdcd6ff9bf8e8698a36e4ac44e9357712448c8', 'url': 'https://github.com/linux-netdev/testing.git net-next-2024-04-01--00-00'}
Updating files:  51% (7271/14157)Updating files:  52% (7362/14157)Updating files:  53% (7504/14157)Updating files:  54% (7645/14157)Updating files:  55% (7787/14157)Updating files:  56% (7928/14157)Updating files:  57% (8070/14157)Updating files:  58% (8212/14157)Updating files:  59% (8353/14157)Updating files:  60% (8495/14157)Updating files:  61% (8636/14157)Updating files:  62% (8778/14157)Updating files:  63% (8919/14157)Updating files:  64% (9061/14157)Updating files:  65% (9203/14157)Updating files:  66% (9344/14157)Updating files:  67% (9486/14157)Updating files:  68% (9627/14157)Updating files:  69% (9769/14157)Updating files:  70% (9910/14157)Updating files:  71% (10052/14157)Updating files:  72% (10194/14157)Updating files:  73% (10335/14157)Updating files:  74% (10477/14157)Updating files:  75% (10618/14157)Updating files:  76% (10760/14157)Updating files:  77% (10901/14157)Updating files:  78% (11043/14157)Updating files:  79% (11185/14157)Updating files:  80% (11326/14157)Updating files:  81% (11468/14157)Updating files:  82% (11609/14157)Updating files:  83% (11751/14157)Updating files:  84% (11892/14157)Updating files:  85% (12034/14157)Updating files:  86% (12176/14157)Updating files:  87% (12317/14157)Updating files:  88% (12459/14157)Updating files:  89% (12600/14157)Updating files:  90% (12742/14157)Updating files:  91% (12883/14157)Updating files:  92% (13025/14157)Updating files:  93% (13167/14157)Updating files:  94% (13308/14157)Updating files:  95% (13450/14157)Updating files:  96% (13591/14157)Updating files:  97% (13733/14157)Updating files:  98% (13874/14157)Updating files:  99% (14016/14157)Updating files: 100% (14157/14157)Updating files: 100% (14157/14157), done.
branch 'net-next-2024-04-01--00-00' set up to track 'origin/net-next-2024-04-01--00-00'.
Switched to a new branch 'net-next-2024-04-01--00-00'
error: No valid patches in input (allow with "--allow-empty")
Checking patch tools/testing/selftests/tc-testing/tdc_config.py...
Applied patch tools/testing/selftests/tc-testing/tdc_config.py cleanly.
Run at 2024-04-01 00:04:07.280644
INFO: building kernel
INFO: starting VM 0
INFO: thr0-0 VM starting: vng -v -r arch/x86/boot/bzImage --user root --rwdir=/nipa-data/kernel/
INFO: thr0-0 expecting prompt: '/nipa-data/kernel# '
INFO: thr0-0 reached initial prompt
INFO: thr-0 testing == tdc.sh
INFO: thr-0 tdc.sh >> retcode: 0 result: pass found {'fail': False, 'skip': False, 'pass': True}
INFO: thr-0 has no more work, exiting
INFO: thr0-0 VM stopped
Done at 2024-04-01 00:07:40.477978
NIPA quitting!
/
~/nipa/tc-executor/tc-executor-storage /
sort: write failed: 'standard output': Broken pipe
sort: write error
