~/nipa/tc-executor/tc-executor-storage /
Switched to branch 'storage'
Your branch is ahead of 'origin/storage' by 873 commits.
  (use "git push" to publish your local commits)
/
~/nipa/tc-executor /
Error response from daemon: No such image: nipa-executor:latest
#0 building with "default" instance using docker driver

#1 [internal] load build definition from Dockerfile
#1 transferring dockerfile: 2.05kB done
#1 DONE 0.0s

#2 [internal] load .dockerignore
#2 transferring context: 2B done
#2 DONE 0.0s

#3 [internal] load metadata for docker.io/library/alpine:edge
#3 DONE 0.0s

#4 [ 1/22] FROM docker.io/library/alpine:edge
#4 CACHED

#5 [internal] load build context
#5 transferring context: 3.02kB done
#5 DONE 0.0s

#6 [ 2/22] RUN echo false > debug-mode
#6 DONE 0.8s

#7 [ 3/22] RUN addgroup -g 1001 hostuser
#7 DONE 0.5s

#8 [ 4/22] RUN adduser -u 1001 -G hostuser -H -D -s /bin/ash hostuser
#8 DONE 0.4s

#9 [ 5/22] RUN echo '@testing http://dl-cdn.alpinelinux.org/alpine/edge/testing' >> /etc/apk/repositories
#9 DONE 0.4s

#10 [ 6/22] RUN echo '@community http://dl-cdn.alpinelinux.org/alpine/edge/community' >> /etc/apk/repositories
#10 DONE 0.4s

#11 [ 7/22] RUN apk update && apk add --no-cache    virtme-ng@testing    git    py3-requests    py3-psutil    py3-setuptools    py3-pyroute2    py3-argcomplete    qemu-system-x86_64@community    scapy@community    make    gcc    musl-dev    flex    bison    linux-headers    elfutils-dev    util-linux    coreutils    diffutils    findutils    file    bash    kmod    perl    iptables-dev    libcap-dev    libmnl-dev    iproute2     jq    libbpf-dev    rsync    openssl-dev
#11 0.409 fetch https://dl-cdn.alpinelinux.org/alpine/edge/main/x86_64/APKINDEX.tar.gz
#11 0.644 fetch https://dl-cdn.alpinelinux.org/alpine/edge/community/x86_64/APKINDEX.tar.gz
#11 0.841 fetch http://dl-cdn.alpinelinux.org/alpine/edge/testing/x86_64/APKINDEX.tar.gz
#11 1.044 fetch http://dl-cdn.alpinelinux.org/alpine/edge/community/x86_64/APKINDEX.tar.gz
#11 1.303 v3.20.0-1004-g454b856053e [https://dl-cdn.alpinelinux.org/alpine/edge/main]
#11 1.303 v20240606-8-ged32ab72cc9 [https://dl-cdn.alpinelinux.org/alpine/edge/community]
#11 1.303 v20240606-10-ga2587916b96 [http://dl-cdn.alpinelinux.org/alpine/edge/testing]
#11 1.303 v20240606-8-ged32ab72cc9 [http://dl-cdn.alpinelinux.org/alpine/edge/community]
#11 1.303 OK: 31527 distinct packages available
#11 1.360 fetch https://dl-cdn.alpinelinux.org/alpine/edge/main/x86_64/APKINDEX.tar.gz
#11 1.460 fetch https://dl-cdn.alpinelinux.org/alpine/edge/community/x86_64/APKINDEX.tar.gz
#11 1.547 fetch http://dl-cdn.alpinelinux.org/alpine/edge/testing/x86_64/APKINDEX.tar.gz
#11 1.645 fetch http://dl-cdn.alpinelinux.org/alpine/edge/community/x86_64/APKINDEX.tar.gz
#11 1.912 (1/177) Upgrading musl (1.2.4_git20230717-r5 -> 1.2.5-r1)
#11 1.929 (2/177) Upgrading libcrypto3 (3.1.4-r2 -> 3.3.0-r2)
#11 1.967 (3/177) Upgrading libssl3 (3.1.4-r2 -> 3.3.0-r2)
#11 1.987 (4/177) Upgrading zlib (1.3-r2 -> 1.3.1-r1)
#11 1.999 (5/177) Installing ncurses-terminfo-base (6.4_p20240420-r0)
#11 2.014 (6/177) Installing libncursesw (6.4_p20240420-r0)
#11 2.028 (7/177) Installing readline (8.2.10-r0)
#11 2.044 (8/177) Installing bash (5.2.26-r0)
#11 2.064 Executing bash-5.2.26-r0.post-install
#11 2.066 (9/177) Installing m4 (1.4.19-r3)
#11 2.081 (10/177) Installing bison (3.8.2-r1)
#11 2.102 (11/177) Installing coreutils-env (9.5-r1)
#11 2.114 (12/177) Installing coreutils-fmt (9.5-r1)
#11 2.126 (13/177) Installing coreutils-sha512sum (9.5-r1)
#11 2.139 (14/177) Installing libacl (2.3.2-r0)
#11 2.151 (15/177) Installing libattr (2.5.2-r0)
#11 2.164 (16/177) Installing skalibs (2.14.1.1-r0)
#11 2.177 (17/177) Installing utmps-libs (0.1.2.2-r1)
#11 2.188 (18/177) Installing coreutils (9.5-r1)
#11 2.211 (19/177) Installing diffutils (3.10-r0)
#11 2.232 (20/177) Installing zstd-libs (1.5.6-r0)
#11 2.249 (21/177) Installing libelf (0.191-r0)
#11 2.262 (22/177) Installing libbz2 (1.0.8-r6)
#11 2.275 (23/177) Installing musl-fts (1.2.7-r6)
#11 2.287 (24/177) Installing xz-libs (5.6.1-r3)
#11 2.302 (25/177) Installing libdw (0.191-r0)
#11 2.354 (26/177) Installing libasm (0.191-r0)
#11 2.366 (27/177) Installing xz (5.6.1-r3)
#11 2.381 (28/177) Installing pkgconf (2.2.0-r0)
#11 2.396 (29/177) Installing xz-dev (5.6.1-r3)
#11 2.411 (30/177) Installing libgcc (13.2.1_git20240309-r0)
#11 2.424 (31/177) Installing libstdc++ (13.2.1_git20240309-r0)
#11 2.450 (32/177) Installing zstd (1.5.6-r0)
#11 2.466 (33/177) Installing zstd-dev (1.5.6-r0)
#11 2.480 (34/177) Installing zlib-dev (1.3.1-r1)
#11 2.493 (35/177) Installing elfutils-dev (0.191-r0)
#11 2.513 (36/177) Installing libmagic (5.45-r1)
#11 2.540 (37/177) Installing file (5.45-r1)
#11 2.555 (38/177) Installing findutils (4.9.0-r5)
#11 2.569 (39/177) Installing flex (2.6.4-r6)
#11 2.584 (40/177) Installing jansson (2.14-r4)
#11 2.596 (41/177) Installing binutils (2.42-r0)
#11 2.657 (42/177) Installing libgomp (13.2.1_git20240309-r0)
#11 2.672 (43/177) Installing libatomic (13.2.1_git20240309-r0)
#11 2.685 (44/177) Installing gmp (6.3.0-r1)
#11 2.701 (45/177) Installing isl26 (0.26-r1)
#11 2.725 (46/177) Installing mpfr4 (4.2.1-r0)
#11 2.745 (47/177) Installing mpc1 (1.3.1-r1)
#11 2.758 (48/177) Installing gcc (13.2.1_git20240309-r0)
#11 3.243 (49/177) Installing ca-certificates (20240226-r0)
#11 3.267 (50/177) Installing brotli-libs (1.1.0-r2)
#11 3.287 (51/177) Installing c-ares (1.28.1-r0)
#11 3.301 (52/177) Installing libunistring (1.2-r0)
#11 3.321 (53/177) Installing libidn2 (2.3.7-r0)
#11 3.336 (54/177) Installing nghttp2-libs (1.62.0-r0)
#11 3.349 (55/177) Installing libpsl (0.21.5-r1)
#11 3.363 (56/177) Installing libcurl (8.8.0-r0)
#11 3.380 (57/177) Installing libexpat (2.6.2-r0)
#11 3.393 (58/177) Installing pcre2 (10.43-r0)
#11 3.411 (59/177) Installing git (2.45.2-r0)
#11 3.464 (60/177) Installing git-init-template (2.45.2-r0)
#11 3.481 (61/177) Installing libcap2 (2.70-r0)
#11 3.494 (62/177) Installing libmnl (1.0.5-r2)
#11 3.507 (63/177) Installing iproute2-minimal (6.9.0-r0)
#11 3.526 (64/177) Installing libxtables (1.8.10-r3)
#11 3.538 (65/177) Installing iproute2-tc (6.9.0-r0)
#11 3.553 (66/177) Installing iproute2-ss (6.9.0-r0)
#11 3.567 (67/177) Installing iproute2 (6.9.0-r0)
#11 3.587 Executing iproute2-6.9.0-r0.post-install
#11 3.590 (68/177) Installing linux-headers (6.6-r0)
#11 3.670 (69/177) Installing libip4tc (1.8.10-r3)
#11 3.682 (70/177) Installing libip6tc (1.8.10-r3)
#11 3.695 (71/177) Installing libipq (1.8.10-r3)
#11 3.706 (72/177) Installing iptables-dev (1.8.10-r3)
#11 3.720 (73/177) Installing oniguruma (6.9.9-r0)
#11 3.734 (74/177) Installing jq (1.7.1-r0)
#11 3.751 (75/177) Installing kmod (32-r0)
#11 3.765 (76/177) Installing libbpf (1.4.3-r0)
#11 3.779 (77/177) Installing libbpf-dev (1.4.3-r0)
#11 3.803 (78/177) Installing libcap-dev (2.70-r0)
#11 3.814 (79/177) Installing libmnl-dev (1.0.5-r2)
#11 3.826 (80/177) Installing make (4.4.1-r2)
#11 3.840 (81/177) Installing musl-dev (1.2.5-r1)
#11 3.893 (82/177) Installing openssl-dev (3.3.0-r2)
#11 3.918 (83/177) Installing perl (5.38.2-r0)
#11 4.115 (84/177) Installing perl-error (0.17029-r2)
#11 4.128 (85/177) Installing perl-git (2.45.2-r0)
#11 4.141 (86/177) Installing git-perl (2.45.2-r0)
#11 4.154 (87/177) Installing libffi (3.4.6-r0)
#11 4.165 (88/177) Installing gdbm (1.23-r1)
#11 4.179 (89/177) Installing mpdecimal (4.0.0-r0)
#11 4.193 (90/177) Installing libpanelw (6.4_p20240420-r0)
#11 4.205 (91/177) Installing sqlite-libs (3.46.0-r0)
#11 4.228 (92/177) Installing python3 (3.12.3-r1)
#11 4.366 (93/177) Installing python3-pycache-pyc0 (3.12.3-r1)
#11 4.446 (94/177) Installing pyc (3.12.3-r1)
#11 4.458 (95/177) Installing py3-argcomplete-pyc (3.3.0-r0)
#11 4.475 (96/177) Installing python3-pyc (3.12.3-r1)
#11 4.489 (97/177) Installing py3-argcomplete (3.3.0-r0)
#11 4.503 (98/177) Installing py3-psutil (5.9.8-r1)
#11 4.518 (99/177) Installing py3-psutil-pyc (5.9.8-r1)
#11 4.534 (100/177) Installing py3-pyroute2 (0.7.12-r1)
#11 4.563 (101/177) Installing py3-pyroute2-pyc (0.7.12-r1)
#11 4.635 (102/177) Installing py3-certifi (2024.2.2-r1)
#11 4.647 (103/177) Installing py3-certifi-pyc (2024.2.2-r1)
#11 4.684 (104/177) Installing py3-charset-normalizer (3.3.2-r1)
#11 4.697 (105/177) Installing py3-charset-normalizer-pyc (3.3.2-r1)
#11 4.711 (106/177) Installing py3-idna (3.7-r0)
#11 4.725 (107/177) Installing py3-idna-pyc (3.7-r0)
#11 4.739 (108/177) Installing py3-urllib3 (1.26.18-r1)
#11 4.764 (109/177) Installing py3-urllib3-pyc (1.26.18-r1)
#11 4.782 (110/177) Installing py3-requests (2.32.3-r0)
#11 4.796 (111/177) Installing py3-requests-pyc (2.32.3-r0)
#11 4.810 (112/177) Installing py3-parsing (3.1.2-r1)
#11 4.825 (113/177) Installing py3-parsing-pyc (3.1.2-r1)
#11 4.841 (114/177) Installing py3-packaging (24.0-r1)
#11 4.855 (115/177) Installing py3-packaging-pyc (24.0-r1)
#11 4.868 (116/177) Installing py3-setuptools (69.5.1-r0)
#11 4.904 (117/177) Installing py3-setuptools-pyc (69.5.1-r0)
#11 4.944 (118/177) Installing libcap-ng (0.8.5-r0)
#11 4.957 (119/177) Installing libintl (0.22.5-r0)
#11 4.969 (120/177) Installing libeconf (0.6.3-r0)
#11 4.983 (121/177) Installing libblkid (2.40.1-r1)
#11 5.008 (122/177) Installing libmount (2.40.1-r1)
#11 5.023 (123/177) Installing glib (2.80.2-r0)
#11 5.061 (124/177) Installing numactl (2.0.18-r0)
#11 5.073 (125/177) Installing qemu (9.0.0-r0)
#11 5.090 Executing qemu-9.0.0-r0.pre-install
#11 5.146 Executing qemu-9.0.0-r0.post-install
#11 5.150 *
#11 5.150 * If you want to run VM as unprivileged user and let Qemu create tunX devices,
#11 5.150 * then you must add that user to the group "qemu".
#11 5.150 * If you use KVM for hardware-assisted virtualization, then you may also need
#11 5.150 * to add that user to the group "kvm".
#11 5.150 *
#11 5.150 (126/177) Installing qemu-bridge-helper (9.0.0-r0)
#11 5.168 (127/177) Installing libaio (0.3.113-r2)
#11 5.181 (128/177) Installing capstone (5.0.1-r4)
#11 5.212 (129/177) Installing nettle (3.9.1-r0)
#11 5.230 (130/177) Installing libtasn1 (4.19.0-r2)
#11 5.243 (131/177) Installing p11-kit (0.25.3-r0)
#11 5.262 (132/177) Installing gnutls (3.8.5-r0)
#11 5.288 (133/177) Installing libjpeg-turbo (3.0.3-r0)
#11 5.304 (134/177) Installing lzo (2.10-r5)
#11 5.319 (135/177) Installing pixman (0.43.2-r0)
#11 5.335 (136/177) Installing libpng (1.6.43-r0)
#11 5.349 (137/177) Installing libsasl (2.1.28-r6)
#11 5.364 (138/177) Installing libseccomp (2.5.5-r1)
#11 5.377 (139/177) Installing libslirp (4.8.0-r0)
#11 5.390 (140/177) Installing snappy (1.1.10-r2)
#11 5.403 (141/177) Installing liburing (2.6-r0)
#11 5.415 (142/177) Installing vde2-libs (2.3.3-r3)
#11 5.428 (143/177) Installing qemu-system-x86_64 (9.0.0-r0)
#11 5.549 (144/177) Installing lz4-libs (1.9.4-r5)
#11 5.563 (145/177) Installing popt (1.19-r3)
#11 5.575 (146/177) Installing libxxhash (0.8.2-r2)
#11 5.587 (147/177) Installing rsync (3.3.0-r0)
#11 5.603 (148/177) Installing scapy (2.5.0-r3)
#11 5.654 Executing scapy-2.5.0-r3.post-install
#11 5.656 *
#11 5.656 * Certain optional features of scapy also depend on the following packages:
#11 5.656 *     py3-matplotlib graphviz imagemagick py3-cryptography sox
#11 5.656 * And the following unpackaged dependencies:
#11 5.656 *     pyxi vpython-jupyter nmap<v4.23
#11 5.656 * More information can be found at https://scapy.readthedocs.io/en/latest/installation.html#optional-dependencies
#11 5.656 *
#11 5.656 (149/177) Installing scapy-pyc (2.5.0-r3)
#11 5.733 (150/177) Installing util-linux (2.40.1-r1)
#11 5.745 (151/177) Installing dmesg (2.40.1-r1)
#11 5.757 (152/177) Installing setarch (2.40.1-r1)
#11 5.769 (153/177) Installing libuuid (2.40.1-r1)
#11 5.781 (154/177) Installing libfdisk (2.40.1-r1)
#11 5.796 (155/177) Installing libsmartcols (2.40.1-r1)
#11 5.809 (156/177) Installing util-linux-misc (2.40.1-r1)
#11 5.837 (157/177) Installing linux-pam (1.6.0-r0)
#11 5.856 (158/177) Installing runuser (2.40.1-r1)
#11 5.868 (159/177) Installing mount (2.40.1-r1)
#11 5.881 (160/177) Installing losetup (2.40.1-r1)
#11 5.892 (161/177) Installing hexdump (2.40.1-r1)
#11 5.904 (162/177) Installing uuidgen (2.40.1-r1)
#11 5.916 (163/177) Installing blkid (2.40.1-r1)
#11 5.928 (164/177) Installing sfdisk (2.40.1-r1)
#11 5.941 (165/177) Installing mcookie (2.40.1-r1)
#11 5.952 (166/177) Installing agetty (2.40.1-r1)
#11 5.966 (167/177) Installing wipefs (2.40.1-r1)
#11 5.979 (168/177) Installing cfdisk (2.40.1-r1)
#11 5.991 (169/177) Installing umount (2.40.1-r1)
#11 6.003 (170/177) Installing flock (2.40.1-r1)
#11 6.014 (171/177) Installing lsblk (2.40.1-r1)
#11 6.027 (172/177) Installing setpriv (2.40.1-r1)
#11 6.039 (173/177) Installing logger (2.40.1-r1)
#11 6.051 (174/177) Installing partx (2.40.1-r1)
#11 6.063 (175/177) Installing fstrim (2.40.1-r1)
#11 6.074 (176/177) Installing findmnt (2.40.1-r1)
#11 6.088 (177/177) Installing virtme-ng@testing (1.25-r0)
#11 6.143 Executing busybox-1.36.1-r17.trigger
#11 6.148 Executing ca-certificates-20240226-r0.trigger
#11 6.170 Executing glib-2.80.2-r0.trigger
#11 6.175 OK: 385 MiB in 188 packages
#11 DONE 6.6s

#12 [ 8/22] RUN mkdir -p /tmp/kernel-patches &&     mkdir -p /tmp/iproute2-patches
#12 DONE 0.4s

#13 [ 9/22] COPY tdc.config /tmp
#13 DONE 0.0s

#14 [10/22] COPY tdc-debug.config /tmp
#14 DONE 0.0s

#15 [11/22] COPY kernel-patches /tmp/kernel-patches/
#15 DONE 0.1s

#16 [12/22] COPY iproute2-patches /tmp/iproute2-patches/
#16 DONE 0.0s

#17 [13/22] COPY configs /tmp/configs/
#17 DONE 0.0s

#18 [14/22] RUN git config --global user.email foo@bar.com
#18 DONE 0.3s

#19 [15/22] RUN git config --global user.name foo@bar.com
#19 DONE 0.4s

#20 [16/22] RUN git clone https://git.kernel.org/pub/scm/network/iproute2/iproute2-next.git /nipa-data/iproute2
#20 0.469 Cloning into '/nipa-data/iproute2'...
#20 DONE 2.0s

#21 [17/22] RUN cd /nipa-data/iproute2 && 	git remote add stable https://git.kernel.org/pub/scm/network/iproute2/iproute2.git && 	git fetch --all && 	git merge stable/main
#21 0.411 Fetching origin
#21 0.736 Fetching stable
#21 1.157 From https://git.kernel.org/pub/scm/network/iproute2/iproute2
#21 1.157  * [new branch]        codeql         -> stable/codeql
#21 1.157  * [new branch]        iproute2-4.1.x -> stable/iproute2-4.1.x
#21 1.157  * [new branch]        main           -> stable/main
#21 1.161 Already up to date.
#21 DONE 1.2s

#22 [18/22] RUN if [ "$(find /tmp/iproute2-patches/ -name *.patch)" ]; then  	cd /nipa-data/iproute2; 	git apply /tmp/iproute2-patches/*.patch;     fi
#22 DONE 0.4s

#23 [19/22] RUN cd /nipa-data/iproute2/ &&     ./configure &&     make
#23 0.337 TC schedulers
#23 0.338  IPT	using xtables
#23 0.366  IPSET  yes
#23 0.386 
#23 0.387 lib directory: /usr/lib
#23 0.387 libc has setns: yes
#23 0.407 libc has name_to_handle_at: yes
#23 0.431 SELinux support: no
#23 0.432 libtirpc support: no
#23 0.433 libbpf support: yes
#23 0.498 	libbpf version 1.4.3
#23 0.498 ELF support: yes
#23 0.500 libmnl support: yes
#23 0.502 Berkeley DB: no
#23 0.515 need for strlcpy: no
#23 0.539 libcap support: yes
#23 0.541 color output: never
#23 0.543 
#23 0.543 lib
#23 0.545     CC       libgenl.o
#23 0.557 In file included from ../include/libgenl.h:5,
#23 0.557                  from libgenl.c:12:
#23 0.557 ../include/libnetlink.h: In function 'rta_getattr_be64':
#23 0.557 ../include/libnetlink.h:280:16: warning: implicit declaration of function 'htobe64' [-Wimplicit-function-declaration]
#23 0.557   280 |         return htobe64(rta_getattr_u64(rta));
#23 0.557       |                ^~~~~~~
#23 0.584     CC       libnetlink.o
#23 0.892     CC       mnl_utils.o
#23 0.905 In file included from mnl_utils.c:12:
#23 0.905 ../include/libnetlink.h: In function 'rta_getattr_be64':
#23 0.905 ../include/libnetlink.h:280:16: warning: implicit declaration of function 'htobe64' [-Wimplicit-function-declaration]
#23 0.905   280 |         return htobe64(rta_getattr_u64(rta));
#23 0.905       |                ^~~~~~~
#23 0.967     AR       libnetlink.a
#23 0.969     CC       utils.o
#23 1.362     CC       utils_math.o
#23 1.401     CC       rt_names.o
#23 1.556     CC       ll_map.o
#23 1.569 In file included from ll_map.c:17:
#23 1.569 ../include/libnetlink.h: In function 'rta_getattr_be64':
#23 1.569 ../include/libnetlink.h:280:16: warning: implicit declaration of function 'htobe64' [-Wimplicit-function-declaration]
#23 1.569   280 |         return htobe64(rta_getattr_u64(rta));
#23 1.569       |                ^~~~~~~
#23 1.646     CC       ll_types.o
#23 1.659 In file included from ll_types.c:20:
#23 1.659 ../include/uapi/linux/sockios.h:42: warning: "SIOCGSTAMP" redefined
#23 1.659    42 | #define SIOCGSTAMP      SIOCGSTAMP_OLD
#23 1.659       | 
#23 1.659 In file included from /usr/include/sys/ioctl.h:10,
#23 1.659                  from ll_types.c:12:
#23 1.659 /usr/include/bits/ioctl.h:111: note: this is the location of the previous definition
#23 1.659   111 | #define SIOCGSTAMP      0x8906
#23 1.659       | 
#23 1.659 ../include/uapi/linux/sockios.h:43: warning: "SIOCGSTAMPNS" redefined
#23 1.659    43 | #define SIOCGSTAMPNS    SIOCGSTAMPNS_OLD
#23 1.659       | 
#23 1.659 /usr/include/bits/ioctl.h:112: note: this is the location of the previous definition
#23 1.659   112 | #define SIOCGSTAMPNS    0x8907
#23 1.659       | 
#23 1.674     CC       ll_proto.o
#23 1.687 In file included from ll_proto.c:21:
#23 1.687 ../include/uapi/linux/sockios.h:42: warning: "SIOCGSTAMP" redefined
#23 1.687    42 | #define SIOCGSTAMP      SIOCGSTAMP_OLD
#23 1.687       | 
#23 1.687 In file included from /usr/include/sys/ioctl.h:10,
#23 1.687                  from ll_proto.c:13:
#23 1.687 /usr/include/bits/ioctl.h:111: note: this is the location of the previous definition
#23 1.687   111 | #define SIOCGSTAMP      0x8906
#23 1.687       | 
#23 1.687 ../include/uapi/linux/sockios.h:43: warning: "SIOCGSTAMPNS" redefined
#23 1.687    43 | #define SIOCGSTAMPNS    SIOCGSTAMPNS_OLD
#23 1.687       | 
#23 1.687 /usr/include/bits/ioctl.h:112: note: this is the location of the previous definition
#23 1.687   112 | #define SIOCGSTAMPNS    0x8907
#23 1.687       | 
#23 1.703     CC       ll_addr.o
#23 1.715 In file included from ll_addr.c:20:
#23 1.715 ../include/uapi/linux/sockios.h:42: warning: "SIOCGSTAMP" redefined
#23 1.715    42 | #define SIOCGSTAMP      SIOCGSTAMP_OLD
#23 1.715       | 
#23 1.715 In file included from /usr/include/sys/ioctl.h:10,
#23 1.715                  from ll_addr.c:12:
#23 1.715 /usr/include/bits/ioctl.h:111: note: this is the location of the previous definition
#23 1.715   111 | #define SIOCGSTAMP      0x8906
#23 1.715       | 
#23 1.715 ../include/uapi/linux/sockios.h:43: warning: "SIOCGSTAMPNS" redefined
#23 1.715    43 | #define SIOCGSTAMPNS    SIOCGSTAMPNS_OLD
#23 1.715       | 
#23 1.715 /usr/include/bits/ioctl.h:112: note: this is the location of the previous definition
#23 1.715   112 | #define SIOCGSTAMPNS    0x8907
#23 1.715       | 
#23 1.744     CC       inet_proto.o
#23 1.773     CC       namespace.o
#23 1.824     CC       json_writer.o
#23 1.898     CC       json_print.o
#23 2.012     CC       json_print_math.o
#23 2.041     CC       names.o
#23 2.087     CC       color.o
#23 2.125     CC       bpf_legacy.o
#23 2.476     CC       bpf_glue.o
#23 2.509     CC       exec.o
#23 2.536     CC       fs.o
#23 2.596     CC       cg_map.o
#23 2.627     CC       ppp_proto.o
#23 2.648     CC       bpf_libbpf.o
#23 2.718     CC       selinux.o
#23 2.736     CC       ax25_ntop.o
#23 2.762     CC       rose_ntop.o
#23 2.774 In file included from rose_ntop.c:16:
#23 2.774 ../include/uapi/linux/sockios.h:42: warning: "SIOCGSTAMP" redefined
#23 2.774    42 | #define SIOCGSTAMP      SIOCGSTAMP_OLD
#23 2.774       | 
#23 2.774 In file included from /usr/include/sys/ioctl.h:10,
#23 2.774                  from rose_ntop.c:7:
#23 2.774 /usr/include/bits/ioctl.h:111: note: this is the location of the previous definition
#23 2.774   111 | #define SIOCGSTAMP      0x8906
#23 2.774       | 
#23 2.774 ../include/uapi/linux/sockios.h:43: warning: "SIOCGSTAMPNS" redefined
#23 2.774    43 | #define SIOCGSTAMPNS    SIOCGSTAMPNS_OLD
#23 2.774       | 
#23 2.774 /usr/include/bits/ioctl.h:112: note: this is the location of the previous definition
#23 2.774   112 | #define SIOCGSTAMPNS    0x8907
#23 2.774       | 
#23 2.789     CC       mpls_ntop.o
#23 2.814     CC       mpls_pton.o
#23 2.839     CC       netrom_ntop.o
#23 2.860     AR       libutil.a
#23 2.865 
#23 2.865 ip
#23 2.867     CC       ip.o
#23 2.934     CC       ipaddress.o
#23 2.948 In file included from ipaddress.c:26:
#23 2.948 ../include/uapi/linux/sockios.h:42: warning: "SIOCGSTAMP" redefined
#23 2.948    42 | #define SIOCGSTAMP      SIOCGSTAMP_OLD
#23 2.948       | 
#23 2.948 In file included from /usr/include/sys/ioctl.h:10,
#23 2.948                  from ipaddress.c:14:
#23 2.948 /usr/include/bits/ioctl.h:111: note: this is the location of the previous definition
#23 2.948   111 | #define SIOCGSTAMP      0x8906
#23 2.948       | 
#23 2.948 ../include/uapi/linux/sockios.h:43: warning: "SIOCGSTAMPNS" redefined
#23 2.948    43 | #define SIOCGSTAMPNS    SIOCGSTAMPNS_OLD
#23 2.948       | 
#23 2.948 /usr/include/bits/ioctl.h:112: note: this is the location of the previous definition
#23 2.948   112 | #define SIOCGSTAMPNS    0x8907
#23 2.948       | 
#23 3.378     CC       ipaddrlabel.o
#23 3.435     CC       iproute.o
#23 3.928     CC       iprule.o
#23 4.108     CC       ipnetns.o
#23 4.289     CC       rtm_map.o
#23 4.323     CC       iptunnel.o
#23 4.334 In file included from ../include/uapi/linux/if_tunnel.h:6,
#23 4.334                  from iptunnel.c:19:
#23 4.334 ../include/uapi/linux/if.h:134: warning: "IFF_VOLATILE" redefined
#23 4.334   134 | #define IFF_VOLATILE    (IFF_LOOPBACK|IFF_POINTOPOINT|IFF_BROADCAST|IFF_ECHO|\
#23 4.334       | 
#23 4.334 In file included from iptunnel.c:16:
#23 4.334 /usr/include/net/if.h:48: note: this is the location of the previous definition
#23 4.334    48 | #define IFF_VOLATILE (IFF_LOOPBACK|IFF_POINTOPOINT|IFF_BROADCAST| \
#23 4.334       | 
#23 4.462     CC       ip6tunnel.o
#23 4.566     CC       tunnel.o
#23 4.652     CC       ipneigh.o
#23 4.797     CC       ipntable.o
#23 4.912     CC       iplink.o
#23 5.183     CC       ipmaddr.o
#23 5.195 In file included from ipmaddr.c:21:
#23 5.195 ../include/uapi/linux/sockios.h:42: warning: "SIOCGSTAMP" redefined
#23 5.195    42 | #define SIOCGSTAMP      SIOCGSTAMP_OLD
#23 5.195       | 
#23 5.195 In file included from /usr/include/sys/ioctl.h:10,
#23 5.195                  from ipmaddr.c:12:
#23 5.195 /usr/include/bits/ioctl.h:111: note: this is the location of the previous definition
#23 5.195   111 | #define SIOCGSTAMP      0x8906
#23 5.195       | 
#23 5.195 ../include/uapi/linux/sockios.h:43: warning: "SIOCGSTAMPNS" redefined
#23 5.195    43 | #define SIOCGSTAMPNS    SIOCGSTAMPNS_OLD
#23 5.195       | 
#23 5.195 /usr/include/bits/ioctl.h:112: note: this is the location of the previous definition
#23 5.195   112 | #define SIOCGSTAMPNS    0x8907
#23 5.195       | 
#23 5.279     CC       ipmonitor.o
#23 5.355     CC       ipmroute.o
#23 5.367 In file included from ipmroute.c:22:
#23 5.367 ../include/uapi/linux/sockios.h:42: warning: "SIOCGSTAMP" redefined
#23 5.367    42 | #define SIOCGSTAMP      SIOCGSTAMP_OLD
#23 5.367       | 
#23 5.367 In file included from /usr/include/sys/ioctl.h:10,
#23 5.367                  from ipmroute.c:13:
#23 5.367 /usr/include/bits/ioctl.h:111: note: this is the location of the previous definition
#23 5.367   111 | #define SIOCGSTAMP      0x8906
#23 5.367       | 
#23 5.367 ../include/uapi/linux/sockios.h:43: warning: "SIOCGSTAMPNS" redefined
#23 5.367    43 | #define SIOCGSTAMPNS    SIOCGSTAMPNS_OLD
#23 5.367       | 
#23 5.367 /usr/include/bits/ioctl.h:112: note: this is the location of the previous definition
#23 5.367   112 | #define SIOCGSTAMPNS    0x8907
#23 5.367       | 
#23 5.435     CC       ipprefix.o
#23 5.464     CC       iptuntap.o
#23 5.588     CC       iptoken.o
#23 5.644     CC       ipxfrm.o
#23 5.927     CC       xfrm_state.o
#23 6.179     CC       xfrm_policy.o
#23 6.409     CC       xfrm_monitor.o
#23 6.484     CC       iplink_dummy.o
#23 6.505     CC       iplink_ifb.o
#23 6.527     CC       iplink_nlmon.o
#23 6.548     CC       iplink_team.o
#23 6.570     CC       iplink_vcan.o
#23 6.591     CC       iplink_vxcan.o
#23 6.623     CC       iplink_vlan.o
#23 6.698     CC       link_veth.o
#23 6.725     CC       link_gre.o
#23 6.735 In file included from ../include/uapi/linux/if_tunnel.h:6,
#23 6.735                  from link_gre.c:15:
#23 6.735 ../include/uapi/linux/if.h:134: warning: "IFF_VOLATILE" redefined
#23 6.735   134 | #define IFF_VOLATILE    (IFF_LOOPBACK|IFF_POINTOPOINT|IFF_BROADCAST|IFF_ECHO|\
#23 6.735       | 
#23 6.735 In file included from link_gre.c:9:
#23 6.735 /usr/include/net/if.h:48: note: this is the location of the previous definition
#23 6.735    48 | #define IFF_VOLATILE (IFF_LOOPBACK|IFF_POINTOPOINT|IFF_BROADCAST| \
#23 6.735       | 
#23 6.839     CC       iplink_can.o
#23 6.976     CC       iplink_xdp.o
#23 7.033     CC       iplink_macvlan.o
#23 7.098     CC       ipl2tp.o
#23 7.249     CC       link_vti.o
#23 7.259 In file included from ../include/uapi/linux/if_tunnel.h:6,
#23 7.259                  from link_vti.c:16:
#23 7.259 ../include/uapi/linux/if.h:134: warning: "IFF_VOLATILE" redefined
#23 7.259   134 | #define IFF_VOLATILE    (IFF_LOOPBACK|IFF_POINTOPOINT|IFF_BROADCAST|IFF_ECHO|\
#23 7.259       | 
#23 7.259 In file included from link_vti.c:10:
#23 7.259 /usr/include/net/if.h:48: note: this is the location of the previous definition
#23 7.259    48 | #define IFF_VOLATILE (IFF_LOOPBACK|IFF_POINTOPOINT|IFF_BROADCAST| \
#23 7.259       | 
#23 7.304     CC       link_vti6.o
#23 7.315 In file included from ../include/uapi/linux/if_tunnel.h:6,
#23 7.315                  from link_vti6.c:17:
#23 7.315 ../include/uapi/linux/if.h:134: warning: "IFF_VOLATILE" redefined
#23 7.315   134 | #define IFF_VOLATILE    (IFF_LOOPBACK|IFF_POINTOPOINT|IFF_BROADCAST|IFF_ECHO|\
#23 7.315       | 
#23 7.315 In file included from link_vti6.c:11:
#23 7.315 /usr/include/net/if.h:48: note: this is the location of the previous definition
#23 7.315    48 | #define IFF_VOLATILE (IFF_LOOPBACK|IFF_POINTOPOINT|IFF_BROADCAST| \
#23 7.315       | 
#23 7.362     CC       link_xfrm.o
#23 7.399     CC       iplink_vxlan.o
#23 7.544     CC       tcp_metrics.o
#23 7.647     CC       iplink_ipoib.o
#23 7.687     CC       ipnetconf.o
#23 7.738     CC       link_ip6tnl.o
#23 7.748 In file included from ../include/uapi/linux/if_tunnel.h:6,
#23 7.748                  from link_ip6tnl.c:15:
#23 7.748 ../include/uapi/linux/if.h:134: warning: "IFF_VOLATILE" redefined
#23 7.748   134 | #define IFF_VOLATILE    (IFF_LOOPBACK|IFF_POINTOPOINT|IFF_BROADCAST|IFF_ECHO|\
#23 7.748       | 
#23 7.748 In file included from link_ip6tnl.c:9:
#23 7.748 /usr/include/net/if.h:48: note: this is the location of the previous definition
#23 7.748    48 | #define IFF_VOLATILE (IFF_LOOPBACK|IFF_POINTOPOINT|IFF_BROADCAST| \
#23 7.748       | 
#23 7.831     CC       link_iptnl.o
#23 7.841 In file included from ../include/uapi/linux/if_tunnel.h:6,
#23 7.841                  from link_iptnl.c:16:
#23 7.841 ../include/uapi/linux/if.h:134: warning: "IFF_VOLATILE" redefined
#23 7.841   134 | #define IFF_VOLATILE    (IFF_LOOPBACK|IFF_POINTOPOINT|IFF_BROADCAST|IFF_ECHO|\
#23 7.841       | 
#23 7.841 In file included from link_iptnl.c:9:
#23 7.841 /usr/include/net/if.h:48: note: this is the location of the previous definition
#23 7.841    48 | #define IFF_VOLATILE (IFF_LOOPBACK|IFF_POINTOPOINT|IFF_BROADCAST| \
#23 7.841       | 
#23 7.925     CC       link_gre6.o
#23 7.935 In file included from ../include/uapi/linux/if_tunnel.h:6,
#23 7.935                  from link_gre6.c:15:
#23 7.935 ../include/uapi/linux/if.h:134: warning: "IFF_VOLATILE" redefined
#23 7.935   134 | #define IFF_VOLATILE    (IFF_LOOPBACK|IFF_POINTOPOINT|IFF_BROADCAST|IFF_ECHO|\
#23 7.935       | 
#23 7.935 In file included from link_gre6.c:9:
#23 7.935 /usr/include/net/if.h:48: note: this is the location of the previous definition
#23 7.935    48 | #define IFF_VOLATILE (IFF_LOOPBACK|IFF_POINTOPOINT|IFF_BROADCAST| \
#23 7.935       | 
#23 8.048     CC       iplink_bond.o
#23 8.219     CC       iplink_bond_slave.o
#23 8.269     CC       iplink_hsr.o
#23 8.319     CC       iplink_bridge.o
#23 8.493     CC       iplink_bridge_slave.o
#23 8.588     CC       iplink_dsa.o
#23 8.620     CC       ipfou.o
#23 8.634 In file included from ../include/libgenl.h:5,
#23 8.634                  from ipfou.c:18:
#23 8.634 ../include/libnetlink.h: In function 'rta_getattr_be64':
#23 8.634 ../include/libnetlink.h:280:16: warning: implicit declaration of function 'htobe64' [-Wimplicit-function-declaration]
#23 8.634   280 |         return htobe64(rta_getattr_u64(rta));
#23 8.634       |                ^~~~~~~
#23 8.709     CC       iplink_ipvlan.o
#23 8.759     CC       iplink_geneve.o
#23 8.856     CC       iplink_vrf.o
#23 8.909     CC       iproute_lwtunnel.o
#23 9.287     CC       ipmacsec.o
#23 9.556     CC       ipila.o
#23 9.569 In file included from ../include/libgenl.h:5,
#23 9.569                  from ipila.c:18:
#23 9.569 ../include/libnetlink.h: In function 'rta_getattr_be64':
#23 9.569 ../include/libnetlink.h:280:16: warning: implicit declaration of function 'htobe64' [-Wimplicit-function-declaration]
#23 9.569   280 |         return htobe64(rta_getattr_u64(rta));
#23 9.569       |                ^~~~~~~
#23 9.634     CC       ipvrf.o
#23 9.742     CC       iplink_xstats.o
#23 9.771     CC       ipseg6.o
#23 9.823     CC       iplink_netdevsim.o
#23 9.845     CC       iplink_rmnet.o
#23 9.878     CC       ipnexthop.o
#23 10.12     CC       ipmptcp.o
#23 10.24     CC       iplink_bareudp.o
#23 10.25 In file included from iplink_bareudp.c:9:
#23 10.25 ../include/libnetlink.h: In function 'rta_getattr_be64':
#23 10.25 ../include/libnetlink.h:280:16: warning: implicit declaration of function 'htobe64' [-Wimplicit-function-declaration]
#23 10.25   280 |         return htobe64(rta_getattr_u64(rta));
#23 10.25       |                ^~~~~~~
#23 10.28     CC       iplink_wwan.o
#23 10.31     CC       ipioam6.o
#23 10.39     CC       iplink_amt.o
#23 10.44     CC       iplink_batadv.o
#23 10.47     CC       iplink_gtp.o
#23 10.51     CC       iplink_virt_wifi.o
#23 10.53     CC       iplink_netkit.o
#23 10.58     CC       ipstats.o
#23 10.79     LINK     ip
#23 10.82     CC       rtmon.o
#23 10.88     LINK     rtmon
#23 10.89 
#23 10.89 tc
#23 10.89     CC       tc.o
#23 10.98     CC       tc_qdisc.o
#23 11.10     CC       tc_class.o
#23 11.22     CC       tc_filter.o
#23 11.37     CC       tc_util.o
#23 11.55     CC       tc_monitor.o
#23 11.59     CC       tc_exec.o
#23 11.62     CC       m_police.o
#23 11.70     CC       m_estimator.o
#23 11.74     CC       m_action.o
#23 11.90     CC       m_ematch.o
#23 12.01     YACC     emp_ematch.tab.c
#23 12.07     CC       emp_ematch.tab.o
#23 12.17     LEX      emp_ematch.lex.c
#23 12.18     CC       emp_ematch.lex.o
#23 12.34     CC       q_fifo.o
#23 12.38     CC       q_sfq.o
#23 12.44     CC       q_red.o
#23 12.51     CC       q_prio.o
#23 12.56     CC       q_skbprio.o
#23 12.59     CC       q_tbf.o
#23 12.68     CC       q_multiq.o
#23 12.71     CC       q_netem.o
#23 12.94     CC       q_choke.o
#23 13.01     CC       q_sfb.o
#23 13.08     CC       f_u32.o
#23 13.34     CC       f_route.o
#23 13.39     CC       f_fw.o
#23 13.44     CC       f_basic.o
#23 13.50     CC       f_bpf.o
#23 13.57     CC       f_flow.o
#23 13.65     CC       f_cgroup.o
#23 13.69     CC       f_flower.o
#23 13.70 In file included from ../include/uapi/linux/netdevice.h:29,
#23 13.70                  from ../include/uapi/linux/if_arp.h:27,
#23 13.70                  from f_flower.c:14:
#23 13.70 ../include/uapi/linux/if.h:134: warning: "IFF_VOLATILE" redefined
#23 13.70   134 | #define IFF_VOLATILE    (IFF_LOOPBACK|IFF_POINTOPOINT|IFF_BROADCAST|IFF_ECHO|\
#23 13.70       | 
#23 13.70 In file included from f_flower.c:12:
#23 13.70 /usr/include/net/if.h:48: note: this is the location of the previous definition
#23 13.70    48 | #define IFF_VOLATILE (IFF_LOOPBACK|IFF_POINTOPOINT|IFF_BROADCAST| \
#23 13.70       | 
#23 14.19     CC       q_gred.o
#23 14.29     CC       q_ingress.o
#23 14.32     CC       q_hfsc.o
#23 14.41     CC       q_htb.o
#23 14.52     CC       q_drr.o
#23 14.56     CC       q_qfq.o
#23 14.60     CC       m_gact.o
#23 14.65     CC       m_mirred.o
#23 14.72     CC       m_mpls.o
#23 14.79     CC       m_nat.o
#23 14.83     CC       m_pedit.o
#23 14.96     CC       m_ife.o
#23 15.03     CC       m_skbedit.o
#23 15.09     CC       m_skbmod.o
#23 15.16     CC       m_csum.o
#23 15.22     CC       m_simple.o
#23 15.26     CC       m_vlan.o
#23 15.33     CC       m_connmark.o
#23 15.37     CC       m_ctinfo.o
#23 15.42     CC       m_bpf.o
#23 15.47     CC       m_tunnel_key.o
#23 15.59     CC       m_sample.o
#23 15.65     CC       m_ct.o
#23 15.75     CC       m_gate.o
#23 15.85     CC       p_ip.o
#23 15.89     CC       p_ip6.o
#23 15.93     CC       p_icmp.o
#23 15.95     CC       p_eth.o
#23 15.98     CC       p_tcp.o
#23 16.01     CC       p_udp.o
#23 16.04     CC       em_nbyte.o
#23 16.08     CC       em_cmp.o
#23 16.14     CC       em_u32.o
#23 16.19     CC       em_canid.o
#23 16.23     CC       em_meta.o
#23 16.34     CC       q_mqprio.o
#23 16.45     CC       q_codel.o
#23 16.51     CC       q_fq_codel.o
#23 16.60     CC       q_fq.o
#23 16.74     CC       q_pie.o
#23 16.81     CC       q_fq_pie.o
#23 16.90     CC       q_cake.o
#23 17.12     CC       q_hhf.o
#23 17.18     CC       q_clsact.o
#23 17.21     CC       e_bpf.o
#23 17.27     CC       f_matchall.o
#23 17.32     CC       q_cbs.o
#23 17.36     CC       q_etf.o
#23 17.41     CC       q_taprio.o
#23 17.54     CC       q_plug.o
#23 17.57     CC       q_ets.o
#23 17.67     CC       em_ipt.o
#23 17.69 In file included from tc_util.h:7,
#23 17.69                  from m_ematch.h:11,
#23 17.69                  from em_ipt.c:13:
#23 17.69 ../include/uapi/linux/if.h:134: warning: "IFF_VOLATILE" redefined
#23 17.69   134 | #define IFF_VOLATILE    (IFF_LOOPBACK|IFF_POINTOPOINT|IFF_BROADCAST|IFF_ECHO|\
#23 17.69       | 
#23 17.69 In file included from ../include/xtables.h:17,
#23 17.69                  from em_ipt.c:12:
#23 17.69 /usr/include/net/if.h:48: note: this is the location of the previous definition
#23 17.69    48 | #define IFF_VOLATILE (IFF_LOOPBACK|IFF_POINTOPOINT|IFF_BROADCAST| \
#23 17.69       | 
#23 17.72     CC       em_ipset.o
#23 17.73 In file included from tc_util.h:7,
#23 17.73                  from m_ematch.h:11,
#23 17.73                  from em_ipset.c:39:
#23 17.73 ../include/uapi/linux/if.h:134: warning: "IFF_VOLATILE" redefined
#23 17.73   134 | #define IFF_VOLATILE    (IFF_LOOPBACK|IFF_POINTOPOINT|IFF_BROADCAST|IFF_ECHO|\
#23 17.73       | 
#23 17.73 In file included from ../include/xtables.h:17,
#23 17.73                  from em_ipset.c:23:
#23 17.73 /usr/include/net/if.h:48: note: this is the location of the previous definition
#23 17.73    48 | #define IFF_VOLATILE (IFF_LOOPBACK|IFF_POINTOPOINT|IFF_BROADCAST| \
#23 17.73       | 
#23 17.77     CC       tc_core.o
#23 17.84     CC       tc_red.o
#23 17.89     CC       tc_estimator.o
#23 17.93     CC       tc_stab.o
#23 17.98     CC       tc_qevent.o
#23 18.00 In file included from tc_qevent.h:7,
#23 18.00                  from tc_qevent.c:10:
#23 18.00 ../include/libnetlink.h: In function 'rta_getattr_be64':
#23 18.00 ../include/libnetlink.h:280:16: warning: implicit declaration of function 'htobe64' [-Wimplicit-function-declaration]
#23 18.00   280 |         return htobe64(rta_getattr_u64(rta));
#23 18.00       |                ^~~~~~~
#23 18.04     AR       libtc.a
#23 18.05     LINK     tc
#23 18.08 rm emp_ematch.lex.c
#23 18.08 
#23 18.08 bridge
#23 18.08     CC       bridge.o
#23 18.13     CC       fdb.o
#23 18.15 In file included from fdb.c:28:
#23 18.15 ../include/libnetlink.h: In function 'rta_getattr_be64':
#23 18.15 ../include/libnetlink.h:280:16: warning: implicit declaration of function 'htobe64' [-Wimplicit-function-declaration]
#23 18.15   280 |         return htobe64(rta_getattr_u64(rta));
#23 18.15       |                ^~~~~~~
#23 18.31     CC       monitor.o
#23 18.36     CC       link.o
#23 18.37 In file included from link.c:16:
#23 18.37 ../include/libnetlink.h: In function 'rta_getattr_be64':
#23 18.37 ../include/libnetlink.h:280:16: warning: implicit declaration of function 'htobe64' [-Wimplicit-function-declaration]
#23 18.37   280 |         return htobe64(rta_getattr_u64(rta));
#23 18.37       |                ^~~~~~~
#23 18.51     CC       mdb.o
#23 18.52 In file included from mdb.c:20:
#23 18.52 ../include/libnetlink.h: In function 'rta_getattr_be64':
#23 18.52 ../include/libnetlink.h:280:16: warning: implicit declaration of function 'htobe64' [-Wimplicit-function-declaration]
#23 18.52   280 |         return htobe64(rta_getattr_u64(rta));
#23 18.52       |                ^~~~~~~
#23 18.70     CC       vlan.o
#23 18.72 In file included from vlan.c:16:
#23 18.72 ../include/libnetlink.h: In function 'rta_getattr_be64':
#23 18.72 ../include/libnetlink.h:280:16: warning: implicit declaration of function 'htobe64' [-Wimplicit-function-declaration]
#23 18.72   280 |         return htobe64(rta_getattr_u64(rta));
#23 18.72       |                ^~~~~~~
#23 18.93     CC       vni.o
#23 18.94 In file included from vni.c:21:
#23 18.94 ../include/libnetlink.h: In function 'rta_getattr_be64':
#23 18.94 ../include/libnetlink.h:280:16: warning: implicit declaration of function 'htobe64' [-Wimplicit-function-declaration]
#23 18.94   280 |         return htobe64(rta_getattr_u64(rta));
#23 18.94       |                ^~~~~~~
#23 19.01     LINK     bridge
#23 19.02 
#23 19.02 misc
#23 19.02     CC       ss.o
#23 19.04 In file included from ../include/uapi/linux/tipc.h:42,
#23 19.04                  from ss.c:49:
#23 19.04 ../include/uapi/linux/sockios.h:42: warning: "SIOCGSTAMP" redefined
#23 19.04    42 | #define SIOCGSTAMP      SIOCGSTAMP_OLD
#23 19.04       | 
#23 19.04 In file included from /usr/include/sys/ioctl.h:10,
#23 19.04                  from ss.c:12:
#23 19.04 /usr/include/bits/ioctl.h:111: note: this is the location of the previous definition
#23 19.04   111 | #define SIOCGSTAMP      0x8906
#23 19.04       | 
#23 19.04 ../include/uapi/linux/sockios.h:43: warning: "SIOCGSTAMPNS" redefined
#23 19.04    43 | #define SIOCGSTAMPNS    SIOCGSTAMPNS_OLD
#23 19.04       | 
#23 19.04 /usr/include/bits/ioctl.h:112: note: this is the location of the previous definition
#23 19.04   112 | #define SIOCGSTAMPNS    0x8907
#23 19.04       | 
#23 19.92     CC       ssfilter_check.o
#23 19.94 In file included from ssfilter_check.c:6:
#23 19.94 ../include/libnetlink.h: In function 'rta_getattr_be64':
#23 19.94 ../include/libnetlink.h:280:16: warning: implicit declaration of function 'htobe64' [-Wimplicit-function-declaration]
#23 19.94   280 |         return htobe64(rta_getattr_u64(rta));
#23 19.94       |                ^~~~~~~
#23 19.96     YACC     ssfilter.tab.c
#23 20.02     CC       ssfilter.tab.o
#23 20.13     LINK     ss
#23 20.16     CC       nstat
#23 20.30     CC       ifstat
#23 20.32 In file included from ifstat.c:30:
#23 20.32 ../include/libnetlink.h: In function 'rta_getattr_be64':
#23 20.32 ../include/libnetlink.h:280:16: warning: implicit declaration of function 'htobe64' [-Wimplicit-function-declaration]
#23 20.32   280 |         return htobe64(rta_getattr_u64(rta));
#23 20.32       |                ^~~~~~~
#23 20.49     CC       rtacct
#23 20.62     CC       lnstat.o
#23 20.68     CC       lnstat_util.o
#23 20.75     LINK     lnstat
#23 20.76 
#23 20.76 netem
#23 20.76 gcc  -I../include -o maketable maketable.c -lm
#23 20.80 gcc  -I../include -o normal normal.c -lm
#23 20.82 gcc  -I../include -o pareto pareto.c -lm
#23 20.84 gcc  -I../include -o paretonormal paretonormal.c -lm
#23 20.87 ./normal > normal.dist
#23 20.88 ./pareto > pareto.dist
#23 20.88 ./paretonormal > paretonormal.dist
#23 20.89 ./maketable experimental.dat > experimental.dist
#23 20.90 
#23 20.90 genl
#23 20.90     CC       genl.o
#23 20.94     CC       ctrl.o
#23 21.02     LINK     genl
#23 21.03 
#23 21.03 man
#23 21.03 make[2]: Nothing to be done for 'all'.
#23 21.03 make[2]: Nothing to be done for 'all'.
#23 21.03 sed \
#23 21.03 	-e "s|@NETNS_ETC_DIR@|/etc/netns|g" \
#23 21.03 	-e "s|@NETNS_RUN_DIR@|/var/run/netns|g" \
#23 21.03 	-e "s|@SYSCONF_ETC_DIR@|/etc/iproute2|g" \
#23 21.03 	-e "s|@SYSCONF_USR_DIR@|/usr/share/iproute2|g" \
#23 21.03 	ip-address.8.in > ip-address.8
#23 21.04 sed \
#23 21.04 	-e "s|@NETNS_ETC_DIR@|/etc/netns|g" \
#23 21.04 	-e "s|@NETNS_RUN_DIR@|/var/run/netns|g" \
#23 21.04 	-e "s|@SYSCONF_ETC_DIR@|/etc/iproute2|g" \
#23 21.04 	-e "s|@SYSCONF_USR_DIR@|/usr/share/iproute2|g" \
#23 21.04 	ip-link.8.in > ip-link.8
#23 21.04 sed \
#23 21.04 	-e "s|@NETNS_ETC_DIR@|/etc/netns|g" \
#23 21.04 	-e "s|@NETNS_RUN_DIR@|/var/run/netns|g" \
#23 21.04 	-e "s|@SYSCONF_ETC_DIR@|/etc/iproute2|g" \
#23 21.04 	-e "s|@SYSCONF_USR_DIR@|/usr/share/iproute2|g" \
#23 21.04 	ip-netns.8.in > ip-netns.8
#23 21.04 sed \
#23 21.04 	-e "s|@NETNS_ETC_DIR@|/etc/netns|g" \
#23 21.04 	-e "s|@NETNS_RUN_DIR@|/var/run/netns|g" \
#23 21.04 	-e "s|@SYSCONF_ETC_DIR@|/etc/iproute2|g" \
#23 21.04 	-e "s|@SYSCONF_USR_DIR@|/usr/share/iproute2|g" \
#23 21.04 	ip-route.8.in > ip-route.8
#23 21.05 
#23 21.05 tipc
#23 21.05     CC       bearer.o
#23 21.23     CC       cmdl.o
#23 21.27     CC       link.o
#23 21.48     CC       media.o
#23 21.53     CC       misc.o
#23 21.59     CC       msg.o
#23 21.61     CC       nametable.o
#23 21.65     CC       node.o
#23 21.74     CC       socket.o
#23 21.77     CC       peer.o
#23 21.80     CC       tipc.o
#23 21.83     LINK     tipc
#23 21.85 
#23 21.85 devlink
#23 21.85     CC       devlink.o
#23 23.54     CC       mnlg.o
#23 23.55 In file included from mnlg.c:16:
#23 23.55 ../include/libnetlink.h: In function 'rta_getattr_be64':
#23 23.55 ../include/libnetlink.h:280:16: warning: implicit declaration of function 'htobe64' [-Wimplicit-function-declaration]
#23 23.55   280 |         return htobe64(rta_getattr_u64(rta));
#23 23.55       |                ^~~~~~~
#23 23.58     LINK     devlink
#23 23.60 
#23 23.60 rdma
#23 23.60     CC       rdma.o
#23 23.62 rdma.c: In function 'main':
#23 23.62 rdma.c:110:20: warning: implicit declaration of function 'basename'; did you mean 'rename'? [-Wimplicit-function-declaration]
#23 23.62   110 |         filename = basename(argv[0]);
#23 23.62       |                    ^~~~~~~~
#23 23.62       |                    rename
#23 23.62 rdma.c:110:18: warning: assignment to 'char *' from 'int' makes pointer from integer without a cast [-Wint-conversion]
#23 23.62   110 |         filename = basename(argv[0]);
#23 23.62       |                  ^
#23 23.65     CC       utils.o
#23 23.82     CC       dev.o
#23 23.89     CC       link.o
#23 23.96     CC       res.o
#23 24.08     CC       res-pd.o
#23 24.12     CC       res-mr.o
#23 24.17     CC       res-cq.o
#23 24.23     CC       res-cmid.o
#23 24.30     CC       res-qp.o
#23 24.36     CC       sys.o
#23 24.41     CC       stat.o
#23 24.64     CC       stat-mr.o
#23 24.68     CC       res-ctx.o
#23 24.72     CC       res-srq.o
#23 24.79     LINK     rdma
#23 24.81 
#23 24.81 dcb
#23 24.81     CC       dcb.o
#23 24.82 In file included from ../include/namespace.h:10,
#23 24.82                  from dcb.c:11:
#23 24.82 ../include/libnetlink.h: In function 'rta_getattr_be64':
#23 24.82 ../include/libnetlink.h:280:16: warning: implicit declaration of function 'htobe64' [-Wimplicit-function-declaration]
#23 24.82   280 |         return htobe64(rta_getattr_u64(rta));
#23 24.82       |                ^~~~~~~
#23 24.94     CC       dcb_app.o
#23 25.14     CC       dcb_buffer.o
#23 25.19     CC       dcb_dcbx.o
#23 25.25     CC       dcb_ets.o
#23 25.33     CC       dcb_maxrate.o
#23 25.38     CC       dcb_pfc.o
#23 25.46     CC       dcb_apptrust.o
#23 25.53     CC       dcb_rewr.o
#23 25.61     LINK     dcb
#23 25.62 
#23 25.62 vdpa
#23 25.63     CC       vdpa.o
#23 25.78     LINK     vdpa
#23 DONE 25.8s

#24 [20/22] RUN git clone --no-single-branch --depth=1 https://github.com/linux-netdev/testing.git /nipa-data/kernel
#24 0.419 Cloning into '/nipa-data/kernel'...
#24 24.63 Updating files:  16% (14017/83283)Updating files:  17% (14159/83283)Updating files:  18% (14991/83283)Updating files:  19% (15824/83283)Updating files:  20% (16657/83283)Updating files:  21% (17490/83283)Updating files:  22% (18323/83283)Updating files:  23% (19156/83283)Updating files:  24% (19988/83283)Updating files:  25% (20821/83283)Updating files:  26% (21654/83283)Updating files:  27% (22487/83283)Updating files:  28% (23320/83283)Updating files:  29% (24153/83283)Updating files:  30% (24985/83283)Updating files:  31% (25818/83283)Updating files:  32% (26651/83283)Updating files:  33% (27484/83283)Updating files:  33% (28060/83283)Updating files:  34% (28317/83283)Updating files:  35% (29150/83283)Updating files:  36% (29982/83283)Updating files:  37% (30815/83283)Updating files:  38% (31648/83283)Updating files:  39% (32481/83283)Updating files:  40% (33314/83283)Updating files:  40% (33598/83283)Updating files:  41% (34147/83283)Updating files:  42% (34979/83283)Updating files:  43% (35812/83283)Updating files:  44% (36645/83283)Updating files:  45% (37478/83283)Updating files:  46% (38311/83283)Updating files:  47% (39144/83283)Updating files:  48% (39976/83283)Updating files:  49% (40809/83283)Updating files:  50% (41642/83283)Updating files:  50% (42247/83283)Updating files:  51% (42475/83283)Updating files:  52% (43308/83283)Updating files:  53% (44140/83283)Updating files:  54% (44973/83283)Updating files:  55% (45806/83283)Updating files:  56% (46639/83283)Updating files:  57% (47472/83283)Updating files:  58% (48305/83283)Updating files:  59% (49137/83283)Updating files:  60% (49970/83283)Updating files:  61% (50803/83283)Updating files:  62% (51636/83283)Updating files:  63% (52469/83283)Updating files:  64% (53302/83283)Updating files:  64% (53433/83283)Updating files:  65% (54134/83283)Updating files:  66% (54967/83283)Updating files:  67% (55800/83283)Updating files:  68% (56633/83283)Updating files:  69% (57466/83283)Updating files:  70% (58299/83283)Updating files:  71% (59131/83283)Updating files:  72% (59964/83283)Updating files:  73% (60797/83283)Updating files:  74% (61630/83283)Updating files:  75% (62463/83283)Updating files:  76% (63296/83283)Updating files:  77% (64128/83283)Updating files:  78% (64961/83283)Updating files:  79% (65794/83283)Updating files:  79% (66448/83283)Updating files:  80% (66627/83283)Updating files:  81% (67460/83283)Updating files:  82% (68293/83283)Updating files:  83% (69125/83283)Updating files:  84% (69958/83283)Updating files:  85% (70791/83283)Updating files:  86% (71624/83283)Updating files:  87% (72457/83283)Updating files:  88% (73290/83283)Updating files:  89% (74122/83283)Updating files:  90% (74955/83283)Updating files:  91% (75788/83283)Updating files:  92% (76621/83283)Updating files:  93% (77454/83283)Updating files:  94% (78287/83283)Updating files:  95% (79119/83283)Updating files:  96% (79952/83283)Updating files:  97% (80785/83283)Updating files:  98% (81618/83283)Updating files:  98% (82304/83283)Updating files:  99% (82451/83283)Updating files: 100% (83283/83283)Updating files: 100% (83283/83283), done.
#24 DONE 33.2s

#25 [21/22] RUN git clone --depth=1 -b main https://github.com/p4tc-dev/new-nipa.git nipa
#25 0.954 Cloning into 'nipa'...
#25 DONE 1.9s

#26 [22/22] COPY entrypoint.sh /entrypoint.sh
#26 DONE 0.4s

#27 exporting to image
#27 exporting layers
#27 exporting layers 7.7s done
#27 writing image sha256:6da747f1ec6e7b56a306d5e10b58a6102383a1b2be4b14895d1dc337063c35ea 0.1s done
#27 naming to docker.io/library/nipa-executor
#27 naming to docker.io/library/nipa-executor 0.2s done
#27 DONE 8.0s
NIPA version: 1b9c21a (ui: set canvas background color to stand out, 2024-03-28)
INFO: Last run date: 2024-06-06 12:00:03.773892+00:00
Testing  {'branch': 'net-next-2024-06-06--15-00', 'date': '2024-06-06T15:00:21.061429+00:00', 'base': '544d68d73a463a687ae5699d366b3ac36b2dd9c7', 'url': 'https://github.com/linux-netdev/testing.git net-next-2024-06-06--15-00'}
Updating files:  35% (7688/21808)Updating files:  36% (7851/21808)Updating files:  37% (8069/21808)Updating files:  38% (8288/21808)Updating files:  39% (8506/21808)Updating files:  40% (8724/21808)Updating files:  41% (8942/21808)Updating files:  42% (9160/21808)Updating files:  43% (9378/21808)Updating files:  44% (9596/21808)Updating files:  45% (9814/21808)Updating files:  46% (10032/21808)Updating files:  47% (10250/21808)Updating files:  48% (10468/21808)Updating files:  49% (10686/21808)Updating files:  50% (10904/21808)Updating files:  51% (11123/21808)Updating files:  52% (11341/21808)Updating files:  53% (11559/21808)Updating files:  54% (11777/21808)Updating files:  55% (11995/21808)Updating files:  56% (12213/21808)Updating files:  57% (12431/21808)Updating files:  58% (12649/21808)Updating files:  59% (12867/21808)Updating files:  60% (13085/21808)Updating files:  61% (13303/21808)Updating files:  62% (13521/21808)Updating files:  63% (13740/21808)Updating files:  63% (13905/21808)Updating files:  64% (13958/21808)Updating files:  65% (14176/21808)Updating files:  66% (14394/21808)Updating files:  67% (14612/21808)Updating files:  68% (14830/21808)Updating files:  69% (15048/21808)Updating files:  70% (15266/21808)Updating files:  71% (15484/21808)Updating files:  72% (15702/21808)Updating files:  73% (15920/21808)Updating files:  74% (16138/21808)Updating files:  75% (16356/21808)Updating files:  76% (16575/21808)Updating files:  77% (16793/21808)Updating files:  78% (17011/21808)Updating files:  79% (17229/21808)Updating files:  80% (17447/21808)Updating files:  81% (17665/21808)Updating files:  82% (17883/21808)Updating files:  83% (18101/21808)Updating files:  84% (18319/21808)Updating files:  85% (18537/21808)Updating files:  86% (18755/21808)Updating files:  87% (18973/21808)Updating files:  88% (19192/21808)Updating files:  89% (19410/21808)Updating files:  90% (19628/21808)Updating files:  91% (19846/21808)Updating files:  92% (20064/21808)Updating files:  93% (20282/21808)Updating files:  94% (20500/21808)Updating files:  95% (20718/21808)Updating files:  96% (20936/21808)Updating files:  97% (21154/21808)Updating files:  98% (21372/21808)Updating files:  99% (21590/21808)Updating files: 100% (21808/21808)Updating files: 100% (21808/21808), done.
branch 'net-next-2024-06-06--15-00' set up to track 'origin/net-next-2024-06-06--15-00'.
Switched to a new branch 'net-next-2024-06-06--15-00'
error: No valid patches in input (allow with "--allow-empty")
Checking patch tools/testing/selftests/tc-testing/tdc_config.py...
Applied patch tools/testing/selftests/tc-testing/tdc_config.py cleanly.
Run at 2024-06-06 15:03:47.556286
INFO: building kernel
INFO: starting VM 0
INFO: thr0-0 VM starting: vng -v -r arch/x86/boot/bzImage --user root --rwdir=/nipa-data/kernel/
INFO: thr0-0 expecting prompt: '/nipa-data/kernel# '
INFO: thr0-0 reached initial prompt
INFO: thr-0 testing == tdc.sh
INFO: thr-0 tdc.sh >> retcode: 0 result: pass found {'fail': False, 'skip': False, 'pass': True}
INFO: thr-0 has no more work, exiting
INFO: thr0-0 VM stopped
Done at 2024-06-06 15:07:22.840513
NIPA quitting!
/
~/nipa/tc-executor/tc-executor-storage /
sort: write failed: 'standard output': Broken pipe
sort: write error
