~/nipa/tc-executor/tc-executor-storage /
Switched to branch 'storage-dbg'
Your branch is ahead of 'origin/storage-dbg' by 294 commits.
  (use "git push" to publish your local commits)
/
~/nipa/tc-executor /
Error response from daemon: No such image: nipa-executor:latest
#0 building with "default" instance using docker driver

#1 [internal] load build definition from Dockerfile
#1 transferring dockerfile: 2.03kB done
#1 DONE 0.0s

#2 [internal] load .dockerignore
#2 transferring context: 2B done
#2 DONE 0.0s

#3 [internal] load metadata for docker.io/library/alpine:edge
#3 DONE 0.0s

#4 [ 1/22] FROM docker.io/library/alpine:edge
#4 CACHED

#5 [internal] load build context
#5 transferring context: 3.02kB done
#5 DONE 0.0s

#6 [ 2/22] RUN echo true > debug-mode
#6 DONE 0.4s

#7 [ 3/22] RUN addgroup -g 1001 hostuser
#7 DONE 0.4s

#8 [ 4/22] RUN adduser -u 1001 -G hostuser -H -D -s /bin/ash hostuser
#8 DONE 0.4s

#9 [ 5/22] RUN echo '@testing http://dl-cdn.alpinelinux.org/alpine/edge/testing' >> /etc/apk/repositories
#9 DONE 0.3s

#10 [ 6/22] RUN echo '@community http://dl-cdn.alpinelinux.org/alpine/edge/community' >> /etc/apk/repositories
#10 DONE 0.4s

#11 [ 7/22] RUN apk update && apk add --no-cache    virtme-ng@testing    git    py3-requests    py3-psutil    py3-setuptools    py3-pyroute2    py3-argcomplete    qemu-system-x86_64@community    scapy@community    make    gcc    musl-dev    flex    bison    linux-headers    elfutils-dev    util-linux    coreutils    diffutils    findutils    file    bash    kmod    perl    iptables-dev    libcap-dev    libmnl-dev    iproute2     jq    libbpf-dev    rsync
#11 0.408 fetch https://dl-cdn.alpinelinux.org/alpine/edge/main/x86_64/APKINDEX.tar.gz
#11 0.572 fetch https://dl-cdn.alpinelinux.org/alpine/edge/community/x86_64/APKINDEX.tar.gz
#11 0.753 fetch http://dl-cdn.alpinelinux.org/alpine/edge/testing/x86_64/APKINDEX.tar.gz
#11 0.911 fetch http://dl-cdn.alpinelinux.org/alpine/edge/community/x86_64/APKINDEX.tar.gz
#11 1.105 v20240315-496-g0550ac05b3a [https://dl-cdn.alpinelinux.org/alpine/edge/main]
#11 1.105 v20240315-495-g86db964c1a2 [https://dl-cdn.alpinelinux.org/alpine/edge/community]
#11 1.105 v20240315-497-g383b57298f4 [http://dl-cdn.alpinelinux.org/alpine/edge/testing]
#11 1.105 v20240315-495-g86db964c1a2 [http://dl-cdn.alpinelinux.org/alpine/edge/community]
#11 1.105 OK: 30757 distinct packages available
#11 1.160 fetch https://dl-cdn.alpinelinux.org/alpine/edge/main/x86_64/APKINDEX.tar.gz
#11 1.227 fetch https://dl-cdn.alpinelinux.org/alpine/edge/community/x86_64/APKINDEX.tar.gz
#11 1.313 fetch http://dl-cdn.alpinelinux.org/alpine/edge/testing/x86_64/APKINDEX.tar.gz
#11 1.375 fetch http://dl-cdn.alpinelinux.org/alpine/edge/community/x86_64/APKINDEX.tar.gz
#11 1.578 (1/173) Upgrading musl (1.2.4_git20230717-r5 -> 1.2.5-r0)
#11 1.591 (2/173) Upgrading zlib (1.3-r2 -> 1.3.1-r0)
#11 1.599 (3/173) Installing ncurses-terminfo-base (6.4_p20240309-r0)
#11 1.609 (4/173) Installing libncursesw (6.4_p20240309-r0)
#11 1.619 (5/173) Installing readline (8.2.10-r0)
#11 1.627 (6/173) Installing bash (5.2.26-r0)
#11 1.643 Executing bash-5.2.26-r0.post-install
#11 1.645 (7/173) Installing m4 (1.4.19-r3)
#11 1.654 (8/173) Installing bison (3.8.2-r1)
#11 1.676 (9/173) Installing coreutils-env (9.4-r2)
#11 1.687 (10/173) Installing coreutils-fmt (9.4-r2)
#11 1.699 (11/173) Installing coreutils-sha512sum (9.4-r2)
#11 1.711 (12/173) Installing libacl (2.3.2-r0)
#11 1.725 (13/173) Installing libattr (2.5.2-r0)
#11 1.741 (14/173) Installing skalibs (2.14.1.1-r0)
#11 1.759 (15/173) Installing utmps-libs (0.1.2.2-r0)
#11 1.781 (16/173) Installing coreutils (9.4-r2)
#11 1.808 (17/173) Installing diffutils (3.10-r0)
#11 1.816 (18/173) Installing zstd-libs (1.5.5-r9)
#11 1.829 (19/173) Installing libelf (0.191-r0)
#11 1.837 (20/173) Installing libbz2 (1.0.8-r6)
#11 1.845 (21/173) Installing musl-fts (1.2.7-r6)
#11 1.857 (22/173) Installing xz-libs (5.6.1-r1)
#11 1.868 (23/173) Installing libdw (0.191-r0)
#11 1.913 (24/173) Installing libasm (0.191-r0)
#11 1.920 (25/173) Installing xz (5.6.1-r1)
#11 1.930 (26/173) Installing pkgconf (2.1.1-r0)
#11 1.939 (27/173) Installing xz-dev (5.6.1-r1)
#11 1.949 (28/173) Installing libgcc (13.2.1_git20240309-r0)
#11 1.959 (29/173) Installing libstdc++ (13.2.1_git20240309-r0)
#11 1.987 (30/173) Installing zstd (1.5.5-r9)
#11 2.001 (31/173) Installing zstd-dev (1.5.5-r9)
#11 2.009 (32/173) Installing zlib-dev (1.3.1-r0)
#11 2.023 (33/173) Installing elfutils-dev (0.191-r0)
#11 2.045 (34/173) Installing libmagic (5.45-r1)
#11 2.083 (35/173) Installing file (5.45-r1)
#11 2.100 (36/173) Installing findutils (4.9.0-r5)
#11 2.112 (37/173) Installing flex (2.6.4-r6)
#11 2.122 (38/173) Installing jansson (2.14-r4)
#11 2.129 (39/173) Installing binutils (2.42-r0)
#11 2.192 (40/173) Installing libgomp (13.2.1_git20240309-r0)
#11 2.219 (41/173) Installing libatomic (13.2.1_git20240309-r0)
#11 2.229 (42/173) Installing gmp (6.3.0-r0)
#11 2.243 (43/173) Installing isl26 (0.26-r1)
#11 2.291 (44/173) Installing mpfr4 (4.2.1-r0)
#11 2.303 (45/173) Installing mpc1 (1.3.1-r1)
#11 2.312 (46/173) Installing gcc (13.2.1_git20240309-r0)
#11 2.782 (47/173) Installing ca-certificates (20240226-r0)
#11 2.800 (48/173) Installing brotli-libs (1.1.0-r1)
#11 2.813 (49/173) Installing c-ares (1.26.0-r0)
#11 2.829 (50/173) Installing libunistring (1.2-r0)
#11 2.846 (51/173) Installing libidn2 (2.3.7-r0)
#11 2.856 (52/173) Installing nghttp2-libs (1.59.0-r0)
#11 2.865 (53/173) Installing libpsl (0.21.5-r1)
#11 2.877 (54/173) Installing libcurl (8.6.0-r0)
#11 2.894 (55/173) Installing libexpat (2.6.2-r0)
#11 2.907 (56/173) Installing pcre2 (10.43-r0)
#11 2.920 (57/173) Installing git (2.44.0-r0)
#11 2.972 (58/173) Installing git-init-template (2.44.0-r0)
#11 2.992 (59/173) Installing libcap2 (2.69-r1)
#11 2.999 (60/173) Installing libmnl (1.0.5-r2)
#11 3.007 (61/173) Installing iproute2-minimal (6.8.0-r0)
#11 3.031 (62/173) Installing libxtables (1.8.10-r3)
#11 3.040 (63/173) Installing iproute2-tc (6.8.0-r0)
#11 3.057 (64/173) Installing iproute2-ss (6.8.0-r0)
#11 3.070 (65/173) Installing iproute2 (6.8.0-r0)
#11 3.081 Executing iproute2-6.8.0-r0.post-install
#11 3.084 (66/173) Installing linux-headers (6.6-r0)
#11 3.185 (67/173) Installing libip4tc (1.8.10-r3)
#11 3.193 (68/173) Installing libip6tc (1.8.10-r3)
#11 3.205 (69/173) Installing libipq (1.8.10-r3)
#11 3.211 (70/173) Installing iptables-dev (1.8.10-r3)
#11 3.221 (71/173) Installing oniguruma (6.9.9-r0)
#11 3.233 (72/173) Installing jq (1.7.1-r0)
#11 3.245 (73/173) Installing kmod (31-r4)
#11 3.254 (74/173) Installing libbpf (1.3.0-r0)
#11 3.266 (75/173) Installing libbpf-dev (1.3.0-r0)
#11 3.281 (76/173) Installing libcap-dev (2.69-r1)
#11 3.287 (77/173) Installing libmnl-dev (1.0.5-r2)
#11 3.294 (78/173) Installing make (4.4.1-r2)
#11 3.302 (79/173) Installing musl-dev (1.2.5-r0)
#11 3.357 (80/173) Installing perl (5.38.2-r0)
#11 3.571 (81/173) Installing perl-error (0.17029-r2)
#11 3.578 (82/173) Installing perl-git (2.44.0-r0)
#11 3.599 (83/173) Installing git-perl (2.44.0-r0)
#11 3.607 (84/173) Installing libffi (3.4.6-r0)
#11 3.679 (85/173) Installing gdbm (1.23-r1)
#11 3.690 (86/173) Installing mpdecimal (4.0.0-r0)
#11 3.705 (87/173) Installing libpanelw (6.4_p20240309-r0)
#11 3.711 (88/173) Installing sqlite-libs (3.45.2-r0)
#11 3.729 (89/173) Installing python3 (3.11.8-r0)
#11 3.874 (90/173) Installing python3-pycache-pyc0 (3.11.8-r0)
#11 3.960 (91/173) Installing pyc (3.11.8-r0)
#11 3.967 (92/173) Installing py3-argcomplete-pyc (3.2.3-r0)
#11 3.975 (93/173) Installing python3-pyc (3.11.8-r0)
#11 3.982 (94/173) Installing py3-argcomplete (3.2.3-r0)
#11 3.991 (95/173) Installing py3-psutil (5.9.8-r0)
#11 4.029 (96/173) Installing py3-psutil-pyc (5.9.8-r0)
#11 4.041 (97/173) Installing py3-pyroute2 (0.7.12-r0)
#11 4.066 (98/173) Installing py3-pyroute2-pyc (0.7.12-r0)
#11 4.105 (99/173) Installing py3-certifi (2024.2.2-r0)
#11 4.116 (100/173) Installing py3-certifi-pyc (2024.2.2-r0)
#11 4.123 (101/173) Installing py3-charset-normalizer (3.3.2-r0)
#11 4.132 (102/173) Installing py3-charset-normalizer-pyc (3.3.2-r0)
#11 4.144 (103/173) Installing py3-idna (3.6-r0)
#11 4.153 (104/173) Installing py3-idna-pyc (3.6-r0)
#11 4.166 (105/173) Installing py3-urllib3 (1.26.18-r0)
#11 4.179 (106/173) Installing py3-urllib3-pyc (1.26.18-r0)
#11 4.192 (107/173) Installing py3-requests (2.31.0-r1)
#11 4.201 (108/173) Installing py3-requests-pyc (2.31.0-r1)
#11 4.218 (109/173) Installing py3-parsing (3.1.2-r0)
#11 4.228 (110/173) Installing py3-parsing-pyc (3.1.2-r0)
#11 4.240 (111/173) Installing py3-packaging (24.0-r0)
#11 4.249 (112/173) Installing py3-packaging-pyc (24.0-r0)
#11 4.264 (113/173) Installing py3-setuptools (69.2.0-r0)
#11 4.293 (114/173) Installing py3-setuptools-pyc (69.2.0-r0)
#11 4.335 (115/173) Installing libcap-ng (0.8.4-r0)
#11 4.342 (116/173) Installing libintl (0.22.4-r0)
#11 4.355 (117/173) Installing libblkid (2.39.3-r0)
#11 4.364 (118/173) Installing libmount (2.39.3-r0)
#11 4.373 (119/173) Installing glib (2.78.4-r0)
#11 4.399 (120/173) Installing numactl (2.0.18-r0)
#11 4.405 (121/173) Installing qemu (8.2.1-r0)
#11 4.417 Executing qemu-8.2.1-r0.pre-install
#11 4.502 Executing qemu-8.2.1-r0.post-install
#11 4.505 *
#11 4.505 * If you want to run VM as unprivileged user and let Qemu create tunX devices,
#11 4.505 * then you must add that user to the group "qemu".
#11 4.505 * If you use KVM for hardware-assisted virtualization, then you may also need
#11 4.505 * to add that user to the group "kvm".
#11 4.505 *
#11 4.505 (122/173) Installing qemu-bridge-helper (8.2.1-r0)
#11 4.524 (123/173) Installing libaio (0.3.113-r2)
#11 4.541 (124/173) Installing capstone (5.0.1-r3)
#11 4.575 (125/173) Installing nettle (3.9.1-r0)
#11 4.587 (126/173) Installing libtasn1 (4.19.0-r2)
#11 4.595 (127/173) Installing p11-kit (0.25.3-r0)
#11 4.608 (128/173) Installing gnutls (3.8.3-r0)
#11 4.626 (129/173) Installing libjpeg-turbo (3.0.2-r0)
#11 4.638 (130/173) Installing lzo (2.10-r5)
#11 4.649 (131/173) Installing pixman (0.43.2-r0)
#11 4.662 (132/173) Installing libpng (1.6.43-r0)
#11 4.671 (133/173) Installing libsasl (2.1.28-r6)
#11 4.683 (134/173) Installing libseccomp (2.5.5-r0)
#11 4.698 (135/173) Installing libslirp (4.7.0-r0)
#11 4.705 (136/173) Installing snappy (1.1.10-r2)
#11 4.711 (137/173) Installing liburing (2.5-r1)
#11 4.718 (138/173) Installing vde2-libs (2.3.3-r1)
#11 4.725 (139/173) Installing qemu-system-x86_64 (8.2.1-r0)
#11 4.843 (140/173) Installing lz4-libs (1.9.4-r5)
#11 4.856 (141/173) Installing popt (1.19-r3)
#11 4.863 (142/173) Installing libxxhash (0.8.2-r2)
#11 4.872 (143/173) Installing rsync (3.2.7-r4)
#11 4.882 (144/173) Installing scapy (2.5.0-r1)
#11 4.935 Executing scapy-2.5.0-r1.post-install
#11 4.937 *
#11 4.937 * Certain optional features of scapy also depend on the following packages:
#11 4.937 *     py3-matplotlib graphviz imagemagick py3-cryptography sox
#11 4.937 * And the following unpackaged dependencies:
#11 4.937 *     pyxi vpython-jupyter nmap<v4.23
#11 4.937 * More information can be found at https://scapy.readthedocs.io/en/latest/installation.html#optional-dependencies
#11 4.937 *
#11 4.937 (145/173) Installing scapy-pyc (2.5.0-r1)
#11 5.078 (146/173) Installing util-linux (2.39.3-r0)
#11 5.090 (147/173) Installing setarch (2.39.3-r0)
#11 5.102 (148/173) Installing libuuid (2.39.3-r0)
#11 5.109 (149/173) Installing libfdisk (2.39.3-r0)
#11 5.121 (150/173) Installing libsmartcols (2.39.3-r0)
#11 5.131 (151/173) Installing util-linux-misc (2.39.3-r0)
#11 5.157 (152/173) Installing libeconf (0.6.2-r0)
#11 5.166 (153/173) Installing linux-pam (1.5.3-r8)
#11 5.183 (154/173) Installing runuser (2.39.3-r0)
#11 5.189 (155/173) Installing mount (2.39.3-r0)
#11 5.199 (156/173) Installing losetup (2.39.3-r0)
#11 5.208 (157/173) Installing hexdump (2.39.3-r0)
#11 5.217 (158/173) Installing uuidgen (2.39.3-r0)
#11 5.223 (159/173) Installing blkid (2.39.3-r0)
#11 5.233 (160/173) Installing sfdisk (2.39.3-r0)
#11 5.257 (161/173) Installing mcookie (2.39.3-r0)
#11 5.264 (162/173) Installing agetty (2.39.3-r0)
#11 5.271 (163/173) Installing wipefs (2.39.3-r0)
#11 5.282 (164/173) Installing cfdisk (2.39.3-r0)
#11 5.291 (165/173) Installing umount (2.39.3-r0)
#11 5.301 (166/173) Installing flock (2.39.3-r0)
#11 5.308 (167/173) Installing lsblk (2.39.3-r0)
#11 5.315 (168/173) Installing setpriv (2.39.3-r0)
#11 5.328 (169/173) Installing logger (2.39.3-r0)
#11 5.335 (170/173) Installing partx (2.39.3-r0)
#11 5.344 (171/173) Installing fstrim (2.39.3-r0)
#11 5.351 (172/173) Installing findmnt (2.39.3-r0)
#11 5.360 (173/173) Installing virtme-ng@testing (1.22-r0)
#11 5.398 Executing busybox-1.36.1-r17.trigger
#11 5.402 Executing ca-certificates-20240226-r0.trigger
#11 5.424 Executing glib-2.78.4-r0.trigger
#11 5.431 OK: 381 MiB in 186 packages
#11 DONE 5.9s

#12 [ 8/22] RUN mkdir -p /tmp/kernel-patches &&     mkdir -p /tmp/iproute2-patches
#12 DONE 0.3s

#13 [ 9/22] COPY tdc.config /tmp
#13 DONE 0.0s

#14 [10/22] COPY tdc-debug.config /tmp
#14 DONE 0.0s

#15 [11/22] COPY kernel-patches /tmp/kernel-patches/
#15 DONE 0.1s

#16 [12/22] COPY iproute2-patches /tmp/iproute2-patches/
#16 DONE 0.0s

#17 [13/22] COPY configs /tmp/configs/
#17 DONE 0.0s

#18 [14/22] RUN git config --global user.email foo@bar.com
#18 DONE 0.3s

#19 [15/22] RUN git config --global user.name foo@bar.com
#19 DONE 0.4s

#20 [16/22] RUN git clone https://git.kernel.org/pub/scm/network/iproute2/iproute2-next.git /nipa-data/iproute2
#20 0.408 Cloning into '/nipa-data/iproute2'...
#20 DONE 4.5s

#21 [17/22] RUN cd /nipa-data/iproute2 && 	git remote add stable https://git.kernel.org/pub/scm/network/iproute2/iproute2.git && 	git fetch --all && 	git merge stable/main
#21 0.430 Fetching origin
#21 0.779 Fetching stable
#21 1.735 From https://git.kernel.org/pub/scm/network/iproute2/iproute2
#21 1.735  * [new branch]        codeql         -> stable/codeql
#21 1.735  * [new branch]        iproute2-4.1.x -> stable/iproute2-4.1.x
#21 1.735  * [new branch]        main           -> stable/main
#21 1.742  * [new tag]           v6.8.0         -> v6.8.0
#21 1.845 Merge made by the 'ort' strategy.
#21 1.973  README               | 13 ++++++++
#21 1.973  include/version.h    |  2 +-
#21 1.973  ip/iptuntap.c        |  5 ++-
#21 1.973  lib/rt_names.c       | 43 +++++++++++++-------------
#21 1.973  man/man8/ip.8        | 33 ++++++++++++++++++--
#21 1.973  man/man8/tc-mirred.8 |  2 +-
#21 1.973  man/man8/tc-simple.8 | 12 ++++----
#21 1.973  misc/ifstat.c        | 11 +++++--
#21 1.973  misc/ss.c            | 17 ++++++++++-
#21 1.973  tc/e_bpf.c           |  2 +-
#21 1.973  tc/f_basic.c         |  4 +--
#21 1.973  tc/f_bpf.c           |  4 +--
#21 1.973  tc/f_cgroup.c        |  4 +--
#21 1.973  tc/f_flow.c          |  4 +--
#21 1.973  tc/f_flower.c        |  4 +--
#21 1.973  tc/f_fw.c            |  4 +--
#21 1.973  tc/f_matchall.c      |  4 +--
#21 1.973  tc/f_route.c         |  4 +--
#21 1.973  tc/f_u32.c           |  6 ++--
#21 1.973  tc/m_action.c        |  6 ++--
#21 1.973  tc/m_bpf.c           |  4 +--
#21 1.973  tc/m_connmark.c      |  4 +--
#21 1.973  tc/m_csum.c          |  4 +--
#21 1.973  tc/m_ct.c            |  4 +--
#21 1.973  tc/m_ctinfo.c        |  4 +--
#21 1.973  tc/m_gact.c          |  4 +--
#21 1.973  tc/m_gate.c          |  8 ++---
#21 1.973  tc/m_ife.c           |  4 +--
#21 1.973  tc/m_mirred.c        |  6 ++--
#21 1.973  tc/m_mpls.c          |  4 +--
#21 1.973  tc/m_nat.c           |  4 +--
#21 1.973  tc/m_pedit.c         | 10 +++---
#21 1.973  tc/m_police.c        |  8 ++---
#21 1.973  tc/m_sample.c        |  4 +--
#21 1.973  tc/m_simple.c        | 12 +++++---
#21 1.973  tc/m_skbedit.c       |  4 +--
#21 1.973  tc/m_skbmod.c        | 41 ++++++++++++++-----------
#21 1.973  tc/m_tunnel_key.c    |  4 +--
#21 1.973  tc/m_vlan.c          |  4 +--
#21 1.973  tc/q_cake.c          |  6 ++--
#21 1.973  tc/q_cbs.c           |  4 +--
#21 1.973  tc/q_choke.c         |  6 ++--
#21 1.973  tc/q_clsact.c        |  4 +--
#21 1.973  tc/q_codel.c         |  6 ++--
#21 1.973  tc/q_drr.c           |  8 ++---
#21 1.973  tc/q_etf.c           |  4 +--
#21 1.973  tc/q_ets.c           |  8 ++---
#21 1.973  tc/q_fifo.c          |  4 +--
#21 1.973  tc/q_fq.c            |  6 ++--
#21 1.973  tc/q_fq_codel.c      |  6 ++--
#21 1.973  tc/q_fq_pie.c        |  6 ++--
#21 1.973  tc/q_gred.c          |  6 ++--
#21 1.973  tc/q_hfsc.c          | 10 +++---
#21 1.973  tc/q_hhf.c           |  6 ++--
#21 1.973  tc/q_htb.c           |  8 ++---
#21 1.973  tc/q_ingress.c       |  4 +--
#21 1.973  tc/q_mqprio.c        |  4 +--
#21 1.973  tc/q_multiq.c        |  4 +--
#21 1.973  tc/q_netem.c         | 86 +++++++++++++++++++++++++++++-----------------------
#21 1.973  tc/q_pie.c           |  6 ++--
#21 1.973  tc/q_plug.c          |  4 +--
#21 1.973  tc/q_prio.c          |  4 +--
#21 1.973  tc/q_qfq.c           |  6 ++--
#21 1.973  tc/q_red.c           |  8 ++---
#21 1.973  tc/q_sfb.c           |  6 ++--
#21 1.973  tc/q_sfq.c           |  6 ++--
#21 1.973  tc/q_skbprio.c       |  4 +--
#21 1.973  tc/q_taprio.c        |  6 ++--
#21 1.973  tc/q_tbf.c           |  4 +--
#21 1.973  tc/tc.c              | 12 ++++----
#21 1.973  tc/tc_class.c        |  6 ++--
#21 1.973  tc/tc_core.c         | 15 ++-------
#21 1.973  tc/tc_core.h         |  2 --
#21 1.973  tc/tc_exec.c         |  2 +-
#21 1.973  tc/tc_filter.c       |  6 ++--
#21 1.973  tc/tc_qdisc.c        |  6 ++--
#21 1.973  tc/tc_util.c         | 33 +++++++++-----------
#21 1.973  tc/tc_util.h         | 36 +++++++++++-----------
#21 1.973  78 files changed, 377 insertions(+), 312 deletions(-)
#21 DONE 2.2s

#22 [18/22] RUN if [ "$(find /tmp/iproute2-patches/ -name *.patch)" ]; then  	cd /nipa-data/iproute2; 	git apply /tmp/iproute2-patches/*.patch;     fi
#22 DONE 0.9s

#23 [19/22] RUN cd /nipa-data/iproute2/ &&     ./configure &&     make
#23 0.777 TC schedulers
#23 0.778  IPT	using xtables
#23 0.805  IPSET  yes
#23 0.826 
#23 0.826 lib directory: /usr/lib
#23 0.826 libc has setns: yes
#23 0.847 libc has name_to_handle_at: yes
#23 0.868 SELinux support: no
#23 0.869 libtirpc support: no
#23 0.870 libbpf support: yes
#23 0.934 	libbpf version 1.3.0
#23 0.934 ELF support: yes
#23 0.936 libmnl support: yes
#23 0.938 Berkeley DB: no
#23 0.947 need for strlcpy: no
#23 0.969 libcap support: yes
#23 0.970 color output: never
#23 0.973 
#23 0.973 lib
#23 0.975     CC       libgenl.o
#23 1.014     CC       libnetlink.o
#23 1.316     CC       mnl_utils.o
#23 1.392     AR       libnetlink.a
#23 1.395     CC       utils.o
#23 1.786     CC       utils_math.o
#23 1.832     CC       rt_names.o
#23 1.992     CC       ll_map.o
#23 2.078     CC       ll_types.o
#23 2.089 In file included from ll_types.c:20:
#23 2.089 ../include/uapi/linux/sockios.h:42: warning: "SIOCGSTAMP" redefined
#23 2.089    42 | #define SIOCGSTAMP      SIOCGSTAMP_OLD
#23 2.089       | 
#23 2.089 In file included from /usr/include/sys/ioctl.h:10,
#23 2.089                  from ll_types.c:12:
#23 2.089 /usr/include/bits/ioctl.h:111: note: this is the location of the previous definition
#23 2.089   111 | #define SIOCGSTAMP      0x8906
#23 2.089       | 
#23 2.089 ../include/uapi/linux/sockios.h:43: warning: "SIOCGSTAMPNS" redefined
#23 2.089    43 | #define SIOCGSTAMPNS    SIOCGSTAMPNS_OLD
#23 2.089       | 
#23 2.089 /usr/include/bits/ioctl.h:112: note: this is the location of the previous definition
#23 2.089   112 | #define SIOCGSTAMPNS    0x8907
#23 2.089       | 
#23 2.104     CC       ll_proto.o
#23 2.116 In file included from ll_proto.c:21:
#23 2.116 ../include/uapi/linux/sockios.h:42: warning: "SIOCGSTAMP" redefined
#23 2.116    42 | #define SIOCGSTAMP      SIOCGSTAMP_OLD
#23 2.116       | 
#23 2.116 In file included from /usr/include/sys/ioctl.h:10,
#23 2.116                  from ll_proto.c:13:
#23 2.116 /usr/include/bits/ioctl.h:111: note: this is the location of the previous definition
#23 2.116   111 | #define SIOCGSTAMP      0x8906
#23 2.116       | 
#23 2.116 ../include/uapi/linux/sockios.h:43: warning: "SIOCGSTAMPNS" redefined
#23 2.116    43 | #define SIOCGSTAMPNS    SIOCGSTAMPNS_OLD
#23 2.116       | 
#23 2.116 /usr/include/bits/ioctl.h:112: note: this is the location of the previous definition
#23 2.116   112 | #define SIOCGSTAMPNS    0x8907
#23 2.116       | 
#23 2.129     CC       ll_addr.o
#23 2.141 In file included from ll_addr.c:20:
#23 2.141 ../include/uapi/linux/sockios.h:42: warning: "SIOCGSTAMP" redefined
#23 2.141    42 | #define SIOCGSTAMP      SIOCGSTAMP_OLD
#23 2.141       | 
#23 2.141 In file included from /usr/include/sys/ioctl.h:10,
#23 2.141                  from ll_addr.c:12:
#23 2.141 /usr/include/bits/ioctl.h:111: note: this is the location of the previous definition
#23 2.141   111 | #define SIOCGSTAMP      0x8906
#23 2.141       | 
#23 2.141 ../include/uapi/linux/sockios.h:43: warning: "SIOCGSTAMPNS" redefined
#23 2.141    43 | #define SIOCGSTAMPNS    SIOCGSTAMPNS_OLD
#23 2.141       | 
#23 2.141 /usr/include/bits/ioctl.h:112: note: this is the location of the previous definition
#23 2.141   112 | #define SIOCGSTAMPNS    0x8907
#23 2.141       | 
#23 2.167     CC       inet_proto.o
#23 2.194     CC       namespace.o
#23 2.245     CC       json_writer.o
#23 2.319     CC       json_print.o
#23 2.432     CC       json_print_math.o
#23 2.461     CC       names.o
#23 2.513     CC       color.o
#23 2.560     CC       bpf_legacy.o
#23 2.910     CC       bpf_glue.o
#23 2.945     CC       exec.o
#23 2.974     CC       fs.o
#23 3.039     CC       cg_map.o
#23 3.072     CC       ppp_proto.o
#23 3.093     CC       bpf_libbpf.o
#23 3.167     CC       selinux.o
#23 3.185     CC       ax25_ntop.o
#23 3.212     CC       rose_ntop.o
#23 3.225 In file included from rose_ntop.c:16:
#23 3.225 ../include/uapi/linux/sockios.h:42: warning: "SIOCGSTAMP" redefined
#23 3.225    42 | #define SIOCGSTAMP      SIOCGSTAMP_OLD
#23 3.225       | 
#23 3.225 In file included from /usr/include/sys/ioctl.h:10,
#23 3.225                  from rose_ntop.c:7:
#23 3.225 /usr/include/bits/ioctl.h:111: note: this is the location of the previous definition
#23 3.225   111 | #define SIOCGSTAMP      0x8906
#23 3.225       | 
#23 3.225 ../include/uapi/linux/sockios.h:43: warning: "SIOCGSTAMPNS" redefined
#23 3.225    43 | #define SIOCGSTAMPNS    SIOCGSTAMPNS_OLD
#23 3.225       | 
#23 3.225 /usr/include/bits/ioctl.h:112: note: this is the location of the previous definition
#23 3.225   112 | #define SIOCGSTAMPNS    0x8907
#23 3.225       | 
#23 3.242     CC       mpls_ntop.o
#23 3.269     CC       mpls_pton.o
#23 3.296     CC       netrom_ntop.o
#23 3.316     AR       libutil.a
#23 3.322 
#23 3.322 ip
#23 3.324     CC       ip.o
#23 3.394     CC       ipaddress.o
#23 3.407 In file included from ipaddress.c:26:
#23 3.407 ../include/uapi/linux/sockios.h:42: warning: "SIOCGSTAMP" redefined
#23 3.407    42 | #define SIOCGSTAMP      SIOCGSTAMP_OLD
#23 3.407       | 
#23 3.407 In file included from /usr/include/sys/ioctl.h:10,
#23 3.407                  from ipaddress.c:14:
#23 3.407 /usr/include/bits/ioctl.h:111: note: this is the location of the previous definition
#23 3.407   111 | #define SIOCGSTAMP      0x8906
#23 3.407       | 
#23 3.407 ../include/uapi/linux/sockios.h:43: warning: "SIOCGSTAMPNS" redefined
#23 3.407    43 | #define SIOCGSTAMPNS    SIOCGSTAMPNS_OLD
#23 3.407       | 
#23 3.407 /usr/include/bits/ioctl.h:112: note: this is the location of the previous definition
#23 3.407   112 | #define SIOCGSTAMPNS    0x8907
#23 3.407       | 
#23 3.846     CC       ipaddrlabel.o
#23 3.903     CC       iproute.o
#23 4.397     CC       iprule.o
#23 4.579     CC       ipnetns.o
#23 4.777     CC       rtm_map.o
#23 4.824     CC       iptunnel.o
#23 4.837 In file included from ../include/uapi/linux/if_tunnel.h:6,
#23 4.837                  from iptunnel.c:19:
#23 4.837 ../include/uapi/linux/if.h:134: warning: "IFF_VOLATILE" redefined
#23 4.837   134 | #define IFF_VOLATILE    (IFF_LOOPBACK|IFF_POINTOPOINT|IFF_BROADCAST|IFF_ECHO|\
#23 4.837       | 
#23 4.837 In file included from iptunnel.c:16:
#23 4.837 /usr/include/net/if.h:48: note: this is the location of the previous definition
#23 4.837    48 | #define IFF_VOLATILE (IFF_LOOPBACK|IFF_POINTOPOINT|IFF_BROADCAST| \
#23 4.837       | 
#23 4.971     CC       ip6tunnel.o
#23 5.087     CC       tunnel.o
#23 5.179     CC       ipneigh.o
#23 5.330     CC       ipntable.o
#23 5.442     CC       iplink.o
#23 5.721     CC       ipmaddr.o
#23 5.733 In file included from ipmaddr.c:21:
#23 5.733 ../include/uapi/linux/sockios.h:42: warning: "SIOCGSTAMP" redefined
#23 5.733    42 | #define SIOCGSTAMP      SIOCGSTAMP_OLD
#23 5.733       | 
#23 5.733 In file included from /usr/include/sys/ioctl.h:10,
#23 5.733                  from ipmaddr.c:12:
#23 5.733 /usr/include/bits/ioctl.h:111: note: this is the location of the previous definition
#23 5.733   111 | #define SIOCGSTAMP      0x8906
#23 5.733       | 
#23 5.733 ../include/uapi/linux/sockios.h:43: warning: "SIOCGSTAMPNS" redefined
#23 5.733    43 | #define SIOCGSTAMPNS    SIOCGSTAMPNS_OLD
#23 5.733       | 
#23 5.733 /usr/include/bits/ioctl.h:112: note: this is the location of the previous definition
#23 5.733   112 | #define SIOCGSTAMPNS    0x8907
#23 5.733       | 
#23 5.807     CC       ipmonitor.o
#23 5.879     CC       ipmroute.o
#23 5.891 In file included from ipmroute.c:22:
#23 5.891 ../include/uapi/linux/sockios.h:42: warning: "SIOCGSTAMP" redefined
#23 5.891    42 | #define SIOCGSTAMP      SIOCGSTAMP_OLD
#23 5.891       | 
#23 5.891 In file included from /usr/include/sys/ioctl.h:10,
#23 5.891                  from ipmroute.c:13:
#23 5.891 /usr/include/bits/ioctl.h:111: note: this is the location of the previous definition
#23 5.891   111 | #define SIOCGSTAMP      0x8906
#23 5.891       | 
#23 5.891 ../include/uapi/linux/sockios.h:43: warning: "SIOCGSTAMPNS" redefined
#23 5.891    43 | #define SIOCGSTAMPNS    SIOCGSTAMPNS_OLD
#23 5.891       | 
#23 5.891 /usr/include/bits/ioctl.h:112: note: this is the location of the previous definition
#23 5.891   112 | #define SIOCGSTAMPNS    0x8907
#23 5.891       | 
#23 5.955     CC       ipprefix.o
#23 5.985     CC       iptuntap.o
#23 6.103     CC       iptoken.o
#23 6.154     CC       ipxfrm.o
#23 6.441     CC       xfrm_state.o
#23 6.689     CC       xfrm_policy.o
#23 6.912     CC       xfrm_monitor.o
#23 6.997     CC       iplink_dummy.o
#23 7.020     CC       iplink_ifb.o
#23 7.043     CC       iplink_nlmon.o
#23 7.064     CC       iplink_team.o
#23 7.089     CC       iplink_vcan.o
#23 7.111     CC       iplink_vxcan.o
#23 7.147     CC       iplink_vlan.o
#23 7.235     CC       link_veth.o
#23 7.268     CC       link_gre.o
#23 7.278 In file included from ../include/uapi/linux/if_tunnel.h:6,
#23 7.278                  from link_gre.c:15:
#23 7.278 ../include/uapi/linux/if.h:134: warning: "IFF_VOLATILE" redefined
#23 7.278   134 | #define IFF_VOLATILE    (IFF_LOOPBACK|IFF_POINTOPOINT|IFF_BROADCAST|IFF_ECHO|\
#23 7.278       | 
#23 7.278 In file included from link_gre.c:9:
#23 7.278 /usr/include/net/if.h:48: note: this is the location of the previous definition
#23 7.278    48 | #define IFF_VOLATILE (IFF_LOOPBACK|IFF_POINTOPOINT|IFF_BROADCAST| \
#23 7.278       | 
#23 7.394     CC       iplink_can.o
#23 7.541     CC       iplink_xdp.o
#23 7.610     CC       iplink_macvlan.o
#23 7.678     CC       ipl2tp.o
#23 7.856     CC       link_vti.o
#23 7.869 In file included from ../include/uapi/linux/if_tunnel.h:6,
#23 7.869                  from link_vti.c:16:
#23 7.869 ../include/uapi/linux/if.h:134: warning: "IFF_VOLATILE" redefined
#23 7.869   134 | #define IFF_VOLATILE    (IFF_LOOPBACK|IFF_POINTOPOINT|IFF_BROADCAST|IFF_ECHO|\
#23 7.869       | 
#23 7.869 In file included from link_vti.c:10:
#23 7.869 /usr/include/net/if.h:48: note: this is the location of the previous definition
#23 7.869    48 | #define IFF_VOLATILE (IFF_LOOPBACK|IFF_POINTOPOINT|IFF_BROADCAST| \
#23 7.869       | 
#23 7.922     CC       link_vti6.o
#23 7.933 In file included from ../include/uapi/linux/if_tunnel.h:6,
#23 7.933                  from link_vti6.c:17:
#23 7.933 ../include/uapi/linux/if.h:134: warning: "IFF_VOLATILE" redefined
#23 7.933   134 | #define IFF_VOLATILE    (IFF_LOOPBACK|IFF_POINTOPOINT|IFF_BROADCAST|IFF_ECHO|\
#23 7.933       | 
#23 7.933 In file included from link_vti6.c:11:
#23 7.933 /usr/include/net/if.h:48: note: this is the location of the previous definition
#23 7.933    48 | #define IFF_VOLATILE (IFF_LOOPBACK|IFF_POINTOPOINT|IFF_BROADCAST| \
#23 7.933       | 
#23 7.979     CC       link_xfrm.o
#23 8.015     CC       iplink_vxlan.o
#23 8.173     CC       tcp_metrics.o
#23 8.277     CC       iplink_ipoib.o
#23 8.319     CC       ipnetconf.o
#23 8.377     CC       link_ip6tnl.o
#23 8.388 In file included from ../include/uapi/linux/if_tunnel.h:6,
#23 8.388                  from link_ip6tnl.c:15:
#23 8.388 ../include/uapi/linux/if.h:134: warning: "IFF_VOLATILE" redefined
#23 8.388   134 | #define IFF_VOLATILE    (IFF_LOOPBACK|IFF_POINTOPOINT|IFF_BROADCAST|IFF_ECHO|\
#23 8.388       | 
#23 8.388 In file included from link_ip6tnl.c:9:
#23 8.388 /usr/include/net/if.h:48: note: this is the location of the previous definition
#23 8.388    48 | #define IFF_VOLATILE (IFF_LOOPBACK|IFF_POINTOPOINT|IFF_BROADCAST| \
#23 8.388       | 
#23 8.479     CC       link_iptnl.o
#23 8.490 In file included from ../include/uapi/linux/if_tunnel.h:6,
#23 8.490                  from link_iptnl.c:16:
#23 8.490 ../include/uapi/linux/if.h:134: warning: "IFF_VOLATILE" redefined
#23 8.490   134 | #define IFF_VOLATILE    (IFF_LOOPBACK|IFF_POINTOPOINT|IFF_BROADCAST|IFF_ECHO|\
#23 8.490       | 
#23 8.490 In file included from link_iptnl.c:9:
#23 8.490 /usr/include/net/if.h:48: note: this is the location of the previous definition
#23 8.490    48 | #define IFF_VOLATILE (IFF_LOOPBACK|IFF_POINTOPOINT|IFF_BROADCAST| \
#23 8.490       | 
#23 8.578     CC       link_gre6.o
#23 8.588 In file included from ../include/uapi/linux/if_tunnel.h:6,
#23 8.588                  from link_gre6.c:15:
#23 8.588 ../include/uapi/linux/if.h:134: warning: "IFF_VOLATILE" redefined
#23 8.588   134 | #define IFF_VOLATILE    (IFF_LOOPBACK|IFF_POINTOPOINT|IFF_BROADCAST|IFF_ECHO|\
#23 8.588       | 
#23 8.588 In file included from link_gre6.c:9:
#23 8.588 /usr/include/net/if.h:48: note: this is the location of the previous definition
#23 8.588    48 | #define IFF_VOLATILE (IFF_LOOPBACK|IFF_POINTOPOINT|IFF_BROADCAST| \
#23 8.588       | 
#23 8.705     CC       iplink_bond.o
#23 8.882     CC       iplink_bond_slave.o
#23 8.935     CC       iplink_hsr.o
#23 8.986     CC       iplink_bridge.o
#23 9.138     CC       iplink_bridge_slave.o
#23 9.235     CC       iplink_dsa.o
#23 9.266     CC       ipfou.o
#23 9.341     CC       iplink_ipvlan.o
#23 9.380     CC       iplink_geneve.o
#23 9.468     CC       iplink_vrf.o
#23 9.516     CC       iproute_lwtunnel.o
#23 9.940     CC       ipmacsec.o
#23 10.18     CC       ipila.o
#23 10.26     CC       ipvrf.o
#23 10.38     CC       iplink_xstats.o
#23 10.41     CC       ipseg6.o
#23 10.46     CC       iplink_netdevsim.o
#23 10.49     CC       iplink_rmnet.o
#23 10.52     CC       ipnexthop.o
#23 10.76     CC       ipmptcp.o
#23 10.88     CC       iplink_bareudp.o
#23 10.92     CC       iplink_wwan.o
#23 10.95     CC       ipioam6.o
#23 11.02     CC       iplink_amt.o
#23 11.07     CC       iplink_batadv.o
#23 11.10     CC       iplink_gtp.o
#23 11.14     CC       iplink_virt_wifi.o
#23 11.16     CC       iplink_netkit.o
#23 11.20     CC       ipstats.o
#23 11.40     LINK     ip
#23 11.43     CC       rtmon.o
#23 11.49     LINK     rtmon
#23 11.51 
#23 11.51 tc
#23 11.51     CC       tc.o
#23 11.59     CC       tc_qdisc.o
#23 11.70     CC       tc_class.o
#23 11.83     CC       tc_filter.o
#23 11.99     CC       tc_util.o
#23 12.17     CC       tc_monitor.o
#23 12.20     CC       tc_exec.o
#23 12.24     CC       m_police.o
#23 12.33     CC       m_estimator.o
#23 12.36     CC       m_action.o
#23 12.52     CC       m_ematch.o
#23 12.63     YACC     emp_ematch.tab.c
#23 12.70     CC       emp_ematch.tab.o
#23 12.81     LEX      emp_ematch.lex.c
#23 12.81     CC       emp_ematch.lex.o
#23 12.98     CC       q_fifo.o
#23 13.01     CC       q_sfq.o
#23 13.08     CC       q_red.o
#23 13.15     CC       q_prio.o
#23 13.19     CC       q_skbprio.o
#23 13.23     CC       q_tbf.o
#23 13.31     CC       q_multiq.o
#23 13.34     CC       q_netem.o
#23 13.56     CC       q_choke.o
#23 13.62     CC       q_sfb.o
#23 13.69     CC       f_u32.o
#23 13.95     CC       f_route.o
#23 14.00     CC       f_fw.o
#23 14.05     CC       f_basic.o
#23 14.10     CC       f_bpf.o
#23 14.18     CC       f_flow.o
#23 14.27     CC       f_cgroup.o
#23 14.31     CC       f_flower.o
#23 14.32 In file included from ../include/uapi/linux/netdevice.h:29,
#23 14.32                  from ../include/uapi/linux/if_arp.h:27,
#23 14.32                  from f_flower.c:14:
#23 14.32 ../include/uapi/linux/if.h:134: warning: "IFF_VOLATILE" redefined
#23 14.32   134 | #define IFF_VOLATILE    (IFF_LOOPBACK|IFF_POINTOPOINT|IFF_BROADCAST|IFF_ECHO|\
#23 14.32       | 
#23 14.32 In file included from f_flower.c:12:
#23 14.32 /usr/include/net/if.h:48: note: this is the location of the previous definition
#23 14.32    48 | #define IFF_VOLATILE (IFF_LOOPBACK|IFF_POINTOPOINT|IFF_BROADCAST| \
#23 14.32       | 
#23 14.80     CC       q_gred.o
#23 14.91     CC       q_ingress.o
#23 14.94     CC       q_hfsc.o
#23 15.03     CC       q_htb.o
#23 15.12     CC       q_drr.o
#23 15.17     CC       q_qfq.o
#23 15.22     CC       m_gact.o
#23 15.26     CC       m_mirred.o
#23 15.33     CC       m_mpls.o
#23 15.40     CC       m_nat.o
#23 15.45     CC       m_pedit.o
#23 15.57     CC       m_ife.o
#23 15.65     CC       m_skbedit.o
#23 15.71     CC       m_skbmod.o
#23 15.77     CC       m_csum.o
#23 15.83     CC       m_simple.o
#23 15.87     CC       m_vlan.o
#23 15.94     CC       m_connmark.o
#23 15.98     CC       m_ctinfo.o
#23 16.03     CC       m_bpf.o
#23 16.08     CC       m_tunnel_key.o
#23 16.19     CC       m_sample.o
#23 16.24     CC       m_ct.o
#23 16.34     CC       m_gate.o
#23 16.43     CC       p_ip.o
#23 16.48     CC       p_ip6.o
#23 16.51     CC       p_icmp.o
#23 16.53     CC       p_eth.o
#23 16.56     CC       p_tcp.o
#23 16.59     CC       p_udp.o
#23 16.62     CC       em_nbyte.o
#23 16.66     CC       em_cmp.o
#23 16.72     CC       em_u32.o
#23 16.77     CC       em_canid.o
#23 16.81     CC       em_meta.o
#23 16.91     CC       q_mqprio.o
#23 17.02     CC       q_codel.o
#23 17.07     CC       q_fq_codel.o
#23 17.14     CC       q_fq.o
#23 17.26     CC       q_pie.o
#23 17.32     CC       q_fq_pie.o
#23 17.40     CC       q_cake.o
#23 17.57     CC       q_hhf.o
#23 17.63     CC       q_clsact.o
#23 17.65     CC       e_bpf.o
#23 17.71     CC       f_matchall.o
#23 17.76     CC       q_cbs.o
#23 17.80     CC       q_etf.o
#23 17.85     CC       q_taprio.o
#23 17.97     CC       q_plug.o
#23 18.02     CC       q_ets.o
#23 18.09     CC       em_ipt.o
#23 18.11 In file included from tc_util.h:7,
#23 18.11                  from m_ematch.h:11,
#23 18.11                  from em_ipt.c:13:
#23 18.11 ../include/uapi/linux/if.h:134: warning: "IFF_VOLATILE" redefined
#23 18.11   134 | #define IFF_VOLATILE    (IFF_LOOPBACK|IFF_POINTOPOINT|IFF_BROADCAST|IFF_ECHO|\
#23 18.11       | 
#23 18.11 In file included from ../include/xtables.h:17,
#23 18.11                  from em_ipt.c:12:
#23 18.11 /usr/include/net/if.h:48: note: this is the location of the previous definition
#23 18.11    48 | #define IFF_VOLATILE (IFF_LOOPBACK|IFF_POINTOPOINT|IFF_BROADCAST| \
#23 18.11       | 
#23 18.14     CC       em_ipset.o
#23 18.15 In file included from tc_util.h:7,
#23 18.15                  from m_ematch.h:11,
#23 18.15                  from em_ipset.c:39:
#23 18.15 ../include/uapi/linux/if.h:134: warning: "IFF_VOLATILE" redefined
#23 18.15   134 | #define IFF_VOLATILE    (IFF_LOOPBACK|IFF_POINTOPOINT|IFF_BROADCAST|IFF_ECHO|\
#23 18.15       | 
#23 18.15 In file included from ../include/xtables.h:17,
#23 18.15                  from em_ipset.c:23:
#23 18.15 /usr/include/net/if.h:48: note: this is the location of the previous definition
#23 18.15    48 | #define IFF_VOLATILE (IFF_LOOPBACK|IFF_POINTOPOINT|IFF_BROADCAST| \
#23 18.15       | 
#23 18.19     CC       tc_core.o
#23 18.26     CC       tc_red.o
#23 18.30     CC       tc_estimator.o
#23 18.33     CC       tc_stab.o
#23 18.39     CC       tc_qevent.o
#23 18.44     AR       libtc.a
#23 18.45     LINK     tc
#23 18.48 rm emp_ematch.lex.c
#23 18.48 
#23 18.48 bridge
#23 18.48     CC       bridge.o
#23 18.53     CC       fdb.o
#23 18.73     CC       monitor.o
#23 18.77     CC       link.o
#23 18.93     CC       mdb.o
#23 19.12     CC       vlan.o
#23 19.14 In file included from vlan.c:14:
#23 19.14 ../include/json_print.h:80:30: warning: 'struct timeval' declared inside parameter list will not be visible outside of this definition or declaration
#23 19.14    80 | _PRINT_FUNC(tv, const struct timeval *)
#23 19.14       |                              ^~~~~~~
#23 19.14 ../include/json_print.h:50:37: note: in definition of macro '_PRINT_FUNC'
#23 19.14    50 |                                     type value);                        \
#23 19.14       |                                     ^~~~
#23 19.14 ../include/json_print.h:80:30: warning: 'struct timeval' declared inside parameter list will not be visible outside of this definition or declaration
#23 19.14    80 | _PRINT_FUNC(tv, const struct timeval *)
#23 19.14       |                              ^~~~~~~
#23 19.14 ../include/json_print.h:55:45: note: in definition of macro '_PRINT_FUNC'
#23 19.14    55 |                                             type value)                 \
#23 19.14       |                                             ^~~~
#23 19.14 ../include/json_print.h: In function 'print_tv':
#23 19.14 ../include/json_print.h:58:48: warning: passing argument 5 of 'print_color_tv' from incompatible pointer type [-Wincompatible-pointer-types]
#23 19.14    58 |                                                value);                  \
#23 19.14       |                                                ^~~~~
#23 19.14       |                                                |
#23 19.14       |                                                const struct timeval *
#23 19.14 ../include/json_print.h:80:1: note: in expansion of macro '_PRINT_FUNC'
#23 19.14    80 | _PRINT_FUNC(tv, const struct timeval *)
#23 19.14       | ^~~~~~~~~~~
#23 19.14 ../include/json_print.h:50:42: note: expected 'const struct timeval *' but argument is of type 'const struct timeval *'
#23 19.14    50 |                                     type value);                        \
#23 19.14       |                                          ^
#23 19.14 ../include/json_print.h:80:1: note: in expansion of macro '_PRINT_FUNC'
#23 19.14    80 | _PRINT_FUNC(tv, const struct timeval *)
#23 19.14       | ^~~~~~~~~~~
#23 19.37     CC       vni.o
#23 19.38 In file included from vni.c:19:
#23 19.38 ../include/json_print.h:80:30: warning: 'struct timeval' declared inside parameter list will not be visible outside of this definition or declaration
#23 19.38    80 | _PRINT_FUNC(tv, const struct timeval *)
#23 19.38       |                              ^~~~~~~
#23 19.38 ../include/json_print.h:50:37: note: in definition of macro '_PRINT_FUNC'
#23 19.38    50 |                                     type value);                        \
#23 19.38       |                                     ^~~~
#23 19.38 ../include/json_print.h:80:30: warning: 'struct timeval' declared inside parameter list will not be visible outside of this definition or declaration
#23 19.38    80 | _PRINT_FUNC(tv, const struct timeval *)
#23 19.38       |                              ^~~~~~~
#23 19.38 ../include/json_print.h:55:45: note: in definition of macro '_PRINT_FUNC'
#23 19.38    55 |                                             type value)                 \
#23 19.38       |                                             ^~~~
#23 19.38 ../include/json_print.h: In function 'print_tv':
#23 19.38 ../include/json_print.h:58:48: warning: passing argument 5 of 'print_color_tv' from incompatible pointer type [-Wincompatible-pointer-types]
#23 19.38    58 |                                                value);                  \
#23 19.38       |                                                ^~~~~
#23 19.38       |                                                |
#23 19.38       |                                                const struct timeval *
#23 19.38 ../include/json_print.h:80:1: note: in expansion of macro '_PRINT_FUNC'
#23 19.38    80 | _PRINT_FUNC(tv, const struct timeval *)
#23 19.38       | ^~~~~~~~~~~
#23 19.38 ../include/json_print.h:50:42: note: expected 'const struct timeval *' but argument is of type 'const struct timeval *'
#23 19.38    50 |                                     type value);                        \
#23 19.38       |                                          ^
#23 19.38 ../include/json_print.h:80:1: note: in expansion of macro '_PRINT_FUNC'
#23 19.38    80 | _PRINT_FUNC(tv, const struct timeval *)
#23 19.38       | ^~~~~~~~~~~
#23 19.46     LINK     bridge
#23 19.47 
#23 19.47 misc
#23 19.48     CC       ss.o
#23 19.50 In file included from ../include/uapi/linux/tipc.h:42,
#23 19.50                  from ss.c:49:
#23 19.50 ../include/uapi/linux/sockios.h:42: warning: "SIOCGSTAMP" redefined
#23 19.50    42 | #define SIOCGSTAMP      SIOCGSTAMP_OLD
#23 19.50       | 
#23 19.50 In file included from /usr/include/sys/ioctl.h:10,
#23 19.50                  from ss.c:12:
#23 19.50 /usr/include/bits/ioctl.h:111: note: this is the location of the previous definition
#23 19.50   111 | #define SIOCGSTAMP      0x8906
#23 19.50       | 
#23 19.50 ../include/uapi/linux/sockios.h:43: warning: "SIOCGSTAMPNS" redefined
#23 19.50    43 | #define SIOCGSTAMPNS    SIOCGSTAMPNS_OLD
#23 19.50       | 
#23 19.50 /usr/include/bits/ioctl.h:112: note: this is the location of the previous definition
#23 19.50   112 | #define SIOCGSTAMPNS    0x8907
#23 19.50       | 
#23 20.39     CC       ssfilter_check.o
#23 20.42     YACC     ssfilter.tab.c
#23 20.49     CC       ssfilter.tab.o
#23 20.60     LINK     ss
#23 20.61     CC       nstat
#23 20.62 In file included from nstat.c:20:
#23 20.62 /usr/include/sys/poll.h:1:2: warning: #warning redirecting incorrect #include <sys/poll.h> to <poll.h> [-Wcpp]
#23 20.62     1 | #warning redirecting incorrect #include <sys/poll.h> to <poll.h>
#23 20.62       |  ^~~~~~~
#23 20.75     CC       ifstat
#23 20.76 In file included from ifstat.c:20:
#23 20.76 /usr/include/sys/poll.h:1:2: warning: #warning redirecting incorrect #include <sys/poll.h> to <poll.h> [-Wcpp]
#23 20.76     1 | #warning redirecting incorrect #include <sys/poll.h> to <poll.h>
#23 20.76       |  ^~~~~~~
#23 20.94     CC       rtacct
#23 20.95 In file included from rtacct.c:19:
#23 20.95 /usr/include/sys/poll.h:1:2: warning: #warning redirecting incorrect #include <sys/poll.h> to <poll.h> [-Wcpp]
#23 20.95     1 | #warning redirecting incorrect #include <sys/poll.h> to <poll.h>
#23 20.95       |  ^~~~~~~
#23 21.08     CC       lnstat.o
#23 21.14     CC       lnstat_util.o
#23 21.20     LINK     lnstat
#23 21.21 
#23 21.21 netem
#23 21.21 gcc  -I../include -o maketable maketable.c -lm
#23 21.25 gcc  -I../include -o normal normal.c -lm
#23 21.27 gcc  -I../include -o pareto pareto.c -lm
#23 21.30 gcc  -I../include -o paretonormal paretonormal.c -lm
#23 21.32 ./normal > normal.dist
#23 21.33 ./pareto > pareto.dist
#23 21.33 ./paretonormal > paretonormal.dist
#23 21.34 ./maketable experimental.dat > experimental.dist
#23 21.35 
#23 21.35 genl
#23 21.35     CC       genl.o
#23 21.39     CC       ctrl.o
#23 21.46     LINK     genl
#23 21.47 
#23 21.47 man
#23 21.48 make[2]: Nothing to be done for 'all'.
#23 21.48 make[2]: Nothing to be done for 'all'.
#23 21.48 sed \
#23 21.48 	-e "s|@NETNS_ETC_DIR@|/etc/netns|g" \
#23 21.48 	-e "s|@NETNS_RUN_DIR@|/var/run/netns|g" \
#23 21.48 	-e "s|@SYSCONF_ETC_DIR@|/etc/iproute2|g" \
#23 21.48 	-e "s|@SYSCONF_USR_DIR@|/usr/share/iproute2|g" \
#23 21.48 	ip-address.8.in > ip-address.8
#23 21.48 sed \
#23 21.48 	-e "s|@NETNS_ETC_DIR@|/etc/netns|g" \
#23 21.48 	-e "s|@NETNS_RUN_DIR@|/var/run/netns|g" \
#23 21.48 	-e "s|@SYSCONF_ETC_DIR@|/etc/iproute2|g" \
#23 21.48 	-e "s|@SYSCONF_USR_DIR@|/usr/share/iproute2|g" \
#23 21.48 	ip-link.8.in > ip-link.8
#23 21.49 sed \
#23 21.49 	-e "s|@NETNS_ETC_DIR@|/etc/netns|g" \
#23 21.49 	-e "s|@NETNS_RUN_DIR@|/var/run/netns|g" \
#23 21.49 	-e "s|@SYSCONF_ETC_DIR@|/etc/iproute2|g" \
#23 21.49 	-e "s|@SYSCONF_USR_DIR@|/usr/share/iproute2|g" \
#23 21.49 	ip-netns.8.in > ip-netns.8
#23 21.49 sed \
#23 21.49 	-e "s|@NETNS_ETC_DIR@|/etc/netns|g" \
#23 21.49 	-e "s|@NETNS_RUN_DIR@|/var/run/netns|g" \
#23 21.49 	-e "s|@SYSCONF_ETC_DIR@|/etc/iproute2|g" \
#23 21.49 	-e "s|@SYSCONF_USR_DIR@|/usr/share/iproute2|g" \
#23 21.49 	ip-route.8.in > ip-route.8
#23 21.49 
#23 21.49 tipc
#23 21.49     CC       bearer.o
#23 21.69     CC       cmdl.o
#23 21.74     CC       link.o
#23 21.96     CC       media.o
#23 22.01     CC       misc.o
#23 22.07     CC       msg.o
#23 22.08     CC       nametable.o
#23 22.12     CC       node.o
#23 22.21     CC       socket.o
#23 22.24     CC       peer.o
#23 22.27     CC       tipc.o
#23 22.30     LINK     tipc
#23 22.32 
#23 22.32 devlink
#23 22.32     CC       devlink.o
#23 24.00     CC       mnlg.o
#23 24.04     LINK     devlink
#23 24.05 
#23 24.05 rdma
#23 24.05     CC       rdma.o
#23 24.08 rdma.c: In function 'main':
#23 24.08 rdma.c:110:20: warning: implicit declaration of function 'basename'; did you mean 'rename'? [-Wimplicit-function-declaration]
#23 24.08   110 |         filename = basename(argv[0]);
#23 24.08       |                    ^~~~~~~~
#23 24.08       |                    rename
#23 24.08 rdma.c:110:18: warning: assignment to 'char *' from 'int' makes pointer from integer without a cast [-Wint-conversion]
#23 24.08   110 |         filename = basename(argv[0]);
#23 24.08       |                  ^
#23 24.11     CC       utils.o
#23 24.28     CC       dev.o
#23 24.35     CC       link.o
#23 24.42     CC       res.o
#23 24.52     CC       res-pd.o
#23 24.56     CC       res-mr.o
#23 24.61     CC       res-cq.o
#23 24.66     CC       res-cmid.o
#23 24.71     CC       res-qp.o
#23 24.77     CC       sys.o
#23 24.81     CC       stat.o
#23 25.02     CC       stat-mr.o
#23 25.05     CC       res-ctx.o
#23 25.09     CC       res-srq.o
#23 25.16     LINK     rdma
#23 25.17 
#23 25.17 dcb
#23 25.17     CC       dcb.o
#23 25.28     CC       dcb_app.o
#23 25.48     CC       dcb_buffer.o
#23 25.55     CC       dcb_dcbx.o
#23 25.59     CC       dcb_ets.o
#23 25.67     CC       dcb_maxrate.o
#23 25.72     CC       dcb_pfc.o
#23 25.78     CC       dcb_apptrust.o
#23 25.83     CC       dcb_rewr.o
#23 25.91     LINK     dcb
#23 25.92 
#23 25.92 vdpa
#23 25.93     CC       vdpa.o
#23 25.94 In file included from vdpa.c:19:
#23 25.94 ../include/json_print.h:80:30: warning: 'struct timeval' declared inside parameter list will not be visible outside of this definition or declaration
#23 25.94    80 | _PRINT_FUNC(tv, const struct timeval *)
#23 25.94       |                              ^~~~~~~
#23 25.94 ../include/json_print.h:50:37: note: in definition of macro '_PRINT_FUNC'
#23 25.94    50 |                                     type value);                        \
#23 25.94       |                                     ^~~~
#23 25.94 ../include/json_print.h:80:30: warning: 'struct timeval' declared inside parameter list will not be visible outside of this definition or declaration
#23 25.94    80 | _PRINT_FUNC(tv, const struct timeval *)
#23 25.94       |                              ^~~~~~~
#23 25.94 ../include/json_print.h:55:45: note: in definition of macro '_PRINT_FUNC'
#23 25.94    55 |                                             type value)                 \
#23 25.94       |                                             ^~~~
#23 25.94 ../include/json_print.h: In function 'print_tv':
#23 25.94 ../include/json_print.h:58:48: warning: passing argument 5 of 'print_color_tv' from incompatible pointer type [-Wincompatible-pointer-types]
#23 25.94    58 |                                                value);                  \
#23 25.94       |                                                ^~~~~
#23 25.94       |                                                |
#23 25.94       |                                                const struct timeval *
#23 25.94 ../include/json_print.h:80:1: note: in expansion of macro '_PRINT_FUNC'
#23 25.94    80 | _PRINT_FUNC(tv, const struct timeval *)
#23 25.94       | ^~~~~~~~~~~
#23 25.94 ../include/json_print.h:50:42: note: expected 'const struct timeval *' but argument is of type 'const struct timeval *'
#23 25.94    50 |                                     type value);                        \
#23 25.94       |                                          ^
#23 25.94 ../include/json_print.h:80:1: note: in expansion of macro '_PRINT_FUNC'
#23 25.94    80 | _PRINT_FUNC(tv, const struct timeval *)
#23 25.94       | ^~~~~~~~~~~
#23 26.08     LINK     vdpa
#23 DONE 26.1s

#24 [20/22] RUN git clone --no-single-branch --depth=1 https://github.com/linux-netdev/testing.git /nipa-data/kernel
#24 0.375 Cloning into '/nipa-data/kernel'...
#24 39.62 Updating files:  16% (13795/83283)Updating files:  17% (14159/83283)Updating files:  18% (14991/83283)Updating files:  19% (15824/83283)Updating files:  20% (16657/83283)Updating files:  21% (17490/83283)Updating files:  22% (18323/83283)Updating files:  23% (19156/83283)Updating files:  24% (19988/83283)Updating files:  25% (20821/83283)Updating files:  26% (21654/83283)Updating files:  27% (22487/83283)Updating files:  28% (23320/83283)Updating files:  29% (24153/83283)Updating files:  30% (24985/83283)Updating files:  31% (25818/83283)Updating files:  32% (26651/83283)Updating files:  33% (27484/83283)Updating files:  34% (28317/83283)Updating files:  34% (28937/83283)Updating files:  35% (29150/83283)Updating files:  36% (29982/83283)Updating files:  37% (30815/83283)Updating files:  38% (31648/83283)Updating files:  39% (32481/83283)Updating files:  40% (33314/83283)Updating files:  40% (33603/83283)Updating files:  41% (34147/83283)Updating files:  42% (34979/83283)Updating files:  43% (35812/83283)Updating files:  44% (36645/83283)Updating files:  45% (37478/83283)Updating files:  46% (38311/83283)Updating files:  47% (39144/83283)Updating files:  48% (39976/83283)Updating files:  49% (40809/83283)Updating files:  50% (41642/83283)Updating files:  50% (42448/83283)Updating files:  51% (42475/83283)Updating files:  52% (43308/83283)Updating files:  53% (44140/83283)Updating files:  54% (44973/83283)Updating files:  55% (45806/83283)Updating files:  56% (46639/83283)Updating files:  57% (47472/83283)Updating files:  58% (48305/83283)Updating files:  59% (49137/83283)Updating files:  60% (49970/83283)Updating files:  61% (50803/83283)Updating files:  62% (51636/83283)Updating files:  63% (52469/83283)Updating files:  64% (53302/83283)Updating files:  64% (53359/83283)Updating files:  65% (54134/83283)Updating files:  66% (54967/83283)Updating files:  67% (55800/83283)Updating files:  68% (56633/83283)Updating files:  69% (57466/83283)Updating files:  70% (58299/83283)Updating files:  71% (59131/83283)Updating files:  72% (59964/83283)Updating files:  73% (60797/83283)Updating files:  74% (61630/83283)Updating files:  75% (62463/83283)Updating files:  76% (63296/83283)Updating files:  77% (64128/83283)Updating files:  78% (64961/83283)Updating files:  79% (65794/83283)Updating files:  80% (66627/83283)Updating files:  81% (67460/83283)Updating files:  81% (67946/83283)Updating files:  82% (68293/83283)Updating files:  83% (69125/83283)Updating files:  84% (69958/83283)Updating files:  85% (70791/83283)Updating files:  86% (71624/83283)Updating files:  87% (72457/83283)Updating files:  88% (73290/83283)Updating files:  89% (74122/83283)Updating files:  90% (74955/83283)Updating files:  91% (75788/83283)Updating files:  92% (76621/83283)Updating files:  93% (77454/83283)Updating files:  94% (78287/83283)Updating files:  95% (79119/83283)Updating files:  96% (79952/83283)Updating files:  97% (80785/83283)Updating files:  98% (81618/83283)Updating files:  99% (82451/83283)Updating files: 100% (83283/83283)Updating files: 100% (83283/83283), done.
#24 DONE 47.4s

#25 [21/22] RUN git clone --depth=1 -b dev https://github.com/p4tc-dev/new-nipa.git nipa
#25 0.335 Cloning into 'nipa'...
#25 DONE 1.4s

#26 [22/22] COPY entrypoint.sh /entrypoint.sh
#26 DONE 0.0s

#27 exporting to image
#27 exporting layers
#27 exporting layers 7.0s done
#27 writing image sha256:59cbba9414d40290d0efd1b2b30d8a1fc5ead2436dd43ee787405f79eb47b256 done
#27 naming to docker.io/library/nipa-executor done
#27 DONE 7.0s
=== >>> DEBUG KERNEL <<< ===
NIPA version: 9d4ceb4 (fetcher: support local kernel patches, 2024-02-05)
INFO: Last run date: 2024-03-20 21:00:08.593492+00:00
Testing  {'branch': 'net-next-2024-03-21--00-00', 'date': '2024-03-21T00:00:12.716534+00:00', 'base': '4984384d021e188f57eb1fc3e93112a2719a9d27', 'url': 'https://github.com/linux-netdev/testing.git net-next-2024-03-21--00-00'}
Updating files:  83% (7038/8399)Updating files:  84% (7056/8399)Updating files:  85% (7140/8399)Updating files:  86% (7224/8399)Updating files:  87% (7308/8399)Updating files:  88% (7392/8399)Updating files:  89% (7476/8399)Updating files:  90% (7560/8399)Updating files:  91% (7644/8399)Updating files:  92% (7728/8399)Updating files:  93% (7812/8399)Updating files:  94% (7896/8399)Updating files:  95% (7980/8399)Updating files:  96% (8064/8399)Updating files:  97% (8148/8399)Updating files:  98% (8232/8399)Updating files:  99% (8316/8399)Updating files: 100% (8399/8399)Updating files: 100% (8399/8399), done.
branch 'net-next-2024-03-21--00-00' set up to track 'origin/net-next-2024-03-21--00-00'.
Switched to a new branch 'net-next-2024-03-21--00-00'
error: No valid patches in input (allow with "--allow-empty")
Checking patch tools/testing/selftests/tc-testing/tdc_config.py...
Applied patch tools/testing/selftests/tc-testing/tdc_config.py cleanly.
Run at 2024-03-21 00:24:06.472686
INFO: building kernel
INFO: starting VM 0
INFO: thr0-1 VM starting: vng -v -r arch/x86/boot/bzImage --user root --rwdir=/nipa-data/kernel/
INFO: thr0-1 expecting prompt: '/nipa-data/kernel# '
INFO: thr0-1 reached initial prompt
INFO: thr-0 testing == tdc.sh
INFO: thr-0 tdc.sh >> retcode: 0 result: pass found {'fail': False, 'skip': False, 'pass': True}
INFO: thr-0 has no more work, exiting
INFO: thr0-1 VM stopped
Done at 2024-03-21 00:28:43.845788
NIPA quitting!
/
~/nipa/tc-executor/tc-executor-storage /
sort: fflush failed: 'standard output': Broken pipe
sort: write error
