~/nipa/tc-executor/tc-executor-storage /
Switched to branch 'storage-dbg'
Your branch is ahead of 'origin/storage-dbg' by 780 commits.
  (use "git push" to publish your local commits)
/
~/nipa/tc-executor /
Error response from daemon: No such image: nipa-executor:latest
#0 building with "default" instance using docker driver

#1 [internal] load build definition from Dockerfile
#1 transferring dockerfile: 2.05kB done
#1 DONE 0.0s

#2 [internal] load .dockerignore
#2 transferring context: 2B done
#2 DONE 0.0s

#3 [internal] load metadata for docker.io/library/alpine:edge
#3 DONE 0.0s

#4 [ 1/22] FROM docker.io/library/alpine:edge
#4 CACHED

#5 [internal] load build context
#5 transferring context: 3.02kB done
#5 DONE 0.0s

#6 [ 2/22] RUN echo true > debug-mode
#6 DONE 0.7s

#7 [ 3/22] RUN addgroup -g 1001 hostuser
#7 DONE 0.4s

#8 [ 4/22] RUN adduser -u 1001 -G hostuser -H -D -s /bin/ash hostuser
#8 DONE 0.4s

#9 [ 5/22] RUN echo '@testing http://dl-cdn.alpinelinux.org/alpine/edge/testing' >> /etc/apk/repositories
#9 DONE 0.4s

#10 [ 6/22] RUN echo '@community http://dl-cdn.alpinelinux.org/alpine/edge/community' >> /etc/apk/repositories
#10 DONE 0.4s

#11 [ 7/22] RUN apk update && apk add --no-cache    virtme-ng@testing    git    py3-requests    py3-psutil    py3-setuptools    py3-pyroute2    py3-argcomplete    qemu-system-x86_64@community    scapy@community    make    gcc    musl-dev    flex    bison    linux-headers    elfutils-dev    util-linux    coreutils    diffutils    findutils    file    bash    kmod    perl    iptables-dev    libcap-dev    libmnl-dev    iproute2     jq    libbpf-dev    rsync    openssl-dev
#11 0.367 fetch https://dl-cdn.alpinelinux.org/alpine/edge/main/x86_64/APKINDEX.tar.gz
#11 0.581 fetch https://dl-cdn.alpinelinux.org/alpine/edge/community/x86_64/APKINDEX.tar.gz
#11 0.800 fetch http://dl-cdn.alpinelinux.org/alpine/edge/testing/x86_64/APKINDEX.tar.gz
#11 1.012 fetch http://dl-cdn.alpinelinux.org/alpine/edge/community/x86_64/APKINDEX.tar.gz
#11 1.276 v3.20.0-159-gea73a052d01 [https://dl-cdn.alpinelinux.org/alpine/edge/main]
#11 1.276 v3.20.0-200-g67679482565 [https://dl-cdn.alpinelinux.org/alpine/edge/community]
#11 1.276 v3.20.0-204-g475c985f356 [http://dl-cdn.alpinelinux.org/alpine/edge/testing]
#11 1.276 v3.20.0-200-g67679482565 [http://dl-cdn.alpinelinux.org/alpine/edge/community]
#11 1.276 OK: 31483 distinct packages available
#11 1.337 fetch https://dl-cdn.alpinelinux.org/alpine/edge/main/x86_64/APKINDEX.tar.gz
#11 1.441 fetch https://dl-cdn.alpinelinux.org/alpine/edge/community/x86_64/APKINDEX.tar.gz
#11 1.528 fetch http://dl-cdn.alpinelinux.org/alpine/edge/testing/x86_64/APKINDEX.tar.gz
#11 1.629 fetch http://dl-cdn.alpinelinux.org/alpine/edge/community/x86_64/APKINDEX.tar.gz
#11 1.857 (1/177) Upgrading musl (1.2.4_git20230717-r5 -> 1.2.5-r1)
#11 1.874 (2/177) Upgrading libcrypto3 (3.1.4-r2 -> 3.3.0-r2)
#11 1.908 (3/177) Upgrading libssl3 (3.1.4-r2 -> 3.3.0-r2)
#11 1.936 (4/177) Upgrading zlib (1.3-r2 -> 1.3.1-r1)
#11 1.949 (5/177) Installing ncurses-terminfo-base (6.4_p20240420-r0)
#11 1.964 (6/177) Installing libncursesw (6.4_p20240420-r0)
#11 1.980 (7/177) Installing readline (8.2.10-r0)
#11 1.994 (8/177) Installing bash (5.2.26-r0)
#11 2.016 Executing bash-5.2.26-r0.post-install
#11 2.020 (9/177) Installing m4 (1.4.19-r3)
#11 2.034 (10/177) Installing bison (3.8.2-r1)
#11 2.055 (11/177) Installing coreutils-env (9.5-r1)
#11 2.068 (12/177) Installing coreutils-fmt (9.5-r1)
#11 2.080 (13/177) Installing coreutils-sha512sum (9.5-r1)
#11 2.102 (14/177) Installing libacl (2.3.2-r0)
#11 2.114 (15/177) Installing libattr (2.5.2-r0)
#11 2.127 (16/177) Installing skalibs (2.14.1.1-r0)
#11 2.151 (17/177) Installing utmps-libs (0.1.2.2-r1)
#11 2.163 (18/177) Installing coreutils (9.5-r1)
#11 2.188 (19/177) Installing diffutils (3.10-r0)
#11 2.205 (20/177) Installing zstd-libs (1.5.6-r0)
#11 2.227 (21/177) Installing libelf (0.191-r0)
#11 2.246 (22/177) Installing libbz2 (1.0.8-r6)
#11 2.258 (23/177) Installing musl-fts (1.2.7-r6)
#11 2.271 (24/177) Installing xz-libs (5.6.1-r3)
#11 2.287 (25/177) Installing libdw (0.191-r0)
#11 2.303 (26/177) Installing libasm (0.191-r0)
#11 2.315 (27/177) Installing xz (5.6.1-r3)
#11 2.329 (28/177) Installing pkgconf (2.2.0-r0)
#11 2.342 (29/177) Installing xz-dev (5.6.1-r3)
#11 2.356 (30/177) Installing libgcc (13.2.1_git20240309-r0)
#11 2.369 (31/177) Installing libstdc++ (13.2.1_git20240309-r0)
#11 2.394 (32/177) Installing zstd (1.5.6-r0)
#11 2.409 (33/177) Installing zstd-dev (1.5.6-r0)
#11 2.424 (34/177) Installing zlib-dev (1.3.1-r1)
#11 2.438 (35/177) Installing elfutils-dev (0.191-r0)
#11 2.459 (36/177) Installing libmagic (5.45-r1)
#11 2.492 (37/177) Installing file (5.45-r1)
#11 2.504 (38/177) Installing findutils (4.9.0-r5)
#11 2.519 (39/177) Installing flex (2.6.4-r6)
#11 2.534 (40/177) Installing jansson (2.14-r4)
#11 2.548 (41/177) Installing binutils (2.42-r0)
#11 2.604 (42/177) Installing libgomp (13.2.1_git20240309-r0)
#11 2.620 (43/177) Installing libatomic (13.2.1_git20240309-r0)
#11 2.633 (44/177) Installing gmp (6.3.0-r1)
#11 2.649 (45/177) Installing isl26 (0.26-r1)
#11 2.674 (46/177) Installing mpfr4 (4.2.1-r0)
#11 2.691 (47/177) Installing mpc1 (1.3.1-r1)
#11 2.704 (48/177) Installing gcc (13.2.1_git20240309-r0)
#11 3.181 (49/177) Installing ca-certificates (20240226-r0)
#11 3.203 (50/177) Installing brotli-libs (1.1.0-r2)
#11 3.224 (51/177) Installing c-ares (1.28.1-r0)
#11 3.237 (52/177) Installing libunistring (1.2-r0)
#11 3.258 (53/177) Installing libidn2 (2.3.7-r0)
#11 3.272 (54/177) Installing nghttp2-libs (1.62.0-r0)
#11 3.285 (55/177) Installing libpsl (0.21.5-r1)
#11 3.298 (56/177) Installing libcurl (8.8.0-r0)
#11 3.316 (57/177) Installing libexpat (2.6.2-r0)
#11 3.329 (58/177) Installing pcre2 (10.43-r0)
#11 3.346 (59/177) Installing git (2.45.1-r0)
#11 3.403 (60/177) Installing git-init-template (2.45.1-r0)
#11 3.417 (61/177) Installing libcap2 (2.70-r0)
#11 3.429 (62/177) Installing libmnl (1.0.5-r2)
#11 3.442 (63/177) Installing iproute2-minimal (6.9.0-r0)
#11 3.460 (64/177) Installing libxtables (1.8.10-r3)
#11 3.474 (65/177) Installing iproute2-tc (6.9.0-r0)
#11 3.491 (66/177) Installing iproute2-ss (6.9.0-r0)
#11 3.504 (67/177) Installing iproute2 (6.9.0-r0)
#11 3.520 Executing iproute2-6.9.0-r0.post-install
#11 3.525 (68/177) Installing linux-headers (6.6-r0)
#11 3.627 (69/177) Installing libip4tc (1.8.10-r3)
#11 3.639 (70/177) Installing libip6tc (1.8.10-r3)
#11 3.652 (71/177) Installing libipq (1.8.10-r3)
#11 3.666 (72/177) Installing iptables-dev (1.8.10-r3)
#11 3.680 (73/177) Installing oniguruma (6.9.9-r0)
#11 3.699 (74/177) Installing jq (1.7.1-r0)
#11 3.716 (75/177) Installing kmod (32-r0)
#11 3.732 (76/177) Installing libbpf (1.4.2-r0)
#11 3.747 (77/177) Installing libbpf-dev (1.4.2-r0)
#11 3.766 (78/177) Installing libcap-dev (2.70-r0)
#11 3.778 (79/177) Installing libmnl-dev (1.0.5-r2)
#11 3.791 (80/177) Installing make (4.4.1-r2)
#11 3.805 (81/177) Installing musl-dev (1.2.5-r1)
#11 3.861 (82/177) Installing openssl-dev (3.3.0-r2)
#11 3.888 (83/177) Installing perl (5.38.2-r0)
#11 4.084 (84/177) Installing perl-error (0.17029-r2)
#11 4.096 (85/177) Installing perl-git (2.45.1-r0)
#11 4.110 (86/177) Installing git-perl (2.45.1-r0)
#11 4.122 (87/177) Installing libffi (3.4.6-r0)
#11 4.139 (88/177) Installing gdbm (1.23-r1)
#11 4.152 (89/177) Installing mpdecimal (4.0.0-r0)
#11 4.166 (90/177) Installing libpanelw (6.4_p20240420-r0)
#11 4.178 (91/177) Installing sqlite-libs (3.46.0-r0)
#11 4.199 (92/177) Installing python3 (3.12.3-r1)
#11 4.336 (93/177) Installing python3-pycache-pyc0 (3.12.3-r1)
#11 4.452 (94/177) Installing pyc (3.12.3-r1)
#11 4.464 (95/177) Installing py3-argcomplete-pyc (3.3.0-r0)
#11 4.477 (96/177) Installing python3-pyc (3.12.3-r1)
#11 4.491 (97/177) Installing py3-argcomplete (3.3.0-r0)
#11 4.505 (98/177) Installing py3-psutil (5.9.8-r1)
#11 4.521 (99/177) Installing py3-psutil-pyc (5.9.8-r1)
#11 4.538 (100/177) Installing py3-pyroute2 (0.7.12-r1)
#11 4.574 (101/177) Installing py3-pyroute2-pyc (0.7.12-r1)
#11 4.616 (102/177) Installing py3-certifi (2024.2.2-r1)
#11 4.629 (103/177) Installing py3-certifi-pyc (2024.2.2-r1)
#11 4.641 (104/177) Installing py3-charset-normalizer (3.3.2-r1)
#11 4.660 (105/177) Installing py3-charset-normalizer-pyc (3.3.2-r1)
#11 4.675 (106/177) Installing py3-idna (3.7-r0)
#11 4.690 (107/177) Installing py3-idna-pyc (3.7-r0)
#11 4.704 (108/177) Installing py3-urllib3 (1.26.18-r1)
#11 4.722 (109/177) Installing py3-urllib3-pyc (1.26.18-r1)
#11 4.740 (110/177) Installing py3-requests (2.32.2-r0)
#11 4.757 (111/177) Installing py3-requests-pyc (2.32.2-r0)
#11 4.772 (112/177) Installing py3-parsing (3.1.2-r1)
#11 4.787 (113/177) Installing py3-parsing-pyc (3.1.2-r1)
#11 4.803 (114/177) Installing py3-packaging (24.0-r1)
#11 4.816 (115/177) Installing py3-packaging-pyc (24.0-r1)
#11 4.830 (116/177) Installing py3-setuptools (69.5.1-r0)
#11 4.870 (117/177) Installing py3-setuptools-pyc (69.5.1-r0)
#11 4.912 (118/177) Installing libcap-ng (0.8.5-r0)
#11 4.924 (119/177) Installing libintl (0.22.5-r0)
#11 4.936 (120/177) Installing libeconf (0.6.3-r0)
#11 4.949 (121/177) Installing libblkid (2.40.1-r1)
#11 4.963 (122/177) Installing libmount (2.40.1-r1)
#11 4.979 (123/177) Installing glib (2.80.2-r0)
#11 5.024 (124/177) Installing numactl (2.0.18-r0)
#11 5.041 (125/177) Installing qemu (9.0.0-r0)
#11 5.058 Executing qemu-9.0.0-r0.pre-install
#11 5.120 Executing qemu-9.0.0-r0.post-install
#11 5.123 *
#11 5.123 * If you want to run VM as unprivileged user and let Qemu create tunX devices,
#11 5.123 * then you must add that user to the group "qemu".
#11 5.123 * If you use KVM for hardware-assisted virtualization, then you may also need
#11 5.123 * to add that user to the group "kvm".
#11 5.123 *
#11 5.123 (126/177) Installing qemu-bridge-helper (9.0.0-r0)
#11 5.140 (127/177) Installing libaio (0.3.113-r2)
#11 5.152 (128/177) Installing capstone (5.0.1-r4)
#11 5.186 (129/177) Installing nettle (3.9.1-r0)
#11 5.203 (130/177) Installing libtasn1 (4.19.0-r2)
#11 5.215 (131/177) Installing p11-kit (0.25.3-r0)
#11 5.234 (132/177) Installing gnutls (3.8.5-r0)
#11 5.258 (133/177) Installing libjpeg-turbo (3.0.3-r0)
#11 5.274 (134/177) Installing lzo (2.10-r5)
#11 5.291 (135/177) Installing pixman (0.43.2-r0)
#11 5.307 (136/177) Installing libpng (1.6.43-r0)
#11 5.322 (137/177) Installing libsasl (2.1.28-r6)
#11 5.336 (138/177) Installing libseccomp (2.5.5-r1)
#11 5.350 (139/177) Installing libslirp (4.8.0-r0)
#11 5.363 (140/177) Installing snappy (1.1.10-r2)
#11 5.376 (141/177) Installing liburing (2.6-r0)
#11 5.388 (142/177) Installing vde2-libs (2.3.3-r3)
#11 5.401 (143/177) Installing qemu-system-x86_64 (9.0.0-r0)
#11 5.504 (144/177) Installing lz4-libs (1.9.4-r5)
#11 5.517 (145/177) Installing popt (1.19-r3)
#11 5.533 (146/177) Installing libxxhash (0.8.2-r2)
#11 5.545 (147/177) Installing rsync (3.3.0-r0)
#11 5.561 (148/177) Installing scapy (2.5.0-r3)
#11 5.613 Executing scapy-2.5.0-r3.post-install
#11 5.616 *
#11 5.616 * Certain optional features of scapy also depend on the following packages:
#11 5.616 *     py3-matplotlib graphviz imagemagick py3-cryptography sox
#11 5.616 * And the following unpackaged dependencies:
#11 5.616 *     pyxi vpython-jupyter nmap<v4.23
#11 5.616 * More information can be found at https://scapy.readthedocs.io/en/latest/installation.html#optional-dependencies
#11 5.616 *
#11 5.616 (149/177) Installing scapy-pyc (2.5.0-r3)
#11 5.678 (150/177) Installing util-linux (2.40.1-r1)
#11 5.690 (151/177) Installing dmesg (2.40.1-r1)
#11 5.702 (152/177) Installing setarch (2.40.1-r1)
#11 5.714 (153/177) Installing libuuid (2.40.1-r1)
#11 5.726 (154/177) Installing libfdisk (2.40.1-r1)
#11 5.780 (155/177) Installing libsmartcols (2.40.1-r1)
#11 5.793 (156/177) Installing util-linux-misc (2.40.1-r1)
#11 5.825 (157/177) Installing linux-pam (1.6.0-r0)
#11 5.844 (158/177) Installing runuser (2.40.1-r1)
#11 5.857 (159/177) Installing mount (2.40.1-r1)
#11 5.869 (160/177) Installing losetup (2.40.1-r1)
#11 5.883 (161/177) Installing hexdump (2.40.1-r1)
#11 5.895 (162/177) Installing uuidgen (2.40.1-r1)
#11 5.906 (163/177) Installing blkid (2.40.1-r1)
#11 5.919 (164/177) Installing sfdisk (2.40.1-r1)
#11 5.932 (165/177) Installing mcookie (2.40.1-r1)
#11 5.944 (166/177) Installing agetty (2.40.1-r1)
#11 5.957 (167/177) Installing wipefs (2.40.1-r1)
#11 5.969 (168/177) Installing cfdisk (2.40.1-r1)
#11 5.983 (169/177) Installing umount (2.40.1-r1)
#11 5.995 (170/177) Installing flock (2.40.1-r1)
#11 6.007 (171/177) Installing lsblk (2.40.1-r1)
#11 6.021 (172/177) Installing setpriv (2.40.1-r1)
#11 6.033 (173/177) Installing logger (2.40.1-r1)
#11 6.046 (174/177) Installing partx (2.40.1-r1)
#11 6.059 (175/177) Installing fstrim (2.40.1-r1)
#11 6.071 (176/177) Installing findmnt (2.40.1-r1)
#11 6.084 (177/177) Installing virtme-ng@testing (1.25-r0)
#11 6.140 Executing busybox-1.36.1-r17.trigger
#11 6.145 Executing ca-certificates-20240226-r0.trigger
#11 6.169 Executing glib-2.80.2-r0.trigger
#11 6.174 OK: 385 MiB in 188 packages
#11 DONE 6.5s

#12 [ 8/22] RUN mkdir -p /tmp/kernel-patches &&     mkdir -p /tmp/iproute2-patches
#12 DONE 0.4s

#13 [ 9/22] COPY tdc.config /tmp
#13 DONE 0.0s

#14 [10/22] COPY tdc-debug.config /tmp
#14 DONE 0.1s

#15 [11/22] COPY kernel-patches /tmp/kernel-patches/
#15 DONE 0.0s

#16 [12/22] COPY iproute2-patches /tmp/iproute2-patches/
#16 DONE 0.0s

#17 [13/22] COPY configs /tmp/configs/
#17 DONE 0.0s

#18 [14/22] RUN git config --global user.email foo@bar.com
#18 DONE 0.3s

#19 [15/22] RUN git config --global user.name foo@bar.com
#19 DONE 0.4s

#20 [16/22] RUN git clone https://git.kernel.org/pub/scm/network/iproute2/iproute2-next.git /nipa-data/iproute2
#20 0.415 Cloning into '/nipa-data/iproute2'...
#20 DONE 2.1s

#21 [17/22] RUN cd /nipa-data/iproute2 && 	git remote add stable https://git.kernel.org/pub/scm/network/iproute2/iproute2.git && 	git fetch --all && 	git merge stable/main
#21 0.374 Fetching origin
#21 0.651 Fetching stable
#21 1.004 From https://git.kernel.org/pub/scm/network/iproute2/iproute2
#21 1.004  * [new branch]        codeql         -> stable/codeql
#21 1.004  * [new branch]        iproute2-4.1.x -> stable/iproute2-4.1.x
#21 1.004  * [new branch]        main           -> stable/main
#21 1.007 Already up to date.
#21 DONE 1.0s

#22 [18/22] RUN if [ "$(find /tmp/iproute2-patches/ -name *.patch)" ]; then  	cd /nipa-data/iproute2; 	git apply /tmp/iproute2-patches/*.patch;     fi
#22 DONE 0.4s

#23 [19/22] RUN cd /nipa-data/iproute2/ &&     ./configure &&     make
#23 0.350 TC schedulers
#23 0.351  IPT	using xtables
#23 0.380  IPSET  yes
#23 0.401 
#23 0.402 lib directory: /usr/lib
#23 0.402 libc has setns: yes
#23 0.423 libc has name_to_handle_at: yes
#23 0.444 SELinux support: no
#23 0.445 libtirpc support: no
#23 0.446 libbpf support: yes
#23 0.512 	libbpf version 1.4.2
#23 0.512 ELF support: yes
#23 0.514 libmnl support: yes
#23 0.515 Berkeley DB: no
#23 0.526 need for strlcpy: no
#23 0.547 libcap support: yes
#23 0.549 color output: never
#23 0.551 
#23 0.551 lib
#23 0.553     CC       libgenl.o
#23 0.566 In file included from ../include/libgenl.h:5,
#23 0.566                  from libgenl.c:12:
#23 0.566 ../include/libnetlink.h: In function 'rta_getattr_be64':
#23 0.566 ../include/libnetlink.h:280:16: warning: implicit declaration of function 'htobe64' [-Wimplicit-function-declaration]
#23 0.566   280 |         return htobe64(rta_getattr_u64(rta));
#23 0.566       |                ^~~~~~~
#23 0.593     CC       libnetlink.o
#23 0.908     CC       mnl_utils.o
#23 0.921 In file included from mnl_utils.c:12:
#23 0.921 ../include/libnetlink.h: In function 'rta_getattr_be64':
#23 0.921 ../include/libnetlink.h:280:16: warning: implicit declaration of function 'htobe64' [-Wimplicit-function-declaration]
#23 0.921   280 |         return htobe64(rta_getattr_u64(rta));
#23 0.921       |                ^~~~~~~
#23 0.983     AR       libnetlink.a
#23 0.985     CC       utils.o
#23 1.359     CC       utils_math.o
#23 1.398     CC       rt_names.o
#23 1.561     CC       ll_map.o
#23 1.576 In file included from ll_map.c:17:
#23 1.576 ../include/libnetlink.h: In function 'rta_getattr_be64':
#23 1.576 ../include/libnetlink.h:280:16: warning: implicit declaration of function 'htobe64' [-Wimplicit-function-declaration]
#23 1.576   280 |         return htobe64(rta_getattr_u64(rta));
#23 1.576       |                ^~~~~~~
#23 1.665     CC       ll_types.o
#23 1.678 In file included from ll_types.c:20:
#23 1.678 ../include/uapi/linux/sockios.h:42: warning: "SIOCGSTAMP" redefined
#23 1.678    42 | #define SIOCGSTAMP      SIOCGSTAMP_OLD
#23 1.678       | 
#23 1.678 In file included from /usr/include/sys/ioctl.h:10,
#23 1.678                  from ll_types.c:12:
#23 1.678 /usr/include/bits/ioctl.h:111: note: this is the location of the previous definition
#23 1.678   111 | #define SIOCGSTAMP      0x8906
#23 1.678       | 
#23 1.678 ../include/uapi/linux/sockios.h:43: warning: "SIOCGSTAMPNS" redefined
#23 1.678    43 | #define SIOCGSTAMPNS    SIOCGSTAMPNS_OLD
#23 1.678       | 
#23 1.678 /usr/include/bits/ioctl.h:112: note: this is the location of the previous definition
#23 1.678   112 | #define SIOCGSTAMPNS    0x8907
#23 1.678       | 
#23 1.694     CC       ll_proto.o
#23 1.706 In file included from ll_proto.c:21:
#23 1.706 ../include/uapi/linux/sockios.h:42: warning: "SIOCGSTAMP" redefined
#23 1.706    42 | #define SIOCGSTAMP      SIOCGSTAMP_OLD
#23 1.706       | 
#23 1.706 In file included from /usr/include/sys/ioctl.h:10,
#23 1.706                  from ll_proto.c:13:
#23 1.706 /usr/include/bits/ioctl.h:111: note: this is the location of the previous definition
#23 1.706   111 | #define SIOCGSTAMP      0x8906
#23 1.706       | 
#23 1.706 ../include/uapi/linux/sockios.h:43: warning: "SIOCGSTAMPNS" redefined
#23 1.706    43 | #define SIOCGSTAMPNS    SIOCGSTAMPNS_OLD
#23 1.706       | 
#23 1.706 /usr/include/bits/ioctl.h:112: note: this is the location of the previous definition
#23 1.706   112 | #define SIOCGSTAMPNS    0x8907
#23 1.706       | 
#23 1.720     CC       ll_addr.o
#23 1.732 In file included from ll_addr.c:20:
#23 1.732 ../include/uapi/linux/sockios.h:42: warning: "SIOCGSTAMP" redefined
#23 1.732    42 | #define SIOCGSTAMP      SIOCGSTAMP_OLD
#23 1.732       | 
#23 1.732 In file included from /usr/include/sys/ioctl.h:10,
#23 1.732                  from ll_addr.c:12:
#23 1.732 /usr/include/bits/ioctl.h:111: note: this is the location of the previous definition
#23 1.732   111 | #define SIOCGSTAMP      0x8906
#23 1.732       | 
#23 1.732 ../include/uapi/linux/sockios.h:43: warning: "SIOCGSTAMPNS" redefined
#23 1.732    43 | #define SIOCGSTAMPNS    SIOCGSTAMPNS_OLD
#23 1.732       | 
#23 1.732 /usr/include/bits/ioctl.h:112: note: this is the location of the previous definition
#23 1.732   112 | #define SIOCGSTAMPNS    0x8907
#23 1.732       | 
#23 1.759     CC       inet_proto.o
#23 1.787     CC       namespace.o
#23 1.843     CC       json_writer.o
#23 1.927     CC       json_print.o
#23 2.046     CC       json_print_math.o
#23 2.077     CC       names.o
#23 2.120     CC       color.o
#23 2.160     CC       bpf_legacy.o
#23 2.515     CC       bpf_glue.o
#23 2.549     CC       exec.o
#23 2.578     CC       fs.o
#23 2.645     CC       cg_map.o
#23 2.679     CC       ppp_proto.o
#23 2.701     CC       bpf_libbpf.o
#23 2.788     CC       selinux.o
#23 2.807     CC       ax25_ntop.o
#23 2.834     CC       rose_ntop.o
#23 2.847 In file included from rose_ntop.c:16:
#23 2.847 ../include/uapi/linux/sockios.h:42: warning: "SIOCGSTAMP" redefined
#23 2.847    42 | #define SIOCGSTAMP      SIOCGSTAMP_OLD
#23 2.847       | 
#23 2.847 In file included from /usr/include/sys/ioctl.h:10,
#23 2.847                  from rose_ntop.c:7:
#23 2.847 /usr/include/bits/ioctl.h:111: note: this is the location of the previous definition
#23 2.847   111 | #define SIOCGSTAMP      0x8906
#23 2.847       | 
#23 2.847 ../include/uapi/linux/sockios.h:43: warning: "SIOCGSTAMPNS" redefined
#23 2.847    43 | #define SIOCGSTAMPNS    SIOCGSTAMPNS_OLD
#23 2.847       | 
#23 2.847 /usr/include/bits/ioctl.h:112: note: this is the location of the previous definition
#23 2.847   112 | #define SIOCGSTAMPNS    0x8907
#23 2.847       | 
#23 2.865     CC       mpls_ntop.o
#23 2.891     CC       mpls_pton.o
#23 2.919     CC       netrom_ntop.o
#23 2.941     AR       libutil.a
#23 2.946 
#23 2.946 ip
#23 2.948     CC       ip.o
#23 3.024     CC       ipaddress.o
#23 3.039 In file included from ipaddress.c:26:
#23 3.039 ../include/uapi/linux/sockios.h:42: warning: "SIOCGSTAMP" redefined
#23 3.039    42 | #define SIOCGSTAMP      SIOCGSTAMP_OLD
#23 3.039       | 
#23 3.039 In file included from /usr/include/sys/ioctl.h:10,
#23 3.039                  from ipaddress.c:14:
#23 3.039 /usr/include/bits/ioctl.h:111: note: this is the location of the previous definition
#23 3.039   111 | #define SIOCGSTAMP      0x8906
#23 3.039       | 
#23 3.039 ../include/uapi/linux/sockios.h:43: warning: "SIOCGSTAMPNS" redefined
#23 3.039    43 | #define SIOCGSTAMPNS    SIOCGSTAMPNS_OLD
#23 3.039       | 
#23 3.039 /usr/include/bits/ioctl.h:112: note: this is the location of the previous definition
#23 3.039   112 | #define SIOCGSTAMPNS    0x8907
#23 3.039       | 
#23 3.482     CC       ipaddrlabel.o
#23 3.539     CC       iproute.o
#23 4.035     CC       iprule.o
#23 4.219     CC       ipnetns.o
#23 4.401     CC       rtm_map.o
#23 4.435     CC       iptunnel.o
#23 4.448 In file included from ../include/uapi/linux/if_tunnel.h:6,
#23 4.448                  from iptunnel.c:19:
#23 4.448 ../include/uapi/linux/if.h:134: warning: "IFF_VOLATILE" redefined
#23 4.448   134 | #define IFF_VOLATILE    (IFF_LOOPBACK|IFF_POINTOPOINT|IFF_BROADCAST|IFF_ECHO|\
#23 4.448       | 
#23 4.448 In file included from iptunnel.c:16:
#23 4.448 /usr/include/net/if.h:48: note: this is the location of the previous definition
#23 4.448    48 | #define IFF_VOLATILE (IFF_LOOPBACK|IFF_POINTOPOINT|IFF_BROADCAST| \
#23 4.448       | 
#23 4.577     CC       ip6tunnel.o
#23 4.688     CC       tunnel.o
#23 4.776     CC       ipneigh.o
#23 4.925     CC       ipntable.o
#23 5.056     CC       iplink.o
#23 5.328     CC       ipmaddr.o
#23 5.342 In file included from ipmaddr.c:21:
#23 5.342 ../include/uapi/linux/sockios.h:42: warning: "SIOCGSTAMP" redefined
#23 5.342    42 | #define SIOCGSTAMP      SIOCGSTAMP_OLD
#23 5.342       | 
#23 5.342 In file included from /usr/include/sys/ioctl.h:10,
#23 5.342                  from ipmaddr.c:12:
#23 5.342 /usr/include/bits/ioctl.h:111: note: this is the location of the previous definition
#23 5.342   111 | #define SIOCGSTAMP      0x8906
#23 5.342       | 
#23 5.342 ../include/uapi/linux/sockios.h:43: warning: "SIOCGSTAMPNS" redefined
#23 5.342    43 | #define SIOCGSTAMPNS    SIOCGSTAMPNS_OLD
#23 5.342       | 
#23 5.342 /usr/include/bits/ioctl.h:112: note: this is the location of the previous definition
#23 5.342   112 | #define SIOCGSTAMPNS    0x8907
#23 5.342       | 
#23 5.429     CC       ipmonitor.o
#23 5.501     CC       ipmroute.o
#23 5.513 In file included from ipmroute.c:22:
#23 5.513 ../include/uapi/linux/sockios.h:42: warning: "SIOCGSTAMP" redefined
#23 5.513    42 | #define SIOCGSTAMP      SIOCGSTAMP_OLD
#23 5.513       | 
#23 5.513 In file included from /usr/include/sys/ioctl.h:10,
#23 5.513                  from ipmroute.c:13:
#23 5.513 /usr/include/bits/ioctl.h:111: note: this is the location of the previous definition
#23 5.513   111 | #define SIOCGSTAMP      0x8906
#23 5.513       | 
#23 5.513 ../include/uapi/linux/sockios.h:43: warning: "SIOCGSTAMPNS" redefined
#23 5.513    43 | #define SIOCGSTAMPNS    SIOCGSTAMPNS_OLD
#23 5.513       | 
#23 5.513 /usr/include/bits/ioctl.h:112: note: this is the location of the previous definition
#23 5.513   112 | #define SIOCGSTAMPNS    0x8907
#23 5.513       | 
#23 5.574     CC       ipprefix.o
#23 5.604     CC       iptuntap.o
#23 5.708     CC       iptoken.o
#23 5.762     CC       ipxfrm.o
#23 6.056     CC       xfrm_state.o
#23 6.322     CC       xfrm_policy.o
#23 6.566     CC       xfrm_monitor.o
#23 6.643     CC       iplink_dummy.o
#23 6.665     CC       iplink_ifb.o
#23 6.688     CC       iplink_nlmon.o
#23 6.711     CC       iplink_team.o
#23 6.734     CC       iplink_vcan.o
#23 6.761     CC       iplink_vxcan.o
#23 6.788     CC       iplink_vlan.o
#23 6.857     CC       link_veth.o
#23 6.884     CC       link_gre.o
#23 6.895 In file included from ../include/uapi/linux/if_tunnel.h:6,
#23 6.895                  from link_gre.c:15:
#23 6.895 ../include/uapi/linux/if.h:134: warning: "IFF_VOLATILE" redefined
#23 6.895   134 | #define IFF_VOLATILE    (IFF_LOOPBACK|IFF_POINTOPOINT|IFF_BROADCAST|IFF_ECHO|\
#23 6.895       | 
#23 6.895 In file included from link_gre.c:9:
#23 6.895 /usr/include/net/if.h:48: note: this is the location of the previous definition
#23 6.895    48 | #define IFF_VOLATILE (IFF_LOOPBACK|IFF_POINTOPOINT|IFF_BROADCAST| \
#23 6.895       | 
#23 7.002     CC       iplink_can.o
#23 7.145     CC       iplink_xdp.o
#23 7.204     CC       iplink_macvlan.o
#23 7.286     CC       ipl2tp.o
#23 7.473     CC       link_vti.o
#23 7.484 In file included from ../include/uapi/linux/if_tunnel.h:6,
#23 7.484                  from link_vti.c:16:
#23 7.484 ../include/uapi/linux/if.h:134: warning: "IFF_VOLATILE" redefined
#23 7.484   134 | #define IFF_VOLATILE    (IFF_LOOPBACK|IFF_POINTOPOINT|IFF_BROADCAST|IFF_ECHO|\
#23 7.484       | 
#23 7.484 In file included from link_vti.c:10:
#23 7.484 /usr/include/net/if.h:48: note: this is the location of the previous definition
#23 7.484    48 | #define IFF_VOLATILE (IFF_LOOPBACK|IFF_POINTOPOINT|IFF_BROADCAST| \
#23 7.484       | 
#23 7.536     CC       link_vti6.o
#23 7.546 In file included from ../include/uapi/linux/if_tunnel.h:6,
#23 7.546                  from link_vti6.c:17:
#23 7.546 ../include/uapi/linux/if.h:134: warning: "IFF_VOLATILE" redefined
#23 7.546   134 | #define IFF_VOLATILE    (IFF_LOOPBACK|IFF_POINTOPOINT|IFF_BROADCAST|IFF_ECHO|\
#23 7.546       | 
#23 7.546 In file included from link_vti6.c:11:
#23 7.546 /usr/include/net/if.h:48: note: this is the location of the previous definition
#23 7.546    48 | #define IFF_VOLATILE (IFF_LOOPBACK|IFF_POINTOPOINT|IFF_BROADCAST| \
#23 7.546       | 
#23 7.592     CC       link_xfrm.o
#23 7.628     CC       iplink_vxlan.o
#23 7.781     CC       tcp_metrics.o
#23 7.885     CC       iplink_ipoib.o
#23 7.927     CC       ipnetconf.o
#23 7.979     CC       link_ip6tnl.o
#23 7.989 In file included from ../include/uapi/linux/if_tunnel.h:6,
#23 7.989                  from link_ip6tnl.c:15:
#23 7.989 ../include/uapi/linux/if.h:134: warning: "IFF_VOLATILE" redefined
#23 7.989   134 | #define IFF_VOLATILE    (IFF_LOOPBACK|IFF_POINTOPOINT|IFF_BROADCAST|IFF_ECHO|\
#23 7.989       | 
#23 7.989 In file included from link_ip6tnl.c:9:
#23 7.989 /usr/include/net/if.h:48: note: this is the location of the previous definition
#23 7.989    48 | #define IFF_VOLATILE (IFF_LOOPBACK|IFF_POINTOPOINT|IFF_BROADCAST| \
#23 7.989       | 
#23 8.076     CC       link_iptnl.o
#23 8.087 In file included from ../include/uapi/linux/if_tunnel.h:6,
#23 8.087                  from link_iptnl.c:16:
#23 8.087 ../include/uapi/linux/if.h:134: warning: "IFF_VOLATILE" redefined
#23 8.087   134 | #define IFF_VOLATILE    (IFF_LOOPBACK|IFF_POINTOPOINT|IFF_BROADCAST|IFF_ECHO|\
#23 8.087       | 
#23 8.087 In file included from link_iptnl.c:9:
#23 8.087 /usr/include/net/if.h:48: note: this is the location of the previous definition
#23 8.087    48 | #define IFF_VOLATILE (IFF_LOOPBACK|IFF_POINTOPOINT|IFF_BROADCAST| \
#23 8.087       | 
#23 8.176     CC       link_gre6.o
#23 8.187 In file included from ../include/uapi/linux/if_tunnel.h:6,
#23 8.187                  from link_gre6.c:15:
#23 8.187 ../include/uapi/linux/if.h:134: warning: "IFF_VOLATILE" redefined
#23 8.187   134 | #define IFF_VOLATILE    (IFF_LOOPBACK|IFF_POINTOPOINT|IFF_BROADCAST|IFF_ECHO|\
#23 8.187       | 
#23 8.187 In file included from link_gre6.c:9:
#23 8.187 /usr/include/net/if.h:48: note: this is the location of the previous definition
#23 8.187    48 | #define IFF_VOLATILE (IFF_LOOPBACK|IFF_POINTOPOINT|IFF_BROADCAST| \
#23 8.187       | 
#23 8.315     CC       iplink_bond.o
#23 8.496     CC       iplink_bond_slave.o
#23 8.561     CC       iplink_hsr.o
#23 8.625     CC       iplink_bridge.o
#23 8.791     CC       iplink_bridge_slave.o
#23 8.890     CC       iplink_dsa.o
#23 8.923     CC       ipfou.o
#23 8.936 In file included from ../include/libgenl.h:5,
#23 8.936                  from ipfou.c:18:
#23 8.936 ../include/libnetlink.h: In function 'rta_getattr_be64':
#23 8.936 ../include/libnetlink.h:280:16: warning: implicit declaration of function 'htobe64' [-Wimplicit-function-declaration]
#23 8.936   280 |         return htobe64(rta_getattr_u64(rta));
#23 8.936       |                ^~~~~~~
#23 9.004     CC       iplink_ipvlan.o
#23 9.054     CC       iplink_geneve.o
#23 9.142     CC       iplink_vrf.o
#23 9.190     CC       iproute_lwtunnel.o
#23 9.584     CC       ipmacsec.o
#23 9.843     CC       ipila.o
#23 9.858 In file included from ../include/libgenl.h:5,
#23 9.858                  from ipila.c:18:
#23 9.858 ../include/libnetlink.h: In function 'rta_getattr_be64':
#23 9.858 ../include/libnetlink.h:280:16: warning: implicit declaration of function 'htobe64' [-Wimplicit-function-declaration]
#23 9.858   280 |         return htobe64(rta_getattr_u64(rta));
#23 9.858       |                ^~~~~~~
#23 9.936     CC       ipvrf.o
#23 10.06     CC       iplink_xstats.o
#23 10.10     CC       ipseg6.o
#23 10.15     CC       iplink_netdevsim.o
#23 10.17     CC       iplink_rmnet.o
#23 10.21     CC       ipnexthop.o
#23 10.46     CC       ipmptcp.o
#23 10.59     CC       iplink_bareudp.o
#23 10.60 In file included from iplink_bareudp.c:9:
#23 10.60 ../include/libnetlink.h: In function 'rta_getattr_be64':
#23 10.60 ../include/libnetlink.h:280:16: warning: implicit declaration of function 'htobe64' [-Wimplicit-function-declaration]
#23 10.60   280 |         return htobe64(rta_getattr_u64(rta));
#23 10.60       |                ^~~~~~~
#23 10.64     CC       iplink_wwan.o
#23 10.67     CC       ipioam6.o
#23 10.75     CC       iplink_amt.o
#23 10.80     CC       iplink_batadv.o
#23 10.83     CC       iplink_gtp.o
#23 10.88     CC       iplink_virt_wifi.o
#23 10.90     CC       iplink_netkit.o
#23 10.94     CC       ipstats.o
#23 11.16     LINK     ip
#23 11.20     CC       rtmon.o
#23 11.25     LINK     rtmon
#23 11.26 
#23 11.26 tc
#23 11.26     CC       tc.o
#23 11.37     CC       tc_qdisc.o
#23 11.49     CC       tc_class.o
#23 11.62     CC       tc_filter.o
#23 11.78     CC       tc_util.o
#23 11.96     CC       tc_monitor.o
#23 12.00     CC       tc_exec.o
#23 12.03     CC       m_police.o
#23 12.12     CC       m_estimator.o
#23 12.15     CC       m_action.o
#23 12.30     CC       m_ematch.o
#23 12.42     YACC     emp_ematch.tab.c
#23 12.48     CC       emp_ematch.tab.o
#23 12.61     LEX      emp_ematch.lex.c
#23 12.62     CC       emp_ematch.lex.o
#23 12.81     CC       q_fifo.o
#23 12.84     CC       q_sfq.o
#23 12.92     CC       q_red.o
#23 13.00     CC       q_prio.o
#23 13.04     CC       q_skbprio.o
#23 13.08     CC       q_tbf.o
#23 13.16     CC       q_multiq.o
#23 13.20     CC       q_netem.o
#23 13.41     CC       q_choke.o
#23 13.47     CC       q_sfb.o
#23 13.54     CC       f_u32.o
#23 13.79     CC       f_route.o
#23 13.85     CC       f_fw.o
#23 13.90     CC       f_basic.o
#23 13.94     CC       f_bpf.o
#23 14.01     CC       f_flow.o
#23 14.10     CC       f_cgroup.o
#23 14.15     CC       f_flower.o
#23 14.16 In file included from ../include/uapi/linux/netdevice.h:29,
#23 14.16                  from ../include/uapi/linux/if_arp.h:27,
#23 14.16                  from f_flower.c:14:
#23 14.16 ../include/uapi/linux/if.h:134: warning: "IFF_VOLATILE" redefined
#23 14.16   134 | #define IFF_VOLATILE    (IFF_LOOPBACK|IFF_POINTOPOINT|IFF_BROADCAST|IFF_ECHO|\
#23 14.16       | 
#23 14.16 In file included from f_flower.c:12:
#23 14.16 /usr/include/net/if.h:48: note: this is the location of the previous definition
#23 14.16    48 | #define IFF_VOLATILE (IFF_LOOPBACK|IFF_POINTOPOINT|IFF_BROADCAST| \
#23 14.16       | 
#23 14.72     CC       q_gred.o
#23 14.82     CC       q_ingress.o
#23 14.86     CC       q_hfsc.o
#23 14.94     CC       q_htb.o
#23 15.04     CC       q_drr.o
#23 15.09     CC       q_qfq.o
#23 15.13     CC       m_gact.o
#23 15.18     CC       m_mirred.o
#23 15.25     CC       m_mpls.o
#23 15.33     CC       m_nat.o
#23 15.38     CC       m_pedit.o
#23 15.53     CC       m_ife.o
#23 15.61     CC       m_skbedit.o
#23 15.67     CC       m_skbmod.o
#23 15.74     CC       m_csum.o
#23 15.80     CC       m_simple.o
#23 15.85     CC       m_vlan.o
#23 15.92     CC       m_connmark.o
#23 15.96     CC       m_ctinfo.o
#23 16.01     CC       m_bpf.o
#23 16.06     CC       m_tunnel_key.o
#23 16.18     CC       m_sample.o
#23 16.23     CC       m_ct.o
#23 16.33     CC       m_gate.o
#23 16.43     CC       p_ip.o
#23 16.48     CC       p_ip6.o
#23 16.51     CC       p_icmp.o
#23 16.53     CC       p_eth.o
#23 16.57     CC       p_tcp.o
#23 16.60     CC       p_udp.o
#23 16.64     CC       em_nbyte.o
#23 16.68     CC       em_cmp.o
#23 16.73     CC       em_u32.o
#23 16.78     CC       em_canid.o
#23 16.82     CC       em_meta.o
#23 16.93     CC       q_mqprio.o
#23 17.04     CC       q_codel.o
#23 17.09     CC       q_fq_codel.o
#23 17.16     CC       q_fq.o
#23 17.28     CC       q_pie.o
#23 17.35     CC       q_fq_pie.o
#23 17.42     CC       q_cake.o
#23 17.59     CC       q_hhf.o
#23 17.65     CC       q_clsact.o
#23 17.67     CC       e_bpf.o
#23 17.72     CC       f_matchall.o
#23 17.77     CC       q_cbs.o
#23 17.81     CC       q_etf.o
#23 17.86     CC       q_taprio.o
#23 17.97     CC       q_plug.o
#23 18.01     CC       q_ets.o
#23 18.09     CC       em_ipt.o
#23 18.11 In file included from tc_util.h:7,
#23 18.11                  from m_ematch.h:11,
#23 18.11                  from em_ipt.c:13:
#23 18.11 ../include/uapi/linux/if.h:134: warning: "IFF_VOLATILE" redefined
#23 18.11   134 | #define IFF_VOLATILE    (IFF_LOOPBACK|IFF_POINTOPOINT|IFF_BROADCAST|IFF_ECHO|\
#23 18.11       | 
#23 18.11 In file included from ../include/xtables.h:17,
#23 18.11                  from em_ipt.c:12:
#23 18.11 /usr/include/net/if.h:48: note: this is the location of the previous definition
#23 18.11    48 | #define IFF_VOLATILE (IFF_LOOPBACK|IFF_POINTOPOINT|IFF_BROADCAST| \
#23 18.11       | 
#23 18.13     CC       em_ipset.o
#23 18.15 In file included from tc_util.h:7,
#23 18.15                  from m_ematch.h:11,
#23 18.15                  from em_ipset.c:39:
#23 18.15 ../include/uapi/linux/if.h:134: warning: "IFF_VOLATILE" redefined
#23 18.15   134 | #define IFF_VOLATILE    (IFF_LOOPBACK|IFF_POINTOPOINT|IFF_BROADCAST|IFF_ECHO|\
#23 18.15       | 
#23 18.15 In file included from ../include/xtables.h:17,
#23 18.15                  from em_ipset.c:23:
#23 18.15 /usr/include/net/if.h:48: note: this is the location of the previous definition
#23 18.15    48 | #define IFF_VOLATILE (IFF_LOOPBACK|IFF_POINTOPOINT|IFF_BROADCAST| \
#23 18.15       | 
#23 18.19     CC       tc_core.o
#23 18.27     CC       tc_red.o
#23 18.32     CC       tc_estimator.o
#23 18.35     CC       tc_stab.o
#23 18.42     CC       tc_qevent.o
#23 18.43 In file included from tc_qevent.h:7,
#23 18.43                  from tc_qevent.c:10:
#23 18.43 ../include/libnetlink.h: In function 'rta_getattr_be64':
#23 18.43 ../include/libnetlink.h:280:16: warning: implicit declaration of function 'htobe64' [-Wimplicit-function-declaration]
#23 18.43   280 |         return htobe64(rta_getattr_u64(rta));
#23 18.43       |                ^~~~~~~
#23 18.48     AR       libtc.a
#23 18.48     LINK     tc
#23 18.51 rm emp_ematch.lex.c
#23 18.51 
#23 18.51 bridge
#23 18.51     CC       bridge.o
#23 18.56     CC       fdb.o
#23 18.58 In file included from fdb.c:28:
#23 18.58 ../include/libnetlink.h: In function 'rta_getattr_be64':
#23 18.58 ../include/libnetlink.h:280:16: warning: implicit declaration of function 'htobe64' [-Wimplicit-function-declaration]
#23 18.58   280 |         return htobe64(rta_getattr_u64(rta));
#23 18.58       |                ^~~~~~~
#23 18.75     CC       monitor.o
#23 18.79     CC       link.o
#23 18.81 In file included from link.c:16:
#23 18.81 ../include/libnetlink.h: In function 'rta_getattr_be64':
#23 18.81 ../include/libnetlink.h:280:16: warning: implicit declaration of function 'htobe64' [-Wimplicit-function-declaration]
#23 18.81   280 |         return htobe64(rta_getattr_u64(rta));
#23 18.81       |                ^~~~~~~
#23 18.95     CC       mdb.o
#23 18.96 In file included from mdb.c:20:
#23 18.96 ../include/libnetlink.h: In function 'rta_getattr_be64':
#23 18.96 ../include/libnetlink.h:280:16: warning: implicit declaration of function 'htobe64' [-Wimplicit-function-declaration]
#23 18.96   280 |         return htobe64(rta_getattr_u64(rta));
#23 18.96       |                ^~~~~~~
#23 19.14     CC       vlan.o
#23 19.16 In file included from vlan.c:16:
#23 19.16 ../include/libnetlink.h: In function 'rta_getattr_be64':
#23 19.16 ../include/libnetlink.h:280:16: warning: implicit declaration of function 'htobe64' [-Wimplicit-function-declaration]
#23 19.16   280 |         return htobe64(rta_getattr_u64(rta));
#23 19.16       |                ^~~~~~~
#23 19.38     CC       vni.o
#23 19.40 In file included from vni.c:21:
#23 19.40 ../include/libnetlink.h: In function 'rta_getattr_be64':
#23 19.40 ../include/libnetlink.h:280:16: warning: implicit declaration of function 'htobe64' [-Wimplicit-function-declaration]
#23 19.40   280 |         return htobe64(rta_getattr_u64(rta));
#23 19.40       |                ^~~~~~~
#23 19.46     LINK     bridge
#23 19.48 
#23 19.48 misc
#23 19.48     CC       ss.o
#23 19.50 In file included from ../include/uapi/linux/tipc.h:42,
#23 19.50                  from ss.c:49:
#23 19.50 ../include/uapi/linux/sockios.h:42: warning: "SIOCGSTAMP" redefined
#23 19.50    42 | #define SIOCGSTAMP      SIOCGSTAMP_OLD
#23 19.50       | 
#23 19.50 In file included from /usr/include/sys/ioctl.h:10,
#23 19.50                  from ss.c:12:
#23 19.50 /usr/include/bits/ioctl.h:111: note: this is the location of the previous definition
#23 19.50   111 | #define SIOCGSTAMP      0x8906
#23 19.50       | 
#23 19.50 ../include/uapi/linux/sockios.h:43: warning: "SIOCGSTAMPNS" redefined
#23 19.50    43 | #define SIOCGSTAMPNS    SIOCGSTAMPNS_OLD
#23 19.50       | 
#23 19.50 /usr/include/bits/ioctl.h:112: note: this is the location of the previous definition
#23 19.50   112 | #define SIOCGSTAMPNS    0x8907
#23 19.50       | 
#23 20.35     CC       ssfilter_check.o
#23 20.37 In file included from ssfilter_check.c:6:
#23 20.37 ../include/libnetlink.h: In function 'rta_getattr_be64':
#23 20.37 ../include/libnetlink.h:280:16: warning: implicit declaration of function 'htobe64' [-Wimplicit-function-declaration]
#23 20.37   280 |         return htobe64(rta_getattr_u64(rta));
#23 20.37       |                ^~~~~~~
#23 20.38     YACC     ssfilter.tab.c
#23 20.44     CC       ssfilter.tab.o
#23 20.55     LINK     ss
#23 20.57     CC       nstat
#23 20.73     CC       ifstat
#23 20.74 In file included from ifstat.c:30:
#23 20.74 ../include/libnetlink.h: In function 'rta_getattr_be64':
#23 20.74 ../include/libnetlink.h:280:16: warning: implicit declaration of function 'htobe64' [-Wimplicit-function-declaration]
#23 20.74   280 |         return htobe64(rta_getattr_u64(rta));
#23 20.74       |                ^~~~~~~
#23 20.91     CC       rtacct
#23 21.05     CC       lnstat.o
#23 21.13     CC       lnstat_util.o
#23 21.21     LINK     lnstat
#23 21.22 
#23 21.22 netem
#23 21.22 gcc  -I../include -o maketable maketable.c -lm
#23 21.25 gcc  -I../include -o normal normal.c -lm
#23 21.28 gcc  -I../include -o pareto pareto.c -lm
#23 21.30 gcc  -I../include -o paretonormal paretonormal.c -lm
#23 21.33 ./normal > normal.dist
#23 21.34 ./pareto > pareto.dist
#23 21.34 ./paretonormal > paretonormal.dist
#23 21.35 ./maketable experimental.dat > experimental.dist
#23 21.35 
#23 21.35 genl
#23 21.35     CC       genl.o
#23 21.39     CC       ctrl.o
#23 21.48     LINK     genl
#23 21.49 
#23 21.49 man
#23 21.49 make[2]: Nothing to be done for 'all'.
#23 21.49 make[2]: Nothing to be done for 'all'.
#23 21.49 sed \
#23 21.49 	-e "s|@NETNS_ETC_DIR@|/etc/netns|g" \
#23 21.49 	-e "s|@NETNS_RUN_DIR@|/var/run/netns|g" \
#23 21.49 	-e "s|@SYSCONF_ETC_DIR@|/etc/iproute2|g" \
#23 21.49 	-e "s|@SYSCONF_USR_DIR@|/usr/share/iproute2|g" \
#23 21.49 	ip-address.8.in > ip-address.8
#23 21.50 sed \
#23 21.50 	-e "s|@NETNS_ETC_DIR@|/etc/netns|g" \
#23 21.50 	-e "s|@NETNS_RUN_DIR@|/var/run/netns|g" \
#23 21.50 	-e "s|@SYSCONF_ETC_DIR@|/etc/iproute2|g" \
#23 21.50 	-e "s|@SYSCONF_USR_DIR@|/usr/share/iproute2|g" \
#23 21.50 	ip-link.8.in > ip-link.8
#23 21.50 sed \
#23 21.50 	-e "s|@NETNS_ETC_DIR@|/etc/netns|g" \
#23 21.50 	-e "s|@NETNS_RUN_DIR@|/var/run/netns|g" \
#23 21.50 	-e "s|@SYSCONF_ETC_DIR@|/etc/iproute2|g" \
#23 21.50 	-e "s|@SYSCONF_USR_DIR@|/usr/share/iproute2|g" \
#23 21.50 	ip-netns.8.in > ip-netns.8
#23 21.50 sed \
#23 21.50 	-e "s|@NETNS_ETC_DIR@|/etc/netns|g" \
#23 21.50 	-e "s|@NETNS_RUN_DIR@|/var/run/netns|g" \
#23 21.50 	-e "s|@SYSCONF_ETC_DIR@|/etc/iproute2|g" \
#23 21.50 	-e "s|@SYSCONF_USR_DIR@|/usr/share/iproute2|g" \
#23 21.50 	ip-route.8.in > ip-route.8
#23 21.51 
#23 21.51 tipc
#23 21.51     CC       bearer.o
#23 21.70     CC       cmdl.o
#23 21.74     CC       link.o
#23 21.94     CC       media.o
#23 22.01     CC       misc.o
#23 22.06     CC       msg.o
#23 22.08     CC       nametable.o
#23 22.13     CC       node.o
#23 22.22     CC       socket.o
#23 22.25     CC       peer.o
#23 22.29     CC       tipc.o
#23 22.33     LINK     tipc
#23 22.34 
#23 22.34 devlink
#23 22.34     CC       devlink.o
#23 24.09     CC       mnlg.o
#23 24.10 In file included from mnlg.c:16:
#23 24.10 ../include/libnetlink.h: In function 'rta_getattr_be64':
#23 24.10 ../include/libnetlink.h:280:16: warning: implicit declaration of function 'htobe64' [-Wimplicit-function-declaration]
#23 24.10   280 |         return htobe64(rta_getattr_u64(rta));
#23 24.10       |                ^~~~~~~
#23 24.14     LINK     devlink
#23 24.15 
#23 24.15 rdma
#23 24.16     CC       rdma.o
#23 24.17 rdma.c: In function 'main':
#23 24.17 rdma.c:110:20: warning: implicit declaration of function 'basename'; did you mean 'rename'? [-Wimplicit-function-declaration]
#23 24.17   110 |         filename = basename(argv[0]);
#23 24.17       |                    ^~~~~~~~
#23 24.17       |                    rename
#23 24.17 rdma.c:110:18: warning: assignment to 'char *' from 'int' makes pointer from integer without a cast [-Wint-conversion]
#23 24.17   110 |         filename = basename(argv[0]);
#23 24.17       |                  ^
#23 24.20     CC       utils.o
#23 24.37     CC       dev.o
#23 24.45     CC       link.o
#23 24.52     CC       res.o
#23 24.64     CC       res-pd.o
#23 24.68     CC       res-mr.o
#23 24.72     CC       res-cq.o
#23 24.77     CC       res-cmid.o
#23 24.83     CC       res-qp.o
#23 24.88     CC       sys.o
#23 24.94     CC       stat.o
#23 25.14     CC       stat-mr.o
#23 25.18     CC       res-ctx.o
#23 25.22     CC       res-srq.o
#23 25.29     LINK     rdma
#23 25.31 
#23 25.31 dcb
#23 25.31     CC       dcb.o
#23 25.32 In file included from ../include/namespace.h:10,
#23 25.32                  from dcb.c:11:
#23 25.32 ../include/libnetlink.h: In function 'rta_getattr_be64':
#23 25.32 ../include/libnetlink.h:280:16: warning: implicit declaration of function 'htobe64' [-Wimplicit-function-declaration]
#23 25.32   280 |         return htobe64(rta_getattr_u64(rta));
#23 25.32       |                ^~~~~~~
#23 25.43     CC       dcb_app.o
#23 25.61     CC       dcb_buffer.o
#23 25.67     CC       dcb_dcbx.o
#23 25.73     CC       dcb_ets.o
#23 25.82     CC       dcb_maxrate.o
#23 25.87     CC       dcb_pfc.o
#23 25.93     CC       dcb_apptrust.o
#23 26.00     CC       dcb_rewr.o
#23 26.07     LINK     dcb
#23 26.09 
#23 26.09 vdpa
#23 26.09     CC       vdpa.o
#23 26.25     LINK     vdpa
#23 DONE 26.3s

#24 [20/22] RUN git clone --no-single-branch --depth=1 https://github.com/linux-netdev/testing.git /nipa-data/kernel
#24 0.364 Cloning into '/nipa-data/kernel'...
#24 23.64 Updating files:  16% (14103/83283)Updating files:  17% (14159/83283)Updating files:  18% (14991/83283)Updating files:  19% (15824/83283)Updating files:  20% (16657/83283)Updating files:  21% (17490/83283)Updating files:  22% (18323/83283)Updating files:  23% (19156/83283)Updating files:  24% (19988/83283)Updating files:  25% (20821/83283)Updating files:  26% (21654/83283)Updating files:  27% (22487/83283)Updating files:  28% (23320/83283)Updating files:  29% (24153/83283)Updating files:  30% (24985/83283)Updating files:  31% (25818/83283)Updating files:  32% (26651/83283)Updating files:  33% (27484/83283)Updating files:  34% (28317/83283)Updating files:  34% (28483/83283)Updating files:  35% (29150/83283)Updating files:  36% (29982/83283)Updating files:  37% (30815/83283)Updating files:  38% (31648/83283)Updating files:  39% (32481/83283)Updating files:  40% (33314/83283)Updating files:  40% (33609/83283)Updating files:  41% (34147/83283)Updating files:  42% (34979/83283)Updating files:  43% (35812/83283)Updating files:  44% (36645/83283)Updating files:  45% (37478/83283)Updating files:  46% (38311/83283)Updating files:  47% (39144/83283)Updating files:  48% (39976/83283)Updating files:  49% (40809/83283)Updating files:  50% (41642/83283)Updating files:  51% (42475/83283)Updating files:  51% (43164/83283)Updating files:  52% (43308/83283)Updating files:  53% (44140/83283)Updating files:  54% (44973/83283)Updating files:  55% (45806/83283)Updating files:  56% (46639/83283)Updating files:  57% (47472/83283)Updating files:  58% (48305/83283)Updating files:  59% (49137/83283)Updating files:  60% (49970/83283)Updating files:  61% (50803/83283)Updating files:  62% (51636/83283)Updating files:  63% (52469/83283)Updating files:  64% (53302/83283)Updating files:  65% (54134/83283)Updating files:  65% (54252/83283)Updating files:  66% (54967/83283)Updating files:  67% (55800/83283)Updating files:  68% (56633/83283)Updating files:  69% (57466/83283)Updating files:  70% (58299/83283)Updating files:  71% (59131/83283)Updating files:  72% (59964/83283)Updating files:  73% (60797/83283)Updating files:  74% (61630/83283)Updating files:  75% (62463/83283)Updating files:  76% (63296/83283)Updating files:  77% (64128/83283)Updating files:  78% (64961/83283)Updating files:  79% (65794/83283)Updating files:  80% (66627/83283)Updating files:  81% (67460/83283)Updating files:  82% (68293/83283)Updating files:  83% (69125/83283)Updating files:  83% (69313/83283)Updating files:  84% (69958/83283)Updating files:  85% (70791/83283)Updating files:  86% (71624/83283)Updating files:  87% (72457/83283)Updating files:  88% (73290/83283)Updating files:  89% (74122/83283)Updating files:  90% (74955/83283)Updating files:  91% (75788/83283)Updating files:  92% (76621/83283)Updating files:  93% (77454/83283)Updating files:  94% (78287/83283)Updating files:  95% (79119/83283)Updating files:  96% (79952/83283)Updating files:  97% (80785/83283)Updating files:  98% (81618/83283)Updating files:  99% (82451/83283)Updating files: 100% (83283/83283)Updating files: 100% (83283/83283), done.
#24 DONE 31.3s

#25 [21/22] RUN git clone --depth=1 -b main https://github.com/p4tc-dev/new-nipa.git nipa
#25 0.324 Cloning into 'nipa'...
#25 DONE 0.6s

#26 [22/22] COPY entrypoint.sh /entrypoint.sh
#26 DONE 0.5s

#27 exporting to image
#27 exporting layers
#27 exporting layers 7.4s done
#27 writing image sha256:67ee5579288ca6956953aef2123c57ab70459db35228f0e8bea61f8fbbd70e31 0.0s done
#27 naming to docker.io/library/nipa-executor 0.0s done
#27 DONE 7.4s
=== >>> DEBUG KERNEL <<< ===
NIPA version: 1b9c21a (ui: set canvas background color to stand out, 2024-03-28)
INFO: Last run date: 2024-05-25 21:00:08.631395+00:00
Testing  {'branch': 'net-next-2024-05-26--00-00', 'date': '2024-05-26T00:00:04.975352+00:00', 'base': '0b4f5add9fa59bfd42c1030f572db2e4c395181b', 'url': 'https://github.com/linux-netdev/testing.git net-next-2024-05-26--00-00'}
Updating files:  35% (7583/21503)Updating files:  36% (7742/21503)Updating files:  37% (7957/21503)Updating files:  38% (8172/21503)Updating files:  39% (8387/21503)Updating files:  40% (8602/21503)Updating files:  41% (8817/21503)Updating files:  42% (9032/21503)Updating files:  43% (9247/21503)Updating files:  44% (9462/21503)Updating files:  45% (9677/21503)Updating files:  46% (9892/21503)Updating files:  47% (10107/21503)Updating files:  48% (10322/21503)Updating files:  49% (10537/21503)Updating files:  50% (10752/21503)Updating files:  51% (10967/21503)Updating files:  52% (11182/21503)Updating files:  53% (11397/21503)Updating files:  54% (11612/21503)Updating files:  55% (11827/21503)Updating files:  56% (12042/21503)Updating files:  57% (12257/21503)Updating files:  58% (12472/21503)Updating files:  59% (12687/21503)Updating files:  60% (12902/21503)Updating files:  61% (13117/21503)Updating files:  62% (13332/21503)Updating files:  63% (13547/21503)Updating files:  63% (13661/21503)Updating files:  64% (13762/21503)Updating files:  65% (13977/21503)Updating files:  66% (14192/21503)Updating files:  67% (14408/21503)Updating files:  68% (14623/21503)Updating files:  69% (14838/21503)Updating files:  70% (15053/21503)Updating files:  71% (15268/21503)Updating files:  72% (15483/21503)Updating files:  73% (15698/21503)Updating files:  74% (15913/21503)Updating files:  75% (16128/21503)Updating files:  76% (16343/21503)Updating files:  77% (16558/21503)Updating files:  78% (16773/21503)Updating files:  79% (16988/21503)Updating files:  80% (17203/21503)Updating files:  81% (17418/21503)Updating files:  82% (17633/21503)Updating files:  83% (17848/21503)Updating files:  84% (18063/21503)Updating files:  85% (18278/21503)Updating files:  86% (18493/21503)Updating files:  87% (18708/21503)Updating files:  88% (18923/21503)Updating files:  89% (19138/21503)Updating files:  90% (19353/21503)Updating files:  91% (19568/21503)Updating files:  92% (19783/21503)Updating files:  93% (19998/21503)Updating files:  94% (20213/21503)Updating files:  95% (20428/21503)Updating files:  96% (20643/21503)Updating files:  97% (20858/21503)Updating files:  98% (21073/21503)Updating files:  99% (21288/21503)Updating files: 100% (21503/21503)Updating files: 100% (21503/21503), done.
branch 'net-next-2024-05-26--00-00' set up to track 'origin/net-next-2024-05-26--00-00'.
Switched to a new branch 'net-next-2024-05-26--00-00'
error: No valid patches in input (allow with "--allow-empty")
Checking patch tools/testing/selftests/tc-testing/tdc_config.py...
Applied patch tools/testing/selftests/tc-testing/tdc_config.py cleanly.
Run at 2024-05-26 00:23:29.144973
INFO: building kernel
INFO: starting VM 0
INFO: thr0-0 VM starting: vng -v -r arch/x86/boot/bzImage --user root --rwdir=/nipa-data/kernel/
INFO: thr0-0 expecting prompt: '/nipa-data/kernel# '
INFO: thr0-0 reached initial prompt
INFO: thr-0 testing == tdc.sh
INFO: thr-0 tdc.sh >> retcode: 0 result: pass found {'fail': False, 'skip': False, 'pass': True}
INFO: thr-0 has no more work, exiting
INFO: thr0-0 VM stopped
Done at 2024-05-26 00:28:20.438387
NIPA quitting!
/
~/nipa/tc-executor/tc-executor-storage /
sort: write failed: 'standard output': Broken pipe
sort: write error
