~/nipa/tc-executor/tc-executor-storage /
Switched to branch 'storage'
Your branch is ahead of 'origin/storage' by 319 commits.
  (use "git push" to publish your local commits)
/
~/nipa/tc-executor /
Error response from daemon: No such image: nipa-executor:latest
#0 building with "default" instance using docker driver

#1 [internal] load build definition from Dockerfile
#1 transferring dockerfile: 2.05kB done
#1 DONE 0.0s

#2 [internal] load .dockerignore
#2 transferring context: 2B done
#2 DONE 0.0s

#3 [internal] load metadata for docker.io/library/alpine:edge
#3 DONE 0.0s

#4 [ 1/22] FROM docker.io/library/alpine:edge
#4 CACHED

#5 [internal] load build context
#5 transferring context: 3.02kB done
#5 DONE 0.0s

#6 [ 2/22] RUN echo false > debug-mode
#6 DONE 0.6s

#7 [ 3/22] RUN addgroup -g 1001 hostuser
#7 DONE 0.3s

#8 [ 4/22] RUN adduser -u 1001 -G hostuser -H -D -s /bin/ash hostuser
#8 DONE 0.5s

#9 [ 5/22] RUN echo '@testing http://dl-cdn.alpinelinux.org/alpine/edge/testing' >> /etc/apk/repositories
#9 DONE 0.4s

#10 [ 6/22] RUN echo '@community http://dl-cdn.alpinelinux.org/alpine/edge/community' >> /etc/apk/repositories
#10 DONE 0.4s

#11 [ 7/22] RUN apk update && apk add --no-cache    virtme-ng@testing    git    py3-requests    py3-psutil    py3-setuptools    py3-pyroute2    py3-argcomplete    qemu-system-x86_64@community    scapy@community    make    gcc    musl-dev    flex    bison    linux-headers    elfutils-dev    util-linux    coreutils    diffutils    findutils    file    bash    kmod    perl    iptables-dev    libcap-dev    libmnl-dev    iproute2     jq    libbpf-dev    rsync    openssl-dev
#11 0.365 fetch https://dl-cdn.alpinelinux.org/alpine/edge/main/x86_64/APKINDEX.tar.gz
#11 0.526 fetch https://dl-cdn.alpinelinux.org/alpine/edge/community/x86_64/APKINDEX.tar.gz
#11 0.869 fetch http://dl-cdn.alpinelinux.org/alpine/edge/testing/x86_64/APKINDEX.tar.gz
#11 1.031 fetch http://dl-cdn.alpinelinux.org/alpine/edge/community/x86_64/APKINDEX.tar.gz
#11 1.288 v20240315-734-gb67e8e6cac0 [https://dl-cdn.alpinelinux.org/alpine/edge/main]
#11 1.288 v20240315-735-gce8c351bc09 [https://dl-cdn.alpinelinux.org/alpine/edge/community]
#11 1.288 v20240315-726-g7139ec14807 [http://dl-cdn.alpinelinux.org/alpine/edge/testing]
#11 1.288 v20240315-735-gce8c351bc09 [http://dl-cdn.alpinelinux.org/alpine/edge/community]
#11 1.288 OK: 30777 distinct packages available
#11 1.347 fetch https://dl-cdn.alpinelinux.org/alpine/edge/main/x86_64/APKINDEX.tar.gz
#11 1.407 fetch https://dl-cdn.alpinelinux.org/alpine/edge/community/x86_64/APKINDEX.tar.gz
#11 1.484 fetch http://dl-cdn.alpinelinux.org/alpine/edge/testing/x86_64/APKINDEX.tar.gz
#11 1.553 fetch http://dl-cdn.alpinelinux.org/alpine/edge/community/x86_64/APKINDEX.tar.gz
#11 1.984 (1/176) Upgrading musl (1.2.4_git20230717-r5 -> 1.2.5-r0)
#11 1.996 (2/176) Upgrading libcrypto3 (3.1.4-r2 -> 3.2.1-r1)
#11 2.030 (3/176) Upgrading libssl3 (3.1.4-r2 -> 3.2.1-r1)
#11 2.042 (4/176) Upgrading zlib (1.3-r2 -> 1.3.1-r0)
#11 2.049 (5/176) Installing ncurses-terminfo-base (6.4_p20240309-r0)
#11 2.058 (6/176) Installing libncursesw (6.4_p20240309-r0)
#11 2.067 (7/176) Installing readline (8.2.10-r0)
#11 2.075 (8/176) Installing bash (5.2.26-r0)
#11 2.090 Executing bash-5.2.26-r0.post-install
#11 2.093 (9/176) Installing m4 (1.4.19-r3)
#11 2.102 (10/176) Installing bison (3.8.2-r1)
#11 2.117 (11/176) Installing coreutils-env (9.4-r2)
#11 2.124 (12/176) Installing coreutils-fmt (9.4-r2)
#11 2.130 (13/176) Installing coreutils-sha512sum (9.4-r2)
#11 2.136 (14/176) Installing libacl (2.3.2-r0)
#11 2.143 (15/176) Installing libattr (2.5.2-r0)
#11 2.149 (16/176) Installing skalibs (2.14.1.1-r0)
#11 2.161 (17/176) Installing utmps-libs (0.1.2.2-r0)
#11 2.166 (18/176) Installing coreutils (9.4-r2)
#11 2.185 (19/176) Installing diffutils (3.10-r0)
#11 2.194 (20/176) Installing zstd-libs (1.5.5-r9)
#11 2.210 (21/176) Installing libelf (0.191-r0)
#11 2.217 (22/176) Installing libbz2 (1.0.8-r6)
#11 2.225 (23/176) Installing musl-fts (1.2.7-r6)
#11 2.230 (24/176) Installing xz-libs (5.6.1-r1)
#11 2.239 (25/176) Installing libdw (0.191-r0)
#11 2.250 (26/176) Installing libasm (0.191-r0)
#11 2.256 (27/176) Installing xz (5.6.1-r1)
#11 2.264 (28/176) Installing pkgconf (2.1.1-r0)
#11 2.272 (29/176) Installing xz-dev (5.6.1-r1)
#11 2.280 (30/176) Installing libgcc (13.2.1_git20240309-r0)
#11 2.287 (31/176) Installing libstdc++ (13.2.1_git20240309-r0)
#11 2.312 (32/176) Installing zstd (1.5.5-r9)
#11 2.321 (33/176) Installing zstd-dev (1.5.5-r9)
#11 2.330 (34/176) Installing zlib-dev (1.3.1-r0)
#11 2.338 (35/176) Installing elfutils-dev (0.191-r0)
#11 2.353 (36/176) Installing libmagic (5.45-r1)
#11 2.377 (37/176) Installing file (5.45-r1)
#11 2.383 (38/176) Installing findutils (4.9.0-r5)
#11 2.392 (39/176) Installing flex (2.6.4-r6)
#11 2.401 (40/176) Installing jansson (2.14-r4)
#11 2.412 (41/176) Installing binutils (2.42-r0)
#11 2.465 (42/176) Installing libgomp (13.2.1_git20240309-r0)
#11 2.475 (43/176) Installing libatomic (13.2.1_git20240309-r0)
#11 2.481 (44/176) Installing gmp (6.3.0-r0)
#11 2.491 (45/176) Installing isl26 (0.26-r1)
#11 2.512 (46/176) Installing mpfr4 (4.2.1-r0)
#11 2.524 (47/176) Installing mpc1 (1.3.1-r1)
#11 2.531 (48/176) Installing gcc (13.2.1_git20240309-r0)
#11 4.123 (49/176) Installing ca-certificates (20240226-r0)
#11 4.140 (50/176) Installing brotli-libs (1.1.0-r1)
#11 4.152 (51/176) Installing c-ares (1.26.0-r0)
#11 4.159 (52/176) Installing libunistring (1.2-r0)
#11 4.174 (53/176) Installing libidn2 (2.3.7-r0)
#11 4.182 (54/176) Installing nghttp2-libs (1.60.0-r0)
#11 4.189 (55/176) Installing libpsl (0.21.5-r1)
#11 4.197 (56/176) Installing libcurl (8.6.0-r0)
#11 4.212 (57/176) Installing libexpat (2.6.2-r0)
#11 4.219 (58/176) Installing pcre2 (10.43-r0)
#11 4.231 (59/176) Installing git (2.44.0-r0)
#11 4.273 (60/176) Installing git-init-template (2.44.0-r0)
#11 4.280 (61/176) Installing libcap2 (2.69-r1)
#11 4.287 (62/176) Installing libmnl (1.0.5-r2)
#11 4.297 (63/176) Installing iproute2-minimal (6.8.0-r0)
#11 4.309 (64/176) Installing libxtables (1.8.10-r3)
#11 4.315 (65/176) Installing iproute2-tc (6.8.0-r0)
#11 4.326 (66/176) Installing iproute2-ss (6.8.0-r0)
#11 4.333 (67/176) Installing iproute2 (6.8.0-r0)
#11 4.343 Executing iproute2-6.8.0-r0.post-install
#11 4.346 (68/176) Installing linux-headers (6.6-r0)
#11 4.425 (69/176) Installing libip4tc (1.8.10-r3)
#11 4.431 (70/176) Installing libip6tc (1.8.10-r3)
#11 4.438 (71/176) Installing libipq (1.8.10-r3)
#11 4.444 (72/176) Installing iptables-dev (1.8.10-r3)
#11 4.451 (73/176) Installing oniguruma (6.9.9-r0)
#11 4.460 (74/176) Installing jq (1.7.1-r0)
#11 4.471 (75/176) Installing kmod (31-r4)
#11 4.481 (76/176) Installing libbpf (1.3.0-r0)
#11 4.492 (77/176) Installing libbpf-dev (1.3.0-r0)
#11 4.504 (78/176) Installing libcap-dev (2.69-r1)
#11 4.510 (79/176) Installing libmnl-dev (1.0.5-r2)
#11 4.517 (80/176) Installing make (4.4.1-r2)
#11 4.524 (81/176) Installing musl-dev (1.2.5-r0)
#11 4.578 (82/176) Installing openssl-dev (3.2.1-r1)
#11 4.600 (83/176) Installing perl (5.38.2-r0)
#11 4.790 (84/176) Installing perl-error (0.17029-r2)
#11 4.796 (85/176) Installing perl-git (2.44.0-r0)
#11 4.803 (86/176) Installing git-perl (2.44.0-r0)
#11 4.808 (87/176) Installing libffi (3.4.6-r0)
#11 4.817 (88/176) Installing gdbm (1.23-r1)
#11 4.824 (89/176) Installing mpdecimal (4.0.0-r0)
#11 4.831 (90/176) Installing libpanelw (6.4_p20240309-r0)
#11 4.843 (91/176) Installing sqlite-libs (3.45.2-r0)
#11 4.874 (92/176) Installing python3 (3.11.8-r0)
#11 5.075 (93/176) Installing python3-pycache-pyc0 (3.11.8-r0)
#11 5.165 (94/176) Installing pyc (3.11.8-r0)
#11 5.171 (95/176) Installing py3-argcomplete-pyc (3.2.3-r0)
#11 5.178 (96/176) Installing python3-pyc (3.11.8-r0)
#11 5.184 (97/176) Installing py3-argcomplete (3.2.3-r0)
#11 5.191 (98/176) Installing py3-psutil (5.9.8-r0)
#11 5.201 (99/176) Installing py3-psutil-pyc (5.9.8-r0)
#11 5.212 (100/176) Installing py3-pyroute2 (0.7.12-r0)
#11 5.241 (101/176) Installing py3-pyroute2-pyc (0.7.12-r0)
#11 5.272 (102/176) Installing py3-certifi (2024.2.2-r0)
#11 5.279 (103/176) Installing py3-certifi-pyc (2024.2.2-r0)
#11 5.285 (104/176) Installing py3-charset-normalizer (3.3.2-r0)
#11 5.293 (105/176) Installing py3-charset-normalizer-pyc (3.3.2-r0)
#11 5.301 (106/176) Installing py3-idna (3.6-r0)
#11 5.309 (107/176) Installing py3-idna-pyc (3.6-r0)
#11 5.317 (108/176) Installing py3-urllib3 (1.26.18-r0)
#11 5.329 (109/176) Installing py3-urllib3-pyc (1.26.18-r0)
#11 5.340 (110/176) Installing py3-requests (2.31.0-r1)
#11 5.349 (111/176) Installing py3-requests-pyc (2.31.0-r1)
#11 5.358 (112/176) Installing py3-parsing (3.1.2-r0)
#11 5.367 (113/176) Installing py3-parsing-pyc (3.1.2-r0)
#11 5.377 (114/176) Installing py3-packaging (24.0-r0)
#11 5.385 (115/176) Installing py3-packaging-pyc (24.0-r0)
#11 5.393 (116/176) Installing py3-setuptools (69.2.0-r0)
#11 5.423 (117/176) Installing py3-setuptools-pyc (69.2.0-r0)
#11 5.458 (118/176) Installing libcap-ng (0.8.4-r0)
#11 5.465 (119/176) Installing libintl (0.22.4-r0)
#11 5.472 (120/176) Installing libblkid (2.39.3-r1)
#11 5.480 (121/176) Installing libmount (2.39.3-r1)
#11 5.489 (122/176) Installing glib (2.78.4-r1)
#11 5.514 (123/176) Installing numactl (2.0.18-r0)
#11 5.520 (124/176) Installing qemu (8.2.2-r0)
#11 5.530 Executing qemu-8.2.2-r0.pre-install
#11 5.760 Executing qemu-8.2.2-r0.post-install
#11 5.764 *
#11 5.764 * If you want to run VM as unprivileged user and let Qemu create tunX devices,
#11 5.764 * then you must add that user to the group "qemu".
#11 5.764 * If you use KVM for hardware-assisted virtualization, then you may also need
#11 5.764 * to add that user to the group "kvm".
#11 5.764 *
#11 5.764 (125/176) Installing qemu-bridge-helper (8.2.2-r0)
#11 5.775 (126/176) Installing libaio (0.3.113-r2)
#11 5.787 (127/176) Installing capstone (5.0.1-r3)
#11 5.812 (128/176) Installing nettle (3.9.1-r0)
#11 5.824 (129/176) Installing libtasn1 (4.19.0-r2)
#11 5.831 (130/176) Installing p11-kit (0.25.3-r0)
#11 5.843 (131/176) Installing gnutls (3.8.3-r0)
#11 5.863 (132/176) Installing libjpeg-turbo (3.0.2-r0)
#11 5.873 (133/176) Installing lzo (2.10-r5)
#11 5.885 (134/176) Installing pixman (0.43.2-r0)
#11 5.897 (135/176) Installing libpng (1.6.43-r0)
#11 5.905 (136/176) Installing libsasl (2.1.28-r6)
#11 5.914 (137/176) Installing libseccomp (2.5.5-r0)
#11 6.189 (138/176) Installing libslirp (4.7.0-r0)
#11 6.224 (139/176) Installing snappy (1.1.10-r2)
#11 6.474 (140/176) Installing liburing (2.5-r1)
#11 6.484 (141/176) Installing vde2-libs (2.3.3-r1)
#11 6.495 (142/176) Installing qemu-system-x86_64 (8.2.2-r0)
#11 7.319 (143/176) Installing lz4-libs (1.9.4-r5)
#11 7.326 (144/176) Installing popt (1.19-r3)
#11 7.336 (145/176) Installing libxxhash (0.8.2-r2)
#11 7.342 (146/176) Installing rsync (3.2.7-r4)
#11 7.352 (147/176) Installing scapy (2.5.0-r1)
#11 7.397 Executing scapy-2.5.0-r1.post-install
#11 7.399 *
#11 7.399 * Certain optional features of scapy also depend on the following packages:
#11 7.399 *     py3-matplotlib graphviz imagemagick py3-cryptography sox
#11 7.399 * And the following unpackaged dependencies:
#11 7.399 *     pyxi vpython-jupyter nmap<v4.23
#11 7.399 * More information can be found at https://scapy.readthedocs.io/en/latest/installation.html#optional-dependencies
#11 7.399 *
#11 7.399 (148/176) Installing scapy-pyc (2.5.0-r1)
#11 7.458 (149/176) Installing util-linux (2.39.3-r1)
#11 7.464 (150/176) Installing setarch (2.39.3-r1)
#11 7.470 (151/176) Installing libuuid (2.39.3-r1)
#11 7.476 (152/176) Installing libfdisk (2.39.3-r1)
#11 7.486 (153/176) Installing libsmartcols (2.39.3-r1)
#11 7.493 (154/176) Installing util-linux-misc (2.39.3-r1)
#11 7.515 (155/176) Installing libeconf (0.6.2-r0)
#11 7.522 (156/176) Installing linux-pam (1.5.3-r8)
#11 7.538 (157/176) Installing runuser (2.39.3-r1)
#11 7.544 (158/176) Installing mount (2.39.3-r1)
#11 7.553 (159/176) Installing losetup (2.39.3-r1)
#11 7.559 (160/176) Installing hexdump (2.39.3-r1)
#11 7.566 (161/176) Installing uuidgen (2.39.3-r1)
#11 7.572 (162/176) Installing blkid (2.39.3-r1)
#11 7.578 (163/176) Installing sfdisk (2.39.3-r1)
#11 7.585 (164/176) Installing mcookie (2.39.3-r1)
#11 7.591 (165/176) Installing agetty (2.39.3-r1)
#11 7.598 (166/176) Installing wipefs (2.39.3-r1)
#11 7.603 (167/176) Installing cfdisk (2.39.3-r1)
#11 7.609 (168/176) Installing umount (2.39.3-r1)
#11 7.615 (169/176) Installing flock (2.39.3-r1)
#11 7.621 (170/176) Installing lsblk (2.39.3-r1)
#11 7.629 (171/176) Installing setpriv (2.39.3-r1)
#11 7.637 (172/176) Installing logger (2.39.3-r1)
#11 7.643 (173/176) Installing partx (2.39.3-r1)
#11 7.650 (174/176) Installing fstrim (2.39.3-r1)
#11 7.656 (175/176) Installing findmnt (2.39.3-r1)
#11 7.662 (176/176) Installing virtme-ng@testing (1.22-r0)
#11 7.700 Executing busybox-1.36.1-r17.trigger
#11 7.705 Executing ca-certificates-20240226-r0.trigger
#11 7.729 Executing glib-2.78.4-r1.trigger
#11 7.735 OK: 384 MiB in 187 packages
#11 DONE 9.0s

#12 [ 8/22] RUN mkdir -p /tmp/kernel-patches &&     mkdir -p /tmp/iproute2-patches
#12 DONE 0.9s

#13 [ 9/22] COPY tdc.config /tmp
#13 DONE 0.5s

#14 [10/22] COPY tdc-debug.config /tmp
#14 DONE 0.4s

#15 [11/22] COPY kernel-patches /tmp/kernel-patches/
#15 DONE 0.4s

#16 [12/22] COPY iproute2-patches /tmp/iproute2-patches/
#16 DONE 0.4s

#17 [13/22] COPY configs /tmp/configs/
#17 DONE 0.4s

#18 [14/22] RUN git config --global user.email foo@bar.com
#18 DONE 0.8s

#19 [15/22] RUN git config --global user.name foo@bar.com
#19 DONE 1.3s

#20 [16/22] RUN git clone https://git.kernel.org/pub/scm/network/iproute2/iproute2-next.git /nipa-data/iproute2
#20 0.341 Cloning into '/nipa-data/iproute2'...
#20 DONE 2.4s

#21 [17/22] RUN cd /nipa-data/iproute2 && 	git remote add stable https://git.kernel.org/pub/scm/network/iproute2/iproute2.git && 	git fetch --all && 	git merge stable/main
#21 0.691 Fetching origin
#21 1.089 Fetching stable
#21 1.877 From https://git.kernel.org/pub/scm/network/iproute2/iproute2
#21 1.877  * [new branch]        codeql         -> stable/codeql
#21 1.877  * [new branch]        iproute2-4.1.x -> stable/iproute2-4.1.x
#21 1.877  * [new branch]        main           -> stable/main
#21 1.884  * [new tag]           v6.8.0         -> v6.8.0
#21 1.966 Merge made by the 'ort' strategy.
#21 2.043  README               | 13 ++++++++
#21 2.043  include/version.h    |  2 +-
#21 2.043  ip/iptuntap.c        |  5 ++-
#21 2.043  lib/rt_names.c       | 43 +++++++++++++-------------
#21 2.043  man/man8/ip.8        | 33 ++++++++++++++++++--
#21 2.043  man/man8/tc-mirred.8 |  2 +-
#21 2.043  man/man8/tc-simple.8 | 12 ++++----
#21 2.043  misc/ifstat.c        | 11 +++++--
#21 2.043  misc/ss.c            | 17 ++++++++++-
#21 2.043  tc/e_bpf.c           |  2 +-
#21 2.043  tc/f_basic.c         |  4 +--
#21 2.043  tc/f_bpf.c           |  4 +--
#21 2.043  tc/f_cgroup.c        |  4 +--
#21 2.043  tc/f_flow.c          |  4 +--
#21 2.043  tc/f_flower.c        |  4 +--
#21 2.043  tc/f_fw.c            |  4 +--
#21 2.043  tc/f_matchall.c      |  4 +--
#21 2.043  tc/f_route.c         |  4 +--
#21 2.043  tc/f_u32.c           |  6 ++--
#21 2.043  tc/m_action.c        |  6 ++--
#21 2.043  tc/m_bpf.c           |  4 +--
#21 2.043  tc/m_connmark.c      |  4 +--
#21 2.043  tc/m_csum.c          |  4 +--
#21 2.043  tc/m_ct.c            |  4 +--
#21 2.043  tc/m_ctinfo.c        |  4 +--
#21 2.043  tc/m_gact.c          |  4 +--
#21 2.043  tc/m_gate.c          |  8 ++---
#21 2.043  tc/m_ife.c           |  4 +--
#21 2.043  tc/m_mirred.c        |  6 ++--
#21 2.043  tc/m_mpls.c          |  4 +--
#21 2.043  tc/m_nat.c           |  4 +--
#21 2.043  tc/m_pedit.c         | 10 +++---
#21 2.043  tc/m_police.c        |  8 ++---
#21 2.043  tc/m_sample.c        |  4 +--
#21 2.043  tc/m_simple.c        | 12 +++++---
#21 2.043  tc/m_skbedit.c       |  4 +--
#21 2.043  tc/m_skbmod.c        | 41 ++++++++++++++-----------
#21 2.043  tc/m_tunnel_key.c    |  4 +--
#21 2.043  tc/m_vlan.c          |  4 +--
#21 2.043  tc/q_cake.c          |  6 ++--
#21 2.043  tc/q_cbs.c           |  4 +--
#21 2.043  tc/q_choke.c         |  6 ++--
#21 2.043  tc/q_clsact.c        |  4 +--
#21 2.043  tc/q_codel.c         |  6 ++--
#21 2.043  tc/q_drr.c           |  8 ++---
#21 2.043  tc/q_etf.c           |  4 +--
#21 2.043  tc/q_ets.c           |  8 ++---
#21 2.043  tc/q_fifo.c          |  4 +--
#21 2.043  tc/q_fq.c            |  6 ++--
#21 2.043  tc/q_fq_codel.c      |  6 ++--
#21 2.043  tc/q_fq_pie.c        |  6 ++--
#21 2.043  tc/q_gred.c          |  6 ++--
#21 2.043  tc/q_hfsc.c          | 10 +++---
#21 2.043  tc/q_hhf.c           |  6 ++--
#21 2.043  tc/q_htb.c           |  8 ++---
#21 2.043  tc/q_ingress.c       |  4 +--
#21 2.043  tc/q_mqprio.c        |  4 +--
#21 2.043  tc/q_multiq.c        |  4 +--
#21 2.043  tc/q_netem.c         | 86 +++++++++++++++++++++++++++++-----------------------
#21 2.043  tc/q_pie.c           |  6 ++--
#21 2.043  tc/q_plug.c          |  4 +--
#21 2.043  tc/q_prio.c          |  4 +--
#21 2.043  tc/q_qfq.c           |  6 ++--
#21 2.043  tc/q_red.c           |  8 ++---
#21 2.043  tc/q_sfb.c           |  6 ++--
#21 2.043  tc/q_sfq.c           |  6 ++--
#21 2.043  tc/q_skbprio.c       |  4 +--
#21 2.043  tc/q_taprio.c        |  6 ++--
#21 2.043  tc/q_tbf.c           |  4 +--
#21 2.043  tc/tc.c              | 12 ++++----
#21 2.043  tc/tc_class.c        |  6 ++--
#21 2.043  tc/tc_core.c         | 15 ++-------
#21 2.043  tc/tc_core.h         |  2 --
#21 2.043  tc/tc_exec.c         |  2 +-
#21 2.043  tc/tc_filter.c       |  6 ++--
#21 2.043  tc/tc_qdisc.c        |  6 ++--
#21 2.043  tc/tc_util.c         | 33 +++++++++-----------
#21 2.043  tc/tc_util.h         | 36 +++++++++++-----------
#21 2.043  78 files changed, 377 insertions(+), 312 deletions(-)
#21 DONE 2.2s

#22 [18/22] RUN if [ "$(find /tmp/iproute2-patches/ -name *.patch)" ]; then  	cd /nipa-data/iproute2; 	git apply /tmp/iproute2-patches/*.patch;     fi
#22 DONE 0.9s

#23 [19/22] RUN cd /nipa-data/iproute2/ &&     ./configure &&     make
#23 0.727 TC schedulers
#23 0.729  IPT	using xtables
#23 0.757  IPSET  yes
#23 0.776 
#23 0.777 lib directory: /usr/lib
#23 0.777 libc has setns: yes
#23 0.800 libc has name_to_handle_at: yes
#23 0.820 SELinux support: no
#23 0.821 libtirpc support: no
#23 0.822 libbpf support: yes
#23 0.886 	libbpf version 1.3.0
#23 0.886 ELF support: yes
#23 0.887 libmnl support: yes
#23 0.889 Berkeley DB: no
#23 0.898 need for strlcpy: no
#23 0.918 libcap support: yes
#23 0.920 color output: never
#23 0.923 
#23 0.923 lib
#23 0.925     CC       libgenl.o
#23 0.963     CC       libnetlink.o
#23 1.257     CC       mnl_utils.o
#23 1.343     AR       libnetlink.a
#23 1.346     CC       utils.o
#23 1.710     CC       utils_math.o
#23 1.749     CC       rt_names.o
#23 1.928     CC       ll_map.o
#23 2.013     CC       ll_types.o
#23 2.026 In file included from ll_types.c:20:
#23 2.026 ../include/uapi/linux/sockios.h:42: warning: "SIOCGSTAMP" redefined
#23 2.026    42 | #define SIOCGSTAMP      SIOCGSTAMP_OLD
#23 2.026       | 
#23 2.026 In file included from /usr/include/sys/ioctl.h:10,
#23 2.026                  from ll_types.c:12:
#23 2.026 /usr/include/bits/ioctl.h:111: note: this is the location of the previous definition
#23 2.026   111 | #define SIOCGSTAMP      0x8906
#23 2.026       | 
#23 2.026 ../include/uapi/linux/sockios.h:43: warning: "SIOCGSTAMPNS" redefined
#23 2.026    43 | #define SIOCGSTAMPNS    SIOCGSTAMPNS_OLD
#23 2.026       | 
#23 2.026 /usr/include/bits/ioctl.h:112: note: this is the location of the previous definition
#23 2.026   112 | #define SIOCGSTAMPNS    0x8907
#23 2.026       | 
#23 2.042     CC       ll_proto.o
#23 2.054 In file included from ll_proto.c:21:
#23 2.054 ../include/uapi/linux/sockios.h:42: warning: "SIOCGSTAMP" redefined
#23 2.054    42 | #define SIOCGSTAMP      SIOCGSTAMP_OLD
#23 2.054       | 
#23 2.054 In file included from /usr/include/sys/ioctl.h:10,
#23 2.054                  from ll_proto.c:13:
#23 2.054 /usr/include/bits/ioctl.h:111: note: this is the location of the previous definition
#23 2.054   111 | #define SIOCGSTAMP      0x8906
#23 2.054       | 
#23 2.054 ../include/uapi/linux/sockios.h:43: warning: "SIOCGSTAMPNS" redefined
#23 2.054    43 | #define SIOCGSTAMPNS    SIOCGSTAMPNS_OLD
#23 2.054       | 
#23 2.054 /usr/include/bits/ioctl.h:112: note: this is the location of the previous definition
#23 2.054   112 | #define SIOCGSTAMPNS    0x8907
#23 2.054       | 
#23 2.068     CC       ll_addr.o
#23 2.080 In file included from ll_addr.c:20:
#23 2.080 ../include/uapi/linux/sockios.h:42: warning: "SIOCGSTAMP" redefined
#23 2.080    42 | #define SIOCGSTAMP      SIOCGSTAMP_OLD
#23 2.080       | 
#23 2.080 In file included from /usr/include/sys/ioctl.h:10,
#23 2.080                  from ll_addr.c:12:
#23 2.080 /usr/include/bits/ioctl.h:111: note: this is the location of the previous definition
#23 2.080   111 | #define SIOCGSTAMP      0x8906
#23 2.080       | 
#23 2.080 ../include/uapi/linux/sockios.h:43: warning: "SIOCGSTAMPNS" redefined
#23 2.080    43 | #define SIOCGSTAMPNS    SIOCGSTAMPNS_OLD
#23 2.080       | 
#23 2.080 /usr/include/bits/ioctl.h:112: note: this is the location of the previous definition
#23 2.080   112 | #define SIOCGSTAMPNS    0x8907
#23 2.080       | 
#23 2.108     CC       inet_proto.o
#23 2.141     CC       namespace.o
#23 2.200     CC       json_writer.o
#23 2.277     CC       json_print.o
#23 2.394     CC       json_print_math.o
#23 2.424     CC       names.o
#23 2.467     CC       color.o
#23 2.505     CC       bpf_legacy.o
#23 2.883     CC       bpf_glue.o
#23 2.917     CC       exec.o
#23 2.945     CC       fs.o
#23 3.015     CC       cg_map.o
#23 3.048     CC       ppp_proto.o
#23 3.070     CC       bpf_libbpf.o
#23 3.150     CC       selinux.o
#23 3.169     CC       ax25_ntop.o
#23 3.196     CC       rose_ntop.o
#23 3.209 In file included from rose_ntop.c:16:
#23 3.209 ../include/uapi/linux/sockios.h:42: warning: "SIOCGSTAMP" redefined
#23 3.209    42 | #define SIOCGSTAMP      SIOCGSTAMP_OLD
#23 3.209       | 
#23 3.209 In file included from /usr/include/sys/ioctl.h:10,
#23 3.209                  from rose_ntop.c:7:
#23 3.209 /usr/include/bits/ioctl.h:111: note: this is the location of the previous definition
#23 3.209   111 | #define SIOCGSTAMP      0x8906
#23 3.209       | 
#23 3.209 ../include/uapi/linux/sockios.h:43: warning: "SIOCGSTAMPNS" redefined
#23 3.209    43 | #define SIOCGSTAMPNS    SIOCGSTAMPNS_OLD
#23 3.209       | 
#23 3.209 /usr/include/bits/ioctl.h:112: note: this is the location of the previous definition
#23 3.209   112 | #define SIOCGSTAMPNS    0x8907
#23 3.209       | 
#23 3.226     CC       mpls_ntop.o
#23 3.253     CC       mpls_pton.o
#23 3.282     CC       netrom_ntop.o
#23 3.303     AR       libutil.a
#23 3.308 
#23 3.308 ip
#23 3.310     CC       ip.o
#23 3.381     CC       ipaddress.o
#23 3.397 In file included from ipaddress.c:26:
#23 3.397 ../include/uapi/linux/sockios.h:42: warning: "SIOCGSTAMP" redefined
#23 3.397    42 | #define SIOCGSTAMP      SIOCGSTAMP_OLD
#23 3.397       | 
#23 3.397 In file included from /usr/include/sys/ioctl.h:10,
#23 3.397                  from ipaddress.c:14:
#23 3.397 /usr/include/bits/ioctl.h:111: note: this is the location of the previous definition
#23 3.397   111 | #define SIOCGSTAMP      0x8906
#23 3.397       | 
#23 3.397 ../include/uapi/linux/sockios.h:43: warning: "SIOCGSTAMPNS" redefined
#23 3.397    43 | #define SIOCGSTAMPNS    SIOCGSTAMPNS_OLD
#23 3.397       | 
#23 3.397 /usr/include/bits/ioctl.h:112: note: this is the location of the previous definition
#23 3.397   112 | #define SIOCGSTAMPNS    0x8907
#23 3.397       | 
#23 3.885     CC       ipaddrlabel.o
#23 3.941     CC       iproute.o
#23 4.435     CC       iprule.o
#23 4.632     CC       ipnetns.o
#23 4.816     CC       rtm_map.o
#23 4.851     CC       iptunnel.o
#23 4.864 In file included from ../include/uapi/linux/if_tunnel.h:6,
#23 4.864                  from iptunnel.c:19:
#23 4.864 ../include/uapi/linux/if.h:134: warning: "IFF_VOLATILE" redefined
#23 4.864   134 | #define IFF_VOLATILE    (IFF_LOOPBACK|IFF_POINTOPOINT|IFF_BROADCAST|IFF_ECHO|\
#23 4.864       | 
#23 4.864 In file included from iptunnel.c:16:
#23 4.864 /usr/include/net/if.h:48: note: this is the location of the previous definition
#23 4.864    48 | #define IFF_VOLATILE (IFF_LOOPBACK|IFF_POINTOPOINT|IFF_BROADCAST| \
#23 4.864       | 
#23 4.993     CC       ip6tunnel.o
#23 5.114     CC       tunnel.o
#23 5.201     CC       ipneigh.o
#23 5.351     CC       ipntable.o
#23 5.453     CC       iplink.o
#23 5.725     CC       ipmaddr.o
#23 5.739 In file included from ipmaddr.c:21:
#23 5.739 ../include/uapi/linux/sockios.h:42: warning: "SIOCGSTAMP" redefined
#23 5.739    42 | #define SIOCGSTAMP      SIOCGSTAMP_OLD
#23 5.739       | 
#23 5.739 In file included from /usr/include/sys/ioctl.h:10,
#23 5.739                  from ipmaddr.c:12:
#23 5.739 /usr/include/bits/ioctl.h:111: note: this is the location of the previous definition
#23 5.739   111 | #define SIOCGSTAMP      0x8906
#23 5.739       | 
#23 5.739 ../include/uapi/linux/sockios.h:43: warning: "SIOCGSTAMPNS" redefined
#23 5.739    43 | #define SIOCGSTAMPNS    SIOCGSTAMPNS_OLD
#23 5.739       | 
#23 5.739 /usr/include/bits/ioctl.h:112: note: this is the location of the previous definition
#23 5.739   112 | #define SIOCGSTAMPNS    0x8907
#23 5.739       | 
#23 5.815     CC       ipmonitor.o
#23 5.892     CC       ipmroute.o
#23 5.904 In file included from ipmroute.c:22:
#23 5.904 ../include/uapi/linux/sockios.h:42: warning: "SIOCGSTAMP" redefined
#23 5.904    42 | #define SIOCGSTAMP      SIOCGSTAMP_OLD
#23 5.904       | 
#23 5.904 In file included from /usr/include/sys/ioctl.h:10,
#23 5.904                  from ipmroute.c:13:
#23 5.904 /usr/include/bits/ioctl.h:111: note: this is the location of the previous definition
#23 5.904   111 | #define SIOCGSTAMP      0x8906
#23 5.904       | 
#23 5.904 ../include/uapi/linux/sockios.h:43: warning: "SIOCGSTAMPNS" redefined
#23 5.904    43 | #define SIOCGSTAMPNS    SIOCGSTAMPNS_OLD
#23 5.904       | 
#23 5.904 /usr/include/bits/ioctl.h:112: note: this is the location of the previous definition
#23 5.904   112 | #define SIOCGSTAMPNS    0x8907
#23 5.904       | 
#23 5.968     CC       ipprefix.o
#23 5.998     CC       iptuntap.o
#23 6.101     CC       iptoken.o
#23 6.153     CC       ipxfrm.o
#23 6.449     CC       xfrm_state.o
#23 6.714     CC       xfrm_policy.o
#23 6.943     CC       xfrm_monitor.o
#23 7.020     CC       iplink_dummy.o
#23 7.042     CC       iplink_ifb.o
#23 7.065     CC       iplink_nlmon.o
#23 7.087     CC       iplink_team.o
#23 7.110     CC       iplink_vcan.o
#23 7.132     CC       iplink_vxcan.o
#23 7.159     CC       iplink_vlan.o
#23 7.230     CC       link_veth.o
#23 7.257     CC       link_gre.o
#23 7.267 In file included from ../include/uapi/linux/if_tunnel.h:6,
#23 7.267                  from link_gre.c:15:
#23 7.267 ../include/uapi/linux/if.h:134: warning: "IFF_VOLATILE" redefined
#23 7.267   134 | #define IFF_VOLATILE    (IFF_LOOPBACK|IFF_POINTOPOINT|IFF_BROADCAST|IFF_ECHO|\
#23 7.267       | 
#23 7.267 In file included from link_gre.c:9:
#23 7.267 /usr/include/net/if.h:48: note: this is the location of the previous definition
#23 7.267    48 | #define IFF_VOLATILE (IFF_LOOPBACK|IFF_POINTOPOINT|IFF_BROADCAST| \
#23 7.267       | 
#23 7.374     CC       iplink_can.o
#23 7.521     CC       iplink_xdp.o
#23 7.584     CC       iplink_macvlan.o
#23 7.663     CC       ipl2tp.o
#23 7.825     CC       link_vti.o
#23 7.836 In file included from ../include/uapi/linux/if_tunnel.h:6,
#23 7.836                  from link_vti.c:16:
#23 7.836 ../include/uapi/linux/if.h:134: warning: "IFF_VOLATILE" redefined
#23 7.836   134 | #define IFF_VOLATILE    (IFF_LOOPBACK|IFF_POINTOPOINT|IFF_BROADCAST|IFF_ECHO|\
#23 7.836       | 
#23 7.836 In file included from link_vti.c:10:
#23 7.836 /usr/include/net/if.h:48: note: this is the location of the previous definition
#23 7.836    48 | #define IFF_VOLATILE (IFF_LOOPBACK|IFF_POINTOPOINT|IFF_BROADCAST| \
#23 7.836       | 
#23 7.882     CC       link_vti6.o
#23 7.892 In file included from ../include/uapi/linux/if_tunnel.h:6,
#23 7.892                  from link_vti6.c:17:
#23 7.892 ../include/uapi/linux/if.h:134: warning: "IFF_VOLATILE" redefined
#23 7.892   134 | #define IFF_VOLATILE    (IFF_LOOPBACK|IFF_POINTOPOINT|IFF_BROADCAST|IFF_ECHO|\
#23 7.892       | 
#23 7.892 In file included from link_vti6.c:11:
#23 7.892 /usr/include/net/if.h:48: note: this is the location of the previous definition
#23 7.892    48 | #define IFF_VOLATILE (IFF_LOOPBACK|IFF_POINTOPOINT|IFF_BROADCAST| \
#23 7.892       | 
#23 7.937     CC       link_xfrm.o
#23 7.973     CC       iplink_vxlan.o
#23 8.124     CC       tcp_metrics.o
#23 8.227     CC       iplink_ipoib.o
#23 8.270     CC       ipnetconf.o
#23 8.324     CC       link_ip6tnl.o
#23 8.334 In file included from ../include/uapi/linux/if_tunnel.h:6,
#23 8.334                  from link_ip6tnl.c:15:
#23 8.334 ../include/uapi/linux/if.h:134: warning: "IFF_VOLATILE" redefined
#23 8.334   134 | #define IFF_VOLATILE    (IFF_LOOPBACK|IFF_POINTOPOINT|IFF_BROADCAST|IFF_ECHO|\
#23 8.334       | 
#23 8.334 In file included from link_ip6tnl.c:9:
#23 8.334 /usr/include/net/if.h:48: note: this is the location of the previous definition
#23 8.334    48 | #define IFF_VOLATILE (IFF_LOOPBACK|IFF_POINTOPOINT|IFF_BROADCAST| \
#23 8.334       | 
#23 8.420     CC       link_iptnl.o
#23 8.431 In file included from ../include/uapi/linux/if_tunnel.h:6,
#23 8.431                  from link_iptnl.c:16:
#23 8.431 ../include/uapi/linux/if.h:134: warning: "IFF_VOLATILE" redefined
#23 8.431   134 | #define IFF_VOLATILE    (IFF_LOOPBACK|IFF_POINTOPOINT|IFF_BROADCAST|IFF_ECHO|\
#23 8.431       | 
#23 8.431 In file included from link_iptnl.c:9:
#23 8.431 /usr/include/net/if.h:48: note: this is the location of the previous definition
#23 8.431    48 | #define IFF_VOLATILE (IFF_LOOPBACK|IFF_POINTOPOINT|IFF_BROADCAST| \
#23 8.431       | 
#23 8.523     CC       link_gre6.o
#23 8.534 In file included from ../include/uapi/linux/if_tunnel.h:6,
#23 8.534                  from link_gre6.c:15:
#23 8.534 ../include/uapi/linux/if.h:134: warning: "IFF_VOLATILE" redefined
#23 8.534   134 | #define IFF_VOLATILE    (IFF_LOOPBACK|IFF_POINTOPOINT|IFF_BROADCAST|IFF_ECHO|\
#23 8.534       | 
#23 8.534 In file included from link_gre6.c:9:
#23 8.534 /usr/include/net/if.h:48: note: this is the location of the previous definition
#23 8.534    48 | #define IFF_VOLATILE (IFF_LOOPBACK|IFF_POINTOPOINT|IFF_BROADCAST| \
#23 8.534       | 
#23 8.655     CC       iplink_bond.o
#23 8.827     CC       iplink_bond_slave.o
#23 8.879     CC       iplink_hsr.o
#23 8.938     CC       iplink_bridge.o
#23 9.101     CC       iplink_bridge_slave.o
#23 9.227     CC       iplink_dsa.o
#23 9.258     CC       ipfou.o
#23 9.335     CC       iplink_ipvlan.o
#23 9.374     CC       iplink_geneve.o
#23 9.464     CC       iplink_vrf.o
#23 9.511     CC       iproute_lwtunnel.o
#23 9.901     CC       ipmacsec.o
#23 10.19     CC       ipila.o
#23 10.26     CC       ipvrf.o
#23 10.37     CC       iplink_xstats.o
#23 10.40     CC       ipseg6.o
#23 10.45     CC       iplink_netdevsim.o
#23 10.48     CC       iplink_rmnet.o
#23 10.51     CC       ipnexthop.o
#23 10.75     CC       ipmptcp.o
#23 10.88     CC       iplink_bareudp.o
#23 10.93     CC       iplink_wwan.o
#23 10.96     CC       ipioam6.o
#23 11.05     CC       iplink_amt.o
#23 11.11     CC       iplink_batadv.o
#23 11.13     CC       iplink_gtp.o
#23 11.17     CC       iplink_virt_wifi.o
#23 11.20     CC       iplink_netkit.o
#23 11.25     CC       ipstats.o
#23 11.46     LINK     ip
#23 11.50     CC       rtmon.o
#23 11.55     LINK     rtmon
#23 11.56 
#23 11.56 tc
#23 11.56     CC       tc.o
#23 11.65     CC       tc_qdisc.o
#23 11.76     CC       tc_class.o
#23 11.88     CC       tc_filter.o
#23 12.05     CC       tc_util.o
#23 12.24     CC       tc_monitor.o
#23 12.27     CC       tc_exec.o
#23 12.31     CC       m_police.o
#23 12.40     CC       m_estimator.o
#23 12.43     CC       m_action.o
#23 12.59     CC       m_ematch.o
#23 12.70     YACC     emp_ematch.tab.c
#23 12.77     CC       emp_ematch.tab.o
#23 12.88     LEX      emp_ematch.lex.c
#23 12.89     CC       emp_ematch.lex.o
#23 13.05     CC       q_fifo.o
#23 13.09     CC       q_sfq.o
#23 13.16     CC       q_red.o
#23 13.23     CC       q_prio.o
#23 13.28     CC       q_skbprio.o
#23 13.31     CC       q_tbf.o
#23 13.40     CC       q_multiq.o
#23 13.43     CC       q_netem.o
#23 13.64     CC       q_choke.o
#23 13.70     CC       q_sfb.o
#23 13.78     CC       f_u32.o
#23 14.04     CC       f_route.o
#23 14.09     CC       f_fw.o
#23 14.14     CC       f_basic.o
#23 14.18     CC       f_bpf.o
#23 14.25     CC       f_flow.o
#23 14.35     CC       f_cgroup.o
#23 14.39     CC       f_flower.o
#23 14.40 In file included from ../include/uapi/linux/netdevice.h:29,
#23 14.40                  from ../include/uapi/linux/if_arp.h:27,
#23 14.40                  from f_flower.c:14:
#23 14.40 ../include/uapi/linux/if.h:134: warning: "IFF_VOLATILE" redefined
#23 14.40   134 | #define IFF_VOLATILE    (IFF_LOOPBACK|IFF_POINTOPOINT|IFF_BROADCAST|IFF_ECHO|\
#23 14.40       | 
#23 14.40 In file included from f_flower.c:12:
#23 14.40 /usr/include/net/if.h:48: note: this is the location of the previous definition
#23 14.40    48 | #define IFF_VOLATILE (IFF_LOOPBACK|IFF_POINTOPOINT|IFF_BROADCAST| \
#23 14.40       | 
#23 14.89     CC       q_gred.o
#23 14.99     CC       q_ingress.o
#23 15.02     CC       q_hfsc.o
#23 15.10     CC       q_htb.o
#23 15.19     CC       q_drr.o
#23 15.23     CC       q_qfq.o
#23 15.27     CC       m_gact.o
#23 15.32     CC       m_mirred.o
#23 15.39     CC       m_mpls.o
#23 15.47     CC       m_nat.o
#23 15.52     CC       m_pedit.o
#23 15.65     CC       m_ife.o
#23 15.73     CC       m_skbedit.o
#23 15.81     CC       m_skbmod.o
#23 15.87     CC       m_csum.o
#23 15.93     CC       m_simple.o
#23 15.97     CC       m_vlan.o
#23 16.04     CC       m_connmark.o
#23 16.08     CC       m_ctinfo.o
#23 16.13     CC       m_bpf.o
#23 16.19     CC       m_tunnel_key.o
#23 16.31     CC       m_sample.o
#23 16.35     CC       m_ct.o
#23 16.45     CC       m_gate.o
#23 16.54     CC       p_ip.o
#23 16.58     CC       p_ip6.o
#23 16.61     CC       p_icmp.o
#23 16.64     CC       p_eth.o
#23 16.67     CC       p_tcp.o
#23 16.70     CC       p_udp.o
#23 16.72     CC       em_nbyte.o
#23 16.78     CC       em_cmp.o
#23 16.85     CC       em_u32.o
#23 16.89     CC       em_canid.o
#23 16.94     CC       em_meta.o
#23 17.05     CC       q_mqprio.o
#23 17.15     CC       q_codel.o
#23 17.21     CC       q_fq_codel.o
#23 17.29     CC       q_fq.o
#23 17.40     CC       q_pie.o
#23 17.46     CC       q_fq_pie.o
#23 17.53     CC       q_cake.o
#23 17.72     CC       q_hhf.o
#23 17.77     CC       q_clsact.o
#23 17.79     CC       e_bpf.o
#23 17.85     CC       f_matchall.o
#23 17.89     CC       q_cbs.o
#23 17.94     CC       q_etf.o
#23 17.99     CC       q_taprio.o
#23 18.11     CC       q_plug.o
#23 18.14     CC       q_ets.o
#23 18.23     CC       em_ipt.o
#23 18.25 In file included from tc_util.h:7,
#23 18.25                  from m_ematch.h:11,
#23 18.25                  from em_ipt.c:13:
#23 18.25 ../include/uapi/linux/if.h:134: warning: "IFF_VOLATILE" redefined
#23 18.25   134 | #define IFF_VOLATILE    (IFF_LOOPBACK|IFF_POINTOPOINT|IFF_BROADCAST|IFF_ECHO|\
#23 18.25       | 
#23 18.25 In file included from ../include/xtables.h:17,
#23 18.25                  from em_ipt.c:12:
#23 18.25 /usr/include/net/if.h:48: note: this is the location of the previous definition
#23 18.25    48 | #define IFF_VOLATILE (IFF_LOOPBACK|IFF_POINTOPOINT|IFF_BROADCAST| \
#23 18.25       | 
#23 18.27     CC       em_ipset.o
#23 18.29 In file included from tc_util.h:7,
#23 18.29                  from m_ematch.h:11,
#23 18.29                  from em_ipset.c:39:
#23 18.29 ../include/uapi/linux/if.h:134: warning: "IFF_VOLATILE" redefined
#23 18.29   134 | #define IFF_VOLATILE    (IFF_LOOPBACK|IFF_POINTOPOINT|IFF_BROADCAST|IFF_ECHO|\
#23 18.29       | 
#23 18.29 In file included from ../include/xtables.h:17,
#23 18.29                  from em_ipset.c:23:
#23 18.29 /usr/include/net/if.h:48: note: this is the location of the previous definition
#23 18.29    48 | #define IFF_VOLATILE (IFF_LOOPBACK|IFF_POINTOPOINT|IFF_BROADCAST| \
#23 18.29       | 
#23 18.32     CC       tc_core.o
#23 18.39     CC       tc_red.o
#23 18.44     CC       tc_estimator.o
#23 18.47     CC       tc_stab.o
#23 18.52     CC       tc_qevent.o
#23 18.57     AR       libtc.a
#23 18.58     LINK     tc
#23 18.61 rm emp_ematch.lex.c
#23 18.61 
#23 18.61 bridge
#23 18.61     CC       bridge.o
#23 18.66     CC       fdb.o
#23 18.83     CC       monitor.o
#23 18.87     CC       link.o
#23 19.02     CC       mdb.o
#23 19.21     CC       vlan.o
#23 19.22 In file included from vlan.c:14:
#23 19.22 ../include/json_print.h:80:30: warning: 'struct timeval' declared inside parameter list will not be visible outside of this definition or declaration
#23 19.22    80 | _PRINT_FUNC(tv, const struct timeval *)
#23 19.22       |                              ^~~~~~~
#23 19.22 ../include/json_print.h:50:37: note: in definition of macro '_PRINT_FUNC'
#23 19.22    50 |                                     type value);                        \
#23 19.22       |                                     ^~~~
#23 19.22 ../include/json_print.h:80:30: warning: 'struct timeval' declared inside parameter list will not be visible outside of this definition or declaration
#23 19.22    80 | _PRINT_FUNC(tv, const struct timeval *)
#23 19.22       |                              ^~~~~~~
#23 19.22 ../include/json_print.h:55:45: note: in definition of macro '_PRINT_FUNC'
#23 19.22    55 |                                             type value)                 \
#23 19.22       |                                             ^~~~
#23 19.22 ../include/json_print.h: In function 'print_tv':
#23 19.22 ../include/json_print.h:58:48: warning: passing argument 5 of 'print_color_tv' from incompatible pointer type [-Wincompatible-pointer-types]
#23 19.22    58 |                                                value);                  \
#23 19.22       |                                                ^~~~~
#23 19.22       |                                                |
#23 19.22       |                                                const struct timeval *
#23 19.22 ../include/json_print.h:80:1: note: in expansion of macro '_PRINT_FUNC'
#23 19.22    80 | _PRINT_FUNC(tv, const struct timeval *)
#23 19.22       | ^~~~~~~~~~~
#23 19.22 ../include/json_print.h:50:42: note: expected 'const struct timeval *' but argument is of type 'const struct timeval *'
#23 19.22    50 |                                     type value);                        \
#23 19.22       |                                          ^
#23 19.22 ../include/json_print.h:80:1: note: in expansion of macro '_PRINT_FUNC'
#23 19.22    80 | _PRINT_FUNC(tv, const struct timeval *)
#23 19.22       | ^~~~~~~~~~~
#23 19.44     CC       vni.o
#23 19.45 In file included from vni.c:19:
#23 19.45 ../include/json_print.h:80:30: warning: 'struct timeval' declared inside parameter list will not be visible outside of this definition or declaration
#23 19.45    80 | _PRINT_FUNC(tv, const struct timeval *)
#23 19.45       |                              ^~~~~~~
#23 19.45 ../include/json_print.h:50:37: note: in definition of macro '_PRINT_FUNC'
#23 19.45    50 |                                     type value);                        \
#23 19.45       |                                     ^~~~
#23 19.45 ../include/json_print.h:80:30: warning: 'struct timeval' declared inside parameter list will not be visible outside of this definition or declaration
#23 19.45    80 | _PRINT_FUNC(tv, const struct timeval *)
#23 19.45       |                              ^~~~~~~
#23 19.45 ../include/json_print.h:55:45: note: in definition of macro '_PRINT_FUNC'
#23 19.45    55 |                                             type value)                 \
#23 19.45       |                                             ^~~~
#23 19.45 ../include/json_print.h: In function 'print_tv':
#23 19.45 ../include/json_print.h:58:48: warning: passing argument 5 of 'print_color_tv' from incompatible pointer type [-Wincompatible-pointer-types]
#23 19.45    58 |                                                value);                  \
#23 19.45       |                                                ^~~~~
#23 19.45       |                                                |
#23 19.45       |                                                const struct timeval *
#23 19.45 ../include/json_print.h:80:1: note: in expansion of macro '_PRINT_FUNC'
#23 19.45    80 | _PRINT_FUNC(tv, const struct timeval *)
#23 19.45       | ^~~~~~~~~~~
#23 19.45 ../include/json_print.h:50:42: note: expected 'const struct timeval *' but argument is of type 'const struct timeval *'
#23 19.45    50 |                                     type value);                        \
#23 19.45       |                                          ^
#23 19.45 ../include/json_print.h:80:1: note: in expansion of macro '_PRINT_FUNC'
#23 19.45    80 | _PRINT_FUNC(tv, const struct timeval *)
#23 19.45       | ^~~~~~~~~~~
#23 19.52     LINK     bridge
#23 19.53 
#23 19.53 misc
#23 19.53     CC       ss.o
#23 19.55 In file included from ../include/uapi/linux/tipc.h:42,
#23 19.55                  from ss.c:49:
#23 19.55 ../include/uapi/linux/sockios.h:42: warning: "SIOCGSTAMP" redefined
#23 19.55    42 | #define SIOCGSTAMP      SIOCGSTAMP_OLD
#23 19.55       | 
#23 19.55 In file included from /usr/include/sys/ioctl.h:10,
#23 19.55                  from ss.c:12:
#23 19.55 /usr/include/bits/ioctl.h:111: note: this is the location of the previous definition
#23 19.55   111 | #define SIOCGSTAMP      0x8906
#23 19.55       | 
#23 19.55 ../include/uapi/linux/sockios.h:43: warning: "SIOCGSTAMPNS" redefined
#23 19.55    43 | #define SIOCGSTAMPNS    SIOCGSTAMPNS_OLD
#23 19.55       | 
#23 19.55 /usr/include/bits/ioctl.h:112: note: this is the location of the previous definition
#23 19.55   112 | #define SIOCGSTAMPNS    0x8907
#23 19.55       | 
#23 20.40     CC       ssfilter_check.o
#23 20.43     YACC     ssfilter.tab.c
#23 20.50     CC       ssfilter.tab.o
#23 20.60     LINK     ss
#23 20.62     CC       nstat
#23 20.63 In file included from nstat.c:20:
#23 20.63 /usr/include/sys/poll.h:1:2: warning: #warning redirecting incorrect #include <sys/poll.h> to <poll.h> [-Wcpp]
#23 20.63     1 | #warning redirecting incorrect #include <sys/poll.h> to <poll.h>
#23 20.63       |  ^~~~~~~
#23 20.75     CC       ifstat
#23 20.76 In file included from ifstat.c:20:
#23 20.76 /usr/include/sys/poll.h:1:2: warning: #warning redirecting incorrect #include <sys/poll.h> to <poll.h> [-Wcpp]
#23 20.76     1 | #warning redirecting incorrect #include <sys/poll.h> to <poll.h>
#23 20.76       |  ^~~~~~~
#23 20.93     CC       rtacct
#23 20.94 In file included from rtacct.c:19:
#23 20.94 /usr/include/sys/poll.h:1:2: warning: #warning redirecting incorrect #include <sys/poll.h> to <poll.h> [-Wcpp]
#23 20.94     1 | #warning redirecting incorrect #include <sys/poll.h> to <poll.h>
#23 20.94       |  ^~~~~~~
#23 21.08     CC       lnstat.o
#23 21.15     CC       lnstat_util.o
#23 21.21     LINK     lnstat
#23 21.22 
#23 21.22 netem
#23 21.22 gcc  -I../include -o maketable maketable.c -lm
#23 21.25 gcc  -I../include -o normal normal.c -lm
#23 21.28 gcc  -I../include -o pareto pareto.c -lm
#23 21.30 gcc  -I../include -o paretonormal paretonormal.c -lm
#23 21.34 ./normal > normal.dist
#23 21.34 ./pareto > pareto.dist
#23 21.35 ./paretonormal > paretonormal.dist
#23 21.35 ./maketable experimental.dat > experimental.dist
#23 21.36 
#23 21.36 genl
#23 21.36     CC       genl.o
#23 21.40     CC       ctrl.o
#23 21.47     LINK     genl
#23 21.48 
#23 21.48 man
#23 21.48 make[2]: Nothing to be done for 'all'.
#23 21.49 make[2]: Nothing to be done for 'all'.
#23 21.49 sed \
#23 21.49 	-e "s|@NETNS_ETC_DIR@|/etc/netns|g" \
#23 21.49 	-e "s|@NETNS_RUN_DIR@|/var/run/netns|g" \
#23 21.49 	-e "s|@SYSCONF_ETC_DIR@|/etc/iproute2|g" \
#23 21.49 	-e "s|@SYSCONF_USR_DIR@|/usr/share/iproute2|g" \
#23 21.49 	ip-address.8.in > ip-address.8
#23 21.49 sed \
#23 21.49 	-e "s|@NETNS_ETC_DIR@|/etc/netns|g" \
#23 21.49 	-e "s|@NETNS_RUN_DIR@|/var/run/netns|g" \
#23 21.49 	-e "s|@SYSCONF_ETC_DIR@|/etc/iproute2|g" \
#23 21.49 	-e "s|@SYSCONF_USR_DIR@|/usr/share/iproute2|g" \
#23 21.49 	ip-link.8.in > ip-link.8
#23 21.50 sed \
#23 21.50 	-e "s|@NETNS_ETC_DIR@|/etc/netns|g" \
#23 21.50 	-e "s|@NETNS_RUN_DIR@|/var/run/netns|g" \
#23 21.50 	-e "s|@SYSCONF_ETC_DIR@|/etc/iproute2|g" \
#23 21.50 	-e "s|@SYSCONF_USR_DIR@|/usr/share/iproute2|g" \
#23 21.50 	ip-netns.8.in > ip-netns.8
#23 21.50 sed \
#23 21.50 	-e "s|@NETNS_ETC_DIR@|/etc/netns|g" \
#23 21.50 	-e "s|@NETNS_RUN_DIR@|/var/run/netns|g" \
#23 21.50 	-e "s|@SYSCONF_ETC_DIR@|/etc/iproute2|g" \
#23 21.50 	-e "s|@SYSCONF_USR_DIR@|/usr/share/iproute2|g" \
#23 21.50 	ip-route.8.in > ip-route.8
#23 21.50 
#23 21.50 tipc
#23 21.50     CC       bearer.o
#23 21.70     CC       cmdl.o
#23 21.75     CC       link.o
#23 21.94     CC       media.o
#23 21.99     CC       misc.o
#23 22.04     CC       msg.o
#23 22.06     CC       nametable.o
#23 22.10     CC       node.o
#23 22.19     CC       socket.o
#23 22.22     CC       peer.o
#23 22.26     CC       tipc.o
#23 22.29     LINK     tipc
#23 22.30 
#23 22.30 devlink
#23 22.30     CC       devlink.o
#23 23.92     CC       mnlg.o
#23 23.96     LINK     devlink
#23 23.97 
#23 23.97 rdma
#23 23.97     CC       rdma.o
#23 23.99 rdma.c: In function 'main':
#23 23.99 rdma.c:110:20: warning: implicit declaration of function 'basename'; did you mean 'rename'? [-Wimplicit-function-declaration]
#23 23.99   110 |         filename = basename(argv[0]);
#23 23.99       |                    ^~~~~~~~
#23 23.99       |                    rename
#23 23.99 rdma.c:110:18: warning: assignment to 'char *' from 'int' makes pointer from integer without a cast [-Wint-conversion]
#23 23.99   110 |         filename = basename(argv[0]);
#23 23.99       |                  ^
#23 24.02     CC       utils.o
#23 24.18     CC       dev.o
#23 24.25     CC       link.o
#23 24.32     CC       res.o
#23 24.43     CC       res-pd.o
#23 24.48     CC       res-mr.o
#23 24.52     CC       res-cq.o
#23 24.57     CC       res-cmid.o
#23 24.62     CC       res-qp.o
#23 24.69     CC       sys.o
#23 24.74     CC       stat.o
#23 24.98     CC       stat-mr.o
#23 25.01     CC       res-ctx.o
#23 25.05     CC       res-srq.o
#23 25.12     LINK     rdma
#23 25.13 
#23 25.13 dcb
#23 25.13     CC       dcb.o
#23 25.25     CC       dcb_app.o
#23 25.43     CC       dcb_buffer.o
#23 25.51     CC       dcb_dcbx.o
#23 25.55     CC       dcb_ets.o
#23 25.64     CC       dcb_maxrate.o
#23 25.69     CC       dcb_pfc.o
#23 25.75     CC       dcb_apptrust.o
#23 25.81     CC       dcb_rewr.o
#23 25.89     LINK     dcb
#23 25.90 
#23 25.90 vdpa
#23 25.90     CC       vdpa.o
#23 25.91 In file included from vdpa.c:19:
#23 25.91 ../include/json_print.h:80:30: warning: 'struct timeval' declared inside parameter list will not be visible outside of this definition or declaration
#23 25.91    80 | _PRINT_FUNC(tv, const struct timeval *)
#23 25.91       |                              ^~~~~~~
#23 25.91 ../include/json_print.h:50:37: note: in definition of macro '_PRINT_FUNC'
#23 25.91    50 |                                     type value);                        \
#23 25.91       |                                     ^~~~
#23 25.91 ../include/json_print.h:80:30: warning: 'struct timeval' declared inside parameter list will not be visible outside of this definition or declaration
#23 25.91    80 | _PRINT_FUNC(tv, const struct timeval *)
#23 25.91       |                              ^~~~~~~
#23 25.91 ../include/json_print.h:55:45: note: in definition of macro '_PRINT_FUNC'
#23 25.91    55 |                                             type value)                 \
#23 25.91       |                                             ^~~~
#23 25.91 ../include/json_print.h: In function 'print_tv':
#23 25.91 ../include/json_print.h:58:48: warning: passing argument 5 of 'print_color_tv' from incompatible pointer type [-Wincompatible-pointer-types]
#23 25.91    58 |                                                value);                  \
#23 25.91       |                                                ^~~~~
#23 25.91       |                                                |
#23 25.91       |                                                const struct timeval *
#23 25.91 ../include/json_print.h:80:1: note: in expansion of macro '_PRINT_FUNC'
#23 25.91    80 | _PRINT_FUNC(tv, const struct timeval *)
#23 25.91       | ^~~~~~~~~~~
#23 25.91 ../include/json_print.h:50:42: note: expected 'const struct timeval *' but argument is of type 'const struct timeval *'
#23 25.91    50 |                                     type value);                        \
#23 25.91       |                                          ^
#23 25.91 ../include/json_print.h:80:1: note: in expansion of macro '_PRINT_FUNC'
#23 25.91    80 | _PRINT_FUNC(tv, const struct timeval *)
#23 25.91       | ^~~~~~~~~~~
#23 26.05     LINK     vdpa
#23 DONE 26.1s

#24 [20/22] RUN git clone --no-single-branch --depth=1 https://github.com/linux-netdev/testing.git /nipa-data/kernel
#24 0.448 Cloning into '/nipa-data/kernel'...
#24 46.01 Updating files:  16% (14121/83283)Updating files:  17% (14159/83283)Updating files:  18% (14991/83283)Updating files:  19% (15824/83283)Updating files:  20% (16657/83283)Updating files:  21% (17490/83283)Updating files:  22% (18323/83283)Updating files:  23% (19156/83283)Updating files:  24% (19988/83283)Updating files:  25% (20821/83283)Updating files:  26% (21654/83283)Updating files:  27% (22487/83283)Updating files:  28% (23320/83283)Updating files:  29% (24153/83283)Updating files:  30% (24985/83283)Updating files:  31% (25818/83283)Updating files:  32% (26651/83283)Updating files:  33% (27484/83283)Updating files:  34% (28317/83283)Updating files:  35% (29150/83283)Updating files:  35% (29251/83283)Updating files:  36% (29982/83283)Updating files:  37% (30815/83283)Updating files:  38% (31648/83283)Updating files:  39% (32481/83283)Updating files:  40% (33314/83283)Updating files:  40% (33602/83283)Updating files:  41% (34147/83283)Updating files:  42% (34979/83283)Updating files:  43% (35812/83283)Updating files:  44% (36645/83283)Updating files:  45% (37478/83283)Updating files:  46% (38311/83283)Updating files:  47% (39144/83283)Updating files:  48% (39976/83283)Updating files:  49% (40809/83283)Updating files:  50% (41642/83283)Updating files:  50% (42412/83283)Updating files:  51% (42475/83283)Updating files:  52% (43308/83283)Updating files:  53% (44140/83283)Updating files:  54% (44973/83283)Updating files:  55% (45806/83283)Updating files:  56% (46639/83283)Updating files:  57% (47472/83283)Updating files:  58% (48305/83283)Updating files:  59% (49137/83283)Updating files:  60% (49970/83283)Updating files:  61% (50803/83283)Updating files:  62% (51636/83283)Updating files:  63% (52469/83283)Updating files:  64% (53302/83283)Updating files:  64% (53576/83283)Updating files:  65% (54134/83283)Updating files:  66% (54967/83283)Updating files:  67% (55800/83283)Updating files:  68% (56633/83283)Updating files:  69% (57466/83283)Updating files:  70% (58299/83283)Updating files:  71% (59131/83283)Updating files:  72% (59964/83283)Updating files:  73% (60797/83283)Updating files:  74% (61630/83283)Updating files:  75% (62463/83283)Updating files:  76% (63296/83283)Updating files:  77% (64128/83283)Updating files:  78% (64961/83283)Updating files:  79% (65794/83283)Updating files:  80% (66627/83283)Updating files:  81% (67460/83283)Updating files:  82% (68293/83283)Updating files:  83% (69125/83283)Updating files:  83% (69129/83283)Updating files:  84% (69958/83283)Updating files:  85% (70791/83283)Updating files:  86% (71624/83283)Updating files:  87% (72457/83283)Updating files:  88% (73290/83283)Updating files:  89% (74122/83283)Updating files:  90% (74955/83283)Updating files:  91% (75788/83283)Updating files:  92% (76621/83283)Updating files:  93% (77454/83283)Updating files:  94% (78287/83283)Updating files:  95% (79119/83283)Updating files:  96% (79952/83283)Updating files:  97% (80785/83283)Updating files:  98% (81618/83283)Updating files:  99% (82451/83283)Updating files: 100% (83283/83283)Updating files: 100% (83283/83283), done.
#24 DONE 53.6s

#25 [21/22] RUN git clone --depth=1 -b dev https://github.com/p4tc-dev/new-nipa.git nipa
#25 0.372 Cloning into 'nipa'...
#25 DONE 0.8s

#26 [22/22] COPY entrypoint.sh /entrypoint.sh
#26 DONE 0.0s

#27 exporting to image
#27 exporting layers
#27 exporting layers 6.8s done
#27 writing image sha256:253253ba8f217ba6fb3cfd089214513ae5903d80df1a8766e0ab03907093ce73 done
#27 naming to docker.io/library/nipa-executor done
#27 DONE 6.8s
NIPA version: 9d4ceb4 (fetcher: support local kernel patches, 2024-02-05)
INFO: Last run date: 2024-03-24 03:00:01.171064+00:00
Testing  {'branch': 'net-next-2024-03-24--06-00', 'date': '2024-03-24T06:00:19.195262+00:00', 'base': 'daba4702febbf3aa7583c5cae0617fee7c0652aa', 'url': 'https://github.com/linux-netdev/testing.git net-next-2024-03-24--06-00'}
Updating files:  52% (7184/13709)Updating files:  53% (7266/13709)Updating files:  54% (7403/13709)Updating files:  55% (7540/13709)Updating files:  56% (7678/13709)Updating files:  57% (7815/13709)Updating files:  58% (7952/13709)Updating files:  59% (8089/13709)Updating files:  60% (8226/13709)Updating files:  61% (8363/13709)Updating files:  62% (8500/13709)Updating files:  63% (8637/13709)Updating files:  64% (8774/13709)Updating files:  65% (8911/13709)Updating files:  66% (9048/13709)Updating files:  67% (9186/13709)Updating files:  68% (9323/13709)Updating files:  69% (9460/13709)Updating files:  70% (9597/13709)Updating files:  71% (9734/13709)Updating files:  72% (9871/13709)Updating files:  73% (10008/13709)Updating files:  74% (10145/13709)Updating files:  75% (10282/13709)Updating files:  76% (10419/13709)Updating files:  77% (10556/13709)Updating files:  78% (10694/13709)Updating files:  79% (10831/13709)Updating files:  80% (10968/13709)Updating files:  81% (11105/13709)Updating files:  82% (11242/13709)Updating files:  83% (11379/13709)Updating files:  84% (11516/13709)Updating files:  85% (11653/13709)Updating files:  86% (11790/13709)Updating files:  87% (11927/13709)Updating files:  88% (12064/13709)Updating files:  89% (12202/13709)Updating files:  90% (12339/13709)Updating files:  91% (12476/13709)Updating files:  92% (12613/13709)Updating files:  93% (12750/13709)Updating files:  94% (12887/13709)Updating files:  95% (13024/13709)Updating files:  96% (13161/13709)Updating files:  97% (13298/13709)Updating files:  98% (13435/13709)Updating files:  99% (13572/13709)Updating files: 100% (13709/13709)Updating files: 100% (13709/13709), done.
branch 'net-next-2024-03-24--06-00' set up to track 'origin/net-next-2024-03-24--06-00'.
Switched to a new branch 'net-next-2024-03-24--06-00'
error: No valid patches in input (allow with "--allow-empty")
Checking patch tools/testing/selftests/tc-testing/tdc_config.py...
Applied patch tools/testing/selftests/tc-testing/tdc_config.py cleanly.
Run at 2024-03-24 06:04:18.461212
INFO: building kernel
INFO: starting VM 0
INFO: thr0-1 VM starting: vng -v -r arch/x86/boot/bzImage --user root --rwdir=/nipa-data/kernel/
INFO: thr0-1 expecting prompt: '/nipa-data/kernel# '
WARN: thr0-1 TIMEOUT retcode: None waited: 25.02000000000019 total: 26.61000000000025
WARN: thr0-1 VM did not start, retrying 1/4
WARN: thr0-1 process did not exit, sending a KILL to 40464 [psutil.Process(pid=40465, name='virtme-run', status='sleeping', started='06:07:21'), psutil.Process(pid=40807, name='qemu-system-x86_64', status='sleeping', started='06:07:21'), psutil.Process(pid=40464, name='vng', status='sleeping', started='06:07:21')]
INFO: thr0-1 VM stopped
INFO: thr0-1 VM starting: vng -v -r arch/x86/boot/bzImage --user root --rwdir=/nipa-data/kernel/
INFO: thr0-1 expecting prompt: '/nipa-data/kernel# '
WARN: thr0-1 TIMEOUT retcode: None waited: 25.02000000000019 total: 26.250000000000238
WARN: thr0-1 VM did not start, retrying 2/4
WARN: thr0-1 process did not exit, sending a KILL to 40845 [psutil.Process(pid=40846, name='virtme-run', status='sleeping', started='06:07:51'), psutil.Process(pid=40862, name='qemu-system-x86_64', status='sleeping', started='06:07:51'), psutil.Process(pid=40845, name='vng', status='sleeping', started='06:07:51')]
INFO: thr0-1 VM stopped
INFO: thr0-1 VM starting: vng -v -r arch/x86/boot/bzImage --user root --rwdir=/nipa-data/kernel/
INFO: thr0-1 expecting prompt: '/nipa-data/kernel# '
WARN: thr0-1 TIMEOUT retcode: None waited: 25.02000000000019 total: 26.28000000000024
WARN: thr0-1 VM did not start, retrying 3/4
WARN: thr0-1 process did not exit, sending a KILL to 40900 [psutil.Process(pid=40901, name='virtme-run', status='sleeping', started='06:08:20'), psutil.Process(pid=40917, name='qemu-system-x86_64', status='sleeping', started='06:08:20'), psutil.Process(pid=40900, name='vng', status='sleeping', started='06:08:20')]
INFO: thr0-1 VM stopped
INFO: thr0-1 VM starting: vng -v -r arch/x86/boot/bzImage --user root --rwdir=/nipa-data/kernel/
INFO: thr0-1 expecting prompt: '/nipa-data/kernel# '
WARN: thr0-1 TIMEOUT retcode: None waited: 25.02000000000019 total: 26.28000000000024
WARN: thr0-1 VM did not start, retrying 4/4
WARN: thr0-1 process did not exit, sending a KILL to 40955 [psutil.Process(pid=40956, name='virtme-run', status='sleeping', started='06:08:50'), psutil.Process(pid=40972, name='qemu-system-x86_64', status='sleeping', started='06:08:50'), psutil.Process(pid=40955, name='vng', status='sleeping', started='06:08:50')]
INFO: thr0-1 VM stopped
INFO: thr0-1 VM starting: vng -v -r arch/x86/boot/bzImage --user root --rwdir=/nipa-data/kernel/
INFO: thr0-1 expecting prompt: '/nipa-data/kernel# '
WARN: thr0-1 TIMEOUT retcode: None waited: 25.02000000000019 total: 26.250000000000238
ERROR: thr-0 has crashed
Exception in thread Thread-1 (vm_thread):
Traceback (most recent call last):
  File "/usr/lib/python3.11/threading.py", line 1045, in _bootstrap_inner
    self.run()
  File "/usr/lib/python3.11/threading.py", line 982, in run
    self._target(*self._args, **self._kwargs)
  File "//./nipa/contest/remote/vmksft-p.py", line 202, in vm_thread
    _vm_thread(config, results_path, thr_id, in_queue, out_queue)
  File "//./nipa/contest/remote/vmksft-p.py", line 127, in _vm_thread
    vm_id, vm = new_vm(results_path, vm_id, config=config, thr=thr_id)
                ^^^^^^^^^^^^^^^^^^^^^^^^^^^^^^^^^^^^^^^^^^^^^^^^^^^^^^
  File "/nipa/contest/remote/lib/vm.py", line 409, in new_vm
    vm.start(cwd=cwd)
  File "/nipa/contest/remote/lib/vm.py", line 192, in start
    self.drain_to_prompt(prompt=init_prompt, dump_after=self.cfg_boot_to)
  File "/nipa/contest/remote/lib/vm.py", line 310, in drain_to_prompt
    raise TimeoutError(stderr, stdout)
TimeoutError: [Errno [    0.405374] loop: module loaded
[    0.406160] scsi host0: ata_piix
[    0.406337] scsi host1: ata_piix
[    0.406390] ata1: PATA max MWDMA2 cmd 0x1f0 ctl 0x3f6 bmdma 0xc0c0 irq 14 lpm-pol 0
[    0.406437] ata2: PATA max MWDMA2 cmd 0x170 ctl 0x376 bmdma 0xc0c8 irq 15 lpm-pol 0
[    0.406740] i8042: PNP: PS/2 Controller [PNP0303:KBD,PNP0f13:MOU] at 0x60,0x64 irq 1,12
[    0.407488] serio: i8042 KBD port at 0x60,0x64 irq 1
[    0.407525] serio: i8042 AUX port at 0x60,0x64 irq 12
[    0.407636] rtc_cmos 00:04: RTC can wake from S4
[    0.407926] rtc_cmos 00:04: registered as rtc0
[    0.408081] rtc_cmos 00:04: setting system clock to 2024-03-24T06:09:20 UTC (1711260560)
[    0.408248] rtc_cmos 00:04: alarms up to one day, y3k, 242 bytes nvram, hpet irqs
[    0.408384] input: AT Translated Set 2 keyboard as /devices/platform/i8042/serio0/input/input1
[    0.408525] i6300ESB timer 0000:00:04.0: initialized. heartbeat=30 sec (nowayout=0)
[    0.408662] device-mapper: ioctl: 4.48.0-ioctl (2023-03-01) initialised: dm-devel@lists.linux.dev
[    0.409195] NET: Registered PF_PACKET protocol family
[    0.409289] 9pnet: Installing 9P2000 support
[    0.410808] input: ImExPS/2 Generic Explorer Mouse as /devices/platform/i8042/serio1/input/input3
[    0.411005] Key type dns_resolver registered
[    0.412591] IPI shorthand broadcast: enabled
[    0.415276] sched_clock: Marking stable (413001283, 1945551)->(433501423, -18554589)
[    0.415510] Timer migration: 2 hierarchy levels; 8 children per group; 2 crossnode level
[    0.416272] registered taskstats version 1
[    0.416384] Loading compiled-in X.509 certificates
[    0.417702] PM:   Magic number: 0:37:166
[    0.417767] printk: legacy console [netcon0] enabled
[    0.417806] netconsole: network logging started
[    0.417885] ALSA device list:
[    0.417915]   No soundcards found.
[    0.560250] ata2: found unknown device (class 0)
[    0.560843] ata2.00: ATAPI: QEMU DVD-ROM, 2.5+, max UDMA/100
[    0.561910] scsi 1:0:0:0: CD-ROM            QEMU     QEMU DVD-ROM     2.5+ PQ: 0 ANSI: 5
[    0.579378] scsi 1:0:0:0: Attached scsi generic sg0 type 5
[    0.579531] md: Skipping autodetection of RAID arrays. (raid=autodetect will force)
[    0.579610] 9pnet_virtio: no channels available for device 
[    0.580067] VFS: Mounted root (9p filesystem) readonly on device 0:20.
[    0.580234] devtmpfs: mounted
[    0.580895] Freeing unused kernel image (initmem) memory: 3048K
[    0.580939] Write protecting the kernel read-only data: 22528k
[    0.581266] Freeing unused kernel image (rodata/data gap) memory: 48K
[    0.609412] x86/mm: Checked W+X mappings: passed, no W+X pages found.
[    0.609460] Run /usr/lib/python3.11/site-packages/virtme/guest/virtme-init as init process
[    0.631369] mount (208) used greatest stack depth: 13488 bytes left
[    0.689926] virtme-init (261) used greatest stack depth: 13168 bytes left
[    0.690966] virtme-init (266) used greatest stack depth: 13120 bytes left
[    0.714722] mount (278) used greatest stack depth: 12992 bytes left
[    0.715009] virtme-init: basic initialization done
[    0.719338] virtme-init: udevd not found
[    0.763311] virtme-init: Setting hostname to virtme-ng...
[    0.772221] ip (302) used greatest stack depth: 12368 bytes left
] 
Done at 2024-03-24 06:09:46.834097
NIPA quitting!
/
~/nipa/tc-executor/tc-executor-storage /
sort: write failed: 'standard output': Broken pipe
sort: write error
