~/nipa/tc-executor/tc-executor-storage /
Switched to branch 'storage-dbg'
Your branch is ahead of 'origin/storage-dbg' by 40 commits.
  (use "git push" to publish your local commits)
/
~/nipa/tc-executor /
Error response from daemon: No such image: nipa-executor:latest
#0 building with "default" instance using docker driver

#1 [internal] load .dockerignore
#1 transferring context: 2B done
#1 DONE 0.0s

#2 [internal] load build definition from Dockerfile
#2 transferring dockerfile: 2.03kB done
#2 DONE 0.0s

#3 [internal] load metadata for docker.io/library/alpine:edge
#3 DONE 0.0s

#4 [ 1/22] FROM docker.io/library/alpine:edge
#4 CACHED

#5 [internal] load build context
#5 transferring context: 3.02kB done
#5 DONE 0.0s

#6 [ 2/22] RUN echo true > debug-mode
#6 DONE 0.3s

#7 [ 3/22] RUN addgroup -g 1001 hostuser
#7 DONE 0.4s

#8 [ 4/22] RUN adduser -u 1001 -G hostuser -H -D -s /bin/ash hostuser
#8 DONE 0.4s

#9 [ 5/22] RUN echo '@testing http://dl-cdn.alpinelinux.org/alpine/edge/testing' >> /etc/apk/repositories
#9 DONE 0.5s

#10 [ 6/22] RUN echo '@community http://dl-cdn.alpinelinux.org/alpine/edge/community' >> /etc/apk/repositories
#10 DONE 0.4s

#11 [ 7/22] RUN apk update && apk add --no-cache    virtme-ng@testing    git    py3-requests    py3-psutil    py3-setuptools    py3-pyroute2    py3-argcomplete    qemu-system-x86_64@community    scapy@community    make    gcc    musl-dev    flex    bison    linux-headers    elfutils-dev    util-linux    coreutils    diffutils    findutils    file    bash    kmod    perl    iptables-dev    libcap-dev    libmnl-dev    iproute2     jq    libbpf-dev    rsync
#11 0.483 fetch https://dl-cdn.alpinelinux.org/alpine/edge/main/x86_64/APKINDEX.tar.gz
#11 0.719 fetch https://dl-cdn.alpinelinux.org/alpine/edge/community/x86_64/APKINDEX.tar.gz
#11 0.934 fetch http://dl-cdn.alpinelinux.org/alpine/edge/testing/x86_64/APKINDEX.tar.gz
#11 1.129 fetch http://dl-cdn.alpinelinux.org/alpine/edge/community/x86_64/APKINDEX.tar.gz
#11 1.353 v20231219-3938-gc7fe585b584 [https://dl-cdn.alpinelinux.org/alpine/edge/main]
#11 1.353 v20231219-3952-g95b2785e2a1 [https://dl-cdn.alpinelinux.org/alpine/edge/community]
#11 1.353 v20231219-3953-gfaea58048bc [http://dl-cdn.alpinelinux.org/alpine/edge/testing]
#11 1.353 v20231219-3952-g95b2785e2a1 [http://dl-cdn.alpinelinux.org/alpine/edge/community]
#11 1.353 OK: 30400 distinct packages available
#11 1.406 fetch https://dl-cdn.alpinelinux.org/alpine/edge/main/x86_64/APKINDEX.tar.gz
#11 1.510 fetch https://dl-cdn.alpinelinux.org/alpine/edge/community/x86_64/APKINDEX.tar.gz
#11 1.616 fetch http://dl-cdn.alpinelinux.org/alpine/edge/testing/x86_64/APKINDEX.tar.gz
#11 1.703 fetch http://dl-cdn.alpinelinux.org/alpine/edge/community/x86_64/APKINDEX.tar.gz
#11 1.923 (1/175) Upgrading musl (1.2.4_git20230717-r5 -> 1.2.4_git20230717-r6)
#11 1.941 (2/175) Upgrading zlib (1.3-r2 -> 1.3.1-r0)
#11 1.957 (3/175) Installing ncurses-terminfo-base (6.4_p20231125-r0)
#11 1.972 (4/175) Installing libncursesw (6.4_p20231125-r0)
#11 1.991 (5/175) Installing readline (8.2.10-r0)
#11 2.007 (6/175) Installing bash (5.2.26-r0)
#11 2.029 Executing bash-5.2.26-r0.post-install
#11 2.032 (7/175) Installing m4 (1.4.19-r3)
#11 2.047 (8/175) Installing bison (3.8.2-r1)
#11 2.074 (9/175) Installing coreutils-env (9.4-r2)
#11 2.087 (10/175) Installing coreutils-fmt (9.4-r2)
#11 2.100 (11/175) Installing coreutils-sha512sum (9.4-r2)
#11 2.112 (12/175) Installing libacl (2.3.2-r0)
#11 2.125 (13/175) Installing libattr (2.5.2-r0)
#11 2.137 (14/175) Installing skalibs (2.14.1.0-r0)
#11 2.151 (15/175) Installing utmps-libs (0.1.2.2-r0)
#11 2.163 (16/175) Installing coreutils (9.4-r2)
#11 2.196 (17/175) Installing diffutils (3.10-r0)
#11 2.211 (18/175) Installing zstd-libs (1.5.5-r8)
#11 2.230 (19/175) Installing libelf (0.190-r1)
#11 2.242 (20/175) Installing libbz2 (1.0.8-r6)
#11 2.256 (21/175) Installing musl-fts (1.2.7-r6)
#11 2.268 (22/175) Installing xz-libs (5.4.6-r0)
#11 2.282 (23/175) Installing libdw (0.190-r1)
#11 2.299 (24/175) Installing libasm (0.190-r1)
#11 2.314 (25/175) Installing xz (5.4.6-r0)
#11 2.332 (26/175) Installing pkgconf (2.1.1-r0)
#11 2.345 (27/175) Installing xz-dev (5.4.6-r0)
#11 2.359 (28/175) Installing libgcc (13.2.1_git20231014-r1)
#11 2.375 (29/175) Installing libstdc++ (13.2.1_git20231014-r1)
#11 2.404 (30/175) Installing zstd (1.5.5-r8)
#11 2.418 (31/175) Installing zstd-dev (1.5.5-r8)
#11 2.435 (32/175) Installing zlib-dev (1.3.1-r0)
#11 2.447 (33/175) Installing elfutils-dev (0.190-r1)
#11 2.472 (34/175) Installing libmagic (5.45-r1)
#11 2.505 (35/175) Installing file (5.45-r1)
#11 2.517 (36/175) Installing findutils (4.9.0-r5)
#11 2.533 (37/175) Installing flex (2.6.4-r6)
#11 2.548 (38/175) Installing jansson (2.14-r4)
#11 2.559 (39/175) Installing binutils (2.41-r0)
#11 2.620 (40/175) Installing libgomp (13.2.1_git20231014-r1)
#11 2.638 (41/175) Installing libatomic (13.2.1_git20231014-r1)
#11 2.650 (42/175) Installing gmp (6.3.0-r0)
#11 2.665 (43/175) Installing isl26 (0.26-r1)
#11 2.695 (44/175) Installing mpfr4 (4.2.1-r0)
#11 2.719 (45/175) Installing mpc1 (1.3.1-r1)
#11 2.735 (46/175) Installing gcc (13.2.1_git20231014-r1)
#11 3.271 (47/175) Installing ca-certificates (20230506-r1)
#11 3.294 (48/175) Installing brotli-libs (1.1.0-r1)
#11 3.313 (49/175) Installing c-ares (1.26.0-r0)
#11 3.327 (50/175) Installing libunistring (1.1-r2)
#11 3.347 (51/175) Installing libidn2 (2.3.7-r0)
#11 3.362 (52/175) Installing nghttp2-libs (1.59.0-r0)
#11 3.375 (53/175) Installing libpsl (0.21.5-r1)
#11 3.389 (54/175) Installing libcurl (8.6.0-r0)
#11 3.415 (55/175) Installing libexpat (2.6.0-r0)
#11 3.428 (56/175) Installing pcre2 (10.43-r0)
#11 3.445 (57/175) Installing git (2.43.1-r0)
#11 3.502 (58/175) Installing git-init-template (2.43.1-r0)
#11 3.514 (59/175) Installing libcap2 (2.69-r1)
#11 3.530 (60/175) Installing libmnl (1.0.5-r2)
#11 3.542 (61/175) Installing iproute2-minimal (6.7.0-r0)
#11 3.559 (62/175) Installing libxtables (1.8.10-r3)
#11 3.573 (63/175) Installing iproute2-tc (6.7.0-r0)
#11 3.597 (64/175) Installing iproute2-ss (6.7.0-r0)
#11 3.616 (65/175) Installing iproute2 (6.7.0-r0)
#11 3.632 Executing iproute2-6.7.0-r0.post-install
#11 3.635 (66/175) Installing linux-headers (6.6-r0)
#11 3.741 (67/175) Installing libip4tc (1.8.10-r3)
#11 3.754 (68/175) Installing libip6tc (1.8.10-r3)
#11 3.767 (69/175) Installing libipq (1.8.10-r3)
#11 3.779 (70/175) Installing iptables-dev (1.8.10-r3)
#11 3.792 (71/175) Installing oniguruma (6.9.9-r0)
#11 3.807 (72/175) Installing jq (1.7.1-r0)
#11 3.825 (73/175) Installing kmod (31-r2)
#11 3.839 (74/175) Installing libbpf (1.3.0-r0)
#11 3.854 (75/175) Installing libbpf-dev (1.3.0-r0)
#11 3.875 (76/175) Installing libcap-dev (2.69-r1)
#11 3.887 (77/175) Installing libmnl-dev (1.0.5-r2)
#11 3.899 (78/175) Installing make (4.4.1-r2)
#11 3.914 (79/175) Installing musl-dev (1.2.4_git20230717-r6)
#11 3.987 (80/175) Installing perl (5.38.2-r0)
#11 4.192 (81/175) Installing perl-error (0.17029-r2)
#11 4.206 (82/175) Installing perl-git (2.43.1-r0)
#11 4.249 (83/175) Installing git-perl (2.43.1-r0)
#11 4.263 (84/175) Installing libffi (3.4.4-r3)
#11 4.277 (85/175) Installing gdbm (1.23-r1)
#11 4.289 (86/175) Installing mpdecimal (4.0.0-r0)
#11 4.307 (87/175) Installing libpanelw (6.4_p20231125-r0)
#11 4.320 (88/175) Installing sqlite-libs (3.45.1-r0)
#11 4.346 (89/175) Installing python3 (3.11.7-r1)
#11 4.484 (90/175) Installing python3-pycache-pyc0 (3.11.7-r1)
#11 4.576 (91/175) Installing pyc (3.11.7-r1)
#11 4.593 (92/175) Installing py3-argcomplete-pyc (3.2.2-r0)
#11 4.612 (93/175) Installing python3-pyc (3.11.7-r1)
#11 4.627 (94/175) Installing py3-argcomplete (3.2.2-r0)
#11 4.641 (95/175) Installing py3-psutil (5.9.8-r0)
#11 4.658 (96/175) Installing py3-psutil-pyc (5.9.8-r0)
#11 4.675 (97/175) Installing py3-pyroute2 (0.7.10-r0)
#11 4.708 (98/175) Installing py3-pyroute2-pyc (0.7.10-r0)
#11 4.755 (99/175) Installing py3-certifi (2023.11.17-r0)
#11 4.776 (100/175) Installing py3-certifi-pyc (2023.11.17-r0)
#11 4.791 (101/175) Installing py3-charset-normalizer (3.3.2-r0)
#11 4.806 (102/175) Installing py3-charset-normalizer-pyc (3.3.2-r0)
#11 4.824 (103/175) Installing py3-idna (3.6-r0)
#11 4.841 (104/175) Installing py3-idna-pyc (3.6-r0)
#11 4.856 (105/175) Installing py3-urllib3 (1.26.18-r0)
#11 4.876 (106/175) Installing py3-urllib3-pyc (1.26.18-r0)
#11 4.894 (107/175) Installing py3-requests (2.31.0-r1)
#11 4.908 (108/175) Installing py3-requests-pyc (2.31.0-r1)
#11 4.923 (109/175) Installing py3-parsing (3.1.1-r0)
#11 4.941 (110/175) Installing py3-parsing-pyc (3.1.1-r0)
#11 4.959 (111/175) Installing py3-packaging (23.2-r0)
#11 4.974 (112/175) Installing py3-packaging-pyc (23.2-r0)
#11 4.995 (113/175) Installing py3-setuptools (69.1.0-r0)
#11 5.032 (114/175) Installing py3-setuptools-pyc (69.1.0-r0)
#11 5.080 (115/175) Installing libcap-ng (0.8.4-r0)
#11 5.103 (116/175) Installing libintl (0.22.4-r0)
#11 5.119 (117/175) Installing libblkid (2.39.3-r0)
#11 5.137 (118/175) Installing libmount (2.39.3-r0)
#11 5.155 (119/175) Installing glib (2.78.4-r0)
#11 5.189 (120/175) Installing numactl (2.0.18-r0)
#11 5.205 (121/175) Installing qemu (8.2.1-r0)
#11 5.228 Executing qemu-8.2.1-r0.pre-install
#11 5.289 Executing qemu-8.2.1-r0.post-install
#11 5.292 *
#11 5.292 * If you want to run VM as unprivileged user and let Qemu create tunX devices,
#11 5.292 * then you must add that user to the group "qemu".
#11 5.292 * If you use KVM for hardware-assisted virtualization, then you may also need
#11 5.292 * to add that user to the group "kvm".
#11 5.292 *
#11 5.292 (122/175) Installing qemu-bridge-helper (8.2.1-r0)
#11 5.311 (123/175) Installing libaio (0.3.113-r2)
#11 5.324 (124/175) Installing capstone (5.0.1-r2)
#11 5.356 (125/175) Installing py3-capstone (5.0.1-r2)
#11 5.391 (126/175) Installing py3-capstone-pyc (5.0.1-r2)
#11 5.406 (127/175) Installing nettle (3.9.1-r0)
#11 5.430 (128/175) Installing libtasn1 (4.19.0-r2)
#11 5.447 (129/175) Installing p11-kit (0.25.3-r0)
#11 5.493 (130/175) Installing gnutls (3.8.3-r0)
#11 5.517 (131/175) Installing libjpeg-turbo (3.0.2-r0)
#11 5.534 (132/175) Installing lzo (2.10-r5)
#11 5.555 (133/175) Installing pixman (0.43.2-r0)
#11 5.573 (134/175) Installing libpng (1.6.42-r0)
#11 5.597 (135/175) Installing libsasl (2.1.28-r5)
#11 5.620 (136/175) Installing libseccomp (2.5.5-r0)
#11 5.635 (137/175) Installing libslirp (4.7.0-r0)
#11 5.648 (138/175) Installing snappy (1.1.10-r2)
#11 5.663 (139/175) Installing liburing (2.5-r1)
#11 5.675 (140/175) Installing vde2-libs (2.3.3-r1)
#11 5.693 (141/175) Installing qemu-system-x86_64 (8.2.1-r0)
#11 5.800 (142/175) Installing lz4-libs (1.9.4-r5)
#11 5.814 (143/175) Installing popt (1.19-r3)
#11 5.826 (144/175) Installing libxxhash (0.8.2-r2)
#11 5.838 (145/175) Installing rsync (3.2.7-r4)
#11 5.855 (146/175) Installing scapy (2.5.0-r1)
#11 5.910 Executing scapy-2.5.0-r1.post-install
#11 5.911 *
#11 5.911 * Certain optional features of scapy also depend on the following packages:
#11 5.911 *     py3-matplotlib graphviz imagemagick py3-cryptography sox
#11 5.911 * And the following unpackaged dependencies:
#11 5.911 *     pyxi vpython-jupyter nmap<v4.23
#11 5.911 * More information can be found at https://scapy.readthedocs.io/en/latest/installation.html#optional-dependencies
#11 5.911 *
#11 5.911 (147/175) Installing scapy-pyc (2.5.0-r1)
#11 5.978 (148/175) Installing util-linux (2.39.3-r0)
#11 5.994 (149/175) Installing setarch (2.39.3-r0)
#11 6.007 (150/175) Installing libuuid (2.39.3-r0)
#11 6.021 (151/175) Installing libfdisk (2.39.3-r0)
#11 6.036 (152/175) Installing libsmartcols (2.39.3-r0)
#11 6.048 (153/175) Installing util-linux-misc (2.39.3-r0)
#11 6.075 (154/175) Installing libeconf (0.5.2-r2)
#11 6.095 (155/175) Installing linux-pam (1.5.3-r7)
#11 6.130 (156/175) Installing runuser (2.39.3-r0)
#11 6.144 (157/175) Installing mount (2.39.3-r0)
#11 6.169 (158/175) Installing losetup (2.39.3-r0)
#11 6.192 (159/175) Installing hexdump (2.39.3-r0)
#11 6.213 (160/175) Installing uuidgen (2.39.3-r0)
#11 6.225 (161/175) Installing blkid (2.39.3-r0)
#11 6.238 (162/175) Installing sfdisk (2.39.3-r0)
#11 6.251 (163/175) Installing mcookie (2.39.3-r0)
#11 6.268 (164/175) Installing agetty (2.39.3-r0)
#11 6.288 (165/175) Installing wipefs (2.39.3-r0)
#11 6.308 (166/175) Installing cfdisk (2.39.3-r0)
#11 6.321 (167/175) Installing umount (2.39.3-r0)
#11 6.334 (168/175) Installing flock (2.39.3-r0)
#11 6.348 (169/175) Installing lsblk (2.39.3-r0)
#11 6.365 (170/175) Installing setpriv (2.39.3-r0)
#11 6.385 (171/175) Installing logger (2.39.3-r0)
#11 6.397 (172/175) Installing partx (2.39.3-r0)
#11 6.409 (173/175) Installing fstrim (2.39.3-r0)
#11 6.421 (174/175) Installing findmnt (2.39.3-r0)
#11 6.435 (175/175) Installing virtme-ng@testing (1.20-r0)
#11 6.491 Executing busybox-1.36.1-r17.trigger
#11 6.494 Executing ca-certificates-20230506-r1.trigger
#11 6.517 Executing glib-2.78.4-r0.trigger
#11 6.523 OK: 385 MiB in 188 packages
#11 DONE 6.9s

#12 [ 8/22] RUN mkdir -p /tmp/kernel-patches &&     mkdir -p /tmp/iproute2-patches
#12 DONE 0.4s

#13 [ 9/22] COPY tdc.config /tmp
#13 DONE 0.0s

#14 [10/22] COPY tdc-debug.config /tmp
#14 DONE 0.0s

#15 [11/22] COPY kernel-patches /tmp/kernel-patches/
#15 DONE 0.1s

#16 [12/22] COPY iproute2-patches /tmp/iproute2-patches/
#16 DONE 0.0s

#17 [13/22] COPY configs /tmp/configs/
#17 DONE 0.0s

#18 [14/22] RUN git config --global user.email foo@bar.com
#18 DONE 0.3s

#19 [15/22] RUN git config --global user.name foo@bar.com
#19 DONE 0.4s

#20 [16/22] RUN git clone https://git.kernel.org/pub/scm/network/iproute2/iproute2-next.git /nipa-data/iproute2
#20 0.344 Cloning into '/nipa-data/iproute2'...
#20 DONE 9.2s

#21 [17/22] RUN cd /nipa-data/iproute2 && 	git remote add stable https://git.kernel.org/pub/scm/network/iproute2/iproute2.git && 	git fetch --all && 	git merge stable/main
#21 0.371 Fetching origin
#21 0.649 Fetching stable
#21 1.310 From https://git.kernel.org/pub/scm/network/iproute2/iproute2
#21 1.310  * [new branch]        codeql         -> stable/codeql
#21 1.310  * [new branch]        color-opt      -> stable/color-opt
#21 1.310  * [new branch]        flag-names     -> stable/flag-names
#21 1.310  * [new branch]        iproute2-4.1.x -> stable/iproute2-4.1.x
#21 1.310  * [new branch]        json1          -> stable/json1
#21 1.310  * [new branch]        main           -> stable/main
#21 1.311  * [new branch]        net-next       -> stable/net-next
#21 1.311  * [new branch]        warnings       -> stable/warnings
#21 1.366 Auto-merging tc/m_action.c
#21 1.371 Merge made by the 'ort' strategy.
#21 1.381  devlink/devlink.c         |  2 +-
#21 1.381  examples/bpf/README       |  2 +-
#21 1.381  genl/ctrl.c               |  7 ++++---
#21 1.381  include/bpf_api.h         |  2 +-
#21 1.381  include/xt-internal.h     |  2 +-
#21 1.381  ip/ip.c                   |  8 ++++----
#21 1.381  ip/ipnetconf.c            |  3 ++-
#21 1.381  ip/ipnetns.c              |  3 ++-
#21 1.381  lib/bpf_legacy.c          |  5 +++--
#21 1.381  lib/color.c               |  3 +++
#21 1.381  lib/json_print.c          |  2 +-
#21 1.381  lib/utils.c               |  2 +-
#21 1.381  man/man8/devlink-rate.8   |  2 +-
#21 1.381  man/man8/ip-l2tp.8        |  2 +-
#21 1.381  man/man8/tc-htb.8         |  2 +-
#21 1.381  man/man8/tc-sfb.8         |  2 +-
#21 1.381  man/man8/tipc-nametable.8 |  4 ++--
#21 1.381  misc/ifstat.c             | 26 +++++++++++++++++---------
#21 1.381  rdma/rdma.h               |  2 +-
#21 1.381  tc/em_canid.c             |  2 +-
#21 1.381  tc/f_fw.c                 | 22 +++++++++++++++-------
#21 1.381  tc/f_u32.c                |  8 ++++++--
#21 1.381  tc/m_action.c             |  2 +-
#21 1.381  tc/m_bpf.c                |  2 +-
#21 1.381  tc/m_gact.c               |  2 +-
#21 1.381  tc/q_htb.c                |  2 +-
#21 1.381  tc/q_netem.c              |  2 +-
#21 1.381  tc/tc_util.h              |  1 -
#21 1.381  tipc/README               |  4 ++--
#21 1.381  29 files changed, 77 insertions(+), 51 deletions(-)
#21 DONE 1.4s

#22 [18/22] RUN if [ "$(find /tmp/iproute2-patches/ -name *.patch)" ]; then  	cd /nipa-data/iproute2; 	git apply /tmp/iproute2-patches/*.patch;     fi
#22 DONE 0.4s

#23 [19/22] RUN cd /nipa-data/iproute2/ &&     ./configure &&     make
#23 0.359 TC schedulers
#23 0.360  IPT	using xtables
#23 0.388  IPSET  yes
#23 0.408 
#23 0.409 lib directory: /usr/lib
#23 0.409 libc has setns: yes
#23 0.430 libc has name_to_handle_at: yes
#23 0.451 SELinux support: no
#23 0.452 libtirpc support: no
#23 0.453 libbpf support: yes
#23 0.520 	libbpf version 1.3.0
#23 0.520 ELF support: yes
#23 0.522 libmnl support: yes
#23 0.523 Berkeley DB: no
#23 0.533 need for strlcpy: no
#23 0.554 libcap support: yes
#23 0.556 color output: never
#23 0.559 
#23 0.559 lib
#23 0.560     CC       libgenl.o
#23 0.599     CC       libnetlink.o
#23 0.895     CC       mnl_utils.o
#23 0.970     AR       libnetlink.a
#23 0.972     CC       utils.o
#23 1.344     CC       utils_math.o
#23 1.388     CC       rt_names.o
#23 1.548     CC       ll_map.o
#23 1.643     CC       ll_types.o
#23 1.656 In file included from ll_types.c:20:
#23 1.656 ../include/uapi/linux/sockios.h:42: warning: "SIOCGSTAMP" redefined
#23 1.656    42 | #define SIOCGSTAMP      SIOCGSTAMP_OLD
#23 1.656       | 
#23 1.656 In file included from /usr/include/sys/ioctl.h:10,
#23 1.656                  from ll_types.c:12:
#23 1.656 /usr/include/bits/ioctl.h:111: note: this is the location of the previous definition
#23 1.656   111 | #define SIOCGSTAMP      0x8906
#23 1.656       | 
#23 1.656 ../include/uapi/linux/sockios.h:43: warning: "SIOCGSTAMPNS" redefined
#23 1.656    43 | #define SIOCGSTAMPNS    SIOCGSTAMPNS_OLD
#23 1.656       | 
#23 1.656 /usr/include/bits/ioctl.h:112: note: this is the location of the previous definition
#23 1.656   112 | #define SIOCGSTAMPNS    0x8907
#23 1.656       | 
#23 1.672     CC       ll_proto.o
#23 1.684 In file included from ll_proto.c:21:
#23 1.684 ../include/uapi/linux/sockios.h:42: warning: "SIOCGSTAMP" redefined
#23 1.684    42 | #define SIOCGSTAMP      SIOCGSTAMP_OLD
#23 1.684       | 
#23 1.684 In file included from /usr/include/sys/ioctl.h:10,
#23 1.684                  from ll_proto.c:13:
#23 1.684 /usr/include/bits/ioctl.h:111: note: this is the location of the previous definition
#23 1.684   111 | #define SIOCGSTAMP      0x8906
#23 1.684       | 
#23 1.684 ../include/uapi/linux/sockios.h:43: warning: "SIOCGSTAMPNS" redefined
#23 1.684    43 | #define SIOCGSTAMPNS    SIOCGSTAMPNS_OLD
#23 1.684       | 
#23 1.684 /usr/include/bits/ioctl.h:112: note: this is the location of the previous definition
#23 1.684   112 | #define SIOCGSTAMPNS    0x8907
#23 1.684       | 
#23 1.698     CC       ll_addr.o
#23 1.712 In file included from ll_addr.c:20:
#23 1.712 ../include/uapi/linux/sockios.h:42: warning: "SIOCGSTAMP" redefined
#23 1.712    42 | #define SIOCGSTAMP      SIOCGSTAMP_OLD
#23 1.712       | 
#23 1.712 In file included from /usr/include/sys/ioctl.h:10,
#23 1.712                  from ll_addr.c:12:
#23 1.712 /usr/include/bits/ioctl.h:111: note: this is the location of the previous definition
#23 1.712   111 | #define SIOCGSTAMP      0x8906
#23 1.712       | 
#23 1.712 ../include/uapi/linux/sockios.h:43: warning: "SIOCGSTAMPNS" redefined
#23 1.712    43 | #define SIOCGSTAMPNS    SIOCGSTAMPNS_OLD
#23 1.712       | 
#23 1.712 /usr/include/bits/ioctl.h:112: note: this is the location of the previous definition
#23 1.712   112 | #define SIOCGSTAMPNS    0x8907
#23 1.712       | 
#23 1.748     CC       inet_proto.o
#23 1.776     CC       namespace.o
#23 1.837     CC       json_writer.o
#23 1.924     CC       json_print.o
#23 2.058     CC       json_print_math.o
#23 2.088     CC       names.o
#23 2.133     CC       color.o
#23 2.173     CC       bpf_legacy.o
#23 2.519     CC       bpf_glue.o
#23 2.553     CC       exec.o
#23 2.583     CC       fs.o
#23 2.646     CC       cg_map.o
#23 2.680     CC       ppp_proto.o
#23 2.703     CC       bpf_libbpf.o
#23 2.777     CC       selinux.o
#23 2.797     CC       ax25_ntop.o
#23 2.831     CC       rose_ntop.o
#23 2.845 In file included from rose_ntop.c:16:
#23 2.845 ../include/uapi/linux/sockios.h:42: warning: "SIOCGSTAMP" redefined
#23 2.845    42 | #define SIOCGSTAMP      SIOCGSTAMP_OLD
#23 2.845       | 
#23 2.845 In file included from /usr/include/sys/ioctl.h:10,
#23 2.845                  from rose_ntop.c:7:
#23 2.845 /usr/include/bits/ioctl.h:111: note: this is the location of the previous definition
#23 2.845   111 | #define SIOCGSTAMP      0x8906
#23 2.845       | 
#23 2.845 ../include/uapi/linux/sockios.h:43: warning: "SIOCGSTAMPNS" redefined
#23 2.845    43 | #define SIOCGSTAMPNS    SIOCGSTAMPNS_OLD
#23 2.845       | 
#23 2.845 /usr/include/bits/ioctl.h:112: note: this is the location of the previous definition
#23 2.845   112 | #define SIOCGSTAMPNS    0x8907
#23 2.845       | 
#23 2.861     CC       mpls_ntop.o
#23 2.888     CC       mpls_pton.o
#23 2.917     CC       netrom_ntop.o
#23 2.939     AR       libutil.a
#23 2.944 
#23 2.944 ip
#23 2.946     CC       ip.o
#23 3.017     CC       ipaddress.o
#23 3.030 In file included from ipaddress.c:26:
#23 3.030 ../include/uapi/linux/sockios.h:42: warning: "SIOCGSTAMP" redefined
#23 3.030    42 | #define SIOCGSTAMP      SIOCGSTAMP_OLD
#23 3.030       | 
#23 3.030 In file included from /usr/include/sys/ioctl.h:10,
#23 3.030                  from ipaddress.c:14:
#23 3.030 /usr/include/bits/ioctl.h:111: note: this is the location of the previous definition
#23 3.030   111 | #define SIOCGSTAMP      0x8906
#23 3.030       | 
#23 3.030 ../include/uapi/linux/sockios.h:43: warning: "SIOCGSTAMPNS" redefined
#23 3.030    43 | #define SIOCGSTAMPNS    SIOCGSTAMPNS_OLD
#23 3.030       | 
#23 3.030 /usr/include/bits/ioctl.h:112: note: this is the location of the previous definition
#23 3.030   112 | #define SIOCGSTAMPNS    0x8907
#23 3.030       | 
#23 3.471     CC       ipaddrlabel.o
#23 3.530     CC       iproute.o
#23 4.068     CC       iprule.o
#23 4.257     CC       ipnetns.o
#23 4.439     CC       rtm_map.o
#23 4.473     CC       iptunnel.o
#23 4.486 In file included from ../include/uapi/linux/if_tunnel.h:6,
#23 4.486                  from iptunnel.c:19:
#23 4.486 ../include/uapi/linux/if.h:134: warning: "IFF_VOLATILE" redefined
#23 4.486   134 | #define IFF_VOLATILE    (IFF_LOOPBACK|IFF_POINTOPOINT|IFF_BROADCAST|IFF_ECHO|\
#23 4.486       | 
#23 4.486 In file included from iptunnel.c:16:
#23 4.486 /usr/include/net/if.h:48: note: this is the location of the previous definition
#23 4.486    48 | #define IFF_VOLATILE (IFF_LOOPBACK|IFF_POINTOPOINT|IFF_BROADCAST| \
#23 4.486       | 
#23 4.627     CC       ip6tunnel.o
#23 4.749     CC       tunnel.o
#23 4.854     CC       ipneigh.o
#23 5.028     CC       ipntable.o
#23 5.130     CC       iplink.o
#23 5.421     CC       ipmaddr.o
#23 5.434 In file included from ipmaddr.c:21:
#23 5.434 ../include/uapi/linux/sockios.h:42: warning: "SIOCGSTAMP" redefined
#23 5.434    42 | #define SIOCGSTAMP      SIOCGSTAMP_OLD
#23 5.434       | 
#23 5.434 In file included from /usr/include/sys/ioctl.h:10,
#23 5.434                  from ipmaddr.c:12:
#23 5.434 /usr/include/bits/ioctl.h:111: note: this is the location of the previous definition
#23 5.434   111 | #define SIOCGSTAMP      0x8906
#23 5.434       | 
#23 5.434 ../include/uapi/linux/sockios.h:43: warning: "SIOCGSTAMPNS" redefined
#23 5.434    43 | #define SIOCGSTAMPNS    SIOCGSTAMPNS_OLD
#23 5.434       | 
#23 5.434 /usr/include/bits/ioctl.h:112: note: this is the location of the previous definition
#23 5.434   112 | #define SIOCGSTAMPNS    0x8907
#23 5.434       | 
#23 5.513     CC       ipmonitor.o
#23 5.583     CC       ipmroute.o
#23 5.597 In file included from ipmroute.c:22:
#23 5.597 ../include/uapi/linux/sockios.h:42: warning: "SIOCGSTAMP" redefined
#23 5.597    42 | #define SIOCGSTAMP      SIOCGSTAMP_OLD
#23 5.597       | 
#23 5.597 In file included from /usr/include/sys/ioctl.h:10,
#23 5.597                  from ipmroute.c:13:
#23 5.597 /usr/include/bits/ioctl.h:111: note: this is the location of the previous definition
#23 5.597   111 | #define SIOCGSTAMP      0x8906
#23 5.597       | 
#23 5.597 ../include/uapi/linux/sockios.h:43: warning: "SIOCGSTAMPNS" redefined
#23 5.597    43 | #define SIOCGSTAMPNS    SIOCGSTAMPNS_OLD
#23 5.597       | 
#23 5.597 /usr/include/bits/ioctl.h:112: note: this is the location of the previous definition
#23 5.597   112 | #define SIOCGSTAMPNS    0x8907
#23 5.597       | 
#23 5.657     CC       ipprefix.o
#23 5.687     CC       iptuntap.o
#23 5.804     CC       iptoken.o
#23 5.860     CC       ipxfrm.o
#23 6.161     CC       xfrm_state.o
#23 6.428     CC       xfrm_policy.o
#23 6.677     CC       xfrm_monitor.o
#23 6.760     CC       iplink_dummy.o
#23 6.784     CC       iplink_ifb.o
#23 6.806     CC       iplink_nlmon.o
#23 6.828     CC       iplink_team.o
#23 6.851     CC       iplink_vcan.o
#23 6.873     CC       iplink_vxcan.o
#23 6.902     CC       iplink_vlan.o
#23 6.972     CC       link_veth.o
#23 7.003     CC       link_gre.o
#23 7.014 In file included from ../include/uapi/linux/if_tunnel.h:6,
#23 7.014                  from link_gre.c:15:
#23 7.014 ../include/uapi/linux/if.h:134: warning: "IFF_VOLATILE" redefined
#23 7.014   134 | #define IFF_VOLATILE    (IFF_LOOPBACK|IFF_POINTOPOINT|IFF_BROADCAST|IFF_ECHO|\
#23 7.014       | 
#23 7.014 In file included from link_gre.c:9:
#23 7.014 /usr/include/net/if.h:48: note: this is the location of the previous definition
#23 7.014    48 | #define IFF_VOLATILE (IFF_LOOPBACK|IFF_POINTOPOINT|IFF_BROADCAST| \
#23 7.014       | 
#23 7.120     CC       iplink_can.o
#23 7.271     CC       iplink_xdp.o
#23 7.329     CC       iplink_macvlan.o
#23 7.396     CC       ipl2tp.o
#23 7.554     CC       link_vti.o
#23 7.565 In file included from ../include/uapi/linux/if_tunnel.h:6,
#23 7.565                  from link_vti.c:16:
#23 7.565 ../include/uapi/linux/if.h:134: warning: "IFF_VOLATILE" redefined
#23 7.565   134 | #define IFF_VOLATILE    (IFF_LOOPBACK|IFF_POINTOPOINT|IFF_BROADCAST|IFF_ECHO|\
#23 7.565       | 
#23 7.565 In file included from link_vti.c:10:
#23 7.565 /usr/include/net/if.h:48: note: this is the location of the previous definition
#23 7.565    48 | #define IFF_VOLATILE (IFF_LOOPBACK|IFF_POINTOPOINT|IFF_BROADCAST| \
#23 7.565       | 
#23 7.610     CC       link_vti6.o
#23 7.621 In file included from ../include/uapi/linux/if_tunnel.h:6,
#23 7.621                  from link_vti6.c:17:
#23 7.621 ../include/uapi/linux/if.h:134: warning: "IFF_VOLATILE" redefined
#23 7.621   134 | #define IFF_VOLATILE    (IFF_LOOPBACK|IFF_POINTOPOINT|IFF_BROADCAST|IFF_ECHO|\
#23 7.621       | 
#23 7.621 In file included from link_vti6.c:11:
#23 7.621 /usr/include/net/if.h:48: note: this is the location of the previous definition
#23 7.621    48 | #define IFF_VOLATILE (IFF_LOOPBACK|IFF_POINTOPOINT|IFF_BROADCAST| \
#23 7.621       | 
#23 7.666     CC       link_xfrm.o
#23 7.702     CC       iplink_vxlan.o
#23 7.883     CC       tcp_metrics.o
#23 7.989     CC       iplink_ipoib.o
#23 8.033     CC       ipnetconf.o
#23 8.102     CC       link_ip6tnl.o
#23 8.113 In file included from ../include/uapi/linux/if_tunnel.h:6,
#23 8.113                  from link_ip6tnl.c:15:
#23 8.113 ../include/uapi/linux/if.h:134: warning: "IFF_VOLATILE" redefined
#23 8.113   134 | #define IFF_VOLATILE    (IFF_LOOPBACK|IFF_POINTOPOINT|IFF_BROADCAST|IFF_ECHO|\
#23 8.113       | 
#23 8.113 In file included from link_ip6tnl.c:9:
#23 8.113 /usr/include/net/if.h:48: note: this is the location of the previous definition
#23 8.113    48 | #define IFF_VOLATILE (IFF_LOOPBACK|IFF_POINTOPOINT|IFF_BROADCAST| \
#23 8.113       | 
#23 8.198     CC       link_iptnl.o
#23 8.210 In file included from ../include/uapi/linux/if_tunnel.h:6,
#23 8.210                  from link_iptnl.c:16:
#23 8.210 ../include/uapi/linux/if.h:134: warning: "IFF_VOLATILE" redefined
#23 8.210   134 | #define IFF_VOLATILE    (IFF_LOOPBACK|IFF_POINTOPOINT|IFF_BROADCAST|IFF_ECHO|\
#23 8.210       | 
#23 8.210 In file included from link_iptnl.c:9:
#23 8.210 /usr/include/net/if.h:48: note: this is the location of the previous definition
#23 8.210    48 | #define IFF_VOLATILE (IFF_LOOPBACK|IFF_POINTOPOINT|IFF_BROADCAST| \
#23 8.210       | 
#23 8.294     CC       link_gre6.o
#23 8.306 In file included from ../include/uapi/linux/if_tunnel.h:6,
#23 8.306                  from link_gre6.c:15:
#23 8.306 ../include/uapi/linux/if.h:134: warning: "IFF_VOLATILE" redefined
#23 8.306   134 | #define IFF_VOLATILE    (IFF_LOOPBACK|IFF_POINTOPOINT|IFF_BROADCAST|IFF_ECHO|\
#23 8.306       | 
#23 8.306 In file included from link_gre6.c:9:
#23 8.306 /usr/include/net/if.h:48: note: this is the location of the previous definition
#23 8.306    48 | #define IFF_VOLATILE (IFF_LOOPBACK|IFF_POINTOPOINT|IFF_BROADCAST| \
#23 8.306       | 
#23 8.443     CC       iplink_bond.o
#23 8.613     CC       iplink_bond_slave.o
#23 8.671     CC       iplink_hsr.o
#23 8.717     CC       iplink_bridge.o
#23 8.868     CC       iplink_bridge_slave.o
#23 8.962     CC       iplink_dsa.o
#23 8.992     CC       ipfou.o
#23 9.069     CC       iplink_ipvlan.o
#23 9.107     CC       iplink_geneve.o
#23 9.195     CC       iplink_vrf.o
#23 9.242     CC       iproute_lwtunnel.o
#23 9.657     CC       ipmacsec.o
#23 9.919     CC       ipila.o
#23 9.992     CC       ipvrf.o
#23 10.11     CC       iplink_xstats.o
#23 10.14     CC       ipseg6.o
#23 10.19     CC       iplink_netdevsim.o
#23 10.22     CC       iplink_rmnet.o
#23 10.25     CC       ipnexthop.o
#23 10.47     CC       ipmptcp.o
#23 10.60     CC       iplink_bareudp.o
#23 10.65     CC       iplink_wwan.o
#23 10.68     CC       ipioam6.o
#23 10.74     CC       iplink_amt.o
#23 10.79     CC       iplink_batadv.o
#23 10.82     CC       iplink_gtp.o
#23 10.86     CC       iplink_virt_wifi.o
#23 10.89     CC       iplink_netkit.o
#23 10.93     CC       ipstats.o
#23 11.12     LINK     ip
#23 11.16     CC       rtmon.o
#23 11.21     LINK     rtmon
#23 11.23 
#23 11.23 tc
#23 11.23     CC       tc.o
#23 11.31     CC       tc_qdisc.o
#23 11.41     CC       tc_class.o
#23 11.52     CC       tc_filter.o
#23 11.68     CC       tc_util.o
#23 11.88     CC       tc_monitor.o
#23 11.91     CC       tc_exec.o
#23 11.95     CC       m_police.o
#23 12.03     CC       m_estimator.o
#23 12.06     CC       m_action.o
#23 12.23     CC       m_ematch.o
#23 12.34     YACC     emp_ematch.tab.c
#23 12.40     CC       emp_ematch.tab.o
#23 12.51     LEX      emp_ematch.lex.c
#23 12.51     CC       emp_ematch.lex.o
#23 12.69     CC       q_fifo.o
#23 12.72     CC       q_sfq.o
#23 12.79     CC       q_red.o
#23 12.87     CC       q_prio.o
#23 12.91     CC       q_skbprio.o
#23 12.94     CC       q_tbf.o
#23 13.03     CC       q_multiq.o
#23 13.06     CC       q_netem.o
#23 13.25     CC       q_choke.o
#23 13.31     CC       q_sfb.o
#23 13.37     CC       f_u32.o
#23 13.64     CC       f_route.o
#23 13.70     CC       f_fw.o
#23 13.74     CC       f_basic.o
#23 13.80     CC       f_bpf.o
#23 13.86     CC       f_flow.o
#23 13.94     CC       f_cgroup.o
#23 13.99     CC       f_flower.o
#23 14.00 In file included from ../include/uapi/linux/netdevice.h:29,
#23 14.00                  from ../include/uapi/linux/if_arp.h:27,
#23 14.00                  from f_flower.c:14:
#23 14.00 ../include/uapi/linux/if.h:134: warning: "IFF_VOLATILE" redefined
#23 14.00   134 | #define IFF_VOLATILE    (IFF_LOOPBACK|IFF_POINTOPOINT|IFF_BROADCAST|IFF_ECHO|\
#23 14.00       | 
#23 14.00 In file included from f_flower.c:12:
#23 14.00 /usr/include/net/if.h:48: note: this is the location of the previous definition
#23 14.00    48 | #define IFF_VOLATILE (IFF_LOOPBACK|IFF_POINTOPOINT|IFF_BROADCAST| \
#23 14.00       | 
#23 14.48     CC       q_gred.o
#23 14.58     CC       q_ingress.o
#23 14.61     CC       q_hfsc.o
#23 14.70     CC       q_htb.o
#23 14.79     CC       q_drr.o
#23 14.83     CC       q_qfq.o
#23 14.87     CC       m_gact.o
#23 14.92     CC       m_mirred.o
#23 14.99     CC       m_mpls.o
#23 15.06     CC       m_nat.o
#23 15.12     CC       m_pedit.o
#23 15.25     CC       m_ife.o
#23 15.33     CC       m_skbedit.o
#23 15.39     CC       m_skbmod.o
#23 15.45     CC       m_csum.o
#23 15.51     CC       m_simple.o
#23 15.55     CC       m_vlan.o
#23 15.62     CC       m_connmark.o
#23 15.66     CC       m_ctinfo.o
#23 15.71     CC       m_bpf.o
#23 15.77     CC       m_tunnel_key.o
#23 15.88     CC       m_sample.o
#23 15.93     CC       m_ct.o
#23 16.04     CC       m_gate.o
#23 16.13     CC       p_ip.o
#23 16.18     CC       p_ip6.o
#23 16.21     CC       p_icmp.o
#23 16.24     CC       p_eth.o
#23 16.27     CC       p_tcp.o
#23 16.30     CC       p_udp.o
#23 16.32     CC       em_nbyte.o
#23 16.37     CC       em_cmp.o
#23 16.43     CC       em_u32.o
#23 16.47     CC       em_canid.o
#23 16.52     CC       em_meta.o
#23 16.62     CC       q_mqprio.o
#23 16.73     CC       q_codel.o
#23 16.78     CC       q_fq_codel.o
#23 16.85     CC       q_fq.o
#23 16.96     CC       q_pie.o
#23 17.02     CC       q_fq_pie.o
#23 17.09     CC       q_cake.o
#23 17.27     CC       q_hhf.o
#23 17.34     CC       q_clsact.o
#23 17.37     CC       e_bpf.o
#23 17.42     CC       f_matchall.o
#23 17.47     CC       q_cbs.o
#23 17.51     CC       q_etf.o
#23 17.56     CC       q_taprio.o
#23 17.68     CC       q_plug.o
#23 17.71     CC       q_ets.o
#23 17.79     CC       em_ipt.o
#23 17.81 In file included from tc_util.h:7,
#23 17.81                  from m_ematch.h:11,
#23 17.81                  from em_ipt.c:13:
#23 17.81 ../include/uapi/linux/if.h:134: warning: "IFF_VOLATILE" redefined
#23 17.81   134 | #define IFF_VOLATILE    (IFF_LOOPBACK|IFF_POINTOPOINT|IFF_BROADCAST|IFF_ECHO|\
#23 17.81       | 
#23 17.81 In file included from ../include/xtables.h:17,
#23 17.81                  from em_ipt.c:12:
#23 17.81 /usr/include/net/if.h:48: note: this is the location of the previous definition
#23 17.81    48 | #define IFF_VOLATILE (IFF_LOOPBACK|IFF_POINTOPOINT|IFF_BROADCAST| \
#23 17.81       | 
#23 17.84     CC       em_ipset.o
#23 17.86 In file included from tc_util.h:7,
#23 17.86                  from m_ematch.h:11,
#23 17.86                  from em_ipset.c:39:
#23 17.86 ../include/uapi/linux/if.h:134: warning: "IFF_VOLATILE" redefined
#23 17.86   134 | #define IFF_VOLATILE    (IFF_LOOPBACK|IFF_POINTOPOINT|IFF_BROADCAST|IFF_ECHO|\
#23 17.86       | 
#23 17.86 In file included from ../include/xtables.h:17,
#23 17.86                  from em_ipset.c:23:
#23 17.86 /usr/include/net/if.h:48: note: this is the location of the previous definition
#23 17.86    48 | #define IFF_VOLATILE (IFF_LOOPBACK|IFF_POINTOPOINT|IFF_BROADCAST| \
#23 17.86       | 
#23 17.89     CC       tc_core.o
#23 17.97     CC       tc_red.o
#23 18.01     CC       tc_estimator.o
#23 18.04     CC       tc_stab.o
#23 18.11     CC       tc_qevent.o
#23 18.16     AR       libtc.a
#23 18.16     LINK     tc
#23 18.20 rm emp_ematch.lex.c
#23 18.20 
#23 18.20 bridge
#23 18.20     CC       bridge.o
#23 18.25     CC       fdb.o
#23 18.45     CC       monitor.o
#23 18.49     CC       link.o
#23 18.64     CC       mdb.o
#23 18.84     CC       vlan.o
#23 18.85 In file included from vlan.c:14:
#23 18.85 ../include/json_print.h:80:30: warning: 'struct timeval' declared inside parameter list will not be visible outside of this definition or declaration
#23 18.85    80 | _PRINT_FUNC(tv, const struct timeval *)
#23 18.85       |                              ^~~~~~~
#23 18.85 ../include/json_print.h:50:37: note: in definition of macro '_PRINT_FUNC'
#23 18.85    50 |                                     type value);                        \
#23 18.85       |                                     ^~~~
#23 18.85 ../include/json_print.h:80:30: warning: 'struct timeval' declared inside parameter list will not be visible outside of this definition or declaration
#23 18.85    80 | _PRINT_FUNC(tv, const struct timeval *)
#23 18.85       |                              ^~~~~~~
#23 18.85 ../include/json_print.h:55:45: note: in definition of macro '_PRINT_FUNC'
#23 18.85    55 |                                             type value)                 \
#23 18.85       |                                             ^~~~
#23 18.85 ../include/json_print.h: In function 'print_tv':
#23 18.85 ../include/json_print.h:58:48: warning: passing argument 5 of 'print_color_tv' from incompatible pointer type [-Wincompatible-pointer-types]
#23 18.85    58 |                                                value);                  \
#23 18.85       |                                                ^~~~~
#23 18.85       |                                                |
#23 18.85       |                                                const struct timeval *
#23 18.85 ../include/json_print.h:80:1: note: in expansion of macro '_PRINT_FUNC'
#23 18.85    80 | _PRINT_FUNC(tv, const struct timeval *)
#23 18.85       | ^~~~~~~~~~~
#23 18.85 ../include/json_print.h:50:42: note: expected 'const struct timeval *' but argument is of type 'const struct timeval *'
#23 18.85    50 |                                     type value);                        \
#23 18.85       |                                          ^
#23 18.85 ../include/json_print.h:80:1: note: in expansion of macro '_PRINT_FUNC'
#23 18.85    80 | _PRINT_FUNC(tv, const struct timeval *)
#23 18.85       | ^~~~~~~~~~~
#23 19.07     CC       vni.o
#23 19.08 In file included from vni.c:19:
#23 19.08 ../include/json_print.h:80:30: warning: 'struct timeval' declared inside parameter list will not be visible outside of this definition or declaration
#23 19.08    80 | _PRINT_FUNC(tv, const struct timeval *)
#23 19.08       |                              ^~~~~~~
#23 19.08 ../include/json_print.h:50:37: note: in definition of macro '_PRINT_FUNC'
#23 19.08    50 |                                     type value);                        \
#23 19.08       |                                     ^~~~
#23 19.08 ../include/json_print.h:80:30: warning: 'struct timeval' declared inside parameter list will not be visible outside of this definition or declaration
#23 19.08    80 | _PRINT_FUNC(tv, const struct timeval *)
#23 19.08       |                              ^~~~~~~
#23 19.08 ../include/json_print.h:55:45: note: in definition of macro '_PRINT_FUNC'
#23 19.08    55 |                                             type value)                 \
#23 19.08       |                                             ^~~~
#23 19.08 ../include/json_print.h: In function 'print_tv':
#23 19.08 ../include/json_print.h:58:48: warning: passing argument 5 of 'print_color_tv' from incompatible pointer type [-Wincompatible-pointer-types]
#23 19.08    58 |                                                value);                  \
#23 19.08       |                                                ^~~~~
#23 19.08       |                                                |
#23 19.08       |                                                const struct timeval *
#23 19.08 ../include/json_print.h:80:1: note: in expansion of macro '_PRINT_FUNC'
#23 19.08    80 | _PRINT_FUNC(tv, const struct timeval *)
#23 19.08       | ^~~~~~~~~~~
#23 19.08 ../include/json_print.h:50:42: note: expected 'const struct timeval *' but argument is of type 'const struct timeval *'
#23 19.08    50 |                                     type value);                        \
#23 19.08       |                                          ^
#23 19.08 ../include/json_print.h:80:1: note: in expansion of macro '_PRINT_FUNC'
#23 19.08    80 | _PRINT_FUNC(tv, const struct timeval *)
#23 19.08       | ^~~~~~~~~~~
#23 19.18     LINK     bridge
#23 19.19 
#23 19.19 misc
#23 19.19     CC       ss.o
#23 19.22 In file included from ../include/uapi/linux/tipc.h:42,
#23 19.22                  from ss.c:48:
#23 19.22 ../include/uapi/linux/sockios.h:42: warning: "SIOCGSTAMP" redefined
#23 19.22    42 | #define SIOCGSTAMP      SIOCGSTAMP_OLD
#23 19.22       | 
#23 19.22 In file included from /usr/include/sys/ioctl.h:10,
#23 19.22                  from ss.c:12:
#23 19.22 /usr/include/bits/ioctl.h:111: note: this is the location of the previous definition
#23 19.22   111 | #define SIOCGSTAMP      0x8906
#23 19.22       | 
#23 19.22 ../include/uapi/linux/sockios.h:43: warning: "SIOCGSTAMPNS" redefined
#23 19.22    43 | #define SIOCGSTAMPNS    SIOCGSTAMPNS_OLD
#23 19.22       | 
#23 19.22 /usr/include/bits/ioctl.h:112: note: this is the location of the previous definition
#23 19.22   112 | #define SIOCGSTAMPNS    0x8907
#23 19.22       | 
#23 20.03     CC       ssfilter_check.o
#23 20.06     YACC     ssfilter.tab.c
#23 20.12     CC       ssfilter.tab.o
#23 20.23     LINK     ss
#23 20.25     CC       nstat
#23 20.26 In file included from nstat.c:20:
#23 20.26 /usr/include/sys/poll.h:1:2: warning: #warning redirecting incorrect #include <sys/poll.h> to <poll.h> [-Wcpp]
#23 20.26     1 | #warning redirecting incorrect #include <sys/poll.h> to <poll.h>
#23 20.26       |  ^~~~~~~
#23 20.39     CC       ifstat
#23 20.40 In file included from ifstat.c:20:
#23 20.40 /usr/include/sys/poll.h:1:2: warning: #warning redirecting incorrect #include <sys/poll.h> to <poll.h> [-Wcpp]
#23 20.40     1 | #warning redirecting incorrect #include <sys/poll.h> to <poll.h>
#23 20.40       |  ^~~~~~~
#23 20.56     CC       rtacct
#23 20.58 In file included from rtacct.c:19:
#23 20.58 /usr/include/sys/poll.h:1:2: warning: #warning redirecting incorrect #include <sys/poll.h> to <poll.h> [-Wcpp]
#23 20.58     1 | #warning redirecting incorrect #include <sys/poll.h> to <poll.h>
#23 20.58       |  ^~~~~~~
#23 20.70     CC       lnstat.o
#23 20.77     CC       lnstat_util.o
#23 20.84     LINK     lnstat
#23 20.85 
#23 20.85 netem
#23 20.85 gcc  -I../include -o maketable maketable.c -lm
#23 20.89 gcc  -I../include -o normal normal.c -lm
#23 20.91 gcc  -I../include -o pareto pareto.c -lm
#23 20.94 gcc  -I../include -o paretonormal paretonormal.c -lm
#23 20.97 ./normal > normal.dist
#23 20.98 ./pareto > pareto.dist
#23 20.98 ./paretonormal > paretonormal.dist
#23 20.99 ./maketable experimental.dat > experimental.dist
#23 20.99 
#23 20.99 genl
#23 20.99     CC       genl.o
#23 21.03     CC       ctrl.o
#23 21.10     LINK     genl
#23 21.12 
#23 21.12 man
#23 21.12 make[2]: Nothing to be done for 'all'.
#23 21.12 make[2]: Nothing to be done for 'all'.
#23 21.12 sed \
#23 21.12 	-e "s|@NETNS_ETC_DIR@|/etc/netns|g" \
#23 21.12 	-e "s|@NETNS_RUN_DIR@|/var/run/netns|g" \
#23 21.12 	-e "s|@SYSCONF_ETC_DIR@|/etc/iproute2|g" \
#23 21.12 	-e "s|@SYSCONF_USR_DIR@|/usr/share/iproute2|g" \
#23 21.12 	ip-address.8.in > ip-address.8
#23 21.12 sed \
#23 21.12 	-e "s|@NETNS_ETC_DIR@|/etc/netns|g" \
#23 21.12 	-e "s|@NETNS_RUN_DIR@|/var/run/netns|g" \
#23 21.12 	-e "s|@SYSCONF_ETC_DIR@|/etc/iproute2|g" \
#23 21.12 	-e "s|@SYSCONF_USR_DIR@|/usr/share/iproute2|g" \
#23 21.12 	ip-link.8.in > ip-link.8
#23 21.13 sed \
#23 21.13 	-e "s|@NETNS_ETC_DIR@|/etc/netns|g" \
#23 21.13 	-e "s|@NETNS_RUN_DIR@|/var/run/netns|g" \
#23 21.13 	-e "s|@SYSCONF_ETC_DIR@|/etc/iproute2|g" \
#23 21.13 	-e "s|@SYSCONF_USR_DIR@|/usr/share/iproute2|g" \
#23 21.13 	ip-netns.8.in > ip-netns.8
#23 21.13 sed \
#23 21.13 	-e "s|@NETNS_ETC_DIR@|/etc/netns|g" \
#23 21.13 	-e "s|@NETNS_RUN_DIR@|/var/run/netns|g" \
#23 21.13 	-e "s|@SYSCONF_ETC_DIR@|/etc/iproute2|g" \
#23 21.13 	-e "s|@SYSCONF_USR_DIR@|/usr/share/iproute2|g" \
#23 21.13 	ip-route.8.in > ip-route.8
#23 21.13 
#23 21.13 tipc
#23 21.13     CC       bearer.o
#23 21.31     CC       cmdl.o
#23 21.35     CC       link.o
#23 21.54     CC       media.o
#23 21.60     CC       misc.o
#23 21.65     CC       msg.o
#23 21.67     CC       nametable.o
#23 21.71     CC       node.o
#23 21.80     CC       socket.o
#23 21.83     CC       peer.o
#23 21.86     CC       tipc.o
#23 21.89     LINK     tipc
#23 21.91 
#23 21.91 devlink
#23 21.91     CC       devlink.o
#23 23.61     CC       mnlg.o
#23 23.65     LINK     devlink
#23 23.67 
#23 23.67 rdma
#23 23.67     CC       rdma.o
#23 23.69 rdma.c: In function 'main':
#23 23.69 rdma.c:110:20: warning: implicit declaration of function 'basename'; did you mean 'rename'? [-Wimplicit-function-declaration]
#23 23.69   110 |         filename = basename(argv[0]);
#23 23.69       |                    ^~~~~~~~
#23 23.69       |                    rename
#23 23.69 rdma.c:110:18: warning: assignment to 'char *' from 'int' makes pointer from integer without a cast [-Wint-conversion]
#23 23.69   110 |         filename = basename(argv[0]);
#23 23.69       |                  ^
#23 23.71     CC       utils.o
#23 23.89     CC       dev.o
#23 23.96     CC       link.o
#23 24.04     CC       res.o
#23 24.17     CC       res-pd.o
#23 24.21     CC       res-mr.o
#23 24.26     CC       res-cq.o
#23 24.31     CC       res-cmid.o
#23 24.37     CC       res-qp.o
#23 24.42     CC       sys.o
#23 24.47     CC       stat.o
#23 24.70     CC       stat-mr.o
#23 24.74     CC       res-ctx.o
#23 24.79     CC       res-srq.o
#23 24.86     LINK     rdma
#23 24.87 
#23 24.87 dcb
#23 24.88     CC       dcb.o
#23 25.00     CC       dcb_app.o
#23 25.21     CC       dcb_buffer.o
#23 25.27     CC       dcb_dcbx.o
#23 25.32     CC       dcb_ets.o
#23 25.40     CC       dcb_maxrate.o
#23 25.45     CC       dcb_pfc.o
#23 25.53     CC       dcb_apptrust.o
#23 25.59     CC       dcb_rewr.o
#23 25.67     LINK     dcb
#23 25.68 
#23 25.68 vdpa
#23 25.69     CC       vdpa.o
#23 25.70 In file included from vdpa.c:19:
#23 25.70 ../include/json_print.h:80:30: warning: 'struct timeval' declared inside parameter list will not be visible outside of this definition or declaration
#23 25.70    80 | _PRINT_FUNC(tv, const struct timeval *)
#23 25.70       |                              ^~~~~~~
#23 25.70 ../include/json_print.h:50:37: note: in definition of macro '_PRINT_FUNC'
#23 25.70    50 |                                     type value);                        \
#23 25.70       |                                     ^~~~
#23 25.70 ../include/json_print.h:80:30: warning: 'struct timeval' declared inside parameter list will not be visible outside of this definition or declaration
#23 25.70    80 | _PRINT_FUNC(tv, const struct timeval *)
#23 25.70       |                              ^~~~~~~
#23 25.70 ../include/json_print.h:55:45: note: in definition of macro '_PRINT_FUNC'
#23 25.70    55 |                                             type value)                 \
#23 25.70       |                                             ^~~~
#23 25.70 ../include/json_print.h: In function 'print_tv':
#23 25.70 ../include/json_print.h:58:48: warning: passing argument 5 of 'print_color_tv' from incompatible pointer type [-Wincompatible-pointer-types]
#23 25.70    58 |                                                value);                  \
#23 25.70       |                                                ^~~~~
#23 25.70       |                                                |
#23 25.70       |                                                const struct timeval *
#23 25.70 ../include/json_print.h:80:1: note: in expansion of macro '_PRINT_FUNC'
#23 25.70    80 | _PRINT_FUNC(tv, const struct timeval *)
#23 25.70       | ^~~~~~~~~~~
#23 25.70 ../include/json_print.h:50:42: note: expected 'const struct timeval *' but argument is of type 'const struct timeval *'
#23 25.70    50 |                                     type value);                        \
#23 25.70       |                                          ^
#23 25.70 ../include/json_print.h:80:1: note: in expansion of macro '_PRINT_FUNC'
#23 25.70    80 | _PRINT_FUNC(tv, const struct timeval *)
#23 25.70       | ^~~~~~~~~~~
#23 25.84     LINK     vdpa
#23 DONE 25.9s

#24 [20/22] RUN git clone --no-single-branch --depth=1 https://github.com/linux-netdev/testing.git /nipa-data/kernel
#24 0.336 Cloning into '/nipa-data/kernel'...
#24 33.50 Updating files:  16% (13495/83283)Updating files:  17% (14159/83283)Updating files:  18% (14991/83283)Updating files:  19% (15824/83283)Updating files:  20% (16657/83283)Updating files:  21% (17490/83283)Updating files:  22% (18323/83283)Updating files:  23% (19156/83283)Updating files:  24% (19988/83283)Updating files:  25% (20821/83283)Updating files:  26% (21654/83283)Updating files:  27% (22487/83283)Updating files:  28% (23320/83283)Updating files:  29% (24153/83283)Updating files:  30% (24985/83283)Updating files:  31% (25818/83283)Updating files:  32% (26651/83283)Updating files:  33% (27484/83283)Updating files:  34% (28317/83283)Updating files:  34% (28326/83283)Updating files:  35% (29150/83283)Updating files:  36% (29982/83283)Updating files:  37% (30815/83283)Updating files:  38% (31648/83283)Updating files:  39% (32481/83283)Updating files:  40% (33314/83283)Updating files:  40% (33565/83283)Updating files:  41% (34147/83283)Updating files:  42% (34979/83283)Updating files:  43% (35812/83283)Updating files:  44% (36645/83283)Updating files:  45% (37478/83283)Updating files:  46% (38311/83283)Updating files:  47% (39144/83283)Updating files:  48% (39976/83283)Updating files:  49% (40809/83283)Updating files:  50% (41642/83283)Updating files:  50% (41927/83283)Updating files:  51% (42475/83283)Updating files:  52% (43308/83283)Updating files:  53% (44140/83283)Updating files:  54% (44973/83283)Updating files:  55% (45806/83283)Updating files:  56% (46639/83283)Updating files:  57% (47472/83283)Updating files:  58% (48305/83283)Updating files:  59% (49137/83283)Updating files:  60% (49970/83283)Updating files:  61% (50803/83283)Updating files:  62% (51636/83283)Updating files:  62% (52037/83283)Updating files:  63% (52469/83283)Updating files:  64% (53302/83283)Updating files:  65% (54134/83283)Updating files:  66% (54967/83283)Updating files:  67% (55800/83283)Updating files:  68% (56633/83283)Updating files:  69% (57466/83283)Updating files:  70% (58299/83283)Updating files:  71% (59131/83283)Updating files:  72% (59964/83283)Updating files:  73% (60797/83283)Updating files:  74% (61630/83283)Updating files:  75% (62463/83283)Updating files:  76% (63296/83283)Updating files:  77% (64128/83283)Updating files:  78% (64961/83283)Updating files:  79% (65794/83283)Updating files:  79% (66585/83283)Updating files:  80% (66627/83283)Updating files:  81% (67460/83283)Updating files:  82% (68293/83283)Updating files:  83% (69125/83283)Updating files:  84% (69958/83283)Updating files:  85% (70791/83283)Updating files:  86% (71624/83283)Updating files:  87% (72457/83283)Updating files:  88% (73290/83283)Updating files:  89% (74122/83283)Updating files:  90% (74955/83283)Updating files:  91% (75788/83283)Updating files:  92% (76621/83283)Updating files:  93% (77454/83283)Updating files:  94% (78287/83283)Updating files:  95% (79119/83283)Updating files:  96% (79952/83283)Updating files:  97% (80785/83283)Updating files:  98% (81618/83283)Updating files:  99% (82451/83283)Updating files:  99% (82933/83283)Updating files: 100% (83283/83283)Updating files: 100% (83283/83283), done.
#24 DONE 41.3s

#25 [21/22] RUN git clone --depth=1 -b dev https://github.com/p4tc-dev/new-nipa.git nipa
#25 0.368 Cloning into 'nipa'...
#25 DONE 1.0s

#26 [22/22] COPY entrypoint.sh /entrypoint.sh
#26 DONE 0.0s

#27 exporting to image
#27 exporting layers
#27 exporting layers 6.9s done
#27 writing image sha256:3104042f29e98067d2ddc172f400c6419bed65a6dff0f9c25ae35f8060d4015c done
#27 naming to docker.io/library/nipa-executor done
#27 DONE 6.9s
=== >>> DEBUG KERNEL <<< ===
NIPA version: 9cd25f1 (fetcher: support local kernel patches, 2024-02-05)
INFO: Last run date: 2024-02-17 18:00:06.232159+00:00
Testing  {'branch': 'net-next-2024-02-17--21-00', 'date': '2024-02-17T21:00:12.052737+00:00', 'base': '1b2af27dc37bb2bc00e873bf2f99a296fd3ed3c2', 'url': 'https://github.com/linux-netdev/testing.git net-next-2024-02-17--21-00'}
branch 'net-next-2024-02-17--21-00' set up to track 'origin/net-next-2024-02-17--21-00'.
Switched to a new branch 'net-next-2024-02-17--21-00'
Checking patch tools/testing/selftests/tc-testing/tdc_config.py...
Applied patch tools/testing/selftests/tc-testing/tdc_config.py cleanly.
error: No valid patches in input (allow with "--allow-empty")
Run at 2024-02-17 21:23:42.792591
INFO: building kernel
INFO: starting VM 0
INFO: thr0-1 VM starting: vng -v -r arch/x86/boot/bzImage --user root --rwdir=/nipa-data/kernel/
INFO: thr0-1 expecting prompt: '/nipa-data/kernel# '
INFO: thr0-1 reached initial prompt
INFO: thr-0 testing == tdc.sh
INFO: thr-0 tdc.sh >> retcode: 0 result: pass found {'fail': False, 'skip': False, 'pass': True}
INFO: thr-0 has no more work, exiting
INFO: thr0-1 VM stopped
Done at 2024-02-17 21:28:18.015992
NIPA quitting!
/
~/nipa/tc-executor/tc-executor-storage /
