~/nipa/tc-executor/tc-executor-storage /
Switched to branch 'storage-dbg'
Your branch is ahead of 'origin/storage-dbg' by 859 commits.
  (use "git push" to publish your local commits)
/
~/nipa/tc-executor /
Error response from daemon: No such image: nipa-executor:latest
#0 building with "default" instance using docker driver

#1 [internal] load build definition from Dockerfile
#1 transferring dockerfile: 2.05kB done
#1 DONE 0.0s

#2 [internal] load .dockerignore
#2 transferring context: 2B done
#2 DONE 0.0s

#3 [internal] load metadata for docker.io/library/alpine:edge
#3 DONE 0.0s

#4 [ 1/22] FROM docker.io/library/alpine:edge
#4 CACHED

#5 [internal] load build context
#5 transferring context: 3.02kB done
#5 DONE 0.0s

#6 [ 2/22] RUN echo true > debug-mode
#6 DONE 0.7s

#7 [ 3/22] RUN addgroup -g 1001 hostuser
#7 DONE 0.4s

#8 [ 4/22] RUN adduser -u 1001 -G hostuser -H -D -s /bin/ash hostuser
#8 DONE 0.4s

#9 [ 5/22] RUN echo '@testing http://dl-cdn.alpinelinux.org/alpine/edge/testing' >> /etc/apk/repositories
#9 DONE 0.4s

#10 [ 6/22] RUN echo '@community http://dl-cdn.alpinelinux.org/alpine/edge/community' >> /etc/apk/repositories
#10 DONE 0.4s

#11 [ 7/22] RUN apk update && apk add --no-cache    virtme-ng@testing    git    py3-requests    py3-psutil    py3-setuptools    py3-pyroute2    py3-argcomplete    qemu-system-x86_64@community    scapy@community    make    gcc    musl-dev    flex    bison    linux-headers    elfutils-dev    util-linux    coreutils    diffutils    findutils    file    bash    kmod    perl    iptables-dev    libcap-dev    libmnl-dev    iproute2     jq    libbpf-dev    rsync    openssl-dev
#11 0.440 fetch https://dl-cdn.alpinelinux.org/alpine/edge/main/x86_64/APKINDEX.tar.gz
#11 0.651 fetch https://dl-cdn.alpinelinux.org/alpine/edge/community/x86_64/APKINDEX.tar.gz
#11 0.854 fetch http://dl-cdn.alpinelinux.org/alpine/edge/testing/x86_64/APKINDEX.tar.gz
#11 1.065 fetch http://dl-cdn.alpinelinux.org/alpine/edge/community/x86_64/APKINDEX.tar.gz
#11 1.356 v3.20.0-894-g8ff69a43503 [https://dl-cdn.alpinelinux.org/alpine/edge/main]
#11 1.356 v3.20.0-899-g5a0373f2e0b [https://dl-cdn.alpinelinux.org/alpine/edge/community]
#11 1.356 v3.20.0-897-gd8763846114 [http://dl-cdn.alpinelinux.org/alpine/edge/testing]
#11 1.356 v3.20.0-899-g5a0373f2e0b [http://dl-cdn.alpinelinux.org/alpine/edge/community]
#11 1.356 OK: 31522 distinct packages available
#11 1.422 fetch https://dl-cdn.alpinelinux.org/alpine/edge/main/x86_64/APKINDEX.tar.gz
#11 1.525 fetch https://dl-cdn.alpinelinux.org/alpine/edge/community/x86_64/APKINDEX.tar.gz
#11 1.628 fetch http://dl-cdn.alpinelinux.org/alpine/edge/testing/x86_64/APKINDEX.tar.gz
#11 1.721 fetch http://dl-cdn.alpinelinux.org/alpine/edge/community/x86_64/APKINDEX.tar.gz
#11 1.964 (1/177) Upgrading musl (1.2.4_git20230717-r5 -> 1.2.5-r1)
#11 1.981 (2/177) Upgrading libcrypto3 (3.1.4-r2 -> 3.3.0-r2)
#11 2.018 (3/177) Upgrading libssl3 (3.1.4-r2 -> 3.3.0-r2)
#11 2.035 (4/177) Upgrading zlib (1.3-r2 -> 1.3.1-r1)
#11 2.047 (5/177) Installing ncurses-terminfo-base (6.4_p20240420-r0)
#11 2.061 (6/177) Installing libncursesw (6.4_p20240420-r0)
#11 2.077 (7/177) Installing readline (8.2.10-r0)
#11 2.090 (8/177) Installing bash (5.2.26-r0)
#11 2.111 Executing bash-5.2.26-r0.post-install
#11 2.113 (9/177) Installing m4 (1.4.19-r3)
#11 2.131 (10/177) Installing bison (3.8.2-r1)
#11 2.152 (11/177) Installing coreutils-env (9.5-r1)
#11 2.164 (12/177) Installing coreutils-fmt (9.5-r1)
#11 2.176 (13/177) Installing coreutils-sha512sum (9.5-r1)
#11 2.188 (14/177) Installing libacl (2.3.2-r0)
#11 2.202 (15/177) Installing libattr (2.5.2-r0)
#11 2.214 (16/177) Installing skalibs (2.14.1.1-r0)
#11 2.228 (17/177) Installing utmps-libs (0.1.2.2-r1)
#11 2.241 (18/177) Installing coreutils (9.5-r1)
#11 2.265 (19/177) Installing diffutils (3.10-r0)
#11 2.280 (20/177) Installing zstd-libs (1.5.6-r0)
#11 2.298 (21/177) Installing libelf (0.191-r0)
#11 2.314 (22/177) Installing libbz2 (1.0.8-r6)
#11 2.327 (23/177) Installing musl-fts (1.2.7-r6)
#11 2.339 (24/177) Installing xz-libs (5.6.1-r3)
#11 2.353 (25/177) Installing libdw (0.191-r0)
#11 2.369 (26/177) Installing libasm (0.191-r0)
#11 2.381 (27/177) Installing xz (5.6.1-r3)
#11 2.398 (28/177) Installing pkgconf (2.2.0-r0)
#11 2.413 (29/177) Installing xz-dev (5.6.1-r3)
#11 2.428 (30/177) Installing libgcc (13.2.1_git20240309-r0)
#11 2.442 (31/177) Installing libstdc++ (13.2.1_git20240309-r0)
#11 2.468 (32/177) Installing zstd (1.5.6-r0)
#11 2.483 (33/177) Installing zstd-dev (1.5.6-r0)
#11 2.507 (34/177) Installing zlib-dev (1.3.1-r1)
#11 2.520 (35/177) Installing elfutils-dev (0.191-r0)
#11 2.543 (36/177) Installing libmagic (5.45-r1)
#11 2.596 (37/177) Installing file (5.45-r1)
#11 2.609 (38/177) Installing findutils (4.9.0-r5)
#11 2.624 (39/177) Installing flex (2.6.4-r6)
#11 2.642 (40/177) Installing jansson (2.14-r4)
#11 2.654 (41/177) Installing binutils (2.42-r0)
#11 2.710 (42/177) Installing libgomp (13.2.1_git20240309-r0)
#11 2.725 (43/177) Installing libatomic (13.2.1_git20240309-r0)
#11 2.737 (44/177) Installing gmp (6.3.0-r1)
#11 2.763 (45/177) Installing isl26 (0.26-r1)
#11 2.785 (46/177) Installing mpfr4 (4.2.1-r0)
#11 2.803 (47/177) Installing mpc1 (1.3.1-r1)
#11 2.816 (48/177) Installing gcc (13.2.1_git20240309-r0)
#11 3.320 (49/177) Installing ca-certificates (20240226-r0)
#11 3.350 (50/177) Installing brotli-libs (1.1.0-r2)
#11 3.368 (51/177) Installing c-ares (1.28.1-r0)
#11 3.381 (52/177) Installing libunistring (1.2-r0)
#11 3.402 (53/177) Installing libidn2 (2.3.7-r0)
#11 3.416 (54/177) Installing nghttp2-libs (1.62.0-r0)
#11 3.430 (55/177) Installing libpsl (0.21.5-r1)
#11 3.443 (56/177) Installing libcurl (8.8.0-r0)
#11 3.461 (57/177) Installing libexpat (2.6.2-r0)
#11 3.474 (58/177) Installing pcre2 (10.43-r0)
#11 3.491 (59/177) Installing git (2.45.2-r0)
#11 3.546 (60/177) Installing git-init-template (2.45.2-r0)
#11 3.559 (61/177) Installing libcap2 (2.70-r0)
#11 3.572 (62/177) Installing libmnl (1.0.5-r2)
#11 3.584 (63/177) Installing iproute2-minimal (6.9.0-r0)
#11 3.610 (64/177) Installing libxtables (1.8.10-r3)
#11 3.625 (65/177) Installing iproute2-tc (6.9.0-r0)
#11 3.641 (66/177) Installing iproute2-ss (6.9.0-r0)
#11 3.654 (67/177) Installing iproute2 (6.9.0-r0)
#11 3.671 Executing iproute2-6.9.0-r0.post-install
#11 3.674 (68/177) Installing linux-headers (6.6-r0)
#11 3.763 (69/177) Installing libip4tc (1.8.10-r3)
#11 3.775 (70/177) Installing libip6tc (1.8.10-r3)
#11 3.787 (71/177) Installing libipq (1.8.10-r3)
#11 3.799 (72/177) Installing iptables-dev (1.8.10-r3)
#11 3.815 (73/177) Installing oniguruma (6.9.9-r0)
#11 3.830 (74/177) Installing jq (1.7.1-r0)
#11 3.847 (75/177) Installing kmod (32-r0)
#11 3.863 (76/177) Installing libbpf (1.4.3-r0)
#11 3.933 (77/177) Installing libbpf-dev (1.4.3-r0)
#11 3.952 (78/177) Installing libcap-dev (2.70-r0)
#11 3.964 (79/177) Installing libmnl-dev (1.0.5-r2)
#11 3.976 (80/177) Installing make (4.4.1-r2)
#11 3.991 (81/177) Installing musl-dev (1.2.5-r1)
#11 4.054 (82/177) Installing openssl-dev (3.3.0-r2)
#11 4.084 (83/177) Installing perl (5.38.2-r0)
#11 4.275 (84/177) Installing perl-error (0.17029-r2)
#11 4.288 (85/177) Installing perl-git (2.45.2-r0)
#11 4.300 (86/177) Installing git-perl (2.45.2-r0)
#11 4.313 (87/177) Installing libffi (3.4.6-r0)
#11 4.325 (88/177) Installing gdbm (1.23-r1)
#11 4.338 (89/177) Installing mpdecimal (4.0.0-r0)
#11 4.352 (90/177) Installing libpanelw (6.4_p20240420-r0)
#11 4.363 (91/177) Installing sqlite-libs (3.46.0-r0)
#11 4.387 (92/177) Installing python3 (3.12.3-r1)
#11 4.512 (93/177) Installing python3-pycache-pyc0 (3.12.3-r1)
#11 4.597 (94/177) Installing pyc (3.12.3-r1)
#11 4.608 (95/177) Installing py3-argcomplete-pyc (3.3.0-r0)
#11 4.626 (96/177) Installing python3-pyc (3.12.3-r1)
#11 4.638 (97/177) Installing py3-argcomplete (3.3.0-r0)
#11 4.652 (98/177) Installing py3-psutil (5.9.8-r1)
#11 4.667 (99/177) Installing py3-psutil-pyc (5.9.8-r1)
#11 4.683 (100/177) Installing py3-pyroute2 (0.7.12-r1)
#11 4.718 (101/177) Installing py3-pyroute2-pyc (0.7.12-r1)
#11 4.753 (102/177) Installing py3-certifi (2024.2.2-r1)
#11 4.767 (103/177) Installing py3-certifi-pyc (2024.2.2-r1)
#11 4.779 (104/177) Installing py3-charset-normalizer (3.3.2-r1)
#11 4.793 (105/177) Installing py3-charset-normalizer-pyc (3.3.2-r1)
#11 4.807 (106/177) Installing py3-idna (3.7-r0)
#11 4.822 (107/177) Installing py3-idna-pyc (3.7-r0)
#11 4.837 (108/177) Installing py3-urllib3 (1.26.18-r1)
#11 4.855 (109/177) Installing py3-urllib3-pyc (1.26.18-r1)
#11 4.873 (110/177) Installing py3-requests (2.32.3-r0)
#11 4.887 (111/177) Installing py3-requests-pyc (2.32.3-r0)
#11 4.901 (112/177) Installing py3-parsing (3.1.2-r1)
#11 4.917 (113/177) Installing py3-parsing-pyc (3.1.2-r1)
#11 4.934 (114/177) Installing py3-packaging (24.0-r1)
#11 4.950 (115/177) Installing py3-packaging-pyc (24.0-r1)
#11 4.964 (116/177) Installing py3-setuptools (69.5.1-r0)
#11 4.999 (117/177) Installing py3-setuptools-pyc (69.5.1-r0)
#11 5.041 (118/177) Installing libcap-ng (0.8.5-r0)
#11 5.055 (119/177) Installing libintl (0.22.5-r0)
#11 5.067 (120/177) Installing libeconf (0.6.3-r0)
#11 5.080 (121/177) Installing libblkid (2.40.1-r1)
#11 5.094 (122/177) Installing libmount (2.40.1-r1)
#11 5.109 (123/177) Installing glib (2.80.2-r0)
#11 5.144 (124/177) Installing numactl (2.0.18-r0)
#11 5.159 (125/177) Installing qemu (9.0.0-r0)
#11 5.176 Executing qemu-9.0.0-r0.pre-install
#11 5.244 Executing qemu-9.0.0-r0.post-install
#11 5.248 *
#11 5.248 * If you want to run VM as unprivileged user and let Qemu create tunX devices,
#11 5.248 * then you must add that user to the group "qemu".
#11 5.248 * If you use KVM for hardware-assisted virtualization, then you may also need
#11 5.248 * to add that user to the group "kvm".
#11 5.248 *
#11 5.248 (126/177) Installing qemu-bridge-helper (9.0.0-r0)
#11 5.266 (127/177) Installing libaio (0.3.113-r2)
#11 5.278 (128/177) Installing capstone (5.0.1-r4)
#11 5.308 (129/177) Installing nettle (3.9.1-r0)
#11 5.327 (130/177) Installing libtasn1 (4.19.0-r2)
#11 5.339 (131/177) Installing p11-kit (0.25.3-r0)
#11 5.359 (132/177) Installing gnutls (3.8.5-r0)
#11 5.384 (133/177) Installing libjpeg-turbo (3.0.3-r0)
#11 5.401 (134/177) Installing lzo (2.10-r5)
#11 5.417 (135/177) Installing pixman (0.43.2-r0)
#11 5.437 (136/177) Installing libpng (1.6.43-r0)
#11 5.450 (137/177) Installing libsasl (2.1.28-r6)
#11 5.464 (138/177) Installing libseccomp (2.5.5-r1)
#11 5.477 (139/177) Installing libslirp (4.8.0-r0)
#11 5.491 (140/177) Installing snappy (1.1.10-r2)
#11 5.505 (141/177) Installing liburing (2.6-r0)
#11 5.517 (142/177) Installing vde2-libs (2.3.3-r3)
#11 5.530 (143/177) Installing qemu-system-x86_64 (9.0.0-r0)
#11 5.634 (144/177) Installing lz4-libs (1.9.4-r5)
#11 5.647 (145/177) Installing popt (1.19-r3)
#11 5.661 (146/177) Installing libxxhash (0.8.2-r2)
#11 5.673 (147/177) Installing rsync (3.3.0-r0)
#11 5.692 (148/177) Installing scapy (2.5.0-r3)
#11 5.750 Executing scapy-2.5.0-r3.post-install
#11 5.752 *
#11 5.752 * Certain optional features of scapy also depend on the following packages:
#11 5.752 *     py3-matplotlib graphviz imagemagick py3-cryptography sox
#11 5.752 * And the following unpackaged dependencies:
#11 5.752 *     pyxi vpython-jupyter nmap<v4.23
#11 5.752 * More information can be found at https://scapy.readthedocs.io/en/latest/installation.html#optional-dependencies
#11 5.752 *
#11 5.752 (149/177) Installing scapy-pyc (2.5.0-r3)
#11 5.819 (150/177) Installing util-linux (2.40.1-r1)
#11 5.831 (151/177) Installing dmesg (2.40.1-r1)
#11 5.843 (152/177) Installing setarch (2.40.1-r1)
#11 5.855 (153/177) Installing libuuid (2.40.1-r1)
#11 5.867 (154/177) Installing libfdisk (2.40.1-r1)
#11 5.882 (155/177) Installing libsmartcols (2.40.1-r1)
#11 5.894 (156/177) Installing util-linux-misc (2.40.1-r1)
#11 5.922 (157/177) Installing linux-pam (1.6.0-r0)
#11 5.942 (158/177) Installing runuser (2.40.1-r1)
#11 5.955 (159/177) Installing mount (2.40.1-r1)
#11 5.968 (160/177) Installing losetup (2.40.1-r1)
#11 5.980 (161/177) Installing hexdump (2.40.1-r1)
#11 5.992 (162/177) Installing uuidgen (2.40.1-r1)
#11 6.006 (163/177) Installing blkid (2.40.1-r1)
#11 6.024 (164/177) Installing sfdisk (2.40.1-r1)
#11 6.037 (165/177) Installing mcookie (2.40.1-r1)
#11 6.049 (166/177) Installing agetty (2.40.1-r1)
#11 6.061 (167/177) Installing wipefs (2.40.1-r1)
#11 6.074 (168/177) Installing cfdisk (2.40.1-r1)
#11 6.086 (169/177) Installing umount (2.40.1-r1)
#11 6.098 (170/177) Installing flock (2.40.1-r1)
#11 6.117 (171/177) Installing lsblk (2.40.1-r1)
#11 6.130 (172/177) Installing setpriv (2.40.1-r1)
#11 6.142 (173/177) Installing logger (2.40.1-r1)
#11 6.154 (174/177) Installing partx (2.40.1-r1)
#11 6.166 (175/177) Installing fstrim (2.40.1-r1)
#11 6.178 (176/177) Installing findmnt (2.40.1-r1)
#11 6.193 (177/177) Installing virtme-ng@testing (1.25-r0)
#11 6.250 Executing busybox-1.36.1-r17.trigger
#11 6.254 Executing ca-certificates-20240226-r0.trigger
#11 6.275 Executing glib-2.80.2-r0.trigger
#11 6.280 OK: 385 MiB in 188 packages
#11 DONE 6.6s

#12 [ 8/22] RUN mkdir -p /tmp/kernel-patches &&     mkdir -p /tmp/iproute2-patches
#12 DONE 0.3s

#13 [ 9/22] COPY tdc.config /tmp
#13 DONE 0.0s

#14 [10/22] COPY tdc-debug.config /tmp
#14 DONE 0.0s

#15 [11/22] COPY kernel-patches /tmp/kernel-patches/
#15 DONE 0.1s

#16 [12/22] COPY iproute2-patches /tmp/iproute2-patches/
#16 DONE 0.0s

#17 [13/22] COPY configs /tmp/configs/
#17 DONE 0.0s

#18 [14/22] RUN git config --global user.email foo@bar.com
#18 DONE 0.3s

#19 [15/22] RUN git config --global user.name foo@bar.com
#19 DONE 0.4s

#20 [16/22] RUN git clone https://git.kernel.org/pub/scm/network/iproute2/iproute2-next.git /nipa-data/iproute2
#20 0.406 Cloning into '/nipa-data/iproute2'...
#20 DONE 2.0s

#21 [17/22] RUN cd /nipa-data/iproute2 && 	git remote add stable https://git.kernel.org/pub/scm/network/iproute2/iproute2.git && 	git fetch --all && 	git merge stable/main
#21 0.356 Fetching origin
#21 0.682 Fetching stable
#21 1.031 From https://git.kernel.org/pub/scm/network/iproute2/iproute2
#21 1.031  * [new branch]        codeql         -> stable/codeql
#21 1.031  * [new branch]        iproute2-4.1.x -> stable/iproute2-4.1.x
#21 1.031  * [new branch]        main           -> stable/main
#21 1.034 Already up to date.
#21 DONE 1.1s

#22 [18/22] RUN if [ "$(find /tmp/iproute2-patches/ -name *.patch)" ]; then  	cd /nipa-data/iproute2; 	git apply /tmp/iproute2-patches/*.patch;     fi
#22 DONE 0.3s

#23 [19/22] RUN cd /nipa-data/iproute2/ &&     ./configure &&     make
#23 0.411 TC schedulers
#23 0.412  IPT	using xtables
#23 0.438  IPSET  yes
#23 0.458 
#23 0.458 lib directory: /usr/lib
#23 0.459 libc has setns: yes
#23 0.480 libc has name_to_handle_at: yes
#23 0.502 SELinux support: no
#23 0.503 libtirpc support: no
#23 0.504 libbpf support: yes
#23 0.570 	libbpf version 1.4.3
#23 0.570 ELF support: yes
#23 0.572 libmnl support: yes
#23 0.574 Berkeley DB: no
#23 0.584 need for strlcpy: no
#23 0.608 libcap support: yes
#23 0.610 color output: never
#23 0.612 
#23 0.612 lib
#23 0.614     CC       libgenl.o
#23 0.626 In file included from ../include/libgenl.h:5,
#23 0.626                  from libgenl.c:12:
#23 0.626 ../include/libnetlink.h: In function 'rta_getattr_be64':
#23 0.626 ../include/libnetlink.h:280:16: warning: implicit declaration of function 'htobe64' [-Wimplicit-function-declaration]
#23 0.626   280 |         return htobe64(rta_getattr_u64(rta));
#23 0.626       |                ^~~~~~~
#23 0.653     CC       libnetlink.o
#23 0.972     CC       mnl_utils.o
#23 0.985 In file included from mnl_utils.c:12:
#23 0.985 ../include/libnetlink.h: In function 'rta_getattr_be64':
#23 0.985 ../include/libnetlink.h:280:16: warning: implicit declaration of function 'htobe64' [-Wimplicit-function-declaration]
#23 0.985   280 |         return htobe64(rta_getattr_u64(rta));
#23 0.985       |                ^~~~~~~
#23 1.050     AR       libnetlink.a
#23 1.052     CC       utils.o
#23 1.441     CC       utils_math.o
#23 1.481     CC       rt_names.o
#23 1.642     CC       ll_map.o
#23 1.654 In file included from ll_map.c:17:
#23 1.654 ../include/libnetlink.h: In function 'rta_getattr_be64':
#23 1.655 ../include/libnetlink.h:280:16: warning: implicit declaration of function 'htobe64' [-Wimplicit-function-declaration]
#23 1.655   280 |         return htobe64(rta_getattr_u64(rta));
#23 1.655       |                ^~~~~~~
#23 1.731     CC       ll_types.o
#23 1.743 In file included from ll_types.c:20:
#23 1.743 ../include/uapi/linux/sockios.h:42: warning: "SIOCGSTAMP" redefined
#23 1.743    42 | #define SIOCGSTAMP      SIOCGSTAMP_OLD
#23 1.743       | 
#23 1.743 In file included from /usr/include/sys/ioctl.h:10,
#23 1.743                  from ll_types.c:12:
#23 1.743 /usr/include/bits/ioctl.h:111: note: this is the location of the previous definition
#23 1.743   111 | #define SIOCGSTAMP      0x8906
#23 1.743       | 
#23 1.743 ../include/uapi/linux/sockios.h:43: warning: "SIOCGSTAMPNS" redefined
#23 1.743    43 | #define SIOCGSTAMPNS    SIOCGSTAMPNS_OLD
#23 1.743       | 
#23 1.743 /usr/include/bits/ioctl.h:112: note: this is the location of the previous definition
#23 1.743   112 | #define SIOCGSTAMPNS    0x8907
#23 1.743       | 
#23 1.758     CC       ll_proto.o
#23 1.770 In file included from ll_proto.c:21:
#23 1.770 ../include/uapi/linux/sockios.h:42: warning: "SIOCGSTAMP" redefined
#23 1.770    42 | #define SIOCGSTAMP      SIOCGSTAMP_OLD
#23 1.770       | 
#23 1.770 In file included from /usr/include/sys/ioctl.h:10,
#23 1.770                  from ll_proto.c:13:
#23 1.770 /usr/include/bits/ioctl.h:111: note: this is the location of the previous definition
#23 1.770   111 | #define SIOCGSTAMP      0x8906
#23 1.770       | 
#23 1.770 ../include/uapi/linux/sockios.h:43: warning: "SIOCGSTAMPNS" redefined
#23 1.770    43 | #define SIOCGSTAMPNS    SIOCGSTAMPNS_OLD
#23 1.770       | 
#23 1.770 /usr/include/bits/ioctl.h:112: note: this is the location of the previous definition
#23 1.770   112 | #define SIOCGSTAMPNS    0x8907
#23 1.770       | 
#23 1.783     CC       ll_addr.o
#23 1.795 In file included from ll_addr.c:20:
#23 1.795 ../include/uapi/linux/sockios.h:42: warning: "SIOCGSTAMP" redefined
#23 1.795    42 | #define SIOCGSTAMP      SIOCGSTAMP_OLD
#23 1.795       | 
#23 1.795 In file included from /usr/include/sys/ioctl.h:10,
#23 1.795                  from ll_addr.c:12:
#23 1.795 /usr/include/bits/ioctl.h:111: note: this is the location of the previous definition
#23 1.795   111 | #define SIOCGSTAMP      0x8906
#23 1.795       | 
#23 1.795 ../include/uapi/linux/sockios.h:43: warning: "SIOCGSTAMPNS" redefined
#23 1.795    43 | #define SIOCGSTAMPNS    SIOCGSTAMPNS_OLD
#23 1.795       | 
#23 1.795 /usr/include/bits/ioctl.h:112: note: this is the location of the previous definition
#23 1.795   112 | #define SIOCGSTAMPNS    0x8907
#23 1.795       | 
#23 1.822     CC       inet_proto.o
#23 1.852     CC       namespace.o
#23 1.902     CC       json_writer.o
#23 1.991     CC       json_print.o
#23 2.109     CC       json_print_math.o
#23 2.140     CC       names.o
#23 2.184     CC       color.o
#23 2.228     CC       bpf_legacy.o
#23 2.618     CC       bpf_glue.o
#23 2.652     CC       exec.o
#23 2.680     CC       fs.o
#23 2.746     CC       cg_map.o
#23 2.779     CC       ppp_proto.o
#23 2.802     CC       bpf_libbpf.o
#23 2.879     CC       selinux.o
#23 2.899     CC       ax25_ntop.o
#23 2.926     CC       rose_ntop.o
#23 2.939 In file included from rose_ntop.c:16:
#23 2.939 ../include/uapi/linux/sockios.h:42: warning: "SIOCGSTAMP" redefined
#23 2.939    42 | #define SIOCGSTAMP      SIOCGSTAMP_OLD
#23 2.939       | 
#23 2.939 In file included from /usr/include/sys/ioctl.h:10,
#23 2.939                  from rose_ntop.c:7:
#23 2.939 /usr/include/bits/ioctl.h:111: note: this is the location of the previous definition
#23 2.939   111 | #define SIOCGSTAMP      0x8906
#23 2.939       | 
#23 2.939 ../include/uapi/linux/sockios.h:43: warning: "SIOCGSTAMPNS" redefined
#23 2.939    43 | #define SIOCGSTAMPNS    SIOCGSTAMPNS_OLD
#23 2.939       | 
#23 2.939 /usr/include/bits/ioctl.h:112: note: this is the location of the previous definition
#23 2.939   112 | #define SIOCGSTAMPNS    0x8907
#23 2.939       | 
#23 2.955     CC       mpls_ntop.o
#23 2.982     CC       mpls_pton.o
#23 3.010     CC       netrom_ntop.o
#23 3.031     AR       libutil.a
#23 3.035 
#23 3.035 ip
#23 3.037     CC       ip.o
#23 3.107     CC       ipaddress.o
#23 3.121 In file included from ipaddress.c:26:
#23 3.121 ../include/uapi/linux/sockios.h:42: warning: "SIOCGSTAMP" redefined
#23 3.121    42 | #define SIOCGSTAMP      SIOCGSTAMP_OLD
#23 3.121       | 
#23 3.121 In file included from /usr/include/sys/ioctl.h:10,
#23 3.121                  from ipaddress.c:14:
#23 3.121 /usr/include/bits/ioctl.h:111: note: this is the location of the previous definition
#23 3.121   111 | #define SIOCGSTAMP      0x8906
#23 3.121       | 
#23 3.121 ../include/uapi/linux/sockios.h:43: warning: "SIOCGSTAMPNS" redefined
#23 3.121    43 | #define SIOCGSTAMPNS    SIOCGSTAMPNS_OLD
#23 3.121       | 
#23 3.121 /usr/include/bits/ioctl.h:112: note: this is the location of the previous definition
#23 3.121   112 | #define SIOCGSTAMPNS    0x8907
#23 3.121       | 
#23 3.554     CC       ipaddrlabel.o
#23 3.610     CC       iproute.o
#23 4.143     CC       iprule.o
#23 4.320     CC       ipnetns.o
#23 4.498     CC       rtm_map.o
#23 4.531     CC       iptunnel.o
#23 4.542 In file included from ../include/uapi/linux/if_tunnel.h:6,
#23 4.542                  from iptunnel.c:19:
#23 4.542 ../include/uapi/linux/if.h:134: warning: "IFF_VOLATILE" redefined
#23 4.542   134 | #define IFF_VOLATILE    (IFF_LOOPBACK|IFF_POINTOPOINT|IFF_BROADCAST|IFF_ECHO|\
#23 4.542       | 
#23 4.542 In file included from iptunnel.c:16:
#23 4.542 /usr/include/net/if.h:48: note: this is the location of the previous definition
#23 4.542    48 | #define IFF_VOLATILE (IFF_LOOPBACK|IFF_POINTOPOINT|IFF_BROADCAST| \
#23 4.542       | 
#23 4.668     CC       ip6tunnel.o
#23 4.771     CC       tunnel.o
#23 4.856     CC       ipneigh.o
#23 5.015     CC       ipntable.o
#23 5.129     CC       iplink.o
#23 5.395     CC       ipmaddr.o
#23 5.407 In file included from ipmaddr.c:21:
#23 5.407 ../include/uapi/linux/sockios.h:42: warning: "SIOCGSTAMP" redefined
#23 5.407    42 | #define SIOCGSTAMP      SIOCGSTAMP_OLD
#23 5.407       | 
#23 5.407 In file included from /usr/include/sys/ioctl.h:10,
#23 5.407                  from ipmaddr.c:12:
#23 5.407 /usr/include/bits/ioctl.h:111: note: this is the location of the previous definition
#23 5.407   111 | #define SIOCGSTAMP      0x8906
#23 5.407       | 
#23 5.407 ../include/uapi/linux/sockios.h:43: warning: "SIOCGSTAMPNS" redefined
#23 5.407    43 | #define SIOCGSTAMPNS    SIOCGSTAMPNS_OLD
#23 5.407       | 
#23 5.407 /usr/include/bits/ioctl.h:112: note: this is the location of the previous definition
#23 5.407   112 | #define SIOCGSTAMPNS    0x8907
#23 5.407       | 
#23 5.479     CC       ipmonitor.o
#23 5.547     CC       ipmroute.o
#23 5.559 In file included from ipmroute.c:22:
#23 5.559 ../include/uapi/linux/sockios.h:42: warning: "SIOCGSTAMP" redefined
#23 5.559    42 | #define SIOCGSTAMP      SIOCGSTAMP_OLD
#23 5.559       | 
#23 5.559 In file included from /usr/include/sys/ioctl.h:10,
#23 5.559                  from ipmroute.c:13:
#23 5.559 /usr/include/bits/ioctl.h:111: note: this is the location of the previous definition
#23 5.559   111 | #define SIOCGSTAMP      0x8906
#23 5.559       | 
#23 5.559 ../include/uapi/linux/sockios.h:43: warning: "SIOCGSTAMPNS" redefined
#23 5.559    43 | #define SIOCGSTAMPNS    SIOCGSTAMPNS_OLD
#23 5.559       | 
#23 5.559 /usr/include/bits/ioctl.h:112: note: this is the location of the previous definition
#23 5.559   112 | #define SIOCGSTAMPNS    0x8907
#23 5.559       | 
#23 5.616     CC       ipprefix.o
#23 5.644     CC       iptuntap.o
#23 5.752     CC       iptoken.o
#23 5.803     CC       ipxfrm.o
#23 6.094     CC       xfrm_state.o
#23 6.348     CC       xfrm_policy.o
#23 6.564     CC       xfrm_monitor.o
#23 6.638     CC       iplink_dummy.o
#23 6.659     CC       iplink_ifb.o
#23 6.679     CC       iplink_nlmon.o
#23 6.700     CC       iplink_team.o
#23 6.722     CC       iplink_vcan.o
#23 6.742     CC       iplink_vxcan.o
#23 6.771     CC       iplink_vlan.o
#23 6.841     CC       link_veth.o
#23 6.870     CC       link_gre.o
#23 6.882 In file included from ../include/uapi/linux/if_tunnel.h:6,
#23 6.882                  from link_gre.c:15:
#23 6.882 ../include/uapi/linux/if.h:134: warning: "IFF_VOLATILE" redefined
#23 6.882   134 | #define IFF_VOLATILE    (IFF_LOOPBACK|IFF_POINTOPOINT|IFF_BROADCAST|IFF_ECHO|\
#23 6.882       | 
#23 6.882 In file included from link_gre.c:9:
#23 6.882 /usr/include/net/if.h:48: note: this is the location of the previous definition
#23 6.882    48 | #define IFF_VOLATILE (IFF_LOOPBACK|IFF_POINTOPOINT|IFF_BROADCAST| \
#23 6.882       | 
#23 6.993     CC       iplink_can.o
#23 7.146     CC       iplink_xdp.o
#23 7.205     CC       iplink_macvlan.o
#23 7.270     CC       ipl2tp.o
#23 7.430     CC       link_vti.o
#23 7.440 In file included from ../include/uapi/linux/if_tunnel.h:6,
#23 7.440                  from link_vti.c:16:
#23 7.440 ../include/uapi/linux/if.h:134: warning: "IFF_VOLATILE" redefined
#23 7.440   134 | #define IFF_VOLATILE    (IFF_LOOPBACK|IFF_POINTOPOINT|IFF_BROADCAST|IFF_ECHO|\
#23 7.440       | 
#23 7.440 In file included from link_vti.c:10:
#23 7.440 /usr/include/net/if.h:48: note: this is the location of the previous definition
#23 7.440    48 | #define IFF_VOLATILE (IFF_LOOPBACK|IFF_POINTOPOINT|IFF_BROADCAST| \
#23 7.440       | 
#23 7.489     CC       link_vti6.o
#23 7.500 In file included from ../include/uapi/linux/if_tunnel.h:6,
#23 7.500                  from link_vti6.c:17:
#23 7.500 ../include/uapi/linux/if.h:134: warning: "IFF_VOLATILE" redefined
#23 7.500   134 | #define IFF_VOLATILE    (IFF_LOOPBACK|IFF_POINTOPOINT|IFF_BROADCAST|IFF_ECHO|\
#23 7.500       | 
#23 7.500 In file included from link_vti6.c:11:
#23 7.500 /usr/include/net/if.h:48: note: this is the location of the previous definition
#23 7.500    48 | #define IFF_VOLATILE (IFF_LOOPBACK|IFF_POINTOPOINT|IFF_BROADCAST| \
#23 7.500       | 
#23 7.550     CC       link_xfrm.o
#23 7.584     CC       iplink_vxlan.o
#23 7.749     CC       tcp_metrics.o
#23 7.856     CC       iplink_ipoib.o
#23 7.895     CC       ipnetconf.o
#23 7.945     CC       link_ip6tnl.o
#23 7.955 In file included from ../include/uapi/linux/if_tunnel.h:6,
#23 7.955                  from link_ip6tnl.c:15:
#23 7.955 ../include/uapi/linux/if.h:134: warning: "IFF_VOLATILE" redefined
#23 7.955   134 | #define IFF_VOLATILE    (IFF_LOOPBACK|IFF_POINTOPOINT|IFF_BROADCAST|IFF_ECHO|\
#23 7.955       | 
#23 7.955 In file included from link_ip6tnl.c:9:
#23 7.955 /usr/include/net/if.h:48: note: this is the location of the previous definition
#23 7.955    48 | #define IFF_VOLATILE (IFF_LOOPBACK|IFF_POINTOPOINT|IFF_BROADCAST| \
#23 7.955       | 
#23 8.039     CC       link_iptnl.o
#23 8.050 In file included from ../include/uapi/linux/if_tunnel.h:6,
#23 8.050                  from link_iptnl.c:16:
#23 8.050 ../include/uapi/linux/if.h:134: warning: "IFF_VOLATILE" redefined
#23 8.050   134 | #define IFF_VOLATILE    (IFF_LOOPBACK|IFF_POINTOPOINT|IFF_BROADCAST|IFF_ECHO|\
#23 8.050       | 
#23 8.050 In file included from link_iptnl.c:9:
#23 8.050 /usr/include/net/if.h:48: note: this is the location of the previous definition
#23 8.050    48 | #define IFF_VOLATILE (IFF_LOOPBACK|IFF_POINTOPOINT|IFF_BROADCAST| \
#23 8.050       | 
#23 8.135     CC       link_gre6.o
#23 8.146 In file included from ../include/uapi/linux/if_tunnel.h:6,
#23 8.146                  from link_gre6.c:15:
#23 8.146 ../include/uapi/linux/if.h:134: warning: "IFF_VOLATILE" redefined
#23 8.146   134 | #define IFF_VOLATILE    (IFF_LOOPBACK|IFF_POINTOPOINT|IFF_BROADCAST|IFF_ECHO|\
#23 8.146       | 
#23 8.146 In file included from link_gre6.c:9:
#23 8.146 /usr/include/net/if.h:48: note: this is the location of the previous definition
#23 8.146    48 | #define IFF_VOLATILE (IFF_LOOPBACK|IFF_POINTOPOINT|IFF_BROADCAST| \
#23 8.146       | 
#23 8.266     CC       iplink_bond.o
#23 8.435     CC       iplink_bond_slave.o
#23 8.490     CC       iplink_hsr.o
#23 8.540     CC       iplink_bridge.o
#23 8.683     CC       iplink_bridge_slave.o
#23 8.780     CC       iplink_dsa.o
#23 8.812     CC       ipfou.o
#23 8.825 In file included from ../include/libgenl.h:5,
#23 8.825                  from ipfou.c:18:
#23 8.825 ../include/libnetlink.h: In function 'rta_getattr_be64':
#23 8.825 ../include/libnetlink.h:280:16: warning: implicit declaration of function 'htobe64' [-Wimplicit-function-declaration]
#23 8.825   280 |         return htobe64(rta_getattr_u64(rta));
#23 8.825       |                ^~~~~~~
#23 8.890     CC       iplink_ipvlan.o
#23 8.928     CC       iplink_geneve.o
#23 9.015     CC       iplink_vrf.o
#23 9.061     CC       iproute_lwtunnel.o
#23 9.440     CC       ipmacsec.o
#23 9.686     CC       ipila.o
#23 9.699 In file included from ../include/libgenl.h:5,
#23 9.699                  from ipila.c:18:
#23 9.699 ../include/libnetlink.h: In function 'rta_getattr_be64':
#23 9.699 ../include/libnetlink.h:280:16: warning: implicit declaration of function 'htobe64' [-Wimplicit-function-declaration]
#23 9.699   280 |         return htobe64(rta_getattr_u64(rta));
#23 9.699       |                ^~~~~~~
#23 9.774     CC       ipvrf.o
#23 9.876     CC       iplink_xstats.o
#23 9.904     CC       ipseg6.o
#23 9.955     CC       iplink_netdevsim.o
#23 9.978     CC       iplink_rmnet.o
#23 10.02     CC       ipnexthop.o
#23 10.24     CC       ipmptcp.o
#23 10.36     CC       iplink_bareudp.o
#23 10.37 In file included from iplink_bareudp.c:9:
#23 10.37 ../include/libnetlink.h: In function 'rta_getattr_be64':
#23 10.37 ../include/libnetlink.h:280:16: warning: implicit declaration of function 'htobe64' [-Wimplicit-function-declaration]
#23 10.37   280 |         return htobe64(rta_getattr_u64(rta));
#23 10.37       |                ^~~~~~~
#23 10.40     CC       iplink_wwan.o
#23 10.43     CC       ipioam6.o
#23 10.50     CC       iplink_amt.o
#23 10.56     CC       iplink_batadv.o
#23 10.58     CC       iplink_gtp.o
#23 10.62     CC       iplink_virt_wifi.o
#23 10.64     CC       iplink_netkit.o
#23 10.68     CC       ipstats.o
#23 10.88     LINK     ip
#23 10.91     CC       rtmon.o
#23 10.96     LINK     rtmon
#23 10.97 
#23 10.97 tc
#23 10.97     CC       tc.o
#23 11.05     CC       tc_qdisc.o
#23 11.15     CC       tc_class.o
#23 11.27     CC       tc_filter.o
#23 11.44     CC       tc_util.o
#23 11.61     CC       tc_monitor.o
#23 11.65     CC       tc_exec.o
#23 11.68     CC       m_police.o
#23 11.77     CC       m_estimator.o
#23 11.81     CC       m_action.o
#23 11.98     CC       m_ematch.o
#23 12.09     YACC     emp_ematch.tab.c
#23 12.15     CC       emp_ematch.tab.o
#23 12.26     LEX      emp_ematch.lex.c
#23 12.26     CC       emp_ematch.lex.o
#23 12.42     CC       q_fifo.o
#23 12.46     CC       q_sfq.o
#23 12.53     CC       q_red.o
#23 12.59     CC       q_prio.o
#23 12.65     CC       q_skbprio.o
#23 12.68     CC       q_tbf.o
#23 12.77     CC       q_multiq.o
#23 12.80     CC       q_netem.o
#23 12.99     CC       q_choke.o
#23 13.05     CC       q_sfb.o
#23 13.11     CC       f_u32.o
#23 13.37     CC       f_route.o
#23 13.42     CC       f_fw.o
#23 13.48     CC       f_basic.o
#23 13.52     CC       f_bpf.o
#23 13.60     CC       f_flow.o
#23 13.69     CC       f_cgroup.o
#23 13.73     CC       f_flower.o
#23 13.74 In file included from ../include/uapi/linux/netdevice.h:29,
#23 13.74                  from ../include/uapi/linux/if_arp.h:27,
#23 13.74                  from f_flower.c:14:
#23 13.74 ../include/uapi/linux/if.h:134: warning: "IFF_VOLATILE" redefined
#23 13.74   134 | #define IFF_VOLATILE    (IFF_LOOPBACK|IFF_POINTOPOINT|IFF_BROADCAST|IFF_ECHO|\
#23 13.74       | 
#23 13.74 In file included from f_flower.c:12:
#23 13.74 /usr/include/net/if.h:48: note: this is the location of the previous definition
#23 13.74    48 | #define IFF_VOLATILE (IFF_LOOPBACK|IFF_POINTOPOINT|IFF_BROADCAST| \
#23 13.74       | 
#23 14.29     CC       q_gred.o
#23 14.39     CC       q_ingress.o
#23 14.43     CC       q_hfsc.o
#23 14.52     CC       q_htb.o
#23 14.61     CC       q_drr.o
#23 14.65     CC       q_qfq.o
#23 14.68     CC       m_gact.o
#23 14.73     CC       m_mirred.o
#23 14.80     CC       m_mpls.o
#23 14.87     CC       m_nat.o
#23 14.92     CC       m_pedit.o
#23 15.06     CC       m_ife.o
#23 15.13     CC       m_skbedit.o
#23 15.19     CC       m_skbmod.o
#23 15.25     CC       m_csum.o
#23 15.31     CC       m_simple.o
#23 15.35     CC       m_vlan.o
#23 15.43     CC       m_connmark.o
#23 15.47     CC       m_ctinfo.o
#23 15.52     CC       m_bpf.o
#23 15.57     CC       m_tunnel_key.o
#23 15.68     CC       m_sample.o
#23 15.73     CC       m_ct.o
#23 15.84     CC       m_gate.o
#23 15.93     CC       p_ip.o
#23 15.97     CC       p_ip6.o
#23 16.02     CC       p_icmp.o
#23 16.04     CC       p_eth.o
#23 16.07     CC       p_tcp.o
#23 16.10     CC       p_udp.o
#23 16.13     CC       em_nbyte.o
#23 16.17     CC       em_cmp.o
#23 16.23     CC       em_u32.o
#23 16.28     CC       em_canid.o
#23 16.33     CC       em_meta.o
#23 16.43     CC       q_mqprio.o
#23 16.54     CC       q_codel.o
#23 16.59     CC       q_fq_codel.o
#23 16.66     CC       q_fq.o
#23 16.77     CC       q_pie.o
#23 16.83     CC       q_fq_pie.o
#23 16.90     CC       q_cake.o
#23 17.09     CC       q_hhf.o
#23 17.15     CC       q_clsact.o
#23 17.17     CC       e_bpf.o
#23 17.22     CC       f_matchall.o
#23 17.27     CC       q_cbs.o
#23 17.31     CC       q_etf.o
#23 17.36     CC       q_taprio.o
#23 17.48     CC       q_plug.o
#23 17.51     CC       q_ets.o
#23 17.59     CC       em_ipt.o
#23 17.61 In file included from tc_util.h:7,
#23 17.61                  from m_ematch.h:11,
#23 17.61                  from em_ipt.c:13:
#23 17.61 ../include/uapi/linux/if.h:134: warning: "IFF_VOLATILE" redefined
#23 17.61   134 | #define IFF_VOLATILE    (IFF_LOOPBACK|IFF_POINTOPOINT|IFF_BROADCAST|IFF_ECHO|\
#23 17.61       | 
#23 17.61 In file included from ../include/xtables.h:17,
#23 17.61                  from em_ipt.c:12:
#23 17.61 /usr/include/net/if.h:48: note: this is the location of the previous definition
#23 17.61    48 | #define IFF_VOLATILE (IFF_LOOPBACK|IFF_POINTOPOINT|IFF_BROADCAST| \
#23 17.61       | 
#23 17.64     CC       em_ipset.o
#23 17.66 In file included from tc_util.h:7,
#23 17.66                  from m_ematch.h:11,
#23 17.66                  from em_ipset.c:39:
#23 17.66 ../include/uapi/linux/if.h:134: warning: "IFF_VOLATILE" redefined
#23 17.66   134 | #define IFF_VOLATILE    (IFF_LOOPBACK|IFF_POINTOPOINT|IFF_BROADCAST|IFF_ECHO|\
#23 17.66       | 
#23 17.66 In file included from ../include/xtables.h:17,
#23 17.66                  from em_ipset.c:23:
#23 17.66 /usr/include/net/if.h:48: note: this is the location of the previous definition
#23 17.66    48 | #define IFF_VOLATILE (IFF_LOOPBACK|IFF_POINTOPOINT|IFF_BROADCAST| \
#23 17.66       | 
#23 17.71     CC       tc_core.o
#23 17.79     CC       tc_red.o
#23 17.83     CC       tc_estimator.o
#23 17.86     CC       tc_stab.o
#23 17.91     CC       tc_qevent.o
#23 17.92 In file included from tc_qevent.h:7,
#23 17.92                  from tc_qevent.c:10:
#23 17.92 ../include/libnetlink.h: In function 'rta_getattr_be64':
#23 17.92 ../include/libnetlink.h:280:16: warning: implicit declaration of function 'htobe64' [-Wimplicit-function-declaration]
#23 17.92   280 |         return htobe64(rta_getattr_u64(rta));
#23 17.92       |                ^~~~~~~
#23 17.97     AR       libtc.a
#23 17.97     LINK     tc
#23 18.00 rm emp_ematch.lex.c
#23 18.00 
#23 18.00 bridge
#23 18.00     CC       bridge.o
#23 18.06     CC       fdb.o
#23 18.07 In file included from fdb.c:28:
#23 18.07 ../include/libnetlink.h: In function 'rta_getattr_be64':
#23 18.07 ../include/libnetlink.h:280:16: warning: implicit declaration of function 'htobe64' [-Wimplicit-function-declaration]
#23 18.07   280 |         return htobe64(rta_getattr_u64(rta));
#23 18.07       |                ^~~~~~~
#23 18.23     CC       monitor.o
#23 18.28     CC       link.o
#23 18.29 In file included from link.c:16:
#23 18.29 ../include/libnetlink.h: In function 'rta_getattr_be64':
#23 18.29 ../include/libnetlink.h:280:16: warning: implicit declaration of function 'htobe64' [-Wimplicit-function-declaration]
#23 18.29   280 |         return htobe64(rta_getattr_u64(rta));
#23 18.29       |                ^~~~~~~
#23 18.42     CC       mdb.o
#23 18.44 In file included from mdb.c:20:
#23 18.44 ../include/libnetlink.h: In function 'rta_getattr_be64':
#23 18.44 ../include/libnetlink.h:280:16: warning: implicit declaration of function 'htobe64' [-Wimplicit-function-declaration]
#23 18.44   280 |         return htobe64(rta_getattr_u64(rta));
#23 18.44       |                ^~~~~~~
#23 18.63     CC       vlan.o
#23 18.64 In file included from vlan.c:16:
#23 18.64 ../include/libnetlink.h: In function 'rta_getattr_be64':
#23 18.64 ../include/libnetlink.h:280:16: warning: implicit declaration of function 'htobe64' [-Wimplicit-function-declaration]
#23 18.64   280 |         return htobe64(rta_getattr_u64(rta));
#23 18.64       |                ^~~~~~~
#23 18.87     CC       vni.o
#23 18.89 In file included from vni.c:21:
#23 18.89 ../include/libnetlink.h: In function 'rta_getattr_be64':
#23 18.89 ../include/libnetlink.h:280:16: warning: implicit declaration of function 'htobe64' [-Wimplicit-function-declaration]
#23 18.89   280 |         return htobe64(rta_getattr_u64(rta));
#23 18.89       |                ^~~~~~~
#23 18.96     LINK     bridge
#23 18.97 
#23 18.97 misc
#23 18.98     CC       ss.o
#23 19.00 In file included from ../include/uapi/linux/tipc.h:42,
#23 19.00                  from ss.c:49:
#23 19.00 ../include/uapi/linux/sockios.h:42: warning: "SIOCGSTAMP" redefined
#23 19.00    42 | #define SIOCGSTAMP      SIOCGSTAMP_OLD
#23 19.00       | 
#23 19.00 In file included from /usr/include/sys/ioctl.h:10,
#23 19.00                  from ss.c:12:
#23 19.00 /usr/include/bits/ioctl.h:111: note: this is the location of the previous definition
#23 19.00   111 | #define SIOCGSTAMP      0x8906
#23 19.00       | 
#23 19.00 ../include/uapi/linux/sockios.h:43: warning: "SIOCGSTAMPNS" redefined
#23 19.00    43 | #define SIOCGSTAMPNS    SIOCGSTAMPNS_OLD
#23 19.00       | 
#23 19.00 /usr/include/bits/ioctl.h:112: note: this is the location of the previous definition
#23 19.00   112 | #define SIOCGSTAMPNS    0x8907
#23 19.00       | 
#23 19.90     CC       ssfilter_check.o
#23 19.92 In file included from ssfilter_check.c:6:
#23 19.92 ../include/libnetlink.h: In function 'rta_getattr_be64':
#23 19.92 ../include/libnetlink.h:280:16: warning: implicit declaration of function 'htobe64' [-Wimplicit-function-declaration]
#23 19.92   280 |         return htobe64(rta_getattr_u64(rta));
#23 19.92       |                ^~~~~~~
#23 19.93     YACC     ssfilter.tab.c
#23 19.99     CC       ssfilter.tab.o
#23 20.09     LINK     ss
#23 20.11     CC       nstat
#23 20.27     CC       ifstat
#23 20.28 In file included from ifstat.c:30:
#23 20.28 ../include/libnetlink.h: In function 'rta_getattr_be64':
#23 20.28 ../include/libnetlink.h:280:16: warning: implicit declaration of function 'htobe64' [-Wimplicit-function-declaration]
#23 20.28   280 |         return htobe64(rta_getattr_u64(rta));
#23 20.28       |                ^~~~~~~
#23 20.44     CC       rtacct
#23 20.58     CC       lnstat.o
#23 20.64     CC       lnstat_util.o
#23 20.70     LINK     lnstat
#23 20.72 
#23 20.72 netem
#23 20.72 gcc  -I../include -o maketable maketable.c -lm
#23 20.75 gcc  -I../include -o normal normal.c -lm
#23 20.78 gcc  -I../include -o pareto pareto.c -lm
#23 20.80 gcc  -I../include -o paretonormal paretonormal.c -lm
#23 20.83 ./normal > normal.dist
#23 20.84 ./pareto > pareto.dist
#23 20.84 ./paretonormal > paretonormal.dist
#23 20.85 ./maketable experimental.dat > experimental.dist
#23 20.85 
#23 20.85 genl
#23 20.86     CC       genl.o
#23 20.89     CC       ctrl.o
#23 20.96     LINK     genl
#23 20.98 
#23 20.98 man
#23 20.98 make[2]: Nothing to be done for 'all'.
#23 20.98 make[2]: Nothing to be done for 'all'.
#23 20.98 sed \
#23 20.98 	-e "s|@NETNS_ETC_DIR@|/etc/netns|g" \
#23 20.98 	-e "s|@NETNS_RUN_DIR@|/var/run/netns|g" \
#23 20.98 	-e "s|@SYSCONF_ETC_DIR@|/etc/iproute2|g" \
#23 20.98 	-e "s|@SYSCONF_USR_DIR@|/usr/share/iproute2|g" \
#23 20.98 	ip-address.8.in > ip-address.8
#23 20.98 sed \
#23 20.98 	-e "s|@NETNS_ETC_DIR@|/etc/netns|g" \
#23 20.98 	-e "s|@NETNS_RUN_DIR@|/var/run/netns|g" \
#23 20.98 	-e "s|@SYSCONF_ETC_DIR@|/etc/iproute2|g" \
#23 20.98 	-e "s|@SYSCONF_USR_DIR@|/usr/share/iproute2|g" \
#23 20.98 	ip-link.8.in > ip-link.8
#23 20.99 sed \
#23 20.99 	-e "s|@NETNS_ETC_DIR@|/etc/netns|g" \
#23 20.99 	-e "s|@NETNS_RUN_DIR@|/var/run/netns|g" \
#23 20.99 	-e "s|@SYSCONF_ETC_DIR@|/etc/iproute2|g" \
#23 20.99 	-e "s|@SYSCONF_USR_DIR@|/usr/share/iproute2|g" \
#23 20.99 	ip-netns.8.in > ip-netns.8
#23 20.99 sed \
#23 20.99 	-e "s|@NETNS_ETC_DIR@|/etc/netns|g" \
#23 20.99 	-e "s|@NETNS_RUN_DIR@|/var/run/netns|g" \
#23 20.99 	-e "s|@SYSCONF_ETC_DIR@|/etc/iproute2|g" \
#23 20.99 	-e "s|@SYSCONF_USR_DIR@|/usr/share/iproute2|g" \
#23 20.99 	ip-route.8.in > ip-route.8
#23 20.99 
#23 20.99 tipc
#23 21.00     CC       bearer.o
#23 21.17     CC       cmdl.o
#23 21.21     CC       link.o
#23 21.40     CC       media.o
#23 21.45     CC       misc.o
#23 21.50     CC       msg.o
#23 21.52     CC       nametable.o
#23 21.57     CC       node.o
#23 21.66     CC       socket.o
#23 21.70     CC       peer.o
#23 21.73     CC       tipc.o
#23 21.77     LINK     tipc
#23 21.78 
#23 21.78 devlink
#23 21.78     CC       devlink.o
#23 23.47     CC       mnlg.o
#23 23.49 In file included from mnlg.c:16:
#23 23.49 ../include/libnetlink.h: In function 'rta_getattr_be64':
#23 23.49 ../include/libnetlink.h:280:16: warning: implicit declaration of function 'htobe64' [-Wimplicit-function-declaration]
#23 23.49   280 |         return htobe64(rta_getattr_u64(rta));
#23 23.49       |                ^~~~~~~
#23 23.52     LINK     devlink
#23 23.53 
#23 23.53 rdma
#23 23.53     CC       rdma.o
#23 23.55 rdma.c: In function 'main':
#23 23.55 rdma.c:110:20: warning: implicit declaration of function 'basename'; did you mean 'rename'? [-Wimplicit-function-declaration]
#23 23.55   110 |         filename = basename(argv[0]);
#23 23.55       |                    ^~~~~~~~
#23 23.55       |                    rename
#23 23.55 rdma.c:110:18: warning: assignment to 'char *' from 'int' makes pointer from integer without a cast [-Wint-conversion]
#23 23.55   110 |         filename = basename(argv[0]);
#23 23.55       |                  ^
#23 23.58     CC       utils.o
#23 23.75     CC       dev.o
#23 23.82     CC       link.o
#23 23.89     CC       res.o
#23 24.00     CC       res-pd.o
#23 24.04     CC       res-mr.o
#23 24.10     CC       res-cq.o
#23 24.14     CC       res-cmid.o
#23 24.20     CC       res-qp.o
#23 24.25     CC       sys.o
#23 24.30     CC       stat.o
#23 24.54     CC       stat-mr.o
#23 24.57     CC       res-ctx.o
#23 24.61     CC       res-srq.o
#23 24.68     LINK     rdma
#23 24.69 
#23 24.69 dcb
#23 24.69     CC       dcb.o
#23 24.71 In file included from ../include/namespace.h:10,
#23 24.71                  from dcb.c:11:
#23 24.71 ../include/libnetlink.h: In function 'rta_getattr_be64':
#23 24.71 ../include/libnetlink.h:280:16: warning: implicit declaration of function 'htobe64' [-Wimplicit-function-declaration]
#23 24.71   280 |         return htobe64(rta_getattr_u64(rta));
#23 24.71       |                ^~~~~~~
#23 24.80     CC       dcb_app.o
#23 24.99     CC       dcb_buffer.o
#23 25.04     CC       dcb_dcbx.o
#23 25.09     CC       dcb_ets.o
#23 25.17     CC       dcb_maxrate.o
#23 25.23     CC       dcb_pfc.o
#23 25.29     CC       dcb_apptrust.o
#23 25.35     CC       dcb_rewr.o
#23 25.44     LINK     dcb
#23 25.45 
#23 25.45 vdpa
#23 25.45     CC       vdpa.o
#23 25.61     LINK     vdpa
#23 DONE 25.6s

#24 [20/22] RUN git clone --no-single-branch --depth=1 https://github.com/linux-netdev/testing.git /nipa-data/kernel
#24 0.332 Cloning into '/nipa-data/kernel'...
#24 24.62 Updating files:  16% (13593/83283)Updating files:  17% (14159/83283)Updating files:  18% (14991/83283)Updating files:  19% (15824/83283)Updating files:  20% (16657/83283)Updating files:  21% (17490/83283)Updating files:  22% (18323/83283)Updating files:  23% (19156/83283)Updating files:  24% (19988/83283)Updating files:  25% (20821/83283)Updating files:  26% (21654/83283)Updating files:  27% (22487/83283)Updating files:  28% (23320/83283)Updating files:  29% (24153/83283)Updating files:  30% (24985/83283)Updating files:  31% (25818/83283)Updating files:  32% (26651/83283)Updating files:  33% (27484/83283)Updating files:  33% (28003/83283)Updating files:  34% (28317/83283)Updating files:  35% (29150/83283)Updating files:  36% (29982/83283)Updating files:  37% (30815/83283)Updating files:  38% (31648/83283)Updating files:  39% (32481/83283)Updating files:  40% (33314/83283)Updating files:  40% (33555/83283)Updating files:  41% (34147/83283)Updating files:  42% (34979/83283)Updating files:  43% (35812/83283)Updating files:  44% (36645/83283)Updating files:  45% (37478/83283)Updating files:  46% (38311/83283)Updating files:  47% (39144/83283)Updating files:  48% (39976/83283)Updating files:  49% (40809/83283)Updating files:  50% (41642/83283)Updating files:  50% (41703/83283)Updating files:  51% (42475/83283)Updating files:  52% (43308/83283)Updating files:  53% (44140/83283)Updating files:  54% (44973/83283)Updating files:  55% (45806/83283)Updating files:  56% (46639/83283)Updating files:  57% (47472/83283)Updating files:  58% (48305/83283)Updating files:  59% (49137/83283)Updating files:  60% (49970/83283)Updating files:  61% (50803/83283)Updating files:  62% (51636/83283)Updating files:  63% (52469/83283)Updating files:  64% (53302/83283)Updating files:  64% (53387/83283)Updating files:  65% (54134/83283)Updating files:  66% (54967/83283)Updating files:  67% (55800/83283)Updating files:  68% (56633/83283)Updating files:  69% (57466/83283)Updating files:  70% (58299/83283)Updating files:  71% (59131/83283)Updating files:  72% (59964/83283)Updating files:  73% (60797/83283)Updating files:  74% (61630/83283)Updating files:  75% (62463/83283)Updating files:  76% (63296/83283)Updating files:  77% (64128/83283)Updating files:  78% (64961/83283)Updating files:  79% (65794/83283)Updating files:  80% (66627/83283)Updating files:  81% (67460/83283)Updating files:  81% (67738/83283)Updating files:  82% (68293/83283)Updating files:  83% (69125/83283)Updating files:  84% (69958/83283)Updating files:  85% (70791/83283)Updating files:  86% (71624/83283)Updating files:  87% (72457/83283)Updating files:  88% (73290/83283)Updating files:  89% (74122/83283)Updating files:  90% (74955/83283)Updating files:  91% (75788/83283)Updating files:  92% (76621/83283)Updating files:  93% (77454/83283)Updating files:  94% (78287/83283)Updating files:  95% (79119/83283)Updating files:  96% (79952/83283)Updating files:  97% (80785/83283)Updating files:  98% (81618/83283)Updating files:  99% (82451/83283)Updating files: 100% (83283/83283)Updating files: 100% (83283/83283), done.
#24 DONE 32.4s

#25 [21/22] RUN git clone --depth=1 -b main https://github.com/p4tc-dev/new-nipa.git nipa
#25 0.355 Cloning into 'nipa'...
#25 DONE 0.7s

#26 [22/22] COPY entrypoint.sh /entrypoint.sh
#26 DONE 0.0s

#27 exporting to image
#27 exporting layers
#27 exporting layers 8.9s done
#27 writing image sha256:ca6a1ea80f37cd55621869ddae854ce8a3e004b3174322c08aa6c5c7a9cc862d
#27 writing image sha256:ca6a1ea80f37cd55621869ddae854ce8a3e004b3174322c08aa6c5c7a9cc862d 0.1s done
#27 naming to docker.io/library/nipa-executor
#27 naming to docker.io/library/nipa-executor 0.2s done
#27 DONE 9.2s
=== >>> DEBUG KERNEL <<< ===
NIPA version: 1b9c21a (ui: set canvas background color to stand out, 2024-03-28)
INFO: Last run date: 2024-06-04 18:00:04.705438+00:00
Testing  {'branch': 'net-next-2024-06-04--21-00', 'date': '2024-06-04T21:00:12.378210+00:00', 'base': 'dc629b25095ade651052dad5a3c562ecd927e7be', 'url': 'https://github.com/linux-netdev/testing.git net-next-2024-06-04--21-00'}
Updating files:  35% (7687/21795)Updating files:  36% (7847/21795)Updating files:  37% (8065/21795)Updating files:  38% (8283/21795)Updating files:  39% (8501/21795)Updating files:  40% (8718/21795)Updating files:  41% (8936/21795)Updating files:  42% (9154/21795)Updating files:  43% (9372/21795)Updating files:  44% (9590/21795)Updating files:  45% (9808/21795)Updating files:  46% (10026/21795)Updating files:  47% (10244/21795)Updating files:  48% (10462/21795)Updating files:  49% (10680/21795)Updating files:  50% (10898/21795)Updating files:  51% (11116/21795)Updating files:  52% (11334/21795)Updating files:  53% (11552/21795)Updating files:  54% (11770/21795)Updating files:  55% (11988/21795)Updating files:  56% (12206/21795)Updating files:  57% (12424/21795)Updating files:  58% (12642/21795)Updating files:  59% (12860/21795)Updating files:  60% (13077/21795)Updating files:  61% (13295/21795)Updating files:  62% (13513/21795)Updating files:  63% (13731/21795)Updating files:  63% (13928/21795)Updating files:  64% (13949/21795)Updating files:  65% (14167/21795)Updating files:  66% (14385/21795)Updating files:  67% (14603/21795)Updating files:  68% (14821/21795)Updating files:  69% (15039/21795)Updating files:  70% (15257/21795)Updating files:  71% (15475/21795)Updating files:  72% (15693/21795)Updating files:  73% (15911/21795)Updating files:  74% (16129/21795)Updating files:  75% (16347/21795)Updating files:  76% (16565/21795)Updating files:  77% (16783/21795)Updating files:  78% (17001/21795)Updating files:  79% (17219/21795)Updating files:  80% (17436/21795)Updating files:  81% (17654/21795)Updating files:  82% (17872/21795)Updating files:  83% (18090/21795)Updating files:  84% (18308/21795)Updating files:  85% (18526/21795)Updating files:  86% (18744/21795)Updating files:  87% (18962/21795)Updating files:  88% (19180/21795)Updating files:  89% (19398/21795)Updating files:  90% (19616/21795)Updating files:  91% (19834/21795)Updating files:  92% (20052/21795)Updating files:  93% (20270/21795)Updating files:  94% (20488/21795)Updating files:  95% (20706/21795)Updating files:  96% (20924/21795)Updating files:  97% (21142/21795)Updating files:  98% (21360/21795)Updating files:  99% (21578/21795)Updating files: 100% (21795/21795)Updating files: 100% (21795/21795), done.
branch 'net-next-2024-06-04--21-00' set up to track 'origin/net-next-2024-06-04--21-00'.
Switched to a new branch 'net-next-2024-06-04--21-00'
error: No valid patches in input (allow with "--allow-empty")
Checking patch tools/testing/selftests/tc-testing/tdc_config.py...
Applied patch tools/testing/selftests/tc-testing/tdc_config.py cleanly.
Run at 2024-06-04 21:23:45.989870
INFO: building kernel
INFO: starting VM 0
INFO: thr0-0 VM starting: vng -v -r arch/x86/boot/bzImage --user root --rwdir=/nipa-data/kernel/
INFO: thr0-0 expecting prompt: '/nipa-data/kernel# '
INFO: thr0-0 reached initial prompt
INFO: thr-0 testing == tdc.sh
INFO: thr-0 tdc.sh >> retcode: 0 result: pass found {'fail': False, 'skip': False, 'pass': True}
INFO: thr-0 has no more work, exiting
INFO: thr0-0 VM stopped
Done at 2024-06-04 21:28:34.532521
NIPA quitting!
/
~/nipa/tc-executor/tc-executor-storage /
sort: write failed: 'standard output': Broken pipe
sort: write error
