~/nipa/tc-executor/tc-executor-storage /
Switched to branch 'storage'
Your branch is ahead of 'origin/storage' by 819 commits.
  (use "git push" to publish your local commits)
/
~/nipa/tc-executor /
Error response from daemon: No such image: nipa-executor:latest
#0 building with "default" instance using docker driver

#1 [internal] load .dockerignore
#1 transferring context: 2B done
#1 DONE 0.0s

#2 [internal] load build definition from Dockerfile
#2 transferring dockerfile: 2.05kB done
#2 DONE 0.0s

#3 [internal] load metadata for docker.io/library/alpine:edge
#3 DONE 0.0s

#4 [ 1/22] FROM docker.io/library/alpine:edge
#4 CACHED

#5 [internal] load build context
#5 transferring context: 3.02kB done
#5 DONE 0.0s

#6 [ 2/22] RUN echo false > debug-mode
#6 DONE 0.8s

#7 [ 3/22] RUN addgroup -g 1001 hostuser
#7 DONE 0.4s

#8 [ 4/22] RUN adduser -u 1001 -G hostuser -H -D -s /bin/ash hostuser
#8 DONE 0.4s

#9 [ 5/22] RUN echo '@testing http://dl-cdn.alpinelinux.org/alpine/edge/testing' >> /etc/apk/repositories
#9 DONE 0.4s

#10 [ 6/22] RUN echo '@community http://dl-cdn.alpinelinux.org/alpine/edge/community' >> /etc/apk/repositories
#10 DONE 0.4s

#11 [ 7/22] RUN apk update && apk add --no-cache    virtme-ng@testing    git    py3-requests    py3-psutil    py3-setuptools    py3-pyroute2    py3-argcomplete    qemu-system-x86_64@community    scapy@community    make    gcc    musl-dev    flex    bison    linux-headers    elfutils-dev    util-linux    coreutils    diffutils    findutils    file    bash    kmod    perl    iptables-dev    libcap-dev    libmnl-dev    iproute2     jq    libbpf-dev    rsync    openssl-dev
#11 0.444 fetch https://dl-cdn.alpinelinux.org/alpine/edge/main/x86_64/APKINDEX.tar.gz
#11 0.655 fetch https://dl-cdn.alpinelinux.org/alpine/edge/community/x86_64/APKINDEX.tar.gz
#11 0.853 fetch http://dl-cdn.alpinelinux.org/alpine/edge/testing/x86_64/APKINDEX.tar.gz
#11 1.058 fetch http://dl-cdn.alpinelinux.org/alpine/edge/community/x86_64/APKINDEX.tar.gz
#11 1.312 v3.20.0-446-g0b28c039cdf [https://dl-cdn.alpinelinux.org/alpine/edge/main]
#11 1.312 v3.20.0-500-g8a440bf34dd [https://dl-cdn.alpinelinux.org/alpine/edge/community]
#11 1.312 v3.20.0-495-gdf617761a45 [http://dl-cdn.alpinelinux.org/alpine/edge/testing]
#11 1.312 v3.20.0-500-g8a440bf34dd [http://dl-cdn.alpinelinux.org/alpine/edge/community]
#11 1.312 OK: 31512 distinct packages available
#11 1.382 fetch https://dl-cdn.alpinelinux.org/alpine/edge/main/x86_64/APKINDEX.tar.gz
#11 1.483 fetch https://dl-cdn.alpinelinux.org/alpine/edge/community/x86_64/APKINDEX.tar.gz
#11 1.580 fetch http://dl-cdn.alpinelinux.org/alpine/edge/testing/x86_64/APKINDEX.tar.gz
#11 1.680 fetch http://dl-cdn.alpinelinux.org/alpine/edge/community/x86_64/APKINDEX.tar.gz
#11 1.938 (1/177) Upgrading musl (1.2.4_git20230717-r5 -> 1.2.5-r1)
#11 1.955 (2/177) Upgrading libcrypto3 (3.1.4-r2 -> 3.3.0-r2)
#11 1.989 (3/177) Upgrading libssl3 (3.1.4-r2 -> 3.3.0-r2)
#11 2.006 (4/177) Upgrading zlib (1.3-r2 -> 1.3.1-r1)
#11 2.020 (5/177) Installing ncurses-terminfo-base (6.4_p20240420-r0)
#11 2.034 (6/177) Installing libncursesw (6.4_p20240420-r0)
#11 2.049 (7/177) Installing readline (8.2.10-r0)
#11 2.063 (8/177) Installing bash (5.2.26-r0)
#11 2.083 Executing bash-5.2.26-r0.post-install
#11 2.086 (9/177) Installing m4 (1.4.19-r3)
#11 2.101 (10/177) Installing bison (3.8.2-r1)
#11 2.122 (11/177) Installing coreutils-env (9.5-r1)
#11 2.134 (12/177) Installing coreutils-fmt (9.5-r1)
#11 2.146 (13/177) Installing coreutils-sha512sum (9.5-r1)
#11 2.159 (14/177) Installing libacl (2.3.2-r0)
#11 2.171 (15/177) Installing libattr (2.5.2-r0)
#11 2.183 (16/177) Installing skalibs (2.14.1.1-r0)
#11 2.196 (17/177) Installing utmps-libs (0.1.2.2-r1)
#11 2.208 (18/177) Installing coreutils (9.5-r1)
#11 2.234 (19/177) Installing diffutils (3.10-r0)
#11 2.249 (20/177) Installing zstd-libs (1.5.6-r0)
#11 2.265 (21/177) Installing libelf (0.191-r0)
#11 2.278 (22/177) Installing libbz2 (1.0.8-r6)
#11 2.292 (23/177) Installing musl-fts (1.2.7-r6)
#11 2.304 (24/177) Installing xz-libs (5.6.1-r3)
#11 2.319 (25/177) Installing libdw (0.191-r0)
#11 2.336 (26/177) Installing libasm (0.191-r0)
#11 2.349 (27/177) Installing xz (5.6.1-r3)
#11 2.364 (28/177) Installing pkgconf (2.2.0-r0)
#11 2.377 (29/177) Installing xz-dev (5.6.1-r3)
#11 2.391 (30/177) Installing libgcc (13.2.1_git20240309-r0)
#11 2.404 (31/177) Installing libstdc++ (13.2.1_git20240309-r0)
#11 2.429 (32/177) Installing zstd (1.5.6-r0)
#11 2.444 (33/177) Installing zstd-dev (1.5.6-r0)
#11 2.459 (34/177) Installing zlib-dev (1.3.1-r1)
#11 2.472 (35/177) Installing elfutils-dev (0.191-r0)
#11 2.492 (36/177) Installing libmagic (5.45-r1)
#11 2.519 (37/177) Installing file (5.45-r1)
#11 2.531 (38/177) Installing findutils (4.9.0-r5)
#11 2.546 (39/177) Installing flex (2.6.4-r6)
#11 2.560 (40/177) Installing jansson (2.14-r4)
#11 2.572 (41/177) Installing binutils (2.42-r0)
#11 2.631 (42/177) Installing libgomp (13.2.1_git20240309-r0)
#11 2.646 (43/177) Installing libatomic (13.2.1_git20240309-r0)
#11 2.658 (44/177) Installing gmp (6.3.0-r1)
#11 2.673 (45/177) Installing isl26 (0.26-r1)
#11 2.696 (46/177) Installing mpfr4 (4.2.1-r0)
#11 2.713 (47/177) Installing mpc1 (1.3.1-r1)
#11 2.726 (48/177) Installing gcc (13.2.1_git20240309-r0)
#11 3.181 (49/177) Installing ca-certificates (20240226-r0)
#11 3.205 (50/177) Installing brotli-libs (1.1.0-r2)
#11 3.222 (51/177) Installing c-ares (1.28.1-r0)
#11 3.239 (52/177) Installing libunistring (1.2-r0)
#11 3.258 (53/177) Installing libidn2 (2.3.7-r0)
#11 3.272 (54/177) Installing nghttp2-libs (1.62.0-r0)
#11 3.285 (55/177) Installing libpsl (0.21.5-r1)
#11 3.298 (56/177) Installing libcurl (8.8.0-r0)
#11 3.314 (57/177) Installing libexpat (2.6.2-r0)
#11 3.327 (58/177) Installing pcre2 (10.43-r0)
#11 3.343 (59/177) Installing git (2.45.1-r0)
#11 3.395 (60/177) Installing git-init-template (2.45.1-r0)
#11 3.407 (61/177) Installing libcap2 (2.70-r0)
#11 3.420 (62/177) Installing libmnl (1.0.5-r2)
#11 3.432 (63/177) Installing iproute2-minimal (6.9.0-r0)
#11 3.448 (64/177) Installing libxtables (1.8.10-r3)
#11 3.461 (65/177) Installing iproute2-tc (6.9.0-r0)
#11 3.476 (66/177) Installing iproute2-ss (6.9.0-r0)
#11 3.490 (67/177) Installing iproute2 (6.9.0-r0)
#11 3.508 Executing iproute2-6.9.0-r0.post-install
#11 3.512 (68/177) Installing linux-headers (6.6-r0)
#11 3.591 (69/177) Installing libip4tc (1.8.10-r3)
#11 3.604 (70/177) Installing libip6tc (1.8.10-r3)
#11 3.624 (71/177) Installing libipq (1.8.10-r3)
#11 3.635 (72/177) Installing iptables-dev (1.8.10-r3)
#11 3.649 (73/177) Installing oniguruma (6.9.9-r0)
#11 3.664 (74/177) Installing jq (1.7.1-r0)
#11 3.684 (75/177) Installing kmod (32-r0)
#11 3.699 (76/177) Installing libbpf (1.4.2-r0)
#11 3.715 (77/177) Installing libbpf-dev (1.4.2-r0)
#11 3.733 (78/177) Installing libcap-dev (2.70-r0)
#11 3.746 (79/177) Installing libmnl-dev (1.0.5-r2)
#11 3.758 (80/177) Installing make (4.4.1-r2)
#11 3.772 (81/177) Installing musl-dev (1.2.5-r1)
#11 3.829 (82/177) Installing openssl-dev (3.3.0-r2)
#11 3.855 (83/177) Installing perl (5.38.2-r0)
#11 4.040 (84/177) Installing perl-error (0.17029-r2)
#11 4.052 (85/177) Installing perl-git (2.45.1-r0)
#11 4.066 (86/177) Installing git-perl (2.45.1-r0)
#11 4.079 (87/177) Installing libffi (3.4.6-r0)
#11 4.091 (88/177) Installing gdbm (1.23-r1)
#11 4.104 (89/177) Installing mpdecimal (4.0.0-r0)
#11 4.118 (90/177) Installing libpanelw (6.4_p20240420-r0)
#11 4.130 (91/177) Installing sqlite-libs (3.46.0-r0)
#11 4.152 (92/177) Installing python3 (3.12.3-r1)
#11 4.284 (93/177) Installing python3-pycache-pyc0 (3.12.3-r1)
#11 4.368 (94/177) Installing pyc (3.12.3-r1)
#11 4.382 (95/177) Installing py3-argcomplete-pyc (3.3.0-r0)
#11 4.397 (96/177) Installing python3-pyc (3.12.3-r1)
#11 4.408 (97/177) Installing py3-argcomplete (3.3.0-r0)
#11 4.422 (98/177) Installing py3-psutil (5.9.8-r1)
#11 4.439 (99/177) Installing py3-psutil-pyc (5.9.8-r1)
#11 4.454 (100/177) Installing py3-pyroute2 (0.7.12-r1)
#11 4.485 (101/177) Installing py3-pyroute2-pyc (0.7.12-r1)
#11 4.524 (102/177) Installing py3-certifi (2024.2.2-r1)
#11 4.536 (103/177) Installing py3-certifi-pyc (2024.2.2-r1)
#11 4.548 (104/177) Installing py3-charset-normalizer (3.3.2-r1)
#11 4.567 (105/177) Installing py3-charset-normalizer-pyc (3.3.2-r1)
#11 4.584 (106/177) Installing py3-idna (3.7-r0)
#11 4.598 (107/177) Installing py3-idna-pyc (3.7-r0)
#11 4.612 (108/177) Installing py3-urllib3 (1.26.18-r1)
#11 4.630 (109/177) Installing py3-urllib3-pyc (1.26.18-r1)
#11 4.648 (110/177) Installing py3-requests (2.32.2-r0)
#11 4.662 (111/177) Installing py3-requests-pyc (2.32.2-r0)
#11 4.677 (112/177) Installing py3-parsing (3.1.2-r1)
#11 4.692 (113/177) Installing py3-parsing-pyc (3.1.2-r1)
#11 4.707 (114/177) Installing py3-packaging (24.0-r1)
#11 4.723 (115/177) Installing py3-packaging-pyc (24.0-r1)
#11 4.738 (116/177) Installing py3-setuptools (69.5.1-r0)
#11 4.775 (117/177) Installing py3-setuptools-pyc (69.5.1-r0)
#11 4.819 (118/177) Installing libcap-ng (0.8.5-r0)
#11 4.832 (119/177) Installing libintl (0.22.5-r0)
#11 4.845 (120/177) Installing libeconf (0.6.3-r0)
#11 4.858 (121/177) Installing libblkid (2.40.1-r1)
#11 4.871 (122/177) Installing libmount (2.40.1-r1)
#11 4.885 (123/177) Installing glib (2.80.2-r0)
#11 4.924 (124/177) Installing numactl (2.0.18-r0)
#11 4.941 (125/177) Installing qemu (9.0.0-r0)
#11 4.958 Executing qemu-9.0.0-r0.pre-install
#11 5.035 Executing qemu-9.0.0-r0.post-install
#11 5.039 *
#11 5.039 * If you want to run VM as unprivileged user and let Qemu create tunX devices,
#11 5.039 * then you must add that user to the group "qemu".
#11 5.039 * If you use KVM for hardware-assisted virtualization, then you may also need
#11 5.039 * to add that user to the group "kvm".
#11 5.039 *
#11 5.039 (126/177) Installing qemu-bridge-helper (9.0.0-r0)
#11 5.056 (127/177) Installing libaio (0.3.113-r2)
#11 5.068 (128/177) Installing capstone (5.0.1-r4)
#11 5.097 (129/177) Installing nettle (3.9.1-r0)
#11 5.114 (130/177) Installing libtasn1 (4.19.0-r2)
#11 5.126 (131/177) Installing p11-kit (0.25.3-r0)
#11 5.145 (132/177) Installing gnutls (3.8.5-r0)
#11 5.172 (133/177) Installing libjpeg-turbo (3.0.3-r0)
#11 5.189 (134/177) Installing lzo (2.10-r5)
#11 5.202 (135/177) Installing pixman (0.43.2-r0)
#11 5.228 (136/177) Installing libpng (1.6.43-r0)
#11 5.242 (137/177) Installing libsasl (2.1.28-r6)
#11 5.256 (138/177) Installing libseccomp (2.5.5-r1)
#11 5.269 (139/177) Installing libslirp (4.8.0-r0)
#11 5.282 (140/177) Installing snappy (1.1.10-r2)
#11 5.295 (141/177) Installing liburing (2.6-r0)
#11 5.310 (142/177) Installing vde2-libs (2.3.3-r3)
#11 5.323 (143/177) Installing qemu-system-x86_64 (9.0.0-r0)
#11 5.444 (144/177) Installing lz4-libs (1.9.4-r5)
#11 5.459 (145/177) Installing popt (1.19-r3)
#11 5.472 (146/177) Installing libxxhash (0.8.2-r2)
#11 5.485 (147/177) Installing rsync (3.3.0-r0)
#11 5.501 (148/177) Installing scapy (2.5.0-r3)
#11 5.559 Executing scapy-2.5.0-r3.post-install
#11 5.562 *
#11 5.562 * Certain optional features of scapy also depend on the following packages:
#11 5.562 *     py3-matplotlib graphviz imagemagick py3-cryptography sox
#11 5.562 * And the following unpackaged dependencies:
#11 5.562 *     pyxi vpython-jupyter nmap<v4.23
#11 5.562 * More information can be found at https://scapy.readthedocs.io/en/latest/installation.html#optional-dependencies
#11 5.562 *
#11 5.563 (149/177) Installing scapy-pyc (2.5.0-r3)
#11 5.630 (150/177) Installing util-linux (2.40.1-r1)
#11 5.642 (151/177) Installing dmesg (2.40.1-r1)
#11 5.655 (152/177) Installing setarch (2.40.1-r1)
#11 5.667 (153/177) Installing libuuid (2.40.1-r1)
#11 5.679 (154/177) Installing libfdisk (2.40.1-r1)
#11 5.693 (155/177) Installing libsmartcols (2.40.1-r1)
#11 5.707 (156/177) Installing util-linux-misc (2.40.1-r1)
#11 5.738 (157/177) Installing linux-pam (1.6.0-r0)
#11 5.759 (158/177) Installing runuser (2.40.1-r1)
#11 5.771 (159/177) Installing mount (2.40.1-r1)
#11 5.784 (160/177) Installing losetup (2.40.1-r1)
#11 5.796 (161/177) Installing hexdump (2.40.1-r1)
#11 5.807 (162/177) Installing uuidgen (2.40.1-r1)
#11 5.819 (163/177) Installing blkid (2.40.1-r1)
#11 5.831 (164/177) Installing sfdisk (2.40.1-r1)
#11 5.843 (165/177) Installing mcookie (2.40.1-r1)
#11 5.856 (166/177) Installing agetty (2.40.1-r1)
#11 5.868 (167/177) Installing wipefs (2.40.1-r1)
#11 5.880 (168/177) Installing cfdisk (2.40.1-r1)
#11 5.892 (169/177) Installing umount (2.40.1-r1)
#11 5.904 (170/177) Installing flock (2.40.1-r1)
#11 5.916 (171/177) Installing lsblk (2.40.1-r1)
#11 5.929 (172/177) Installing setpriv (2.40.1-r1)
#11 5.946 (173/177) Installing logger (2.40.1-r1)
#11 5.958 (174/177) Installing partx (2.40.1-r1)
#11 5.970 (175/177) Installing fstrim (2.40.1-r1)
#11 5.984 (176/177) Installing findmnt (2.40.1-r1)
#11 5.996 (177/177) Installing virtme-ng@testing (1.25-r0)
#11 6.052 Executing busybox-1.36.1-r17.trigger
#11 6.056 Executing ca-certificates-20240226-r0.trigger
#11 6.080 Executing glib-2.80.2-r0.trigger
#11 6.087 OK: 385 MiB in 188 packages
#11 DONE 6.4s

#12 [ 8/22] RUN mkdir -p /tmp/kernel-patches &&     mkdir -p /tmp/iproute2-patches
#12 DONE 0.4s

#13 [ 9/22] COPY tdc.config /tmp
#13 DONE 0.0s

#14 [10/22] COPY tdc-debug.config /tmp
#14 DONE 0.1s

#15 [11/22] COPY kernel-patches /tmp/kernel-patches/
#15 DONE 0.0s

#16 [12/22] COPY iproute2-patches /tmp/iproute2-patches/
#16 DONE 0.0s

#17 [13/22] COPY configs /tmp/configs/
#17 DONE 0.0s

#18 [14/22] RUN git config --global user.email foo@bar.com
#18 DONE 0.4s

#19 [15/22] RUN git config --global user.name foo@bar.com
#19 DONE 0.4s

#20 [16/22] RUN git clone https://git.kernel.org/pub/scm/network/iproute2/iproute2-next.git /nipa-data/iproute2
#20 0.375 Cloning into '/nipa-data/iproute2'...
#20 DONE 1.9s

#21 [17/22] RUN cd /nipa-data/iproute2 && 	git remote add stable https://git.kernel.org/pub/scm/network/iproute2/iproute2.git && 	git fetch --all && 	git merge stable/main
#21 0.287 Fetching origin
#21 0.613 Fetching stable
#21 0.967 From https://git.kernel.org/pub/scm/network/iproute2/iproute2
#21 0.967  * [new branch]        codeql         -> stable/codeql
#21 0.967  * [new branch]        iproute2-4.1.x -> stable/iproute2-4.1.x
#21 0.967  * [new branch]        main           -> stable/main
#21 0.971 Already up to date.
#21 DONE 1.0s

#22 [18/22] RUN if [ "$(find /tmp/iproute2-patches/ -name *.patch)" ]; then  	cd /nipa-data/iproute2; 	git apply /tmp/iproute2-patches/*.patch;     fi
#22 DONE 0.4s

#23 [19/22] RUN cd /nipa-data/iproute2/ &&     ./configure &&     make
#23 0.407 TC schedulers
#23 0.408  IPT	using xtables
#23 0.435  IPSET  yes
#23 0.456 
#23 0.457 lib directory: /usr/lib
#23 0.457 libc has setns: yes
#23 0.477 libc has name_to_handle_at: yes
#23 0.498 SELinux support: no
#23 0.499 libtirpc support: no
#23 0.500 libbpf support: yes
#23 0.565 	libbpf version 1.4.2
#23 0.565 ELF support: yes
#23 0.567 libmnl support: yes
#23 0.569 Berkeley DB: no
#23 0.579 need for strlcpy: no
#23 0.603 libcap support: yes
#23 0.605 color output: never
#23 0.607 
#23 0.607 lib
#23 0.609     CC       libgenl.o
#23 0.621 In file included from ../include/libgenl.h:5,
#23 0.621                  from libgenl.c:12:
#23 0.621 ../include/libnetlink.h: In function 'rta_getattr_be64':
#23 0.621 ../include/libnetlink.h:280:16: warning: implicit declaration of function 'htobe64' [-Wimplicit-function-declaration]
#23 0.621   280 |         return htobe64(rta_getattr_u64(rta));
#23 0.621       |                ^~~~~~~
#23 0.648     CC       libnetlink.o
#23 0.960     CC       mnl_utils.o
#23 0.973 In file included from mnl_utils.c:12:
#23 0.973 ../include/libnetlink.h: In function 'rta_getattr_be64':
#23 0.973 ../include/libnetlink.h:280:16: warning: implicit declaration of function 'htobe64' [-Wimplicit-function-declaration]
#23 0.973   280 |         return htobe64(rta_getattr_u64(rta));
#23 0.973       |                ^~~~~~~
#23 1.034     AR       libnetlink.a
#23 1.036     CC       utils.o
#23 1.409     CC       utils_math.o
#23 1.447     CC       rt_names.o
#23 1.600     CC       ll_map.o
#23 1.613 In file included from ll_map.c:17:
#23 1.613 ../include/libnetlink.h: In function 'rta_getattr_be64':
#23 1.613 ../include/libnetlink.h:280:16: warning: implicit declaration of function 'htobe64' [-Wimplicit-function-declaration]
#23 1.613   280 |         return htobe64(rta_getattr_u64(rta));
#23 1.613       |                ^~~~~~~
#23 1.689     CC       ll_types.o
#23 1.703 In file included from ll_types.c:20:
#23 1.703 ../include/uapi/linux/sockios.h:42: warning: "SIOCGSTAMP" redefined
#23 1.703    42 | #define SIOCGSTAMP      SIOCGSTAMP_OLD
#23 1.703       | 
#23 1.703 In file included from /usr/include/sys/ioctl.h:10,
#23 1.703                  from ll_types.c:12:
#23 1.703 /usr/include/bits/ioctl.h:111: note: this is the location of the previous definition
#23 1.703   111 | #define SIOCGSTAMP      0x8906
#23 1.703       | 
#23 1.703 ../include/uapi/linux/sockios.h:43: warning: "SIOCGSTAMPNS" redefined
#23 1.703    43 | #define SIOCGSTAMPNS    SIOCGSTAMPNS_OLD
#23 1.703       | 
#23 1.703 /usr/include/bits/ioctl.h:112: note: this is the location of the previous definition
#23 1.703   112 | #define SIOCGSTAMPNS    0x8907
#23 1.703       | 
#23 1.718     CC       ll_proto.o
#23 1.730 In file included from ll_proto.c:21:
#23 1.730 ../include/uapi/linux/sockios.h:42: warning: "SIOCGSTAMP" redefined
#23 1.730    42 | #define SIOCGSTAMP      SIOCGSTAMP_OLD
#23 1.730       | 
#23 1.730 In file included from /usr/include/sys/ioctl.h:10,
#23 1.730                  from ll_proto.c:13:
#23 1.730 /usr/include/bits/ioctl.h:111: note: this is the location of the previous definition
#23 1.730   111 | #define SIOCGSTAMP      0x8906
#23 1.730       | 
#23 1.730 ../include/uapi/linux/sockios.h:43: warning: "SIOCGSTAMPNS" redefined
#23 1.730    43 | #define SIOCGSTAMPNS    SIOCGSTAMPNS_OLD
#23 1.730       | 
#23 1.730 /usr/include/bits/ioctl.h:112: note: this is the location of the previous definition
#23 1.730   112 | #define SIOCGSTAMPNS    0x8907
#23 1.730       | 
#23 1.744     CC       ll_addr.o
#23 1.757 In file included from ll_addr.c:20:
#23 1.757 ../include/uapi/linux/sockios.h:42: warning: "SIOCGSTAMP" redefined
#23 1.757    42 | #define SIOCGSTAMP      SIOCGSTAMP_OLD
#23 1.757       | 
#23 1.757 In file included from /usr/include/sys/ioctl.h:10,
#23 1.757                  from ll_addr.c:12:
#23 1.757 /usr/include/bits/ioctl.h:111: note: this is the location of the previous definition
#23 1.757   111 | #define SIOCGSTAMP      0x8906
#23 1.757       | 
#23 1.757 ../include/uapi/linux/sockios.h:43: warning: "SIOCGSTAMPNS" redefined
#23 1.757    43 | #define SIOCGSTAMPNS    SIOCGSTAMPNS_OLD
#23 1.757       | 
#23 1.757 /usr/include/bits/ioctl.h:112: note: this is the location of the previous definition
#23 1.757   112 | #define SIOCGSTAMPNS    0x8907
#23 1.757       | 
#23 1.783     CC       inet_proto.o
#23 1.810     CC       namespace.o
#23 1.862     CC       json_writer.o
#23 1.945     CC       json_print.o
#23 2.065     CC       json_print_math.o
#23 2.096     CC       names.o
#23 2.140     CC       color.o
#23 2.180     CC       bpf_legacy.o
#23 2.520     CC       bpf_glue.o
#23 2.557     CC       exec.o
#23 2.588     CC       fs.o
#23 2.648     CC       cg_map.o
#23 2.683     CC       ppp_proto.o
#23 2.705     CC       bpf_libbpf.o
#23 2.778     CC       selinux.o
#23 2.797     CC       ax25_ntop.o
#23 2.823     CC       rose_ntop.o
#23 2.835 In file included from rose_ntop.c:16:
#23 2.835 ../include/uapi/linux/sockios.h:42: warning: "SIOCGSTAMP" redefined
#23 2.835    42 | #define SIOCGSTAMP      SIOCGSTAMP_OLD
#23 2.835       | 
#23 2.835 In file included from /usr/include/sys/ioctl.h:10,
#23 2.835                  from rose_ntop.c:7:
#23 2.835 /usr/include/bits/ioctl.h:111: note: this is the location of the previous definition
#23 2.835   111 | #define SIOCGSTAMP      0x8906
#23 2.835       | 
#23 2.835 ../include/uapi/linux/sockios.h:43: warning: "SIOCGSTAMPNS" redefined
#23 2.835    43 | #define SIOCGSTAMPNS    SIOCGSTAMPNS_OLD
#23 2.835       | 
#23 2.835 /usr/include/bits/ioctl.h:112: note: this is the location of the previous definition
#23 2.835   112 | #define SIOCGSTAMPNS    0x8907
#23 2.835       | 
#23 2.849     CC       mpls_ntop.o
#23 2.877     CC       mpls_pton.o
#23 2.904     CC       netrom_ntop.o
#23 2.926     AR       libutil.a
#23 2.931 
#23 2.931 ip
#23 2.933     CC       ip.o
#23 3.012     CC       ipaddress.o
#23 3.026 In file included from ipaddress.c:26:
#23 3.026 ../include/uapi/linux/sockios.h:42: warning: "SIOCGSTAMP" redefined
#23 3.026    42 | #define SIOCGSTAMP      SIOCGSTAMP_OLD
#23 3.026       | 
#23 3.026 In file included from /usr/include/sys/ioctl.h:10,
#23 3.026                  from ipaddress.c:14:
#23 3.026 /usr/include/bits/ioctl.h:111: note: this is the location of the previous definition
#23 3.026   111 | #define SIOCGSTAMP      0x8906
#23 3.026       | 
#23 3.026 ../include/uapi/linux/sockios.h:43: warning: "SIOCGSTAMPNS" redefined
#23 3.026    43 | #define SIOCGSTAMPNS    SIOCGSTAMPNS_OLD
#23 3.026       | 
#23 3.026 /usr/include/bits/ioctl.h:112: note: this is the location of the previous definition
#23 3.026   112 | #define SIOCGSTAMPNS    0x8907
#23 3.026       | 
#23 3.451     CC       ipaddrlabel.o
#23 3.513     CC       iproute.o
#23 3.995     CC       iprule.o
#23 4.177     CC       ipnetns.o
#23 4.365     CC       rtm_map.o
#23 4.400     CC       iptunnel.o
#23 4.412 In file included from ../include/uapi/linux/if_tunnel.h:6,
#23 4.412                  from iptunnel.c:19:
#23 4.412 ../include/uapi/linux/if.h:134: warning: "IFF_VOLATILE" redefined
#23 4.412   134 | #define IFF_VOLATILE    (IFF_LOOPBACK|IFF_POINTOPOINT|IFF_BROADCAST|IFF_ECHO|\
#23 4.412       | 
#23 4.412 In file included from iptunnel.c:16:
#23 4.412 /usr/include/net/if.h:48: note: this is the location of the previous definition
#23 4.412    48 | #define IFF_VOLATILE (IFF_LOOPBACK|IFF_POINTOPOINT|IFF_BROADCAST| \
#23 4.412       | 
#23 4.560     CC       ip6tunnel.o
#23 4.676     CC       tunnel.o
#23 4.769     CC       ipneigh.o
#23 4.924     CC       ipntable.o
#23 5.062     CC       iplink.o
#23 5.334     CC       ipmaddr.o
#23 5.346 In file included from ipmaddr.c:21:
#23 5.346 ../include/uapi/linux/sockios.h:42: warning: "SIOCGSTAMP" redefined
#23 5.346    42 | #define SIOCGSTAMP      SIOCGSTAMP_OLD
#23 5.346       | 
#23 5.346 In file included from /usr/include/sys/ioctl.h:10,
#23 5.346                  from ipmaddr.c:12:
#23 5.346 /usr/include/bits/ioctl.h:111: note: this is the location of the previous definition
#23 5.346   111 | #define SIOCGSTAMP      0x8906
#23 5.346       | 
#23 5.346 ../include/uapi/linux/sockios.h:43: warning: "SIOCGSTAMPNS" redefined
#23 5.346    43 | #define SIOCGSTAMPNS    SIOCGSTAMPNS_OLD
#23 5.346       | 
#23 5.346 /usr/include/bits/ioctl.h:112: note: this is the location of the previous definition
#23 5.346   112 | #define SIOCGSTAMPNS    0x8907
#23 5.346       | 
#23 5.420     CC       ipmonitor.o
#23 5.490     CC       ipmroute.o
#23 5.503 In file included from ipmroute.c:22:
#23 5.503 ../include/uapi/linux/sockios.h:42: warning: "SIOCGSTAMP" redefined
#23 5.503    42 | #define SIOCGSTAMP      SIOCGSTAMP_OLD
#23 5.503       | 
#23 5.503 In file included from /usr/include/sys/ioctl.h:10,
#23 5.503                  from ipmroute.c:13:
#23 5.503 /usr/include/bits/ioctl.h:111: note: this is the location of the previous definition
#23 5.503   111 | #define SIOCGSTAMP      0x8906
#23 5.503       | 
#23 5.503 ../include/uapi/linux/sockios.h:43: warning: "SIOCGSTAMPNS" redefined
#23 5.503    43 | #define SIOCGSTAMPNS    SIOCGSTAMPNS_OLD
#23 5.503       | 
#23 5.503 /usr/include/bits/ioctl.h:112: note: this is the location of the previous definition
#23 5.503   112 | #define SIOCGSTAMPNS    0x8907
#23 5.503       | 
#23 5.563     CC       ipprefix.o
#23 5.597     CC       iptuntap.o
#23 5.701     CC       iptoken.o
#23 5.753     CC       ipxfrm.o
#23 6.062     CC       xfrm_state.o
#23 6.319     CC       xfrm_policy.o
#23 6.547     CC       xfrm_monitor.o
#23 6.623     CC       iplink_dummy.o
#23 6.648     CC       iplink_ifb.o
#23 6.676     CC       iplink_nlmon.o
#23 6.699     CC       iplink_team.o
#23 6.723     CC       iplink_vcan.o
#23 6.746     CC       iplink_vxcan.o
#23 6.774     CC       iplink_vlan.o
#23 6.843     CC       link_veth.o
#23 6.871     CC       link_gre.o
#23 6.883 In file included from ../include/uapi/linux/if_tunnel.h:6,
#23 6.883                  from link_gre.c:15:
#23 6.883 ../include/uapi/linux/if.h:134: warning: "IFF_VOLATILE" redefined
#23 6.883   134 | #define IFF_VOLATILE    (IFF_LOOPBACK|IFF_POINTOPOINT|IFF_BROADCAST|IFF_ECHO|\
#23 6.883       | 
#23 6.883 In file included from link_gre.c:9:
#23 6.883 /usr/include/net/if.h:48: note: this is the location of the previous definition
#23 6.883    48 | #define IFF_VOLATILE (IFF_LOOPBACK|IFF_POINTOPOINT|IFF_BROADCAST| \
#23 6.883       | 
#23 7.013     CC       iplink_can.o
#23 7.154     CC       iplink_xdp.o
#23 7.213     CC       iplink_macvlan.o
#23 7.282     CC       ipl2tp.o
#23 7.451     CC       link_vti.o
#23 7.462 In file included from ../include/uapi/linux/if_tunnel.h:6,
#23 7.462                  from link_vti.c:16:
#23 7.462 ../include/uapi/linux/if.h:134: warning: "IFF_VOLATILE" redefined
#23 7.462   134 | #define IFF_VOLATILE    (IFF_LOOPBACK|IFF_POINTOPOINT|IFF_BROADCAST|IFF_ECHO|\
#23 7.462       | 
#23 7.462 In file included from link_vti.c:10:
#23 7.462 /usr/include/net/if.h:48: note: this is the location of the previous definition
#23 7.462    48 | #define IFF_VOLATILE (IFF_LOOPBACK|IFF_POINTOPOINT|IFF_BROADCAST| \
#23 7.462       | 
#23 7.507     CC       link_vti6.o
#23 7.517 In file included from ../include/uapi/linux/if_tunnel.h:6,
#23 7.517                  from link_vti6.c:17:
#23 7.517 ../include/uapi/linux/if.h:134: warning: "IFF_VOLATILE" redefined
#23 7.517   134 | #define IFF_VOLATILE    (IFF_LOOPBACK|IFF_POINTOPOINT|IFF_BROADCAST|IFF_ECHO|\
#23 7.517       | 
#23 7.517 In file included from link_vti6.c:11:
#23 7.517 /usr/include/net/if.h:48: note: this is the location of the previous definition
#23 7.517    48 | #define IFF_VOLATILE (IFF_LOOPBACK|IFF_POINTOPOINT|IFF_BROADCAST| \
#23 7.517       | 
#23 7.563     CC       link_xfrm.o
#23 7.598     CC       iplink_vxlan.o
#23 7.752     CC       tcp_metrics.o
#23 7.869     CC       iplink_ipoib.o
#23 7.921     CC       ipnetconf.o
#23 7.989     CC       link_ip6tnl.o
#23 8.000 In file included from ../include/uapi/linux/if_tunnel.h:6,
#23 8.000                  from link_ip6tnl.c:15:
#23 8.000 ../include/uapi/linux/if.h:134: warning: "IFF_VOLATILE" redefined
#23 8.000   134 | #define IFF_VOLATILE    (IFF_LOOPBACK|IFF_POINTOPOINT|IFF_BROADCAST|IFF_ECHO|\
#23 8.000       | 
#23 8.000 In file included from link_ip6tnl.c:9:
#23 8.000 /usr/include/net/if.h:48: note: this is the location of the previous definition
#23 8.000    48 | #define IFF_VOLATILE (IFF_LOOPBACK|IFF_POINTOPOINT|IFF_BROADCAST| \
#23 8.000       | 
#23 8.086     CC       link_iptnl.o
#23 8.096 In file included from ../include/uapi/linux/if_tunnel.h:6,
#23 8.096                  from link_iptnl.c:16:
#23 8.096 ../include/uapi/linux/if.h:134: warning: "IFF_VOLATILE" redefined
#23 8.096   134 | #define IFF_VOLATILE    (IFF_LOOPBACK|IFF_POINTOPOINT|IFF_BROADCAST|IFF_ECHO|\
#23 8.096       | 
#23 8.096 In file included from link_iptnl.c:9:
#23 8.096 /usr/include/net/if.h:48: note: this is the location of the previous definition
#23 8.096    48 | #define IFF_VOLATILE (IFF_LOOPBACK|IFF_POINTOPOINT|IFF_BROADCAST| \
#23 8.096       | 
#23 8.182     CC       link_gre6.o
#23 8.193 In file included from ../include/uapi/linux/if_tunnel.h:6,
#23 8.193                  from link_gre6.c:15:
#23 8.193 ../include/uapi/linux/if.h:134: warning: "IFF_VOLATILE" redefined
#23 8.193   134 | #define IFF_VOLATILE    (IFF_LOOPBACK|IFF_POINTOPOINT|IFF_BROADCAST|IFF_ECHO|\
#23 8.193       | 
#23 8.193 In file included from link_gre6.c:9:
#23 8.193 /usr/include/net/if.h:48: note: this is the location of the previous definition
#23 8.193    48 | #define IFF_VOLATILE (IFF_LOOPBACK|IFF_POINTOPOINT|IFF_BROADCAST| \
#23 8.193       | 
#23 8.308     CC       iplink_bond.o
#23 8.481     CC       iplink_bond_slave.o
#23 8.533     CC       iplink_hsr.o
#23 8.583     CC       iplink_bridge.o
#23 8.770     CC       iplink_bridge_slave.o
#23 8.870     CC       iplink_dsa.o
#23 8.902     CC       ipfou.o
#23 8.915 In file included from ../include/libgenl.h:5,
#23 8.915                  from ipfou.c:18:
#23 8.915 ../include/libnetlink.h: In function 'rta_getattr_be64':
#23 8.915 ../include/libnetlink.h:280:16: warning: implicit declaration of function 'htobe64' [-Wimplicit-function-declaration]
#23 8.915   280 |         return htobe64(rta_getattr_u64(rta));
#23 8.915       |                ^~~~~~~
#23 8.987     CC       iplink_ipvlan.o
#23 9.026     CC       iplink_geneve.o
#23 9.115     CC       iplink_vrf.o
#23 9.163     CC       iproute_lwtunnel.o
#23 9.541     CC       ipmacsec.o
#23 9.784     CC       ipila.o
#23 9.799 In file included from ../include/libgenl.h:5,
#23 9.799                  from ipila.c:18:
#23 9.799 ../include/libnetlink.h: In function 'rta_getattr_be64':
#23 9.799 ../include/libnetlink.h:280:16: warning: implicit declaration of function 'htobe64' [-Wimplicit-function-declaration]
#23 9.799   280 |         return htobe64(rta_getattr_u64(rta));
#23 9.799       |                ^~~~~~~
#23 9.876     CC       ipvrf.o
#23 9.997     CC       iplink_xstats.o
#23 10.03     CC       ipseg6.o
#23 10.09     CC       iplink_netdevsim.o
#23 10.11     CC       iplink_rmnet.o
#23 10.15     CC       ipnexthop.o
#23 10.40     CC       ipmptcp.o
#23 10.52     CC       iplink_bareudp.o
#23 10.53 In file included from iplink_bareudp.c:9:
#23 10.53 ../include/libnetlink.h: In function 'rta_getattr_be64':
#23 10.53 ../include/libnetlink.h:280:16: warning: implicit declaration of function 'htobe64' [-Wimplicit-function-declaration]
#23 10.53   280 |         return htobe64(rta_getattr_u64(rta));
#23 10.53       |                ^~~~~~~
#23 10.57     CC       iplink_wwan.o
#23 10.60     CC       ipioam6.o
#23 10.68     CC       iplink_amt.o
#23 10.74     CC       iplink_batadv.o
#23 10.76     CC       iplink_gtp.o
#23 10.80     CC       iplink_virt_wifi.o
#23 10.83     CC       iplink_netkit.o
#23 10.87     CC       ipstats.o
#23 11.07     LINK     ip
#23 11.10     CC       rtmon.o
#23 11.15     LINK     rtmon
#23 11.16 
#23 11.16 tc
#23 11.17     CC       tc.o
#23 11.25     CC       tc_qdisc.o
#23 11.36     CC       tc_class.o
#23 11.47     CC       tc_filter.o
#23 11.63     CC       tc_util.o
#23 11.81     CC       tc_monitor.o
#23 11.85     CC       tc_exec.o
#23 11.88     CC       m_police.o
#23 11.97     CC       m_estimator.o
#23 12.00     CC       m_action.o
#23 12.15     CC       m_ematch.o
#23 12.26     YACC     emp_ematch.tab.c
#23 12.32     CC       emp_ematch.tab.o
#23 12.44     LEX      emp_ematch.lex.c
#23 12.44     CC       emp_ematch.lex.o
#23 12.62     CC       q_fifo.o
#23 12.66     CC       q_sfq.o
#23 12.73     CC       q_red.o
#23 12.81     CC       q_prio.o
#23 12.86     CC       q_skbprio.o
#23 12.90     CC       q_tbf.o
#23 12.98     CC       q_multiq.o
#23 13.01     CC       q_netem.o
#23 13.23     CC       q_choke.o
#23 13.29     CC       q_sfb.o
#23 13.35     CC       f_u32.o
#23 13.63     CC       f_route.o
#23 13.69     CC       f_fw.o
#23 13.74     CC       f_basic.o
#23 13.78     CC       f_bpf.o
#23 13.85     CC       f_flow.o
#23 13.94     CC       f_cgroup.o
#23 13.98     CC       f_flower.o
#23 13.99 In file included from ../include/uapi/linux/netdevice.h:29,
#23 13.99                  from ../include/uapi/linux/if_arp.h:27,
#23 13.99                  from f_flower.c:14:
#23 13.99 ../include/uapi/linux/if.h:134: warning: "IFF_VOLATILE" redefined
#23 13.99   134 | #define IFF_VOLATILE    (IFF_LOOPBACK|IFF_POINTOPOINT|IFF_BROADCAST|IFF_ECHO|\
#23 13.99       | 
#23 13.99 In file included from f_flower.c:12:
#23 13.99 /usr/include/net/if.h:48: note: this is the location of the previous definition
#23 13.99    48 | #define IFF_VOLATILE (IFF_LOOPBACK|IFF_POINTOPOINT|IFF_BROADCAST| \
#23 13.99       | 
#23 14.50     CC       q_gred.o
#23 14.61     CC       q_ingress.o
#23 14.64     CC       q_hfsc.o
#23 14.72     CC       q_htb.o
#23 14.82     CC       q_drr.o
#23 14.86     CC       q_qfq.o
#23 14.90     CC       m_gact.o
#23 14.96     CC       m_mirred.o
#23 15.04     CC       m_mpls.o
#23 15.12     CC       m_nat.o
#23 15.17     CC       m_pedit.o
#23 15.31     CC       m_ife.o
#23 15.39     CC       m_skbedit.o
#23 15.45     CC       m_skbmod.o
#23 15.51     CC       m_csum.o
#23 15.57     CC       m_simple.o
#23 15.61     CC       m_vlan.o
#23 15.68     CC       m_connmark.o
#23 15.72     CC       m_ctinfo.o
#23 15.78     CC       m_bpf.o
#23 15.85     CC       m_tunnel_key.o
#23 15.97     CC       m_sample.o
#23 16.02     CC       m_ct.o
#23 16.12     CC       m_gate.o
#23 16.21     CC       p_ip.o
#23 16.26     CC       p_ip6.o
#23 16.30     CC       p_icmp.o
#23 16.32     CC       p_eth.o
#23 16.35     CC       p_tcp.o
#23 16.38     CC       p_udp.o
#23 16.41     CC       em_nbyte.o
#23 16.46     CC       em_cmp.o
#23 16.51     CC       em_u32.o
#23 16.56     CC       em_canid.o
#23 16.61     CC       em_meta.o
#23 16.71     CC       q_mqprio.o
#23 16.82     CC       q_codel.o
#23 16.87     CC       q_fq_codel.o
#23 16.95     CC       q_fq.o
#23 17.07     CC       q_pie.o
#23 17.13     CC       q_fq_pie.o
#23 17.19     CC       q_cake.o
#23 17.37     CC       q_hhf.o
#23 17.43     CC       q_clsact.o
#23 17.45     CC       e_bpf.o
#23 17.51     CC       f_matchall.o
#23 17.55     CC       q_cbs.o
#23 17.60     CC       q_etf.o
#23 17.65     CC       q_taprio.o
#23 17.78     CC       q_plug.o
#23 17.81     CC       q_ets.o
#23 17.89     CC       em_ipt.o
#23 17.91 In file included from tc_util.h:7,
#23 17.91                  from m_ematch.h:11,
#23 17.91                  from em_ipt.c:13:
#23 17.91 ../include/uapi/linux/if.h:134: warning: "IFF_VOLATILE" redefined
#23 17.91   134 | #define IFF_VOLATILE    (IFF_LOOPBACK|IFF_POINTOPOINT|IFF_BROADCAST|IFF_ECHO|\
#23 17.91       | 
#23 17.91 In file included from ../include/xtables.h:17,
#23 17.91                  from em_ipt.c:12:
#23 17.91 /usr/include/net/if.h:48: note: this is the location of the previous definition
#23 17.91    48 | #define IFF_VOLATILE (IFF_LOOPBACK|IFF_POINTOPOINT|IFF_BROADCAST| \
#23 17.91       | 
#23 17.94     CC       em_ipset.o
#23 17.96 In file included from tc_util.h:7,
#23 17.96                  from m_ematch.h:11,
#23 17.96                  from em_ipset.c:39:
#23 17.96 ../include/uapi/linux/if.h:134: warning: "IFF_VOLATILE" redefined
#23 17.96   134 | #define IFF_VOLATILE    (IFF_LOOPBACK|IFF_POINTOPOINT|IFF_BROADCAST|IFF_ECHO|\
#23 17.96       | 
#23 17.96 In file included from ../include/xtables.h:17,
#23 17.96                  from em_ipset.c:23:
#23 17.96 /usr/include/net/if.h:48: note: this is the location of the previous definition
#23 17.96    48 | #define IFF_VOLATILE (IFF_LOOPBACK|IFF_POINTOPOINT|IFF_BROADCAST| \
#23 17.96       | 
#23 17.99     CC       tc_core.o
#23 18.06     CC       tc_red.o
#23 18.11     CC       tc_estimator.o
#23 18.14     CC       tc_stab.o
#23 18.20     CC       tc_qevent.o
#23 18.21 In file included from tc_qevent.h:7,
#23 18.21                  from tc_qevent.c:10:
#23 18.21 ../include/libnetlink.h: In function 'rta_getattr_be64':
#23 18.21 ../include/libnetlink.h:280:16: warning: implicit declaration of function 'htobe64' [-Wimplicit-function-declaration]
#23 18.21   280 |         return htobe64(rta_getattr_u64(rta));
#23 18.21       |                ^~~~~~~
#23 18.26     AR       libtc.a
#23 18.27     LINK     tc
#23 18.30 rm emp_ematch.lex.c
#23 18.30 
#23 18.30 bridge
#23 18.30     CC       bridge.o
#23 18.36     CC       fdb.o
#23 18.38 In file included from fdb.c:28:
#23 18.38 ../include/libnetlink.h: In function 'rta_getattr_be64':
#23 18.38 ../include/libnetlink.h:280:16: warning: implicit declaration of function 'htobe64' [-Wimplicit-function-declaration]
#23 18.38   280 |         return htobe64(rta_getattr_u64(rta));
#23 18.38       |                ^~~~~~~
#23 18.54     CC       monitor.o
#23 18.58     CC       link.o
#23 18.60 In file included from link.c:16:
#23 18.60 ../include/libnetlink.h: In function 'rta_getattr_be64':
#23 18.60 ../include/libnetlink.h:280:16: warning: implicit declaration of function 'htobe64' [-Wimplicit-function-declaration]
#23 18.60   280 |         return htobe64(rta_getattr_u64(rta));
#23 18.60       |                ^~~~~~~
#23 18.76     CC       mdb.o
#23 18.78 In file included from mdb.c:20:
#23 18.78 ../include/libnetlink.h: In function 'rta_getattr_be64':
#23 18.78 ../include/libnetlink.h:280:16: warning: implicit declaration of function 'htobe64' [-Wimplicit-function-declaration]
#23 18.78   280 |         return htobe64(rta_getattr_u64(rta));
#23 18.78       |                ^~~~~~~
#23 18.96     CC       vlan.o
#23 18.98 In file included from vlan.c:16:
#23 18.98 ../include/libnetlink.h: In function 'rta_getattr_be64':
#23 18.98 ../include/libnetlink.h:280:16: warning: implicit declaration of function 'htobe64' [-Wimplicit-function-declaration]
#23 18.98   280 |         return htobe64(rta_getattr_u64(rta));
#23 18.98       |                ^~~~~~~
#23 19.20     CC       vni.o
#23 19.21 In file included from vni.c:21:
#23 19.21 ../include/libnetlink.h: In function 'rta_getattr_be64':
#23 19.21 ../include/libnetlink.h:280:16: warning: implicit declaration of function 'htobe64' [-Wimplicit-function-declaration]
#23 19.21   280 |         return htobe64(rta_getattr_u64(rta));
#23 19.21       |                ^~~~~~~
#23 19.28     LINK     bridge
#23 19.29 
#23 19.29 misc
#23 19.30     CC       ss.o
#23 19.32 In file included from ../include/uapi/linux/tipc.h:42,
#23 19.32                  from ss.c:49:
#23 19.32 ../include/uapi/linux/sockios.h:42: warning: "SIOCGSTAMP" redefined
#23 19.32    42 | #define SIOCGSTAMP      SIOCGSTAMP_OLD
#23 19.32       | 
#23 19.32 In file included from /usr/include/sys/ioctl.h:10,
#23 19.32                  from ss.c:12:
#23 19.32 /usr/include/bits/ioctl.h:111: note: this is the location of the previous definition
#23 19.32   111 | #define SIOCGSTAMP      0x8906
#23 19.32       | 
#23 19.32 ../include/uapi/linux/sockios.h:43: warning: "SIOCGSTAMPNS" redefined
#23 19.32    43 | #define SIOCGSTAMPNS    SIOCGSTAMPNS_OLD
#23 19.32       | 
#23 19.32 /usr/include/bits/ioctl.h:112: note: this is the location of the previous definition
#23 19.32   112 | #define SIOCGSTAMPNS    0x8907
#23 19.32       | 
#23 20.18     CC       ssfilter_check.o
#23 20.20 In file included from ssfilter_check.c:6:
#23 20.20 ../include/libnetlink.h: In function 'rta_getattr_be64':
#23 20.20 ../include/libnetlink.h:280:16: warning: implicit declaration of function 'htobe64' [-Wimplicit-function-declaration]
#23 20.20   280 |         return htobe64(rta_getattr_u64(rta));
#23 20.20       |                ^~~~~~~
#23 20.22     YACC     ssfilter.tab.c
#23 20.28     CC       ssfilter.tab.o
#23 20.38     LINK     ss
#23 20.39     CC       nstat
#23 20.56     CC       ifstat
#23 20.58 In file included from ifstat.c:30:
#23 20.58 ../include/libnetlink.h: In function 'rta_getattr_be64':
#23 20.58 ../include/libnetlink.h:280:16: warning: implicit declaration of function 'htobe64' [-Wimplicit-function-declaration]
#23 20.58   280 |         return htobe64(rta_getattr_u64(rta));
#23 20.58       |                ^~~~~~~
#23 20.74     CC       rtacct
#23 20.87     CC       lnstat.o
#23 20.94     CC       lnstat_util.o
#23 21.01     LINK     lnstat
#23 21.02 
#23 21.02 netem
#23 21.02 gcc  -I../include -o maketable maketable.c -lm
#23 21.06 gcc  -I../include -o normal normal.c -lm
#23 21.08 gcc  -I../include -o pareto pareto.c -lm
#23 21.11 gcc  -I../include -o paretonormal paretonormal.c -lm
#23 21.13 ./normal > normal.dist
#23 21.14 ./pareto > pareto.dist
#23 21.14 ./paretonormal > paretonormal.dist
#23 21.15 ./maketable experimental.dat > experimental.dist
#23 21.16 
#23 21.16 genl
#23 21.16     CC       genl.o
#23 21.20     CC       ctrl.o
#23 21.27     LINK     genl
#23 21.28 
#23 21.28 man
#23 21.28 make[2]: Nothing to be done for 'all'.
#23 21.28 make[2]: Nothing to be done for 'all'.
#23 21.28 sed \
#23 21.28 	-e "s|@NETNS_ETC_DIR@|/etc/netns|g" \
#23 21.28 	-e "s|@NETNS_RUN_DIR@|/var/run/netns|g" \
#23 21.28 	-e "s|@SYSCONF_ETC_DIR@|/etc/iproute2|g" \
#23 21.28 	-e "s|@SYSCONF_USR_DIR@|/usr/share/iproute2|g" \
#23 21.28 	ip-address.8.in > ip-address.8
#23 21.29 sed \
#23 21.29 	-e "s|@NETNS_ETC_DIR@|/etc/netns|g" \
#23 21.29 	-e "s|@NETNS_RUN_DIR@|/var/run/netns|g" \
#23 21.29 	-e "s|@SYSCONF_ETC_DIR@|/etc/iproute2|g" \
#23 21.29 	-e "s|@SYSCONF_USR_DIR@|/usr/share/iproute2|g" \
#23 21.29 	ip-link.8.in > ip-link.8
#23 21.29 sed \
#23 21.29 	-e "s|@NETNS_ETC_DIR@|/etc/netns|g" \
#23 21.29 	-e "s|@NETNS_RUN_DIR@|/var/run/netns|g" \
#23 21.29 	-e "s|@SYSCONF_ETC_DIR@|/etc/iproute2|g" \
#23 21.29 	-e "s|@SYSCONF_USR_DIR@|/usr/share/iproute2|g" \
#23 21.29 	ip-netns.8.in > ip-netns.8
#23 21.29 sed \
#23 21.29 	-e "s|@NETNS_ETC_DIR@|/etc/netns|g" \
#23 21.29 	-e "s|@NETNS_RUN_DIR@|/var/run/netns|g" \
#23 21.29 	-e "s|@SYSCONF_ETC_DIR@|/etc/iproute2|g" \
#23 21.29 	-e "s|@SYSCONF_USR_DIR@|/usr/share/iproute2|g" \
#23 21.29 	ip-route.8.in > ip-route.8
#23 21.30 
#23 21.30 tipc
#23 21.30     CC       bearer.o
#23 21.47     CC       cmdl.o
#23 21.51     CC       link.o
#23 21.74     CC       media.o
#23 21.80     CC       misc.o
#23 21.87     CC       msg.o
#23 21.89     CC       nametable.o
#23 21.93     CC       node.o
#23 22.02     CC       socket.o
#23 22.05     CC       peer.o
#23 22.09     CC       tipc.o
#23 22.12     LINK     tipc
#23 22.13 
#23 22.13 devlink
#23 22.14     CC       devlink.o
#23 23.77     CC       mnlg.o
#23 23.79 In file included from mnlg.c:16:
#23 23.79 ../include/libnetlink.h: In function 'rta_getattr_be64':
#23 23.79 ../include/libnetlink.h:280:16: warning: implicit declaration of function 'htobe64' [-Wimplicit-function-declaration]
#23 23.79   280 |         return htobe64(rta_getattr_u64(rta));
#23 23.79       |                ^~~~~~~
#23 23.82     LINK     devlink
#23 23.83 
#23 23.83 rdma
#23 23.84     CC       rdma.o
#23 23.86 rdma.c: In function 'main':
#23 23.86 rdma.c:110:20: warning: implicit declaration of function 'basename'; did you mean 'rename'? [-Wimplicit-function-declaration]
#23 23.86   110 |         filename = basename(argv[0]);
#23 23.86       |                    ^~~~~~~~
#23 23.86       |                    rename
#23 23.86 rdma.c:110:18: warning: assignment to 'char *' from 'int' makes pointer from integer without a cast [-Wint-conversion]
#23 23.86   110 |         filename = basename(argv[0]);
#23 23.86       |                  ^
#23 23.88     CC       utils.o
#23 24.06     CC       dev.o
#23 24.13     CC       link.o
#23 24.22     CC       res.o
#23 24.33     CC       res-pd.o
#23 24.38     CC       res-mr.o
#23 24.42     CC       res-cq.o
#23 24.48     CC       res-cmid.o
#23 24.54     CC       res-qp.o
#23 24.61     CC       sys.o
#23 24.66     CC       stat.o
#23 24.87     CC       stat-mr.o
#23 24.91     CC       res-ctx.o
#23 24.95     CC       res-srq.o
#23 25.03     LINK     rdma
#23 25.04 
#23 25.04 dcb
#23 25.04     CC       dcb.o
#23 25.06 In file included from ../include/namespace.h:10,
#23 25.06                  from dcb.c:11:
#23 25.06 ../include/libnetlink.h: In function 'rta_getattr_be64':
#23 25.06 ../include/libnetlink.h:280:16: warning: implicit declaration of function 'htobe64' [-Wimplicit-function-declaration]
#23 25.06   280 |         return htobe64(rta_getattr_u64(rta));
#23 25.06       |                ^~~~~~~
#23 25.16     CC       dcb_app.o
#23 25.35     CC       dcb_buffer.o
#23 25.42     CC       dcb_dcbx.o
#23 25.46     CC       dcb_ets.o
#23 25.54     CC       dcb_maxrate.o
#23 25.59     CC       dcb_pfc.o
#23 25.65     CC       dcb_apptrust.o
#23 25.71     CC       dcb_rewr.o
#23 25.79     LINK     dcb
#23 25.80 
#23 25.80 vdpa
#23 25.80     CC       vdpa.o
#23 25.95     LINK     vdpa
#23 DONE 26.0s

#24 [20/22] RUN git clone --no-single-branch --depth=1 https://github.com/linux-netdev/testing.git /nipa-data/kernel
#24 0.374 Cloning into '/nipa-data/kernel'...
#24 24.75 Updating files:  15% (13263/83283)Updating files:  16% (13326/83283)Updating files:  17% (14159/83283)Updating files:  18% (14991/83283)Updating files:  19% (15824/83283)Updating files:  20% (16657/83283)Updating files:  21% (17490/83283)Updating files:  22% (18323/83283)Updating files:  23% (19156/83283)Updating files:  24% (19988/83283)Updating files:  25% (20821/83283)Updating files:  26% (21654/83283)Updating files:  27% (22487/83283)Updating files:  28% (23320/83283)Updating files:  29% (24153/83283)Updating files:  30% (24985/83283)Updating files:  31% (25818/83283)Updating files:  32% (26651/83283)Updating files:  33% (27484/83283)Updating files:  33% (27517/83283)Updating files:  34% (28317/83283)Updating files:  35% (29150/83283)Updating files:  36% (29982/83283)Updating files:  37% (30815/83283)Updating files:  38% (31648/83283)Updating files:  39% (32481/83283)Updating files:  40% (33314/83283)Updating files:  40% (33560/83283)Updating files:  41% (34147/83283)Updating files:  42% (34979/83283)Updating files:  43% (35812/83283)Updating files:  44% (36645/83283)Updating files:  45% (37478/83283)Updating files:  46% (38311/83283)Updating files:  47% (39144/83283)Updating files:  48% (39976/83283)Updating files:  49% (40809/83283)Updating files:  49% (41352/83283)Updating files:  50% (41642/83283)Updating files:  51% (42475/83283)Updating files:  52% (43308/83283)Updating files:  53% (44140/83283)Updating files:  54% (44973/83283)Updating files:  55% (45806/83283)Updating files:  56% (46639/83283)Updating files:  57% (47472/83283)Updating files:  58% (48305/83283)Updating files:  59% (49137/83283)Updating files:  60% (49970/83283)Updating files:  61% (50803/83283)Updating files:  62% (51636/83283)Updating files:  63% (52469/83283)Updating files:  63% (52621/83283)Updating files:  64% (53302/83283)Updating files:  65% (54134/83283)Updating files:  66% (54967/83283)Updating files:  67% (55800/83283)Updating files:  68% (56633/83283)Updating files:  69% (57466/83283)Updating files:  70% (58299/83283)Updating files:  71% (59131/83283)Updating files:  72% (59964/83283)Updating files:  73% (60797/83283)Updating files:  74% (61630/83283)Updating files:  75% (62463/83283)Updating files:  76% (63296/83283)Updating files:  77% (64128/83283)Updating files:  78% (64961/83283)Updating files:  79% (65794/83283)Updating files:  79% (65930/83283)Updating files:  80% (66627/83283)Updating files:  81% (67460/83283)Updating files:  82% (68293/83283)Updating files:  83% (69125/83283)Updating files:  84% (69958/83283)Updating files:  85% (70791/83283)Updating files:  86% (71624/83283)Updating files:  87% (72457/83283)Updating files:  88% (73290/83283)Updating files:  89% (74122/83283)Updating files:  90% (74955/83283)Updating files:  91% (75788/83283)Updating files:  92% (76621/83283)Updating files:  93% (77454/83283)Updating files:  94% (78287/83283)Updating files:  95% (79119/83283)Updating files:  96% (79952/83283)Updating files:  97% (80785/83283)Updating files:  98% (81618/83283)Updating files:  99% (82451/83283)Updating files:  99% (82803/83283)Updating files: 100% (83283/83283)Updating files: 100% (83283/83283), done.
#24 DONE 32.5s

#25 [21/22] RUN git clone --depth=1 -b main https://github.com/p4tc-dev/new-nipa.git nipa
#25 0.366 Cloning into 'nipa'...
#25 DONE 0.7s

#26 [22/22] COPY entrypoint.sh /entrypoint.sh
#26 DONE 0.0s

#27 exporting to image
#27 exporting layers
#27 exporting layers 7.4s done
#27 writing image sha256:8dd981f1954b643ff7503241bf9695477c3543b274ecd810f6af40f3501b7d2e 0.0s done
#27 naming to docker.io/library/nipa-executor 0.0s done
#27 DONE 7.5s
NIPA version: 1b9c21a (ui: set canvas background color to stand out, 2024-03-28)
INFO: Last run date: 2024-05-30 18:00:18.463789+00:00
Testing  {'branch': 'net-next-2024-05-30--21-00', 'date': '2024-05-30T21:00:03.218483+00:00', 'base': '95cd03f32a1680f693b291da920ab5d3f9d8c5c1', 'url': 'https://github.com/linux-netdev/testing.git net-next-2024-05-30--21-00'}
Updating files:  35% (7591/21552)Updating files:  36% (7759/21552)Updating files:  37% (7975/21552)Updating files:  38% (8190/21552)Updating files:  39% (8406/21552)Updating files:  40% (8621/21552)Updating files:  41% (8837/21552)Updating files:  42% (9052/21552)Updating files:  43% (9268/21552)Updating files:  44% (9483/21552)Updating files:  45% (9699/21552)Updating files:  46% (9914/21552)Updating files:  47% (10130/21552)Updating files:  48% (10345/21552)Updating files:  49% (10561/21552)Updating files:  50% (10776/21552)Updating files:  51% (10992/21552)Updating files:  52% (11208/21552)Updating files:  53% (11423/21552)Updating files:  54% (11639/21552)Updating files:  55% (11854/21552)Updating files:  56% (12070/21552)Updating files:  57% (12285/21552)Updating files:  58% (12501/21552)Updating files:  59% (12716/21552)Updating files:  60% (12932/21552)Updating files:  61% (13147/21552)Updating files:  61% (13270/21552)Updating files:  62% (13363/21552)Updating files:  63% (13578/21552)Updating files:  64% (13794/21552)Updating files:  65% (14009/21552)Updating files:  66% (14225/21552)Updating files:  67% (14440/21552)Updating files:  68% (14656/21552)Updating files:  69% (14871/21552)Updating files:  70% (15087/21552)Updating files:  71% (15302/21552)Updating files:  72% (15518/21552)Updating files:  73% (15733/21552)Updating files:  74% (15949/21552)Updating files:  75% (16164/21552)Updating files:  76% (16380/21552)Updating files:  77% (16596/21552)Updating files:  78% (16811/21552)Updating files:  79% (17027/21552)Updating files:  80% (17242/21552)Updating files:  81% (17458/21552)Updating files:  82% (17673/21552)Updating files:  83% (17889/21552)Updating files:  84% (18104/21552)Updating files:  85% (18320/21552)Updating files:  86% (18535/21552)Updating files:  87% (18751/21552)Updating files:  88% (18966/21552)Updating files:  89% (19182/21552)Updating files:  90% (19397/21552)Updating files:  91% (19613/21552)Updating files:  92% (19828/21552)Updating files:  93% (20044/21552)Updating files:  94% (20259/21552)Updating files:  95% (20475/21552)Updating files:  96% (20690/21552)Updating files:  97% (20906/21552)Updating files:  98% (21121/21552)Updating files:  99% (21337/21552)Updating files:  99% (21541/21552)Updating files: 100% (21552/21552)Updating files: 100% (21552/21552), done.
branch 'net-next-2024-05-30--21-00' set up to track 'origin/net-next-2024-05-30--21-00'.
Switched to a new branch 'net-next-2024-05-30--21-00'
error: No valid patches in input (allow with "--allow-empty")
Checking patch tools/testing/selftests/tc-testing/tdc_config.py...
Applied patch tools/testing/selftests/tc-testing/tdc_config.py cleanly.
Run at 2024-05-30 21:03:32.854915
INFO: building kernel
INFO: starting VM 0
INFO: thr0-0 VM starting: vng -v -r arch/x86/boot/bzImage --user root --rwdir=/nipa-data/kernel/
INFO: thr0-0 expecting prompt: '/nipa-data/kernel# '
INFO: thr0-0 reached initial prompt
INFO: thr-0 testing == tdc.sh
INFO: thr-0 tdc.sh >> retcode: 0 result: pass found {'fail': False, 'skip': False, 'pass': True}
INFO: thr-0 has no more work, exiting
INFO: thr0-0 VM stopped
Done at 2024-05-30 21:07:05.332282
NIPA quitting!
/
~/nipa/tc-executor/tc-executor-storage /
sort: write failed: 'standard output': Broken pipe
sort: write error
