~/nipa/tc-executor/tc-executor-storage /
Switched to branch 'storage-dbg'
Your branch is ahead of 'origin/storage-dbg' by 59 commits.
  (use "git push" to publish your local commits)
/
~/nipa/tc-executor /
Error response from daemon: No such image: nipa-executor:latest
#0 building with "default" instance using docker driver

#1 [internal] load build definition from Dockerfile
#1 transferring dockerfile: 2.03kB done
#1 DONE 0.0s

#2 [internal] load .dockerignore
#2 transferring context: 2B done
#2 DONE 0.0s

#3 [internal] load metadata for docker.io/library/alpine:edge
#3 DONE 0.0s

#4 [ 1/22] FROM docker.io/library/alpine:edge
#4 CACHED

#5 [internal] load build context
#5 transferring context: 3.02kB done
#5 DONE 0.0s

#6 [ 2/22] RUN echo true > debug-mode
#6 DONE 0.3s

#7 [ 3/22] RUN addgroup -g 1001 hostuser
#7 DONE 0.4s

#8 [ 4/22] RUN adduser -u 1001 -G hostuser -H -D -s /bin/ash hostuser
#8 DONE 0.4s

#9 [ 5/22] RUN echo '@testing http://dl-cdn.alpinelinux.org/alpine/edge/testing' >> /etc/apk/repositories
#9 DONE 0.4s

#10 [ 6/22] RUN echo '@community http://dl-cdn.alpinelinux.org/alpine/edge/community' >> /etc/apk/repositories
#10 DONE 0.4s

#11 [ 7/22] RUN apk update && apk add --no-cache    virtme-ng@testing    git    py3-requests    py3-psutil    py3-setuptools    py3-pyroute2    py3-argcomplete    qemu-system-x86_64@community    scapy@community    make    gcc    musl-dev    flex    bison    linux-headers    elfutils-dev    util-linux    coreutils    diffutils    findutils    file    bash    kmod    perl    iptables-dev    libcap-dev    libmnl-dev    iproute2     jq    libbpf-dev    rsync
#11 0.421 fetch https://dl-cdn.alpinelinux.org/alpine/edge/main/x86_64/APKINDEX.tar.gz
#11 0.647 fetch https://dl-cdn.alpinelinux.org/alpine/edge/community/x86_64/APKINDEX.tar.gz
#11 0.848 fetch http://dl-cdn.alpinelinux.org/alpine/edge/testing/x86_64/APKINDEX.tar.gz
#11 1.056 fetch http://dl-cdn.alpinelinux.org/alpine/edge/community/x86_64/APKINDEX.tar.gz
#11 1.265 v20231219-4092-gbd5d07e7499 [https://dl-cdn.alpinelinux.org/alpine/edge/main]
#11 1.265 v20231219-4106-g262ab9d0739 [https://dl-cdn.alpinelinux.org/alpine/edge/community]
#11 1.265 v20231219-4113-g69efb59bc8e [http://dl-cdn.alpinelinux.org/alpine/edge/testing]
#11 1.265 v20231219-4106-g262ab9d0739 [http://dl-cdn.alpinelinux.org/alpine/edge/community]
#11 1.265 OK: 30387 distinct packages available
#11 1.323 fetch https://dl-cdn.alpinelinux.org/alpine/edge/main/x86_64/APKINDEX.tar.gz
#11 1.420 fetch https://dl-cdn.alpinelinux.org/alpine/edge/community/x86_64/APKINDEX.tar.gz
#11 1.502 fetch http://dl-cdn.alpinelinux.org/alpine/edge/testing/x86_64/APKINDEX.tar.gz
#11 1.588 fetch http://dl-cdn.alpinelinux.org/alpine/edge/community/x86_64/APKINDEX.tar.gz
#11 1.782 (1/175) Upgrading musl (1.2.4_git20230717-r5 -> 1.2.4_git20230717-r6)
#11 1.799 (2/175) Upgrading zlib (1.3-r2 -> 1.3.1-r0)
#11 1.812 (3/175) Installing ncurses-terminfo-base (6.4_p20231125-r0)
#11 1.834 (4/175) Installing libncursesw (6.4_p20231125-r0)
#11 1.850 (5/175) Installing readline (8.2.10-r0)
#11 1.865 (6/175) Installing bash (5.2.26-r0)
#11 1.884 Executing bash-5.2.26-r0.post-install
#11 1.887 (7/175) Installing m4 (1.4.19-r3)
#11 1.901 (8/175) Installing bison (3.8.2-r1)
#11 1.930 (9/175) Installing coreutils-env (9.4-r2)
#11 1.942 (10/175) Installing coreutils-fmt (9.4-r2)
#11 1.954 (11/175) Installing coreutils-sha512sum (9.4-r2)
#11 1.966 (12/175) Installing libacl (2.3.2-r0)
#11 1.978 (13/175) Installing libattr (2.5.2-r0)
#11 1.991 (14/175) Installing skalibs (2.14.1.0-r0)
#11 2.010 (15/175) Installing utmps-libs (0.1.2.2-r0)
#11 2.022 (16/175) Installing coreutils (9.4-r2)
#11 2.045 (17/175) Installing diffutils (3.10-r0)
#11 2.059 (18/175) Installing zstd-libs (1.5.5-r8)
#11 2.076 (19/175) Installing libelf (0.190-r1)
#11 2.088 (20/175) Installing libbz2 (1.0.8-r6)
#11 2.100 (21/175) Installing musl-fts (1.2.7-r6)
#11 2.112 (22/175) Installing xz-libs (5.4.6-r0)
#11 2.125 (23/175) Installing libdw (0.190-r1)
#11 2.142 (24/175) Installing libasm (0.190-r1)
#11 2.154 (25/175) Installing xz (5.4.6-r0)
#11 2.169 (26/175) Installing pkgconf (2.1.1-r0)
#11 2.183 (27/175) Installing xz-dev (5.4.6-r0)
#11 2.198 (28/175) Installing libgcc (13.2.1_git20231014-r1)
#11 2.210 (29/175) Installing libstdc++ (13.2.1_git20231014-r1)
#11 2.241 (30/175) Installing zstd (1.5.5-r8)
#11 2.256 (31/175) Installing zstd-dev (1.5.5-r8)
#11 2.269 (32/175) Installing zlib-dev (1.3.1-r0)
#11 2.289 (33/175) Installing elfutils-dev (0.190-r1)
#11 2.309 (34/175) Installing libmagic (5.45-r1)
#11 2.338 (35/175) Installing file (5.45-r1)
#11 2.349 (36/175) Installing findutils (4.9.0-r5)
#11 2.364 (37/175) Installing flex (2.6.4-r6)
#11 2.377 (38/175) Installing jansson (2.14-r4)
#11 2.389 (39/175) Installing binutils (2.42-r0)
#11 2.449 (40/175) Installing libgomp (13.2.1_git20231014-r1)
#11 2.464 (41/175) Installing libatomic (13.2.1_git20231014-r1)
#11 2.476 (42/175) Installing gmp (6.3.0-r0)
#11 2.492 (43/175) Installing isl26 (0.26-r1)
#11 2.516 (44/175) Installing mpfr4 (4.2.1-r0)
#11 2.533 (45/175) Installing mpc1 (1.3.1-r1)
#11 2.546 (46/175) Installing gcc (13.2.1_git20231014-r1)
#11 3.036 (47/175) Installing ca-certificates (20230506-r1)
#11 3.064 (48/175) Installing brotli-libs (1.1.0-r1)
#11 3.084 (49/175) Installing c-ares (1.26.0-r0)
#11 3.101 (50/175) Installing libunistring (1.1-r2)
#11 3.120 (51/175) Installing libidn2 (2.3.7-r0)
#11 3.134 (52/175) Installing nghttp2-libs (1.59.0-r0)
#11 3.147 (53/175) Installing libpsl (0.21.5-r1)
#11 3.159 (54/175) Installing libcurl (8.6.0-r0)
#11 3.177 (55/175) Installing libexpat (2.6.0-r0)
#11 3.192 (56/175) Installing pcre2 (10.43-r0)
#11 3.209 (57/175) Installing git (2.43.2-r0)
#11 3.269 (58/175) Installing git-init-template (2.43.2-r0)
#11 3.282 (59/175) Installing libcap2 (2.69-r1)
#11 3.294 (60/175) Installing libmnl (1.0.5-r2)
#11 3.306 (61/175) Installing iproute2-minimal (6.7.0-r0)
#11 3.324 (62/175) Installing libxtables (1.8.10-r3)
#11 3.336 (63/175) Installing iproute2-tc (6.7.0-r0)
#11 3.354 (64/175) Installing iproute2-ss (6.7.0-r0)
#11 3.367 (65/175) Installing iproute2 (6.7.0-r0)
#11 3.383 Executing iproute2-6.7.0-r0.post-install
#11 3.386 (66/175) Installing linux-headers (6.6-r0)
#11 3.479 (67/175) Installing libip4tc (1.8.10-r3)
#11 3.492 (68/175) Installing libip6tc (1.8.10-r3)
#11 3.506 (69/175) Installing libipq (1.8.10-r3)
#11 3.518 (70/175) Installing iptables-dev (1.8.10-r3)
#11 3.531 (71/175) Installing oniguruma (6.9.9-r0)
#11 3.550 (72/175) Installing jq (1.7.1-r0)
#11 3.566 (73/175) Installing kmod (31-r2)
#11 3.580 (74/175) Installing libbpf (1.3.0-r0)
#11 3.595 (75/175) Installing libbpf-dev (1.3.0-r0)
#11 3.614 (76/175) Installing libcap-dev (2.69-r1)
#11 3.626 (77/175) Installing libmnl-dev (1.0.5-r2)
#11 3.638 (78/175) Installing make (4.4.1-r2)
#11 3.655 (79/175) Installing musl-dev (1.2.4_git20230717-r6)
#11 3.718 (80/175) Installing perl (5.38.2-r0)
#11 3.964 (81/175) Installing perl-error (0.17029-r2)
#11 3.976 (82/175) Installing perl-git (2.43.2-r0)
#11 3.989 (83/175) Installing git-perl (2.43.2-r0)
#11 4.005 (84/175) Installing libffi (3.4.5-r0)
#11 4.021 (85/175) Installing gdbm (1.23-r1)
#11 4.033 (86/175) Installing mpdecimal (4.0.0-r0)
#11 4.050 (87/175) Installing libpanelw (6.4_p20231125-r0)
#11 4.062 (88/175) Installing sqlite-libs (3.45.1-r0)
#11 4.096 (89/175) Installing python3 (3.11.8-r0)
#11 4.259 (90/175) Installing python3-pycache-pyc0 (3.11.8-r0)
#11 4.351 (91/175) Installing pyc (3.11.8-r0)
#11 4.363 (92/175) Installing py3-argcomplete-pyc (3.2.2-r0)
#11 4.376 (93/175) Installing python3-pyc (3.11.8-r0)
#11 4.396 (94/175) Installing py3-argcomplete (3.2.2-r0)
#11 4.409 (95/175) Installing py3-psutil (5.9.8-r0)
#11 4.436 (96/175) Installing py3-psutil-pyc (5.9.8-r0)
#11 4.455 (97/175) Installing py3-pyroute2 (0.7.10-r0)
#11 4.491 (98/175) Installing py3-pyroute2-pyc (0.7.10-r0)
#11 4.531 (99/175) Installing py3-certifi (2023.11.17-r0)
#11 4.545 (100/175) Installing py3-certifi-pyc (2023.11.17-r0)
#11 4.564 (101/175) Installing py3-charset-normalizer (3.3.2-r0)
#11 4.578 (102/175) Installing py3-charset-normalizer-pyc (3.3.2-r0)
#11 4.592 (103/175) Installing py3-idna (3.6-r0)
#11 4.609 (104/175) Installing py3-idna-pyc (3.6-r0)
#11 4.622 (105/175) Installing py3-urllib3 (1.26.18-r0)
#11 4.644 (106/175) Installing py3-urllib3-pyc (1.26.18-r0)
#11 4.661 (107/175) Installing py3-requests (2.31.0-r1)
#11 4.676 (108/175) Installing py3-requests-pyc (2.31.0-r1)
#11 4.690 (109/175) Installing py3-parsing (3.1.1-r0)
#11 4.709 (110/175) Installing py3-parsing-pyc (3.1.1-r0)
#11 4.725 (111/175) Installing py3-packaging (23.2-r0)
#11 4.738 (112/175) Installing py3-packaging-pyc (23.2-r0)
#11 4.753 (113/175) Installing py3-setuptools (69.1.0-r0)
#11 4.788 (114/175) Installing py3-setuptools-pyc (69.1.0-r0)
#11 4.829 (115/175) Installing libcap-ng (0.8.4-r0)
#11 4.841 (116/175) Installing libintl (0.22.4-r0)
#11 4.854 (117/175) Installing libblkid (2.39.3-r0)
#11 4.867 (118/175) Installing libmount (2.39.3-r0)
#11 4.881 (119/175) Installing glib (2.78.4-r0)
#11 4.914 (120/175) Installing numactl (2.0.18-r0)
#11 4.925 (121/175) Installing qemu (8.2.1-r0)
#11 4.941 Executing qemu-8.2.1-r0.pre-install
#11 5.016 Executing qemu-8.2.1-r0.post-install
#11 5.019 *
#11 5.019 * If you want to run VM as unprivileged user and let Qemu create tunX devices,
#11 5.019 * then you must add that user to the group "qemu".
#11 5.019 * If you use KVM for hardware-assisted virtualization, then you may also need
#11 5.019 * to add that user to the group "kvm".
#11 5.019 *
#11 5.019 (122/175) Installing qemu-bridge-helper (8.2.1-r0)
#11 5.036 (123/175) Installing libaio (0.3.113-r2)
#11 5.047 (124/175) Installing capstone (5.0.1-r2)
#11 5.081 (125/175) Installing py3-capstone (5.0.1-r2)
#11 5.121 (126/175) Installing py3-capstone-pyc (5.0.1-r2)
#11 5.136 (127/175) Installing nettle (3.9.1-r0)
#11 5.159 (128/175) Installing libtasn1 (4.19.0-r2)
#11 5.171 (129/175) Installing p11-kit (0.25.3-r0)
#11 5.192 (130/175) Installing gnutls (3.8.3-r0)
#11 5.217 (131/175) Installing libjpeg-turbo (3.0.2-r0)
#11 5.235 (132/175) Installing lzo (2.10-r5)
#11 5.251 (133/175) Installing pixman (0.43.2-r0)
#11 5.267 (134/175) Installing libpng (1.6.42-r0)
#11 5.281 (135/175) Installing libsasl (2.1.28-r5)
#11 5.294 (136/175) Installing libseccomp (2.5.5-r0)
#11 5.307 (137/175) Installing libslirp (4.7.0-r0)
#11 5.320 (138/175) Installing snappy (1.1.10-r2)
#11 5.332 (139/175) Installing liburing (2.5-r1)
#11 5.344 (140/175) Installing vde2-libs (2.3.3-r1)
#11 5.357 (141/175) Installing qemu-system-x86_64 (8.2.1-r0)
#11 5.474 (142/175) Installing lz4-libs (1.9.4-r5)
#11 5.487 (143/175) Installing popt (1.19-r3)
#11 5.512 (144/175) Installing libxxhash (0.8.2-r2)
#11 5.524 (145/175) Installing rsync (3.2.7-r4)
#11 5.539 (146/175) Installing scapy (2.5.0-r1)
#11 5.589 Executing scapy-2.5.0-r1.post-install
#11 5.591 *
#11 5.591 * Certain optional features of scapy also depend on the following packages:
#11 5.591 *     py3-matplotlib graphviz imagemagick py3-cryptography sox
#11 5.591 * And the following unpackaged dependencies:
#11 5.591 *     pyxi vpython-jupyter nmap<v4.23
#11 5.591 * More information can be found at https://scapy.readthedocs.io/en/latest/installation.html#optional-dependencies
#11 5.591 *
#11 5.591 (147/175) Installing scapy-pyc (2.5.0-r1)
#11 5.668 (148/175) Installing util-linux (2.39.3-r0)
#11 5.680 (149/175) Installing setarch (2.39.3-r0)
#11 5.692 (150/175) Installing libuuid (2.39.3-r0)
#11 5.703 (151/175) Installing libfdisk (2.39.3-r0)
#11 5.719 (152/175) Installing libsmartcols (2.39.3-r0)
#11 5.744 (153/175) Installing util-linux-misc (2.39.3-r0)
#11 5.774 (154/175) Installing libeconf (0.5.2-r2)
#11 5.786 (155/175) Installing linux-pam (1.5.3-r7)
#11 5.805 (156/175) Installing runuser (2.39.3-r0)
#11 5.817 (157/175) Installing mount (2.39.3-r0)
#11 5.828 (158/175) Installing losetup (2.39.3-r0)
#11 5.841 (159/175) Installing hexdump (2.39.3-r0)
#11 5.852 (160/175) Installing uuidgen (2.39.3-r0)
#11 5.864 (161/175) Installing blkid (2.39.3-r0)
#11 5.876 (162/175) Installing sfdisk (2.39.3-r0)
#11 5.888 (163/175) Installing mcookie (2.39.3-r0)
#11 5.900 (164/175) Installing agetty (2.39.3-r0)
#11 5.915 (165/175) Installing wipefs (2.39.3-r0)
#11 5.927 (166/175) Installing cfdisk (2.39.3-r0)
#11 5.939 (167/175) Installing umount (2.39.3-r0)
#11 5.951 (168/175) Installing flock (2.39.3-r0)
#11 5.963 (169/175) Installing lsblk (2.39.3-r0)
#11 5.976 (170/175) Installing setpriv (2.39.3-r0)
#11 5.988 (171/175) Installing logger (2.39.3-r0)
#11 6.000 (172/175) Installing partx (2.39.3-r0)
#11 6.013 (173/175) Installing fstrim (2.39.3-r0)
#11 6.024 (174/175) Installing findmnt (2.39.3-r0)
#11 6.037 (175/175) Installing virtme-ng@testing (1.20-r0)
#11 6.098 Executing busybox-1.36.1-r17.trigger
#11 6.103 Executing ca-certificates-20230506-r1.trigger
#11 6.126 Executing glib-2.78.4-r0.trigger
#11 6.130 OK: 385 MiB in 188 packages
#11 DONE 6.5s

#12 [ 8/22] RUN mkdir -p /tmp/kernel-patches &&     mkdir -p /tmp/iproute2-patches
#12 DONE 0.4s

#13 [ 9/22] COPY tdc.config /tmp
#13 DONE 0.0s

#14 [10/22] COPY tdc-debug.config /tmp
#14 DONE 0.1s

#15 [11/22] COPY kernel-patches /tmp/kernel-patches/
#15 DONE 0.0s

#16 [12/22] COPY iproute2-patches /tmp/iproute2-patches/
#16 DONE 0.0s

#17 [13/22] COPY configs /tmp/configs/
#17 DONE 0.0s

#18 [14/22] RUN git config --global user.email foo@bar.com
#18 DONE 0.4s

#19 [15/22] RUN git config --global user.name foo@bar.com
#19 DONE 0.4s

#20 [16/22] RUN git clone https://git.kernel.org/pub/scm/network/iproute2/iproute2-next.git /nipa-data/iproute2
#20 0.407 Cloning into '/nipa-data/iproute2'...
#20 DONE 13.3s

#21 [17/22] RUN cd /nipa-data/iproute2 && 	git remote add stable https://git.kernel.org/pub/scm/network/iproute2/iproute2.git && 	git fetch --all && 	git merge stable/main
#21 0.384 Fetching origin
#21 0.661 Fetching stable
#21 1.237 From https://git.kernel.org/pub/scm/network/iproute2/iproute2
#21 1.237  * [new branch]        codeql         -> stable/codeql
#21 1.237  * [new branch]        color-opt      -> stable/color-opt
#21 1.238  * [new branch]        flag-names     -> stable/flag-names
#21 1.238  * [new branch]        iproute2-4.1.x -> stable/iproute2-4.1.x
#21 1.238  * [new branch]        json1          -> stable/json1
#21 1.238  * [new branch]        main           -> stable/main
#21 1.238  * [new branch]        net-next       -> stable/net-next
#21 1.238  * [new branch]        warnings       -> stable/warnings
#21 1.270 Merge made by the 'ort' strategy.
#21 1.286  man/man8/ip-link.8.in |  5 ++++
#21 1.286  man/man8/ip.8         | 10 ++++----
#21 1.286  tc/f_cgroup.c         |  4 ++--
#21 1.286  tc/f_flow.c           | 64 +++++++++++++++++++++++++++++----------------------
#21 1.286  tc/f_fw.c             | 12 +++++-----
#21 1.286  tc/f_route.c          | 16 ++++++++-----
#21 1.286  6 files changed, 65 insertions(+), 46 deletions(-)
#21 DONE 1.3s

#22 [18/22] RUN if [ "$(find /tmp/iproute2-patches/ -name *.patch)" ]; then  	cd /nipa-data/iproute2; 	git apply /tmp/iproute2-patches/*.patch;     fi
#22 DONE 0.4s

#23 [19/22] RUN cd /nipa-data/iproute2/ &&     ./configure &&     make
#23 0.382 TC schedulers
#23 0.383  IPT	using xtables
#23 0.412  IPSET  yes
#23 0.433 
#23 0.433 lib directory: /usr/lib
#23 0.433 libc has setns: yes
#23 0.453 libc has name_to_handle_at: yes
#23 0.474 SELinux support: no
#23 0.475 libtirpc support: no
#23 0.476 libbpf support: yes
#23 0.543 	libbpf version 1.3.0
#23 0.543 ELF support: yes
#23 0.544 libmnl support: yes
#23 0.546 Berkeley DB: no
#23 0.555 need for strlcpy: no
#23 0.575 libcap support: yes
#23 0.577 color output: never
#23 0.580 
#23 0.580 lib
#23 0.581     CC       libgenl.o
#23 0.621     CC       libnetlink.o
#23 0.937     CC       mnl_utils.o
#23 1.014     AR       libnetlink.a
#23 1.016     CC       utils.o
#23 1.389     CC       utils_math.o
#23 1.430     CC       rt_names.o
#23 1.588     CC       ll_map.o
#23 1.677     CC       ll_types.o
#23 1.690 In file included from ll_types.c:20:
#23 1.690 ../include/uapi/linux/sockios.h:42: warning: "SIOCGSTAMP" redefined
#23 1.690    42 | #define SIOCGSTAMP      SIOCGSTAMP_OLD
#23 1.690       | 
#23 1.690 In file included from /usr/include/sys/ioctl.h:10,
#23 1.690                  from ll_types.c:12:
#23 1.690 /usr/include/bits/ioctl.h:111: note: this is the location of the previous definition
#23 1.690   111 | #define SIOCGSTAMP      0x8906
#23 1.690       | 
#23 1.690 ../include/uapi/linux/sockios.h:43: warning: "SIOCGSTAMPNS" redefined
#23 1.690    43 | #define SIOCGSTAMPNS    SIOCGSTAMPNS_OLD
#23 1.690       | 
#23 1.690 /usr/include/bits/ioctl.h:112: note: this is the location of the previous definition
#23 1.690   112 | #define SIOCGSTAMPNS    0x8907
#23 1.690       | 
#23 1.704     CC       ll_proto.o
#23 1.716 In file included from ll_proto.c:21:
#23 1.716 ../include/uapi/linux/sockios.h:42: warning: "SIOCGSTAMP" redefined
#23 1.716    42 | #define SIOCGSTAMP      SIOCGSTAMP_OLD
#23 1.716       | 
#23 1.716 In file included from /usr/include/sys/ioctl.h:10,
#23 1.716                  from ll_proto.c:13:
#23 1.716 /usr/include/bits/ioctl.h:111: note: this is the location of the previous definition
#23 1.716   111 | #define SIOCGSTAMP      0x8906
#23 1.716       | 
#23 1.716 ../include/uapi/linux/sockios.h:43: warning: "SIOCGSTAMPNS" redefined
#23 1.716    43 | #define SIOCGSTAMPNS    SIOCGSTAMPNS_OLD
#23 1.716       | 
#23 1.716 /usr/include/bits/ioctl.h:112: note: this is the location of the previous definition
#23 1.716   112 | #define SIOCGSTAMPNS    0x8907
#23 1.716       | 
#23 1.729     CC       ll_addr.o
#23 1.742 In file included from ll_addr.c:20:
#23 1.742 ../include/uapi/linux/sockios.h:42: warning: "SIOCGSTAMP" redefined
#23 1.742    42 | #define SIOCGSTAMP      SIOCGSTAMP_OLD
#23 1.742       | 
#23 1.742 In file included from /usr/include/sys/ioctl.h:10,
#23 1.742                  from ll_addr.c:12:
#23 1.742 /usr/include/bits/ioctl.h:111: note: this is the location of the previous definition
#23 1.742   111 | #define SIOCGSTAMP      0x8906
#23 1.742       | 
#23 1.742 ../include/uapi/linux/sockios.h:43: warning: "SIOCGSTAMPNS" redefined
#23 1.742    43 | #define SIOCGSTAMPNS    SIOCGSTAMPNS_OLD
#23 1.742       | 
#23 1.742 /usr/include/bits/ioctl.h:112: note: this is the location of the previous definition
#23 1.742   112 | #define SIOCGSTAMPNS    0x8907
#23 1.742       | 
#23 1.770     CC       inet_proto.o
#23 1.799     CC       namespace.o
#23 1.853     CC       json_writer.o
#23 1.931     CC       json_print.o
#23 2.057     CC       json_print_math.o
#23 2.091     CC       names.o
#23 2.135     CC       color.o
#23 2.175     CC       bpf_legacy.o
#23 2.526     CC       bpf_glue.o
#23 2.564     CC       exec.o
#23 2.595     CC       fs.o
#23 2.662     CC       cg_map.o
#23 2.695     CC       ppp_proto.o
#23 2.717     CC       bpf_libbpf.o
#23 2.801     CC       selinux.o
#23 2.821     CC       ax25_ntop.o
#23 2.849     CC       rose_ntop.o
#23 2.861 In file included from rose_ntop.c:16:
#23 2.861 ../include/uapi/linux/sockios.h:42: warning: "SIOCGSTAMP" redefined
#23 2.861    42 | #define SIOCGSTAMP      SIOCGSTAMP_OLD
#23 2.861       | 
#23 2.861 In file included from /usr/include/sys/ioctl.h:10,
#23 2.861                  from rose_ntop.c:7:
#23 2.861 /usr/include/bits/ioctl.h:111: note: this is the location of the previous definition
#23 2.861   111 | #define SIOCGSTAMP      0x8906
#23 2.861       | 
#23 2.861 ../include/uapi/linux/sockios.h:43: warning: "SIOCGSTAMPNS" redefined
#23 2.861    43 | #define SIOCGSTAMPNS    SIOCGSTAMPNS_OLD
#23 2.861       | 
#23 2.861 /usr/include/bits/ioctl.h:112: note: this is the location of the previous definition
#23 2.861   112 | #define SIOCGSTAMPNS    0x8907
#23 2.861       | 
#23 2.877     CC       mpls_ntop.o
#23 2.905     CC       mpls_pton.o
#23 2.935     CC       netrom_ntop.o
#23 2.956     AR       libutil.a
#23 2.961 
#23 2.961 ip
#23 2.963     CC       ip.o
#23 3.039     CC       ipaddress.o
#23 3.053 In file included from ipaddress.c:26:
#23 3.053 ../include/uapi/linux/sockios.h:42: warning: "SIOCGSTAMP" redefined
#23 3.053    42 | #define SIOCGSTAMP      SIOCGSTAMP_OLD
#23 3.053       | 
#23 3.053 In file included from /usr/include/sys/ioctl.h:10,
#23 3.053                  from ipaddress.c:14:
#23 3.053 /usr/include/bits/ioctl.h:111: note: this is the location of the previous definition
#23 3.053   111 | #define SIOCGSTAMP      0x8906
#23 3.053       | 
#23 3.053 ../include/uapi/linux/sockios.h:43: warning: "SIOCGSTAMPNS" redefined
#23 3.053    43 | #define SIOCGSTAMPNS    SIOCGSTAMPNS_OLD
#23 3.053       | 
#23 3.053 /usr/include/bits/ioctl.h:112: note: this is the location of the previous definition
#23 3.053   112 | #define SIOCGSTAMPNS    0x8907
#23 3.053       | 
#23 3.499     CC       ipaddrlabel.o
#23 3.557     CC       iproute.o
#23 4.059     CC       iprule.o
#23 4.241     CC       ipnetns.o
#23 4.427     CC       rtm_map.o
#23 4.461     CC       iptunnel.o
#23 4.473 In file included from ../include/uapi/linux/if_tunnel.h:6,
#23 4.473                  from iptunnel.c:19:
#23 4.473 ../include/uapi/linux/if.h:134: warning: "IFF_VOLATILE" redefined
#23 4.473   134 | #define IFF_VOLATILE    (IFF_LOOPBACK|IFF_POINTOPOINT|IFF_BROADCAST|IFF_ECHO|\
#23 4.473       | 
#23 4.473 In file included from iptunnel.c:16:
#23 4.473 /usr/include/net/if.h:48: note: this is the location of the previous definition
#23 4.473    48 | #define IFF_VOLATILE (IFF_LOOPBACK|IFF_POINTOPOINT|IFF_BROADCAST| \
#23 4.473       | 
#23 4.605     CC       ip6tunnel.o
#23 4.713     CC       tunnel.o
#23 4.802     CC       ipneigh.o
#23 4.963     CC       ipntable.o
#23 5.074     CC       iplink.o
#23 5.364     CC       ipmaddr.o
#23 5.376 In file included from ipmaddr.c:21:
#23 5.376 ../include/uapi/linux/sockios.h:42: warning: "SIOCGSTAMP" redefined
#23 5.376    42 | #define SIOCGSTAMP      SIOCGSTAMP_OLD
#23 5.376       | 
#23 5.376 In file included from /usr/include/sys/ioctl.h:10,
#23 5.376                  from ipmaddr.c:12:
#23 5.376 /usr/include/bits/ioctl.h:111: note: this is the location of the previous definition
#23 5.376   111 | #define SIOCGSTAMP      0x8906
#23 5.376       | 
#23 5.376 ../include/uapi/linux/sockios.h:43: warning: "SIOCGSTAMPNS" redefined
#23 5.376    43 | #define SIOCGSTAMPNS    SIOCGSTAMPNS_OLD
#23 5.376       | 
#23 5.376 /usr/include/bits/ioctl.h:112: note: this is the location of the previous definition
#23 5.376   112 | #define SIOCGSTAMPNS    0x8907
#23 5.376       | 
#23 5.449     CC       ipmonitor.o
#23 5.519     CC       ipmroute.o
#23 5.532 In file included from ipmroute.c:22:
#23 5.532 ../include/uapi/linux/sockios.h:42: warning: "SIOCGSTAMP" redefined
#23 5.532    42 | #define SIOCGSTAMP      SIOCGSTAMP_OLD
#23 5.532       | 
#23 5.532 In file included from /usr/include/sys/ioctl.h:10,
#23 5.532                  from ipmroute.c:13:
#23 5.532 /usr/include/bits/ioctl.h:111: note: this is the location of the previous definition
#23 5.532   111 | #define SIOCGSTAMP      0x8906
#23 5.532       | 
#23 5.532 ../include/uapi/linux/sockios.h:43: warning: "SIOCGSTAMPNS" redefined
#23 5.532    43 | #define SIOCGSTAMPNS    SIOCGSTAMPNS_OLD
#23 5.532       | 
#23 5.532 /usr/include/bits/ioctl.h:112: note: this is the location of the previous definition
#23 5.532   112 | #define SIOCGSTAMPNS    0x8907
#23 5.532       | 
#23 5.597     CC       ipprefix.o
#23 5.628     CC       iptuntap.o
#23 5.742     CC       iptoken.o
#23 5.796     CC       ipxfrm.o
#23 6.110     CC       xfrm_state.o
#23 6.367     CC       xfrm_policy.o
#23 6.599     CC       xfrm_monitor.o
#23 6.676     CC       iplink_dummy.o
#23 6.699     CC       iplink_ifb.o
#23 6.721     CC       iplink_nlmon.o
#23 6.743     CC       iplink_team.o
#23 6.766     CC       iplink_vcan.o
#23 6.787     CC       iplink_vxcan.o
#23 6.814     CC       iplink_vlan.o
#23 6.885     CC       link_veth.o
#23 6.913     CC       link_gre.o
#23 6.924 In file included from ../include/uapi/linux/if_tunnel.h:6,
#23 6.924                  from link_gre.c:15:
#23 6.924 ../include/uapi/linux/if.h:134: warning: "IFF_VOLATILE" redefined
#23 6.924   134 | #define IFF_VOLATILE    (IFF_LOOPBACK|IFF_POINTOPOINT|IFF_BROADCAST|IFF_ECHO|\
#23 6.924       | 
#23 6.924 In file included from link_gre.c:9:
#23 6.924 /usr/include/net/if.h:48: note: this is the location of the previous definition
#23 6.924    48 | #define IFF_VOLATILE (IFF_LOOPBACK|IFF_POINTOPOINT|IFF_BROADCAST| \
#23 6.924       | 
#23 7.028     CC       iplink_can.o
#23 7.190     CC       iplink_xdp.o
#23 7.249     CC       iplink_macvlan.o
#23 7.320     CC       ipl2tp.o
#23 7.472     CC       link_vti.o
#23 7.484 In file included from ../include/uapi/linux/if_tunnel.h:6,
#23 7.484                  from link_vti.c:16:
#23 7.484 ../include/uapi/linux/if.h:134: warning: "IFF_VOLATILE" redefined
#23 7.484   134 | #define IFF_VOLATILE    (IFF_LOOPBACK|IFF_POINTOPOINT|IFF_BROADCAST|IFF_ECHO|\
#23 7.484       | 
#23 7.484 In file included from link_vti.c:10:
#23 7.484 /usr/include/net/if.h:48: note: this is the location of the previous definition
#23 7.484    48 | #define IFF_VOLATILE (IFF_LOOPBACK|IFF_POINTOPOINT|IFF_BROADCAST| \
#23 7.484       | 
#23 7.529     CC       link_vti6.o
#23 7.539 In file included from ../include/uapi/linux/if_tunnel.h:6,
#23 7.539                  from link_vti6.c:17:
#23 7.539 ../include/uapi/linux/if.h:134: warning: "IFF_VOLATILE" redefined
#23 7.539   134 | #define IFF_VOLATILE    (IFF_LOOPBACK|IFF_POINTOPOINT|IFF_BROADCAST|IFF_ECHO|\
#23 7.539       | 
#23 7.539 In file included from link_vti6.c:11:
#23 7.539 /usr/include/net/if.h:48: note: this is the location of the previous definition
#23 7.539    48 | #define IFF_VOLATILE (IFF_LOOPBACK|IFF_POINTOPOINT|IFF_BROADCAST| \
#23 7.539       | 
#23 7.583     CC       link_xfrm.o
#23 7.620     CC       iplink_vxlan.o
#23 7.779     CC       tcp_metrics.o
#23 7.884     CC       iplink_ipoib.o
#23 7.927     CC       ipnetconf.o
#23 7.981     CC       link_ip6tnl.o
#23 7.992 In file included from ../include/uapi/linux/if_tunnel.h:6,
#23 7.992                  from link_ip6tnl.c:15:
#23 7.992 ../include/uapi/linux/if.h:134: warning: "IFF_VOLATILE" redefined
#23 7.992   134 | #define IFF_VOLATILE    (IFF_LOOPBACK|IFF_POINTOPOINT|IFF_BROADCAST|IFF_ECHO|\
#23 7.992       | 
#23 7.992 In file included from link_ip6tnl.c:9:
#23 7.992 /usr/include/net/if.h:48: note: this is the location of the previous definition
#23 7.992    48 | #define IFF_VOLATILE (IFF_LOOPBACK|IFF_POINTOPOINT|IFF_BROADCAST| \
#23 7.992       | 
#23 8.079     CC       link_iptnl.o
#23 8.089 In file included from ../include/uapi/linux/if_tunnel.h:6,
#23 8.089                  from link_iptnl.c:16:
#23 8.089 ../include/uapi/linux/if.h:134: warning: "IFF_VOLATILE" redefined
#23 8.089   134 | #define IFF_VOLATILE    (IFF_LOOPBACK|IFF_POINTOPOINT|IFF_BROADCAST|IFF_ECHO|\
#23 8.089       | 
#23 8.089 In file included from link_iptnl.c:9:
#23 8.089 /usr/include/net/if.h:48: note: this is the location of the previous definition
#23 8.089    48 | #define IFF_VOLATILE (IFF_LOOPBACK|IFF_POINTOPOINT|IFF_BROADCAST| \
#23 8.089       | 
#23 8.191     CC       link_gre6.o
#23 8.202 In file included from ../include/uapi/linux/if_tunnel.h:6,
#23 8.202                  from link_gre6.c:15:
#23 8.202 ../include/uapi/linux/if.h:134: warning: "IFF_VOLATILE" redefined
#23 8.202   134 | #define IFF_VOLATILE    (IFF_LOOPBACK|IFF_POINTOPOINT|IFF_BROADCAST|IFF_ECHO|\
#23 8.202       | 
#23 8.202 In file included from link_gre6.c:9:
#23 8.202 /usr/include/net/if.h:48: note: this is the location of the previous definition
#23 8.202    48 | #define IFF_VOLATILE (IFF_LOOPBACK|IFF_POINTOPOINT|IFF_BROADCAST| \
#23 8.202       | 
#23 8.318     CC       iplink_bond.o
#23 8.490     CC       iplink_bond_slave.o
#23 8.544     CC       iplink_hsr.o
#23 8.592     CC       iplink_bridge.o
#23 8.749     CC       iplink_bridge_slave.o
#23 8.850     CC       iplink_dsa.o
#23 8.888     CC       ipfou.o
#23 8.987     CC       iplink_ipvlan.o
#23 9.031     CC       iplink_geneve.o
#23 9.123     CC       iplink_vrf.o
#23 9.175     CC       iproute_lwtunnel.o
#23 9.568     CC       ipmacsec.o
#23 9.805     CC       ipila.o
#23 9.879     CC       ipvrf.o
#23 9.984     CC       iplink_xstats.o
#23 10.02     CC       ipseg6.o
#23 10.07     CC       iplink_netdevsim.o
#23 10.10     CC       iplink_rmnet.o
#23 10.13     CC       ipnexthop.o
#23 10.35     CC       ipmptcp.o
#23 10.47     CC       iplink_bareudp.o
#23 10.51     CC       iplink_wwan.o
#23 10.54     CC       ipioam6.o
#23 10.61     CC       iplink_amt.o
#23 10.66     CC       iplink_batadv.o
#23 10.69     CC       iplink_gtp.o
#23 10.73     CC       iplink_virt_wifi.o
#23 10.75     CC       iplink_netkit.o
#23 10.79     CC       ipstats.o
#23 11.01     LINK     ip
#23 11.04     CC       rtmon.o
#23 11.09     LINK     rtmon
#23 11.10 
#23 11.10 tc
#23 11.10     CC       tc.o
#23 11.19     CC       tc_qdisc.o
#23 11.30     CC       tc_class.o
#23 11.41     CC       tc_filter.o
#23 11.59     CC       tc_util.o
#23 11.79     CC       tc_monitor.o
#23 11.82     CC       tc_exec.o
#23 11.87     CC       m_police.o
#23 11.95     CC       m_estimator.o
#23 11.99     CC       m_action.o
#23 12.14     CC       m_ematch.o
#23 12.25     YACC     emp_ematch.tab.c
#23 12.31     CC       emp_ematch.tab.o
#23 12.43     LEX      emp_ematch.lex.c
#23 12.44     CC       emp_ematch.lex.o
#23 12.60     CC       q_fifo.o
#23 12.64     CC       q_sfq.o
#23 12.71     CC       q_red.o
#23 12.78     CC       q_prio.o
#23 12.83     CC       q_skbprio.o
#23 12.86     CC       q_tbf.o
#23 12.95     CC       q_multiq.o
#23 12.98     CC       q_netem.o
#23 13.19     CC       q_choke.o
#23 13.25     CC       q_sfb.o
#23 13.31     CC       f_u32.o
#23 13.57     CC       f_route.o
#23 13.62     CC       f_fw.o
#23 13.67     CC       f_basic.o
#23 13.72     CC       f_bpf.o
#23 13.79     CC       f_flow.o
#23 13.87     CC       f_cgroup.o
#23 13.91     CC       f_flower.o
#23 13.92 In file included from ../include/uapi/linux/netdevice.h:29,
#23 13.92                  from ../include/uapi/linux/if_arp.h:27,
#23 13.92                  from f_flower.c:14:
#23 13.92 ../include/uapi/linux/if.h:134: warning: "IFF_VOLATILE" redefined
#23 13.92   134 | #define IFF_VOLATILE    (IFF_LOOPBACK|IFF_POINTOPOINT|IFF_BROADCAST|IFF_ECHO|\
#23 13.92       | 
#23 13.92 In file included from f_flower.c:12:
#23 13.92 /usr/include/net/if.h:48: note: this is the location of the previous definition
#23 13.92    48 | #define IFF_VOLATILE (IFF_LOOPBACK|IFF_POINTOPOINT|IFF_BROADCAST| \
#23 13.92       | 
#23 14.42     CC       q_gred.o
#23 14.52     CC       q_ingress.o
#23 14.55     CC       q_hfsc.o
#23 14.65     CC       q_htb.o
#23 14.74     CC       q_drr.o
#23 14.78     CC       q_qfq.o
#23 14.82     CC       m_gact.o
#23 14.87     CC       m_mirred.o
#23 14.93     CC       m_mpls.o
#23 15.00     CC       m_nat.o
#23 15.06     CC       m_pedit.o
#23 15.19     CC       m_ife.o
#23 15.27     CC       m_skbedit.o
#23 15.33     CC       m_skbmod.o
#23 15.39     CC       m_csum.o
#23 15.45     CC       m_simple.o
#23 15.49     CC       m_vlan.o
#23 15.56     CC       m_connmark.o
#23 15.59     CC       m_ctinfo.o
#23 15.65     CC       m_bpf.o
#23 15.70     CC       m_tunnel_key.o
#23 15.81     CC       m_sample.o
#23 15.86     CC       m_ct.o
#23 15.96     CC       m_gate.o
#23 16.05     CC       p_ip.o
#23 16.09     CC       p_ip6.o
#23 16.13     CC       p_icmp.o
#23 16.15     CC       p_eth.o
#23 16.18     CC       p_tcp.o
#23 16.21     CC       p_udp.o
#23 16.24     CC       em_nbyte.o
#23 16.28     CC       em_cmp.o
#23 16.33     CC       em_u32.o
#23 16.38     CC       em_canid.o
#23 16.43     CC       em_meta.o
#23 16.54     CC       q_mqprio.o
#23 16.65     CC       q_codel.o
#23 16.70     CC       q_fq_codel.o
#23 16.79     CC       q_fq.o
#23 16.91     CC       q_pie.o
#23 16.97     CC       q_fq_pie.o
#23 17.04     CC       q_cake.o
#23 17.22     CC       q_hhf.o
#23 17.28     CC       q_clsact.o
#23 17.30     CC       e_bpf.o
#23 17.37     CC       f_matchall.o
#23 17.42     CC       q_cbs.o
#23 17.46     CC       q_etf.o
#23 17.51     CC       q_taprio.o
#23 17.64     CC       q_plug.o
#23 17.67     CC       q_ets.o
#23 17.75     CC       em_ipt.o
#23 17.77 In file included from tc_util.h:7,
#23 17.77                  from m_ematch.h:11,
#23 17.77                  from em_ipt.c:13:
#23 17.77 ../include/uapi/linux/if.h:134: warning: "IFF_VOLATILE" redefined
#23 17.77   134 | #define IFF_VOLATILE    (IFF_LOOPBACK|IFF_POINTOPOINT|IFF_BROADCAST|IFF_ECHO|\
#23 17.77       | 
#23 17.77 In file included from ../include/xtables.h:17,
#23 17.77                  from em_ipt.c:12:
#23 17.77 /usr/include/net/if.h:48: note: this is the location of the previous definition
#23 17.77    48 | #define IFF_VOLATILE (IFF_LOOPBACK|IFF_POINTOPOINT|IFF_BROADCAST| \
#23 17.77       | 
#23 17.79     CC       em_ipset.o
#23 17.81 In file included from tc_util.h:7,
#23 17.81                  from m_ematch.h:11,
#23 17.81                  from em_ipset.c:39:
#23 17.81 ../include/uapi/linux/if.h:134: warning: "IFF_VOLATILE" redefined
#23 17.81   134 | #define IFF_VOLATILE    (IFF_LOOPBACK|IFF_POINTOPOINT|IFF_BROADCAST|IFF_ECHO|\
#23 17.81       | 
#23 17.81 In file included from ../include/xtables.h:17,
#23 17.81                  from em_ipset.c:23:
#23 17.81 /usr/include/net/if.h:48: note: this is the location of the previous definition
#23 17.81    48 | #define IFF_VOLATILE (IFF_LOOPBACK|IFF_POINTOPOINT|IFF_BROADCAST| \
#23 17.81       | 
#23 17.85     CC       tc_core.o
#23 17.92     CC       tc_red.o
#23 17.97     CC       tc_estimator.o
#23 18.00     CC       tc_stab.o
#23 18.05     CC       tc_qevent.o
#23 18.11     AR       libtc.a
#23 18.11     LINK     tc
#23 18.14 rm emp_ematch.lex.c
#23 18.14 
#23 18.14 bridge
#23 18.14     CC       bridge.o
#23 18.19     CC       fdb.o
#23 18.37     CC       monitor.o
#23 18.41     CC       link.o
#23 18.57     CC       mdb.o
#23 18.76     CC       vlan.o
#23 18.77 In file included from vlan.c:14:
#23 18.77 ../include/json_print.h:80:30: warning: 'struct timeval' declared inside parameter list will not be visible outside of this definition or declaration
#23 18.77    80 | _PRINT_FUNC(tv, const struct timeval *)
#23 18.77       |                              ^~~~~~~
#23 18.77 ../include/json_print.h:50:37: note: in definition of macro '_PRINT_FUNC'
#23 18.77    50 |                                     type value);                        \
#23 18.77       |                                     ^~~~
#23 18.77 ../include/json_print.h:80:30: warning: 'struct timeval' declared inside parameter list will not be visible outside of this definition or declaration
#23 18.77    80 | _PRINT_FUNC(tv, const struct timeval *)
#23 18.77       |                              ^~~~~~~
#23 18.77 ../include/json_print.h:55:45: note: in definition of macro '_PRINT_FUNC'
#23 18.77    55 |                                             type value)                 \
#23 18.77       |                                             ^~~~
#23 18.77 ../include/json_print.h: In function 'print_tv':
#23 18.77 ../include/json_print.h:58:48: warning: passing argument 5 of 'print_color_tv' from incompatible pointer type [-Wincompatible-pointer-types]
#23 18.77    58 |                                                value);                  \
#23 18.77       |                                                ^~~~~
#23 18.77       |                                                |
#23 18.77       |                                                const struct timeval *
#23 18.77 ../include/json_print.h:80:1: note: in expansion of macro '_PRINT_FUNC'
#23 18.77    80 | _PRINT_FUNC(tv, const struct timeval *)
#23 18.77       | ^~~~~~~~~~~
#23 18.77 ../include/json_print.h:50:42: note: expected 'const struct timeval *' but argument is of type 'const struct timeval *'
#23 18.77    50 |                                     type value);                        \
#23 18.77       |                                          ^
#23 18.77 ../include/json_print.h:80:1: note: in expansion of macro '_PRINT_FUNC'
#23 18.77    80 | _PRINT_FUNC(tv, const struct timeval *)
#23 18.77       | ^~~~~~~~~~~
#23 18.99     CC       vni.o
#23 19.00 In file included from vni.c:19:
#23 19.00 ../include/json_print.h:80:30: warning: 'struct timeval' declared inside parameter list will not be visible outside of this definition or declaration
#23 19.00    80 | _PRINT_FUNC(tv, const struct timeval *)
#23 19.00       |                              ^~~~~~~
#23 19.00 ../include/json_print.h:50:37: note: in definition of macro '_PRINT_FUNC'
#23 19.00    50 |                                     type value);                        \
#23 19.00       |                                     ^~~~
#23 19.00 ../include/json_print.h:80:30: warning: 'struct timeval' declared inside parameter list will not be visible outside of this definition or declaration
#23 19.00    80 | _PRINT_FUNC(tv, const struct timeval *)
#23 19.00       |                              ^~~~~~~
#23 19.00 ../include/json_print.h:55:45: note: in definition of macro '_PRINT_FUNC'
#23 19.00    55 |                                             type value)                 \
#23 19.00       |                                             ^~~~
#23 19.00 ../include/json_print.h: In function 'print_tv':
#23 19.00 ../include/json_print.h:58:48: warning: passing argument 5 of 'print_color_tv' from incompatible pointer type [-Wincompatible-pointer-types]
#23 19.00    58 |                                                value);                  \
#23 19.00       |                                                ^~~~~
#23 19.00       |                                                |
#23 19.00       |                                                const struct timeval *
#23 19.00 ../include/json_print.h:80:1: note: in expansion of macro '_PRINT_FUNC'
#23 19.00    80 | _PRINT_FUNC(tv, const struct timeval *)
#23 19.00       | ^~~~~~~~~~~
#23 19.00 ../include/json_print.h:50:42: note: expected 'const struct timeval *' but argument is of type 'const struct timeval *'
#23 19.00    50 |                                     type value);                        \
#23 19.00       |                                          ^
#23 19.00 ../include/json_print.h:80:1: note: in expansion of macro '_PRINT_FUNC'
#23 19.00    80 | _PRINT_FUNC(tv, const struct timeval *)
#23 19.00       | ^~~~~~~~~~~
#23 19.07     LINK     bridge
#23 19.08 
#23 19.08 misc
#23 19.09     CC       ss.o
#23 19.11 In file included from ../include/uapi/linux/tipc.h:42,
#23 19.11                  from ss.c:48:
#23 19.11 ../include/uapi/linux/sockios.h:42: warning: "SIOCGSTAMP" redefined
#23 19.11    42 | #define SIOCGSTAMP      SIOCGSTAMP_OLD
#23 19.11       | 
#23 19.11 In file included from /usr/include/sys/ioctl.h:10,
#23 19.11                  from ss.c:12:
#23 19.11 /usr/include/bits/ioctl.h:111: note: this is the location of the previous definition
#23 19.11   111 | #define SIOCGSTAMP      0x8906
#23 19.11       | 
#23 19.11 ../include/uapi/linux/sockios.h:43: warning: "SIOCGSTAMPNS" redefined
#23 19.11    43 | #define SIOCGSTAMPNS    SIOCGSTAMPNS_OLD
#23 19.11       | 
#23 19.11 /usr/include/bits/ioctl.h:112: note: this is the location of the previous definition
#23 19.11   112 | #define SIOCGSTAMPNS    0x8907
#23 19.11       | 
#23 19.94     CC       ssfilter_check.o
#23 19.97     YACC     ssfilter.tab.c
#23 20.03     CC       ssfilter.tab.o
#23 20.14     LINK     ss
#23 20.15     CC       nstat
#23 20.16 In file included from nstat.c:20:
#23 20.16 /usr/include/sys/poll.h:1:2: warning: #warning redirecting incorrect #include <sys/poll.h> to <poll.h> [-Wcpp]
#23 20.16     1 | #warning redirecting incorrect #include <sys/poll.h> to <poll.h>
#23 20.16       |  ^~~~~~~
#23 20.29     CC       ifstat
#23 20.30 In file included from ifstat.c:20:
#23 20.30 /usr/include/sys/poll.h:1:2: warning: #warning redirecting incorrect #include <sys/poll.h> to <poll.h> [-Wcpp]
#23 20.30     1 | #warning redirecting incorrect #include <sys/poll.h> to <poll.h>
#23 20.30       |  ^~~~~~~
#23 20.48     CC       rtacct
#23 20.49 In file included from rtacct.c:19:
#23 20.49 /usr/include/sys/poll.h:1:2: warning: #warning redirecting incorrect #include <sys/poll.h> to <poll.h> [-Wcpp]
#23 20.49     1 | #warning redirecting incorrect #include <sys/poll.h> to <poll.h>
#23 20.49       |  ^~~~~~~
#23 20.61     CC       lnstat.o
#23 20.67     CC       lnstat_util.o
#23 20.74     LINK     lnstat
#23 20.74 
#23 20.74 netem
#23 20.75 gcc  -I../include -o maketable maketable.c -lm
#23 20.78 gcc  -I../include -o normal normal.c -lm
#23 20.80 gcc  -I../include -o pareto pareto.c -lm
#23 20.83 gcc  -I../include -o paretonormal paretonormal.c -lm
#23 20.85 ./normal > normal.dist
#23 20.86 ./pareto > pareto.dist
#23 20.86 ./paretonormal > paretonormal.dist
#23 20.87 ./maketable experimental.dat > experimental.dist
#23 20.88 
#23 20.88 genl
#23 20.88     CC       genl.o
#23 20.91     CC       ctrl.o
#23 20.99     LINK     genl
#23 21.00 
#23 21.00 man
#23 21.00 make[2]: Nothing to be done for 'all'.
#23 21.00 make[2]: Nothing to be done for 'all'.
#23 21.00 sed \
#23 21.00 	-e "s|@NETNS_ETC_DIR@|/etc/netns|g" \
#23 21.00 	-e "s|@NETNS_RUN_DIR@|/var/run/netns|g" \
#23 21.00 	-e "s|@SYSCONF_ETC_DIR@|/etc/iproute2|g" \
#23 21.00 	-e "s|@SYSCONF_USR_DIR@|/usr/share/iproute2|g" \
#23 21.00 	ip-address.8.in > ip-address.8
#23 21.00 sed \
#23 21.00 	-e "s|@NETNS_ETC_DIR@|/etc/netns|g" \
#23 21.00 	-e "s|@NETNS_RUN_DIR@|/var/run/netns|g" \
#23 21.00 	-e "s|@SYSCONF_ETC_DIR@|/etc/iproute2|g" \
#23 21.00 	-e "s|@SYSCONF_USR_DIR@|/usr/share/iproute2|g" \
#23 21.00 	ip-link.8.in > ip-link.8
#23 21.01 sed \
#23 21.01 	-e "s|@NETNS_ETC_DIR@|/etc/netns|g" \
#23 21.01 	-e "s|@NETNS_RUN_DIR@|/var/run/netns|g" \
#23 21.01 	-e "s|@SYSCONF_ETC_DIR@|/etc/iproute2|g" \
#23 21.01 	-e "s|@SYSCONF_USR_DIR@|/usr/share/iproute2|g" \
#23 21.01 	ip-netns.8.in > ip-netns.8
#23 21.01 sed \
#23 21.01 	-e "s|@NETNS_ETC_DIR@|/etc/netns|g" \
#23 21.01 	-e "s|@NETNS_RUN_DIR@|/var/run/netns|g" \
#23 21.01 	-e "s|@SYSCONF_ETC_DIR@|/etc/iproute2|g" \
#23 21.01 	-e "s|@SYSCONF_USR_DIR@|/usr/share/iproute2|g" \
#23 21.01 	ip-route.8.in > ip-route.8
#23 21.01 
#23 21.01 tipc
#23 21.01     CC       bearer.o
#23 21.19     CC       cmdl.o
#23 21.23     CC       link.o
#23 21.42     CC       media.o
#23 21.47     CC       misc.o
#23 21.53     CC       msg.o
#23 21.55     CC       nametable.o
#23 21.59     CC       node.o
#23 21.67     CC       socket.o
#23 21.70     CC       peer.o
#23 21.74     CC       tipc.o
#23 21.77     LINK     tipc
#23 21.79 
#23 21.79 devlink
#23 21.79     CC       devlink.o
#23 23.51     CC       mnlg.o
#23 23.56     LINK     devlink
#23 23.57 
#23 23.57 rdma
#23 23.57     CC       rdma.o
#23 23.59 rdma.c: In function 'main':
#23 23.59 rdma.c:110:20: warning: implicit declaration of function 'basename'; did you mean 'rename'? [-Wimplicit-function-declaration]
#23 23.59   110 |         filename = basename(argv[0]);
#23 23.59       |                    ^~~~~~~~
#23 23.59       |                    rename
#23 23.59 rdma.c:110:18: warning: assignment to 'char *' from 'int' makes pointer from integer without a cast [-Wint-conversion]
#23 23.59   110 |         filename = basename(argv[0]);
#23 23.59       |                  ^
#23 23.62     CC       utils.o
#23 23.82     CC       dev.o
#23 23.89     CC       link.o
#23 23.96     CC       res.o
#23 24.07     CC       res-pd.o
#23 24.11     CC       res-mr.o
#23 24.16     CC       res-cq.o
#23 24.21     CC       res-cmid.o
#23 24.26     CC       res-qp.o
#23 24.33     CC       sys.o
#23 24.38     CC       stat.o
#23 24.62     CC       stat-mr.o
#23 24.66     CC       res-ctx.o
#23 24.70     CC       res-srq.o
#23 24.77     LINK     rdma
#23 24.78 
#23 24.78 dcb
#23 24.79     CC       dcb.o
#23 24.90     CC       dcb_app.o
#23 25.09     CC       dcb_buffer.o
#23 25.16     CC       dcb_dcbx.o
#23 25.20     CC       dcb_ets.o
#23 25.29     CC       dcb_maxrate.o
#23 25.34     CC       dcb_pfc.o
#23 25.41     CC       dcb_apptrust.o
#23 25.47     CC       dcb_rewr.o
#23 25.55     LINK     dcb
#23 25.56 
#23 25.56 vdpa
#23 25.57     CC       vdpa.o
#23 25.58 In file included from vdpa.c:19:
#23 25.58 ../include/json_print.h:80:30: warning: 'struct timeval' declared inside parameter list will not be visible outside of this definition or declaration
#23 25.58    80 | _PRINT_FUNC(tv, const struct timeval *)
#23 25.58       |                              ^~~~~~~
#23 25.58 ../include/json_print.h:50:37: note: in definition of macro '_PRINT_FUNC'
#23 25.58    50 |                                     type value);                        \
#23 25.58       |                                     ^~~~
#23 25.58 ../include/json_print.h:80:30: warning: 'struct timeval' declared inside parameter list will not be visible outside of this definition or declaration
#23 25.58    80 | _PRINT_FUNC(tv, const struct timeval *)
#23 25.58       |                              ^~~~~~~
#23 25.58 ../include/json_print.h:55:45: note: in definition of macro '_PRINT_FUNC'
#23 25.58    55 |                                             type value)                 \
#23 25.58       |                                             ^~~~
#23 25.58 ../include/json_print.h: In function 'print_tv':
#23 25.58 ../include/json_print.h:58:48: warning: passing argument 5 of 'print_color_tv' from incompatible pointer type [-Wincompatible-pointer-types]
#23 25.58    58 |                                                value);                  \
#23 25.58       |                                                ^~~~~
#23 25.58       |                                                |
#23 25.58       |                                                const struct timeval *
#23 25.58 ../include/json_print.h:80:1: note: in expansion of macro '_PRINT_FUNC'
#23 25.58    80 | _PRINT_FUNC(tv, const struct timeval *)
#23 25.58       | ^~~~~~~~~~~
#23 25.58 ../include/json_print.h:50:42: note: expected 'const struct timeval *' but argument is of type 'const struct timeval *'
#23 25.58    50 |                                     type value);                        \
#23 25.58       |                                          ^
#23 25.58 ../include/json_print.h:80:1: note: in expansion of macro '_PRINT_FUNC'
#23 25.58    80 | _PRINT_FUNC(tv, const struct timeval *)
#23 25.58       | ^~~~~~~~~~~
#23 25.72     LINK     vdpa
#23 DONE 25.8s

#24 [20/22] RUN git clone --no-single-branch --depth=1 https://github.com/linux-netdev/testing.git /nipa-data/kernel
#24 0.432 Cloning into '/nipa-data/kernel'...
#24 31.13 Updating files:  16% (13708/83283)Updating files:  17% (14159/83283)Updating files:  18% (14991/83283)Updating files:  19% (15824/83283)Updating files:  20% (16657/83283)Updating files:  21% (17490/83283)Updating files:  22% (18323/83283)Updating files:  23% (19156/83283)Updating files:  24% (19988/83283)Updating files:  25% (20821/83283)Updating files:  26% (21654/83283)Updating files:  27% (22487/83283)Updating files:  28% (23320/83283)Updating files:  29% (24153/83283)Updating files:  30% (24985/83283)Updating files:  31% (25818/83283)Updating files:  31% (26650/83283)Updating files:  32% (26651/83283)Updating files:  33% (27484/83283)Updating files:  34% (28317/83283)Updating files:  35% (29150/83283)Updating files:  36% (29982/83283)Updating files:  37% (30815/83283)Updating files:  38% (31648/83283)Updating files:  39% (32481/83283)Updating files:  40% (33314/83283)Updating files:  40% (33481/83283)Updating files:  41% (34147/83283)Updating files:  42% (34979/83283)Updating files:  43% (35812/83283)Updating files:  44% (36645/83283)Updating files:  45% (37478/83283)Updating files:  46% (38311/83283)Updating files:  46% (38997/83283)Updating files:  47% (39144/83283)Updating files:  48% (39976/83283)Updating files:  49% (40809/83283)Updating files:  50% (41642/83283)Updating files:  51% (42475/83283)Updating files:  52% (43308/83283)Updating files:  53% (44140/83283)Updating files:  54% (44973/83283)Updating files:  55% (45806/83283)Updating files:  56% (46639/83283)Updating files:  57% (47472/83283)Updating files:  58% (48305/83283)Updating files:  58% (48815/83283)Updating files:  59% (49137/83283)Updating files:  60% (49970/83283)Updating files:  61% (50803/83283)Updating files:  62% (51636/83283)Updating files:  63% (52469/83283)Updating files:  64% (53302/83283)Updating files:  65% (54134/83283)Updating files:  66% (54967/83283)Updating files:  67% (55800/83283)Updating files:  68% (56633/83283)Updating files:  69% (57466/83283)Updating files:  70% (58299/83283)Updating files:  71% (59131/83283)Updating files:  72% (59964/83283)Updating files:  72% (60500/83283)Updating files:  73% (60797/83283)Updating files:  74% (61630/83283)Updating files:  75% (62463/83283)Updating files:  76% (63296/83283)Updating files:  77% (64128/83283)Updating files:  78% (64961/83283)Updating files:  79% (65794/83283)Updating files:  80% (66627/83283)Updating files:  81% (67460/83283)Updating files:  82% (68293/83283)Updating files:  83% (69125/83283)Updating files:  84% (69958/83283)Updating files:  85% (70791/83283)Updating files:  86% (71624/83283)Updating files:  87% (72457/83283)Updating files:  88% (73290/83283)Updating files:  89% (74122/83283)Updating files:  90% (74955/83283)Updating files:  90% (75261/83283)Updating files:  91% (75788/83283)Updating files:  92% (76621/83283)Updating files:  93% (77454/83283)Updating files:  94% (78287/83283)Updating files:  95% (79119/83283)Updating files:  96% (79952/83283)Updating files:  97% (80785/83283)Updating files:  98% (81618/83283)Updating files:  99% (82451/83283)Updating files: 100% (83283/83283)Updating files: 100% (83283/83283), done.
#24 DONE 39.4s

#25 [21/22] RUN git clone --depth=1 -b dev https://github.com/p4tc-dev/new-nipa.git nipa
#25 0.326 Cloning into 'nipa'...
#25 DONE 1.0s

#26 [22/22] COPY entrypoint.sh /entrypoint.sh
#26 DONE 0.0s

#27 exporting to image
#27 exporting layers
#27 exporting layers 7.1s done
#27 writing image sha256:e1d9aefef68c2e3027a5c5c5dc4fa0e05b860ed97dccc6078779fb62b9ade8cc done
#27 naming to docker.io/library/nipa-executor done
#27 DONE 7.1s
=== >>> DEBUG KERNEL <<< ===
NIPA version: 9cd25f1 (fetcher: support local kernel patches, 2024-02-05)
INFO: Last run date: 2024-02-20 03:00:04.711613+00:00
Testing  {'branch': 'net-next-2024-02-20--06-00', 'date': '2024-02-20T06:00:12.503446+00:00', 'base': 'fb492325068404c52425833b8bba0174e24fdc32', 'url': 'https://github.com/linux-netdev/testing.git net-next-2024-02-20--06-00'}
branch 'net-next-2024-02-20--06-00' set up to track 'origin/net-next-2024-02-20--06-00'.
Switched to a new branch 'net-next-2024-02-20--06-00'
Checking patch tools/testing/selftests/tc-testing/tdc_config.py...
Applied patch tools/testing/selftests/tc-testing/tdc_config.py cleanly.
error: No valid patches in input (allow with "--allow-empty")
Run at 2024-02-20 06:23:44.404726
INFO: building kernel
INFO: starting VM 0
INFO: thr0-1 VM starting: vng -v -r arch/x86/boot/bzImage --user root --rwdir=/nipa-data/kernel/
INFO: thr0-1 expecting prompt: '/nipa-data/kernel# '
INFO: thr0-1 reached initial prompt
INFO: thr-0 testing == tdc.sh
INFO: thr-0 tdc.sh >> retcode: 0 result: pass found {'fail': False, 'skip': False, 'pass': True}
INFO: thr-0 has no more work, exiting
INFO: thr0-1 VM stopped
Done at 2024-02-20 06:28:21.598460
NIPA quitting!
/
~/nipa/tc-executor/tc-executor-storage /
