~/nipa/tc-executor/tc-executor-storage /
Switched to branch 'storage'
Your branch is ahead of 'origin/storage' by 520 commits.
  (use "git push" to publish your local commits)
/
~/nipa/tc-executor /
Error response from daemon: No such image: nipa-executor:latest
#0 building with "default" instance using docker driver

#1 [internal] load .dockerignore
#1 transferring context: 2B done
#1 DONE 0.0s

#2 [internal] load build definition from Dockerfile
#2 transferring dockerfile: 2.05kB done
#2 DONE 0.0s

#3 [internal] load metadata for docker.io/library/alpine:edge
#3 DONE 0.0s

#4 [ 1/22] FROM docker.io/library/alpine:edge
#4 CACHED

#5 [internal] load build context
#5 transferring context: 3.02kB done
#5 DONE 0.0s

#6 [ 2/22] RUN echo false > debug-mode
#6 DONE 0.6s

#7 [ 3/22] RUN addgroup -g 1001 hostuser
#7 DONE 0.5s

#8 [ 4/22] RUN adduser -u 1001 -G hostuser -H -D -s /bin/ash hostuser
#8 DONE 0.4s

#9 [ 5/22] RUN echo '@testing http://dl-cdn.alpinelinux.org/alpine/edge/testing' >> /etc/apk/repositories
#9 DONE 0.5s

#10 [ 6/22] RUN echo '@community http://dl-cdn.alpinelinux.org/alpine/edge/community' >> /etc/apk/repositories
#10 DONE 0.4s

#11 [ 7/22] RUN apk update && apk add --no-cache    virtme-ng@testing    git    py3-requests    py3-psutil    py3-setuptools    py3-pyroute2    py3-argcomplete    qemu-system-x86_64@community    scapy@community    make    gcc    musl-dev    flex    bison    linux-headers    elfutils-dev    util-linux    coreutils    diffutils    findutils    file    bash    kmod    perl    iptables-dev    libcap-dev    libmnl-dev    iproute2     jq    libbpf-dev    rsync    openssl-dev
#11 0.378 fetch https://dl-cdn.alpinelinux.org/alpine/edge/main/x86_64/APKINDEX.tar.gz
#11 0.594 fetch https://dl-cdn.alpinelinux.org/alpine/edge/community/x86_64/APKINDEX.tar.gz
#11 0.795 fetch http://dl-cdn.alpinelinux.org/alpine/edge/testing/x86_64/APKINDEX.tar.gz
#11 1.017 fetch http://dl-cdn.alpinelinux.org/alpine/edge/community/x86_64/APKINDEX.tar.gz
#11 1.277 v20240329-2278-g37ba2f909e6 [https://dl-cdn.alpinelinux.org/alpine/edge/main]
#11 1.277 v20240329-2286-g5fae5096db4 [https://dl-cdn.alpinelinux.org/alpine/edge/community]
#11 1.277 v20240329-2281-g2e589057df3 [http://dl-cdn.alpinelinux.org/alpine/edge/testing]
#11 1.277 v20240329-2286-g5fae5096db4 [http://dl-cdn.alpinelinux.org/alpine/edge/community]
#11 1.277 OK: 31185 distinct packages available
#11 1.342 fetch https://dl-cdn.alpinelinux.org/alpine/edge/main/x86_64/APKINDEX.tar.gz
#11 1.443 fetch https://dl-cdn.alpinelinux.org/alpine/edge/community/x86_64/APKINDEX.tar.gz
#11 1.528 fetch http://dl-cdn.alpinelinux.org/alpine/edge/testing/x86_64/APKINDEX.tar.gz
#11 1.623 fetch http://dl-cdn.alpinelinux.org/alpine/edge/community/x86_64/APKINDEX.tar.gz
#11 1.842 (1/176) Upgrading musl (1.2.4_git20230717-r5 -> 1.2.5-r0)
#11 1.859 (2/176) Upgrading libcrypto3 (3.1.4-r2 -> 3.3.0-r1)
#11 1.893 (3/176) Upgrading libssl3 (3.1.4-r2 -> 3.3.0-r1)
#11 1.917 (4/176) Upgrading zlib (1.3-r2 -> 1.3.1-r1)
#11 1.930 (5/176) Installing ncurses-terminfo-base (6.4_p20240330-r0)
#11 1.946 (6/176) Installing libncursesw (6.4_p20240330-r0)
#11 1.960 (7/176) Installing readline (8.2.10-r0)
#11 1.974 (8/176) Installing bash (5.2.26-r0)
#11 1.994 Executing bash-5.2.26-r0.post-install
#11 1.997 (9/176) Installing m4 (1.4.19-r3)
#11 2.010 (10/176) Installing bison (3.8.2-r1)
#11 2.030 (11/176) Installing coreutils-env (9.5-r1)
#11 2.043 (12/176) Installing coreutils-fmt (9.5-r1)
#11 2.058 (13/176) Installing coreutils-sha512sum (9.5-r1)
#11 2.070 (14/176) Installing libacl (2.3.2-r0)
#11 2.082 (15/176) Installing libattr (2.5.2-r0)
#11 2.094 (16/176) Installing skalibs (2.14.1.1-r0)
#11 2.107 (17/176) Installing utmps-libs (0.1.2.2-r1)
#11 2.119 (18/176) Installing coreutils (9.5-r1)
#11 2.142 (19/176) Installing diffutils (3.10-r0)
#11 2.156 (20/176) Installing zstd-libs (1.5.6-r0)
#11 2.173 (21/176) Installing libelf (0.191-r0)
#11 2.188 (22/176) Installing libbz2 (1.0.8-r6)
#11 2.200 (23/176) Installing musl-fts (1.2.7-r6)
#11 2.212 (24/176) Installing xz-libs (5.6.1-r3)
#11 2.226 (25/176) Installing libdw (0.191-r0)
#11 2.242 (26/176) Installing libasm (0.191-r0)
#11 2.254 (27/176) Installing xz (5.6.1-r3)
#11 2.361 (28/176) Installing pkgconf (2.2.0-r0)
#11 2.374 (29/176) Installing xz-dev (5.6.1-r3)
#11 2.388 (30/176) Installing libgcc (13.2.1_git20240309-r0)
#11 2.400 (31/176) Installing libstdc++ (13.2.1_git20240309-r0)
#11 2.427 (32/176) Installing zstd (1.5.6-r0)
#11 2.443 (33/176) Installing zstd-dev (1.5.6-r0)
#11 2.456 (34/176) Installing zlib-dev (1.3.1-r1)
#11 2.469 (35/176) Installing elfutils-dev (0.191-r0)
#11 2.493 (36/176) Installing libmagic (5.45-r1)
#11 2.524 (37/176) Installing file (5.45-r1)
#11 2.536 (38/176) Installing findutils (4.9.0-r5)
#11 2.551 (39/176) Installing flex (2.6.4-r6)
#11 2.566 (40/176) Installing jansson (2.14-r4)
#11 2.578 (41/176) Installing binutils (2.42-r0)
#11 2.733 (42/176) Installing libgomp (13.2.1_git20240309-r0)
#11 2.748 (43/176) Installing libatomic (13.2.1_git20240309-r0)
#11 2.760 (44/176) Installing gmp (6.3.0-r0)
#11 2.775 (45/176) Installing isl26 (0.26-r1)
#11 2.800 (46/176) Installing mpfr4 (4.2.1-r0)
#11 2.816 (47/176) Installing mpc1 (1.3.1-r1)
#11 2.829 (48/176) Installing gcc (13.2.1_git20240309-r0)
#11 3.294 (49/176) Installing ca-certificates (20240226-r0)
#11 3.317 (50/176) Installing brotli-libs (1.1.0-r2)
#11 3.335 (51/176) Installing c-ares (1.28.1-r0)
#11 3.348 (52/176) Installing libunistring (1.2-r0)
#11 3.369 (53/176) Installing libidn2 (2.3.7-r0)
#11 3.383 (54/176) Installing nghttp2-libs (1.61.0-r0)
#11 3.396 (55/176) Installing libpsl (0.21.5-r1)
#11 3.409 (56/176) Installing libcurl (8.7.1-r0)
#11 3.426 (57/176) Installing libexpat (2.6.2-r0)
#11 3.440 (58/176) Installing pcre2 (10.43-r0)
#11 3.456 (59/176) Installing git (2.44.0-r2)
#11 3.515 (60/176) Installing git-init-template (2.44.0-r2)
#11 3.528 (61/176) Installing libcap2 (2.69-r1)
#11 3.540 (62/176) Installing libmnl (1.0.5-r2)
#11 3.552 (63/176) Installing iproute2-minimal (6.8.0-r0)
#11 3.569 (64/176) Installing libxtables (1.8.10-r3)
#11 3.581 (65/176) Installing iproute2-tc (6.8.0-r0)
#11 3.597 (66/176) Installing iproute2-ss (6.8.0-r0)
#11 3.610 (67/176) Installing iproute2 (6.8.0-r0)
#11 3.625 Executing iproute2-6.8.0-r0.post-install
#11 3.629 (68/176) Installing linux-headers (6.6-r0)
#11 3.719 (69/176) Installing libip4tc (1.8.10-r3)
#11 3.731 (70/176) Installing libip6tc (1.8.10-r3)
#11 3.743 (71/176) Installing libipq (1.8.10-r3)
#11 3.755 (72/176) Installing iptables-dev (1.8.10-r3)
#11 3.768 (73/176) Installing oniguruma (6.9.9-r0)
#11 3.783 (74/176) Installing jq (1.7.1-r0)
#11 3.800 (75/176) Installing kmod (32-r0)
#11 3.813 (76/176) Installing libbpf (1.4.0-r0)
#11 3.922 (77/176) Installing libbpf-dev (1.4.0-r0)
#11 3.941 (78/176) Installing libcap-dev (2.69-r1)
#11 3.953 (79/176) Installing libmnl-dev (1.0.5-r2)
#11 3.965 (80/176) Installing make (4.4.1-r2)
#11 3.979 (81/176) Installing musl-dev (1.2.5-r0)
#11 4.044 (82/176) Installing openssl-dev (3.3.0-r1)
#11 4.072 (83/176) Installing perl (5.38.2-r0)
#11 4.294 (84/176) Installing perl-error (0.17029-r2)
#11 4.306 (85/176) Installing perl-git (2.44.0-r2)
#11 4.319 (86/176) Installing git-perl (2.44.0-r2)
#11 4.333 (87/176) Installing libffi (3.4.6-r0)
#11 4.345 (88/176) Installing gdbm (1.23-r1)
#11 4.358 (89/176) Installing mpdecimal (4.0.0-r0)
#11 4.371 (90/176) Installing libpanelw (6.4_p20240330-r0)
#11 4.383 (91/176) Installing sqlite-libs (3.45.3-r0)
#11 4.405 (92/176) Installing python3 (3.12.3-r1)
#11 4.534 (93/176) Installing python3-pycache-pyc0 (3.12.3-r1)
#11 4.616 (94/176) Installing pyc (3.12.3-r1)
#11 4.628 (95/176) Installing py3-argcomplete-pyc (3.3.0-r0)
#11 4.640 (96/176) Installing python3-pyc (3.12.3-r1)
#11 4.652 (97/176) Installing py3-argcomplete (3.3.0-r0)
#11 4.666 (98/176) Installing py3-psutil (5.9.8-r1)
#11 4.681 (99/176) Installing py3-psutil-pyc (5.9.8-r1)
#11 4.696 (100/176) Installing py3-pyroute2 (0.7.12-r1)
#11 4.725 (101/176) Installing py3-pyroute2-pyc (0.7.12-r1)
#11 4.758 (102/176) Installing py3-certifi (2024.2.2-r1)
#11 4.770 (103/176) Installing py3-certifi-pyc (2024.2.2-r1)
#11 4.782 (104/176) Installing py3-charset-normalizer (3.3.2-r1)
#11 4.796 (105/176) Installing py3-charset-normalizer-pyc (3.3.2-r1)
#11 4.809 (106/176) Installing py3-idna (3.7-r0)
#11 4.823 (107/176) Installing py3-idna-pyc (3.7-r0)
#11 4.838 (108/176) Installing py3-urllib3 (1.26.18-r1)
#11 4.854 (109/176) Installing py3-urllib3-pyc (1.26.18-r1)
#11 4.877 (110/176) Installing py3-requests (2.31.0-r2)
#11 4.891 (111/176) Installing py3-requests-pyc (2.31.0-r2)
#11 4.905 (112/176) Installing py3-parsing (3.1.2-r1)
#11 4.920 (113/176) Installing py3-parsing-pyc (3.1.2-r1)
#11 4.935 (114/176) Installing py3-packaging (24.0-r1)
#11 4.957 (115/176) Installing py3-packaging-pyc (24.0-r1)
#11 4.970 (116/176) Installing py3-setuptools (69.5.1-r0)
#11 5.016 (117/176) Installing py3-setuptools-pyc (69.5.1-r0)
#11 5.057 (118/176) Installing libcap-ng (0.8.4-r0)
#11 5.069 (119/176) Installing libintl (0.22.5-r0)
#11 5.083 (120/176) Installing libeconf (0.6.2-r0)
#11 5.096 (121/176) Installing libblkid (2.40-r2)
#11 5.109 (122/176) Installing libmount (2.40-r2)
#11 5.123 (123/176) Installing glib (2.80.0-r3)
#11 5.160 (124/176) Installing numactl (2.0.18-r0)
#11 5.172 (125/176) Installing qemu (8.2.2-r0)
#11 5.187 Executing qemu-8.2.2-r0.pre-install
#11 5.254 Executing qemu-8.2.2-r0.post-install
#11 5.258 *
#11 5.258 * If you want to run VM as unprivileged user and let Qemu create tunX devices,
#11 5.258 * then you must add that user to the group "qemu".
#11 5.258 * If you use KVM for hardware-assisted virtualization, then you may also need
#11 5.258 * to add that user to the group "kvm".
#11 5.258 *
#11 5.258 (126/176) Installing qemu-bridge-helper (8.2.2-r0)
#11 5.286 (127/176) Installing libaio (0.3.113-r2)
#11 5.298 (128/176) Installing capstone (5.0.1-r4)
#11 5.327 (129/176) Installing nettle (3.9.1-r0)
#11 5.344 (130/176) Installing libtasn1 (4.19.0-r2)
#11 5.357 (131/176) Installing p11-kit (0.25.3-r0)
#11 5.374 (132/176) Installing gnutls (3.8.3-r0)
#11 5.398 (133/176) Installing libjpeg-turbo (3.0.2-r0)
#11 5.415 (134/176) Installing lzo (2.10-r5)
#11 5.428 (135/176) Installing pixman (0.43.2-r0)
#11 5.444 (136/176) Installing libpng (1.6.43-r0)
#11 5.458 (137/176) Installing libsasl (2.1.28-r6)
#11 5.472 (138/176) Installing libseccomp (2.5.5-r1)
#11 5.485 (139/176) Installing libslirp (4.7.0-r0)
#11 5.498 (140/176) Installing snappy (1.1.10-r2)
#11 5.510 (141/176) Installing liburing (2.5-r1)
#11 5.522 (142/176) Installing vde2-libs (2.3.3-r3)
#11 5.535 (143/176) Installing qemu-system-x86_64 (8.2.2-r0)
#11 5.643 (144/176) Installing lz4-libs (1.9.4-r5)
#11 5.657 (145/176) Installing popt (1.19-r3)
#11 5.668 (146/176) Installing libxxhash (0.8.2-r2)
#11 5.681 (147/176) Installing rsync (3.3.0-r0)
#11 5.701 (148/176) Installing scapy (2.5.0-r3)
#11 5.758 Executing scapy-2.5.0-r3.post-install
#11 5.759 *
#11 5.759 * Certain optional features of scapy also depend on the following packages:
#11 5.759 *     py3-matplotlib graphviz imagemagick py3-cryptography sox
#11 5.759 * And the following unpackaged dependencies:
#11 5.759 *     pyxi vpython-jupyter nmap<v4.23
#11 5.759 * More information can be found at https://scapy.readthedocs.io/en/latest/installation.html#optional-dependencies
#11 5.759 *
#11 5.759 (149/176) Installing scapy-pyc (2.5.0-r3)
#11 5.816 (150/176) Installing util-linux (2.40-r2)
#11 5.920 (151/176) Installing setarch (2.40-r2)
#11 5.931 (152/176) Installing libuuid (2.40-r2)
#11 5.944 (153/176) Installing libfdisk (2.40-r2)
#11 5.958 (154/176) Installing libsmartcols (2.40-r2)
#11 6.063 (155/176) Installing util-linux-misc (2.40-r2)
#11 6.093 (156/176) Installing linux-pam (1.6.0-r0)
#11 6.113 (157/176) Installing runuser (2.40-r2)
#11 6.125 (158/176) Installing mount (2.40-r2)
#11 6.137 (159/176) Installing losetup (2.40-r2)
#11 6.149 (160/176) Installing hexdump (2.40-r2)
#11 6.161 (161/176) Installing uuidgen (2.40-r2)
#11 6.172 (162/176) Installing blkid (2.40-r2)
#11 6.185 (163/176) Installing sfdisk (2.40-r2)
#11 6.197 (164/176) Installing mcookie (2.40-r2)
#11 6.208 (165/176) Installing agetty (2.40-r2)
#11 6.222 (166/176) Installing wipefs (2.40-r2)
#11 6.233 (167/176) Installing cfdisk (2.40-r2)
#11 6.247 (168/176) Installing umount (2.40-r2)
#11 6.258 (169/176) Installing flock (2.40-r2)
#11 6.270 (170/176) Installing lsblk (2.40-r2)
#11 6.284 (171/176) Installing setpriv (2.40-r2)
#11 6.296 (172/176) Installing logger (2.40-r2)
#11 6.308 (173/176) Installing partx (2.40-r2)
#11 6.319 (174/176) Installing fstrim (2.40-r2)
#11 6.333 (175/176) Installing findmnt (2.40-r2)
#11 6.345 (176/176) Installing virtme-ng@testing (1.23-r1)
#11 6.402 Executing busybox-1.36.1-r17.trigger
#11 6.405 Executing ca-certificates-20240226-r0.trigger
#11 6.427 Executing glib-2.80.0-r3.trigger
#11 6.434 OK: 383 MiB in 187 packages
#11 DONE 6.8s

#12 [ 8/22] RUN mkdir -p /tmp/kernel-patches &&     mkdir -p /tmp/iproute2-patches
#12 DONE 0.4s

#13 [ 9/22] COPY tdc.config /tmp
#13 DONE 0.0s

#14 [10/22] COPY tdc-debug.config /tmp
#14 DONE 0.0s

#15 [11/22] COPY kernel-patches /tmp/kernel-patches/
#15 DONE 0.1s

#16 [12/22] COPY iproute2-patches /tmp/iproute2-patches/
#16 DONE 0.0s

#17 [13/22] COPY configs /tmp/configs/
#17 DONE 0.0s

#18 [14/22] RUN git config --global user.email foo@bar.com
#18 DONE 0.3s

#19 [15/22] RUN git config --global user.name foo@bar.com
#19 DONE 0.4s

#20 [16/22] RUN git clone https://git.kernel.org/pub/scm/network/iproute2/iproute2-next.git /nipa-data/iproute2
#20 0.380 Cloning into '/nipa-data/iproute2'...
#20 DONE 1.9s

#21 [17/22] RUN cd /nipa-data/iproute2 && 	git remote add stable https://git.kernel.org/pub/scm/network/iproute2/iproute2.git && 	git fetch --all && 	git merge stable/main
#21 0.377 Fetching origin
#21 0.664 Fetching stable
#21 1.119 From https://git.kernel.org/pub/scm/network/iproute2/iproute2
#21 1.119  * [new branch]        codeql         -> stable/codeql
#21 1.119  * [new branch]        iproute2-4.1.x -> stable/iproute2-4.1.x
#21 1.119  * [new branch]        main           -> stable/main
#21 1.152 Auto-merging ip/iplink.c
#21 1.152 Auto-merging man/man8/ip-link.8.in
#21 1.166 Merge made by the 'ort' strategy.
#21 1.169  ip/iplink.c           | 2 +-
#21 1.169  man/man8/ip-link.8.in | 2 +-
#21 1.169  2 files changed, 2 insertions(+), 2 deletions(-)
#21 DONE 1.2s

#22 [18/22] RUN if [ "$(find /tmp/iproute2-patches/ -name *.patch)" ]; then  	cd /nipa-data/iproute2; 	git apply /tmp/iproute2-patches/*.patch;     fi
#22 DONE 0.4s

#23 [19/22] RUN cd /nipa-data/iproute2/ &&     ./configure &&     make
#23 0.376 TC schedulers
#23 0.377  IPT	using xtables
#23 0.405  IPSET  yes
#23 0.425 
#23 0.425 lib directory: /usr/lib
#23 0.426 libc has setns: yes
#23 0.445 libc has name_to_handle_at: yes
#23 0.467 SELinux support: no
#23 0.468 libtirpc support: no
#23 0.469 libbpf support: yes
#23 0.533 	libbpf version 1.4.0
#23 0.533 ELF support: yes
#23 0.535 libmnl support: yes
#23 0.537 Berkeley DB: no
#23 0.546 need for strlcpy: no
#23 0.566 libcap support: yes
#23 0.567 color output: never
#23 0.570 
#23 0.570 lib
#23 0.571     CC       libgenl.o
#23 0.616     CC       libnetlink.o
#23 0.935     CC       mnl_utils.o
#23 1.027     AR       libnetlink.a
#23 1.029     CC       utils.o
#23 1.395     CC       utils_math.o
#23 1.433     CC       rt_names.o
#23 1.586     CC       ll_map.o
#23 1.676     CC       ll_types.o
#23 1.687 In file included from ll_types.c:20:
#23 1.687 ../include/uapi/linux/sockios.h:42: warning: "SIOCGSTAMP" redefined
#23 1.687    42 | #define SIOCGSTAMP      SIOCGSTAMP_OLD
#23 1.687       | 
#23 1.687 In file included from /usr/include/sys/ioctl.h:10,
#23 1.687                  from ll_types.c:12:
#23 1.687 /usr/include/bits/ioctl.h:111: note: this is the location of the previous definition
#23 1.687   111 | #define SIOCGSTAMP      0x8906
#23 1.687       | 
#23 1.687 ../include/uapi/linux/sockios.h:43: warning: "SIOCGSTAMPNS" redefined
#23 1.687    43 | #define SIOCGSTAMPNS    SIOCGSTAMPNS_OLD
#23 1.687       | 
#23 1.687 /usr/include/bits/ioctl.h:112: note: this is the location of the previous definition
#23 1.687   112 | #define SIOCGSTAMPNS    0x8907
#23 1.687       | 
#23 1.702     CC       ll_proto.o
#23 1.716 In file included from ll_proto.c:21:
#23 1.716 ../include/uapi/linux/sockios.h:42: warning: "SIOCGSTAMP" redefined
#23 1.716    42 | #define SIOCGSTAMP      SIOCGSTAMP_OLD
#23 1.716       | 
#23 1.716 In file included from /usr/include/sys/ioctl.h:10,
#23 1.716                  from ll_proto.c:13:
#23 1.716 /usr/include/bits/ioctl.h:111: note: this is the location of the previous definition
#23 1.716   111 | #define SIOCGSTAMP      0x8906
#23 1.716       | 
#23 1.716 ../include/uapi/linux/sockios.h:43: warning: "SIOCGSTAMPNS" redefined
#23 1.716    43 | #define SIOCGSTAMPNS    SIOCGSTAMPNS_OLD
#23 1.716       | 
#23 1.716 /usr/include/bits/ioctl.h:112: note: this is the location of the previous definition
#23 1.716   112 | #define SIOCGSTAMPNS    0x8907
#23 1.716       | 
#23 1.734     CC       ll_addr.o
#23 1.746 In file included from ll_addr.c:20:
#23 1.746 ../include/uapi/linux/sockios.h:42: warning: "SIOCGSTAMP" redefined
#23 1.746    42 | #define SIOCGSTAMP      SIOCGSTAMP_OLD
#23 1.746       | 
#23 1.746 In file included from /usr/include/sys/ioctl.h:10,
#23 1.746                  from ll_addr.c:12:
#23 1.746 /usr/include/bits/ioctl.h:111: note: this is the location of the previous definition
#23 1.746   111 | #define SIOCGSTAMP      0x8906
#23 1.746       | 
#23 1.746 ../include/uapi/linux/sockios.h:43: warning: "SIOCGSTAMPNS" redefined
#23 1.746    43 | #define SIOCGSTAMPNS    SIOCGSTAMPNS_OLD
#23 1.746       | 
#23 1.746 /usr/include/bits/ioctl.h:112: note: this is the location of the previous definition
#23 1.746   112 | #define SIOCGSTAMPNS    0x8907
#23 1.746       | 
#23 1.773     CC       inet_proto.o
#23 1.799     CC       namespace.o
#23 1.852     CC       json_writer.o
#23 1.935     CC       json_print.o
#23 2.056     CC       json_print_math.o
#23 2.087     CC       names.o
#23 2.130     CC       color.o
#23 2.174     CC       bpf_legacy.o
#23 2.508     CC       bpf_glue.o
#23 2.544     CC       exec.o
#23 2.572     CC       fs.o
#23 2.632     CC       cg_map.o
#23 2.663     CC       ppp_proto.o
#23 2.687     CC       bpf_libbpf.o
#23 2.778     CC       selinux.o
#23 2.798     CC       ax25_ntop.o
#23 2.825     CC       rose_ntop.o
#23 2.838 In file included from rose_ntop.c:16:
#23 2.838 ../include/uapi/linux/sockios.h:42: warning: "SIOCGSTAMP" redefined
#23 2.838    42 | #define SIOCGSTAMP      SIOCGSTAMP_OLD
#23 2.838       | 
#23 2.838 In file included from /usr/include/sys/ioctl.h:10,
#23 2.838                  from rose_ntop.c:7:
#23 2.838 /usr/include/bits/ioctl.h:111: note: this is the location of the previous definition
#23 2.838   111 | #define SIOCGSTAMP      0x8906
#23 2.838       | 
#23 2.838 ../include/uapi/linux/sockios.h:43: warning: "SIOCGSTAMPNS" redefined
#23 2.838    43 | #define SIOCGSTAMPNS    SIOCGSTAMPNS_OLD
#23 2.838       | 
#23 2.838 /usr/include/bits/ioctl.h:112: note: this is the location of the previous definition
#23 2.838   112 | #define SIOCGSTAMPNS    0x8907
#23 2.838       | 
#23 2.854     CC       mpls_ntop.o
#23 2.880     CC       mpls_pton.o
#23 2.909     CC       netrom_ntop.o
#23 2.933     AR       libutil.a
#23 2.938 
#23 2.938 ip
#23 2.940     CC       ip.o
#23 3.011     CC       ipaddress.o
#23 3.024 In file included from ipaddress.c:26:
#23 3.024 ../include/uapi/linux/sockios.h:42: warning: "SIOCGSTAMP" redefined
#23 3.024    42 | #define SIOCGSTAMP      SIOCGSTAMP_OLD
#23 3.024       | 
#23 3.024 In file included from /usr/include/sys/ioctl.h:10,
#23 3.024                  from ipaddress.c:14:
#23 3.024 /usr/include/bits/ioctl.h:111: note: this is the location of the previous definition
#23 3.024   111 | #define SIOCGSTAMP      0x8906
#23 3.024       | 
#23 3.024 ../include/uapi/linux/sockios.h:43: warning: "SIOCGSTAMPNS" redefined
#23 3.024    43 | #define SIOCGSTAMPNS    SIOCGSTAMPNS_OLD
#23 3.024       | 
#23 3.024 /usr/include/bits/ioctl.h:112: note: this is the location of the previous definition
#23 3.024   112 | #define SIOCGSTAMPNS    0x8907
#23 3.024       | 
#23 3.477     CC       ipaddrlabel.o
#23 3.531     CC       iproute.o
#23 4.036     CC       iprule.o
#23 4.217     CC       ipnetns.o
#23 4.416     CC       rtm_map.o
#23 4.450     CC       iptunnel.o
#23 4.462 In file included from ../include/uapi/linux/if_tunnel.h:6,
#23 4.462                  from iptunnel.c:19:
#23 4.462 ../include/uapi/linux/if.h:134: warning: "IFF_VOLATILE" redefined
#23 4.462   134 | #define IFF_VOLATILE    (IFF_LOOPBACK|IFF_POINTOPOINT|IFF_BROADCAST|IFF_ECHO|\
#23 4.462       | 
#23 4.462 In file included from iptunnel.c:16:
#23 4.462 /usr/include/net/if.h:48: note: this is the location of the previous definition
#23 4.462    48 | #define IFF_VOLATILE (IFF_LOOPBACK|IFF_POINTOPOINT|IFF_BROADCAST| \
#23 4.462       | 
#23 4.593     CC       ip6tunnel.o
#23 4.700     CC       tunnel.o
#23 4.788     CC       ipneigh.o
#23 4.936     CC       ipntable.o
#23 5.040     CC       iplink.o
#23 5.316     CC       ipmaddr.o
#23 5.331 In file included from ipmaddr.c:21:
#23 5.331 ../include/uapi/linux/sockios.h:42: warning: "SIOCGSTAMP" redefined
#23 5.331    42 | #define SIOCGSTAMP      SIOCGSTAMP_OLD
#23 5.331       | 
#23 5.331 In file included from /usr/include/sys/ioctl.h:10,
#23 5.331                  from ipmaddr.c:12:
#23 5.331 /usr/include/bits/ioctl.h:111: note: this is the location of the previous definition
#23 5.331   111 | #define SIOCGSTAMP      0x8906
#23 5.331       | 
#23 5.331 ../include/uapi/linux/sockios.h:43: warning: "SIOCGSTAMPNS" redefined
#23 5.331    43 | #define SIOCGSTAMPNS    SIOCGSTAMPNS_OLD
#23 5.331       | 
#23 5.331 /usr/include/bits/ioctl.h:112: note: this is the location of the previous definition
#23 5.331   112 | #define SIOCGSTAMPNS    0x8907
#23 5.331       | 
#23 5.411     CC       ipmonitor.o
#23 5.482     CC       ipmroute.o
#23 5.494 In file included from ipmroute.c:22:
#23 5.494 ../include/uapi/linux/sockios.h:42: warning: "SIOCGSTAMP" redefined
#23 5.494    42 | #define SIOCGSTAMP      SIOCGSTAMP_OLD
#23 5.494       | 
#23 5.494 In file included from /usr/include/sys/ioctl.h:10,
#23 5.494                  from ipmroute.c:13:
#23 5.494 /usr/include/bits/ioctl.h:111: note: this is the location of the previous definition
#23 5.494   111 | #define SIOCGSTAMP      0x8906
#23 5.494       | 
#23 5.494 ../include/uapi/linux/sockios.h:43: warning: "SIOCGSTAMPNS" redefined
#23 5.494    43 | #define SIOCGSTAMPNS    SIOCGSTAMPNS_OLD
#23 5.494       | 
#23 5.494 /usr/include/bits/ioctl.h:112: note: this is the location of the previous definition
#23 5.494   112 | #define SIOCGSTAMPNS    0x8907
#23 5.494       | 
#23 5.559     CC       ipprefix.o
#23 5.590     CC       iptuntap.o
#23 5.704     CC       iptoken.o
#23 5.757     CC       ipxfrm.o
#23 6.062     CC       xfrm_state.o
#23 6.329     CC       xfrm_policy.o
#23 6.561     CC       xfrm_monitor.o
#23 6.638     CC       iplink_dummy.o
#23 6.660     CC       iplink_ifb.o
#23 6.681     CC       iplink_nlmon.o
#23 6.703     CC       iplink_team.o
#23 6.726     CC       iplink_vcan.o
#23 6.749     CC       iplink_vxcan.o
#23 6.777     CC       iplink_vlan.o
#23 6.846     CC       link_veth.o
#23 6.874     CC       link_gre.o
#23 6.886 In file included from ../include/uapi/linux/if_tunnel.h:6,
#23 6.886                  from link_gre.c:15:
#23 6.886 ../include/uapi/linux/if.h:134: warning: "IFF_VOLATILE" redefined
#23 6.886   134 | #define IFF_VOLATILE    (IFF_LOOPBACK|IFF_POINTOPOINT|IFF_BROADCAST|IFF_ECHO|\
#23 6.886       | 
#23 6.886 In file included from link_gre.c:9:
#23 6.886 /usr/include/net/if.h:48: note: this is the location of the previous definition
#23 6.886    48 | #define IFF_VOLATILE (IFF_LOOPBACK|IFF_POINTOPOINT|IFF_BROADCAST| \
#23 6.886       | 
#23 6.993     CC       iplink_can.o
#23 7.143     CC       iplink_xdp.o
#23 7.199     CC       iplink_macvlan.o
#23 7.265     CC       ipl2tp.o
#23 7.420     CC       link_vti.o
#23 7.431 In file included from ../include/uapi/linux/if_tunnel.h:6,
#23 7.431                  from link_vti.c:16:
#23 7.431 ../include/uapi/linux/if.h:134: warning: "IFF_VOLATILE" redefined
#23 7.431   134 | #define IFF_VOLATILE    (IFF_LOOPBACK|IFF_POINTOPOINT|IFF_BROADCAST|IFF_ECHO|\
#23 7.431       | 
#23 7.431 In file included from link_vti.c:10:
#23 7.431 /usr/include/net/if.h:48: note: this is the location of the previous definition
#23 7.431    48 | #define IFF_VOLATILE (IFF_LOOPBACK|IFF_POINTOPOINT|IFF_BROADCAST| \
#23 7.431       | 
#23 7.475     CC       link_vti6.o
#23 7.485 In file included from ../include/uapi/linux/if_tunnel.h:6,
#23 7.485                  from link_vti6.c:17:
#23 7.485 ../include/uapi/linux/if.h:134: warning: "IFF_VOLATILE" redefined
#23 7.485   134 | #define IFF_VOLATILE    (IFF_LOOPBACK|IFF_POINTOPOINT|IFF_BROADCAST|IFF_ECHO|\
#23 7.485       | 
#23 7.485 In file included from link_vti6.c:11:
#23 7.485 /usr/include/net/if.h:48: note: this is the location of the previous definition
#23 7.485    48 | #define IFF_VOLATILE (IFF_LOOPBACK|IFF_POINTOPOINT|IFF_BROADCAST| \
#23 7.485       | 
#23 7.529     CC       link_xfrm.o
#23 7.574     CC       iplink_vxlan.o
#23 7.717     CC       tcp_metrics.o
#23 7.817     CC       iplink_ipoib.o
#23 7.858     CC       ipnetconf.o
#23 7.913     CC       link_ip6tnl.o
#23 7.923 In file included from ../include/uapi/linux/if_tunnel.h:6,
#23 7.923                  from link_ip6tnl.c:15:
#23 7.923 ../include/uapi/linux/if.h:134: warning: "IFF_VOLATILE" redefined
#23 7.923   134 | #define IFF_VOLATILE    (IFF_LOOPBACK|IFF_POINTOPOINT|IFF_BROADCAST|IFF_ECHO|\
#23 7.923       | 
#23 7.923 In file included from link_ip6tnl.c:9:
#23 7.923 /usr/include/net/if.h:48: note: this is the location of the previous definition
#23 7.923    48 | #define IFF_VOLATILE (IFF_LOOPBACK|IFF_POINTOPOINT|IFF_BROADCAST| \
#23 7.923       | 
#23 8.004     CC       link_iptnl.o
#23 8.015 In file included from ../include/uapi/linux/if_tunnel.h:6,
#23 8.015                  from link_iptnl.c:16:
#23 8.015 ../include/uapi/linux/if.h:134: warning: "IFF_VOLATILE" redefined
#23 8.015   134 | #define IFF_VOLATILE    (IFF_LOOPBACK|IFF_POINTOPOINT|IFF_BROADCAST|IFF_ECHO|\
#23 8.015       | 
#23 8.015 In file included from link_iptnl.c:9:
#23 8.015 /usr/include/net/if.h:48: note: this is the location of the previous definition
#23 8.015    48 | #define IFF_VOLATILE (IFF_LOOPBACK|IFF_POINTOPOINT|IFF_BROADCAST| \
#23 8.015       | 
#23 8.106     CC       link_gre6.o
#23 8.118 In file included from ../include/uapi/linux/if_tunnel.h:6,
#23 8.118                  from link_gre6.c:15:
#23 8.118 ../include/uapi/linux/if.h:134: warning: "IFF_VOLATILE" redefined
#23 8.118   134 | #define IFF_VOLATILE    (IFF_LOOPBACK|IFF_POINTOPOINT|IFF_BROADCAST|IFF_ECHO|\
#23 8.118       | 
#23 8.118 In file included from link_gre6.c:9:
#23 8.118 /usr/include/net/if.h:48: note: this is the location of the previous definition
#23 8.118    48 | #define IFF_VOLATILE (IFF_LOOPBACK|IFF_POINTOPOINT|IFF_BROADCAST| \
#23 8.118       | 
#23 8.237     CC       iplink_bond.o
#23 8.406     CC       iplink_bond_slave.o
#23 8.457     CC       iplink_hsr.o
#23 8.502     CC       iplink_bridge.o
#23 8.646     CC       iplink_bridge_slave.o
#23 8.743     CC       iplink_dsa.o
#23 8.773     CC       ipfou.o
#23 8.847     CC       iplink_ipvlan.o
#23 8.885     CC       iplink_geneve.o
#23 8.985     CC       iplink_vrf.o
#23 9.041     CC       iproute_lwtunnel.o
#23 9.420     CC       ipmacsec.o
#23 9.662     CC       ipila.o
#23 9.733     CC       ipvrf.o
#23 9.837     CC       iplink_xstats.o
#23 9.865     CC       ipseg6.o
#23 9.913     CC       iplink_netdevsim.o
#23 9.935     CC       iplink_rmnet.o
#23 9.965     CC       ipnexthop.o
#23 10.21     CC       ipmptcp.o
#23 10.33     CC       iplink_bareudp.o
#23 10.37     CC       iplink_wwan.o
#23 10.40     CC       ipioam6.o
#23 10.47     CC       iplink_amt.o
#23 10.53     CC       iplink_batadv.o
#23 10.56     CC       iplink_gtp.o
#23 10.59     CC       iplink_virt_wifi.o
#23 10.62     CC       iplink_netkit.o
#23 10.66     CC       ipstats.o
#23 10.85     LINK     ip
#23 10.89     CC       rtmon.o
#23 10.94     LINK     rtmon
#23 10.95 
#23 10.95 tc
#23 10.95     CC       tc.o
#23 11.04     CC       tc_qdisc.o
#23 11.14     CC       tc_class.o
#23 11.25     CC       tc_filter.o
#23 11.42     CC       tc_util.o
#23 11.59     CC       tc_monitor.o
#23 11.63     CC       tc_exec.o
#23 11.66     CC       m_police.o
#23 11.75     CC       m_estimator.o
#23 11.78     CC       m_action.o
#23 11.94     CC       m_ematch.o
#23 12.05     YACC     emp_ematch.tab.c
#23 12.11     CC       emp_ematch.tab.o
#23 12.21     LEX      emp_ematch.lex.c
#23 12.22     CC       emp_ematch.lex.o
#23 12.41     CC       q_fifo.o
#23 12.44     CC       q_sfq.o
#23 12.52     CC       q_red.o
#23 12.59     CC       q_prio.o
#23 12.63     CC       q_skbprio.o
#23 12.67     CC       q_tbf.o
#23 12.75     CC       q_multiq.o
#23 12.79     CC       q_netem.o
#23 12.98     CC       q_choke.o
#23 13.05     CC       q_sfb.o
#23 13.10     CC       f_u32.o
#23 13.37     CC       f_route.o
#23 13.43     CC       f_fw.o
#23 13.49     CC       f_basic.o
#23 13.54     CC       f_bpf.o
#23 13.61     CC       f_flow.o
#23 13.70     CC       f_cgroup.o
#23 13.73     CC       f_flower.o
#23 13.74 In file included from ../include/uapi/linux/netdevice.h:29,
#23 13.74                  from ../include/uapi/linux/if_arp.h:27,
#23 13.74                  from f_flower.c:14:
#23 13.74 ../include/uapi/linux/if.h:134: warning: "IFF_VOLATILE" redefined
#23 13.74   134 | #define IFF_VOLATILE    (IFF_LOOPBACK|IFF_POINTOPOINT|IFF_BROADCAST|IFF_ECHO|\
#23 13.74       | 
#23 13.74 In file included from f_flower.c:12:
#23 13.74 /usr/include/net/if.h:48: note: this is the location of the previous definition
#23 13.74    48 | #define IFF_VOLATILE (IFF_LOOPBACK|IFF_POINTOPOINT|IFF_BROADCAST| \
#23 13.74       | 
#23 14.22     CC       q_gred.o
#23 14.33     CC       q_ingress.o
#23 14.36     CC       q_hfsc.o
#23 14.46     CC       q_htb.o
#23 14.55     CC       q_drr.o
#23 14.59     CC       q_qfq.o
#23 14.63     CC       m_gact.o
#23 14.68     CC       m_mirred.o
#23 14.77     CC       m_mpls.o
#23 14.84     CC       m_nat.o
#23 14.89     CC       m_pedit.o
#23 15.02     CC       m_ife.o
#23 15.11     CC       m_skbedit.o
#23 15.17     CC       m_skbmod.o
#23 15.24     CC       m_csum.o
#23 15.30     CC       m_simple.o
#23 15.34     CC       m_vlan.o
#23 15.42     CC       m_connmark.o
#23 15.46     CC       m_ctinfo.o
#23 15.53     CC       m_bpf.o
#23 15.58     CC       m_tunnel_key.o
#23 15.69     CC       m_sample.o
#23 15.74     CC       m_ct.o
#23 15.85     CC       m_gate.o
#23 15.94     CC       p_ip.o
#23 15.99     CC       p_ip6.o
#23 16.02     CC       p_icmp.o
#23 16.05     CC       p_eth.o
#23 16.08     CC       p_tcp.o
#23 16.10     CC       p_udp.o
#23 16.14     CC       em_nbyte.o
#23 16.18     CC       em_cmp.o
#23 16.24     CC       em_u32.o
#23 16.30     CC       em_canid.o
#23 16.34     CC       em_meta.o
#23 16.46     CC       q_mqprio.o
#23 16.57     CC       q_codel.o
#23 16.63     CC       q_fq_codel.o
#23 16.70     CC       q_fq.o
#23 16.82     CC       q_pie.o
#23 16.88     CC       q_fq_pie.o
#23 16.94     CC       q_cake.o
#23 17.12     CC       q_hhf.o
#23 17.18     CC       q_clsact.o
#23 17.21     CC       e_bpf.o
#23 17.27     CC       f_matchall.o
#23 17.32     CC       q_cbs.o
#23 17.38     CC       q_etf.o
#23 17.44     CC       q_taprio.o
#23 17.58     CC       q_plug.o
#23 17.61     CC       q_ets.o
#23 17.69     CC       em_ipt.o
#23 17.71 In file included from tc_util.h:7,
#23 17.71                  from m_ematch.h:11,
#23 17.71                  from em_ipt.c:13:
#23 17.71 ../include/uapi/linux/if.h:134: warning: "IFF_VOLATILE" redefined
#23 17.71   134 | #define IFF_VOLATILE    (IFF_LOOPBACK|IFF_POINTOPOINT|IFF_BROADCAST|IFF_ECHO|\
#23 17.71       | 
#23 17.71 In file included from ../include/xtables.h:17,
#23 17.71                  from em_ipt.c:12:
#23 17.71 /usr/include/net/if.h:48: note: this is the location of the previous definition
#23 17.71    48 | #define IFF_VOLATILE (IFF_LOOPBACK|IFF_POINTOPOINT|IFF_BROADCAST| \
#23 17.71       | 
#23 17.74     CC       em_ipset.o
#23 17.76 In file included from tc_util.h:7,
#23 17.76                  from m_ematch.h:11,
#23 17.76                  from em_ipset.c:39:
#23 17.76 ../include/uapi/linux/if.h:134: warning: "IFF_VOLATILE" redefined
#23 17.76   134 | #define IFF_VOLATILE    (IFF_LOOPBACK|IFF_POINTOPOINT|IFF_BROADCAST|IFF_ECHO|\
#23 17.76       | 
#23 17.76 In file included from ../include/xtables.h:17,
#23 17.76                  from em_ipset.c:23:
#23 17.76 /usr/include/net/if.h:48: note: this is the location of the previous definition
#23 17.76    48 | #define IFF_VOLATILE (IFF_LOOPBACK|IFF_POINTOPOINT|IFF_BROADCAST| \
#23 17.76       | 
#23 17.79     CC       tc_core.o
#23 17.86     CC       tc_red.o
#23 17.91     CC       tc_estimator.o
#23 17.95     CC       tc_stab.o
#23 18.00     CC       tc_qevent.o
#23 18.06     AR       libtc.a
#23 18.06     LINK     tc
#23 18.10 rm emp_ematch.lex.c
#23 18.10 
#23 18.10 bridge
#23 18.10     CC       bridge.o
#23 18.16     CC       fdb.o
#23 18.34     CC       monitor.o
#23 18.38     CC       link.o
#23 18.55     CC       mdb.o
#23 18.75     CC       vlan.o
#23 18.76 In file included from vlan.c:14:
#23 18.76 ../include/json_print.h:80:30: warning: 'struct timeval' declared inside parameter list will not be visible outside of this definition or declaration
#23 18.76    80 | _PRINT_FUNC(tv, const struct timeval *)
#23 18.76       |                              ^~~~~~~
#23 18.76 ../include/json_print.h:50:37: note: in definition of macro '_PRINT_FUNC'
#23 18.76    50 |                                     type value);                        \
#23 18.76       |                                     ^~~~
#23 18.76 ../include/json_print.h:80:30: warning: 'struct timeval' declared inside parameter list will not be visible outside of this definition or declaration
#23 18.76    80 | _PRINT_FUNC(tv, const struct timeval *)
#23 18.76       |                              ^~~~~~~
#23 18.76 ../include/json_print.h:55:45: note: in definition of macro '_PRINT_FUNC'
#23 18.76    55 |                                             type value)                 \
#23 18.76       |                                             ^~~~
#23 18.76 ../include/json_print.h: In function 'print_tv':
#23 18.76 ../include/json_print.h:58:48: warning: passing argument 5 of 'print_color_tv' from incompatible pointer type [-Wincompatible-pointer-types]
#23 18.76    58 |                                                value);                  \
#23 18.76       |                                                ^~~~~
#23 18.76       |                                                |
#23 18.76       |                                                const struct timeval *
#23 18.76 ../include/json_print.h:80:1: note: in expansion of macro '_PRINT_FUNC'
#23 18.76    80 | _PRINT_FUNC(tv, const struct timeval *)
#23 18.76       | ^~~~~~~~~~~
#23 18.76 ../include/json_print.h:50:42: note: expected 'const struct timeval *' but argument is of type 'const struct timeval *'
#23 18.76    50 |                                     type value);                        \
#23 18.76       |                                          ^
#23 18.76 ../include/json_print.h:80:1: note: in expansion of macro '_PRINT_FUNC'
#23 18.76    80 | _PRINT_FUNC(tv, const struct timeval *)
#23 18.76       | ^~~~~~~~~~~
#23 18.98     CC       vni.o
#23 19.00 In file included from vni.c:19:
#23 19.00 ../include/json_print.h:80:30: warning: 'struct timeval' declared inside parameter list will not be visible outside of this definition or declaration
#23 19.00    80 | _PRINT_FUNC(tv, const struct timeval *)
#23 19.00       |                              ^~~~~~~
#23 19.00 ../include/json_print.h:50:37: note: in definition of macro '_PRINT_FUNC'
#23 19.00    50 |                                     type value);                        \
#23 19.00       |                                     ^~~~
#23 19.00 ../include/json_print.h:80:30: warning: 'struct timeval' declared inside parameter list will not be visible outside of this definition or declaration
#23 19.00    80 | _PRINT_FUNC(tv, const struct timeval *)
#23 19.00       |                              ^~~~~~~
#23 19.00 ../include/json_print.h:55:45: note: in definition of macro '_PRINT_FUNC'
#23 19.00    55 |                                             type value)                 \
#23 19.00       |                                             ^~~~
#23 19.00 ../include/json_print.h: In function 'print_tv':
#23 19.00 ../include/json_print.h:58:48: warning: passing argument 5 of 'print_color_tv' from incompatible pointer type [-Wincompatible-pointer-types]
#23 19.00    58 |                                                value);                  \
#23 19.00       |                                                ^~~~~
#23 19.00       |                                                |
#23 19.00       |                                                const struct timeval *
#23 19.00 ../include/json_print.h:80:1: note: in expansion of macro '_PRINT_FUNC'
#23 19.00    80 | _PRINT_FUNC(tv, const struct timeval *)
#23 19.00       | ^~~~~~~~~~~
#23 19.00 ../include/json_print.h:50:42: note: expected 'const struct timeval *' but argument is of type 'const struct timeval *'
#23 19.00    50 |                                     type value);                        \
#23 19.00       |                                          ^
#23 19.00 ../include/json_print.h:80:1: note: in expansion of macro '_PRINT_FUNC'
#23 19.00    80 | _PRINT_FUNC(tv, const struct timeval *)
#23 19.00       | ^~~~~~~~~~~
#23 19.07     LINK     bridge
#23 19.08 
#23 19.08 misc
#23 19.08     CC       ss.o
#23 19.10 In file included from ../include/uapi/linux/tipc.h:42,
#23 19.10                  from ss.c:49:
#23 19.10 ../include/uapi/linux/sockios.h:42: warning: "SIOCGSTAMP" redefined
#23 19.10    42 | #define SIOCGSTAMP      SIOCGSTAMP_OLD
#23 19.10       | 
#23 19.10 In file included from /usr/include/sys/ioctl.h:10,
#23 19.10                  from ss.c:12:
#23 19.10 /usr/include/bits/ioctl.h:111: note: this is the location of the previous definition
#23 19.10   111 | #define SIOCGSTAMP      0x8906
#23 19.10       | 
#23 19.10 ../include/uapi/linux/sockios.h:43: warning: "SIOCGSTAMPNS" redefined
#23 19.10    43 | #define SIOCGSTAMPNS    SIOCGSTAMPNS_OLD
#23 19.10       | 
#23 19.10 /usr/include/bits/ioctl.h:112: note: this is the location of the previous definition
#23 19.10   112 | #define SIOCGSTAMPNS    0x8907
#23 19.10       | 
#23 19.98     CC       ssfilter_check.o
#23 20.00     YACC     ssfilter.tab.c
#23 20.07     CC       ssfilter.tab.o
#23 20.18     LINK     ss
#23 20.20     CC       nstat
#23 20.21 In file included from nstat.c:20:
#23 20.21 /usr/include/sys/poll.h:1:2: warning: #warning redirecting incorrect #include <sys/poll.h> to <poll.h> [-Wcpp]
#23 20.21     1 | #warning redirecting incorrect #include <sys/poll.h> to <poll.h>
#23 20.21       |  ^~~~~~~
#23 20.35     CC       ifstat
#23 20.37 In file included from ifstat.c:20:
#23 20.37 /usr/include/sys/poll.h:1:2: warning: #warning redirecting incorrect #include <sys/poll.h> to <poll.h> [-Wcpp]
#23 20.37     1 | #warning redirecting incorrect #include <sys/poll.h> to <poll.h>
#23 20.37       |  ^~~~~~~
#23 20.56     CC       rtacct
#23 20.57 In file included from rtacct.c:19:
#23 20.57 /usr/include/sys/poll.h:1:2: warning: #warning redirecting incorrect #include <sys/poll.h> to <poll.h> [-Wcpp]
#23 20.57     1 | #warning redirecting incorrect #include <sys/poll.h> to <poll.h>
#23 20.57       |  ^~~~~~~
#23 20.69     CC       lnstat.o
#23 20.75     CC       lnstat_util.o
#23 20.82     LINK     lnstat
#23 20.83 
#23 20.83 netem
#23 20.83 gcc  -I../include -o maketable maketable.c -lm
#23 20.87 gcc  -I../include -o normal normal.c -lm
#23 20.89 gcc  -I../include -o pareto pareto.c -lm
#23 20.92 gcc  -I../include -o paretonormal paretonormal.c -lm
#23 20.94 ./normal > normal.dist
#23 20.95 ./pareto > pareto.dist
#23 20.95 ./paretonormal > paretonormal.dist
#23 20.96 ./maketable experimental.dat > experimental.dist
#23 20.97 
#23 20.97 genl
#23 20.97     CC       genl.o
#23 21.00     CC       ctrl.o
#23 21.07     LINK     genl
#23 21.08 
#23 21.08 man
#23 21.09 make[2]: Nothing to be done for 'all'.
#23 21.09 make[2]: Nothing to be done for 'all'.
#23 21.09 sed \
#23 21.09 	-e "s|@NETNS_ETC_DIR@|/etc/netns|g" \
#23 21.09 	-e "s|@NETNS_RUN_DIR@|/var/run/netns|g" \
#23 21.09 	-e "s|@SYSCONF_ETC_DIR@|/etc/iproute2|g" \
#23 21.09 	-e "s|@SYSCONF_USR_DIR@|/usr/share/iproute2|g" \
#23 21.09 	ip-address.8.in > ip-address.8
#23 21.09 sed \
#23 21.09 	-e "s|@NETNS_ETC_DIR@|/etc/netns|g" \
#23 21.09 	-e "s|@NETNS_RUN_DIR@|/var/run/netns|g" \
#23 21.09 	-e "s|@SYSCONF_ETC_DIR@|/etc/iproute2|g" \
#23 21.09 	-e "s|@SYSCONF_USR_DIR@|/usr/share/iproute2|g" \
#23 21.09 	ip-link.8.in > ip-link.8
#23 21.10 sed \
#23 21.10 	-e "s|@NETNS_ETC_DIR@|/etc/netns|g" \
#23 21.10 	-e "s|@NETNS_RUN_DIR@|/var/run/netns|g" \
#23 21.10 	-e "s|@SYSCONF_ETC_DIR@|/etc/iproute2|g" \
#23 21.10 	-e "s|@SYSCONF_USR_DIR@|/usr/share/iproute2|g" \
#23 21.10 	ip-netns.8.in > ip-netns.8
#23 21.10 sed \
#23 21.10 	-e "s|@NETNS_ETC_DIR@|/etc/netns|g" \
#23 21.10 	-e "s|@NETNS_RUN_DIR@|/var/run/netns|g" \
#23 21.10 	-e "s|@SYSCONF_ETC_DIR@|/etc/iproute2|g" \
#23 21.10 	-e "s|@SYSCONF_USR_DIR@|/usr/share/iproute2|g" \
#23 21.10 	ip-route.8.in > ip-route.8
#23 21.10 
#23 21.10 tipc
#23 21.10     CC       bearer.o
#23 21.29     CC       cmdl.o
#23 21.33     CC       link.o
#23 21.53     CC       media.o
#23 21.58     CC       misc.o
#23 21.64     CC       msg.o
#23 21.66     CC       nametable.o
#23 21.70     CC       node.o
#23 21.78     CC       socket.o
#23 21.81     CC       peer.o
#23 21.84     CC       tipc.o
#23 21.88     LINK     tipc
#23 21.89 
#23 21.89 devlink
#23 21.89     CC       devlink.o
#23 23.67     CC       mnlg.o
#23 23.72     LINK     devlink
#23 23.74 
#23 23.74 rdma
#23 23.74     CC       rdma.o
#23 23.76 rdma.c: In function 'main':
#23 23.76 rdma.c:110:20: warning: implicit declaration of function 'basename'; did you mean 'rename'? [-Wimplicit-function-declaration]
#23 23.76   110 |         filename = basename(argv[0]);
#23 23.76       |                    ^~~~~~~~
#23 23.76       |                    rename
#23 23.76 rdma.c:110:18: warning: assignment to 'char *' from 'int' makes pointer from integer without a cast [-Wint-conversion]
#23 23.76   110 |         filename = basename(argv[0]);
#23 23.76       |                  ^
#23 23.78     CC       utils.o
#23 23.97     CC       dev.o
#23 24.04     CC       link.o
#23 24.12     CC       res.o
#23 24.24     CC       res-pd.o
#23 24.28     CC       res-mr.o
#23 24.33     CC       res-cq.o
#23 24.39     CC       res-cmid.o
#23 24.45     CC       res-qp.o
#23 24.50     CC       sys.o
#23 24.55     CC       stat.o
#23 24.77     CC       stat-mr.o
#23 24.81     CC       res-ctx.o
#23 24.85     CC       res-srq.o
#23 24.91     LINK     rdma
#23 24.93 
#23 24.93 dcb
#23 24.93     CC       dcb.o
#23 25.04     CC       dcb_app.o
#23 25.24     CC       dcb_buffer.o
#23 25.31     CC       dcb_dcbx.o
#23 25.36     CC       dcb_ets.o
#23 25.45     CC       dcb_maxrate.o
#23 25.51     CC       dcb_pfc.o
#23 25.58     CC       dcb_apptrust.o
#23 25.64     CC       dcb_rewr.o
#23 25.71     LINK     dcb
#23 25.73 
#23 25.73 vdpa
#23 25.73     CC       vdpa.o
#23 25.74 In file included from vdpa.c:19:
#23 25.74 ../include/json_print.h:80:30: warning: 'struct timeval' declared inside parameter list will not be visible outside of this definition or declaration
#23 25.74    80 | _PRINT_FUNC(tv, const struct timeval *)
#23 25.74       |                              ^~~~~~~
#23 25.74 ../include/json_print.h:50:37: note: in definition of macro '_PRINT_FUNC'
#23 25.74    50 |                                     type value);                        \
#23 25.74       |                                     ^~~~
#23 25.74 ../include/json_print.h:80:30: warning: 'struct timeval' declared inside parameter list will not be visible outside of this definition or declaration
#23 25.74    80 | _PRINT_FUNC(tv, const struct timeval *)
#23 25.74       |                              ^~~~~~~
#23 25.74 ../include/json_print.h:55:45: note: in definition of macro '_PRINT_FUNC'
#23 25.74    55 |                                             type value)                 \
#23 25.74       |                                             ^~~~
#23 25.74 ../include/json_print.h: In function 'print_tv':
#23 25.74 ../include/json_print.h:58:48: warning: passing argument 5 of 'print_color_tv' from incompatible pointer type [-Wincompatible-pointer-types]
#23 25.74    58 |                                                value);                  \
#23 25.74       |                                                ^~~~~
#23 25.74       |                                                |
#23 25.74       |                                                const struct timeval *
#23 25.74 ../include/json_print.h:80:1: note: in expansion of macro '_PRINT_FUNC'
#23 25.74    80 | _PRINT_FUNC(tv, const struct timeval *)
#23 25.74       | ^~~~~~~~~~~
#23 25.74 ../include/json_print.h:50:42: note: expected 'const struct timeval *' but argument is of type 'const struct timeval *'
#23 25.74    50 |                                     type value);                        \
#23 25.74       |                                          ^
#23 25.74 ../include/json_print.h:80:1: note: in expansion of macro '_PRINT_FUNC'
#23 25.74    80 | _PRINT_FUNC(tv, const struct timeval *)
#23 25.74       | ^~~~~~~~~~~
#23 25.88     LINK     vdpa
#23 DONE 25.9s

#24 [20/22] RUN git clone --no-single-branch --depth=1 https://github.com/linux-netdev/testing.git /nipa-data/kernel
#24 0.416 Cloning into '/nipa-data/kernel'...
#24 18.69 Updating files:  17% (14857/83283)Updating files:  18% (14991/83283)Updating files:  19% (15824/83283)Updating files:  20% (16657/83283)Updating files:  21% (17490/83283)Updating files:  22% (18323/83283)Updating files:  23% (19156/83283)Updating files:  24% (19988/83283)Updating files:  25% (20821/83283)Updating files:  26% (21654/83283)Updating files:  27% (22487/83283)Updating files:  28% (23320/83283)Updating files:  29% (24153/83283)Updating files:  30% (24985/83283)Updating files:  31% (25818/83283)Updating files:  32% (26651/83283)Updating files:  33% (27484/83283)Updating files:  34% (28317/83283)Updating files:  35% (29150/83283)Updating files:  36% (29982/83283)Updating files:  36% (30294/83283)Updating files:  37% (30815/83283)Updating files:  38% (31648/83283)Updating files:  39% (32481/83283)Updating files:  40% (33314/83283)Updating files:  40% (33619/83283)Updating files:  41% (34147/83283)Updating files:  42% (34979/83283)Updating files:  43% (35812/83283)Updating files:  44% (36645/83283)Updating files:  45% (37478/83283)Updating files:  46% (38311/83283)Updating files:  47% (39144/83283)Updating files:  48% (39976/83283)Updating files:  49% (40809/83283)Updating files:  50% (41642/83283)Updating files:  51% (42475/83283)Updating files:  52% (43308/83283)Updating files:  52% (44083/83283)Updating files:  53% (44140/83283)Updating files:  54% (44973/83283)Updating files:  55% (45806/83283)Updating files:  56% (46639/83283)Updating files:  57% (47472/83283)Updating files:  58% (48305/83283)Updating files:  59% (49137/83283)Updating files:  60% (49970/83283)Updating files:  61% (50803/83283)Updating files:  62% (51636/83283)Updating files:  63% (52469/83283)Updating files:  64% (53302/83283)Updating files:  65% (54134/83283)Updating files:  66% (54967/83283)Updating files:  66% (55655/83283)Updating files:  67% (55800/83283)Updating files:  68% (56633/83283)Updating files:  69% (57466/83283)Updating files:  70% (58299/83283)Updating files:  71% (59131/83283)Updating files:  72% (59964/83283)Updating files:  73% (60797/83283)Updating files:  74% (61630/83283)Updating files:  75% (62463/83283)Updating files:  76% (63296/83283)Updating files:  77% (64128/83283)Updating files:  78% (64961/83283)Updating files:  79% (65794/83283)Updating files:  80% (66627/83283)Updating files:  81% (67460/83283)Updating files:  82% (68293/83283)Updating files:  83% (69125/83283)Updating files:  84% (69958/83283)Updating files:  85% (70791/83283)Updating files:  85% (71062/83283)Updating files:  86% (71624/83283)Updating files:  87% (72457/83283)Updating files:  88% (73290/83283)Updating files:  89% (74122/83283)Updating files:  90% (74955/83283)Updating files:  91% (75788/83283)Updating files:  92% (76621/83283)Updating files:  93% (77454/83283)Updating files:  94% (78287/83283)Updating files:  95% (79119/83283)Updating files:  96% (79952/83283)Updating files:  97% (80785/83283)Updating files:  98% (81618/83283)Updating files:  99% (82451/83283)Updating files: 100% (83283/83283)Updating files: 100% (83283/83283), done.
#24 DONE 26.2s

#25 [21/22] RUN git clone --depth=1 -b main https://github.com/p4tc-dev/new-nipa.git nipa
#25 0.324 Cloning into 'nipa'...
#25 DONE 0.7s

#26 [22/22] COPY entrypoint.sh /entrypoint.sh
#26 DONE 0.0s

#27 exporting to image
#27 exporting layers
#27 exporting layers 8.6s done
#27 writing image sha256:db865ff10ad6026bea6c11a6446f90766ec0c00b655f4619942e0cda9bc1f642
#27 writing image sha256:db865ff10ad6026bea6c11a6446f90766ec0c00b655f4619942e0cda9bc1f642 0.1s done
#27 naming to docker.io/library/nipa-executor
#27 naming to docker.io/library/nipa-executor 0.2s done
#27 DONE 8.9s
NIPA version: 1b9c21a (ui: set canvas background color to stand out, 2024-03-28)
INFO: Last run date: 2024-04-23 09:00:03.872056+00:00
Testing  {'branch': 'net-next-2024-04-23--12-00', 'date': '2024-04-23T12:00:18.910876+00:00', 'base': '006845740d3a639a4682352957a6f5d8a6066408', 'url': 'https://github.com/linux-netdev/testing.git net-next-2024-04-23--12-00'}
Updating files:  45% (6856/14974)Updating files:  46% (6889/14974)Updating files:  47% (7038/14974)Updating files:  48% (7188/14974)Updating files:  49% (7338/14974)Updating files:  50% (7487/14974)Updating files:  51% (7637/14974)Updating files:  52% (7787/14974)Updating files:  53% (7937/14974)Updating files:  54% (8086/14974)Updating files:  55% (8236/14974)Updating files:  56% (8386/14974)Updating files:  57% (8536/14974)Updating files:  58% (8685/14974)Updating files:  59% (8835/14974)Updating files:  60% (8985/14974)Updating files:  61% (9135/14974)Updating files:  62% (9284/14974)Updating files:  63% (9434/14974)Updating files:  64% (9584/14974)Updating files:  65% (9734/14974)Updating files:  66% (9883/14974)Updating files:  67% (10033/14974)Updating files:  68% (10183/14974)Updating files:  69% (10333/14974)Updating files:  70% (10482/14974)Updating files:  71% (10632/14974)Updating files:  72% (10782/14974)Updating files:  73% (10932/14974)Updating files:  74% (11081/14974)Updating files:  75% (11231/14974)Updating files:  76% (11381/14974)Updating files:  77% (11530/14974)Updating files:  78% (11680/14974)Updating files:  79% (11830/14974)Updating files:  80% (11980/14974)Updating files:  81% (12129/14974)Updating files:  82% (12279/14974)Updating files:  83% (12429/14974)Updating files:  84% (12579/14974)Updating files:  85% (12728/14974)Updating files:  86% (12878/14974)Updating files:  87% (13028/14974)Updating files:  88% (13178/14974)Updating files:  89% (13327/14974)Updating files:  89% (13407/14974)Updating files:  90% (13477/14974)Updating files:  91% (13627/14974)Updating files:  92% (13777/14974)Updating files:  93% (13926/14974)Updating files:  94% (14076/14974)Updating files:  95% (14226/14974)Updating files:  96% (14376/14974)Updating files:  97% (14525/14974)Updating files:  98% (14675/14974)Updating files:  99% (14825/14974)Updating files: 100% (14974/14974)Updating files: 100% (14974/14974), done.
branch 'net-next-2024-04-23--12-00' set up to track 'origin/net-next-2024-04-23--12-00'.
Switched to a new branch 'net-next-2024-04-23--12-00'
error: No valid patches in input (allow with "--allow-empty")
Checking patch tools/testing/selftests/tc-testing/tdc_config.py...
Applied patch tools/testing/selftests/tc-testing/tdc_config.py cleanly.
Run at 2024-04-23 12:03:40.034927
INFO: building kernel
INFO: starting VM 0
INFO: thr0-0 VM starting: vng -v -r arch/x86/boot/bzImage --user root --rwdir=/nipa-data/kernel/
INFO: thr0-0 expecting prompt: '/nipa-data/kernel# '
INFO: thr0-0 reached initial prompt
INFO: thr-0 testing == tdc.sh
INFO: thr-0 tdc.sh >> retcode: 0 result: pass found {'fail': False, 'skip': False, 'pass': True}
INFO: thr-0 has no more work, exiting
INFO: thr0-0 VM stopped
Done at 2024-04-23 12:07:12.269041
NIPA quitting!
/
~/nipa/tc-executor/tc-executor-storage /
sort: write failed: 'standard output': Broken pipe
sort: write error
