~/nipa/tc-executor/tc-executor-storage /
Switched to branch 'storage-dbg'
Your branch is ahead of 'origin/storage-dbg' by 221 commits.
  (use "git push" to publish your local commits)
/
~/nipa/tc-executor /
Error response from daemon: No such image: nipa-executor:latest
#0 building with "default" instance using docker driver

#1 [internal] load build definition from Dockerfile
#1 transferring dockerfile: 2.03kB done
#1 DONE 0.0s

#2 [internal] load .dockerignore
#2 transferring context: 2B done
#2 DONE 0.0s

#3 [internal] load metadata for docker.io/library/alpine:edge
#3 DONE 0.0s

#4 [ 1/22] FROM docker.io/library/alpine:edge
#4 CACHED

#5 [internal] load build context
#5 transferring context: 3.02kB done
#5 DONE 0.0s

#6 [ 2/22] RUN echo true > debug-mode
#6 DONE 0.4s

#7 [ 3/22] RUN addgroup -g 1001 hostuser
#7 DONE 0.4s

#8 [ 4/22] RUN adduser -u 1001 -G hostuser -H -D -s /bin/ash hostuser
#8 DONE 0.4s

#9 [ 5/22] RUN echo '@testing http://dl-cdn.alpinelinux.org/alpine/edge/testing' >> /etc/apk/repositories
#9 DONE 0.5s

#10 [ 6/22] RUN echo '@community http://dl-cdn.alpinelinux.org/alpine/edge/community' >> /etc/apk/repositories
#10 DONE 0.4s

#11 [ 7/22] RUN apk update && apk add --no-cache    virtme-ng@testing    git    py3-requests    py3-psutil    py3-setuptools    py3-pyroute2    py3-argcomplete    qemu-system-x86_64@community    scapy@community    make    gcc    musl-dev    flex    bison    linux-headers    elfutils-dev    util-linux    coreutils    diffutils    findutils    file    bash    kmod    perl    iptables-dev    libcap-dev    libmnl-dev    iproute2     jq    libbpf-dev    rsync
#11 0.367 fetch https://dl-cdn.alpinelinux.org/alpine/edge/main/x86_64/APKINDEX.tar.gz
#11 0.584 fetch https://dl-cdn.alpinelinux.org/alpine/edge/community/x86_64/APKINDEX.tar.gz
#11 0.800 fetch http://dl-cdn.alpinelinux.org/alpine/edge/testing/x86_64/APKINDEX.tar.gz
#11 1.001 fetch http://dl-cdn.alpinelinux.org/alpine/edge/community/x86_64/APKINDEX.tar.gz
#11 1.192 v20231219-5270-g11bc4fbf6b6 [https://dl-cdn.alpinelinux.org/alpine/edge/main]
#11 1.192 v20231219-5278-ga41a09791b2 [https://dl-cdn.alpinelinux.org/alpine/edge/community]
#11 1.192 v20231219-5278-ga41a09791b2 [http://dl-cdn.alpinelinux.org/alpine/edge/testing]
#11 1.192 v20231219-5278-ga41a09791b2 [http://dl-cdn.alpinelinux.org/alpine/edge/community]
#11 1.192 OK: 30689 distinct packages available
#11 1.244 fetch https://dl-cdn.alpinelinux.org/alpine/edge/main/x86_64/APKINDEX.tar.gz
#11 1.344 fetch https://dl-cdn.alpinelinux.org/alpine/edge/community/x86_64/APKINDEX.tar.gz
#11 1.444 fetch http://dl-cdn.alpinelinux.org/alpine/edge/testing/x86_64/APKINDEX.tar.gz
#11 1.529 fetch http://dl-cdn.alpinelinux.org/alpine/edge/community/x86_64/APKINDEX.tar.gz
#11 1.730 (1/175) Upgrading musl (1.2.4_git20230717-r5 -> 1.2.5-r0)
#11 1.760 (2/175) Upgrading zlib (1.3-r2 -> 1.3.1-r0)
#11 1.773 (3/175) Installing ncurses-terminfo-base (6.4_p20231125-r0)
#11 1.787 (4/175) Installing libncursesw (6.4_p20231125-r0)
#11 1.801 (5/175) Installing readline (8.2.10-r0)
#11 1.815 (6/175) Installing bash (5.2.26-r0)
#11 1.836 Executing bash-5.2.26-r0.post-install
#11 1.838 (7/175) Installing m4 (1.4.19-r3)
#11 1.852 (8/175) Installing bison (3.8.2-r1)
#11 1.872 (9/175) Installing coreutils-env (9.4-r2)
#11 1.884 (10/175) Installing coreutils-fmt (9.4-r2)
#11 1.902 (11/175) Installing coreutils-sha512sum (9.4-r2)
#11 1.921 (12/175) Installing libacl (2.3.2-r0)
#11 1.936 (13/175) Installing libattr (2.5.2-r0)
#11 1.951 (14/175) Installing skalibs (2.14.1.1-r0)
#11 1.966 (15/175) Installing utmps-libs (0.1.2.2-r0)
#11 1.978 (16/175) Installing coreutils (9.4-r2)
#11 2.590 (17/175) Installing diffutils (3.10-r0)
#11 2.605 (18/175) Installing zstd-libs (1.5.5-r8)
#11 2.624 (19/175) Installing libelf (0.191-r0)
#11 2.637 (20/175) Installing libbz2 (1.0.8-r6)
#11 2.649 (21/175) Installing musl-fts (1.2.7-r6)
#11 2.661 (22/175) Installing xz-libs (5.6.1-r0)
#11 2.675 (23/175) Installing libdw (0.191-r0)
#11 2.691 (24/175) Installing libasm (0.191-r0)
#11 2.703 (25/175) Installing xz (5.6.1-r0)
#11 2.717 (26/175) Installing pkgconf (2.1.1-r0)
#11 2.730 (27/175) Installing xz-dev (5.6.1-r0)
#11 2.743 (28/175) Installing libgcc (13.2.1_git20231014-r1)
#11 2.756 (29/175) Installing libstdc++ (13.2.1_git20231014-r1)
#11 2.782 (30/175) Installing zstd (1.5.5-r8)
#11 2.796 (31/175) Installing zstd-dev (1.5.5-r8)
#11 2.810 (32/175) Installing zlib-dev (1.3.1-r0)
#11 2.822 (33/175) Installing elfutils-dev (0.191-r0)
#11 2.849 (34/175) Installing libmagic (5.45-r1)
#11 2.884 (35/175) Installing file (5.45-r1)
#11 2.895 (36/175) Installing findutils (4.9.0-r5)
#11 2.910 (37/175) Installing flex (2.6.4-r6)
#11 2.924 (38/175) Installing jansson (2.14-r4)
#11 2.936 (39/175) Installing binutils (2.42-r0)
#11 2.996 (40/175) Installing libgomp (13.2.1_git20231014-r1)
#11 3.010 (41/175) Installing libatomic (13.2.1_git20231014-r1)
#11 3.022 (42/175) Installing gmp (6.3.0-r0)
#11 3.081 (43/175) Installing isl26 (0.26-r1)
#11 3.105 (44/175) Installing mpfr4 (4.2.1-r0)
#11 3.121 (45/175) Installing mpc1 (1.3.1-r1)
#11 3.230 (46/175) Installing gcc (13.2.1_git20231014-r1)
#11 3.755 (47/175) Installing ca-certificates (20240226-r0)
#11 3.777 (48/175) Installing brotli-libs (1.1.0-r1)
#11 3.800 (49/175) Installing c-ares (1.26.0-r0)
#11 3.809 (50/175) Installing libunistring (1.2-r0)
#11 3.828 (51/175) Installing libidn2 (2.3.7-r0)
#11 3.951 (52/175) Installing nghttp2-libs (1.59.0-r0)
#11 3.964 (53/175) Installing libpsl (0.21.5-r1)
#11 3.976 (54/175) Installing libcurl (8.6.0-r0)
#11 3.992 (55/175) Installing libexpat (2.6.0-r0)
#11 4.006 (56/175) Installing pcre2 (10.43-r0)
#11 4.023 (57/175) Installing git (2.44.0-r0)
#11 4.078 (58/175) Installing git-init-template (2.44.0-r0)
#11 4.091 (59/175) Installing libcap2 (2.69-r1)
#11 4.103 (60/175) Installing libmnl (1.0.5-r2)
#11 4.115 (61/175) Installing iproute2-minimal (6.7.0-r0)
#11 4.132 (62/175) Installing libxtables (1.8.10-r3)
#11 4.145 (63/175) Installing iproute2-tc (6.7.0-r0)
#11 4.161 (64/175) Installing iproute2-ss (6.7.0-r0)
#11 4.173 (65/175) Installing iproute2 (6.7.0-r0)
#11 4.188 Executing iproute2-6.7.0-r0.post-install
#11 4.191 (66/175) Installing linux-headers (6.6-r0)
#11 4.271 (67/175) Installing libip4tc (1.8.10-r3)
#11 4.285 (68/175) Installing libip6tc (1.8.10-r3)
#11 4.297 (69/175) Installing libipq (1.8.10-r3)
#11 4.315 (70/175) Installing iptables-dev (1.8.10-r3)
#11 4.329 (71/175) Installing oniguruma (6.9.9-r0)
#11 4.358 (72/175) Installing jq (1.7.1-r0)
#11 4.382 (73/175) Installing kmod (31-r4)
#11 4.395 (74/175) Installing libbpf (1.3.0-r0)
#11 4.410 (75/175) Installing libbpf-dev (1.3.0-r0)
#11 4.435 (76/175) Installing libcap-dev (2.69-r1)
#11 4.447 (77/175) Installing libmnl-dev (1.0.5-r2)
#11 4.551 (78/175) Installing make (4.4.1-r2)
#11 4.564 (79/175) Installing musl-dev (1.2.5-r0)
#11 4.624 (80/175) Installing perl (5.38.2-r0)
#11 4.841 (81/175) Installing perl-error (0.17029-r2)
#11 4.853 (82/175) Installing perl-git (2.44.0-r0)
#11 4.866 (83/175) Installing git-perl (2.44.0-r0)
#11 4.878 (84/175) Installing libffi (3.4.6-r0)
#11 4.890 (85/175) Installing gdbm (1.23-r1)
#11 4.903 (86/175) Installing mpdecimal (4.0.0-r0)
#11 4.920 (87/175) Installing libpanelw (6.4_p20231125-r0)
#11 4.932 (88/175) Installing sqlite-libs (3.45.1-r0)
#11 4.955 (89/175) Installing python3 (3.11.8-r0)
#11 5.114 (90/175) Installing python3-pycache-pyc0 (3.11.8-r0)
#11 5.202 (91/175) Installing pyc (3.11.8-r0)
#11 5.214 (92/175) Installing py3-argcomplete-pyc (3.2.2-r0)
#11 5.227 (93/175) Installing python3-pyc (3.11.8-r0)
#11 5.239 (94/175) Installing py3-argcomplete (3.2.2-r0)
#11 5.253 (95/175) Installing py3-psutil (5.9.8-r0)
#11 5.268 (96/175) Installing py3-psutil-pyc (5.9.8-r0)
#11 5.283 (97/175) Installing py3-pyroute2 (0.7.12-r0)
#11 5.313 (98/175) Installing py3-pyroute2-pyc (0.7.12-r0)
#11 5.603 (99/175) Installing py3-certifi (2023.11.17-r0)
#11 5.615 (100/175) Installing py3-certifi-pyc (2023.11.17-r0)
#11 5.627 (101/175) Installing py3-charset-normalizer (3.3.2-r0)
#11 5.641 (102/175) Installing py3-charset-normalizer-pyc (3.3.2-r0)
#11 5.655 (103/175) Installing py3-idna (3.6-r0)
#11 5.671 (104/175) Installing py3-idna-pyc (3.6-r0)
#11 5.685 (105/175) Installing py3-urllib3 (1.26.18-r0)
#11 5.702 (106/175) Installing py3-urllib3-pyc (1.26.18-r0)
#11 5.720 (107/175) Installing py3-requests (2.31.0-r1)
#11 5.735 (108/175) Installing py3-requests-pyc (2.31.0-r1)
#11 5.750 (109/175) Installing py3-parsing (3.1.2-r0)
#11 5.765 (110/175) Installing py3-parsing-pyc (3.1.2-r0)
#11 5.786 (111/175) Installing py3-packaging (23.2-r0)
#11 5.799 (112/175) Installing py3-packaging-pyc (23.2-r0)
#11 5.813 (113/175) Installing py3-setuptools (69.1.1-r0)
#11 5.853 (114/175) Installing py3-setuptools-pyc (69.1.1-r0)
#11 5.900 (115/175) Installing libcap-ng (0.8.4-r0)
#11 5.912 (116/175) Installing libintl (0.22.4-r0)
#11 5.924 (117/175) Installing libblkid (2.39.3-r0)
#11 5.938 (118/175) Installing libmount (2.39.3-r0)
#11 5.953 (119/175) Installing glib (2.78.4-r0)
#11 5.995 (120/175) Installing numactl (2.0.18-r0)
#11 6.006 (121/175) Installing qemu (8.2.1-r0)
#11 6.023 Executing qemu-8.2.1-r0.pre-install
#11 6.092 Executing qemu-8.2.1-r0.post-install
#11 6.095 *
#11 6.095 * If you want to run VM as unprivileged user and let Qemu create tunX devices,
#11 6.095 * then you must add that user to the group "qemu".
#11 6.095 * If you use KVM for hardware-assisted virtualization, then you may also need
#11 6.095 * to add that user to the group "kvm".
#11 6.095 *
#11 6.095 (122/175) Installing qemu-bridge-helper (8.2.1-r0)
#11 6.112 (123/175) Installing libaio (0.3.113-r2)
#11 6.124 (124/175) Installing capstone (5.0.1-r2)
#11 6.155 (125/175) Installing py3-capstone (5.0.1-r2)
#11 6.193 (126/175) Installing py3-capstone-pyc (5.0.1-r2)
#11 6.205 (127/175) Installing nettle (3.9.1-r0)
#11 6.222 (128/175) Installing libtasn1 (4.19.0-r2)
#11 6.234 (129/175) Installing p11-kit (0.25.3-r0)
#11 6.252 (130/175) Installing gnutls (3.8.3-r0)
#11 6.274 (131/175) Installing libjpeg-turbo (3.0.2-r0)
#11 6.290 (132/175) Installing lzo (2.10-r5)
#11 6.303 (133/175) Installing pixman (0.43.2-r0)
#11 6.319 (134/175) Installing libpng (1.6.43-r0)
#11 6.333 (135/175) Installing libsasl (2.1.28-r6)
#11 6.346 (136/175) Installing libseccomp (2.5.5-r0)
#11 6.359 (137/175) Installing libslirp (4.7.0-r0)
#11 6.372 (138/175) Installing snappy (1.1.10-r2)
#11 6.385 (139/175) Installing liburing (2.5-r1)
#11 6.409 (140/175) Installing vde2-libs (2.3.3-r1)
#11 6.422 (141/175) Installing qemu-system-x86_64 (8.2.1-r0)
#11 6.548 (142/175) Installing lz4-libs (1.9.4-r5)
#11 6.568 (143/175) Installing popt (1.19-r3)
#11 6.580 (144/175) Installing libxxhash (0.8.2-r2)
#11 6.592 (145/175) Installing rsync (3.2.7-r4)
#11 6.608 (146/175) Installing scapy (2.5.0-r1)
#11 6.662 Executing scapy-2.5.0-r1.post-install
#11 6.664 *
#11 6.664 * Certain optional features of scapy also depend on the following packages:
#11 6.664 *     py3-matplotlib graphviz imagemagick py3-cryptography sox
#11 6.664 * And the following unpackaged dependencies:
#11 6.664 *     pyxi vpython-jupyter nmap<v4.23
#11 6.664 * More information can be found at https://scapy.readthedocs.io/en/latest/installation.html#optional-dependencies
#11 6.664 *
#11 6.664 (147/175) Installing scapy-pyc (2.5.0-r1)
#11 6.725 (148/175) Installing util-linux (2.39.3-r0)
#11 6.736 (149/175) Installing setarch (2.39.3-r0)
#11 6.749 (150/175) Installing libuuid (2.39.3-r0)
#11 6.761 (151/175) Installing libfdisk (2.39.3-r0)
#11 6.776 (152/175) Installing libsmartcols (2.39.3-r0)
#11 6.788 (153/175) Installing util-linux-misc (2.39.3-r0)
#11 6.814 (154/175) Installing libeconf (0.6.2-r0)
#11 6.827 (155/175) Installing linux-pam (1.5.3-r8)
#11 6.847 (156/175) Installing runuser (2.39.3-r0)
#11 6.859 (157/175) Installing mount (2.39.3-r0)
#11 6.871 (158/175) Installing losetup (2.39.3-r0)
#11 6.883 (159/175) Installing hexdump (2.39.3-r0)
#11 6.895 (160/175) Installing uuidgen (2.39.3-r0)
#11 6.910 (161/175) Installing blkid (2.39.3-r0)
#11 6.922 (162/175) Installing sfdisk (2.39.3-r0)
#11 6.934 (163/175) Installing mcookie (2.39.3-r0)
#11 6.946 (164/175) Installing agetty (2.39.3-r0)
#11 6.959 (165/175) Installing wipefs (2.39.3-r0)
#11 6.973 (166/175) Installing cfdisk (2.39.3-r0)
#11 6.986 (167/175) Installing umount (2.39.3-r0)
#11 6.997 (168/175) Installing flock (2.39.3-r0)
#11 7.009 (169/175) Installing lsblk (2.39.3-r0)
#11 7.022 (170/175) Installing setpriv (2.39.3-r0)
#11 7.034 (171/175) Installing logger (2.39.3-r0)
#11 7.046 (172/175) Installing partx (2.39.3-r0)
#11 7.058 (173/175) Installing fstrim (2.39.3-r0)
#11 7.069 (174/175) Installing findmnt (2.39.3-r0)
#11 7.081 (175/175) Installing virtme-ng@testing (1.22-r0)
#11 7.138 Executing busybox-1.36.1-r17.trigger
#11 7.142 Executing ca-certificates-20240226-r0.trigger
#11 7.166 Executing glib-2.78.4-r0.trigger
#11 7.171 OK: 385 MiB in 188 packages
#11 DONE 7.6s

#12 [ 8/22] RUN mkdir -p /tmp/kernel-patches &&     mkdir -p /tmp/iproute2-patches
#12 DONE 0.4s

#13 [ 9/22] COPY tdc.config /tmp
#13 DONE 0.0s

#14 [10/22] COPY tdc-debug.config /tmp
#14 DONE 0.2s

#15 [11/22] COPY kernel-patches /tmp/kernel-patches/
#15 DONE 0.1s

#16 [12/22] COPY iproute2-patches /tmp/iproute2-patches/
#16 DONE 0.0s

#17 [13/22] COPY configs /tmp/configs/
#17 DONE 0.0s

#18 [14/22] RUN git config --global user.email foo@bar.com
#18 DONE 0.3s

#19 [15/22] RUN git config --global user.name foo@bar.com
#19 DONE 0.4s

#20 [16/22] RUN git clone https://git.kernel.org/pub/scm/network/iproute2/iproute2-next.git /nipa-data/iproute2
#20 0.433 Cloning into '/nipa-data/iproute2'...
#20 DONE 5.5s

#21 [17/22] RUN cd /nipa-data/iproute2 && 	git remote add stable https://git.kernel.org/pub/scm/network/iproute2/iproute2.git && 	git fetch --all && 	git merge stable/main
#21 0.372 Fetching origin
#21 0.666 Fetching stable
#21 1.218 From https://git.kernel.org/pub/scm/network/iproute2/iproute2
#21 1.218  * [new branch]        codeql         -> stable/codeql
#21 1.218  * [new branch]        color-opt      -> stable/color-opt
#21 1.218  * [new branch]        flag-names     -> stable/flag-names
#21 1.218  * [new branch]        iproute2-4.1.x -> stable/iproute2-4.1.x
#21 1.218  * [new branch]        json1          -> stable/json1
#21 1.219  * [new branch]        main           -> stable/main
#21 1.219  * [new branch]        net-next       -> stable/net-next
#21 1.219  * [new branch]        warnings       -> stable/warnings
#21 1.284 Auto-merging misc/ifstat.c
#21 1.284 Auto-merging misc/ss.c
#21 1.288 Merge made by the 'ort' strategy.
#21 1.292  ip/iptuntap.c |  5 ++---
#21 1.292  man/man8/ip.8 | 33 +++++++++++++++++++++++++++++++--
#21 1.292  misc/ifstat.c |  6 ++++--
#21 1.292  misc/ss.c     | 17 ++++++++++++++++-
#21 1.292  tc/f_u32.c    |  2 +-
#21 1.292  5 files changed, 54 insertions(+), 9 deletions(-)
#21 DONE 1.3s

#22 [18/22] RUN if [ "$(find /tmp/iproute2-patches/ -name *.patch)" ]; then  	cd /nipa-data/iproute2; 	git apply /tmp/iproute2-patches/*.patch;     fi
#22 DONE 0.3s

#23 [19/22] RUN cd /nipa-data/iproute2/ &&     ./configure &&     make
#23 0.368 TC schedulers
#23 0.369  IPT	using xtables
#23 0.397  IPSET  yes
#23 0.419 
#23 0.419 lib directory: /usr/lib
#23 0.419 libc has setns: yes
#23 0.439 libc has name_to_handle_at: yes
#23 0.460 SELinux support: no
#23 0.461 libtirpc support: no
#23 0.462 libbpf support: yes
#23 0.528 	libbpf version 1.3.0
#23 0.528 ELF support: yes
#23 0.530 libmnl support: yes
#23 0.532 Berkeley DB: no
#23 0.542 need for strlcpy: no
#23 0.563 libcap support: yes
#23 0.565 color output: never
#23 0.567 
#23 0.567 lib
#23 0.569     CC       libgenl.o
#23 0.608     CC       libnetlink.o
#23 0.905     CC       mnl_utils.o
#23 0.984     AR       libnetlink.a
#23 0.986     CC       utils.o
#23 1.391     CC       utils_math.o
#23 1.440     CC       rt_names.o
#23 1.594     CC       ll_map.o
#23 1.686     CC       ll_types.o
#23 1.698 In file included from ll_types.c:20:
#23 1.698 ../include/uapi/linux/sockios.h:42: warning: "SIOCGSTAMP" redefined
#23 1.698    42 | #define SIOCGSTAMP      SIOCGSTAMP_OLD
#23 1.698       | 
#23 1.698 In file included from /usr/include/sys/ioctl.h:10,
#23 1.698                  from ll_types.c:12:
#23 1.698 /usr/include/bits/ioctl.h:111: note: this is the location of the previous definition
#23 1.698   111 | #define SIOCGSTAMP      0x8906
#23 1.698       | 
#23 1.698 ../include/uapi/linux/sockios.h:43: warning: "SIOCGSTAMPNS" redefined
#23 1.698    43 | #define SIOCGSTAMPNS    SIOCGSTAMPNS_OLD
#23 1.698       | 
#23 1.698 /usr/include/bits/ioctl.h:112: note: this is the location of the previous definition
#23 1.698   112 | #define SIOCGSTAMPNS    0x8907
#23 1.698       | 
#23 1.713     CC       ll_proto.o
#23 1.725 In file included from ll_proto.c:21:
#23 1.725 ../include/uapi/linux/sockios.h:42: warning: "SIOCGSTAMP" redefined
#23 1.725    42 | #define SIOCGSTAMP      SIOCGSTAMP_OLD
#23 1.725       | 
#23 1.725 In file included from /usr/include/sys/ioctl.h:10,
#23 1.725                  from ll_proto.c:13:
#23 1.725 /usr/include/bits/ioctl.h:111: note: this is the location of the previous definition
#23 1.725   111 | #define SIOCGSTAMP      0x8906
#23 1.725       | 
#23 1.725 ../include/uapi/linux/sockios.h:43: warning: "SIOCGSTAMPNS" redefined
#23 1.725    43 | #define SIOCGSTAMPNS    SIOCGSTAMPNS_OLD
#23 1.725       | 
#23 1.725 /usr/include/bits/ioctl.h:112: note: this is the location of the previous definition
#23 1.725   112 | #define SIOCGSTAMPNS    0x8907
#23 1.725       | 
#23 1.739     CC       ll_addr.o
#23 1.752 In file included from ll_addr.c:20:
#23 1.752 ../include/uapi/linux/sockios.h:42: warning: "SIOCGSTAMP" redefined
#23 1.752    42 | #define SIOCGSTAMP      SIOCGSTAMP_OLD
#23 1.752       | 
#23 1.752 In file included from /usr/include/sys/ioctl.h:10,
#23 1.752                  from ll_addr.c:12:
#23 1.752 /usr/include/bits/ioctl.h:111: note: this is the location of the previous definition
#23 1.752   111 | #define SIOCGSTAMP      0x8906
#23 1.752       | 
#23 1.752 ../include/uapi/linux/sockios.h:43: warning: "SIOCGSTAMPNS" redefined
#23 1.752    43 | #define SIOCGSTAMPNS    SIOCGSTAMPNS_OLD
#23 1.752       | 
#23 1.752 /usr/include/bits/ioctl.h:112: note: this is the location of the previous definition
#23 1.752   112 | #define SIOCGSTAMPNS    0x8907
#23 1.752       | 
#23 1.780     CC       inet_proto.o
#23 1.807     CC       namespace.o
#23 1.865     CC       json_writer.o
#23 1.943     CC       json_print.o
#23 2.055     CC       json_print_math.o
#23 2.083     CC       names.o
#23 2.125     CC       color.o
#23 2.164     CC       bpf_legacy.o
#23 2.502     CC       bpf_glue.o
#23 2.535     CC       exec.o
#23 2.565     CC       fs.o
#23 2.636     CC       cg_map.o
#23 2.668     CC       ppp_proto.o
#23 2.689     CC       bpf_libbpf.o
#23 2.759     CC       selinux.o
#23 2.777     CC       ax25_ntop.o
#23 2.805     CC       rose_ntop.o
#23 2.817 In file included from rose_ntop.c:16:
#23 2.817 ../include/uapi/linux/sockios.h:42: warning: "SIOCGSTAMP" redefined
#23 2.817    42 | #define SIOCGSTAMP      SIOCGSTAMP_OLD
#23 2.817       | 
#23 2.817 In file included from /usr/include/sys/ioctl.h:10,
#23 2.817                  from rose_ntop.c:7:
#23 2.817 /usr/include/bits/ioctl.h:111: note: this is the location of the previous definition
#23 2.817   111 | #define SIOCGSTAMP      0x8906
#23 2.817       | 
#23 2.817 ../include/uapi/linux/sockios.h:43: warning: "SIOCGSTAMPNS" redefined
#23 2.817    43 | #define SIOCGSTAMPNS    SIOCGSTAMPNS_OLD
#23 2.817       | 
#23 2.817 /usr/include/bits/ioctl.h:112: note: this is the location of the previous definition
#23 2.817   112 | #define SIOCGSTAMPNS    0x8907
#23 2.817       | 
#23 2.832     CC       mpls_ntop.o
#23 2.858     CC       mpls_pton.o
#23 2.885     CC       netrom_ntop.o
#23 2.905     AR       libutil.a
#23 2.910 
#23 2.910 ip
#23 2.912     CC       ip.o
#23 2.981     CC       ipaddress.o
#23 2.994 In file included from ipaddress.c:26:
#23 2.994 ../include/uapi/linux/sockios.h:42: warning: "SIOCGSTAMP" redefined
#23 2.994    42 | #define SIOCGSTAMP      SIOCGSTAMP_OLD
#23 2.994       | 
#23 2.994 In file included from /usr/include/sys/ioctl.h:10,
#23 2.994                  from ipaddress.c:14:
#23 2.994 /usr/include/bits/ioctl.h:111: note: this is the location of the previous definition
#23 2.994   111 | #define SIOCGSTAMP      0x8906
#23 2.994       | 
#23 2.994 ../include/uapi/linux/sockios.h:43: warning: "SIOCGSTAMPNS" redefined
#23 2.994    43 | #define SIOCGSTAMPNS    SIOCGSTAMPNS_OLD
#23 2.994       | 
#23 2.994 /usr/include/bits/ioctl.h:112: note: this is the location of the previous definition
#23 2.994   112 | #define SIOCGSTAMPNS    0x8907
#23 2.994       | 
#23 3.411     CC       ipaddrlabel.o
#23 3.467     CC       iproute.o
#23 3.960     CC       iprule.o
#23 4.139     CC       ipnetns.o
#23 4.314     CC       rtm_map.o
#23 4.347     CC       iptunnel.o
#23 4.359 In file included from ../include/uapi/linux/if_tunnel.h:6,
#23 4.359                  from iptunnel.c:19:
#23 4.359 ../include/uapi/linux/if.h:134: warning: "IFF_VOLATILE" redefined
#23 4.359   134 | #define IFF_VOLATILE    (IFF_LOOPBACK|IFF_POINTOPOINT|IFF_BROADCAST|IFF_ECHO|\
#23 4.359       | 
#23 4.359 In file included from iptunnel.c:16:
#23 4.359 /usr/include/net/if.h:48: note: this is the location of the previous definition
#23 4.359    48 | #define IFF_VOLATILE (IFF_LOOPBACK|IFF_POINTOPOINT|IFF_BROADCAST| \
#23 4.359       | 
#23 4.485     CC       ip6tunnel.o
#23 4.591     CC       tunnel.o
#23 4.678     CC       ipneigh.o
#23 4.822     CC       ipntable.o
#23 4.926     CC       iplink.o
#23 5.217     CC       ipmaddr.o
#23 5.229 In file included from ipmaddr.c:21:
#23 5.229 ../include/uapi/linux/sockios.h:42: warning: "SIOCGSTAMP" redefined
#23 5.229    42 | #define SIOCGSTAMP      SIOCGSTAMP_OLD
#23 5.229       | 
#23 5.229 In file included from /usr/include/sys/ioctl.h:10,
#23 5.229                  from ipmaddr.c:12:
#23 5.229 /usr/include/bits/ioctl.h:111: note: this is the location of the previous definition
#23 5.229   111 | #define SIOCGSTAMP      0x8906
#23 5.229       | 
#23 5.229 ../include/uapi/linux/sockios.h:43: warning: "SIOCGSTAMPNS" redefined
#23 5.229    43 | #define SIOCGSTAMPNS    SIOCGSTAMPNS_OLD
#23 5.229       | 
#23 5.229 /usr/include/bits/ioctl.h:112: note: this is the location of the previous definition
#23 5.229   112 | #define SIOCGSTAMPNS    0x8907
#23 5.229       | 
#23 5.302     CC       ipmonitor.o
#23 5.371     CC       ipmroute.o
#23 5.383 In file included from ipmroute.c:22:
#23 5.383 ../include/uapi/linux/sockios.h:42: warning: "SIOCGSTAMP" redefined
#23 5.383    42 | #define SIOCGSTAMP      SIOCGSTAMP_OLD
#23 5.383       | 
#23 5.383 In file included from /usr/include/sys/ioctl.h:10,
#23 5.383                  from ipmroute.c:13:
#23 5.383 /usr/include/bits/ioctl.h:111: note: this is the location of the previous definition
#23 5.383   111 | #define SIOCGSTAMP      0x8906
#23 5.383       | 
#23 5.383 ../include/uapi/linux/sockios.h:43: warning: "SIOCGSTAMPNS" redefined
#23 5.383    43 | #define SIOCGSTAMPNS    SIOCGSTAMPNS_OLD
#23 5.383       | 
#23 5.383 /usr/include/bits/ioctl.h:112: note: this is the location of the previous definition
#23 5.383   112 | #define SIOCGSTAMPNS    0x8907
#23 5.383       | 
#23 5.442     CC       ipprefix.o
#23 5.474     CC       iptuntap.o
#23 5.578     CC       iptoken.o
#23 5.631     CC       ipxfrm.o
#23 5.941     CC       xfrm_state.o
#23 6.222     CC       xfrm_policy.o
#23 6.438     CC       xfrm_monitor.o
#23 6.512     CC       iplink_dummy.o
#23 6.533     CC       iplink_ifb.o
#23 6.553     CC       iplink_nlmon.o
#23 6.574     CC       iplink_team.o
#23 6.599     CC       iplink_vcan.o
#23 6.621     CC       iplink_vxcan.o
#23 6.649     CC       iplink_vlan.o
#23 6.716     CC       link_veth.o
#23 6.742     CC       link_gre.o
#23 6.752 In file included from ../include/uapi/linux/if_tunnel.h:6,
#23 6.752                  from link_gre.c:15:
#23 6.752 ../include/uapi/linux/if.h:134: warning: "IFF_VOLATILE" redefined
#23 6.752   134 | #define IFF_VOLATILE    (IFF_LOOPBACK|IFF_POINTOPOINT|IFF_BROADCAST|IFF_ECHO|\
#23 6.752       | 
#23 6.752 In file included from link_gre.c:9:
#23 6.752 /usr/include/net/if.h:48: note: this is the location of the previous definition
#23 6.752    48 | #define IFF_VOLATILE (IFF_LOOPBACK|IFF_POINTOPOINT|IFF_BROADCAST| \
#23 6.752       | 
#23 6.857     CC       iplink_can.o
#23 6.995     CC       iplink_xdp.o
#23 7.061     CC       iplink_macvlan.o
#23 7.144     CC       ipl2tp.o
#23 7.346     CC       link_vti.o
#23 7.357 In file included from ../include/uapi/linux/if_tunnel.h:6,
#23 7.357                  from link_vti.c:16:
#23 7.357 ../include/uapi/linux/if.h:134: warning: "IFF_VOLATILE" redefined
#23 7.357   134 | #define IFF_VOLATILE    (IFF_LOOPBACK|IFF_POINTOPOINT|IFF_BROADCAST|IFF_ECHO|\
#23 7.357       | 
#23 7.357 In file included from link_vti.c:10:
#23 7.357 /usr/include/net/if.h:48: note: this is the location of the previous definition
#23 7.357    48 | #define IFF_VOLATILE (IFF_LOOPBACK|IFF_POINTOPOINT|IFF_BROADCAST| \
#23 7.357       | 
#23 7.406     CC       link_vti6.o
#23 7.418 In file included from ../include/uapi/linux/if_tunnel.h:6,
#23 7.418                  from link_vti6.c:17:
#23 7.418 ../include/uapi/linux/if.h:134: warning: "IFF_VOLATILE" redefined
#23 7.418   134 | #define IFF_VOLATILE    (IFF_LOOPBACK|IFF_POINTOPOINT|IFF_BROADCAST|IFF_ECHO|\
#23 7.418       | 
#23 7.418 In file included from link_vti6.c:11:
#23 7.418 /usr/include/net/if.h:48: note: this is the location of the previous definition
#23 7.418    48 | #define IFF_VOLATILE (IFF_LOOPBACK|IFF_POINTOPOINT|IFF_BROADCAST| \
#23 7.418       | 
#23 7.471     CC       link_xfrm.o
#23 7.506     CC       iplink_vxlan.o
#23 7.654     CC       tcp_metrics.o
#23 7.752     CC       iplink_ipoib.o
#23 7.793     CC       ipnetconf.o
#23 7.845     CC       link_ip6tnl.o
#23 7.858 In file included from ../include/uapi/linux/if_tunnel.h:6,
#23 7.858                  from link_ip6tnl.c:15:
#23 7.858 ../include/uapi/linux/if.h:134: warning: "IFF_VOLATILE" redefined
#23 7.858   134 | #define IFF_VOLATILE    (IFF_LOOPBACK|IFF_POINTOPOINT|IFF_BROADCAST|IFF_ECHO|\
#23 7.858       | 
#23 7.858 In file included from link_ip6tnl.c:9:
#23 7.858 /usr/include/net/if.h:48: note: this is the location of the previous definition
#23 7.858    48 | #define IFF_VOLATILE (IFF_LOOPBACK|IFF_POINTOPOINT|IFF_BROADCAST| \
#23 7.858       | 
#23 7.973     CC       link_iptnl.o
#23 7.983 In file included from ../include/uapi/linux/if_tunnel.h:6,
#23 7.983                  from link_iptnl.c:16:
#23 7.983 ../include/uapi/linux/if.h:134: warning: "IFF_VOLATILE" redefined
#23 7.983   134 | #define IFF_VOLATILE    (IFF_LOOPBACK|IFF_POINTOPOINT|IFF_BROADCAST|IFF_ECHO|\
#23 7.983       | 
#23 7.983 In file included from link_iptnl.c:9:
#23 7.983 /usr/include/net/if.h:48: note: this is the location of the previous definition
#23 7.983    48 | #define IFF_VOLATILE (IFF_LOOPBACK|IFF_POINTOPOINT|IFF_BROADCAST| \
#23 7.983       | 
#23 8.077     CC       link_gre6.o
#23 8.087 In file included from ../include/uapi/linux/if_tunnel.h:6,
#23 8.087                  from link_gre6.c:15:
#23 8.087 ../include/uapi/linux/if.h:134: warning: "IFF_VOLATILE" redefined
#23 8.087   134 | #define IFF_VOLATILE    (IFF_LOOPBACK|IFF_POINTOPOINT|IFF_BROADCAST|IFF_ECHO|\
#23 8.087       | 
#23 8.087 In file included from link_gre6.c:9:
#23 8.087 /usr/include/net/if.h:48: note: this is the location of the previous definition
#23 8.087    48 | #define IFF_VOLATILE (IFF_LOOPBACK|IFF_POINTOPOINT|IFF_BROADCAST| \
#23 8.087       | 
#23 8.197     CC       iplink_bond.o
#23 8.364     CC       iplink_bond_slave.o
#23 8.429     CC       iplink_hsr.o
#23 8.475     CC       iplink_bridge.o
#23 8.635     CC       iplink_bridge_slave.o
#23 8.746     CC       iplink_dsa.o
#23 8.778     CC       ipfou.o
#23 8.857     CC       iplink_ipvlan.o
#23 8.896     CC       iplink_geneve.o
#23 8.993     CC       iplink_vrf.o
#23 9.041     CC       iproute_lwtunnel.o
#23 9.446     CC       ipmacsec.o
#23 9.716     CC       ipila.o
#23 9.804     CC       ipvrf.o
#23 9.919     CC       iplink_xstats.o
#23 9.949     CC       ipseg6.o
#23 10.00     CC       iplink_netdevsim.o
#23 10.03     CC       iplink_rmnet.o
#23 10.06     CC       ipnexthop.o
#23 10.28     CC       ipmptcp.o
#23 10.41     CC       iplink_bareudp.o
#23 10.45     CC       iplink_wwan.o
#23 10.48     CC       ipioam6.o
#23 10.56     CC       iplink_amt.o
#23 10.62     CC       iplink_batadv.o
#23 10.64     CC       iplink_gtp.o
#23 10.69     CC       iplink_virt_wifi.o
#23 10.71     CC       iplink_netkit.o
#23 10.76     CC       ipstats.o
#23 10.96     LINK     ip
#23 11.00     CC       rtmon.o
#23 11.05     LINK     rtmon
#23 11.06 
#23 11.06 tc
#23 11.06     CC       tc.o
#23 11.15     CC       tc_qdisc.o
#23 11.26     CC       tc_class.o
#23 11.37     CC       tc_filter.o
#23 11.53     CC       tc_util.o
#23 11.72     CC       tc_monitor.o
#23 11.76     CC       tc_exec.o
#23 11.79     CC       m_police.o
#23 11.88     CC       m_estimator.o
#23 11.91     CC       m_action.o
#23 12.07     CC       m_ematch.o
#23 12.20     YACC     emp_ematch.tab.c
#23 12.27     CC       emp_ematch.tab.o
#23 12.39     LEX      emp_ematch.lex.c
#23 12.40     CC       emp_ematch.lex.o
#23 12.57     CC       q_fifo.o
#23 12.61     CC       q_sfq.o
#23 12.68     CC       q_red.o
#23 12.75     CC       q_prio.o
#23 12.79     CC       q_skbprio.o
#23 12.83     CC       q_tbf.o
#23 12.92     CC       q_multiq.o
#23 12.96     CC       q_netem.o
#23 13.19     CC       q_choke.o
#23 13.27     CC       q_sfb.o
#23 13.32     CC       f_u32.o
#23 13.61     CC       f_route.o
#23 13.67     CC       f_fw.o
#23 13.72     CC       f_basic.o
#23 13.78     CC       f_bpf.o
#23 13.85     CC       f_flow.o
#23 13.93     CC       f_cgroup.o
#23 13.97     CC       f_flower.o
#23 13.98 In file included from ../include/uapi/linux/netdevice.h:29,
#23 13.98                  from ../include/uapi/linux/if_arp.h:27,
#23 13.98                  from f_flower.c:14:
#23 13.98 ../include/uapi/linux/if.h:134: warning: "IFF_VOLATILE" redefined
#23 13.98   134 | #define IFF_VOLATILE    (IFF_LOOPBACK|IFF_POINTOPOINT|IFF_BROADCAST|IFF_ECHO|\
#23 13.98       | 
#23 13.98 In file included from f_flower.c:12:
#23 13.98 /usr/include/net/if.h:48: note: this is the location of the previous definition
#23 13.98    48 | #define IFF_VOLATILE (IFF_LOOPBACK|IFF_POINTOPOINT|IFF_BROADCAST| \
#23 13.98       | 
#23 14.48     CC       q_gred.o
#23 14.59     CC       q_ingress.o
#23 14.61     CC       q_hfsc.o
#23 14.70     CC       q_htb.o
#23 14.79     CC       q_drr.o
#23 14.83     CC       q_qfq.o
#23 14.87     CC       m_gact.o
#23 14.92     CC       m_mirred.o
#23 14.99     CC       m_mpls.o
#23 15.08     CC       m_nat.o
#23 15.13     CC       m_pedit.o
#23 15.27     CC       m_ife.o
#23 15.35     CC       m_skbedit.o
#23 15.41     CC       m_skbmod.o
#23 15.48     CC       m_csum.o
#23 15.54     CC       m_simple.o
#23 15.59     CC       m_vlan.o
#23 15.65     CC       m_connmark.o
#23 15.69     CC       m_ctinfo.o
#23 15.75     CC       m_bpf.o
#23 15.81     CC       m_tunnel_key.o
#23 15.94     CC       m_sample.o
#23 15.99     CC       m_ct.o
#23 16.10     CC       m_gate.o
#23 16.19     CC       p_ip.o
#23 16.24     CC       p_ip6.o
#23 16.27     CC       p_icmp.o
#23 16.30     CC       p_eth.o
#23 16.33     CC       p_tcp.o
#23 16.36     CC       p_udp.o
#23 16.39     CC       em_nbyte.o
#23 16.44     CC       em_cmp.o
#23 16.49     CC       em_u32.o
#23 16.54     CC       em_canid.o
#23 16.59     CC       em_meta.o
#23 16.69     CC       q_mqprio.o
#23 16.81     CC       q_codel.o
#23 16.88     CC       q_fq_codel.o
#23 16.96     CC       q_fq.o
#23 17.08     CC       q_pie.o
#23 17.15     CC       q_fq_pie.o
#23 17.21     CC       q_cake.o
#23 17.39     CC       q_hhf.o
#23 17.44     CC       q_clsact.o
#23 17.46     CC       e_bpf.o
#23 17.52     CC       f_matchall.o
#23 17.56     CC       q_cbs.o
#23 17.61     CC       q_etf.o
#23 17.67     CC       q_taprio.o
#23 17.78     CC       q_plug.o
#23 17.82     CC       q_ets.o
#23 17.90     CC       em_ipt.o
#23 17.92 In file included from tc_util.h:7,
#23 17.92                  from m_ematch.h:11,
#23 17.92                  from em_ipt.c:13:
#23 17.92 ../include/uapi/linux/if.h:134: warning: "IFF_VOLATILE" redefined
#23 17.92   134 | #define IFF_VOLATILE    (IFF_LOOPBACK|IFF_POINTOPOINT|IFF_BROADCAST|IFF_ECHO|\
#23 17.92       | 
#23 17.92 In file included from ../include/xtables.h:17,
#23 17.92                  from em_ipt.c:12:
#23 17.92 /usr/include/net/if.h:48: note: this is the location of the previous definition
#23 17.92    48 | #define IFF_VOLATILE (IFF_LOOPBACK|IFF_POINTOPOINT|IFF_BROADCAST| \
#23 17.92       | 
#23 17.95     CC       em_ipset.o
#23 17.97 In file included from tc_util.h:7,
#23 17.97                  from m_ematch.h:11,
#23 17.97                  from em_ipset.c:39:
#23 17.97 ../include/uapi/linux/if.h:134: warning: "IFF_VOLATILE" redefined
#23 17.97   134 | #define IFF_VOLATILE    (IFF_LOOPBACK|IFF_POINTOPOINT|IFF_BROADCAST|IFF_ECHO|\
#23 17.97       | 
#23 17.97 In file included from ../include/xtables.h:17,
#23 17.97                  from em_ipset.c:23:
#23 17.97 /usr/include/net/if.h:48: note: this is the location of the previous definition
#23 17.97    48 | #define IFF_VOLATILE (IFF_LOOPBACK|IFF_POINTOPOINT|IFF_BROADCAST| \
#23 17.97       | 
#23 18.00     CC       tc_core.o
#23 18.08     CC       tc_red.o
#23 18.12     CC       tc_estimator.o
#23 18.17     CC       tc_stab.o
#23 18.22     CC       tc_qevent.o
#23 18.28     AR       libtc.a
#23 18.28     LINK     tc
#23 18.31 rm emp_ematch.lex.c
#23 18.31 
#23 18.31 bridge
#23 18.32     CC       bridge.o
#23 18.36     CC       fdb.o
#23 18.55     CC       monitor.o
#23 18.59     CC       link.o
#23 18.74     CC       mdb.o
#23 18.94     CC       vlan.o
#23 18.95 In file included from vlan.c:14:
#23 18.95 ../include/json_print.h:80:30: warning: 'struct timeval' declared inside parameter list will not be visible outside of this definition or declaration
#23 18.95    80 | _PRINT_FUNC(tv, const struct timeval *)
#23 18.95       |                              ^~~~~~~
#23 18.95 ../include/json_print.h:50:37: note: in definition of macro '_PRINT_FUNC'
#23 18.95    50 |                                     type value);                        \
#23 18.95       |                                     ^~~~
#23 18.95 ../include/json_print.h:80:30: warning: 'struct timeval' declared inside parameter list will not be visible outside of this definition or declaration
#23 18.95    80 | _PRINT_FUNC(tv, const struct timeval *)
#23 18.95       |                              ^~~~~~~
#23 18.95 ../include/json_print.h:55:45: note: in definition of macro '_PRINT_FUNC'
#23 18.95    55 |                                             type value)                 \
#23 18.95       |                                             ^~~~
#23 18.95 ../include/json_print.h: In function 'print_tv':
#23 18.95 ../include/json_print.h:58:48: warning: passing argument 5 of 'print_color_tv' from incompatible pointer type [-Wincompatible-pointer-types]
#23 18.95    58 |                                                value);                  \
#23 18.95       |                                                ^~~~~
#23 18.95       |                                                |
#23 18.95       |                                                const struct timeval *
#23 18.95 ../include/json_print.h:80:1: note: in expansion of macro '_PRINT_FUNC'
#23 18.95    80 | _PRINT_FUNC(tv, const struct timeval *)
#23 18.95       | ^~~~~~~~~~~
#23 18.95 ../include/json_print.h:50:42: note: expected 'const struct timeval *' but argument is of type 'const struct timeval *'
#23 18.95    50 |                                     type value);                        \
#23 18.95       |                                          ^
#23 18.95 ../include/json_print.h:80:1: note: in expansion of macro '_PRINT_FUNC'
#23 18.95    80 | _PRINT_FUNC(tv, const struct timeval *)
#23 18.95       | ^~~~~~~~~~~
#23 19.17     CC       vni.o
#23 19.19 In file included from vni.c:19:
#23 19.19 ../include/json_print.h:80:30: warning: 'struct timeval' declared inside parameter list will not be visible outside of this definition or declaration
#23 19.19    80 | _PRINT_FUNC(tv, const struct timeval *)
#23 19.19       |                              ^~~~~~~
#23 19.19 ../include/json_print.h:50:37: note: in definition of macro '_PRINT_FUNC'
#23 19.19    50 |                                     type value);                        \
#23 19.19       |                                     ^~~~
#23 19.19 ../include/json_print.h:80:30: warning: 'struct timeval' declared inside parameter list will not be visible outside of this definition or declaration
#23 19.19    80 | _PRINT_FUNC(tv, const struct timeval *)
#23 19.19       |                              ^~~~~~~
#23 19.19 ../include/json_print.h:55:45: note: in definition of macro '_PRINT_FUNC'
#23 19.19    55 |                                             type value)                 \
#23 19.19       |                                             ^~~~
#23 19.19 ../include/json_print.h: In function 'print_tv':
#23 19.19 ../include/json_print.h:58:48: warning: passing argument 5 of 'print_color_tv' from incompatible pointer type [-Wincompatible-pointer-types]
#23 19.19    58 |                                                value);                  \
#23 19.19       |                                                ^~~~~
#23 19.19       |                                                |
#23 19.19       |                                                const struct timeval *
#23 19.19 ../include/json_print.h:80:1: note: in expansion of macro '_PRINT_FUNC'
#23 19.19    80 | _PRINT_FUNC(tv, const struct timeval *)
#23 19.19       | ^~~~~~~~~~~
#23 19.19 ../include/json_print.h:50:42: note: expected 'const struct timeval *' but argument is of type 'const struct timeval *'
#23 19.19    50 |                                     type value);                        \
#23 19.19       |                                          ^
#23 19.19 ../include/json_print.h:80:1: note: in expansion of macro '_PRINT_FUNC'
#23 19.19    80 | _PRINT_FUNC(tv, const struct timeval *)
#23 19.19       | ^~~~~~~~~~~
#23 19.26     LINK     bridge
#23 19.27 
#23 19.27 misc
#23 19.28     CC       ss.o
#23 19.30 In file included from ../include/uapi/linux/tipc.h:42,
#23 19.30                  from ss.c:49:
#23 19.30 ../include/uapi/linux/sockios.h:42: warning: "SIOCGSTAMP" redefined
#23 19.30    42 | #define SIOCGSTAMP      SIOCGSTAMP_OLD
#23 19.30       | 
#23 19.30 In file included from /usr/include/sys/ioctl.h:10,
#23 19.30                  from ss.c:12:
#23 19.30 /usr/include/bits/ioctl.h:111: note: this is the location of the previous definition
#23 19.30   111 | #define SIOCGSTAMP      0x8906
#23 19.30       | 
#23 19.30 ../include/uapi/linux/sockios.h:43: warning: "SIOCGSTAMPNS" redefined
#23 19.30    43 | #define SIOCGSTAMPNS    SIOCGSTAMPNS_OLD
#23 19.30       | 
#23 19.30 /usr/include/bits/ioctl.h:112: note: this is the location of the previous definition
#23 19.30   112 | #define SIOCGSTAMPNS    0x8907
#23 19.30       | 
#23 20.15     CC       ssfilter_check.o
#23 20.18     YACC     ssfilter.tab.c
#23 20.25     CC       ssfilter.tab.o
#23 20.35     LINK     ss
#23 20.37     CC       nstat
#23 20.38 In file included from nstat.c:20:
#23 20.38 /usr/include/sys/poll.h:1:2: warning: #warning redirecting incorrect #include <sys/poll.h> to <poll.h> [-Wcpp]
#23 20.38     1 | #warning redirecting incorrect #include <sys/poll.h> to <poll.h>
#23 20.38       |  ^~~~~~~
#23 20.52     CC       ifstat
#23 20.53 In file included from ifstat.c:20:
#23 20.53 /usr/include/sys/poll.h:1:2: warning: #warning redirecting incorrect #include <sys/poll.h> to <poll.h> [-Wcpp]
#23 20.53     1 | #warning redirecting incorrect #include <sys/poll.h> to <poll.h>
#23 20.53       |  ^~~~~~~
#23 20.70     CC       rtacct
#23 20.71 In file included from rtacct.c:19:
#23 20.71 /usr/include/sys/poll.h:1:2: warning: #warning redirecting incorrect #include <sys/poll.h> to <poll.h> [-Wcpp]
#23 20.71     1 | #warning redirecting incorrect #include <sys/poll.h> to <poll.h>
#23 20.71       |  ^~~~~~~
#23 20.84     CC       lnstat.o
#23 20.90     CC       lnstat_util.o
#23 20.97     LINK     lnstat
#23 20.97 
#23 20.97 netem
#23 20.98 gcc  -I../include -o maketable maketable.c -lm
#23 21.01 gcc  -I../include -o normal normal.c -lm
#23 21.04 gcc  -I../include -o pareto pareto.c -lm
#23 21.06 gcc  -I../include -o paretonormal paretonormal.c -lm
#23 21.09 ./normal > normal.dist
#23 21.09 ./pareto > pareto.dist
#23 21.10 ./paretonormal > paretonormal.dist
#23 21.11 ./maketable experimental.dat > experimental.dist
#23 21.11 
#23 21.11 genl
#23 21.11     CC       genl.o
#23 21.15     CC       ctrl.o
#23 21.22     LINK     genl
#23 21.23 
#23 21.23 man
#23 21.24 make[2]: Nothing to be done for 'all'.
#23 21.24 make[2]: Nothing to be done for 'all'.
#23 21.24 sed \
#23 21.24 	-e "s|@NETNS_ETC_DIR@|/etc/netns|g" \
#23 21.24 	-e "s|@NETNS_RUN_DIR@|/var/run/netns|g" \
#23 21.24 	-e "s|@SYSCONF_ETC_DIR@|/etc/iproute2|g" \
#23 21.24 	-e "s|@SYSCONF_USR_DIR@|/usr/share/iproute2|g" \
#23 21.24 	ip-address.8.in > ip-address.8
#23 21.24 sed \
#23 21.24 	-e "s|@NETNS_ETC_DIR@|/etc/netns|g" \
#23 21.24 	-e "s|@NETNS_RUN_DIR@|/var/run/netns|g" \
#23 21.24 	-e "s|@SYSCONF_ETC_DIR@|/etc/iproute2|g" \
#23 21.24 	-e "s|@SYSCONF_USR_DIR@|/usr/share/iproute2|g" \
#23 21.24 	ip-link.8.in > ip-link.8
#23 21.25 sed \
#23 21.25 	-e "s|@NETNS_ETC_DIR@|/etc/netns|g" \
#23 21.25 	-e "s|@NETNS_RUN_DIR@|/var/run/netns|g" \
#23 21.25 	-e "s|@SYSCONF_ETC_DIR@|/etc/iproute2|g" \
#23 21.25 	-e "s|@SYSCONF_USR_DIR@|/usr/share/iproute2|g" \
#23 21.25 	ip-netns.8.in > ip-netns.8
#23 21.25 sed \
#23 21.25 	-e "s|@NETNS_ETC_DIR@|/etc/netns|g" \
#23 21.25 	-e "s|@NETNS_RUN_DIR@|/var/run/netns|g" \
#23 21.25 	-e "s|@SYSCONF_ETC_DIR@|/etc/iproute2|g" \
#23 21.25 	-e "s|@SYSCONF_USR_DIR@|/usr/share/iproute2|g" \
#23 21.25 	ip-route.8.in > ip-route.8
#23 21.25 
#23 21.25 tipc
#23 21.26     CC       bearer.o
#23 21.43     CC       cmdl.o
#23 21.48     CC       link.o
#23 21.68     CC       media.o
#23 21.73     CC       misc.o
#23 21.78     CC       msg.o
#23 21.80     CC       nametable.o
#23 21.84     CC       node.o
#23 21.94     CC       socket.o
#23 21.97     CC       peer.o
#23 22.00     CC       tipc.o
#23 22.04     LINK     tipc
#23 22.05 
#23 22.05 devlink
#23 22.06     CC       devlink.o
#23 23.72     CC       mnlg.o
#23 23.76     LINK     devlink
#23 23.78 
#23 23.78 rdma
#23 23.78     CC       rdma.o
#23 23.80 rdma.c: In function 'main':
#23 23.80 rdma.c:110:20: warning: implicit declaration of function 'basename'; did you mean 'rename'? [-Wimplicit-function-declaration]
#23 23.80   110 |         filename = basename(argv[0]);
#23 23.80       |                    ^~~~~~~~
#23 23.80       |                    rename
#23 23.80 rdma.c:110:18: warning: assignment to 'char *' from 'int' makes pointer from integer without a cast [-Wint-conversion]
#23 23.80   110 |         filename = basename(argv[0]);
#23 23.80       |                  ^
#23 23.83     CC       utils.o
#23 24.00     CC       dev.o
#23 24.08     CC       link.o
#23 24.16     CC       res.o
#23 24.27     CC       res-pd.o
#23 24.31     CC       res-mr.o
#23 24.36     CC       res-cq.o
#23 24.41     CC       res-cmid.o
#23 24.47     CC       res-qp.o
#23 24.52     CC       sys.o
#23 24.57     CC       stat.o
#23 24.79     CC       stat-mr.o
#23 24.82     CC       res-ctx.o
#23 24.86     CC       res-srq.o
#23 24.94     LINK     rdma
#23 24.95 
#23 24.95 dcb
#23 24.95     CC       dcb.o
#23 25.07     CC       dcb_app.o
#23 25.26     CC       dcb_buffer.o
#23 25.31     CC       dcb_dcbx.o
#23 25.36     CC       dcb_ets.o
#23 25.44     CC       dcb_maxrate.o
#23 25.49     CC       dcb_pfc.o
#23 25.55     CC       dcb_apptrust.o
#23 25.61     CC       dcb_rewr.o
#23 25.69     LINK     dcb
#23 25.71 
#23 25.71 vdpa
#23 25.71     CC       vdpa.o
#23 25.72 In file included from vdpa.c:19:
#23 25.72 ../include/json_print.h:80:30: warning: 'struct timeval' declared inside parameter list will not be visible outside of this definition or declaration
#23 25.72    80 | _PRINT_FUNC(tv, const struct timeval *)
#23 25.72       |                              ^~~~~~~
#23 25.72 ../include/json_print.h:50:37: note: in definition of macro '_PRINT_FUNC'
#23 25.72    50 |                                     type value);                        \
#23 25.72       |                                     ^~~~
#23 25.72 ../include/json_print.h:80:30: warning: 'struct timeval' declared inside parameter list will not be visible outside of this definition or declaration
#23 25.72    80 | _PRINT_FUNC(tv, const struct timeval *)
#23 25.72       |                              ^~~~~~~
#23 25.72 ../include/json_print.h:55:45: note: in definition of macro '_PRINT_FUNC'
#23 25.72    55 |                                             type value)                 \
#23 25.72       |                                             ^~~~
#23 25.72 ../include/json_print.h: In function 'print_tv':
#23 25.72 ../include/json_print.h:58:48: warning: passing argument 5 of 'print_color_tv' from incompatible pointer type [-Wincompatible-pointer-types]
#23 25.72    58 |                                                value);                  \
#23 25.72       |                                                ^~~~~
#23 25.72       |                                                |
#23 25.72       |                                                const struct timeval *
#23 25.72 ../include/json_print.h:80:1: note: in expansion of macro '_PRINT_FUNC'
#23 25.72    80 | _PRINT_FUNC(tv, const struct timeval *)
#23 25.72       | ^~~~~~~~~~~
#23 25.72 ../include/json_print.h:50:42: note: expected 'const struct timeval *' but argument is of type 'const struct timeval *'
#23 25.72    50 |                                     type value);                        \
#23 25.72       |                                          ^
#23 25.72 ../include/json_print.h:80:1: note: in expansion of macro '_PRINT_FUNC'
#23 25.72    80 | _PRINT_FUNC(tv, const struct timeval *)
#23 25.72       | ^~~~~~~~~~~
#23 25.88     LINK     vdpa
#23 DONE 25.9s

#24 [20/22] RUN git clone --no-single-branch --depth=1 https://github.com/linux-netdev/testing.git /nipa-data/kernel
#24 0.379 Cloning into '/nipa-data/kernel'...
#24 34.85 Updating files:  16% (14008/83283)Updating files:  17% (14159/83283)Updating files:  18% (14991/83283)Updating files:  19% (15824/83283)Updating files:  20% (16657/83283)Updating files:  21% (17490/83283)Updating files:  22% (18323/83283)Updating files:  23% (19156/83283)Updating files:  24% (19988/83283)Updating files:  25% (20821/83283)Updating files:  26% (21654/83283)Updating files:  27% (22487/83283)Updating files:  28% (23320/83283)Updating files:  29% (24153/83283)Updating files:  30% (24985/83283)Updating files:  31% (25818/83283)Updating files:  32% (26651/83283)Updating files:  33% (27484/83283)Updating files:  33% (28130/83283)Updating files:  34% (28317/83283)Updating files:  35% (29150/83283)Updating files:  36% (29982/83283)Updating files:  37% (30815/83283)Updating files:  38% (31648/83283)Updating files:  39% (32481/83283)Updating files:  40% (33314/83283)Updating files:  40% (33546/83283)Updating files:  41% (34147/83283)Updating files:  42% (34979/83283)Updating files:  43% (35812/83283)Updating files:  44% (36645/83283)Updating files:  45% (37478/83283)Updating files:  46% (38311/83283)Updating files:  47% (39144/83283)Updating files:  48% (39976/83283)Updating files:  49% (40809/83283)Updating files:  49% (41287/83283)Updating files:  50% (41642/83283)Updating files:  51% (42475/83283)Updating files:  52% (43308/83283)Updating files:  53% (44140/83283)Updating files:  54% (44973/83283)Updating files:  55% (45806/83283)Updating files:  56% (46639/83283)Updating files:  57% (47472/83283)Updating files:  58% (48305/83283)Updating files:  59% (49137/83283)Updating files:  60% (49970/83283)Updating files:  61% (50803/83283)Updating files:  62% (51636/83283)Updating files:  63% (52469/83283)Updating files:  63% (52473/83283)Updating files:  64% (53302/83283)Updating files:  65% (54134/83283)Updating files:  66% (54967/83283)Updating files:  67% (55800/83283)Updating files:  68% (56633/83283)Updating files:  69% (57466/83283)Updating files:  70% (58299/83283)Updating files:  71% (59131/83283)Updating files:  72% (59964/83283)Updating files:  73% (60797/83283)Updating files:  74% (61630/83283)Updating files:  75% (62463/83283)Updating files:  76% (63296/83283)Updating files:  77% (64128/83283)Updating files:  78% (64961/83283)Updating files:  79% (65794/83283)Updating files:  79% (66502/83283)Updating files:  80% (66627/83283)Updating files:  81% (67460/83283)Updating files:  82% (68293/83283)Updating files:  83% (69125/83283)Updating files:  84% (69958/83283)Updating files:  85% (70791/83283)Updating files:  86% (71624/83283)Updating files:  87% (72457/83283)Updating files:  88% (73290/83283)Updating files:  89% (74122/83283)Updating files:  90% (74955/83283)Updating files:  91% (75788/83283)Updating files:  92% (76621/83283)Updating files:  93% (77454/83283)Updating files:  94% (78287/83283)Updating files:  95% (79119/83283)Updating files:  96% (79952/83283)Updating files:  97% (80785/83283)Updating files:  98% (81618/83283)Updating files:  98% (82200/83283)Updating files:  99% (82451/83283)Updating files: 100% (83283/83283)Updating files: 100% (83283/83283), done.
#24 DONE 42.6s

#25 [21/22] RUN git clone --depth=1 -b dev https://github.com/p4tc-dev/new-nipa.git nipa
#25 0.361 Cloning into 'nipa'...
#25 DONE 1.0s

#26 [22/22] COPY entrypoint.sh /entrypoint.sh
#26 DONE 0.0s

#27 exporting to image
#27 exporting layers
#27 exporting layers 8.9s done
#27 writing image sha256:06d33a504b61fd5342845bb3f65aaa32454a01dcf85d45bf50078cbd40984bd0 0.1s done
#27 naming to docker.io/library/nipa-executor
#27 naming to docker.io/library/nipa-executor 0.2s done
#27 DONE 9.1s
=== >>> DEBUG KERNEL <<< ===
NIPA version: 9d4ceb4 (fetcher: support local kernel patches, 2024-02-05)
INFO: Last run date: 2024-03-11 09:00:02.044076+00:00
Testing  {'branch': 'net-next-2024-03-11--12-00', 'date': '2024-03-11T12:00:11.453454+00:00', 'base': '649819bf9ecd56692aa1e61e8cf9d1dbb4e7eec9', 'url': 'https://github.com/linux-netdev/testing.git net-next-2024-03-11--12-00'}
branch 'net-next-2024-03-11--12-00' set up to track 'origin/net-next-2024-03-11--12-00'.
Switched to a new branch 'net-next-2024-03-11--12-00'
error: No valid patches in input (allow with "--allow-empty")
Checking patch tools/testing/selftests/tc-testing/tdc_config.py...
Applied patch tools/testing/selftests/tc-testing/tdc_config.py cleanly.
Run at 2024-03-11 12:24:07.899967
INFO: building kernel
INFO: starting VM 0
INFO: thr0-1 VM starting: vng -v -r arch/x86/boot/bzImage --user root --rwdir=/nipa-data/kernel/
INFO: thr0-1 expecting prompt: '/nipa-data/kernel# '
INFO: thr0-1 reached initial prompt
INFO: thr-0 testing == tdc.sh
INFO: thr-0 tdc.sh >> retcode: 0 result: pass found {'fail': False, 'skip': False, 'pass': True}
INFO: thr-0 has no more work, exiting
INFO: thr0-1 VM stopped
Done at 2024-03-11 12:28:42.283041
NIPA quitting!
/
~/nipa/tc-executor/tc-executor-storage /
sort: fflush failed: 'standard output': Broken pipe
sort: write error
