~/nipa/tc-executor/tc-executor-storage /
Switched to branch 'storage'
Your branch is ahead of 'origin/storage' by 509 commits.
  (use "git push" to publish your local commits)
/
~/nipa/tc-executor /
Error response from daemon: No such image: nipa-executor:latest
#0 building with "default" instance using docker driver

#1 [internal] load build definition from Dockerfile
#1 transferring dockerfile: 2.05kB done
#1 DONE 0.0s

#2 [internal] load .dockerignore
#2 transferring context: 2B done
#2 DONE 0.0s

#3 [internal] load metadata for docker.io/library/alpine:edge
#3 DONE 0.0s

#4 [ 1/22] FROM docker.io/library/alpine:edge
#4 CACHED

#5 [internal] load build context
#5 transferring context: 3.02kB done
#5 DONE 0.0s

#6 [ 2/22] RUN echo false > debug-mode
#6 DONE 0.6s

#7 [ 3/22] RUN addgroup -g 1001 hostuser
#7 DONE 0.4s

#8 [ 4/22] RUN adduser -u 1001 -G hostuser -H -D -s /bin/ash hostuser
#8 DONE 0.4s

#9 [ 5/22] RUN echo '@testing http://dl-cdn.alpinelinux.org/alpine/edge/testing' >> /etc/apk/repositories
#9 DONE 0.5s

#10 [ 6/22] RUN echo '@community http://dl-cdn.alpinelinux.org/alpine/edge/community' >> /etc/apk/repositories
#10 DONE 0.4s

#11 [ 7/22] RUN apk update && apk add --no-cache    virtme-ng@testing    git    py3-requests    py3-psutil    py3-setuptools    py3-pyroute2    py3-argcomplete    qemu-system-x86_64@community    scapy@community    make    gcc    musl-dev    flex    bison    linux-headers    elfutils-dev    util-linux    coreutils    diffutils    findutils    file    bash    kmod    perl    iptables-dev    libcap-dev    libmnl-dev    iproute2     jq    libbpf-dev    rsync    openssl-dev
#11 0.433 fetch https://dl-cdn.alpinelinux.org/alpine/edge/main/x86_64/APKINDEX.tar.gz
#11 0.653 fetch https://dl-cdn.alpinelinux.org/alpine/edge/community/x86_64/APKINDEX.tar.gz
#11 0.772 fetch http://dl-cdn.alpinelinux.org/alpine/edge/testing/x86_64/APKINDEX.tar.gz
#11 1.265 fetch http://dl-cdn.alpinelinux.org/alpine/edge/community/x86_64/APKINDEX.tar.gz
#11 1.488 v20240329-2057-g6a5de8e3909 [https://dl-cdn.alpinelinux.org/alpine/edge/main]
#11 1.488 v20240329-2026-g6b829097859 [https://dl-cdn.alpinelinux.org/alpine/edge/community]
#11 1.488 v20240329-2026-g6b829097859 [http://dl-cdn.alpinelinux.org/alpine/edge/testing]
#11 1.488 v20240329-2026-g6b829097859 [http://dl-cdn.alpinelinux.org/alpine/edge/community]
#11 1.488 OK: 31127 distinct packages available
#11 1.546 fetch https://dl-cdn.alpinelinux.org/alpine/edge/main/x86_64/APKINDEX.tar.gz
#11 1.655 fetch https://dl-cdn.alpinelinux.org/alpine/edge/community/x86_64/APKINDEX.tar.gz
#11 1.758 fetch http://dl-cdn.alpinelinux.org/alpine/edge/testing/x86_64/APKINDEX.tar.gz
#11 1.856 fetch http://dl-cdn.alpinelinux.org/alpine/edge/community/x86_64/APKINDEX.tar.gz
#11 2.076 (1/176) Upgrading musl (1.2.4_git20230717-r5 -> 1.2.5-r0)
#11 2.105 (2/176) Upgrading libcrypto3 (3.1.4-r2 -> 3.3.0-r1)
#11 2.140 (3/176) Upgrading libssl3 (3.1.4-r2 -> 3.3.0-r1)
#11 2.158 (4/176) Upgrading zlib (1.3-r2 -> 1.3.1-r1)
#11 2.171 (5/176) Installing ncurses-terminfo-base (6.4_p20240330-r0)
#11 2.186 (6/176) Installing libncursesw (6.4_p20240330-r0)
#11 2.236 (7/176) Installing readline (8.2.10-r0)
#11 2.251 (8/176) Installing bash (5.2.26-r0)
#11 2.271 Executing bash-5.2.26-r0.post-install
#11 2.273 (9/176) Installing m4 (1.4.19-r3)
#11 2.287 (10/176) Installing bison (3.8.2-r1)
#11 2.308 (11/176) Installing coreutils-env (9.5-r1)
#11 2.320 (12/176) Installing coreutils-fmt (9.5-r1)
#11 2.335 (13/176) Installing coreutils-sha512sum (9.5-r1)
#11 2.347 (14/176) Installing libacl (2.3.2-r0)
#11 2.360 (15/176) Installing libattr (2.5.2-r0)
#11 2.372 (16/176) Installing skalibs (2.14.1.1-r0)
#11 2.387 (17/176) Installing utmps-libs (0.1.2.2-r1)
#11 2.398 (18/176) Installing coreutils (9.5-r1)
#11 2.423 (19/176) Installing diffutils (3.10-r0)
#11 2.439 (20/176) Installing zstd-libs (1.5.6-r0)
#11 2.456 (21/176) Installing libelf (0.191-r0)
#11 2.469 (22/176) Installing libbz2 (1.0.8-r6)
#11 2.482 (23/176) Installing musl-fts (1.2.7-r6)
#11 2.494 (24/176) Installing xz-libs (5.6.1-r3)
#11 2.508 (25/176) Installing libdw (0.191-r0)
#11 2.525 (26/176) Installing libasm (0.191-r0)
#11 2.537 (27/176) Installing xz (5.6.1-r3)
#11 2.553 (28/176) Installing pkgconf (2.2.0-r0)
#11 2.566 (29/176) Installing xz-dev (5.6.1-r3)
#11 2.581 (30/176) Installing libgcc (13.2.1_git20240309-r0)
#11 2.595 (31/176) Installing libstdc++ (13.2.1_git20240309-r0)
#11 2.619 (32/176) Installing zstd (1.5.6-r0)
#11 2.635 (33/176) Installing zstd-dev (1.5.6-r0)
#11 2.650 (34/176) Installing zlib-dev (1.3.1-r1)
#11 2.664 (35/176) Installing elfutils-dev (0.191-r0)
#11 2.686 (36/176) Installing libmagic (5.45-r1)
#11 2.714 (37/176) Installing file (5.45-r1)
#11 2.727 (38/176) Installing findutils (4.9.0-r5)
#11 2.741 (39/176) Installing flex (2.6.4-r6)
#11 2.756 (40/176) Installing jansson (2.14-r4)
#11 2.767 (41/176) Installing binutils (2.42-r0)
#11 2.827 (42/176) Installing libgomp (13.2.1_git20240309-r0)
#11 2.842 (43/176) Installing libatomic (13.2.1_git20240309-r0)
#11 2.854 (44/176) Installing gmp (6.3.0-r0)
#11 2.871 (45/176) Installing isl26 (0.26-r1)
#11 2.895 (46/176) Installing mpfr4 (4.2.1-r0)
#11 2.912 (47/176) Installing mpc1 (1.3.1-r1)
#11 2.927 (48/176) Installing gcc (13.2.1_git20240309-r0)
#11 3.436 (49/176) Installing ca-certificates (20240226-r0)
#11 3.459 (50/176) Installing brotli-libs (1.1.0-r2)
#11 3.478 (51/176) Installing c-ares (1.28.1-r0)
#11 3.491 (52/176) Installing libunistring (1.2-r0)
#11 3.511 (53/176) Installing libidn2 (2.3.7-r0)
#11 3.525 (54/176) Installing nghttp2-libs (1.61.0-r0)
#11 3.538 (55/176) Installing libpsl (0.21.5-r1)
#11 3.551 (56/176) Installing libcurl (8.7.1-r0)
#11 3.569 (57/176) Installing libexpat (2.6.2-r0)
#11 3.582 (58/176) Installing pcre2 (10.43-r0)
#11 3.600 (59/176) Installing git (2.44.0-r2)
#11 3.663 (60/176) Installing git-init-template (2.44.0-r2)
#11 3.676 (61/176) Installing libcap2 (2.69-r1)
#11 3.691 (62/176) Installing libmnl (1.0.5-r2)
#11 3.706 (63/176) Installing iproute2-minimal (6.8.0-r0)
#11 3.723 (64/176) Installing libxtables (1.8.10-r3)
#11 3.736 (65/176) Installing iproute2-tc (6.8.0-r0)
#11 3.753 (66/176) Installing iproute2-ss (6.8.0-r0)
#11 3.766 (67/176) Installing iproute2 (6.8.0-r0)
#11 3.787 Executing iproute2-6.8.0-r0.post-install
#11 3.791 (68/176) Installing linux-headers (6.6-r0)
#11 3.894 (69/176) Installing libip4tc (1.8.10-r3)
#11 3.907 (70/176) Installing libip6tc (1.8.10-r3)
#11 3.919 (71/176) Installing libipq (1.8.10-r3)
#11 3.931 (72/176) Installing iptables-dev (1.8.10-r3)
#11 3.945 (73/176) Installing oniguruma (6.9.9-r0)
#11 3.961 (74/176) Installing jq (1.7.1-r0)
#11 3.979 (75/176) Installing kmod (32-r0)
#11 3.993 (76/176) Installing libbpf (1.4.0-r0)
#11 4.008 (77/176) Installing libbpf-dev (1.4.0-r0)
#11 4.027 (78/176) Installing libcap-dev (2.69-r1)
#11 4.040 (79/176) Installing libmnl-dev (1.0.5-r2)
#11 4.053 (80/176) Installing make (4.4.1-r2)
#11 4.067 (81/176) Installing musl-dev (1.2.5-r0)
#11 4.122 (82/176) Installing openssl-dev (3.3.0-r1)
#11 4.148 (83/176) Installing perl (5.38.2-r0)
#11 4.341 (84/176) Installing perl-error (0.17029-r2)
#11 4.355 (85/176) Installing perl-git (2.44.0-r2)
#11 4.370 (86/176) Installing git-perl (2.44.0-r2)
#11 4.384 (87/176) Installing libffi (3.4.6-r0)
#11 4.397 (88/176) Installing gdbm (1.23-r1)
#11 4.410 (89/176) Installing mpdecimal (4.0.0-r0)
#11 4.423 (90/176) Installing libpanelw (6.4_p20240330-r0)
#11 4.435 (91/176) Installing sqlite-libs (3.45.3-r0)
#11 4.462 (92/176) Installing python3 (3.12.3-r1)
#11 4.604 (93/176) Installing python3-pycache-pyc0 (3.12.3-r1)
#11 4.701 (94/176) Installing pyc (3.12.3-r1)
#11 4.714 (95/176) Installing py3-argcomplete-pyc (3.3.0-r0)
#11 4.727 (96/176) Installing python3-pyc (3.12.3-r1)
#11 4.739 (97/176) Installing py3-argcomplete (3.3.0-r0)
#11 4.753 (98/176) Installing py3-psutil (5.9.8-r1)
#11 4.771 (99/176) Installing py3-psutil-pyc (5.9.8-r1)
#11 4.788 (100/176) Installing py3-pyroute2 (0.7.12-r1)
#11 4.819 (101/176) Installing py3-pyroute2-pyc (0.7.12-r1)
#11 4.855 (102/176) Installing py3-certifi (2024.2.2-r1)
#11 4.943 (103/176) Installing py3-certifi-pyc (2024.2.2-r1)
#11 4.970 (104/176) Installing py3-charset-normalizer (3.3.2-r1)
#11 4.986 (105/176) Installing py3-charset-normalizer-pyc (3.3.2-r1)
#11 5.014 (106/176) Installing py3-idna (3.7-r0)
#11 5.029 (107/176) Installing py3-idna-pyc (3.7-r0)
#11 5.043 (108/176) Installing py3-urllib3 (1.26.18-r1)
#11 5.061 (109/176) Installing py3-urllib3-pyc (1.26.18-r1)
#11 5.079 (110/176) Installing py3-requests (2.31.0-r2)
#11 5.093 (111/176) Installing py3-requests-pyc (2.31.0-r2)
#11 5.110 (112/176) Installing py3-parsing (3.1.2-r1)
#11 5.128 (113/176) Installing py3-parsing-pyc (3.1.2-r1)
#11 5.144 (114/176) Installing py3-packaging (24.0-r1)
#11 5.158 (115/176) Installing py3-packaging-pyc (24.0-r1)
#11 5.172 (116/176) Installing py3-setuptools (69.5.1-r0)
#11 5.211 (117/176) Installing py3-setuptools-pyc (69.5.1-r0)
#11 5.251 (118/176) Installing libcap-ng (0.8.4-r0)
#11 5.264 (119/176) Installing libintl (0.22.5-r0)
#11 5.277 (120/176) Installing libeconf (0.6.2-r0)
#11 5.289 (121/176) Installing libblkid (2.40-r2)
#11 5.303 (122/176) Installing libmount (2.40-r2)
#11 5.318 (123/176) Installing glib (2.80.0-r3)
#11 5.353 (124/176) Installing numactl (2.0.18-r0)
#11 5.365 (125/176) Installing qemu (8.2.2-r0)
#11 5.381 Executing qemu-8.2.2-r0.pre-install
#11 5.448 Executing qemu-8.2.2-r0.post-install
#11 5.451 *
#11 5.451 * If you want to run VM as unprivileged user and let Qemu create tunX devices,
#11 5.451 * then you must add that user to the group "qemu".
#11 5.451 * If you use KVM for hardware-assisted virtualization, then you may also need
#11 5.451 * to add that user to the group "kvm".
#11 5.451 *
#11 5.452 (126/176) Installing qemu-bridge-helper (8.2.2-r0)
#11 5.469 (127/176) Installing libaio (0.3.113-r2)
#11 5.481 (128/176) Installing capstone (5.0.1-r4)
#11 5.514 (129/176) Installing nettle (3.9.1-r0)
#11 5.531 (130/176) Installing libtasn1 (4.19.0-r2)
#11 5.549 (131/176) Installing p11-kit (0.25.3-r0)
#11 5.567 (132/176) Installing gnutls (3.8.3-r0)
#11 5.591 (133/176) Installing libjpeg-turbo (3.0.2-r0)
#11 5.607 (134/176) Installing lzo (2.10-r5)
#11 5.620 (135/176) Installing pixman (0.43.2-r0)
#11 5.637 (136/176) Installing libpng (1.6.43-r0)
#11 5.651 (137/176) Installing libsasl (2.1.28-r6)
#11 5.670 (138/176) Installing libseccomp (2.5.5-r1)
#11 5.683 (139/176) Installing libslirp (4.7.0-r0)
#11 5.696 (140/176) Installing snappy (1.1.10-r2)
#11 5.709 (141/176) Installing liburing (2.5-r1)
#11 5.722 (142/176) Installing vde2-libs (2.3.3-r3)
#11 5.735 (143/176) Installing qemu-system-x86_64 (8.2.2-r0)
#11 5.854 (144/176) Installing lz4-libs (1.9.4-r5)
#11 5.868 (145/176) Installing popt (1.19-r3)
#11 5.880 (146/176) Installing libxxhash (0.8.2-r2)
#11 5.893 (147/176) Installing rsync (3.3.0-r0)
#11 5.910 (148/176) Installing scapy (2.5.0-r3)
#11 5.961 Executing scapy-2.5.0-r3.post-install
#11 5.963 *
#11 5.963 * Certain optional features of scapy also depend on the following packages:
#11 5.963 *     py3-matplotlib graphviz imagemagick py3-cryptography sox
#11 5.963 * And the following unpackaged dependencies:
#11 5.963 *     pyxi vpython-jupyter nmap<v4.23
#11 5.963 * More information can be found at https://scapy.readthedocs.io/en/latest/installation.html#optional-dependencies
#11 5.963 *
#11 5.963 (149/176) Installing scapy-pyc (2.5.0-r3)
#11 6.026 (150/176) Installing util-linux (2.40-r2)
#11 6.067 (151/176) Installing setarch (2.40-r2)
#11 6.080 (152/176) Installing libuuid (2.40-r2)
#11 6.092 (153/176) Installing libfdisk (2.40-r2)
#11 6.107 (154/176) Installing libsmartcols (2.40-r2)
#11 6.120 (155/176) Installing util-linux-misc (2.40-r2)
#11 6.151 (156/176) Installing linux-pam (1.6.0-r0)
#11 6.172 (157/176) Installing runuser (2.40-r2)
#11 6.188 (158/176) Installing mount (2.40-r2)
#11 6.200 (159/176) Installing losetup (2.40-r2)
#11 6.211 (160/176) Installing hexdump (2.40-r2)
#11 6.224 (161/176) Installing uuidgen (2.40-r2)
#11 6.236 (162/176) Installing blkid (2.40-r2)
#11 6.248 (163/176) Installing sfdisk (2.40-r2)
#11 6.260 (164/176) Installing mcookie (2.40-r2)
#11 6.274 (165/176) Installing agetty (2.40-r2)
#11 6.288 (166/176) Installing wipefs (2.40-r2)
#11 6.300 (167/176) Installing cfdisk (2.40-r2)
#11 6.312 (168/176) Installing umount (2.40-r2)
#11 6.324 (169/176) Installing flock (2.40-r2)
#11 6.336 (170/176) Installing lsblk (2.40-r2)
#11 6.350 (171/176) Installing setpriv (2.40-r2)
#11 6.361 (172/176) Installing logger (2.40-r2)
#11 6.374 (173/176) Installing partx (2.40-r2)
#11 6.386 (174/176) Installing fstrim (2.40-r2)
#11 6.399 (175/176) Installing findmnt (2.40-r2)
#11 6.411 (176/176) Installing virtme-ng@testing (1.23-r1)
#11 6.466 Executing busybox-1.36.1-r17.trigger
#11 6.469 Executing ca-certificates-20240226-r0.trigger
#11 6.490 Executing glib-2.80.0-r3.trigger
#11 6.495 OK: 383 MiB in 187 packages
#11 DONE 6.8s

#12 [ 8/22] RUN mkdir -p /tmp/kernel-patches &&     mkdir -p /tmp/iproute2-patches
#12 DONE 0.4s

#13 [ 9/22] COPY tdc.config /tmp
#13 DONE 0.0s

#14 [10/22] COPY tdc-debug.config /tmp
#14 DONE 0.0s

#15 [11/22] COPY kernel-patches /tmp/kernel-patches/
#15 DONE 0.1s

#16 [12/22] COPY iproute2-patches /tmp/iproute2-patches/
#16 DONE 0.0s

#17 [13/22] COPY configs /tmp/configs/
#17 DONE 0.0s

#18 [14/22] RUN git config --global user.email foo@bar.com
#18 DONE 0.3s

#19 [15/22] RUN git config --global user.name foo@bar.com
#19 DONE 0.4s

#20 [16/22] RUN git clone https://git.kernel.org/pub/scm/network/iproute2/iproute2-next.git /nipa-data/iproute2
#20 0.367 Cloning into '/nipa-data/iproute2'...
#20 DONE 1.9s

#21 [17/22] RUN cd /nipa-data/iproute2 && 	git remote add stable https://git.kernel.org/pub/scm/network/iproute2/iproute2.git && 	git fetch --all && 	git merge stable/main
#21 0.382 Fetching origin
#21 0.659 Fetching stable
#21 1.110 From https://git.kernel.org/pub/scm/network/iproute2/iproute2
#21 1.110  * [new branch]        codeql         -> stable/codeql
#21 1.110  * [new branch]        iproute2-4.1.x -> stable/iproute2-4.1.x
#21 1.110  * [new branch]        main           -> stable/main
#21 1.135 Auto-merging ip/iplink.c
#21 1.135 Auto-merging man/man8/ip-link.8.in
#21 1.150 Merge made by the 'ort' strategy.
#21 1.153  ip/iplink.c           | 2 +-
#21 1.153  man/man8/ip-link.8.in | 2 +-
#21 1.153  2 files changed, 2 insertions(+), 2 deletions(-)
#21 DONE 1.2s

#22 [18/22] RUN if [ "$(find /tmp/iproute2-patches/ -name *.patch)" ]; then  	cd /nipa-data/iproute2; 	git apply /tmp/iproute2-patches/*.patch;     fi
#22 DONE 0.4s

#23 [19/22] RUN cd /nipa-data/iproute2/ &&     ./configure &&     make
#23 0.438 TC schedulers
#23 0.439  IPT	using xtables
#23 0.466  IPSET  yes
#23 0.487 
#23 0.487 lib directory: /usr/lib
#23 0.487 libc has setns: yes
#23 0.508 libc has name_to_handle_at: yes
#23 0.530 SELinux support: no
#23 0.531 libtirpc support: no
#23 0.532 libbpf support: yes
#23 0.598 	libbpf version 1.4.0
#23 0.598 ELF support: yes
#23 0.600 libmnl support: yes
#23 0.602 Berkeley DB: no
#23 0.612 need for strlcpy: no
#23 0.633 libcap support: yes
#23 0.635 color output: never
#23 0.638 
#23 0.638 lib
#23 0.640     CC       libgenl.o
#23 0.680     CC       libnetlink.o
#23 1.011     CC       mnl_utils.o
#23 1.085     AR       libnetlink.a
#23 1.087     CC       utils.o
#23 1.499     CC       utils_math.o
#23 1.539     CC       rt_names.o
#23 1.708     CC       ll_map.o
#23 1.817     CC       ll_types.o
#23 1.829 In file included from ll_types.c:20:
#23 1.829 ../include/uapi/linux/sockios.h:42: warning: "SIOCGSTAMP" redefined
#23 1.829    42 | #define SIOCGSTAMP      SIOCGSTAMP_OLD
#23 1.829       | 
#23 1.829 In file included from /usr/include/sys/ioctl.h:10,
#23 1.829                  from ll_types.c:12:
#23 1.829 /usr/include/bits/ioctl.h:111: note: this is the location of the previous definition
#23 1.829   111 | #define SIOCGSTAMP      0x8906
#23 1.829       | 
#23 1.829 ../include/uapi/linux/sockios.h:43: warning: "SIOCGSTAMPNS" redefined
#23 1.829    43 | #define SIOCGSTAMPNS    SIOCGSTAMPNS_OLD
#23 1.829       | 
#23 1.829 /usr/include/bits/ioctl.h:112: note: this is the location of the previous definition
#23 1.829   112 | #define SIOCGSTAMPNS    0x8907
#23 1.829       | 
#23 1.843     CC       ll_proto.o
#23 1.855 In file included from ll_proto.c:21:
#23 1.855 ../include/uapi/linux/sockios.h:42: warning: "SIOCGSTAMP" redefined
#23 1.855    42 | #define SIOCGSTAMP      SIOCGSTAMP_OLD
#23 1.855       | 
#23 1.855 In file included from /usr/include/sys/ioctl.h:10,
#23 1.855                  from ll_proto.c:13:
#23 1.855 /usr/include/bits/ioctl.h:111: note: this is the location of the previous definition
#23 1.855   111 | #define SIOCGSTAMP      0x8906
#23 1.855       | 
#23 1.855 ../include/uapi/linux/sockios.h:43: warning: "SIOCGSTAMPNS" redefined
#23 1.855    43 | #define SIOCGSTAMPNS    SIOCGSTAMPNS_OLD
#23 1.855       | 
#23 1.855 /usr/include/bits/ioctl.h:112: note: this is the location of the previous definition
#23 1.855   112 | #define SIOCGSTAMPNS    0x8907
#23 1.855       | 
#23 1.869     CC       ll_addr.o
#23 1.880 In file included from ll_addr.c:20:
#23 1.880 ../include/uapi/linux/sockios.h:42: warning: "SIOCGSTAMP" redefined
#23 1.880    42 | #define SIOCGSTAMP      SIOCGSTAMP_OLD
#23 1.880       | 
#23 1.880 In file included from /usr/include/sys/ioctl.h:10,
#23 1.880                  from ll_addr.c:12:
#23 1.880 /usr/include/bits/ioctl.h:111: note: this is the location of the previous definition
#23 1.880   111 | #define SIOCGSTAMP      0x8906
#23 1.880       | 
#23 1.880 ../include/uapi/linux/sockios.h:43: warning: "SIOCGSTAMPNS" redefined
#23 1.880    43 | #define SIOCGSTAMPNS    SIOCGSTAMPNS_OLD
#23 1.880       | 
#23 1.880 /usr/include/bits/ioctl.h:112: note: this is the location of the previous definition
#23 1.880   112 | #define SIOCGSTAMPNS    0x8907
#23 1.880       | 
#23 1.906     CC       inet_proto.o
#23 1.945     CC       namespace.o
#23 1.996     CC       json_writer.o
#23 2.071     CC       json_print.o
#23 2.184     CC       json_print_math.o
#23 2.213     CC       names.o
#23 2.271     CC       color.o
#23 2.310     CC       bpf_legacy.o
#23 2.684     CC       bpf_glue.o
#23 2.723     CC       exec.o
#23 2.751     CC       fs.o
#23 2.815     CC       cg_map.o
#23 2.855     CC       ppp_proto.o
#23 2.877     CC       bpf_libbpf.o
#23 2.950     CC       selinux.o
#23 2.968     CC       ax25_ntop.o
#23 2.995     CC       rose_ntop.o
#23 3.007 In file included from rose_ntop.c:16:
#23 3.007 ../include/uapi/linux/sockios.h:42: warning: "SIOCGSTAMP" redefined
#23 3.007    42 | #define SIOCGSTAMP      SIOCGSTAMP_OLD
#23 3.007       | 
#23 3.007 In file included from /usr/include/sys/ioctl.h:10,
#23 3.007                  from rose_ntop.c:7:
#23 3.007 /usr/include/bits/ioctl.h:111: note: this is the location of the previous definition
#23 3.007   111 | #define SIOCGSTAMP      0x8906
#23 3.007       | 
#23 3.007 ../include/uapi/linux/sockios.h:43: warning: "SIOCGSTAMPNS" redefined
#23 3.007    43 | #define SIOCGSTAMPNS    SIOCGSTAMPNS_OLD
#23 3.007       | 
#23 3.007 /usr/include/bits/ioctl.h:112: note: this is the location of the previous definition
#23 3.007   112 | #define SIOCGSTAMPNS    0x8907
#23 3.007       | 
#23 3.023     CC       mpls_ntop.o
#23 3.050     CC       mpls_pton.o
#23 3.077     CC       netrom_ntop.o
#23 3.097     AR       libutil.a
#23 3.102 
#23 3.102 ip
#23 3.103     CC       ip.o
#23 3.180     CC       ipaddress.o
#23 3.194 In file included from ipaddress.c:26:
#23 3.194 ../include/uapi/linux/sockios.h:42: warning: "SIOCGSTAMP" redefined
#23 3.194    42 | #define SIOCGSTAMP      SIOCGSTAMP_OLD
#23 3.194       | 
#23 3.194 In file included from /usr/include/sys/ioctl.h:10,
#23 3.194                  from ipaddress.c:14:
#23 3.194 /usr/include/bits/ioctl.h:111: note: this is the location of the previous definition
#23 3.194   111 | #define SIOCGSTAMP      0x8906
#23 3.194       | 
#23 3.194 ../include/uapi/linux/sockios.h:43: warning: "SIOCGSTAMPNS" redefined
#23 3.194    43 | #define SIOCGSTAMPNS    SIOCGSTAMPNS_OLD
#23 3.194       | 
#23 3.194 /usr/include/bits/ioctl.h:112: note: this is the location of the previous definition
#23 3.194   112 | #define SIOCGSTAMPNS    0x8907
#23 3.194       | 
#23 3.630     CC       ipaddrlabel.o
#23 3.685     CC       iproute.o
#23 4.189     CC       iprule.o
#23 4.383     CC       ipnetns.o
#23 4.568     CC       rtm_map.o
#23 4.603     CC       iptunnel.o
#23 4.615 In file included from ../include/uapi/linux/if_tunnel.h:6,
#23 4.615                  from iptunnel.c:19:
#23 4.615 ../include/uapi/linux/if.h:134: warning: "IFF_VOLATILE" redefined
#23 4.615   134 | #define IFF_VOLATILE    (IFF_LOOPBACK|IFF_POINTOPOINT|IFF_BROADCAST|IFF_ECHO|\
#23 4.615       | 
#23 4.615 In file included from iptunnel.c:16:
#23 4.615 /usr/include/net/if.h:48: note: this is the location of the previous definition
#23 4.615    48 | #define IFF_VOLATILE (IFF_LOOPBACK|IFF_POINTOPOINT|IFF_BROADCAST| \
#23 4.615       | 
#23 4.747     CC       ip6tunnel.o
#23 4.855     CC       tunnel.o
#23 4.944     CC       ipneigh.o
#23 5.092     CC       ipntable.o
#23 5.195     CC       iplink.o
#23 5.485     CC       ipmaddr.o
#23 5.498 In file included from ipmaddr.c:21:
#23 5.498 ../include/uapi/linux/sockios.h:42: warning: "SIOCGSTAMP" redefined
#23 5.498    42 | #define SIOCGSTAMP      SIOCGSTAMP_OLD
#23 5.498       | 
#23 5.498 In file included from /usr/include/sys/ioctl.h:10,
#23 5.498                  from ipmaddr.c:12:
#23 5.498 /usr/include/bits/ioctl.h:111: note: this is the location of the previous definition
#23 5.498   111 | #define SIOCGSTAMP      0x8906
#23 5.498       | 
#23 5.498 ../include/uapi/linux/sockios.h:43: warning: "SIOCGSTAMPNS" redefined
#23 5.498    43 | #define SIOCGSTAMPNS    SIOCGSTAMPNS_OLD
#23 5.498       | 
#23 5.498 /usr/include/bits/ioctl.h:112: note: this is the location of the previous definition
#23 5.498   112 | #define SIOCGSTAMPNS    0x8907
#23 5.498       | 
#23 5.574     CC       ipmonitor.o
#23 5.646     CC       ipmroute.o
#23 5.659 In file included from ipmroute.c:22:
#23 5.659 ../include/uapi/linux/sockios.h:42: warning: "SIOCGSTAMP" redefined
#23 5.659    42 | #define SIOCGSTAMP      SIOCGSTAMP_OLD
#23 5.659       | 
#23 5.659 In file included from /usr/include/sys/ioctl.h:10,
#23 5.659                  from ipmroute.c:13:
#23 5.659 /usr/include/bits/ioctl.h:111: note: this is the location of the previous definition
#23 5.659   111 | #define SIOCGSTAMP      0x8906
#23 5.659       | 
#23 5.659 ../include/uapi/linux/sockios.h:43: warning: "SIOCGSTAMPNS" redefined
#23 5.659    43 | #define SIOCGSTAMPNS    SIOCGSTAMPNS_OLD
#23 5.659       | 
#23 5.659 /usr/include/bits/ioctl.h:112: note: this is the location of the previous definition
#23 5.659   112 | #define SIOCGSTAMPNS    0x8907
#23 5.659       | 
#23 5.723     CC       ipprefix.o
#23 5.760     CC       iptuntap.o
#23 5.875     CC       iptoken.o
#23 5.928     CC       ipxfrm.o
#23 6.219     CC       xfrm_state.o
#23 6.471     CC       xfrm_policy.o
#23 6.698     CC       xfrm_monitor.o
#23 6.773     CC       iplink_dummy.o
#23 6.796     CC       iplink_ifb.o
#23 6.818     CC       iplink_nlmon.o
#23 6.839     CC       iplink_team.o
#23 6.863     CC       iplink_vcan.o
#23 6.885     CC       iplink_vxcan.o
#23 6.912     CC       iplink_vlan.o
#23 6.981     CC       link_veth.o
#23 7.008     CC       link_gre.o
#23 7.019 In file included from ../include/uapi/linux/if_tunnel.h:6,
#23 7.019                  from link_gre.c:15:
#23 7.019 ../include/uapi/linux/if.h:134: warning: "IFF_VOLATILE" redefined
#23 7.019   134 | #define IFF_VOLATILE    (IFF_LOOPBACK|IFF_POINTOPOINT|IFF_BROADCAST|IFF_ECHO|\
#23 7.019       | 
#23 7.019 In file included from link_gre.c:9:
#23 7.019 /usr/include/net/if.h:48: note: this is the location of the previous definition
#23 7.019    48 | #define IFF_VOLATILE (IFF_LOOPBACK|IFF_POINTOPOINT|IFF_BROADCAST| \
#23 7.019       | 
#23 7.128     CC       iplink_can.o
#23 7.270     CC       iplink_xdp.o
#23 7.327     CC       iplink_macvlan.o
#23 7.394     CC       ipl2tp.o
#23 7.565     CC       link_vti.o
#23 7.575 In file included from ../include/uapi/linux/if_tunnel.h:6,
#23 7.575                  from link_vti.c:16:
#23 7.575 ../include/uapi/linux/if.h:134: warning: "IFF_VOLATILE" redefined
#23 7.575   134 | #define IFF_VOLATILE    (IFF_LOOPBACK|IFF_POINTOPOINT|IFF_BROADCAST|IFF_ECHO|\
#23 7.575       | 
#23 7.575 In file included from link_vti.c:10:
#23 7.575 /usr/include/net/if.h:48: note: this is the location of the previous definition
#23 7.575    48 | #define IFF_VOLATILE (IFF_LOOPBACK|IFF_POINTOPOINT|IFF_BROADCAST| \
#23 7.575       | 
#23 7.620     CC       link_vti6.o
#23 7.632 In file included from ../include/uapi/linux/if_tunnel.h:6,
#23 7.632                  from link_vti6.c:17:
#23 7.632 ../include/uapi/linux/if.h:134: warning: "IFF_VOLATILE" redefined
#23 7.632   134 | #define IFF_VOLATILE    (IFF_LOOPBACK|IFF_POINTOPOINT|IFF_BROADCAST|IFF_ECHO|\
#23 7.632       | 
#23 7.632 In file included from link_vti6.c:11:
#23 7.632 /usr/include/net/if.h:48: note: this is the location of the previous definition
#23 7.632    48 | #define IFF_VOLATILE (IFF_LOOPBACK|IFF_POINTOPOINT|IFF_BROADCAST| \
#23 7.632       | 
#23 7.692     CC       link_xfrm.o
#23 7.727     CC       iplink_vxlan.o
#23 7.887     CC       tcp_metrics.o
#23 8.015     CC       iplink_ipoib.o
#23 8.063     CC       ipnetconf.o
#23 8.121     CC       link_ip6tnl.o
#23 8.131 In file included from ../include/uapi/linux/if_tunnel.h:6,
#23 8.131                  from link_ip6tnl.c:15:
#23 8.131 ../include/uapi/linux/if.h:134: warning: "IFF_VOLATILE" redefined
#23 8.131   134 | #define IFF_VOLATILE    (IFF_LOOPBACK|IFF_POINTOPOINT|IFF_BROADCAST|IFF_ECHO|\
#23 8.131       | 
#23 8.131 In file included from link_ip6tnl.c:9:
#23 8.131 /usr/include/net/if.h:48: note: this is the location of the previous definition
#23 8.131    48 | #define IFF_VOLATILE (IFF_LOOPBACK|IFF_POINTOPOINT|IFF_BROADCAST| \
#23 8.131       | 
#23 8.227     CC       link_iptnl.o
#23 8.239 In file included from ../include/uapi/linux/if_tunnel.h:6,
#23 8.239                  from link_iptnl.c:16:
#23 8.239 ../include/uapi/linux/if.h:134: warning: "IFF_VOLATILE" redefined
#23 8.239   134 | #define IFF_VOLATILE    (IFF_LOOPBACK|IFF_POINTOPOINT|IFF_BROADCAST|IFF_ECHO|\
#23 8.239       | 
#23 8.239 In file included from link_iptnl.c:9:
#23 8.239 /usr/include/net/if.h:48: note: this is the location of the previous definition
#23 8.239    48 | #define IFF_VOLATILE (IFF_LOOPBACK|IFF_POINTOPOINT|IFF_BROADCAST| \
#23 8.239       | 
#23 8.334     CC       link_gre6.o
#23 8.345 In file included from ../include/uapi/linux/if_tunnel.h:6,
#23 8.345                  from link_gre6.c:15:
#23 8.345 ../include/uapi/linux/if.h:134: warning: "IFF_VOLATILE" redefined
#23 8.345   134 | #define IFF_VOLATILE    (IFF_LOOPBACK|IFF_POINTOPOINT|IFF_BROADCAST|IFF_ECHO|\
#23 8.345       | 
#23 8.345 In file included from link_gre6.c:9:
#23 8.345 /usr/include/net/if.h:48: note: this is the location of the previous definition
#23 8.345    48 | #define IFF_VOLATILE (IFF_LOOPBACK|IFF_POINTOPOINT|IFF_BROADCAST| \
#23 8.345       | 
#23 8.461     CC       iplink_bond.o
#23 8.650     CC       iplink_bond_slave.o
#23 8.716     CC       iplink_hsr.o
#23 8.762     CC       iplink_bridge.o
#23 8.935     CC       iplink_bridge_slave.o
#23 9.044     CC       iplink_dsa.o
#23 9.078     CC       ipfou.o
#23 9.155     CC       iplink_ipvlan.o
#23 9.194     CC       iplink_geneve.o
#23 9.284     CC       iplink_vrf.o
#23 9.342     CC       iproute_lwtunnel.o
#23 9.743     CC       ipmacsec.o
#23 9.981     CC       ipila.o
#23 10.06     CC       ipvrf.o
#23 10.17     CC       iplink_xstats.o
#23 10.20     CC       ipseg6.o
#23 10.25     CC       iplink_netdevsim.o
#23 10.28     CC       iplink_rmnet.o
#23 10.31     CC       ipnexthop.o
#23 10.54     CC       ipmptcp.o
#23 10.66     CC       iplink_bareudp.o
#23 10.71     CC       iplink_wwan.o
#23 10.74     CC       ipioam6.o
#23 10.82     CC       iplink_amt.o
#23 10.87     CC       iplink_batadv.o
#23 10.90     CC       iplink_gtp.o
#23 10.94     CC       iplink_virt_wifi.o
#23 10.96     CC       iplink_netkit.o
#23 11.00     CC       ipstats.o
#23 11.21     LINK     ip
#23 11.24     CC       rtmon.o
#23 11.29     LINK     rtmon
#23 11.31 
#23 11.31 tc
#23 11.31     CC       tc.o
#23 11.40     CC       tc_qdisc.o
#23 11.53     CC       tc_class.o
#23 11.65     CC       tc_filter.o
#23 11.82     CC       tc_util.o
#23 12.01     CC       tc_monitor.o
#23 12.05     CC       tc_exec.o
#23 12.09     CC       m_police.o
#23 12.17     CC       m_estimator.o
#23 12.20     CC       m_action.o
#23 12.37     CC       m_ematch.o
#23 12.49     YACC     emp_ematch.tab.c
#23 12.55     CC       emp_ematch.tab.o
#23 12.66     LEX      emp_ematch.lex.c
#23 12.66     CC       emp_ematch.lex.o
#23 12.85     CC       q_fifo.o
#23 12.88     CC       q_sfq.o
#23 12.96     CC       q_red.o
#23 13.03     CC       q_prio.o
#23 13.08     CC       q_skbprio.o
#23 13.12     CC       q_tbf.o
#23 13.21     CC       q_multiq.o
#23 13.25     CC       q_netem.o
#23 13.47     CC       q_choke.o
#23 13.54     CC       q_sfb.o
#23 13.60     CC       f_u32.o
#23 13.86     CC       f_route.o
#23 13.92     CC       f_fw.o
#23 13.96     CC       f_basic.o
#23 14.02     CC       f_bpf.o
#23 14.09     CC       f_flow.o
#23 14.17     CC       f_cgroup.o
#23 14.21     CC       f_flower.o
#23 14.22 In file included from ../include/uapi/linux/netdevice.h:29,
#23 14.22                  from ../include/uapi/linux/if_arp.h:27,
#23 14.22                  from f_flower.c:14:
#23 14.22 ../include/uapi/linux/if.h:134: warning: "IFF_VOLATILE" redefined
#23 14.22   134 | #define IFF_VOLATILE    (IFF_LOOPBACK|IFF_POINTOPOINT|IFF_BROADCAST|IFF_ECHO|\
#23 14.22       | 
#23 14.22 In file included from f_flower.c:12:
#23 14.22 /usr/include/net/if.h:48: note: this is the location of the previous definition
#23 14.22    48 | #define IFF_VOLATILE (IFF_LOOPBACK|IFF_POINTOPOINT|IFF_BROADCAST| \
#23 14.22       | 
#23 14.71     CC       q_gred.o
#23 14.81     CC       q_ingress.o
#23 14.84     CC       q_hfsc.o
#23 14.93     CC       q_htb.o
#23 15.02     CC       q_drr.o
#23 15.07     CC       q_qfq.o
#23 15.10     CC       m_gact.o
#23 15.16     CC       m_mirred.o
#23 15.23     CC       m_mpls.o
#23 15.30     CC       m_nat.o
#23 15.35     CC       m_pedit.o
#23 15.48     CC       m_ife.o
#23 15.56     CC       m_skbedit.o
#23 15.62     CC       m_skbmod.o
#23 15.69     CC       m_csum.o
#23 15.75     CC       m_simple.o
#23 15.79     CC       m_vlan.o
#23 15.85     CC       m_connmark.o
#23 15.89     CC       m_ctinfo.o
#23 15.95     CC       m_bpf.o
#23 16.00     CC       m_tunnel_key.o
#23 16.11     CC       m_sample.o
#23 16.16     CC       m_ct.o
#23 16.26     CC       m_gate.o
#23 16.37     CC       p_ip.o
#23 16.41     CC       p_ip6.o
#23 16.46     CC       p_icmp.o
#23 16.49     CC       p_eth.o
#23 16.52     CC       p_tcp.o
#23 16.55     CC       p_udp.o
#23 16.58     CC       em_nbyte.o
#23 16.62     CC       em_cmp.o
#23 16.68     CC       em_u32.o
#23 16.72     CC       em_canid.o
#23 16.78     CC       em_meta.o
#23 16.89     CC       q_mqprio.o
#23 17.00     CC       q_codel.o
#23 17.05     CC       q_fq_codel.o
#23 17.13     CC       q_fq.o
#23 17.25     CC       q_pie.o
#23 17.31     CC       q_fq_pie.o
#23 17.39     CC       q_cake.o
#23 17.57     CC       q_hhf.o
#23 17.62     CC       q_clsact.o
#23 17.65     CC       e_bpf.o
#23 17.71     CC       f_matchall.o
#23 17.75     CC       q_cbs.o
#23 17.80     CC       q_etf.o
#23 17.85     CC       q_taprio.o
#23 17.97     CC       q_plug.o
#23 18.00     CC       q_ets.o
#23 18.09     CC       em_ipt.o
#23 18.11 In file included from tc_util.h:7,
#23 18.11                  from m_ematch.h:11,
#23 18.11                  from em_ipt.c:13:
#23 18.11 ../include/uapi/linux/if.h:134: warning: "IFF_VOLATILE" redefined
#23 18.11   134 | #define IFF_VOLATILE    (IFF_LOOPBACK|IFF_POINTOPOINT|IFF_BROADCAST|IFF_ECHO|\
#23 18.11       | 
#23 18.11 In file included from ../include/xtables.h:17,
#23 18.11                  from em_ipt.c:12:
#23 18.11 /usr/include/net/if.h:48: note: this is the location of the previous definition
#23 18.11    48 | #define IFF_VOLATILE (IFF_LOOPBACK|IFF_POINTOPOINT|IFF_BROADCAST| \
#23 18.11       | 
#23 18.14     CC       em_ipset.o
#23 18.15 In file included from tc_util.h:7,
#23 18.15                  from m_ematch.h:11,
#23 18.15                  from em_ipset.c:39:
#23 18.15 ../include/uapi/linux/if.h:134: warning: "IFF_VOLATILE" redefined
#23 18.15   134 | #define IFF_VOLATILE    (IFF_LOOPBACK|IFF_POINTOPOINT|IFF_BROADCAST|IFF_ECHO|\
#23 18.15       | 
#23 18.15 In file included from ../include/xtables.h:17,
#23 18.15                  from em_ipset.c:23:
#23 18.15 /usr/include/net/if.h:48: note: this is the location of the previous definition
#23 18.15    48 | #define IFF_VOLATILE (IFF_LOOPBACK|IFF_POINTOPOINT|IFF_BROADCAST| \
#23 18.15       | 
#23 18.19     CC       tc_core.o
#23 18.25     CC       tc_red.o
#23 18.31     CC       tc_estimator.o
#23 18.35     CC       tc_stab.o
#23 18.40     CC       tc_qevent.o
#23 18.46     AR       libtc.a
#23 18.46     LINK     tc
#23 18.49 rm emp_ematch.lex.c
#23 18.49 
#23 18.49 bridge
#23 18.49     CC       bridge.o
#23 18.54     CC       fdb.o
#23 18.73     CC       monitor.o
#23 18.77     CC       link.o
#23 18.93     CC       mdb.o
#23 19.12     CC       vlan.o
#23 19.14 In file included from vlan.c:14:
#23 19.14 ../include/json_print.h:80:30: warning: 'struct timeval' declared inside parameter list will not be visible outside of this definition or declaration
#23 19.14    80 | _PRINT_FUNC(tv, const struct timeval *)
#23 19.14       |                              ^~~~~~~
#23 19.14 ../include/json_print.h:50:37: note: in definition of macro '_PRINT_FUNC'
#23 19.14    50 |                                     type value);                        \
#23 19.14       |                                     ^~~~
#23 19.14 ../include/json_print.h:80:30: warning: 'struct timeval' declared inside parameter list will not be visible outside of this definition or declaration
#23 19.14    80 | _PRINT_FUNC(tv, const struct timeval *)
#23 19.14       |                              ^~~~~~~
#23 19.14 ../include/json_print.h:55:45: note: in definition of macro '_PRINT_FUNC'
#23 19.14    55 |                                             type value)                 \
#23 19.14       |                                             ^~~~
#23 19.14 ../include/json_print.h: In function 'print_tv':
#23 19.14 ../include/json_print.h:58:48: warning: passing argument 5 of 'print_color_tv' from incompatible pointer type [-Wincompatible-pointer-types]
#23 19.14    58 |                                                value);                  \
#23 19.14       |                                                ^~~~~
#23 19.14       |                                                |
#23 19.14       |                                                const struct timeval *
#23 19.14 ../include/json_print.h:80:1: note: in expansion of macro '_PRINT_FUNC'
#23 19.14    80 | _PRINT_FUNC(tv, const struct timeval *)
#23 19.14       | ^~~~~~~~~~~
#23 19.14 ../include/json_print.h:50:42: note: expected 'const struct timeval *' but argument is of type 'const struct timeval *'
#23 19.14    50 |                                     type value);                        \
#23 19.14       |                                          ^
#23 19.14 ../include/json_print.h:80:1: note: in expansion of macro '_PRINT_FUNC'
#23 19.14    80 | _PRINT_FUNC(tv, const struct timeval *)
#23 19.14       | ^~~~~~~~~~~
#23 19.37     CC       vni.o
#23 19.38 In file included from vni.c:19:
#23 19.38 ../include/json_print.h:80:30: warning: 'struct timeval' declared inside parameter list will not be visible outside of this definition or declaration
#23 19.38    80 | _PRINT_FUNC(tv, const struct timeval *)
#23 19.38       |                              ^~~~~~~
#23 19.38 ../include/json_print.h:50:37: note: in definition of macro '_PRINT_FUNC'
#23 19.38    50 |                                     type value);                        \
#23 19.38       |                                     ^~~~
#23 19.38 ../include/json_print.h:80:30: warning: 'struct timeval' declared inside parameter list will not be visible outside of this definition or declaration
#23 19.38    80 | _PRINT_FUNC(tv, const struct timeval *)
#23 19.38       |                              ^~~~~~~
#23 19.38 ../include/json_print.h:55:45: note: in definition of macro '_PRINT_FUNC'
#23 19.38    55 |                                             type value)                 \
#23 19.38       |                                             ^~~~
#23 19.38 ../include/json_print.h: In function 'print_tv':
#23 19.38 ../include/json_print.h:58:48: warning: passing argument 5 of 'print_color_tv' from incompatible pointer type [-Wincompatible-pointer-types]
#23 19.38    58 |                                                value);                  \
#23 19.38       |                                                ^~~~~
#23 19.38       |                                                |
#23 19.38       |                                                const struct timeval *
#23 19.38 ../include/json_print.h:80:1: note: in expansion of macro '_PRINT_FUNC'
#23 19.38    80 | _PRINT_FUNC(tv, const struct timeval *)
#23 19.38       | ^~~~~~~~~~~
#23 19.38 ../include/json_print.h:50:42: note: expected 'const struct timeval *' but argument is of type 'const struct timeval *'
#23 19.38    50 |                                     type value);                        \
#23 19.38       |                                          ^
#23 19.38 ../include/json_print.h:80:1: note: in expansion of macro '_PRINT_FUNC'
#23 19.38    80 | _PRINT_FUNC(tv, const struct timeval *)
#23 19.38       | ^~~~~~~~~~~
#23 19.46     LINK     bridge
#23 19.47 
#23 19.47 misc
#23 19.48     CC       ss.o
#23 19.50 In file included from ../include/uapi/linux/tipc.h:42,
#23 19.50                  from ss.c:49:
#23 19.50 ../include/uapi/linux/sockios.h:42: warning: "SIOCGSTAMP" redefined
#23 19.50    42 | #define SIOCGSTAMP      SIOCGSTAMP_OLD
#23 19.50       | 
#23 19.50 In file included from /usr/include/sys/ioctl.h:10,
#23 19.50                  from ss.c:12:
#23 19.50 /usr/include/bits/ioctl.h:111: note: this is the location of the previous definition
#23 19.50   111 | #define SIOCGSTAMP      0x8906
#23 19.50       | 
#23 19.50 ../include/uapi/linux/sockios.h:43: warning: "SIOCGSTAMPNS" redefined
#23 19.50    43 | #define SIOCGSTAMPNS    SIOCGSTAMPNS_OLD
#23 19.50       | 
#23 19.50 /usr/include/bits/ioctl.h:112: note: this is the location of the previous definition
#23 19.50   112 | #define SIOCGSTAMPNS    0x8907
#23 19.50       | 
#23 20.37     CC       ssfilter_check.o
#23 20.40     YACC     ssfilter.tab.c
#23 20.46     CC       ssfilter.tab.o
#23 20.56     LINK     ss
#23 20.58     CC       nstat
#23 20.59 In file included from nstat.c:20:
#23 20.59 /usr/include/sys/poll.h:1:2: warning: #warning redirecting incorrect #include <sys/poll.h> to <poll.h> [-Wcpp]
#23 20.59     1 | #warning redirecting incorrect #include <sys/poll.h> to <poll.h>
#23 20.59       |  ^~~~~~~
#23 20.72     CC       ifstat
#23 20.73 In file included from ifstat.c:20:
#23 20.73 /usr/include/sys/poll.h:1:2: warning: #warning redirecting incorrect #include <sys/poll.h> to <poll.h> [-Wcpp]
#23 20.73     1 | #warning redirecting incorrect #include <sys/poll.h> to <poll.h>
#23 20.73       |  ^~~~~~~
#23 20.90     CC       rtacct
#23 20.91 In file included from rtacct.c:19:
#23 20.91 /usr/include/sys/poll.h:1:2: warning: #warning redirecting incorrect #include <sys/poll.h> to <poll.h> [-Wcpp]
#23 20.91     1 | #warning redirecting incorrect #include <sys/poll.h> to <poll.h>
#23 20.91       |  ^~~~~~~
#23 21.05     CC       lnstat.o
#23 21.11     CC       lnstat_util.o
#23 21.17     LINK     lnstat
#23 21.18 
#23 21.18 netem
#23 21.18 gcc  -I../include -o maketable maketable.c -lm
#23 21.22 gcc  -I../include -o normal normal.c -lm
#23 21.24 gcc  -I../include -o pareto pareto.c -lm
#23 21.27 gcc  -I../include -o paretonormal paretonormal.c -lm
#23 21.29 ./normal > normal.dist
#23 21.30 ./pareto > pareto.dist
#23 21.30 ./paretonormal > paretonormal.dist
#23 21.31 ./maketable experimental.dat > experimental.dist
#23 21.32 
#23 21.32 genl
#23 21.32     CC       genl.o
#23 21.37     CC       ctrl.o
#23 21.44     LINK     genl
#23 21.46 
#23 21.46 man
#23 21.46 make[2]: Nothing to be done for 'all'.
#23 21.46 make[2]: Nothing to be done for 'all'.
#23 21.46 sed \
#23 21.46 	-e "s|@NETNS_ETC_DIR@|/etc/netns|g" \
#23 21.46 	-e "s|@NETNS_RUN_DIR@|/var/run/netns|g" \
#23 21.46 	-e "s|@SYSCONF_ETC_DIR@|/etc/iproute2|g" \
#23 21.46 	-e "s|@SYSCONF_USR_DIR@|/usr/share/iproute2|g" \
#23 21.46 	ip-address.8.in > ip-address.8
#23 21.46 sed \
#23 21.46 	-e "s|@NETNS_ETC_DIR@|/etc/netns|g" \
#23 21.46 	-e "s|@NETNS_RUN_DIR@|/var/run/netns|g" \
#23 21.46 	-e "s|@SYSCONF_ETC_DIR@|/etc/iproute2|g" \
#23 21.46 	-e "s|@SYSCONF_USR_DIR@|/usr/share/iproute2|g" \
#23 21.46 	ip-link.8.in > ip-link.8
#23 21.47 sed \
#23 21.47 	-e "s|@NETNS_ETC_DIR@|/etc/netns|g" \
#23 21.47 	-e "s|@NETNS_RUN_DIR@|/var/run/netns|g" \
#23 21.47 	-e "s|@SYSCONF_ETC_DIR@|/etc/iproute2|g" \
#23 21.47 	-e "s|@SYSCONF_USR_DIR@|/usr/share/iproute2|g" \
#23 21.47 	ip-netns.8.in > ip-netns.8
#23 21.47 sed \
#23 21.47 	-e "s|@NETNS_ETC_DIR@|/etc/netns|g" \
#23 21.47 	-e "s|@NETNS_RUN_DIR@|/var/run/netns|g" \
#23 21.47 	-e "s|@SYSCONF_ETC_DIR@|/etc/iproute2|g" \
#23 21.47 	-e "s|@SYSCONF_USR_DIR@|/usr/share/iproute2|g" \
#23 21.47 	ip-route.8.in > ip-route.8
#23 21.48 
#23 21.48 tipc
#23 21.48     CC       bearer.o
#23 21.66     CC       cmdl.o
#23 21.70     CC       link.o
#23 21.90     CC       media.o
#23 21.95     CC       misc.o
#23 22.01     CC       msg.o
#23 22.03     CC       nametable.o
#23 22.07     CC       node.o
#23 22.15     CC       socket.o
#23 22.19     CC       peer.o
#23 22.22     CC       tipc.o
#23 22.26     LINK     tipc
#23 22.27 
#23 22.27 devlink
#23 22.27     CC       devlink.o
#23 23.95     CC       mnlg.o
#23 23.99     LINK     devlink
#23 24.01 
#23 24.01 rdma
#23 24.01     CC       rdma.o
#23 24.03 rdma.c: In function 'main':
#23 24.03 rdma.c:110:20: warning: implicit declaration of function 'basename'; did you mean 'rename'? [-Wimplicit-function-declaration]
#23 24.03   110 |         filename = basename(argv[0]);
#23 24.03       |                    ^~~~~~~~
#23 24.03       |                    rename
#23 24.03 rdma.c:110:18: warning: assignment to 'char *' from 'int' makes pointer from integer without a cast [-Wint-conversion]
#23 24.03   110 |         filename = basename(argv[0]);
#23 24.03       |                  ^
#23 24.06     CC       utils.o
#23 24.23     CC       dev.o
#23 24.31     CC       link.o
#23 24.38     CC       res.o
#23 24.49     CC       res-pd.o
#23 24.53     CC       res-mr.o
#23 24.58     CC       res-cq.o
#23 24.63     CC       res-cmid.o
#23 24.69     CC       res-qp.o
#23 24.74     CC       sys.o
#23 24.80     CC       stat.o
#23 25.01     CC       stat-mr.o
#23 25.05     CC       res-ctx.o
#23 25.09     CC       res-srq.o
#23 25.15     LINK     rdma
#23 25.17 
#23 25.17 dcb
#23 25.17     CC       dcb.o
#23 25.31     CC       dcb_app.o
#23 25.50     CC       dcb_buffer.o
#23 25.56     CC       dcb_dcbx.o
#23 25.61     CC       dcb_ets.o
#23 25.71     CC       dcb_maxrate.o
#23 25.77     CC       dcb_pfc.o
#23 25.83     CC       dcb_apptrust.o
#23 25.89     CC       dcb_rewr.o
#23 25.97     LINK     dcb
#23 25.98 
#23 25.98 vdpa
#23 25.98     CC       vdpa.o
#23 26.00 In file included from vdpa.c:19:
#23 26.00 ../include/json_print.h:80:30: warning: 'struct timeval' declared inside parameter list will not be visible outside of this definition or declaration
#23 26.00    80 | _PRINT_FUNC(tv, const struct timeval *)
#23 26.00       |                              ^~~~~~~
#23 26.00 ../include/json_print.h:50:37: note: in definition of macro '_PRINT_FUNC'
#23 26.00    50 |                                     type value);                        \
#23 26.00       |                                     ^~~~
#23 26.00 ../include/json_print.h:80:30: warning: 'struct timeval' declared inside parameter list will not be visible outside of this definition or declaration
#23 26.00    80 | _PRINT_FUNC(tv, const struct timeval *)
#23 26.00       |                              ^~~~~~~
#23 26.00 ../include/json_print.h:55:45: note: in definition of macro '_PRINT_FUNC'
#23 26.00    55 |                                             type value)                 \
#23 26.00       |                                             ^~~~
#23 26.00 ../include/json_print.h: In function 'print_tv':
#23 26.00 ../include/json_print.h:58:48: warning: passing argument 5 of 'print_color_tv' from incompatible pointer type [-Wincompatible-pointer-types]
#23 26.00    58 |                                                value);                  \
#23 26.00       |                                                ^~~~~
#23 26.00       |                                                |
#23 26.00       |                                                const struct timeval *
#23 26.00 ../include/json_print.h:80:1: note: in expansion of macro '_PRINT_FUNC'
#23 26.00    80 | _PRINT_FUNC(tv, const struct timeval *)
#23 26.00       | ^~~~~~~~~~~
#23 26.00 ../include/json_print.h:50:42: note: expected 'const struct timeval *' but argument is of type 'const struct timeval *'
#23 26.00    50 |                                     type value);                        \
#23 26.00       |                                          ^
#23 26.00 ../include/json_print.h:80:1: note: in expansion of macro '_PRINT_FUNC'
#23 26.00    80 | _PRINT_FUNC(tv, const struct timeval *)
#23 26.00       | ^~~~~~~~~~~
#23 26.13     LINK     vdpa
#23 DONE 26.2s

#24 [20/22] RUN git clone --no-single-branch --depth=1 https://github.com/linux-netdev/testing.git /nipa-data/kernel
#24 0.355 Cloning into '/nipa-data/kernel'...
#24 18.28 Updating files:  17% (14638/83283)Updating files:  18% (14991/83283)Updating files:  19% (15824/83283)Updating files:  20% (16657/83283)Updating files:  21% (17490/83283)Updating files:  22% (18323/83283)Updating files:  23% (19156/83283)Updating files:  24% (19988/83283)Updating files:  25% (20821/83283)Updating files:  26% (21654/83283)Updating files:  27% (22487/83283)Updating files:  28% (23320/83283)Updating files:  29% (24153/83283)Updating files:  30% (24985/83283)Updating files:  31% (25818/83283)Updating files:  32% (26651/83283)Updating files:  33% (27484/83283)Updating files:  34% (28317/83283)Updating files:  35% (29150/83283)Updating files:  35% (29650/83283)Updating files:  36% (29982/83283)Updating files:  37% (30815/83283)Updating files:  38% (31648/83283)Updating files:  39% (32481/83283)Updating files:  40% (33314/83283)Updating files:  40% (33619/83283)Updating files:  41% (34147/83283)Updating files:  42% (34979/83283)Updating files:  43% (35812/83283)Updating files:  44% (36645/83283)Updating files:  45% (37478/83283)Updating files:  46% (38311/83283)Updating files:  47% (39144/83283)Updating files:  48% (39976/83283)Updating files:  49% (40809/83283)Updating files:  50% (41642/83283)Updating files:  51% (42475/83283)Updating files:  52% (43308/83283)Updating files:  52% (44029/83283)Updating files:  53% (44140/83283)Updating files:  54% (44973/83283)Updating files:  55% (45806/83283)Updating files:  56% (46639/83283)Updating files:  57% (47472/83283)Updating files:  58% (48305/83283)Updating files:  59% (49137/83283)Updating files:  60% (49970/83283)Updating files:  61% (50803/83283)Updating files:  62% (51636/83283)Updating files:  63% (52469/83283)Updating files:  64% (53302/83283)Updating files:  65% (54134/83283)Updating files:  66% (54967/83283)Updating files:  66% (55681/83283)Updating files:  67% (55800/83283)Updating files:  68% (56633/83283)Updating files:  69% (57466/83283)Updating files:  70% (58299/83283)Updating files:  71% (59131/83283)Updating files:  72% (59964/83283)Updating files:  73% (60797/83283)Updating files:  74% (61630/83283)Updating files:  75% (62463/83283)Updating files:  76% (63296/83283)Updating files:  77% (64128/83283)Updating files:  78% (64961/83283)Updating files:  79% (65794/83283)Updating files:  80% (66627/83283)Updating files:  81% (67460/83283)Updating files:  82% (68293/83283)Updating files:  83% (69125/83283)Updating files:  84% (69958/83283)Updating files:  84% (70304/83283)Updating files:  85% (70791/83283)Updating files:  86% (71624/83283)Updating files:  87% (72457/83283)Updating files:  88% (73290/83283)Updating files:  89% (74122/83283)Updating files:  90% (74955/83283)Updating files:  91% (75788/83283)Updating files:  92% (76621/83283)Updating files:  93% (77454/83283)Updating files:  94% (78287/83283)Updating files:  95% (79119/83283)Updating files:  96% (79952/83283)Updating files:  97% (80785/83283)Updating files:  98% (81618/83283)Updating files:  99% (82451/83283)Updating files: 100% (83283/83283)Updating files: 100% (83283/83283), done.
#24 DONE 26.4s

#25 [21/22] RUN git clone --depth=1 -b main https://github.com/p4tc-dev/new-nipa.git nipa
#25 0.927 Cloning into 'nipa'...
#25 DONE 2.0s

#26 [22/22] COPY entrypoint.sh /entrypoint.sh
#26 DONE 0.5s

#27 exporting to image
#27 exporting layers
#27 exporting layers 7.6s done
#27 writing image sha256:d34a4cfe1635f2daefd0553ebcb458296116fd4aefd734ef2df2b19c6505585f 0.0s done
#27 naming to docker.io/library/nipa-executor
#27 naming to docker.io/library/nipa-executor 0.1s done
#27 DONE 7.6s
NIPA version: 1b9c21a (ui: set canvas background color to stand out, 2024-03-28)
INFO: Last run date: 2024-04-22 00:00:13.042994+00:00
Testing  {'branch': 'net-next-2024-04-22--03-00', 'date': '2024-04-22T03:00:12.664406+00:00', 'base': 'c84646910d55f0cac321bec6106be47ad75edf2c', 'url': 'https://github.com/linux-netdev/testing.git net-next-2024-04-22--03-00'}
Updating files:  46% (6992/14914)Updating files:  47% (7010/14914)Updating files:  48% (7159/14914)Updating files:  49% (7308/14914)Updating files:  50% (7457/14914)Updating files:  51% (7607/14914)Updating files:  52% (7756/14914)Updating files:  53% (7905/14914)Updating files:  54% (8054/14914)Updating files:  55% (8203/14914)Updating files:  56% (8352/14914)Updating files:  57% (8501/14914)Updating files:  58% (8651/14914)Updating files:  59% (8800/14914)Updating files:  60% (8949/14914)Updating files:  61% (9098/14914)Updating files:  62% (9247/14914)Updating files:  63% (9396/14914)Updating files:  64% (9545/14914)Updating files:  65% (9695/14914)Updating files:  66% (9844/14914)Updating files:  67% (9993/14914)Updating files:  68% (10142/14914)Updating files:  69% (10291/14914)Updating files:  70% (10440/14914)Updating files:  71% (10589/14914)Updating files:  72% (10739/14914)Updating files:  73% (10888/14914)Updating files:  74% (11037/14914)Updating files:  75% (11186/14914)Updating files:  76% (11335/14914)Updating files:  77% (11484/14914)Updating files:  78% (11633/14914)Updating files:  79% (11783/14914)Updating files:  80% (11932/14914)Updating files:  81% (12081/14914)Updating files:  82% (12230/14914)Updating files:  83% (12379/14914)Updating files:  84% (12528/14914)Updating files:  85% (12677/14914)Updating files:  86% (12827/14914)Updating files:  87% (12976/14914)Updating files:  88% (13125/14914)Updating files:  89% (13274/14914)Updating files:  90% (13423/14914)Updating files:  91% (13572/14914)Updating files:  91% (13591/14914)Updating files:  92% (13721/14914)Updating files:  93% (13871/14914)Updating files:  94% (14020/14914)Updating files:  95% (14169/14914)Updating files:  96% (14318/14914)Updating files:  97% (14467/14914)Updating files:  98% (14616/14914)Updating files:  99% (14765/14914)Updating files: 100% (14914/14914)Updating files: 100% (14914/14914), done.
branch 'net-next-2024-04-22--03-00' set up to track 'origin/net-next-2024-04-22--03-00'.
Switched to a new branch 'net-next-2024-04-22--03-00'
error: No valid patches in input (allow with "--allow-empty")
Checking patch tools/testing/selftests/tc-testing/tdc_config.py...
Applied patch tools/testing/selftests/tc-testing/tdc_config.py cleanly.
Run at 2024-04-22 03:03:32.414489
INFO: building kernel
INFO: starting VM 0
INFO: thr0-0 VM starting: vng -v -r arch/x86/boot/bzImage --user root --rwdir=/nipa-data/kernel/
INFO: thr0-0 expecting prompt: '/nipa-data/kernel# '
INFO: thr0-0 reached initial prompt
INFO: thr-0 testing == tdc.sh
INFO: thr-0 tdc.sh >> retcode: 0 result: pass found {'fail': False, 'skip': False, 'pass': True}
INFO: thr-0 has no more work, exiting
INFO: thr0-0 VM stopped
Done at 2024-04-22 03:07:02.635724
NIPA quitting!
/
~/nipa/tc-executor/tc-executor-storage /
sort: write failed: 'standard output': Broken pipe
sort: write error
