~/nipa/tc-executor/tc-executor-storage /
Switched to branch 'storage'
Your branch is ahead of 'origin/storage' by 286 commits.
  (use "git push" to publish your local commits)
/
~/nipa/tc-executor /
Error response from daemon: No such image: nipa-executor:latest
#0 building with "default" instance using docker driver

#1 [internal] load .dockerignore
#1 transferring context: 2B done
#1 DONE 0.0s

#2 [internal] load build definition from Dockerfile
#2 transferring dockerfile: 2.03kB done
#2 DONE 0.0s

#3 [internal] load metadata for docker.io/library/alpine:edge
#3 DONE 0.0s

#4 [ 1/22] FROM docker.io/library/alpine:edge
#4 CACHED

#5 [internal] load build context
#5 transferring context: 3.02kB done
#5 DONE 0.0s

#6 [ 2/22] RUN echo false > debug-mode
#6 DONE 0.5s

#7 [ 3/22] RUN addgroup -g 1001 hostuser
#7 DONE 0.4s

#8 [ 4/22] RUN adduser -u 1001 -G hostuser -H -D -s /bin/ash hostuser
#8 DONE 0.4s

#9 [ 5/22] RUN echo '@testing http://dl-cdn.alpinelinux.org/alpine/edge/testing' >> /etc/apk/repositories
#9 DONE 0.4s

#10 [ 6/22] RUN echo '@community http://dl-cdn.alpinelinux.org/alpine/edge/community' >> /etc/apk/repositories
#10 DONE 0.4s

#11 [ 7/22] RUN apk update && apk add --no-cache    virtme-ng@testing    git    py3-requests    py3-psutil    py3-setuptools    py3-pyroute2    py3-argcomplete    qemu-system-x86_64@community    scapy@community    make    gcc    musl-dev    flex    bison    linux-headers    elfutils-dev    util-linux    coreutils    diffutils    findutils    file    bash    kmod    perl    iptables-dev    libcap-dev    libmnl-dev    iproute2     jq    libbpf-dev    rsync
#11 0.370 fetch https://dl-cdn.alpinelinux.org/alpine/edge/main/x86_64/APKINDEX.tar.gz
#11 0.964 fetch https://dl-cdn.alpinelinux.org/alpine/edge/community/x86_64/APKINDEX.tar.gz
#11 1.387 fetch http://dl-cdn.alpinelinux.org/alpine/edge/testing/x86_64/APKINDEX.tar.gz
#11 1.540 fetch http://dl-cdn.alpinelinux.org/alpine/edge/community/x86_64/APKINDEX.tar.gz
#11 1.757 v20240315-412-g191660208e8 [https://dl-cdn.alpinelinux.org/alpine/edge/main]
#11 1.757 v20240315-414-g62001363ea7 [https://dl-cdn.alpinelinux.org/alpine/edge/community]
#11 1.757 v20240315-411-ga93daeb61be [http://dl-cdn.alpinelinux.org/alpine/edge/testing]
#11 1.757 v20240315-414-g62001363ea7 [http://dl-cdn.alpinelinux.org/alpine/edge/community]
#11 1.757 OK: 30732 distinct packages available
#11 1.815 fetch https://dl-cdn.alpinelinux.org/alpine/edge/main/x86_64/APKINDEX.tar.gz
#11 1.899 fetch https://dl-cdn.alpinelinux.org/alpine/edge/community/x86_64/APKINDEX.tar.gz
#11 2.008 fetch http://dl-cdn.alpinelinux.org/alpine/edge/testing/x86_64/APKINDEX.tar.gz
#11 2.071 fetch http://dl-cdn.alpinelinux.org/alpine/edge/community/x86_64/APKINDEX.tar.gz
#11 2.251 (1/173) Upgrading musl (1.2.4_git20230717-r5 -> 1.2.5-r0)
#11 2.265 (2/173) Upgrading zlib (1.3-r2 -> 1.3.1-r0)
#11 2.272 (3/173) Installing ncurses-terminfo-base (6.4_p20240309-r0)
#11 2.281 (4/173) Installing libncursesw (6.4_p20240309-r0)
#11 2.291 (5/173) Installing readline (8.2.10-r0)
#11 2.308 (6/173) Installing bash (5.2.26-r0)
#11 2.329 Executing bash-5.2.26-r0.post-install
#11 2.332 (7/173) Installing m4 (1.4.19-r3)
#11 2.343 (8/173) Installing bison (3.8.2-r1)
#11 2.361 (9/173) Installing coreutils-env (9.4-r2)
#11 2.368 (10/173) Installing coreutils-fmt (9.4-r2)
#11 2.375 (11/173) Installing coreutils-sha512sum (9.4-r2)
#11 2.381 (12/173) Installing libacl (2.3.2-r0)
#11 2.393 (13/173) Installing libattr (2.5.2-r0)
#11 2.402 (14/173) Installing skalibs (2.14.1.1-r0)
#11 2.410 (15/173) Installing utmps-libs (0.1.2.2-r0)
#11 2.418 (16/173) Installing coreutils (9.4-r2)
#11 2.437 (17/173) Installing diffutils (3.10-r0)
#11 2.447 (18/173) Installing zstd-libs (1.5.5-r9)
#11 2.465 (19/173) Installing libelf (0.191-r0)
#11 2.472 (20/173) Installing libbz2 (1.0.8-r6)
#11 2.479 (21/173) Installing musl-fts (1.2.7-r6)
#11 2.488 (22/173) Installing xz-libs (5.6.1-r1)
#11 2.497 (23/173) Installing libdw (0.191-r0)
#11 2.509 (24/173) Installing libasm (0.191-r0)
#11 2.516 (25/173) Installing xz (5.6.1-r1)
#11 2.525 (26/173) Installing pkgconf (2.1.1-r0)
#11 2.533 (27/173) Installing xz-dev (5.6.1-r1)
#11 2.543 (28/173) Installing libgcc (13.2.1_git20240309-r0)
#11 2.551 (29/173) Installing libstdc++ (13.2.1_git20240309-r0)
#11 2.572 (30/173) Installing zstd (1.5.5-r9)
#11 2.581 (31/173) Installing zstd-dev (1.5.5-r9)
#11 2.589 (32/173) Installing zlib-dev (1.3.1-r0)
#11 2.598 (33/173) Installing elfutils-dev (0.191-r0)
#11 2.613 (34/173) Installing libmagic (5.45-r1)
#11 2.648 (35/173) Installing file (5.45-r1)
#11 2.663 (36/173) Installing findutils (4.9.0-r5)
#11 2.675 (37/173) Installing flex (2.6.4-r6)
#11 2.684 (38/173) Installing jansson (2.14-r4)
#11 2.705 (39/173) Installing binutils (2.42-r0)
#11 2.900 (40/173) Installing libgomp (13.2.1_git20240309-r0)
#11 2.909 (41/173) Installing libatomic (13.2.1_git20240309-r0)
#11 2.916 (42/173) Installing gmp (6.3.0-r0)
#11 2.928 (43/173) Installing isl26 (0.26-r1)
#11 2.949 (44/173) Installing mpfr4 (4.2.1-r0)
#11 2.977 (45/173) Installing mpc1 (1.3.1-r1)
#11 2.989 (46/173) Installing gcc (13.2.1_git20240309-r0)
#11 4.607 (47/173) Installing ca-certificates (20240226-r0)
#11 4.630 (48/173) Installing brotli-libs (1.1.0-r1)
#11 4.648 (49/173) Installing c-ares (1.26.0-r0)
#11 4.656 (50/173) Installing libunistring (1.2-r0)
#11 4.672 (51/173) Installing libidn2 (2.3.7-r0)
#11 4.688 (52/173) Installing nghttp2-libs (1.59.0-r0)
#11 4.698 (53/173) Installing libpsl (0.21.5-r1)
#11 4.710 (54/173) Installing libcurl (8.6.0-r0)
#11 4.721 (55/173) Installing libexpat (2.6.2-r0)
#11 4.734 (56/173) Installing pcre2 (10.43-r0)
#11 4.746 (57/173) Installing git (2.44.0-r0)
#11 4.790 (58/173) Installing git-init-template (2.44.0-r0)
#11 4.798 (59/173) Installing libcap2 (2.69-r1)
#11 4.805 (60/173) Installing libmnl (1.0.5-r2)
#11 4.814 (61/173) Installing iproute2-minimal (6.8.0-r0)
#11 4.832 (62/173) Installing libxtables (1.8.10-r3)
#11 4.843 (63/173) Installing iproute2-tc (6.8.0-r0)
#11 4.868 (64/173) Installing iproute2-ss (6.8.0-r0)
#11 4.878 (65/173) Installing iproute2 (6.8.0-r0)
#11 4.889 Executing iproute2-6.8.0-r0.post-install
#11 4.894 (66/173) Installing linux-headers (6.6-r0)
#11 4.980 (67/173) Installing libip4tc (1.8.10-r3)
#11 4.987 (68/173) Installing libip6tc (1.8.10-r3)
#11 4.993 (69/173) Installing libipq (1.8.10-r3)
#11 5.017 (70/173) Installing iptables-dev (1.8.10-r3)
#11 5.025 (71/173) Installing oniguruma (6.9.9-r0)
#11 5.052 (72/173) Installing jq (1.7.1-r0)
#11 5.068 (73/173) Installing kmod (31-r4)
#11 5.077 (74/173) Installing libbpf (1.3.0-r0)
#11 5.091 (75/173) Installing libbpf-dev (1.3.0-r0)
#11 5.107 (76/173) Installing libcap-dev (2.69-r1)
#11 5.115 (77/173) Installing libmnl-dev (1.0.5-r2)
#11 5.121 (78/173) Installing make (4.4.1-r2)
#11 5.130 (79/173) Installing musl-dev (1.2.5-r0)
#11 5.264 (80/173) Installing perl (5.38.2-r0)
#11 5.465 (81/173) Installing perl-error (0.17029-r2)
#11 5.472 (82/173) Installing perl-git (2.44.0-r0)
#11 5.479 (83/173) Installing git-perl (2.44.0-r0)
#11 5.486 (84/173) Installing libffi (3.4.6-r0)
#11 5.494 (85/173) Installing gdbm (1.23-r1)
#11 5.500 (86/173) Installing mpdecimal (4.0.0-r0)
#11 5.518 (87/173) Installing libpanelw (6.4_p20240309-r0)
#11 5.524 (88/173) Installing sqlite-libs (3.45.2-r0)
#11 5.541 (89/173) Installing python3 (3.11.8-r0)
#11 6.060 (90/173) Installing python3-pycache-pyc0 (3.11.8-r0)
#11 6.165 (91/173) Installing pyc (3.11.8-r0)
#11 6.172 (92/173) Installing py3-argcomplete-pyc (3.2.3-r0)
#11 6.180 (93/173) Installing python3-pyc (3.11.8-r0)
#11 6.190 (94/173) Installing py3-argcomplete (3.2.3-r0)
#11 6.199 (95/173) Installing py3-psutil (5.9.8-r0)
#11 6.211 (96/173) Installing py3-psutil-pyc (5.9.8-r0)
#11 6.230 (97/173) Installing py3-pyroute2 (0.7.12-r0)
#11 6.254 (98/173) Installing py3-pyroute2-pyc (0.7.12-r0)
#11 6.284 (99/173) Installing py3-certifi (2024.2.2-r0)
#11 6.302 (100/173) Installing py3-certifi-pyc (2024.2.2-r0)
#11 6.309 (101/173) Installing py3-charset-normalizer (3.3.2-r0)
#11 6.318 (102/173) Installing py3-charset-normalizer-pyc (3.3.2-r0)
#11 6.326 (103/173) Installing py3-idna (3.6-r0)
#11 6.335 (104/173) Installing py3-idna-pyc (3.6-r0)
#11 6.343 (105/173) Installing py3-urllib3 (1.26.18-r0)
#11 6.376 (106/173) Installing py3-urllib3-pyc (1.26.18-r0)
#11 6.388 (107/173) Installing py3-requests (2.31.0-r1)
#11 6.396 (108/173) Installing py3-requests-pyc (2.31.0-r1)
#11 6.406 (109/173) Installing py3-parsing (3.1.2-r0)
#11 6.423 (110/173) Installing py3-parsing-pyc (3.1.2-r0)
#11 6.440 (111/173) Installing py3-packaging (24.0-r0)
#11 6.449 (112/173) Installing py3-packaging-pyc (24.0-r0)
#11 6.457 (113/173) Installing py3-setuptools (69.2.0-r0)
#11 6.494 (114/173) Installing py3-setuptools-pyc (69.2.0-r0)
#11 6.532 (115/173) Installing libcap-ng (0.8.4-r0)
#11 6.543 (116/173) Installing libintl (0.22.4-r0)
#11 6.554 (117/173) Installing libblkid (2.39.3-r0)
#11 6.568 (118/173) Installing libmount (2.39.3-r0)
#11 6.582 (119/173) Installing glib (2.78.4-r0)
#11 6.812 (120/173) Installing numactl (2.0.18-r0)
#11 6.850 (121/173) Installing qemu (8.2.1-r0)
#11 7.001 Executing qemu-8.2.1-r0.pre-install
#11 7.821 Executing qemu-8.2.1-r0.post-install
#11 7.824 *
#11 7.824 * If you want to run VM as unprivileged user and let Qemu create tunX devices,
#11 7.824 * then you must add that user to the group "qemu".
#11 7.824 * If you use KVM for hardware-assisted virtualization, then you may also need
#11 7.824 * to add that user to the group "kvm".
#11 7.824 *
#11 7.825 (122/173) Installing qemu-bridge-helper (8.2.1-r0)
#11 7.862 (123/173) Installing libaio (0.3.113-r2)
#11 7.867 (124/173) Installing capstone (5.0.1-r3)
#11 7.961 (125/173) Installing nettle (3.9.1-r0)
#11 7.990 (126/173) Installing libtasn1 (4.19.0-r2)
#11 7.998 (127/173) Installing p11-kit (0.25.3-r0)
#11 8.037 (128/173) Installing gnutls (3.8.3-r0)
#11 8.098 (129/173) Installing libjpeg-turbo (3.0.2-r0)
#11 8.120 (130/173) Installing lzo (2.10-r5)
#11 8.131 (131/173) Installing pixman (0.43.2-r0)
#11 8.152 (132/173) Installing libpng (1.6.43-r0)
#11 8.167 (133/173) Installing libsasl (2.1.28-r6)
#11 8.176 (134/173) Installing libseccomp (2.5.5-r0)
#11 8.184 (135/173) Installing libslirp (4.7.0-r0)
#11 8.193 (136/173) Installing snappy (1.1.10-r2)
#11 8.201 (137/173) Installing liburing (2.5-r1)
#11 8.207 (138/173) Installing vde2-libs (2.3.3-r1)
#11 8.215 (139/173) Installing qemu-system-x86_64 (8.2.1-r0)
#11 8.621 (140/173) Installing lz4-libs (1.9.4-r5)
#11 8.630 (141/173) Installing popt (1.19-r3)
#11 8.637 (142/173) Installing libxxhash (0.8.2-r2)
#11 8.656 (143/173) Installing rsync (3.2.7-r4)
#11 8.669 (144/173) Installing scapy (2.5.0-r1)
#11 9.084 Executing scapy-2.5.0-r1.post-install
#11 9.087 *
#11 9.087 * Certain optional features of scapy also depend on the following packages:
#11 9.087 *     py3-matplotlib graphviz imagemagick py3-cryptography sox
#11 9.087 * And the following unpackaged dependencies:
#11 9.087 *     pyxi vpython-jupyter nmap<v4.23
#11 9.087 * More information can be found at https://scapy.readthedocs.io/en/latest/installation.html#optional-dependencies
#11 9.087 *
#11 9.087 (145/173) Installing scapy-pyc (2.5.0-r1)
#11 9.208 (146/173) Installing util-linux (2.39.3-r0)
#11 9.213 (147/173) Installing setarch (2.39.3-r0)
#11 9.220 (148/173) Installing libuuid (2.39.3-r0)
#11 9.226 (149/173) Installing libfdisk (2.39.3-r0)
#11 9.236 (150/173) Installing libsmartcols (2.39.3-r0)
#11 9.244 (151/173) Installing util-linux-misc (2.39.3-r0)
#11 9.278 (152/173) Installing libeconf (0.6.2-r0)
#11 9.291 (153/173) Installing linux-pam (1.5.3-r8)
#11 9.306 (154/173) Installing runuser (2.39.3-r0)
#11 9.312 (155/173) Installing mount (2.39.3-r0)
#11 9.319 (156/173) Installing losetup (2.39.3-r0)
#11 9.326 (157/173) Installing hexdump (2.39.3-r0)
#11 9.333 (158/173) Installing uuidgen (2.39.3-r0)
#11 9.339 (159/173) Installing blkid (2.39.3-r0)
#11 9.346 (160/173) Installing sfdisk (2.39.3-r0)
#11 9.357 (161/173) Installing mcookie (2.39.3-r0)
#11 9.365 (162/173) Installing agetty (2.39.3-r0)
#11 9.374 (163/173) Installing wipefs (2.39.3-r0)
#11 9.386 (164/173) Installing cfdisk (2.39.3-r0)
#11 9.392 (165/173) Installing umount (2.39.3-r0)
#11 9.608 (166/173) Installing flock (2.39.3-r0)
#11 9.615 (167/173) Installing lsblk (2.39.3-r0)
#11 9.622 (168/173) Installing setpriv (2.39.3-r0)
#11 9.629 (169/173) Installing logger (2.39.3-r0)
#11 9.671 (170/173) Installing partx (2.39.3-r0)
#11 9.691 (171/173) Installing fstrim (2.39.3-r0)
#11 9.697 (172/173) Installing findmnt (2.39.3-r0)
#11 9.705 (173/173) Installing virtme-ng@testing (1.22-r0)
#11 9.737 Executing busybox-1.36.1-r17.trigger
#11 9.740 Executing ca-certificates-20240226-r0.trigger
#11 9.763 Executing glib-2.78.4-r0.trigger
#11 9.769 OK: 381 MiB in 186 packages
#11 DONE 10.1s

#12 [ 8/22] RUN mkdir -p /tmp/kernel-patches &&     mkdir -p /tmp/iproute2-patches
#12 DONE 0.4s

#13 [ 9/22] COPY tdc.config /tmp
#13 DONE 0.0s

#14 [10/22] COPY tdc-debug.config /tmp
#14 DONE 0.1s

#15 [11/22] COPY kernel-patches /tmp/kernel-patches/
#15 DONE 0.0s

#16 [12/22] COPY iproute2-patches /tmp/iproute2-patches/
#16 DONE 0.0s

#17 [13/22] COPY configs /tmp/configs/
#17 DONE 0.0s

#18 [14/22] RUN git config --global user.email foo@bar.com
#18 DONE 0.3s

#19 [15/22] RUN git config --global user.name foo@bar.com
#19 DONE 0.4s

#20 [16/22] RUN git clone https://git.kernel.org/pub/scm/network/iproute2/iproute2-next.git /nipa-data/iproute2
#20 0.420 Cloning into '/nipa-data/iproute2'...
#20 DONE 17.4s

#21 [17/22] RUN cd /nipa-data/iproute2 && 	git remote add stable https://git.kernel.org/pub/scm/network/iproute2/iproute2.git && 	git fetch --all && 	git merge stable/main
#21 0.386 Fetching origin
#21 0.728 Fetching stable
#21 1.698 From https://git.kernel.org/pub/scm/network/iproute2/iproute2
#21 1.698  * [new branch]        codeql         -> stable/codeql
#21 1.698  * [new branch]        iproute2-4.1.x -> stable/iproute2-4.1.x
#21 1.698  * [new branch]        main           -> stable/main
#21 1.705  * [new tag]           v6.8.0         -> v6.8.0
#21 1.760 Merge made by the 'ort' strategy.
#21 1.779  README               | 13 ++++++++
#21 1.779  include/version.h    |  2 +-
#21 1.779  ip/iptuntap.c        |  5 ++-
#21 1.779  lib/rt_names.c       | 43 +++++++++++++-------------
#21 1.779  man/man8/ip.8        | 33 ++++++++++++++++++--
#21 1.779  man/man8/tc-mirred.8 |  2 +-
#21 1.779  man/man8/tc-simple.8 | 12 ++++----
#21 1.779  misc/ifstat.c        |  6 ++--
#21 1.779  misc/ss.c            | 17 ++++++++++-
#21 1.779  tc/e_bpf.c           |  2 +-
#21 1.779  tc/f_basic.c         |  4 +--
#21 1.779  tc/f_bpf.c           |  4 +--
#21 1.779  tc/f_cgroup.c        |  4 +--
#21 1.779  tc/f_flow.c          |  4 +--
#21 1.779  tc/f_flower.c        |  4 +--
#21 1.779  tc/f_fw.c            |  4 +--
#21 1.779  tc/f_matchall.c      |  4 +--
#21 1.779  tc/f_route.c         |  4 +--
#21 1.779  tc/f_u32.c           |  6 ++--
#21 1.779  tc/m_action.c        |  6 ++--
#21 1.779  tc/m_bpf.c           |  4 +--
#21 1.779  tc/m_connmark.c      |  4 +--
#21 1.779  tc/m_csum.c          |  4 +--
#21 1.779  tc/m_ct.c            |  4 +--
#21 1.779  tc/m_ctinfo.c        |  4 +--
#21 1.779  tc/m_gact.c          |  4 +--
#21 1.779  tc/m_gate.c          |  8 ++---
#21 1.779  tc/m_ife.c           |  4 +--
#21 1.779  tc/m_mirred.c        |  6 ++--
#21 1.779  tc/m_mpls.c          |  4 +--
#21 1.779  tc/m_nat.c           |  4 +--
#21 1.779  tc/m_pedit.c         | 10 +++---
#21 1.779  tc/m_police.c        |  8 ++---
#21 1.779  tc/m_sample.c        |  4 +--
#21 1.779  tc/m_simple.c        | 12 +++++---
#21 1.779  tc/m_skbedit.c       |  4 +--
#21 1.779  tc/m_skbmod.c        | 41 ++++++++++++++-----------
#21 1.779  tc/m_tunnel_key.c    |  4 +--
#21 1.779  tc/m_vlan.c          |  4 +--
#21 1.779  tc/q_cake.c          |  6 ++--
#21 1.779  tc/q_cbs.c           |  4 +--
#21 1.779  tc/q_choke.c         |  6 ++--
#21 1.779  tc/q_clsact.c        |  4 +--
#21 1.779  tc/q_codel.c         |  6 ++--
#21 1.779  tc/q_drr.c           |  8 ++---
#21 1.779  tc/q_etf.c           |  4 +--
#21 1.779  tc/q_ets.c           |  8 ++---
#21 1.779  tc/q_fifo.c          |  4 +--
#21 1.779  tc/q_fq.c            |  6 ++--
#21 1.779  tc/q_fq_codel.c      |  6 ++--
#21 1.779  tc/q_fq_pie.c        |  6 ++--
#21 1.779  tc/q_gred.c          |  6 ++--
#21 1.779  tc/q_hfsc.c          | 10 +++---
#21 1.779  tc/q_hhf.c           |  6 ++--
#21 1.779  tc/q_htb.c           |  8 ++---
#21 1.779  tc/q_ingress.c       |  4 +--
#21 1.779  tc/q_mqprio.c        |  4 +--
#21 1.779  tc/q_multiq.c        |  4 +--
#21 1.779  tc/q_netem.c         | 86 +++++++++++++++++++++++++++++-----------------------
#21 1.779  tc/q_pie.c           |  6 ++--
#21 1.779  tc/q_plug.c          |  4 +--
#21 1.779  tc/q_prio.c          |  4 +--
#21 1.779  tc/q_qfq.c           |  6 ++--
#21 1.779  tc/q_red.c           |  8 ++---
#21 1.779  tc/q_sfb.c           |  6 ++--
#21 1.779  tc/q_sfq.c           |  6 ++--
#21 1.779  tc/q_skbprio.c       |  4 +--
#21 1.779  tc/q_taprio.c        |  6 ++--
#21 1.779  tc/q_tbf.c           |  4 +--
#21 1.779  tc/tc.c              | 12 ++++----
#21 1.779  tc/tc_class.c        |  6 ++--
#21 1.779  tc/tc_core.c         | 15 ++-------
#21 1.779  tc/tc_core.h         |  2 --
#21 1.779  tc/tc_exec.c         |  2 +-
#21 1.779  tc/tc_filter.c       |  6 ++--
#21 1.779  tc/tc_qdisc.c        |  6 ++--
#21 1.779  tc/tc_util.c         | 33 +++++++++-----------
#21 1.779  tc/tc_util.h         | 36 +++++++++++-----------
#21 1.779  78 files changed, 373 insertions(+), 311 deletions(-)
#21 DONE 1.8s

#22 [18/22] RUN if [ "$(find /tmp/iproute2-patches/ -name *.patch)" ]; then  	cd /nipa-data/iproute2; 	git apply /tmp/iproute2-patches/*.patch;     fi
#22 DONE 0.4s

#23 [19/22] RUN cd /nipa-data/iproute2/ &&     ./configure &&     make
#23 0.468 TC schedulers
#23 0.469  IPT	using xtables
#23 0.501  IPSET  yes
#23 0.523 
#23 0.524 lib directory: /usr/lib
#23 0.524 libc has setns: yes
#23 0.546 libc has name_to_handle_at: yes
#23 0.567 SELinux support: no
#23 0.568 libtirpc support: no
#23 0.569 libbpf support: yes
#23 0.639 	libbpf version 1.3.0
#23 0.639 ELF support: yes
#23 0.641 libmnl support: yes
#23 0.643 Berkeley DB: no
#23 0.654 need for strlcpy: no
#23 0.675 libcap support: yes
#23 0.677 color output: never
#23 0.679 
#23 0.679 lib
#23 0.681     CC       libgenl.o
#23 0.728     CC       libnetlink.o
#23 1.038     CC       mnl_utils.o
#23 1.113     AR       libnetlink.a
#23 1.115     CC       utils.o
#23 1.508     CC       utils_math.o
#23 1.553     CC       rt_names.o
#23 1.725     CC       ll_map.o
#23 1.813     CC       ll_types.o
#23 1.825 In file included from ll_types.c:20:
#23 1.825 ../include/uapi/linux/sockios.h:42: warning: "SIOCGSTAMP" redefined
#23 1.825    42 | #define SIOCGSTAMP      SIOCGSTAMP_OLD
#23 1.825       | 
#23 1.825 In file included from /usr/include/sys/ioctl.h:10,
#23 1.825                  from ll_types.c:12:
#23 1.825 /usr/include/bits/ioctl.h:111: note: this is the location of the previous definition
#23 1.825   111 | #define SIOCGSTAMP      0x8906
#23 1.825       | 
#23 1.825 ../include/uapi/linux/sockios.h:43: warning: "SIOCGSTAMPNS" redefined
#23 1.825    43 | #define SIOCGSTAMPNS    SIOCGSTAMPNS_OLD
#23 1.825       | 
#23 1.825 /usr/include/bits/ioctl.h:112: note: this is the location of the previous definition
#23 1.825   112 | #define SIOCGSTAMPNS    0x8907
#23 1.825       | 
#23 1.840     CC       ll_proto.o
#23 1.852 In file included from ll_proto.c:21:
#23 1.852 ../include/uapi/linux/sockios.h:42: warning: "SIOCGSTAMP" redefined
#23 1.852    42 | #define SIOCGSTAMP      SIOCGSTAMP_OLD
#23 1.852       | 
#23 1.852 In file included from /usr/include/sys/ioctl.h:10,
#23 1.852                  from ll_proto.c:13:
#23 1.852 /usr/include/bits/ioctl.h:111: note: this is the location of the previous definition
#23 1.852   111 | #define SIOCGSTAMP      0x8906
#23 1.852       | 
#23 1.852 ../include/uapi/linux/sockios.h:43: warning: "SIOCGSTAMPNS" redefined
#23 1.852    43 | #define SIOCGSTAMPNS    SIOCGSTAMPNS_OLD
#23 1.852       | 
#23 1.852 /usr/include/bits/ioctl.h:112: note: this is the location of the previous definition
#23 1.852   112 | #define SIOCGSTAMPNS    0x8907
#23 1.852       | 
#23 1.865     CC       ll_addr.o
#23 1.877 In file included from ll_addr.c:20:
#23 1.877 ../include/uapi/linux/sockios.h:42: warning: "SIOCGSTAMP" redefined
#23 1.877    42 | #define SIOCGSTAMP      SIOCGSTAMP_OLD
#23 1.877       | 
#23 1.877 In file included from /usr/include/sys/ioctl.h:10,
#23 1.877                  from ll_addr.c:12:
#23 1.877 /usr/include/bits/ioctl.h:111: note: this is the location of the previous definition
#23 1.877   111 | #define SIOCGSTAMP      0x8906
#23 1.877       | 
#23 1.877 ../include/uapi/linux/sockios.h:43: warning: "SIOCGSTAMPNS" redefined
#23 1.877    43 | #define SIOCGSTAMPNS    SIOCGSTAMPNS_OLD
#23 1.877       | 
#23 1.877 /usr/include/bits/ioctl.h:112: note: this is the location of the previous definition
#23 1.877   112 | #define SIOCGSTAMPNS    0x8907
#23 1.877       | 
#23 1.905     CC       inet_proto.o
#23 1.932     CC       namespace.o
#23 1.984     CC       json_writer.o
#23 2.063     CC       json_print.o
#23 2.178     CC       json_print_math.o
#23 2.209     CC       names.o
#23 2.254     CC       color.o
#23 2.292     CC       bpf_legacy.o
#23 2.636     CC       bpf_glue.o
#23 2.677     CC       exec.o
#23 2.704     CC       fs.o
#23 2.768     CC       cg_map.o
#23 2.803     CC       ppp_proto.o
#23 2.826     CC       bpf_libbpf.o
#23 2.898     CC       selinux.o
#23 2.916     CC       ax25_ntop.o
#23 2.944     CC       rose_ntop.o
#23 2.956 In file included from rose_ntop.c:16:
#23 2.956 ../include/uapi/linux/sockios.h:42: warning: "SIOCGSTAMP" redefined
#23 2.956    42 | #define SIOCGSTAMP      SIOCGSTAMP_OLD
#23 2.956       | 
#23 2.956 In file included from /usr/include/sys/ioctl.h:10,
#23 2.956                  from rose_ntop.c:7:
#23 2.956 /usr/include/bits/ioctl.h:111: note: this is the location of the previous definition
#23 2.956   111 | #define SIOCGSTAMP      0x8906
#23 2.956       | 
#23 2.956 ../include/uapi/linux/sockios.h:43: warning: "SIOCGSTAMPNS" redefined
#23 2.956    43 | #define SIOCGSTAMPNS    SIOCGSTAMPNS_OLD
#23 2.956       | 
#23 2.956 /usr/include/bits/ioctl.h:112: note: this is the location of the previous definition
#23 2.956   112 | #define SIOCGSTAMPNS    0x8907
#23 2.956       | 
#23 2.971     CC       mpls_ntop.o
#23 2.998     CC       mpls_pton.o
#23 3.024     CC       netrom_ntop.o
#23 3.046     AR       libutil.a
#23 3.051 
#23 3.051 ip
#23 3.053     CC       ip.o
#23 3.136     CC       ipaddress.o
#23 3.149 In file included from ipaddress.c:26:
#23 3.149 ../include/uapi/linux/sockios.h:42: warning: "SIOCGSTAMP" redefined
#23 3.149    42 | #define SIOCGSTAMP      SIOCGSTAMP_OLD
#23 3.149       | 
#23 3.149 In file included from /usr/include/sys/ioctl.h:10,
#23 3.149                  from ipaddress.c:14:
#23 3.149 /usr/include/bits/ioctl.h:111: note: this is the location of the previous definition
#23 3.149   111 | #define SIOCGSTAMP      0x8906
#23 3.149       | 
#23 3.149 ../include/uapi/linux/sockios.h:43: warning: "SIOCGSTAMPNS" redefined
#23 3.149    43 | #define SIOCGSTAMPNS    SIOCGSTAMPNS_OLD
#23 3.149       | 
#23 3.149 /usr/include/bits/ioctl.h:112: note: this is the location of the previous definition
#23 3.149   112 | #define SIOCGSTAMPNS    0x8907
#23 3.149       | 
#23 3.598     CC       ipaddrlabel.o
#23 3.655     CC       iproute.o
#23 4.139     CC       iprule.o
#23 4.327     CC       ipnetns.o
#23 4.513     CC       rtm_map.o
#23 4.547     CC       iptunnel.o
#23 4.559 In file included from ../include/uapi/linux/if_tunnel.h:6,
#23 4.559                  from iptunnel.c:19:
#23 4.559 ../include/uapi/linux/if.h:134: warning: "IFF_VOLATILE" redefined
#23 4.559   134 | #define IFF_VOLATILE    (IFF_LOOPBACK|IFF_POINTOPOINT|IFF_BROADCAST|IFF_ECHO|\
#23 4.559       | 
#23 4.559 In file included from iptunnel.c:16:
#23 4.559 /usr/include/net/if.h:48: note: this is the location of the previous definition
#23 4.559    48 | #define IFF_VOLATILE (IFF_LOOPBACK|IFF_POINTOPOINT|IFF_BROADCAST| \
#23 4.559       | 
#23 4.688     CC       ip6tunnel.o
#23 4.795     CC       tunnel.o
#23 4.882     CC       ipneigh.o
#23 5.039     CC       ipntable.o
#23 5.142     CC       iplink.o
#23 5.411     CC       ipmaddr.o
#23 5.423 In file included from ipmaddr.c:21:
#23 5.423 ../include/uapi/linux/sockios.h:42: warning: "SIOCGSTAMP" redefined
#23 5.423    42 | #define SIOCGSTAMP      SIOCGSTAMP_OLD
#23 5.423       | 
#23 5.423 In file included from /usr/include/sys/ioctl.h:10,
#23 5.423                  from ipmaddr.c:12:
#23 5.423 /usr/include/bits/ioctl.h:111: note: this is the location of the previous definition
#23 5.423   111 | #define SIOCGSTAMP      0x8906
#23 5.423       | 
#23 5.423 ../include/uapi/linux/sockios.h:43: warning: "SIOCGSTAMPNS" redefined
#23 5.423    43 | #define SIOCGSTAMPNS    SIOCGSTAMPNS_OLD
#23 5.423       | 
#23 5.423 /usr/include/bits/ioctl.h:112: note: this is the location of the previous definition
#23 5.423   112 | #define SIOCGSTAMPNS    0x8907
#23 5.423       | 
#23 5.496     CC       ipmonitor.o
#23 5.582     CC       ipmroute.o
#23 5.595 In file included from ipmroute.c:22:
#23 5.595 ../include/uapi/linux/sockios.h:42: warning: "SIOCGSTAMP" redefined
#23 5.595    42 | #define SIOCGSTAMP      SIOCGSTAMP_OLD
#23 5.595       | 
#23 5.595 In file included from /usr/include/sys/ioctl.h:10,
#23 5.595                  from ipmroute.c:13:
#23 5.595 /usr/include/bits/ioctl.h:111: note: this is the location of the previous definition
#23 5.595   111 | #define SIOCGSTAMP      0x8906
#23 5.595       | 
#23 5.595 ../include/uapi/linux/sockios.h:43: warning: "SIOCGSTAMPNS" redefined
#23 5.595    43 | #define SIOCGSTAMPNS    SIOCGSTAMPNS_OLD
#23 5.595       | 
#23 5.595 /usr/include/bits/ioctl.h:112: note: this is the location of the previous definition
#23 5.595   112 | #define SIOCGSTAMPNS    0x8907
#23 5.595       | 
#23 5.661     CC       ipprefix.o
#23 5.691     CC       iptuntap.o
#23 5.794     CC       iptoken.o
#23 5.848     CC       ipxfrm.o
#23 6.152     CC       xfrm_state.o
#23 6.422     CC       xfrm_policy.o
#23 6.652     CC       xfrm_monitor.o
#23 6.729     CC       iplink_dummy.o
#23 6.751     CC       iplink_ifb.o
#23 6.772     CC       iplink_nlmon.o
#23 6.794     CC       iplink_team.o
#23 6.817     CC       iplink_vcan.o
#23 6.839     CC       iplink_vxcan.o
#23 6.865     CC       iplink_vlan.o
#23 6.936     CC       link_veth.o
#23 6.963     CC       link_gre.o
#23 6.974 In file included from ../include/uapi/linux/if_tunnel.h:6,
#23 6.974                  from link_gre.c:15:
#23 6.974 ../include/uapi/linux/if.h:134: warning: "IFF_VOLATILE" redefined
#23 6.974   134 | #define IFF_VOLATILE    (IFF_LOOPBACK|IFF_POINTOPOINT|IFF_BROADCAST|IFF_ECHO|\
#23 6.974       | 
#23 6.974 In file included from link_gre.c:9:
#23 6.974 /usr/include/net/if.h:48: note: this is the location of the previous definition
#23 6.974    48 | #define IFF_VOLATILE (IFF_LOOPBACK|IFF_POINTOPOINT|IFF_BROADCAST| \
#23 6.974       | 
#23 7.081     CC       iplink_can.o
#23 7.222     CC       iplink_xdp.o
#23 7.290     CC       iplink_macvlan.o
#23 7.368     CC       ipl2tp.o
#23 7.521     CC       link_vti.o
#23 7.532 In file included from ../include/uapi/linux/if_tunnel.h:6,
#23 7.532                  from link_vti.c:16:
#23 7.532 ../include/uapi/linux/if.h:134: warning: "IFF_VOLATILE" redefined
#23 7.532   134 | #define IFF_VOLATILE    (IFF_LOOPBACK|IFF_POINTOPOINT|IFF_BROADCAST|IFF_ECHO|\
#23 7.532       | 
#23 7.532 In file included from link_vti.c:10:
#23 7.532 /usr/include/net/if.h:48: note: this is the location of the previous definition
#23 7.532    48 | #define IFF_VOLATILE (IFF_LOOPBACK|IFF_POINTOPOINT|IFF_BROADCAST| \
#23 7.532       | 
#23 7.577     CC       link_vti6.o
#23 7.587 In file included from ../include/uapi/linux/if_tunnel.h:6,
#23 7.587                  from link_vti6.c:17:
#23 7.587 ../include/uapi/linux/if.h:134: warning: "IFF_VOLATILE" redefined
#23 7.587   134 | #define IFF_VOLATILE    (IFF_LOOPBACK|IFF_POINTOPOINT|IFF_BROADCAST|IFF_ECHO|\
#23 7.587       | 
#23 7.587 In file included from link_vti6.c:11:
#23 7.587 /usr/include/net/if.h:48: note: this is the location of the previous definition
#23 7.587    48 | #define IFF_VOLATILE (IFF_LOOPBACK|IFF_POINTOPOINT|IFF_BROADCAST| \
#23 7.587       | 
#23 7.632     CC       link_xfrm.o
#23 7.667     CC       iplink_vxlan.o
#23 7.817     CC       tcp_metrics.o
#23 7.930     CC       iplink_ipoib.o
#23 7.973     CC       ipnetconf.o
#23 8.027     CC       link_ip6tnl.o
#23 8.037 In file included from ../include/uapi/linux/if_tunnel.h:6,
#23 8.037                  from link_ip6tnl.c:15:
#23 8.037 ../include/uapi/linux/if.h:134: warning: "IFF_VOLATILE" redefined
#23 8.037   134 | #define IFF_VOLATILE    (IFF_LOOPBACK|IFF_POINTOPOINT|IFF_BROADCAST|IFF_ECHO|\
#23 8.037       | 
#23 8.037 In file included from link_ip6tnl.c:9:
#23 8.037 /usr/include/net/if.h:48: note: this is the location of the previous definition
#23 8.037    48 | #define IFF_VOLATILE (IFF_LOOPBACK|IFF_POINTOPOINT|IFF_BROADCAST| \
#23 8.037       | 
#23 8.123     CC       link_iptnl.o
#23 8.133 In file included from ../include/uapi/linux/if_tunnel.h:6,
#23 8.133                  from link_iptnl.c:16:
#23 8.133 ../include/uapi/linux/if.h:134: warning: "IFF_VOLATILE" redefined
#23 8.133   134 | #define IFF_VOLATILE    (IFF_LOOPBACK|IFF_POINTOPOINT|IFF_BROADCAST|IFF_ECHO|\
#23 8.133       | 
#23 8.133 In file included from link_iptnl.c:9:
#23 8.133 /usr/include/net/if.h:48: note: this is the location of the previous definition
#23 8.133    48 | #define IFF_VOLATILE (IFF_LOOPBACK|IFF_POINTOPOINT|IFF_BROADCAST| \
#23 8.133       | 
#23 8.220     CC       link_gre6.o
#23 8.230 In file included from ../include/uapi/linux/if_tunnel.h:6,
#23 8.230                  from link_gre6.c:15:
#23 8.230 ../include/uapi/linux/if.h:134: warning: "IFF_VOLATILE" redefined
#23 8.230   134 | #define IFF_VOLATILE    (IFF_LOOPBACK|IFF_POINTOPOINT|IFF_BROADCAST|IFF_ECHO|\
#23 8.230       | 
#23 8.230 In file included from link_gre6.c:9:
#23 8.230 /usr/include/net/if.h:48: note: this is the location of the previous definition
#23 8.230    48 | #define IFF_VOLATILE (IFF_LOOPBACK|IFF_POINTOPOINT|IFF_BROADCAST| \
#23 8.230       | 
#23 8.347     CC       iplink_bond.o
#23 8.521     CC       iplink_bond_slave.o
#23 8.577     CC       iplink_hsr.o
#23 8.624     CC       iplink_bridge.o
#23 8.786     CC       iplink_bridge_slave.o
#23 8.883     CC       iplink_dsa.o
#23 8.914     CC       ipfou.o
#23 9.003     CC       iplink_ipvlan.o
#23 9.042     CC       iplink_geneve.o
#23 9.132     CC       iplink_vrf.o
#23 9.180     CC       iproute_lwtunnel.o
#23 9.574     CC       ipmacsec.o
#23 9.820     CC       ipila.o
#23 9.893     CC       ipvrf.o
#23 10.00     CC       iplink_xstats.o
#23 10.04     CC       ipseg6.o
#23 10.09     CC       iplink_netdevsim.o
#23 10.11     CC       iplink_rmnet.o
#23 10.14     CC       ipnexthop.o
#23 10.38     CC       ipmptcp.o
#23 10.50     CC       iplink_bareudp.o
#23 10.55     CC       iplink_wwan.o
#23 10.58     CC       ipioam6.o
#23 10.66     CC       iplink_amt.o
#23 10.71     CC       iplink_batadv.o
#23 10.74     CC       iplink_gtp.o
#23 10.78     CC       iplink_virt_wifi.o
#23 10.80     CC       iplink_netkit.o
#23 10.84     CC       ipstats.o
#23 11.05     LINK     ip
#23 11.08     CC       rtmon.o
#23 11.13     LINK     rtmon
#23 11.15 
#23 11.15 tc
#23 11.15     CC       tc.o
#23 11.24     CC       tc_qdisc.o
#23 11.34     CC       tc_class.o
#23 11.46     CC       tc_filter.o
#23 11.61     CC       tc_util.o
#23 11.79     CC       tc_monitor.o
#23 11.83     CC       tc_exec.o
#23 11.87     CC       m_police.o
#23 11.96     CC       m_estimator.o
#23 11.99     CC       m_action.o
#23 12.14     CC       m_ematch.o
#23 12.26     YACC     emp_ematch.tab.c
#23 12.32     CC       emp_ematch.tab.o
#23 12.43     LEX      emp_ematch.lex.c
#23 12.44     CC       emp_ematch.lex.o
#23 12.61     CC       q_fifo.o
#23 12.64     CC       q_sfq.o
#23 12.72     CC       q_red.o
#23 12.79     CC       q_prio.o
#23 12.84     CC       q_skbprio.o
#23 12.87     CC       q_tbf.o
#23 12.95     CC       q_multiq.o
#23 12.98     CC       q_netem.o
#23 13.20     CC       q_choke.o
#23 13.26     CC       q_sfb.o
#23 13.32     CC       f_u32.o
#23 13.58     CC       f_route.o
#23 13.63     CC       f_fw.o
#23 13.68     CC       f_basic.o
#23 13.73     CC       f_bpf.o
#23 13.80     CC       f_flow.o
#23 13.88     CC       f_cgroup.o
#23 13.92     CC       f_flower.o
#23 13.93 In file included from ../include/uapi/linux/netdevice.h:29,
#23 13.93                  from ../include/uapi/linux/if_arp.h:27,
#23 13.93                  from f_flower.c:14:
#23 13.93 ../include/uapi/linux/if.h:134: warning: "IFF_VOLATILE" redefined
#23 13.93   134 | #define IFF_VOLATILE    (IFF_LOOPBACK|IFF_POINTOPOINT|IFF_BROADCAST|IFF_ECHO|\
#23 13.93       | 
#23 13.93 In file included from f_flower.c:12:
#23 13.93 /usr/include/net/if.h:48: note: this is the location of the previous definition
#23 13.93    48 | #define IFF_VOLATILE (IFF_LOOPBACK|IFF_POINTOPOINT|IFF_BROADCAST| \
#23 13.93       | 
#23 14.40     CC       q_gred.o
#23 14.50     CC       q_ingress.o
#23 14.52     CC       q_hfsc.o
#23 14.61     CC       q_htb.o
#23 14.70     CC       q_drr.o
#23 14.75     CC       q_qfq.o
#23 14.79     CC       m_gact.o
#23 14.83     CC       m_mirred.o
#23 14.91     CC       m_mpls.o
#23 14.98     CC       m_nat.o
#23 15.02     CC       m_pedit.o
#23 15.18     CC       m_ife.o
#23 15.27     CC       m_skbedit.o
#23 15.35     CC       m_skbmod.o
#23 15.42     CC       m_csum.o
#23 15.48     CC       m_simple.o
#23 15.52     CC       m_vlan.o
#23 15.60     CC       m_connmark.o
#23 15.65     CC       m_ctinfo.o
#23 15.70     CC       m_bpf.o
#23 15.76     CC       m_tunnel_key.o
#23 15.88     CC       m_sample.o
#23 15.92     CC       m_ct.o
#23 16.04     CC       m_gate.o
#23 16.13     CC       p_ip.o
#23 16.17     CC       p_ip6.o
#23 16.21     CC       p_icmp.o
#23 16.24     CC       p_eth.o
#23 16.27     CC       p_tcp.o
#23 16.31     CC       p_udp.o
#23 16.34     CC       em_nbyte.o
#23 16.38     CC       em_cmp.o
#23 16.44     CC       em_u32.o
#23 16.49     CC       em_canid.o
#23 16.53     CC       em_meta.o
#23 16.64     CC       q_mqprio.o
#23 16.75     CC       q_codel.o
#23 16.82     CC       q_fq_codel.o
#23 16.89     CC       q_fq.o
#23 17.02     CC       q_pie.o
#23 17.07     CC       q_fq_pie.o
#23 17.14     CC       q_cake.o
#23 17.32     CC       q_hhf.o
#23 17.38     CC       q_clsact.o
#23 17.40     CC       e_bpf.o
#23 17.47     CC       f_matchall.o
#23 17.51     CC       q_cbs.o
#23 17.56     CC       q_etf.o
#23 17.60     CC       q_taprio.o
#23 17.74     CC       q_plug.o
#23 17.78     CC       q_ets.o
#23 17.86     CC       em_ipt.o
#23 17.88 In file included from tc_util.h:7,
#23 17.88                  from m_ematch.h:11,
#23 17.88                  from em_ipt.c:13:
#23 17.88 ../include/uapi/linux/if.h:134: warning: "IFF_VOLATILE" redefined
#23 17.88   134 | #define IFF_VOLATILE    (IFF_LOOPBACK|IFF_POINTOPOINT|IFF_BROADCAST|IFF_ECHO|\
#23 17.88       | 
#23 17.88 In file included from ../include/xtables.h:17,
#23 17.88                  from em_ipt.c:12:
#23 17.88 /usr/include/net/if.h:48: note: this is the location of the previous definition
#23 17.88    48 | #define IFF_VOLATILE (IFF_LOOPBACK|IFF_POINTOPOINT|IFF_BROADCAST| \
#23 17.88       | 
#23 17.91     CC       em_ipset.o
#23 17.93 In file included from tc_util.h:7,
#23 17.93                  from m_ematch.h:11,
#23 17.93                  from em_ipset.c:39:
#23 17.93 ../include/uapi/linux/if.h:134: warning: "IFF_VOLATILE" redefined
#23 17.93   134 | #define IFF_VOLATILE    (IFF_LOOPBACK|IFF_POINTOPOINT|IFF_BROADCAST|IFF_ECHO|\
#23 17.93       | 
#23 17.93 In file included from ../include/xtables.h:17,
#23 17.93                  from em_ipset.c:23:
#23 17.93 /usr/include/net/if.h:48: note: this is the location of the previous definition
#23 17.93    48 | #define IFF_VOLATILE (IFF_LOOPBACK|IFF_POINTOPOINT|IFF_BROADCAST| \
#23 17.93       | 
#23 17.96     CC       tc_core.o
#23 18.03     CC       tc_red.o
#23 18.08     CC       tc_estimator.o
#23 18.11     CC       tc_stab.o
#23 18.16     CC       tc_qevent.o
#23 18.22     AR       libtc.a
#23 18.22     LINK     tc
#23 18.26 rm emp_ematch.lex.c
#23 18.26 
#23 18.26 bridge
#23 18.26     CC       bridge.o
#23 18.31     CC       fdb.o
#23 18.49     CC       monitor.o
#23 18.53     CC       link.o
#23 18.69     CC       mdb.o
#23 18.88     CC       vlan.o
#23 18.89 In file included from vlan.c:14:
#23 18.89 ../include/json_print.h:80:30: warning: 'struct timeval' declared inside parameter list will not be visible outside of this definition or declaration
#23 18.89    80 | _PRINT_FUNC(tv, const struct timeval *)
#23 18.89       |                              ^~~~~~~
#23 18.89 ../include/json_print.h:50:37: note: in definition of macro '_PRINT_FUNC'
#23 18.89    50 |                                     type value);                        \
#23 18.89       |                                     ^~~~
#23 18.89 ../include/json_print.h:80:30: warning: 'struct timeval' declared inside parameter list will not be visible outside of this definition or declaration
#23 18.89    80 | _PRINT_FUNC(tv, const struct timeval *)
#23 18.89       |                              ^~~~~~~
#23 18.89 ../include/json_print.h:55:45: note: in definition of macro '_PRINT_FUNC'
#23 18.89    55 |                                             type value)                 \
#23 18.89       |                                             ^~~~
#23 18.89 ../include/json_print.h: In function 'print_tv':
#23 18.89 ../include/json_print.h:58:48: warning: passing argument 5 of 'print_color_tv' from incompatible pointer type [-Wincompatible-pointer-types]
#23 18.89    58 |                                                value);                  \
#23 18.89       |                                                ^~~~~
#23 18.89       |                                                |
#23 18.89       |                                                const struct timeval *
#23 18.89 ../include/json_print.h:80:1: note: in expansion of macro '_PRINT_FUNC'
#23 18.89    80 | _PRINT_FUNC(tv, const struct timeval *)
#23 18.89       | ^~~~~~~~~~~
#23 18.89 ../include/json_print.h:50:42: note: expected 'const struct timeval *' but argument is of type 'const struct timeval *'
#23 18.89    50 |                                     type value);                        \
#23 18.89       |                                          ^
#23 18.89 ../include/json_print.h:80:1: note: in expansion of macro '_PRINT_FUNC'
#23 18.89    80 | _PRINT_FUNC(tv, const struct timeval *)
#23 18.89       | ^~~~~~~~~~~
#23 19.11     CC       vni.o
#23 19.13 In file included from vni.c:19:
#23 19.13 ../include/json_print.h:80:30: warning: 'struct timeval' declared inside parameter list will not be visible outside of this definition or declaration
#23 19.13    80 | _PRINT_FUNC(tv, const struct timeval *)
#23 19.13       |                              ^~~~~~~
#23 19.13 ../include/json_print.h:50:37: note: in definition of macro '_PRINT_FUNC'
#23 19.13    50 |                                     type value);                        \
#23 19.13       |                                     ^~~~
#23 19.13 ../include/json_print.h:80:30: warning: 'struct timeval' declared inside parameter list will not be visible outside of this definition or declaration
#23 19.13    80 | _PRINT_FUNC(tv, const struct timeval *)
#23 19.13       |                              ^~~~~~~
#23 19.13 ../include/json_print.h:55:45: note: in definition of macro '_PRINT_FUNC'
#23 19.13    55 |                                             type value)                 \
#23 19.13       |                                             ^~~~
#23 19.13 ../include/json_print.h: In function 'print_tv':
#23 19.13 ../include/json_print.h:58:48: warning: passing argument 5 of 'print_color_tv' from incompatible pointer type [-Wincompatible-pointer-types]
#23 19.13    58 |                                                value);                  \
#23 19.13       |                                                ^~~~~
#23 19.13       |                                                |
#23 19.13       |                                                const struct timeval *
#23 19.13 ../include/json_print.h:80:1: note: in expansion of macro '_PRINT_FUNC'
#23 19.13    80 | _PRINT_FUNC(tv, const struct timeval *)
#23 19.13       | ^~~~~~~~~~~
#23 19.13 ../include/json_print.h:50:42: note: expected 'const struct timeval *' but argument is of type 'const struct timeval *'
#23 19.13    50 |                                     type value);                        \
#23 19.13       |                                          ^
#23 19.13 ../include/json_print.h:80:1: note: in expansion of macro '_PRINT_FUNC'
#23 19.13    80 | _PRINT_FUNC(tv, const struct timeval *)
#23 19.13       | ^~~~~~~~~~~
#23 19.20     LINK     bridge
#23 19.22 
#23 19.22 misc
#23 19.22     CC       ss.o
#23 19.24 In file included from ../include/uapi/linux/tipc.h:42,
#23 19.24                  from ss.c:49:
#23 19.24 ../include/uapi/linux/sockios.h:42: warning: "SIOCGSTAMP" redefined
#23 19.24    42 | #define SIOCGSTAMP      SIOCGSTAMP_OLD
#23 19.24       | 
#23 19.24 In file included from /usr/include/sys/ioctl.h:10,
#23 19.24                  from ss.c:12:
#23 19.24 /usr/include/bits/ioctl.h:111: note: this is the location of the previous definition
#23 19.24   111 | #define SIOCGSTAMP      0x8906
#23 19.24       | 
#23 19.24 ../include/uapi/linux/sockios.h:43: warning: "SIOCGSTAMPNS" redefined
#23 19.24    43 | #define SIOCGSTAMPNS    SIOCGSTAMPNS_OLD
#23 19.24       | 
#23 19.24 /usr/include/bits/ioctl.h:112: note: this is the location of the previous definition
#23 19.24   112 | #define SIOCGSTAMPNS    0x8907
#23 19.24       | 
#23 20.11     CC       ssfilter_check.o
#23 20.14     YACC     ssfilter.tab.c
#23 20.22     CC       ssfilter.tab.o
#23 20.32     LINK     ss
#23 20.34     CC       nstat
#23 20.35 In file included from nstat.c:20:
#23 20.35 /usr/include/sys/poll.h:1:2: warning: #warning redirecting incorrect #include <sys/poll.h> to <poll.h> [-Wcpp]
#23 20.35     1 | #warning redirecting incorrect #include <sys/poll.h> to <poll.h>
#23 20.35       |  ^~~~~~~
#23 20.48     CC       ifstat
#23 20.49 In file included from ifstat.c:20:
#23 20.49 /usr/include/sys/poll.h:1:2: warning: #warning redirecting incorrect #include <sys/poll.h> to <poll.h> [-Wcpp]
#23 20.49     1 | #warning redirecting incorrect #include <sys/poll.h> to <poll.h>
#23 20.49       |  ^~~~~~~
#23 20.66     CC       rtacct
#23 20.67 In file included from rtacct.c:19:
#23 20.67 /usr/include/sys/poll.h:1:2: warning: #warning redirecting incorrect #include <sys/poll.h> to <poll.h> [-Wcpp]
#23 20.67     1 | #warning redirecting incorrect #include <sys/poll.h> to <poll.h>
#23 20.67       |  ^~~~~~~
#23 20.80     CC       lnstat.o
#23 20.87     CC       lnstat_util.o
#23 20.93     LINK     lnstat
#23 20.94 
#23 20.94 netem
#23 20.94 gcc  -I../include -o maketable maketable.c -lm
#23 20.98 gcc  -I../include -o normal normal.c -lm
#23 21.00 gcc  -I../include -o pareto pareto.c -lm
#23 21.03 gcc  -I../include -o paretonormal paretonormal.c -lm
#23 21.06 ./normal > normal.dist
#23 21.07 ./pareto > pareto.dist
#23 21.07 ./paretonormal > paretonormal.dist
#23 21.08 ./maketable experimental.dat > experimental.dist
#23 21.08 
#23 21.08 genl
#23 21.08     CC       genl.o
#23 21.13     CC       ctrl.o
#23 21.22     LINK     genl
#23 21.23 
#23 21.23 man
#23 21.23 make[2]: Nothing to be done for 'all'.
#23 21.23 make[2]: Nothing to be done for 'all'.
#23 21.23 sed \
#23 21.23 	-e "s|@NETNS_ETC_DIR@|/etc/netns|g" \
#23 21.23 	-e "s|@NETNS_RUN_DIR@|/var/run/netns|g" \
#23 21.23 	-e "s|@SYSCONF_ETC_DIR@|/etc/iproute2|g" \
#23 21.23 	-e "s|@SYSCONF_USR_DIR@|/usr/share/iproute2|g" \
#23 21.23 	ip-address.8.in > ip-address.8
#23 21.24 sed \
#23 21.24 	-e "s|@NETNS_ETC_DIR@|/etc/netns|g" \
#23 21.24 	-e "s|@NETNS_RUN_DIR@|/var/run/netns|g" \
#23 21.24 	-e "s|@SYSCONF_ETC_DIR@|/etc/iproute2|g" \
#23 21.24 	-e "s|@SYSCONF_USR_DIR@|/usr/share/iproute2|g" \
#23 21.24 	ip-link.8.in > ip-link.8
#23 21.24 sed \
#23 21.24 	-e "s|@NETNS_ETC_DIR@|/etc/netns|g" \
#23 21.24 	-e "s|@NETNS_RUN_DIR@|/var/run/netns|g" \
#23 21.24 	-e "s|@SYSCONF_ETC_DIR@|/etc/iproute2|g" \
#23 21.24 	-e "s|@SYSCONF_USR_DIR@|/usr/share/iproute2|g" \
#23 21.24 	ip-netns.8.in > ip-netns.8
#23 21.24 sed \
#23 21.24 	-e "s|@NETNS_ETC_DIR@|/etc/netns|g" \
#23 21.24 	-e "s|@NETNS_RUN_DIR@|/var/run/netns|g" \
#23 21.24 	-e "s|@SYSCONF_ETC_DIR@|/etc/iproute2|g" \
#23 21.24 	-e "s|@SYSCONF_USR_DIR@|/usr/share/iproute2|g" \
#23 21.24 	ip-route.8.in > ip-route.8
#23 21.25 
#23 21.25 tipc
#23 21.25     CC       bearer.o
#23 21.44     CC       cmdl.o
#23 21.48     CC       link.o
#23 21.68     CC       media.o
#23 21.73     CC       misc.o
#23 21.79     CC       msg.o
#23 21.81     CC       nametable.o
#23 21.85     CC       node.o
#23 21.94     CC       socket.o
#23 21.97     CC       peer.o
#23 22.00     CC       tipc.o
#23 22.04     LINK     tipc
#23 22.05 
#23 22.05 devlink
#23 22.05     CC       devlink.o
#23 23.79     CC       mnlg.o
#23 23.83     LINK     devlink
#23 23.85 
#23 23.85 rdma
#23 23.85     CC       rdma.o
#23 23.87 rdma.c: In function 'main':
#23 23.87 rdma.c:110:20: warning: implicit declaration of function 'basename'; did you mean 'rename'? [-Wimplicit-function-declaration]
#23 23.87   110 |         filename = basename(argv[0]);
#23 23.87       |                    ^~~~~~~~
#23 23.87       |                    rename
#23 23.87 rdma.c:110:18: warning: assignment to 'char *' from 'int' makes pointer from integer without a cast [-Wint-conversion]
#23 23.87   110 |         filename = basename(argv[0]);
#23 23.87       |                  ^
#23 23.90     CC       utils.o
#23 24.08     CC       dev.o
#23 24.16     CC       link.o
#23 24.23     CC       res.o
#23 24.34     CC       res-pd.o
#23 24.38     CC       res-mr.o
#23 24.43     CC       res-cq.o
#23 24.48     CC       res-cmid.o
#23 24.54     CC       res-qp.o
#23 24.61     CC       sys.o
#23 24.66     CC       stat.o
#23 24.88     CC       stat-mr.o
#23 24.92     CC       res-ctx.o
#23 24.96     CC       res-srq.o
#23 25.04     LINK     rdma
#23 25.06 
#23 25.06 dcb
#23 25.06     CC       dcb.o
#23 25.18     CC       dcb_app.o
#23 25.39     CC       dcb_buffer.o
#23 25.46     CC       dcb_dcbx.o
#23 25.51     CC       dcb_ets.o
#23 25.59     CC       dcb_maxrate.o
#23 25.64     CC       dcb_pfc.o
#23 25.70     CC       dcb_apptrust.o
#23 25.76     CC       dcb_rewr.o
#23 25.84     LINK     dcb
#23 25.85 
#23 25.85 vdpa
#23 25.85     CC       vdpa.o
#23 25.87 In file included from vdpa.c:19:
#23 25.87 ../include/json_print.h:80:30: warning: 'struct timeval' declared inside parameter list will not be visible outside of this definition or declaration
#23 25.87    80 | _PRINT_FUNC(tv, const struct timeval *)
#23 25.87       |                              ^~~~~~~
#23 25.87 ../include/json_print.h:50:37: note: in definition of macro '_PRINT_FUNC'
#23 25.87    50 |                                     type value);                        \
#23 25.87       |                                     ^~~~
#23 25.87 ../include/json_print.h:80:30: warning: 'struct timeval' declared inside parameter list will not be visible outside of this definition or declaration
#23 25.87    80 | _PRINT_FUNC(tv, const struct timeval *)
#23 25.87       |                              ^~~~~~~
#23 25.87 ../include/json_print.h:55:45: note: in definition of macro '_PRINT_FUNC'
#23 25.87    55 |                                             type value)                 \
#23 25.87       |                                             ^~~~
#23 25.87 ../include/json_print.h: In function 'print_tv':
#23 25.87 ../include/json_print.h:58:48: warning: passing argument 5 of 'print_color_tv' from incompatible pointer type [-Wincompatible-pointer-types]
#23 25.87    58 |                                                value);                  \
#23 25.87       |                                                ^~~~~
#23 25.87       |                                                |
#23 25.87       |                                                const struct timeval *
#23 25.87 ../include/json_print.h:80:1: note: in expansion of macro '_PRINT_FUNC'
#23 25.87    80 | _PRINT_FUNC(tv, const struct timeval *)
#23 25.87       | ^~~~~~~~~~~
#23 25.87 ../include/json_print.h:50:42: note: expected 'const struct timeval *' but argument is of type 'const struct timeval *'
#23 25.87    50 |                                     type value);                        \
#23 25.87       |                                          ^
#23 25.87 ../include/json_print.h:80:1: note: in expansion of macro '_PRINT_FUNC'
#23 25.87    80 | _PRINT_FUNC(tv, const struct timeval *)
#23 25.87       | ^~~~~~~~~~~
#23 26.01     LINK     vdpa
#23 DONE 26.0s

#24 [20/22] RUN git clone --no-single-branch --depth=1 https://github.com/linux-netdev/testing.git /nipa-data/kernel
#24 0.389 Cloning into '/nipa-data/kernel'...
#24 58.00 Updating files:  15% (13166/83283)Updating files:  16% (13326/83283)Updating files:  17% (14159/83283)Updating files:  18% (14991/83283)Updating files:  19% (15824/83283)Updating files:  20% (16657/83283)Updating files:  21% (17490/83283)Updating files:  22% (18323/83283)Updating files:  23% (19156/83283)Updating files:  24% (19988/83283)Updating files:  25% (20821/83283)Updating files:  26% (21654/83283)Updating files:  27% (22487/83283)Updating files:  28% (23320/83283)Updating files:  29% (24153/83283)Updating files:  30% (24985/83283)Updating files:  31% (25818/83283)Updating files:  32% (26651/83283)Updating files:  33% (27484/83283)Updating files:  34% (28317/83283)Updating files:  34% (28475/83283)Updating files:  35% (29150/83283)Updating files:  36% (29982/83283)Updating files:  37% (30815/83283)Updating files:  38% (31648/83283)Updating files:  39% (32481/83283)Updating files:  40% (33314/83283)Updating files:  40% (33559/83283)Updating files:  41% (34147/83283)Updating files:  42% (34979/83283)Updating files:  43% (35812/83283)Updating files:  44% (36645/83283)Updating files:  45% (37478/83283)Updating files:  46% (38311/83283)Updating files:  47% (39144/83283)Updating files:  48% (39976/83283)Updating files:  49% (40809/83283)Updating files:  49% (41287/83283)Updating files:  50% (41642/83283)Updating files:  51% (42475/83283)Updating files:  52% (43308/83283)Updating files:  53% (44140/83283)Updating files:  54% (44973/83283)Updating files:  55% (45806/83283)Updating files:  56% (46639/83283)Updating files:  57% (47472/83283)Updating files:  58% (48305/83283)Updating files:  59% (49137/83283)Updating files:  60% (49970/83283)Updating files:  61% (50803/83283)Updating files:  62% (51636/83283)Updating files:  62% (51825/83283)Updating files:  63% (52469/83283)Updating files:  64% (53302/83283)Updating files:  65% (54134/83283)Updating files:  66% (54967/83283)Updating files:  67% (55800/83283)Updating files:  68% (56633/83283)Updating files:  69% (57466/83283)Updating files:  70% (58299/83283)Updating files:  71% (59131/83283)Updating files:  72% (59964/83283)Updating files:  73% (60797/83283)Updating files:  74% (61630/83283)Updating files:  75% (62463/83283)Updating files:  76% (63296/83283)Updating files:  77% (64128/83283)Updating files:  77% (64651/83283)Updating files:  78% (64961/83283)Updating files:  79% (65794/83283)Updating files:  80% (66627/83283)Updating files:  81% (67460/83283)Updating files:  82% (68293/83283)Updating files:  83% (69125/83283)Updating files:  84% (69958/83283)Updating files:  85% (70791/83283)Updating files:  86% (71624/83283)Updating files:  87% (72457/83283)Updating files:  88% (73290/83283)Updating files:  89% (74122/83283)Updating files:  90% (74955/83283)Updating files:  91% (75788/83283)Updating files:  92% (76621/83283)Updating files:  93% (77454/83283)Updating files:  94% (78287/83283)Updating files:  95% (79119/83283)Updating files:  96% (79952/83283)Updating files:  96% (80760/83283)Updating files:  97% (80785/83283)Updating files:  98% (81618/83283)Updating files:  99% (82451/83283)Updating files: 100% (83283/83283)Updating files: 100% (83283/83283), done.
#24 DONE 65.9s

#25 [21/22] RUN git clone --depth=1 -b dev https://github.com/p4tc-dev/new-nipa.git nipa
#25 0.336 Cloning into 'nipa'...
#25 DONE 1.5s

#26 [22/22] COPY entrypoint.sh /entrypoint.sh
#26 DONE 0.7s

#27 exporting to image
#27 exporting layers
#27 exporting layers 10.9s done
#27 writing image sha256:847c0ac29236d54c07c630333769e0e4e784cd9736c7920bf0ea162829fcec28 done
#27 naming to docker.io/library/nipa-executor done
#27 DONE 10.9s
NIPA version: 9d4ceb4 (fetcher: support local kernel patches, 2024-02-05)
INFO: Last run date: 2024-03-20 00:00:14.309724+00:00
Testing  {'branch': 'net-next-2024-03-20--03-00', 'date': '2024-03-20T03:00:17.324891+00:00', 'base': 'a7c01f4bf95c44a62386326359b1fa7532a5e8db', 'url': 'https://github.com/linux-netdev/testing.git net-next-2024-03-20--03-00'}
Updating files:  79% (6662/8385)Updating files:  80% (6708/8385)Updating files:  81% (6792/8385)Updating files:  82% (6876/8385)Updating files:  83% (6960/8385)Updating files:  84% (7044/8385)Updating files:  85% (7128/8385)Updating files:  86% (7212/8385)Updating files:  87% (7295/8385)Updating files:  88% (7379/8385)Updating files:  89% (7463/8385)Updating files:  90% (7547/8385)Updating files:  91% (7631/8385)Updating files:  92% (7715/8385)Updating files:  93% (7799/8385)Updating files:  94% (7882/8385)Updating files:  95% (7966/8385)Updating files:  96% (8050/8385)Updating files:  97% (8134/8385)Updating files:  98% (8218/8385)Updating files:  99% (8302/8385)Updating files: 100% (8385/8385)Updating files: 100% (8385/8385), done.
branch 'net-next-2024-03-20--03-00' set up to track 'origin/net-next-2024-03-20--03-00'.
Switched to a new branch 'net-next-2024-03-20--03-00'
error: No valid patches in input (allow with "--allow-empty")
Checking patch tools/testing/selftests/tc-testing/tdc_config.py...
Applied patch tools/testing/selftests/tc-testing/tdc_config.py cleanly.
Run at 2024-03-20 03:04:45.950824
INFO: building kernel
INFO: starting VM 0
INFO: thr0-1 VM starting: vng -v -r arch/x86/boot/bzImage --user root --rwdir=/nipa-data/kernel/
INFO: thr0-1 expecting prompt: '/nipa-data/kernel# '
INFO: thr0-1 reached initial prompt
INFO: thr-0 testing == tdc.sh
INFO: thr-0 tdc.sh >> retcode: 0 result: pass found {'fail': False, 'skip': False, 'pass': True}
INFO: thr-0 has no more work, exiting
INFO: thr0-1 VM stopped
Done at 2024-03-20 03:08:13.050585
NIPA quitting!
/
~/nipa/tc-executor/tc-executor-storage /
sort: write failed: 'standard output': Broken pipe
sort: write error
