~/nipa/tc-executor/tc-executor-storage /
Switched to branch 'storage-dbg'
Your branch is ahead of 'origin/storage-dbg' by 743 commits.
  (use "git push" to publish your local commits)
/
~/nipa/tc-executor /
Error response from daemon: No such image: nipa-executor:latest
#0 building with "default" instance using docker driver

#1 [internal] load .dockerignore
#1 transferring context: 2B done
#1 DONE 0.0s

#2 [internal] load build definition from Dockerfile
#2 transferring dockerfile: 2.05kB done
#2 DONE 0.0s

#3 [internal] load metadata for docker.io/library/alpine:edge
#3 DONE 0.0s

#4 [ 1/22] FROM docker.io/library/alpine:edge
#4 CACHED

#5 [internal] load build context
#5 transferring context: 3.02kB done
#5 DONE 0.0s

#6 [ 2/22] RUN echo true > debug-mode
#6 DONE 0.6s

#7 [ 3/22] RUN addgroup -g 1001 hostuser
#7 DONE 0.4s

#8 [ 4/22] RUN adduser -u 1001 -G hostuser -H -D -s /bin/ash hostuser
#8 DONE 0.4s

#9 [ 5/22] RUN echo '@testing http://dl-cdn.alpinelinux.org/alpine/edge/testing' >> /etc/apk/repositories
#9 DONE 0.4s

#10 [ 6/22] RUN echo '@community http://dl-cdn.alpinelinux.org/alpine/edge/community' >> /etc/apk/repositories
#10 DONE 0.5s

#11 [ 7/22] RUN apk update && apk add --no-cache    virtme-ng@testing    git    py3-requests    py3-psutil    py3-setuptools    py3-pyroute2    py3-argcomplete    qemu-system-x86_64@community    scapy@community    make    gcc    musl-dev    flex    bison    linux-headers    elfutils-dev    util-linux    coreutils    diffutils    findutils    file    bash    kmod    perl    iptables-dev    libcap-dev    libmnl-dev    iproute2     jq    libbpf-dev    rsync    openssl-dev
#11 0.440 fetch https://dl-cdn.alpinelinux.org/alpine/edge/main/x86_64/APKINDEX.tar.gz
#11 0.654 fetch https://dl-cdn.alpinelinux.org/alpine/edge/community/x86_64/APKINDEX.tar.gz
#11 0.851 fetch http://dl-cdn.alpinelinux.org/alpine/edge/testing/x86_64/APKINDEX.tar.gz
#11 1.235 fetch http://dl-cdn.alpinelinux.org/alpine/edge/community/x86_64/APKINDEX.tar.gz
#11 1.467 v3.20.0_rc2-29-g1fcf402bb96 [https://dl-cdn.alpinelinux.org/alpine/edge/main]
#11 1.467 v3.20.0_rc2-35-g94a07981740 [https://dl-cdn.alpinelinux.org/alpine/edge/community]
#11 1.467 v3.20.0_rc2-20-g7b90e083b5e [http://dl-cdn.alpinelinux.org/alpine/edge/testing]
#11 1.467 v3.20.0_rc2-35-g94a07981740 [http://dl-cdn.alpinelinux.org/alpine/edge/community]
#11 1.467 OK: 31446 distinct packages available
#11 1.527 fetch https://dl-cdn.alpinelinux.org/alpine/edge/main/x86_64/APKINDEX.tar.gz
#11 1.625 fetch https://dl-cdn.alpinelinux.org/alpine/edge/community/x86_64/APKINDEX.tar.gz
#11 1.711 fetch http://dl-cdn.alpinelinux.org/alpine/edge/testing/x86_64/APKINDEX.tar.gz
#11 1.804 fetch http://dl-cdn.alpinelinux.org/alpine/edge/community/x86_64/APKINDEX.tar.gz
#11 2.027 (1/177) Upgrading musl (1.2.4_git20230717-r5 -> 1.2.5-r0)
#11 2.044 (2/177) Upgrading libcrypto3 (3.1.4-r2 -> 3.3.0-r2)
#11 2.435 (3/177) Upgrading libssl3 (3.1.4-r2 -> 3.3.0-r2)
#11 2.451 (4/177) Upgrading zlib (1.3-r2 -> 1.3.1-r1)
#11 2.472 (5/177) Installing ncurses-terminfo-base (6.4_p20240420-r0)
#11 2.486 (6/177) Installing libncursesw (6.4_p20240420-r0)
#11 2.500 (7/177) Installing readline (8.2.10-r0)
#11 2.514 (8/177) Installing bash (5.2.26-r0)
#11 2.534 Executing bash-5.2.26-r0.post-install
#11 2.537 (9/177) Installing m4 (1.4.19-r3)
#11 2.550 (10/177) Installing bison (3.8.2-r1)
#11 2.571 (11/177) Installing coreutils-env (9.5-r1)
#11 2.583 (12/177) Installing coreutils-fmt (9.5-r1)
#11 2.595 (13/177) Installing coreutils-sha512sum (9.5-r1)
#11 2.607 (14/177) Installing libacl (2.3.2-r0)
#11 2.618 (15/177) Installing libattr (2.5.2-r0)
#11 2.630 (16/177) Installing skalibs (2.14.1.1-r0)
#11 2.643 (17/177) Installing utmps-libs (0.1.2.2-r1)
#11 2.654 (18/177) Installing coreutils (9.5-r1)
#11 2.678 (19/177) Installing diffutils (3.10-r0)
#11 2.696 (20/177) Installing zstd-libs (1.5.6-r0)
#11 2.713 (21/177) Installing libelf (0.191-r0)
#11 2.725 (22/177) Installing libbz2 (1.0.8-r6)
#11 2.737 (23/177) Installing musl-fts (1.2.7-r6)
#11 2.749 (24/177) Installing xz-libs (5.6.1-r3)
#11 2.764 (25/177) Installing libdw (0.191-r0)
#11 2.779 (26/177) Installing libasm (0.191-r0)
#11 2.791 (27/177) Installing xz (5.6.1-r3)
#11 2.805 (28/177) Installing pkgconf (2.2.0-r0)
#11 2.817 (29/177) Installing xz-dev (5.6.1-r3)
#11 2.831 (30/177) Installing libgcc (13.2.1_git20240309-r0)
#11 2.844 (31/177) Installing libstdc++ (13.2.1_git20240309-r0)
#11 2.867 (32/177) Installing zstd (1.5.6-r0)
#11 2.881 (33/177) Installing zstd-dev (1.5.6-r0)
#11 2.894 (34/177) Installing zlib-dev (1.3.1-r1)
#11 2.907 (35/177) Installing elfutils-dev (0.191-r0)
#11 2.928 (36/177) Installing libmagic (5.45-r1)
#11 2.957 (37/177) Installing file (5.45-r1)
#11 2.969 (38/177) Installing findutils (4.9.0-r5)
#11 2.983 (39/177) Installing flex (2.6.4-r6)
#11 2.996 (40/177) Installing jansson (2.14-r4)
#11 3.008 (41/177) Installing binutils (2.42-r0)
#11 3.414 (42/177) Installing libgomp (13.2.1_git20240309-r0)
#11 3.429 (43/177) Installing libatomic (13.2.1_git20240309-r0)
#11 3.440 (44/177) Installing gmp (6.3.0-r1)
#11 3.455 (45/177) Installing isl26 (0.26-r1)
#11 3.477 (46/177) Installing mpfr4 (4.2.1-r0)
#11 3.495 (47/177) Installing mpc1 (1.3.1-r1)
#11 3.507 (48/177) Installing gcc (13.2.1_git20240309-r0)
#11 3.964 (49/177) Installing ca-certificates (20240226-r0)
#11 3.987 (50/177) Installing brotli-libs (1.1.0-r2)
#11 4.004 (51/177) Installing c-ares (1.28.1-r0)
#11 4.017 (52/177) Installing libunistring (1.2-r0)
#11 4.037 (53/177) Installing libidn2 (2.3.7-r0)
#11 4.051 (54/177) Installing nghttp2-libs (1.62.0-r0)
#11 4.063 (55/177) Installing libpsl (0.21.5-r1)
#11 4.075 (56/177) Installing libcurl (8.7.1-r0)
#11 4.091 (57/177) Installing libexpat (2.6.2-r0)
#11 4.104 (58/177) Installing pcre2 (10.43-r0)
#11 4.120 (59/177) Installing git (2.45.1-r0)
#11 4.169 (60/177) Installing git-init-template (2.45.1-r0)
#11 4.182 (61/177) Installing libcap2 (2.70-r0)
#11 4.194 (62/177) Installing libmnl (1.0.5-r2)
#11 4.206 (63/177) Installing iproute2-minimal (6.9.0-r0)
#11 4.222 (64/177) Installing libxtables (1.8.10-r3)
#11 4.234 (65/177) Installing iproute2-tc (6.9.0-r0)
#11 4.249 (66/177) Installing iproute2-ss (6.9.0-r0)
#11 4.261 (67/177) Installing iproute2 (6.9.0-r0)
#11 4.276 Executing iproute2-6.9.0-r0.post-install
#11 4.279 (68/177) Installing linux-headers (6.6-r0)
#11 4.425 (69/177) Installing libip4tc (1.8.10-r3)
#11 4.439 (70/177) Installing libip6tc (1.8.10-r3)
#11 4.451 (71/177) Installing libipq (1.8.10-r3)
#11 4.467 (72/177) Installing iptables-dev (1.8.10-r3)
#11 4.480 (73/177) Installing oniguruma (6.9.9-r0)
#11 4.495 (74/177) Installing jq (1.7.1-r0)
#11 4.511 (75/177) Installing kmod (32-r0)
#11 4.524 (76/177) Installing libbpf (1.4.2-r0)
#11 4.539 (77/177) Installing libbpf-dev (1.4.2-r0)
#11 4.559 (78/177) Installing libcap-dev (2.70-r0)
#11 4.570 (79/177) Installing libmnl-dev (1.0.5-r2)
#11 4.582 (80/177) Installing make (4.4.1-r2)
#11 4.596 (81/177) Installing musl-dev (1.2.5-r0)
#11 4.646 (82/177) Installing openssl-dev (3.3.0-r2)
#11 4.672 (83/177) Installing perl (5.38.2-r0)
#11 4.850 (84/177) Installing perl-error (0.17029-r2)
#11 4.862 (85/177) Installing perl-git (2.45.1-r0)
#11 4.875 (86/177) Installing git-perl (2.45.1-r0)
#11 4.887 (87/177) Installing libffi (3.4.6-r0)
#11 4.899 (88/177) Installing gdbm (1.23-r1)
#11 4.912 (89/177) Installing mpdecimal (4.0.0-r0)
#11 4.925 (90/177) Installing libpanelw (6.4_p20240420-r0)
#11 4.937 (91/177) Installing sqlite-libs (3.45.3-r1)
#11 4.959 (92/177) Installing python3 (3.12.3-r1)
#11 5.100 (93/177) Installing python3-pycache-pyc0 (3.12.3-r1)
#11 5.195 (94/177) Installing pyc (3.12.3-r1)
#11 5.207 (95/177) Installing py3-argcomplete-pyc (3.3.0-r0)
#11 5.220 (96/177) Installing python3-pyc (3.12.3-r1)
#11 5.231 (97/177) Installing py3-argcomplete (3.3.0-r0)
#11 5.245 (98/177) Installing py3-psutil (5.9.8-r1)
#11 5.260 (99/177) Installing py3-psutil-pyc (5.9.8-r1)
#11 5.275 (100/177) Installing py3-pyroute2 (0.7.12-r1)
#11 5.306 (101/177) Installing py3-pyroute2-pyc (0.7.12-r1)
#11 5.344 (102/177) Installing py3-certifi (2024.2.2-r1)
#11 5.356 (103/177) Installing py3-certifi-pyc (2024.2.2-r1)
#11 5.368 (104/177) Installing py3-charset-normalizer (3.3.2-r1)
#11 5.382 (105/177) Installing py3-charset-normalizer-pyc (3.3.2-r1)
#11 5.395 (106/177) Installing py3-idna (3.7-r0)
#11 5.410 (107/177) Installing py3-idna-pyc (3.7-r0)
#11 5.424 (108/177) Installing py3-urllib3 (1.26.18-r1)
#11 5.441 (109/177) Installing py3-urllib3-pyc (1.26.18-r1)
#11 5.475 (110/177) Installing py3-requests (2.31.0-r2)
#11 5.489 (111/177) Installing py3-requests-pyc (2.31.0-r2)
#11 5.503 (112/177) Installing py3-parsing (3.1.2-r1)
#11 5.517 (113/177) Installing py3-parsing-pyc (3.1.2-r1)
#11 5.533 (114/177) Installing py3-packaging (24.0-r1)
#11 5.546 (115/177) Installing py3-packaging-pyc (24.0-r1)
#11 5.560 (116/177) Installing py3-setuptools (69.5.1-r0)
#11 5.599 (117/177) Installing py3-setuptools-pyc (69.5.1-r0)
#11 5.641 (118/177) Installing libcap-ng (0.8.5-r0)
#11 5.653 (119/177) Installing libintl (0.22.5-r0)
#11 5.665 (120/177) Installing libeconf (0.6.3-r0)
#11 5.676 (121/177) Installing libblkid (2.40.1-r1)
#11 5.690 (122/177) Installing libmount (2.40.1-r1)
#11 5.703 (123/177) Installing glib (2.80.2-r0)
#11 5.743 (124/177) Installing numactl (2.0.18-r0)
#11 5.755 (125/177) Installing qemu (9.0.0-r0)
#11 5.770 Executing qemu-9.0.0-r0.pre-install
#11 5.842 Executing qemu-9.0.0-r0.post-install
#11 5.844 *
#11 5.844 * If you want to run VM as unprivileged user and let Qemu create tunX devices,
#11 5.844 * then you must add that user to the group "qemu".
#11 5.844 * If you use KVM for hardware-assisted virtualization, then you may also need
#11 5.844 * to add that user to the group "kvm".
#11 5.844 *
#11 5.844 (126/177) Installing qemu-bridge-helper (9.0.0-r0)
#11 5.861 (127/177) Installing libaio (0.3.113-r2)
#11 5.873 (128/177) Installing capstone (5.0.1-r4)
#11 5.902 (129/177) Installing nettle (3.9.1-r0)
#11 5.922 (130/177) Installing libtasn1 (4.19.0-r2)
#11 5.934 (131/177) Installing p11-kit (0.25.3-r0)
#11 5.953 (132/177) Installing gnutls (3.8.5-r0)
#11 5.976 (133/177) Installing libjpeg-turbo (3.0.3-r0)
#11 5.992 (134/177) Installing lzo (2.10-r5)
#11 6.005 (135/177) Installing pixman (0.43.2-r0)
#11 6.021 (136/177) Installing libpng (1.6.43-r0)
#11 6.034 (137/177) Installing libsasl (2.1.28-r6)
#11 6.048 (138/177) Installing libseccomp (2.5.5-r1)
#11 6.061 (139/177) Installing libslirp (4.8.0-r0)
#11 6.073 (140/177) Installing snappy (1.1.10-r2)
#11 6.085 (141/177) Installing liburing (2.6-r0)
#11 6.097 (142/177) Installing vde2-libs (2.3.3-r3)
#11 6.109 (143/177) Installing qemu-system-x86_64 (9.0.0-r0)
#11 6.207 (144/177) Installing lz4-libs (1.9.4-r5)
#11 6.220 (145/177) Installing popt (1.19-r3)
#11 6.232 (146/177) Installing libxxhash (0.8.2-r2)
#11 6.243 (147/177) Installing rsync (3.3.0-r0)
#11 6.258 (148/177) Installing scapy (2.5.0-r3)
#11 6.309 Executing scapy-2.5.0-r3.post-install
#11 6.310 *
#11 6.310 * Certain optional features of scapy also depend on the following packages:
#11 6.310 *     py3-matplotlib graphviz imagemagick py3-cryptography sox
#11 6.310 * And the following unpackaged dependencies:
#11 6.310 *     pyxi vpython-jupyter nmap<v4.23
#11 6.310 * More information can be found at https://scapy.readthedocs.io/en/latest/installation.html#optional-dependencies
#11 6.310 *
#11 6.310 (149/177) Installing scapy-pyc (2.5.0-r3)
#11 6.371 (150/177) Installing util-linux (2.40.1-r1)
#11 6.383 (151/177) Installing dmesg (2.40.1-r1)
#11 6.395 (152/177) Installing setarch (2.40.1-r1)
#11 6.407 (153/177) Installing libuuid (2.40.1-r1)
#11 6.418 (154/177) Installing libfdisk (2.40.1-r1)
#11 6.432 (155/177) Installing libsmartcols (2.40.1-r1)
#11 6.445 (156/177) Installing util-linux-misc (2.40.1-r1)
#11 6.473 (157/177) Installing linux-pam (1.6.0-r0)
#11 6.502 (158/177) Installing runuser (2.40.1-r1)
#11 6.514 (159/177) Installing mount (2.40.1-r1)
#11 6.525 (160/177) Installing losetup (2.40.1-r1)
#11 6.537 (161/177) Installing hexdump (2.40.1-r1)
#11 6.549 (162/177) Installing uuidgen (2.40.1-r1)
#11 6.560 (163/177) Installing blkid (2.40.1-r1)
#11 6.572 (164/177) Installing sfdisk (2.40.1-r1)
#11 6.584 (165/177) Installing mcookie (2.40.1-r1)
#11 6.596 (166/177) Installing agetty (2.40.1-r1)
#11 6.608 (167/177) Installing wipefs (2.40.1-r1)
#11 6.622 (168/177) Installing cfdisk (2.40.1-r1)
#11 6.634 (169/177) Installing umount (2.40.1-r1)
#11 6.646 (170/177) Installing flock (2.40.1-r1)
#11 6.657 (171/177) Installing lsblk (2.40.1-r1)
#11 6.670 (172/177) Installing setpriv (2.40.1-r1)
#11 6.681 (173/177) Installing logger (2.40.1-r1)
#11 6.693 (174/177) Installing partx (2.40.1-r1)
#11 6.705 (175/177) Installing fstrim (2.40.1-r1)
#11 6.716 (176/177) Installing findmnt (2.40.1-r1)
#11 6.728 (177/177) Installing virtme-ng@testing (1.24-r0)
#11 6.782 Executing busybox-1.36.1-r17.trigger
#11 6.786 Executing ca-certificates-20240226-r0.trigger
#11 6.806 Executing glib-2.80.2-r0.trigger
#11 6.812 OK: 385 MiB in 188 packages
#11 DONE 7.2s

#12 [ 8/22] RUN mkdir -p /tmp/kernel-patches &&     mkdir -p /tmp/iproute2-patches
#12 DONE 0.4s

#13 [ 9/22] COPY tdc.config /tmp
#13 DONE 0.0s

#14 [10/22] COPY tdc-debug.config /tmp
#14 DONE 0.1s

#15 [11/22] COPY kernel-patches /tmp/kernel-patches/
#15 DONE 0.0s

#16 [12/22] COPY iproute2-patches /tmp/iproute2-patches/
#16 DONE 0.0s

#17 [13/22] COPY configs /tmp/configs/
#17 DONE 0.0s

#18 [14/22] RUN git config --global user.email foo@bar.com
#18 DONE 0.3s

#19 [15/22] RUN git config --global user.name foo@bar.com
#19 DONE 0.4s

#20 [16/22] RUN git clone https://git.kernel.org/pub/scm/network/iproute2/iproute2-next.git /nipa-data/iproute2
#20 0.436 Cloning into '/nipa-data/iproute2'...
#20 DONE 2.0s

#21 [17/22] RUN cd /nipa-data/iproute2 && 	git remote add stable https://git.kernel.org/pub/scm/network/iproute2/iproute2.git && 	git fetch --all && 	git merge stable/main
#21 0.376 Fetching origin
#21 0.673 Fetching stable
#21 1.205 From https://git.kernel.org/pub/scm/network/iproute2/iproute2
#21 1.205  * [new branch]        codeql         -> stable/codeql
#21 1.205  * [new branch]        iproute2-4.1.x -> stable/iproute2-4.1.x
#21 1.205  * [new branch]        main           -> stable/main
#21 1.211  * [new tag]           v6.9.0         -> v6.9.0
#21 1.215 Updating 977d51cf..39e4b6f5
#21 1.253 Fast-forward
#21 1.260  bridge/vlan.c                |  1 +
#21 1.260  bridge/vni.c                 |  1 +
#21 1.260  include/uapi/linux/bpf.h     |  1 +
#21 1.260  include/uapi/linux/icmpv6.h  |  1 +
#21 1.260  include/uapi/linux/if_link.h |  2 ++
#21 1.260  include/uapi/linux/magic.h   |  1 +
#21 1.260  include/uapi/linux/snmp.h    |  2 ++
#21 1.260  include/uapi/linux/stddef.h  |  8 ++++++++
#21 1.260  include/uapi/linux/tcp.h     |  2 ++
#21 1.260  include/uapi/linux/udp.h     |  2 +-
#21 1.260  include/uapi/linux/xfrm.h    |  8 +++++++-
#21 1.260  include/version.h            |  2 +-
#21 1.260  ip/iproute.c                 |  6 ++++--
#21 1.260  ip/rtmon.c                   |  4 ++--
#21 1.260  man/man8/ip-route.8.in       | 16 ++++++++++++----
#21 1.260  man/man8/rtmon.8             | 31 +++++++++++++++++++++++++------
#21 1.260  man/man8/tc-mirred.8         |  2 +-
#21 1.260  vdpa/vdpa.c                  |  1 +
#21 1.260  18 files changed, 73 insertions(+), 18 deletions(-)
#21 DONE 1.3s

#22 [18/22] RUN if [ "$(find /tmp/iproute2-patches/ -name *.patch)" ]; then  	cd /nipa-data/iproute2; 	git apply /tmp/iproute2-patches/*.patch;     fi
#22 DONE 0.5s

#23 [19/22] RUN cd /nipa-data/iproute2/ &&     ./configure &&     make
#23 0.401 TC schedulers
#23 0.402  IPT	using xtables
#23 0.431  IPSET  yes
#23 0.453 
#23 0.453 lib directory: /usr/lib
#23 0.453 libc has setns: yes
#23 0.474 libc has name_to_handle_at: yes
#23 0.494 SELinux support: no
#23 0.495 libtirpc support: no
#23 0.496 libbpf support: yes
#23 0.562 	libbpf version 1.4.2
#23 0.562 ELF support: yes
#23 0.564 libmnl support: yes
#23 0.566 Berkeley DB: no
#23 0.575 need for strlcpy: no
#23 0.596 libcap support: yes
#23 0.598 color output: never
#23 0.600 
#23 0.600 lib
#23 0.602     CC       libgenl.o
#23 0.614 In file included from ../include/libgenl.h:5,
#23 0.614                  from libgenl.c:12:
#23 0.614 ../include/libnetlink.h: In function 'rta_getattr_be64':
#23 0.614 ../include/libnetlink.h:280:16: warning: implicit declaration of function 'htobe64' [-Wimplicit-function-declaration]
#23 0.614   280 |         return htobe64(rta_getattr_u64(rta));
#23 0.614       |                ^~~~~~~
#23 0.641     CC       libnetlink.o
#23 0.941     CC       mnl_utils.o
#23 0.954 In file included from mnl_utils.c:12:
#23 0.954 ../include/libnetlink.h: In function 'rta_getattr_be64':
#23 0.954 ../include/libnetlink.h:280:16: warning: implicit declaration of function 'htobe64' [-Wimplicit-function-declaration]
#23 0.954   280 |         return htobe64(rta_getattr_u64(rta));
#23 0.954       |                ^~~~~~~
#23 1.017     AR       libnetlink.a
#23 1.019     CC       utils.o
#23 1.393     CC       utils_math.o
#23 1.433     CC       rt_names.o
#23 1.592     CC       ll_map.o
#23 1.605 In file included from ll_map.c:17:
#23 1.605 ../include/libnetlink.h: In function 'rta_getattr_be64':
#23 1.605 ../include/libnetlink.h:280:16: warning: implicit declaration of function 'htobe64' [-Wimplicit-function-declaration]
#23 1.605   280 |         return htobe64(rta_getattr_u64(rta));
#23 1.605       |                ^~~~~~~
#23 1.698     CC       ll_types.o
#23 1.710 In file included from ll_types.c:20:
#23 1.710 ../include/uapi/linux/sockios.h:42: warning: "SIOCGSTAMP" redefined
#23 1.710    42 | #define SIOCGSTAMP      SIOCGSTAMP_OLD
#23 1.710       | 
#23 1.710 In file included from /usr/include/sys/ioctl.h:10,
#23 1.710                  from ll_types.c:12:
#23 1.710 /usr/include/bits/ioctl.h:111: note: this is the location of the previous definition
#23 1.710   111 | #define SIOCGSTAMP      0x8906
#23 1.710       | 
#23 1.710 ../include/uapi/linux/sockios.h:43: warning: "SIOCGSTAMPNS" redefined
#23 1.710    43 | #define SIOCGSTAMPNS    SIOCGSTAMPNS_OLD
#23 1.710       | 
#23 1.710 /usr/include/bits/ioctl.h:112: note: this is the location of the previous definition
#23 1.710   112 | #define SIOCGSTAMPNS    0x8907
#23 1.710       | 
#23 1.725     CC       ll_proto.o
#23 1.738 In file included from ll_proto.c:21:
#23 1.738 ../include/uapi/linux/sockios.h:42: warning: "SIOCGSTAMP" redefined
#23 1.738    42 | #define SIOCGSTAMP      SIOCGSTAMP_OLD
#23 1.738       | 
#23 1.738 In file included from /usr/include/sys/ioctl.h:10,
#23 1.738                  from ll_proto.c:13:
#23 1.738 /usr/include/bits/ioctl.h:111: note: this is the location of the previous definition
#23 1.738   111 | #define SIOCGSTAMP      0x8906
#23 1.738       | 
#23 1.738 ../include/uapi/linux/sockios.h:43: warning: "SIOCGSTAMPNS" redefined
#23 1.738    43 | #define SIOCGSTAMPNS    SIOCGSTAMPNS_OLD
#23 1.738       | 
#23 1.738 /usr/include/bits/ioctl.h:112: note: this is the location of the previous definition
#23 1.738   112 | #define SIOCGSTAMPNS    0x8907
#23 1.738       | 
#23 1.752     CC       ll_addr.o
#23 1.766 In file included from ll_addr.c:20:
#23 1.766 ../include/uapi/linux/sockios.h:42: warning: "SIOCGSTAMP" redefined
#23 1.766    42 | #define SIOCGSTAMP      SIOCGSTAMP_OLD
#23 1.766       | 
#23 1.766 In file included from /usr/include/sys/ioctl.h:10,
#23 1.766                  from ll_addr.c:12:
#23 1.766 /usr/include/bits/ioctl.h:111: note: this is the location of the previous definition
#23 1.766   111 | #define SIOCGSTAMP      0x8906
#23 1.766       | 
#23 1.766 ../include/uapi/linux/sockios.h:43: warning: "SIOCGSTAMPNS" redefined
#23 1.766    43 | #define SIOCGSTAMPNS    SIOCGSTAMPNS_OLD
#23 1.766       | 
#23 1.766 /usr/include/bits/ioctl.h:112: note: this is the location of the previous definition
#23 1.766   112 | #define SIOCGSTAMPNS    0x8907
#23 1.766       | 
#23 1.794     CC       inet_proto.o
#23 1.822     CC       namespace.o
#23 1.873     CC       json_writer.o
#23 1.953     CC       json_print.o
#23 2.084     CC       json_print_math.o
#23 2.118     CC       names.o
#23 2.163     CC       color.o
#23 2.207     CC       bpf_legacy.o
#23 2.563     CC       bpf_glue.o
#23 2.597     CC       exec.o
#23 2.628     CC       fs.o
#23 2.690     CC       cg_map.o
#23 2.723     CC       ppp_proto.o
#23 2.745     CC       bpf_libbpf.o
#23 2.820     CC       selinux.o
#23 2.843     CC       ax25_ntop.o
#23 2.870     CC       rose_ntop.o
#23 2.883 In file included from rose_ntop.c:16:
#23 2.883 ../include/uapi/linux/sockios.h:42: warning: "SIOCGSTAMP" redefined
#23 2.883    42 | #define SIOCGSTAMP      SIOCGSTAMP_OLD
#23 2.883       | 
#23 2.883 In file included from /usr/include/sys/ioctl.h:10,
#23 2.883                  from rose_ntop.c:7:
#23 2.883 /usr/include/bits/ioctl.h:111: note: this is the location of the previous definition
#23 2.883   111 | #define SIOCGSTAMP      0x8906
#23 2.883       | 
#23 2.883 ../include/uapi/linux/sockios.h:43: warning: "SIOCGSTAMPNS" redefined
#23 2.883    43 | #define SIOCGSTAMPNS    SIOCGSTAMPNS_OLD
#23 2.883       | 
#23 2.883 /usr/include/bits/ioctl.h:112: note: this is the location of the previous definition
#23 2.883   112 | #define SIOCGSTAMPNS    0x8907
#23 2.883       | 
#23 2.899     CC       mpls_ntop.o
#23 2.928     CC       mpls_pton.o
#23 2.962     CC       netrom_ntop.o
#23 2.983     AR       libutil.a
#23 2.988 
#23 2.988 ip
#23 2.989     CC       ip.o
#23 3.062     CC       ipaddress.o
#23 3.076 In file included from ipaddress.c:26:
#23 3.076 ../include/uapi/linux/sockios.h:42: warning: "SIOCGSTAMP" redefined
#23 3.076    42 | #define SIOCGSTAMP      SIOCGSTAMP_OLD
#23 3.076       | 
#23 3.076 In file included from /usr/include/sys/ioctl.h:10,
#23 3.076                  from ipaddress.c:14:
#23 3.076 /usr/include/bits/ioctl.h:111: note: this is the location of the previous definition
#23 3.076   111 | #define SIOCGSTAMP      0x8906
#23 3.076       | 
#23 3.076 ../include/uapi/linux/sockios.h:43: warning: "SIOCGSTAMPNS" redefined
#23 3.076    43 | #define SIOCGSTAMPNS    SIOCGSTAMPNS_OLD
#23 3.076       | 
#23 3.076 /usr/include/bits/ioctl.h:112: note: this is the location of the previous definition
#23 3.076   112 | #define SIOCGSTAMPNS    0x8907
#23 3.076       | 
#23 3.506     CC       ipaddrlabel.o
#23 3.562     CC       iproute.o
#23 4.061     CC       iprule.o
#23 4.241     CC       ipnetns.o
#23 4.438     CC       rtm_map.o
#23 4.473     CC       iptunnel.o
#23 4.486 In file included from ../include/uapi/linux/if_tunnel.h:6,
#23 4.486                  from iptunnel.c:19:
#23 4.486 ../include/uapi/linux/if.h:134: warning: "IFF_VOLATILE" redefined
#23 4.486   134 | #define IFF_VOLATILE    (IFF_LOOPBACK|IFF_POINTOPOINT|IFF_BROADCAST|IFF_ECHO|\
#23 4.486       | 
#23 4.486 In file included from iptunnel.c:16:
#23 4.486 /usr/include/net/if.h:48: note: this is the location of the previous definition
#23 4.486    48 | #define IFF_VOLATILE (IFF_LOOPBACK|IFF_POINTOPOINT|IFF_BROADCAST| \
#23 4.486       | 
#23 4.614     CC       ip6tunnel.o
#23 4.719     CC       tunnel.o
#23 4.822     CC       ipneigh.o
#23 4.979     CC       ipntable.o
#23 5.082     CC       iplink.o
#23 5.355     CC       ipmaddr.o
#23 5.367 In file included from ipmaddr.c:21:
#23 5.367 ../include/uapi/linux/sockios.h:42: warning: "SIOCGSTAMP" redefined
#23 5.367    42 | #define SIOCGSTAMP      SIOCGSTAMP_OLD
#23 5.367       | 
#23 5.367 In file included from /usr/include/sys/ioctl.h:10,
#23 5.367                  from ipmaddr.c:12:
#23 5.367 /usr/include/bits/ioctl.h:111: note: this is the location of the previous definition
#23 5.367   111 | #define SIOCGSTAMP      0x8906
#23 5.367       | 
#23 5.367 ../include/uapi/linux/sockios.h:43: warning: "SIOCGSTAMPNS" redefined
#23 5.367    43 | #define SIOCGSTAMPNS    SIOCGSTAMPNS_OLD
#23 5.367       | 
#23 5.367 /usr/include/bits/ioctl.h:112: note: this is the location of the previous definition
#23 5.367   112 | #define SIOCGSTAMPNS    0x8907
#23 5.367       | 
#23 5.440     CC       ipmonitor.o
#23 5.522     CC       ipmroute.o
#23 5.535 In file included from ipmroute.c:22:
#23 5.535 ../include/uapi/linux/sockios.h:42: warning: "SIOCGSTAMP" redefined
#23 5.535    42 | #define SIOCGSTAMP      SIOCGSTAMP_OLD
#23 5.535       | 
#23 5.535 In file included from /usr/include/sys/ioctl.h:10,
#23 5.535                  from ipmroute.c:13:
#23 5.535 /usr/include/bits/ioctl.h:111: note: this is the location of the previous definition
#23 5.535   111 | #define SIOCGSTAMP      0x8906
#23 5.535       | 
#23 5.535 ../include/uapi/linux/sockios.h:43: warning: "SIOCGSTAMPNS" redefined
#23 5.535    43 | #define SIOCGSTAMPNS    SIOCGSTAMPNS_OLD
#23 5.535       | 
#23 5.535 /usr/include/bits/ioctl.h:112: note: this is the location of the previous definition
#23 5.535   112 | #define SIOCGSTAMPNS    0x8907
#23 5.535       | 
#23 5.598     CC       ipprefix.o
#23 5.637     CC       iptuntap.o
#23 5.746     CC       iptoken.o
#23 5.800     CC       ipxfrm.o
#23 6.094     CC       xfrm_state.o
#23 6.339     CC       xfrm_policy.o
#23 6.558     CC       xfrm_monitor.o
#23 6.641     CC       iplink_dummy.o
#23 6.664     CC       iplink_ifb.o
#23 6.686     CC       iplink_nlmon.o
#23 6.708     CC       iplink_team.o
#23 6.730     CC       iplink_vcan.o
#23 6.750     CC       iplink_vxcan.o
#23 6.776     CC       iplink_vlan.o
#23 6.842     CC       link_veth.o
#23 6.868     CC       link_gre.o
#23 6.879 In file included from ../include/uapi/linux/if_tunnel.h:6,
#23 6.879                  from link_gre.c:15:
#23 6.879 ../include/uapi/linux/if.h:134: warning: "IFF_VOLATILE" redefined
#23 6.879   134 | #define IFF_VOLATILE    (IFF_LOOPBACK|IFF_POINTOPOINT|IFF_BROADCAST|IFF_ECHO|\
#23 6.879       | 
#23 6.879 In file included from link_gre.c:9:
#23 6.879 /usr/include/net/if.h:48: note: this is the location of the previous definition
#23 6.879    48 | #define IFF_VOLATILE (IFF_LOOPBACK|IFF_POINTOPOINT|IFF_BROADCAST| \
#23 6.879       | 
#23 6.994     CC       iplink_can.o
#23 7.130     CC       iplink_xdp.o
#23 7.192     CC       iplink_macvlan.o
#23 7.258     CC       ipl2tp.o
#23 7.422     CC       link_vti.o
#23 7.432 In file included from ../include/uapi/linux/if_tunnel.h:6,
#23 7.432                  from link_vti.c:16:
#23 7.432 ../include/uapi/linux/if.h:134: warning: "IFF_VOLATILE" redefined
#23 7.432   134 | #define IFF_VOLATILE    (IFF_LOOPBACK|IFF_POINTOPOINT|IFF_BROADCAST|IFF_ECHO|\
#23 7.432       | 
#23 7.432 In file included from link_vti.c:10:
#23 7.432 /usr/include/net/if.h:48: note: this is the location of the previous definition
#23 7.432    48 | #define IFF_VOLATILE (IFF_LOOPBACK|IFF_POINTOPOINT|IFF_BROADCAST| \
#23 7.432       | 
#23 7.476     CC       link_vti6.o
#23 7.487 In file included from ../include/uapi/linux/if_tunnel.h:6,
#23 7.487                  from link_vti6.c:17:
#23 7.487 ../include/uapi/linux/if.h:134: warning: "IFF_VOLATILE" redefined
#23 7.487   134 | #define IFF_VOLATILE    (IFF_LOOPBACK|IFF_POINTOPOINT|IFF_BROADCAST|IFF_ECHO|\
#23 7.487       | 
#23 7.487 In file included from link_vti6.c:11:
#23 7.487 /usr/include/net/if.h:48: note: this is the location of the previous definition
#23 7.487    48 | #define IFF_VOLATILE (IFF_LOOPBACK|IFF_POINTOPOINT|IFF_BROADCAST| \
#23 7.487       | 
#23 7.531     CC       link_xfrm.o
#23 7.571     CC       iplink_vxlan.o
#23 7.717     CC       tcp_metrics.o
#23 7.815     CC       iplink_ipoib.o
#23 7.856     CC       ipnetconf.o
#23 7.917     CC       link_ip6tnl.o
#23 7.927 In file included from ../include/uapi/linux/if_tunnel.h:6,
#23 7.927                  from link_ip6tnl.c:15:
#23 7.927 ../include/uapi/linux/if.h:134: warning: "IFF_VOLATILE" redefined
#23 7.927   134 | #define IFF_VOLATILE    (IFF_LOOPBACK|IFF_POINTOPOINT|IFF_BROADCAST|IFF_ECHO|\
#23 7.927       | 
#23 7.927 In file included from link_ip6tnl.c:9:
#23 7.927 /usr/include/net/if.h:48: note: this is the location of the previous definition
#23 7.927    48 | #define IFF_VOLATILE (IFF_LOOPBACK|IFF_POINTOPOINT|IFF_BROADCAST| \
#23 7.927       | 
#23 8.010     CC       link_iptnl.o
#23 8.021 In file included from ../include/uapi/linux/if_tunnel.h:6,
#23 8.021                  from link_iptnl.c:16:
#23 8.021 ../include/uapi/linux/if.h:134: warning: "IFF_VOLATILE" redefined
#23 8.021   134 | #define IFF_VOLATILE    (IFF_LOOPBACK|IFF_POINTOPOINT|IFF_BROADCAST|IFF_ECHO|\
#23 8.021       | 
#23 8.021 In file included from link_iptnl.c:9:
#23 8.021 /usr/include/net/if.h:48: note: this is the location of the previous definition
#23 8.021    48 | #define IFF_VOLATILE (IFF_LOOPBACK|IFF_POINTOPOINT|IFF_BROADCAST| \
#23 8.021       | 
#23 8.105     CC       link_gre6.o
#23 8.115 In file included from ../include/uapi/linux/if_tunnel.h:6,
#23 8.115                  from link_gre6.c:15:
#23 8.115 ../include/uapi/linux/if.h:134: warning: "IFF_VOLATILE" redefined
#23 8.115   134 | #define IFF_VOLATILE    (IFF_LOOPBACK|IFF_POINTOPOINT|IFF_BROADCAST|IFF_ECHO|\
#23 8.115       | 
#23 8.115 In file included from link_gre6.c:9:
#23 8.115 /usr/include/net/if.h:48: note: this is the location of the previous definition
#23 8.115    48 | #define IFF_VOLATILE (IFF_LOOPBACK|IFF_POINTOPOINT|IFF_BROADCAST| \
#23 8.115       | 
#23 8.228     CC       iplink_bond.o
#23 8.398     CC       iplink_bond_slave.o
#23 8.454     CC       iplink_hsr.o
#23 8.507     CC       iplink_bridge.o
#23 8.665     CC       iplink_bridge_slave.o
#23 8.768     CC       iplink_dsa.o
#23 8.799     CC       ipfou.o
#23 8.812 In file included from ../include/libgenl.h:5,
#23 8.812                  from ipfou.c:18:
#23 8.812 ../include/libnetlink.h: In function 'rta_getattr_be64':
#23 8.812 ../include/libnetlink.h:280:16: warning: implicit declaration of function 'htobe64' [-Wimplicit-function-declaration]
#23 8.812   280 |         return htobe64(rta_getattr_u64(rta));
#23 8.812       |                ^~~~~~~
#23 8.884     CC       iplink_ipvlan.o
#23 8.922     CC       iplink_geneve.o
#23 9.021     CC       iplink_vrf.o
#23 9.067     CC       iproute_lwtunnel.o
#23 9.442     CC       ipmacsec.o
#23 9.672     CC       ipila.o
#23 9.688 In file included from ../include/libgenl.h:5,
#23 9.688                  from ipila.c:18:
#23 9.688 ../include/libnetlink.h: In function 'rta_getattr_be64':
#23 9.688 ../include/libnetlink.h:280:16: warning: implicit declaration of function 'htobe64' [-Wimplicit-function-declaration]
#23 9.688   280 |         return htobe64(rta_getattr_u64(rta));
#23 9.688       |                ^~~~~~~
#23 9.759     CC       ipvrf.o
#23 9.861     CC       iplink_xstats.o
#23 9.889     CC       ipseg6.o
#23 9.938     CC       iplink_netdevsim.o
#23 9.960     CC       iplink_rmnet.o
#23 9.990     CC       ipnexthop.o
#23 10.23     CC       ipmptcp.o
#23 10.36     CC       iplink_bareudp.o
#23 10.37 In file included from iplink_bareudp.c:9:
#23 10.37 ../include/libnetlink.h: In function 'rta_getattr_be64':
#23 10.37 ../include/libnetlink.h:280:16: warning: implicit declaration of function 'htobe64' [-Wimplicit-function-declaration]
#23 10.37   280 |         return htobe64(rta_getattr_u64(rta));
#23 10.37       |                ^~~~~~~
#23 10.40     CC       iplink_wwan.o
#23 10.43     CC       ipioam6.o
#23 10.50     CC       iplink_amt.o
#23 10.55     CC       iplink_batadv.o
#23 10.58     CC       iplink_gtp.o
#23 10.62     CC       iplink_virt_wifi.o
#23 10.65     CC       iplink_netkit.o
#23 10.69     CC       ipstats.o
#23 10.88     LINK     ip
#23 10.91     CC       rtmon.o
#23 10.97     LINK     rtmon
#23 10.99 
#23 10.99 tc
#23 10.99     CC       tc.o
#23 11.07     CC       tc_qdisc.o
#23 11.19     CC       tc_class.o
#23 11.30     CC       tc_filter.o
#23 11.48     CC       tc_util.o
#23 11.67     CC       tc_monitor.o
#23 11.70     CC       tc_exec.o
#23 11.73     CC       m_police.o
#23 11.83     CC       m_estimator.o
#23 11.86     CC       m_action.o
#23 12.01     CC       m_ematch.o
#23 12.12     YACC     emp_ematch.tab.c
#23 12.18     CC       emp_ematch.tab.o
#23 12.29     LEX      emp_ematch.lex.c
#23 12.29     CC       emp_ematch.lex.o
#23 12.47     CC       q_fifo.o
#23 12.51     CC       q_sfq.o
#23 12.58     CC       q_red.o
#23 12.65     CC       q_prio.o
#23 12.69     CC       q_skbprio.o
#23 12.72     CC       q_tbf.o
#23 12.82     CC       q_multiq.o
#23 12.85     CC       q_netem.o
#23 13.06     CC       q_choke.o
#23 13.12     CC       q_sfb.o
#23 13.19     CC       f_u32.o
#23 13.44     CC       f_route.o
#23 13.50     CC       f_fw.o
#23 13.55     CC       f_basic.o
#23 13.59     CC       f_bpf.o
#23 13.67     CC       f_flow.o
#23 13.75     CC       f_cgroup.o
#23 13.79     CC       f_flower.o
#23 13.80 In file included from ../include/uapi/linux/netdevice.h:29,
#23 13.80                  from ../include/uapi/linux/if_arp.h:27,
#23 13.80                  from f_flower.c:14:
#23 13.80 ../include/uapi/linux/if.h:134: warning: "IFF_VOLATILE" redefined
#23 13.80   134 | #define IFF_VOLATILE    (IFF_LOOPBACK|IFF_POINTOPOINT|IFF_BROADCAST|IFF_ECHO|\
#23 13.80       | 
#23 13.80 In file included from f_flower.c:12:
#23 13.80 /usr/include/net/if.h:48: note: this is the location of the previous definition
#23 13.80    48 | #define IFF_VOLATILE (IFF_LOOPBACK|IFF_POINTOPOINT|IFF_BROADCAST| \
#23 13.80       | 
#23 14.30     CC       q_gred.o
#23 14.41     CC       q_ingress.o
#23 14.43     CC       q_hfsc.o
#23 14.52     CC       q_htb.o
#23 14.61     CC       q_drr.o
#23 14.65     CC       q_qfq.o
#23 14.69     CC       m_gact.o
#23 14.74     CC       m_mirred.o
#23 14.81     CC       m_mpls.o
#23 14.88     CC       m_nat.o
#23 14.93     CC       m_pedit.o
#23 15.06     CC       m_ife.o
#23 15.15     CC       m_skbedit.o
#23 15.21     CC       m_skbmod.o
#23 15.27     CC       m_csum.o
#23 15.34     CC       m_simple.o
#23 15.38     CC       m_vlan.o
#23 15.45     CC       m_connmark.o
#23 15.49     CC       m_ctinfo.o
#23 15.56     CC       m_bpf.o
#23 15.61     CC       m_tunnel_key.o
#23 15.74     CC       m_sample.o
#23 15.79     CC       m_ct.o
#23 15.89     CC       m_gate.o
#23 15.98     CC       p_ip.o
#23 16.03     CC       p_ip6.o
#23 16.07     CC       p_icmp.o
#23 16.09     CC       p_eth.o
#23 16.12     CC       p_tcp.o
#23 16.16     CC       p_udp.o
#23 16.18     CC       em_nbyte.o
#23 16.23     CC       em_cmp.o
#23 16.28     CC       em_u32.o
#23 16.33     CC       em_canid.o
#23 16.38     CC       em_meta.o
#23 16.48     CC       q_mqprio.o
#23 16.59     CC       q_codel.o
#23 16.64     CC       q_fq_codel.o
#23 16.72     CC       q_fq.o
#23 16.83     CC       q_pie.o
#23 16.89     CC       q_fq_pie.o
#23 16.96     CC       q_cake.o
#23 17.14     CC       q_hhf.o
#23 17.20     CC       q_clsact.o
#23 17.23     CC       e_bpf.o
#23 17.30     CC       f_matchall.o
#23 17.35     CC       q_cbs.o
#23 17.39     CC       q_etf.o
#23 17.44     CC       q_taprio.o
#23 17.56     CC       q_plug.o
#23 17.60     CC       q_ets.o
#23 17.69     CC       em_ipt.o
#23 17.70 In file included from tc_util.h:7,
#23 17.70                  from m_ematch.h:11,
#23 17.70                  from em_ipt.c:13:
#23 17.70 ../include/uapi/linux/if.h:134: warning: "IFF_VOLATILE" redefined
#23 17.70   134 | #define IFF_VOLATILE    (IFF_LOOPBACK|IFF_POINTOPOINT|IFF_BROADCAST|IFF_ECHO|\
#23 17.70       | 
#23 17.70 In file included from ../include/xtables.h:17,
#23 17.70                  from em_ipt.c:12:
#23 17.70 /usr/include/net/if.h:48: note: this is the location of the previous definition
#23 17.70    48 | #define IFF_VOLATILE (IFF_LOOPBACK|IFF_POINTOPOINT|IFF_BROADCAST| \
#23 17.70       | 
#23 17.73     CC       em_ipset.o
#23 17.75 In file included from tc_util.h:7,
#23 17.75                  from m_ematch.h:11,
#23 17.75                  from em_ipset.c:39:
#23 17.75 ../include/uapi/linux/if.h:134: warning: "IFF_VOLATILE" redefined
#23 17.75   134 | #define IFF_VOLATILE    (IFF_LOOPBACK|IFF_POINTOPOINT|IFF_BROADCAST|IFF_ECHO|\
#23 17.75       | 
#23 17.75 In file included from ../include/xtables.h:17,
#23 17.75                  from em_ipset.c:23:
#23 17.75 /usr/include/net/if.h:48: note: this is the location of the previous definition
#23 17.75    48 | #define IFF_VOLATILE (IFF_LOOPBACK|IFF_POINTOPOINT|IFF_BROADCAST| \
#23 17.75       | 
#23 17.78     CC       tc_core.o
#23 17.86     CC       tc_red.o
#23 17.90     CC       tc_estimator.o
#23 17.93     CC       tc_stab.o
#23 17.99     CC       tc_qevent.o
#23 18.00 In file included from tc_qevent.h:7,
#23 18.00                  from tc_qevent.c:10:
#23 18.00 ../include/libnetlink.h: In function 'rta_getattr_be64':
#23 18.00 ../include/libnetlink.h:280:16: warning: implicit declaration of function 'htobe64' [-Wimplicit-function-declaration]
#23 18.00   280 |         return htobe64(rta_getattr_u64(rta));
#23 18.00       |                ^~~~~~~
#23 18.05     AR       libtc.a
#23 18.06     LINK     tc
#23 18.09 rm emp_ematch.lex.c
#23 18.10 
#23 18.10 bridge
#23 18.10     CC       bridge.o
#23 18.14     CC       fdb.o
#23 18.16 In file included from fdb.c:28:
#23 18.16 ../include/libnetlink.h: In function 'rta_getattr_be64':
#23 18.16 ../include/libnetlink.h:280:16: warning: implicit declaration of function 'htobe64' [-Wimplicit-function-declaration]
#23 18.16   280 |         return htobe64(rta_getattr_u64(rta));
#23 18.16       |                ^~~~~~~
#23 18.37     CC       monitor.o
#23 18.41     CC       link.o
#23 18.43 In file included from link.c:16:
#23 18.43 ../include/libnetlink.h: In function 'rta_getattr_be64':
#23 18.43 ../include/libnetlink.h:280:16: warning: implicit declaration of function 'htobe64' [-Wimplicit-function-declaration]
#23 18.43   280 |         return htobe64(rta_getattr_u64(rta));
#23 18.43       |                ^~~~~~~
#23 18.58     CC       mdb.o
#23 18.59 In file included from mdb.c:20:
#23 18.59 ../include/libnetlink.h: In function 'rta_getattr_be64':
#23 18.59 ../include/libnetlink.h:280:16: warning: implicit declaration of function 'htobe64' [-Wimplicit-function-declaration]
#23 18.59   280 |         return htobe64(rta_getattr_u64(rta));
#23 18.59       |                ^~~~~~~
#23 18.79     CC       vlan.o
#23 18.81 In file included from vlan.c:16:
#23 18.81 ../include/libnetlink.h: In function 'rta_getattr_be64':
#23 18.81 ../include/libnetlink.h:280:16: warning: implicit declaration of function 'htobe64' [-Wimplicit-function-declaration]
#23 18.81   280 |         return htobe64(rta_getattr_u64(rta));
#23 18.81       |                ^~~~~~~
#23 19.03     CC       vni.o
#23 19.04 In file included from vni.c:21:
#23 19.04 ../include/libnetlink.h: In function 'rta_getattr_be64':
#23 19.04 ../include/libnetlink.h:280:16: warning: implicit declaration of function 'htobe64' [-Wimplicit-function-declaration]
#23 19.04   280 |         return htobe64(rta_getattr_u64(rta));
#23 19.04       |                ^~~~~~~
#23 19.11     LINK     bridge
#23 19.12 
#23 19.12 misc
#23 19.13     CC       ss.o
#23 19.15 In file included from ../include/uapi/linux/tipc.h:42,
#23 19.15                  from ss.c:49:
#23 19.15 ../include/uapi/linux/sockios.h:42: warning: "SIOCGSTAMP" redefined
#23 19.15    42 | #define SIOCGSTAMP      SIOCGSTAMP_OLD
#23 19.15       | 
#23 19.15 In file included from /usr/include/sys/ioctl.h:10,
#23 19.15                  from ss.c:12:
#23 19.15 /usr/include/bits/ioctl.h:111: note: this is the location of the previous definition
#23 19.15   111 | #define SIOCGSTAMP      0x8906
#23 19.15       | 
#23 19.15 ../include/uapi/linux/sockios.h:43: warning: "SIOCGSTAMPNS" redefined
#23 19.15    43 | #define SIOCGSTAMPNS    SIOCGSTAMPNS_OLD
#23 19.15       | 
#23 19.15 /usr/include/bits/ioctl.h:112: note: this is the location of the previous definition
#23 19.15   112 | #define SIOCGSTAMPNS    0x8907
#23 19.15       | 
#23 20.07     CC       ssfilter_check.o
#23 20.08 In file included from ssfilter_check.c:6:
#23 20.08 ../include/libnetlink.h: In function 'rta_getattr_be64':
#23 20.08 ../include/libnetlink.h:280:16: warning: implicit declaration of function 'htobe64' [-Wimplicit-function-declaration]
#23 20.08   280 |         return htobe64(rta_getattr_u64(rta));
#23 20.08       |                ^~~~~~~
#23 20.10     YACC     ssfilter.tab.c
#23 20.17     CC       ssfilter.tab.o
#23 20.27     LINK     ss
#23 20.29     CC       nstat
#23 20.30 In file included from nstat.c:20:
#23 20.30 /usr/include/sys/poll.h:1:2: warning: #warning redirecting incorrect #include <sys/poll.h> to <poll.h> [-Wcpp]
#23 20.30     1 | #warning redirecting incorrect #include <sys/poll.h> to <poll.h>
#23 20.30       |  ^~~~~~~
#23 20.43     CC       ifstat
#23 20.44 In file included from ifstat.c:20:
#23 20.44 /usr/include/sys/poll.h:1:2: warning: #warning redirecting incorrect #include <sys/poll.h> to <poll.h> [-Wcpp]
#23 20.44     1 | #warning redirecting incorrect #include <sys/poll.h> to <poll.h>
#23 20.44       |  ^~~~~~~
#23 20.45 In file included from ifstat.c:30:
#23 20.45 ../include/libnetlink.h: In function 'rta_getattr_be64':
#23 20.45 ../include/libnetlink.h:280:16: warning: implicit declaration of function 'htobe64' [-Wimplicit-function-declaration]
#23 20.45   280 |         return htobe64(rta_getattr_u64(rta));
#23 20.45       |                ^~~~~~~
#23 20.61     CC       rtacct
#23 20.62 In file included from rtacct.c:19:
#23 20.62 /usr/include/sys/poll.h:1:2: warning: #warning redirecting incorrect #include <sys/poll.h> to <poll.h> [-Wcpp]
#23 20.62     1 | #warning redirecting incorrect #include <sys/poll.h> to <poll.h>
#23 20.62       |  ^~~~~~~
#23 20.74     CC       lnstat.o
#23 20.82     CC       lnstat_util.o
#23 20.89     LINK     lnstat
#23 20.90 
#23 20.90 netem
#23 20.90 gcc  -I../include -o maketable maketable.c -lm
#23 20.94 gcc  -I../include -o normal normal.c -lm
#23 20.96 gcc  -I../include -o pareto pareto.c -lm
#23 20.99 gcc  -I../include -o paretonormal paretonormal.c -lm
#23 21.01 ./normal > normal.dist
#23 21.02 ./pareto > pareto.dist
#23 21.02 ./paretonormal > paretonormal.dist
#23 21.03 ./maketable experimental.dat > experimental.dist
#23 21.04 
#23 21.04 genl
#23 21.04     CC       genl.o
#23 21.08     CC       ctrl.o
#23 21.15     LINK     genl
#23 21.16 
#23 21.16 man
#23 21.17 make[2]: Nothing to be done for 'all'.
#23 21.17 make[2]: Nothing to be done for 'all'.
#23 21.17 sed \
#23 21.17 	-e "s|@NETNS_ETC_DIR@|/etc/netns|g" \
#23 21.17 	-e "s|@NETNS_RUN_DIR@|/var/run/netns|g" \
#23 21.17 	-e "s|@SYSCONF_ETC_DIR@|/etc/iproute2|g" \
#23 21.17 	-e "s|@SYSCONF_USR_DIR@|/usr/share/iproute2|g" \
#23 21.17 	ip-address.8.in > ip-address.8
#23 21.17 sed \
#23 21.17 	-e "s|@NETNS_ETC_DIR@|/etc/netns|g" \
#23 21.17 	-e "s|@NETNS_RUN_DIR@|/var/run/netns|g" \
#23 21.17 	-e "s|@SYSCONF_ETC_DIR@|/etc/iproute2|g" \
#23 21.17 	-e "s|@SYSCONF_USR_DIR@|/usr/share/iproute2|g" \
#23 21.17 	ip-link.8.in > ip-link.8
#23 21.18 sed \
#23 21.18 	-e "s|@NETNS_ETC_DIR@|/etc/netns|g" \
#23 21.18 	-e "s|@NETNS_RUN_DIR@|/var/run/netns|g" \
#23 21.18 	-e "s|@SYSCONF_ETC_DIR@|/etc/iproute2|g" \
#23 21.18 	-e "s|@SYSCONF_USR_DIR@|/usr/share/iproute2|g" \
#23 21.18 	ip-netns.8.in > ip-netns.8
#23 21.18 sed \
#23 21.18 	-e "s|@NETNS_ETC_DIR@|/etc/netns|g" \
#23 21.18 	-e "s|@NETNS_RUN_DIR@|/var/run/netns|g" \
#23 21.18 	-e "s|@SYSCONF_ETC_DIR@|/etc/iproute2|g" \
#23 21.18 	-e "s|@SYSCONF_USR_DIR@|/usr/share/iproute2|g" \
#23 21.18 	ip-route.8.in > ip-route.8
#23 21.18 
#23 21.18 tipc
#23 21.18     CC       bearer.o
#23 21.38     CC       cmdl.o
#23 21.41     CC       link.o
#23 21.60     CC       media.o
#23 21.65     CC       misc.o
#23 21.71     CC       msg.o
#23 21.73     CC       nametable.o
#23 21.77     CC       node.o
#23 21.86     CC       socket.o
#23 21.89     CC       peer.o
#23 21.92     CC       tipc.o
#23 21.95     LINK     tipc
#23 21.97 
#23 21.97 devlink
#23 21.97     CC       devlink.o
#23 23.58     CC       mnlg.o
#23 23.59 In file included from mnlg.c:16:
#23 23.59 ../include/libnetlink.h: In function 'rta_getattr_be64':
#23 23.59 ../include/libnetlink.h:280:16: warning: implicit declaration of function 'htobe64' [-Wimplicit-function-declaration]
#23 23.59   280 |         return htobe64(rta_getattr_u64(rta));
#23 23.59       |                ^~~~~~~
#23 23.62     LINK     devlink
#23 23.64 
#23 23.64 rdma
#23 23.64     CC       rdma.o
#23 23.66 rdma.c: In function 'main':
#23 23.66 rdma.c:110:20: warning: implicit declaration of function 'basename'; did you mean 'rename'? [-Wimplicit-function-declaration]
#23 23.66   110 |         filename = basename(argv[0]);
#23 23.66       |                    ^~~~~~~~
#23 23.66       |                    rename
#23 23.66 rdma.c:110:18: warning: assignment to 'char *' from 'int' makes pointer from integer without a cast [-Wint-conversion]
#23 23.66   110 |         filename = basename(argv[0]);
#23 23.66       |                  ^
#23 23.68     CC       utils.o
#23 23.88     CC       dev.o
#23 23.95     CC       link.o
#23 24.02     CC       res.o
#23 24.14     CC       res-pd.o
#23 24.18     CC       res-mr.o
#23 24.24     CC       res-cq.o
#23 24.29     CC       res-cmid.o
#23 24.36     CC       res-qp.o
#23 24.42     CC       sys.o
#23 24.46     CC       stat.o
#23 24.70     CC       stat-mr.o
#23 24.73     CC       res-ctx.o
#23 24.77     CC       res-srq.o
#23 24.85     LINK     rdma
#23 24.86 
#23 24.86 dcb
#23 24.86     CC       dcb.o
#23 24.88 In file included from ../include/namespace.h:10,
#23 24.88                  from dcb.c:11:
#23 24.88 ../include/libnetlink.h: In function 'rta_getattr_be64':
#23 24.88 ../include/libnetlink.h:280:16: warning: implicit declaration of function 'htobe64' [-Wimplicit-function-declaration]
#23 24.88   280 |         return htobe64(rta_getattr_u64(rta));
#23 24.88       |                ^~~~~~~
#23 24.98     CC       dcb_app.o
#23 25.17     CC       dcb_buffer.o
#23 25.24     CC       dcb_dcbx.o
#23 25.29     CC       dcb_ets.o
#23 25.37     CC       dcb_maxrate.o
#23 25.42     CC       dcb_pfc.o
#23 25.49     CC       dcb_apptrust.o
#23 25.55     CC       dcb_rewr.o
#23 25.63     LINK     dcb
#23 25.65 
#23 25.65 vdpa
#23 25.65     CC       vdpa.o
#23 25.83     LINK     vdpa
#23 DONE 25.9s

#24 [20/22] RUN git clone --no-single-branch --depth=1 https://github.com/linux-netdev/testing.git /nipa-data/kernel
#24 0.375 Cloning into '/nipa-data/kernel'...
#24 22.46 Updating files:  17% (14540/83283)Updating files:  18% (14991/83283)Updating files:  19% (15824/83283)Updating files:  20% (16657/83283)Updating files:  21% (17490/83283)Updating files:  22% (18323/83283)Updating files:  23% (19156/83283)Updating files:  24% (19988/83283)Updating files:  25% (20821/83283)Updating files:  26% (21654/83283)Updating files:  27% (22487/83283)Updating files:  28% (23320/83283)Updating files:  29% (24153/83283)Updating files:  30% (24985/83283)Updating files:  31% (25818/83283)Updating files:  32% (26651/83283)Updating files:  33% (27484/83283)Updating files:  34% (28317/83283)Updating files:  34% (28849/83283)Updating files:  35% (29150/83283)Updating files:  36% (29982/83283)Updating files:  37% (30815/83283)Updating files:  38% (31648/83283)Updating files:  39% (32481/83283)Updating files:  40% (33314/83283)Updating files:  40% (33611/83283)Updating files:  41% (34147/83283)Updating files:  42% (34979/83283)Updating files:  43% (35812/83283)Updating files:  44% (36645/83283)Updating files:  45% (37478/83283)Updating files:  46% (38311/83283)Updating files:  47% (39144/83283)Updating files:  48% (39976/83283)Updating files:  49% (40809/83283)Updating files:  50% (41642/83283)Updating files:  51% (42475/83283)Updating files:  52% (43308/83283)Updating files:  52% (43670/83283)Updating files:  53% (44140/83283)Updating files:  54% (44973/83283)Updating files:  55% (45806/83283)Updating files:  56% (46639/83283)Updating files:  57% (47472/83283)Updating files:  58% (48305/83283)Updating files:  59% (49137/83283)Updating files:  60% (49970/83283)Updating files:  61% (50803/83283)Updating files:  62% (51636/83283)Updating files:  63% (52469/83283)Updating files:  64% (53302/83283)Updating files:  65% (54134/83283)Updating files:  66% (54967/83283)Updating files:  66% (55428/83283)Updating files:  67% (55800/83283)Updating files:  68% (56633/83283)Updating files:  69% (57466/83283)Updating files:  70% (58299/83283)Updating files:  71% (59131/83283)Updating files:  72% (59964/83283)Updating files:  73% (60797/83283)Updating files:  74% (61630/83283)Updating files:  75% (62463/83283)Updating files:  76% (63296/83283)Updating files:  77% (64128/83283)Updating files:  78% (64961/83283)Updating files:  79% (65794/83283)Updating files:  80% (66627/83283)Updating files:  81% (67460/83283)Updating files:  82% (68293/83283)Updating files:  83% (69125/83283)Updating files:  84% (69958/83283)Updating files:  85% (70791/83283)Updating files:  85% (70904/83283)Updating files:  86% (71624/83283)Updating files:  87% (72457/83283)Updating files:  88% (73290/83283)Updating files:  89% (74122/83283)Updating files:  90% (74955/83283)Updating files:  91% (75788/83283)Updating files:  92% (76621/83283)Updating files:  93% (77454/83283)Updating files:  94% (78287/83283)Updating files:  95% (79119/83283)Updating files:  96% (79952/83283)Updating files:  97% (80785/83283)Updating files:  98% (81618/83283)Updating files:  99% (82451/83283)Updating files: 100% (83283/83283)Updating files: 100% (83283/83283), done.
#24 DONE 30.0s

#25 [21/22] RUN git clone --depth=1 -b main https://github.com/p4tc-dev/new-nipa.git nipa
#25 0.349 Cloning into 'nipa'...
#25 DONE 0.7s

#26 [22/22] COPY entrypoint.sh /entrypoint.sh
#26 DONE 0.0s

#27 exporting to image
#27 exporting layers
#27 exporting layers 7.5s done
#27 writing image sha256:dc3d6c038e8480a8476911af1901ce1da8b1486a350265628771d0212d3f3604 0.0s done
#27 naming to docker.io/library/nipa-executor
#27 naming to docker.io/library/nipa-executor 0.0s done
#27 DONE 7.6s
=== >>> DEBUG KERNEL <<< ===
NIPA version: 1b9c21a (ui: set canvas background color to stand out, 2024-03-28)
INFO: Last run date: 2024-05-21 06:00:14.220900+00:00
Testing  {'branch': 'net-next-2024-05-21--09-00', 'date': '2024-05-21T09:00:21.265666+00:00', 'base': 'e4a87abf588536d1cdfb128595e6e680af5cf3ed', 'url': 'https://github.com/linux-netdev/testing.git net-next-2024-05-21--09-00'}
Updating files:  35% (6932/19702)Updating files:  36% (7093/19702)Updating files:  37% (7290/19702)Updating files:  38% (7487/19702)Updating files:  39% (7684/19702)Updating files:  40% (7881/19702)Updating files:  41% (8078/19702)Updating files:  42% (8275/19702)Updating files:  43% (8472/19702)Updating files:  44% (8669/19702)Updating files:  45% (8866/19702)Updating files:  46% (9063/19702)Updating files:  47% (9260/19702)Updating files:  48% (9457/19702)Updating files:  49% (9654/19702)Updating files:  50% (9851/19702)Updating files:  51% (10049/19702)Updating files:  52% (10246/19702)Updating files:  53% (10443/19702)Updating files:  54% (10640/19702)Updating files:  55% (10837/19702)Updating files:  56% (11034/19702)Updating files:  57% (11231/19702)Updating files:  58% (11428/19702)Updating files:  59% (11625/19702)Updating files:  60% (11822/19702)Updating files:  61% (12019/19702)Updating files:  62% (12216/19702)Updating files:  63% (12413/19702)Updating files:  64% (12610/19702)Updating files:  65% (12807/19702)Updating files:  65% (12955/19702)Updating files:  66% (13004/19702)Updating files:  67% (13201/19702)Updating files:  68% (13398/19702)Updating files:  69% (13595/19702)Updating files:  70% (13792/19702)Updating files:  71% (13989/19702)Updating files:  72% (14186/19702)Updating files:  73% (14383/19702)Updating files:  74% (14580/19702)Updating files:  75% (14777/19702)Updating files:  76% (14974/19702)Updating files:  77% (15171/19702)Updating files:  78% (15368/19702)Updating files:  79% (15565/19702)Updating files:  80% (15762/19702)Updating files:  81% (15959/19702)Updating files:  82% (16156/19702)Updating files:  83% (16353/19702)Updating files:  84% (16550/19702)Updating files:  85% (16747/19702)Updating files:  86% (16944/19702)Updating files:  87% (17141/19702)Updating files:  88% (17338/19702)Updating files:  89% (17535/19702)Updating files:  90% (17732/19702)Updating files:  91% (17929/19702)Updating files:  92% (18126/19702)Updating files:  93% (18323/19702)Updating files:  94% (18520/19702)Updating files:  95% (18717/19702)Updating files:  96% (18914/19702)Updating files:  97% (19111/19702)Updating files:  98% (19308/19702)Updating files:  99% (19505/19702)Updating files: 100% (19702/19702)Updating files: 100% (19702/19702), done.
branch 'net-next-2024-05-21--09-00' set up to track 'origin/net-next-2024-05-21--09-00'.
Switched to a new branch 'net-next-2024-05-21--09-00'
error: No valid patches in input (allow with "--allow-empty")
Checking patch tools/testing/selftests/tc-testing/tdc_config.py...
Applied patch tools/testing/selftests/tc-testing/tdc_config.py cleanly.
Run at 2024-05-21 09:23:30.889931
INFO: building kernel
INFO: starting VM 0
INFO: thr0-0 VM starting: vng -v -r arch/x86/boot/bzImage --user root --rwdir=/nipa-data/kernel/
INFO: thr0-0 expecting prompt: '/nipa-data/kernel# '
INFO: thr0-0 reached initial prompt
INFO: thr-0 testing == tdc.sh
INFO: thr-0 tdc.sh >> retcode: 0 result: pass found {'fail': False, 'skip': False, 'pass': True}
INFO: thr-0 has no more work, exiting
INFO: thr0-0 VM stopped
Done at 2024-05-21 09:28:18.641253
NIPA quitting!
/
~/nipa/tc-executor/tc-executor-storage /
sort: write failed: 'standard output': Broken pipe
sort: write error
