~/nipa/tc-executor/tc-executor-storage /
Switched to branch 'storage'
Your branch is ahead of 'origin/storage' by 1088 commits.
  (use "git push" to publish your local commits)
/
~/nipa/tc-executor /
Error response from daemon: No such image: nipa-executor:latest
#0 building with "default" instance using docker driver

#1 [internal] load build definition from Dockerfile
#1 transferring dockerfile: 2.05kB done
#1 DONE 0.0s

#2 [internal] load .dockerignore
#2 transferring context: 2B done
#2 DONE 0.0s

#3 [internal] load metadata for docker.io/library/alpine:edge
#3 DONE 0.0s

#4 [ 1/22] FROM docker.io/library/alpine:edge
#4 CACHED

#5 [internal] load build context
#5 transferring context: 3.04kB done
#5 DONE 0.0s

#6 [ 2/22] RUN echo false > debug-mode
#6 DONE 1.0s

#7 [ 3/22] RUN addgroup -g 1001 hostuser
#7 DONE 0.5s

#8 [ 4/22] RUN adduser -u 1001 -G hostuser -H -D -s /bin/ash hostuser
#8 DONE 0.4s

#9 [ 5/22] RUN echo '@testing http://dl-cdn.alpinelinux.org/alpine/edge/testing' >> /etc/apk/repositories
#9 DONE 0.4s

#10 [ 6/22] RUN echo '@community http://dl-cdn.alpinelinux.org/alpine/edge/community' >> /etc/apk/repositories
#10 DONE 0.4s

#11 [ 7/22] RUN apk update && apk add --no-cache    virtme-ng@testing    git    py3-requests    py3-psutil    py3-setuptools    py3-pyroute2    py3-argcomplete    qemu-system-x86_64@community    scapy@community    make    gcc    musl-dev    flex    bison    linux-headers    elfutils-dev    util-linux    coreutils    diffutils    findutils    file    bash    kmod    perl    iptables-dev    libcap-dev    libmnl-dev    iproute2     jq    libbpf-dev    rsync    openssl-dev
#11 0.397 fetch https://dl-cdn.alpinelinux.org/alpine/edge/main/x86_64/APKINDEX.tar.gz
#11 0.621 fetch https://dl-cdn.alpinelinux.org/alpine/edge/community/x86_64/APKINDEX.tar.gz
#11 0.850 fetch http://dl-cdn.alpinelinux.org/alpine/edge/testing/x86_64/APKINDEX.tar.gz
#11 1.054 fetch http://dl-cdn.alpinelinux.org/alpine/edge/community/x86_64/APKINDEX.tar.gz
#11 1.301 v20240606-1779-g5930a2e014f [https://dl-cdn.alpinelinux.org/alpine/edge/main]
#11 1.301 v20240606-1791-g2e4321c7356 [https://dl-cdn.alpinelinux.org/alpine/edge/community]
#11 1.301 v20240606-1785-g4d96a322eaf [http://dl-cdn.alpinelinux.org/alpine/edge/testing]
#11 1.301 v20240606-1791-g2e4321c7356 [http://dl-cdn.alpinelinux.org/alpine/edge/community]
#11 1.301 OK: 31745 distinct packages available
#11 1.360 fetch https://dl-cdn.alpinelinux.org/alpine/edge/main/x86_64/APKINDEX.tar.gz
#11 1.458 fetch https://dl-cdn.alpinelinux.org/alpine/edge/community/x86_64/APKINDEX.tar.gz
#11 1.552 fetch http://dl-cdn.alpinelinux.org/alpine/edge/testing/x86_64/APKINDEX.tar.gz
#11 1.647 fetch http://dl-cdn.alpinelinux.org/alpine/edge/community/x86_64/APKINDEX.tar.gz
#11 1.876 (1/176) Upgrading musl (1.2.4_git20230717-r5 -> 1.2.5-r1)
#11 1.892 (2/176) Upgrading libcrypto3 (3.1.4-r2 -> 3.3.1-r1)
#11 1.923 (3/176) Upgrading libssl3 (3.1.4-r2 -> 3.3.1-r1)
#11 1.939 (4/176) Upgrading zlib (1.3-r2 -> 1.3.1-r1)
#11 1.951 (5/176) Installing ncurses-terminfo-base (6.4_p20240420-r0)
#11 1.965 (6/176) Installing libncursesw (6.4_p20240420-r0)
#11 1.980 (7/176) Installing readline (8.2.10-r0)
#11 1.994 (8/176) Installing bash (5.2.26-r0)
#11 2.014 Executing bash-5.2.26-r0.post-install
#11 2.018 (9/176) Installing m4 (1.4.19-r3)
#11 2.032 (10/176) Installing bison (3.8.2-r1)
#11 2.056 (11/176) Installing coreutils-env (9.5-r1)
#11 2.067 (12/176) Installing coreutils-fmt (9.5-r1)
#11 2.079 (13/176) Installing coreutils-sha512sum (9.5-r1)
#11 2.091 (14/176) Installing libacl (2.3.2-r0)
#11 2.103 (15/176) Installing libattr (2.5.2-r0)
#11 2.115 (16/176) Installing skalibs (2.14.2.0-r0)
#11 2.135 (17/176) Installing utmps-libs (0.1.2.2-r1)
#11 2.146 (18/176) Installing coreutils (9.5-r1)
#11 2.174 (19/176) Installing diffutils (3.10-r0)
#11 2.191 (20/176) Installing zstd-libs (1.5.6-r0)
#11 2.207 (21/176) Installing libelf (0.191-r0)
#11 2.220 (22/176) Installing libbz2 (1.0.8-r6)
#11 2.232 (23/176) Installing musl-fts (1.2.7-r6)
#11 2.244 (24/176) Installing xz-libs (5.6.2-r0)
#11 2.257 (25/176) Installing libdw (0.191-r0)
#11 2.273 (26/176) Installing libasm (0.191-r0)
#11 2.285 (27/176) Installing xz (5.6.2-r0)
#11 2.299 (28/176) Installing pkgconf (2.2.0-r0)
#11 2.312 (29/176) Installing xz-dev (5.6.2-r0)
#11 2.327 (30/176) Installing libgcc (13.2.1_git20240309-r0)
#11 2.340 (31/176) Installing libstdc++ (13.2.1_git20240309-r0)
#11 2.362 (32/176) Installing zstd (1.5.6-r0)
#11 2.377 (33/176) Installing zstd-dev (1.5.6-r0)
#11 2.389 (34/176) Installing zlib-dev (1.3.1-r1)
#11 2.401 (35/176) Installing elfutils-dev (0.191-r0)
#11 2.422 (36/176) Installing libmagic (5.45-r1)
#11 2.449 (37/176) Installing file (5.45-r1)
#11 2.461 (38/176) Installing findutils (4.10.0-r0)
#11 2.475 (39/176) Installing flex (2.6.4-r6)
#11 2.489 (40/176) Installing jansson (2.14-r4)
#11 2.504 (41/176) Installing binutils (2.42-r0)
#11 2.561 (42/176) Installing libgomp (13.2.1_git20240309-r0)
#11 2.575 (43/176) Installing libatomic (13.2.1_git20240309-r0)
#11 2.587 (44/176) Installing gmp (6.3.0-r1)
#11 2.602 (45/176) Installing isl26 (0.26-r1)
#11 2.624 (46/176) Installing mpfr4 (4.2.1-r0)
#11 2.640 (47/176) Installing mpc1 (1.3.1-r1)
#11 2.653 (48/176) Installing gcc (13.2.1_git20240309-r0)
#11 3.139 (49/176) Installing ca-certificates (20240226-r1)
#11 3.161 (50/176) Installing brotli-libs (1.1.0-r2)
#11 3.179 (51/176) Installing c-ares (1.31.0-r0)
#11 3.192 (52/176) Installing libunistring (1.2-r0)
#11 3.211 (53/176) Installing libidn2 (2.3.7-r0)
#11 3.224 (54/176) Installing nghttp2-libs (1.62.1-r0)
#11 3.238 (55/176) Installing libpsl (0.21.5-r2)
#11 3.250 (56/176) Installing libcurl (8.8.0-r0)
#11 3.266 (57/176) Installing libexpat (2.6.2-r0)
#11 3.279 (58/176) Installing pcre2 (10.43-r0)
#11 3.294 (59/176) Installing git (2.45.2-r1)
#11 3.346 (60/176) Installing git-init-template (2.45.2-r1)
#11 3.359 (61/176) Installing libcap2 (2.70-r0)
#11 3.371 (62/176) Installing libmnl (1.0.5-r2)
#11 3.383 (63/176) Installing iproute2-minimal (6.9.0-r0)
#11 3.400 (64/176) Installing libxtables (1.8.10-r3)
#11 3.413 (65/176) Installing iproute2-tc (6.9.0-r0)
#11 3.430 (66/176) Installing iproute2-ss (6.9.0-r0)
#11 3.442 (67/176) Installing iproute2 (6.9.0-r0)
#11 3.457 Executing iproute2-6.9.0-r0.post-install
#11 3.461 (68/176) Installing linux-headers (6.6-r0)
#11 3.546 (69/176) Installing libip4tc (1.8.10-r3)
#11 3.558 (70/176) Installing libip6tc (1.8.10-r3)
#11 3.570 (71/176) Installing libipq (1.8.10-r3)
#11 3.582 (72/176) Installing iptables-dev (1.8.10-r3)
#11 3.595 (73/176) Installing oniguruma (6.9.9-r0)
#11 3.611 (74/176) Installing jq (1.7.1-r0)
#11 3.629 (75/176) Installing kmod (32-r0)
#11 3.642 (76/176) Installing libbpf (1.4.3-r0)
#11 3.657 (77/176) Installing libbpf-dev (1.4.3-r0)
#11 3.676 (78/176) Installing libcap-dev (2.70-r0)
#11 3.688 (79/176) Installing libmnl-dev (1.0.5-r2)
#11 3.701 (80/176) Installing make (4.4.1-r2)
#11 3.715 (81/176) Installing musl-dev (1.2.5-r1)
#11 3.766 (82/176) Installing openssl-dev (3.3.1-r1)
#11 3.791 (83/176) Installing perl (5.40.0-r1)
#11 3.979 (84/176) Installing perl-error (0.17029-r2)
#11 3.991 (85/176) Installing perl-git (2.45.2-r1)
#11 4.005 (86/176) Installing git-perl (2.45.2-r1)
#11 4.017 (87/176) Installing libffi (3.4.6-r0)
#11 4.029 (88/176) Installing gdbm (1.24-r0)
#11 4.055 (89/176) Installing mpdecimal (4.0.0-r0)
#11 4.069 (90/176) Installing libpanelw (6.4_p20240420-r0)
#11 4.081 (91/176) Installing sqlite-libs (3.46.0-r0)
#11 4.102 (92/176) Installing python3 (3.12.3-r1)
#11 4.234 (93/176) Installing python3-pycache-pyc0 (3.12.3-r1)
#11 4.332 (94/176) Installing pyc (3.12.3-r1)
#11 4.344 (95/176) Installing py3-argcomplete-pyc (3.4.0-r0)
#11 4.357 (96/176) Installing python3-pyc (3.12.3-r1)
#11 4.369 (97/176) Installing py3-argcomplete (3.4.0-r0)
#11 4.383 (98/176) Installing py3-psutil (5.9.8-r1)
#11 4.399 (99/176) Installing py3-psutil-pyc (5.9.8-r1)
#11 4.415 (100/176) Installing py3-pyroute2 (0.7.12-r1)
#11 4.449 (101/176) Installing py3-pyroute2-pyc (0.7.12-r1)
#11 4.487 (102/176) Installing py3-certifi (2024.2.2-r1)
#11 4.499 (103/176) Installing py3-certifi-pyc (2024.2.2-r1)
#11 4.511 (104/176) Installing py3-charset-normalizer (3.3.2-r1)
#11 4.525 (105/176) Installing py3-charset-normalizer-pyc (3.3.2-r1)
#11 4.538 (106/176) Installing py3-idna (3.7-r0)
#11 4.552 (107/176) Installing py3-idna-pyc (3.7-r0)
#11 4.566 (108/176) Installing py3-urllib3 (1.26.18-r1)
#11 4.583 (109/176) Installing py3-urllib3-pyc (1.26.18-r1)
#11 4.600 (110/176) Installing py3-requests (2.32.3-r0)
#11 4.614 (111/176) Installing py3-requests-pyc (2.32.3-r0)
#11 4.628 (112/176) Installing py3-parsing (3.1.2-r1)
#11 4.643 (113/176) Installing py3-parsing-pyc (3.1.2-r1)
#11 4.659 (114/176) Installing py3-packaging (24.1-r0)
#11 4.673 (115/176) Installing py3-packaging-pyc (24.1-r0)
#11 4.688 (116/176) Installing py3-setuptools (70.1.1-r0)
#11 4.725 (117/176) Installing py3-setuptools-pyc (70.1.1-r0)
#11 4.767 (118/176) Installing libcap-ng (0.8.5-r0)
#11 4.779 (119/176) Installing libintl (0.22.5-r0)
#11 4.792 (120/176) Installing libeconf (0.6.3-r0)
#11 4.810 (121/176) Installing libblkid (2.40.1-r1)
#11 4.823 (122/176) Installing libmount (2.40.1-r1)
#11 4.837 (123/176) Installing glib (2.80.3-r0)
#11 4.872 (124/176) Installing numactl (2.0.18-r0)
#11 4.883 (125/176) Installing qemu (9.0.1-r0)
#11 4.899 Executing qemu-9.0.1-r0.pre-install
#11 4.974 Executing qemu-9.0.1-r0.post-install
#11 4.976 *
#11 4.976 * If you want to run VM as unprivileged user and let Qemu create tunX devices,
#11 4.976 * then you must add that user to the group "qemu".
#11 4.976 * If you use KVM for hardware-assisted virtualization, then you may also need
#11 4.976 * to add that user to the group "kvm".
#11 4.976 *
#11 4.977 (126/176) Installing qemu-bridge-helper (9.0.1-r0)
#11 4.995 (127/176) Installing libaio (0.3.113-r2)
#11 5.006 (128/176) Installing capstone (5.0.1-r4)
#11 5.035 (129/176) Installing nettle (3.10-r0)
#11 5.051 (130/176) Installing libtasn1 (4.19.0-r2)
#11 5.063 (131/176) Installing p11-kit (0.25.3-r0)
#11 5.080 (132/176) Installing gnutls (3.8.5-r0)
#11 5.102 (133/176) Installing libjpeg-turbo (3.0.3-r0)
#11 5.122 (134/176) Installing lzo (2.10-r5)
#11 5.135 (135/176) Installing pixman (0.43.2-r0)
#11 5.151 (136/176) Installing libpng (1.6.43-r0)
#11 5.164 (137/176) Installing libsasl (2.1.28-r7)
#11 5.178 (138/176) Installing libseccomp (2.5.5-r1)
#11 5.191 (139/176) Installing libslirp (4.8.0-r0)
#11 5.203 (140/176) Installing snappy (1.1.10-r2)
#11 5.216 (141/176) Installing vde2-libs (2.3.3-r3)
#11 5.230 (142/176) Installing qemu-system-x86_64 (9.0.1-r0)
#11 5.334 (143/176) Installing lz4-libs (1.9.4-r5)
#11 5.347 (144/176) Installing popt (1.19-r3)
#11 5.359 (145/176) Installing libxxhash (0.8.2-r2)
#11 5.372 (146/176) Installing rsync (3.3.0-r0)
#11 5.387 (147/176) Installing scapy (2.5.0-r3)
#11 5.442 Executing scapy-2.5.0-r3.post-install
#11 5.443 *
#11 5.443 * Certain optional features of scapy also depend on the following packages:
#11 5.443 *     py3-matplotlib graphviz imagemagick py3-cryptography sox
#11 5.443 * And the following unpackaged dependencies:
#11 5.443 *     pyxi vpython-jupyter nmap<v4.23
#11 5.443 * More information can be found at https://scapy.readthedocs.io/en/latest/installation.html#optional-dependencies
#11 5.443 *
#11 5.443 (148/176) Installing scapy-pyc (2.5.0-r3)
#11 5.501 (149/176) Installing util-linux (2.40.1-r1)
#11 5.513 (150/176) Installing dmesg (2.40.1-r1)
#11 5.525 (151/176) Installing setarch (2.40.1-r1)
#11 5.537 (152/176) Installing libuuid (2.40.1-r1)
#11 5.549 (153/176) Installing libfdisk (2.40.1-r1)
#11 5.563 (154/176) Installing libsmartcols (2.40.1-r1)
#11 5.575 (155/176) Installing util-linux-misc (2.40.1-r1)
#11 5.600 (156/176) Installing linux-pam (1.6.0-r0)
#11 5.619 (157/176) Installing runuser (2.40.1-r1)
#11 5.631 (158/176) Installing mount (2.40.1-r1)
#11 5.643 (159/176) Installing losetup (2.40.1-r1)
#11 5.656 (160/176) Installing hexdump (2.40.1-r1)
#11 5.667 (161/176) Installing uuidgen (2.40.1-r1)
#11 5.679 (162/176) Installing blkid (2.40.1-r1)
#11 5.692 (163/176) Installing sfdisk (2.40.1-r1)
#11 5.705 (164/176) Installing mcookie (2.40.1-r1)
#11 5.717 (165/176) Installing agetty (2.40.1-r1)
#11 5.730 (166/176) Installing wipefs (2.40.1-r1)
#11 5.741 (167/176) Installing cfdisk (2.40.1-r1)
#11 5.754 (168/176) Installing umount (2.40.1-r1)
#11 5.766 (169/176) Installing flock (2.40.1-r1)
#11 5.777 (170/176) Installing lsblk (2.40.1-r1)
#11 5.790 (171/176) Installing setpriv (2.40.1-r1)
#11 5.802 (172/176) Installing logger (2.40.1-r1)
#11 5.814 (173/176) Installing partx (2.40.1-r1)
#11 5.825 (174/176) Installing fstrim (2.40.1-r1)
#11 5.837 (175/176) Installing findmnt (2.40.1-r1)
#11 5.849 (176/176) Installing virtme-ng@testing (1.25-r0)
#11 5.904 Executing busybox-1.36.1-r17.trigger
#11 5.909 Executing ca-certificates-20240226-r1.trigger
#11 5.931 Executing glib-2.80.3-r0.trigger
#11 5.939 OK: 385 MiB in 187 packages
#11 DONE 6.3s

#12 [ 8/22] RUN mkdir -p /tmp/kernel-patches &&     mkdir -p /tmp/iproute2-patches
#12 DONE 0.4s

#13 [ 9/22] COPY tdc.config /tmp
#13 DONE 0.0s

#14 [10/22] COPY tdc-debug.config /tmp
#14 DONE 0.2s

#15 [11/22] COPY kernel-patches /tmp/kernel-patches/
#15 DONE 0.0s

#16 [12/22] COPY iproute2-patches /tmp/iproute2-patches/
#16 DONE 0.0s

#17 [13/22] COPY configs /tmp/configs/
#17 DONE 0.0s

#18 [14/22] RUN git config --global user.email foo@bar.com
#18 DONE 0.3s

#19 [15/22] RUN git config --global user.name foo@bar.com
#19 DONE 0.4s

#20 [16/22] RUN git clone https://git.kernel.org/pub/scm/network/iproute2/iproute2-next.git /nipa-data/iproute2
#20 0.404 Cloning into '/nipa-data/iproute2'...
#20 DONE 2.0s

#21 [17/22] RUN cd /nipa-data/iproute2 && 	git remote add stable https://git.kernel.org/pub/scm/network/iproute2/iproute2.git && 	git fetch --all && 	git merge stable/main
#21 0.317 Fetching origin
#21 0.594 Fetching stable
#21 1.100 From https://git.kernel.org/pub/scm/network/iproute2/iproute2
#21 1.100  * [new branch]        codeql         -> stable/codeql
#21 1.100  * [new branch]        iproute2-4.1.x -> stable/iproute2-4.1.x
#21 1.100  * [new branch]        main           -> stable/main
#21 1.135 Auto-merging misc/ss.c
#21 1.149 Merge made by the 'ort' strategy.
#21 1.154  devlink/devlink.c | 4 ++--
#21 1.154  misc/ss.c         | 2 ++
#21 1.154  2 files changed, 4 insertions(+), 2 deletions(-)
#21 DONE 1.2s

#22 [18/22] RUN if [ "$(find /tmp/iproute2-patches/ -name *.patch)" ]; then  	cd /nipa-data/iproute2; 	git apply /tmp/iproute2-patches/*.patch;     fi
#22 DONE 0.4s

#23 [19/22] RUN cd /nipa-data/iproute2/ &&     ./configure &&     make
#23 0.369 TC schedulers
#23 0.370  IPT	using xtables
#23 0.397  IPSET  yes
#23 0.421 
#23 0.421 lib directory: /usr/lib
#23 0.421 libc has setns: yes
#23 0.441 libc has name_to_handle_at: yes
#23 0.463 SELinux support: no
#23 0.464 libtirpc support: no
#23 0.464 libbpf support: yes
#23 0.534 	libbpf version 1.4.3
#23 0.534 ELF support: yes
#23 0.536 libmnl support: yes
#23 0.538 Berkeley DB: no
#23 0.548 need for strlcpy: no
#23 0.569 libcap support: yes
#23 0.571 color output: never
#23 0.573 
#23 0.573 lib
#23 0.575     CC       libgenl.o
#23 0.587 In file included from ../include/libgenl.h:5,
#23 0.587                  from libgenl.c:12:
#23 0.587 ../include/libnetlink.h: In function 'rta_getattr_be64':
#23 0.587 ../include/libnetlink.h:280:16: warning: implicit declaration of function 'htobe64' [-Wimplicit-function-declaration]
#23 0.587   280 |         return htobe64(rta_getattr_u64(rta));
#23 0.587       |                ^~~~~~~
#23 0.618     CC       libnetlink.o
#23 0.934     CC       mnl_utils.o
#23 0.947 In file included from mnl_utils.c:12:
#23 0.947 ../include/libnetlink.h: In function 'rta_getattr_be64':
#23 0.947 ../include/libnetlink.h:280:16: warning: implicit declaration of function 'htobe64' [-Wimplicit-function-declaration]
#23 0.947   280 |         return htobe64(rta_getattr_u64(rta));
#23 0.947       |                ^~~~~~~
#23 1.012     AR       libnetlink.a
#23 1.014     CC       utils.o
#23 1.395     CC       utils_math.o
#23 1.438     CC       rt_names.o
#23 1.623     CC       ll_map.o
#23 1.636 In file included from ll_map.c:17:
#23 1.636 ../include/libnetlink.h: In function 'rta_getattr_be64':
#23 1.636 ../include/libnetlink.h:280:16: warning: implicit declaration of function 'htobe64' [-Wimplicit-function-declaration]
#23 1.636   280 |         return htobe64(rta_getattr_u64(rta));
#23 1.636       |                ^~~~~~~
#23 1.716     CC       ll_types.o
#23 1.729 In file included from ll_types.c:20:
#23 1.729 ../include/uapi/linux/sockios.h:42: warning: "SIOCGSTAMP" redefined
#23 1.729    42 | #define SIOCGSTAMP      SIOCGSTAMP_OLD
#23 1.729       | 
#23 1.729 In file included from /usr/include/sys/ioctl.h:10,
#23 1.729                  from ll_types.c:12:
#23 1.729 /usr/include/bits/ioctl.h:111: note: this is the location of the previous definition
#23 1.729   111 | #define SIOCGSTAMP      0x8906
#23 1.729       | 
#23 1.729 ../include/uapi/linux/sockios.h:43: warning: "SIOCGSTAMPNS" redefined
#23 1.729    43 | #define SIOCGSTAMPNS    SIOCGSTAMPNS_OLD
#23 1.729       | 
#23 1.729 /usr/include/bits/ioctl.h:112: note: this is the location of the previous definition
#23 1.729   112 | #define SIOCGSTAMPNS    0x8907
#23 1.729       | 
#23 1.744     CC       ll_proto.o
#23 1.758 In file included from ll_proto.c:21:
#23 1.758 ../include/uapi/linux/sockios.h:42: warning: "SIOCGSTAMP" redefined
#23 1.758    42 | #define SIOCGSTAMP      SIOCGSTAMP_OLD
#23 1.758       | 
#23 1.758 In file included from /usr/include/sys/ioctl.h:10,
#23 1.758                  from ll_proto.c:13:
#23 1.758 /usr/include/bits/ioctl.h:111: note: this is the location of the previous definition
#23 1.758   111 | #define SIOCGSTAMP      0x8906
#23 1.758       | 
#23 1.758 ../include/uapi/linux/sockios.h:43: warning: "SIOCGSTAMPNS" redefined
#23 1.758    43 | #define SIOCGSTAMPNS    SIOCGSTAMPNS_OLD
#23 1.758       | 
#23 1.758 /usr/include/bits/ioctl.h:112: note: this is the location of the previous definition
#23 1.758   112 | #define SIOCGSTAMPNS    0x8907
#23 1.758       | 
#23 1.774     CC       ll_addr.o
#23 1.787 In file included from ll_addr.c:20:
#23 1.787 ../include/uapi/linux/sockios.h:42: warning: "SIOCGSTAMP" redefined
#23 1.787    42 | #define SIOCGSTAMP      SIOCGSTAMP_OLD
#23 1.787       | 
#23 1.787 In file included from /usr/include/sys/ioctl.h:10,
#23 1.787                  from ll_addr.c:12:
#23 1.787 /usr/include/bits/ioctl.h:111: note: this is the location of the previous definition
#23 1.787   111 | #define SIOCGSTAMP      0x8906
#23 1.787       | 
#23 1.787 ../include/uapi/linux/sockios.h:43: warning: "SIOCGSTAMPNS" redefined
#23 1.787    43 | #define SIOCGSTAMPNS    SIOCGSTAMPNS_OLD
#23 1.787       | 
#23 1.787 /usr/include/bits/ioctl.h:112: note: this is the location of the previous definition
#23 1.787   112 | #define SIOCGSTAMPNS    0x8907
#23 1.787       | 
#23 1.815     CC       inet_proto.o
#23 1.843     CC       namespace.o
#23 1.910     CC       json_writer.o
#23 1.993     CC       json_print.o
#23 2.121     CC       json_print_math.o
#23 2.154     CC       names.o
#23 2.198     CC       color.o
#23 2.237     CC       bpf_legacy.o
#23 2.592     CC       bpf_glue.o
#23 2.635     CC       exec.o
#23 2.664     CC       fs.o
#23 2.728     CC       cg_map.o
#23 2.761     CC       ppp_proto.o
#23 2.783     CC       bpf_libbpf.o
#23 2.857     CC       selinux.o
#23 2.876     CC       ax25_ntop.o
#23 2.904     CC       rose_ntop.o
#23 2.917 In file included from rose_ntop.c:16:
#23 2.917 ../include/uapi/linux/sockios.h:42: warning: "SIOCGSTAMP" redefined
#23 2.917    42 | #define SIOCGSTAMP      SIOCGSTAMP_OLD
#23 2.917       | 
#23 2.917 In file included from /usr/include/sys/ioctl.h:10,
#23 2.917                  from rose_ntop.c:7:
#23 2.917 /usr/include/bits/ioctl.h:111: note: this is the location of the previous definition
#23 2.917   111 | #define SIOCGSTAMP      0x8906
#23 2.917       | 
#23 2.917 ../include/uapi/linux/sockios.h:43: warning: "SIOCGSTAMPNS" redefined
#23 2.917    43 | #define SIOCGSTAMPNS    SIOCGSTAMPNS_OLD
#23 2.917       | 
#23 2.917 /usr/include/bits/ioctl.h:112: note: this is the location of the previous definition
#23 2.917   112 | #define SIOCGSTAMPNS    0x8907
#23 2.917       | 
#23 2.933     CC       mpls_ntop.o
#23 2.960     CC       mpls_pton.o
#23 2.988     CC       netrom_ntop.o
#23 3.010     AR       libutil.a
#23 3.015 
#23 3.015 ip
#23 3.017     CC       ip.o
#23 3.105     CC       ipaddress.o
#23 3.118 In file included from ipaddress.c:26:
#23 3.118 ../include/uapi/linux/sockios.h:42: warning: "SIOCGSTAMP" redefined
#23 3.118    42 | #define SIOCGSTAMP      SIOCGSTAMP_OLD
#23 3.118       | 
#23 3.118 In file included from /usr/include/sys/ioctl.h:10,
#23 3.118                  from ipaddress.c:14:
#23 3.118 /usr/include/bits/ioctl.h:111: note: this is the location of the previous definition
#23 3.118   111 | #define SIOCGSTAMP      0x8906
#23 3.118       | 
#23 3.118 ../include/uapi/linux/sockios.h:43: warning: "SIOCGSTAMPNS" redefined
#23 3.118    43 | #define SIOCGSTAMPNS    SIOCGSTAMPNS_OLD
#23 3.118       | 
#23 3.118 /usr/include/bits/ioctl.h:112: note: this is the location of the previous definition
#23 3.118   112 | #define SIOCGSTAMPNS    0x8907
#23 3.118       | 
#23 3.551     CC       ipaddrlabel.o
#23 3.612     CC       iproute.o
#23 4.119     CC       iprule.o
#23 4.302     CC       ipnetns.o
#23 4.488     CC       rtm_map.o
#23 4.524     CC       iptunnel.o
#23 4.536 In file included from ../include/uapi/linux/if_tunnel.h:6,
#23 4.536                  from iptunnel.c:19:
#23 4.536 ../include/uapi/linux/if.h:134: warning: "IFF_VOLATILE" redefined
#23 4.536   134 | #define IFF_VOLATILE    (IFF_LOOPBACK|IFF_POINTOPOINT|IFF_BROADCAST|IFF_ECHO|\
#23 4.536       | 
#23 4.536 In file included from iptunnel.c:16:
#23 4.536 /usr/include/net/if.h:48: note: this is the location of the previous definition
#23 4.536    48 | #define IFF_VOLATILE (IFF_LOOPBACK|IFF_POINTOPOINT|IFF_BROADCAST| \
#23 4.536       | 
#23 4.668     CC       ip6tunnel.o
#23 4.778     CC       tunnel.o
#23 4.877     CC       ipneigh.o
#23 5.039     CC       ipntable.o
#23 5.142     CC       iplink.o
#23 5.414     CC       ipmaddr.o
#23 5.427 In file included from ipmaddr.c:21:
#23 5.427 ../include/uapi/linux/sockios.h:42: warning: "SIOCGSTAMP" redefined
#23 5.427    42 | #define SIOCGSTAMP      SIOCGSTAMP_OLD
#23 5.427       | 
#23 5.427 In file included from /usr/include/sys/ioctl.h:10,
#23 5.427                  from ipmaddr.c:12:
#23 5.427 /usr/include/bits/ioctl.h:111: note: this is the location of the previous definition
#23 5.427   111 | #define SIOCGSTAMP      0x8906
#23 5.427       | 
#23 5.427 ../include/uapi/linux/sockios.h:43: warning: "SIOCGSTAMPNS" redefined
#23 5.427    43 | #define SIOCGSTAMPNS    SIOCGSTAMPNS_OLD
#23 5.427       | 
#23 5.427 /usr/include/bits/ioctl.h:112: note: this is the location of the previous definition
#23 5.427   112 | #define SIOCGSTAMPNS    0x8907
#23 5.427       | 
#23 5.506     CC       ipmonitor.o
#23 5.587     CC       ipmroute.o
#23 5.599 In file included from ipmroute.c:22:
#23 5.599 ../include/uapi/linux/sockios.h:42: warning: "SIOCGSTAMP" redefined
#23 5.599    42 | #define SIOCGSTAMP      SIOCGSTAMP_OLD
#23 5.599       | 
#23 5.599 In file included from /usr/include/sys/ioctl.h:10,
#23 5.599                  from ipmroute.c:13:
#23 5.599 /usr/include/bits/ioctl.h:111: note: this is the location of the previous definition
#23 5.599   111 | #define SIOCGSTAMP      0x8906
#23 5.599       | 
#23 5.599 ../include/uapi/linux/sockios.h:43: warning: "SIOCGSTAMPNS" redefined
#23 5.599    43 | #define SIOCGSTAMPNS    SIOCGSTAMPNS_OLD
#23 5.599       | 
#23 5.599 /usr/include/bits/ioctl.h:112: note: this is the location of the previous definition
#23 5.599   112 | #define SIOCGSTAMPNS    0x8907
#23 5.599       | 
#23 5.660     CC       ipprefix.o
#23 5.690     CC       iptuntap.o
#23 5.803     CC       iptoken.o
#23 5.863     CC       ipxfrm.o
#23 6.181     CC       xfrm_state.o
#23 6.440     CC       xfrm_policy.o
#23 6.668     CC       xfrm_monitor.o
#23 6.762     CC       iplink_dummy.o
#23 6.787     CC       iplink_ifb.o
#23 6.808     CC       iplink_nlmon.o
#23 6.828     CC       iplink_team.o
#23 6.851     CC       iplink_vcan.o
#23 6.872     CC       iplink_vxcan.o
#23 6.899     CC       iplink_vlan.o
#23 6.970     CC       link_veth.o
#23 6.997     CC       link_gre.o
#23 7.007 In file included from ../include/uapi/linux/if_tunnel.h:6,
#23 7.007                  from link_gre.c:15:
#23 7.007 ../include/uapi/linux/if.h:134: warning: "IFF_VOLATILE" redefined
#23 7.007   134 | #define IFF_VOLATILE    (IFF_LOOPBACK|IFF_POINTOPOINT|IFF_BROADCAST|IFF_ECHO|\
#23 7.007       | 
#23 7.007 In file included from link_gre.c:9:
#23 7.007 /usr/include/net/if.h:48: note: this is the location of the previous definition
#23 7.007    48 | #define IFF_VOLATILE (IFF_LOOPBACK|IFF_POINTOPOINT|IFF_BROADCAST| \
#23 7.007       | 
#23 7.119     CC       iplink_can.o
#23 7.260     CC       iplink_xdp.o
#23 7.321     CC       iplink_macvlan.o
#23 7.402     CC       ipl2tp.o
#23 7.565     CC       link_vti.o
#23 7.575 In file included from ../include/uapi/linux/if_tunnel.h:6,
#23 7.575                  from link_vti.c:16:
#23 7.575 ../include/uapi/linux/if.h:134: warning: "IFF_VOLATILE" redefined
#23 7.575   134 | #define IFF_VOLATILE    (IFF_LOOPBACK|IFF_POINTOPOINT|IFF_BROADCAST|IFF_ECHO|\
#23 7.575       | 
#23 7.575 In file included from link_vti.c:10:
#23 7.575 /usr/include/net/if.h:48: note: this is the location of the previous definition
#23 7.575    48 | #define IFF_VOLATILE (IFF_LOOPBACK|IFF_POINTOPOINT|IFF_BROADCAST| \
#23 7.575       | 
#23 7.620     CC       link_vti6.o
#23 7.630 In file included from ../include/uapi/linux/if_tunnel.h:6,
#23 7.630                  from link_vti6.c:17:
#23 7.630 ../include/uapi/linux/if.h:134: warning: "IFF_VOLATILE" redefined
#23 7.630   134 | #define IFF_VOLATILE    (IFF_LOOPBACK|IFF_POINTOPOINT|IFF_BROADCAST|IFF_ECHO|\
#23 7.630       | 
#23 7.630 In file included from link_vti6.c:11:
#23 7.630 /usr/include/net/if.h:48: note: this is the location of the previous definition
#23 7.630    48 | #define IFF_VOLATILE (IFF_LOOPBACK|IFF_POINTOPOINT|IFF_BROADCAST| \
#23 7.630       | 
#23 7.676     CC       link_xfrm.o
#23 7.712     CC       iplink_vxlan.o
#23 7.858     CC       tcp_metrics.o
#23 7.958     CC       iplink_ipoib.o
#23 7.998     CC       ipnetconf.o
#23 8.050     CC       link_ip6tnl.o
#23 8.060 In file included from ../include/uapi/linux/if_tunnel.h:6,
#23 8.060                  from link_ip6tnl.c:15:
#23 8.060 ../include/uapi/linux/if.h:134: warning: "IFF_VOLATILE" redefined
#23 8.060   134 | #define IFF_VOLATILE    (IFF_LOOPBACK|IFF_POINTOPOINT|IFF_BROADCAST|IFF_ECHO|\
#23 8.060       | 
#23 8.060 In file included from link_ip6tnl.c:9:
#23 8.060 /usr/include/net/if.h:48: note: this is the location of the previous definition
#23 8.060    48 | #define IFF_VOLATILE (IFF_LOOPBACK|IFF_POINTOPOINT|IFF_BROADCAST| \
#23 8.060       | 
#23 8.150     CC       link_iptnl.o
#23 8.161 In file included from ../include/uapi/linux/if_tunnel.h:6,
#23 8.161                  from link_iptnl.c:16:
#23 8.161 ../include/uapi/linux/if.h:134: warning: "IFF_VOLATILE" redefined
#23 8.161   134 | #define IFF_VOLATILE    (IFF_LOOPBACK|IFF_POINTOPOINT|IFF_BROADCAST|IFF_ECHO|\
#23 8.161       | 
#23 8.161 In file included from link_iptnl.c:9:
#23 8.161 /usr/include/net/if.h:48: note: this is the location of the previous definition
#23 8.161    48 | #define IFF_VOLATILE (IFF_LOOPBACK|IFF_POINTOPOINT|IFF_BROADCAST| \
#23 8.161       | 
#23 8.246     CC       link_gre6.o
#23 8.256 In file included from ../include/uapi/linux/if_tunnel.h:6,
#23 8.256                  from link_gre6.c:15:
#23 8.256 ../include/uapi/linux/if.h:134: warning: "IFF_VOLATILE" redefined
#23 8.256   134 | #define IFF_VOLATILE    (IFF_LOOPBACK|IFF_POINTOPOINT|IFF_BROADCAST|IFF_ECHO|\
#23 8.256       | 
#23 8.256 In file included from link_gre6.c:9:
#23 8.256 /usr/include/net/if.h:48: note: this is the location of the previous definition
#23 8.256    48 | #define IFF_VOLATILE (IFF_LOOPBACK|IFF_POINTOPOINT|IFF_BROADCAST| \
#23 8.256       | 
#23 8.369     CC       iplink_bond.o
#23 8.557     CC       iplink_bond_slave.o
#23 8.607     CC       iplink_hsr.o
#23 8.655     CC       iplink_bridge.o
#23 8.799     CC       iplink_bridge_slave.o
#23 8.899     CC       iplink_dsa.o
#23 8.930     CC       ipfou.o
#23 8.943 In file included from ../include/libgenl.h:5,
#23 8.943                  from ipfou.c:18:
#23 8.943 ../include/libnetlink.h: In function 'rta_getattr_be64':
#23 8.943 ../include/libnetlink.h:280:16: warning: implicit declaration of function 'htobe64' [-Wimplicit-function-declaration]
#23 8.943   280 |         return htobe64(rta_getattr_u64(rta));
#23 8.943       |                ^~~~~~~
#23 9.008     CC       iplink_ipvlan.o
#23 9.053     CC       iplink_geneve.o
#23 9.142     CC       iplink_vrf.o
#23 9.191     CC       iproute_lwtunnel.o
#23 9.617     CC       ipmacsec.o
#23 9.891     CC       ipila.o
#23 9.903 In file included from ../include/libgenl.h:5,
#23 9.903                  from ipila.c:18:
#23 9.903 ../include/libnetlink.h: In function 'rta_getattr_be64':
#23 9.903 ../include/libnetlink.h:280:16: warning: implicit declaration of function 'htobe64' [-Wimplicit-function-declaration]
#23 9.903   280 |         return htobe64(rta_getattr_u64(rta));
#23 9.903       |                ^~~~~~~
#23 9.965     CC       ipvrf.o
#23 10.08     CC       iplink_xstats.o
#23 10.11     CC       ipseg6.o
#23 10.16     CC       iplink_netdevsim.o
#23 10.18     CC       iplink_rmnet.o
#23 10.21     CC       ipnexthop.o
#23 10.44     CC       ipmptcp.o
#23 10.56     CC       iplink_bareudp.o
#23 10.57 In file included from iplink_bareudp.c:9:
#23 10.57 ../include/libnetlink.h: In function 'rta_getattr_be64':
#23 10.57 ../include/libnetlink.h:280:16: warning: implicit declaration of function 'htobe64' [-Wimplicit-function-declaration]
#23 10.57   280 |         return htobe64(rta_getattr_u64(rta));
#23 10.57       |                ^~~~~~~
#23 10.60     CC       iplink_wwan.o
#23 10.63     CC       ipioam6.o
#23 10.71     CC       iplink_amt.o
#23 10.76     CC       iplink_batadv.o
#23 10.79     CC       iplink_gtp.o
#23 10.83     CC       iplink_virt_wifi.o
#23 10.86     CC       iplink_netkit.o
#23 10.90     CC       ipstats.o
#23 11.09     LINK     ip
#23 11.13     CC       rtmon.o
#23 11.19     LINK     rtmon
#23 11.20 
#23 11.20 tc
#23 11.20     CC       tc.o
#23 11.29     CC       tc_qdisc.o
#23 11.41     CC       tc_class.o
#23 11.53     CC       tc_filter.o
#23 11.70     CC       tc_util.o
#23 11.90     CC       tc_monitor.o
#23 11.94     CC       tc_exec.o
#23 11.97     CC       m_police.o
#23 12.05     CC       m_estimator.o
#23 12.08     CC       m_action.o
#23 12.23     CC       m_ematch.o
#23 12.35     YACC     emp_ematch.tab.c
#23 12.41     CC       emp_ematch.tab.o
#23 12.51     LEX      emp_ematch.lex.c
#23 12.52     CC       emp_ematch.lex.o
#23 12.68     CC       q_fifo.o
#23 12.72     CC       q_sfq.o
#23 12.79     CC       q_red.o
#23 12.86     CC       q_prio.o
#23 12.91     CC       q_skbprio.o
#23 12.94     CC       q_tbf.o
#23 13.03     CC       q_multiq.o
#23 13.06     CC       q_netem.o
#23 13.28     CC       q_choke.o
#23 13.34     CC       q_sfb.o
#23 13.40     CC       f_u32.o
#23 13.66     CC       f_route.o
#23 13.71     CC       f_fw.o
#23 13.76     CC       f_basic.o
#23 13.80     CC       f_bpf.o
#23 13.90     CC       f_flow.o
#23 13.98     CC       f_cgroup.o
#23 14.02     CC       f_flower.o
#23 14.03 In file included from ../include/uapi/linux/netdevice.h:29,
#23 14.03                  from ../include/uapi/linux/if_arp.h:27,
#23 14.03                  from f_flower.c:14:
#23 14.03 ../include/uapi/linux/if.h:134: warning: "IFF_VOLATILE" redefined
#23 14.03   134 | #define IFF_VOLATILE    (IFF_LOOPBACK|IFF_POINTOPOINT|IFF_BROADCAST|IFF_ECHO|\
#23 14.03       | 
#23 14.03 In file included from f_flower.c:12:
#23 14.03 /usr/include/net/if.h:48: note: this is the location of the previous definition
#23 14.03    48 | #define IFF_VOLATILE (IFF_LOOPBACK|IFF_POINTOPOINT|IFF_BROADCAST| \
#23 14.03       | 
#23 14.55     CC       q_gred.o
#23 14.65     CC       q_ingress.o
#23 14.68     CC       q_hfsc.o
#23 14.77     CC       q_htb.o
#23 14.86     CC       q_drr.o
#23 14.90     CC       q_qfq.o
#23 14.95     CC       m_gact.o
#23 14.99     CC       m_mirred.o
#23 15.06     CC       m_mpls.o
#23 15.14     CC       m_nat.o
#23 15.19     CC       m_pedit.o
#23 15.32     CC       m_ife.o
#23 15.39     CC       m_skbedit.o
#23 15.46     CC       m_skbmod.o
#23 15.51     CC       m_csum.o
#23 15.57     CC       m_simple.o
#23 15.61     CC       m_vlan.o
#23 15.68     CC       m_connmark.o
#23 15.71     CC       m_ctinfo.o
#23 15.77     CC       m_bpf.o
#23 15.82     CC       m_tunnel_key.o
#23 15.94     CC       m_sample.o
#23 16.00     CC       m_ct.o
#23 16.11     CC       m_gate.o
#23 16.21     CC       p_ip.o
#23 16.25     CC       p_ip6.o
#23 16.29     CC       p_icmp.o
#23 16.32     CC       p_eth.o
#23 16.35     CC       p_tcp.o
#23 16.39     CC       p_udp.o
#23 16.42     CC       em_nbyte.o
#23 16.46     CC       em_cmp.o
#23 16.52     CC       em_u32.o
#23 16.57     CC       em_canid.o
#23 16.61     CC       em_meta.o
#23 16.74     CC       q_mqprio.o
#23 16.86     CC       q_codel.o
#23 16.93     CC       q_fq_codel.o
#23 17.01     CC       q_fq.o
#23 17.13     CC       q_pie.o
#23 17.19     CC       q_fq_pie.o
#23 17.25     CC       q_cake.o
#23 17.45     CC       q_hhf.o
#23 17.51     CC       q_clsact.o
#23 17.54     CC       e_bpf.o
#23 17.60     CC       f_matchall.o
#23 17.64     CC       q_cbs.o
#23 17.70     CC       q_etf.o
#23 17.76     CC       q_taprio.o
#23 17.91     CC       q_plug.o
#23 17.94     CC       q_ets.o
#23 18.02     CC       em_ipt.o
#23 18.04 In file included from tc_util.h:7,
#23 18.04                  from m_ematch.h:11,
#23 18.04                  from em_ipt.c:13:
#23 18.04 ../include/uapi/linux/if.h:134: warning: "IFF_VOLATILE" redefined
#23 18.04   134 | #define IFF_VOLATILE    (IFF_LOOPBACK|IFF_POINTOPOINT|IFF_BROADCAST|IFF_ECHO|\
#23 18.04       | 
#23 18.04 In file included from ../include/xtables.h:17,
#23 18.04                  from em_ipt.c:12:
#23 18.04 /usr/include/net/if.h:48: note: this is the location of the previous definition
#23 18.04    48 | #define IFF_VOLATILE (IFF_LOOPBACK|IFF_POINTOPOINT|IFF_BROADCAST| \
#23 18.04       | 
#23 18.07     CC       em_ipset.o
#23 18.09 In file included from tc_util.h:7,
#23 18.09                  from m_ematch.h:11,
#23 18.09                  from em_ipset.c:39:
#23 18.09 ../include/uapi/linux/if.h:134: warning: "IFF_VOLATILE" redefined
#23 18.09   134 | #define IFF_VOLATILE    (IFF_LOOPBACK|IFF_POINTOPOINT|IFF_BROADCAST|IFF_ECHO|\
#23 18.09       | 
#23 18.09 In file included from ../include/xtables.h:17,
#23 18.09                  from em_ipset.c:23:
#23 18.09 /usr/include/net/if.h:48: note: this is the location of the previous definition
#23 18.09    48 | #define IFF_VOLATILE (IFF_LOOPBACK|IFF_POINTOPOINT|IFF_BROADCAST| \
#23 18.09       | 
#23 18.12     CC       tc_core.o
#23 18.19     CC       tc_red.o
#23 18.24     CC       tc_estimator.o
#23 18.27     CC       tc_stab.o
#23 18.33     CC       tc_qevent.o
#23 18.34 In file included from tc_qevent.h:7,
#23 18.34                  from tc_qevent.c:10:
#23 18.34 ../include/libnetlink.h: In function 'rta_getattr_be64':
#23 18.34 ../include/libnetlink.h:280:16: warning: implicit declaration of function 'htobe64' [-Wimplicit-function-declaration]
#23 18.34   280 |         return htobe64(rta_getattr_u64(rta));
#23 18.34       |                ^~~~~~~
#23 18.39     AR       libtc.a
#23 18.39     LINK     tc
#23 18.42 rm emp_ematch.lex.c
#23 18.42 
#23 18.42 bridge
#23 18.42     CC       bridge.o
#23 18.47     CC       fdb.o
#23 18.49 In file included from fdb.c:28:
#23 18.49 ../include/libnetlink.h: In function 'rta_getattr_be64':
#23 18.49 ../include/libnetlink.h:280:16: warning: implicit declaration of function 'htobe64' [-Wimplicit-function-declaration]
#23 18.49   280 |         return htobe64(rta_getattr_u64(rta));
#23 18.49       |                ^~~~~~~
#23 18.66     CC       monitor.o
#23 18.70     CC       link.o
#23 18.72 In file included from link.c:16:
#23 18.72 ../include/libnetlink.h: In function 'rta_getattr_be64':
#23 18.72 ../include/libnetlink.h:280:16: warning: implicit declaration of function 'htobe64' [-Wimplicit-function-declaration]
#23 18.72   280 |         return htobe64(rta_getattr_u64(rta));
#23 18.72       |                ^~~~~~~
#23 18.87     CC       mdb.o
#23 18.89 In file included from mdb.c:20:
#23 18.89 ../include/libnetlink.h: In function 'rta_getattr_be64':
#23 18.89 ../include/libnetlink.h:280:16: warning: implicit declaration of function 'htobe64' [-Wimplicit-function-declaration]
#23 18.89   280 |         return htobe64(rta_getattr_u64(rta));
#23 18.89       |                ^~~~~~~
#23 19.06     CC       vlan.o
#23 19.08 In file included from vlan.c:16:
#23 19.08 ../include/libnetlink.h: In function 'rta_getattr_be64':
#23 19.08 ../include/libnetlink.h:280:16: warning: implicit declaration of function 'htobe64' [-Wimplicit-function-declaration]
#23 19.08   280 |         return htobe64(rta_getattr_u64(rta));
#23 19.08       |                ^~~~~~~
#23 19.31     CC       vni.o
#23 19.32 In file included from vni.c:21:
#23 19.32 ../include/libnetlink.h: In function 'rta_getattr_be64':
#23 19.32 ../include/libnetlink.h:280:16: warning: implicit declaration of function 'htobe64' [-Wimplicit-function-declaration]
#23 19.32   280 |         return htobe64(rta_getattr_u64(rta));
#23 19.32       |                ^~~~~~~
#23 19.39     LINK     bridge
#23 19.41 
#23 19.41 misc
#23 19.41     CC       ss.o
#23 19.43 In file included from ../include/uapi/linux/tipc.h:42,
#23 19.43                  from ss.c:49:
#23 19.43 ../include/uapi/linux/sockios.h:42: warning: "SIOCGSTAMP" redefined
#23 19.43    42 | #define SIOCGSTAMP      SIOCGSTAMP_OLD
#23 19.43       | 
#23 19.43 In file included from /usr/include/sys/ioctl.h:10,
#23 19.43                  from ss.c:12:
#23 19.43 /usr/include/bits/ioctl.h:111: note: this is the location of the previous definition
#23 19.43   111 | #define SIOCGSTAMP      0x8906
#23 19.43       | 
#23 19.43 ../include/uapi/linux/sockios.h:43: warning: "SIOCGSTAMPNS" redefined
#23 19.43    43 | #define SIOCGSTAMPNS    SIOCGSTAMPNS_OLD
#23 19.43       | 
#23 19.43 /usr/include/bits/ioctl.h:112: note: this is the location of the previous definition
#23 19.43   112 | #define SIOCGSTAMPNS    0x8907
#23 19.43       | 
#23 20.29     CC       ssfilter_check.o
#23 20.31 In file included from ssfilter_check.c:6:
#23 20.31 ../include/libnetlink.h: In function 'rta_getattr_be64':
#23 20.31 ../include/libnetlink.h:280:16: warning: implicit declaration of function 'htobe64' [-Wimplicit-function-declaration]
#23 20.31   280 |         return htobe64(rta_getattr_u64(rta));
#23 20.31       |                ^~~~~~~
#23 20.33     YACC     ssfilter.tab.c
#23 20.39     CC       ssfilter.tab.o
#23 20.49     LINK     ss
#23 20.51     CC       nstat
#23 20.67     CC       ifstat
#23 20.68 In file included from ifstat.c:30:
#23 20.68 ../include/libnetlink.h: In function 'rta_getattr_be64':
#23 20.68 ../include/libnetlink.h:280:16: warning: implicit declaration of function 'htobe64' [-Wimplicit-function-declaration]
#23 20.68   280 |         return htobe64(rta_getattr_u64(rta));
#23 20.68       |                ^~~~~~~
#23 20.85     CC       rtacct
#23 20.98     CC       lnstat.o
#23 21.05     CC       lnstat_util.o
#23 21.12     LINK     lnstat
#23 21.13 
#23 21.13 netem
#23 21.13 gcc  -I../include -o maketable maketable.c -lm
#23 21.16 gcc  -I../include -o normal normal.c -lm
#23 21.19 gcc  -I../include -o pareto pareto.c -lm
#23 21.21 gcc  -I../include -o paretonormal paretonormal.c -lm
#23 21.24 ./normal > normal.dist
#23 21.25 ./pareto > pareto.dist
#23 21.25 ./paretonormal > paretonormal.dist
#23 21.26 ./maketable experimental.dat > experimental.dist
#23 21.26 
#23 21.26 genl
#23 21.27     CC       genl.o
#23 21.30     CC       ctrl.o
#23 21.38     LINK     genl
#23 21.39 
#23 21.39 man
#23 21.39 make[2]: Nothing to be done for 'all'.
#23 21.39 make[2]: Nothing to be done for 'all'.
#23 21.39 sed \
#23 21.39 	-e "s|@NETNS_ETC_DIR@|/etc/netns|g" \
#23 21.39 	-e "s|@NETNS_RUN_DIR@|/var/run/netns|g" \
#23 21.39 	-e "s|@SYSCONF_ETC_DIR@|/etc/iproute2|g" \
#23 21.39 	-e "s|@SYSCONF_USR_DIR@|/usr/share/iproute2|g" \
#23 21.39 	ip-address.8.in > ip-address.8
#23 21.40 sed \
#23 21.40 	-e "s|@NETNS_ETC_DIR@|/etc/netns|g" \
#23 21.40 	-e "s|@NETNS_RUN_DIR@|/var/run/netns|g" \
#23 21.40 	-e "s|@SYSCONF_ETC_DIR@|/etc/iproute2|g" \
#23 21.40 	-e "s|@SYSCONF_USR_DIR@|/usr/share/iproute2|g" \
#23 21.40 	ip-link.8.in > ip-link.8
#23 21.40 sed \
#23 21.40 	-e "s|@NETNS_ETC_DIR@|/etc/netns|g" \
#23 21.40 	-e "s|@NETNS_RUN_DIR@|/var/run/netns|g" \
#23 21.40 	-e "s|@SYSCONF_ETC_DIR@|/etc/iproute2|g" \
#23 21.40 	-e "s|@SYSCONF_USR_DIR@|/usr/share/iproute2|g" \
#23 21.40 	ip-netns.8.in > ip-netns.8
#23 21.40 sed \
#23 21.40 	-e "s|@NETNS_ETC_DIR@|/etc/netns|g" \
#23 21.40 	-e "s|@NETNS_RUN_DIR@|/var/run/netns|g" \
#23 21.40 	-e "s|@SYSCONF_ETC_DIR@|/etc/iproute2|g" \
#23 21.40 	-e "s|@SYSCONF_USR_DIR@|/usr/share/iproute2|g" \
#23 21.40 	ip-route.8.in > ip-route.8
#23 21.41 
#23 21.41 tipc
#23 21.41     CC       bearer.o
#23 21.59     CC       cmdl.o
#23 21.62     CC       link.o
#23 21.82     CC       media.o
#23 21.87     CC       misc.o
#23 21.92     CC       msg.o
#23 21.94     CC       nametable.o
#23 21.98     CC       node.o
#23 22.07     CC       socket.o
#23 22.10     CC       peer.o
#23 22.14     CC       tipc.o
#23 22.17     LINK     tipc
#23 22.18 
#23 22.18 devlink
#23 22.18     CC       devlink.o
#23 23.87     CC       mnlg.o
#23 23.88 In file included from mnlg.c:16:
#23 23.88 ../include/libnetlink.h: In function 'rta_getattr_be64':
#23 23.88 ../include/libnetlink.h:280:16: warning: implicit declaration of function 'htobe64' [-Wimplicit-function-declaration]
#23 23.88   280 |         return htobe64(rta_getattr_u64(rta));
#23 23.88       |                ^~~~~~~
#23 23.91     LINK     devlink
#23 23.92 
#23 23.92 rdma
#23 23.92     CC       rdma.o
#23 23.94 rdma.c: In function 'main':
#23 23.94 rdma.c:110:20: warning: implicit declaration of function 'basename'; did you mean 'rename'? [-Wimplicit-function-declaration]
#23 23.94   110 |         filename = basename(argv[0]);
#23 23.94       |                    ^~~~~~~~
#23 23.94       |                    rename
#23 23.94 rdma.c:110:18: warning: assignment to 'char *' from 'int' makes pointer from integer without a cast [-Wint-conversion]
#23 23.94   110 |         filename = basename(argv[0]);
#23 23.94       |                  ^
#23 23.97     CC       utils.o
#23 24.15     CC       dev.o
#23 24.22     CC       link.o
#23 24.29     CC       res.o
#23 24.40     CC       res-pd.o
#23 24.44     CC       res-mr.o
#23 24.49     CC       res-cq.o
#23 24.54     CC       res-cmid.o
#23 24.60     CC       res-qp.o
#23 24.66     CC       sys.o
#23 24.72     CC       stat.o
#23 24.93     CC       stat-mr.o
#23 24.97     CC       res-ctx.o
#23 25.01     CC       res-srq.o
#23 25.08     LINK     rdma
#23 25.09 
#23 25.09 dcb
#23 25.09     CC       dcb.o
#23 25.11 In file included from ../include/namespace.h:10,
#23 25.11                  from dcb.c:11:
#23 25.11 ../include/libnetlink.h: In function 'rta_getattr_be64':
#23 25.11 ../include/libnetlink.h:280:16: warning: implicit declaration of function 'htobe64' [-Wimplicit-function-declaration]
#23 25.11   280 |         return htobe64(rta_getattr_u64(rta));
#23 25.11       |                ^~~~~~~
#23 25.21     CC       dcb_app.o
#23 25.42     CC       dcb_buffer.o
#23 25.48     CC       dcb_dcbx.o
#23 25.54     CC       dcb_ets.o
#23 25.63     CC       dcb_maxrate.o
#23 25.68     CC       dcb_pfc.o
#23 25.75     CC       dcb_apptrust.o
#23 25.82     CC       dcb_rewr.o
#23 25.90     LINK     dcb
#23 25.91 
#23 25.91 vdpa
#23 25.91     CC       vdpa.o
#23 26.08     LINK     vdpa
#23 DONE 26.1s

#24 [20/22] RUN git clone --no-single-branch --depth=1 https://github.com/linux-netdev/testing.git /nipa-data/kernel
#24 0.375 Cloning into '/nipa-data/kernel'...
#24 25.54 Updating files:  15% (13320/83283)Updating files:  16% (13326/83283)Updating files:  17% (14159/83283)Updating files:  18% (14991/83283)Updating files:  19% (15824/83283)Updating files:  20% (16657/83283)Updating files:  21% (17490/83283)Updating files:  22% (18323/83283)Updating files:  23% (19156/83283)Updating files:  24% (19988/83283)Updating files:  25% (20821/83283)Updating files:  26% (21654/83283)Updating files:  27% (22487/83283)Updating files:  28% (23320/83283)Updating files:  29% (24153/83283)Updating files:  30% (24985/83283)Updating files:  31% (25818/83283)Updating files:  32% (26651/83283)Updating files:  33% (27484/83283)Updating files:  33% (27818/83283)Updating files:  34% (28317/83283)Updating files:  35% (29150/83283)Updating files:  36% (29982/83283)Updating files:  37% (30815/83283)Updating files:  38% (31648/83283)Updating files:  39% (32481/83283)Updating files:  40% (33314/83283)Updating files:  40% (33596/83283)Updating files:  41% (34147/83283)Updating files:  42% (34979/83283)Updating files:  43% (35812/83283)Updating files:  44% (36645/83283)Updating files:  45% (37478/83283)Updating files:  46% (38311/83283)Updating files:  47% (39144/83283)Updating files:  48% (39976/83283)Updating files:  49% (40809/83283)Updating files:  50% (41642/83283)Updating files:  50% (42112/83283)Updating files:  51% (42475/83283)Updating files:  52% (43308/83283)Updating files:  53% (44140/83283)Updating files:  54% (44973/83283)Updating files:  55% (45806/83283)Updating files:  56% (46639/83283)Updating files:  57% (47472/83283)Updating files:  58% (48305/83283)Updating files:  59% (49137/83283)Updating files:  60% (49970/83283)Updating files:  61% (50803/83283)Updating files:  62% (51636/83283)Updating files:  63% (52469/83283)Updating files:  64% (53302/83283)Updating files:  64% (53383/83283)Updating files:  65% (54134/83283)Updating files:  66% (54967/83283)Updating files:  67% (55800/83283)Updating files:  68% (56633/83283)Updating files:  69% (57466/83283)Updating files:  70% (58299/83283)Updating files:  71% (59131/83283)Updating files:  72% (59964/83283)Updating files:  73% (60797/83283)Updating files:  74% (61630/83283)Updating files:  75% (62463/83283)Updating files:  76% (63296/83283)Updating files:  77% (64128/83283)Updating files:  78% (64961/83283)Updating files:  79% (65794/83283)Updating files:  80% (66627/83283)Updating files:  80% (67287/83283)Updating files:  81% (67460/83283)Updating files:  82% (68293/83283)Updating files:  83% (69125/83283)Updating files:  84% (69958/83283)Updating files:  85% (70791/83283)Updating files:  86% (71624/83283)Updating files:  87% (72457/83283)Updating files:  88% (73290/83283)Updating files:  89% (74122/83283)Updating files:  90% (74955/83283)Updating files:  91% (75788/83283)Updating files:  92% (76621/83283)Updating files:  93% (77454/83283)Updating files:  94% (78287/83283)Updating files:  95% (79119/83283)Updating files:  96% (79952/83283)Updating files:  97% (80785/83283)Updating files:  98% (81618/83283)Updating files:  99% (82451/83283)Updating files:  99% (83064/83283)Updating files: 100% (83283/83283)Updating files: 100% (83283/83283), done.
#24 DONE 33.4s

#25 [21/22] RUN git clone --depth=1 -b main https://github.com/p4tc-dev/new-nipa.git nipa
#25 0.367 Cloning into 'nipa'...
#25 DONE 0.7s

#26 [22/22] COPY entrypoint.sh /entrypoint.sh
#26 DONE 0.0s

#27 exporting to image
#27 exporting layers
#27 exporting layers 6.7s done
#27 writing image sha256:9ecbb21722afff0fc087f094212d0ad7676ade60cf09ef73aa7aa0b24ef62d3c 0.1s done
#27 naming to docker.io/library/nipa-executor
#27 naming to docker.io/library/nipa-executor 0.2s done
#27 DONE 7.0s
NIPA version: 1b9c21a (ui: set canvas background color to stand out, 2024-03-28)
INFO: Last run date: 2024-07-03 12:00:03.265618+00:00
Testing  {'branch': 'net-next-2024-07-03--15-00', 'date': '2024-07-03T15:00:03.066773+00:00', 'base': 'f720554a403704ed358b0949911ccd528593ab59', 'url': 'https://github.com/linux-netdev/testing.git net-next-2024-07-03--15-00'}
Updating files: 100% (22349/22349), done.
branch 'net-next-2024-07-03--15-00' set up to track 'origin/net-next-2024-07-03--15-00'.
Switched to a new branch 'net-next-2024-07-03--15-00'
error: No valid patches in input (allow with "--allow-empty")
Checking patch tools/testing/selftests/tc-testing/tdc_config.py...
Applied patch tools/testing/selftests/tc-testing/tdc_config.py cleanly.
Run at 2024-07-03 15:03:38.929394
INFO: building kernel
INFO: starting VM 0
INFO: thr0-0 VM starting: vng -v -r arch/x86/boot/bzImage --user root --rwdir=/nipa-data/kernel/
INFO: thr0-0 expecting prompt: '/nipa-data/kernel# '
INFO: thr0-0 reached initial prompt
INFO: thr-0 testing == tdc.sh
INFO: thr-0 tdc.sh >> retcode: 0 result: pass found {'fail': False, 'skip': False, 'pass': True}
INFO: thr-0 has no more work, exiting
INFO: thr0-0 VM stopped
Done at 2024-07-03 15:07:12.307651
NIPA quitting!
/
~/nipa/tc-executor/tc-executor-storage /
sort: write failed: 'standard output': Broken pipe
sort: write error
