~/nipa/tc-executor/tc-executor-storage /
Switched to branch 'storage-dbg'
Your branch is ahead of 'origin/storage-dbg' by 414 commits.
  (use "git push" to publish your local commits)
/
~/nipa/tc-executor /
Error response from daemon: No such image: nipa-executor:latest
#0 building with "default" instance using docker driver

#1 [internal] load .dockerignore
#1 transferring context: 2B done
#1 DONE 0.0s

#2 [internal] load build definition from Dockerfile
#2 transferring dockerfile: 2.22kB done
#2 DONE 0.0s

#3 [internal] load metadata for docker.io/library/alpine:edge
#3 DONE 0.0s

#4 [ 1/23] FROM docker.io/library/alpine:edge
#4 CACHED

#5 [internal] load build context
#5 transferring context: 3.02kB done
#5 DONE 0.0s

#6 [ 2/23] RUN echo true > debug-mode
#6 DONE 0.5s

#7 [ 3/23] RUN addgroup -g 1001 hostuser
#7 DONE 0.4s

#8 [ 4/23] RUN adduser -u 1001 -G hostuser -H -D -s /bin/ash hostuser
#8 DONE 0.4s

#9 [ 5/23] RUN echo '@testing http://dl-cdn.alpinelinux.org/alpine/edge/testing' >> /etc/apk/repositories
#9 DONE 0.4s

#10 [ 6/23] RUN echo '@community http://dl-cdn.alpinelinux.org/alpine/edge/community' >> /etc/apk/repositories
#10 DONE 0.4s

#11 [ 7/23] RUN apk update && apk add --no-cache    virtme-ng@testing    git    py3-requests    py3-psutil    py3-setuptools    py3-pyroute2    py3-argcomplete    qemu-system-x86_64@community    scapy@community    make    gcc    musl-dev    flex    bison    linux-headers    elfutils-dev    util-linux    coreutils    diffutils    findutils    file    bash    kmod    perl    iptables-dev    libcap-dev    libmnl-dev    iproute2    jq    libbpf-dev    rsync    openssl-dev
#11 0.399 fetch https://dl-cdn.alpinelinux.org/alpine/edge/main/x86_64/APKINDEX.tar.gz
#11 0.633 fetch https://dl-cdn.alpinelinux.org/alpine/edge/community/x86_64/APKINDEX.tar.gz
#11 0.827 fetch http://dl-cdn.alpinelinux.org/alpine/edge/testing/x86_64/APKINDEX.tar.gz
#11 1.030 fetch http://dl-cdn.alpinelinux.org/alpine/edge/community/x86_64/APKINDEX.tar.gz
#11 1.266 v20240329-548-g66e193260a0 [https://dl-cdn.alpinelinux.org/alpine/edge/main]
#11 1.266 v20240329-527-g80e08c3cdd1 [https://dl-cdn.alpinelinux.org/alpine/edge/community]
#11 1.266 v20240329-527-g80e08c3cdd1 [http://dl-cdn.alpinelinux.org/alpine/edge/testing]
#11 1.266 v20240329-527-g80e08c3cdd1 [http://dl-cdn.alpinelinux.org/alpine/edge/community]
#11 1.266 OK: 30877 distinct packages available
#11 1.323 fetch https://dl-cdn.alpinelinux.org/alpine/edge/main/x86_64/APKINDEX.tar.gz
#11 1.424 fetch https://dl-cdn.alpinelinux.org/alpine/edge/community/x86_64/APKINDEX.tar.gz
#11 1.523 fetch http://dl-cdn.alpinelinux.org/alpine/edge/testing/x86_64/APKINDEX.tar.gz
#11 1.622 fetch http://dl-cdn.alpinelinux.org/alpine/edge/community/x86_64/APKINDEX.tar.gz
#11 1.843 (1/176) Upgrading musl (1.2.4_git20230717-r5 -> 1.2.5-r0)
#11 1.860 (2/176) Upgrading libcrypto3 (3.1.4-r2 -> 3.2.1-r1)
#11 1.894 (3/176) Upgrading libssl3 (3.1.4-r2 -> 3.2.1-r1)
#11 1.912 (4/176) Upgrading zlib (1.3-r2 -> 1.3.1-r0)
#11 1.926 (5/176) Installing ncurses-terminfo-base (6.4_p20240309-r0)
#11 1.940 (6/176) Installing libncursesw (6.4_p20240309-r0)
#11 1.955 (7/176) Installing readline (8.2.10-r0)
#11 1.969 (8/176) Installing bash (5.2.26-r0)
#11 1.992 Executing bash-5.2.26-r0.post-install
#11 1.996 (9/176) Installing m4 (1.4.19-r3)
#11 2.010 (10/176) Installing bison (3.8.2-r1)
#11 2.033 (11/176) Installing coreutils-env (9.5-r0)
#11 2.047 (12/176) Installing coreutils-fmt (9.5-r0)
#11 2.061 (13/176) Installing coreutils-sha512sum (9.5-r0)
#11 2.073 (14/176) Installing libacl (2.3.2-r0)
#11 2.085 (15/176) Installing libattr (2.5.2-r0)
#11 2.097 (16/176) Installing skalibs (2.14.1.1-r0)
#11 2.113 (17/176) Installing utmps-libs (0.1.2.2-r1)
#11 2.125 (18/176) Installing coreutils (9.5-r0)
#11 2.151 (19/176) Installing diffutils (3.10-r0)
#11 2.166 (20/176) Installing zstd-libs (1.5.6-r0)
#11 2.184 (21/176) Installing libelf (0.191-r0)
#11 2.197 (22/176) Installing libbz2 (1.0.8-r6)
#11 2.210 (23/176) Installing musl-fts (1.2.7-r6)
#11 2.222 (24/176) Installing xz-libs (5.6.1-r2)
#11 2.236 (25/176) Installing libdw (0.191-r0)
#11 2.256 (26/176) Installing libasm (0.191-r0)
#11 2.268 (27/176) Installing libintl (0.22.5-r0)
#11 2.281 (28/176) Installing xz (5.6.1-r2)
#11 2.300 (29/176) Installing pkgconf (2.2.0-r0)
#11 2.314 (30/176) Installing xz-dev (5.6.1-r2)
#11 2.329 (31/176) Installing libgcc (13.2.1_git20240309-r0)
#11 2.343 (32/176) Installing libstdc++ (13.2.1_git20240309-r0)
#11 2.368 (33/176) Installing zstd (1.5.6-r0)
#11 2.384 (34/176) Installing zstd-dev (1.5.6-r0)
#11 2.398 (35/176) Installing zlib-dev (1.3.1-r0)
#11 2.411 (36/176) Installing elfutils-dev (0.191-r0)
#11 2.436 (37/176) Installing libmagic (5.45-r1)
#11 2.477 (38/176) Installing file (5.45-r1)
#11 2.489 (39/176) Installing findutils (4.9.0-r5)
#11 2.506 (40/176) Installing flex (2.6.4-r6)
#11 2.520 (41/176) Installing jansson (2.14-r4)
#11 2.532 (42/176) Installing binutils (2.42-r0)
#11 2.595 (43/176) Installing libgomp (13.2.1_git20240309-r0)
#11 2.611 (44/176) Installing libatomic (13.2.1_git20240309-r0)
#11 2.624 (45/176) Installing gmp (6.3.0-r0)
#11 2.641 (46/176) Installing isl26 (0.26-r1)
#11 2.666 (47/176) Installing mpfr4 (4.2.1-r0)
#11 2.685 (48/176) Installing mpc1 (1.3.1-r1)
#11 2.698 (49/176) Installing gcc (13.2.1_git20240309-r0)
#11 3.182 (50/176) Installing ca-certificates (20240226-r0)
#11 3.204 (51/176) Installing brotli-libs (1.1.0-r1)
#11 3.223 (52/176) Installing c-ares (1.27.0-r0)
#11 3.238 (53/176) Installing libunistring (1.2-r0)
#11 3.260 (54/176) Installing libidn2 (2.3.7-r0)
#11 3.275 (55/176) Installing nghttp2-libs (1.60.0-r0)
#11 3.289 (56/176) Installing libpsl (0.21.5-r1)
#11 3.301 (57/176) Installing libcurl (8.7.1-r0)
#11 3.321 (58/176) Installing libexpat (2.6.2-r0)
#11 3.335 (59/176) Installing pcre2 (10.43-r0)
#11 3.353 (60/176) Installing git (2.44.0-r1)
#11 3.406 (61/176) Installing git-init-template (2.44.0-r1)
#11 3.419 (62/176) Installing libcap2 (2.69-r1)
#11 3.431 (63/176) Installing libmnl (1.0.5-r2)
#11 3.443 (64/176) Installing iproute2-minimal (6.8.0-r0)
#11 3.460 (65/176) Installing libxtables (1.8.10-r3)
#11 3.473 (66/176) Installing iproute2-tc (6.8.0-r0)
#11 3.490 (67/176) Installing iproute2-ss (6.8.0-r0)
#11 3.503 (68/176) Installing iproute2 (6.8.0-r0)
#11 3.520 Executing iproute2-6.8.0-r0.post-install
#11 3.523 (69/176) Installing linux-headers (6.6-r0)
#11 3.616 (70/176) Installing libip4tc (1.8.10-r3)
#11 3.628 (71/176) Installing libip6tc (1.8.10-r3)
#11 3.641 (72/176) Installing libipq (1.8.10-r3)
#11 3.655 (73/176) Installing iptables-dev (1.8.10-r3)
#11 3.668 (74/176) Installing oniguruma (6.9.9-r0)
#11 3.684 (75/176) Installing jq (1.7.1-r0)
#11 3.700 (76/176) Installing kmod (31-r4)
#11 3.714 (77/176) Installing libbpf (1.4.0-r0)
#11 3.758 (78/176) Installing libbpf-dev (1.4.0-r0)
#11 3.776 (79/176) Installing libcap-dev (2.69-r1)
#11 3.789 (80/176) Installing libmnl-dev (1.0.5-r2)
#11 3.801 (81/176) Installing make (4.4.1-r2)
#11 3.817 (82/176) Installing musl-dev (1.2.5-r0)
#11 3.902 (83/176) Installing openssl-dev (3.2.1-r1)
#11 3.929 (84/176) Installing perl (5.38.2-r0)
#11 4.114 (85/176) Installing perl-error (0.17029-r2)
#11 4.127 (86/176) Installing perl-git (2.44.0-r1)
#11 4.140 (87/176) Installing git-perl (2.44.0-r1)
#11 4.153 (88/176) Installing libffi (3.4.6-r0)
#11 4.165 (89/176) Installing gdbm (1.23-r1)
#11 4.178 (90/176) Installing mpdecimal (4.0.0-r0)
#11 4.192 (91/176) Installing libpanelw (6.4_p20240309-r0)
#11 4.204 (92/176) Installing sqlite-libs (3.45.2-r0)
#11 4.226 (93/176) Installing python3 (3.11.8-r0)
#11 4.364 (94/176) Installing python3-pycache-pyc0 (3.11.8-r0)
#11 4.458 (95/176) Installing pyc (3.11.8-r0)
#11 4.471 (96/176) Installing py3-argcomplete-pyc (3.2.3-r0)
#11 4.485 (97/176) Installing python3-pyc (3.11.8-r0)
#11 4.497 (98/176) Installing py3-argcomplete (3.2.3-r0)
#11 4.511 (99/176) Installing py3-psutil (5.9.8-r0)
#11 4.530 (100/176) Installing py3-psutil-pyc (5.9.8-r0)
#11 4.546 (101/176) Installing py3-pyroute2 (0.7.12-r0)
#11 4.575 (102/176) Installing py3-pyroute2-pyc (0.7.12-r0)
#11 4.613 (103/176) Installing py3-certifi (2024.2.2-r0)
#11 4.625 (104/176) Installing py3-certifi-pyc (2024.2.2-r0)
#11 4.637 (105/176) Installing py3-charset-normalizer (3.3.2-r0)
#11 4.652 (106/176) Installing py3-charset-normalizer-pyc (3.3.2-r0)
#11 4.668 (107/176) Installing py3-idna (3.6-r0)
#11 4.683 (108/176) Installing py3-idna-pyc (3.6-r0)
#11 4.697 (109/176) Installing py3-urllib3 (1.26.18-r0)
#11 4.716 (110/176) Installing py3-urllib3-pyc (1.26.18-r0)
#11 4.736 (111/176) Installing py3-requests (2.31.0-r1)
#11 4.751 (112/176) Installing py3-requests-pyc (2.31.0-r1)
#11 4.765 (113/176) Installing py3-parsing (3.1.2-r0)
#11 4.780 (114/176) Installing py3-parsing-pyc (3.1.2-r0)
#11 4.796 (115/176) Installing py3-packaging (24.0-r0)
#11 4.810 (116/176) Installing py3-packaging-pyc (24.0-r0)
#11 4.826 (117/176) Installing py3-setuptools (69.2.0-r0)
#11 4.860 (118/176) Installing py3-setuptools-pyc (69.2.0-r0)
#11 4.903 (119/176) Installing libcap-ng (0.8.4-r0)
#11 4.915 (120/176) Installing libblkid (2.39.3-r1)
#11 4.929 (121/176) Installing libmount (2.39.3-r1)
#11 4.947 (122/176) Installing glib (2.80.0-r0)
#11 4.987 (123/176) Installing numactl (2.0.18-r0)
#11 4.999 (124/176) Installing qemu (8.2.2-r0)
#11 5.014 Executing qemu-8.2.2-r0.pre-install
#11 5.077 Executing qemu-8.2.2-r0.post-install
#11 5.081 *
#11 5.081 * If you want to run VM as unprivileged user and let Qemu create tunX devices,
#11 5.081 * then you must add that user to the group "qemu".
#11 5.081 * If you use KVM for hardware-assisted virtualization, then you may also need
#11 5.081 * to add that user to the group "kvm".
#11 5.081 *
#11 5.082 (125/176) Installing qemu-bridge-helper (8.2.2-r0)
#11 5.100 (126/176) Installing libaio (0.3.113-r2)
#11 5.111 (127/176) Installing capstone (5.0.1-r3)
#11 5.146 (128/176) Installing nettle (3.9.1-r0)
#11 5.165 (129/176) Installing libtasn1 (4.19.0-r2)
#11 5.180 (130/176) Installing p11-kit (0.25.3-r0)
#11 5.199 (131/176) Installing gnutls (3.8.3-r0)
#11 5.224 (132/176) Installing libjpeg-turbo (3.0.2-r0)
#11 5.243 (133/176) Installing lzo (2.10-r5)
#11 5.257 (134/176) Installing pixman (0.43.2-r0)
#11 5.274 (135/176) Installing libpng (1.6.43-r0)
#11 5.288 (136/176) Installing libsasl (2.1.28-r6)
#11 5.302 (137/176) Installing libseccomp (2.5.5-r0)
#11 5.314 (138/176) Installing libslirp (4.7.0-r0)
#11 5.332 (139/176) Installing snappy (1.1.10-r2)
#11 5.346 (140/176) Installing liburing (2.5-r1)
#11 5.359 (141/176) Installing vde2-libs (2.3.3-r1)
#11 5.372 (142/176) Installing qemu-system-x86_64 (8.2.2-r0)
#11 5.475 (143/176) Installing lz4-libs (1.9.4-r5)
#11 5.490 (144/176) Installing popt (1.19-r3)
#11 5.503 (145/176) Installing libxxhash (0.8.2-r2)
#11 5.515 (146/176) Installing rsync (3.2.7-r4)
#11 5.533 (147/176) Installing scapy (2.5.0-r1)
#11 5.584 Executing scapy-2.5.0-r1.post-install
#11 5.586 *
#11 5.586 * Certain optional features of scapy also depend on the following packages:
#11 5.586 *     py3-matplotlib graphviz imagemagick py3-cryptography sox
#11 5.586 * And the following unpackaged dependencies:
#11 5.586 *     pyxi vpython-jupyter nmap<v4.23
#11 5.586 * More information can be found at https://scapy.readthedocs.io/en/latest/installation.html#optional-dependencies
#11 5.586 *
#11 5.586 (148/176) Installing scapy-pyc (2.5.0-r1)
#11 5.650 (149/176) Installing util-linux (2.39.3-r1)
#11 5.662 (150/176) Installing setarch (2.39.3-r1)
#11 5.674 (151/176) Installing libuuid (2.39.3-r1)
#11 5.696 (152/176) Installing libfdisk (2.39.3-r1)
#11 5.711 (153/176) Installing libsmartcols (2.39.3-r1)
#11 5.724 (154/176) Installing util-linux-misc (2.39.3-r1)
#11 5.753 (155/176) Installing libeconf (0.6.2-r0)
#11 5.765 (156/176) Installing linux-pam (1.6.0-r0)
#11 5.785 (157/176) Installing runuser (2.39.3-r1)
#11 5.798 (158/176) Installing mount (2.39.3-r1)
#11 5.811 (159/176) Installing losetup (2.39.3-r1)
#11 5.824 (160/176) Installing hexdump (2.39.3-r1)
#11 5.836 (161/176) Installing uuidgen (2.39.3-r1)
#11 5.850 (162/176) Installing blkid (2.39.3-r1)
#11 5.863 (163/176) Installing sfdisk (2.39.3-r1)
#11 5.876 (164/176) Installing mcookie (2.39.3-r1)
#11 5.888 (165/176) Installing agetty (2.39.3-r1)
#11 5.901 (166/176) Installing wipefs (2.39.3-r1)
#11 5.913 (167/176) Installing cfdisk (2.39.3-r1)
#11 5.927 (168/176) Installing umount (2.39.3-r1)
#11 5.939 (169/176) Installing flock (2.39.3-r1)
#11 5.950 (170/176) Installing lsblk (2.39.3-r1)
#11 5.964 (171/176) Installing setpriv (2.39.3-r1)
#11 5.976 (172/176) Installing logger (2.39.3-r1)
#11 5.988 (173/176) Installing partx (2.39.3-r1)
#11 6.000 (174/176) Installing fstrim (2.39.3-r1)
#11 6.012 (175/176) Installing findmnt (2.39.3-r1)
#11 6.025 (176/176) Installing virtme-ng@testing (1.23-r0)
#11 6.083 Executing busybox-1.36.1-r17.trigger
#11 6.087 Executing ca-certificates-20240226-r0.trigger
#11 6.108 Executing glib-2.80.0-r0.trigger
#11 6.114 OK: 386 MiB in 187 packages
#11 DONE 6.5s

#12 [ 8/23] RUN mkdir -p /tmp/kernel-patches &&     mkdir -p /tmp/iproute2-patches
#12 DONE 0.4s

#13 [ 9/23] COPY tdc.config /tmp
#13 DONE 0.0s

#14 [10/23] COPY tdc-debug.config /tmp
#14 DONE 0.1s

#15 [11/23] COPY kernel-patches /tmp/kernel-patches/
#15 DONE 0.0s

#16 [12/23] COPY iproute2-patches /tmp/iproute2-patches/
#16 DONE 0.0s

#17 [13/23] COPY configs /tmp/configs/
#17 DONE 0.0s

#18 [14/23] RUN git config --global user.email foo@bar.com
#18 DONE 0.3s

#19 [15/23] RUN git config --global user.name foo@bar.com
#19 DONE 0.4s

#20 [16/23] RUN git clone https://git.kernel.org/pub/scm/network/iproute2/iproute2-next.git /nipa-data/iproute2
#20 0.318 Cloning into '/nipa-data/iproute2'...
#20 DONE 2.2s

#21 [17/23] RUN cd /nipa-data/iproute2 && 	git remote add stable https://git.kernel.org/pub/scm/network/iproute2/iproute2.git && 	git fetch --all && 	git merge stable/main
#21 0.712 Fetching origin
#21 0.991 Fetching stable
#21 1.611 From https://git.kernel.org/pub/scm/network/iproute2/iproute2
#21 1.611  * [new branch]        codeql         -> stable/codeql
#21 1.611  * [new branch]        iproute2-4.1.x -> stable/iproute2-4.1.x
#21 1.612  * [new branch]        main           -> stable/main
#21 1.619  * [new tag]           v6.8.0         -> v6.8.0
#21 1.720 Merge made by the 'ort' strategy.
#21 1.789  Makefile                       |  2 +-
#21 1.789  README                         | 13 +++++++
#21 1.789  bridge/bridge.c                |  2 +-
#21 1.789  include/version.h              |  2 +-
#21 1.789  ip/ipila.c                     |  4 +-
#21 1.789  ip/iptuntap.c                  |  5 +--
#21 1.789  lib/rt_names.c                 | 43 ++++++++++-----------
#21 1.789  man/man8/bridge.8              |  6 +++
#21 1.789  man/man8/ip-netns.8.in         |  2 +-
#21 1.789  man/man8/ip.8                  | 33 +++++++++++++++-
#21 1.789  man/man8/tc-mirred.8           |  2 +-
#21 1.789  man/man8/tc-simple.8           | 12 +++---
#21 1.789  misc/arpd.c                    | 11 +++++-
#21 1.789  misc/ifstat.c                  | 11 ++++--
#21 1.789  misc/ss.c                      | 17 ++++++++-
#21 1.789  tc/e_bpf.c                     |  2 +-
#21 1.789  tc/f_basic.c                   |  4 +-
#21 1.789  tc/f_bpf.c                     |  4 +-
#21 1.789  tc/f_cgroup.c                  |  4 +-
#21 1.789  tc/f_flow.c                    |  4 +-
#21 1.789  tc/f_flower.c                  |  4 +-
#21 1.789  tc/f_fw.c                      |  4 +-
#21 1.789  tc/f_matchall.c                |  4 +-
#21 1.789  tc/f_route.c                   |  4 +-
#21 1.789  tc/f_u32.c                     |  6 +--
#21 1.789  tc/m_action.c                  |  6 +--
#21 1.789  tc/m_bpf.c                     |  4 +-
#21 1.789  tc/m_connmark.c                |  4 +-
#21 1.789  tc/m_csum.c                    |  4 +-
#21 1.789  tc/m_ct.c                      |  4 +-
#21 1.789  tc/m_ctinfo.c                  |  4 +-
#21 1.789  tc/m_gact.c                    |  4 +-
#21 1.789  tc/m_gate.c                    |  8 ++--
#21 1.789  tc/m_ife.c                     |  4 +-
#21 1.789  tc/m_mirred.c                  |  6 +--
#21 1.789  tc/m_mpls.c                    |  4 +-
#21 1.789  tc/m_nat.c                     |  4 +-
#21 1.789  tc/m_pedit.c                   | 10 ++---
#21 1.789  tc/m_police.c                  |  8 ++--
#21 1.789  tc/m_sample.c                  |  4 +-
#21 1.789  tc/m_simple.c                  | 12 +++---
#21 1.789  tc/m_skbedit.c                 |  4 +-
#21 1.789  tc/m_skbmod.c                  | 41 +++++++++++---------
#21 1.789  tc/m_tunnel_key.c              |  4 +-
#21 1.789  tc/m_vlan.c                    |  4 +-
#21 1.789  tc/q_cake.c                    |  6 +--
#21 1.789  tc/q_cbs.c                     |  4 +-
#21 1.789  tc/q_choke.c                   |  6 +--
#21 1.789  tc/q_clsact.c                  |  4 +-
#21 1.789  tc/q_codel.c                   |  6 +--
#21 1.789  tc/q_drr.c                     |  8 ++--
#21 1.789  tc/q_etf.c                     |  4 +-
#21 1.789  tc/q_ets.c                     |  8 ++--
#21 1.789  tc/q_fifo.c                    |  4 +-
#21 1.789  tc/q_fq.c                      |  6 +--
#21 1.789  tc/q_fq_codel.c                |  6 +--
#21 1.789  tc/q_fq_pie.c                  |  6 +--
#21 1.789  tc/q_gred.c                    |  6 +--
#21 1.789  tc/q_hfsc.c                    | 10 ++---
#21 1.789  tc/q_hhf.c                     |  6 +--
#21 1.789  tc/q_htb.c                     |  8 ++--
#21 1.789  tc/q_ingress.c                 |  4 +-
#21 1.789  tc/q_mqprio.c                  |  4 +-
#21 1.789  tc/q_multiq.c                  |  4 +-
#21 1.789  tc/q_netem.c                   | 86 +++++++++++++++++++++++-------------------
#21 1.789  tc/q_pie.c                     |  6 +--
#21 1.789  tc/q_plug.c                    |  4 +-
#21 1.789  tc/q_prio.c                    |  4 +-
#21 1.789  tc/q_qfq.c                     |  6 +--
#21 1.789  tc/q_red.c                     |  8 ++--
#21 1.789  tc/q_sfb.c                     |  6 +--
#21 1.789  tc/q_sfq.c                     |  6 +--
#21 1.789  tc/q_skbprio.c                 |  4 +-
#21 1.789  tc/q_taprio.c                  |  6 +--
#21 1.789  tc/q_tbf.c                     |  4 +-
#21 1.790  tc/tc.c                        | 12 +++---
#21 1.790  tc/tc_class.c                  |  6 +--
#21 1.790  tc/tc_core.c                   | 15 ++------
#21 1.790  tc/tc_core.h                   |  2 -
#21 1.790  tc/tc_exec.c                   |  2 +-
#21 1.790  tc/tc_filter.c                 |  6 +--
#21 1.790  tc/tc_qdisc.c                  |  6 +--
#21 1.790  tc/tc_util.c                   | 33 ++++++++--------
#21 1.790  tc/tc_util.h                   | 36 +++++++++---------
#21 1.790  vdpa/include/uapi/linux/vdpa.h | 17 +++++++++
#21 1.790  85 files changed, 416 insertions(+), 317 deletions(-)
#21 DONE 1.9s

#22 [18/23] RUN if [ "$(find /tmp/iproute2-patches/ -name *.patch)" ]; then  	cd /nipa-data/iproute2; 	git apply /tmp/iproute2-patches/*.patch;     fi
#22 DONE 0.9s

#23 [19/23] RUN cd /nipa-data/iproute2/ &&     ./configure &&     make
#23 0.678 TC schedulers
#23 0.679  IPT	using xtables
#23 0.707  IPSET  yes
#23 0.726 
#23 0.727 lib directory: /usr/lib
#23 0.727 libc has setns: yes
#23 0.748 libc has name_to_handle_at: yes
#23 0.769 SELinux support: no
#23 0.771 libtirpc support: no
#23 0.772 libbpf support: yes
#23 0.839 	libbpf version 1.4.0
#23 0.839 ELF support: yes
#23 0.841 libmnl support: yes
#23 0.843 Berkeley DB: no
#23 0.853 need for strlcpy: no
#23 0.873 libcap support: yes
#23 0.875 color output: never
#23 0.877 
#23 0.877 lib
#23 0.879     CC       libgenl.o
#23 0.924     CC       libnetlink.o
#23 1.224     CC       mnl_utils.o
#23 1.304     AR       libnetlink.a
#23 1.306     CC       utils.o
#23 1.707     CC       utils_math.o
#23 1.750     CC       rt_names.o
#23 1.912     CC       ll_map.o
#23 2.001     CC       ll_types.o
#23 2.013 In file included from ll_types.c:20:
#23 2.013 ../include/uapi/linux/sockios.h:42: warning: "SIOCGSTAMP" redefined
#23 2.013    42 | #define SIOCGSTAMP      SIOCGSTAMP_OLD
#23 2.013       | 
#23 2.013 In file included from /usr/include/sys/ioctl.h:10,
#23 2.013                  from ll_types.c:12:
#23 2.013 /usr/include/bits/ioctl.h:111: note: this is the location of the previous definition
#23 2.013   111 | #define SIOCGSTAMP      0x8906
#23 2.013       | 
#23 2.013 ../include/uapi/linux/sockios.h:43: warning: "SIOCGSTAMPNS" redefined
#23 2.013    43 | #define SIOCGSTAMPNS    SIOCGSTAMPNS_OLD
#23 2.013       | 
#23 2.013 /usr/include/bits/ioctl.h:112: note: this is the location of the previous definition
#23 2.013   112 | #define SIOCGSTAMPNS    0x8907
#23 2.013       | 
#23 2.028     CC       ll_proto.o
#23 2.041 In file included from ll_proto.c:21:
#23 2.041 ../include/uapi/linux/sockios.h:42: warning: "SIOCGSTAMP" redefined
#23 2.041    42 | #define SIOCGSTAMP      SIOCGSTAMP_OLD
#23 2.041       | 
#23 2.041 In file included from /usr/include/sys/ioctl.h:10,
#23 2.041                  from ll_proto.c:13:
#23 2.041 /usr/include/bits/ioctl.h:111: note: this is the location of the previous definition
#23 2.041   111 | #define SIOCGSTAMP      0x8906
#23 2.041       | 
#23 2.041 ../include/uapi/linux/sockios.h:43: warning: "SIOCGSTAMPNS" redefined
#23 2.041    43 | #define SIOCGSTAMPNS    SIOCGSTAMPNS_OLD
#23 2.041       | 
#23 2.041 /usr/include/bits/ioctl.h:112: note: this is the location of the previous definition
#23 2.041   112 | #define SIOCGSTAMPNS    0x8907
#23 2.041       | 
#23 2.055     CC       ll_addr.o
#23 2.067 In file included from ll_addr.c:20:
#23 2.067 ../include/uapi/linux/sockios.h:42: warning: "SIOCGSTAMP" redefined
#23 2.067    42 | #define SIOCGSTAMP      SIOCGSTAMP_OLD
#23 2.067       | 
#23 2.067 In file included from /usr/include/sys/ioctl.h:10,
#23 2.067                  from ll_addr.c:12:
#23 2.067 /usr/include/bits/ioctl.h:111: note: this is the location of the previous definition
#23 2.067   111 | #define SIOCGSTAMP      0x8906
#23 2.067       | 
#23 2.067 ../include/uapi/linux/sockios.h:43: warning: "SIOCGSTAMPNS" redefined
#23 2.067    43 | #define SIOCGSTAMPNS    SIOCGSTAMPNS_OLD
#23 2.067       | 
#23 2.067 /usr/include/bits/ioctl.h:112: note: this is the location of the previous definition
#23 2.067   112 | #define SIOCGSTAMPNS    0x8907
#23 2.067       | 
#23 2.095     CC       inet_proto.o
#23 2.123     CC       namespace.o
#23 2.174     CC       json_writer.o
#23 2.253     CC       json_print.o
#23 2.372     CC       json_print_math.o
#23 2.403     CC       names.o
#23 2.448     CC       color.o
#23 2.491     CC       bpf_legacy.o
#23 2.860     CC       bpf_glue.o
#23 2.895     CC       exec.o
#23 2.924     CC       fs.o
#23 2.987     CC       cg_map.o
#23 3.020     CC       ppp_proto.o
#23 3.047     CC       bpf_libbpf.o
#23 3.121     CC       selinux.o
#23 3.139     CC       ax25_ntop.o
#23 3.166     CC       rose_ntop.o
#23 3.178 In file included from rose_ntop.c:16:
#23 3.178 ../include/uapi/linux/sockios.h:42: warning: "SIOCGSTAMP" redefined
#23 3.178    42 | #define SIOCGSTAMP      SIOCGSTAMP_OLD
#23 3.178       | 
#23 3.178 In file included from /usr/include/sys/ioctl.h:10,
#23 3.178                  from rose_ntop.c:7:
#23 3.178 /usr/include/bits/ioctl.h:111: note: this is the location of the previous definition
#23 3.178   111 | #define SIOCGSTAMP      0x8906
#23 3.178       | 
#23 3.178 ../include/uapi/linux/sockios.h:43: warning: "SIOCGSTAMPNS" redefined
#23 3.178    43 | #define SIOCGSTAMPNS    SIOCGSTAMPNS_OLD
#23 3.178       | 
#23 3.178 /usr/include/bits/ioctl.h:112: note: this is the location of the previous definition
#23 3.178   112 | #define SIOCGSTAMPNS    0x8907
#23 3.178       | 
#23 3.194     CC       mpls_ntop.o
#23 3.221     CC       mpls_pton.o
#23 3.249     CC       netrom_ntop.o
#23 3.271     AR       libutil.a
#23 3.276 
#23 3.276 ip
#23 3.278     CC       ip.o
#23 3.358     CC       ipaddress.o
#23 3.371 In file included from ipaddress.c:26:
#23 3.371 ../include/uapi/linux/sockios.h:42: warning: "SIOCGSTAMP" redefined
#23 3.371    42 | #define SIOCGSTAMP      SIOCGSTAMP_OLD
#23 3.371       | 
#23 3.371 In file included from /usr/include/sys/ioctl.h:10,
#23 3.371                  from ipaddress.c:14:
#23 3.371 /usr/include/bits/ioctl.h:111: note: this is the location of the previous definition
#23 3.371   111 | #define SIOCGSTAMP      0x8906
#23 3.371       | 
#23 3.371 ../include/uapi/linux/sockios.h:43: warning: "SIOCGSTAMPNS" redefined
#23 3.371    43 | #define SIOCGSTAMPNS    SIOCGSTAMPNS_OLD
#23 3.371       | 
#23 3.371 /usr/include/bits/ioctl.h:112: note: this is the location of the previous definition
#23 3.371   112 | #define SIOCGSTAMPNS    0x8907
#23 3.371       | 
#23 3.809     CC       ipaddrlabel.o
#23 3.865     CC       iproute.o
#23 4.370     CC       iprule.o
#23 4.577     CC       ipnetns.o
#23 4.764     CC       rtm_map.o
#23 4.811     CC       iptunnel.o
#23 4.824 In file included from ../include/uapi/linux/if_tunnel.h:6,
#23 4.824                  from iptunnel.c:19:
#23 4.824 ../include/uapi/linux/if.h:134: warning: "IFF_VOLATILE" redefined
#23 4.824   134 | #define IFF_VOLATILE    (IFF_LOOPBACK|IFF_POINTOPOINT|IFF_BROADCAST|IFF_ECHO|\
#23 4.824       | 
#23 4.824 In file included from iptunnel.c:16:
#23 4.824 /usr/include/net/if.h:48: note: this is the location of the previous definition
#23 4.824    48 | #define IFF_VOLATILE (IFF_LOOPBACK|IFF_POINTOPOINT|IFF_BROADCAST| \
#23 4.824       | 
#23 4.955     CC       ip6tunnel.o
#23 5.069     CC       tunnel.o
#23 5.171     CC       ipneigh.o
#23 5.322     CC       ipntable.o
#23 5.426     CC       iplink.o
#23 5.716     CC       ipmaddr.o
#23 5.730 In file included from ipmaddr.c:21:
#23 5.730 ../include/uapi/linux/sockios.h:42: warning: "SIOCGSTAMP" redefined
#23 5.730    42 | #define SIOCGSTAMP      SIOCGSTAMP_OLD
#23 5.730       | 
#23 5.730 In file included from /usr/include/sys/ioctl.h:10,
#23 5.730                  from ipmaddr.c:12:
#23 5.730 /usr/include/bits/ioctl.h:111: note: this is the location of the previous definition
#23 5.730   111 | #define SIOCGSTAMP      0x8906
#23 5.730       | 
#23 5.730 ../include/uapi/linux/sockios.h:43: warning: "SIOCGSTAMPNS" redefined
#23 5.730    43 | #define SIOCGSTAMPNS    SIOCGSTAMPNS_OLD
#23 5.730       | 
#23 5.730 /usr/include/bits/ioctl.h:112: note: this is the location of the previous definition
#23 5.730   112 | #define SIOCGSTAMPNS    0x8907
#23 5.730       | 
#23 5.804     CC       ipmonitor.o
#23 5.875     CC       ipmroute.o
#23 5.887 In file included from ipmroute.c:22:
#23 5.887 ../include/uapi/linux/sockios.h:42: warning: "SIOCGSTAMP" redefined
#23 5.887    42 | #define SIOCGSTAMP      SIOCGSTAMP_OLD
#23 5.887       | 
#23 5.887 In file included from /usr/include/sys/ioctl.h:10,
#23 5.887                  from ipmroute.c:13:
#23 5.887 /usr/include/bits/ioctl.h:111: note: this is the location of the previous definition
#23 5.887   111 | #define SIOCGSTAMP      0x8906
#23 5.887       | 
#23 5.887 ../include/uapi/linux/sockios.h:43: warning: "SIOCGSTAMPNS" redefined
#23 5.887    43 | #define SIOCGSTAMPNS    SIOCGSTAMPNS_OLD
#23 5.887       | 
#23 5.887 /usr/include/bits/ioctl.h:112: note: this is the location of the previous definition
#23 5.887   112 | #define SIOCGSTAMPNS    0x8907
#23 5.887       | 
#23 5.948     CC       ipprefix.o
#23 5.986     CC       iptuntap.o
#23 6.102     CC       iptoken.o
#23 6.163     CC       ipxfrm.o
#23 6.458     CC       xfrm_state.o
#23 6.731     CC       xfrm_policy.o
#23 6.959     CC       xfrm_monitor.o
#23 7.038     CC       iplink_dummy.o
#23 7.061     CC       iplink_ifb.o
#23 7.085     CC       iplink_nlmon.o
#23 7.109     CC       iplink_team.o
#23 7.132     CC       iplink_vcan.o
#23 7.155     CC       iplink_vxcan.o
#23 7.183     CC       iplink_vlan.o
#23 7.260     CC       link_veth.o
#23 7.287     CC       link_gre.o
#23 7.298 In file included from ../include/uapi/linux/if_tunnel.h:6,
#23 7.298                  from link_gre.c:15:
#23 7.298 ../include/uapi/linux/if.h:134: warning: "IFF_VOLATILE" redefined
#23 7.298   134 | #define IFF_VOLATILE    (IFF_LOOPBACK|IFF_POINTOPOINT|IFF_BROADCAST|IFF_ECHO|\
#23 7.298       | 
#23 7.298 In file included from link_gre.c:9:
#23 7.298 /usr/include/net/if.h:48: note: this is the location of the previous definition
#23 7.298    48 | #define IFF_VOLATILE (IFF_LOOPBACK|IFF_POINTOPOINT|IFF_BROADCAST| \
#23 7.298       | 
#23 7.402     CC       iplink_can.o
#23 7.557     CC       iplink_xdp.o
#23 7.617     CC       iplink_macvlan.o
#23 7.686     CC       ipl2tp.o
#23 7.847     CC       link_vti.o
#23 7.858 In file included from ../include/uapi/linux/if_tunnel.h:6,
#23 7.858                  from link_vti.c:16:
#23 7.858 ../include/uapi/linux/if.h:134: warning: "IFF_VOLATILE" redefined
#23 7.858   134 | #define IFF_VOLATILE    (IFF_LOOPBACK|IFF_POINTOPOINT|IFF_BROADCAST|IFF_ECHO|\
#23 7.858       | 
#23 7.858 In file included from link_vti.c:10:
#23 7.858 /usr/include/net/if.h:48: note: this is the location of the previous definition
#23 7.858    48 | #define IFF_VOLATILE (IFF_LOOPBACK|IFF_POINTOPOINT|IFF_BROADCAST| \
#23 7.858       | 
#23 7.909     CC       link_vti6.o
#23 7.921 In file included from ../include/uapi/linux/if_tunnel.h:6,
#23 7.921                  from link_vti6.c:17:
#23 7.921 ../include/uapi/linux/if.h:134: warning: "IFF_VOLATILE" redefined
#23 7.921   134 | #define IFF_VOLATILE    (IFF_LOOPBACK|IFF_POINTOPOINT|IFF_BROADCAST|IFF_ECHO|\
#23 7.921       | 
#23 7.921 In file included from link_vti6.c:11:
#23 7.921 /usr/include/net/if.h:48: note: this is the location of the previous definition
#23 7.921    48 | #define IFF_VOLATILE (IFF_LOOPBACK|IFF_POINTOPOINT|IFF_BROADCAST| \
#23 7.921       | 
#23 7.969     CC       link_xfrm.o
#23 8.006     CC       iplink_vxlan.o
#23 8.157     CC       tcp_metrics.o
#23 8.261     CC       iplink_ipoib.o
#23 8.302     CC       ipnetconf.o
#23 8.357     CC       link_ip6tnl.o
#23 8.368 In file included from ../include/uapi/linux/if_tunnel.h:6,
#23 8.368                  from link_ip6tnl.c:15:
#23 8.368 ../include/uapi/linux/if.h:134: warning: "IFF_VOLATILE" redefined
#23 8.368   134 | #define IFF_VOLATILE    (IFF_LOOPBACK|IFF_POINTOPOINT|IFF_BROADCAST|IFF_ECHO|\
#23 8.368       | 
#23 8.368 In file included from link_ip6tnl.c:9:
#23 8.368 /usr/include/net/if.h:48: note: this is the location of the previous definition
#23 8.368    48 | #define IFF_VOLATILE (IFF_LOOPBACK|IFF_POINTOPOINT|IFF_BROADCAST| \
#23 8.368       | 
#23 8.454     CC       link_iptnl.o
#23 8.464 In file included from ../include/uapi/linux/if_tunnel.h:6,
#23 8.464                  from link_iptnl.c:16:
#23 8.464 ../include/uapi/linux/if.h:134: warning: "IFF_VOLATILE" redefined
#23 8.464   134 | #define IFF_VOLATILE    (IFF_LOOPBACK|IFF_POINTOPOINT|IFF_BROADCAST|IFF_ECHO|\
#23 8.464       | 
#23 8.464 In file included from link_iptnl.c:9:
#23 8.464 /usr/include/net/if.h:48: note: this is the location of the previous definition
#23 8.464    48 | #define IFF_VOLATILE (IFF_LOOPBACK|IFF_POINTOPOINT|IFF_BROADCAST| \
#23 8.464       | 
#23 8.553     CC       link_gre6.o
#23 8.564 In file included from ../include/uapi/linux/if_tunnel.h:6,
#23 8.564                  from link_gre6.c:15:
#23 8.564 ../include/uapi/linux/if.h:134: warning: "IFF_VOLATILE" redefined
#23 8.564   134 | #define IFF_VOLATILE    (IFF_LOOPBACK|IFF_POINTOPOINT|IFF_BROADCAST|IFF_ECHO|\
#23 8.564       | 
#23 8.564 In file included from link_gre6.c:9:
#23 8.564 /usr/include/net/if.h:48: note: this is the location of the previous definition
#23 8.564    48 | #define IFF_VOLATILE (IFF_LOOPBACK|IFF_POINTOPOINT|IFF_BROADCAST| \
#23 8.564       | 
#23 8.680     CC       iplink_bond.o
#23 8.858     CC       iplink_bond_slave.o
#23 8.911     CC       iplink_hsr.o
#23 8.959     CC       iplink_bridge.o
#23 9.140     CC       iplink_bridge_slave.o
#23 9.236     CC       iplink_dsa.o
#23 9.274     CC       ipfou.o
#23 9.357     CC       iplink_ipvlan.o
#23 9.406     CC       iplink_geneve.o
#23 9.499     CC       iplink_vrf.o
#23 9.548     CC       iproute_lwtunnel.o
#23 9.968     CC       ipmacsec.o
#23 10.25     CC       ipila.o
#23 10.33     CC       ipvrf.o
#23 10.45     CC       iplink_xstats.o
#23 10.48     CC       ipseg6.o
#23 10.53     CC       iplink_netdevsim.o
#23 10.55     CC       iplink_rmnet.o
#23 10.59     CC       ipnexthop.o
#23 10.84     CC       ipmptcp.o
#23 10.97     CC       iplink_bareudp.o
#23 11.01     CC       iplink_wwan.o
#23 11.05     CC       ipioam6.o
#23 11.12     CC       iplink_amt.o
#23 11.19     CC       iplink_batadv.o
#23 11.22     CC       iplink_gtp.o
#23 11.27     CC       iplink_virt_wifi.o
#23 11.30     CC       iplink_netkit.o
#23 11.34     CC       ipstats.o
#23 11.54     LINK     ip
#23 11.57     CC       rtmon.o
#23 11.62     LINK     rtmon
#23 11.64 
#23 11.64 tc
#23 11.64     CC       tc.o
#23 11.73     CC       tc_qdisc.o
#23 11.84     CC       tc_class.o
#23 11.95     CC       tc_filter.o
#23 12.11     CC       tc_util.o
#23 12.29     CC       tc_monitor.o
#23 12.32     CC       tc_exec.o
#23 12.36     CC       m_police.o
#23 12.44     CC       m_estimator.o
#23 12.47     CC       m_action.o
#23 12.63     CC       m_ematch.o
#23 12.74     YACC     emp_ematch.tab.c
#23 12.80     CC       emp_ematch.tab.o
#23 12.91     LEX      emp_ematch.lex.c
#23 12.92     CC       emp_ematch.lex.o
#23 13.08     CC       q_fifo.o
#23 13.12     CC       q_sfq.o
#23 13.18     CC       q_red.o
#23 13.25     CC       q_prio.o
#23 13.30     CC       q_skbprio.o
#23 13.34     CC       q_tbf.o
#23 13.43     CC       q_multiq.o
#23 13.46     CC       q_netem.o
#23 13.68     CC       q_choke.o
#23 13.75     CC       q_sfb.o
#23 13.81     CC       f_u32.o
#23 14.10     CC       f_route.o
#23 14.16     CC       f_fw.o
#23 14.22     CC       f_basic.o
#23 14.26     CC       f_bpf.o
#23 14.33     CC       f_flow.o
#23 14.42     CC       f_cgroup.o
#23 14.46     CC       f_flower.o
#23 14.47 In file included from ../include/uapi/linux/netdevice.h:29,
#23 14.47                  from ../include/uapi/linux/if_arp.h:27,
#23 14.47                  from f_flower.c:14:
#23 14.47 ../include/uapi/linux/if.h:134: warning: "IFF_VOLATILE" redefined
#23 14.47   134 | #define IFF_VOLATILE    (IFF_LOOPBACK|IFF_POINTOPOINT|IFF_BROADCAST|IFF_ECHO|\
#23 14.47       | 
#23 14.47 In file included from f_flower.c:12:
#23 14.47 /usr/include/net/if.h:48: note: this is the location of the previous definition
#23 14.47    48 | #define IFF_VOLATILE (IFF_LOOPBACK|IFF_POINTOPOINT|IFF_BROADCAST| \
#23 14.47       | 
#23 14.98     CC       q_gred.o
#23 15.09     CC       q_ingress.o
#23 15.12     CC       q_hfsc.o
#23 15.21     CC       q_htb.o
#23 15.31     CC       q_drr.o
#23 15.35     CC       q_qfq.o
#23 15.39     CC       m_gact.o
#23 15.44     CC       m_mirred.o
#23 15.51     CC       m_mpls.o
#23 15.57     CC       m_nat.o
#23 15.62     CC       m_pedit.o
#23 15.75     CC       m_ife.o
#23 15.82     CC       m_skbedit.o
#23 15.88     CC       m_skbmod.o
#23 15.95     CC       m_csum.o
#23 16.01     CC       m_simple.o
#23 16.05     CC       m_vlan.o
#23 16.12     CC       m_connmark.o
#23 16.16     CC       m_ctinfo.o
#23 16.21     CC       m_bpf.o
#23 16.26     CC       m_tunnel_key.o
#23 16.38     CC       m_sample.o
#23 16.43     CC       m_ct.o
#23 16.53     CC       m_gate.o
#23 16.63     CC       p_ip.o
#23 16.67     CC       p_ip6.o
#23 16.71     CC       p_icmp.o
#23 16.73     CC       p_eth.o
#23 16.76     CC       p_tcp.o
#23 16.79     CC       p_udp.o
#23 16.83     CC       em_nbyte.o
#23 16.87     CC       em_cmp.o
#23 16.93     CC       em_u32.o
#23 16.97     CC       em_canid.o
#23 17.02     CC       em_meta.o
#23 17.13     CC       q_mqprio.o
#23 17.24     CC       q_codel.o
#23 17.30     CC       q_fq_codel.o
#23 17.37     CC       q_fq.o
#23 17.48     CC       q_pie.o
#23 17.54     CC       q_fq_pie.o
#23 17.61     CC       q_cake.o
#23 17.82     CC       q_hhf.o
#23 17.87     CC       q_clsact.o
#23 17.90     CC       e_bpf.o
#23 17.96     CC       f_matchall.o
#23 18.00     CC       q_cbs.o
#23 18.05     CC       q_etf.o
#23 18.10     CC       q_taprio.o
#23 18.22     CC       q_plug.o
#23 18.26     CC       q_ets.o
#23 18.33     CC       em_ipt.o
#23 18.35 In file included from tc_util.h:7,
#23 18.35                  from m_ematch.h:11,
#23 18.35                  from em_ipt.c:13:
#23 18.35 ../include/uapi/linux/if.h:134: warning: "IFF_VOLATILE" redefined
#23 18.35   134 | #define IFF_VOLATILE    (IFF_LOOPBACK|IFF_POINTOPOINT|IFF_BROADCAST|IFF_ECHO|\
#23 18.35       | 
#23 18.35 In file included from ../include/xtables.h:17,
#23 18.35                  from em_ipt.c:12:
#23 18.35 /usr/include/net/if.h:48: note: this is the location of the previous definition
#23 18.35    48 | #define IFF_VOLATILE (IFF_LOOPBACK|IFF_POINTOPOINT|IFF_BROADCAST| \
#23 18.35       | 
#23 18.38     CC       em_ipset.o
#23 18.40 In file included from tc_util.h:7,
#23 18.40                  from m_ematch.h:11,
#23 18.40                  from em_ipset.c:39:
#23 18.40 ../include/uapi/linux/if.h:134: warning: "IFF_VOLATILE" redefined
#23 18.40   134 | #define IFF_VOLATILE    (IFF_LOOPBACK|IFF_POINTOPOINT|IFF_BROADCAST|IFF_ECHO|\
#23 18.40       | 
#23 18.40 In file included from ../include/xtables.h:17,
#23 18.40                  from em_ipset.c:23:
#23 18.40 /usr/include/net/if.h:48: note: this is the location of the previous definition
#23 18.40    48 | #define IFF_VOLATILE (IFF_LOOPBACK|IFF_POINTOPOINT|IFF_BROADCAST| \
#23 18.40       | 
#23 18.44     CC       tc_core.o
#23 18.51     CC       tc_red.o
#23 18.56     CC       tc_estimator.o
#23 18.59     CC       tc_stab.o
#23 18.64     CC       tc_qevent.o
#23 18.70     AR       libtc.a
#23 18.70     LINK     tc
#23 18.73 rm emp_ematch.lex.c
#23 18.73 
#23 18.73 bridge
#23 18.73     CC       bridge.o
#23 18.78     CC       fdb.o
#23 18.96     CC       monitor.o
#23 19.00     CC       link.o
#23 19.15     CC       mdb.o
#23 19.35     CC       vlan.o
#23 19.36 In file included from vlan.c:14:
#23 19.36 ../include/json_print.h:80:30: warning: 'struct timeval' declared inside parameter list will not be visible outside of this definition or declaration
#23 19.36    80 | _PRINT_FUNC(tv, const struct timeval *)
#23 19.36       |                              ^~~~~~~
#23 19.36 ../include/json_print.h:50:37: note: in definition of macro '_PRINT_FUNC'
#23 19.36    50 |                                     type value);                        \
#23 19.36       |                                     ^~~~
#23 19.36 ../include/json_print.h:80:30: warning: 'struct timeval' declared inside parameter list will not be visible outside of this definition or declaration
#23 19.36    80 | _PRINT_FUNC(tv, const struct timeval *)
#23 19.36       |                              ^~~~~~~
#23 19.36 ../include/json_print.h:55:45: note: in definition of macro '_PRINT_FUNC'
#23 19.36    55 |                                             type value)                 \
#23 19.36       |                                             ^~~~
#23 19.36 ../include/json_print.h: In function 'print_tv':
#23 19.36 ../include/json_print.h:58:48: warning: passing argument 5 of 'print_color_tv' from incompatible pointer type [-Wincompatible-pointer-types]
#23 19.36    58 |                                                value);                  \
#23 19.36       |                                                ^~~~~
#23 19.36       |                                                |
#23 19.36       |                                                const struct timeval *
#23 19.36 ../include/json_print.h:80:1: note: in expansion of macro '_PRINT_FUNC'
#23 19.36    80 | _PRINT_FUNC(tv, const struct timeval *)
#23 19.36       | ^~~~~~~~~~~
#23 19.36 ../include/json_print.h:50:42: note: expected 'const struct timeval *' but argument is of type 'const struct timeval *'
#23 19.36    50 |                                     type value);                        \
#23 19.36       |                                          ^
#23 19.36 ../include/json_print.h:80:1: note: in expansion of macro '_PRINT_FUNC'
#23 19.36    80 | _PRINT_FUNC(tv, const struct timeval *)
#23 19.36       | ^~~~~~~~~~~
#23 19.57     CC       vni.o
#23 19.58 In file included from vni.c:19:
#23 19.58 ../include/json_print.h:80:30: warning: 'struct timeval' declared inside parameter list will not be visible outside of this definition or declaration
#23 19.58    80 | _PRINT_FUNC(tv, const struct timeval *)
#23 19.58       |                              ^~~~~~~
#23 19.58 ../include/json_print.h:50:37: note: in definition of macro '_PRINT_FUNC'
#23 19.58    50 |                                     type value);                        \
#23 19.58       |                                     ^~~~
#23 19.58 ../include/json_print.h:80:30: warning: 'struct timeval' declared inside parameter list will not be visible outside of this definition or declaration
#23 19.58    80 | _PRINT_FUNC(tv, const struct timeval *)
#23 19.58       |                              ^~~~~~~
#23 19.58 ../include/json_print.h:55:45: note: in definition of macro '_PRINT_FUNC'
#23 19.58    55 |                                             type value)                 \
#23 19.58       |                                             ^~~~
#23 19.58 ../include/json_print.h: In function 'print_tv':
#23 19.58 ../include/json_print.h:58:48: warning: passing argument 5 of 'print_color_tv' from incompatible pointer type [-Wincompatible-pointer-types]
#23 19.58    58 |                                                value);                  \
#23 19.58       |                                                ^~~~~
#23 19.58       |                                                |
#23 19.58       |                                                const struct timeval *
#23 19.58 ../include/json_print.h:80:1: note: in expansion of macro '_PRINT_FUNC'
#23 19.58    80 | _PRINT_FUNC(tv, const struct timeval *)
#23 19.58       | ^~~~~~~~~~~
#23 19.58 ../include/json_print.h:50:42: note: expected 'const struct timeval *' but argument is of type 'const struct timeval *'
#23 19.58    50 |                                     type value);                        \
#23 19.58       |                                          ^
#23 19.58 ../include/json_print.h:80:1: note: in expansion of macro '_PRINT_FUNC'
#23 19.58    80 | _PRINT_FUNC(tv, const struct timeval *)
#23 19.58       | ^~~~~~~~~~~
#23 19.66     LINK     bridge
#23 19.67 
#23 19.67 misc
#23 19.67     CC       ss.o
#23 19.69 In file included from ../include/uapi/linux/tipc.h:42,
#23 19.69                  from ss.c:49:
#23 19.69 ../include/uapi/linux/sockios.h:42: warning: "SIOCGSTAMP" redefined
#23 19.69    42 | #define SIOCGSTAMP      SIOCGSTAMP_OLD
#23 19.69       | 
#23 19.69 In file included from /usr/include/sys/ioctl.h:10,
#23 19.69                  from ss.c:12:
#23 19.69 /usr/include/bits/ioctl.h:111: note: this is the location of the previous definition
#23 19.69   111 | #define SIOCGSTAMP      0x8906
#23 19.69       | 
#23 19.69 ../include/uapi/linux/sockios.h:43: warning: "SIOCGSTAMPNS" redefined
#23 19.69    43 | #define SIOCGSTAMPNS    SIOCGSTAMPNS_OLD
#23 19.69       | 
#23 19.69 /usr/include/bits/ioctl.h:112: note: this is the location of the previous definition
#23 19.69   112 | #define SIOCGSTAMPNS    0x8907
#23 19.69       | 
#23 20.60     CC       ssfilter_check.o
#23 20.63     YACC     ssfilter.tab.c
#23 20.70     CC       ssfilter.tab.o
#23 20.80     LINK     ss
#23 20.81     CC       nstat
#23 20.82 In file included from nstat.c:20:
#23 20.82 /usr/include/sys/poll.h:1:2: warning: #warning redirecting incorrect #include <sys/poll.h> to <poll.h> [-Wcpp]
#23 20.82     1 | #warning redirecting incorrect #include <sys/poll.h> to <poll.h>
#23 20.82       |  ^~~~~~~
#23 20.95     CC       ifstat
#23 20.96 In file included from ifstat.c:20:
#23 20.96 /usr/include/sys/poll.h:1:2: warning: #warning redirecting incorrect #include <sys/poll.h> to <poll.h> [-Wcpp]
#23 20.96     1 | #warning redirecting incorrect #include <sys/poll.h> to <poll.h>
#23 20.96       |  ^~~~~~~
#23 21.14     CC       rtacct
#23 21.15 In file included from rtacct.c:19:
#23 21.15 /usr/include/sys/poll.h:1:2: warning: #warning redirecting incorrect #include <sys/poll.h> to <poll.h> [-Wcpp]
#23 21.15     1 | #warning redirecting incorrect #include <sys/poll.h> to <poll.h>
#23 21.15       |  ^~~~~~~
#23 21.26     CC       lnstat.o
#23 21.33     CC       lnstat_util.o
#23 21.39     LINK     lnstat
#23 21.40 
#23 21.40 netem
#23 21.40 gcc  -I../include -o maketable maketable.c -lm
#23 21.43 gcc  -I../include -o normal normal.c -lm
#23 21.46 gcc  -I../include -o pareto pareto.c -lm
#23 21.48 gcc  -I../include -o paretonormal paretonormal.c -lm
#23 21.50 ./normal > normal.dist
#23 21.51 ./pareto > pareto.dist
#23 21.51 ./paretonormal > paretonormal.dist
#23 21.52 ./maketable experimental.dat > experimental.dist
#23 21.53 
#23 21.53 genl
#23 21.53     CC       genl.o
#23 21.57     CC       ctrl.o
#23 21.64     LINK     genl
#23 21.65 
#23 21.65 man
#23 21.65 make[2]: Nothing to be done for 'all'.
#23 21.65 make[2]: Nothing to be done for 'all'.
#23 21.65 sed \
#23 21.65 	-e "s|@NETNS_ETC_DIR@|/etc/netns|g" \
#23 21.65 	-e "s|@NETNS_RUN_DIR@|/var/run/netns|g" \
#23 21.65 	-e "s|@SYSCONF_ETC_DIR@|/etc/iproute2|g" \
#23 21.65 	-e "s|@SYSCONF_USR_DIR@|/usr/share/iproute2|g" \
#23 21.65 	ip-address.8.in > ip-address.8
#23 21.66 sed \
#23 21.66 	-e "s|@NETNS_ETC_DIR@|/etc/netns|g" \
#23 21.66 	-e "s|@NETNS_RUN_DIR@|/var/run/netns|g" \
#23 21.66 	-e "s|@SYSCONF_ETC_DIR@|/etc/iproute2|g" \
#23 21.66 	-e "s|@SYSCONF_USR_DIR@|/usr/share/iproute2|g" \
#23 21.66 	ip-link.8.in > ip-link.8
#23 21.66 sed \
#23 21.66 	-e "s|@NETNS_ETC_DIR@|/etc/netns|g" \
#23 21.66 	-e "s|@NETNS_RUN_DIR@|/var/run/netns|g" \
#23 21.66 	-e "s|@SYSCONF_ETC_DIR@|/etc/iproute2|g" \
#23 21.66 	-e "s|@SYSCONF_USR_DIR@|/usr/share/iproute2|g" \
#23 21.66 	ip-netns.8.in > ip-netns.8
#23 21.66 sed \
#23 21.66 	-e "s|@NETNS_ETC_DIR@|/etc/netns|g" \
#23 21.66 	-e "s|@NETNS_RUN_DIR@|/var/run/netns|g" \
#23 21.66 	-e "s|@SYSCONF_ETC_DIR@|/etc/iproute2|g" \
#23 21.66 	-e "s|@SYSCONF_USR_DIR@|/usr/share/iproute2|g" \
#23 21.66 	ip-route.8.in > ip-route.8
#23 21.67 
#23 21.67 tipc
#23 21.67     CC       bearer.o
#23 21.84     CC       cmdl.o
#23 21.88     CC       link.o
#23 22.07     CC       media.o
#23 22.12     CC       misc.o
#23 22.17     CC       msg.o
#23 22.19     CC       nametable.o
#23 22.23     CC       node.o
#23 22.32     CC       socket.o
#23 22.36     CC       peer.o
#23 22.39     CC       tipc.o
#23 22.42     LINK     tipc
#23 22.44 
#23 22.44 devlink
#23 22.44     CC       devlink.o
#23 24.08     CC       mnlg.o
#23 24.13     LINK     devlink
#23 24.14 
#23 24.14 rdma
#23 24.14     CC       rdma.o
#23 24.16 rdma.c: In function 'main':
#23 24.16 rdma.c:110:20: warning: implicit declaration of function 'basename'; did you mean 'rename'? [-Wimplicit-function-declaration]
#23 24.16   110 |         filename = basename(argv[0]);
#23 24.16       |                    ^~~~~~~~
#23 24.16       |                    rename
#23 24.16 rdma.c:110:18: warning: assignment to 'char *' from 'int' makes pointer from integer without a cast [-Wint-conversion]
#23 24.16   110 |         filename = basename(argv[0]);
#23 24.16       |                  ^
#23 24.19     CC       utils.o
#23 24.38     CC       dev.o
#23 24.47     CC       link.o
#23 24.54     CC       res.o
#23 24.65     CC       res-pd.o
#23 24.71     CC       res-mr.o
#23 24.76     CC       res-cq.o
#23 24.80     CC       res-cmid.o
#23 24.86     CC       res-qp.o
#23 24.92     CC       sys.o
#23 24.97     CC       stat.o
#23 25.18     CC       stat-mr.o
#23 25.22     CC       res-ctx.o
#23 25.25     CC       res-srq.o
#23 25.34     LINK     rdma
#23 25.36 
#23 25.36 dcb
#23 25.36     CC       dcb.o
#23 25.47     CC       dcb_app.o
#23 25.65     CC       dcb_buffer.o
#23 25.71     CC       dcb_dcbx.o
#23 25.77     CC       dcb_ets.o
#23 25.85     CC       dcb_maxrate.o
#23 25.90     CC       dcb_pfc.o
#23 25.96     CC       dcb_apptrust.o
#23 26.04     CC       dcb_rewr.o
#23 26.13     LINK     dcb
#23 26.14 
#23 26.14 vdpa
#23 26.15     CC       vdpa.o
#23 26.16 In file included from vdpa.c:19:
#23 26.16 ../include/json_print.h:80:30: warning: 'struct timeval' declared inside parameter list will not be visible outside of this definition or declaration
#23 26.16    80 | _PRINT_FUNC(tv, const struct timeval *)
#23 26.16       |                              ^~~~~~~
#23 26.16 ../include/json_print.h:50:37: note: in definition of macro '_PRINT_FUNC'
#23 26.16    50 |                                     type value);                        \
#23 26.16       |                                     ^~~~
#23 26.16 ../include/json_print.h:80:30: warning: 'struct timeval' declared inside parameter list will not be visible outside of this definition or declaration
#23 26.16    80 | _PRINT_FUNC(tv, const struct timeval *)
#23 26.16       |                              ^~~~~~~
#23 26.16 ../include/json_print.h:55:45: note: in definition of macro '_PRINT_FUNC'
#23 26.16    55 |                                             type value)                 \
#23 26.16       |                                             ^~~~
#23 26.16 ../include/json_print.h: In function 'print_tv':
#23 26.16 ../include/json_print.h:58:48: warning: passing argument 5 of 'print_color_tv' from incompatible pointer type [-Wincompatible-pointer-types]
#23 26.16    58 |                                                value);                  \
#23 26.16       |                                                ^~~~~
#23 26.16       |                                                |
#23 26.16       |                                                const struct timeval *
#23 26.16 ../include/json_print.h:80:1: note: in expansion of macro '_PRINT_FUNC'
#23 26.16    80 | _PRINT_FUNC(tv, const struct timeval *)
#23 26.16       | ^~~~~~~~~~~
#23 26.16 ../include/json_print.h:50:42: note: expected 'const struct timeval *' but argument is of type 'const struct timeval *'
#23 26.16    50 |                                     type value);                        \
#23 26.16       |                                          ^
#23 26.16 ../include/json_print.h:80:1: note: in expansion of macro '_PRINT_FUNC'
#23 26.16    80 | _PRINT_FUNC(tv, const struct timeval *)
#23 26.16       | ^~~~~~~~~~~
#23 26.30     LINK     vdpa
#23 DONE 26.3s

#24 [20/23] RUN git clone --no-single-branch --depth=1 https://github.com/linux-netdev/testing.git /nipa-data/kernel
#24 0.392 Cloning into '/nipa-data/kernel'...
#24 17.74 Updating files:  17% (14517/83283)Updating files:  18% (14991/83283)Updating files:  19% (15824/83283)Updating files:  20% (16657/83283)Updating files:  21% (17490/83283)Updating files:  22% (18323/83283)Updating files:  23% (19156/83283)Updating files:  24% (19988/83283)Updating files:  25% (20821/83283)Updating files:  26% (21654/83283)Updating files:  27% (22487/83283)Updating files:  28% (23320/83283)Updating files:  29% (24153/83283)Updating files:  30% (24985/83283)Updating files:  31% (25818/83283)Updating files:  32% (26651/83283)Updating files:  33% (27484/83283)Updating files:  34% (28317/83283)Updating files:  35% (29150/83283)Updating files:  35% (29859/83283)Updating files:  36% (29982/83283)Updating files:  37% (30815/83283)Updating files:  38% (31648/83283)Updating files:  39% (32481/83283)Updating files:  40% (33314/83283)Updating files:  40% (33619/83283)Updating files:  41% (34147/83283)Updating files:  42% (34979/83283)Updating files:  43% (35812/83283)Updating files:  44% (36645/83283)Updating files:  45% (37478/83283)Updating files:  46% (38311/83283)Updating files:  47% (39144/83283)Updating files:  48% (39976/83283)Updating files:  49% (40809/83283)Updating files:  50% (41642/83283)Updating files:  51% (42475/83283)Updating files:  52% (43308/83283)Updating files:  52% (43534/83283)Updating files:  53% (44140/83283)Updating files:  54% (44973/83283)Updating files:  55% (45806/83283)Updating files:  56% (46639/83283)Updating files:  57% (47472/83283)Updating files:  58% (48305/83283)Updating files:  59% (49137/83283)Updating files:  60% (49970/83283)Updating files:  61% (50803/83283)Updating files:  62% (51636/83283)Updating files:  63% (52469/83283)Updating files:  64% (53302/83283)Updating files:  65% (54134/83283)Updating files:  65% (54355/83283)Updating files:  66% (54967/83283)Updating files:  67% (55800/83283)Updating files:  68% (56633/83283)Updating files:  69% (57466/83283)Updating files:  70% (58299/83283)Updating files:  71% (59131/83283)Updating files:  72% (59964/83283)Updating files:  73% (60797/83283)Updating files:  74% (61630/83283)Updating files:  75% (62463/83283)Updating files:  76% (63296/83283)Updating files:  77% (64128/83283)Updating files:  78% (64961/83283)Updating files:  79% (65794/83283)Updating files:  80% (66627/83283)Updating files:  81% (67460/83283)Updating files:  81% (67692/83283)Updating files:  82% (68293/83283)Updating files:  83% (69125/83283)Updating files:  84% (69958/83283)Updating files:  85% (70791/83283)Updating files:  86% (71624/83283)Updating files:  87% (72457/83283)Updating files:  88% (73290/83283)Updating files:  89% (74122/83283)Updating files:  90% (74955/83283)Updating files:  91% (75788/83283)Updating files:  92% (76621/83283)Updating files:  93% (77454/83283)Updating files:  94% (78287/83283)Updating files:  95% (79119/83283)Updating files:  96% (79952/83283)Updating files:  97% (80785/83283)Updating files:  98% (81618/83283)Updating files:  99% (82451/83283)Updating files: 100% (83283/83283)Updating files: 100% (83283/83283), done.
#24 DONE 25.4s

#25 [21/23] RUN git clone --depth=1 -b main https://github.com/p4tc-dev/new-nipa.git nipa
#25 0.345 Cloning into 'nipa'...
#25 DONE 0.7s

#26 [22/23] COPY entrypoint.sh /entrypoint.sh
#26 DONE 0.0s

#27 [23/23] RUN sed -i '/\["-serial", "none"\]/d' /usr/lib/python3.11/site-packages/virtme/commands/run.py
#27 DONE 0.6s

#28 exporting to image
#28 exporting layers
#28 exporting layers 6.9s done
#28 writing image sha256:0a5bf1799534b695261382ba180e01401d7cf40854cf34b64a734b96f3162a39 done
#28 naming to docker.io/library/nipa-executor done
#28 DONE 6.9s
=== >>> DEBUG KERNEL <<< ===
NIPA version: 1b9c21a (ui: set canvas background color to stand out, 2024-03-28)
INFO: Last run date: 2024-04-04 18:00:15.244287+00:00
Testing  {'branch': 'net-next-2024-04-04--21-00', 'date': '2024-04-04T21:00:20.449245+00:00', 'base': '1148c4098e918b4ffb3cc222b897c465328d2391', 'url': 'https://github.com/linux-netdev/testing.git net-next-2024-04-04--21-00'}
Updating files:  45% (6560/14266)Updating files:  46% (6563/14266)Updating files:  47% (6706/14266)Updating files:  48% (6848/14266)Updating files:  49% (6991/14266)Updating files:  50% (7133/14266)Updating files:  51% (7276/14266)Updating files:  52% (7419/14266)Updating files:  53% (7561/14266)Updating files:  54% (7704/14266)Updating files:  55% (7847/14266)Updating files:  56% (7989/14266)Updating files:  57% (8132/14266)Updating files:  58% (8275/14266)Updating files:  59% (8417/14266)Updating files:  60% (8560/14266)Updating files:  61% (8703/14266)Updating files:  62% (8845/14266)Updating files:  63% (8988/14266)Updating files:  64% (9131/14266)Updating files:  65% (9273/14266)Updating files:  66% (9416/14266)Updating files:  67% (9559/14266)Updating files:  68% (9701/14266)Updating files:  69% (9844/14266)Updating files:  70% (9987/14266)Updating files:  71% (10129/14266)Updating files:  72% (10272/14266)Updating files:  73% (10415/14266)Updating files:  74% (10557/14266)Updating files:  75% (10700/14266)Updating files:  76% (10843/14266)Updating files:  77% (10985/14266)Updating files:  78% (11128/14266)Updating files:  79% (11271/14266)Updating files:  80% (11413/14266)Updating files:  81% (11556/14266)Updating files:  82% (11699/14266)Updating files:  83% (11841/14266)Updating files:  84% (11984/14266)Updating files:  85% (12127/14266)Updating files:  86% (12269/14266)Updating files:  87% (12412/14266)Updating files:  88% (12555/14266)Updating files:  89% (12697/14266)Updating files:  89% (12723/14266)Updating files:  90% (12840/14266)Updating files:  91% (12983/14266)Updating files:  92% (13125/14266)Updating files:  93% (13268/14266)Updating files:  94% (13411/14266)Updating files:  95% (13553/14266)Updating files:  96% (13696/14266)Updating files:  97% (13839/14266)Updating files:  98% (13981/14266)Updating files:  99% (14124/14266)Updating files: 100% (14266/14266)Updating files: 100% (14266/14266), done.
branch 'net-next-2024-04-04--21-00' set up to track 'origin/net-next-2024-04-04--21-00'.
Switched to a new branch 'net-next-2024-04-04--21-00'
error: No valid patches in input (allow with "--allow-empty")
Checking patch tools/testing/selftests/tc-testing/tdc_config.py...
Applied patch tools/testing/selftests/tc-testing/tdc_config.py cleanly.
Run at 2024-04-04 21:23:21.729844
INFO: building kernel
INFO: starting VM 0
INFO: thr0-0 VM starting: vng -v -r arch/x86/boot/bzImage --user root --rwdir=/nipa-data/kernel/
INFO: thr0-0 expecting prompt: '/nipa-data/kernel# '
INFO: thr0-0 reached initial prompt
INFO: thr-0 testing == tdc.sh
INFO: thr-0 tdc.sh >> retcode: 0 result: pass found {'fail': False, 'skip': False, 'pass': True}
INFO: thr-0 has no more work, exiting
INFO: thr0-0 VM stopped
Done at 2024-04-04 21:27:59.403228
NIPA quitting!
/
~/nipa/tc-executor/tc-executor-storage /
sort: fflush failed: 'standard output': Broken pipe
sort: write error
