~/nipa/tc-executor/tc-executor-storage /
Switched to branch 'storage-dbg'
Your branch is ahead of 'origin/storage-dbg' by 292 commits.
  (use "git push" to publish your local commits)
/
~/nipa/tc-executor /
Error response from daemon: No such image: nipa-executor:latest
#0 building with "default" instance using docker driver

#1 [internal] load build definition from Dockerfile
#1 transferring dockerfile: 2.03kB done
#1 DONE 0.0s

#2 [internal] load .dockerignore
#2 transferring context: 2B done
#2 DONE 0.0s

#3 [internal] load metadata for docker.io/library/alpine:edge
#3 DONE 0.0s

#4 [ 1/22] FROM docker.io/library/alpine:edge
#4 CACHED

#5 [internal] load build context
#5 transferring context: 3.02kB done
#5 DONE 0.0s

#6 [ 2/22] RUN echo true > debug-mode
#6 DONE 0.4s

#7 [ 3/22] RUN addgroup -g 1001 hostuser
#7 DONE 0.4s

#8 [ 4/22] RUN adduser -u 1001 -G hostuser -H -D -s /bin/ash hostuser
#8 DONE 0.4s

#9 [ 5/22] RUN echo '@testing http://dl-cdn.alpinelinux.org/alpine/edge/testing' >> /etc/apk/repositories
#9 DONE 0.4s

#10 [ 6/22] RUN echo '@community http://dl-cdn.alpinelinux.org/alpine/edge/community' >> /etc/apk/repositories
#10 DONE 0.4s

#11 [ 7/22] RUN apk update && apk add --no-cache    virtme-ng@testing    git    py3-requests    py3-psutil    py3-setuptools    py3-pyroute2    py3-argcomplete    qemu-system-x86_64@community    scapy@community    make    gcc    musl-dev    flex    bison    linux-headers    elfutils-dev    util-linux    coreutils    diffutils    findutils    file    bash    kmod    perl    iptables-dev    libcap-dev    libmnl-dev    iproute2     jq    libbpf-dev    rsync
#11 0.418 fetch https://dl-cdn.alpinelinux.org/alpine/edge/main/x86_64/APKINDEX.tar.gz
#11 0.507 fetch https://dl-cdn.alpinelinux.org/alpine/edge/community/x86_64/APKINDEX.tar.gz
#11 0.695 fetch http://dl-cdn.alpinelinux.org/alpine/edge/testing/x86_64/APKINDEX.tar.gz
#11 0.780 fetch http://dl-cdn.alpinelinux.org/alpine/edge/community/x86_64/APKINDEX.tar.gz
#11 0.973 v20240315-464-g332a652d26f [https://dl-cdn.alpinelinux.org/alpine/edge/main]
#11 0.973 v20240315-480-gd5ddc45a5d3 [https://dl-cdn.alpinelinux.org/alpine/edge/community]
#11 0.973 v20240315-481-ge618fdf22cf [http://dl-cdn.alpinelinux.org/alpine/edge/testing]
#11 0.973 v20240315-480-gd5ddc45a5d3 [http://dl-cdn.alpinelinux.org/alpine/edge/community]
#11 0.973 OK: 30755 distinct packages available
#11 1.027 fetch https://dl-cdn.alpinelinux.org/alpine/edge/main/x86_64/APKINDEX.tar.gz
#11 1.087 fetch https://dl-cdn.alpinelinux.org/alpine/edge/community/x86_64/APKINDEX.tar.gz
#11 1.164 fetch http://dl-cdn.alpinelinux.org/alpine/edge/testing/x86_64/APKINDEX.tar.gz
#11 1.217 fetch http://dl-cdn.alpinelinux.org/alpine/edge/community/x86_64/APKINDEX.tar.gz
#11 1.390 (1/173) Upgrading musl (1.2.4_git20230717-r5 -> 1.2.5-r0)
#11 1.401 (2/173) Upgrading zlib (1.3-r2 -> 1.3.1-r0)
#11 1.408 (3/173) Installing ncurses-terminfo-base (6.4_p20240309-r0)
#11 1.417 (4/173) Installing libncursesw (6.4_p20240309-r0)
#11 1.426 (5/173) Installing readline (8.2.10-r0)
#11 1.447 (6/173) Installing bash (5.2.26-r0)
#11 1.462 Executing bash-5.2.26-r0.post-install
#11 1.464 (7/173) Installing m4 (1.4.19-r3)
#11 1.473 (8/173) Installing bison (3.8.2-r1)
#11 1.489 (9/173) Installing coreutils-env (9.4-r2)
#11 1.495 (10/173) Installing coreutils-fmt (9.4-r2)
#11 1.502 (11/173) Installing coreutils-sha512sum (9.4-r2)
#11 1.508 (12/173) Installing libacl (2.3.2-r0)
#11 1.515 (13/173) Installing libattr (2.5.2-r0)
#11 1.524 (14/173) Installing skalibs (2.14.1.1-r0)
#11 1.531 (15/173) Installing utmps-libs (0.1.2.2-r0)
#11 1.539 (16/173) Installing coreutils (9.4-r2)
#11 1.555 (17/173) Installing diffutils (3.10-r0)
#11 1.564 (18/173) Installing zstd-libs (1.5.5-r9)
#11 1.575 (19/173) Installing libelf (0.191-r0)
#11 1.582 (20/173) Installing libbz2 (1.0.8-r6)
#11 1.589 (21/173) Installing musl-fts (1.2.7-r6)
#11 1.595 (22/173) Installing xz-libs (5.6.1-r1)
#11 1.605 (23/173) Installing libdw (0.191-r0)
#11 1.616 (24/173) Installing libasm (0.191-r0)
#11 1.622 (25/173) Installing xz (5.6.1-r1)
#11 1.631 (26/173) Installing pkgconf (2.1.1-r0)
#11 1.638 (27/173) Installing xz-dev (5.6.1-r1)
#11 1.646 (28/173) Installing libgcc (13.2.1_git20240309-r0)
#11 1.653 (29/173) Installing libstdc++ (13.2.1_git20240309-r0)
#11 1.671 (30/173) Installing zstd (1.5.5-r9)
#11 1.679 (31/173) Installing zstd-dev (1.5.5-r9)
#11 1.686 (32/173) Installing zlib-dev (1.3.1-r0)
#11 1.693 (33/173) Installing elfutils-dev (0.191-r0)
#11 1.708 (34/173) Installing libmagic (5.45-r1)
#11 1.743 (35/173) Installing file (5.45-r1)
#11 1.751 (36/173) Installing findutils (4.9.0-r5)
#11 1.770 (37/173) Installing flex (2.6.4-r6)
#11 1.782 (38/173) Installing jansson (2.14-r4)
#11 1.788 (39/173) Installing binutils (2.42-r0)
#11 1.838 (40/173) Installing libgomp (13.2.1_git20240309-r0)
#11 1.851 (41/173) Installing libatomic (13.2.1_git20240309-r0)
#11 1.858 (42/173) Installing gmp (6.3.0-r0)
#11 1.868 (43/173) Installing isl26 (0.26-r1)
#11 1.887 (44/173) Installing mpfr4 (4.2.1-r0)
#11 1.909 (45/173) Installing mpc1 (1.3.1-r1)
#11 1.917 (46/173) Installing gcc (13.2.1_git20240309-r0)
#11 2.427 (47/173) Installing ca-certificates (20240226-r0)
#11 2.444 (48/173) Installing brotli-libs (1.1.0-r1)
#11 2.457 (49/173) Installing c-ares (1.26.0-r0)
#11 2.464 (50/173) Installing libunistring (1.2-r0)
#11 2.480 (51/173) Installing libidn2 (2.3.7-r0)
#11 2.491 (52/173) Installing nghttp2-libs (1.59.0-r0)
#11 2.499 (53/173) Installing libpsl (0.21.5-r1)
#11 2.506 (54/173) Installing libcurl (8.6.0-r0)
#11 2.517 (55/173) Installing libexpat (2.6.2-r0)
#11 2.524 (56/173) Installing pcre2 (10.43-r0)
#11 2.540 (57/173) Installing git (2.44.0-r0)
#11 2.583 (58/173) Installing git-init-template (2.44.0-r0)
#11 2.591 (59/173) Installing libcap2 (2.69-r1)
#11 2.604 (60/173) Installing libmnl (1.0.5-r2)
#11 2.610 (61/173) Installing iproute2-minimal (6.8.0-r0)
#11 2.621 (62/173) Installing libxtables (1.8.10-r3)
#11 2.628 (63/173) Installing iproute2-tc (6.8.0-r0)
#11 2.644 (64/173) Installing iproute2-ss (6.8.0-r0)
#11 2.650 (65/173) Installing iproute2 (6.8.0-r0)
#11 2.659 Executing iproute2-6.8.0-r0.post-install
#11 2.662 (66/173) Installing linux-headers (6.6-r0)
#11 2.748 (67/173) Installing libip4tc (1.8.10-r3)
#11 2.755 (68/173) Installing libip6tc (1.8.10-r3)
#11 2.762 (69/173) Installing libipq (1.8.10-r3)
#11 2.768 (70/173) Installing iptables-dev (1.8.10-r3)
#11 2.775 (71/173) Installing oniguruma (6.9.9-r0)
#11 2.787 (72/173) Installing jq (1.7.1-r0)
#11 2.798 (73/173) Installing kmod (31-r4)
#11 2.805 (74/173) Installing libbpf (1.3.0-r0)
#11 2.821 (75/173) Installing libbpf-dev (1.3.0-r0)
#11 2.858 (76/173) Installing libcap-dev (2.69-r1)
#11 2.878 (77/173) Installing libmnl-dev (1.0.5-r2)
#11 2.884 (78/173) Installing make (4.4.1-r2)
#11 2.892 (79/173) Installing musl-dev (1.2.5-r0)
#11 2.952 (80/173) Installing perl (5.38.2-r0)
#11 3.132 (81/173) Installing perl-error (0.17029-r2)
#11 3.145 (82/173) Installing perl-git (2.44.0-r0)
#11 3.159 (83/173) Installing git-perl (2.44.0-r0)
#11 3.165 (84/173) Installing libffi (3.4.6-r0)
#11 3.177 (85/173) Installing gdbm (1.23-r1)
#11 3.183 (86/173) Installing mpdecimal (4.0.0-r0)
#11 3.194 (87/173) Installing libpanelw (6.4_p20240309-r0)
#11 3.214 (88/173) Installing sqlite-libs (3.45.2-r0)
#11 3.232 (89/173) Installing python3 (3.11.8-r0)
#11 3.369 (90/173) Installing python3-pycache-pyc0 (3.11.8-r0)
#11 3.466 (91/173) Installing pyc (3.11.8-r0)
#11 3.473 (92/173) Installing py3-argcomplete-pyc (3.2.3-r0)
#11 3.480 (93/173) Installing python3-pyc (3.11.8-r0)
#11 3.486 (94/173) Installing py3-argcomplete (3.2.3-r0)
#11 3.494 (95/173) Installing py3-psutil (5.9.8-r0)
#11 3.504 (96/173) Installing py3-psutil-pyc (5.9.8-r0)
#11 3.528 (97/173) Installing py3-pyroute2 (0.7.12-r0)
#11 3.561 (98/173) Installing py3-pyroute2-pyc (0.7.12-r0)
#11 3.593 (99/173) Installing py3-certifi (2024.2.2-r0)
#11 3.600 (100/173) Installing py3-certifi-pyc (2024.2.2-r0)
#11 3.606 (101/173) Installing py3-charset-normalizer (3.3.2-r0)
#11 3.614 (102/173) Installing py3-charset-normalizer-pyc (3.3.2-r0)
#11 3.623 (103/173) Installing py3-idna (3.6-r0)
#11 3.636 (104/173) Installing py3-idna-pyc (3.6-r0)
#11 3.644 (105/173) Installing py3-urllib3 (1.26.18-r0)
#11 3.662 (106/173) Installing py3-urllib3-pyc (1.26.18-r0)
#11 3.681 (107/173) Installing py3-requests (2.31.0-r1)
#11 3.691 (108/173) Installing py3-requests-pyc (2.31.0-r1)
#11 3.700 (109/173) Installing py3-parsing (3.1.2-r0)
#11 3.709 (110/173) Installing py3-parsing-pyc (3.1.2-r0)
#11 3.720 (111/173) Installing py3-packaging (24.0-r0)
#11 3.728 (112/173) Installing py3-packaging-pyc (24.0-r0)
#11 3.736 (113/173) Installing py3-setuptools (69.2.0-r0)
#11 3.771 (114/173) Installing py3-setuptools-pyc (69.2.0-r0)
#11 3.811 (115/173) Installing libcap-ng (0.8.4-r0)
#11 3.817 (116/173) Installing libintl (0.22.4-r0)
#11 3.823 (117/173) Installing libblkid (2.39.3-r0)
#11 3.831 (118/173) Installing libmount (2.39.3-r0)
#11 3.840 (119/173) Installing glib (2.78.4-r0)
#11 3.868 (120/173) Installing numactl (2.0.18-r0)
#11 3.874 (121/173) Installing qemu (8.2.1-r0)
#11 3.895 Executing qemu-8.2.1-r0.pre-install
#11 3.966 Executing qemu-8.2.1-r0.post-install
#11 3.969 *
#11 3.969 * If you want to run VM as unprivileged user and let Qemu create tunX devices,
#11 3.969 * then you must add that user to the group "qemu".
#11 3.969 * If you use KVM for hardware-assisted virtualization, then you may also need
#11 3.969 * to add that user to the group "kvm".
#11 3.969 *
#11 3.969 (122/173) Installing qemu-bridge-helper (8.2.1-r0)
#11 3.984 (123/173) Installing libaio (0.3.113-r2)
#11 3.991 (124/173) Installing capstone (5.0.1-r3)
#11 4.013 (125/173) Installing nettle (3.9.1-r0)
#11 4.024 (126/173) Installing libtasn1 (4.19.0-r2)
#11 4.030 (127/173) Installing p11-kit (0.25.3-r0)
#11 4.043 (128/173) Installing gnutls (3.8.3-r0)
#11 4.062 (129/173) Installing libjpeg-turbo (3.0.2-r0)
#11 4.073 (130/173) Installing lzo (2.10-r5)
#11 4.082 (131/173) Installing pixman (0.43.2-r0)
#11 4.115 (132/173) Installing libpng (1.6.43-r0)
#11 4.122 (133/173) Installing libsasl (2.1.28-r6)
#11 4.130 (134/173) Installing libseccomp (2.5.5-r0)
#11 4.137 (135/173) Installing libslirp (4.7.0-r0)
#11 4.144 (136/173) Installing snappy (1.1.10-r2)
#11 4.150 (137/173) Installing liburing (2.5-r1)
#11 4.156 (138/173) Installing vde2-libs (2.3.3-r1)
#11 4.163 (139/173) Installing qemu-system-x86_64 (8.2.1-r0)
#11 4.259 (140/173) Installing lz4-libs (1.9.4-r5)
#11 4.267 (141/173) Installing popt (1.19-r3)
#11 4.274 (142/173) Installing libxxhash (0.8.2-r2)
#11 4.288 (143/173) Installing rsync (3.2.7-r4)
#11 4.299 (144/173) Installing scapy (2.5.0-r1)
#11 4.344 Executing scapy-2.5.0-r1.post-install
#11 4.346 *
#11 4.346 * Certain optional features of scapy also depend on the following packages:
#11 4.346 *     py3-matplotlib graphviz imagemagick py3-cryptography sox
#11 4.346 * And the following unpackaged dependencies:
#11 4.346 *     pyxi vpython-jupyter nmap<v4.23
#11 4.346 * More information can be found at https://scapy.readthedocs.io/en/latest/installation.html#optional-dependencies
#11 4.346 *
#11 4.346 (145/173) Installing scapy-pyc (2.5.0-r1)
#11 4.406 (146/173) Installing util-linux (2.39.3-r0)
#11 4.505 (147/173) Installing setarch (2.39.3-r0)
#11 4.511 (148/173) Installing libuuid (2.39.3-r0)
#11 4.519 (149/173) Installing libfdisk (2.39.3-r0)
#11 4.528 (150/173) Installing libsmartcols (2.39.3-r0)
#11 4.537 (151/173) Installing util-linux-misc (2.39.3-r0)
#11 4.565 (152/173) Installing libeconf (0.6.2-r0)
#11 4.571 (153/173) Installing linux-pam (1.5.3-r8)
#11 4.600 (154/173) Installing runuser (2.39.3-r0)
#11 4.615 (155/173) Installing mount (2.39.3-r0)
#11 4.628 (156/173) Installing losetup (2.39.3-r0)
#11 4.635 (157/173) Installing hexdump (2.39.3-r0)
#11 4.646 (158/173) Installing uuidgen (2.39.3-r0)
#11 4.652 (159/173) Installing blkid (2.39.3-r0)
#11 4.658 (160/173) Installing sfdisk (2.39.3-r0)
#11 4.680 (161/173) Installing mcookie (2.39.3-r0)
#11 4.688 (162/173) Installing agetty (2.39.3-r0)
#11 4.695 (163/173) Installing wipefs (2.39.3-r0)
#11 4.701 (164/173) Installing cfdisk (2.39.3-r0)
#11 4.707 (165/173) Installing umount (2.39.3-r0)
#11 4.715 (166/173) Installing flock (2.39.3-r0)
#11 4.721 (167/173) Installing lsblk (2.39.3-r0)
#11 4.727 (168/173) Installing setpriv (2.39.3-r0)
#11 4.735 (169/173) Installing logger (2.39.3-r0)
#11 4.745 (170/173) Installing partx (2.39.3-r0)
#11 4.752 (171/173) Installing fstrim (2.39.3-r0)
#11 4.758 (172/173) Installing findmnt (2.39.3-r0)
#11 4.764 (173/173) Installing virtme-ng@testing (1.22-r0)
#11 4.794 Executing busybox-1.36.1-r17.trigger
#11 4.797 Executing ca-certificates-20240226-r0.trigger
#11 4.819 Executing glib-2.78.4-r0.trigger
#11 4.825 OK: 381 MiB in 186 packages
#11 DONE 5.3s

#12 [ 8/22] RUN mkdir -p /tmp/kernel-patches &&     mkdir -p /tmp/iproute2-patches
#12 DONE 0.4s

#13 [ 9/22] COPY tdc.config /tmp
#13 DONE 0.0s

#14 [10/22] COPY tdc-debug.config /tmp
#14 DONE 0.1s

#15 [11/22] COPY kernel-patches /tmp/kernel-patches/
#15 DONE 0.0s

#16 [12/22] COPY iproute2-patches /tmp/iproute2-patches/
#16 DONE 0.0s

#17 [13/22] COPY configs /tmp/configs/
#17 DONE 0.0s

#18 [14/22] RUN git config --global user.email foo@bar.com
#18 DONE 0.4s

#19 [15/22] RUN git config --global user.name foo@bar.com
#19 DONE 0.4s

#20 [16/22] RUN git clone https://git.kernel.org/pub/scm/network/iproute2/iproute2-next.git /nipa-data/iproute2
#20 0.401 Cloning into '/nipa-data/iproute2'...
#20 DONE 2.2s

#21 [17/22] RUN cd /nipa-data/iproute2 && 	git remote add stable https://git.kernel.org/pub/scm/network/iproute2/iproute2.git && 	git fetch --all && 	git merge stable/main
#21 0.388 Fetching origin
#21 0.779 Fetching stable
#21 1.584 From https://git.kernel.org/pub/scm/network/iproute2/iproute2
#21 1.584  * [new branch]        codeql         -> stable/codeql
#21 1.584  * [new branch]        iproute2-4.1.x -> stable/iproute2-4.1.x
#21 1.584  * [new branch]        main           -> stable/main
#21 1.591  * [new tag]           v6.8.0         -> v6.8.0
#21 1.646 Merge made by the 'ort' strategy.
#21 1.664  README               | 13 ++++++++
#21 1.664  include/version.h    |  2 +-
#21 1.664  ip/iptuntap.c        |  5 ++-
#21 1.664  lib/rt_names.c       | 43 +++++++++++++-------------
#21 1.664  man/man8/ip.8        | 33 ++++++++++++++++++--
#21 1.664  man/man8/tc-mirred.8 |  2 +-
#21 1.664  man/man8/tc-simple.8 | 12 ++++----
#21 1.664  misc/ifstat.c        | 11 +++++--
#21 1.664  misc/ss.c            | 17 ++++++++++-
#21 1.664  tc/e_bpf.c           |  2 +-
#21 1.664  tc/f_basic.c         |  4 +--
#21 1.664  tc/f_bpf.c           |  4 +--
#21 1.664  tc/f_cgroup.c        |  4 +--
#21 1.664  tc/f_flow.c          |  4 +--
#21 1.664  tc/f_flower.c        |  4 +--
#21 1.664  tc/f_fw.c            |  4 +--
#21 1.664  tc/f_matchall.c      |  4 +--
#21 1.664  tc/f_route.c         |  4 +--
#21 1.664  tc/f_u32.c           |  6 ++--
#21 1.664  tc/m_action.c        |  6 ++--
#21 1.664  tc/m_bpf.c           |  4 +--
#21 1.664  tc/m_connmark.c      |  4 +--
#21 1.664  tc/m_csum.c          |  4 +--
#21 1.664  tc/m_ct.c            |  4 +--
#21 1.664  tc/m_ctinfo.c        |  4 +--
#21 1.664  tc/m_gact.c          |  4 +--
#21 1.664  tc/m_gate.c          |  8 ++---
#21 1.664  tc/m_ife.c           |  4 +--
#21 1.664  tc/m_mirred.c        |  6 ++--
#21 1.664  tc/m_mpls.c          |  4 +--
#21 1.664  tc/m_nat.c           |  4 +--
#21 1.664  tc/m_pedit.c         | 10 +++---
#21 1.664  tc/m_police.c        |  8 ++---
#21 1.664  tc/m_sample.c        |  4 +--
#21 1.664  tc/m_simple.c        | 12 +++++---
#21 1.664  tc/m_skbedit.c       |  4 +--
#21 1.664  tc/m_skbmod.c        | 41 ++++++++++++++-----------
#21 1.664  tc/m_tunnel_key.c    |  4 +--
#21 1.664  tc/m_vlan.c          |  4 +--
#21 1.664  tc/q_cake.c          |  6 ++--
#21 1.664  tc/q_cbs.c           |  4 +--
#21 1.664  tc/q_choke.c         |  6 ++--
#21 1.664  tc/q_clsact.c        |  4 +--
#21 1.664  tc/q_codel.c         |  6 ++--
#21 1.664  tc/q_drr.c           |  8 ++---
#21 1.664  tc/q_etf.c           |  4 +--
#21 1.664  tc/q_ets.c           |  8 ++---
#21 1.664  tc/q_fifo.c          |  4 +--
#21 1.664  tc/q_fq.c            |  6 ++--
#21 1.664  tc/q_fq_codel.c      |  6 ++--
#21 1.664  tc/q_fq_pie.c        |  6 ++--
#21 1.664  tc/q_gred.c          |  6 ++--
#21 1.664  tc/q_hfsc.c          | 10 +++---
#21 1.664  tc/q_hhf.c           |  6 ++--
#21 1.664  tc/q_htb.c           |  8 ++---
#21 1.664  tc/q_ingress.c       |  4 +--
#21 1.664  tc/q_mqprio.c        |  4 +--
#21 1.664  tc/q_multiq.c        |  4 +--
#21 1.664  tc/q_netem.c         | 86 +++++++++++++++++++++++++++++-----------------------
#21 1.664  tc/q_pie.c           |  6 ++--
#21 1.664  tc/q_plug.c          |  4 +--
#21 1.665  tc/q_prio.c          |  4 +--
#21 1.665  tc/q_qfq.c           |  6 ++--
#21 1.665  tc/q_red.c           |  8 ++---
#21 1.665  tc/q_sfb.c           |  6 ++--
#21 1.665  tc/q_sfq.c           |  6 ++--
#21 1.665  tc/q_skbprio.c       |  4 +--
#21 1.665  tc/q_taprio.c        |  6 ++--
#21 1.665  tc/q_tbf.c           |  4 +--
#21 1.665  tc/tc.c              | 12 ++++----
#21 1.665  tc/tc_class.c        |  6 ++--
#21 1.665  tc/tc_core.c         | 15 ++-------
#21 1.665  tc/tc_core.h         |  2 --
#21 1.665  tc/tc_exec.c         |  2 +-
#21 1.665  tc/tc_filter.c       |  6 ++--
#21 1.665  tc/tc_qdisc.c        |  6 ++--
#21 1.665  tc/tc_util.c         | 33 +++++++++-----------
#21 1.665  tc/tc_util.h         | 36 +++++++++++-----------
#21 1.665  78 files changed, 377 insertions(+), 312 deletions(-)
#21 DONE 1.7s

#22 [18/22] RUN if [ "$(find /tmp/iproute2-patches/ -name *.patch)" ]; then  	cd /nipa-data/iproute2; 	git apply /tmp/iproute2-patches/*.patch;     fi
#22 DONE 0.4s

#23 [19/22] RUN cd /nipa-data/iproute2/ &&     ./configure &&     make
#23 0.368 TC schedulers
#23 0.369  IPT	using xtables
#23 0.396  IPSET  yes
#23 0.417 
#23 0.417 lib directory: /usr/lib
#23 0.417 libc has setns: yes
#23 0.438 libc has name_to_handle_at: yes
#23 0.459 SELinux support: no
#23 0.460 libtirpc support: no
#23 0.461 libbpf support: yes
#23 0.524 	libbpf version 1.3.0
#23 0.524 ELF support: yes
#23 0.526 libmnl support: yes
#23 0.528 Berkeley DB: no
#23 0.538 need for strlcpy: no
#23 0.558 libcap support: yes
#23 0.560 color output: never
#23 0.562 
#23 0.562 lib
#23 0.564     CC       libgenl.o
#23 0.603     CC       libnetlink.o
#23 0.905     CC       mnl_utils.o
#23 0.980     AR       libnetlink.a
#23 0.982     CC       utils.o
#23 1.339     CC       utils_math.o
#23 1.378     CC       rt_names.o
#23 1.533     CC       ll_map.o
#23 1.623     CC       ll_types.o
#23 1.636 In file included from ll_types.c:20:
#23 1.636 ../include/uapi/linux/sockios.h:42: warning: "SIOCGSTAMP" redefined
#23 1.636    42 | #define SIOCGSTAMP      SIOCGSTAMP_OLD
#23 1.636       | 
#23 1.636 In file included from /usr/include/sys/ioctl.h:10,
#23 1.636                  from ll_types.c:12:
#23 1.636 /usr/include/bits/ioctl.h:111: note: this is the location of the previous definition
#23 1.636   111 | #define SIOCGSTAMP      0x8906
#23 1.636       | 
#23 1.636 ../include/uapi/linux/sockios.h:43: warning: "SIOCGSTAMPNS" redefined
#23 1.636    43 | #define SIOCGSTAMPNS    SIOCGSTAMPNS_OLD
#23 1.636       | 
#23 1.636 /usr/include/bits/ioctl.h:112: note: this is the location of the previous definition
#23 1.636   112 | #define SIOCGSTAMPNS    0x8907
#23 1.636       | 
#23 1.651     CC       ll_proto.o
#23 1.663 In file included from ll_proto.c:21:
#23 1.663 ../include/uapi/linux/sockios.h:42: warning: "SIOCGSTAMP" redefined
#23 1.663    42 | #define SIOCGSTAMP      SIOCGSTAMP_OLD
#23 1.663       | 
#23 1.663 In file included from /usr/include/sys/ioctl.h:10,
#23 1.663                  from ll_proto.c:13:
#23 1.663 /usr/include/bits/ioctl.h:111: note: this is the location of the previous definition
#23 1.663   111 | #define SIOCGSTAMP      0x8906
#23 1.663       | 
#23 1.663 ../include/uapi/linux/sockios.h:43: warning: "SIOCGSTAMPNS" redefined
#23 1.663    43 | #define SIOCGSTAMPNS    SIOCGSTAMPNS_OLD
#23 1.663       | 
#23 1.663 /usr/include/bits/ioctl.h:112: note: this is the location of the previous definition
#23 1.663   112 | #define SIOCGSTAMPNS    0x8907
#23 1.663       | 
#23 1.676     CC       ll_addr.o
#23 1.687 In file included from ll_addr.c:20:
#23 1.687 ../include/uapi/linux/sockios.h:42: warning: "SIOCGSTAMP" redefined
#23 1.687    42 | #define SIOCGSTAMP      SIOCGSTAMP_OLD
#23 1.687       | 
#23 1.688 In file included from /usr/include/sys/ioctl.h:10,
#23 1.688                  from ll_addr.c:12:
#23 1.688 /usr/include/bits/ioctl.h:111: note: this is the location of the previous definition
#23 1.688   111 | #define SIOCGSTAMP      0x8906
#23 1.688       | 
#23 1.688 ../include/uapi/linux/sockios.h:43: warning: "SIOCGSTAMPNS" redefined
#23 1.688    43 | #define SIOCGSTAMPNS    SIOCGSTAMPNS_OLD
#23 1.688       | 
#23 1.688 /usr/include/bits/ioctl.h:112: note: this is the location of the previous definition
#23 1.688   112 | #define SIOCGSTAMPNS    0x8907
#23 1.688       | 
#23 1.714     CC       inet_proto.o
#23 1.741     CC       namespace.o
#23 1.791     CC       json_writer.o
#23 1.867     CC       json_print.o
#23 1.983     CC       json_print_math.o
#23 2.014     CC       names.o
#23 2.062     CC       color.o
#23 2.100     CC       bpf_legacy.o
#23 2.450     CC       bpf_glue.o
#23 2.484     CC       exec.o
#23 2.512     CC       fs.o
#23 2.580     CC       cg_map.o
#23 2.612     CC       ppp_proto.o
#23 2.633     CC       bpf_libbpf.o
#23 2.704     CC       selinux.o
#23 2.723     CC       ax25_ntop.o
#23 2.748     CC       rose_ntop.o
#23 2.760 In file included from rose_ntop.c:16:
#23 2.760 ../include/uapi/linux/sockios.h:42: warning: "SIOCGSTAMP" redefined
#23 2.760    42 | #define SIOCGSTAMP      SIOCGSTAMP_OLD
#23 2.760       | 
#23 2.760 In file included from /usr/include/sys/ioctl.h:10,
#23 2.760                  from rose_ntop.c:7:
#23 2.760 /usr/include/bits/ioctl.h:111: note: this is the location of the previous definition
#23 2.760   111 | #define SIOCGSTAMP      0x8906
#23 2.760       | 
#23 2.760 ../include/uapi/linux/sockios.h:43: warning: "SIOCGSTAMPNS" redefined
#23 2.760    43 | #define SIOCGSTAMPNS    SIOCGSTAMPNS_OLD
#23 2.760       | 
#23 2.760 /usr/include/bits/ioctl.h:112: note: this is the location of the previous definition
#23 2.760   112 | #define SIOCGSTAMPNS    0x8907
#23 2.760       | 
#23 2.775     CC       mpls_ntop.o
#23 2.801     CC       mpls_pton.o
#23 2.827     CC       netrom_ntop.o
#23 2.850     AR       libutil.a
#23 2.855 
#23 2.855 ip
#23 2.856     CC       ip.o
#23 2.931     CC       ipaddress.o
#23 2.943 In file included from ipaddress.c:26:
#23 2.943 ../include/uapi/linux/sockios.h:42: warning: "SIOCGSTAMP" redefined
#23 2.943    42 | #define SIOCGSTAMP      SIOCGSTAMP_OLD
#23 2.943       | 
#23 2.943 In file included from /usr/include/sys/ioctl.h:10,
#23 2.943                  from ipaddress.c:14:
#23 2.943 /usr/include/bits/ioctl.h:111: note: this is the location of the previous definition
#23 2.943   111 | #define SIOCGSTAMP      0x8906
#23 2.943       | 
#23 2.943 ../include/uapi/linux/sockios.h:43: warning: "SIOCGSTAMPNS" redefined
#23 2.943    43 | #define SIOCGSTAMPNS    SIOCGSTAMPNS_OLD
#23 2.943       | 
#23 2.943 /usr/include/bits/ioctl.h:112: note: this is the location of the previous definition
#23 2.943   112 | #define SIOCGSTAMPNS    0x8907
#23 2.943       | 
#23 3.401     CC       ipaddrlabel.o
#23 3.468     CC       iproute.o
#23 3.948     CC       iprule.o
#23 4.141     CC       ipnetns.o
#23 4.318     CC       rtm_map.o
#23 4.361     CC       iptunnel.o
#23 4.374 In file included from ../include/uapi/linux/if_tunnel.h:6,
#23 4.374                  from iptunnel.c:19:
#23 4.374 ../include/uapi/linux/if.h:134: warning: "IFF_VOLATILE" redefined
#23 4.374   134 | #define IFF_VOLATILE    (IFF_LOOPBACK|IFF_POINTOPOINT|IFF_BROADCAST|IFF_ECHO|\
#23 4.374       | 
#23 4.374 In file included from iptunnel.c:16:
#23 4.374 /usr/include/net/if.h:48: note: this is the location of the previous definition
#23 4.374    48 | #define IFF_VOLATILE (IFF_LOOPBACK|IFF_POINTOPOINT|IFF_BROADCAST| \
#23 4.374       | 
#23 4.506     CC       ip6tunnel.o
#23 4.610     CC       tunnel.o
#23 4.698     CC       ipneigh.o
#23 4.851     CC       ipntable.o
#23 4.951     CC       iplink.o
#23 5.234     CC       ipmaddr.o
#23 5.247 In file included from ipmaddr.c:21:
#23 5.247 ../include/uapi/linux/sockios.h:42: warning: "SIOCGSTAMP" redefined
#23 5.247    42 | #define SIOCGSTAMP      SIOCGSTAMP_OLD
#23 5.247       | 
#23 5.247 In file included from /usr/include/sys/ioctl.h:10,
#23 5.247                  from ipmaddr.c:12:
#23 5.247 /usr/include/bits/ioctl.h:111: note: this is the location of the previous definition
#23 5.247   111 | #define SIOCGSTAMP      0x8906
#23 5.247       | 
#23 5.247 ../include/uapi/linux/sockios.h:43: warning: "SIOCGSTAMPNS" redefined
#23 5.247    43 | #define SIOCGSTAMPNS    SIOCGSTAMPNS_OLD
#23 5.247       | 
#23 5.247 /usr/include/bits/ioctl.h:112: note: this is the location of the previous definition
#23 5.247   112 | #define SIOCGSTAMPNS    0x8907
#23 5.247       | 
#23 5.318     CC       ipmonitor.o
#23 5.391     CC       ipmroute.o
#23 5.403 In file included from ipmroute.c:22:
#23 5.403 ../include/uapi/linux/sockios.h:42: warning: "SIOCGSTAMP" redefined
#23 5.403    42 | #define SIOCGSTAMP      SIOCGSTAMP_OLD
#23 5.403       | 
#23 5.403 In file included from /usr/include/sys/ioctl.h:10,
#23 5.403                  from ipmroute.c:13:
#23 5.403 /usr/include/bits/ioctl.h:111: note: this is the location of the previous definition
#23 5.403   111 | #define SIOCGSTAMP      0x8906
#23 5.403       | 
#23 5.403 ../include/uapi/linux/sockios.h:43: warning: "SIOCGSTAMPNS" redefined
#23 5.403    43 | #define SIOCGSTAMPNS    SIOCGSTAMPNS_OLD
#23 5.403       | 
#23 5.403 /usr/include/bits/ioctl.h:112: note: this is the location of the previous definition
#23 5.403   112 | #define SIOCGSTAMPNS    0x8907
#23 5.403       | 
#23 5.465     CC       ipprefix.o
#23 5.494     CC       iptuntap.o
#23 5.596     CC       iptoken.o
#23 5.647     CC       ipxfrm.o
#23 5.943     CC       xfrm_state.o
#23 6.217     CC       xfrm_policy.o
#23 6.458     CC       xfrm_monitor.o
#23 6.532     CC       iplink_dummy.o
#23 6.553     CC       iplink_ifb.o
#23 6.575     CC       iplink_nlmon.o
#23 6.597     CC       iplink_team.o
#23 6.619     CC       iplink_vcan.o
#23 6.640     CC       iplink_vxcan.o
#23 6.666     CC       iplink_vlan.o
#23 6.733     CC       link_veth.o
#23 6.764     CC       link_gre.o
#23 6.776 In file included from ../include/uapi/linux/if_tunnel.h:6,
#23 6.776                  from link_gre.c:15:
#23 6.776 ../include/uapi/linux/if.h:134: warning: "IFF_VOLATILE" redefined
#23 6.776   134 | #define IFF_VOLATILE    (IFF_LOOPBACK|IFF_POINTOPOINT|IFF_BROADCAST|IFF_ECHO|\
#23 6.776       | 
#23 6.776 In file included from link_gre.c:9:
#23 6.776 /usr/include/net/if.h:48: note: this is the location of the previous definition
#23 6.776    48 | #define IFF_VOLATILE (IFF_LOOPBACK|IFF_POINTOPOINT|IFF_BROADCAST| \
#23 6.776       | 
#23 6.883     CC       iplink_can.o
#23 7.026     CC       iplink_xdp.o
#23 7.089     CC       iplink_macvlan.o
#23 7.163     CC       ipl2tp.o
#23 7.320     CC       link_vti.o
#23 7.331 In file included from ../include/uapi/linux/if_tunnel.h:6,
#23 7.331                  from link_vti.c:16:
#23 7.331 ../include/uapi/linux/if.h:134: warning: "IFF_VOLATILE" redefined
#23 7.331   134 | #define IFF_VOLATILE    (IFF_LOOPBACK|IFF_POINTOPOINT|IFF_BROADCAST|IFF_ECHO|\
#23 7.331       | 
#23 7.331 In file included from link_vti.c:10:
#23 7.331 /usr/include/net/if.h:48: note: this is the location of the previous definition
#23 7.331    48 | #define IFF_VOLATILE (IFF_LOOPBACK|IFF_POINTOPOINT|IFF_BROADCAST| \
#23 7.331       | 
#23 7.387     CC       link_vti6.o
#23 7.398 In file included from ../include/uapi/linux/if_tunnel.h:6,
#23 7.398                  from link_vti6.c:17:
#23 7.398 ../include/uapi/linux/if.h:134: warning: "IFF_VOLATILE" redefined
#23 7.398   134 | #define IFF_VOLATILE    (IFF_LOOPBACK|IFF_POINTOPOINT|IFF_BROADCAST|IFF_ECHO|\
#23 7.398       | 
#23 7.398 In file included from link_vti6.c:11:
#23 7.398 /usr/include/net/if.h:48: note: this is the location of the previous definition
#23 7.398    48 | #define IFF_VOLATILE (IFF_LOOPBACK|IFF_POINTOPOINT|IFF_BROADCAST| \
#23 7.398       | 
#23 7.442     CC       link_xfrm.o
#23 7.478     CC       iplink_vxlan.o
#23 7.638     CC       tcp_metrics.o
#23 7.751     CC       iplink_ipoib.o
#23 7.797     CC       ipnetconf.o
#23 7.852     CC       link_ip6tnl.o
#23 7.863 In file included from ../include/uapi/linux/if_tunnel.h:6,
#23 7.863                  from link_ip6tnl.c:15:
#23 7.863 ../include/uapi/linux/if.h:134: warning: "IFF_VOLATILE" redefined
#23 7.863   134 | #define IFF_VOLATILE    (IFF_LOOPBACK|IFF_POINTOPOINT|IFF_BROADCAST|IFF_ECHO|\
#23 7.863       | 
#23 7.863 In file included from link_ip6tnl.c:9:
#23 7.863 /usr/include/net/if.h:48: note: this is the location of the previous definition
#23 7.863    48 | #define IFF_VOLATILE (IFF_LOOPBACK|IFF_POINTOPOINT|IFF_BROADCAST| \
#23 7.863       | 
#23 7.948     CC       link_iptnl.o
#23 7.958 In file included from ../include/uapi/linux/if_tunnel.h:6,
#23 7.958                  from link_iptnl.c:16:
#23 7.958 ../include/uapi/linux/if.h:134: warning: "IFF_VOLATILE" redefined
#23 7.958   134 | #define IFF_VOLATILE    (IFF_LOOPBACK|IFF_POINTOPOINT|IFF_BROADCAST|IFF_ECHO|\
#23 7.958       | 
#23 7.958 In file included from link_iptnl.c:9:
#23 7.958 /usr/include/net/if.h:48: note: this is the location of the previous definition
#23 7.958    48 | #define IFF_VOLATILE (IFF_LOOPBACK|IFF_POINTOPOINT|IFF_BROADCAST| \
#23 7.958       | 
#23 8.045     CC       link_gre6.o
#23 8.056 In file included from ../include/uapi/linux/if_tunnel.h:6,
#23 8.056                  from link_gre6.c:15:
#23 8.056 ../include/uapi/linux/if.h:134: warning: "IFF_VOLATILE" redefined
#23 8.056   134 | #define IFF_VOLATILE    (IFF_LOOPBACK|IFF_POINTOPOINT|IFF_BROADCAST|IFF_ECHO|\
#23 8.056       | 
#23 8.056 In file included from link_gre6.c:9:
#23 8.056 /usr/include/net/if.h:48: note: this is the location of the previous definition
#23 8.056    48 | #define IFF_VOLATILE (IFF_LOOPBACK|IFF_POINTOPOINT|IFF_BROADCAST| \
#23 8.056       | 
#23 8.179     CC       iplink_bond.o
#23 8.353     CC       iplink_bond_slave.o
#23 8.407     CC       iplink_hsr.o
#23 8.454     CC       iplink_bridge.o
#23 8.603     CC       iplink_bridge_slave.o
#23 8.708     CC       iplink_dsa.o
#23 8.741     CC       ipfou.o
#23 8.836     CC       iplink_ipvlan.o
#23 8.887     CC       iplink_geneve.o
#23 8.978     CC       iplink_vrf.o
#23 9.026     CC       iproute_lwtunnel.o
#23 9.407     CC       ipmacsec.o
#23 9.639     CC       ipila.o
#23 9.714     CC       ipvrf.o
#23 9.820     CC       iplink_xstats.o
#23 9.849     CC       ipseg6.o
#23 9.898     CC       iplink_netdevsim.o
#23 9.920     CC       iplink_rmnet.o
#23 9.952     CC       ipnexthop.o
#23 10.19     CC       ipmptcp.o
#23 10.31     CC       iplink_bareudp.o
#23 10.35     CC       iplink_wwan.o
#23 10.38     CC       ipioam6.o
#23 10.46     CC       iplink_amt.o
#23 10.51     CC       iplink_batadv.o
#23 10.55     CC       iplink_gtp.o
#23 10.59     CC       iplink_virt_wifi.o
#23 10.61     CC       iplink_netkit.o
#23 10.66     CC       ipstats.o
#23 10.85     LINK     ip
#23 10.88     CC       rtmon.o
#23 10.94     LINK     rtmon
#23 10.96 
#23 10.96 tc
#23 10.96     CC       tc.o
#23 11.05     CC       tc_qdisc.o
#23 11.16     CC       tc_class.o
#23 11.27     CC       tc_filter.o
#23 11.42     CC       tc_util.o
#23 11.61     CC       tc_monitor.o
#23 11.65     CC       tc_exec.o
#23 11.68     CC       m_police.o
#23 11.76     CC       m_estimator.o
#23 11.79     CC       m_action.o
#23 11.94     CC       m_ematch.o
#23 12.04     YACC     emp_ematch.tab.c
#23 12.11     CC       emp_ematch.tab.o
#23 12.21     LEX      emp_ematch.lex.c
#23 12.22     CC       emp_ematch.lex.o
#23 12.38     CC       q_fifo.o
#23 12.41     CC       q_sfq.o
#23 12.48     CC       q_red.o
#23 12.55     CC       q_prio.o
#23 12.59     CC       q_skbprio.o
#23 12.62     CC       q_tbf.o
#23 12.71     CC       q_multiq.o
#23 12.74     CC       q_netem.o
#23 12.94     CC       q_choke.o
#23 13.00     CC       q_sfb.o
#23 13.07     CC       f_u32.o
#23 13.32     CC       f_route.o
#23 13.38     CC       f_fw.o
#23 13.42     CC       f_basic.o
#23 13.47     CC       f_bpf.o
#23 13.53     CC       f_flow.o
#23 13.62     CC       f_cgroup.o
#23 13.65     CC       f_flower.o
#23 13.66 In file included from ../include/uapi/linux/netdevice.h:29,
#23 13.66                  from ../include/uapi/linux/if_arp.h:27,
#23 13.66                  from f_flower.c:14:
#23 13.66 ../include/uapi/linux/if.h:134: warning: "IFF_VOLATILE" redefined
#23 13.66   134 | #define IFF_VOLATILE    (IFF_LOOPBACK|IFF_POINTOPOINT|IFF_BROADCAST|IFF_ECHO|\
#23 13.66       | 
#23 13.66 In file included from f_flower.c:12:
#23 13.66 /usr/include/net/if.h:48: note: this is the location of the previous definition
#23 13.66    48 | #define IFF_VOLATILE (IFF_LOOPBACK|IFF_POINTOPOINT|IFF_BROADCAST| \
#23 13.66       | 
#23 14.13     CC       q_gred.o
#23 14.23     CC       q_ingress.o
#23 14.25     CC       q_hfsc.o
#23 14.34     CC       q_htb.o
#23 14.43     CC       q_drr.o
#23 14.46     CC       q_qfq.o
#23 14.50     CC       m_gact.o
#23 14.55     CC       m_mirred.o
#23 14.62     CC       m_mpls.o
#23 14.68     CC       m_nat.o
#23 14.73     CC       m_pedit.o
#23 14.86     CC       m_ife.o
#23 14.93     CC       m_skbedit.o
#23 14.99     CC       m_skbmod.o
#23 15.05     CC       m_csum.o
#23 15.11     CC       m_simple.o
#23 15.16     CC       m_vlan.o
#23 15.24     CC       m_connmark.o
#23 15.28     CC       m_ctinfo.o
#23 15.33     CC       m_bpf.o
#23 15.38     CC       m_tunnel_key.o
#23 15.49     CC       m_sample.o
#23 15.54     CC       m_ct.o
#23 15.64     CC       m_gate.o
#23 15.73     CC       p_ip.o
#23 15.77     CC       p_ip6.o
#23 15.81     CC       p_icmp.o
#23 15.83     CC       p_eth.o
#23 15.86     CC       p_tcp.o
#23 15.89     CC       p_udp.o
#23 15.92     CC       em_nbyte.o
#23 15.97     CC       em_cmp.o
#23 16.02     CC       em_u32.o
#23 16.07     CC       em_canid.o
#23 16.12     CC       em_meta.o
#23 16.24     CC       q_mqprio.o
#23 16.34     CC       q_codel.o
#23 16.39     CC       q_fq_codel.o
#23 16.48     CC       q_fq.o
#23 16.61     CC       q_pie.o
#23 16.67     CC       q_fq_pie.o
#23 16.73     CC       q_cake.o
#23 16.91     CC       q_hhf.o
#23 16.97     CC       q_clsact.o
#23 17.00     CC       e_bpf.o
#23 17.05     CC       f_matchall.o
#23 17.10     CC       q_cbs.o
#23 17.16     CC       q_etf.o
#23 17.21     CC       q_taprio.o
#23 17.33     CC       q_plug.o
#23 17.36     CC       q_ets.o
#23 17.44     CC       em_ipt.o
#23 17.46 In file included from tc_util.h:7,
#23 17.46                  from m_ematch.h:11,
#23 17.46                  from em_ipt.c:13:
#23 17.46 ../include/uapi/linux/if.h:134: warning: "IFF_VOLATILE" redefined
#23 17.46   134 | #define IFF_VOLATILE    (IFF_LOOPBACK|IFF_POINTOPOINT|IFF_BROADCAST|IFF_ECHO|\
#23 17.46       | 
#23 17.46 In file included from ../include/xtables.h:17,
#23 17.46                  from em_ipt.c:12:
#23 17.46 /usr/include/net/if.h:48: note: this is the location of the previous definition
#23 17.46    48 | #define IFF_VOLATILE (IFF_LOOPBACK|IFF_POINTOPOINT|IFF_BROADCAST| \
#23 17.46       | 
#23 17.49     CC       em_ipset.o
#23 17.51 In file included from tc_util.h:7,
#23 17.51                  from m_ematch.h:11,
#23 17.51                  from em_ipset.c:39:
#23 17.51 ../include/uapi/linux/if.h:134: warning: "IFF_VOLATILE" redefined
#23 17.51   134 | #define IFF_VOLATILE    (IFF_LOOPBACK|IFF_POINTOPOINT|IFF_BROADCAST|IFF_ECHO|\
#23 17.51       | 
#23 17.51 In file included from ../include/xtables.h:17,
#23 17.51                  from em_ipset.c:23:
#23 17.51 /usr/include/net/if.h:48: note: this is the location of the previous definition
#23 17.51    48 | #define IFF_VOLATILE (IFF_LOOPBACK|IFF_POINTOPOINT|IFF_BROADCAST| \
#23 17.51       | 
#23 17.54     CC       tc_core.o
#23 17.62     CC       tc_red.o
#23 17.67     CC       tc_estimator.o
#23 17.70     CC       tc_stab.o
#23 17.75     CC       tc_qevent.o
#23 17.81     AR       libtc.a
#23 17.82     LINK     tc
#23 17.85 rm emp_ematch.lex.c
#23 17.85 
#23 17.85 bridge
#23 17.85     CC       bridge.o
#23 17.90     CC       fdb.o
#23 18.08     CC       monitor.o
#23 18.12     CC       link.o
#23 18.29     CC       mdb.o
#23 18.48     CC       vlan.o
#23 18.49 In file included from vlan.c:14:
#23 18.49 ../include/json_print.h:80:30: warning: 'struct timeval' declared inside parameter list will not be visible outside of this definition or declaration
#23 18.49    80 | _PRINT_FUNC(tv, const struct timeval *)
#23 18.49       |                              ^~~~~~~
#23 18.49 ../include/json_print.h:50:37: note: in definition of macro '_PRINT_FUNC'
#23 18.49    50 |                                     type value);                        \
#23 18.49       |                                     ^~~~
#23 18.49 ../include/json_print.h:80:30: warning: 'struct timeval' declared inside parameter list will not be visible outside of this definition or declaration
#23 18.49    80 | _PRINT_FUNC(tv, const struct timeval *)
#23 18.49       |                              ^~~~~~~
#23 18.49 ../include/json_print.h:55:45: note: in definition of macro '_PRINT_FUNC'
#23 18.49    55 |                                             type value)                 \
#23 18.49       |                                             ^~~~
#23 18.49 ../include/json_print.h: In function 'print_tv':
#23 18.49 ../include/json_print.h:58:48: warning: passing argument 5 of 'print_color_tv' from incompatible pointer type [-Wincompatible-pointer-types]
#23 18.49    58 |                                                value);                  \
#23 18.49       |                                                ^~~~~
#23 18.49       |                                                |
#23 18.49       |                                                const struct timeval *
#23 18.49 ../include/json_print.h:80:1: note: in expansion of macro '_PRINT_FUNC'
#23 18.49    80 | _PRINT_FUNC(tv, const struct timeval *)
#23 18.49       | ^~~~~~~~~~~
#23 18.49 ../include/json_print.h:50:42: note: expected 'const struct timeval *' but argument is of type 'const struct timeval *'
#23 18.49    50 |                                     type value);                        \
#23 18.49       |                                          ^
#23 18.49 ../include/json_print.h:80:1: note: in expansion of macro '_PRINT_FUNC'
#23 18.49    80 | _PRINT_FUNC(tv, const struct timeval *)
#23 18.49       | ^~~~~~~~~~~
#23 18.71     CC       vni.o
#23 18.72 In file included from vni.c:19:
#23 18.72 ../include/json_print.h:80:30: warning: 'struct timeval' declared inside parameter list will not be visible outside of this definition or declaration
#23 18.72    80 | _PRINT_FUNC(tv, const struct timeval *)
#23 18.72       |                              ^~~~~~~
#23 18.72 ../include/json_print.h:50:37: note: in definition of macro '_PRINT_FUNC'
#23 18.72    50 |                                     type value);                        \
#23 18.72       |                                     ^~~~
#23 18.72 ../include/json_print.h:80:30: warning: 'struct timeval' declared inside parameter list will not be visible outside of this definition or declaration
#23 18.72    80 | _PRINT_FUNC(tv, const struct timeval *)
#23 18.72       |                              ^~~~~~~
#23 18.72 ../include/json_print.h:55:45: note: in definition of macro '_PRINT_FUNC'
#23 18.72    55 |                                             type value)                 \
#23 18.72       |                                             ^~~~
#23 18.72 ../include/json_print.h: In function 'print_tv':
#23 18.72 ../include/json_print.h:58:48: warning: passing argument 5 of 'print_color_tv' from incompatible pointer type [-Wincompatible-pointer-types]
#23 18.72    58 |                                                value);                  \
#23 18.72       |                                                ^~~~~
#23 18.72       |                                                |
#23 18.72       |                                                const struct timeval *
#23 18.72 ../include/json_print.h:80:1: note: in expansion of macro '_PRINT_FUNC'
#23 18.72    80 | _PRINT_FUNC(tv, const struct timeval *)
#23 18.72       | ^~~~~~~~~~~
#23 18.72 ../include/json_print.h:50:42: note: expected 'const struct timeval *' but argument is of type 'const struct timeval *'
#23 18.72    50 |                                     type value);                        \
#23 18.72       |                                          ^
#23 18.72 ../include/json_print.h:80:1: note: in expansion of macro '_PRINT_FUNC'
#23 18.72    80 | _PRINT_FUNC(tv, const struct timeval *)
#23 18.72       | ^~~~~~~~~~~
#23 18.79     LINK     bridge
#23 18.80 
#23 18.80 misc
#23 18.81     CC       ss.o
#23 18.83 In file included from ../include/uapi/linux/tipc.h:42,
#23 18.83                  from ss.c:49:
#23 18.83 ../include/uapi/linux/sockios.h:42: warning: "SIOCGSTAMP" redefined
#23 18.83    42 | #define SIOCGSTAMP      SIOCGSTAMP_OLD
#23 18.83       | 
#23 18.83 In file included from /usr/include/sys/ioctl.h:10,
#23 18.83                  from ss.c:12:
#23 18.83 /usr/include/bits/ioctl.h:111: note: this is the location of the previous definition
#23 18.83   111 | #define SIOCGSTAMP      0x8906
#23 18.83       | 
#23 18.83 ../include/uapi/linux/sockios.h:43: warning: "SIOCGSTAMPNS" redefined
#23 18.83    43 | #define SIOCGSTAMPNS    SIOCGSTAMPNS_OLD
#23 18.83       | 
#23 18.83 /usr/include/bits/ioctl.h:112: note: this is the location of the previous definition
#23 18.83   112 | #define SIOCGSTAMPNS    0x8907
#23 18.83       | 
#23 19.77     CC       ssfilter_check.o
#23 19.80     YACC     ssfilter.tab.c
#23 19.86     CC       ssfilter.tab.o
#23 19.97     LINK     ss
#23 19.99     CC       nstat
#23 20.00 In file included from nstat.c:20:
#23 20.00 /usr/include/sys/poll.h:1:2: warning: #warning redirecting incorrect #include <sys/poll.h> to <poll.h> [-Wcpp]
#23 20.00     1 | #warning redirecting incorrect #include <sys/poll.h> to <poll.h>
#23 20.00       |  ^~~~~~~
#23 20.14     CC       ifstat
#23 20.15 In file included from ifstat.c:20:
#23 20.15 /usr/include/sys/poll.h:1:2: warning: #warning redirecting incorrect #include <sys/poll.h> to <poll.h> [-Wcpp]
#23 20.15     1 | #warning redirecting incorrect #include <sys/poll.h> to <poll.h>
#23 20.15       |  ^~~~~~~
#23 20.34     CC       rtacct
#23 20.35 In file included from rtacct.c:19:
#23 20.35 /usr/include/sys/poll.h:1:2: warning: #warning redirecting incorrect #include <sys/poll.h> to <poll.h> [-Wcpp]
#23 20.35     1 | #warning redirecting incorrect #include <sys/poll.h> to <poll.h>
#23 20.35       |  ^~~~~~~
#23 20.47     CC       lnstat.o
#23 20.55     CC       lnstat_util.o
#23 20.61     LINK     lnstat
#23 20.62 
#23 20.62 netem
#23 20.62 gcc  -I../include -o maketable maketable.c -lm
#23 20.66 gcc  -I../include -o normal normal.c -lm
#23 20.68 gcc  -I../include -o pareto pareto.c -lm
#23 20.70 gcc  -I../include -o paretonormal paretonormal.c -lm
#23 20.73 ./normal > normal.dist
#23 20.74 ./pareto > pareto.dist
#23 20.74 ./paretonormal > paretonormal.dist
#23 20.75 ./maketable experimental.dat > experimental.dist
#23 20.76 
#23 20.76 genl
#23 20.76     CC       genl.o
#23 20.80     CC       ctrl.o
#23 20.89     LINK     genl
#23 20.90 
#23 20.90 man
#23 20.90 make[2]: Nothing to be done for 'all'.
#23 20.90 make[2]: Nothing to be done for 'all'.
#23 20.91 sed \
#23 20.91 	-e "s|@NETNS_ETC_DIR@|/etc/netns|g" \
#23 20.91 	-e "s|@NETNS_RUN_DIR@|/var/run/netns|g" \
#23 20.91 	-e "s|@SYSCONF_ETC_DIR@|/etc/iproute2|g" \
#23 20.91 	-e "s|@SYSCONF_USR_DIR@|/usr/share/iproute2|g" \
#23 20.91 	ip-address.8.in > ip-address.8
#23 20.91 sed \
#23 20.91 	-e "s|@NETNS_ETC_DIR@|/etc/netns|g" \
#23 20.91 	-e "s|@NETNS_RUN_DIR@|/var/run/netns|g" \
#23 20.91 	-e "s|@SYSCONF_ETC_DIR@|/etc/iproute2|g" \
#23 20.91 	-e "s|@SYSCONF_USR_DIR@|/usr/share/iproute2|g" \
#23 20.91 	ip-link.8.in > ip-link.8
#23 20.91 sed \
#23 20.91 	-e "s|@NETNS_ETC_DIR@|/etc/netns|g" \
#23 20.91 	-e "s|@NETNS_RUN_DIR@|/var/run/netns|g" \
#23 20.91 	-e "s|@SYSCONF_ETC_DIR@|/etc/iproute2|g" \
#23 20.91 	-e "s|@SYSCONF_USR_DIR@|/usr/share/iproute2|g" \
#23 20.91 	ip-netns.8.in > ip-netns.8
#23 20.92 sed \
#23 20.92 	-e "s|@NETNS_ETC_DIR@|/etc/netns|g" \
#23 20.92 	-e "s|@NETNS_RUN_DIR@|/var/run/netns|g" \
#23 20.92 	-e "s|@SYSCONF_ETC_DIR@|/etc/iproute2|g" \
#23 20.92 	-e "s|@SYSCONF_USR_DIR@|/usr/share/iproute2|g" \
#23 20.92 	ip-route.8.in > ip-route.8
#23 20.92 
#23 20.92 tipc
#23 20.92     CC       bearer.o
#23 21.09     CC       cmdl.o
#23 21.13     CC       link.o
#23 21.34     CC       media.o
#23 21.39     CC       misc.o
#23 21.44     CC       msg.o
#23 21.46     CC       nametable.o
#23 21.50     CC       node.o
#23 21.58     CC       socket.o
#23 21.62     CC       peer.o
#23 21.66     CC       tipc.o
#23 21.69     LINK     tipc
#23 21.70 
#23 21.70 devlink
#23 21.71     CC       devlink.o
#23 23.36     CC       mnlg.o
#23 23.40     LINK     devlink
#23 23.42 
#23 23.42 rdma
#23 23.42     CC       rdma.o
#23 23.44 rdma.c: In function 'main':
#23 23.44 rdma.c:110:20: warning: implicit declaration of function 'basename'; did you mean 'rename'? [-Wimplicit-function-declaration]
#23 23.44   110 |         filename = basename(argv[0]);
#23 23.44       |                    ^~~~~~~~
#23 23.44       |                    rename
#23 23.44 rdma.c:110:18: warning: assignment to 'char *' from 'int' makes pointer from integer without a cast [-Wint-conversion]
#23 23.44   110 |         filename = basename(argv[0]);
#23 23.44       |                  ^
#23 23.47     CC       utils.o
#23 23.66     CC       dev.o
#23 23.74     CC       link.o
#23 23.81     CC       res.o
#23 23.92     CC       res-pd.o
#23 23.96     CC       res-mr.o
#23 24.01     CC       res-cq.o
#23 24.06     CC       res-cmid.o
#23 24.12     CC       res-qp.o
#23 24.17     CC       sys.o
#23 24.23     CC       stat.o
#23 24.45     CC       stat-mr.o
#23 24.48     CC       res-ctx.o
#23 24.52     CC       res-srq.o
#23 24.59     LINK     rdma
#23 24.60 
#23 24.60 dcb
#23 24.61     CC       dcb.o
#23 24.73     CC       dcb_app.o
#23 24.91     CC       dcb_buffer.o
#23 24.97     CC       dcb_dcbx.o
#23 25.02     CC       dcb_ets.o
#23 25.10     CC       dcb_maxrate.o
#23 25.15     CC       dcb_pfc.o
#23 25.21     CC       dcb_apptrust.o
#23 25.27     CC       dcb_rewr.o
#23 25.35     LINK     dcb
#23 25.37 
#23 25.37 vdpa
#23 25.37     CC       vdpa.o
#23 25.39 In file included from vdpa.c:19:
#23 25.39 ../include/json_print.h:80:30: warning: 'struct timeval' declared inside parameter list will not be visible outside of this definition or declaration
#23 25.39    80 | _PRINT_FUNC(tv, const struct timeval *)
#23 25.39       |                              ^~~~~~~
#23 25.39 ../include/json_print.h:50:37: note: in definition of macro '_PRINT_FUNC'
#23 25.39    50 |                                     type value);                        \
#23 25.39       |                                     ^~~~
#23 25.39 ../include/json_print.h:80:30: warning: 'struct timeval' declared inside parameter list will not be visible outside of this definition or declaration
#23 25.39    80 | _PRINT_FUNC(tv, const struct timeval *)
#23 25.39       |                              ^~~~~~~
#23 25.39 ../include/json_print.h:55:45: note: in definition of macro '_PRINT_FUNC'
#23 25.39    55 |                                             type value)                 \
#23 25.39       |                                             ^~~~
#23 25.39 ../include/json_print.h: In function 'print_tv':
#23 25.39 ../include/json_print.h:58:48: warning: passing argument 5 of 'print_color_tv' from incompatible pointer type [-Wincompatible-pointer-types]
#23 25.39    58 |                                                value);                  \
#23 25.39       |                                                ^~~~~
#23 25.39       |                                                |
#23 25.39       |                                                const struct timeval *
#23 25.39 ../include/json_print.h:80:1: note: in expansion of macro '_PRINT_FUNC'
#23 25.39    80 | _PRINT_FUNC(tv, const struct timeval *)
#23 25.39       | ^~~~~~~~~~~
#23 25.39 ../include/json_print.h:50:42: note: expected 'const struct timeval *' but argument is of type 'const struct timeval *'
#23 25.39    50 |                                     type value);                        \
#23 25.39       |                                          ^
#23 25.39 ../include/json_print.h:80:1: note: in expansion of macro '_PRINT_FUNC'
#23 25.39    80 | _PRINT_FUNC(tv, const struct timeval *)
#23 25.39       | ^~~~~~~~~~~
#23 25.53     LINK     vdpa
#23 DONE 25.6s

#24 [20/22] RUN git clone --no-single-branch --depth=1 https://github.com/linux-netdev/testing.git /nipa-data/kernel
#24 0.393 Cloning into '/nipa-data/kernel'...
#24 32.63 Updating files:  17% (14549/83283)Updating files:  18% (14991/83283)Updating files:  19% (15824/83283)Updating files:  20% (16657/83283)Updating files:  21% (17490/83283)Updating files:  22% (18323/83283)Updating files:  23% (19156/83283)Updating files:  24% (19988/83283)Updating files:  25% (20821/83283)Updating files:  26% (21654/83283)Updating files:  27% (22487/83283)Updating files:  28% (23320/83283)Updating files:  29% (24153/83283)Updating files:  30% (24985/83283)Updating files:  31% (25818/83283)Updating files:  32% (26651/83283)Updating files:  33% (27484/83283)Updating files:  34% (28317/83283)Updating files:  35% (29150/83283)Updating files:  36% (29982/83283)Updating files:  36% (30037/83283)Updating files:  37% (30815/83283)Updating files:  38% (31648/83283)Updating files:  39% (32481/83283)Updating files:  40% (33314/83283)Updating files:  40% (33619/83283)Updating files:  41% (34147/83283)Updating files:  42% (34979/83283)Updating files:  43% (35812/83283)Updating files:  44% (36645/83283)Updating files:  45% (37478/83283)Updating files:  46% (38311/83283)Updating files:  47% (39144/83283)Updating files:  48% (39976/83283)Updating files:  49% (40809/83283)Updating files:  50% (41642/83283)Updating files:  51% (42475/83283)Updating files:  52% (43308/83283)Updating files:  53% (44140/83283)Updating files:  53% (44186/83283)Updating files:  54% (44973/83283)Updating files:  55% (45806/83283)Updating files:  56% (46639/83283)Updating files:  57% (47472/83283)Updating files:  58% (48305/83283)Updating files:  59% (49137/83283)Updating files:  60% (49970/83283)Updating files:  61% (50803/83283)Updating files:  62% (51636/83283)Updating files:  63% (52469/83283)Updating files:  64% (53302/83283)Updating files:  65% (54134/83283)Updating files:  66% (54967/83283)Updating files:  66% (55621/83283)Updating files:  67% (55800/83283)Updating files:  68% (56633/83283)Updating files:  69% (57466/83283)Updating files:  70% (58299/83283)Updating files:  71% (59131/83283)Updating files:  72% (59964/83283)Updating files:  73% (60797/83283)Updating files:  74% (61630/83283)Updating files:  75% (62463/83283)Updating files:  76% (63296/83283)Updating files:  77% (64128/83283)Updating files:  78% (64961/83283)Updating files:  79% (65794/83283)Updating files:  80% (66627/83283)Updating files:  81% (67460/83283)Updating files:  82% (68293/83283)Updating files:  83% (69125/83283)Updating files:  84% (69958/83283)Updating files:  85% (70791/83283)Updating files:  85% (71000/83283)Updating files:  86% (71624/83283)Updating files:  87% (72457/83283)Updating files:  88% (73290/83283)Updating files:  89% (74122/83283)Updating files:  90% (74955/83283)Updating files:  91% (75788/83283)Updating files:  92% (76621/83283)Updating files:  93% (77454/83283)Updating files:  94% (78287/83283)Updating files:  95% (79119/83283)Updating files:  96% (79952/83283)Updating files:  97% (80785/83283)Updating files:  98% (81618/83283)Updating files:  99% (82451/83283)Updating files: 100% (83283/83283)Updating files: 100% (83283/83283), done.
#24 DONE 40.2s

#25 [21/22] RUN git clone --depth=1 -b dev https://github.com/p4tc-dev/new-nipa.git nipa
#25 0.353 Cloning into 'nipa'...
#25 DONE 1.0s

#26 [22/22] COPY entrypoint.sh /entrypoint.sh
#26 DONE 0.0s

#27 exporting to image
#27 exporting layers
#27 exporting layers 6.8s done
#27 writing image sha256:2c1f78606ca847c2345ae735289c9232b836ee8eca9588a1970f3415b9a3c43e done
#27 naming to docker.io/library/nipa-executor done
#27 DONE 6.8s
=== >>> DEBUG KERNEL <<< ===
NIPA version: 9d4ceb4 (fetcher: support local kernel patches, 2024-02-05)
INFO: Last run date: 2024-03-20 15:00:02.609448+00:00
Testing  {'branch': 'net-next-2024-03-20--18-00', 'date': '2024-03-20T18:00:05.295058+00:00', 'base': '42b4c4fd9f1e3967de4a84559f87b024e5661e33', 'url': 'https://github.com/linux-netdev/testing.git net-next-2024-03-20--18-00'}
Updating files:  81% (6856/8399)Updating files:  82% (6888/8399)Updating files:  83% (6972/8399)Updating files:  84% (7056/8399)Updating files:  85% (7140/8399)Updating files:  86% (7224/8399)Updating files:  87% (7308/8399)Updating files:  88% (7392/8399)Updating files:  89% (7476/8399)Updating files:  90% (7560/8399)Updating files:  91% (7644/8399)Updating files:  92% (7728/8399)Updating files:  93% (7812/8399)Updating files:  94% (7896/8399)Updating files:  95% (7980/8399)Updating files:  96% (8064/8399)Updating files:  97% (8148/8399)Updating files:  98% (8232/8399)Updating files:  99% (8316/8399)Updating files: 100% (8399/8399)Updating files: 100% (8399/8399), done.
branch 'net-next-2024-03-20--18-00' set up to track 'origin/net-next-2024-03-20--18-00'.
Switched to a new branch 'net-next-2024-03-20--18-00'
error: No valid patches in input (allow with "--allow-empty")
Checking patch tools/testing/selftests/tc-testing/tdc_config.py...
Applied patch tools/testing/selftests/tc-testing/tdc_config.py cleanly.
Run at 2024-03-20 18:23:54.318627
INFO: building kernel
INFO: starting VM 0
INFO: thr0-1 VM starting: vng -v -r arch/x86/boot/bzImage --user root --rwdir=/nipa-data/kernel/
INFO: thr0-1 expecting prompt: '/nipa-data/kernel# '
INFO: thr0-1 reached initial prompt
INFO: thr-0 testing == tdc.sh
INFO: thr-0 tdc.sh >> retcode: 0 result: pass found {'fail': False, 'skip': False, 'pass': True}
INFO: thr-0 has no more work, exiting
INFO: thr0-1 VM stopped
Done at 2024-03-20 18:28:32.978304
NIPA quitting!
/
~/nipa/tc-executor/tc-executor-storage /
sort: fflush failed: 'standard output': Broken pipe
sort: write error
