~/nipa/tc-executor/tc-executor-storage /
Switched to branch 'storage'
Your branch is ahead of 'origin/storage' by 320 commits.
  (use "git push" to publish your local commits)
/
~/nipa/tc-executor /
Error response from daemon: No such image: nipa-executor:latest
#0 building with "default" instance using docker driver

#1 [internal] load build definition from Dockerfile
#1 transferring dockerfile: 2.05kB done
#1 DONE 0.0s

#2 [internal] load .dockerignore
#2 transferring context: 2B done
#2 DONE 0.0s

#3 [internal] load metadata for docker.io/library/alpine:edge
#3 DONE 0.0s

#4 [ 1/22] FROM docker.io/library/alpine:edge
#4 CACHED

#5 [internal] load build context
#5 transferring context: 3.02kB done
#5 DONE 0.0s

#6 [ 2/22] RUN echo false > debug-mode
#6 DONE 0.5s

#7 [ 3/22] RUN addgroup -g 1001 hostuser
#7 DONE 0.4s

#8 [ 4/22] RUN adduser -u 1001 -G hostuser -H -D -s /bin/ash hostuser
#8 DONE 0.4s

#9 [ 5/22] RUN echo '@testing http://dl-cdn.alpinelinux.org/alpine/edge/testing' >> /etc/apk/repositories
#9 DONE 0.4s

#10 [ 6/22] RUN echo '@community http://dl-cdn.alpinelinux.org/alpine/edge/community' >> /etc/apk/repositories
#10 DONE 0.4s

#11 [ 7/22] RUN apk update && apk add --no-cache    virtme-ng@testing    git    py3-requests    py3-psutil    py3-setuptools    py3-pyroute2    py3-argcomplete    qemu-system-x86_64@community    scapy@community    make    gcc    musl-dev    flex    bison    linux-headers    elfutils-dev    util-linux    coreutils    diffutils    findutils    file    bash    kmod    perl    iptables-dev    libcap-dev    libmnl-dev    iproute2     jq    libbpf-dev    rsync    openssl-dev
#11 0.382 fetch https://dl-cdn.alpinelinux.org/alpine/edge/main/x86_64/APKINDEX.tar.gz
#11 0.547 fetch https://dl-cdn.alpinelinux.org/alpine/edge/community/x86_64/APKINDEX.tar.gz
#11 1.061 fetch http://dl-cdn.alpinelinux.org/alpine/edge/testing/x86_64/APKINDEX.tar.gz
#11 1.224 fetch http://dl-cdn.alpinelinux.org/alpine/edge/community/x86_64/APKINDEX.tar.gz
#11 1.460 v20240315-747-gcdd1dd38c42 [https://dl-cdn.alpinelinux.org/alpine/edge/main]
#11 1.460 v20240315-750-ga9b78fa8b7e [https://dl-cdn.alpinelinux.org/alpine/edge/community]
#11 1.460 v20240315-736-g58f167db989 [http://dl-cdn.alpinelinux.org/alpine/edge/testing]
#11 1.460 v20240315-750-ga9b78fa8b7e [http://dl-cdn.alpinelinux.org/alpine/edge/community]
#11 1.460 OK: 30777 distinct packages available
#11 1.519 fetch https://dl-cdn.alpinelinux.org/alpine/edge/main/x86_64/APKINDEX.tar.gz
#11 1.579 fetch https://dl-cdn.alpinelinux.org/alpine/edge/community/x86_64/APKINDEX.tar.gz
#11 1.665 fetch http://dl-cdn.alpinelinux.org/alpine/edge/testing/x86_64/APKINDEX.tar.gz
#11 1.729 fetch http://dl-cdn.alpinelinux.org/alpine/edge/community/x86_64/APKINDEX.tar.gz
#11 1.968 (1/176) Upgrading musl (1.2.4_git20230717-r5 -> 1.2.5-r0)
#11 1.979 (2/176) Upgrading libcrypto3 (3.1.4-r2 -> 3.2.1-r1)
#11 2.007 (3/176) Upgrading libssl3 (3.1.4-r2 -> 3.2.1-r1)
#11 2.019 (4/176) Upgrading zlib (1.3-r2 -> 1.3.1-r0)
#11 2.026 (5/176) Installing ncurses-terminfo-base (6.4_p20240309-r0)
#11 2.034 (6/176) Installing libncursesw (6.4_p20240309-r0)
#11 2.043 (7/176) Installing readline (8.2.10-r0)
#11 2.052 (8/176) Installing bash (5.2.26-r0)
#11 2.067 Executing bash-5.2.26-r0.post-install
#11 2.071 (9/176) Installing m4 (1.4.19-r3)
#11 2.080 (10/176) Installing bison (3.8.2-r1)
#11 2.095 (11/176) Installing coreutils-env (9.4-r2)
#11 2.102 (12/176) Installing coreutils-fmt (9.4-r2)
#11 2.109 (13/176) Installing coreutils-sha512sum (9.4-r2)
#11 2.118 (14/176) Installing libacl (2.3.2-r0)
#11 2.124 (15/176) Installing libattr (2.5.2-r0)
#11 2.130 (16/176) Installing skalibs (2.14.1.1-r0)
#11 2.138 (17/176) Installing utmps-libs (0.1.2.2-r0)
#11 2.143 (18/176) Installing coreutils (9.4-r2)
#11 2.160 (19/176) Installing diffutils (3.10-r0)
#11 2.169 (20/176) Installing zstd-libs (1.5.5-r9)
#11 2.181 (21/176) Installing libelf (0.191-r0)
#11 2.188 (22/176) Installing libbz2 (1.0.8-r6)
#11 2.200 (23/176) Installing musl-fts (1.2.7-r6)
#11 2.206 (24/176) Installing xz-libs (5.6.1-r1)
#11 2.214 (25/176) Installing libdw (0.191-r0)
#11 2.226 (26/176) Installing libasm (0.191-r0)
#11 2.231 (27/176) Installing xz (5.6.1-r1)
#11 2.240 (28/176) Installing pkgconf (2.1.1-r0)
#11 2.247 (29/176) Installing xz-dev (5.6.1-r1)
#11 2.255 (30/176) Installing libgcc (13.2.1_git20240309-r0)
#11 2.263 (31/176) Installing libstdc++ (13.2.1_git20240309-r0)
#11 2.282 (32/176) Installing zstd (1.5.5-r9)
#11 2.290 (33/176) Installing zstd-dev (1.5.5-r9)
#11 2.298 (34/176) Installing zlib-dev (1.3.1-r0)
#11 2.304 (35/176) Installing elfutils-dev (0.191-r0)
#11 2.319 (36/176) Installing libmagic (5.45-r1)
#11 2.344 (37/176) Installing file (5.45-r1)
#11 2.350 (38/176) Installing findutils (4.9.0-r5)
#11 2.359 (39/176) Installing flex (2.6.4-r6)
#11 2.368 (40/176) Installing jansson (2.14-r4)
#11 2.374 (41/176) Installing binutils (2.42-r0)
#11 2.422 (42/176) Installing libgomp (13.2.1_git20240309-r0)
#11 2.431 (43/176) Installing libatomic (13.2.1_git20240309-r0)
#11 2.437 (44/176) Installing gmp (6.3.0-r0)
#11 2.447 (45/176) Installing isl26 (0.26-r1)
#11 2.468 (46/176) Installing mpfr4 (4.2.1-r0)
#11 2.479 (47/176) Installing mpc1 (1.3.1-r1)
#11 2.486 (48/176) Installing gcc (13.2.1_git20240309-r0)
#11 2.960 (49/176) Installing ca-certificates (20240226-r0)
#11 2.976 (50/176) Installing brotli-libs (1.1.0-r1)
#11 2.989 (51/176) Installing c-ares (1.26.0-r0)
#11 2.997 (52/176) Installing libunistring (1.2-r0)
#11 3.010 (53/176) Installing libidn2 (2.3.7-r0)
#11 3.018 (54/176) Installing nghttp2-libs (1.60.0-r0)
#11 3.024 (55/176) Installing libpsl (0.21.5-r1)
#11 3.031 (56/176) Installing libcurl (8.6.0-r0)
#11 3.042 (57/176) Installing libexpat (2.6.2-r0)
#11 3.049 (58/176) Installing pcre2 (10.43-r0)
#11 3.060 (59/176) Installing git (2.44.0-r0)
#11 3.102 (60/176) Installing git-init-template (2.44.0-r0)
#11 3.109 (61/176) Installing libcap2 (2.69-r1)
#11 3.115 (62/176) Installing libmnl (1.0.5-r2)
#11 3.121 (63/176) Installing iproute2-minimal (6.8.0-r0)
#11 3.132 (64/176) Installing libxtables (1.8.10-r3)
#11 3.138 (65/176) Installing iproute2-tc (6.8.0-r0)
#11 3.155 (66/176) Installing iproute2-ss (6.8.0-r0)
#11 3.162 (67/176) Installing iproute2 (6.8.0-r0)
#11 3.171 Executing iproute2-6.8.0-r0.post-install
#11 3.175 (68/176) Installing linux-headers (6.6-r0)
#11 3.257 (69/176) Installing libip4tc (1.8.10-r3)
#11 3.263 (70/176) Installing libip6tc (1.8.10-r3)
#11 3.269 (71/176) Installing libipq (1.8.10-r3)
#11 3.275 (72/176) Installing iptables-dev (1.8.10-r3)
#11 3.282 (73/176) Installing oniguruma (6.9.9-r0)
#11 3.293 (74/176) Installing jq (1.7.1-r0)
#11 3.305 (75/176) Installing kmod (31-r4)
#11 3.316 (76/176) Installing libbpf (1.3.0-r0)
#11 3.325 (77/176) Installing libbpf-dev (1.3.0-r0)
#11 3.337 (78/176) Installing libcap-dev (2.69-r1)
#11 3.344 (79/176) Installing libmnl-dev (1.0.5-r2)
#11 3.350 (80/176) Installing make (4.4.1-r2)
#11 3.358 (81/176) Installing musl-dev (1.2.5-r0)
#11 3.408 (82/176) Installing openssl-dev (3.2.1-r1)
#11 3.432 (83/176) Installing perl (5.38.2-r0)
#11 3.618 (84/176) Installing perl-error (0.17029-r2)
#11 3.625 (85/176) Installing perl-git (2.44.0-r0)
#11 3.632 (86/176) Installing git-perl (2.44.0-r0)
#11 3.639 (87/176) Installing libffi (3.4.6-r0)
#11 3.645 (88/176) Installing gdbm (1.23-r1)
#11 3.651 (89/176) Installing mpdecimal (4.0.0-r0)
#11 3.659 (90/176) Installing libpanelw (6.4_p20240309-r0)
#11 3.673 (91/176) Installing sqlite-libs (3.45.2-r0)
#11 3.689 (92/176) Installing python3 (3.11.8-r0)
#11 3.812 (93/176) Installing python3-pycache-pyc0 (3.11.8-r0)
#11 3.898 (94/176) Installing pyc (3.11.8-r0)
#11 3.903 (95/176) Installing py3-argcomplete-pyc (3.2.3-r0)
#11 3.915 (96/176) Installing python3-pyc (3.11.8-r0)
#11 3.921 (97/176) Installing py3-argcomplete (3.2.3-r0)
#11 3.929 (98/176) Installing py3-psutil (5.9.8-r0)
#11 3.938 (99/176) Installing py3-psutil-pyc (5.9.8-r0)
#11 3.949 (100/176) Installing py3-pyroute2 (0.7.12-r0)
#11 3.974 (101/176) Installing py3-pyroute2-pyc (0.7.12-r0)
#11 4.001 (102/176) Installing py3-certifi (2024.2.2-r0)
#11 4.007 (103/176) Installing py3-certifi-pyc (2024.2.2-r0)
#11 4.014 (104/176) Installing py3-charset-normalizer (3.3.2-r0)
#11 4.022 (105/176) Installing py3-charset-normalizer-pyc (3.3.2-r0)
#11 4.032 (106/176) Installing py3-idna (3.6-r0)
#11 4.039 (107/176) Installing py3-idna-pyc (3.6-r0)
#11 4.047 (108/176) Installing py3-urllib3 (1.26.18-r0)
#11 4.058 (109/176) Installing py3-urllib3-pyc (1.26.18-r0)
#11 4.070 (110/176) Installing py3-requests (2.31.0-r1)
#11 4.079 (111/176) Installing py3-requests-pyc (2.31.0-r1)
#11 4.087 (112/176) Installing py3-parsing (3.1.2-r0)
#11 4.096 (113/176) Installing py3-parsing-pyc (3.1.2-r0)
#11 4.106 (114/176) Installing py3-packaging (24.0-r0)
#11 4.114 (115/176) Installing py3-packaging-pyc (24.0-r0)
#11 4.122 (116/176) Installing py3-setuptools (69.2.0-r0)
#11 4.155 (117/176) Installing py3-setuptools-pyc (69.2.0-r0)
#11 4.189 (118/176) Installing libcap-ng (0.8.4-r0)
#11 4.195 (119/176) Installing libintl (0.22.4-r0)
#11 4.201 (120/176) Installing libblkid (2.39.3-r1)
#11 4.209 (121/176) Installing libmount (2.39.3-r1)
#11 4.217 (122/176) Installing glib (2.78.4-r1)
#11 4.241 (123/176) Installing numactl (2.0.18-r0)
#11 4.247 (124/176) Installing qemu (8.2.2-r0)
#11 4.257 Executing qemu-8.2.2-r0.pre-install
#11 4.335 Executing qemu-8.2.2-r0.post-install
#11 4.337 *
#11 4.337 * If you want to run VM as unprivileged user and let Qemu create tunX devices,
#11 4.337 * then you must add that user to the group "qemu".
#11 4.337 * If you use KVM for hardware-assisted virtualization, then you may also need
#11 4.337 * to add that user to the group "kvm".
#11 4.337 *
#11 4.338 (125/176) Installing qemu-bridge-helper (8.2.2-r0)
#11 4.349 (126/176) Installing libaio (0.3.113-r2)
#11 4.355 (127/176) Installing capstone (5.0.1-r3)
#11 4.382 (128/176) Installing nettle (3.9.1-r0)
#11 4.404 (129/176) Installing libtasn1 (4.19.0-r2)
#11 4.410 (130/176) Installing p11-kit (0.25.3-r0)
#11 4.423 (131/176) Installing gnutls (3.8.3-r0)
#11 4.440 (132/176) Installing libjpeg-turbo (3.0.2-r0)
#11 4.450 (133/176) Installing lzo (2.10-r5)
#11 4.458 (134/176) Installing pixman (0.43.2-r0)
#11 4.468 (135/176) Installing libpng (1.6.43-r0)
#11 4.476 (136/176) Installing libsasl (2.1.28-r6)
#11 4.484 (137/176) Installing libseccomp (2.5.5-r0)
#11 4.492 (138/176) Installing libslirp (4.7.0-r0)
#11 4.499 (139/176) Installing snappy (1.1.10-r2)
#11 4.505 (140/176) Installing liburing (2.5-r1)
#11 4.510 (141/176) Installing vde2-libs (2.3.3-r1)
#11 4.517 (142/176) Installing qemu-system-x86_64 (8.2.2-r0)
#11 4.626 (143/176) Installing lz4-libs (1.9.4-r5)
#11 4.634 (144/176) Installing popt (1.19-r3)
#11 4.640 (145/176) Installing libxxhash (0.8.2-r2)
#11 4.647 (146/176) Installing rsync (3.2.7-r4)
#11 4.656 (147/176) Installing scapy (2.5.0-r1)
#11 4.711 Executing scapy-2.5.0-r1.post-install
#11 4.714 *
#11 4.714 * Certain optional features of scapy also depend on the following packages:
#11 4.714 *     py3-matplotlib graphviz imagemagick py3-cryptography sox
#11 4.714 * And the following unpackaged dependencies:
#11 4.714 *     pyxi vpython-jupyter nmap<v4.23
#11 4.714 * More information can be found at https://scapy.readthedocs.io/en/latest/installation.html#optional-dependencies
#11 4.714 *
#11 4.714 (148/176) Installing scapy-pyc (2.5.0-r1)
#11 4.773 (149/176) Installing util-linux (2.39.3-r1)
#11 4.779 (150/176) Installing setarch (2.39.3-r1)
#11 4.785 (151/176) Installing libuuid (2.39.3-r1)
#11 4.792 (152/176) Installing libfdisk (2.39.3-r1)
#11 4.800 (153/176) Installing libsmartcols (2.39.3-r1)
#11 4.808 (154/176) Installing util-linux-misc (2.39.3-r1)
#11 4.832 (155/176) Installing libeconf (0.6.2-r0)
#11 4.838 (156/176) Installing linux-pam (1.5.3-r8)
#11 4.854 (157/176) Installing runuser (2.39.3-r1)
#11 4.861 (158/176) Installing mount (2.39.3-r1)
#11 4.867 (159/176) Installing losetup (2.39.3-r1)
#11 4.873 (160/176) Installing hexdump (2.39.3-r1)
#11 4.880 (161/176) Installing uuidgen (2.39.3-r1)
#11 4.886 (162/176) Installing blkid (2.39.3-r1)
#11 4.892 (163/176) Installing sfdisk (2.39.3-r1)
#11 4.899 (164/176) Installing mcookie (2.39.3-r1)
#11 4.905 (165/176) Installing agetty (2.39.3-r1)
#11 4.911 (166/176) Installing wipefs (2.39.3-r1)
#11 4.917 (167/176) Installing cfdisk (2.39.3-r1)
#11 4.924 (168/176) Installing umount (2.39.3-r1)
#11 4.930 (169/176) Installing flock (2.39.3-r1)
#11 4.935 (170/176) Installing lsblk (2.39.3-r1)
#11 4.942 (171/176) Installing setpriv (2.39.3-r1)
#11 4.949 (172/176) Installing logger (2.39.3-r1)
#11 4.955 (173/176) Installing partx (2.39.3-r1)
#11 4.964 (174/176) Installing fstrim (2.39.3-r1)
#11 4.970 (175/176) Installing findmnt (2.39.3-r1)
#11 4.977 (176/176) Installing virtme-ng@testing (1.22-r0)
#11 5.007 Executing busybox-1.36.1-r17.trigger
#11 5.011 Executing ca-certificates-20240226-r0.trigger
#11 5.033 Executing glib-2.78.4-r1.trigger
#11 5.040 OK: 384 MiB in 187 packages
#11 DONE 5.5s

#12 [ 8/22] RUN mkdir -p /tmp/kernel-patches &&     mkdir -p /tmp/iproute2-patches
#12 DONE 0.4s

#13 [ 9/22] COPY tdc.config /tmp
#13 DONE 0.1s

#14 [10/22] COPY tdc-debug.config /tmp
#14 DONE 0.0s

#15 [11/22] COPY kernel-patches /tmp/kernel-patches/
#15 DONE 0.0s

#16 [12/22] COPY iproute2-patches /tmp/iproute2-patches/
#16 DONE 0.0s

#17 [13/22] COPY configs /tmp/configs/
#17 DONE 0.0s

#18 [14/22] RUN git config --global user.email foo@bar.com
#18 DONE 0.3s

#19 [15/22] RUN git config --global user.name foo@bar.com
#19 DONE 0.4s

#20 [16/22] RUN git clone https://git.kernel.org/pub/scm/network/iproute2/iproute2-next.git /nipa-data/iproute2
#20 0.405 Cloning into '/nipa-data/iproute2'...
#20 DONE 2.5s

#21 [17/22] RUN cd /nipa-data/iproute2 && 	git remote add stable https://git.kernel.org/pub/scm/network/iproute2/iproute2.git && 	git fetch --all && 	git merge stable/main
#21 0.857 Fetching origin
#21 1.264 Fetching stable
#21 2.130 From https://git.kernel.org/pub/scm/network/iproute2/iproute2
#21 2.130  * [new branch]        codeql         -> stable/codeql
#21 2.130  * [new branch]        iproute2-4.1.x -> stable/iproute2-4.1.x
#21 2.131  * [new branch]        main           -> stable/main
#21 2.138  * [new tag]           v6.8.0         -> v6.8.0
#21 2.212 Merge made by the 'ort' strategy.
#21 2.284  README               | 13 ++++++++
#21 2.284  include/version.h    |  2 +-
#21 2.284  ip/iptuntap.c        |  5 ++-
#21 2.284  lib/rt_names.c       | 43 +++++++++++++-------------
#21 2.284  man/man8/ip.8        | 33 ++++++++++++++++++--
#21 2.284  man/man8/tc-mirred.8 |  2 +-
#21 2.284  man/man8/tc-simple.8 | 12 ++++----
#21 2.284  misc/ifstat.c        | 11 +++++--
#21 2.284  misc/ss.c            | 17 ++++++++++-
#21 2.284  tc/e_bpf.c           |  2 +-
#21 2.284  tc/f_basic.c         |  4 +--
#21 2.284  tc/f_bpf.c           |  4 +--
#21 2.284  tc/f_cgroup.c        |  4 +--
#21 2.284  tc/f_flow.c          |  4 +--
#21 2.284  tc/f_flower.c        |  4 +--
#21 2.284  tc/f_fw.c            |  4 +--
#21 2.284  tc/f_matchall.c      |  4 +--
#21 2.284  tc/f_route.c         |  4 +--
#21 2.284  tc/f_u32.c           |  6 ++--
#21 2.284  tc/m_action.c        |  6 ++--
#21 2.284  tc/m_bpf.c           |  4 +--
#21 2.284  tc/m_connmark.c      |  4 +--
#21 2.284  tc/m_csum.c          |  4 +--
#21 2.284  tc/m_ct.c            |  4 +--
#21 2.284  tc/m_ctinfo.c        |  4 +--
#21 2.284  tc/m_gact.c          |  4 +--
#21 2.284  tc/m_gate.c          |  8 ++---
#21 2.284  tc/m_ife.c           |  4 +--
#21 2.284  tc/m_mirred.c        |  6 ++--
#21 2.284  tc/m_mpls.c          |  4 +--
#21 2.284  tc/m_nat.c           |  4 +--
#21 2.284  tc/m_pedit.c         | 10 +++---
#21 2.284  tc/m_police.c        |  8 ++---
#21 2.284  tc/m_sample.c        |  4 +--
#21 2.284  tc/m_simple.c        | 12 +++++---
#21 2.284  tc/m_skbedit.c       |  4 +--
#21 2.284  tc/m_skbmod.c        | 41 ++++++++++++++-----------
#21 2.284  tc/m_tunnel_key.c    |  4 +--
#21 2.284  tc/m_vlan.c          |  4 +--
#21 2.284  tc/q_cake.c          |  6 ++--
#21 2.284  tc/q_cbs.c           |  4 +--
#21 2.284  tc/q_choke.c         |  6 ++--
#21 2.284  tc/q_clsact.c        |  4 +--
#21 2.284  tc/q_codel.c         |  6 ++--
#21 2.284  tc/q_drr.c           |  8 ++---
#21 2.284  tc/q_etf.c           |  4 +--
#21 2.284  tc/q_ets.c           |  8 ++---
#21 2.284  tc/q_fifo.c          |  4 +--
#21 2.284  tc/q_fq.c            |  6 ++--
#21 2.284  tc/q_fq_codel.c      |  6 ++--
#21 2.284  tc/q_fq_pie.c        |  6 ++--
#21 2.284  tc/q_gred.c          |  6 ++--
#21 2.284  tc/q_hfsc.c          | 10 +++---
#21 2.284  tc/q_hhf.c           |  6 ++--
#21 2.284  tc/q_htb.c           |  8 ++---
#21 2.284  tc/q_ingress.c       |  4 +--
#21 2.284  tc/q_mqprio.c        |  4 +--
#21 2.284  tc/q_multiq.c        |  4 +--
#21 2.284  tc/q_netem.c         | 86 +++++++++++++++++++++++++++++-----------------------
#21 2.284  tc/q_pie.c           |  6 ++--
#21 2.284  tc/q_plug.c          |  4 +--
#21 2.284  tc/q_prio.c          |  4 +--
#21 2.284  tc/q_qfq.c           |  6 ++--
#21 2.284  tc/q_red.c           |  8 ++---
#21 2.284  tc/q_sfb.c           |  6 ++--
#21 2.284  tc/q_sfq.c           |  6 ++--
#21 2.284  tc/q_skbprio.c       |  4 +--
#21 2.284  tc/q_taprio.c        |  6 ++--
#21 2.284  tc/q_tbf.c           |  4 +--
#21 2.284  tc/tc.c              | 12 ++++----
#21 2.284  tc/tc_class.c        |  6 ++--
#21 2.284  tc/tc_core.c         | 15 ++-------
#21 2.284  tc/tc_core.h         |  2 --
#21 2.284  tc/tc_exec.c         |  2 +-
#21 2.284  tc/tc_filter.c       |  6 ++--
#21 2.284  tc/tc_qdisc.c        |  6 ++--
#21 2.284  tc/tc_util.c         | 33 +++++++++-----------
#21 2.284  tc/tc_util.h         | 36 +++++++++++-----------
#21 2.284  78 files changed, 377 insertions(+), 312 deletions(-)
#21 DONE 2.4s

#22 [18/22] RUN if [ "$(find /tmp/iproute2-patches/ -name *.patch)" ]; then  	cd /nipa-data/iproute2; 	git apply /tmp/iproute2-patches/*.patch;     fi
#22 DONE 0.9s

#23 [19/22] RUN cd /nipa-data/iproute2/ &&     ./configure &&     make
#23 0.730 TC schedulers
#23 0.731  IPT	using xtables
#23 0.759  IPSET  yes
#23 0.780 
#23 0.780 lib directory: /usr/lib
#23 0.780 libc has setns: yes
#23 0.801 libc has name_to_handle_at: yes
#23 0.821 SELinux support: no
#23 0.822 libtirpc support: no
#23 0.823 libbpf support: yes
#23 0.890 	libbpf version 1.3.0
#23 0.890 ELF support: yes
#23 0.892 libmnl support: yes
#23 0.894 Berkeley DB: no
#23 0.904 need for strlcpy: no
#23 0.924 libcap support: yes
#23 0.926 color output: never
#23 0.928 
#23 0.928 lib
#23 0.930     CC       libgenl.o
#23 0.970     CC       libnetlink.o
#23 1.274     CC       mnl_utils.o
#23 1.358     AR       libnetlink.a
#23 1.360     CC       utils.o
#23 1.733     CC       utils_math.o
#23 1.779     CC       rt_names.o
#23 1.959     CC       ll_map.o
#23 2.044     CC       ll_types.o
#23 2.057 In file included from ll_types.c:20:
#23 2.057 ../include/uapi/linux/sockios.h:42: warning: "SIOCGSTAMP" redefined
#23 2.057    42 | #define SIOCGSTAMP      SIOCGSTAMP_OLD
#23 2.057       | 
#23 2.057 In file included from /usr/include/sys/ioctl.h:10,
#23 2.057                  from ll_types.c:12:
#23 2.057 /usr/include/bits/ioctl.h:111: note: this is the location of the previous definition
#23 2.057   111 | #define SIOCGSTAMP      0x8906
#23 2.057       | 
#23 2.057 ../include/uapi/linux/sockios.h:43: warning: "SIOCGSTAMPNS" redefined
#23 2.057    43 | #define SIOCGSTAMPNS    SIOCGSTAMPNS_OLD
#23 2.057       | 
#23 2.057 /usr/include/bits/ioctl.h:112: note: this is the location of the previous definition
#23 2.057   112 | #define SIOCGSTAMPNS    0x8907
#23 2.057       | 
#23 2.072     CC       ll_proto.o
#23 2.085 In file included from ll_proto.c:21:
#23 2.085 ../include/uapi/linux/sockios.h:42: warning: "SIOCGSTAMP" redefined
#23 2.085    42 | #define SIOCGSTAMP      SIOCGSTAMP_OLD
#23 2.085       | 
#23 2.085 In file included from /usr/include/sys/ioctl.h:10,
#23 2.085                  from ll_proto.c:13:
#23 2.085 /usr/include/bits/ioctl.h:111: note: this is the location of the previous definition
#23 2.085   111 | #define SIOCGSTAMP      0x8906
#23 2.085       | 
#23 2.085 ../include/uapi/linux/sockios.h:43: warning: "SIOCGSTAMPNS" redefined
#23 2.085    43 | #define SIOCGSTAMPNS    SIOCGSTAMPNS_OLD
#23 2.085       | 
#23 2.085 /usr/include/bits/ioctl.h:112: note: this is the location of the previous definition
#23 2.085   112 | #define SIOCGSTAMPNS    0x8907
#23 2.085       | 
#23 2.099     CC       ll_addr.o
#23 2.111 In file included from ll_addr.c:20:
#23 2.111 ../include/uapi/linux/sockios.h:42: warning: "SIOCGSTAMP" redefined
#23 2.111    42 | #define SIOCGSTAMP      SIOCGSTAMP_OLD
#23 2.111       | 
#23 2.111 In file included from /usr/include/sys/ioctl.h:10,
#23 2.111                  from ll_addr.c:12:
#23 2.111 /usr/include/bits/ioctl.h:111: note: this is the location of the previous definition
#23 2.111   111 | #define SIOCGSTAMP      0x8906
#23 2.111       | 
#23 2.111 ../include/uapi/linux/sockios.h:43: warning: "SIOCGSTAMPNS" redefined
#23 2.111    43 | #define SIOCGSTAMPNS    SIOCGSTAMPNS_OLD
#23 2.111       | 
#23 2.111 /usr/include/bits/ioctl.h:112: note: this is the location of the previous definition
#23 2.111   112 | #define SIOCGSTAMPNS    0x8907
#23 2.111       | 
#23 2.137     CC       inet_proto.o
#23 2.166     CC       namespace.o
#23 2.217     CC       json_writer.o
#23 2.298     CC       json_print.o
#23 2.423     CC       json_print_math.o
#23 2.454     CC       names.o
#23 2.510     CC       color.o
#23 2.550     CC       bpf_legacy.o
#23 2.914     CC       bpf_glue.o
#23 2.949     CC       exec.o
#23 2.977     CC       fs.o
#23 3.038     CC       cg_map.o
#23 3.071     CC       ppp_proto.o
#23 3.093     CC       bpf_libbpf.o
#23 3.174     CC       selinux.o
#23 3.194     CC       ax25_ntop.o
#23 3.221     CC       rose_ntop.o
#23 3.234 In file included from rose_ntop.c:16:
#23 3.234 ../include/uapi/linux/sockios.h:42: warning: "SIOCGSTAMP" redefined
#23 3.234    42 | #define SIOCGSTAMP      SIOCGSTAMP_OLD
#23 3.234       | 
#23 3.234 In file included from /usr/include/sys/ioctl.h:10,
#23 3.234                  from rose_ntop.c:7:
#23 3.234 /usr/include/bits/ioctl.h:111: note: this is the location of the previous definition
#23 3.234   111 | #define SIOCGSTAMP      0x8906
#23 3.234       | 
#23 3.234 ../include/uapi/linux/sockios.h:43: warning: "SIOCGSTAMPNS" redefined
#23 3.234    43 | #define SIOCGSTAMPNS    SIOCGSTAMPNS_OLD
#23 3.234       | 
#23 3.234 /usr/include/bits/ioctl.h:112: note: this is the location of the previous definition
#23 3.234   112 | #define SIOCGSTAMPNS    0x8907
#23 3.234       | 
#23 3.250     CC       mpls_ntop.o
#23 3.280     CC       mpls_pton.o
#23 3.306     CC       netrom_ntop.o
#23 3.328     AR       libutil.a
#23 3.333 
#23 3.333 ip
#23 3.335     CC       ip.o
#23 3.404     CC       ipaddress.o
#23 3.419 In file included from ipaddress.c:26:
#23 3.419 ../include/uapi/linux/sockios.h:42: warning: "SIOCGSTAMP" redefined
#23 3.419    42 | #define SIOCGSTAMP      SIOCGSTAMP_OLD
#23 3.419       | 
#23 3.419 In file included from /usr/include/sys/ioctl.h:10,
#23 3.419                  from ipaddress.c:14:
#23 3.419 /usr/include/bits/ioctl.h:111: note: this is the location of the previous definition
#23 3.419   111 | #define SIOCGSTAMP      0x8906
#23 3.419       | 
#23 3.419 ../include/uapi/linux/sockios.h:43: warning: "SIOCGSTAMPNS" redefined
#23 3.419    43 | #define SIOCGSTAMPNS    SIOCGSTAMPNS_OLD
#23 3.419       | 
#23 3.419 /usr/include/bits/ioctl.h:112: note: this is the location of the previous definition
#23 3.419   112 | #define SIOCGSTAMPNS    0x8907
#23 3.419       | 
#23 3.916     CC       ipaddrlabel.o
#23 3.981     CC       iproute.o
#23 4.491     CC       iprule.o
#23 4.669     CC       ipnetns.o
#23 4.864     CC       rtm_map.o
#23 4.897     CC       iptunnel.o
#23 4.909 In file included from ../include/uapi/linux/if_tunnel.h:6,
#23 4.909                  from iptunnel.c:19:
#23 4.909 ../include/uapi/linux/if.h:134: warning: "IFF_VOLATILE" redefined
#23 4.909   134 | #define IFF_VOLATILE    (IFF_LOOPBACK|IFF_POINTOPOINT|IFF_BROADCAST|IFF_ECHO|\
#23 4.909       | 
#23 4.909 In file included from iptunnel.c:16:
#23 4.909 /usr/include/net/if.h:48: note: this is the location of the previous definition
#23 4.909    48 | #define IFF_VOLATILE (IFF_LOOPBACK|IFF_POINTOPOINT|IFF_BROADCAST| \
#23 4.909       | 
#23 5.035     CC       ip6tunnel.o
#23 5.150     CC       tunnel.o
#23 5.254     CC       ipneigh.o
#23 5.404     CC       ipntable.o
#23 5.515     CC       iplink.o
#23 5.792     CC       ipmaddr.o
#23 5.805 In file included from ipmaddr.c:21:
#23 5.805 ../include/uapi/linux/sockios.h:42: warning: "SIOCGSTAMP" redefined
#23 5.805    42 | #define SIOCGSTAMP      SIOCGSTAMP_OLD
#23 5.805       | 
#23 5.805 In file included from /usr/include/sys/ioctl.h:10,
#23 5.805                  from ipmaddr.c:12:
#23 5.805 /usr/include/bits/ioctl.h:111: note: this is the location of the previous definition
#23 5.805   111 | #define SIOCGSTAMP      0x8906
#23 5.805       | 
#23 5.805 ../include/uapi/linux/sockios.h:43: warning: "SIOCGSTAMPNS" redefined
#23 5.805    43 | #define SIOCGSTAMPNS    SIOCGSTAMPNS_OLD
#23 5.805       | 
#23 5.805 /usr/include/bits/ioctl.h:112: note: this is the location of the previous definition
#23 5.805   112 | #define SIOCGSTAMPNS    0x8907
#23 5.805       | 
#23 5.885     CC       ipmonitor.o
#23 5.957     CC       ipmroute.o
#23 5.970 In file included from ipmroute.c:22:
#23 5.970 ../include/uapi/linux/sockios.h:42: warning: "SIOCGSTAMP" redefined
#23 5.970    42 | #define SIOCGSTAMP      SIOCGSTAMP_OLD
#23 5.970       | 
#23 5.970 In file included from /usr/include/sys/ioctl.h:10,
#23 5.970                  from ipmroute.c:13:
#23 5.970 /usr/include/bits/ioctl.h:111: note: this is the location of the previous definition
#23 5.970   111 | #define SIOCGSTAMP      0x8906
#23 5.970       | 
#23 5.970 ../include/uapi/linux/sockios.h:43: warning: "SIOCGSTAMPNS" redefined
#23 5.970    43 | #define SIOCGSTAMPNS    SIOCGSTAMPNS_OLD
#23 5.970       | 
#23 5.970 /usr/include/bits/ioctl.h:112: note: this is the location of the previous definition
#23 5.970   112 | #define SIOCGSTAMPNS    0x8907
#23 5.970       | 
#23 6.034     CC       ipprefix.o
#23 6.073     CC       iptuntap.o
#23 6.178     CC       iptoken.o
#23 6.236     CC       ipxfrm.o
#23 6.528     CC       xfrm_state.o
#23 6.782     CC       xfrm_policy.o
#23 7.003     CC       xfrm_monitor.o
#23 7.077     CC       iplink_dummy.o
#23 7.106     CC       iplink_ifb.o
#23 7.128     CC       iplink_nlmon.o
#23 7.150     CC       iplink_team.o
#23 7.174     CC       iplink_vcan.o
#23 7.203     CC       iplink_vxcan.o
#23 7.229     CC       iplink_vlan.o
#23 7.297     CC       link_veth.o
#23 7.322     CC       link_gre.o
#23 7.332 In file included from ../include/uapi/linux/if_tunnel.h:6,
#23 7.332                  from link_gre.c:15:
#23 7.332 ../include/uapi/linux/if.h:134: warning: "IFF_VOLATILE" redefined
#23 7.332   134 | #define IFF_VOLATILE    (IFF_LOOPBACK|IFF_POINTOPOINT|IFF_BROADCAST|IFF_ECHO|\
#23 7.332       | 
#23 7.332 In file included from link_gre.c:9:
#23 7.332 /usr/include/net/if.h:48: note: this is the location of the previous definition
#23 7.332    48 | #define IFF_VOLATILE (IFF_LOOPBACK|IFF_POINTOPOINT|IFF_BROADCAST| \
#23 7.332       | 
#23 7.437     CC       iplink_can.o
#23 7.574     CC       iplink_xdp.o
#23 7.636     CC       iplink_macvlan.o
#23 7.710     CC       ipl2tp.o
#23 7.883     CC       link_vti.o
#23 7.894 In file included from ../include/uapi/linux/if_tunnel.h:6,
#23 7.894                  from link_vti.c:16:
#23 7.894 ../include/uapi/linux/if.h:134: warning: "IFF_VOLATILE" redefined
#23 7.894   134 | #define IFF_VOLATILE    (IFF_LOOPBACK|IFF_POINTOPOINT|IFF_BROADCAST|IFF_ECHO|\
#23 7.894       | 
#23 7.894 In file included from link_vti.c:10:
#23 7.894 /usr/include/net/if.h:48: note: this is the location of the previous definition
#23 7.894    48 | #define IFF_VOLATILE (IFF_LOOPBACK|IFF_POINTOPOINT|IFF_BROADCAST| \
#23 7.894       | 
#23 7.954     CC       link_vti6.o
#23 7.964 In file included from ../include/uapi/linux/if_tunnel.h:6,
#23 7.964                  from link_vti6.c:17:
#23 7.964 ../include/uapi/linux/if.h:134: warning: "IFF_VOLATILE" redefined
#23 7.964   134 | #define IFF_VOLATILE    (IFF_LOOPBACK|IFF_POINTOPOINT|IFF_BROADCAST|IFF_ECHO|\
#23 7.964       | 
#23 7.964 In file included from link_vti6.c:11:
#23 7.964 /usr/include/net/if.h:48: note: this is the location of the previous definition
#23 7.964    48 | #define IFF_VOLATILE (IFF_LOOPBACK|IFF_POINTOPOINT|IFF_BROADCAST| \
#23 7.964       | 
#23 8.008     CC       link_xfrm.o
#23 8.049     CC       iplink_vxlan.o
#23 8.198     CC       tcp_metrics.o
#23 8.319     CC       iplink_ipoib.o
#23 8.367     CC       ipnetconf.o
#23 8.421     CC       link_ip6tnl.o
#23 8.431 In file included from ../include/uapi/linux/if_tunnel.h:6,
#23 8.431                  from link_ip6tnl.c:15:
#23 8.431 ../include/uapi/linux/if.h:134: warning: "IFF_VOLATILE" redefined
#23 8.431   134 | #define IFF_VOLATILE    (IFF_LOOPBACK|IFF_POINTOPOINT|IFF_BROADCAST|IFF_ECHO|\
#23 8.431       | 
#23 8.431 In file included from link_ip6tnl.c:9:
#23 8.431 /usr/include/net/if.h:48: note: this is the location of the previous definition
#23 8.431    48 | #define IFF_VOLATILE (IFF_LOOPBACK|IFF_POINTOPOINT|IFF_BROADCAST| \
#23 8.431       | 
#23 8.517     CC       link_iptnl.o
#23 8.528 In file included from ../include/uapi/linux/if_tunnel.h:6,
#23 8.528                  from link_iptnl.c:16:
#23 8.528 ../include/uapi/linux/if.h:134: warning: "IFF_VOLATILE" redefined
#23 8.528   134 | #define IFF_VOLATILE    (IFF_LOOPBACK|IFF_POINTOPOINT|IFF_BROADCAST|IFF_ECHO|\
#23 8.528       | 
#23 8.528 In file included from link_iptnl.c:9:
#23 8.528 /usr/include/net/if.h:48: note: this is the location of the previous definition
#23 8.528    48 | #define IFF_VOLATILE (IFF_LOOPBACK|IFF_POINTOPOINT|IFF_BROADCAST| \
#23 8.528       | 
#23 8.614     CC       link_gre6.o
#23 8.624 In file included from ../include/uapi/linux/if_tunnel.h:6,
#23 8.624                  from link_gre6.c:15:
#23 8.624 ../include/uapi/linux/if.h:134: warning: "IFF_VOLATILE" redefined
#23 8.624   134 | #define IFF_VOLATILE    (IFF_LOOPBACK|IFF_POINTOPOINT|IFF_BROADCAST|IFF_ECHO|\
#23 8.624       | 
#23 8.624 In file included from link_gre6.c:9:
#23 8.624 /usr/include/net/if.h:48: note: this is the location of the previous definition
#23 8.624    48 | #define IFF_VOLATILE (IFF_LOOPBACK|IFF_POINTOPOINT|IFF_BROADCAST| \
#23 8.624       | 
#23 8.738     CC       iplink_bond.o
#23 8.914     CC       iplink_bond_slave.o
#23 8.967     CC       iplink_hsr.o
#23 9.015     CC       iplink_bridge.o
#23 9.165     CC       iplink_bridge_slave.o
#23 9.263     CC       iplink_dsa.o
#23 9.295     CC       ipfou.o
#23 9.374     CC       iplink_ipvlan.o
#23 9.417     CC       iplink_geneve.o
#23 9.507     CC       iplink_vrf.o
#23 9.565     CC       iproute_lwtunnel.o
#23 9.961     CC       ipmacsec.o
#23 10.20     CC       ipila.o
#23 10.28     CC       ipvrf.o
#23 10.39     CC       iplink_xstats.o
#23 10.42     CC       ipseg6.o
#23 10.47     CC       iplink_netdevsim.o
#23 10.49     CC       iplink_rmnet.o
#23 10.52     CC       ipnexthop.o
#23 10.79     CC       ipmptcp.o
#23 10.92     CC       iplink_bareudp.o
#23 10.97     CC       iplink_wwan.o
#23 11.01     CC       ipioam6.o
#23 11.10     CC       iplink_amt.o
#23 11.15     CC       iplink_batadv.o
#23 11.18     CC       iplink_gtp.o
#23 11.22     CC       iplink_virt_wifi.o
#23 11.25     CC       iplink_netkit.o
#23 11.29     CC       ipstats.o
#23 11.50     LINK     ip
#23 11.53     CC       rtmon.o
#23 11.58     LINK     rtmon
#23 11.60 
#23 11.60 tc
#23 11.60     CC       tc.o
#23 11.69     CC       tc_qdisc.o
#23 11.80     CC       tc_class.o
#23 11.91     CC       tc_filter.o
#23 12.07     CC       tc_util.o
#23 12.24     CC       tc_monitor.o
#23 12.28     CC       tc_exec.o
#23 12.31     CC       m_police.o
#23 12.39     CC       m_estimator.o
#23 12.42     CC       m_action.o
#23 12.57     CC       m_ematch.o
#23 12.68     YACC     emp_ematch.tab.c
#23 12.75     CC       emp_ematch.tab.o
#23 12.85     LEX      emp_ematch.lex.c
#23 12.86     CC       emp_ematch.lex.o
#23 13.03     CC       q_fifo.o
#23 13.06     CC       q_sfq.o
#23 13.13     CC       q_red.o
#23 13.21     CC       q_prio.o
#23 13.26     CC       q_skbprio.o
#23 13.29     CC       q_tbf.o
#23 13.38     CC       q_multiq.o
#23 13.42     CC       q_netem.o
#23 13.62     CC       q_choke.o
#23 13.68     CC       q_sfb.o
#23 13.74     CC       f_u32.o
#23 14.00     CC       f_route.o
#23 14.05     CC       f_fw.o
#23 14.09     CC       f_basic.o
#23 14.14     CC       f_bpf.o
#23 14.20     CC       f_flow.o
#23 14.28     CC       f_cgroup.o
#23 14.32     CC       f_flower.o
#23 14.33 In file included from ../include/uapi/linux/netdevice.h:29,
#23 14.33                  from ../include/uapi/linux/if_arp.h:27,
#23 14.33                  from f_flower.c:14:
#23 14.33 ../include/uapi/linux/if.h:134: warning: "IFF_VOLATILE" redefined
#23 14.33   134 | #define IFF_VOLATILE    (IFF_LOOPBACK|IFF_POINTOPOINT|IFF_BROADCAST|IFF_ECHO|\
#23 14.33       | 
#23 14.33 In file included from f_flower.c:12:
#23 14.33 /usr/include/net/if.h:48: note: this is the location of the previous definition
#23 14.33    48 | #define IFF_VOLATILE (IFF_LOOPBACK|IFF_POINTOPOINT|IFF_BROADCAST| \
#23 14.33       | 
#23 14.81     CC       q_gred.o
#23 14.90     CC       q_ingress.o
#23 14.93     CC       q_hfsc.o
#23 15.01     CC       q_htb.o
#23 15.10     CC       q_drr.o
#23 15.14     CC       q_qfq.o
#23 15.18     CC       m_gact.o
#23 15.22     CC       m_mirred.o
#23 15.30     CC       m_mpls.o
#23 15.37     CC       m_nat.o
#23 15.42     CC       m_pedit.o
#23 15.55     CC       m_ife.o
#23 15.62     CC       m_skbedit.o
#23 15.68     CC       m_skbmod.o
#23 15.75     CC       m_csum.o
#23 15.80     CC       m_simple.o
#23 15.85     CC       m_vlan.o
#23 15.91     CC       m_connmark.o
#23 15.95     CC       m_ctinfo.o
#23 16.00     CC       m_bpf.o
#23 16.05     CC       m_tunnel_key.o
#23 16.16     CC       m_sample.o
#23 16.21     CC       m_ct.o
#23 16.31     CC       m_gate.o
#23 16.40     CC       p_ip.o
#23 16.44     CC       p_ip6.o
#23 16.47     CC       p_icmp.o
#23 16.50     CC       p_eth.o
#23 16.53     CC       p_tcp.o
#23 16.56     CC       p_udp.o
#23 16.59     CC       em_nbyte.o
#23 16.63     CC       em_cmp.o
#23 16.68     CC       em_u32.o
#23 16.73     CC       em_canid.o
#23 16.77     CC       em_meta.o
#23 16.88     CC       q_mqprio.o
#23 16.99     CC       q_codel.o
#23 17.05     CC       q_fq_codel.o
#23 17.15     CC       q_fq.o
#23 17.27     CC       q_pie.o
#23 17.33     CC       q_fq_pie.o
#23 17.40     CC       q_cake.o
#23 17.58     CC       q_hhf.o
#23 17.65     CC       q_clsact.o
#23 17.68     CC       e_bpf.o
#23 17.75     CC       f_matchall.o
#23 17.80     CC       q_cbs.o
#23 17.85     CC       q_etf.o
#23 17.90     CC       q_taprio.o
#23 18.02     CC       q_plug.o
#23 18.06     CC       q_ets.o
#23 18.14     CC       em_ipt.o
#23 18.16 In file included from tc_util.h:7,
#23 18.16                  from m_ematch.h:11,
#23 18.16                  from em_ipt.c:13:
#23 18.16 ../include/uapi/linux/if.h:134: warning: "IFF_VOLATILE" redefined
#23 18.16   134 | #define IFF_VOLATILE    (IFF_LOOPBACK|IFF_POINTOPOINT|IFF_BROADCAST|IFF_ECHO|\
#23 18.16       | 
#23 18.16 In file included from ../include/xtables.h:17,
#23 18.16                  from em_ipt.c:12:
#23 18.16 /usr/include/net/if.h:48: note: this is the location of the previous definition
#23 18.16    48 | #define IFF_VOLATILE (IFF_LOOPBACK|IFF_POINTOPOINT|IFF_BROADCAST| \
#23 18.16       | 
#23 18.18     CC       em_ipset.o
#23 18.20 In file included from tc_util.h:7,
#23 18.20                  from m_ematch.h:11,
#23 18.20                  from em_ipset.c:39:
#23 18.20 ../include/uapi/linux/if.h:134: warning: "IFF_VOLATILE" redefined
#23 18.20   134 | #define IFF_VOLATILE    (IFF_LOOPBACK|IFF_POINTOPOINT|IFF_BROADCAST|IFF_ECHO|\
#23 18.20       | 
#23 18.20 In file included from ../include/xtables.h:17,
#23 18.20                  from em_ipset.c:23:
#23 18.20 /usr/include/net/if.h:48: note: this is the location of the previous definition
#23 18.20    48 | #define IFF_VOLATILE (IFF_LOOPBACK|IFF_POINTOPOINT|IFF_BROADCAST| \
#23 18.20       | 
#23 18.24     CC       tc_core.o
#23 18.32     CC       tc_red.o
#23 18.37     CC       tc_estimator.o
#23 18.40     CC       tc_stab.o
#23 18.46     CC       tc_qevent.o
#23 18.51     AR       libtc.a
#23 18.51     LINK     tc
#23 18.54 rm emp_ematch.lex.c
#23 18.54 
#23 18.54 bridge
#23 18.55     CC       bridge.o
#23 18.59     CC       fdb.o
#23 18.78     CC       monitor.o
#23 18.83     CC       link.o
#23 18.98     CC       mdb.o
#23 19.17     CC       vlan.o
#23 19.18 In file included from vlan.c:14:
#23 19.18 ../include/json_print.h:80:30: warning: 'struct timeval' declared inside parameter list will not be visible outside of this definition or declaration
#23 19.18    80 | _PRINT_FUNC(tv, const struct timeval *)
#23 19.18       |                              ^~~~~~~
#23 19.18 ../include/json_print.h:50:37: note: in definition of macro '_PRINT_FUNC'
#23 19.18    50 |                                     type value);                        \
#23 19.18       |                                     ^~~~
#23 19.18 ../include/json_print.h:80:30: warning: 'struct timeval' declared inside parameter list will not be visible outside of this definition or declaration
#23 19.18    80 | _PRINT_FUNC(tv, const struct timeval *)
#23 19.18       |                              ^~~~~~~
#23 19.18 ../include/json_print.h:55:45: note: in definition of macro '_PRINT_FUNC'
#23 19.18    55 |                                             type value)                 \
#23 19.18       |                                             ^~~~
#23 19.18 ../include/json_print.h: In function 'print_tv':
#23 19.18 ../include/json_print.h:58:48: warning: passing argument 5 of 'print_color_tv' from incompatible pointer type [-Wincompatible-pointer-types]
#23 19.18    58 |                                                value);                  \
#23 19.18       |                                                ^~~~~
#23 19.18       |                                                |
#23 19.18       |                                                const struct timeval *
#23 19.18 ../include/json_print.h:80:1: note: in expansion of macro '_PRINT_FUNC'
#23 19.18    80 | _PRINT_FUNC(tv, const struct timeval *)
#23 19.18       | ^~~~~~~~~~~
#23 19.18 ../include/json_print.h:50:42: note: expected 'const struct timeval *' but argument is of type 'const struct timeval *'
#23 19.18    50 |                                     type value);                        \
#23 19.18       |                                          ^
#23 19.18 ../include/json_print.h:80:1: note: in expansion of macro '_PRINT_FUNC'
#23 19.18    80 | _PRINT_FUNC(tv, const struct timeval *)
#23 19.18       | ^~~~~~~~~~~
#23 19.44     CC       vni.o
#23 19.46 In file included from vni.c:19:
#23 19.46 ../include/json_print.h:80:30: warning: 'struct timeval' declared inside parameter list will not be visible outside of this definition or declaration
#23 19.46    80 | _PRINT_FUNC(tv, const struct timeval *)
#23 19.46       |                              ^~~~~~~
#23 19.46 ../include/json_print.h:50:37: note: in definition of macro '_PRINT_FUNC'
#23 19.46    50 |                                     type value);                        \
#23 19.46       |                                     ^~~~
#23 19.46 ../include/json_print.h:80:30: warning: 'struct timeval' declared inside parameter list will not be visible outside of this definition or declaration
#23 19.46    80 | _PRINT_FUNC(tv, const struct timeval *)
#23 19.46       |                              ^~~~~~~
#23 19.46 ../include/json_print.h:55:45: note: in definition of macro '_PRINT_FUNC'
#23 19.46    55 |                                             type value)                 \
#23 19.46       |                                             ^~~~
#23 19.46 ../include/json_print.h: In function 'print_tv':
#23 19.46 ../include/json_print.h:58:48: warning: passing argument 5 of 'print_color_tv' from incompatible pointer type [-Wincompatible-pointer-types]
#23 19.46    58 |                                                value);                  \
#23 19.46       |                                                ^~~~~
#23 19.46       |                                                |
#23 19.46       |                                                const struct timeval *
#23 19.46 ../include/json_print.h:80:1: note: in expansion of macro '_PRINT_FUNC'
#23 19.46    80 | _PRINT_FUNC(tv, const struct timeval *)
#23 19.46       | ^~~~~~~~~~~
#23 19.46 ../include/json_print.h:50:42: note: expected 'const struct timeval *' but argument is of type 'const struct timeval *'
#23 19.46    50 |                                     type value);                        \
#23 19.46       |                                          ^
#23 19.46 ../include/json_print.h:80:1: note: in expansion of macro '_PRINT_FUNC'
#23 19.46    80 | _PRINT_FUNC(tv, const struct timeval *)
#23 19.46       | ^~~~~~~~~~~
#23 19.53     LINK     bridge
#23 19.55 
#23 19.55 misc
#23 19.55     CC       ss.o
#23 19.57 In file included from ../include/uapi/linux/tipc.h:42,
#23 19.57                  from ss.c:49:
#23 19.57 ../include/uapi/linux/sockios.h:42: warning: "SIOCGSTAMP" redefined
#23 19.57    42 | #define SIOCGSTAMP      SIOCGSTAMP_OLD
#23 19.57       | 
#23 19.57 In file included from /usr/include/sys/ioctl.h:10,
#23 19.57                  from ss.c:12:
#23 19.57 /usr/include/bits/ioctl.h:111: note: this is the location of the previous definition
#23 19.57   111 | #define SIOCGSTAMP      0x8906
#23 19.57       | 
#23 19.57 ../include/uapi/linux/sockios.h:43: warning: "SIOCGSTAMPNS" redefined
#23 19.57    43 | #define SIOCGSTAMPNS    SIOCGSTAMPNS_OLD
#23 19.57       | 
#23 19.57 /usr/include/bits/ioctl.h:112: note: this is the location of the previous definition
#23 19.57   112 | #define SIOCGSTAMPNS    0x8907
#23 19.57       | 
#23 20.44     CC       ssfilter_check.o
#23 20.48     YACC     ssfilter.tab.c
#23 20.54     CC       ssfilter.tab.o
#23 20.65     LINK     ss
#23 20.66     CC       nstat
#23 20.67 In file included from nstat.c:20:
#23 20.67 /usr/include/sys/poll.h:1:2: warning: #warning redirecting incorrect #include <sys/poll.h> to <poll.h> [-Wcpp]
#23 20.67     1 | #warning redirecting incorrect #include <sys/poll.h> to <poll.h>
#23 20.67       |  ^~~~~~~
#23 20.82     CC       ifstat
#23 20.84 In file included from ifstat.c:20:
#23 20.84 /usr/include/sys/poll.h:1:2: warning: #warning redirecting incorrect #include <sys/poll.h> to <poll.h> [-Wcpp]
#23 20.84     1 | #warning redirecting incorrect #include <sys/poll.h> to <poll.h>
#23 20.84       |  ^~~~~~~
#23 21.03     CC       rtacct
#23 21.04 In file included from rtacct.c:19:
#23 21.04 /usr/include/sys/poll.h:1:2: warning: #warning redirecting incorrect #include <sys/poll.h> to <poll.h> [-Wcpp]
#23 21.04     1 | #warning redirecting incorrect #include <sys/poll.h> to <poll.h>
#23 21.04       |  ^~~~~~~
#23 21.18     CC       lnstat.o
#23 21.25     CC       lnstat_util.o
#23 21.31     LINK     lnstat
#23 21.32 
#23 21.32 netem
#23 21.32 gcc  -I../include -o maketable maketable.c -lm
#23 21.36 gcc  -I../include -o normal normal.c -lm
#23 21.38 gcc  -I../include -o pareto pareto.c -lm
#23 21.41 gcc  -I../include -o paretonormal paretonormal.c -lm
#23 21.43 ./normal > normal.dist
#23 21.44 ./pareto > pareto.dist
#23 21.44 ./paretonormal > paretonormal.dist
#23 21.45 ./maketable experimental.dat > experimental.dist
#23 21.46 
#23 21.46 genl
#23 21.46     CC       genl.o
#23 21.50     CC       ctrl.o
#23 21.57     LINK     genl
#23 21.58 
#23 21.58 man
#23 21.58 make[2]: Nothing to be done for 'all'.
#23 21.58 make[2]: Nothing to be done for 'all'.
#23 21.59 sed \
#23 21.59 	-e "s|@NETNS_ETC_DIR@|/etc/netns|g" \
#23 21.59 	-e "s|@NETNS_RUN_DIR@|/var/run/netns|g" \
#23 21.59 	-e "s|@SYSCONF_ETC_DIR@|/etc/iproute2|g" \
#23 21.59 	-e "s|@SYSCONF_USR_DIR@|/usr/share/iproute2|g" \
#23 21.59 	ip-address.8.in > ip-address.8
#23 21.59 sed \
#23 21.59 	-e "s|@NETNS_ETC_DIR@|/etc/netns|g" \
#23 21.59 	-e "s|@NETNS_RUN_DIR@|/var/run/netns|g" \
#23 21.59 	-e "s|@SYSCONF_ETC_DIR@|/etc/iproute2|g" \
#23 21.59 	-e "s|@SYSCONF_USR_DIR@|/usr/share/iproute2|g" \
#23 21.59 	ip-link.8.in > ip-link.8
#23 21.60 sed \
#23 21.60 	-e "s|@NETNS_ETC_DIR@|/etc/netns|g" \
#23 21.60 	-e "s|@NETNS_RUN_DIR@|/var/run/netns|g" \
#23 21.60 	-e "s|@SYSCONF_ETC_DIR@|/etc/iproute2|g" \
#23 21.60 	-e "s|@SYSCONF_USR_DIR@|/usr/share/iproute2|g" \
#23 21.60 	ip-netns.8.in > ip-netns.8
#23 21.60 sed \
#23 21.60 	-e "s|@NETNS_ETC_DIR@|/etc/netns|g" \
#23 21.60 	-e "s|@NETNS_RUN_DIR@|/var/run/netns|g" \
#23 21.60 	-e "s|@SYSCONF_ETC_DIR@|/etc/iproute2|g" \
#23 21.60 	-e "s|@SYSCONF_USR_DIR@|/usr/share/iproute2|g" \
#23 21.60 	ip-route.8.in > ip-route.8
#23 21.60 
#23 21.60 tipc
#23 21.60     CC       bearer.o
#23 21.77     CC       cmdl.o
#23 21.81     CC       link.o
#23 22.03     CC       media.o
#23 22.08     CC       misc.o
#23 22.13     CC       msg.o
#23 22.15     CC       nametable.o
#23 22.19     CC       node.o
#23 22.29     CC       socket.o
#23 22.32     CC       peer.o
#23 22.36     CC       tipc.o
#23 22.39     LINK     tipc
#23 22.41 
#23 22.41 devlink
#23 22.41     CC       devlink.o
#23 24.13     CC       mnlg.o
#23 24.17     LINK     devlink
#23 24.19 
#23 24.19 rdma
#23 24.19     CC       rdma.o
#23 24.21 rdma.c: In function 'main':
#23 24.21 rdma.c:110:20: warning: implicit declaration of function 'basename'; did you mean 'rename'? [-Wimplicit-function-declaration]
#23 24.21   110 |         filename = basename(argv[0]);
#23 24.21       |                    ^~~~~~~~
#23 24.21       |                    rename
#23 24.21 rdma.c:110:18: warning: assignment to 'char *' from 'int' makes pointer from integer without a cast [-Wint-conversion]
#23 24.21   110 |         filename = basename(argv[0]);
#23 24.21       |                  ^
#23 24.23     CC       utils.o
#23 24.40     CC       dev.o
#23 24.47     CC       link.o
#23 24.54     CC       res.o
#23 24.65     CC       res-pd.o
#23 24.69     CC       res-mr.o
#23 24.74     CC       res-cq.o
#23 24.78     CC       res-cmid.o
#23 24.84     CC       res-qp.o
#23 24.89     CC       sys.o
#23 24.94     CC       stat.o
#23 25.17     CC       stat-mr.o
#23 25.21     CC       res-ctx.o
#23 25.25     CC       res-srq.o
#23 25.32     LINK     rdma
#23 25.33 
#23 25.33 dcb
#23 25.33     CC       dcb.o
#23 25.44     CC       dcb_app.o
#23 25.63     CC       dcb_buffer.o
#23 25.68     CC       dcb_dcbx.o
#23 25.73     CC       dcb_ets.o
#23 25.82     CC       dcb_maxrate.o
#23 25.87     CC       dcb_pfc.o
#23 25.93     CC       dcb_apptrust.o
#23 25.99     CC       dcb_rewr.o
#23 26.07     LINK     dcb
#23 26.08 
#23 26.08 vdpa
#23 26.09     CC       vdpa.o
#23 26.10 In file included from vdpa.c:19:
#23 26.10 ../include/json_print.h:80:30: warning: 'struct timeval' declared inside parameter list will not be visible outside of this definition or declaration
#23 26.10    80 | _PRINT_FUNC(tv, const struct timeval *)
#23 26.10       |                              ^~~~~~~
#23 26.10 ../include/json_print.h:50:37: note: in definition of macro '_PRINT_FUNC'
#23 26.10    50 |                                     type value);                        \
#23 26.10       |                                     ^~~~
#23 26.10 ../include/json_print.h:80:30: warning: 'struct timeval' declared inside parameter list will not be visible outside of this definition or declaration
#23 26.10    80 | _PRINT_FUNC(tv, const struct timeval *)
#23 26.10       |                              ^~~~~~~
#23 26.10 ../include/json_print.h:55:45: note: in definition of macro '_PRINT_FUNC'
#23 26.10    55 |                                             type value)                 \
#23 26.10       |                                             ^~~~
#23 26.10 ../include/json_print.h: In function 'print_tv':
#23 26.10 ../include/json_print.h:58:48: warning: passing argument 5 of 'print_color_tv' from incompatible pointer type [-Wincompatible-pointer-types]
#23 26.10    58 |                                                value);                  \
#23 26.10       |                                                ^~~~~
#23 26.10       |                                                |
#23 26.10       |                                                const struct timeval *
#23 26.10 ../include/json_print.h:80:1: note: in expansion of macro '_PRINT_FUNC'
#23 26.10    80 | _PRINT_FUNC(tv, const struct timeval *)
#23 26.10       | ^~~~~~~~~~~
#23 26.10 ../include/json_print.h:50:42: note: expected 'const struct timeval *' but argument is of type 'const struct timeval *'
#23 26.10    50 |                                     type value);                        \
#23 26.10       |                                          ^
#23 26.10 ../include/json_print.h:80:1: note: in expansion of macro '_PRINT_FUNC'
#23 26.10    80 | _PRINT_FUNC(tv, const struct timeval *)
#23 26.10       | ^~~~~~~~~~~
#23 26.26     LINK     vdpa
#23 DONE 26.3s

#24 [20/22] RUN git clone --no-single-branch --depth=1 https://github.com/linux-netdev/testing.git /nipa-data/kernel
#24 0.406 Cloning into '/nipa-data/kernel'...
#24 37.76 Updating files:  15% (12667/83283)Updating files:  16% (13326/83283)Updating files:  17% (14159/83283)Updating files:  18% (14991/83283)Updating files:  19% (15824/83283)Updating files:  20% (16657/83283)Updating files:  21% (17490/83283)Updating files:  22% (18323/83283)Updating files:  23% (19156/83283)Updating files:  24% (19988/83283)Updating files:  25% (20821/83283)Updating files:  26% (21654/83283)Updating files:  27% (22487/83283)Updating files:  28% (23320/83283)Updating files:  29% (24153/83283)Updating files:  30% (24985/83283)Updating files:  31% (25818/83283)Updating files:  32% (26651/83283)Updating files:  33% (27484/83283)Updating files:  33% (27948/83283)Updating files:  34% (28317/83283)Updating files:  35% (29150/83283)Updating files:  36% (29982/83283)Updating files:  37% (30815/83283)Updating files:  38% (31648/83283)Updating files:  39% (32481/83283)Updating files:  40% (33314/83283)Updating files:  40% (33555/83283)Updating files:  41% (34147/83283)Updating files:  42% (34979/83283)Updating files:  43% (35812/83283)Updating files:  44% (36645/83283)Updating files:  45% (37478/83283)Updating files:  46% (38311/83283)Updating files:  47% (39144/83283)Updating files:  48% (39976/83283)Updating files:  49% (40809/83283)Updating files:  49% (41080/83283)Updating files:  50% (41642/83283)Updating files:  51% (42475/83283)Updating files:  52% (43308/83283)Updating files:  53% (44140/83283)Updating files:  54% (44973/83283)Updating files:  55% (45806/83283)Updating files:  56% (46639/83283)Updating files:  57% (47472/83283)Updating files:  58% (48305/83283)Updating files:  59% (49137/83283)Updating files:  60% (49970/83283)Updating files:  61% (50803/83283)Updating files:  62% (51636/83283)Updating files:  62% (51890/83283)Updating files:  63% (52469/83283)Updating files:  64% (53302/83283)Updating files:  65% (54134/83283)Updating files:  66% (54967/83283)Updating files:  67% (55800/83283)Updating files:  68% (56633/83283)Updating files:  69% (57466/83283)Updating files:  70% (58299/83283)Updating files:  71% (59131/83283)Updating files:  72% (59964/83283)Updating files:  73% (60797/83283)Updating files:  74% (61630/83283)Updating files:  75% (62463/83283)Updating files:  76% (63296/83283)Updating files:  77% (64128/83283)Updating files:  78% (64961/83283)Updating files:  78% (64995/83283)Updating files:  79% (65794/83283)Updating files:  80% (66627/83283)Updating files:  81% (67460/83283)Updating files:  82% (68293/83283)Updating files:  83% (69125/83283)Updating files:  84% (69958/83283)Updating files:  85% (70791/83283)Updating files:  86% (71624/83283)Updating files:  87% (72457/83283)Updating files:  88% (73290/83283)Updating files:  89% (74122/83283)Updating files:  90% (74955/83283)Updating files:  91% (75788/83283)Updating files:  92% (76621/83283)Updating files:  93% (77454/83283)Updating files:  94% (78287/83283)Updating files:  95% (79119/83283)Updating files:  96% (79952/83283)Updating files:  96% (80483/83283)Updating files:  97% (80785/83283)Updating files:  98% (81618/83283)Updating files:  99% (82451/83283)Updating files: 100% (83283/83283)Updating files: 100% (83283/83283), done.
#24 DONE 45.7s

#25 [21/22] RUN git clone --depth=1 -b dev https://github.com/p4tc-dev/new-nipa.git nipa
#25 0.354 Cloning into 'nipa'...
#25 DONE 0.8s

#26 [22/22] COPY entrypoint.sh /entrypoint.sh
#26 DONE 0.0s

#27 exporting to image
#27 exporting layers
#27 exporting layers 6.9s done
#27 writing image sha256:60594eb559ce7126e5b83083e6a2439004adf8e2dc14c97d96faddefc6522322 done
#27 naming to docker.io/library/nipa-executor done
#27 DONE 6.9s
NIPA version: 9d4ceb4 (fetcher: support local kernel patches, 2024-02-05)
INFO: Last run date: 2024-03-24 06:00:19.195262+00:00
Testing  {'branch': 'net-next-2024-03-24--09-00', 'date': '2024-03-24T09:00:13.959388+00:00', 'base': '5e8dc926a0450b22b932b8683116b9f26726e0ee', 'url': 'https://github.com/linux-netdev/testing.git net-next-2024-03-24--09-00'}
Updating files:  52% (7188/13709)Updating files:  53% (7266/13709)Updating files:  54% (7403/13709)Updating files:  55% (7540/13709)Updating files:  56% (7678/13709)Updating files:  57% (7815/13709)Updating files:  58% (7952/13709)Updating files:  59% (8089/13709)Updating files:  60% (8226/13709)Updating files:  61% (8363/13709)Updating files:  62% (8500/13709)Updating files:  63% (8637/13709)Updating files:  64% (8774/13709)Updating files:  65% (8911/13709)Updating files:  66% (9048/13709)Updating files:  67% (9186/13709)Updating files:  68% (9323/13709)Updating files:  69% (9460/13709)Updating files:  70% (9597/13709)Updating files:  71% (9734/13709)Updating files:  72% (9871/13709)Updating files:  73% (10008/13709)Updating files:  74% (10145/13709)Updating files:  75% (10282/13709)Updating files:  76% (10419/13709)Updating files:  77% (10556/13709)Updating files:  78% (10694/13709)Updating files:  79% (10831/13709)Updating files:  80% (10968/13709)Updating files:  81% (11105/13709)Updating files:  82% (11242/13709)Updating files:  83% (11379/13709)Updating files:  84% (11516/13709)Updating files:  85% (11653/13709)Updating files:  86% (11790/13709)Updating files:  87% (11927/13709)Updating files:  88% (12064/13709)Updating files:  89% (12202/13709)Updating files:  90% (12339/13709)Updating files:  91% (12476/13709)Updating files:  92% (12613/13709)Updating files:  93% (12750/13709)Updating files:  94% (12887/13709)Updating files:  95% (13024/13709)Updating files:  96% (13161/13709)Updating files:  97% (13298/13709)Updating files:  98% (13435/13709)Updating files:  99% (13572/13709)Updating files: 100% (13709/13709)Updating files: 100% (13709/13709), done.
branch 'net-next-2024-03-24--09-00' set up to track 'origin/net-next-2024-03-24--09-00'.
Switched to a new branch 'net-next-2024-03-24--09-00'
error: No valid patches in input (allow with "--allow-empty")
Checking patch tools/testing/selftests/tc-testing/tdc_config.py...
Applied patch tools/testing/selftests/tc-testing/tdc_config.py cleanly.
Run at 2024-03-24 09:04:03.863861
INFO: building kernel
INFO: starting VM 0
INFO: thr0-1 VM starting: vng -v -r arch/x86/boot/bzImage --user root --rwdir=/nipa-data/kernel/
INFO: thr0-1 expecting prompt: '/nipa-data/kernel# '
WARN: thr0-1 TIMEOUT retcode: None waited: 25.02000000000019 total: 26.61000000000025
WARN: thr0-1 VM did not start, retrying 1/4
WARN: thr0-1 process did not exit, sending a KILL to 40464 [psutil.Process(pid=40465, name='virtme-run', status='sleeping', started='09:07:08'), psutil.Process(pid=40807, name='qemu-system-x86_64', status='sleeping', started='09:07:09'), psutil.Process(pid=40464, name='vng', status='sleeping', started='09:07:08')]
INFO: thr0-1 VM stopped
INFO: thr0-1 VM starting: vng -v -r arch/x86/boot/bzImage --user root --rwdir=/nipa-data/kernel/
INFO: thr0-1 expecting prompt: '/nipa-data/kernel# '
WARN: thr0-1 TIMEOUT retcode: None waited: 25.02000000000019 total: 26.28000000000024
WARN: thr0-1 VM did not start, retrying 2/4
WARN: thr0-1 process did not exit, sending a KILL to 40845 [psutil.Process(pid=40846, name='virtme-run', status='sleeping', started='09:07:38'), psutil.Process(pid=40862, name='qemu-system-x86_64', status='sleeping', started='09:07:38'), psutil.Process(pid=40845, name='vng', status='sleeping', started='09:07:38')]
INFO: thr0-1 VM stopped
INFO: thr0-1 VM starting: vng -v -r arch/x86/boot/bzImage --user root --rwdir=/nipa-data/kernel/
INFO: thr0-1 expecting prompt: '/nipa-data/kernel# '
WARN: thr0-1 TIMEOUT retcode: None waited: 25.02000000000019 total: 26.28000000000024
WARN: thr0-1 VM did not start, retrying 3/4
WARN: thr0-1 process did not exit, sending a KILL to 40901 [psutil.Process(pid=40902, name='virtme-run', status='sleeping', started='09:08:08'), psutil.Process(pid=40918, name='qemu-system-x86_64', status='sleeping', started='09:08:08'), psutil.Process(pid=40901, name='vng', status='sleeping', started='09:08:08')]
INFO: thr0-1 VM stopped
INFO: thr0-1 VM starting: vng -v -r arch/x86/boot/bzImage --user root --rwdir=/nipa-data/kernel/
INFO: thr0-1 expecting prompt: '/nipa-data/kernel# '
WARN: thr0-1 TIMEOUT retcode: None waited: 25.02000000000019 total: 26.34000000000024
WARN: thr0-1 VM did not start, retrying 4/4
WARN: thr0-1 process did not exit, sending a KILL to 40956 [psutil.Process(pid=40957, name='virtme-run', status='sleeping', started='09:08:37'), psutil.Process(pid=40973, name='qemu-system-x86_64', status='sleeping', started='09:08:37'), psutil.Process(pid=40956, name='vng', status='sleeping', started='09:08:37')]
INFO: thr0-1 VM stopped
INFO: thr0-1 VM starting: vng -v -r arch/x86/boot/bzImage --user root --rwdir=/nipa-data/kernel/
INFO: thr0-1 expecting prompt: '/nipa-data/kernel# '
WARN: thr0-1 TIMEOUT retcode: None waited: 25.02000000000019 total: 26.250000000000238
ERROR: thr-0 has crashed
Exception in thread Thread-1 (vm_thread):
Traceback (most recent call last):
  File "/usr/lib/python3.11/threading.py", line 1045, in _bootstrap_inner
    self.run()
  File "/usr/lib/python3.11/threading.py", line 982, in run
    self._target(*self._args, **self._kwargs)
  File "//./nipa/contest/remote/vmksft-p.py", line 202, in vm_thread
    _vm_thread(config, results_path, thr_id, in_queue, out_queue)
  File "//./nipa/contest/remote/vmksft-p.py", line 127, in _vm_thread
    vm_id, vm = new_vm(results_path, vm_id, config=config, thr=thr_id)
                ^^^^^^^^^^^^^^^^^^^^^^^^^^^^^^^^^^^^^^^^^^^^^^^^^^^^^^
  File "/nipa/contest/remote/lib/vm.py", line 409, in new_vm
    vm.start(cwd=cwd)
  File "/nipa/contest/remote/lib/vm.py", line 192, in start
    self.drain_to_prompt(prompt=init_prompt, dump_after=self.cfg_boot_to)
  File "/nipa/contest/remote/lib/vm.py", line 310, in drain_to_prompt
    raise TimeoutError(stderr, stdout)
TimeoutError: [Errno [    0.407646] loop: module loaded
[    0.408419] scsi host0: ata_piix
[    0.408562] scsi host1: ata_piix
[    0.408627] ata1: PATA max MWDMA2 cmd 0x1f0 ctl 0x3f6 bmdma 0xc0c0 irq 14 lpm-pol 0
[    0.408700] ata2: PATA max MWDMA2 cmd 0x170 ctl 0x376 bmdma 0xc0c8 irq 15 lpm-pol 0
[    0.409020] i8042: PNP: PS/2 Controller [PNP0303:KBD,PNP0f13:MOU] at 0x60,0x64 irq 1,12
[    0.409758] serio: i8042 KBD port at 0x60,0x64 irq 1
[    0.409795] serio: i8042 AUX port at 0x60,0x64 irq 12
[    0.409905] rtc_cmos 00:04: RTC can wake from S4
[    0.410216] rtc_cmos 00:04: registered as rtc0
[    0.410395] rtc_cmos 00:04: setting system clock to 2024-03-24T09:09:08 UTC (1711271348)
[    0.410516] input: AT Translated Set 2 keyboard as /devices/platform/i8042/serio0/input/input1
[    0.410562] rtc_cmos 00:04: alarms up to one day, y3k, 242 bytes nvram, hpet irqs
[    0.410847] i6300ESB timer 0000:00:04.0: initialized. heartbeat=30 sec (nowayout=0)
[    0.410978] device-mapper: ioctl: 4.48.0-ioctl (2023-03-01) initialised: dm-devel@lists.linux.dev
[    0.411542] NET: Registered PF_PACKET protocol family
[    0.411621] 9pnet: Installing 9P2000 support
[    0.412328] input: ImExPS/2 Generic Explorer Mouse as /devices/platform/i8042/serio1/input/input3
[    0.412925] Key type dns_resolver registered
[    0.414429] IPI shorthand broadcast: enabled
[    0.417135] sched_clock: Marking stable (415001251, 1717493)->(436256289, -19537545)
[    0.417413] Timer migration: 2 hierarchy levels; 8 children per group; 2 crossnode level
[    0.418149] registered taskstats version 1
[    0.418261] Loading compiled-in X.509 certificates
[    0.419617] PM:   Magic number: 0:355:172
[    0.419681] printk: legacy console [netcon0] enabled
[    0.419720] netconsole: network logging started
[    0.419785] ALSA device list:
[    0.419812]   No soundcards found.
[    0.561045] ata2: found unknown device (class 0)
[    0.561731] ata2.00: ATAPI: QEMU DVD-ROM, 2.5+, max UDMA/100
[    0.562644] scsi 1:0:0:0: CD-ROM            QEMU     QEMU DVD-ROM     2.5+ PQ: 0 ANSI: 5
[    0.572099] scsi 1:0:0:0: Attached scsi generic sg0 type 5
[    0.572215] md: Skipping autodetection of RAID arrays. (raid=autodetect will force)
[    0.572292] 9pnet_virtio: no channels available for device 
[    0.572730] VFS: Mounted root (9p filesystem) readonly on device 0:20.
[    0.572933] devtmpfs: mounted
[    0.573617] Freeing unused kernel image (initmem) memory: 3048K
[    0.573675] Write protecting the kernel read-only data: 22528k
[    0.574065] Freeing unused kernel image (rodata/data gap) memory: 48K
[    0.602178] x86/mm: Checked W+X mappings: passed, no W+X pages found.
[    0.602237] Run /usr/lib/python3.11/site-packages/virtme/guest/virtme-init as init process
[    0.627533] mount (208) used greatest stack depth: 13488 bytes left
[    0.651629] mkdir (216) used greatest stack depth: 12928 bytes left
[    0.715517] virtme-init: basic initialization done
[    0.719753] virtme-init: udevd not found
[    0.761997] virtme-init: Setting hostname to virtme-ng...
[    0.771692] ip (304) used greatest stack depth: 12320 bytes left
] 
Done at 2024-03-24 09:09:34.220300
NIPA quitting!
/
~/nipa/tc-executor/tc-executor-storage /
sort: write failed: 'standard output': Broken pipe
sort: write error
