~/nipa/tc-executor/tc-executor-storage /
Switched to branch 'storage-dbg'
Your branch is ahead of 'origin/storage-dbg' by 663 commits.
  (use "git push" to publish your local commits)
/
~/nipa/tc-executor /
Error response from daemon: No such image: nipa-executor:latest
#0 building with "default" instance using docker driver

#1 [internal] load .dockerignore
#1 transferring context: 2B done
#1 DONE 0.0s

#2 [internal] load build definition from Dockerfile
#2 transferring dockerfile: 2.05kB done
#2 DONE 0.0s

#3 [internal] load metadata for docker.io/library/alpine:edge
#3 DONE 0.0s

#4 [ 1/22] FROM docker.io/library/alpine:edge
#4 CACHED

#5 [internal] load build context
#5 transferring context: 3.02kB done
#5 DONE 0.0s

#6 [ 2/22] RUN echo true > debug-mode
#6 DONE 0.6s

#7 [ 3/22] RUN addgroup -g 1001 hostuser
#7 DONE 0.4s

#8 [ 4/22] RUN adduser -u 1001 -G hostuser -H -D -s /bin/ash hostuser
#8 DONE 0.4s

#9 [ 5/22] RUN echo '@testing http://dl-cdn.alpinelinux.org/alpine/edge/testing' >> /etc/apk/repositories
#9 DONE 0.5s

#10 [ 6/22] RUN echo '@community http://dl-cdn.alpinelinux.org/alpine/edge/community' >> /etc/apk/repositories
#10 DONE 0.4s

#11 [ 7/22] RUN apk update && apk add --no-cache    virtme-ng@testing    git    py3-requests    py3-psutil    py3-setuptools    py3-pyroute2    py3-argcomplete    qemu-system-x86_64@community    scapy@community    make    gcc    musl-dev    flex    bison    linux-headers    elfutils-dev    util-linux    coreutils    diffutils    findutils    file    bash    kmod    perl    iptables-dev    libcap-dev    libmnl-dev    iproute2     jq    libbpf-dev    rsync    openssl-dev
#11 0.366 fetch https://dl-cdn.alpinelinux.org/alpine/edge/main/x86_64/APKINDEX.tar.gz
#11 0.892 fetch https://dl-cdn.alpinelinux.org/alpine/edge/community/x86_64/APKINDEX.tar.gz
#11 1.100 fetch http://dl-cdn.alpinelinux.org/alpine/edge/testing/x86_64/APKINDEX.tar.gz
#11 1.489 fetch http://dl-cdn.alpinelinux.org/alpine/edge/community/x86_64/APKINDEX.tar.gz
#11 1.728 v20240329-3734-g5b75efe4006 [https://dl-cdn.alpinelinux.org/alpine/edge/main]
#11 1.728 v20240329-3734-g5b75efe4006 [https://dl-cdn.alpinelinux.org/alpine/edge/community]
#11 1.728 v20240329-3724-gf719de12e9c [http://dl-cdn.alpinelinux.org/alpine/edge/testing]
#11 1.728 v20240329-3734-g5b75efe4006 [http://dl-cdn.alpinelinux.org/alpine/edge/community]
#11 1.728 OK: 31339 distinct packages available
#11 1.783 fetch https://dl-cdn.alpinelinux.org/alpine/edge/main/x86_64/APKINDEX.tar.gz
#11 1.885 fetch https://dl-cdn.alpinelinux.org/alpine/edge/community/x86_64/APKINDEX.tar.gz
#11 1.970 fetch http://dl-cdn.alpinelinux.org/alpine/edge/testing/x86_64/APKINDEX.tar.gz
#11 2.058 fetch http://dl-cdn.alpinelinux.org/alpine/edge/community/x86_64/APKINDEX.tar.gz
#11 2.275 (1/176) Upgrading musl (1.2.4_git20230717-r5 -> 1.2.5-r0)
#11 2.292 (2/176) Upgrading libcrypto3 (3.1.4-r2 -> 3.3.0-r1)
#11 2.324 (3/176) Upgrading libssl3 (3.1.4-r2 -> 3.3.0-r1)
#11 2.340 (4/176) Upgrading zlib (1.3-r2 -> 1.3.1-r1)
#11 2.353 (5/176) Installing ncurses-terminfo-base (6.4_p20240420-r0)
#11 2.367 (6/176) Installing libncursesw (6.4_p20240420-r0)
#11 2.382 (7/176) Installing readline (8.2.10-r0)
#11 2.396 (8/176) Installing bash (5.2.26-r0)
#11 2.415 Executing bash-5.2.26-r0.post-install
#11 2.418 (9/176) Installing m4 (1.4.19-r3)
#11 2.432 (10/176) Installing bison (3.8.2-r1)
#11 2.451 (11/176) Installing coreutils-env (9.5-r1)
#11 2.463 (12/176) Installing coreutils-fmt (9.5-r1)
#11 2.475 (13/176) Installing coreutils-sha512sum (9.5-r1)
#11 2.488 (14/176) Installing libacl (2.3.2-r0)
#11 2.499 (15/176) Installing libattr (2.5.2-r0)
#11 2.510 (16/176) Installing skalibs (2.14.1.1-r0)
#11 2.529 (17/176) Installing utmps-libs (0.1.2.2-r1)
#11 2.541 (18/176) Installing coreutils (9.5-r1)
#11 2.563 (19/176) Installing diffutils (3.10-r0)
#11 2.577 (20/176) Installing zstd-libs (1.5.6-r0)
#11 2.593 (21/176) Installing libelf (0.191-r0)
#11 2.605 (22/176) Installing libbz2 (1.0.8-r6)
#11 2.617 (23/176) Installing musl-fts (1.2.7-r6)
#11 2.630 (24/176) Installing xz-libs (5.6.1-r3)
#11 2.644 (25/176) Installing libdw (0.191-r0)
#11 2.660 (26/176) Installing libasm (0.191-r0)
#11 2.671 (27/176) Installing xz (5.6.1-r3)
#11 2.685 (28/176) Installing pkgconf (2.2.0-r0)
#11 2.697 (29/176) Installing xz-dev (5.6.1-r3)
#11 2.711 (30/176) Installing libgcc (13.2.1_git20240309-r0)
#11 2.724 (31/176) Installing libstdc++ (13.2.1_git20240309-r0)
#11 2.749 (32/176) Installing zstd (1.5.6-r0)
#11 2.763 (33/176) Installing zstd-dev (1.5.6-r0)
#11 2.776 (34/176) Installing zlib-dev (1.3.1-r1)
#11 2.789 (35/176) Installing elfutils-dev (0.191-r0)
#11 2.809 (36/176) Installing libmagic (5.45-r1)
#11 2.840 (37/176) Installing file (5.45-r1)
#11 2.851 (38/176) Installing findutils (4.9.0-r5)
#11 2.866 (39/176) Installing flex (2.6.4-r6)
#11 2.880 (40/176) Installing jansson (2.14-r4)
#11 2.892 (41/176) Installing binutils (2.42-r0)
#11 2.945 (42/176) Installing libgomp (13.2.1_git20240309-r0)
#11 2.960 (43/176) Installing libatomic (13.2.1_git20240309-r0)
#11 2.970 (44/176) Installing gmp (6.3.0-r0)
#11 2.986 (45/176) Installing isl26 (0.26-r1)
#11 3.008 (46/176) Installing mpfr4 (4.2.1-r0)
#11 3.025 (47/176) Installing mpc1 (1.3.1-r1)
#11 3.037 (48/176) Installing gcc (13.2.1_git20240309-r0)
#11 3.499 (49/176) Installing ca-certificates (20240226-r0)
#11 3.524 (50/176) Installing brotli-libs (1.1.0-r2)
#11 3.544 (51/176) Installing c-ares (1.28.1-r0)
#11 3.556 (52/176) Installing libunistring (1.2-r0)
#11 3.576 (53/176) Installing libidn2 (2.3.7-r0)
#11 3.590 (54/176) Installing nghttp2-libs (1.61.0-r0)
#11 3.602 (55/176) Installing libpsl (0.21.5-r1)
#11 3.615 (56/176) Installing libcurl (8.7.1-r0)
#11 3.631 (57/176) Installing libexpat (2.6.2-r0)
#11 3.643 (58/176) Installing pcre2 (10.43-r0)
#11 3.659 (59/176) Installing git (2.45.0-r0)
#11 3.709 (60/176) Installing git-init-template (2.45.0-r0)
#11 3.721 (61/176) Installing libcap2 (2.69-r1)
#11 3.734 (62/176) Installing libmnl (1.0.5-r2)
#11 3.746 (63/176) Installing iproute2-minimal (6.8.0-r0)
#11 3.762 (64/176) Installing libxtables (1.8.10-r3)
#11 3.774 (65/176) Installing iproute2-tc (6.8.0-r0)
#11 3.789 (66/176) Installing iproute2-ss (6.8.0-r0)
#11 3.801 (67/176) Installing iproute2 (6.8.0-r0)
#11 3.817 Executing iproute2-6.8.0-r0.post-install
#11 3.821 (68/176) Installing linux-headers (6.6-r0)
#11 3.904 (69/176) Installing libip4tc (1.8.10-r3)
#11 3.916 (70/176) Installing libip6tc (1.8.10-r3)
#11 3.927 (71/176) Installing libipq (1.8.10-r3)
#11 3.939 (72/176) Installing iptables-dev (1.8.10-r3)
#11 3.951 (73/176) Installing oniguruma (6.9.9-r0)
#11 3.966 (74/176) Installing jq (1.7.1-r0)
#11 3.983 (75/176) Installing kmod (32-r0)
#11 3.996 (76/176) Installing libbpf (1.4.1-r0)
#11 4.011 (77/176) Installing libbpf-dev (1.4.1-r0)
#11 4.031 (78/176) Installing libcap-dev (2.69-r1)
#11 4.043 (79/176) Installing libmnl-dev (1.0.5-r2)
#11 4.055 (80/176) Installing make (4.4.1-r2)
#11 4.069 (81/176) Installing musl-dev (1.2.5-r0)
#11 4.125 (82/176) Installing openssl-dev (3.3.0-r1)
#11 4.150 (83/176) Installing perl (5.38.2-r0)
#11 4.331 (84/176) Installing perl-error (0.17029-r2)
#11 4.345 (85/176) Installing perl-git (2.45.0-r0)
#11 4.358 (86/176) Installing git-perl (2.45.0-r0)
#11 4.371 (87/176) Installing libffi (3.4.6-r0)
#11 4.383 (88/176) Installing gdbm (1.23-r1)
#11 4.395 (89/176) Installing mpdecimal (4.0.0-r0)
#11 4.408 (90/176) Installing libpanelw (6.4_p20240420-r0)
#11 4.419 (91/176) Installing sqlite-libs (3.45.3-r0)
#11 4.444 (92/176) Installing python3 (3.12.3-r1)
#11 4.565 (93/176) Installing python3-pycache-pyc0 (3.12.3-r1)
#11 4.650 (94/176) Installing pyc (3.12.3-r1)
#11 4.662 (95/176) Installing py3-argcomplete-pyc (3.3.0-r0)
#11 4.675 (96/176) Installing python3-pyc (3.12.3-r1)
#11 4.686 (97/176) Installing py3-argcomplete (3.3.0-r0)
#11 4.699 (98/176) Installing py3-psutil (5.9.8-r1)
#11 4.714 (99/176) Installing py3-psutil-pyc (5.9.8-r1)
#11 4.729 (100/176) Installing py3-pyroute2 (0.7.12-r1)
#11 4.758 (101/176) Installing py3-pyroute2-pyc (0.7.12-r1)
#11 4.790 (102/176) Installing py3-certifi (2024.2.2-r1)
#11 4.802 (103/176) Installing py3-certifi-pyc (2024.2.2-r1)
#11 4.814 (104/176) Installing py3-charset-normalizer (3.3.2-r1)
#11 4.827 (105/176) Installing py3-charset-normalizer-pyc (3.3.2-r1)
#11 4.841 (106/176) Installing py3-idna (3.7-r0)
#11 4.854 (107/176) Installing py3-idna-pyc (3.7-r0)
#11 4.868 (108/176) Installing py3-urllib3 (1.26.18-r1)
#11 4.886 (109/176) Installing py3-urllib3-pyc (1.26.18-r1)
#11 4.903 (110/176) Installing py3-requests (2.31.0-r2)
#11 4.917 (111/176) Installing py3-requests-pyc (2.31.0-r2)
#11 4.932 (112/176) Installing py3-parsing (3.1.2-r1)
#11 4.947 (113/176) Installing py3-parsing-pyc (3.1.2-r1)
#11 4.963 (114/176) Installing py3-packaging (24.0-r1)
#11 4.977 (115/176) Installing py3-packaging-pyc (24.0-r1)
#11 4.991 (116/176) Installing py3-setuptools (69.5.1-r0)
#11 5.034 (117/176) Installing py3-setuptools-pyc (69.5.1-r0)
#11 5.071 (118/176) Installing libcap-ng (0.8.5-r0)
#11 5.084 (119/176) Installing libintl (0.22.5-r0)
#11 5.096 (120/176) Installing libeconf (0.6.3-r0)
#11 5.108 (121/176) Installing libblkid (2.40.1-r0)
#11 5.121 (122/176) Installing libmount (2.40.1-r0)
#11 5.136 (123/176) Installing glib (2.80.1-r0)
#11 5.171 (124/176) Installing numactl (2.0.18-r0)
#11 5.183 (125/176) Installing qemu (9.0.0-r0)
#11 5.203 Executing qemu-9.0.0-r0.pre-install
#11 5.484 Executing qemu-9.0.0-r0.post-install
#11 5.487 *
#11 5.487 * If you want to run VM as unprivileged user and let Qemu create tunX devices,
#11 5.487 * then you must add that user to the group "qemu".
#11 5.487 * If you use KVM for hardware-assisted virtualization, then you may also need
#11 5.487 * to add that user to the group "kvm".
#11 5.487 *
#11 5.487 (126/176) Installing qemu-bridge-helper (9.0.0-r0)
#11 5.504 (127/176) Installing libaio (0.3.113-r2)
#11 5.516 (128/176) Installing capstone (5.0.1-r4)
#11 5.549 (129/176) Installing nettle (3.9.1-r0)
#11 5.566 (130/176) Installing libtasn1 (4.19.0-r2)
#11 5.579 (131/176) Installing p11-kit (0.25.3-r0)
#11 5.597 (132/176) Installing gnutls (3.8.3-r0)
#11 5.620 (133/176) Installing libjpeg-turbo (3.0.3-r0)
#11 5.636 (134/176) Installing lzo (2.10-r5)
#11 5.649 (135/176) Installing pixman (0.43.2-r0)
#11 5.664 (136/176) Installing libpng (1.6.43-r0)
#11 5.679 (137/176) Installing libsasl (2.1.28-r6)
#11 5.692 (138/176) Installing libseccomp (2.5.5-r1)
#11 5.705 (139/176) Installing libslirp (4.7.0-r0)
#11 5.718 (140/176) Installing snappy (1.1.10-r2)
#11 5.730 (141/176) Installing liburing (2.6-r0)
#11 5.742 (142/176) Installing vde2-libs (2.3.3-r3)
#11 5.754 (143/176) Installing qemu-system-x86_64 (9.0.0-r0)
#11 5.866 (144/176) Installing lz4-libs (1.9.4-r5)
#11 5.878 (145/176) Installing popt (1.19-r3)
#11 5.890 (146/176) Installing libxxhash (0.8.2-r2)
#11 5.902 (147/176) Installing rsync (3.3.0-r0)
#11 5.917 (148/176) Installing scapy (2.5.0-r3)
#11 5.970 Executing scapy-2.5.0-r3.post-install
#11 5.972 *
#11 5.972 * Certain optional features of scapy also depend on the following packages:
#11 5.972 *     py3-matplotlib graphviz imagemagick py3-cryptography sox
#11 5.972 * And the following unpackaged dependencies:
#11 5.972 *     pyxi vpython-jupyter nmap<v4.23
#11 5.972 * More information can be found at https://scapy.readthedocs.io/en/latest/installation.html#optional-dependencies
#11 5.972 *
#11 5.972 (149/176) Installing scapy-pyc (2.5.0-r3)
#11 6.035 (150/176) Installing util-linux (2.40.1-r0)
#11 6.049 (151/176) Installing setarch (2.40.1-r0)
#11 6.061 (152/176) Installing libuuid (2.40.1-r0)
#11 6.072 (153/176) Installing libfdisk (2.40.1-r0)
#11 6.086 (154/176) Installing libsmartcols (2.40.1-r0)
#11 6.098 (155/176) Installing util-linux-misc (2.40.1-r0)
#11 6.126 (156/176) Installing linux-pam (1.6.0-r0)
#11 6.147 (157/176) Installing runuser (2.40.1-r0)
#11 6.159 (158/176) Installing mount (2.40.1-r0)
#11 6.171 (159/176) Installing losetup (2.40.1-r0)
#11 6.184 (160/176) Installing hexdump (2.40.1-r0)
#11 6.195 (161/176) Installing uuidgen (2.40.1-r0)
#11 6.207 (162/176) Installing blkid (2.40.1-r0)
#11 6.219 (163/176) Installing sfdisk (2.40.1-r0)
#11 6.231 (164/176) Installing mcookie (2.40.1-r0)
#11 6.243 (165/176) Installing agetty (2.40.1-r0)
#11 6.255 (166/176) Installing wipefs (2.40.1-r0)
#11 6.267 (167/176) Installing cfdisk (2.40.1-r0)
#11 6.279 (168/176) Installing umount (2.40.1-r0)
#11 6.291 (169/176) Installing flock (2.40.1-r0)
#11 6.302 (170/176) Installing lsblk (2.40.1-r0)
#11 6.315 (171/176) Installing setpriv (2.40.1-r0)
#11 6.327 (172/176) Installing logger (2.40.1-r0)
#11 6.339 (173/176) Installing partx (2.40.1-r0)
#11 6.351 (174/176) Installing fstrim (2.40.1-r0)
#11 6.363 (175/176) Installing findmnt (2.40.1-r0)
#11 6.375 (176/176) Installing virtme-ng@testing (1.24-r0)
#11 6.430 Executing busybox-1.36.1-r17.trigger
#11 6.435 Executing ca-certificates-20240226-r0.trigger
#11 6.457 Executing glib-2.80.1-r0.trigger
#11 6.464 OK: 384 MiB in 187 packages
#11 DONE 7.9s

#12 [ 8/22] RUN mkdir -p /tmp/kernel-patches &&     mkdir -p /tmp/iproute2-patches
#12 DONE 0.8s

#13 [ 9/22] COPY tdc.config /tmp
#13 DONE 0.5s

#14 [10/22] COPY tdc-debug.config /tmp
#14 DONE 0.4s

#15 [11/22] COPY kernel-patches /tmp/kernel-patches/
#15 DONE 0.4s

#16 [12/22] COPY iproute2-patches /tmp/iproute2-patches/
#16 DONE 0.4s

#17 [13/22] COPY configs /tmp/configs/
#17 DONE 0.4s

#18 [14/22] RUN git config --global user.email foo@bar.com
#18 DONE 0.8s

#19 [15/22] RUN git config --global user.name foo@bar.com
#19 DONE 1.0s

#20 [16/22] RUN git clone https://git.kernel.org/pub/scm/network/iproute2/iproute2-next.git /nipa-data/iproute2
#20 0.686 Cloning into '/nipa-data/iproute2'...
#20 DONE 2.2s

#21 [17/22] RUN cd /nipa-data/iproute2 && 	git remote add stable https://git.kernel.org/pub/scm/network/iproute2/iproute2.git && 	git fetch --all && 	git merge stable/main
#21 0.318 Fetching origin
#21 0.596 Fetching stable
#21 1.049 From https://git.kernel.org/pub/scm/network/iproute2/iproute2
#21 1.049  * [new branch]        codeql         -> stable/codeql
#21 1.049  * [new branch]        iproute2-4.1.x -> stable/iproute2-4.1.x
#21 1.049  * [new branch]        main           -> stable/main
#21 1.080 Merge made by the 'ort' strategy.
#21 1.163  include/uapi/linux/xfrm.h |  2 +-
#21 1.163  ip/iproute.c              |  6 ++++--
#21 1.163  man/man8/ip-route.8.in    | 16 ++++++++++++----
#21 1.163  man/man8/tc-mirred.8      |  2 +-
#21 1.163  4 files changed, 18 insertions(+), 8 deletions(-)
#21 DONE 1.4s

#22 [18/22] RUN if [ "$(find /tmp/iproute2-patches/ -name *.patch)" ]; then  	cd /nipa-data/iproute2; 	git apply /tmp/iproute2-patches/*.patch;     fi
#22 DONE 1.4s

#23 [19/22] RUN cd /nipa-data/iproute2/ &&     ./configure &&     make
#23 0.930 TC schedulers
#23 0.931  IPT	using xtables
#23 0.959  IPSET  yes
#23 0.978 
#23 0.979 lib directory: /usr/lib
#23 0.979 libc has setns: yes
#23 1.000 libc has name_to_handle_at: yes
#23 1.021 SELinux support: no
#23 1.022 libtirpc support: no
#23 1.023 libbpf support: yes
#23 1.091 	libbpf version 1.4.1
#23 1.091 ELF support: yes
#23 1.093 libmnl support: yes
#23 1.095 Berkeley DB: no
#23 1.106 need for strlcpy: no
#23 1.127 libcap support: yes
#23 1.129 color output: never
#23 1.132 
#23 1.132 lib
#23 1.134     CC       libgenl.o
#23 1.146 In file included from ../include/libgenl.h:5,
#23 1.146                  from libgenl.c:12:
#23 1.146 ../include/libnetlink.h: In function 'rta_getattr_be64':
#23 1.146 ../include/libnetlink.h:280:16: warning: implicit declaration of function 'htobe64' [-Wimplicit-function-declaration]
#23 1.146   280 |         return htobe64(rta_getattr_u64(rta));
#23 1.146       |                ^~~~~~~
#23 1.179     CC       libnetlink.o
#23 1.497     CC       mnl_utils.o
#23 1.511 In file included from mnl_utils.c:12:
#23 1.511 ../include/libnetlink.h: In function 'rta_getattr_be64':
#23 1.511 ../include/libnetlink.h:280:16: warning: implicit declaration of function 'htobe64' [-Wimplicit-function-declaration]
#23 1.511   280 |         return htobe64(rta_getattr_u64(rta));
#23 1.511       |                ^~~~~~~
#23 1.577     AR       libnetlink.a
#23 1.579     CC       utils.o
#23 1.976     CC       utils_math.o
#23 2.015     CC       rt_names.o
#23 2.185     CC       ll_map.o
#23 2.199 In file included from ll_map.c:17:
#23 2.199 ../include/libnetlink.h: In function 'rta_getattr_be64':
#23 2.199 ../include/libnetlink.h:280:16: warning: implicit declaration of function 'htobe64' [-Wimplicit-function-declaration]
#23 2.199   280 |         return htobe64(rta_getattr_u64(rta));
#23 2.199       |                ^~~~~~~
#23 2.285     CC       ll_types.o
#23 2.298 In file included from ll_types.c:20:
#23 2.298 ../include/uapi/linux/sockios.h:42: warning: "SIOCGSTAMP" redefined
#23 2.298    42 | #define SIOCGSTAMP      SIOCGSTAMP_OLD
#23 2.298       | 
#23 2.298 In file included from /usr/include/sys/ioctl.h:10,
#23 2.298                  from ll_types.c:12:
#23 2.298 /usr/include/bits/ioctl.h:111: note: this is the location of the previous definition
#23 2.298   111 | #define SIOCGSTAMP      0x8906
#23 2.298       | 
#23 2.298 ../include/uapi/linux/sockios.h:43: warning: "SIOCGSTAMPNS" redefined
#23 2.298    43 | #define SIOCGSTAMPNS    SIOCGSTAMPNS_OLD
#23 2.298       | 
#23 2.298 /usr/include/bits/ioctl.h:112: note: this is the location of the previous definition
#23 2.298   112 | #define SIOCGSTAMPNS    0x8907
#23 2.298       | 
#23 2.314     CC       ll_proto.o
#23 2.327 In file included from ll_proto.c:21:
#23 2.327 ../include/uapi/linux/sockios.h:42: warning: "SIOCGSTAMP" redefined
#23 2.327    42 | #define SIOCGSTAMP      SIOCGSTAMP_OLD
#23 2.327       | 
#23 2.327 In file included from /usr/include/sys/ioctl.h:10,
#23 2.327                  from ll_proto.c:13:
#23 2.327 /usr/include/bits/ioctl.h:111: note: this is the location of the previous definition
#23 2.327   111 | #define SIOCGSTAMP      0x8906
#23 2.327       | 
#23 2.327 ../include/uapi/linux/sockios.h:43: warning: "SIOCGSTAMPNS" redefined
#23 2.327    43 | #define SIOCGSTAMPNS    SIOCGSTAMPNS_OLD
#23 2.327       | 
#23 2.327 /usr/include/bits/ioctl.h:112: note: this is the location of the previous definition
#23 2.327   112 | #define SIOCGSTAMPNS    0x8907
#23 2.327       | 
#23 2.340     CC       ll_addr.o
#23 2.352 In file included from ll_addr.c:20:
#23 2.352 ../include/uapi/linux/sockios.h:42: warning: "SIOCGSTAMP" redefined
#23 2.352    42 | #define SIOCGSTAMP      SIOCGSTAMP_OLD
#23 2.352       | 
#23 2.352 In file included from /usr/include/sys/ioctl.h:10,
#23 2.352                  from ll_addr.c:12:
#23 2.352 /usr/include/bits/ioctl.h:111: note: this is the location of the previous definition
#23 2.352   111 | #define SIOCGSTAMP      0x8906
#23 2.352       | 
#23 2.352 ../include/uapi/linux/sockios.h:43: warning: "SIOCGSTAMPNS" redefined
#23 2.352    43 | #define SIOCGSTAMPNS    SIOCGSTAMPNS_OLD
#23 2.352       | 
#23 2.352 /usr/include/bits/ioctl.h:112: note: this is the location of the previous definition
#23 2.352   112 | #define SIOCGSTAMPNS    0x8907
#23 2.352       | 
#23 2.379     CC       inet_proto.o
#23 2.416     CC       namespace.o
#23 2.475     CC       json_writer.o
#23 2.550     CC       json_print.o
#23 2.664     CC       json_print_math.o
#23 2.694     CC       names.o
#23 2.736     CC       color.o
#23 2.774     CC       bpf_legacy.o
#23 3.119     CC       bpf_glue.o
#23 3.152     CC       exec.o
#23 3.180     CC       fs.o
#23 3.244     CC       cg_map.o
#23 3.275     CC       ppp_proto.o
#23 3.297     CC       bpf_libbpf.o
#23 3.367     CC       selinux.o
#23 3.385     CC       ax25_ntop.o
#23 3.411     CC       rose_ntop.o
#23 3.423 In file included from rose_ntop.c:16:
#23 3.423 ../include/uapi/linux/sockios.h:42: warning: "SIOCGSTAMP" redefined
#23 3.423    42 | #define SIOCGSTAMP      SIOCGSTAMP_OLD
#23 3.423       | 
#23 3.423 In file included from /usr/include/sys/ioctl.h:10,
#23 3.423                  from rose_ntop.c:7:
#23 3.423 /usr/include/bits/ioctl.h:111: note: this is the location of the previous definition
#23 3.423   111 | #define SIOCGSTAMP      0x8906
#23 3.423       | 
#23 3.423 ../include/uapi/linux/sockios.h:43: warning: "SIOCGSTAMPNS" redefined
#23 3.423    43 | #define SIOCGSTAMPNS    SIOCGSTAMPNS_OLD
#23 3.423       | 
#23 3.423 /usr/include/bits/ioctl.h:112: note: this is the location of the previous definition
#23 3.423   112 | #define SIOCGSTAMPNS    0x8907
#23 3.423       | 
#23 3.438     CC       mpls_ntop.o
#23 3.464     CC       mpls_pton.o
#23 3.490     CC       netrom_ntop.o
#23 3.511     AR       libutil.a
#23 3.515 
#23 3.515 ip
#23 3.517     CC       ip.o
#23 3.592     CC       ipaddress.o
#23 3.605 In file included from ipaddress.c:26:
#23 3.605 ../include/uapi/linux/sockios.h:42: warning: "SIOCGSTAMP" redefined
#23 3.605    42 | #define SIOCGSTAMP      SIOCGSTAMP_OLD
#23 3.605       | 
#23 3.605 In file included from /usr/include/sys/ioctl.h:10,
#23 3.605                  from ipaddress.c:14:
#23 3.605 /usr/include/bits/ioctl.h:111: note: this is the location of the previous definition
#23 3.605   111 | #define SIOCGSTAMP      0x8906
#23 3.605       | 
#23 3.605 ../include/uapi/linux/sockios.h:43: warning: "SIOCGSTAMPNS" redefined
#23 3.605    43 | #define SIOCGSTAMPNS    SIOCGSTAMPNS_OLD
#23 3.605       | 
#23 3.605 /usr/include/bits/ioctl.h:112: note: this is the location of the previous definition
#23 3.605   112 | #define SIOCGSTAMPNS    0x8907
#23 3.605       | 
#23 4.033     CC       ipaddrlabel.o
#23 4.091     CC       iproute.o
#23 4.574     CC       iprule.o
#23 4.771     CC       ipnetns.o
#23 4.952     CC       rtm_map.o
#23 4.985     CC       iptunnel.o
#23 4.997 In file included from ../include/uapi/linux/if_tunnel.h:6,
#23 4.997                  from iptunnel.c:19:
#23 4.997 ../include/uapi/linux/if.h:134: warning: "IFF_VOLATILE" redefined
#23 4.997   134 | #define IFF_VOLATILE    (IFF_LOOPBACK|IFF_POINTOPOINT|IFF_BROADCAST|IFF_ECHO|\
#23 4.997       | 
#23 4.997 In file included from iptunnel.c:16:
#23 4.997 /usr/include/net/if.h:48: note: this is the location of the previous definition
#23 4.997    48 | #define IFF_VOLATILE (IFF_LOOPBACK|IFF_POINTOPOINT|IFF_BROADCAST| \
#23 4.997       | 
#23 5.125     CC       ip6tunnel.o
#23 5.231     CC       tunnel.o
#23 5.327     CC       ipneigh.o
#23 5.473     CC       ipntable.o
#23 5.577     CC       iplink.o
#23 5.856     CC       ipmaddr.o
#23 5.868 In file included from ipmaddr.c:21:
#23 5.868 ../include/uapi/linux/sockios.h:42: warning: "SIOCGSTAMP" redefined
#23 5.868    42 | #define SIOCGSTAMP      SIOCGSTAMP_OLD
#23 5.868       | 
#23 5.868 In file included from /usr/include/sys/ioctl.h:10,
#23 5.868                  from ipmaddr.c:12:
#23 5.868 /usr/include/bits/ioctl.h:111: note: this is the location of the previous definition
#23 5.868   111 | #define SIOCGSTAMP      0x8906
#23 5.868       | 
#23 5.868 ../include/uapi/linux/sockios.h:43: warning: "SIOCGSTAMPNS" redefined
#23 5.868    43 | #define SIOCGSTAMPNS    SIOCGSTAMPNS_OLD
#23 5.868       | 
#23 5.868 /usr/include/bits/ioctl.h:112: note: this is the location of the previous definition
#23 5.868   112 | #define SIOCGSTAMPNS    0x8907
#23 5.868       | 
#23 5.943     CC       ipmonitor.o
#23 6.015     CC       ipmroute.o
#23 6.028 In file included from ipmroute.c:22:
#23 6.028 ../include/uapi/linux/sockios.h:42: warning: "SIOCGSTAMP" redefined
#23 6.028    42 | #define SIOCGSTAMP      SIOCGSTAMP_OLD
#23 6.028       | 
#23 6.028 In file included from /usr/include/sys/ioctl.h:10,
#23 6.028                  from ipmroute.c:13:
#23 6.028 /usr/include/bits/ioctl.h:111: note: this is the location of the previous definition
#23 6.028   111 | #define SIOCGSTAMP      0x8906
#23 6.028       | 
#23 6.028 ../include/uapi/linux/sockios.h:43: warning: "SIOCGSTAMPNS" redefined
#23 6.028    43 | #define SIOCGSTAMPNS    SIOCGSTAMPNS_OLD
#23 6.028       | 
#23 6.028 /usr/include/bits/ioctl.h:112: note: this is the location of the previous definition
#23 6.028   112 | #define SIOCGSTAMPNS    0x8907
#23 6.028       | 
#23 6.089     CC       ipprefix.o
#23 6.118     CC       iptuntap.o
#23 6.226     CC       iptoken.o
#23 6.279     CC       ipxfrm.o
#23 6.572     CC       xfrm_state.o
#23 6.821     CC       xfrm_policy.o
#23 7.049     CC       xfrm_monitor.o
#23 7.132     CC       iplink_dummy.o
#23 7.158     CC       iplink_ifb.o
#23 7.180     CC       iplink_nlmon.o
#23 7.210     CC       iplink_team.o
#23 7.239     CC       iplink_vcan.o
#23 7.262     CC       iplink_vxcan.o
#23 7.291     CC       iplink_vlan.o
#23 7.361     CC       link_veth.o
#23 7.396     CC       link_gre.o
#23 7.407 In file included from ../include/uapi/linux/if_tunnel.h:6,
#23 7.407                  from link_gre.c:15:
#23 7.407 ../include/uapi/linux/if.h:134: warning: "IFF_VOLATILE" redefined
#23 7.407   134 | #define IFF_VOLATILE    (IFF_LOOPBACK|IFF_POINTOPOINT|IFF_BROADCAST|IFF_ECHO|\
#23 7.407       | 
#23 7.407 In file included from link_gre.c:9:
#23 7.407 /usr/include/net/if.h:48: note: this is the location of the previous definition
#23 7.407    48 | #define IFF_VOLATILE (IFF_LOOPBACK|IFF_POINTOPOINT|IFF_BROADCAST| \
#23 7.407       | 
#23 7.514     CC       iplink_can.o
#23 7.662     CC       iplink_xdp.o
#23 7.721     CC       iplink_macvlan.o
#23 7.790     CC       ipl2tp.o
#23 7.943     CC       link_vti.o
#23 7.954 In file included from ../include/uapi/linux/if_tunnel.h:6,
#23 7.954                  from link_vti.c:16:
#23 7.954 ../include/uapi/linux/if.h:134: warning: "IFF_VOLATILE" redefined
#23 7.954   134 | #define IFF_VOLATILE    (IFF_LOOPBACK|IFF_POINTOPOINT|IFF_BROADCAST|IFF_ECHO|\
#23 7.954       | 
#23 7.954 In file included from link_vti.c:10:
#23 7.954 /usr/include/net/if.h:48: note: this is the location of the previous definition
#23 7.954    48 | #define IFF_VOLATILE (IFF_LOOPBACK|IFF_POINTOPOINT|IFF_BROADCAST| \
#23 7.954       | 
#23 8.000     CC       link_vti6.o
#23 8.010 In file included from ../include/uapi/linux/if_tunnel.h:6,
#23 8.010                  from link_vti6.c:17:
#23 8.010 ../include/uapi/linux/if.h:134: warning: "IFF_VOLATILE" redefined
#23 8.010   134 | #define IFF_VOLATILE    (IFF_LOOPBACK|IFF_POINTOPOINT|IFF_BROADCAST|IFF_ECHO|\
#23 8.010       | 
#23 8.010 In file included from link_vti6.c:11:
#23 8.010 /usr/include/net/if.h:48: note: this is the location of the previous definition
#23 8.010    48 | #define IFF_VOLATILE (IFF_LOOPBACK|IFF_POINTOPOINT|IFF_BROADCAST| \
#23 8.010       | 
#23 8.056     CC       link_xfrm.o
#23 8.097     CC       iplink_vxlan.o
#23 8.252     CC       tcp_metrics.o
#23 8.356     CC       iplink_ipoib.o
#23 8.399     CC       ipnetconf.o
#23 8.462     CC       link_ip6tnl.o
#23 8.472 In file included from ../include/uapi/linux/if_tunnel.h:6,
#23 8.472                  from link_ip6tnl.c:15:
#23 8.472 ../include/uapi/linux/if.h:134: warning: "IFF_VOLATILE" redefined
#23 8.472   134 | #define IFF_VOLATILE    (IFF_LOOPBACK|IFF_POINTOPOINT|IFF_BROADCAST|IFF_ECHO|\
#23 8.472       | 
#23 8.472 In file included from link_ip6tnl.c:9:
#23 8.472 /usr/include/net/if.h:48: note: this is the location of the previous definition
#23 8.472    48 | #define IFF_VOLATILE (IFF_LOOPBACK|IFF_POINTOPOINT|IFF_BROADCAST| \
#23 8.472       | 
#23 8.557     CC       link_iptnl.o
#23 8.567 In file included from ../include/uapi/linux/if_tunnel.h:6,
#23 8.567                  from link_iptnl.c:16:
#23 8.567 ../include/uapi/linux/if.h:134: warning: "IFF_VOLATILE" redefined
#23 8.567   134 | #define IFF_VOLATILE    (IFF_LOOPBACK|IFF_POINTOPOINT|IFF_BROADCAST|IFF_ECHO|\
#23 8.567       | 
#23 8.567 In file included from link_iptnl.c:9:
#23 8.567 /usr/include/net/if.h:48: note: this is the location of the previous definition
#23 8.567    48 | #define IFF_VOLATILE (IFF_LOOPBACK|IFF_POINTOPOINT|IFF_BROADCAST| \
#23 8.567       | 
#23 8.655     CC       link_gre6.o
#23 8.665 In file included from ../include/uapi/linux/if_tunnel.h:6,
#23 8.665                  from link_gre6.c:15:
#23 8.665 ../include/uapi/linux/if.h:134: warning: "IFF_VOLATILE" redefined
#23 8.665   134 | #define IFF_VOLATILE    (IFF_LOOPBACK|IFF_POINTOPOINT|IFF_BROADCAST|IFF_ECHO|\
#23 8.665       | 
#23 8.665 In file included from link_gre6.c:9:
#23 8.665 /usr/include/net/if.h:48: note: this is the location of the previous definition
#23 8.665    48 | #define IFF_VOLATILE (IFF_LOOPBACK|IFF_POINTOPOINT|IFF_BROADCAST| \
#23 8.665       | 
#23 8.788     CC       iplink_bond.o
#23 8.968     CC       iplink_bond_slave.o
#23 9.019     CC       iplink_hsr.o
#23 9.070     CC       iplink_bridge.o
#23 9.224     CC       iplink_bridge_slave.o
#23 9.320     CC       iplink_dsa.o
#23 9.352     CC       ipfou.o
#23 9.366 In file included from ../include/libgenl.h:5,
#23 9.366                  from ipfou.c:18:
#23 9.366 ../include/libnetlink.h: In function 'rta_getattr_be64':
#23 9.366 ../include/libnetlink.h:280:16: warning: implicit declaration of function 'htobe64' [-Wimplicit-function-declaration]
#23 9.366   280 |         return htobe64(rta_getattr_u64(rta));
#23 9.366       |                ^~~~~~~
#23 9.436     CC       iplink_ipvlan.o
#23 9.476     CC       iplink_geneve.o
#23 9.565     CC       iplink_vrf.o
#23 9.614     CC       iproute_lwtunnel.o
#23 10.01     CC       ipmacsec.o
#23 10.25     CC       ipila.o
#23 10.26 In file included from ../include/libgenl.h:5,
#23 10.26                  from ipila.c:18:
#23 10.26 ../include/libnetlink.h: In function 'rta_getattr_be64':
#23 10.26 ../include/libnetlink.h:280:16: warning: implicit declaration of function 'htobe64' [-Wimplicit-function-declaration]
#23 10.26   280 |         return htobe64(rta_getattr_u64(rta));
#23 10.26       |                ^~~~~~~
#23 10.33     CC       ipvrf.o
#23 10.45     CC       iplink_xstats.o
#23 10.48     CC       ipseg6.o
#23 10.53     CC       iplink_netdevsim.o
#23 10.55     CC       iplink_rmnet.o
#23 10.59     CC       ipnexthop.o
#23 10.83     CC       ipmptcp.o
#23 10.95     CC       iplink_bareudp.o
#23 10.97 In file included from iplink_bareudp.c:9:
#23 10.97 ../include/libnetlink.h: In function 'rta_getattr_be64':
#23 10.97 ../include/libnetlink.h:280:16: warning: implicit declaration of function 'htobe64' [-Wimplicit-function-declaration]
#23 10.97   280 |         return htobe64(rta_getattr_u64(rta));
#23 10.97       |                ^~~~~~~
#23 11.01     CC       iplink_wwan.o
#23 11.04     CC       ipioam6.o
#23 11.13     CC       iplink_amt.o
#23 11.18     CC       iplink_batadv.o
#23 11.21     CC       iplink_gtp.o
#23 11.25     CC       iplink_virt_wifi.o
#23 11.27     CC       iplink_netkit.o
#23 11.32     CC       ipstats.o
#23 11.55     LINK     ip
#23 11.58     CC       rtmon.o
#23 11.63     LINK     rtmon
#23 11.65 
#23 11.65 tc
#23 11.65     CC       tc.o
#23 11.73     CC       tc_qdisc.o
#23 11.84     CC       tc_class.o
#23 11.95     CC       tc_filter.o
#23 12.11     CC       tc_util.o
#23 12.30     CC       tc_monitor.o
#23 12.34     CC       tc_exec.o
#23 12.37     CC       m_police.o
#23 12.45     CC       m_estimator.o
#23 12.48     CC       m_action.o
#23 12.63     CC       m_ematch.o
#23 12.75     YACC     emp_ematch.tab.c
#23 12.81     CC       emp_ematch.tab.o
#23 12.91     LEX      emp_ematch.lex.c
#23 12.92     CC       emp_ematch.lex.o
#23 13.08     CC       q_fifo.o
#23 13.12     CC       q_sfq.o
#23 13.19     CC       q_red.o
#23 13.26     CC       q_prio.o
#23 13.30     CC       q_skbprio.o
#23 13.34     CC       q_tbf.o
#23 13.43     CC       q_multiq.o
#23 13.47     CC       q_netem.o
#23 13.67     CC       q_choke.o
#23 13.73     CC       q_sfb.o
#23 13.79     CC       f_u32.o
#23 14.06     CC       f_route.o
#23 14.12     CC       f_fw.o
#23 14.17     CC       f_basic.o
#23 14.21     CC       f_bpf.o
#23 14.28     CC       f_flow.o
#23 14.37     CC       f_cgroup.o
#23 14.41     CC       f_flower.o
#23 14.42 In file included from ../include/uapi/linux/netdevice.h:29,
#23 14.42                  from ../include/uapi/linux/if_arp.h:27,
#23 14.42                  from f_flower.c:14:
#23 14.42 ../include/uapi/linux/if.h:134: warning: "IFF_VOLATILE" redefined
#23 14.42   134 | #define IFF_VOLATILE    (IFF_LOOPBACK|IFF_POINTOPOINT|IFF_BROADCAST|IFF_ECHO|\
#23 14.42       | 
#23 14.42 In file included from f_flower.c:12:
#23 14.42 /usr/include/net/if.h:48: note: this is the location of the previous definition
#23 14.42    48 | #define IFF_VOLATILE (IFF_LOOPBACK|IFF_POINTOPOINT|IFF_BROADCAST| \
#23 14.42       | 
#23 14.92     CC       q_gred.o
#23 15.03     CC       q_ingress.o
#23 15.06     CC       q_hfsc.o
#23 15.15     CC       q_htb.o
#23 15.24     CC       q_drr.o
#23 15.28     CC       q_qfq.o
#23 15.32     CC       m_gact.o
#23 15.37     CC       m_mirred.o
#23 15.45     CC       m_mpls.o
#23 15.52     CC       m_nat.o
#23 15.57     CC       m_pedit.o
#23 15.70     CC       m_ife.o
#23 15.78     CC       m_skbedit.o
#23 15.84     CC       m_skbmod.o
#23 15.90     CC       m_csum.o
#23 15.97     CC       m_simple.o
#23 16.01     CC       m_vlan.o
#23 16.08     CC       m_connmark.o
#23 16.12     CC       m_ctinfo.o
#23 16.17     CC       m_bpf.o
#23 16.23     CC       m_tunnel_key.o
#23 16.36     CC       m_sample.o
#23 16.42     CC       m_ct.o
#23 16.52     CC       m_gate.o
#23 16.63     CC       p_ip.o
#23 16.68     CC       p_ip6.o
#23 16.72     CC       p_icmp.o
#23 16.74     CC       p_eth.o
#23 16.77     CC       p_tcp.o
#23 16.80     CC       p_udp.o
#23 16.83     CC       em_nbyte.o
#23 16.88     CC       em_cmp.o
#23 16.94     CC       em_u32.o
#23 16.99     CC       em_canid.o
#23 17.04     CC       em_meta.o
#23 17.15     CC       q_mqprio.o
#23 17.25     CC       q_codel.o
#23 17.31     CC       q_fq_codel.o
#23 17.39     CC       q_fq.o
#23 17.50     CC       q_pie.o
#23 17.58     CC       q_fq_pie.o
#23 17.66     CC       q_cake.o
#23 17.87     CC       q_hhf.o
#23 17.93     CC       q_clsact.o
#23 17.95     CC       e_bpf.o
#23 18.02     CC       f_matchall.o
#23 18.06     CC       q_cbs.o
#23 18.11     CC       q_etf.o
#23 18.16     CC       q_taprio.o
#23 18.29     CC       q_plug.o
#23 18.32     CC       q_ets.o
#23 18.40     CC       em_ipt.o
#23 18.42 In file included from tc_util.h:7,
#23 18.42                  from m_ematch.h:11,
#23 18.42                  from em_ipt.c:13:
#23 18.42 ../include/uapi/linux/if.h:134: warning: "IFF_VOLATILE" redefined
#23 18.42   134 | #define IFF_VOLATILE    (IFF_LOOPBACK|IFF_POINTOPOINT|IFF_BROADCAST|IFF_ECHO|\
#23 18.42       | 
#23 18.42 In file included from ../include/xtables.h:17,
#23 18.42                  from em_ipt.c:12:
#23 18.42 /usr/include/net/if.h:48: note: this is the location of the previous definition
#23 18.42    48 | #define IFF_VOLATILE (IFF_LOOPBACK|IFF_POINTOPOINT|IFF_BROADCAST| \
#23 18.42       | 
#23 18.45     CC       em_ipset.o
#23 18.47 In file included from tc_util.h:7,
#23 18.47                  from m_ematch.h:11,
#23 18.47                  from em_ipset.c:39:
#23 18.47 ../include/uapi/linux/if.h:134: warning: "IFF_VOLATILE" redefined
#23 18.47   134 | #define IFF_VOLATILE    (IFF_LOOPBACK|IFF_POINTOPOINT|IFF_BROADCAST|IFF_ECHO|\
#23 18.47       | 
#23 18.47 In file included from ../include/xtables.h:17,
#23 18.47                  from em_ipset.c:23:
#23 18.47 /usr/include/net/if.h:48: note: this is the location of the previous definition
#23 18.47    48 | #define IFF_VOLATILE (IFF_LOOPBACK|IFF_POINTOPOINT|IFF_BROADCAST| \
#23 18.47       | 
#23 18.51     CC       tc_core.o
#23 18.58     CC       tc_red.o
#23 18.63     CC       tc_estimator.o
#23 18.66     CC       tc_stab.o
#23 18.72     CC       tc_qevent.o
#23 18.73 In file included from tc_qevent.h:7,
#23 18.73                  from tc_qevent.c:10:
#23 18.73 ../include/libnetlink.h: In function 'rta_getattr_be64':
#23 18.73 ../include/libnetlink.h:280:16: warning: implicit declaration of function 'htobe64' [-Wimplicit-function-declaration]
#23 18.73   280 |         return htobe64(rta_getattr_u64(rta));
#23 18.73       |                ^~~~~~~
#23 18.78     AR       libtc.a
#23 18.79     LINK     tc
#23 18.82 rm emp_ematch.lex.c
#23 18.82 
#23 18.82 bridge
#23 18.82     CC       bridge.o
#23 18.87     CC       fdb.o
#23 18.89 In file included from fdb.c:28:
#23 18.89 ../include/libnetlink.h: In function 'rta_getattr_be64':
#23 18.89 ../include/libnetlink.h:280:16: warning: implicit declaration of function 'htobe64' [-Wimplicit-function-declaration]
#23 18.89   280 |         return htobe64(rta_getattr_u64(rta));
#23 18.89       |                ^~~~~~~
#23 19.07     CC       monitor.o
#23 19.12     CC       link.o
#23 19.14 In file included from link.c:16:
#23 19.14 ../include/libnetlink.h: In function 'rta_getattr_be64':
#23 19.14 ../include/libnetlink.h:280:16: warning: implicit declaration of function 'htobe64' [-Wimplicit-function-declaration]
#23 19.14   280 |         return htobe64(rta_getattr_u64(rta));
#23 19.14       |                ^~~~~~~
#23 19.28     CC       mdb.o
#23 19.29 In file included from mdb.c:20:
#23 19.29 ../include/libnetlink.h: In function 'rta_getattr_be64':
#23 19.29 ../include/libnetlink.h:280:16: warning: implicit declaration of function 'htobe64' [-Wimplicit-function-declaration]
#23 19.29   280 |         return htobe64(rta_getattr_u64(rta));
#23 19.29       |                ^~~~~~~
#23 19.47     CC       vlan.o
#23 19.48 In file included from vlan.c:14:
#23 19.48 ../include/json_print.h:80:30: warning: 'struct timeval' declared inside parameter list will not be visible outside of this definition or declaration
#23 19.48    80 | _PRINT_FUNC(tv, const struct timeval *)
#23 19.48       |                              ^~~~~~~
#23 19.48 ../include/json_print.h:50:37: note: in definition of macro '_PRINT_FUNC'
#23 19.48    50 |                                     type value);                        \
#23 19.48       |                                     ^~~~
#23 19.48 ../include/json_print.h:80:30: warning: 'struct timeval' declared inside parameter list will not be visible outside of this definition or declaration
#23 19.48    80 | _PRINT_FUNC(tv, const struct timeval *)
#23 19.48       |                              ^~~~~~~
#23 19.48 ../include/json_print.h:55:45: note: in definition of macro '_PRINT_FUNC'
#23 19.48    55 |                                             type value)                 \
#23 19.48       |                                             ^~~~
#23 19.48 ../include/json_print.h: In function 'print_tv':
#23 19.48 ../include/json_print.h:58:48: warning: passing argument 5 of 'print_color_tv' from incompatible pointer type [-Wincompatible-pointer-types]
#23 19.48    58 |                                                value);                  \
#23 19.48       |                                                ^~~~~
#23 19.48       |                                                |
#23 19.48       |                                                const struct timeval *
#23 19.48 ../include/json_print.h:80:1: note: in expansion of macro '_PRINT_FUNC'
#23 19.48    80 | _PRINT_FUNC(tv, const struct timeval *)
#23 19.48       | ^~~~~~~~~~~
#23 19.48 ../include/json_print.h:50:42: note: expected 'const struct timeval *' but argument is of type 'const struct timeval *'
#23 19.48    50 |                                     type value);                        \
#23 19.48       |                                          ^
#23 19.48 ../include/json_print.h:80:1: note: in expansion of macro '_PRINT_FUNC'
#23 19.48    80 | _PRINT_FUNC(tv, const struct timeval *)
#23 19.48       | ^~~~~~~~~~~
#23 19.49 In file included from vlan.c:15:
#23 19.49 ../include/libnetlink.h: In function 'rta_getattr_be64':
#23 19.49 ../include/libnetlink.h:280:16: warning: implicit declaration of function 'htobe64' [-Wimplicit-function-declaration]
#23 19.49   280 |         return htobe64(rta_getattr_u64(rta));
#23 19.49       |                ^~~~~~~
#23 19.71     CC       vni.o
#23 19.72 In file included from vni.c:19:
#23 19.72 ../include/json_print.h:80:30: warning: 'struct timeval' declared inside parameter list will not be visible outside of this definition or declaration
#23 19.72    80 | _PRINT_FUNC(tv, const struct timeval *)
#23 19.72       |                              ^~~~~~~
#23 19.72 ../include/json_print.h:50:37: note: in definition of macro '_PRINT_FUNC'
#23 19.72    50 |                                     type value);                        \
#23 19.72       |                                     ^~~~
#23 19.72 ../include/json_print.h:80:30: warning: 'struct timeval' declared inside parameter list will not be visible outside of this definition or declaration
#23 19.72    80 | _PRINT_FUNC(tv, const struct timeval *)
#23 19.72       |                              ^~~~~~~
#23 19.72 ../include/json_print.h:55:45: note: in definition of macro '_PRINT_FUNC'
#23 19.72    55 |                                             type value)                 \
#23 19.72       |                                             ^~~~
#23 19.72 ../include/json_print.h: In function 'print_tv':
#23 19.72 ../include/json_print.h:58:48: warning: passing argument 5 of 'print_color_tv' from incompatible pointer type [-Wincompatible-pointer-types]
#23 19.72    58 |                                                value);                  \
#23 19.72       |                                                ^~~~~
#23 19.72       |                                                |
#23 19.72       |                                                const struct timeval *
#23 19.72 ../include/json_print.h:80:1: note: in expansion of macro '_PRINT_FUNC'
#23 19.72    80 | _PRINT_FUNC(tv, const struct timeval *)
#23 19.72       | ^~~~~~~~~~~
#23 19.72 ../include/json_print.h:50:42: note: expected 'const struct timeval *' but argument is of type 'const struct timeval *'
#23 19.72    50 |                                     type value);                        \
#23 19.72       |                                          ^
#23 19.72 ../include/json_print.h:80:1: note: in expansion of macro '_PRINT_FUNC'
#23 19.72    80 | _PRINT_FUNC(tv, const struct timeval *)
#23 19.72       | ^~~~~~~~~~~
#23 19.72 In file included from vni.c:20:
#23 19.72 ../include/libnetlink.h: In function 'rta_getattr_be64':
#23 19.72 ../include/libnetlink.h:280:16: warning: implicit declaration of function 'htobe64' [-Wimplicit-function-declaration]
#23 19.72   280 |         return htobe64(rta_getattr_u64(rta));
#23 19.72       |                ^~~~~~~
#23 19.79     LINK     bridge
#23 19.80 
#23 19.80 misc
#23 19.81     CC       ss.o
#23 19.83 In file included from ../include/uapi/linux/tipc.h:42,
#23 19.83                  from ss.c:49:
#23 19.83 ../include/uapi/linux/sockios.h:42: warning: "SIOCGSTAMP" redefined
#23 19.83    42 | #define SIOCGSTAMP      SIOCGSTAMP_OLD
#23 19.83       | 
#23 19.83 In file included from /usr/include/sys/ioctl.h:10,
#23 19.83                  from ss.c:12:
#23 19.83 /usr/include/bits/ioctl.h:111: note: this is the location of the previous definition
#23 19.83   111 | #define SIOCGSTAMP      0x8906
#23 19.83       | 
#23 19.83 ../include/uapi/linux/sockios.h:43: warning: "SIOCGSTAMPNS" redefined
#23 19.83    43 | #define SIOCGSTAMPNS    SIOCGSTAMPNS_OLD
#23 19.83       | 
#23 19.83 /usr/include/bits/ioctl.h:112: note: this is the location of the previous definition
#23 19.83   112 | #define SIOCGSTAMPNS    0x8907
#23 19.83       | 
#23 20.70     CC       ssfilter_check.o
#23 20.71 In file included from ssfilter_check.c:6:
#23 20.71 ../include/libnetlink.h: In function 'rta_getattr_be64':
#23 20.71 ../include/libnetlink.h:280:16: warning: implicit declaration of function 'htobe64' [-Wimplicit-function-declaration]
#23 20.71   280 |         return htobe64(rta_getattr_u64(rta));
#23 20.71       |                ^~~~~~~
#23 20.73     YACC     ssfilter.tab.c
#23 20.80     CC       ssfilter.tab.o
#23 20.91     LINK     ss
#23 20.92     CC       nstat
#23 20.93 In file included from nstat.c:20:
#23 20.93 /usr/include/sys/poll.h:1:2: warning: #warning redirecting incorrect #include <sys/poll.h> to <poll.h> [-Wcpp]
#23 20.93     1 | #warning redirecting incorrect #include <sys/poll.h> to <poll.h>
#23 20.93       |  ^~~~~~~
#23 21.07     CC       ifstat
#23 21.08 In file included from ifstat.c:20:
#23 21.08 /usr/include/sys/poll.h:1:2: warning: #warning redirecting incorrect #include <sys/poll.h> to <poll.h> [-Wcpp]
#23 21.08     1 | #warning redirecting incorrect #include <sys/poll.h> to <poll.h>
#23 21.08       |  ^~~~~~~
#23 21.08 In file included from ifstat.c:30:
#23 21.08 ../include/libnetlink.h: In function 'rta_getattr_be64':
#23 21.08 ../include/libnetlink.h:280:16: warning: implicit declaration of function 'htobe64' [-Wimplicit-function-declaration]
#23 21.08   280 |         return htobe64(rta_getattr_u64(rta));
#23 21.08       |                ^~~~~~~
#23 21.25     CC       rtacct
#23 21.26 In file included from rtacct.c:19:
#23 21.26 /usr/include/sys/poll.h:1:2: warning: #warning redirecting incorrect #include <sys/poll.h> to <poll.h> [-Wcpp]
#23 21.26     1 | #warning redirecting incorrect #include <sys/poll.h> to <poll.h>
#23 21.26       |  ^~~~~~~
#23 21.38     CC       lnstat.o
#23 21.45     CC       lnstat_util.o
#23 21.52     LINK     lnstat
#23 21.53 
#23 21.53 netem
#23 21.54 gcc  -I../include -o maketable maketable.c -lm
#23 21.57 gcc  -I../include -o normal normal.c -lm
#23 21.60 gcc  -I../include -o pareto pareto.c -lm
#23 21.62 gcc  -I../include -o paretonormal paretonormal.c -lm
#23 21.65 ./normal > normal.dist
#23 21.66 ./pareto > pareto.dist
#23 21.66 ./paretonormal > paretonormal.dist
#23 21.67 ./maketable experimental.dat > experimental.dist
#23 21.68 
#23 21.68 genl
#23 21.68     CC       genl.o
#23 21.73     CC       ctrl.o
#23 21.80     LINK     genl
#23 21.81 
#23 21.81 man
#23 21.81 make[2]: Nothing to be done for 'all'.
#23 21.81 make[2]: Nothing to be done for 'all'.
#23 21.81 sed \
#23 21.81 	-e "s|@NETNS_ETC_DIR@|/etc/netns|g" \
#23 21.81 	-e "s|@NETNS_RUN_DIR@|/var/run/netns|g" \
#23 21.81 	-e "s|@SYSCONF_ETC_DIR@|/etc/iproute2|g" \
#23 21.81 	-e "s|@SYSCONF_USR_DIR@|/usr/share/iproute2|g" \
#23 21.81 	ip-address.8.in > ip-address.8
#23 21.82 sed \
#23 21.82 	-e "s|@NETNS_ETC_DIR@|/etc/netns|g" \
#23 21.82 	-e "s|@NETNS_RUN_DIR@|/var/run/netns|g" \
#23 21.82 	-e "s|@SYSCONF_ETC_DIR@|/etc/iproute2|g" \
#23 21.82 	-e "s|@SYSCONF_USR_DIR@|/usr/share/iproute2|g" \
#23 21.82 	ip-link.8.in > ip-link.8
#23 21.82 sed \
#23 21.82 	-e "s|@NETNS_ETC_DIR@|/etc/netns|g" \
#23 21.82 	-e "s|@NETNS_RUN_DIR@|/var/run/netns|g" \
#23 21.82 	-e "s|@SYSCONF_ETC_DIR@|/etc/iproute2|g" \
#23 21.82 	-e "s|@SYSCONF_USR_DIR@|/usr/share/iproute2|g" \
#23 21.82 	ip-netns.8.in > ip-netns.8
#23 21.82 sed \
#23 21.82 	-e "s|@NETNS_ETC_DIR@|/etc/netns|g" \
#23 21.82 	-e "s|@NETNS_RUN_DIR@|/var/run/netns|g" \
#23 21.82 	-e "s|@SYSCONF_ETC_DIR@|/etc/iproute2|g" \
#23 21.82 	-e "s|@SYSCONF_USR_DIR@|/usr/share/iproute2|g" \
#23 21.82 	ip-route.8.in > ip-route.8
#23 21.83 
#23 21.83 tipc
#23 21.83     CC       bearer.o
#23 22.04     CC       cmdl.o
#23 22.07     CC       link.o
#23 22.28     CC       media.o
#23 22.33     CC       misc.o
#23 22.39     CC       msg.o
#23 22.41     CC       nametable.o
#23 22.45     CC       node.o
#23 22.54     CC       socket.o
#23 22.58     CC       peer.o
#23 22.62     CC       tipc.o
#23 22.65     LINK     tipc
#23 22.67 
#23 22.67 devlink
#23 22.67     CC       devlink.o
#23 24.44     CC       mnlg.o
#23 24.45 In file included from mnlg.c:16:
#23 24.45 ../include/libnetlink.h: In function 'rta_getattr_be64':
#23 24.45 ../include/libnetlink.h:280:16: warning: implicit declaration of function 'htobe64' [-Wimplicit-function-declaration]
#23 24.45   280 |         return htobe64(rta_getattr_u64(rta));
#23 24.45       |                ^~~~~~~
#23 24.48     LINK     devlink
#23 24.49 
#23 24.49 rdma
#23 24.50     CC       rdma.o
#23 24.52 rdma.c: In function 'main':
#23 24.52 rdma.c:110:20: warning: implicit declaration of function 'basename'; did you mean 'rename'? [-Wimplicit-function-declaration]
#23 24.52   110 |         filename = basename(argv[0]);
#23 24.52       |                    ^~~~~~~~
#23 24.52       |                    rename
#23 24.52 rdma.c:110:18: warning: assignment to 'char *' from 'int' makes pointer from integer without a cast [-Wint-conversion]
#23 24.52   110 |         filename = basename(argv[0]);
#23 24.52       |                  ^
#23 24.55     CC       utils.o
#23 24.76     CC       dev.o
#23 24.84     CC       link.o
#23 24.91     CC       res.o
#23 25.03     CC       res-pd.o
#23 25.09     CC       res-mr.o
#23 25.14     CC       res-cq.o
#23 25.19     CC       res-cmid.o
#23 25.25     CC       res-qp.o
#23 25.30     CC       sys.o
#23 25.35     CC       stat.o
#23 25.57     CC       stat-mr.o
#23 25.61     CC       res-ctx.o
#23 25.65     CC       res-srq.o
#23 25.72     LINK     rdma
#23 25.74 
#23 25.74 dcb
#23 25.74     CC       dcb.o
#23 25.75 In file included from ../include/namespace.h:10,
#23 25.75                  from dcb.c:11:
#23 25.75 ../include/libnetlink.h: In function 'rta_getattr_be64':
#23 25.75 ../include/libnetlink.h:280:16: warning: implicit declaration of function 'htobe64' [-Wimplicit-function-declaration]
#23 25.75   280 |         return htobe64(rta_getattr_u64(rta));
#23 25.75       |                ^~~~~~~
#23 25.85     CC       dcb_app.o
#23 26.04     CC       dcb_buffer.o
#23 26.10     CC       dcb_dcbx.o
#23 26.15     CC       dcb_ets.o
#23 26.23     CC       dcb_maxrate.o
#23 26.28     CC       dcb_pfc.o
#23 26.35     CC       dcb_apptrust.o
#23 26.41     CC       dcb_rewr.o
#23 26.49     LINK     dcb
#23 26.51 
#23 26.51 vdpa
#23 26.51     CC       vdpa.o
#23 26.52 In file included from vdpa.c:19:
#23 26.52 ../include/json_print.h:80:30: warning: 'struct timeval' declared inside parameter list will not be visible outside of this definition or declaration
#23 26.52    80 | _PRINT_FUNC(tv, const struct timeval *)
#23 26.52       |                              ^~~~~~~
#23 26.52 ../include/json_print.h:50:37: note: in definition of macro '_PRINT_FUNC'
#23 26.52    50 |                                     type value);                        \
#23 26.52       |                                     ^~~~
#23 26.52 ../include/json_print.h:80:30: warning: 'struct timeval' declared inside parameter list will not be visible outside of this definition or declaration
#23 26.52    80 | _PRINT_FUNC(tv, const struct timeval *)
#23 26.52       |                              ^~~~~~~
#23 26.52 ../include/json_print.h:55:45: note: in definition of macro '_PRINT_FUNC'
#23 26.52    55 |                                             type value)                 \
#23 26.52       |                                             ^~~~
#23 26.52 ../include/json_print.h: In function 'print_tv':
#23 26.52 ../include/json_print.h:58:48: warning: passing argument 5 of 'print_color_tv' from incompatible pointer type [-Wincompatible-pointer-types]
#23 26.52    58 |                                                value);                  \
#23 26.52       |                                                ^~~~~
#23 26.52       |                                                |
#23 26.52       |                                                const struct timeval *
#23 26.52 ../include/json_print.h:80:1: note: in expansion of macro '_PRINT_FUNC'
#23 26.52    80 | _PRINT_FUNC(tv, const struct timeval *)
#23 26.52       | ^~~~~~~~~~~
#23 26.52 ../include/json_print.h:50:42: note: expected 'const struct timeval *' but argument is of type 'const struct timeval *'
#23 26.52    50 |                                     type value);                        \
#23 26.52       |                                          ^
#23 26.52 ../include/json_print.h:80:1: note: in expansion of macro '_PRINT_FUNC'
#23 26.52    80 | _PRINT_FUNC(tv, const struct timeval *)
#23 26.52       | ^~~~~~~~~~~
#23 26.67     LINK     vdpa
#23 DONE 26.7s

#24 [20/22] RUN git clone --no-single-branch --depth=1 https://github.com/linux-netdev/testing.git /nipa-data/kernel
#24 0.386 Cloning into '/nipa-data/kernel'...
#24 19.39 Updating files:  16% (13893/83283)Updating files:  17% (14159/83283)Updating files:  18% (14991/83283)Updating files:  19% (15824/83283)Updating files:  20% (16657/83283)Updating files:  21% (17490/83283)Updating files:  22% (18323/83283)Updating files:  23% (19156/83283)Updating files:  24% (19988/83283)Updating files:  25% (20821/83283)Updating files:  26% (21654/83283)Updating files:  27% (22487/83283)Updating files:  28% (23320/83283)Updating files:  29% (24153/83283)Updating files:  30% (24985/83283)Updating files:  31% (25818/83283)Updating files:  32% (26651/83283)Updating files:  33% (27484/83283)Updating files:  33% (27989/83283)Updating files:  34% (28317/83283)Updating files:  35% (29150/83283)Updating files:  36% (29982/83283)Updating files:  37% (30815/83283)Updating files:  38% (31648/83283)Updating files:  39% (32481/83283)Updating files:  40% (33314/83283)Updating files:  40% (33561/83283)Updating files:  41% (34147/83283)Updating files:  42% (34979/83283)Updating files:  43% (35812/83283)Updating files:  44% (36645/83283)Updating files:  45% (37478/83283)Updating files:  46% (38311/83283)Updating files:  47% (39144/83283)Updating files:  48% (39976/83283)Updating files:  49% (40809/83283)Updating files:  49% (41254/83283)Updating files:  50% (41642/83283)Updating files:  51% (42475/83283)Updating files:  52% (43308/83283)Updating files:  53% (44140/83283)Updating files:  54% (44973/83283)Updating files:  55% (45806/83283)Updating files:  56% (46639/83283)Updating files:  57% (47472/83283)Updating files:  58% (48305/83283)Updating files:  59% (49137/83283)Updating files:  60% (49970/83283)Updating files:  61% (50803/83283)Updating files:  62% (51636/83283)Updating files:  62% (51666/83283)Updating files:  63% (52469/83283)Updating files:  64% (53302/83283)Updating files:  65% (54134/83283)Updating files:  66% (54967/83283)Updating files:  67% (55800/83283)Updating files:  68% (56633/83283)Updating files:  69% (57466/83283)Updating files:  70% (58299/83283)Updating files:  71% (59131/83283)Updating files:  72% (59964/83283)Updating files:  73% (60797/83283)Updating files:  74% (61630/83283)Updating files:  75% (62463/83283)Updating files:  76% (63296/83283)Updating files:  77% (64128/83283)Updating files:  77% (64489/83283)Updating files:  78% (64961/83283)Updating files:  79% (65794/83283)Updating files:  80% (66627/83283)Updating files:  81% (67460/83283)Updating files:  82% (68293/83283)Updating files:  83% (69125/83283)Updating files:  84% (69958/83283)Updating files:  85% (70791/83283)Updating files:  86% (71624/83283)Updating files:  87% (72457/83283)Updating files:  88% (73290/83283)Updating files:  89% (74122/83283)Updating files:  90% (74955/83283)Updating files:  91% (75788/83283)Updating files:  92% (76621/83283)Updating files:  93% (77454/83283)Updating files:  94% (78287/83283)Updating files:  95% (79119/83283)Updating files:  95% (79735/83283)Updating files:  96% (79952/83283)Updating files:  97% (80785/83283)Updating files:  98% (81618/83283)Updating files:  99% (82451/83283)Updating files: 100% (83283/83283)Updating files: 100% (83283/83283), done.
#24 DONE 27.3s

#25 [21/22] RUN git clone --depth=1 -b main https://github.com/p4tc-dev/new-nipa.git nipa
#25 0.351 Cloning into 'nipa'...
#25 DONE 0.6s

#26 [22/22] COPY entrypoint.sh /entrypoint.sh
#26 DONE 0.0s

#27 exporting to image
#27 exporting layers
#27 exporting layers 7.0s done
#27 writing image sha256:5cb4745920e0e8ff29438b43ea9b952347f4c498412deb270b2fe8da6aa63035 done
#27 naming to docker.io/library/nipa-executor done
#27 DONE 7.0s
=== >>> DEBUG KERNEL <<< ===
NIPA version: 1b9c21a (ui: set canvas background color to stand out, 2024-03-28)
INFO: Last run date: 2024-05-11 06:00:02.623512+00:00
Testing  {'branch': 'net-next-2024-05-11--09-00', 'date': '2024-05-11T09:00:03.918405+00:00', 'base': 'f60cfc880114a12eed1859dd94b7a369f58eb80f', 'url': 'https://github.com/linux-netdev/testing.git net-next-2024-05-11--09-00'}
Updating files:  45% (7131/15570)Updating files:  46% (7163/15570)Updating files:  47% (7318/15570)Updating files:  48% (7474/15570)Updating files:  49% (7630/15570)Updating files:  50% (7785/15570)Updating files:  51% (7941/15570)Updating files:  52% (8097/15570)Updating files:  53% (8253/15570)Updating files:  54% (8408/15570)Updating files:  55% (8564/15570)Updating files:  56% (8720/15570)Updating files:  57% (8875/15570)Updating files:  58% (9031/15570)Updating files:  59% (9187/15570)Updating files:  60% (9342/15570)Updating files:  61% (9498/15570)Updating files:  62% (9654/15570)Updating files:  63% (9810/15570)Updating files:  64% (9965/15570)Updating files:  65% (10121/15570)Updating files:  66% (10277/15570)Updating files:  67% (10432/15570)Updating files:  68% (10588/15570)Updating files:  69% (10744/15570)Updating files:  70% (10899/15570)Updating files:  71% (11055/15570)Updating files:  72% (11211/15570)Updating files:  73% (11367/15570)Updating files:  74% (11522/15570)Updating files:  75% (11678/15570)Updating files:  76% (11834/15570)Updating files:  77% (11989/15570)Updating files:  78% (12145/15570)Updating files:  79% (12301/15570)Updating files:  80% (12456/15570)Updating files:  81% (12612/15570)Updating files:  82% (12768/15570)Updating files:  83% (12924/15570)Updating files:  84% (13079/15570)Updating files:  85% (13235/15570)Updating files:  86% (13391/15570)Updating files:  87% (13546/15570)Updating files:  88% (13702/15570)Updating files:  88% (13821/15570)Updating files:  89% (13858/15570)Updating files:  90% (14013/15570)Updating files:  91% (14169/15570)Updating files:  92% (14325/15570)Updating files:  93% (14481/15570)Updating files:  94% (14636/15570)Updating files:  95% (14792/15570)Updating files:  96% (14948/15570)Updating files:  97% (15103/15570)Updating files:  98% (15259/15570)Updating files:  99% (15415/15570)Updating files: 100% (15570/15570)Updating files: 100% (15570/15570), done.
branch 'net-next-2024-05-11--09-00' set up to track 'origin/net-next-2024-05-11--09-00'.
Switched to a new branch 'net-next-2024-05-11--09-00'
error: No valid patches in input (allow with "--allow-empty")
Checking patch tools/testing/selftests/tc-testing/tdc_config.py...
Applied patch tools/testing/selftests/tc-testing/tdc_config.py cleanly.
Run at 2024-05-11 09:23:29.437746
INFO: building kernel
INFO: starting VM 0
INFO: thr0-0 VM starting: vng -v -r arch/x86/boot/bzImage --user root --rwdir=/nipa-data/kernel/
INFO: thr0-0 expecting prompt: '/nipa-data/kernel# '
INFO: thr0-0 reached initial prompt
INFO: thr-0 testing == tdc.sh
INFO: thr-0 tdc.sh >> retcode: 0 result: pass found {'fail': False, 'skip': False, 'pass': True}
INFO: thr-0 has no more work, exiting
INFO: thr0-0 VM stopped
Done at 2024-05-11 09:28:12.637818
NIPA quitting!
/
~/nipa/tc-executor/tc-executor-storage /
sort: write failed: 'standard output': Broken pipe
sort: write error
