~/nipa/tc-executor/tc-executor-storage /
Switched to branch 'storage'
Your branch is ahead of 'origin/storage' by 194 commits.
  (use "git push" to publish your local commits)
/
~/nipa/tc-executor /
Error response from daemon: No such image: nipa-executor:latest
#0 building with "default" instance using docker driver

#1 [internal] load .dockerignore
#1 transferring context: 2B done
#1 DONE 0.0s

#2 [internal] load build definition from Dockerfile
#2 transferring dockerfile: 2.03kB done
#2 DONE 0.0s

#3 [internal] load metadata for docker.io/library/alpine:edge
#3 DONE 0.0s

#4 [ 1/22] FROM docker.io/library/alpine:edge
#4 CACHED

#5 [internal] load build context
#5 transferring context: 3.02kB done
#5 DONE 0.0s

#6 [ 2/22] RUN echo false > debug-mode
#6 DONE 0.5s

#7 [ 3/22] RUN addgroup -g 1001 hostuser
#7 DONE 0.3s

#8 [ 4/22] RUN adduser -u 1001 -G hostuser -H -D -s /bin/ash hostuser
#8 DONE 0.4s

#9 [ 5/22] RUN echo '@testing http://dl-cdn.alpinelinux.org/alpine/edge/testing' >> /etc/apk/repositories
#9 DONE 0.3s

#10 [ 6/22] RUN echo '@community http://dl-cdn.alpinelinux.org/alpine/edge/community' >> /etc/apk/repositories
#10 DONE 0.4s

#11 [ 7/22] RUN apk update && apk add --no-cache    virtme-ng@testing    git    py3-requests    py3-psutil    py3-setuptools    py3-pyroute2    py3-argcomplete    qemu-system-x86_64@community    scapy@community    make    gcc    musl-dev    flex    bison    linux-headers    elfutils-dev    util-linux    coreutils    diffutils    findutils    file    bash    kmod    perl    iptables-dev    libcap-dev    libmnl-dev    iproute2     jq    libbpf-dev    rsync
#11 0.396 fetch https://dl-cdn.alpinelinux.org/alpine/edge/main/x86_64/APKINDEX.tar.gz
#11 0.609 fetch https://dl-cdn.alpinelinux.org/alpine/edge/community/x86_64/APKINDEX.tar.gz
#11 0.804 fetch http://dl-cdn.alpinelinux.org/alpine/edge/testing/x86_64/APKINDEX.tar.gz
#11 1.002 fetch http://dl-cdn.alpinelinux.org/alpine/edge/community/x86_64/APKINDEX.tar.gz
#11 1.214 v20231219-5064-g3e34428f644 [https://dl-cdn.alpinelinux.org/alpine/edge/main]
#11 1.214 v20231219-5076-gc27859871be [https://dl-cdn.alpinelinux.org/alpine/edge/community]
#11 1.214 v20231219-5071-g599a5b0c96a [http://dl-cdn.alpinelinux.org/alpine/edge/testing]
#11 1.214 v20231219-5076-gc27859871be [http://dl-cdn.alpinelinux.org/alpine/edge/community]
#11 1.214 OK: 30631 distinct packages available
#11 1.268 fetch https://dl-cdn.alpinelinux.org/alpine/edge/main/x86_64/APKINDEX.tar.gz
#11 1.370 fetch https://dl-cdn.alpinelinux.org/alpine/edge/community/x86_64/APKINDEX.tar.gz
#11 1.470 fetch http://dl-cdn.alpinelinux.org/alpine/edge/testing/x86_64/APKINDEX.tar.gz
#11 2.045 fetch http://dl-cdn.alpinelinux.org/alpine/edge/community/x86_64/APKINDEX.tar.gz
#11 3.369 (1/175) Upgrading musl (1.2.4_git20230717-r5 -> 1.2.5-r0)
#11 3.386 (2/175) Upgrading zlib (1.3-r2 -> 1.3.1-r0)
#11 3.398 (3/175) Installing ncurses-terminfo-base (6.4_p20231125-r0)
#11 3.411 (4/175) Installing libncursesw (6.4_p20231125-r0)
#11 3.426 (5/175) Installing readline (8.2.10-r0)
#11 3.440 (6/175) Installing bash (5.2.26-r0)
#11 3.461 Executing bash-5.2.26-r0.post-install
#11 3.464 (7/175) Installing m4 (1.4.19-r3)
#11 3.479 (8/175) Installing bison (3.8.2-r1)
#11 3.500 (9/175) Installing coreutils-env (9.4-r2)
#11 3.514 (10/175) Installing coreutils-fmt (9.4-r2)
#11 3.526 (11/175) Installing coreutils-sha512sum (9.4-r2)
#11 3.539 (12/175) Installing libacl (2.3.2-r0)
#11 3.551 (13/175) Installing libattr (2.5.2-r0)
#11 3.570 (14/175) Installing skalibs (2.14.1.1-r0)
#11 3.584 (15/175) Installing utmps-libs (0.1.2.2-r0)
#11 3.596 (16/175) Installing coreutils (9.4-r2)
#11 3.622 (17/175) Installing diffutils (3.10-r0)
#11 3.637 (18/175) Installing zstd-libs (1.5.5-r8)
#11 3.655 (19/175) Installing libelf (0.191-r0)
#11 3.670 (20/175) Installing libbz2 (1.0.8-r6)
#11 3.683 (21/175) Installing musl-fts (1.2.7-r6)
#11 3.694 (22/175) Installing xz-libs (5.4.6-r0)
#11 3.709 (23/175) Installing libdw (0.191-r0)
#11 3.726 (24/175) Installing libasm (0.191-r0)
#11 3.740 (25/175) Installing xz (5.4.6-r0)
#11 3.756 (26/175) Installing pkgconf (2.1.1-r0)
#11 3.769 (27/175) Installing xz-dev (5.4.6-r0)
#11 3.784 (28/175) Installing libgcc (13.2.1_git20231014-r1)
#11 3.797 (29/175) Installing libstdc++ (13.2.1_git20231014-r1)
#11 3.822 (30/175) Installing zstd (1.5.5-r8)
#11 3.837 (31/175) Installing zstd-dev (1.5.5-r8)
#11 3.851 (32/175) Installing zlib-dev (1.3.1-r0)
#11 3.863 (33/175) Installing elfutils-dev (0.191-r0)
#11 3.886 (34/175) Installing libmagic (5.45-r1)
#11 3.919 (35/175) Installing file (5.45-r1)
#11 3.932 (36/175) Installing findutils (4.9.0-r5)
#11 3.953 (37/175) Installing flex (2.6.4-r6)
#11 3.967 (38/175) Installing jansson (2.14-r4)
#11 3.982 (39/175) Installing binutils (2.42-r0)
#11 4.046 (40/175) Installing libgomp (13.2.1_git20231014-r1)
#11 4.061 (41/175) Installing libatomic (13.2.1_git20231014-r1)
#11 4.073 (42/175) Installing gmp (6.3.0-r0)
#11 4.089 (43/175) Installing isl26 (0.26-r1)
#11 4.114 (44/175) Installing mpfr4 (4.2.1-r0)
#11 4.131 (45/175) Installing mpc1 (1.3.1-r1)
#11 4.144 (46/175) Installing gcc (13.2.1_git20231014-r1)
#11 4.640 (47/175) Installing ca-certificates (20240226-r0)
#11 4.667 (48/175) Installing brotli-libs (1.1.0-r1)
#11 4.686 (49/175) Installing c-ares (1.26.0-r0)
#11 4.703 (50/175) Installing libunistring (1.2-r0)
#11 4.724 (51/175) Installing libidn2 (2.3.7-r0)
#11 4.738 (52/175) Installing nghttp2-libs (1.59.0-r0)
#11 4.751 (53/175) Installing libpsl (0.21.5-r1)
#11 4.764 (54/175) Installing libcurl (8.6.0-r0)
#11 4.780 (55/175) Installing libexpat (2.6.0-r0)
#11 4.793 (56/175) Installing pcre2 (10.43-r0)
#11 4.810 (57/175) Installing git (2.44.0-r0)
#11 4.865 (58/175) Installing git-init-template (2.44.0-r0)
#11 4.883 (59/175) Installing libcap2 (2.69-r1)
#11 4.895 (60/175) Installing libmnl (1.0.5-r2)
#11 4.906 (61/175) Installing iproute2-minimal (6.7.0-r0)
#11 4.924 (62/175) Installing libxtables (1.8.10-r3)
#11 4.937 (63/175) Installing iproute2-tc (6.7.0-r0)
#11 4.953 (64/175) Installing iproute2-ss (6.7.0-r0)
#11 4.967 (65/175) Installing iproute2 (6.7.0-r0)
#11 4.983 Executing iproute2-6.7.0-r0.post-install
#11 4.986 (66/175) Installing linux-headers (6.6-r0)
#11 5.077 (67/175) Installing libip4tc (1.8.10-r3)
#11 5.090 (68/175) Installing libip6tc (1.8.10-r3)
#11 5.112 (69/175) Installing libipq (1.8.10-r3)
#11 5.125 (70/175) Installing iptables-dev (1.8.10-r3)
#11 5.138 (71/175) Installing oniguruma (6.9.9-r0)
#11 5.154 (72/175) Installing jq (1.7.1-r0)
#11 5.176 (73/175) Installing kmod (31-r4)
#11 5.189 (74/175) Installing libbpf (1.3.0-r0)
#11 5.204 (75/175) Installing libbpf-dev (1.3.0-r0)
#11 5.229 (76/175) Installing libcap-dev (2.69-r1)
#11 5.242 (77/175) Installing libmnl-dev (1.0.5-r2)
#11 5.254 (78/175) Installing make (4.4.1-r2)
#11 5.268 (79/175) Installing musl-dev (1.2.5-r0)
#11 5.328 (80/175) Installing perl (5.38.2-r0)
#11 5.506 (81/175) Installing perl-error (0.17029-r2)
#11 5.519 (82/175) Installing perl-git (2.44.0-r0)
#11 5.535 (83/175) Installing git-perl (2.44.0-r0)
#11 5.547 (84/175) Installing libffi (3.4.6-r0)
#11 5.559 (85/175) Installing gdbm (1.23-r1)
#11 5.572 (86/175) Installing mpdecimal (4.0.0-r0)
#11 5.586 (87/175) Installing libpanelw (6.4_p20231125-r0)
#11 5.598 (88/175) Installing sqlite-libs (3.45.1-r0)
#11 5.637 (89/175) Installing python3 (3.11.8-r0)
#11 6.596 (90/175) Installing python3-pycache-pyc0 (3.11.8-r0)
#11 7.059 (91/175) Installing pyc (3.11.8-r0)
#11 7.071 (92/175) Installing py3-argcomplete-pyc (3.2.2-r0)
#11 7.085 (93/175) Installing python3-pyc (3.11.8-r0)
#11 7.097 (94/175) Installing py3-argcomplete (3.2.2-r0)
#11 7.112 (95/175) Installing py3-psutil (5.9.8-r0)
#11 7.132 (96/175) Installing py3-psutil-pyc (5.9.8-r0)
#11 7.158 (97/175) Installing py3-pyroute2 (0.7.12-r0)
#11 7.212 (98/175) Installing py3-pyroute2-pyc (0.7.12-r0)
#11 7.300 (99/175) Installing py3-certifi (2023.11.17-r0)
#11 7.312 (100/175) Installing py3-certifi-pyc (2023.11.17-r0)
#11 7.324 (101/175) Installing py3-charset-normalizer (3.3.2-r0)
#11 7.340 (102/175) Installing py3-charset-normalizer-pyc (3.3.2-r0)
#11 7.357 (103/175) Installing py3-idna (3.6-r0)
#11 7.376 (104/175) Installing py3-idna-pyc (3.6-r0)
#11 7.392 (105/175) Installing py3-urllib3 (1.26.18-r0)
#11 7.419 (106/175) Installing py3-urllib3-pyc (1.26.18-r0)
#11 7.448 (107/175) Installing py3-requests (2.31.0-r1)
#11 7.464 (108/175) Installing py3-requests-pyc (2.31.0-r1)
#11 7.482 (109/175) Installing py3-parsing (3.1.1-r0)
#11 7.502 (110/175) Installing py3-parsing-pyc (3.1.1-r0)
#11 7.528 (111/175) Installing py3-packaging (23.2-r0)
#11 7.544 (112/175) Installing py3-packaging-pyc (23.2-r0)
#11 7.561 (113/175) Installing py3-setuptools (69.1.1-r0)
#11 7.634 (114/175) Installing py3-setuptools-pyc (69.1.1-r0)
#11 7.747 (115/175) Installing libcap-ng (0.8.4-r0)
#11 7.759 (116/175) Installing libintl (0.22.4-r0)
#11 7.775 (117/175) Installing libblkid (2.39.3-r0)
#11 8.523 (118/175) Installing libmount (2.39.3-r0)
#11 8.808 (119/175) Installing glib (2.78.4-r0)
#11 9.414 (120/175) Installing numactl (2.0.18-r0)
#11 9.430 (121/175) Installing qemu (8.2.1-r0)
#11 9.473 Executing qemu-8.2.1-r0.pre-install
#11 10.14 Executing qemu-8.2.1-r0.post-install
#11 10.14 *
#11 10.14 * If you want to run VM as unprivileged user and let Qemu create tunX devices,
#11 10.14 * then you must add that user to the group "qemu".
#11 10.14 * If you use KVM for hardware-assisted virtualization, then you may also need
#11 10.14 * to add that user to the group "kvm".
#11 10.14 *
#11 10.14 (122/175) Installing qemu-bridge-helper (8.2.1-r0)
#11 10.18 (123/175) Installing libaio (0.3.113-r2)
#11 10.19 (124/175) Installing capstone (5.0.1-r2)
#11 10.32 (125/175) Installing py3-capstone (5.0.1-r2)
#11 10.45 (126/175) Installing py3-capstone-pyc (5.0.1-r2)
#11 10.46 (127/175) Installing nettle (3.9.1-r0)
#11 10.51 (128/175) Installing libtasn1 (4.19.0-r2)
#11 10.52 (129/175) Installing p11-kit (0.25.3-r0)
#11 10.57 (130/175) Installing gnutls (3.8.3-r0)
#11 10.66 (131/175) Installing libjpeg-turbo (3.0.2-r0)
#11 10.69 (132/175) Installing lzo (2.10-r5)
#11 10.71 (133/175) Installing pixman (0.43.2-r0)
#11 10.74 (134/175) Installing libpng (1.6.43-r0)
#11 10.76 (135/175) Installing libsasl (2.1.28-r6)
#11 10.78 (136/175) Installing libseccomp (2.5.5-r0)
#11 10.79 (137/175) Installing libslirp (4.7.0-r0)
#11 10.81 (138/175) Installing snappy (1.1.10-r2)
#11 10.83 (139/175) Installing liburing (2.5-r1)
#11 10.84 (140/175) Installing vde2-libs (2.3.3-r1)
#11 10.85 (141/175) Installing qemu-system-x86_64 (8.2.1-r0)
#11 11.53 (142/175) Installing lz4-libs (1.9.4-r5)
#11 11.54 (143/175) Installing popt (1.19-r3)
#11 11.56 (144/175) Installing libxxhash (0.8.2-r2)
#11 11.57 (145/175) Installing rsync (3.2.7-r4)
#11 11.59 (146/175) Installing scapy (2.5.0-r1)
#11 11.70 Executing scapy-2.5.0-r1.post-install
#11 11.70 *
#11 11.70 * Certain optional features of scapy also depend on the following packages:
#11 11.70 *     py3-matplotlib graphviz imagemagick py3-cryptography sox
#11 11.70 * And the following unpackaged dependencies:
#11 11.70 *     pyxi vpython-jupyter nmap<v4.23
#11 11.70 * More information can be found at https://scapy.readthedocs.io/en/latest/installation.html#optional-dependencies
#11 11.70 *
#11 11.70 (147/175) Installing scapy-pyc (2.5.0-r1)
#11 11.89 (148/175) Installing util-linux (2.39.3-r0)
#11 11.90 (149/175) Installing setarch (2.39.3-r0)
#11 11.92 (150/175) Installing libuuid (2.39.3-r0)
#11 11.99 (151/175) Installing libfdisk (2.39.3-r0)
#11 12.03 (152/175) Installing libsmartcols (2.39.3-r0)
#11 12.04 (153/175) Installing util-linux-misc (2.39.3-r0)
#11 12.16 (154/175) Installing libeconf (0.5.2-r2)
#11 12.18 (155/175) Installing linux-pam (1.5.3-r8)
#11 12.71 (156/175) Installing runuser (2.39.3-r0)
#11 12.75 (157/175) Installing mount (2.39.3-r0)
#11 12.79 (158/175) Installing losetup (2.39.3-r0)
#11 12.81 (159/175) Installing hexdump (2.39.3-r0)
#11 12.83 (160/175) Installing uuidgen (2.39.3-r0)
#11 12.84 (161/175) Installing blkid (2.39.3-r0)
#11 12.88 (162/175) Installing sfdisk (2.39.3-r0)
#11 12.91 (163/175) Installing mcookie (2.39.3-r0)
#11 12.92 (164/175) Installing agetty (2.39.3-r0)
#11 12.95 (165/175) Installing wipefs (2.39.3-r0)
#11 12.96 (166/175) Installing cfdisk (2.39.3-r0)
#11 12.99 (167/175) Installing umount (2.39.3-r0)
#11 13.00 (168/175) Installing flock (2.39.3-r0)
#11 13.02 (169/175) Installing lsblk (2.39.3-r0)
#11 13.05 (170/175) Installing setpriv (2.39.3-r0)
#11 13.06 (171/175) Installing logger (2.39.3-r0)
#11 13.08 (172/175) Installing partx (2.39.3-r0)
#11 13.13 (173/175) Installing fstrim (2.39.3-r0)
#11 13.15 (174/175) Installing findmnt (2.39.3-r0)
#11 13.17 (175/175) Installing virtme-ng@testing (1.22-r0)
#11 13.22 Executing busybox-1.36.1-r17.trigger
#11 13.23 Executing ca-certificates-20240226-r0.trigger
#11 13.25 Executing glib-2.78.4-r0.trigger
#11 13.25 OK: 385 MiB in 188 packages
#11 DONE 13.5s

#12 [ 8/22] RUN mkdir -p /tmp/kernel-patches &&     mkdir -p /tmp/iproute2-patches
#12 DONE 0.3s

#13 [ 9/22] COPY tdc.config /tmp
#13 DONE 0.0s

#14 [10/22] COPY tdc-debug.config /tmp
#14 DONE 0.1s

#15 [11/22] COPY kernel-patches /tmp/kernel-patches/
#15 DONE 0.0s

#16 [12/22] COPY iproute2-patches /tmp/iproute2-patches/
#16 DONE 0.0s

#17 [13/22] COPY configs /tmp/configs/
#17 DONE 0.0s

#18 [14/22] RUN git config --global user.email foo@bar.com
#18 DONE 0.3s

#19 [15/22] RUN git config --global user.name foo@bar.com
#19 DONE 0.4s

#20 [16/22] RUN git clone https://git.kernel.org/pub/scm/network/iproute2/iproute2-next.git /nipa-data/iproute2
#20 0.443 Cloning into '/nipa-data/iproute2'...
#20 DONE 2.0s

#21 [17/22] RUN cd /nipa-data/iproute2 && 	git remote add stable https://git.kernel.org/pub/scm/network/iproute2/iproute2.git && 	git fetch --all && 	git merge stable/main
#21 0.353 Fetching origin
#21 0.629 Fetching stable
#21 1.214 From https://git.kernel.org/pub/scm/network/iproute2/iproute2
#21 1.214  * [new branch]        codeql         -> stable/codeql
#21 1.214  * [new branch]        color-opt      -> stable/color-opt
#21 1.214  * [new branch]        flag-names     -> stable/flag-names
#21 1.214  * [new branch]        iproute2-4.1.x -> stable/iproute2-4.1.x
#21 1.214  * [new branch]        json1          -> stable/json1
#21 1.214  * [new branch]        main           -> stable/main
#21 1.214  * [new branch]        net-next       -> stable/net-next
#21 1.214  * [new branch]        warnings       -> stable/warnings
#21 1.298 Auto-merging misc/ifstat.c
#21 1.298 Auto-merging misc/ss.c
#21 1.302 Merge made by the 'ort' strategy.
#21 1.306  ip/iptuntap.c |  5 ++---
#21 1.306  man/man8/ip.8 | 33 +++++++++++++++++++++++++++++++--
#21 1.306  misc/ifstat.c |  6 ++++--
#21 1.306  misc/ss.c     | 17 ++++++++++++++++-
#21 1.306  tc/f_u32.c    |  2 +-
#21 1.306  5 files changed, 54 insertions(+), 9 deletions(-)
#21 DONE 1.3s

#22 [18/22] RUN if [ "$(find /tmp/iproute2-patches/ -name *.patch)" ]; then  	cd /nipa-data/iproute2; 	git apply /tmp/iproute2-patches/*.patch;     fi
#22 DONE 0.4s

#23 [19/22] RUN cd /nipa-data/iproute2/ &&     ./configure &&     make
#23 0.402 TC schedulers
#23 0.403  IPT	using xtables
#23 0.429  IPSET  yes
#23 0.449 
#23 0.449 lib directory: /usr/lib
#23 0.449 libc has setns: yes
#23 0.468 libc has name_to_handle_at: yes
#23 0.487 SELinux support: no
#23 0.488 libtirpc support: no
#23 0.489 libbpf support: yes
#23 0.555 	libbpf version 1.3.0
#23 0.555 ELF support: yes
#23 0.556 libmnl support: yes
#23 0.558 Berkeley DB: no
#23 0.567 need for strlcpy: no
#23 0.586 libcap support: yes
#23 0.588 color output: never
#23 0.590 
#23 0.590 lib
#23 0.592     CC       libgenl.o
#23 0.640     CC       libnetlink.o
#23 0.951     CC       mnl_utils.o
#23 1.026     AR       libnetlink.a
#23 1.029     CC       utils.o
#23 1.416     CC       utils_math.o
#23 1.456     CC       rt_names.o
#23 1.615     CC       ll_map.o
#23 1.701     CC       ll_types.o
#23 1.716 In file included from ll_types.c:20:
#23 1.716 ../include/uapi/linux/sockios.h:42: warning: "SIOCGSTAMP" redefined
#23 1.716    42 | #define SIOCGSTAMP      SIOCGSTAMP_OLD
#23 1.716       | 
#23 1.716 In file included from /usr/include/sys/ioctl.h:10,
#23 1.716                  from ll_types.c:12:
#23 1.716 /usr/include/bits/ioctl.h:111: note: this is the location of the previous definition
#23 1.716   111 | #define SIOCGSTAMP      0x8906
#23 1.716       | 
#23 1.716 ../include/uapi/linux/sockios.h:43: warning: "SIOCGSTAMPNS" redefined
#23 1.716    43 | #define SIOCGSTAMPNS    SIOCGSTAMPNS_OLD
#23 1.716       | 
#23 1.716 /usr/include/bits/ioctl.h:112: note: this is the location of the previous definition
#23 1.716   112 | #define SIOCGSTAMPNS    0x8907
#23 1.716       | 
#23 1.735     CC       ll_proto.o
#23 1.748 In file included from ll_proto.c:21:
#23 1.748 ../include/uapi/linux/sockios.h:42: warning: "SIOCGSTAMP" redefined
#23 1.748    42 | #define SIOCGSTAMP      SIOCGSTAMP_OLD
#23 1.748       | 
#23 1.748 In file included from /usr/include/sys/ioctl.h:10,
#23 1.748                  from ll_proto.c:13:
#23 1.748 /usr/include/bits/ioctl.h:111: note: this is the location of the previous definition
#23 1.748   111 | #define SIOCGSTAMP      0x8906
#23 1.748       | 
#23 1.748 ../include/uapi/linux/sockios.h:43: warning: "SIOCGSTAMPNS" redefined
#23 1.748    43 | #define SIOCGSTAMPNS    SIOCGSTAMPNS_OLD
#23 1.748       | 
#23 1.748 /usr/include/bits/ioctl.h:112: note: this is the location of the previous definition
#23 1.748   112 | #define SIOCGSTAMPNS    0x8907
#23 1.748       | 
#23 1.763     CC       ll_addr.o
#23 1.776 In file included from ll_addr.c:20:
#23 1.776 ../include/uapi/linux/sockios.h:42: warning: "SIOCGSTAMP" redefined
#23 1.776    42 | #define SIOCGSTAMP      SIOCGSTAMP_OLD
#23 1.776       | 
#23 1.776 In file included from /usr/include/sys/ioctl.h:10,
#23 1.776                  from ll_addr.c:12:
#23 1.776 /usr/include/bits/ioctl.h:111: note: this is the location of the previous definition
#23 1.776   111 | #define SIOCGSTAMP      0x8906
#23 1.776       | 
#23 1.776 ../include/uapi/linux/sockios.h:43: warning: "SIOCGSTAMPNS" redefined
#23 1.776    43 | #define SIOCGSTAMPNS    SIOCGSTAMPNS_OLD
#23 1.776       | 
#23 1.776 /usr/include/bits/ioctl.h:112: note: this is the location of the previous definition
#23 1.776   112 | #define SIOCGSTAMPNS    0x8907
#23 1.776       | 
#23 1.803     CC       inet_proto.o
#23 1.831     CC       namespace.o
#23 1.884     CC       json_writer.o
#23 1.961     CC       json_print.o
#23 2.076     CC       json_print_math.o
#23 2.105     CC       names.o
#23 2.155     CC       color.o
#23 2.199     CC       bpf_legacy.o
#23 2.552     CC       bpf_glue.o
#23 2.590     CC       exec.o
#23 2.626     CC       fs.o
#23 2.690     CC       cg_map.o
#23 2.725     CC       ppp_proto.o
#23 2.747     CC       bpf_libbpf.o
#23 2.826     CC       selinux.o
#23 2.845     CC       ax25_ntop.o
#23 2.870     CC       rose_ntop.o
#23 2.884 In file included from rose_ntop.c:16:
#23 2.884 ../include/uapi/linux/sockios.h:42: warning: "SIOCGSTAMP" redefined
#23 2.884    42 | #define SIOCGSTAMP      SIOCGSTAMP_OLD
#23 2.884       | 
#23 2.884 In file included from /usr/include/sys/ioctl.h:10,
#23 2.884                  from rose_ntop.c:7:
#23 2.884 /usr/include/bits/ioctl.h:111: note: this is the location of the previous definition
#23 2.884   111 | #define SIOCGSTAMP      0x8906
#23 2.884       | 
#23 2.884 ../include/uapi/linux/sockios.h:43: warning: "SIOCGSTAMPNS" redefined
#23 2.884    43 | #define SIOCGSTAMPNS    SIOCGSTAMPNS_OLD
#23 2.884       | 
#23 2.884 /usr/include/bits/ioctl.h:112: note: this is the location of the previous definition
#23 2.884   112 | #define SIOCGSTAMPNS    0x8907
#23 2.884       | 
#23 2.903     CC       mpls_ntop.o
#23 2.934     CC       mpls_pton.o
#23 2.960     CC       netrom_ntop.o
#23 2.981     AR       libutil.a
#23 2.986 
#23 2.986 ip
#23 2.988     CC       ip.o
#23 3.060     CC       ipaddress.o
#23 3.074 In file included from ipaddress.c:26:
#23 3.074 ../include/uapi/linux/sockios.h:42: warning: "SIOCGSTAMP" redefined
#23 3.074    42 | #define SIOCGSTAMP      SIOCGSTAMP_OLD
#23 3.074       | 
#23 3.074 In file included from /usr/include/sys/ioctl.h:10,
#23 3.074                  from ipaddress.c:14:
#23 3.074 /usr/include/bits/ioctl.h:111: note: this is the location of the previous definition
#23 3.074   111 | #define SIOCGSTAMP      0x8906
#23 3.074       | 
#23 3.074 ../include/uapi/linux/sockios.h:43: warning: "SIOCGSTAMPNS" redefined
#23 3.074    43 | #define SIOCGSTAMPNS    SIOCGSTAMPNS_OLD
#23 3.074       | 
#23 3.074 /usr/include/bits/ioctl.h:112: note: this is the location of the previous definition
#23 3.074   112 | #define SIOCGSTAMPNS    0x8907
#23 3.074       | 
#23 3.528     CC       ipaddrlabel.o
#23 3.584     CC       iproute.o
#23 4.078     CC       iprule.o
#23 4.264     CC       ipnetns.o
#23 4.450     CC       rtm_map.o
#23 4.483     CC       iptunnel.o
#23 4.495 In file included from ../include/uapi/linux/if_tunnel.h:6,
#23 4.495                  from iptunnel.c:19:
#23 4.495 ../include/uapi/linux/if.h:134: warning: "IFF_VOLATILE" redefined
#23 4.495   134 | #define IFF_VOLATILE    (IFF_LOOPBACK|IFF_POINTOPOINT|IFF_BROADCAST|IFF_ECHO|\
#23 4.495       | 
#23 4.495 In file included from iptunnel.c:16:
#23 4.495 /usr/include/net/if.h:48: note: this is the location of the previous definition
#23 4.495    48 | #define IFF_VOLATILE (IFF_LOOPBACK|IFF_POINTOPOINT|IFF_BROADCAST| \
#23 4.495       | 
#23 4.628     CC       ip6tunnel.o
#23 4.742     CC       tunnel.o
#23 4.831     CC       ipneigh.o
#23 5.006     CC       ipntable.o
#23 5.115     CC       iplink.o
#23 5.383     CC       ipmaddr.o
#23 5.395 In file included from ipmaddr.c:21:
#23 5.395 ../include/uapi/linux/sockios.h:42: warning: "SIOCGSTAMP" redefined
#23 5.395    42 | #define SIOCGSTAMP      SIOCGSTAMP_OLD
#23 5.395       | 
#23 5.395 In file included from /usr/include/sys/ioctl.h:10,
#23 5.395                  from ipmaddr.c:12:
#23 5.395 /usr/include/bits/ioctl.h:111: note: this is the location of the previous definition
#23 5.395   111 | #define SIOCGSTAMP      0x8906
#23 5.395       | 
#23 5.395 ../include/uapi/linux/sockios.h:43: warning: "SIOCGSTAMPNS" redefined
#23 5.395    43 | #define SIOCGSTAMPNS    SIOCGSTAMPNS_OLD
#23 5.395       | 
#23 5.395 /usr/include/bits/ioctl.h:112: note: this is the location of the previous definition
#23 5.395   112 | #define SIOCGSTAMPNS    0x8907
#23 5.395       | 
#23 5.467     CC       ipmonitor.o
#23 5.541     CC       ipmroute.o
#23 5.554 In file included from ipmroute.c:22:
#23 5.554 ../include/uapi/linux/sockios.h:42: warning: "SIOCGSTAMP" redefined
#23 5.554    42 | #define SIOCGSTAMP      SIOCGSTAMP_OLD
#23 5.554       | 
#23 5.554 In file included from /usr/include/sys/ioctl.h:10,
#23 5.554                  from ipmroute.c:13:
#23 5.554 /usr/include/bits/ioctl.h:111: note: this is the location of the previous definition
#23 5.554   111 | #define SIOCGSTAMP      0x8906
#23 5.554       | 
#23 5.554 ../include/uapi/linux/sockios.h:43: warning: "SIOCGSTAMPNS" redefined
#23 5.554    43 | #define SIOCGSTAMPNS    SIOCGSTAMPNS_OLD
#23 5.554       | 
#23 5.554 /usr/include/bits/ioctl.h:112: note: this is the location of the previous definition
#23 5.554   112 | #define SIOCGSTAMPNS    0x8907
#23 5.554       | 
#23 5.612     CC       ipprefix.o
#23 5.641     CC       iptuntap.o
#23 5.742     CC       iptoken.o
#23 5.792     CC       ipxfrm.o
#23 6.075     CC       xfrm_state.o
#23 6.319     CC       xfrm_policy.o
#23 6.535     CC       xfrm_monitor.o
#23 6.609     CC       iplink_dummy.o
#23 6.630     CC       iplink_ifb.o
#23 6.651     CC       iplink_nlmon.o
#23 6.675     CC       iplink_team.o
#23 6.697     CC       iplink_vcan.o
#23 6.719     CC       iplink_vxcan.o
#23 6.745     CC       iplink_vlan.o
#23 6.812     CC       link_veth.o
#23 6.837     CC       link_gre.o
#23 6.848 In file included from ../include/uapi/linux/if_tunnel.h:6,
#23 6.848                  from link_gre.c:15:
#23 6.848 ../include/uapi/linux/if.h:134: warning: "IFF_VOLATILE" redefined
#23 6.848   134 | #define IFF_VOLATILE    (IFF_LOOPBACK|IFF_POINTOPOINT|IFF_BROADCAST|IFF_ECHO|\
#23 6.848       | 
#23 6.848 In file included from link_gre.c:9:
#23 6.848 /usr/include/net/if.h:48: note: this is the location of the previous definition
#23 6.848    48 | #define IFF_VOLATILE (IFF_LOOPBACK|IFF_POINTOPOINT|IFF_BROADCAST| \
#23 6.848       | 
#23 6.955     CC       iplink_can.o
#23 7.097     CC       iplink_xdp.o
#23 7.154     CC       iplink_macvlan.o
#23 7.220     CC       ipl2tp.o
#23 7.370     CC       link_vti.o
#23 7.380 In file included from ../include/uapi/linux/if_tunnel.h:6,
#23 7.380                  from link_vti.c:16:
#23 7.380 ../include/uapi/linux/if.h:134: warning: "IFF_VOLATILE" redefined
#23 7.380   134 | #define IFF_VOLATILE    (IFF_LOOPBACK|IFF_POINTOPOINT|IFF_BROADCAST|IFF_ECHO|\
#23 7.380       | 
#23 7.380 In file included from link_vti.c:10:
#23 7.380 /usr/include/net/if.h:48: note: this is the location of the previous definition
#23 7.380    48 | #define IFF_VOLATILE (IFF_LOOPBACK|IFF_POINTOPOINT|IFF_BROADCAST| \
#23 7.380       | 
#23 7.423     CC       link_vti6.o
#23 7.433 In file included from ../include/uapi/linux/if_tunnel.h:6,
#23 7.433                  from link_vti6.c:17:
#23 7.433 ../include/uapi/linux/if.h:134: warning: "IFF_VOLATILE" redefined
#23 7.433   134 | #define IFF_VOLATILE    (IFF_LOOPBACK|IFF_POINTOPOINT|IFF_BROADCAST|IFF_ECHO|\
#23 7.433       | 
#23 7.433 In file included from link_vti6.c:11:
#23 7.433 /usr/include/net/if.h:48: note: this is the location of the previous definition
#23 7.433    48 | #define IFF_VOLATILE (IFF_LOOPBACK|IFF_POINTOPOINT|IFF_BROADCAST| \
#23 7.433       | 
#23 7.476     CC       link_xfrm.o
#23 7.510     CC       iplink_vxlan.o
#23 7.658     CC       tcp_metrics.o
#23 7.761     CC       iplink_ipoib.o
#23 7.800     CC       ipnetconf.o
#23 7.851     CC       link_ip6tnl.o
#23 7.861 In file included from ../include/uapi/linux/if_tunnel.h:6,
#23 7.861                  from link_ip6tnl.c:15:
#23 7.861 ../include/uapi/linux/if.h:134: warning: "IFF_VOLATILE" redefined
#23 7.861   134 | #define IFF_VOLATILE    (IFF_LOOPBACK|IFF_POINTOPOINT|IFF_BROADCAST|IFF_ECHO|\
#23 7.861       | 
#23 7.861 In file included from link_ip6tnl.c:9:
#23 7.861 /usr/include/net/if.h:48: note: this is the location of the previous definition
#23 7.861    48 | #define IFF_VOLATILE (IFF_LOOPBACK|IFF_POINTOPOINT|IFF_BROADCAST| \
#23 7.861       | 
#23 7.943     CC       link_iptnl.o
#23 7.953 In file included from ../include/uapi/linux/if_tunnel.h:6,
#23 7.953                  from link_iptnl.c:16:
#23 7.953 ../include/uapi/linux/if.h:134: warning: "IFF_VOLATILE" redefined
#23 7.953   134 | #define IFF_VOLATILE    (IFF_LOOPBACK|IFF_POINTOPOINT|IFF_BROADCAST|IFF_ECHO|\
#23 7.953       | 
#23 7.953 In file included from link_iptnl.c:9:
#23 7.953 /usr/include/net/if.h:48: note: this is the location of the previous definition
#23 7.953    48 | #define IFF_VOLATILE (IFF_LOOPBACK|IFF_POINTOPOINT|IFF_BROADCAST| \
#23 7.953       | 
#23 8.036     CC       link_gre6.o
#23 8.046 In file included from ../include/uapi/linux/if_tunnel.h:6,
#23 8.046                  from link_gre6.c:15:
#23 8.046 ../include/uapi/linux/if.h:134: warning: "IFF_VOLATILE" redefined
#23 8.046   134 | #define IFF_VOLATILE    (IFF_LOOPBACK|IFF_POINTOPOINT|IFF_BROADCAST|IFF_ECHO|\
#23 8.046       | 
#23 8.046 In file included from link_gre6.c:9:
#23 8.046 /usr/include/net/if.h:48: note: this is the location of the previous definition
#23 8.046    48 | #define IFF_VOLATILE (IFF_LOOPBACK|IFF_POINTOPOINT|IFF_BROADCAST| \
#23 8.046       | 
#23 8.157     CC       iplink_bond.o
#23 8.322     CC       iplink_bond_slave.o
#23 8.372     CC       iplink_hsr.o
#23 8.416     CC       iplink_bridge.o
#23 8.568     CC       iplink_bridge_slave.o
#23 8.664     CC       iplink_dsa.o
#23 8.694     CC       ipfou.o
#23 8.768     CC       iplink_ipvlan.o
#23 8.806     CC       iplink_geneve.o
#23 8.895     CC       iplink_vrf.o
#23 8.941     CC       iproute_lwtunnel.o
#23 9.366     CC       ipmacsec.o
#23 9.598     CC       ipila.o
#23 9.669     CC       ipvrf.o
#23 9.784     CC       iplink_xstats.o
#23 9.813     CC       ipseg6.o
#23 9.874     CC       iplink_netdevsim.o
#23 9.895     CC       iplink_rmnet.o
#23 9.924     CC       ipnexthop.o
#23 10.15     CC       ipmptcp.o
#23 10.27     CC       iplink_bareudp.o
#23 10.31     CC       iplink_wwan.o
#23 10.34     CC       ipioam6.o
#23 10.41     CC       iplink_amt.o
#23 10.46     CC       iplink_batadv.o
#23 10.49     CC       iplink_gtp.o
#23 10.53     CC       iplink_virt_wifi.o
#23 10.55     CC       iplink_netkit.o
#23 10.59     CC       ipstats.o
#23 10.79     LINK     ip
#23 10.82     CC       rtmon.o
#23 10.87     LINK     rtmon
#23 10.88 
#23 10.88 tc
#23 10.88     CC       tc.o
#23 10.96     CC       tc_qdisc.o
#23 11.07     CC       tc_class.o
#23 11.17     CC       tc_filter.o
#23 11.33     CC       tc_util.o
#23 11.51     CC       tc_monitor.o
#23 11.54     CC       tc_exec.o
#23 11.57     CC       m_police.o
#23 11.65     CC       m_estimator.o
#23 11.68     CC       m_action.o
#23 11.83     CC       m_ematch.o
#23 11.93     YACC     emp_ematch.tab.c
#23 11.99     CC       emp_ematch.tab.o
#23 12.10     LEX      emp_ematch.lex.c
#23 12.11     CC       emp_ematch.lex.o
#23 12.28     CC       q_fifo.o
#23 12.32     CC       q_sfq.o
#23 12.38     CC       q_red.o
#23 12.46     CC       q_prio.o
#23 12.51     CC       q_skbprio.o
#23 12.54     CC       q_tbf.o
#23 12.63     CC       q_multiq.o
#23 12.66     CC       q_netem.o
#23 12.89     CC       q_choke.o
#23 12.96     CC       q_sfb.o
#23 13.02     CC       f_u32.o
#23 13.26     CC       f_route.o
#23 13.31     CC       f_fw.o
#23 13.36     CC       f_basic.o
#23 13.40     CC       f_bpf.o
#23 13.49     CC       f_flow.o
#23 13.57     CC       f_cgroup.o
#23 13.61     CC       f_flower.o
#23 13.62 In file included from ../include/uapi/linux/netdevice.h:29,
#23 13.62                  from ../include/uapi/linux/if_arp.h:27,
#23 13.62                  from f_flower.c:14:
#23 13.62 ../include/uapi/linux/if.h:134: warning: "IFF_VOLATILE" redefined
#23 13.62   134 | #define IFF_VOLATILE    (IFF_LOOPBACK|IFF_POINTOPOINT|IFF_BROADCAST|IFF_ECHO|\
#23 13.62       | 
#23 13.62 In file included from f_flower.c:12:
#23 13.62 /usr/include/net/if.h:48: note: this is the location of the previous definition
#23 13.62    48 | #define IFF_VOLATILE (IFF_LOOPBACK|IFF_POINTOPOINT|IFF_BROADCAST| \
#23 13.62       | 
#23 14.14     CC       q_gred.o
#23 14.24     CC       q_ingress.o
#23 14.28     CC       q_hfsc.o
#23 14.38     CC       q_htb.o
#23 14.48     CC       q_drr.o
#23 14.52     CC       q_qfq.o
#23 14.56     CC       m_gact.o
#23 14.61     CC       m_mirred.o
#23 14.68     CC       m_mpls.o
#23 14.77     CC       m_nat.o
#23 14.81     CC       m_pedit.o
#23 14.95     CC       m_ife.o
#23 15.02     CC       m_skbedit.o
#23 15.09     CC       m_skbmod.o
#23 15.14     CC       m_csum.o
#23 15.21     CC       m_simple.o
#23 15.25     CC       m_vlan.o
#23 15.32     CC       m_connmark.o
#23 15.35     CC       m_ctinfo.o
#23 15.41     CC       m_bpf.o
#23 15.47     CC       m_tunnel_key.o
#23 15.58     CC       m_sample.o
#23 15.63     CC       m_ct.o
#23 15.74     CC       m_gate.o
#23 15.83     CC       p_ip.o
#23 15.88     CC       p_ip6.o
#23 15.92     CC       p_icmp.o
#23 15.94     CC       p_eth.o
#23 15.97     CC       p_tcp.o
#23 16.00     CC       p_udp.o
#23 16.03     CC       em_nbyte.o
#23 16.07     CC       em_cmp.o
#23 16.13     CC       em_u32.o
#23 16.19     CC       em_canid.o
#23 16.24     CC       em_meta.o
#23 16.35     CC       q_mqprio.o
#23 16.47     CC       q_codel.o
#23 16.52     CC       q_fq_codel.o
#23 16.62     CC       q_fq.o
#23 16.76     CC       q_pie.o
#23 16.82     CC       q_fq_pie.o
#23 16.89     CC       q_cake.o
#23 17.07     CC       q_hhf.o
#23 17.14     CC       q_clsact.o
#23 17.17     CC       e_bpf.o
#23 17.22     CC       f_matchall.o
#23 17.27     CC       q_cbs.o
#23 17.31     CC       q_etf.o
#23 17.35     CC       q_taprio.o
#23 17.47     CC       q_plug.o
#23 17.50     CC       q_ets.o
#23 17.58     CC       em_ipt.o
#23 17.60 In file included from tc_util.h:7,
#23 17.60                  from m_ematch.h:11,
#23 17.60                  from em_ipt.c:13:
#23 17.60 ../include/uapi/linux/if.h:134: warning: "IFF_VOLATILE" redefined
#23 17.60   134 | #define IFF_VOLATILE    (IFF_LOOPBACK|IFF_POINTOPOINT|IFF_BROADCAST|IFF_ECHO|\
#23 17.60       | 
#23 17.60 In file included from ../include/xtables.h:17,
#23 17.60                  from em_ipt.c:12:
#23 17.60 /usr/include/net/if.h:48: note: this is the location of the previous definition
#23 17.60    48 | #define IFF_VOLATILE (IFF_LOOPBACK|IFF_POINTOPOINT|IFF_BROADCAST| \
#23 17.60       | 
#23 17.63     CC       em_ipset.o
#23 17.65 In file included from tc_util.h:7,
#23 17.65                  from m_ematch.h:11,
#23 17.65                  from em_ipset.c:39:
#23 17.65 ../include/uapi/linux/if.h:134: warning: "IFF_VOLATILE" redefined
#23 17.65   134 | #define IFF_VOLATILE    (IFF_LOOPBACK|IFF_POINTOPOINT|IFF_BROADCAST|IFF_ECHO|\
#23 17.65       | 
#23 17.65 In file included from ../include/xtables.h:17,
#23 17.65                  from em_ipset.c:23:
#23 17.65 /usr/include/net/if.h:48: note: this is the location of the previous definition
#23 17.65    48 | #define IFF_VOLATILE (IFF_LOOPBACK|IFF_POINTOPOINT|IFF_BROADCAST| \
#23 17.65       | 
#23 17.68     CC       tc_core.o
#23 17.75     CC       tc_red.o
#23 17.79     CC       tc_estimator.o
#23 17.82     CC       tc_stab.o
#23 17.89     CC       tc_qevent.o
#23 17.95     AR       libtc.a
#23 17.95     LINK     tc
#23 17.98 rm emp_ematch.lex.c
#23 17.98 
#23 17.98 bridge
#23 17.98     CC       bridge.o
#23 18.03     CC       fdb.o
#23 18.21     CC       monitor.o
#23 18.25     CC       link.o
#23 18.40     CC       mdb.o
#23 18.59     CC       vlan.o
#23 18.60 In file included from vlan.c:14:
#23 18.60 ../include/json_print.h:80:30: warning: 'struct timeval' declared inside parameter list will not be visible outside of this definition or declaration
#23 18.60    80 | _PRINT_FUNC(tv, const struct timeval *)
#23 18.60       |                              ^~~~~~~
#23 18.60 ../include/json_print.h:50:37: note: in definition of macro '_PRINT_FUNC'
#23 18.60    50 |                                     type value);                        \
#23 18.60       |                                     ^~~~
#23 18.60 ../include/json_print.h:80:30: warning: 'struct timeval' declared inside parameter list will not be visible outside of this definition or declaration
#23 18.60    80 | _PRINT_FUNC(tv, const struct timeval *)
#23 18.60       |                              ^~~~~~~
#23 18.60 ../include/json_print.h:55:45: note: in definition of macro '_PRINT_FUNC'
#23 18.60    55 |                                             type value)                 \
#23 18.60       |                                             ^~~~
#23 18.60 ../include/json_print.h: In function 'print_tv':
#23 18.60 ../include/json_print.h:58:48: warning: passing argument 5 of 'print_color_tv' from incompatible pointer type [-Wincompatible-pointer-types]
#23 18.60    58 |                                                value);                  \
#23 18.60       |                                                ^~~~~
#23 18.60       |                                                |
#23 18.60       |                                                const struct timeval *
#23 18.60 ../include/json_print.h:80:1: note: in expansion of macro '_PRINT_FUNC'
#23 18.60    80 | _PRINT_FUNC(tv, const struct timeval *)
#23 18.60       | ^~~~~~~~~~~
#23 18.60 ../include/json_print.h:50:42: note: expected 'const struct timeval *' but argument is of type 'const struct timeval *'
#23 18.60    50 |                                     type value);                        \
#23 18.60       |                                          ^
#23 18.60 ../include/json_print.h:80:1: note: in expansion of macro '_PRINT_FUNC'
#23 18.60    80 | _PRINT_FUNC(tv, const struct timeval *)
#23 18.60       | ^~~~~~~~~~~
#23 18.81     CC       vni.o
#23 18.83 In file included from vni.c:19:
#23 18.83 ../include/json_print.h:80:30: warning: 'struct timeval' declared inside parameter list will not be visible outside of this definition or declaration
#23 18.83    80 | _PRINT_FUNC(tv, const struct timeval *)
#23 18.83       |                              ^~~~~~~
#23 18.83 ../include/json_print.h:50:37: note: in definition of macro '_PRINT_FUNC'
#23 18.83    50 |                                     type value);                        \
#23 18.83       |                                     ^~~~
#23 18.83 ../include/json_print.h:80:30: warning: 'struct timeval' declared inside parameter list will not be visible outside of this definition or declaration
#23 18.83    80 | _PRINT_FUNC(tv, const struct timeval *)
#23 18.83       |                              ^~~~~~~
#23 18.83 ../include/json_print.h:55:45: note: in definition of macro '_PRINT_FUNC'
#23 18.83    55 |                                             type value)                 \
#23 18.83       |                                             ^~~~
#23 18.83 ../include/json_print.h: In function 'print_tv':
#23 18.83 ../include/json_print.h:58:48: warning: passing argument 5 of 'print_color_tv' from incompatible pointer type [-Wincompatible-pointer-types]
#23 18.83    58 |                                                value);                  \
#23 18.83       |                                                ^~~~~
#23 18.83       |                                                |
#23 18.83       |                                                const struct timeval *
#23 18.83 ../include/json_print.h:80:1: note: in expansion of macro '_PRINT_FUNC'
#23 18.83    80 | _PRINT_FUNC(tv, const struct timeval *)
#23 18.83       | ^~~~~~~~~~~
#23 18.83 ../include/json_print.h:50:42: note: expected 'const struct timeval *' but argument is of type 'const struct timeval *'
#23 18.83    50 |                                     type value);                        \
#23 18.83       |                                          ^
#23 18.83 ../include/json_print.h:80:1: note: in expansion of macro '_PRINT_FUNC'
#23 18.83    80 | _PRINT_FUNC(tv, const struct timeval *)
#23 18.83       | ^~~~~~~~~~~
#23 18.90     LINK     bridge
#23 18.91 
#23 18.91 misc
#23 18.91     CC       ss.o
#23 18.93 In file included from ../include/uapi/linux/tipc.h:42,
#23 18.93                  from ss.c:49:
#23 18.93 ../include/uapi/linux/sockios.h:42: warning: "SIOCGSTAMP" redefined
#23 18.93    42 | #define SIOCGSTAMP      SIOCGSTAMP_OLD
#23 18.93       | 
#23 18.93 In file included from /usr/include/sys/ioctl.h:10,
#23 18.93                  from ss.c:12:
#23 18.93 /usr/include/bits/ioctl.h:111: note: this is the location of the previous definition
#23 18.93   111 | #define SIOCGSTAMP      0x8906
#23 18.93       | 
#23 18.93 ../include/uapi/linux/sockios.h:43: warning: "SIOCGSTAMPNS" redefined
#23 18.93    43 | #define SIOCGSTAMPNS    SIOCGSTAMPNS_OLD
#23 18.93       | 
#23 18.93 /usr/include/bits/ioctl.h:112: note: this is the location of the previous definition
#23 18.93   112 | #define SIOCGSTAMPNS    0x8907
#23 18.93       | 
#23 19.82     CC       ssfilter_check.o
#23 19.85     YACC     ssfilter.tab.c
#23 19.91     CC       ssfilter.tab.o
#23 20.02     LINK     ss
#23 20.03     CC       nstat
#23 20.04 In file included from nstat.c:20:
#23 20.04 /usr/include/sys/poll.h:1:2: warning: #warning redirecting incorrect #include <sys/poll.h> to <poll.h> [-Wcpp]
#23 20.04     1 | #warning redirecting incorrect #include <sys/poll.h> to <poll.h>
#23 20.04       |  ^~~~~~~
#23 20.19     CC       ifstat
#23 20.20 In file included from ifstat.c:20:
#23 20.20 /usr/include/sys/poll.h:1:2: warning: #warning redirecting incorrect #include <sys/poll.h> to <poll.h> [-Wcpp]
#23 20.20     1 | #warning redirecting incorrect #include <sys/poll.h> to <poll.h>
#23 20.20       |  ^~~~~~~
#23 20.37     CC       rtacct
#23 20.38 In file included from rtacct.c:19:
#23 20.38 /usr/include/sys/poll.h:1:2: warning: #warning redirecting incorrect #include <sys/poll.h> to <poll.h> [-Wcpp]
#23 20.38     1 | #warning redirecting incorrect #include <sys/poll.h> to <poll.h>
#23 20.38       |  ^~~~~~~
#23 20.50     CC       lnstat.o
#23 20.57     CC       lnstat_util.o
#23 20.63     LINK     lnstat
#23 20.64 
#23 20.64 netem
#23 20.64 gcc  -I../include -o maketable maketable.c -lm
#23 20.68 gcc  -I../include -o normal normal.c -lm
#23 20.70 gcc  -I../include -o pareto pareto.c -lm
#23 20.73 gcc  -I../include -o paretonormal paretonormal.c -lm
#23 20.75 ./normal > normal.dist
#23 20.76 ./pareto > pareto.dist
#23 20.76 ./paretonormal > paretonormal.dist
#23 20.77 ./maketable experimental.dat > experimental.dist
#23 20.78 
#23 20.78 genl
#23 20.78     CC       genl.o
#23 20.82     CC       ctrl.o
#23 20.89     LINK     genl
#23 20.91 
#23 20.91 man
#23 20.91 make[2]: Nothing to be done for 'all'.
#23 20.91 make[2]: Nothing to be done for 'all'.
#23 20.91 sed \
#23 20.91 	-e "s|@NETNS_ETC_DIR@|/etc/netns|g" \
#23 20.91 	-e "s|@NETNS_RUN_DIR@|/var/run/netns|g" \
#23 20.91 	-e "s|@SYSCONF_ETC_DIR@|/etc/iproute2|g" \
#23 20.91 	-e "s|@SYSCONF_USR_DIR@|/usr/share/iproute2|g" \
#23 20.91 	ip-address.8.in > ip-address.8
#23 20.91 sed \
#23 20.91 	-e "s|@NETNS_ETC_DIR@|/etc/netns|g" \
#23 20.91 	-e "s|@NETNS_RUN_DIR@|/var/run/netns|g" \
#23 20.91 	-e "s|@SYSCONF_ETC_DIR@|/etc/iproute2|g" \
#23 20.91 	-e "s|@SYSCONF_USR_DIR@|/usr/share/iproute2|g" \
#23 20.91 	ip-link.8.in > ip-link.8
#23 20.92 sed \
#23 20.92 	-e "s|@NETNS_ETC_DIR@|/etc/netns|g" \
#23 20.92 	-e "s|@NETNS_RUN_DIR@|/var/run/netns|g" \
#23 20.92 	-e "s|@SYSCONF_ETC_DIR@|/etc/iproute2|g" \
#23 20.92 	-e "s|@SYSCONF_USR_DIR@|/usr/share/iproute2|g" \
#23 20.92 	ip-netns.8.in > ip-netns.8
#23 20.92 sed \
#23 20.92 	-e "s|@NETNS_ETC_DIR@|/etc/netns|g" \
#23 20.92 	-e "s|@NETNS_RUN_DIR@|/var/run/netns|g" \
#23 20.92 	-e "s|@SYSCONF_ETC_DIR@|/etc/iproute2|g" \
#23 20.92 	-e "s|@SYSCONF_USR_DIR@|/usr/share/iproute2|g" \
#23 20.92 	ip-route.8.in > ip-route.8
#23 20.92 
#23 20.92 tipc
#23 20.93     CC       bearer.o
#23 21.10     CC       cmdl.o
#23 21.14     CC       link.o
#23 21.35     CC       media.o
#23 21.40     CC       misc.o
#23 21.46     CC       msg.o
#23 21.48     CC       nametable.o
#23 21.52     CC       node.o
#23 21.60     CC       socket.o
#23 21.63     CC       peer.o
#23 21.67     CC       tipc.o
#23 21.70     LINK     tipc
#23 21.71 
#23 21.71 devlink
#23 21.72     CC       devlink.o
#23 23.38     CC       mnlg.o
#23 23.42     LINK     devlink
#23 23.43 
#23 23.43 rdma
#23 23.43     CC       rdma.o
#23 23.45 rdma.c: In function 'main':
#23 23.45 rdma.c:110:20: warning: implicit declaration of function 'basename'; did you mean 'rename'? [-Wimplicit-function-declaration]
#23 23.45   110 |         filename = basename(argv[0]);
#23 23.45       |                    ^~~~~~~~
#23 23.45       |                    rename
#23 23.45 rdma.c:110:18: warning: assignment to 'char *' from 'int' makes pointer from integer without a cast [-Wint-conversion]
#23 23.45   110 |         filename = basename(argv[0]);
#23 23.45       |                  ^
#23 23.48     CC       utils.o
#23 23.66     CC       dev.o
#23 23.73     CC       link.o
#23 23.80     CC       res.o
#23 23.91     CC       res-pd.o
#23 23.96     CC       res-mr.o
#23 24.00     CC       res-cq.o
#23 24.06     CC       res-cmid.o
#23 24.12     CC       res-qp.o
#23 24.17     CC       sys.o
#23 24.22     CC       stat.o
#23 24.43     CC       stat-mr.o
#23 24.47     CC       res-ctx.o
#23 24.51     CC       res-srq.o
#23 24.58     LINK     rdma
#23 24.59 
#23 24.59 dcb
#23 24.59     CC       dcb.o
#23 24.71     CC       dcb_app.o
#23 24.92     CC       dcb_buffer.o
#23 24.98     CC       dcb_dcbx.o
#23 25.04     CC       dcb_ets.o
#23 25.12     CC       dcb_maxrate.o
#23 25.17     CC       dcb_pfc.o
#23 25.24     CC       dcb_apptrust.o
#23 25.30     CC       dcb_rewr.o
#23 25.40     LINK     dcb
#23 25.41 
#23 25.41 vdpa
#23 25.41     CC       vdpa.o
#23 25.42 In file included from vdpa.c:19:
#23 25.42 ../include/json_print.h:80:30: warning: 'struct timeval' declared inside parameter list will not be visible outside of this definition or declaration
#23 25.42    80 | _PRINT_FUNC(tv, const struct timeval *)
#23 25.42       |                              ^~~~~~~
#23 25.42 ../include/json_print.h:50:37: note: in definition of macro '_PRINT_FUNC'
#23 25.42    50 |                                     type value);                        \
#23 25.42       |                                     ^~~~
#23 25.42 ../include/json_print.h:80:30: warning: 'struct timeval' declared inside parameter list will not be visible outside of this definition or declaration
#23 25.42    80 | _PRINT_FUNC(tv, const struct timeval *)
#23 25.42       |                              ^~~~~~~
#23 25.42 ../include/json_print.h:55:45: note: in definition of macro '_PRINT_FUNC'
#23 25.42    55 |                                             type value)                 \
#23 25.42       |                                             ^~~~
#23 25.42 ../include/json_print.h: In function 'print_tv':
#23 25.42 ../include/json_print.h:58:48: warning: passing argument 5 of 'print_color_tv' from incompatible pointer type [-Wincompatible-pointer-types]
#23 25.42    58 |                                                value);                  \
#23 25.42       |                                                ^~~~~
#23 25.42       |                                                |
#23 25.42       |                                                const struct timeval *
#23 25.42 ../include/json_print.h:80:1: note: in expansion of macro '_PRINT_FUNC'
#23 25.42    80 | _PRINT_FUNC(tv, const struct timeval *)
#23 25.42       | ^~~~~~~~~~~
#23 25.42 ../include/json_print.h:50:42: note: expected 'const struct timeval *' but argument is of type 'const struct timeval *'
#23 25.42    50 |                                     type value);                        \
#23 25.42       |                                          ^
#23 25.42 ../include/json_print.h:80:1: note: in expansion of macro '_PRINT_FUNC'
#23 25.42    80 | _PRINT_FUNC(tv, const struct timeval *)
#23 25.42       | ^~~~~~~~~~~
#23 25.57     LINK     vdpa
#23 DONE 25.6s

#24 [20/22] RUN git clone --no-single-branch --depth=1 https://github.com/linux-netdev/testing.git /nipa-data/kernel
#24 0.337 Cloning into '/nipa-data/kernel'...
#24 87.68 Updating files:  16% (14011/83283)Updating files:  17% (14159/83283)Updating files:  18% (14991/83283)Updating files:  19% (15824/83283)Updating files:  20% (16657/83283)Updating files:  21% (17490/83283)Updating files:  22% (18323/83283)Updating files:  23% (19156/83283)Updating files:  24% (19988/83283)Updating files:  25% (20821/83283)Updating files:  26% (21654/83283)Updating files:  27% (22487/83283)Updating files:  28% (23320/83283)Updating files:  29% (24153/83283)Updating files:  30% (24985/83283)Updating files:  31% (25818/83283)Updating files:  32% (26651/83283)Updating files:  33% (27484/83283)Updating files:  33% (28113/83283)Updating files:  34% (28317/83283)Updating files:  35% (29150/83283)Updating files:  36% (29982/83283)Updating files:  37% (30815/83283)Updating files:  38% (31648/83283)Updating files:  39% (32481/83283)Updating files:  40% (33314/83283)Updating files:  40% (33568/83283)Updating files:  41% (34147/83283)Updating files:  42% (34979/83283)Updating files:  43% (35812/83283)Updating files:  44% (36645/83283)Updating files:  45% (37478/83283)Updating files:  46% (38311/83283)Updating files:  47% (39144/83283)Updating files:  48% (39976/83283)Updating files:  49% (40809/83283)Updating files:  49% (41564/83283)Updating files:  50% (41642/83283)Updating files:  51% (42475/83283)Updating files:  52% (43308/83283)Updating files:  53% (44140/83283)Updating files:  54% (44973/83283)Updating files:  55% (45806/83283)Updating files:  56% (46639/83283)Updating files:  57% (47472/83283)Updating files:  58% (48305/83283)Updating files:  59% (49137/83283)Updating files:  60% (49970/83283)Updating files:  61% (50803/83283)Updating files:  62% (51636/83283)Updating files:  63% (52469/83283)Updating files:  63% (52580/83283)Updating files:  64% (53302/83283)Updating files:  65% (54134/83283)Updating files:  66% (54967/83283)Updating files:  67% (55800/83283)Updating files:  68% (56633/83283)Updating files:  69% (57466/83283)Updating files:  70% (58299/83283)Updating files:  71% (59131/83283)Updating files:  72% (59964/83283)Updating files:  73% (60797/83283)Updating files:  74% (61630/83283)Updating files:  75% (62463/83283)Updating files:  76% (63296/83283)Updating files:  77% (64128/83283)Updating files:  77% (64549/83283)Updating files:  78% (64961/83283)Updating files:  79% (65794/83283)Updating files:  80% (66627/83283)Updating files:  81% (67460/83283)Updating files:  82% (68293/83283)Updating files:  83% (69125/83283)Updating files:  84% (69958/83283)Updating files:  85% (70791/83283)Updating files:  86% (71624/83283)Updating files:  87% (72457/83283)Updating files:  88% (73290/83283)Updating files:  89% (74122/83283)Updating files:  90% (74955/83283)Updating files:  91% (75788/83283)Updating files:  92% (76621/83283)Updating files:  93% (77454/83283)Updating files:  94% (78287/83283)Updating files:  95% (79119/83283)Updating files:  95% (79468/83283)Updating files:  96% (79952/83283)Updating files:  97% (80785/83283)Updating files:  98% (81618/83283)Updating files:  99% (82451/83283)Updating files: 100% (83283/83283)Updating files: 100% (83283/83283), done.
#24 DONE 95.7s

#25 [21/22] RUN git clone --depth=1 -b dev https://github.com/p4tc-dev/new-nipa.git nipa
#25 0.757 Cloning into 'nipa'...
#25 DONE 1.9s

#26 [22/22] COPY entrypoint.sh /entrypoint.sh
#26 DONE 0.5s

#27 exporting to image
#27 exporting layers
#27 exporting layers 7.4s done
#27 writing image sha256:7b6485fdf8d741ec7cd69d4536aeee52a9fd93dfb0b08a310276114a0ee92b5c 0.0s done
#27 naming to docker.io/library/nipa-executor 0.1s done
#27 DONE 7.5s
NIPA version: 9d4ceb4 (fetcher: support local kernel patches, 2024-02-05)
INFO: Last run date: 2024-03-08 03:00:09.717905+00:00
Testing  {'branch': 'net-next-2024-03-08--06-00', 'date': '2024-03-08T06:00:19.298598+00:00', 'base': '739050864f6c3b72d96c22693fb1294d731a3411', 'url': 'https://github.com/linux-netdev/testing.git net-next-2024-03-08--06-00'}
branch 'net-next-2024-03-08--06-00' set up to track 'origin/net-next-2024-03-08--06-00'.
Switched to a new branch 'net-next-2024-03-08--06-00'
error: No valid patches in input (allow with "--allow-empty")
Checking patch tools/testing/selftests/tc-testing/tdc_config.py...
Applied patch tools/testing/selftests/tc-testing/tdc_config.py cleanly.
Run at 2024-03-08 06:05:00.567010
INFO: building kernel
INFO: starting VM 0
INFO: thr0-1 VM starting: vng -v -r arch/x86/boot/bzImage --user root --rwdir=/nipa-data/kernel/
INFO: thr0-1 expecting prompt: '/nipa-data/kernel# '
INFO: thr0-1 reached initial prompt
INFO: thr-0 testing == tdc.sh
INFO: thr-0 tdc.sh >> retcode: 0 result: pass found {'fail': False, 'skip': False, 'pass': True}
INFO: thr-0 has no more work, exiting
INFO: thr0-1 VM stopped
Done at 2024-03-08 06:08:23.964311
NIPA quitting!
/
~/nipa/tc-executor/tc-executor-storage /
sort: write failed: 'standard output': Broken pipe
sort: write error
