~/nipa/tc-executor/tc-executor-storage /
Switched to branch 'storage'
Your branch is ahead of 'origin/storage' by 594 commits.
  (use "git push" to publish your local commits)
/
~/nipa/tc-executor /
Error response from daemon: No such image: nipa-executor:latest
#0 building with "default" instance using docker driver

#1 [internal] load build definition from Dockerfile
#1 transferring dockerfile: 2.05kB done
#1 DONE 0.0s

#2 [internal] load .dockerignore
#2 transferring context: 2B done
#2 DONE 0.0s

#3 [internal] load metadata for docker.io/library/alpine:edge
#3 DONE 0.0s

#4 [ 1/22] FROM docker.io/library/alpine:edge
#4 CACHED

#5 [internal] load build context
#5 transferring context: 3.02kB done
#5 DONE 0.0s

#6 [ 2/22] RUN echo false > debug-mode
#6 DONE 0.7s

#7 [ 3/22] RUN addgroup -g 1001 hostuser
#7 DONE 0.4s

#8 [ 4/22] RUN adduser -u 1001 -G hostuser -H -D -s /bin/ash hostuser
#8 DONE 0.4s

#9 [ 5/22] RUN echo '@testing http://dl-cdn.alpinelinux.org/alpine/edge/testing' >> /etc/apk/repositories
#9 DONE 0.4s

#10 [ 6/22] RUN echo '@community http://dl-cdn.alpinelinux.org/alpine/edge/community' >> /etc/apk/repositories
#10 DONE 0.4s

#11 [ 7/22] RUN apk update && apk add --no-cache    virtme-ng@testing    git    py3-requests    py3-psutil    py3-setuptools    py3-pyroute2    py3-argcomplete    qemu-system-x86_64@community    scapy@community    make    gcc    musl-dev    flex    bison    linux-headers    elfutils-dev    util-linux    coreutils    diffutils    findutils    file    bash    kmod    perl    iptables-dev    libcap-dev    libmnl-dev    iproute2     jq    libbpf-dev    rsync    openssl-dev
#11 0.338 fetch https://dl-cdn.alpinelinux.org/alpine/edge/main/x86_64/APKINDEX.tar.gz
#11 0.555 fetch https://dl-cdn.alpinelinux.org/alpine/edge/community/x86_64/APKINDEX.tar.gz
#11 0.763 fetch http://dl-cdn.alpinelinux.org/alpine/edge/testing/x86_64/APKINDEX.tar.gz
#11 0.973 fetch http://dl-cdn.alpinelinux.org/alpine/edge/community/x86_64/APKINDEX.tar.gz
#11 1.225 v20240329-3036-g69119c38947 [https://dl-cdn.alpinelinux.org/alpine/edge/main]
#11 1.225 v20240329-3039-g80d83eb0313 [https://dl-cdn.alpinelinux.org/alpine/edge/community]
#11 1.225 v20240329-2994-gdcf21006d9f [http://dl-cdn.alpinelinux.org/alpine/edge/testing]
#11 1.225 v20240329-3039-g80d83eb0313 [http://dl-cdn.alpinelinux.org/alpine/edge/community]
#11 1.225 OK: 31275 distinct packages available
#11 1.281 fetch https://dl-cdn.alpinelinux.org/alpine/edge/main/x86_64/APKINDEX.tar.gz
#11 1.394 fetch https://dl-cdn.alpinelinux.org/alpine/edge/community/x86_64/APKINDEX.tar.gz
#11 1.487 fetch http://dl-cdn.alpinelinux.org/alpine/edge/testing/x86_64/APKINDEX.tar.gz
#11 1.577 fetch http://dl-cdn.alpinelinux.org/alpine/edge/community/x86_64/APKINDEX.tar.gz
#11 1.843 (1/176) Upgrading musl (1.2.4_git20230717-r5 -> 1.2.5-r0)
#11 1.860 (2/176) Upgrading libcrypto3 (3.1.4-r2 -> 3.3.0-r1)
#11 1.892 (3/176) Upgrading libssl3 (3.1.4-r2 -> 3.3.0-r1)
#11 1.912 (4/176) Upgrading zlib (1.3-r2 -> 1.3.1-r1)
#11 1.924 (5/176) Installing ncurses-terminfo-base (6.4_p20240330-r0)
#11 1.938 (6/176) Installing libncursesw (6.4_p20240330-r0)
#11 1.955 (7/176) Installing readline (8.2.10-r0)
#11 1.969 (8/176) Installing bash (5.2.26-r0)
#11 1.989 Executing bash-5.2.26-r0.post-install
#11 1.992 (9/176) Installing m4 (1.4.19-r3)
#11 2.007 (10/176) Installing bison (3.8.2-r1)
#11 2.027 (11/176) Installing coreutils-env (9.5-r1)
#11 2.039 (12/176) Installing coreutils-fmt (9.5-r1)
#11 2.051 (13/176) Installing coreutils-sha512sum (9.5-r1)
#11 2.071 (14/176) Installing libacl (2.3.2-r0)
#11 2.083 (15/176) Installing libattr (2.5.2-r0)
#11 2.095 (16/176) Installing skalibs (2.14.1.1-r0)
#11 2.109 (17/176) Installing utmps-libs (0.1.2.2-r1)
#11 2.120 (18/176) Installing coreutils (9.5-r1)
#11 2.152 (19/176) Installing diffutils (3.10-r0)
#11 2.167 (20/176) Installing zstd-libs (1.5.6-r0)
#11 2.184 (21/176) Installing libelf (0.191-r0)
#11 2.285 (22/176) Installing libbz2 (1.0.8-r6)
#11 2.298 (23/176) Installing musl-fts (1.2.7-r6)
#11 2.310 (24/176) Installing xz-libs (5.6.1-r3)
#11 2.325 (25/176) Installing libdw (0.191-r0)
#11 2.341 (26/176) Installing libasm (0.191-r0)
#11 2.353 (27/176) Installing xz (5.6.1-r3)
#11 2.367 (28/176) Installing pkgconf (2.2.0-r0)
#11 2.380 (29/176) Installing xz-dev (5.6.1-r3)
#11 2.394 (30/176) Installing libgcc (13.2.1_git20240309-r0)
#11 2.410 (31/176) Installing libstdc++ (13.2.1_git20240309-r0)
#11 2.434 (32/176) Installing zstd (1.5.6-r0)
#11 2.449 (33/176) Installing zstd-dev (1.5.6-r0)
#11 2.462 (34/176) Installing zlib-dev (1.3.1-r1)
#11 2.475 (35/176) Installing elfutils-dev (0.191-r0)
#11 2.496 (36/176) Installing libmagic (5.45-r1)
#11 2.527 (37/176) Installing file (5.45-r1)
#11 2.539 (38/176) Installing findutils (4.9.0-r5)
#11 2.554 (39/176) Installing flex (2.6.4-r6)
#11 2.568 (40/176) Installing jansson (2.14-r4)
#11 2.582 (41/176) Installing binutils (2.42-r0)
#11 2.644 (42/176) Installing libgomp (13.2.1_git20240309-r0)
#11 2.659 (43/176) Installing libatomic (13.2.1_git20240309-r0)
#11 2.671 (44/176) Installing gmp (6.3.0-r0)
#11 2.686 (45/176) Installing isl26 (0.26-r1)
#11 2.711 (46/176) Installing mpfr4 (4.2.1-r0)
#11 2.728 (47/176) Installing mpc1 (1.3.1-r1)
#11 2.742 (48/176) Installing gcc (13.2.1_git20240309-r0)
#11 3.268 (49/176) Installing ca-certificates (20240226-r0)
#11 3.290 (50/176) Installing brotli-libs (1.1.0-r2)
#11 3.307 (51/176) Installing c-ares (1.28.1-r0)
#11 3.321 (52/176) Installing libunistring (1.2-r0)
#11 3.341 (53/176) Installing libidn2 (2.3.7-r0)
#11 3.355 (54/176) Installing nghttp2-libs (1.61.0-r0)
#11 3.368 (55/176) Installing libpsl (0.21.5-r1)
#11 3.383 (56/176) Installing libcurl (8.7.1-r0)
#11 3.399 (57/176) Installing libexpat (2.6.2-r0)
#11 3.413 (58/176) Installing pcre2 (10.43-r0)
#11 3.430 (59/176) Installing git (2.45.0-r0)
#11 3.485 (60/176) Installing git-init-template (2.45.0-r0)
#11 3.498 (61/176) Installing libcap2 (2.69-r1)
#11 3.511 (62/176) Installing libmnl (1.0.5-r2)
#11 3.522 (63/176) Installing iproute2-minimal (6.8.0-r0)
#11 3.539 (64/176) Installing libxtables (1.8.10-r3)
#11 3.552 (65/176) Installing iproute2-tc (6.8.0-r0)
#11 3.568 (66/176) Installing iproute2-ss (6.8.0-r0)
#11 3.581 (67/176) Installing iproute2 (6.8.0-r0)
#11 3.597 Executing iproute2-6.8.0-r0.post-install
#11 3.600 (68/176) Installing linux-headers (6.6-r0)
#11 3.682 (69/176) Installing libip4tc (1.8.10-r3)
#11 3.694 (70/176) Installing libip6tc (1.8.10-r3)
#11 3.706 (71/176) Installing libipq (1.8.10-r3)
#11 3.719 (72/176) Installing iptables-dev (1.8.10-r3)
#11 3.732 (73/176) Installing oniguruma (6.9.9-r0)
#11 3.748 (74/176) Installing jq (1.7.1-r0)
#11 3.765 (75/176) Installing kmod (32-r0)
#11 3.779 (76/176) Installing libbpf (1.4.1-r0)
#11 3.897 (77/176) Installing libbpf-dev (1.4.1-r0)
#11 4.010 (78/176) Installing libcap-dev (2.69-r1)
#11 4.022 (79/176) Installing libmnl-dev (1.0.5-r2)
#11 4.034 (80/176) Installing make (4.4.1-r2)
#11 4.050 (81/176) Installing musl-dev (1.2.5-r0)
#11 4.101 (82/176) Installing openssl-dev (3.3.0-r1)
#11 4.128 (83/176) Installing perl (5.38.2-r0)
#11 4.313 (84/176) Installing perl-error (0.17029-r2)
#11 4.326 (85/176) Installing perl-git (2.45.0-r0)
#11 4.339 (86/176) Installing git-perl (2.45.0-r0)
#11 4.351 (87/176) Installing libffi (3.4.6-r0)
#11 4.363 (88/176) Installing gdbm (1.23-r1)
#11 4.377 (89/176) Installing mpdecimal (4.0.0-r0)
#11 4.391 (90/176) Installing libpanelw (6.4_p20240330-r0)
#11 4.403 (91/176) Installing sqlite-libs (3.45.3-r0)
#11 4.425 (92/176) Installing python3 (3.12.3-r1)
#11 4.551 (93/176) Installing python3-pycache-pyc0 (3.12.3-r1)
#11 4.634 (94/176) Installing pyc (3.12.3-r1)
#11 4.646 (95/176) Installing py3-argcomplete-pyc (3.3.0-r0)
#11 4.659 (96/176) Installing python3-pyc (3.12.3-r1)
#11 4.670 (97/176) Installing py3-argcomplete (3.3.0-r0)
#11 4.683 (98/176) Installing py3-psutil (5.9.8-r1)
#11 4.698 (99/176) Installing py3-psutil-pyc (5.9.8-r1)
#11 4.714 (100/176) Installing py3-pyroute2 (0.7.12-r1)
#11 4.755 (101/176) Installing py3-pyroute2-pyc (0.7.12-r1)
#11 4.787 (102/176) Installing py3-certifi (2024.2.2-r1)
#11 4.799 (103/176) Installing py3-certifi-pyc (2024.2.2-r1)
#11 4.812 (104/176) Installing py3-charset-normalizer (3.3.2-r1)
#11 4.825 (105/176) Installing py3-charset-normalizer-pyc (3.3.2-r1)
#11 4.839 (106/176) Installing py3-idna (3.7-r0)
#11 4.857 (107/176) Installing py3-idna-pyc (3.7-r0)
#11 4.871 (108/176) Installing py3-urllib3 (1.26.18-r1)
#11 4.888 (109/176) Installing py3-urllib3-pyc (1.26.18-r1)
#11 4.905 (110/176) Installing py3-requests (2.31.0-r2)
#11 4.920 (111/176) Installing py3-requests-pyc (2.31.0-r2)
#11 4.933 (112/176) Installing py3-parsing (3.1.2-r1)
#11 4.948 (113/176) Installing py3-parsing-pyc (3.1.2-r1)
#11 4.967 (114/176) Installing py3-packaging (24.0-r1)
#11 4.981 (115/176) Installing py3-packaging-pyc (24.0-r1)
#11 4.995 (116/176) Installing py3-setuptools (69.5.1-r0)
#11 5.030 (117/176) Installing py3-setuptools-pyc (69.5.1-r0)
#11 5.081 (118/176) Installing libcap-ng (0.8.4-r0)
#11 5.094 (119/176) Installing libintl (0.22.5-r0)
#11 5.106 (120/176) Installing libeconf (0.6.2-r0)
#11 5.118 (121/176) Installing libblkid (2.40-r2)
#11 5.131 (122/176) Installing libmount (2.40-r2)
#11 5.145 (123/176) Installing glib (2.80.0-r3)
#11 5.184 (124/176) Installing numactl (2.0.18-r0)
#11 5.196 (125/176) Installing qemu (9.0.0-r0)
#11 5.213 Executing qemu-9.0.0-r0.pre-install
#11 5.317 Executing qemu-9.0.0-r0.post-install
#11 5.321 *
#11 5.321 * If you want to run VM as unprivileged user and let Qemu create tunX devices,
#11 5.321 * then you must add that user to the group "qemu".
#11 5.321 * If you use KVM for hardware-assisted virtualization, then you may also need
#11 5.321 * to add that user to the group "kvm".
#11 5.321 *
#11 5.322 (126/176) Installing qemu-bridge-helper (9.0.0-r0)
#11 5.344 (127/176) Installing libaio (0.3.113-r2)
#11 5.356 (128/176) Installing capstone (5.0.1-r4)
#11 5.385 (129/176) Installing nettle (3.9.1-r0)
#11 5.402 (130/176) Installing libtasn1 (4.19.0-r2)
#11 5.415 (131/176) Installing p11-kit (0.25.3-r0)
#11 5.434 (132/176) Installing gnutls (3.8.3-r0)
#11 5.457 (133/176) Installing libjpeg-turbo (3.0.2-r0)
#11 5.474 (134/176) Installing lzo (2.10-r5)
#11 5.487 (135/176) Installing pixman (0.43.2-r0)
#11 5.502 (136/176) Installing libpng (1.6.43-r0)
#11 5.516 (137/176) Installing libsasl (2.1.28-r6)
#11 5.530 (138/176) Installing libseccomp (2.5.5-r1)
#11 5.543 (139/176) Installing libslirp (4.7.0-r0)
#11 5.556 (140/176) Installing snappy (1.1.10-r2)
#11 5.569 (141/176) Installing liburing (2.6-r0)
#11 5.580 (142/176) Installing vde2-libs (2.3.3-r3)
#11 5.593 (143/176) Installing qemu-system-x86_64 (9.0.0-r0)
#11 5.703 (144/176) Installing lz4-libs (1.9.4-r5)
#11 5.716 (145/176) Installing popt (1.19-r3)
#11 5.728 (146/176) Installing libxxhash (0.8.2-r2)
#11 5.740 (147/176) Installing rsync (3.3.0-r0)
#11 5.756 (148/176) Installing scapy (2.5.0-r3)
#11 5.806 Executing scapy-2.5.0-r3.post-install
#11 5.808 *
#11 5.808 * Certain optional features of scapy also depend on the following packages:
#11 5.808 *     py3-matplotlib graphviz imagemagick py3-cryptography sox
#11 5.808 * And the following unpackaged dependencies:
#11 5.808 *     pyxi vpython-jupyter nmap<v4.23
#11 5.808 * More information can be found at https://scapy.readthedocs.io/en/latest/installation.html#optional-dependencies
#11 5.808 *
#11 5.808 (149/176) Installing scapy-pyc (2.5.0-r3)
#11 5.869 (150/176) Installing util-linux (2.40-r2)
#11 5.882 (151/176) Installing setarch (2.40-r2)
#11 5.894 (152/176) Installing libuuid (2.40-r2)
#11 5.906 (153/176) Installing libfdisk (2.40-r2)
#11 5.922 (154/176) Installing libsmartcols (2.40-r2)
#11 5.935 (155/176) Installing util-linux-misc (2.40-r2)
#11 5.965 (156/176) Installing linux-pam (1.6.0-r0)
#11 5.985 (157/176) Installing runuser (2.40-r2)
#11 5.997 (158/176) Installing mount (2.40-r2)
#11 6.009 (159/176) Installing losetup (2.40-r2)
#11 6.021 (160/176) Installing hexdump (2.40-r2)
#11 6.033 (161/176) Installing uuidgen (2.40-r2)
#11 6.045 (162/176) Installing blkid (2.40-r2)
#11 6.058 (163/176) Installing sfdisk (2.40-r2)
#11 6.071 (164/176) Installing mcookie (2.40-r2)
#11 6.082 (165/176) Installing agetty (2.40-r2)
#11 6.095 (166/176) Installing wipefs (2.40-r2)
#11 6.106 (167/176) Installing cfdisk (2.40-r2)
#11 6.119 (168/176) Installing umount (2.40-r2)
#11 6.130 (169/176) Installing flock (2.40-r2)
#11 6.142 (170/176) Installing lsblk (2.40-r2)
#11 6.155 (171/176) Installing setpriv (2.40-r2)
#11 6.167 (172/176) Installing logger (2.40-r2)
#11 6.179 (173/176) Installing partx (2.40-r2)
#11 6.193 (174/176) Installing fstrim (2.40-r2)
#11 6.213 (175/176) Installing findmnt (2.40-r2)
#11 6.225 (176/176) Installing virtme-ng@testing (1.23-r1)
#11 6.281 Executing busybox-1.36.1-r17.trigger
#11 6.285 Executing ca-certificates-20240226-r0.trigger
#11 6.306 Executing glib-2.80.0-r3.trigger
#11 6.311 OK: 384 MiB in 187 packages
#11 DONE 6.7s

#12 [ 8/22] RUN mkdir -p /tmp/kernel-patches &&     mkdir -p /tmp/iproute2-patches
#12 DONE 0.3s

#13 [ 9/22] COPY tdc.config /tmp
#13 DONE 0.0s

#14 [10/22] COPY tdc-debug.config /tmp
#14 DONE 0.0s

#15 [11/22] COPY kernel-patches /tmp/kernel-patches/
#15 DONE 0.1s

#16 [12/22] COPY iproute2-patches /tmp/iproute2-patches/
#16 DONE 0.0s

#17 [13/22] COPY configs /tmp/configs/
#17 DONE 0.0s

#18 [14/22] RUN git config --global user.email foo@bar.com
#18 DONE 0.3s

#19 [15/22] RUN git config --global user.name foo@bar.com
#19 DONE 0.4s

#20 [16/22] RUN git clone https://git.kernel.org/pub/scm/network/iproute2/iproute2-next.git /nipa-data/iproute2
#20 0.364 Cloning into '/nipa-data/iproute2'...
#20 DONE 2.3s

#21 [17/22] RUN cd /nipa-data/iproute2 && 	git remote add stable https://git.kernel.org/pub/scm/network/iproute2/iproute2.git && 	git fetch --all && 	git merge stable/main
#21 0.758 Fetching origin
#21 1.036 Fetching stable
#21 1.511 From https://git.kernel.org/pub/scm/network/iproute2/iproute2
#21 1.511  * [new branch]        codeql         -> stable/codeql
#21 1.512  * [new branch]        iproute2-4.1.x -> stable/iproute2-4.1.x
#21 1.512  * [new branch]        main           -> stable/main
#21 1.549 Auto-merging ip/iplink.c
#21 1.549 Auto-merging man/man8/ip-link.8.in
#21 1.549 Auto-merging tc/f_u32.c
#21 1.549 Auto-merging tc/m_sample.c
#21 1.609 Merge made by the 'ort' strategy.
#21 1.614  ip/ip.c                        | 10 +++++-----
#21 1.614  ip/iplink.c                    |  2 +-
#21 1.614  ip/iproute_lwtunnel.c          |  7 ++-----
#21 1.614  ip/rtmon.c                     |  4 ++--
#21 1.614  lib/exec.c                     |  7 ++++++-
#21 1.614  man/man8/ip-link.8.in          |  2 +-
#21 1.614  tc/f_u32.c                     |  2 +-
#21 1.614  tc/m_sample.c                  |  7 ++-----
#21 1.614  tc/tc.c                        |  2 +-
#21 1.614  vdpa/include/uapi/linux/vdpa.h |  6 +++---
#21 1.614  10 files changed, 24 insertions(+), 25 deletions(-)
#21 DONE 1.8s

#22 [18/22] RUN if [ "$(find /tmp/iproute2-patches/ -name *.patch)" ]; then  	cd /nipa-data/iproute2; 	git apply /tmp/iproute2-patches/*.patch;     fi
#22 DONE 0.9s

#23 [19/22] RUN cd /nipa-data/iproute2/ &&     ./configure &&     make
#23 0.768 TC schedulers
#23 0.769  IPT	using xtables
#23 0.796  IPSET  yes
#23 0.818 
#23 0.819 lib directory: /usr/lib
#23 0.819 libc has setns: yes
#23 0.838 libc has name_to_handle_at: yes
#23 0.859 SELinux support: no
#23 0.860 libtirpc support: no
#23 0.861 libbpf support: yes
#23 0.926 	libbpf version 1.4.1
#23 0.926 ELF support: yes
#23 0.928 libmnl support: yes
#23 0.930 Berkeley DB: no
#23 0.940 need for strlcpy: no
#23 0.960 libcap support: yes
#23 0.962 color output: never
#23 0.964 
#23 0.964 lib
#23 0.966     CC       libgenl.o
#23 0.979 In file included from ../include/libgenl.h:5,
#23 0.979                  from libgenl.c:12:
#23 0.979 ../include/libnetlink.h: In function 'rta_getattr_be64':
#23 0.979 ../include/libnetlink.h:280:16: warning: implicit declaration of function 'htobe64' [-Wimplicit-function-declaration]
#23 0.979   280 |         return htobe64(rta_getattr_u64(rta));
#23 0.979       |                ^~~~~~~
#23 1.005     CC       libnetlink.o
#23 1.295     CC       mnl_utils.o
#23 1.307 In file included from mnl_utils.c:12:
#23 1.307 ../include/libnetlink.h: In function 'rta_getattr_be64':
#23 1.308 ../include/libnetlink.h:280:16: warning: implicit declaration of function 'htobe64' [-Wimplicit-function-declaration]
#23 1.308   280 |         return htobe64(rta_getattr_u64(rta));
#23 1.308       |                ^~~~~~~
#23 1.377     AR       libnetlink.a
#23 1.379     CC       utils.o
#23 1.766     CC       utils_math.o
#23 1.815     CC       rt_names.o
#23 1.971     CC       ll_map.o
#23 1.987 In file included from ll_map.c:17:
#23 1.987 ../include/libnetlink.h: In function 'rta_getattr_be64':
#23 1.987 ../include/libnetlink.h:280:16: warning: implicit declaration of function 'htobe64' [-Wimplicit-function-declaration]
#23 1.987   280 |         return htobe64(rta_getattr_u64(rta));
#23 1.987       |                ^~~~~~~
#23 2.065     CC       ll_types.o
#23 2.077 In file included from ll_types.c:20:
#23 2.077 ../include/uapi/linux/sockios.h:42: warning: "SIOCGSTAMP" redefined
#23 2.077    42 | #define SIOCGSTAMP      SIOCGSTAMP_OLD
#23 2.077       | 
#23 2.077 In file included from /usr/include/sys/ioctl.h:10,
#23 2.077                  from ll_types.c:12:
#23 2.077 /usr/include/bits/ioctl.h:111: note: this is the location of the previous definition
#23 2.077   111 | #define SIOCGSTAMP      0x8906
#23 2.077       | 
#23 2.077 ../include/uapi/linux/sockios.h:43: warning: "SIOCGSTAMPNS" redefined
#23 2.077    43 | #define SIOCGSTAMPNS    SIOCGSTAMPNS_OLD
#23 2.077       | 
#23 2.077 /usr/include/bits/ioctl.h:112: note: this is the location of the previous definition
#23 2.077   112 | #define SIOCGSTAMPNS    0x8907
#23 2.077       | 
#23 2.092     CC       ll_proto.o
#23 2.105 In file included from ll_proto.c:21:
#23 2.105 ../include/uapi/linux/sockios.h:42: warning: "SIOCGSTAMP" redefined
#23 2.105    42 | #define SIOCGSTAMP      SIOCGSTAMP_OLD
#23 2.105       | 
#23 2.105 In file included from /usr/include/sys/ioctl.h:10,
#23 2.105                  from ll_proto.c:13:
#23 2.105 /usr/include/bits/ioctl.h:111: note: this is the location of the previous definition
#23 2.105   111 | #define SIOCGSTAMP      0x8906
#23 2.105       | 
#23 2.105 ../include/uapi/linux/sockios.h:43: warning: "SIOCGSTAMPNS" redefined
#23 2.105    43 | #define SIOCGSTAMPNS    SIOCGSTAMPNS_OLD
#23 2.105       | 
#23 2.105 /usr/include/bits/ioctl.h:112: note: this is the location of the previous definition
#23 2.105   112 | #define SIOCGSTAMPNS    0x8907
#23 2.105       | 
#23 2.119     CC       ll_addr.o
#23 2.133 In file included from ll_addr.c:20:
#23 2.133 ../include/uapi/linux/sockios.h:42: warning: "SIOCGSTAMP" redefined
#23 2.133    42 | #define SIOCGSTAMP      SIOCGSTAMP_OLD
#23 2.133       | 
#23 2.133 In file included from /usr/include/sys/ioctl.h:10,
#23 2.133                  from ll_addr.c:12:
#23 2.133 /usr/include/bits/ioctl.h:111: note: this is the location of the previous definition
#23 2.133   111 | #define SIOCGSTAMP      0x8906
#23 2.133       | 
#23 2.133 ../include/uapi/linux/sockios.h:43: warning: "SIOCGSTAMPNS" redefined
#23 2.133    43 | #define SIOCGSTAMPNS    SIOCGSTAMPNS_OLD
#23 2.133       | 
#23 2.133 /usr/include/bits/ioctl.h:112: note: this is the location of the previous definition
#23 2.133   112 | #define SIOCGSTAMPNS    0x8907
#23 2.133       | 
#23 2.160     CC       inet_proto.o
#23 2.187     CC       namespace.o
#23 2.240     CC       json_writer.o
#23 2.318     CC       json_print.o
#23 2.447     CC       json_print_math.o
#23 2.485     CC       names.o
#23 2.533     CC       color.o
#23 2.574     CC       bpf_legacy.o
#23 2.920     CC       bpf_glue.o
#23 2.961     CC       exec.o
#23 2.989     CC       fs.o
#23 3.051     CC       cg_map.o
#23 3.082     CC       ppp_proto.o
#23 3.104     CC       bpf_libbpf.o
#23 3.188     CC       selinux.o
#23 3.208     CC       ax25_ntop.o
#23 3.236     CC       rose_ntop.o
#23 3.248 In file included from rose_ntop.c:16:
#23 3.248 ../include/uapi/linux/sockios.h:42: warning: "SIOCGSTAMP" redefined
#23 3.248    42 | #define SIOCGSTAMP      SIOCGSTAMP_OLD
#23 3.248       | 
#23 3.248 In file included from /usr/include/sys/ioctl.h:10,
#23 3.248                  from rose_ntop.c:7:
#23 3.248 /usr/include/bits/ioctl.h:111: note: this is the location of the previous definition
#23 3.248   111 | #define SIOCGSTAMP      0x8906
#23 3.248       | 
#23 3.248 ../include/uapi/linux/sockios.h:43: warning: "SIOCGSTAMPNS" redefined
#23 3.248    43 | #define SIOCGSTAMPNS    SIOCGSTAMPNS_OLD
#23 3.248       | 
#23 3.248 /usr/include/bits/ioctl.h:112: note: this is the location of the previous definition
#23 3.248   112 | #define SIOCGSTAMPNS    0x8907
#23 3.248       | 
#23 3.263     CC       mpls_ntop.o
#23 3.288     CC       mpls_pton.o
#23 3.318     CC       netrom_ntop.o
#23 3.339     AR       libutil.a
#23 3.343 
#23 3.343 ip
#23 3.345     CC       ip.o
#23 3.420     CC       ipaddress.o
#23 3.434 In file included from ipaddress.c:26:
#23 3.434 ../include/uapi/linux/sockios.h:42: warning: "SIOCGSTAMP" redefined
#23 3.434    42 | #define SIOCGSTAMP      SIOCGSTAMP_OLD
#23 3.434       | 
#23 3.434 In file included from /usr/include/sys/ioctl.h:10,
#23 3.434                  from ipaddress.c:14:
#23 3.434 /usr/include/bits/ioctl.h:111: note: this is the location of the previous definition
#23 3.434   111 | #define SIOCGSTAMP      0x8906
#23 3.434       | 
#23 3.434 ../include/uapi/linux/sockios.h:43: warning: "SIOCGSTAMPNS" redefined
#23 3.434    43 | #define SIOCGSTAMPNS    SIOCGSTAMPNS_OLD
#23 3.434       | 
#23 3.434 /usr/include/bits/ioctl.h:112: note: this is the location of the previous definition
#23 3.434   112 | #define SIOCGSTAMPNS    0x8907
#23 3.434       | 
#23 3.896     CC       ipaddrlabel.o
#23 3.952     CC       iproute.o
#23 4.452     CC       iprule.o
#23 4.640     CC       ipnetns.o
#23 4.830     CC       rtm_map.o
#23 4.865     CC       iptunnel.o
#23 4.876 In file included from ../include/uapi/linux/if_tunnel.h:6,
#23 4.876                  from iptunnel.c:19:
#23 4.876 ../include/uapi/linux/if.h:134: warning: "IFF_VOLATILE" redefined
#23 4.876   134 | #define IFF_VOLATILE    (IFF_LOOPBACK|IFF_POINTOPOINT|IFF_BROADCAST|IFF_ECHO|\
#23 4.876       | 
#23 4.876 In file included from iptunnel.c:16:
#23 4.876 /usr/include/net/if.h:48: note: this is the location of the previous definition
#23 4.876    48 | #define IFF_VOLATILE (IFF_LOOPBACK|IFF_POINTOPOINT|IFF_BROADCAST| \
#23 4.876       | 
#23 5.002     CC       ip6tunnel.o
#23 5.132     CC       tunnel.o
#23 5.228     CC       ipneigh.o
#23 5.372     CC       ipntable.o
#23 5.471     CC       iplink.o
#23 5.734     CC       ipmaddr.o
#23 5.745 In file included from ipmaddr.c:21:
#23 5.745 ../include/uapi/linux/sockios.h:42: warning: "SIOCGSTAMP" redefined
#23 5.745    42 | #define SIOCGSTAMP      SIOCGSTAMP_OLD
#23 5.745       | 
#23 5.745 In file included from /usr/include/sys/ioctl.h:10,
#23 5.745                  from ipmaddr.c:12:
#23 5.745 /usr/include/bits/ioctl.h:111: note: this is the location of the previous definition
#23 5.745   111 | #define SIOCGSTAMP      0x8906
#23 5.745       | 
#23 5.745 ../include/uapi/linux/sockios.h:43: warning: "SIOCGSTAMPNS" redefined
#23 5.745    43 | #define SIOCGSTAMPNS    SIOCGSTAMPNS_OLD
#23 5.745       | 
#23 5.745 /usr/include/bits/ioctl.h:112: note: this is the location of the previous definition
#23 5.745   112 | #define SIOCGSTAMPNS    0x8907
#23 5.745       | 
#23 5.816     CC       ipmonitor.o
#23 5.884     CC       ipmroute.o
#23 5.896 In file included from ipmroute.c:22:
#23 5.896 ../include/uapi/linux/sockios.h:42: warning: "SIOCGSTAMP" redefined
#23 5.896    42 | #define SIOCGSTAMP      SIOCGSTAMP_OLD
#23 5.896       | 
#23 5.896 In file included from /usr/include/sys/ioctl.h:10,
#23 5.896                  from ipmroute.c:13:
#23 5.896 /usr/include/bits/ioctl.h:111: note: this is the location of the previous definition
#23 5.896   111 | #define SIOCGSTAMP      0x8906
#23 5.896       | 
#23 5.896 ../include/uapi/linux/sockios.h:43: warning: "SIOCGSTAMPNS" redefined
#23 5.896    43 | #define SIOCGSTAMPNS    SIOCGSTAMPNS_OLD
#23 5.896       | 
#23 5.896 /usr/include/bits/ioctl.h:112: note: this is the location of the previous definition
#23 5.896   112 | #define SIOCGSTAMPNS    0x8907
#23 5.896       | 
#23 5.955     CC       ipprefix.o
#23 5.984     CC       iptuntap.o
#23 6.084     CC       iptoken.o
#23 6.135     CC       ipxfrm.o
#23 6.433     CC       xfrm_state.o
#23 6.707     CC       xfrm_policy.o
#23 6.934     CC       xfrm_monitor.o
#23 7.007     CC       iplink_dummy.o
#23 7.028     CC       iplink_ifb.o
#23 7.049     CC       iplink_nlmon.o
#23 7.069     CC       iplink_team.o
#23 7.092     CC       iplink_vcan.o
#23 7.113     CC       iplink_vxcan.o
#23 7.141     CC       iplink_vlan.o
#23 7.208     CC       link_veth.o
#23 7.235     CC       link_gre.o
#23 7.245 In file included from ../include/uapi/linux/if_tunnel.h:6,
#23 7.245                  from link_gre.c:15:
#23 7.245 ../include/uapi/linux/if.h:134: warning: "IFF_VOLATILE" redefined
#23 7.245   134 | #define IFF_VOLATILE    (IFF_LOOPBACK|IFF_POINTOPOINT|IFF_BROADCAST|IFF_ECHO|\
#23 7.245       | 
#23 7.245 In file included from link_gre.c:9:
#23 7.245 /usr/include/net/if.h:48: note: this is the location of the previous definition
#23 7.245    48 | #define IFF_VOLATILE (IFF_LOOPBACK|IFF_POINTOPOINT|IFF_BROADCAST| \
#23 7.245       | 
#23 7.348     CC       iplink_can.o
#23 7.485     CC       iplink_xdp.o
#23 7.547     CC       iplink_macvlan.o
#23 7.614     CC       ipl2tp.o
#23 7.773     CC       link_vti.o
#23 7.783 In file included from ../include/uapi/linux/if_tunnel.h:6,
#23 7.783                  from link_vti.c:16:
#23 7.783 ../include/uapi/linux/if.h:134: warning: "IFF_VOLATILE" redefined
#23 7.783   134 | #define IFF_VOLATILE    (IFF_LOOPBACK|IFF_POINTOPOINT|IFF_BROADCAST|IFF_ECHO|\
#23 7.783       | 
#23 7.783 In file included from link_vti.c:10:
#23 7.783 /usr/include/net/if.h:48: note: this is the location of the previous definition
#23 7.783    48 | #define IFF_VOLATILE (IFF_LOOPBACK|IFF_POINTOPOINT|IFF_BROADCAST| \
#23 7.783       | 
#23 7.840     CC       link_vti6.o
#23 7.850 In file included from ../include/uapi/linux/if_tunnel.h:6,
#23 7.850                  from link_vti6.c:17:
#23 7.850 ../include/uapi/linux/if.h:134: warning: "IFF_VOLATILE" redefined
#23 7.850   134 | #define IFF_VOLATILE    (IFF_LOOPBACK|IFF_POINTOPOINT|IFF_BROADCAST|IFF_ECHO|\
#23 7.850       | 
#23 7.850 In file included from link_vti6.c:11:
#23 7.850 /usr/include/net/if.h:48: note: this is the location of the previous definition
#23 7.850    48 | #define IFF_VOLATILE (IFF_LOOPBACK|IFF_POINTOPOINT|IFF_BROADCAST| \
#23 7.850       | 
#23 7.894     CC       link_xfrm.o
#23 7.928     CC       iplink_vxlan.o
#23 8.073     CC       tcp_metrics.o
#23 8.176     CC       iplink_ipoib.o
#23 8.218     CC       ipnetconf.o
#23 8.271     CC       link_ip6tnl.o
#23 8.282 In file included from ../include/uapi/linux/if_tunnel.h:6,
#23 8.282                  from link_ip6tnl.c:15:
#23 8.282 ../include/uapi/linux/if.h:134: warning: "IFF_VOLATILE" redefined
#23 8.282   134 | #define IFF_VOLATILE    (IFF_LOOPBACK|IFF_POINTOPOINT|IFF_BROADCAST|IFF_ECHO|\
#23 8.282       | 
#23 8.282 In file included from link_ip6tnl.c:9:
#23 8.282 /usr/include/net/if.h:48: note: this is the location of the previous definition
#23 8.282    48 | #define IFF_VOLATILE (IFF_LOOPBACK|IFF_POINTOPOINT|IFF_BROADCAST| \
#23 8.282       | 
#23 8.373     CC       link_iptnl.o
#23 8.384 In file included from ../include/uapi/linux/if_tunnel.h:6,
#23 8.384                  from link_iptnl.c:16:
#23 8.384 ../include/uapi/linux/if.h:134: warning: "IFF_VOLATILE" redefined
#23 8.384   134 | #define IFF_VOLATILE    (IFF_LOOPBACK|IFF_POINTOPOINT|IFF_BROADCAST|IFF_ECHO|\
#23 8.384       | 
#23 8.384 In file included from link_iptnl.c:9:
#23 8.384 /usr/include/net/if.h:48: note: this is the location of the previous definition
#23 8.384    48 | #define IFF_VOLATILE (IFF_LOOPBACK|IFF_POINTOPOINT|IFF_BROADCAST| \
#23 8.384       | 
#23 8.469     CC       link_gre6.o
#23 8.479 In file included from ../include/uapi/linux/if_tunnel.h:6,
#23 8.479                  from link_gre6.c:15:
#23 8.479 ../include/uapi/linux/if.h:134: warning: "IFF_VOLATILE" redefined
#23 8.479   134 | #define IFF_VOLATILE    (IFF_LOOPBACK|IFF_POINTOPOINT|IFF_BROADCAST|IFF_ECHO|\
#23 8.479       | 
#23 8.479 In file included from link_gre6.c:9:
#23 8.479 /usr/include/net/if.h:48: note: this is the location of the previous definition
#23 8.479    48 | #define IFF_VOLATILE (IFF_LOOPBACK|IFF_POINTOPOINT|IFF_BROADCAST| \
#23 8.479       | 
#23 8.597     CC       iplink_bond.o
#23 8.774     CC       iplink_bond_slave.o
#23 8.826     CC       iplink_hsr.o
#23 8.870     CC       iplink_bridge.o
#23 9.016     CC       iplink_bridge_slave.o
#23 9.109     CC       iplink_dsa.o
#23 9.140     CC       ipfou.o
#23 9.153 In file included from ../include/libgenl.h:5,
#23 9.153                  from ipfou.c:18:
#23 9.153 ../include/libnetlink.h: In function 'rta_getattr_be64':
#23 9.153 ../include/libnetlink.h:280:16: warning: implicit declaration of function 'htobe64' [-Wimplicit-function-declaration]
#23 9.153   280 |         return htobe64(rta_getattr_u64(rta));
#23 9.153       |                ^~~~~~~
#23 9.222     CC       iplink_ipvlan.o
#23 9.260     CC       iplink_geneve.o
#23 9.347     CC       iplink_vrf.o
#23 9.406     CC       iproute_lwtunnel.o
#23 9.791     CC       ipmacsec.o
#23 10.05     CC       ipila.o
#23 10.06 In file included from ../include/libgenl.h:5,
#23 10.06                  from ipila.c:18:
#23 10.06 ../include/libnetlink.h: In function 'rta_getattr_be64':
#23 10.06 ../include/libnetlink.h:280:16: warning: implicit declaration of function 'htobe64' [-Wimplicit-function-declaration]
#23 10.06   280 |         return htobe64(rta_getattr_u64(rta));
#23 10.06       |                ^~~~~~~
#23 10.13     CC       ipvrf.o
#23 10.25     CC       iplink_xstats.o
#23 10.28     CC       ipseg6.o
#23 10.33     CC       iplink_netdevsim.o
#23 10.35     CC       iplink_rmnet.o
#23 10.38     CC       ipnexthop.o
#23 10.62     CC       ipmptcp.o
#23 10.75     CC       iplink_bareudp.o
#23 10.76 In file included from iplink_bareudp.c:9:
#23 10.76 ../include/libnetlink.h: In function 'rta_getattr_be64':
#23 10.76 ../include/libnetlink.h:280:16: warning: implicit declaration of function 'htobe64' [-Wimplicit-function-declaration]
#23 10.76   280 |         return htobe64(rta_getattr_u64(rta));
#23 10.76       |                ^~~~~~~
#23 10.80     CC       iplink_wwan.o
#23 10.83     CC       ipioam6.o
#23 10.91     CC       iplink_amt.o
#23 10.96     CC       iplink_batadv.o
#23 10.99     CC       iplink_gtp.o
#23 11.03     CC       iplink_virt_wifi.o
#23 11.06     CC       iplink_netkit.o
#23 11.10     CC       ipstats.o
#23 11.30     LINK     ip
#23 11.33     CC       rtmon.o
#23 11.38     LINK     rtmon
#23 11.39 
#23 11.39 tc
#23 11.39     CC       tc.o
#23 11.48     CC       tc_qdisc.o
#23 11.59     CC       tc_class.o
#23 11.70     CC       tc_filter.o
#23 11.87     CC       tc_util.o
#23 12.05     CC       tc_monitor.o
#23 12.09     CC       tc_exec.o
#23 12.13     CC       m_police.o
#23 12.21     CC       m_estimator.o
#23 12.24     CC       m_action.o
#23 12.40     CC       m_ematch.o
#23 12.51     YACC     emp_ematch.tab.c
#23 12.58     CC       emp_ematch.tab.o
#23 12.69     LEX      emp_ematch.lex.c
#23 12.69     CC       emp_ematch.lex.o
#23 12.88     CC       q_fifo.o
#23 12.91     CC       q_sfq.o
#23 12.99     CC       q_red.o
#23 13.07     CC       q_prio.o
#23 13.11     CC       q_skbprio.o
#23 13.15     CC       q_tbf.o
#23 13.24     CC       q_multiq.o
#23 13.27     CC       q_netem.o
#23 13.47     CC       q_choke.o
#23 13.54     CC       q_sfb.o
#23 13.60     CC       f_u32.o
#23 13.87     CC       f_route.o
#23 13.92     CC       f_fw.o
#23 13.97     CC       f_basic.o
#23 14.01     CC       f_bpf.o
#23 14.08     CC       f_flow.o
#23 14.17     CC       f_cgroup.o
#23 14.21     CC       f_flower.o
#23 14.22 In file included from ../include/uapi/linux/netdevice.h:29,
#23 14.22                  from ../include/uapi/linux/if_arp.h:27,
#23 14.22                  from f_flower.c:14:
#23 14.22 ../include/uapi/linux/if.h:134: warning: "IFF_VOLATILE" redefined
#23 14.22   134 | #define IFF_VOLATILE    (IFF_LOOPBACK|IFF_POINTOPOINT|IFF_BROADCAST|IFF_ECHO|\
#23 14.22       | 
#23 14.22 In file included from f_flower.c:12:
#23 14.22 /usr/include/net/if.h:48: note: this is the location of the previous definition
#23 14.22    48 | #define IFF_VOLATILE (IFF_LOOPBACK|IFF_POINTOPOINT|IFF_BROADCAST| \
#23 14.22       | 
#23 14.74     CC       q_gred.o
#23 14.85     CC       q_ingress.o
#23 14.87     CC       q_hfsc.o
#23 14.96     CC       q_htb.o
#23 15.08     CC       q_drr.o
#23 15.12     CC       q_qfq.o
#23 15.16     CC       m_gact.o
#23 15.21     CC       m_mirred.o
#23 15.27     CC       m_mpls.o
#23 15.35     CC       m_nat.o
#23 15.40     CC       m_pedit.o
#23 15.55     CC       m_ife.o
#23 15.63     CC       m_skbedit.o
#23 15.70     CC       m_skbmod.o
#23 15.76     CC       m_csum.o
#23 15.82     CC       m_simple.o
#23 15.86     CC       m_vlan.o
#23 15.93     CC       m_connmark.o
#23 15.96     CC       m_ctinfo.o
#23 16.02     CC       m_bpf.o
#23 16.08     CC       m_tunnel_key.o
#23 16.20     CC       m_sample.o
#23 16.24     CC       m_ct.o
#23 16.34     CC       m_gate.o
#23 16.44     CC       p_ip.o
#23 16.49     CC       p_ip6.o
#23 16.52     CC       p_icmp.o
#23 16.55     CC       p_eth.o
#23 16.58     CC       p_tcp.o
#23 16.61     CC       p_udp.o
#23 16.64     CC       em_nbyte.o
#23 16.70     CC       em_cmp.o
#23 16.75     CC       em_u32.o
#23 16.80     CC       em_canid.o
#23 16.85     CC       em_meta.o
#23 16.96     CC       q_mqprio.o
#23 17.07     CC       q_codel.o
#23 17.12     CC       q_fq_codel.o
#23 17.19     CC       q_fq.o
#23 17.30     CC       q_pie.o
#23 17.37     CC       q_fq_pie.o
#23 17.44     CC       q_cake.o
#23 17.63     CC       q_hhf.o
#23 17.68     CC       q_clsact.o
#23 17.71     CC       e_bpf.o
#23 17.76     CC       f_matchall.o
#23 17.81     CC       q_cbs.o
#23 17.86     CC       q_etf.o
#23 17.91     CC       q_taprio.o
#23 18.03     CC       q_plug.o
#23 18.06     CC       q_ets.o
#23 18.14     CC       em_ipt.o
#23 18.16 In file included from tc_util.h:7,
#23 18.16                  from m_ematch.h:11,
#23 18.16                  from em_ipt.c:13:
#23 18.16 ../include/uapi/linux/if.h:134: warning: "IFF_VOLATILE" redefined
#23 18.16   134 | #define IFF_VOLATILE    (IFF_LOOPBACK|IFF_POINTOPOINT|IFF_BROADCAST|IFF_ECHO|\
#23 18.16       | 
#23 18.16 In file included from ../include/xtables.h:17,
#23 18.16                  from em_ipt.c:12:
#23 18.16 /usr/include/net/if.h:48: note: this is the location of the previous definition
#23 18.16    48 | #define IFF_VOLATILE (IFF_LOOPBACK|IFF_POINTOPOINT|IFF_BROADCAST| \
#23 18.16       | 
#23 18.19     CC       em_ipset.o
#23 18.21 In file included from tc_util.h:7,
#23 18.21                  from m_ematch.h:11,
#23 18.21                  from em_ipset.c:39:
#23 18.21 ../include/uapi/linux/if.h:134: warning: "IFF_VOLATILE" redefined
#23 18.21   134 | #define IFF_VOLATILE    (IFF_LOOPBACK|IFF_POINTOPOINT|IFF_BROADCAST|IFF_ECHO|\
#23 18.21       | 
#23 18.21 In file included from ../include/xtables.h:17,
#23 18.21                  from em_ipset.c:23:
#23 18.21 /usr/include/net/if.h:48: note: this is the location of the previous definition
#23 18.21    48 | #define IFF_VOLATILE (IFF_LOOPBACK|IFF_POINTOPOINT|IFF_BROADCAST| \
#23 18.21       | 
#23 18.25     CC       tc_core.o
#23 18.32     CC       tc_red.o
#23 18.37     CC       tc_estimator.o
#23 18.40     CC       tc_stab.o
#23 18.46     CC       tc_qevent.o
#23 18.47 In file included from tc_qevent.h:7,
#23 18.47                  from tc_qevent.c:10:
#23 18.47 ../include/libnetlink.h: In function 'rta_getattr_be64':
#23 18.47 ../include/libnetlink.h:280:16: warning: implicit declaration of function 'htobe64' [-Wimplicit-function-declaration]
#23 18.47   280 |         return htobe64(rta_getattr_u64(rta));
#23 18.47       |                ^~~~~~~
#23 18.52     AR       libtc.a
#23 18.52     LINK     tc
#23 18.56 rm emp_ematch.lex.c
#23 18.56 
#23 18.56 bridge
#23 18.56     CC       bridge.o
#23 18.61     CC       fdb.o
#23 18.63 In file included from fdb.c:28:
#23 18.63 ../include/libnetlink.h: In function 'rta_getattr_be64':
#23 18.63 ../include/libnetlink.h:280:16: warning: implicit declaration of function 'htobe64' [-Wimplicit-function-declaration]
#23 18.63   280 |         return htobe64(rta_getattr_u64(rta));
#23 18.63       |                ^~~~~~~
#23 18.80     CC       monitor.o
#23 18.84     CC       link.o
#23 18.86 In file included from link.c:16:
#23 18.86 ../include/libnetlink.h: In function 'rta_getattr_be64':
#23 18.86 ../include/libnetlink.h:280:16: warning: implicit declaration of function 'htobe64' [-Wimplicit-function-declaration]
#23 18.86   280 |         return htobe64(rta_getattr_u64(rta));
#23 18.86       |                ^~~~~~~
#23 19.03     CC       mdb.o
#23 19.05 In file included from mdb.c:20:
#23 19.05 ../include/libnetlink.h: In function 'rta_getattr_be64':
#23 19.05 ../include/libnetlink.h:280:16: warning: implicit declaration of function 'htobe64' [-Wimplicit-function-declaration]
#23 19.05   280 |         return htobe64(rta_getattr_u64(rta));
#23 19.05       |                ^~~~~~~
#23 19.22     CC       vlan.o
#23 19.23 In file included from vlan.c:14:
#23 19.23 ../include/json_print.h:80:30: warning: 'struct timeval' declared inside parameter list will not be visible outside of this definition or declaration
#23 19.23    80 | _PRINT_FUNC(tv, const struct timeval *)
#23 19.23       |                              ^~~~~~~
#23 19.23 ../include/json_print.h:50:37: note: in definition of macro '_PRINT_FUNC'
#23 19.23    50 |                                     type value);                        \
#23 19.23       |                                     ^~~~
#23 19.23 ../include/json_print.h:80:30: warning: 'struct timeval' declared inside parameter list will not be visible outside of this definition or declaration
#23 19.23    80 | _PRINT_FUNC(tv, const struct timeval *)
#23 19.23       |                              ^~~~~~~
#23 19.23 ../include/json_print.h:55:45: note: in definition of macro '_PRINT_FUNC'
#23 19.23    55 |                                             type value)                 \
#23 19.23       |                                             ^~~~
#23 19.23 ../include/json_print.h: In function 'print_tv':
#23 19.23 ../include/json_print.h:58:48: warning: passing argument 5 of 'print_color_tv' from incompatible pointer type [-Wincompatible-pointer-types]
#23 19.23    58 |                                                value);                  \
#23 19.23       |                                                ^~~~~
#23 19.23       |                                                |
#23 19.23       |                                                const struct timeval *
#23 19.23 ../include/json_print.h:80:1: note: in expansion of macro '_PRINT_FUNC'
#23 19.23    80 | _PRINT_FUNC(tv, const struct timeval *)
#23 19.23       | ^~~~~~~~~~~
#23 19.23 ../include/json_print.h:50:42: note: expected 'const struct timeval *' but argument is of type 'const struct timeval *'
#23 19.23    50 |                                     type value);                        \
#23 19.23       |                                          ^
#23 19.23 ../include/json_print.h:80:1: note: in expansion of macro '_PRINT_FUNC'
#23 19.23    80 | _PRINT_FUNC(tv, const struct timeval *)
#23 19.23       | ^~~~~~~~~~~
#23 19.24 In file included from vlan.c:15:
#23 19.24 ../include/libnetlink.h: In function 'rta_getattr_be64':
#23 19.24 ../include/libnetlink.h:280:16: warning: implicit declaration of function 'htobe64' [-Wimplicit-function-declaration]
#23 19.24   280 |         return htobe64(rta_getattr_u64(rta));
#23 19.24       |                ^~~~~~~
#23 19.49     CC       vni.o
#23 19.50 In file included from vni.c:19:
#23 19.50 ../include/json_print.h:80:30: warning: 'struct timeval' declared inside parameter list will not be visible outside of this definition or declaration
#23 19.50    80 | _PRINT_FUNC(tv, const struct timeval *)
#23 19.50       |                              ^~~~~~~
#23 19.50 ../include/json_print.h:50:37: note: in definition of macro '_PRINT_FUNC'
#23 19.50    50 |                                     type value);                        \
#23 19.50       |                                     ^~~~
#23 19.50 ../include/json_print.h:80:30: warning: 'struct timeval' declared inside parameter list will not be visible outside of this definition or declaration
#23 19.50    80 | _PRINT_FUNC(tv, const struct timeval *)
#23 19.50       |                              ^~~~~~~
#23 19.50 ../include/json_print.h:55:45: note: in definition of macro '_PRINT_FUNC'
#23 19.50    55 |                                             type value)                 \
#23 19.50       |                                             ^~~~
#23 19.50 ../include/json_print.h: In function 'print_tv':
#23 19.50 ../include/json_print.h:58:48: warning: passing argument 5 of 'print_color_tv' from incompatible pointer type [-Wincompatible-pointer-types]
#23 19.50    58 |                                                value);                  \
#23 19.50       |                                                ^~~~~
#23 19.50       |                                                |
#23 19.50       |                                                const struct timeval *
#23 19.50 ../include/json_print.h:80:1: note: in expansion of macro '_PRINT_FUNC'
#23 19.50    80 | _PRINT_FUNC(tv, const struct timeval *)
#23 19.50       | ^~~~~~~~~~~
#23 19.50 ../include/json_print.h:50:42: note: expected 'const struct timeval *' but argument is of type 'const struct timeval *'
#23 19.50    50 |                                     type value);                        \
#23 19.50       |                                          ^
#23 19.50 ../include/json_print.h:80:1: note: in expansion of macro '_PRINT_FUNC'
#23 19.50    80 | _PRINT_FUNC(tv, const struct timeval *)
#23 19.50       | ^~~~~~~~~~~
#23 19.50 In file included from vni.c:20:
#23 19.50 ../include/libnetlink.h: In function 'rta_getattr_be64':
#23 19.50 ../include/libnetlink.h:280:16: warning: implicit declaration of function 'htobe64' [-Wimplicit-function-declaration]
#23 19.50   280 |         return htobe64(rta_getattr_u64(rta));
#23 19.50       |                ^~~~~~~
#23 19.58     LINK     bridge
#23 19.59 
#23 19.59 misc
#23 19.60     CC       ss.o
#23 19.62 In file included from ../include/uapi/linux/tipc.h:42,
#23 19.62                  from ss.c:49:
#23 19.62 ../include/uapi/linux/sockios.h:42: warning: "SIOCGSTAMP" redefined
#23 19.62    42 | #define SIOCGSTAMP      SIOCGSTAMP_OLD
#23 19.62       | 
#23 19.62 In file included from /usr/include/sys/ioctl.h:10,
#23 19.62                  from ss.c:12:
#23 19.62 /usr/include/bits/ioctl.h:111: note: this is the location of the previous definition
#23 19.62   111 | #define SIOCGSTAMP      0x8906
#23 19.62       | 
#23 19.62 ../include/uapi/linux/sockios.h:43: warning: "SIOCGSTAMPNS" redefined
#23 19.62    43 | #define SIOCGSTAMPNS    SIOCGSTAMPNS_OLD
#23 19.62       | 
#23 19.62 /usr/include/bits/ioctl.h:112: note: this is the location of the previous definition
#23 19.62   112 | #define SIOCGSTAMPNS    0x8907
#23 19.62       | 
#23 20.55     CC       ssfilter_check.o
#23 20.56 In file included from ssfilter_check.c:6:
#23 20.56 ../include/libnetlink.h: In function 'rta_getattr_be64':
#23 20.56 ../include/libnetlink.h:280:16: warning: implicit declaration of function 'htobe64' [-Wimplicit-function-declaration]
#23 20.56   280 |         return htobe64(rta_getattr_u64(rta));
#23 20.56       |                ^~~~~~~
#23 20.57     YACC     ssfilter.tab.c
#23 20.63     CC       ssfilter.tab.o
#23 20.75     LINK     ss
#23 20.76     CC       nstat
#23 20.77 In file included from nstat.c:20:
#23 20.77 /usr/include/sys/poll.h:1:2: warning: #warning redirecting incorrect #include <sys/poll.h> to <poll.h> [-Wcpp]
#23 20.77     1 | #warning redirecting incorrect #include <sys/poll.h> to <poll.h>
#23 20.77       |  ^~~~~~~
#23 20.92     CC       ifstat
#23 20.94 In file included from ifstat.c:20:
#23 20.94 /usr/include/sys/poll.h:1:2: warning: #warning redirecting incorrect #include <sys/poll.h> to <poll.h> [-Wcpp]
#23 20.94     1 | #warning redirecting incorrect #include <sys/poll.h> to <poll.h>
#23 20.94       |  ^~~~~~~
#23 20.95 In file included from ifstat.c:30:
#23 20.95 ../include/libnetlink.h: In function 'rta_getattr_be64':
#23 20.95 ../include/libnetlink.h:280:16: warning: implicit declaration of function 'htobe64' [-Wimplicit-function-declaration]
#23 20.95   280 |         return htobe64(rta_getattr_u64(rta));
#23 20.95       |                ^~~~~~~
#23 21.12     CC       rtacct
#23 21.13 In file included from rtacct.c:19:
#23 21.13 /usr/include/sys/poll.h:1:2: warning: #warning redirecting incorrect #include <sys/poll.h> to <poll.h> [-Wcpp]
#23 21.13     1 | #warning redirecting incorrect #include <sys/poll.h> to <poll.h>
#23 21.13       |  ^~~~~~~
#23 21.25     CC       lnstat.o
#23 21.31     CC       lnstat_util.o
#23 21.37     LINK     lnstat
#23 21.38 
#23 21.38 netem
#23 21.39 gcc  -I../include -o maketable maketable.c -lm
#23 21.42 gcc  -I../include -o normal normal.c -lm
#23 21.44 gcc  -I../include -o pareto pareto.c -lm
#23 21.47 gcc  -I../include -o paretonormal paretonormal.c -lm
#23 21.50 ./normal > normal.dist
#23 21.50 ./pareto > pareto.dist
#23 21.51 ./paretonormal > paretonormal.dist
#23 21.51 ./maketable experimental.dat > experimental.dist
#23 21.52 
#23 21.52 genl
#23 21.52     CC       genl.o
#23 21.56     CC       ctrl.o
#23 21.64     LINK     genl
#23 21.65 
#23 21.65 man
#23 21.65 make[2]: Nothing to be done for 'all'.
#23 21.65 make[2]: Nothing to be done for 'all'.
#23 21.66 sed \
#23 21.66 	-e "s|@NETNS_ETC_DIR@|/etc/netns|g" \
#23 21.66 	-e "s|@NETNS_RUN_DIR@|/var/run/netns|g" \
#23 21.66 	-e "s|@SYSCONF_ETC_DIR@|/etc/iproute2|g" \
#23 21.66 	-e "s|@SYSCONF_USR_DIR@|/usr/share/iproute2|g" \
#23 21.66 	ip-address.8.in > ip-address.8
#23 21.66 sed \
#23 21.66 	-e "s|@NETNS_ETC_DIR@|/etc/netns|g" \
#23 21.66 	-e "s|@NETNS_RUN_DIR@|/var/run/netns|g" \
#23 21.66 	-e "s|@SYSCONF_ETC_DIR@|/etc/iproute2|g" \
#23 21.66 	-e "s|@SYSCONF_USR_DIR@|/usr/share/iproute2|g" \
#23 21.66 	ip-link.8.in > ip-link.8
#23 21.66 sed \
#23 21.66 	-e "s|@NETNS_ETC_DIR@|/etc/netns|g" \
#23 21.66 	-e "s|@NETNS_RUN_DIR@|/var/run/netns|g" \
#23 21.66 	-e "s|@SYSCONF_ETC_DIR@|/etc/iproute2|g" \
#23 21.66 	-e "s|@SYSCONF_USR_DIR@|/usr/share/iproute2|g" \
#23 21.66 	ip-netns.8.in > ip-netns.8
#23 21.67 sed \
#23 21.67 	-e "s|@NETNS_ETC_DIR@|/etc/netns|g" \
#23 21.67 	-e "s|@NETNS_RUN_DIR@|/var/run/netns|g" \
#23 21.67 	-e "s|@SYSCONF_ETC_DIR@|/etc/iproute2|g" \
#23 21.67 	-e "s|@SYSCONF_USR_DIR@|/usr/share/iproute2|g" \
#23 21.67 	ip-route.8.in > ip-route.8
#23 21.67 
#23 21.67 tipc
#23 21.67     CC       bearer.o
#23 21.87     CC       cmdl.o
#23 21.91     CC       link.o
#23 22.13     CC       media.o
#23 22.19     CC       misc.o
#23 22.25     CC       msg.o
#23 22.28     CC       nametable.o
#23 22.31     CC       node.o
#23 22.40     CC       socket.o
#23 22.43     CC       peer.o
#23 22.46     CC       tipc.o
#23 22.50     LINK     tipc
#23 22.51 
#23 22.51 devlink
#23 22.51     CC       devlink.o
#23 24.20     CC       mnlg.o
#23 24.21 In file included from mnlg.c:16:
#23 24.21 ../include/libnetlink.h: In function 'rta_getattr_be64':
#23 24.21 ../include/libnetlink.h:280:16: warning: implicit declaration of function 'htobe64' [-Wimplicit-function-declaration]
#23 24.21   280 |         return htobe64(rta_getattr_u64(rta));
#23 24.21       |                ^~~~~~~
#23 24.24     LINK     devlink
#23 24.25 
#23 24.25 rdma
#23 24.26     CC       rdma.o
#23 24.27 rdma.c: In function 'main':
#23 24.27 rdma.c:110:20: warning: implicit declaration of function 'basename'; did you mean 'rename'? [-Wimplicit-function-declaration]
#23 24.27   110 |         filename = basename(argv[0]);
#23 24.27       |                    ^~~~~~~~
#23 24.27       |                    rename
#23 24.28 rdma.c:110:18: warning: assignment to 'char *' from 'int' makes pointer from integer without a cast [-Wint-conversion]
#23 24.28   110 |         filename = basename(argv[0]);
#23 24.28       |                  ^
#23 24.30     CC       utils.o
#23 24.47     CC       dev.o
#23 24.54     CC       link.o
#23 24.62     CC       res.o
#23 24.73     CC       res-pd.o
#23 24.77     CC       res-mr.o
#23 24.82     CC       res-cq.o
#23 24.88     CC       res-cmid.o
#23 24.94     CC       res-qp.o
#23 24.99     CC       sys.o
#23 25.04     CC       stat.o
#23 25.25     CC       stat-mr.o
#23 25.29     CC       res-ctx.o
#23 25.33     CC       res-srq.o
#23 25.40     LINK     rdma
#23 25.42 
#23 25.42 dcb
#23 25.42     CC       dcb.o
#23 25.43 In file included from ../include/namespace.h:10,
#23 25.43                  from dcb.c:11:
#23 25.43 ../include/libnetlink.h: In function 'rta_getattr_be64':
#23 25.43 ../include/libnetlink.h:280:16: warning: implicit declaration of function 'htobe64' [-Wimplicit-function-declaration]
#23 25.43   280 |         return htobe64(rta_getattr_u64(rta));
#23 25.43       |                ^~~~~~~
#23 25.53     CC       dcb_app.o
#23 25.72     CC       dcb_buffer.o
#23 25.78     CC       dcb_dcbx.o
#23 25.83     CC       dcb_ets.o
#23 25.91     CC       dcb_maxrate.o
#23 25.95     CC       dcb_pfc.o
#23 26.02     CC       dcb_apptrust.o
#23 26.08     CC       dcb_rewr.o
#23 26.15     LINK     dcb
#23 26.16 
#23 26.16 vdpa
#23 26.17     CC       vdpa.o
#23 26.18 In file included from vdpa.c:19:
#23 26.18 ../include/json_print.h:80:30: warning: 'struct timeval' declared inside parameter list will not be visible outside of this definition or declaration
#23 26.18    80 | _PRINT_FUNC(tv, const struct timeval *)
#23 26.18       |                              ^~~~~~~
#23 26.18 ../include/json_print.h:50:37: note: in definition of macro '_PRINT_FUNC'
#23 26.18    50 |                                     type value);                        \
#23 26.18       |                                     ^~~~
#23 26.18 ../include/json_print.h:80:30: warning: 'struct timeval' declared inside parameter list will not be visible outside of this definition or declaration
#23 26.18    80 | _PRINT_FUNC(tv, const struct timeval *)
#23 26.18       |                              ^~~~~~~
#23 26.18 ../include/json_print.h:55:45: note: in definition of macro '_PRINT_FUNC'
#23 26.18    55 |                                             type value)                 \
#23 26.18       |                                             ^~~~
#23 26.18 ../include/json_print.h: In function 'print_tv':
#23 26.18 ../include/json_print.h:58:48: warning: passing argument 5 of 'print_color_tv' from incompatible pointer type [-Wincompatible-pointer-types]
#23 26.18    58 |                                                value);                  \
#23 26.18       |                                                ^~~~~
#23 26.18       |                                                |
#23 26.18       |                                                const struct timeval *
#23 26.18 ../include/json_print.h:80:1: note: in expansion of macro '_PRINT_FUNC'
#23 26.18    80 | _PRINT_FUNC(tv, const struct timeval *)
#23 26.18       | ^~~~~~~~~~~
#23 26.18 ../include/json_print.h:50:42: note: expected 'const struct timeval *' but argument is of type 'const struct timeval *'
#23 26.18    50 |                                     type value);                        \
#23 26.18       |                                          ^
#23 26.18 ../include/json_print.h:80:1: note: in expansion of macro '_PRINT_FUNC'
#23 26.18    80 | _PRINT_FUNC(tv, const struct timeval *)
#23 26.18       | ^~~~~~~~~~~
#23 26.35     LINK     vdpa
#23 DONE 26.4s

#24 [20/22] RUN git clone --no-single-branch --depth=1 https://github.com/linux-netdev/testing.git /nipa-data/kernel
#24 0.399 Cloning into '/nipa-data/kernel'...
#24 18.54 Updating files:  16% (13598/83283)Updating files:  17% (14159/83283)Updating files:  18% (14991/83283)Updating files:  19% (15824/83283)Updating files:  20% (16657/83283)Updating files:  21% (17490/83283)Updating files:  22% (18323/83283)Updating files:  23% (19156/83283)Updating files:  24% (19988/83283)Updating files:  25% (20821/83283)Updating files:  26% (21654/83283)Updating files:  27% (22487/83283)Updating files:  28% (23320/83283)Updating files:  29% (24153/83283)Updating files:  30% (24985/83283)Updating files:  31% (25818/83283)Updating files:  32% (26651/83283)Updating files:  33% (27484/83283)Updating files:  34% (28317/83283)Updating files:  34% (28421/83283)Updating files:  35% (29150/83283)Updating files:  36% (29982/83283)Updating files:  37% (30815/83283)Updating files:  38% (31648/83283)Updating files:  39% (32481/83283)Updating files:  40% (33314/83283)Updating files:  40% (33609/83283)Updating files:  41% (34147/83283)Updating files:  42% (34979/83283)Updating files:  43% (35812/83283)Updating files:  44% (36645/83283)Updating files:  45% (37478/83283)Updating files:  46% (38311/83283)Updating files:  47% (39144/83283)Updating files:  48% (39976/83283)Updating files:  49% (40809/83283)Updating files:  50% (41642/83283)Updating files:  50% (42071/83283)Updating files:  51% (42475/83283)Updating files:  52% (43308/83283)Updating files:  53% (44140/83283)Updating files:  54% (44973/83283)Updating files:  55% (45806/83283)Updating files:  56% (46639/83283)Updating files:  57% (47472/83283)Updating files:  58% (48305/83283)Updating files:  59% (49137/83283)Updating files:  60% (49970/83283)Updating files:  61% (50803/83283)Updating files:  62% (51636/83283)Updating files:  63% (52469/83283)Updating files:  63% (53284/83283)Updating files:  64% (53302/83283)Updating files:  65% (54134/83283)Updating files:  66% (54967/83283)Updating files:  67% (55800/83283)Updating files:  68% (56633/83283)Updating files:  69% (57466/83283)Updating files:  70% (58299/83283)Updating files:  71% (59131/83283)Updating files:  72% (59964/83283)Updating files:  73% (60797/83283)Updating files:  74% (61630/83283)Updating files:  75% (62463/83283)Updating files:  76% (63296/83283)Updating files:  77% (64128/83283)Updating files:  78% (64961/83283)Updating files:  79% (65794/83283)Updating files:  80% (66627/83283)Updating files:  81% (67460/83283)Updating files:  81% (67532/83283)Updating files:  82% (68293/83283)Updating files:  83% (69125/83283)Updating files:  84% (69958/83283)Updating files:  85% (70791/83283)Updating files:  86% (71624/83283)Updating files:  87% (72457/83283)Updating files:  88% (73290/83283)Updating files:  89% (74122/83283)Updating files:  90% (74955/83283)Updating files:  91% (75788/83283)Updating files:  92% (76621/83283)Updating files:  93% (77454/83283)Updating files:  94% (78287/83283)Updating files:  95% (79119/83283)Updating files:  96% (79952/83283)Updating files:  97% (80785/83283)Updating files:  98% (81618/83283)Updating files:  99% (82451/83283)Updating files: 100% (83283/83283)Updating files: 100% (83283/83283), done.
#24 DONE 29.7s

#25 [21/22] RUN git clone --depth=1 -b main https://github.com/p4tc-dev/new-nipa.git nipa
#25 0.736 Cloning into 'nipa'...
#25 DONE 1.9s

#26 [22/22] COPY entrypoint.sh /entrypoint.sh
#26 DONE 0.5s

#27 exporting to image
#27 exporting layers
#27 exporting layers 7.5s done
#27 writing image sha256:d38358484e019e3d25c78d01c521a15fccd760712ad2f044bcb0a15470458e37 0.0s done
#27 naming to docker.io/library/nipa-executor 0.1s done
#27 DONE 7.6s
NIPA version: 1b9c21a (ui: set canvas background color to stand out, 2024-03-28)
INFO: Last run date: 2024-05-02 15:00:11.758753+00:00
Testing  {'branch': 'net-next-2024-05-02--18-00', 'date': '2024-05-02T18:00:13.855411+00:00', 'base': 'c272a1fd41ad954f5ff96f2686a922bba6694f8b', 'url': 'https://github.com/linux-netdev/testing.git net-next-2024-05-02--18-00'}
Updating files:  46% (7141/15212)Updating files:  47% (7150/15212)Updating files:  48% (7302/15212)Updating files:  49% (7454/15212)Updating files:  50% (7606/15212)Updating files:  51% (7759/15212)Updating files:  52% (7911/15212)Updating files:  53% (8063/15212)Updating files:  54% (8215/15212)Updating files:  55% (8367/15212)Updating files:  56% (8519/15212)Updating files:  57% (8671/15212)Updating files:  58% (8823/15212)Updating files:  59% (8976/15212)Updating files:  60% (9128/15212)Updating files:  61% (9280/15212)Updating files:  62% (9432/15212)Updating files:  63% (9584/15212)Updating files:  64% (9736/15212)Updating files:  65% (9888/15212)Updating files:  66% (10040/15212)Updating files:  67% (10193/15212)Updating files:  68% (10345/15212)Updating files:  69% (10497/15212)Updating files:  70% (10649/15212)Updating files:  71% (10801/15212)Updating files:  72% (10953/15212)Updating files:  73% (11105/15212)Updating files:  74% (11257/15212)Updating files:  75% (11409/15212)Updating files:  76% (11562/15212)Updating files:  77% (11714/15212)Updating files:  78% (11866/15212)Updating files:  79% (12018/15212)Updating files:  80% (12170/15212)Updating files:  81% (12322/15212)Updating files:  82% (12474/15212)Updating files:  83% (12626/15212)Updating files:  84% (12779/15212)Updating files:  85% (12931/15212)Updating files:  86% (13083/15212)Updating files:  87% (13235/15212)Updating files:  88% (13387/15212)Updating files:  89% (13539/15212)Updating files:  90% (13691/15212)Updating files:  90% (13771/15212)Updating files:  91% (13843/15212)Updating files:  92% (13996/15212)Updating files:  93% (14148/15212)Updating files:  94% (14300/15212)Updating files:  95% (14452/15212)Updating files:  96% (14604/15212)Updating files:  97% (14756/15212)Updating files:  98% (14908/15212)Updating files:  99% (15060/15212)Updating files: 100% (15212/15212)Updating files: 100% (15212/15212), done.
branch 'net-next-2024-05-02--18-00' set up to track 'origin/net-next-2024-05-02--18-00'.
Switched to a new branch 'net-next-2024-05-02--18-00'
error: No valid patches in input (allow with "--allow-empty")
Checking patch tools/testing/selftests/tc-testing/tdc_config.py...
Applied patch tools/testing/selftests/tc-testing/tdc_config.py cleanly.
Run at 2024-05-02 18:03:44.735562
INFO: building kernel
INFO: starting VM 0
INFO: thr0-0 VM starting: vng -v -r arch/x86/boot/bzImage --user root --rwdir=/nipa-data/kernel/
INFO: thr0-0 expecting prompt: '/nipa-data/kernel# '
INFO: thr0-0 reached initial prompt
INFO: thr-0 testing == tdc.sh
INFO: thr-0 tdc.sh >> retcode: 0 result: pass found {'fail': False, 'skip': False, 'pass': True}
INFO: thr-0 has no more work, exiting
INFO: thr0-0 VM stopped
Done at 2024-05-02 18:07:16.842496
NIPA quitting!
/
~/nipa/tc-executor/tc-executor-storage /
sort: write failed: 'standard output': Broken pipe
sort: write error
