~/nipa/tc-executor/tc-executor-storage /
Switched to branch 'storage'
Your branch is ahead of 'origin/storage' by 518 commits.
  (use "git push" to publish your local commits)
/
~/nipa/tc-executor /
Error response from daemon: No such image: nipa-executor:latest
#0 building with "default" instance using docker driver

#1 [internal] load build definition from Dockerfile
#1 transferring dockerfile: 2.05kB done
#1 DONE 0.0s

#2 [internal] load .dockerignore
#2 transferring context: 2B done
#2 DONE 0.0s

#3 [internal] load metadata for docker.io/library/alpine:edge
#3 DONE 0.0s

#4 [ 1/22] FROM docker.io/library/alpine:edge
#4 CACHED

#5 [internal] load build context
#5 transferring context: 3.02kB done
#5 DONE 0.0s

#6 [ 2/22] RUN echo false > debug-mode
#6 DONE 0.6s

#7 [ 3/22] RUN addgroup -g 1001 hostuser
#7 DONE 0.3s

#8 [ 4/22] RUN adduser -u 1001 -G hostuser -H -D -s /bin/ash hostuser
#8 DONE 0.4s

#9 [ 5/22] RUN echo '@testing http://dl-cdn.alpinelinux.org/alpine/edge/testing' >> /etc/apk/repositories
#9 DONE 0.4s

#10 [ 6/22] RUN echo '@community http://dl-cdn.alpinelinux.org/alpine/edge/community' >> /etc/apk/repositories
#10 DONE 0.4s

#11 [ 7/22] RUN apk update && apk add --no-cache    virtme-ng@testing    git    py3-requests    py3-psutil    py3-setuptools    py3-pyroute2    py3-argcomplete    qemu-system-x86_64@community    scapy@community    make    gcc    musl-dev    flex    bison    linux-headers    elfutils-dev    util-linux    coreutils    diffutils    findutils    file    bash    kmod    perl    iptables-dev    libcap-dev    libmnl-dev    iproute2     jq    libbpf-dev    rsync    openssl-dev
#11 0.426 fetch https://dl-cdn.alpinelinux.org/alpine/edge/main/x86_64/APKINDEX.tar.gz
#11 0.644 fetch https://dl-cdn.alpinelinux.org/alpine/edge/community/x86_64/APKINDEX.tar.gz
#11 0.861 fetch http://dl-cdn.alpinelinux.org/alpine/edge/testing/x86_64/APKINDEX.tar.gz
#11 1.079 fetch http://dl-cdn.alpinelinux.org/alpine/edge/community/x86_64/APKINDEX.tar.gz
#11 1.332 v20240329-2260-g2950eca3750 [https://dl-cdn.alpinelinux.org/alpine/edge/main]
#11 1.332 v20240329-2268-g748172a40ef [https://dl-cdn.alpinelinux.org/alpine/edge/community]
#11 1.332 v20240329-2268-g748172a40ef [http://dl-cdn.alpinelinux.org/alpine/edge/testing]
#11 1.332 v20240329-2268-g748172a40ef [http://dl-cdn.alpinelinux.org/alpine/edge/community]
#11 1.332 OK: 31183 distinct packages available
#11 1.392 fetch https://dl-cdn.alpinelinux.org/alpine/edge/main/x86_64/APKINDEX.tar.gz
#11 1.495 fetch https://dl-cdn.alpinelinux.org/alpine/edge/community/x86_64/APKINDEX.tar.gz
#11 1.608 fetch http://dl-cdn.alpinelinux.org/alpine/edge/testing/x86_64/APKINDEX.tar.gz
#11 1.712 fetch http://dl-cdn.alpinelinux.org/alpine/edge/community/x86_64/APKINDEX.tar.gz
#11 1.961 (1/176) Upgrading musl (1.2.4_git20230717-r5 -> 1.2.5-r0)
#11 1.983 (2/176) Upgrading libcrypto3 (3.1.4-r2 -> 3.3.0-r1)
#11 2.028 (3/176) Upgrading libssl3 (3.1.4-r2 -> 3.3.0-r1)
#11 2.045 (4/176) Upgrading zlib (1.3-r2 -> 1.3.1-r1)
#11 2.058 (5/176) Installing ncurses-terminfo-base (6.4_p20240330-r0)
#11 2.072 (6/176) Installing libncursesw (6.4_p20240330-r0)
#11 2.086 (7/176) Installing readline (8.2.10-r0)
#11 2.101 (8/176) Installing bash (5.2.26-r0)
#11 2.121 Executing bash-5.2.26-r0.post-install
#11 2.124 (9/176) Installing m4 (1.4.19-r3)
#11 2.137 (10/176) Installing bison (3.8.2-r1)
#11 2.158 (11/176) Installing coreutils-env (9.5-r1)
#11 2.171 (12/176) Installing coreutils-fmt (9.5-r1)
#11 2.183 (13/176) Installing coreutils-sha512sum (9.5-r1)
#11 2.195 (14/176) Installing libacl (2.3.2-r0)
#11 2.207 (15/176) Installing libattr (2.5.2-r0)
#11 2.219 (16/176) Installing skalibs (2.14.1.1-r0)
#11 2.233 (17/176) Installing utmps-libs (0.1.2.2-r1)
#11 2.245 (18/176) Installing coreutils (9.5-r1)
#11 2.300 (19/176) Installing diffutils (3.10-r0)
#11 2.315 (20/176) Installing zstd-libs (1.5.6-r0)
#11 2.332 (21/176) Installing libelf (0.191-r0)
#11 2.344 (22/176) Installing libbz2 (1.0.8-r6)
#11 2.357 (23/176) Installing musl-fts (1.2.7-r6)
#11 2.368 (24/176) Installing xz-libs (5.6.1-r3)
#11 2.382 (25/176) Installing libdw (0.191-r0)
#11 2.398 (26/176) Installing libasm (0.191-r0)
#11 2.410 (27/176) Installing xz (5.6.1-r3)
#11 2.426 (28/176) Installing pkgconf (2.2.0-r0)
#11 2.438 (29/176) Installing xz-dev (5.6.1-r3)
#11 2.453 (30/176) Installing libgcc (13.2.1_git20240309-r0)
#11 2.466 (31/176) Installing libstdc++ (13.2.1_git20240309-r0)
#11 2.494 (32/176) Installing zstd (1.5.6-r0)
#11 2.509 (33/176) Installing zstd-dev (1.5.6-r0)
#11 2.523 (34/176) Installing zlib-dev (1.3.1-r1)
#11 2.535 (35/176) Installing elfutils-dev (0.191-r0)
#11 2.556 (36/176) Installing libmagic (5.45-r1)
#11 2.587 (37/176) Installing file (5.45-r1)
#11 2.599 (38/176) Installing findutils (4.9.0-r5)
#11 2.614 (39/176) Installing flex (2.6.4-r6)
#11 2.628 (40/176) Installing jansson (2.14-r4)
#11 2.641 (41/176) Installing binutils (2.42-r0)
#11 2.698 (42/176) Installing libgomp (13.2.1_git20240309-r0)
#11 2.713 (43/176) Installing libatomic (13.2.1_git20240309-r0)
#11 2.726 (44/176) Installing gmp (6.3.0-r0)
#11 2.742 (45/176) Installing isl26 (0.26-r1)
#11 2.766 (46/176) Installing mpfr4 (4.2.1-r0)
#11 2.783 (47/176) Installing mpc1 (1.3.1-r1)
#11 2.795 (48/176) Installing gcc (13.2.1_git20240309-r0)
#11 3.272 (49/176) Installing ca-certificates (20240226-r0)
#11 3.296 (50/176) Installing brotli-libs (1.1.0-r2)
#11 3.315 (51/176) Installing c-ares (1.28.1-r0)
#11 3.327 (52/176) Installing libunistring (1.2-r0)
#11 3.349 (53/176) Installing libidn2 (2.3.7-r0)
#11 3.365 (54/176) Installing nghttp2-libs (1.61.0-r0)
#11 3.378 (55/176) Installing libpsl (0.21.5-r1)
#11 3.390 (56/176) Installing libcurl (8.7.1-r0)
#11 3.409 (57/176) Installing libexpat (2.6.2-r0)
#11 3.423 (58/176) Installing pcre2 (10.43-r0)
#11 3.440 (59/176) Installing git (2.44.0-r2)
#11 3.504 (60/176) Installing git-init-template (2.44.0-r2)
#11 3.518 (61/176) Installing libcap2 (2.69-r1)
#11 3.530 (62/176) Installing libmnl (1.0.5-r2)
#11 3.541 (63/176) Installing iproute2-minimal (6.8.0-r0)
#11 3.558 (64/176) Installing libxtables (1.8.10-r3)
#11 3.569 (65/176) Installing iproute2-tc (6.8.0-r0)
#11 3.587 (66/176) Installing iproute2-ss (6.8.0-r0)
#11 3.599 (67/176) Installing iproute2 (6.8.0-r0)
#11 3.615 Executing iproute2-6.8.0-r0.post-install
#11 3.618 (68/176) Installing linux-headers (6.6-r0)
#11 3.706 (69/176) Installing libip4tc (1.8.10-r3)
#11 3.718 (70/176) Installing libip6tc (1.8.10-r3)
#11 3.730 (71/176) Installing libipq (1.8.10-r3)
#11 3.741 (72/176) Installing iptables-dev (1.8.10-r3)
#11 3.754 (73/176) Installing oniguruma (6.9.9-r0)
#11 3.771 (74/176) Installing jq (1.7.1-r0)
#11 3.788 (75/176) Installing kmod (32-r0)
#11 3.802 (76/176) Installing libbpf (1.4.0-r0)
#11 3.817 (77/176) Installing libbpf-dev (1.4.0-r0)
#11 3.837 (78/176) Installing libcap-dev (2.69-r1)
#11 3.849 (79/176) Installing libmnl-dev (1.0.5-r2)
#11 3.861 (80/176) Installing make (4.4.1-r2)
#11 3.875 (81/176) Installing musl-dev (1.2.5-r0)
#11 3.935 (82/176) Installing openssl-dev (3.3.0-r1)
#11 3.964 (83/176) Installing perl (5.38.2-r0)
#11 4.178 (84/176) Installing perl-error (0.17029-r2)
#11 4.191 (85/176) Installing perl-git (2.44.0-r2)
#11 4.203 (86/176) Installing git-perl (2.44.0-r2)
#11 4.217 (87/176) Installing libffi (3.4.6-r0)
#11 4.229 (88/176) Installing gdbm (1.23-r1)
#11 4.241 (89/176) Installing mpdecimal (4.0.0-r0)
#11 4.254 (90/176) Installing libpanelw (6.4_p20240330-r0)
#11 4.266 (91/176) Installing sqlite-libs (3.45.3-r0)
#11 4.287 (92/176) Installing python3 (3.12.3-r1)
#11 4.420 (93/176) Installing python3-pycache-pyc0 (3.12.3-r1)
#11 4.514 (94/176) Installing pyc (3.12.3-r1)
#11 4.526 (95/176) Installing py3-argcomplete-pyc (3.3.0-r0)
#11 4.540 (96/176) Installing python3-pyc (3.12.3-r1)
#11 4.551 (97/176) Installing py3-argcomplete (3.3.0-r0)
#11 4.564 (98/176) Installing py3-psutil (5.9.8-r1)
#11 4.585 (99/176) Installing py3-psutil-pyc (5.9.8-r1)
#11 4.602 (100/176) Installing py3-pyroute2 (0.7.12-r1)
#11 4.635 (101/176) Installing py3-pyroute2-pyc (0.7.12-r1)
#11 4.670 (102/176) Installing py3-certifi (2024.2.2-r1)
#11 4.681 (103/176) Installing py3-certifi-pyc (2024.2.2-r1)
#11 4.693 (104/176) Installing py3-charset-normalizer (3.3.2-r1)
#11 4.707 (105/176) Installing py3-charset-normalizer-pyc (3.3.2-r1)
#11 4.722 (106/176) Installing py3-idna (3.7-r0)
#11 4.737 (107/176) Installing py3-idna-pyc (3.7-r0)
#11 4.751 (108/176) Installing py3-urllib3 (1.26.18-r1)
#11 4.769 (109/176) Installing py3-urllib3-pyc (1.26.18-r1)
#11 4.787 (110/176) Installing py3-requests (2.31.0-r2)
#11 4.801 (111/176) Installing py3-requests-pyc (2.31.0-r2)
#11 4.815 (112/176) Installing py3-parsing (3.1.2-r1)
#11 4.832 (113/176) Installing py3-parsing-pyc (3.1.2-r1)
#11 4.849 (114/176) Installing py3-packaging (24.0-r1)
#11 4.868 (115/176) Installing py3-packaging-pyc (24.0-r1)
#11 4.882 (116/176) Installing py3-setuptools (69.5.1-r0)
#11 4.925 (117/176) Installing py3-setuptools-pyc (69.5.1-r0)
#11 4.972 (118/176) Installing libcap-ng (0.8.4-r0)
#11 4.984 (119/176) Installing libintl (0.22.5-r0)
#11 4.998 (120/176) Installing libeconf (0.6.2-r0)
#11 5.010 (121/176) Installing libblkid (2.40-r2)
#11 5.023 (122/176) Installing libmount (2.40-r2)
#11 5.039 (123/176) Installing glib (2.80.0-r3)
#11 5.078 (124/176) Installing numactl (2.0.18-r0)
#11 5.091 (125/176) Installing qemu (8.2.2-r0)
#11 5.107 Executing qemu-8.2.2-r0.pre-install
#11 5.164 Executing qemu-8.2.2-r0.post-install
#11 5.166 *
#11 5.166 * If you want to run VM as unprivileged user and let Qemu create tunX devices,
#11 5.166 * then you must add that user to the group "qemu".
#11 5.166 * If you use KVM for hardware-assisted virtualization, then you may also need
#11 5.166 * to add that user to the group "kvm".
#11 5.166 *
#11 5.166 (126/176) Installing qemu-bridge-helper (8.2.2-r0)
#11 5.186 (127/176) Installing libaio (0.3.113-r2)
#11 5.198 (128/176) Installing capstone (5.0.1-r4)
#11 5.232 (129/176) Installing nettle (3.9.1-r0)
#11 5.250 (130/176) Installing libtasn1 (4.19.0-r2)
#11 5.263 (131/176) Installing p11-kit (0.25.3-r0)
#11 5.283 (132/176) Installing gnutls (3.8.3-r0)
#11 5.316 (133/176) Installing libjpeg-turbo (3.0.2-r0)
#11 5.332 (134/176) Installing lzo (2.10-r5)
#11 5.346 (135/176) Installing pixman (0.43.2-r0)
#11 5.363 (136/176) Installing libpng (1.6.43-r0)
#11 5.378 (137/176) Installing libsasl (2.1.28-r6)
#11 5.391 (138/176) Installing libseccomp (2.5.5-r1)
#11 5.405 (139/176) Installing libslirp (4.7.0-r0)
#11 5.417 (140/176) Installing snappy (1.1.10-r2)
#11 5.429 (141/176) Installing liburing (2.5-r1)
#11 5.442 (142/176) Installing vde2-libs (2.3.3-r3)
#11 5.455 (143/176) Installing qemu-system-x86_64 (8.2.2-r0)
#11 5.563 (144/176) Installing lz4-libs (1.9.4-r5)
#11 5.576 (145/176) Installing popt (1.19-r3)
#11 5.588 (146/176) Installing libxxhash (0.8.2-r2)
#11 5.602 (147/176) Installing rsync (3.3.0-r0)
#11 5.617 (148/176) Installing scapy (2.5.0-r3)
#11 5.671 Executing scapy-2.5.0-r3.post-install
#11 5.673 *
#11 5.673 * Certain optional features of scapy also depend on the following packages:
#11 5.673 *     py3-matplotlib graphviz imagemagick py3-cryptography sox
#11 5.673 * And the following unpackaged dependencies:
#11 5.673 *     pyxi vpython-jupyter nmap<v4.23
#11 5.673 * More information can be found at https://scapy.readthedocs.io/en/latest/installation.html#optional-dependencies
#11 5.673 *
#11 5.673 (149/176) Installing scapy-pyc (2.5.0-r3)
#11 5.737 (150/176) Installing util-linux (2.40-r2)
#11 5.749 (151/176) Installing setarch (2.40-r2)
#11 5.760 (152/176) Installing libuuid (2.40-r2)
#11 5.772 (153/176) Installing libfdisk (2.40-r2)
#11 5.786 (154/176) Installing libsmartcols (2.40-r2)
#11 5.799 (155/176) Installing util-linux-misc (2.40-r2)
#11 5.830 (156/176) Installing linux-pam (1.6.0-r0)
#11 5.851 (157/176) Installing runuser (2.40-r2)
#11 5.863 (158/176) Installing mount (2.40-r2)
#11 5.875 (159/176) Installing losetup (2.40-r2)
#11 5.887 (160/176) Installing hexdump (2.40-r2)
#11 5.899 (161/176) Installing uuidgen (2.40-r2)
#11 5.911 (162/176) Installing blkid (2.40-r2)
#11 5.923 (163/176) Installing sfdisk (2.40-r2)
#11 5.936 (164/176) Installing mcookie (2.40-r2)
#11 5.947 (165/176) Installing agetty (2.40-r2)
#11 5.959 (166/176) Installing wipefs (2.40-r2)
#11 5.971 (167/176) Installing cfdisk (2.40-r2)
#11 5.984 (168/176) Installing umount (2.40-r2)
#11 5.996 (169/176) Installing flock (2.40-r2)
#11 6.007 (170/176) Installing lsblk (2.40-r2)
#11 6.021 (171/176) Installing setpriv (2.40-r2)
#11 6.033 (172/176) Installing logger (2.40-r2)
#11 6.044 (173/176) Installing partx (2.40-r2)
#11 6.056 (174/176) Installing fstrim (2.40-r2)
#11 6.068 (175/176) Installing findmnt (2.40-r2)
#11 6.080 (176/176) Installing virtme-ng@testing (1.23-r1)
#11 6.136 Executing busybox-1.36.1-r17.trigger
#11 6.140 Executing ca-certificates-20240226-r0.trigger
#11 6.160 Executing glib-2.80.0-r3.trigger
#11 6.165 OK: 383 MiB in 187 packages
#11 DONE 6.5s

#12 [ 8/22] RUN mkdir -p /tmp/kernel-patches &&     mkdir -p /tmp/iproute2-patches
#12 DONE 0.4s

#13 [ 9/22] COPY tdc.config /tmp
#13 DONE 0.0s

#14 [10/22] COPY tdc-debug.config /tmp
#14 DONE 0.1s

#15 [11/22] COPY kernel-patches /tmp/kernel-patches/
#15 DONE 0.0s

#16 [12/22] COPY iproute2-patches /tmp/iproute2-patches/
#16 DONE 0.0s

#17 [13/22] COPY configs /tmp/configs/
#17 DONE 0.0s

#18 [14/22] RUN git config --global user.email foo@bar.com
#18 DONE 0.3s

#19 [15/22] RUN git config --global user.name foo@bar.com
#19 DONE 0.4s

#20 [16/22] RUN git clone https://git.kernel.org/pub/scm/network/iproute2/iproute2-next.git /nipa-data/iproute2
#20 0.379 Cloning into '/nipa-data/iproute2'...
#20 DONE 1.9s

#21 [17/22] RUN cd /nipa-data/iproute2 && 	git remote add stable https://git.kernel.org/pub/scm/network/iproute2/iproute2.git && 	git fetch --all && 	git merge stable/main
#21 0.393 Fetching origin
#21 0.671 Fetching stable
#21 1.117 From https://git.kernel.org/pub/scm/network/iproute2/iproute2
#21 1.117  * [new branch]        codeql         -> stable/codeql
#21 1.117  * [new branch]        iproute2-4.1.x -> stable/iproute2-4.1.x
#21 1.117  * [new branch]        main           -> stable/main
#21 1.149 Auto-merging ip/iplink.c
#21 1.149 Auto-merging man/man8/ip-link.8.in
#21 1.162 Merge made by the 'ort' strategy.
#21 1.165  ip/iplink.c           | 2 +-
#21 1.165  man/man8/ip-link.8.in | 2 +-
#21 1.165  2 files changed, 2 insertions(+), 2 deletions(-)
#21 DONE 1.2s

#22 [18/22] RUN if [ "$(find /tmp/iproute2-patches/ -name *.patch)" ]; then  	cd /nipa-data/iproute2; 	git apply /tmp/iproute2-patches/*.patch;     fi
#22 DONE 0.4s

#23 [19/22] RUN cd /nipa-data/iproute2/ &&     ./configure &&     make
#23 0.330 TC schedulers
#23 0.332  IPT	using xtables
#23 0.358  IPSET  yes
#23 0.377 
#23 0.378 lib directory: /usr/lib
#23 0.378 libc has setns: yes
#23 0.396 libc has name_to_handle_at: yes
#23 0.416 SELinux support: no
#23 0.417 libtirpc support: no
#23 0.418 libbpf support: yes
#23 0.482 	libbpf version 1.4.0
#23 0.482 ELF support: yes
#23 0.484 libmnl support: yes
#23 0.486 Berkeley DB: no
#23 0.495 need for strlcpy: no
#23 0.514 libcap support: yes
#23 0.516 color output: never
#23 0.518 
#23 0.518 lib
#23 0.520     CC       libgenl.o
#23 0.557     CC       libnetlink.o
#23 0.846     CC       mnl_utils.o
#23 0.920     AR       libnetlink.a
#23 0.922     CC       utils.o
#23 1.280     CC       utils_math.o
#23 1.319     CC       rt_names.o
#23 1.475     CC       ll_map.o
#23 1.560     CC       ll_types.o
#23 1.573 In file included from ll_types.c:20:
#23 1.573 ../include/uapi/linux/sockios.h:42: warning: "SIOCGSTAMP" redefined
#23 1.573    42 | #define SIOCGSTAMP      SIOCGSTAMP_OLD
#23 1.573       | 
#23 1.573 In file included from /usr/include/sys/ioctl.h:10,
#23 1.573                  from ll_types.c:12:
#23 1.573 /usr/include/bits/ioctl.h:111: note: this is the location of the previous definition
#23 1.573   111 | #define SIOCGSTAMP      0x8906
#23 1.573       | 
#23 1.573 ../include/uapi/linux/sockios.h:43: warning: "SIOCGSTAMPNS" redefined
#23 1.573    43 | #define SIOCGSTAMPNS    SIOCGSTAMPNS_OLD
#23 1.573       | 
#23 1.573 /usr/include/bits/ioctl.h:112: note: this is the location of the previous definition
#23 1.573   112 | #define SIOCGSTAMPNS    0x8907
#23 1.573       | 
#23 1.587     CC       ll_proto.o
#23 1.599 In file included from ll_proto.c:21:
#23 1.599 ../include/uapi/linux/sockios.h:42: warning: "SIOCGSTAMP" redefined
#23 1.599    42 | #define SIOCGSTAMP      SIOCGSTAMP_OLD
#23 1.599       | 
#23 1.599 In file included from /usr/include/sys/ioctl.h:10,
#23 1.599                  from ll_proto.c:13:
#23 1.599 /usr/include/bits/ioctl.h:111: note: this is the location of the previous definition
#23 1.599   111 | #define SIOCGSTAMP      0x8906
#23 1.599       | 
#23 1.599 ../include/uapi/linux/sockios.h:43: warning: "SIOCGSTAMPNS" redefined
#23 1.599    43 | #define SIOCGSTAMPNS    SIOCGSTAMPNS_OLD
#23 1.599       | 
#23 1.599 /usr/include/bits/ioctl.h:112: note: this is the location of the previous definition
#23 1.599   112 | #define SIOCGSTAMPNS    0x8907
#23 1.599       | 
#23 1.615     CC       ll_addr.o
#23 1.627 In file included from ll_addr.c:20:
#23 1.627 ../include/uapi/linux/sockios.h:42: warning: "SIOCGSTAMP" redefined
#23 1.627    42 | #define SIOCGSTAMP      SIOCGSTAMP_OLD
#23 1.627       | 
#23 1.627 In file included from /usr/include/sys/ioctl.h:10,
#23 1.627                  from ll_addr.c:12:
#23 1.627 /usr/include/bits/ioctl.h:111: note: this is the location of the previous definition
#23 1.627   111 | #define SIOCGSTAMP      0x8906
#23 1.627       | 
#23 1.627 ../include/uapi/linux/sockios.h:43: warning: "SIOCGSTAMPNS" redefined
#23 1.627    43 | #define SIOCGSTAMPNS    SIOCGSTAMPNS_OLD
#23 1.627       | 
#23 1.627 /usr/include/bits/ioctl.h:112: note: this is the location of the previous definition
#23 1.627   112 | #define SIOCGSTAMPNS    0x8907
#23 1.627       | 
#23 1.653     CC       inet_proto.o
#23 1.686     CC       namespace.o
#23 1.745     CC       json_writer.o
#23 1.820     CC       json_print.o
#23 1.933     CC       json_print_math.o
#23 1.963     CC       names.o
#23 2.017     CC       color.o
#23 2.062     CC       bpf_legacy.o
#23 2.405     CC       bpf_glue.o
#23 2.447     CC       exec.o
#23 2.474     CC       fs.o
#23 2.536     CC       cg_map.o
#23 2.575     CC       ppp_proto.o
#23 2.596     CC       bpf_libbpf.o
#23 2.675     CC       selinux.o
#23 2.693     CC       ax25_ntop.o
#23 2.727     CC       rose_ntop.o
#23 2.739 In file included from rose_ntop.c:16:
#23 2.739 ../include/uapi/linux/sockios.h:42: warning: "SIOCGSTAMP" redefined
#23 2.739    42 | #define SIOCGSTAMP      SIOCGSTAMP_OLD
#23 2.739       | 
#23 2.739 In file included from /usr/include/sys/ioctl.h:10,
#23 2.739                  from rose_ntop.c:7:
#23 2.739 /usr/include/bits/ioctl.h:111: note: this is the location of the previous definition
#23 2.739   111 | #define SIOCGSTAMP      0x8906
#23 2.739       | 
#23 2.739 ../include/uapi/linux/sockios.h:43: warning: "SIOCGSTAMPNS" redefined
#23 2.739    43 | #define SIOCGSTAMPNS    SIOCGSTAMPNS_OLD
#23 2.739       | 
#23 2.739 /usr/include/bits/ioctl.h:112: note: this is the location of the previous definition
#23 2.739   112 | #define SIOCGSTAMPNS    0x8907
#23 2.739       | 
#23 2.754     CC       mpls_ntop.o
#23 2.780     CC       mpls_pton.o
#23 2.805     CC       netrom_ntop.o
#23 2.825     AR       libutil.a
#23 2.830 
#23 2.830 ip
#23 2.832     CC       ip.o
#23 2.898     CC       ipaddress.o
#23 2.911 In file included from ipaddress.c:26:
#23 2.911 ../include/uapi/linux/sockios.h:42: warning: "SIOCGSTAMP" redefined
#23 2.911    42 | #define SIOCGSTAMP      SIOCGSTAMP_OLD
#23 2.911       | 
#23 2.911 In file included from /usr/include/sys/ioctl.h:10,
#23 2.911                  from ipaddress.c:14:
#23 2.911 /usr/include/bits/ioctl.h:111: note: this is the location of the previous definition
#23 2.911   111 | #define SIOCGSTAMP      0x8906
#23 2.911       | 
#23 2.911 ../include/uapi/linux/sockios.h:43: warning: "SIOCGSTAMPNS" redefined
#23 2.911    43 | #define SIOCGSTAMPNS    SIOCGSTAMPNS_OLD
#23 2.911       | 
#23 2.911 /usr/include/bits/ioctl.h:112: note: this is the location of the previous definition
#23 2.911   112 | #define SIOCGSTAMPNS    0x8907
#23 2.911       | 
#23 3.342     CC       ipaddrlabel.o
#23 3.412     CC       iproute.o
#23 3.901     CC       iprule.o
#23 4.089     CC       ipnetns.o
#23 4.278     CC       rtm_map.o
#23 4.311     CC       iptunnel.o
#23 4.323 In file included from ../include/uapi/linux/if_tunnel.h:6,
#23 4.323                  from iptunnel.c:19:
#23 4.323 ../include/uapi/linux/if.h:134: warning: "IFF_VOLATILE" redefined
#23 4.323   134 | #define IFF_VOLATILE    (IFF_LOOPBACK|IFF_POINTOPOINT|IFF_BROADCAST|IFF_ECHO|\
#23 4.323       | 
#23 4.323 In file included from iptunnel.c:16:
#23 4.323 /usr/include/net/if.h:48: note: this is the location of the previous definition
#23 4.323    48 | #define IFF_VOLATILE (IFF_LOOPBACK|IFF_POINTOPOINT|IFF_BROADCAST| \
#23 4.323       | 
#23 4.451     CC       ip6tunnel.o
#23 4.566     CC       tunnel.o
#23 4.651     CC       ipneigh.o
#23 4.797     CC       ipntable.o
#23 4.896     CC       iplink.o
#23 5.157     CC       ipmaddr.o
#23 5.169 In file included from ipmaddr.c:21:
#23 5.169 ../include/uapi/linux/sockios.h:42: warning: "SIOCGSTAMP" redefined
#23 5.169    42 | #define SIOCGSTAMP      SIOCGSTAMP_OLD
#23 5.169       | 
#23 5.169 In file included from /usr/include/sys/ioctl.h:10,
#23 5.169                  from ipmaddr.c:12:
#23 5.169 /usr/include/bits/ioctl.h:111: note: this is the location of the previous definition
#23 5.169   111 | #define SIOCGSTAMP      0x8906
#23 5.169       | 
#23 5.169 ../include/uapi/linux/sockios.h:43: warning: "SIOCGSTAMPNS" redefined
#23 5.169    43 | #define SIOCGSTAMPNS    SIOCGSTAMPNS_OLD
#23 5.169       | 
#23 5.169 /usr/include/bits/ioctl.h:112: note: this is the location of the previous definition
#23 5.169   112 | #define SIOCGSTAMPNS    0x8907
#23 5.169       | 
#23 5.250     CC       ipmonitor.o
#23 5.319     CC       ipmroute.o
#23 5.331 In file included from ipmroute.c:22:
#23 5.331 ../include/uapi/linux/sockios.h:42: warning: "SIOCGSTAMP" redefined
#23 5.331    42 | #define SIOCGSTAMP      SIOCGSTAMP_OLD
#23 5.331       | 
#23 5.331 In file included from /usr/include/sys/ioctl.h:10,
#23 5.331                  from ipmroute.c:13:
#23 5.331 /usr/include/bits/ioctl.h:111: note: this is the location of the previous definition
#23 5.331   111 | #define SIOCGSTAMP      0x8906
#23 5.331       | 
#23 5.331 ../include/uapi/linux/sockios.h:43: warning: "SIOCGSTAMPNS" redefined
#23 5.331    43 | #define SIOCGSTAMPNS    SIOCGSTAMPNS_OLD
#23 5.331       | 
#23 5.331 /usr/include/bits/ioctl.h:112: note: this is the location of the previous definition
#23 5.331   112 | #define SIOCGSTAMPNS    0x8907
#23 5.331       | 
#23 5.390     CC       ipprefix.o
#23 5.426     CC       iptuntap.o
#23 5.533     CC       iptoken.o
#23 5.589     CC       ipxfrm.o
#23 5.880     CC       xfrm_state.o
#23 6.145     CC       xfrm_policy.o
#23 6.383     CC       xfrm_monitor.o
#23 6.457     CC       iplink_dummy.o
#23 6.484     CC       iplink_ifb.o
#23 6.506     CC       iplink_nlmon.o
#23 6.527     CC       iplink_team.o
#23 6.550     CC       iplink_vcan.o
#23 6.572     CC       iplink_vxcan.o
#23 6.598     CC       iplink_vlan.o
#23 6.665     CC       link_veth.o
#23 6.694     CC       link_gre.o
#23 6.705 In file included from ../include/uapi/linux/if_tunnel.h:6,
#23 6.705                  from link_gre.c:15:
#23 6.705 ../include/uapi/linux/if.h:134: warning: "IFF_VOLATILE" redefined
#23 6.705   134 | #define IFF_VOLATILE    (IFF_LOOPBACK|IFF_POINTOPOINT|IFF_BROADCAST|IFF_ECHO|\
#23 6.705       | 
#23 6.705 In file included from link_gre.c:9:
#23 6.705 /usr/include/net/if.h:48: note: this is the location of the previous definition
#23 6.705    48 | #define IFF_VOLATILE (IFF_LOOPBACK|IFF_POINTOPOINT|IFF_BROADCAST| \
#23 6.705       | 
#23 6.815     CC       iplink_can.o
#23 6.973     CC       iplink_xdp.o
#23 7.030     CC       iplink_macvlan.o
#23 7.102     CC       ipl2tp.o
#23 7.277     CC       link_vti.o
#23 7.288 In file included from ../include/uapi/linux/if_tunnel.h:6,
#23 7.288                  from link_vti.c:16:
#23 7.288 ../include/uapi/linux/if.h:134: warning: "IFF_VOLATILE" redefined
#23 7.288   134 | #define IFF_VOLATILE    (IFF_LOOPBACK|IFF_POINTOPOINT|IFF_BROADCAST|IFF_ECHO|\
#23 7.288       | 
#23 7.288 In file included from link_vti.c:10:
#23 7.288 /usr/include/net/if.h:48: note: this is the location of the previous definition
#23 7.288    48 | #define IFF_VOLATILE (IFF_LOOPBACK|IFF_POINTOPOINT|IFF_BROADCAST| \
#23 7.288       | 
#23 7.334     CC       link_vti6.o
#23 7.345 In file included from ../include/uapi/linux/if_tunnel.h:6,
#23 7.345                  from link_vti6.c:17:
#23 7.345 ../include/uapi/linux/if.h:134: warning: "IFF_VOLATILE" redefined
#23 7.345   134 | #define IFF_VOLATILE    (IFF_LOOPBACK|IFF_POINTOPOINT|IFF_BROADCAST|IFF_ECHO|\
#23 7.345       | 
#23 7.345 In file included from link_vti6.c:11:
#23 7.345 /usr/include/net/if.h:48: note: this is the location of the previous definition
#23 7.345    48 | #define IFF_VOLATILE (IFF_LOOPBACK|IFF_POINTOPOINT|IFF_BROADCAST| \
#23 7.345       | 
#23 7.393     CC       link_xfrm.o
#23 7.442     CC       iplink_vxlan.o
#23 7.593     CC       tcp_metrics.o
#23 7.709     CC       iplink_ipoib.o
#23 7.759     CC       ipnetconf.o
#23 7.812     CC       link_ip6tnl.o
#23 7.822 In file included from ../include/uapi/linux/if_tunnel.h:6,
#23 7.822                  from link_ip6tnl.c:15:
#23 7.822 ../include/uapi/linux/if.h:134: warning: "IFF_VOLATILE" redefined
#23 7.822   134 | #define IFF_VOLATILE    (IFF_LOOPBACK|IFF_POINTOPOINT|IFF_BROADCAST|IFF_ECHO|\
#23 7.822       | 
#23 7.822 In file included from link_ip6tnl.c:9:
#23 7.822 /usr/include/net/if.h:48: note: this is the location of the previous definition
#23 7.822    48 | #define IFF_VOLATILE (IFF_LOOPBACK|IFF_POINTOPOINT|IFF_BROADCAST| \
#23 7.822       | 
#23 7.909     CC       link_iptnl.o
#23 7.919 In file included from ../include/uapi/linux/if_tunnel.h:6,
#23 7.919                  from link_iptnl.c:16:
#23 7.919 ../include/uapi/linux/if.h:134: warning: "IFF_VOLATILE" redefined
#23 7.919   134 | #define IFF_VOLATILE    (IFF_LOOPBACK|IFF_POINTOPOINT|IFF_BROADCAST|IFF_ECHO|\
#23 7.919       | 
#23 7.919 In file included from link_iptnl.c:9:
#23 7.919 /usr/include/net/if.h:48: note: this is the location of the previous definition
#23 7.919    48 | #define IFF_VOLATILE (IFF_LOOPBACK|IFF_POINTOPOINT|IFF_BROADCAST| \
#23 7.919       | 
#23 8.015     CC       link_gre6.o
#23 8.026 In file included from ../include/uapi/linux/if_tunnel.h:6,
#23 8.026                  from link_gre6.c:15:
#23 8.026 ../include/uapi/linux/if.h:134: warning: "IFF_VOLATILE" redefined
#23 8.026   134 | #define IFF_VOLATILE    (IFF_LOOPBACK|IFF_POINTOPOINT|IFF_BROADCAST|IFF_ECHO|\
#23 8.026       | 
#23 8.026 In file included from link_gre6.c:9:
#23 8.026 /usr/include/net/if.h:48: note: this is the location of the previous definition
#23 8.026    48 | #define IFF_VOLATILE (IFF_LOOPBACK|IFF_POINTOPOINT|IFF_BROADCAST| \
#23 8.026       | 
#23 8.156     CC       iplink_bond.o
#23 8.329     CC       iplink_bond_slave.o
#23 8.392     CC       iplink_hsr.o
#23 8.438     CC       iplink_bridge.o
#23 8.584     CC       iplink_bridge_slave.o
#23 8.681     CC       iplink_dsa.o
#23 8.712     CC       ipfou.o
#23 8.793     CC       iplink_ipvlan.o
#23 8.831     CC       iplink_geneve.o
#23 8.922     CC       iplink_vrf.o
#23 8.970     CC       iproute_lwtunnel.o
#23 9.362     CC       ipmacsec.o
#23 9.600     CC       ipila.o
#23 9.679     CC       ipvrf.o
#23 9.789     CC       iplink_xstats.o
#23 9.819     CC       ipseg6.o
#23 9.870     CC       iplink_netdevsim.o
#23 9.892     CC       iplink_rmnet.o
#23 9.929     CC       ipnexthop.o
#23 10.20     CC       ipmptcp.o
#23 10.34     CC       iplink_bareudp.o
#23 10.38     CC       iplink_wwan.o
#23 10.41     CC       ipioam6.o
#23 10.50     CC       iplink_amt.o
#23 10.57     CC       iplink_batadv.o
#23 10.59     CC       iplink_gtp.o
#23 10.65     CC       iplink_virt_wifi.o
#23 10.67     CC       iplink_netkit.o
#23 10.71     CC       ipstats.o
#23 10.92     LINK     ip
#23 10.96     CC       rtmon.o
#23 11.01     LINK     rtmon
#23 11.02 
#23 11.02 tc
#23 11.02     CC       tc.o
#23 11.11     CC       tc_qdisc.o
#23 11.23     CC       tc_class.o
#23 11.35     CC       tc_filter.o
#23 11.52     CC       tc_util.o
#23 11.72     CC       tc_monitor.o
#23 11.76     CC       tc_exec.o
#23 11.79     CC       m_police.o
#23 11.87     CC       m_estimator.o
#23 11.90     CC       m_action.o
#23 12.07     CC       m_ematch.o
#23 12.18     YACC     emp_ematch.tab.c
#23 12.24     CC       emp_ematch.tab.o
#23 12.35     LEX      emp_ematch.lex.c
#23 12.36     CC       emp_ematch.lex.o
#23 12.55     CC       q_fifo.o
#23 12.59     CC       q_sfq.o
#23 12.66     CC       q_red.o
#23 12.74     CC       q_prio.o
#23 12.79     CC       q_skbprio.o
#23 12.82     CC       q_tbf.o
#23 12.90     CC       q_multiq.o
#23 12.93     CC       q_netem.o
#23 13.17     CC       q_choke.o
#23 13.25     CC       q_sfb.o
#23 13.32     CC       f_u32.o
#23 13.60     CC       f_route.o
#23 13.66     CC       f_fw.o
#23 13.71     CC       f_basic.o
#23 13.76     CC       f_bpf.o
#23 13.83     CC       f_flow.o
#23 13.94     CC       f_cgroup.o
#23 13.98     CC       f_flower.o
#23 13.99 In file included from ../include/uapi/linux/netdevice.h:29,
#23 13.99                  from ../include/uapi/linux/if_arp.h:27,
#23 13.99                  from f_flower.c:14:
#23 13.99 ../include/uapi/linux/if.h:134: warning: "IFF_VOLATILE" redefined
#23 13.99   134 | #define IFF_VOLATILE    (IFF_LOOPBACK|IFF_POINTOPOINT|IFF_BROADCAST|IFF_ECHO|\
#23 13.99       | 
#23 13.99 In file included from f_flower.c:12:
#23 13.99 /usr/include/net/if.h:48: note: this is the location of the previous definition
#23 13.99    48 | #define IFF_VOLATILE (IFF_LOOPBACK|IFF_POINTOPOINT|IFF_BROADCAST| \
#23 13.99       | 
#23 14.52     CC       q_gred.o
#23 14.62     CC       q_ingress.o
#23 14.65     CC       q_hfsc.o
#23 14.74     CC       q_htb.o
#23 14.83     CC       q_drr.o
#23 14.87     CC       q_qfq.o
#23 14.91     CC       m_gact.o
#23 14.96     CC       m_mirred.o
#23 15.03     CC       m_mpls.o
#23 15.11     CC       m_nat.o
#23 15.15     CC       m_pedit.o
#23 15.28     CC       m_ife.o
#23 15.35     CC       m_skbedit.o
#23 15.43     CC       m_skbmod.o
#23 15.48     CC       m_csum.o
#23 15.54     CC       m_simple.o
#23 15.59     CC       m_vlan.o
#23 15.66     CC       m_connmark.o
#23 15.70     CC       m_ctinfo.o
#23 15.76     CC       m_bpf.o
#23 15.81     CC       m_tunnel_key.o
#23 15.94     CC       m_sample.o
#23 15.99     CC       m_ct.o
#23 16.09     CC       m_gate.o
#23 16.19     CC       p_ip.o
#23 16.23     CC       p_ip6.o
#23 16.26     CC       p_icmp.o
#23 16.28     CC       p_eth.o
#23 16.31     CC       p_tcp.o
#23 16.34     CC       p_udp.o
#23 16.37     CC       em_nbyte.o
#23 16.42     CC       em_cmp.o
#23 16.47     CC       em_u32.o
#23 16.52     CC       em_canid.o
#23 16.56     CC       em_meta.o
#23 16.67     CC       q_mqprio.o
#23 16.77     CC       q_codel.o
#23 16.82     CC       q_fq_codel.o
#23 16.89     CC       q_fq.o
#23 17.01     CC       q_pie.o
#23 17.08     CC       q_fq_pie.o
#23 17.14     CC       q_cake.o
#23 17.31     CC       q_hhf.o
#23 17.37     CC       q_clsact.o
#23 17.39     CC       e_bpf.o
#23 17.45     CC       f_matchall.o
#23 17.50     CC       q_cbs.o
#23 17.54     CC       q_etf.o
#23 17.59     CC       q_taprio.o
#23 17.72     CC       q_plug.o
#23 17.76     CC       q_ets.o
#23 17.84     CC       em_ipt.o
#23 17.86 In file included from tc_util.h:7,
#23 17.86                  from m_ematch.h:11,
#23 17.86                  from em_ipt.c:13:
#23 17.86 ../include/uapi/linux/if.h:134: warning: "IFF_VOLATILE" redefined
#23 17.86   134 | #define IFF_VOLATILE    (IFF_LOOPBACK|IFF_POINTOPOINT|IFF_BROADCAST|IFF_ECHO|\
#23 17.86       | 
#23 17.86 In file included from ../include/xtables.h:17,
#23 17.86                  from em_ipt.c:12:
#23 17.86 /usr/include/net/if.h:48: note: this is the location of the previous definition
#23 17.86    48 | #define IFF_VOLATILE (IFF_LOOPBACK|IFF_POINTOPOINT|IFF_BROADCAST| \
#23 17.86       | 
#23 17.90     CC       em_ipset.o
#23 17.91 In file included from tc_util.h:7,
#23 17.91                  from m_ematch.h:11,
#23 17.91                  from em_ipset.c:39:
#23 17.91 ../include/uapi/linux/if.h:134: warning: "IFF_VOLATILE" redefined
#23 17.91   134 | #define IFF_VOLATILE    (IFF_LOOPBACK|IFF_POINTOPOINT|IFF_BROADCAST|IFF_ECHO|\
#23 17.91       | 
#23 17.91 In file included from ../include/xtables.h:17,
#23 17.91                  from em_ipset.c:23:
#23 17.91 /usr/include/net/if.h:48: note: this is the location of the previous definition
#23 17.91    48 | #define IFF_VOLATILE (IFF_LOOPBACK|IFF_POINTOPOINT|IFF_BROADCAST| \
#23 17.91       | 
#23 17.95     CC       tc_core.o
#23 18.02     CC       tc_red.o
#23 18.06     CC       tc_estimator.o
#23 18.09     CC       tc_stab.o
#23 18.15     CC       tc_qevent.o
#23 18.20     AR       libtc.a
#23 18.21     LINK     tc
#23 18.24 rm emp_ematch.lex.c
#23 18.24 
#23 18.24 bridge
#23 18.24     CC       bridge.o
#23 18.29     CC       fdb.o
#23 18.47     CC       monitor.o
#23 18.51     CC       link.o
#23 18.67     CC       mdb.o
#23 18.89     CC       vlan.o
#23 18.90 In file included from vlan.c:14:
#23 18.90 ../include/json_print.h:80:30: warning: 'struct timeval' declared inside parameter list will not be visible outside of this definition or declaration
#23 18.90    80 | _PRINT_FUNC(tv, const struct timeval *)
#23 18.90       |                              ^~~~~~~
#23 18.90 ../include/json_print.h:50:37: note: in definition of macro '_PRINT_FUNC'
#23 18.90    50 |                                     type value);                        \
#23 18.90       |                                     ^~~~
#23 18.90 ../include/json_print.h:80:30: warning: 'struct timeval' declared inside parameter list will not be visible outside of this definition or declaration
#23 18.90    80 | _PRINT_FUNC(tv, const struct timeval *)
#23 18.90       |                              ^~~~~~~
#23 18.90 ../include/json_print.h:55:45: note: in definition of macro '_PRINT_FUNC'
#23 18.90    55 |                                             type value)                 \
#23 18.90       |                                             ^~~~
#23 18.90 ../include/json_print.h: In function 'print_tv':
#23 18.90 ../include/json_print.h:58:48: warning: passing argument 5 of 'print_color_tv' from incompatible pointer type [-Wincompatible-pointer-types]
#23 18.90    58 |                                                value);                  \
#23 18.90       |                                                ^~~~~
#23 18.90       |                                                |
#23 18.90       |                                                const struct timeval *
#23 18.90 ../include/json_print.h:80:1: note: in expansion of macro '_PRINT_FUNC'
#23 18.90    80 | _PRINT_FUNC(tv, const struct timeval *)
#23 18.90       | ^~~~~~~~~~~
#23 18.90 ../include/json_print.h:50:42: note: expected 'const struct timeval *' but argument is of type 'const struct timeval *'
#23 18.90    50 |                                     type value);                        \
#23 18.90       |                                          ^
#23 18.90 ../include/json_print.h:80:1: note: in expansion of macro '_PRINT_FUNC'
#23 18.90    80 | _PRINT_FUNC(tv, const struct timeval *)
#23 18.90       | ^~~~~~~~~~~
#23 19.14     CC       vni.o
#23 19.16 In file included from vni.c:19:
#23 19.16 ../include/json_print.h:80:30: warning: 'struct timeval' declared inside parameter list will not be visible outside of this definition or declaration
#23 19.16    80 | _PRINT_FUNC(tv, const struct timeval *)
#23 19.16       |                              ^~~~~~~
#23 19.16 ../include/json_print.h:50:37: note: in definition of macro '_PRINT_FUNC'
#23 19.16    50 |                                     type value);                        \
#23 19.16       |                                     ^~~~
#23 19.16 ../include/json_print.h:80:30: warning: 'struct timeval' declared inside parameter list will not be visible outside of this definition or declaration
#23 19.16    80 | _PRINT_FUNC(tv, const struct timeval *)
#23 19.16       |                              ^~~~~~~
#23 19.16 ../include/json_print.h:55:45: note: in definition of macro '_PRINT_FUNC'
#23 19.16    55 |                                             type value)                 \
#23 19.16       |                                             ^~~~
#23 19.16 ../include/json_print.h: In function 'print_tv':
#23 19.16 ../include/json_print.h:58:48: warning: passing argument 5 of 'print_color_tv' from incompatible pointer type [-Wincompatible-pointer-types]
#23 19.16    58 |                                                value);                  \
#23 19.16       |                                                ^~~~~
#23 19.16       |                                                |
#23 19.16       |                                                const struct timeval *
#23 19.16 ../include/json_print.h:80:1: note: in expansion of macro '_PRINT_FUNC'
#23 19.16    80 | _PRINT_FUNC(tv, const struct timeval *)
#23 19.16       | ^~~~~~~~~~~
#23 19.16 ../include/json_print.h:50:42: note: expected 'const struct timeval *' but argument is of type 'const struct timeval *'
#23 19.16    50 |                                     type value);                        \
#23 19.16       |                                          ^
#23 19.16 ../include/json_print.h:80:1: note: in expansion of macro '_PRINT_FUNC'
#23 19.16    80 | _PRINT_FUNC(tv, const struct timeval *)
#23 19.16       | ^~~~~~~~~~~
#23 19.24     LINK     bridge
#23 19.25 
#23 19.25 misc
#23 19.25     CC       ss.o
#23 19.27 In file included from ../include/uapi/linux/tipc.h:42,
#23 19.27                  from ss.c:49:
#23 19.27 ../include/uapi/linux/sockios.h:42: warning: "SIOCGSTAMP" redefined
#23 19.27    42 | #define SIOCGSTAMP      SIOCGSTAMP_OLD
#23 19.27       | 
#23 19.27 In file included from /usr/include/sys/ioctl.h:10,
#23 19.27                  from ss.c:12:
#23 19.27 /usr/include/bits/ioctl.h:111: note: this is the location of the previous definition
#23 19.27   111 | #define SIOCGSTAMP      0x8906
#23 19.27       | 
#23 19.27 ../include/uapi/linux/sockios.h:43: warning: "SIOCGSTAMPNS" redefined
#23 19.27    43 | #define SIOCGSTAMPNS    SIOCGSTAMPNS_OLD
#23 19.27       | 
#23 19.27 /usr/include/bits/ioctl.h:112: note: this is the location of the previous definition
#23 19.27   112 | #define SIOCGSTAMPNS    0x8907
#23 19.27       | 
#23 20.19     CC       ssfilter_check.o
#23 20.21     YACC     ssfilter.tab.c
#23 20.27     CC       ssfilter.tab.o
#23 20.38     LINK     ss
#23 20.40     CC       nstat
#23 20.41 In file included from nstat.c:20:
#23 20.41 /usr/include/sys/poll.h:1:2: warning: #warning redirecting incorrect #include <sys/poll.h> to <poll.h> [-Wcpp]
#23 20.41     1 | #warning redirecting incorrect #include <sys/poll.h> to <poll.h>
#23 20.41       |  ^~~~~~~
#23 20.54     CC       ifstat
#23 20.55 In file included from ifstat.c:20:
#23 20.55 /usr/include/sys/poll.h:1:2: warning: #warning redirecting incorrect #include <sys/poll.h> to <poll.h> [-Wcpp]
#23 20.55     1 | #warning redirecting incorrect #include <sys/poll.h> to <poll.h>
#23 20.55       |  ^~~~~~~
#23 20.72     CC       rtacct
#23 20.73 In file included from rtacct.c:19:
#23 20.73 /usr/include/sys/poll.h:1:2: warning: #warning redirecting incorrect #include <sys/poll.h> to <poll.h> [-Wcpp]
#23 20.73     1 | #warning redirecting incorrect #include <sys/poll.h> to <poll.h>
#23 20.73       |  ^~~~~~~
#23 20.87     CC       lnstat.o
#23 20.94     CC       lnstat_util.o
#23 21.00     LINK     lnstat
#23 21.01 
#23 21.01 netem
#23 21.02 gcc  -I../include -o maketable maketable.c -lm
#23 21.05 gcc  -I../include -o normal normal.c -lm
#23 21.07 gcc  -I../include -o pareto pareto.c -lm
#23 21.10 gcc  -I../include -o paretonormal paretonormal.c -lm
#23 21.12 ./normal > normal.dist
#23 21.14 ./pareto > pareto.dist
#23 21.14 ./paretonormal > paretonormal.dist
#23 21.15 ./maketable experimental.dat > experimental.dist
#23 21.15 
#23 21.15 genl
#23 21.15     CC       genl.o
#23 21.19     CC       ctrl.o
#23 21.27     LINK     genl
#23 21.28 
#23 21.28 man
#23 21.29 make[2]: Nothing to be done for 'all'.
#23 21.29 make[2]: Nothing to be done for 'all'.
#23 21.29 sed \
#23 21.29 	-e "s|@NETNS_ETC_DIR@|/etc/netns|g" \
#23 21.29 	-e "s|@NETNS_RUN_DIR@|/var/run/netns|g" \
#23 21.29 	-e "s|@SYSCONF_ETC_DIR@|/etc/iproute2|g" \
#23 21.29 	-e "s|@SYSCONF_USR_DIR@|/usr/share/iproute2|g" \
#23 21.29 	ip-address.8.in > ip-address.8
#23 21.29 sed \
#23 21.29 	-e "s|@NETNS_ETC_DIR@|/etc/netns|g" \
#23 21.29 	-e "s|@NETNS_RUN_DIR@|/var/run/netns|g" \
#23 21.29 	-e "s|@SYSCONF_ETC_DIR@|/etc/iproute2|g" \
#23 21.29 	-e "s|@SYSCONF_USR_DIR@|/usr/share/iproute2|g" \
#23 21.29 	ip-link.8.in > ip-link.8
#23 21.30 sed \
#23 21.30 	-e "s|@NETNS_ETC_DIR@|/etc/netns|g" \
#23 21.30 	-e "s|@NETNS_RUN_DIR@|/var/run/netns|g" \
#23 21.30 	-e "s|@SYSCONF_ETC_DIR@|/etc/iproute2|g" \
#23 21.30 	-e "s|@SYSCONF_USR_DIR@|/usr/share/iproute2|g" \
#23 21.30 	ip-netns.8.in > ip-netns.8
#23 21.30 sed \
#23 21.30 	-e "s|@NETNS_ETC_DIR@|/etc/netns|g" \
#23 21.30 	-e "s|@NETNS_RUN_DIR@|/var/run/netns|g" \
#23 21.30 	-e "s|@SYSCONF_ETC_DIR@|/etc/iproute2|g" \
#23 21.30 	-e "s|@SYSCONF_USR_DIR@|/usr/share/iproute2|g" \
#23 21.30 	ip-route.8.in > ip-route.8
#23 21.30 
#23 21.30 tipc
#23 21.30     CC       bearer.o
#23 21.48     CC       cmdl.o
#23 21.52     CC       link.o
#23 21.74     CC       media.o
#23 21.79     CC       misc.o
#23 21.85     CC       msg.o
#23 21.87     CC       nametable.o
#23 21.91     CC       node.o
#23 22.00     CC       socket.o
#23 22.04     CC       peer.o
#23 22.08     CC       tipc.o
#23 22.11     LINK     tipc
#23 22.13 
#23 22.13 devlink
#23 22.13     CC       devlink.o
#23 23.76     CC       mnlg.o
#23 23.80     LINK     devlink
#23 23.82 
#23 23.82 rdma
#23 23.82     CC       rdma.o
#23 23.84 rdma.c: In function 'main':
#23 23.84 rdma.c:110:20: warning: implicit declaration of function 'basename'; did you mean 'rename'? [-Wimplicit-function-declaration]
#23 23.84   110 |         filename = basename(argv[0]);
#23 23.84       |                    ^~~~~~~~
#23 23.84       |                    rename
#23 23.84 rdma.c:110:18: warning: assignment to 'char *' from 'int' makes pointer from integer without a cast [-Wint-conversion]
#23 23.84   110 |         filename = basename(argv[0]);
#23 23.84       |                  ^
#23 23.86     CC       utils.o
#23 24.05     CC       dev.o
#23 24.13     CC       link.o
#23 24.20     CC       res.o
#23 24.31     CC       res-pd.o
#23 24.36     CC       res-mr.o
#23 24.41     CC       res-cq.o
#23 24.46     CC       res-cmid.o
#23 24.52     CC       res-qp.o
#23 24.58     CC       sys.o
#23 24.63     CC       stat.o
#23 24.84     CC       stat-mr.o
#23 24.88     CC       res-ctx.o
#23 24.92     CC       res-srq.o
#23 24.99     LINK     rdma
#23 25.01 
#23 25.01 dcb
#23 25.01     CC       dcb.o
#23 25.12     CC       dcb_app.o
#23 25.30     CC       dcb_buffer.o
#23 25.36     CC       dcb_dcbx.o
#23 25.41     CC       dcb_ets.o
#23 25.50     CC       dcb_maxrate.o
#23 25.55     CC       dcb_pfc.o
#23 25.62     CC       dcb_apptrust.o
#23 25.68     CC       dcb_rewr.o
#23 25.75     LINK     dcb
#23 25.77 
#23 25.77 vdpa
#23 25.77     CC       vdpa.o
#23 25.78 In file included from vdpa.c:19:
#23 25.78 ../include/json_print.h:80:30: warning: 'struct timeval' declared inside parameter list will not be visible outside of this definition or declaration
#23 25.78    80 | _PRINT_FUNC(tv, const struct timeval *)
#23 25.78       |                              ^~~~~~~
#23 25.78 ../include/json_print.h:50:37: note: in definition of macro '_PRINT_FUNC'
#23 25.78    50 |                                     type value);                        \
#23 25.78       |                                     ^~~~
#23 25.78 ../include/json_print.h:80:30: warning: 'struct timeval' declared inside parameter list will not be visible outside of this definition or declaration
#23 25.78    80 | _PRINT_FUNC(tv, const struct timeval *)
#23 25.78       |                              ^~~~~~~
#23 25.78 ../include/json_print.h:55:45: note: in definition of macro '_PRINT_FUNC'
#23 25.78    55 |                                             type value)                 \
#23 25.78       |                                             ^~~~
#23 25.78 ../include/json_print.h: In function 'print_tv':
#23 25.78 ../include/json_print.h:58:48: warning: passing argument 5 of 'print_color_tv' from incompatible pointer type [-Wincompatible-pointer-types]
#23 25.78    58 |                                                value);                  \
#23 25.78       |                                                ^~~~~
#23 25.78       |                                                |
#23 25.78       |                                                const struct timeval *
#23 25.78 ../include/json_print.h:80:1: note: in expansion of macro '_PRINT_FUNC'
#23 25.78    80 | _PRINT_FUNC(tv, const struct timeval *)
#23 25.78       | ^~~~~~~~~~~
#23 25.78 ../include/json_print.h:50:42: note: expected 'const struct timeval *' but argument is of type 'const struct timeval *'
#23 25.78    50 |                                     type value);                        \
#23 25.78       |                                          ^
#23 25.78 ../include/json_print.h:80:1: note: in expansion of macro '_PRINT_FUNC'
#23 25.78    80 | _PRINT_FUNC(tv, const struct timeval *)
#23 25.78       | ^~~~~~~~~~~
#23 25.93     LINK     vdpa
#23 DONE 26.0s

#24 [20/22] RUN git clone --no-single-branch --depth=1 https://github.com/linux-netdev/testing.git /nipa-data/kernel
#24 0.392 Cloning into '/nipa-data/kernel'...
#24 18.21 Updating files:  17% (14621/83283)Updating files:  18% (14991/83283)Updating files:  19% (15824/83283)Updating files:  20% (16657/83283)Updating files:  21% (17490/83283)Updating files:  22% (18323/83283)Updating files:  23% (19156/83283)Updating files:  24% (19988/83283)Updating files:  25% (20821/83283)Updating files:  26% (21654/83283)Updating files:  27% (22487/83283)Updating files:  28% (23320/83283)Updating files:  29% (24153/83283)Updating files:  30% (24985/83283)Updating files:  31% (25818/83283)Updating files:  32% (26651/83283)Updating files:  33% (27484/83283)Updating files:  34% (28317/83283)Updating files:  35% (29150/83283)Updating files:  35% (29599/83283)Updating files:  36% (29982/83283)Updating files:  37% (30815/83283)Updating files:  38% (31648/83283)Updating files:  39% (32481/83283)Updating files:  40% (33314/83283)Updating files:  40% (33609/83283)Updating files:  41% (34147/83283)Updating files:  42% (34979/83283)Updating files:  43% (35812/83283)Updating files:  44% (36645/83283)Updating files:  45% (37478/83283)Updating files:  46% (38311/83283)Updating files:  47% (39144/83283)Updating files:  48% (39976/83283)Updating files:  49% (40809/83283)Updating files:  50% (41642/83283)Updating files:  51% (42475/83283)Updating files:  52% (43308/83283)Updating files:  53% (44140/83283)Updating files:  54% (44973/83283)Updating files:  55% (45806/83283)Updating files:  56% (46639/83283)Updating files:  57% (47472/83283)Updating files:  58% (48305/83283)Updating files:  59% (49137/83283)Updating files:  60% (49970/83283)Updating files:  61% (50803/83283)Updating files:  62% (51636/83283)Updating files:  63% (52469/83283)Updating files:  64% (53302/83283)Updating files:  64% (53345/83283)Updating files:  65% (54134/83283)Updating files:  66% (54967/83283)Updating files:  67% (55800/83283)Updating files:  68% (56633/83283)Updating files:  69% (57466/83283)Updating files:  70% (58299/83283)Updating files:  71% (59131/83283)Updating files:  72% (59964/83283)Updating files:  73% (60797/83283)Updating files:  74% (61630/83283)Updating files:  75% (62463/83283)Updating files:  76% (63296/83283)Updating files:  77% (64128/83283)Updating files:  78% (64961/83283)Updating files:  79% (65794/83283)Updating files:  80% (66627/83283)Updating files:  80% (66663/83283)Updating files:  81% (67460/83283)Updating files:  82% (68293/83283)Updating files:  83% (69125/83283)Updating files:  84% (69958/83283)Updating files:  85% (70791/83283)Updating files:  86% (71624/83283)Updating files:  87% (72457/83283)Updating files:  88% (73290/83283)Updating files:  89% (74122/83283)Updating files:  90% (74955/83283)Updating files:  91% (75788/83283)Updating files:  92% (76621/83283)Updating files:  93% (77454/83283)Updating files:  94% (78287/83283)Updating files:  95% (79119/83283)Updating files:  96% (79952/83283)Updating files:  97% (80785/83283)Updating files:  98% (81618/83283)Updating files:  99% (82451/83283)Updating files: 100% (83283/83283)Updating files: 100% (83283/83283), done.
#24 DONE 26.0s

#25 [21/22] RUN git clone --depth=1 -b main https://github.com/p4tc-dev/new-nipa.git nipa
#25 0.353 Cloning into 'nipa'...
#25 DONE 0.7s

#26 [22/22] COPY entrypoint.sh /entrypoint.sh
#26 DONE 0.0s

#27 exporting to image
#27 exporting layers
#27 exporting layers 8.9s done
#27 writing image sha256:b0934843d14042d8ac9b93ac991c8f6463afb23b9f2ae1861f31df03797f4d44 0.1s done
#27 naming to docker.io/library/nipa-executor
#27 naming to docker.io/library/nipa-executor 0.2s done
#27 DONE 9.2s
NIPA version: 1b9c21a (ui: set canvas background color to stand out, 2024-03-28)
INFO: Last run date: 2024-04-23 03:00:15.249965+00:00
Testing  {'branch': 'net-next-2024-04-23--06-00', 'date': '2024-04-23T06:00:10.179682+00:00', 'base': '0d95a9ffb6954642485cc892529a4afe817cc260', 'url': 'https://github.com/linux-netdev/testing.git net-next-2024-04-23--06-00'}
Updating files:  45% (6872/14968)Updating files:  46% (6886/14968)Updating files:  47% (7035/14968)Updating files:  48% (7185/14968)Updating files:  49% (7335/14968)Updating files:  50% (7484/14968)Updating files:  51% (7634/14968)Updating files:  52% (7784/14968)Updating files:  53% (7934/14968)Updating files:  54% (8083/14968)Updating files:  55% (8233/14968)Updating files:  56% (8383/14968)Updating files:  57% (8532/14968)Updating files:  58% (8682/14968)Updating files:  59% (8832/14968)Updating files:  60% (8981/14968)Updating files:  61% (9131/14968)Updating files:  62% (9281/14968)Updating files:  63% (9430/14968)Updating files:  64% (9580/14968)Updating files:  65% (9730/14968)Updating files:  66% (9879/14968)Updating files:  67% (10029/14968)Updating files:  68% (10179/14968)Updating files:  69% (10328/14968)Updating files:  70% (10478/14968)Updating files:  71% (10628/14968)Updating files:  72% (10777/14968)Updating files:  73% (10927/14968)Updating files:  74% (11077/14968)Updating files:  75% (11226/14968)Updating files:  76% (11376/14968)Updating files:  77% (11526/14968)Updating files:  78% (11676/14968)Updating files:  79% (11825/14968)Updating files:  80% (11975/14968)Updating files:  81% (12125/14968)Updating files:  82% (12274/14968)Updating files:  83% (12424/14968)Updating files:  84% (12574/14968)Updating files:  85% (12723/14968)Updating files:  86% (12873/14968)Updating files:  86% (12964/14968)Updating files:  87% (13023/14968)Updating files:  88% (13172/14968)Updating files:  89% (13322/14968)Updating files:  90% (13472/14968)Updating files:  91% (13621/14968)Updating files:  92% (13771/14968)Updating files:  93% (13921/14968)Updating files:  94% (14070/14968)Updating files:  95% (14220/14968)Updating files:  96% (14370/14968)Updating files:  97% (14519/14968)Updating files:  98% (14669/14968)Updating files:  99% (14819/14968)Updating files: 100% (14968/14968)Updating files: 100% (14968/14968), done.
branch 'net-next-2024-04-23--06-00' set up to track 'origin/net-next-2024-04-23--06-00'.
Switched to a new branch 'net-next-2024-04-23--06-00'
error: No valid patches in input (allow with "--allow-empty")
Checking patch tools/testing/selftests/tc-testing/tdc_config.py...
Applied patch tools/testing/selftests/tc-testing/tdc_config.py cleanly.
Run at 2024-04-23 06:03:39.920877
INFO: building kernel
INFO: starting VM 0
INFO: thr0-0 VM starting: vng -v -r arch/x86/boot/bzImage --user root --rwdir=/nipa-data/kernel/
INFO: thr0-0 expecting prompt: '/nipa-data/kernel# '
INFO: thr0-0 reached initial prompt
INFO: thr-0 testing == tdc.sh
INFO: thr-0 tdc.sh >> retcode: 0 result: pass found {'fail': False, 'skip': False, 'pass': True}
INFO: thr-0 has no more work, exiting
INFO: thr0-0 VM stopped
Done at 2024-04-23 06:07:10.426209
NIPA quitting!
/
~/nipa/tc-executor/tc-executor-storage /
sort: write failed: 'standard output': Broken pipe
sort: write error
