~/nipa/tc-executor/tc-executor-storage /
Switched to branch 'storage'
Your branch is ahead of 'origin/storage' by 1060 commits.
  (use "git push" to publish your local commits)
/
~/nipa/tc-executor /
Error response from daemon: No such image: nipa-executor:latest
#0 building with "default" instance using docker driver

#1 [internal] load .dockerignore
#1 transferring context: 2B done
#1 DONE 0.0s

#2 [internal] load build definition from Dockerfile
#2 transferring dockerfile: 2.05kB done
#2 DONE 0.0s

#3 [internal] load metadata for docker.io/library/alpine:edge
#3 DONE 0.0s

#4 [ 1/22] FROM docker.io/library/alpine:edge
#4 CACHED

#5 [internal] load build context
#5 transferring context: 3.04kB done
#5 DONE 0.0s

#6 [ 2/22] RUN echo false > debug-mode
#6 DONE 1.0s

#7 [ 3/22] RUN addgroup -g 1001 hostuser
#7 DONE 0.4s

#8 [ 4/22] RUN adduser -u 1001 -G hostuser -H -D -s /bin/ash hostuser
#8 DONE 0.4s

#9 [ 5/22] RUN echo '@testing http://dl-cdn.alpinelinux.org/alpine/edge/testing' >> /etc/apk/repositories
#9 DONE 0.4s

#10 [ 6/22] RUN echo '@community http://dl-cdn.alpinelinux.org/alpine/edge/community' >> /etc/apk/repositories
#10 DONE 0.4s

#11 [ 7/22] RUN apk update && apk add --no-cache    virtme-ng@testing    git    py3-requests    py3-psutil    py3-setuptools    py3-pyroute2    py3-argcomplete    qemu-system-x86_64@community    scapy@community    make    gcc    musl-dev    flex    bison    linux-headers    elfutils-dev    util-linux    coreutils    diffutils    findutils    file    bash    kmod    perl    iptables-dev    libcap-dev    libmnl-dev    iproute2     jq    libbpf-dev    rsync    openssl-dev
#11 0.448 fetch https://dl-cdn.alpinelinux.org/alpine/edge/main/x86_64/APKINDEX.tar.gz
#11 0.669 fetch https://dl-cdn.alpinelinux.org/alpine/edge/community/x86_64/APKINDEX.tar.gz
#11 0.871 fetch http://dl-cdn.alpinelinux.org/alpine/edge/testing/x86_64/APKINDEX.tar.gz
#11 1.073 fetch http://dl-cdn.alpinelinux.org/alpine/edge/community/x86_64/APKINDEX.tar.gz
#11 1.357 v20240606-1571-g3416efa5b29 [https://dl-cdn.alpinelinux.org/alpine/edge/main]
#11 1.357 v20240606-1599-g56ce79727f8 [https://dl-cdn.alpinelinux.org/alpine/edge/community]
#11 1.357 v20240606-1599-g56ce79727f8 [http://dl-cdn.alpinelinux.org/alpine/edge/testing]
#11 1.357 v20240606-1599-g56ce79727f8 [http://dl-cdn.alpinelinux.org/alpine/edge/community]
#11 1.357 OK: 31709 distinct packages available
#11 1.415 fetch https://dl-cdn.alpinelinux.org/alpine/edge/main/x86_64/APKINDEX.tar.gz
#11 1.524 fetch https://dl-cdn.alpinelinux.org/alpine/edge/community/x86_64/APKINDEX.tar.gz
#11 1.639 fetch http://dl-cdn.alpinelinux.org/alpine/edge/testing/x86_64/APKINDEX.tar.gz
#11 1.737 fetch http://dl-cdn.alpinelinux.org/alpine/edge/community/x86_64/APKINDEX.tar.gz
#11 1.979 (1/176) Upgrading musl (1.2.4_git20230717-r5 -> 1.2.5-r1)
#11 1.996 (2/176) Upgrading libcrypto3 (3.1.4-r2 -> 3.3.1-r1)
#11 2.040 (3/176) Upgrading libssl3 (3.1.4-r2 -> 3.3.1-r1)
#11 2.056 (4/176) Upgrading zlib (1.3-r2 -> 1.3.1-r1)
#11 2.069 (5/176) Installing ncurses-terminfo-base (6.4_p20240420-r0)
#11 2.086 (6/176) Installing libncursesw (6.4_p20240420-r0)
#11 2.101 (7/176) Installing readline (8.2.10-r0)
#11 2.116 (8/176) Installing bash (5.2.26-r0)
#11 2.136 Executing bash-5.2.26-r0.post-install
#11 2.139 (9/176) Installing m4 (1.4.19-r3)
#11 2.153 (10/176) Installing bison (3.8.2-r1)
#11 2.173 (11/176) Installing coreutils-env (9.5-r1)
#11 2.187 (12/176) Installing coreutils-fmt (9.5-r1)
#11 2.199 (13/176) Installing coreutils-sha512sum (9.5-r1)
#11 2.211 (14/176) Installing libacl (2.3.2-r0)
#11 2.224 (15/176) Installing libattr (2.5.2-r0)
#11 2.236 (16/176) Installing skalibs (2.14.2.0-r0)
#11 2.249 (17/176) Installing utmps-libs (0.1.2.2-r1)
#11 2.261 (18/176) Installing coreutils (9.5-r1)
#11 2.284 (19/176) Installing diffutils (3.10-r0)
#11 2.299 (20/176) Installing zstd-libs (1.5.6-r0)
#11 2.317 (21/176) Installing libelf (0.191-r0)
#11 2.333 (22/176) Installing libbz2 (1.0.8-r6)
#11 2.346 (23/176) Installing musl-fts (1.2.7-r6)
#11 2.358 (24/176) Installing xz-libs (5.6.2-r0)
#11 2.372 (25/176) Installing libdw (0.191-r0)
#11 2.389 (26/176) Installing libasm (0.191-r0)
#11 2.402 (27/176) Installing xz (5.6.2-r0)
#11 2.417 (28/176) Installing pkgconf (2.2.0-r0)
#11 2.434 (29/176) Installing xz-dev (5.6.2-r0)
#11 2.448 (30/176) Installing libgcc (13.2.1_git20240309-r0)
#11 2.463 (31/176) Installing libstdc++ (13.2.1_git20240309-r0)
#11 2.493 (32/176) Installing zstd (1.5.6-r0)
#11 2.512 (33/176) Installing zstd-dev (1.5.6-r0)
#11 2.525 (34/176) Installing zlib-dev (1.3.1-r1)
#11 2.538 (35/176) Installing elfutils-dev (0.191-r0)
#11 2.564 (36/176) Installing libmagic (5.45-r1)
#11 2.596 (37/176) Installing file (5.45-r1)
#11 2.608 (38/176) Installing findutils (4.9.0-r5)
#11 2.623 (39/176) Installing flex (2.6.4-r6)
#11 2.639 (40/176) Installing jansson (2.14-r4)
#11 2.652 (41/176) Installing binutils (2.42-r0)
#11 2.710 (42/176) Installing libgomp (13.2.1_git20240309-r0)
#11 2.725 (43/176) Installing libatomic (13.2.1_git20240309-r0)
#11 2.738 (44/176) Installing gmp (6.3.0-r1)
#11 2.754 (45/176) Installing isl26 (0.26-r1)
#11 2.778 (46/176) Installing mpfr4 (4.2.1-r0)
#11 2.796 (47/176) Installing mpc1 (1.3.1-r1)
#11 2.809 (48/176) Installing gcc (13.2.1_git20240309-r0)
#11 3.310 (49/176) Installing ca-certificates (20240226-r0)
#11 3.332 (50/176) Installing brotli-libs (1.1.0-r2)
#11 3.351 (51/176) Installing c-ares (1.31.0-r0)
#11 3.365 (52/176) Installing libunistring (1.2-r0)
#11 3.386 (53/176) Installing libidn2 (2.3.7-r0)
#11 3.406 (54/176) Installing nghttp2-libs (1.62.1-r0)
#11 3.421 (55/176) Installing libpsl (0.21.5-r2)
#11 3.435 (56/176) Installing libcurl (8.8.0-r0)
#11 3.452 (57/176) Installing libexpat (2.6.2-r0)
#11 3.468 (58/176) Installing pcre2 (10.43-r0)
#11 3.488 (59/176) Installing git (2.45.2-r1)
#11 3.544 (60/176) Installing git-init-template (2.45.2-r1)
#11 3.557 (61/176) Installing libcap2 (2.70-r0)
#11 3.570 (62/176) Installing libmnl (1.0.5-r2)
#11 3.582 (63/176) Installing iproute2-minimal (6.9.0-r0)
#11 3.600 (64/176) Installing libxtables (1.8.10-r3)
#11 3.615 (65/176) Installing iproute2-tc (6.9.0-r0)
#11 3.632 (66/176) Installing iproute2-ss (6.9.0-r0)
#11 3.644 (67/176) Installing iproute2 (6.9.0-r0)
#11 3.660 Executing iproute2-6.9.0-r0.post-install
#11 3.664 (68/176) Installing linux-headers (6.6-r0)
#11 3.754 (69/176) Installing libip4tc (1.8.10-r3)
#11 3.769 (70/176) Installing libip6tc (1.8.10-r3)
#11 3.795 (71/176) Installing libipq (1.8.10-r3)
#11 3.810 (72/176) Installing iptables-dev (1.8.10-r3)
#11 3.835 (73/176) Installing oniguruma (6.9.9-r0)
#11 3.852 (74/176) Installing jq (1.7.1-r0)
#11 3.873 (75/176) Installing kmod (32-r0)
#11 3.887 (76/176) Installing libbpf (1.4.3-r0)
#11 3.903 (77/176) Installing libbpf-dev (1.4.3-r0)
#11 3.923 (78/176) Installing libcap-dev (2.70-r0)
#11 3.936 (79/176) Installing libmnl-dev (1.0.5-r2)
#11 3.948 (80/176) Installing make (4.4.1-r2)
#11 3.964 (81/176) Installing musl-dev (1.2.5-r1)
#11 4.078 (82/176) Installing openssl-dev (3.3.1-r1)
#11 4.106 (83/176) Installing perl (5.40.0-r1)
#11 4.320 (84/176) Installing perl-error (0.17029-r2)
#11 4.332 (85/176) Installing perl-git (2.45.2-r1)
#11 4.347 (86/176) Installing git-perl (2.45.2-r1)
#11 4.363 (87/176) Installing libffi (3.4.6-r0)
#11 4.375 (88/176) Installing gdbm (1.23-r1)
#11 4.391 (89/176) Installing mpdecimal (4.0.0-r0)
#11 4.405 (90/176) Installing libpanelw (6.4_p20240420-r0)
#11 4.417 (91/176) Installing sqlite-libs (3.46.0-r0)
#11 4.445 (92/176) Installing python3 (3.12.3-r1)
#11 4.584 (93/176) Installing python3-pycache-pyc0 (3.12.3-r1)
#11 4.675 (94/176) Installing pyc (3.12.3-r1)
#11 4.687 (95/176) Installing py3-argcomplete-pyc (3.4.0-r0)
#11 4.700 (96/176) Installing python3-pyc (3.12.3-r1)
#11 4.712 (97/176) Installing py3-argcomplete (3.4.0-r0)
#11 4.727 (98/176) Installing py3-psutil (5.9.8-r1)
#11 4.745 (99/176) Installing py3-psutil-pyc (5.9.8-r1)
#11 4.761 (100/176) Installing py3-pyroute2 (0.7.12-r1)
#11 4.793 (101/176) Installing py3-pyroute2-pyc (0.7.12-r1)
#11 4.832 (102/176) Installing py3-certifi (2024.2.2-r1)
#11 4.845 (103/176) Installing py3-certifi-pyc (2024.2.2-r1)
#11 4.857 (104/176) Installing py3-charset-normalizer (3.3.2-r1)
#11 4.870 (105/176) Installing py3-charset-normalizer-pyc (3.3.2-r1)
#11 4.884 (106/176) Installing py3-idna (3.7-r0)
#11 4.898 (107/176) Installing py3-idna-pyc (3.7-r0)
#11 4.913 (108/176) Installing py3-urllib3 (1.26.18-r1)
#11 4.931 (109/176) Installing py3-urllib3-pyc (1.26.18-r1)
#11 4.984 (110/176) Installing py3-requests (2.32.3-r0)
#11 5.013 (111/176) Installing py3-requests-pyc (2.32.3-r0)
#11 5.031 (112/176) Installing py3-parsing (3.1.2-r1)
#11 5.046 (113/176) Installing py3-parsing-pyc (3.1.2-r1)
#11 5.063 (114/176) Installing py3-packaging (24.1-r0)
#11 5.077 (115/176) Installing py3-packaging-pyc (24.1-r0)
#11 5.102 (116/176) Installing py3-setuptools (70.1.1-r0)
#11 5.139 (117/176) Installing py3-setuptools-pyc (70.1.1-r0)
#11 5.182 (118/176) Installing libcap-ng (0.8.5-r0)
#11 5.194 (119/176) Installing libintl (0.22.5-r0)
#11 5.207 (120/176) Installing libeconf (0.6.3-r0)
#11 5.219 (121/176) Installing libblkid (2.40.1-r1)
#11 5.233 (122/176) Installing libmount (2.40.1-r1)
#11 5.248 (123/176) Installing glib (2.80.3-r0)
#11 5.288 (124/176) Installing numactl (2.0.18-r0)
#11 5.301 (125/176) Installing qemu (9.0.1-r0)
#11 5.319 Executing qemu-9.0.1-r0.pre-install
#11 5.390 Executing qemu-9.0.1-r0.post-install
#11 5.393 *
#11 5.393 * If you want to run VM as unprivileged user and let Qemu create tunX devices,
#11 5.393 * then you must add that user to the group "qemu".
#11 5.393 * If you use KVM for hardware-assisted virtualization, then you may also need
#11 5.393 * to add that user to the group "kvm".
#11 5.393 *
#11 5.393 (126/176) Installing qemu-bridge-helper (9.0.1-r0)
#11 5.411 (127/176) Installing libaio (0.3.113-r2)
#11 5.423 (128/176) Installing capstone (5.0.1-r4)
#11 5.453 (129/176) Installing nettle (3.10-r0)
#11 5.471 (130/176) Installing libtasn1 (4.19.0-r2)
#11 5.483 (131/176) Installing p11-kit (0.25.3-r0)
#11 5.502 (132/176) Installing gnutls (3.8.5-r0)
#11 5.539 (133/176) Installing libjpeg-turbo (3.0.3-r0)
#11 5.556 (134/176) Installing lzo (2.10-r5)
#11 5.570 (135/176) Installing pixman (0.43.2-r0)
#11 5.586 (136/176) Installing libpng (1.6.43-r0)
#11 5.600 (137/176) Installing libsasl (2.1.28-r7)
#11 5.615 (138/176) Installing libseccomp (2.5.5-r1)
#11 5.628 (139/176) Installing libslirp (4.8.0-r0)
#11 5.641 (140/176) Installing snappy (1.1.10-r2)
#11 5.667 (141/176) Installing vde2-libs (2.3.3-r3)
#11 5.680 (142/176) Installing qemu-system-x86_64 (9.0.1-r0)
#11 5.786 (143/176) Installing lz4-libs (1.9.4-r5)
#11 5.801 (144/176) Installing popt (1.19-r3)
#11 5.813 (145/176) Installing libxxhash (0.8.2-r2)
#11 5.826 (146/176) Installing rsync (3.3.0-r0)
#11 5.841 (147/176) Installing scapy (2.5.0-r3)
#11 5.891 Executing scapy-2.5.0-r3.post-install
#11 5.893 *
#11 5.893 * Certain optional features of scapy also depend on the following packages:
#11 5.893 *     py3-matplotlib graphviz imagemagick py3-cryptography sox
#11 5.893 * And the following unpackaged dependencies:
#11 5.893 *     pyxi vpython-jupyter nmap<v4.23
#11 5.893 * More information can be found at https://scapy.readthedocs.io/en/latest/installation.html#optional-dependencies
#11 5.893 *
#11 5.894 (148/176) Installing scapy-pyc (2.5.0-r3)
#11 5.963 (149/176) Installing util-linux (2.40.1-r1)
#11 5.975 (150/176) Installing dmesg (2.40.1-r1)
#11 5.987 (151/176) Installing setarch (2.40.1-r1)
#11 6.000 (152/176) Installing libuuid (2.40.1-r1)
#11 6.014 (153/176) Installing libfdisk (2.40.1-r1)
#11 6.030 (154/176) Installing libsmartcols (2.40.1-r1)
#11 6.043 (155/176) Installing util-linux-misc (2.40.1-r1)
#11 6.073 (156/176) Installing linux-pam (1.6.0-r0)
#11 6.093 (157/176) Installing runuser (2.40.1-r1)
#11 6.108 (158/176) Installing mount (2.40.1-r1)
#11 6.142 (159/176) Installing losetup (2.40.1-r1)
#11 6.154 (160/176) Installing hexdump (2.40.1-r1)
#11 6.173 (161/176) Installing uuidgen (2.40.1-r1)
#11 6.186 (162/176) Installing blkid (2.40.1-r1)
#11 6.200 (163/176) Installing sfdisk (2.40.1-r1)
#11 6.212 (164/176) Installing mcookie (2.40.1-r1)
#11 6.225 (165/176) Installing agetty (2.40.1-r1)
#11 6.237 (166/176) Installing wipefs (2.40.1-r1)
#11 6.249 (167/176) Installing cfdisk (2.40.1-r1)
#11 6.262 (168/176) Installing umount (2.40.1-r1)
#11 6.274 (169/176) Installing flock (2.40.1-r1)
#11 6.287 (170/176) Installing lsblk (2.40.1-r1)
#11 6.300 (171/176) Installing setpriv (2.40.1-r1)
#11 6.312 (172/176) Installing logger (2.40.1-r1)
#11 6.324 (173/176) Installing partx (2.40.1-r1)
#11 6.336 (174/176) Installing fstrim (2.40.1-r1)
#11 6.348 (175/176) Installing findmnt (2.40.1-r1)
#11 6.364 (176/176) Installing virtme-ng@testing (1.25-r0)
#11 6.421 Executing busybox-1.36.1-r17.trigger
#11 6.426 Executing ca-certificates-20240226-r0.trigger
#11 6.448 Executing glib-2.80.3-r0.trigger
#11 6.454 OK: 385 MiB in 187 packages
#11 DONE 6.8s

#12 [ 8/22] RUN mkdir -p /tmp/kernel-patches &&     mkdir -p /tmp/iproute2-patches
#12 DONE 0.4s

#13 [ 9/22] COPY tdc.config /tmp
#13 DONE 0.0s

#14 [10/22] COPY tdc-debug.config /tmp
#14 DONE 0.1s

#15 [11/22] COPY kernel-patches /tmp/kernel-patches/
#15 DONE 0.0s

#16 [12/22] COPY iproute2-patches /tmp/iproute2-patches/
#16 DONE 0.0s

#17 [13/22] COPY configs /tmp/configs/
#17 DONE 0.0s

#18 [14/22] RUN git config --global user.email foo@bar.com
#18 DONE 0.3s

#19 [15/22] RUN git config --global user.name foo@bar.com
#19 DONE 0.4s

#20 [16/22] RUN git clone https://git.kernel.org/pub/scm/network/iproute2/iproute2-next.git /nipa-data/iproute2
#20 0.385 Cloning into '/nipa-data/iproute2'...
#20 DONE 2.1s

#21 [17/22] RUN cd /nipa-data/iproute2 && 	git remote add stable https://git.kernel.org/pub/scm/network/iproute2/iproute2.git && 	git fetch --all && 	git merge stable/main
#21 0.370 Fetching origin
#21 0.696 Fetching stable
#21 1.212 From https://git.kernel.org/pub/scm/network/iproute2/iproute2
#21 1.212  * [new branch]        codeql         -> stable/codeql
#21 1.212  * [new branch]        iproute2-4.1.x -> stable/iproute2-4.1.x
#21 1.212  * [new branch]        main           -> stable/main
#21 1.246 Auto-merging misc/ss.c
#21 1.261 Merge made by the 'ort' strategy.
#21 1.266  devlink/devlink.c | 4 ++--
#21 1.266  misc/ss.c         | 2 ++
#21 1.266  2 files changed, 4 insertions(+), 2 deletions(-)
#21 DONE 1.3s

#22 [18/22] RUN if [ "$(find /tmp/iproute2-patches/ -name *.patch)" ]; then  	cd /nipa-data/iproute2; 	git apply /tmp/iproute2-patches/*.patch;     fi
#22 DONE 0.4s

#23 [19/22] RUN cd /nipa-data/iproute2/ &&     ./configure &&     make
#23 0.376 TC schedulers
#23 0.377  IPT	using xtables
#23 0.404  IPSET  yes
#23 0.428 
#23 0.429 lib directory: /usr/lib
#23 0.429 libc has setns: yes
#23 0.450 libc has name_to_handle_at: yes
#23 0.470 SELinux support: no
#23 0.471 libtirpc support: no
#23 0.472 libbpf support: yes
#23 0.538 	libbpf version 1.4.3
#23 0.538 ELF support: yes
#23 0.539 libmnl support: yes
#23 0.541 Berkeley DB: no
#23 0.551 need for strlcpy: no
#23 0.572 libcap support: yes
#23 0.574 color output: never
#23 0.576 
#23 0.576 lib
#23 0.578     CC       libgenl.o
#23 0.591 In file included from ../include/libgenl.h:5,
#23 0.591                  from libgenl.c:12:
#23 0.591 ../include/libnetlink.h: In function 'rta_getattr_be64':
#23 0.591 ../include/libnetlink.h:280:16: warning: implicit declaration of function 'htobe64' [-Wimplicit-function-declaration]
#23 0.591   280 |         return htobe64(rta_getattr_u64(rta));
#23 0.591       |                ^~~~~~~
#23 0.618     CC       libnetlink.o
#23 0.916     CC       mnl_utils.o
#23 0.929 In file included from mnl_utils.c:12:
#23 0.929 ../include/libnetlink.h: In function 'rta_getattr_be64':
#23 0.929 ../include/libnetlink.h:280:16: warning: implicit declaration of function 'htobe64' [-Wimplicit-function-declaration]
#23 0.929   280 |         return htobe64(rta_getattr_u64(rta));
#23 0.929       |                ^~~~~~~
#23 0.992     AR       libnetlink.a
#23 0.995     CC       utils.o
#23 1.399     CC       utils_math.o
#23 1.439     CC       rt_names.o
#23 1.617     CC       ll_map.o
#23 1.629 In file included from ll_map.c:17:
#23 1.629 ../include/libnetlink.h: In function 'rta_getattr_be64':
#23 1.629 ../include/libnetlink.h:280:16: warning: implicit declaration of function 'htobe64' [-Wimplicit-function-declaration]
#23 1.629   280 |         return htobe64(rta_getattr_u64(rta));
#23 1.629       |                ^~~~~~~
#23 1.710     CC       ll_types.o
#23 1.722 In file included from ll_types.c:20:
#23 1.722 ../include/uapi/linux/sockios.h:42: warning: "SIOCGSTAMP" redefined
#23 1.722    42 | #define SIOCGSTAMP      SIOCGSTAMP_OLD
#23 1.722       | 
#23 1.722 In file included from /usr/include/sys/ioctl.h:10,
#23 1.722                  from ll_types.c:12:
#23 1.722 /usr/include/bits/ioctl.h:111: note: this is the location of the previous definition
#23 1.722   111 | #define SIOCGSTAMP      0x8906
#23 1.722       | 
#23 1.722 ../include/uapi/linux/sockios.h:43: warning: "SIOCGSTAMPNS" redefined
#23 1.722    43 | #define SIOCGSTAMPNS    SIOCGSTAMPNS_OLD
#23 1.722       | 
#23 1.722 /usr/include/bits/ioctl.h:112: note: this is the location of the previous definition
#23 1.722   112 | #define SIOCGSTAMPNS    0x8907
#23 1.722       | 
#23 1.740     CC       ll_proto.o
#23 1.753 In file included from ll_proto.c:21:
#23 1.753 ../include/uapi/linux/sockios.h:42: warning: "SIOCGSTAMP" redefined
#23 1.753    42 | #define SIOCGSTAMP      SIOCGSTAMP_OLD
#23 1.753       | 
#23 1.753 In file included from /usr/include/sys/ioctl.h:10,
#23 1.753                  from ll_proto.c:13:
#23 1.753 /usr/include/bits/ioctl.h:111: note: this is the location of the previous definition
#23 1.753   111 | #define SIOCGSTAMP      0x8906
#23 1.753       | 
#23 1.753 ../include/uapi/linux/sockios.h:43: warning: "SIOCGSTAMPNS" redefined
#23 1.753    43 | #define SIOCGSTAMPNS    SIOCGSTAMPNS_OLD
#23 1.753       | 
#23 1.753 /usr/include/bits/ioctl.h:112: note: this is the location of the previous definition
#23 1.753   112 | #define SIOCGSTAMPNS    0x8907
#23 1.753       | 
#23 1.766     CC       ll_addr.o
#23 1.778 In file included from ll_addr.c:20:
#23 1.778 ../include/uapi/linux/sockios.h:42: warning: "SIOCGSTAMP" redefined
#23 1.778    42 | #define SIOCGSTAMP      SIOCGSTAMP_OLD
#23 1.778       | 
#23 1.778 In file included from /usr/include/sys/ioctl.h:10,
#23 1.778                  from ll_addr.c:12:
#23 1.778 /usr/include/bits/ioctl.h:111: note: this is the location of the previous definition
#23 1.778   111 | #define SIOCGSTAMP      0x8906
#23 1.778       | 
#23 1.778 ../include/uapi/linux/sockios.h:43: warning: "SIOCGSTAMPNS" redefined
#23 1.778    43 | #define SIOCGSTAMPNS    SIOCGSTAMPNS_OLD
#23 1.778       | 
#23 1.778 /usr/include/bits/ioctl.h:112: note: this is the location of the previous definition
#23 1.778   112 | #define SIOCGSTAMPNS    0x8907
#23 1.778       | 
#23 1.806     CC       inet_proto.o
#23 1.834     CC       namespace.o
#23 1.884     CC       json_writer.o
#23 1.977     CC       json_print.o
#23 2.108     CC       json_print_math.o
#23 2.140     CC       names.o
#23 2.183     CC       color.o
#23 2.223     CC       bpf_legacy.o
#23 2.590     CC       bpf_glue.o
#23 2.625     CC       exec.o
#23 2.652     CC       fs.o
#23 2.727     CC       cg_map.o
#23 2.760     CC       ppp_proto.o
#23 2.782     CC       bpf_libbpf.o
#23 2.852     CC       selinux.o
#23 2.871     CC       ax25_ntop.o
#23 2.896     CC       rose_ntop.o
#23 2.908 In file included from rose_ntop.c:16:
#23 2.908 ../include/uapi/linux/sockios.h:42: warning: "SIOCGSTAMP" redefined
#23 2.908    42 | #define SIOCGSTAMP      SIOCGSTAMP_OLD
#23 2.908       | 
#23 2.908 In file included from /usr/include/sys/ioctl.h:10,
#23 2.908                  from rose_ntop.c:7:
#23 2.908 /usr/include/bits/ioctl.h:111: note: this is the location of the previous definition
#23 2.908   111 | #define SIOCGSTAMP      0x8906
#23 2.908       | 
#23 2.908 ../include/uapi/linux/sockios.h:43: warning: "SIOCGSTAMPNS" redefined
#23 2.908    43 | #define SIOCGSTAMPNS    SIOCGSTAMPNS_OLD
#23 2.908       | 
#23 2.908 /usr/include/bits/ioctl.h:112: note: this is the location of the previous definition
#23 2.908   112 | #define SIOCGSTAMPNS    0x8907
#23 2.908       | 
#23 2.924     CC       mpls_ntop.o
#23 2.950     CC       mpls_pton.o
#23 2.980     CC       netrom_ntop.o
#23 3.005     AR       libutil.a
#23 3.009 
#23 3.009 ip
#23 3.011     CC       ip.o
#23 3.083     CC       ipaddress.o
#23 3.096 In file included from ipaddress.c:26:
#23 3.096 ../include/uapi/linux/sockios.h:42: warning: "SIOCGSTAMP" redefined
#23 3.096    42 | #define SIOCGSTAMP      SIOCGSTAMP_OLD
#23 3.096       | 
#23 3.096 In file included from /usr/include/sys/ioctl.h:10,
#23 3.096                  from ipaddress.c:14:
#23 3.096 /usr/include/bits/ioctl.h:111: note: this is the location of the previous definition
#23 3.096   111 | #define SIOCGSTAMP      0x8906
#23 3.096       | 
#23 3.096 ../include/uapi/linux/sockios.h:43: warning: "SIOCGSTAMPNS" redefined
#23 3.096    43 | #define SIOCGSTAMPNS    SIOCGSTAMPNS_OLD
#23 3.096       | 
#23 3.096 /usr/include/bits/ioctl.h:112: note: this is the location of the previous definition
#23 3.096   112 | #define SIOCGSTAMPNS    0x8907
#23 3.096       | 
#23 3.543     CC       ipaddrlabel.o
#23 3.605     CC       iproute.o
#23 4.086     CC       iprule.o
#23 4.287     CC       ipnetns.o
#23 4.504     CC       rtm_map.o
#23 4.540     CC       iptunnel.o
#23 4.553 In file included from ../include/uapi/linux/if_tunnel.h:6,
#23 4.553                  from iptunnel.c:19:
#23 4.553 ../include/uapi/linux/if.h:134: warning: "IFF_VOLATILE" redefined
#23 4.553   134 | #define IFF_VOLATILE    (IFF_LOOPBACK|IFF_POINTOPOINT|IFF_BROADCAST|IFF_ECHO|\
#23 4.553       | 
#23 4.553 In file included from iptunnel.c:16:
#23 4.553 /usr/include/net/if.h:48: note: this is the location of the previous definition
#23 4.553    48 | #define IFF_VOLATILE (IFF_LOOPBACK|IFF_POINTOPOINT|IFF_BROADCAST| \
#23 4.553       | 
#23 4.695     CC       ip6tunnel.o
#23 4.804     CC       tunnel.o
#23 4.911     CC       ipneigh.o
#23 5.077     CC       ipntable.o
#23 5.181     CC       iplink.o
#23 5.504     CC       ipmaddr.o
#23 5.516 In file included from ipmaddr.c:21:
#23 5.516 ../include/uapi/linux/sockios.h:42: warning: "SIOCGSTAMP" redefined
#23 5.516    42 | #define SIOCGSTAMP      SIOCGSTAMP_OLD
#23 5.516       | 
#23 5.516 In file included from /usr/include/sys/ioctl.h:10,
#23 5.516                  from ipmaddr.c:12:
#23 5.516 /usr/include/bits/ioctl.h:111: note: this is the location of the previous definition
#23 5.516   111 | #define SIOCGSTAMP      0x8906
#23 5.516       | 
#23 5.516 ../include/uapi/linux/sockios.h:43: warning: "SIOCGSTAMPNS" redefined
#23 5.516    43 | #define SIOCGSTAMPNS    SIOCGSTAMPNS_OLD
#23 5.516       | 
#23 5.516 /usr/include/bits/ioctl.h:112: note: this is the location of the previous definition
#23 5.516   112 | #define SIOCGSTAMPNS    0x8907
#23 5.516       | 
#23 5.589     CC       ipmonitor.o
#23 5.659     CC       ipmroute.o
#23 5.671 In file included from ipmroute.c:22:
#23 5.671 ../include/uapi/linux/sockios.h:42: warning: "SIOCGSTAMP" redefined
#23 5.671    42 | #define SIOCGSTAMP      SIOCGSTAMP_OLD
#23 5.671       | 
#23 5.671 In file included from /usr/include/sys/ioctl.h:10,
#23 5.671                  from ipmroute.c:13:
#23 5.671 /usr/include/bits/ioctl.h:111: note: this is the location of the previous definition
#23 5.671   111 | #define SIOCGSTAMP      0x8906
#23 5.671       | 
#23 5.671 ../include/uapi/linux/sockios.h:43: warning: "SIOCGSTAMPNS" redefined
#23 5.671    43 | #define SIOCGSTAMPNS    SIOCGSTAMPNS_OLD
#23 5.671       | 
#23 5.671 /usr/include/bits/ioctl.h:112: note: this is the location of the previous definition
#23 5.671   112 | #define SIOCGSTAMPNS    0x8907
#23 5.671       | 
#23 5.738     CC       ipprefix.o
#23 5.767     CC       iptuntap.o
#23 5.890     CC       iptoken.o
#23 5.956     CC       ipxfrm.o
#23 6.241     CC       xfrm_state.o
#23 6.501     CC       xfrm_policy.o
#23 6.728     CC       xfrm_monitor.o
#23 6.802     CC       iplink_dummy.o
#23 6.826     CC       iplink_ifb.o
#23 6.848     CC       iplink_nlmon.o
#23 6.870     CC       iplink_team.o
#23 6.894     CC       iplink_vcan.o
#23 6.917     CC       iplink_vxcan.o
#23 6.945     CC       iplink_vlan.o
#23 7.014     CC       link_veth.o
#23 7.042     CC       link_gre.o
#23 7.053 In file included from ../include/uapi/linux/if_tunnel.h:6,
#23 7.053                  from link_gre.c:15:
#23 7.053 ../include/uapi/linux/if.h:134: warning: "IFF_VOLATILE" redefined
#23 7.053   134 | #define IFF_VOLATILE    (IFF_LOOPBACK|IFF_POINTOPOINT|IFF_BROADCAST|IFF_ECHO|\
#23 7.053       | 
#23 7.053 In file included from link_gre.c:9:
#23 7.053 /usr/include/net/if.h:48: note: this is the location of the previous definition
#23 7.053    48 | #define IFF_VOLATILE (IFF_LOOPBACK|IFF_POINTOPOINT|IFF_BROADCAST| \
#23 7.053       | 
#23 7.173     CC       iplink_can.o
#23 7.344     CC       iplink_xdp.o
#23 7.400     CC       iplink_macvlan.o
#23 7.472     CC       ipl2tp.o
#23 7.644     CC       link_vti.o
#23 7.654 In file included from ../include/uapi/linux/if_tunnel.h:6,
#23 7.654                  from link_vti.c:16:
#23 7.654 ../include/uapi/linux/if.h:134: warning: "IFF_VOLATILE" redefined
#23 7.654   134 | #define IFF_VOLATILE    (IFF_LOOPBACK|IFF_POINTOPOINT|IFF_BROADCAST|IFF_ECHO|\
#23 7.654       | 
#23 7.654 In file included from link_vti.c:10:
#23 7.654 /usr/include/net/if.h:48: note: this is the location of the previous definition
#23 7.654    48 | #define IFF_VOLATILE (IFF_LOOPBACK|IFF_POINTOPOINT|IFF_BROADCAST| \
#23 7.654       | 
#23 7.702     CC       link_vti6.o
#23 7.712 In file included from ../include/uapi/linux/if_tunnel.h:6,
#23 7.712                  from link_vti6.c:17:
#23 7.712 ../include/uapi/linux/if.h:134: warning: "IFF_VOLATILE" redefined
#23 7.712   134 | #define IFF_VOLATILE    (IFF_LOOPBACK|IFF_POINTOPOINT|IFF_BROADCAST|IFF_ECHO|\
#23 7.712       | 
#23 7.712 In file included from link_vti6.c:11:
#23 7.712 /usr/include/net/if.h:48: note: this is the location of the previous definition
#23 7.712    48 | #define IFF_VOLATILE (IFF_LOOPBACK|IFF_POINTOPOINT|IFF_BROADCAST| \
#23 7.712       | 
#23 7.764     CC       link_xfrm.o
#23 7.800     CC       iplink_vxlan.o
#23 7.955     CC       tcp_metrics.o
#23 8.064     CC       iplink_ipoib.o
#23 8.110     CC       ipnetconf.o
#23 8.163     CC       link_ip6tnl.o
#23 8.173 In file included from ../include/uapi/linux/if_tunnel.h:6,
#23 8.173                  from link_ip6tnl.c:15:
#23 8.173 ../include/uapi/linux/if.h:134: warning: "IFF_VOLATILE" redefined
#23 8.173   134 | #define IFF_VOLATILE    (IFF_LOOPBACK|IFF_POINTOPOINT|IFF_BROADCAST|IFF_ECHO|\
#23 8.173       | 
#23 8.173 In file included from link_ip6tnl.c:9:
#23 8.173 /usr/include/net/if.h:48: note: this is the location of the previous definition
#23 8.173    48 | #define IFF_VOLATILE (IFF_LOOPBACK|IFF_POINTOPOINT|IFF_BROADCAST| \
#23 8.173       | 
#23 8.276     CC       link_iptnl.o
#23 8.287 In file included from ../include/uapi/linux/if_tunnel.h:6,
#23 8.287                  from link_iptnl.c:16:
#23 8.287 ../include/uapi/linux/if.h:134: warning: "IFF_VOLATILE" redefined
#23 8.287   134 | #define IFF_VOLATILE    (IFF_LOOPBACK|IFF_POINTOPOINT|IFF_BROADCAST|IFF_ECHO|\
#23 8.287       | 
#23 8.287 In file included from link_iptnl.c:9:
#23 8.287 /usr/include/net/if.h:48: note: this is the location of the previous definition
#23 8.287    48 | #define IFF_VOLATILE (IFF_LOOPBACK|IFF_POINTOPOINT|IFF_BROADCAST| \
#23 8.287       | 
#23 8.374     CC       link_gre6.o
#23 8.385 In file included from ../include/uapi/linux/if_tunnel.h:6,
#23 8.385                  from link_gre6.c:15:
#23 8.385 ../include/uapi/linux/if.h:134: warning: "IFF_VOLATILE" redefined
#23 8.385   134 | #define IFF_VOLATILE    (IFF_LOOPBACK|IFF_POINTOPOINT|IFF_BROADCAST|IFF_ECHO|\
#23 8.385       | 
#23 8.385 In file included from link_gre6.c:9:
#23 8.385 /usr/include/net/if.h:48: note: this is the location of the previous definition
#23 8.385    48 | #define IFF_VOLATILE (IFF_LOOPBACK|IFF_POINTOPOINT|IFF_BROADCAST| \
#23 8.385       | 
#23 8.509     CC       iplink_bond.o
#23 8.687     CC       iplink_bond_slave.o
#23 8.744     CC       iplink_hsr.o
#23 8.794     CC       iplink_bridge.o
#23 8.947     CC       iplink_bridge_slave.o
#23 9.044     CC       iplink_dsa.o
#23 9.077     CC       ipfou.o
#23 9.090 In file included from ../include/libgenl.h:5,
#23 9.090                  from ipfou.c:18:
#23 9.090 ../include/libnetlink.h: In function 'rta_getattr_be64':
#23 9.090 ../include/libnetlink.h:280:16: warning: implicit declaration of function 'htobe64' [-Wimplicit-function-declaration]
#23 9.090   280 |         return htobe64(rta_getattr_u64(rta));
#23 9.090       |                ^~~~~~~
#23 9.158     CC       iplink_ipvlan.o
#23 9.202     CC       iplink_geneve.o
#23 9.299     CC       iplink_vrf.o
#23 9.348     CC       iproute_lwtunnel.o
#23 9.776     CC       ipmacsec.o
#23 10.03     CC       ipila.o
#23 10.04 In file included from ../include/libgenl.h:5,
#23 10.04                  from ipila.c:18:
#23 10.04 ../include/libnetlink.h: In function 'rta_getattr_be64':
#23 10.04 ../include/libnetlink.h:280:16: warning: implicit declaration of function 'htobe64' [-Wimplicit-function-declaration]
#23 10.04   280 |         return htobe64(rta_getattr_u64(rta));
#23 10.04       |                ^~~~~~~
#23 10.11     CC       ipvrf.o
#23 10.22     CC       iplink_xstats.o
#23 10.25     CC       ipseg6.o
#23 10.30     CC       iplink_netdevsim.o
#23 10.33     CC       iplink_rmnet.o
#23 10.36     CC       ipnexthop.o
#23 10.60     CC       ipmptcp.o
#23 10.73     CC       iplink_bareudp.o
#23 10.75 In file included from iplink_bareudp.c:9:
#23 10.75 ../include/libnetlink.h: In function 'rta_getattr_be64':
#23 10.75 ../include/libnetlink.h:280:16: warning: implicit declaration of function 'htobe64' [-Wimplicit-function-declaration]
#23 10.75   280 |         return htobe64(rta_getattr_u64(rta));
#23 10.75       |                ^~~~~~~
#23 10.78     CC       iplink_wwan.o
#23 10.81     CC       ipioam6.o
#23 10.89     CC       iplink_amt.o
#23 10.95     CC       iplink_batadv.o
#23 10.98     CC       iplink_gtp.o
#23 11.02     CC       iplink_virt_wifi.o
#23 11.04     CC       iplink_netkit.o
#23 11.09     CC       ipstats.o
#23 11.30     LINK     ip
#23 11.33     CC       rtmon.o
#23 11.38     LINK     rtmon
#23 11.40 
#23 11.40 tc
#23 11.40     CC       tc.o
#23 11.48     CC       tc_qdisc.o
#23 11.59     CC       tc_class.o
#23 11.71     CC       tc_filter.o
#23 11.88     CC       tc_util.o
#23 12.10     CC       tc_monitor.o
#23 12.15     CC       tc_exec.o
#23 12.18     CC       m_police.o
#23 12.28     CC       m_estimator.o
#23 12.31     CC       m_action.o
#23 12.47     CC       m_ematch.o
#23 12.59     YACC     emp_ematch.tab.c
#23 12.65     CC       emp_ematch.tab.o
#23 12.76     LEX      emp_ematch.lex.c
#23 12.76     CC       emp_ematch.lex.o
#23 12.93     CC       q_fifo.o
#23 12.96     CC       q_sfq.o
#23 13.03     CC       q_red.o
#23 13.10     CC       q_prio.o
#23 13.15     CC       q_skbprio.o
#23 13.18     CC       q_tbf.o
#23 13.27     CC       q_multiq.o
#23 13.31     CC       q_netem.o
#23 13.52     CC       q_choke.o
#23 13.61     CC       q_sfb.o
#23 13.66     CC       f_u32.o
#23 13.93     CC       f_route.o
#23 13.98     CC       f_fw.o
#23 14.03     CC       f_basic.o
#23 14.07     CC       f_bpf.o
#23 14.14     CC       f_flow.o
#23 14.22     CC       f_cgroup.o
#23 14.26     CC       f_flower.o
#23 14.27 In file included from ../include/uapi/linux/netdevice.h:29,
#23 14.27                  from ../include/uapi/linux/if_arp.h:27,
#23 14.27                  from f_flower.c:14:
#23 14.27 ../include/uapi/linux/if.h:134: warning: "IFF_VOLATILE" redefined
#23 14.27   134 | #define IFF_VOLATILE    (IFF_LOOPBACK|IFF_POINTOPOINT|IFF_BROADCAST|IFF_ECHO|\
#23 14.27       | 
#23 14.27 In file included from f_flower.c:12:
#23 14.27 /usr/include/net/if.h:48: note: this is the location of the previous definition
#23 14.27    48 | #define IFF_VOLATILE (IFF_LOOPBACK|IFF_POINTOPOINT|IFF_BROADCAST| \
#23 14.27       | 
#23 14.80     CC       q_gred.o
#23 14.92     CC       q_ingress.o
#23 14.95     CC       q_hfsc.o
#23 15.05     CC       q_htb.o
#23 15.15     CC       q_drr.o
#23 15.19     CC       q_qfq.o
#23 15.23     CC       m_gact.o
#23 15.29     CC       m_mirred.o
#23 15.38     CC       m_mpls.o
#23 15.45     CC       m_nat.o
#23 15.51     CC       m_pedit.o
#23 15.65     CC       m_ife.o
#23 15.72     CC       m_skbedit.o
#23 15.79     CC       m_skbmod.o
#23 15.85     CC       m_csum.o
#23 15.92     CC       m_simple.o
#23 15.96     CC       m_vlan.o
#23 16.02     CC       m_connmark.o
#23 16.06     CC       m_ctinfo.o
#23 16.12     CC       m_bpf.o
#23 16.18     CC       m_tunnel_key.o
#23 16.30     CC       m_sample.o
#23 16.34     CC       m_ct.o
#23 16.46     CC       m_gate.o
#23 16.55     CC       p_ip.o
#23 16.59     CC       p_ip6.o
#23 16.63     CC       p_icmp.o
#23 16.65     CC       p_eth.o
#23 16.68     CC       p_tcp.o
#23 16.71     CC       p_udp.o
#23 16.73     CC       em_nbyte.o
#23 16.78     CC       em_cmp.o
#23 16.83     CC       em_u32.o
#23 16.88     CC       em_canid.o
#23 16.93     CC       em_meta.o
#23 17.06     CC       q_mqprio.o
#23 17.18     CC       q_codel.o
#23 17.24     CC       q_fq_codel.o
#23 17.32     CC       q_fq.o
#23 17.44     CC       q_pie.o
#23 17.50     CC       q_fq_pie.o
#23 17.58     CC       q_cake.o
#23 17.78     CC       q_hhf.o
#23 17.83     CC       q_clsact.o
#23 17.86     CC       e_bpf.o
#23 17.91     CC       f_matchall.o
#23 17.96     CC       q_cbs.o
#23 18.00     CC       q_etf.o
#23 18.05     CC       q_taprio.o
#23 18.16     CC       q_plug.o
#23 18.19     CC       q_ets.o
#23 18.28     CC       em_ipt.o
#23 18.30 In file included from tc_util.h:7,
#23 18.30                  from m_ematch.h:11,
#23 18.30                  from em_ipt.c:13:
#23 18.30 ../include/uapi/linux/if.h:134: warning: "IFF_VOLATILE" redefined
#23 18.30   134 | #define IFF_VOLATILE    (IFF_LOOPBACK|IFF_POINTOPOINT|IFF_BROADCAST|IFF_ECHO|\
#23 18.30       | 
#23 18.30 In file included from ../include/xtables.h:17,
#23 18.30                  from em_ipt.c:12:
#23 18.30 /usr/include/net/if.h:48: note: this is the location of the previous definition
#23 18.30    48 | #define IFF_VOLATILE (IFF_LOOPBACK|IFF_POINTOPOINT|IFF_BROADCAST| \
#23 18.30       | 
#23 18.33     CC       em_ipset.o
#23 18.34 In file included from tc_util.h:7,
#23 18.34                  from m_ematch.h:11,
#23 18.34                  from em_ipset.c:39:
#23 18.34 ../include/uapi/linux/if.h:134: warning: "IFF_VOLATILE" redefined
#23 18.34   134 | #define IFF_VOLATILE    (IFF_LOOPBACK|IFF_POINTOPOINT|IFF_BROADCAST|IFF_ECHO|\
#23 18.34       | 
#23 18.34 In file included from ../include/xtables.h:17,
#23 18.34                  from em_ipset.c:23:
#23 18.34 /usr/include/net/if.h:48: note: this is the location of the previous definition
#23 18.34    48 | #define IFF_VOLATILE (IFF_LOOPBACK|IFF_POINTOPOINT|IFF_BROADCAST| \
#23 18.34       | 
#23 18.38     CC       tc_core.o
#23 18.45     CC       tc_red.o
#23 18.49     CC       tc_estimator.o
#23 18.52     CC       tc_stab.o
#23 18.57     CC       tc_qevent.o
#23 18.59 In file included from tc_qevent.h:7,
#23 18.59                  from tc_qevent.c:10:
#23 18.59 ../include/libnetlink.h: In function 'rta_getattr_be64':
#23 18.59 ../include/libnetlink.h:280:16: warning: implicit declaration of function 'htobe64' [-Wimplicit-function-declaration]
#23 18.59   280 |         return htobe64(rta_getattr_u64(rta));
#23 18.59       |                ^~~~~~~
#23 18.64     AR       libtc.a
#23 18.64     LINK     tc
#23 18.67 rm emp_ematch.lex.c
#23 18.67 
#23 18.67 bridge
#23 18.68     CC       bridge.o
#23 18.72     CC       fdb.o
#23 18.74 In file included from fdb.c:28:
#23 18.74 ../include/libnetlink.h: In function 'rta_getattr_be64':
#23 18.74 ../include/libnetlink.h:280:16: warning: implicit declaration of function 'htobe64' [-Wimplicit-function-declaration]
#23 18.74   280 |         return htobe64(rta_getattr_u64(rta));
#23 18.74       |                ^~~~~~~
#23 18.92     CC       monitor.o
#23 18.97     CC       link.o
#23 18.99 In file included from link.c:16:
#23 18.99 ../include/libnetlink.h: In function 'rta_getattr_be64':
#23 18.99 ../include/libnetlink.h:280:16: warning: implicit declaration of function 'htobe64' [-Wimplicit-function-declaration]
#23 18.99   280 |         return htobe64(rta_getattr_u64(rta));
#23 18.99       |                ^~~~~~~
#23 19.12     CC       mdb.o
#23 19.14 In file included from mdb.c:20:
#23 19.14 ../include/libnetlink.h: In function 'rta_getattr_be64':
#23 19.14 ../include/libnetlink.h:280:16: warning: implicit declaration of function 'htobe64' [-Wimplicit-function-declaration]
#23 19.14   280 |         return htobe64(rta_getattr_u64(rta));
#23 19.14       |                ^~~~~~~
#23 19.32     CC       vlan.o
#23 19.33 In file included from vlan.c:16:
#23 19.33 ../include/libnetlink.h: In function 'rta_getattr_be64':
#23 19.33 ../include/libnetlink.h:280:16: warning: implicit declaration of function 'htobe64' [-Wimplicit-function-declaration]
#23 19.33   280 |         return htobe64(rta_getattr_u64(rta));
#23 19.33       |                ^~~~~~~
#23 19.55     CC       vni.o
#23 19.56 In file included from vni.c:21:
#23 19.56 ../include/libnetlink.h: In function 'rta_getattr_be64':
#23 19.56 ../include/libnetlink.h:280:16: warning: implicit declaration of function 'htobe64' [-Wimplicit-function-declaration]
#23 19.56   280 |         return htobe64(rta_getattr_u64(rta));
#23 19.56       |                ^~~~~~~
#23 19.65     LINK     bridge
#23 19.67 
#23 19.67 misc
#23 19.67     CC       ss.o
#23 19.69 In file included from ../include/uapi/linux/tipc.h:42,
#23 19.69                  from ss.c:49:
#23 19.69 ../include/uapi/linux/sockios.h:42: warning: "SIOCGSTAMP" redefined
#23 19.69    42 | #define SIOCGSTAMP      SIOCGSTAMP_OLD
#23 19.69       | 
#23 19.69 In file included from /usr/include/sys/ioctl.h:10,
#23 19.69                  from ss.c:12:
#23 19.69 /usr/include/bits/ioctl.h:111: note: this is the location of the previous definition
#23 19.69   111 | #define SIOCGSTAMP      0x8906
#23 19.69       | 
#23 19.69 ../include/uapi/linux/sockios.h:43: warning: "SIOCGSTAMPNS" redefined
#23 19.69    43 | #define SIOCGSTAMPNS    SIOCGSTAMPNS_OLD
#23 19.69       | 
#23 19.69 /usr/include/bits/ioctl.h:112: note: this is the location of the previous definition
#23 19.69   112 | #define SIOCGSTAMPNS    0x8907
#23 19.69       | 
#23 20.54     CC       ssfilter_check.o
#23 20.56 In file included from ssfilter_check.c:6:
#23 20.56 ../include/libnetlink.h: In function 'rta_getattr_be64':
#23 20.56 ../include/libnetlink.h:280:16: warning: implicit declaration of function 'htobe64' [-Wimplicit-function-declaration]
#23 20.56   280 |         return htobe64(rta_getattr_u64(rta));
#23 20.56       |                ^~~~~~~
#23 20.57     YACC     ssfilter.tab.c
#23 20.63     CC       ssfilter.tab.o
#23 20.73     LINK     ss
#23 20.75     CC       nstat
#23 20.89     CC       ifstat
#23 20.91 In file included from ifstat.c:30:
#23 20.91 ../include/libnetlink.h: In function 'rta_getattr_be64':
#23 20.91 ../include/libnetlink.h:280:16: warning: implicit declaration of function 'htobe64' [-Wimplicit-function-declaration]
#23 20.91   280 |         return htobe64(rta_getattr_u64(rta));
#23 20.91       |                ^~~~~~~
#23 21.07     CC       rtacct
#23 21.20     CC       lnstat.o
#23 21.27     CC       lnstat_util.o
#23 21.34     LINK     lnstat
#23 21.35 
#23 21.35 netem
#23 21.35 gcc  -I../include -o maketable maketable.c -lm
#23 21.38 gcc  -I../include -o normal normal.c -lm
#23 21.41 gcc  -I../include -o pareto pareto.c -lm
#23 21.43 gcc  -I../include -o paretonormal paretonormal.c -lm
#23 21.46 ./normal > normal.dist
#23 21.47 ./pareto > pareto.dist
#23 21.47 ./paretonormal > paretonormal.dist
#23 21.48 ./maketable experimental.dat > experimental.dist
#23 21.49 
#23 21.49 genl
#23 21.49     CC       genl.o
#23 21.53     CC       ctrl.o
#23 21.60     LINK     genl
#23 21.62 
#23 21.62 man
#23 21.62 make[2]: Nothing to be done for 'all'.
#23 21.62 make[2]: Nothing to be done for 'all'.
#23 21.62 sed \
#23 21.62 	-e "s|@NETNS_ETC_DIR@|/etc/netns|g" \
#23 21.62 	-e "s|@NETNS_RUN_DIR@|/var/run/netns|g" \
#23 21.62 	-e "s|@SYSCONF_ETC_DIR@|/etc/iproute2|g" \
#23 21.62 	-e "s|@SYSCONF_USR_DIR@|/usr/share/iproute2|g" \
#23 21.62 	ip-address.8.in > ip-address.8
#23 21.62 sed \
#23 21.62 	-e "s|@NETNS_ETC_DIR@|/etc/netns|g" \
#23 21.62 	-e "s|@NETNS_RUN_DIR@|/var/run/netns|g" \
#23 21.62 	-e "s|@SYSCONF_ETC_DIR@|/etc/iproute2|g" \
#23 21.62 	-e "s|@SYSCONF_USR_DIR@|/usr/share/iproute2|g" \
#23 21.62 	ip-link.8.in > ip-link.8
#23 21.63 sed \
#23 21.63 	-e "s|@NETNS_ETC_DIR@|/etc/netns|g" \
#23 21.63 	-e "s|@NETNS_RUN_DIR@|/var/run/netns|g" \
#23 21.63 	-e "s|@SYSCONF_ETC_DIR@|/etc/iproute2|g" \
#23 21.63 	-e "s|@SYSCONF_USR_DIR@|/usr/share/iproute2|g" \
#23 21.63 	ip-netns.8.in > ip-netns.8
#23 21.63 sed \
#23 21.63 	-e "s|@NETNS_ETC_DIR@|/etc/netns|g" \
#23 21.63 	-e "s|@NETNS_RUN_DIR@|/var/run/netns|g" \
#23 21.63 	-e "s|@SYSCONF_ETC_DIR@|/etc/iproute2|g" \
#23 21.63 	-e "s|@SYSCONF_USR_DIR@|/usr/share/iproute2|g" \
#23 21.63 	ip-route.8.in > ip-route.8
#23 21.63 
#23 21.63 tipc
#23 21.64     CC       bearer.o
#23 21.81     CC       cmdl.o
#23 21.85     CC       link.o
#23 22.04     CC       media.o
#23 22.09     CC       misc.o
#23 22.14     CC       msg.o
#23 22.17     CC       nametable.o
#23 22.20     CC       node.o
#23 22.29     CC       socket.o
#23 22.32     CC       peer.o
#23 22.35     CC       tipc.o
#23 22.39     LINK     tipc
#23 22.40 
#23 22.40 devlink
#23 22.40     CC       devlink.o
#23 24.01     CC       mnlg.o
#23 24.02 In file included from mnlg.c:16:
#23 24.02 ../include/libnetlink.h: In function 'rta_getattr_be64':
#23 24.02 ../include/libnetlink.h:280:16: warning: implicit declaration of function 'htobe64' [-Wimplicit-function-declaration]
#23 24.02   280 |         return htobe64(rta_getattr_u64(rta));
#23 24.02       |                ^~~~~~~
#23 24.05     LINK     devlink
#23 24.06 
#23 24.06 rdma
#23 24.06     CC       rdma.o
#23 24.08 rdma.c: In function 'main':
#23 24.08 rdma.c:110:20: warning: implicit declaration of function 'basename'; did you mean 'rename'? [-Wimplicit-function-declaration]
#23 24.08   110 |         filename = basename(argv[0]);
#23 24.08       |                    ^~~~~~~~
#23 24.08       |                    rename
#23 24.08 rdma.c:110:18: warning: assignment to 'char *' from 'int' makes pointer from integer without a cast [-Wint-conversion]
#23 24.08   110 |         filename = basename(argv[0]);
#23 24.08       |                  ^
#23 24.11     CC       utils.o
#23 24.30     CC       dev.o
#23 24.37     CC       link.o
#23 24.43     CC       res.o
#23 24.55     CC       res-pd.o
#23 24.59     CC       res-mr.o
#23 24.64     CC       res-cq.o
#23 24.68     CC       res-cmid.o
#23 24.74     CC       res-qp.o
#23 24.80     CC       sys.o
#23 24.85     CC       stat.o
#23 25.06     CC       stat-mr.o
#23 25.10     CC       res-ctx.o
#23 25.14     CC       res-srq.o
#23 25.20     LINK     rdma
#23 25.22 
#23 25.22 dcb
#23 25.22     CC       dcb.o
#23 25.23 In file included from ../include/namespace.h:10,
#23 25.23                  from dcb.c:11:
#23 25.23 ../include/libnetlink.h: In function 'rta_getattr_be64':
#23 25.23 ../include/libnetlink.h:280:16: warning: implicit declaration of function 'htobe64' [-Wimplicit-function-declaration]
#23 25.23   280 |         return htobe64(rta_getattr_u64(rta));
#23 25.23       |                ^~~~~~~
#23 25.33     CC       dcb_app.o
#23 25.52     CC       dcb_buffer.o
#23 25.58     CC       dcb_dcbx.o
#23 25.63     CC       dcb_ets.o
#23 25.71     CC       dcb_maxrate.o
#23 25.75     CC       dcb_pfc.o
#23 25.82     CC       dcb_apptrust.o
#23 25.88     CC       dcb_rewr.o
#23 25.95     LINK     dcb
#23 25.97 
#23 25.97 vdpa
#23 25.97     CC       vdpa.o
#23 26.12     LINK     vdpa
#23 DONE 26.2s

#24 [20/22] RUN git clone --no-single-branch --depth=1 https://github.com/linux-netdev/testing.git /nipa-data/kernel
#24 0.345 Cloning into '/nipa-data/kernel'...
#24 24.85 Updating files:  16% (14027/83283)Updating files:  17% (14159/83283)Updating files:  18% (14991/83283)Updating files:  19% (15824/83283)Updating files:  20% (16657/83283)Updating files:  21% (17490/83283)Updating files:  22% (18323/83283)Updating files:  23% (19156/83283)Updating files:  24% (19988/83283)Updating files:  25% (20821/83283)Updating files:  26% (21654/83283)Updating files:  27% (22487/83283)Updating files:  28% (23320/83283)Updating files:  29% (24153/83283)Updating files:  30% (24985/83283)Updating files:  31% (25818/83283)Updating files:  32% (26651/83283)Updating files:  33% (27484/83283)Updating files:  33% (28137/83283)Updating files:  34% (28317/83283)Updating files:  35% (29150/83283)Updating files:  36% (29982/83283)Updating files:  37% (30815/83283)Updating files:  38% (31648/83283)Updating files:  39% (32481/83283)Updating files:  40% (33314/83283)Updating files:  40% (33601/83283)Updating files:  41% (34147/83283)Updating files:  42% (34979/83283)Updating files:  43% (35812/83283)Updating files:  44% (36645/83283)Updating files:  45% (37478/83283)Updating files:  46% (38311/83283)Updating files:  47% (39144/83283)Updating files:  48% (39976/83283)Updating files:  49% (40809/83283)Updating files:  50% (41642/83283)Updating files:  50% (41953/83283)Updating files:  51% (42475/83283)Updating files:  52% (43308/83283)Updating files:  53% (44140/83283)Updating files:  54% (44973/83283)Updating files:  55% (45806/83283)Updating files:  56% (46639/83283)Updating files:  57% (47472/83283)Updating files:  58% (48305/83283)Updating files:  59% (49137/83283)Updating files:  60% (49970/83283)Updating files:  61% (50803/83283)Updating files:  62% (51636/83283)Updating files:  63% (52469/83283)Updating files:  64% (53302/83283)Updating files:  64% (53380/83283)Updating files:  65% (54134/83283)Updating files:  66% (54967/83283)Updating files:  67% (55800/83283)Updating files:  68% (56633/83283)Updating files:  69% (57466/83283)Updating files:  70% (58299/83283)Updating files:  71% (59131/83283)Updating files:  72% (59964/83283)Updating files:  73% (60797/83283)Updating files:  74% (61630/83283)Updating files:  75% (62463/83283)Updating files:  76% (63296/83283)Updating files:  77% (64128/83283)Updating files:  78% (64961/83283)Updating files:  79% (65794/83283)Updating files:  80% (66627/83283)Updating files:  81% (67460/83283)Updating files:  81% (67999/83283)Updating files:  82% (68293/83283)Updating files:  83% (69125/83283)Updating files:  84% (69958/83283)Updating files:  85% (70791/83283)Updating files:  86% (71624/83283)Updating files:  87% (72457/83283)Updating files:  88% (73290/83283)Updating files:  89% (74122/83283)Updating files:  90% (74955/83283)Updating files:  91% (75788/83283)Updating files:  92% (76621/83283)Updating files:  93% (77454/83283)Updating files:  94% (78287/83283)Updating files:  95% (79119/83283)Updating files:  96% (79952/83283)Updating files:  97% (80785/83283)Updating files:  98% (81618/83283)Updating files:  99% (82451/83283)Updating files: 100% (83283/83283)Updating files: 100% (83283/83283), done.
#24 DONE 32.6s

#25 [21/22] RUN git clone --depth=1 -b main https://github.com/p4tc-dev/new-nipa.git nipa
#25 0.356 Cloning into 'nipa'...
#25 DONE 0.6s

#26 [22/22] COPY entrypoint.sh /entrypoint.sh
#26 DONE 0.1s

#27 exporting to image
#27 exporting layers
#27 exporting layers 5.1s done
#27 writing image sha256:c241a50ab6fe1095d003aaa080a7151b71abbc85e5e1a52838963e3a9e829843 0.0s done
#27 naming to docker.io/library/nipa-executor 0.0s done
#27 DONE 5.2s
NIPA version: 1b9c21a (ui: set canvas background color to stand out, 2024-03-28)
INFO: Last run date: 2024-06-30 00:00:17.352785+00:00
Testing  {'branch': 'net-next-2024-06-30--03-00', 'date': '2024-06-30T03:00:03.020809+00:00', 'base': '30972a4ea092bacb9784fe251327571be6a99f9c', 'url': 'https://github.com/linux-netdev/testing.git net-next-2024-06-30--03-00'}
Updating files: 100% (22321/22321), done.
branch 'net-next-2024-06-30--03-00' set up to track 'origin/net-next-2024-06-30--03-00'.
Switched to a new branch 'net-next-2024-06-30--03-00'
error: No valid patches in input (allow with "--allow-empty")
Checking patch tools/testing/selftests/tc-testing/tdc_config.py...
Applied patch tools/testing/selftests/tc-testing/tdc_config.py cleanly.
Run at 2024-06-30 03:03:33.578753
INFO: building kernel
INFO: starting VM 0
INFO: thr0-0 VM starting: vng -v -r arch/x86/boot/bzImage --user root --rwdir=/nipa-data/kernel/
INFO: thr0-0 expecting prompt: '/nipa-data/kernel# '
INFO: thr0-0 reached initial prompt
INFO: thr-0 testing == tdc.sh
INFO: thr-0 tdc.sh >> retcode: 0 result: pass found {'fail': False, 'skip': False, 'pass': True}
INFO: thr-0 has no more work, exiting
INFO: thr0-0 VM stopped
Done at 2024-06-30 03:07:12.307148
NIPA quitting!
/
~/nipa/tc-executor/tc-executor-storage /
sort: write failed: 'standard output': Broken pipe
sort: write error
