~/nipa/tc-executor/tc-executor-storage /
Switched to branch 'storage-dbg'
Your branch is ahead of 'origin/storage-dbg' by 185 commits.
  (use "git push" to publish your local commits)
/
~/nipa/tc-executor /
Error response from daemon: No such image: nipa-executor:latest
#0 building with "default" instance using docker driver

#1 [internal] load .dockerignore
#1 transferring context: 2B done
#1 DONE 0.0s

#2 [internal] load build definition from Dockerfile
#2 transferring dockerfile: 2.03kB done
#2 DONE 0.0s

#3 [internal] load metadata for docker.io/library/alpine:edge
#3 DONE 0.0s

#4 [ 1/22] FROM docker.io/library/alpine:edge
#4 CACHED

#5 [internal] load build context
#5 transferring context: 3.02kB done
#5 DONE 0.0s

#6 [ 2/22] RUN echo true > debug-mode
#6 DONE 0.4s

#7 [ 3/22] RUN addgroup -g 1001 hostuser
#7 DONE 0.3s

#8 [ 4/22] RUN adduser -u 1001 -G hostuser -H -D -s /bin/ash hostuser
#8 DONE 0.4s

#9 [ 5/22] RUN echo '@testing http://dl-cdn.alpinelinux.org/alpine/edge/testing' >> /etc/apk/repositories
#9 DONE 0.5s

#10 [ 6/22] RUN echo '@community http://dl-cdn.alpinelinux.org/alpine/edge/community' >> /etc/apk/repositories
#10 DONE 0.5s

#11 [ 7/22] RUN apk update && apk add --no-cache    virtme-ng@testing    git    py3-requests    py3-psutil    py3-setuptools    py3-pyroute2    py3-argcomplete    qemu-system-x86_64@community    scapy@community    make    gcc    musl-dev    flex    bison    linux-headers    elfutils-dev    util-linux    coreutils    diffutils    findutils    file    bash    kmod    perl    iptables-dev    libcap-dev    libmnl-dev    iproute2     jq    libbpf-dev    rsync
#11 0.370 fetch https://dl-cdn.alpinelinux.org/alpine/edge/main/x86_64/APKINDEX.tar.gz
#11 0.585 fetch https://dl-cdn.alpinelinux.org/alpine/edge/community/x86_64/APKINDEX.tar.gz
#11 0.786 fetch http://dl-cdn.alpinelinux.org/alpine/edge/testing/x86_64/APKINDEX.tar.gz
#11 1.003 fetch http://dl-cdn.alpinelinux.org/alpine/edge/community/x86_64/APKINDEX.tar.gz
#11 1.205 v20231219-4999-g77a2965ed4c [https://dl-cdn.alpinelinux.org/alpine/edge/main]
#11 1.205 v20231219-5014-g1494407c48d [https://dl-cdn.alpinelinux.org/alpine/edge/community]
#11 1.205 v20231219-5009-gf0ba3d6ac0d [http://dl-cdn.alpinelinux.org/alpine/edge/testing]
#11 1.205 v20231219-5014-g1494407c48d [http://dl-cdn.alpinelinux.org/alpine/edge/community]
#11 1.205 OK: 30615 distinct packages available
#11 1.259 fetch https://dl-cdn.alpinelinux.org/alpine/edge/main/x86_64/APKINDEX.tar.gz
#11 1.359 fetch https://dl-cdn.alpinelinux.org/alpine/edge/community/x86_64/APKINDEX.tar.gz
#11 1.441 fetch http://dl-cdn.alpinelinux.org/alpine/edge/testing/x86_64/APKINDEX.tar.gz
#11 1.523 fetch http://dl-cdn.alpinelinux.org/alpine/edge/community/x86_64/APKINDEX.tar.gz
#11 1.708 (1/175) Upgrading musl (1.2.4_git20230717-r5 -> 1.2.5-r0)
#11 1.725 (2/175) Upgrading zlib (1.3-r2 -> 1.3.1-r0)
#11 1.737 (3/175) Installing ncurses-terminfo-base (6.4_p20231125-r0)
#11 1.752 (4/175) Installing libncursesw (6.4_p20231125-r0)
#11 1.767 (5/175) Installing readline (8.2.10-r0)
#11 1.782 (6/175) Installing bash (5.2.26-r0)
#11 1.802 Executing bash-5.2.26-r0.post-install
#11 1.804 (7/175) Installing m4 (1.4.19-r3)
#11 1.819 (8/175) Installing bison (3.8.2-r1)
#11 1.843 (9/175) Installing coreutils-env (9.4-r2)
#11 1.857 (10/175) Installing coreutils-fmt (9.4-r2)
#11 1.869 (11/175) Installing coreutils-sha512sum (9.4-r2)
#11 1.883 (12/175) Installing libacl (2.3.2-r0)
#11 1.921 (13/175) Installing libattr (2.5.2-r0)
#11 1.933 (14/175) Installing skalibs (2.14.1.1-r0)
#11 1.949 (15/175) Installing utmps-libs (0.1.2.2-r0)
#11 1.961 (16/175) Installing coreutils (9.4-r2)
#11 1.987 (17/175) Installing diffutils (3.10-r0)
#11 2.003 (18/175) Installing zstd-libs (1.5.5-r8)
#11 2.025 (19/175) Installing libelf (0.191-r0)
#11 2.038 (20/175) Installing libbz2 (1.0.8-r6)
#11 2.052 (21/175) Installing musl-fts (1.2.7-r6)
#11 2.064 (22/175) Installing xz-libs (5.4.6-r0)
#11 2.079 (23/175) Installing libdw (0.191-r0)
#11 2.096 (24/175) Installing libasm (0.191-r0)
#11 2.108 (25/175) Installing xz (5.4.6-r0)
#11 2.126 (26/175) Installing pkgconf (2.1.1-r0)
#11 2.140 (27/175) Installing xz-dev (5.4.6-r0)
#11 2.155 (28/175) Installing libgcc (13.2.1_git20231014-r1)
#11 2.168 (29/175) Installing libstdc++ (13.2.1_git20231014-r1)
#11 2.198 (30/175) Installing zstd (1.5.5-r8)
#11 2.219 (31/175) Installing zstd-dev (1.5.5-r8)
#11 2.233 (32/175) Installing zlib-dev (1.3.1-r0)
#11 2.247 (33/175) Installing elfutils-dev (0.191-r0)
#11 2.269 (34/175) Installing libmagic (5.45-r1)
#11 2.306 (35/175) Installing file (5.45-r1)
#11 2.319 (36/175) Installing findutils (4.9.0-r5)
#11 2.334 (37/175) Installing flex (2.6.4-r6)
#11 2.348 (38/175) Installing jansson (2.14-r4)
#11 2.361 (39/175) Installing binutils (2.42-r0)
#11 2.421 (40/175) Installing libgomp (13.2.1_git20231014-r1)
#11 2.435 (41/175) Installing libatomic (13.2.1_git20231014-r1)
#11 2.447 (42/175) Installing gmp (6.3.0-r0)
#11 2.467 (43/175) Installing isl26 (0.26-r1)
#11 2.492 (44/175) Installing mpfr4 (4.2.1-r0)
#11 2.511 (45/175) Installing mpc1 (1.3.1-r1)
#11 2.531 (46/175) Installing gcc (13.2.1_git20231014-r1)
#11 3.029 (47/175) Installing ca-certificates (20240226-r0)
#11 3.053 (48/175) Installing brotli-libs (1.1.0-r1)
#11 3.076 (49/175) Installing c-ares (1.26.0-r0)
#11 3.094 (50/175) Installing libunistring (1.2-r0)
#11 3.119 (51/175) Installing libidn2 (2.3.7-r0)
#11 3.133 (52/175) Installing nghttp2-libs (1.59.0-r0)
#11 3.147 (53/175) Installing libpsl (0.21.5-r1)
#11 3.164 (54/175) Installing libcurl (8.6.0-r0)
#11 3.191 (55/175) Installing libexpat (2.6.0-r0)
#11 3.207 (56/175) Installing pcre2 (10.43-r0)
#11 3.235 (57/175) Installing git (2.44.0-r0)
#11 3.295 (58/175) Installing git-init-template (2.44.0-r0)
#11 3.308 (59/175) Installing libcap2 (2.69-r1)
#11 3.335 (60/175) Installing libmnl (1.0.5-r2)
#11 3.347 (61/175) Installing iproute2-minimal (6.7.0-r0)
#11 3.366 (62/175) Installing libxtables (1.8.10-r3)
#11 3.384 (63/175) Installing iproute2-tc (6.7.0-r0)
#11 3.401 (64/175) Installing iproute2-ss (6.7.0-r0)
#11 3.419 (65/175) Installing iproute2 (6.7.0-r0)
#11 3.434 Executing iproute2-6.7.0-r0.post-install
#11 3.438 (66/175) Installing linux-headers (6.6-r0)
#11 3.527 (67/175) Installing libip4tc (1.8.10-r3)
#11 3.544 (68/175) Installing libip6tc (1.8.10-r3)
#11 3.557 (69/175) Installing libipq (1.8.10-r3)
#11 3.569 (70/175) Installing iptables-dev (1.8.10-r3)
#11 3.583 (71/175) Installing oniguruma (6.9.9-r0)
#11 3.599 (72/175) Installing jq (1.7.1-r0)
#11 3.617 (73/175) Installing kmod (31-r4)
#11 3.631 (74/175) Installing libbpf (1.3.0-r0)
#11 3.655 (75/175) Installing libbpf-dev (1.3.0-r0)
#11 3.680 (76/175) Installing libcap-dev (2.69-r1)
#11 3.695 (77/175) Installing libmnl-dev (1.0.5-r2)
#11 3.709 (78/175) Installing make (4.4.1-r2)
#11 3.725 (79/175) Installing musl-dev (1.2.5-r0)
#11 3.784 (80/175) Installing perl (5.38.2-r0)
#11 3.995 (81/175) Installing perl-error (0.17029-r2)
#11 4.008 (82/175) Installing perl-git (2.44.0-r0)
#11 4.022 (83/175) Installing git-perl (2.44.0-r0)
#11 4.035 (84/175) Installing libffi (3.4.6-r0)
#11 4.047 (85/175) Installing gdbm (1.23-r1)
#11 4.060 (86/175) Installing mpdecimal (4.0.0-r0)
#11 4.078 (87/175) Installing libpanelw (6.4_p20231125-r0)
#11 4.090 (88/175) Installing sqlite-libs (3.45.1-r0)
#11 4.114 (89/175) Installing python3 (3.11.8-r0)
#11 4.257 (90/175) Installing python3-pycache-pyc0 (3.11.8-r0)
#11 4.360 (91/175) Installing pyc (3.11.8-r0)
#11 4.372 (92/175) Installing py3-argcomplete-pyc (3.2.2-r0)
#11 4.386 (93/175) Installing python3-pyc (3.11.8-r0)
#11 4.398 (94/175) Installing py3-argcomplete (3.2.2-r0)
#11 4.412 (95/175) Installing py3-psutil (5.9.8-r0)
#11 4.429 (96/175) Installing py3-psutil-pyc (5.9.8-r0)
#11 4.444 (97/175) Installing py3-pyroute2 (0.7.12-r0)
#11 4.474 (98/175) Installing py3-pyroute2-pyc (0.7.12-r0)
#11 4.513 (99/175) Installing py3-certifi (2023.11.17-r0)
#11 4.527 (100/175) Installing py3-certifi-pyc (2023.11.17-r0)
#11 4.539 (101/175) Installing py3-charset-normalizer (3.3.2-r0)
#11 4.554 (102/175) Installing py3-charset-normalizer-pyc (3.3.2-r0)
#11 4.570 (103/175) Installing py3-idna (3.6-r0)
#11 4.586 (104/175) Installing py3-idna-pyc (3.6-r0)
#11 4.604 (105/175) Installing py3-urllib3 (1.26.18-r0)
#11 4.622 (106/175) Installing py3-urllib3-pyc (1.26.18-r0)
#11 4.640 (107/175) Installing py3-requests (2.31.0-r1)
#11 4.655 (108/175) Installing py3-requests-pyc (2.31.0-r1)
#11 4.681 (109/175) Installing py3-parsing (3.1.1-r0)
#11 4.698 (110/175) Installing py3-parsing-pyc (3.1.1-r0)
#11 4.714 (111/175) Installing py3-packaging (23.2-r0)
#11 4.727 (112/175) Installing py3-packaging-pyc (23.2-r0)
#11 4.741 (113/175) Installing py3-setuptools (69.1.1-r0)
#11 4.784 (114/175) Installing py3-setuptools-pyc (69.1.1-r0)
#11 4.827 (115/175) Installing libcap-ng (0.8.4-r0)
#11 4.851 (116/175) Installing libintl (0.22.4-r0)
#11 4.864 (117/175) Installing libblkid (2.39.3-r0)
#11 4.877 (118/175) Installing libmount (2.39.3-r0)
#11 4.893 (119/175) Installing glib (2.78.4-r0)
#11 4.928 (120/175) Installing numactl (2.0.18-r0)
#11 4.940 (121/175) Installing qemu (8.2.1-r0)
#11 4.960 Executing qemu-8.2.1-r0.pre-install
#11 5.035 Executing qemu-8.2.1-r0.post-install
#11 5.039 *
#11 5.039 * If you want to run VM as unprivileged user and let Qemu create tunX devices,
#11 5.039 * then you must add that user to the group "qemu".
#11 5.039 * If you use KVM for hardware-assisted virtualization, then you may also need
#11 5.039 * to add that user to the group "kvm".
#11 5.039 *
#11 5.039 (122/175) Installing qemu-bridge-helper (8.2.1-r0)
#11 5.057 (123/175) Installing libaio (0.3.113-r2)
#11 5.070 (124/175) Installing capstone (5.0.1-r2)
#11 5.103 (125/175) Installing py3-capstone (5.0.1-r2)
#11 5.140 (126/175) Installing py3-capstone-pyc (5.0.1-r2)
#11 5.152 (127/175) Installing nettle (3.9.1-r0)
#11 5.170 (128/175) Installing libtasn1 (4.19.0-r2)
#11 5.188 (129/175) Installing p11-kit (0.25.3-r0)
#11 5.207 (130/175) Installing gnutls (3.8.3-r0)
#11 5.241 (131/175) Installing libjpeg-turbo (3.0.2-r0)
#11 5.266 (132/175) Installing lzo (2.10-r5)
#11 5.284 (133/175) Installing pixman (0.43.2-r0)
#11 5.301 (134/175) Installing libpng (1.6.43-r0)
#11 5.316 (135/175) Installing libsasl (2.1.28-r6)
#11 5.331 (136/175) Installing libseccomp (2.5.5-r0)
#11 5.349 (137/175) Installing libslirp (4.7.0-r0)
#11 5.368 (138/175) Installing snappy (1.1.10-r2)
#11 5.384 (139/175) Installing liburing (2.5-r1)
#11 5.401 (140/175) Installing vde2-libs (2.3.3-r1)
#11 5.420 (141/175) Installing qemu-system-x86_64 (8.2.1-r0)
#11 5.528 (142/175) Installing lz4-libs (1.9.4-r5)
#11 5.548 (143/175) Installing popt (1.19-r3)
#11 5.564 (144/175) Installing libxxhash (0.8.2-r2)
#11 5.580 (145/175) Installing rsync (3.2.7-r4)
#11 5.596 (146/175) Installing scapy (2.5.0-r1)
#11 5.652 Executing scapy-2.5.0-r1.post-install
#11 5.653 *
#11 5.653 * Certain optional features of scapy also depend on the following packages:
#11 5.653 *     py3-matplotlib graphviz imagemagick py3-cryptography sox
#11 5.653 * And the following unpackaged dependencies:
#11 5.653 *     pyxi vpython-jupyter nmap<v4.23
#11 5.653 * More information can be found at https://scapy.readthedocs.io/en/latest/installation.html#optional-dependencies
#11 5.653 *
#11 5.654 (147/175) Installing scapy-pyc (2.5.0-r1)
#11 5.733 (148/175) Installing util-linux (2.39.3-r0)
#11 5.745 (149/175) Installing setarch (2.39.3-r0)
#11 5.759 (150/175) Installing libuuid (2.39.3-r0)
#11 5.771 (151/175) Installing libfdisk (2.39.3-r0)
#11 5.787 (152/175) Installing libsmartcols (2.39.3-r0)
#11 5.804 (153/175) Installing util-linux-misc (2.39.3-r0)
#11 5.833 (154/175) Installing libeconf (0.5.2-r2)
#11 5.850 (155/175) Installing linux-pam (1.5.3-r8)
#11 5.873 (156/175) Installing runuser (2.39.3-r0)
#11 5.885 (157/175) Installing mount (2.39.3-r0)
#11 5.915 (158/175) Installing losetup (2.39.3-r0)
#11 5.932 (159/175) Installing hexdump (2.39.3-r0)
#11 5.948 (160/175) Installing uuidgen (2.39.3-r0)
#11 5.960 (161/175) Installing blkid (2.39.3-r0)
#11 5.972 (162/175) Installing sfdisk (2.39.3-r0)
#11 5.985 (163/175) Installing mcookie (2.39.3-r0)
#11 5.997 (164/175) Installing agetty (2.39.3-r0)
#11 6.016 (165/175) Installing wipefs (2.39.3-r0)
#11 6.034 (166/175) Installing cfdisk (2.39.3-r0)
#11 6.049 (167/175) Installing umount (2.39.3-r0)
#11 6.065 (168/175) Installing flock (2.39.3-r0)
#11 6.077 (169/175) Installing lsblk (2.39.3-r0)
#11 6.090 (170/175) Installing setpriv (2.39.3-r0)
#11 6.103 (171/175) Installing logger (2.39.3-r0)
#11 6.115 (172/175) Installing partx (2.39.3-r0)
#11 6.132 (173/175) Installing fstrim (2.39.3-r0)
#11 6.144 (174/175) Installing findmnt (2.39.3-r0)
#11 6.156 (175/175) Installing virtme-ng@testing (1.22-r0)
#11 6.214 Executing busybox-1.36.1-r17.trigger
#11 6.218 Executing ca-certificates-20240226-r0.trigger
#11 6.240 Executing glib-2.78.4-r0.trigger
#11 6.244 OK: 385 MiB in 188 packages
#11 DONE 6.6s

#12 [ 8/22] RUN mkdir -p /tmp/kernel-patches &&     mkdir -p /tmp/iproute2-patches
#12 DONE 0.4s

#13 [ 9/22] COPY tdc.config /tmp
#13 DONE 0.0s

#14 [10/22] COPY tdc-debug.config /tmp
#14 DONE 0.1s

#15 [11/22] COPY kernel-patches /tmp/kernel-patches/
#15 DONE 0.0s

#16 [12/22] COPY iproute2-patches /tmp/iproute2-patches/
#16 DONE 0.0s

#17 [13/22] COPY configs /tmp/configs/
#17 DONE 0.0s

#18 [14/22] RUN git config --global user.email foo@bar.com
#18 DONE 0.3s

#19 [15/22] RUN git config --global user.name foo@bar.com
#19 DONE 0.4s

#20 [16/22] RUN git clone https://git.kernel.org/pub/scm/network/iproute2/iproute2-next.git /nipa-data/iproute2
#20 0.441 Cloning into '/nipa-data/iproute2'...
#20 DONE 4.5s

#21 [17/22] RUN cd /nipa-data/iproute2 && 	git remote add stable https://git.kernel.org/pub/scm/network/iproute2/iproute2.git && 	git fetch --all && 	git merge stable/main
#21 0.422 Fetching origin
#21 0.726 Fetching stable
#21 1.303 From https://git.kernel.org/pub/scm/network/iproute2/iproute2
#21 1.303  * [new branch]        codeql         -> stable/codeql
#21 1.303  * [new branch]        color-opt      -> stable/color-opt
#21 1.304  * [new branch]        flag-names     -> stable/flag-names
#21 1.304  * [new branch]        iproute2-4.1.x -> stable/iproute2-4.1.x
#21 1.304  * [new branch]        json1          -> stable/json1
#21 1.304  * [new branch]        main           -> stable/main
#21 1.304  * [new branch]        net-next       -> stable/net-next
#21 1.304  * [new branch]        warnings       -> stable/warnings
#21 1.372 Auto-merging misc/ifstat.c
#21 1.372 Auto-merging misc/ss.c
#21 1.375 Merge made by the 'ort' strategy.
#21 1.379  ip/iptuntap.c |  5 ++---
#21 1.379  man/man8/ip.8 | 33 +++++++++++++++++++++++++++++++--
#21 1.379  misc/ifstat.c |  6 ++++--
#21 1.379  misc/ss.c     | 17 ++++++++++++++++-
#21 1.379  tc/f_u32.c    |  2 +-
#21 1.379  5 files changed, 54 insertions(+), 9 deletions(-)
#21 DONE 1.4s

#22 [18/22] RUN if [ "$(find /tmp/iproute2-patches/ -name *.patch)" ]; then  	cd /nipa-data/iproute2; 	git apply /tmp/iproute2-patches/*.patch;     fi
#22 DONE 0.4s

#23 [19/22] RUN cd /nipa-data/iproute2/ &&     ./configure &&     make
#23 0.440 TC schedulers
#23 0.441  IPT	using xtables
#23 0.470  IPSET  yes
#23 0.492 
#23 0.492 lib directory: /usr/lib
#23 0.492 libc has setns: yes
#23 0.514 libc has name_to_handle_at: yes
#23 0.535 SELinux support: no
#23 0.536 libtirpc support: no
#23 0.537 libbpf support: yes
#23 0.603 	libbpf version 1.3.0
#23 0.603 ELF support: yes
#23 0.605 libmnl support: yes
#23 0.607 Berkeley DB: no
#23 0.617 need for strlcpy: no
#23 0.636 libcap support: yes
#23 0.638 color output: never
#23 0.640 
#23 0.640 lib
#23 0.642     CC       libgenl.o
#23 0.680     CC       libnetlink.o
#23 0.999     CC       mnl_utils.o
#23 1.080     AR       libnetlink.a
#23 1.082     CC       utils.o
#23 1.462     CC       utils_math.o
#23 1.512     CC       rt_names.o
#23 1.674     CC       ll_map.o
#23 1.761     CC       ll_types.o
#23 1.774 In file included from ll_types.c:20:
#23 1.774 ../include/uapi/linux/sockios.h:42: warning: "SIOCGSTAMP" redefined
#23 1.774    42 | #define SIOCGSTAMP      SIOCGSTAMP_OLD
#23 1.774       | 
#23 1.774 In file included from /usr/include/sys/ioctl.h:10,
#23 1.774                  from ll_types.c:12:
#23 1.774 /usr/include/bits/ioctl.h:111: note: this is the location of the previous definition
#23 1.774   111 | #define SIOCGSTAMP      0x8906
#23 1.774       | 
#23 1.774 ../include/uapi/linux/sockios.h:43: warning: "SIOCGSTAMPNS" redefined
#23 1.774    43 | #define SIOCGSTAMPNS    SIOCGSTAMPNS_OLD
#23 1.774       | 
#23 1.774 /usr/include/bits/ioctl.h:112: note: this is the location of the previous definition
#23 1.774   112 | #define SIOCGSTAMPNS    0x8907
#23 1.774       | 
#23 1.790     CC       ll_proto.o
#23 1.803 In file included from ll_proto.c:21:
#23 1.803 ../include/uapi/linux/sockios.h:42: warning: "SIOCGSTAMP" redefined
#23 1.803    42 | #define SIOCGSTAMP      SIOCGSTAMP_OLD
#23 1.803       | 
#23 1.803 In file included from /usr/include/sys/ioctl.h:10,
#23 1.803                  from ll_proto.c:13:
#23 1.803 /usr/include/bits/ioctl.h:111: note: this is the location of the previous definition
#23 1.803   111 | #define SIOCGSTAMP      0x8906
#23 1.803       | 
#23 1.803 ../include/uapi/linux/sockios.h:43: warning: "SIOCGSTAMPNS" redefined
#23 1.803    43 | #define SIOCGSTAMPNS    SIOCGSTAMPNS_OLD
#23 1.803       | 
#23 1.803 /usr/include/bits/ioctl.h:112: note: this is the location of the previous definition
#23 1.803   112 | #define SIOCGSTAMPNS    0x8907
#23 1.803       | 
#23 1.816     CC       ll_addr.o
#23 1.828 In file included from ll_addr.c:20:
#23 1.828 ../include/uapi/linux/sockios.h:42: warning: "SIOCGSTAMP" redefined
#23 1.828    42 | #define SIOCGSTAMP      SIOCGSTAMP_OLD
#23 1.828       | 
#23 1.828 In file included from /usr/include/sys/ioctl.h:10,
#23 1.828                  from ll_addr.c:12:
#23 1.828 /usr/include/bits/ioctl.h:111: note: this is the location of the previous definition
#23 1.828   111 | #define SIOCGSTAMP      0x8906
#23 1.828       | 
#23 1.828 ../include/uapi/linux/sockios.h:43: warning: "SIOCGSTAMPNS" redefined
#23 1.828    43 | #define SIOCGSTAMPNS    SIOCGSTAMPNS_OLD
#23 1.828       | 
#23 1.828 /usr/include/bits/ioctl.h:112: note: this is the location of the previous definition
#23 1.828   112 | #define SIOCGSTAMPNS    0x8907
#23 1.828       | 
#23 1.855     CC       inet_proto.o
#23 1.883     CC       namespace.o
#23 1.938     CC       json_writer.o
#23 2.015     CC       json_print.o
#23 2.132     CC       json_print_math.o
#23 2.164     CC       names.o
#23 2.209     CC       color.o
#23 2.250     CC       bpf_legacy.o
#23 2.626     CC       bpf_glue.o
#23 2.660     CC       exec.o
#23 2.689     CC       fs.o
#23 2.753     CC       cg_map.o
#23 2.786     CC       ppp_proto.o
#23 2.809     CC       bpf_libbpf.o
#23 2.884     CC       selinux.o
#23 2.902     CC       ax25_ntop.o
#23 2.929     CC       rose_ntop.o
#23 2.942 In file included from rose_ntop.c:16:
#23 2.942 ../include/uapi/linux/sockios.h:42: warning: "SIOCGSTAMP" redefined
#23 2.942    42 | #define SIOCGSTAMP      SIOCGSTAMP_OLD
#23 2.942       | 
#23 2.942 In file included from /usr/include/sys/ioctl.h:10,
#23 2.942                  from rose_ntop.c:7:
#23 2.942 /usr/include/bits/ioctl.h:111: note: this is the location of the previous definition
#23 2.942   111 | #define SIOCGSTAMP      0x8906
#23 2.942       | 
#23 2.942 ../include/uapi/linux/sockios.h:43: warning: "SIOCGSTAMPNS" redefined
#23 2.942    43 | #define SIOCGSTAMPNS    SIOCGSTAMPNS_OLD
#23 2.942       | 
#23 2.942 /usr/include/bits/ioctl.h:112: note: this is the location of the previous definition
#23 2.942   112 | #define SIOCGSTAMPNS    0x8907
#23 2.942       | 
#23 2.957     CC       mpls_ntop.o
#23 2.984     CC       mpls_pton.o
#23 3.011     CC       netrom_ntop.o
#23 3.032     AR       libutil.a
#23 3.037 
#23 3.037 ip
#23 3.039     CC       ip.o
#23 3.109     CC       ipaddress.o
#23 3.122 In file included from ipaddress.c:26:
#23 3.122 ../include/uapi/linux/sockios.h:42: warning: "SIOCGSTAMP" redefined
#23 3.122    42 | #define SIOCGSTAMP      SIOCGSTAMP_OLD
#23 3.122       | 
#23 3.122 In file included from /usr/include/sys/ioctl.h:10,
#23 3.122                  from ipaddress.c:14:
#23 3.122 /usr/include/bits/ioctl.h:111: note: this is the location of the previous definition
#23 3.122   111 | #define SIOCGSTAMP      0x8906
#23 3.122       | 
#23 3.122 ../include/uapi/linux/sockios.h:43: warning: "SIOCGSTAMPNS" redefined
#23 3.122    43 | #define SIOCGSTAMPNS    SIOCGSTAMPNS_OLD
#23 3.122       | 
#23 3.122 /usr/include/bits/ioctl.h:112: note: this is the location of the previous definition
#23 3.122   112 | #define SIOCGSTAMPNS    0x8907
#23 3.122       | 
#23 3.552     CC       ipaddrlabel.o
#23 3.609     CC       iproute.o
#23 4.105     CC       iprule.o
#23 4.299     CC       ipnetns.o
#23 4.504     CC       rtm_map.o
#23 4.538     CC       iptunnel.o
#23 4.550 In file included from ../include/uapi/linux/if_tunnel.h:6,
#23 4.550                  from iptunnel.c:19:
#23 4.550 ../include/uapi/linux/if.h:134: warning: "IFF_VOLATILE" redefined
#23 4.550   134 | #define IFF_VOLATILE    (IFF_LOOPBACK|IFF_POINTOPOINT|IFF_BROADCAST|IFF_ECHO|\
#23 4.550       | 
#23 4.550 In file included from iptunnel.c:16:
#23 4.550 /usr/include/net/if.h:48: note: this is the location of the previous definition
#23 4.550    48 | #define IFF_VOLATILE (IFF_LOOPBACK|IFF_POINTOPOINT|IFF_BROADCAST| \
#23 4.550       | 
#23 4.680     CC       ip6tunnel.o
#23 4.787     CC       tunnel.o
#23 4.876     CC       ipneigh.o
#23 5.059     CC       ipntable.o
#23 5.163     CC       iplink.o
#23 5.433     CC       ipmaddr.o
#23 5.446 In file included from ipmaddr.c:21:
#23 5.446 ../include/uapi/linux/sockios.h:42: warning: "SIOCGSTAMP" redefined
#23 5.446    42 | #define SIOCGSTAMP      SIOCGSTAMP_OLD
#23 5.446       | 
#23 5.446 In file included from /usr/include/sys/ioctl.h:10,
#23 5.446                  from ipmaddr.c:12:
#23 5.446 /usr/include/bits/ioctl.h:111: note: this is the location of the previous definition
#23 5.446   111 | #define SIOCGSTAMP      0x8906
#23 5.446       | 
#23 5.446 ../include/uapi/linux/sockios.h:43: warning: "SIOCGSTAMPNS" redefined
#23 5.446    43 | #define SIOCGSTAMPNS    SIOCGSTAMPNS_OLD
#23 5.446       | 
#23 5.446 /usr/include/bits/ioctl.h:112: note: this is the location of the previous definition
#23 5.446   112 | #define SIOCGSTAMPNS    0x8907
#23 5.446       | 
#23 5.519     CC       ipmonitor.o
#23 5.593     CC       ipmroute.o
#23 5.606 In file included from ipmroute.c:22:
#23 5.606 ../include/uapi/linux/sockios.h:42: warning: "SIOCGSTAMP" redefined
#23 5.606    42 | #define SIOCGSTAMP      SIOCGSTAMP_OLD
#23 5.606       | 
#23 5.606 In file included from /usr/include/sys/ioctl.h:10,
#23 5.606                  from ipmroute.c:13:
#23 5.606 /usr/include/bits/ioctl.h:111: note: this is the location of the previous definition
#23 5.606   111 | #define SIOCGSTAMP      0x8906
#23 5.606       | 
#23 5.606 ../include/uapi/linux/sockios.h:43: warning: "SIOCGSTAMPNS" redefined
#23 5.606    43 | #define SIOCGSTAMPNS    SIOCGSTAMPNS_OLD
#23 5.606       | 
#23 5.606 /usr/include/bits/ioctl.h:112: note: this is the location of the previous definition
#23 5.606   112 | #define SIOCGSTAMPNS    0x8907
#23 5.606       | 
#23 5.667     CC       ipprefix.o
#23 5.697     CC       iptuntap.o
#23 5.801     CC       iptoken.o
#23 5.855     CC       ipxfrm.o
#23 6.150     CC       xfrm_state.o
#23 6.397     CC       xfrm_policy.o
#23 6.615     CC       xfrm_monitor.o
#23 6.688     CC       iplink_dummy.o
#23 6.709     CC       iplink_ifb.o
#23 6.731     CC       iplink_nlmon.o
#23 6.751     CC       iplink_team.o
#23 6.775     CC       iplink_vcan.o
#23 6.796     CC       iplink_vxcan.o
#23 6.823     CC       iplink_vlan.o
#23 6.890     CC       link_veth.o
#23 6.917     CC       link_gre.o
#23 6.927 In file included from ../include/uapi/linux/if_tunnel.h:6,
#23 6.927                  from link_gre.c:15:
#23 6.927 ../include/uapi/linux/if.h:134: warning: "IFF_VOLATILE" redefined
#23 6.927   134 | #define IFF_VOLATILE    (IFF_LOOPBACK|IFF_POINTOPOINT|IFF_BROADCAST|IFF_ECHO|\
#23 6.927       | 
#23 6.927 In file included from link_gre.c:9:
#23 6.927 /usr/include/net/if.h:48: note: this is the location of the previous definition
#23 6.927    48 | #define IFF_VOLATILE (IFF_LOOPBACK|IFF_POINTOPOINT|IFF_BROADCAST| \
#23 6.927       | 
#23 7.029     CC       iplink_can.o
#23 7.165     CC       iplink_xdp.o
#23 7.222     CC       iplink_macvlan.o
#23 7.289     CC       ipl2tp.o
#23 7.450     CC       link_vti.o
#23 7.461 In file included from ../include/uapi/linux/if_tunnel.h:6,
#23 7.461                  from link_vti.c:16:
#23 7.461 ../include/uapi/linux/if.h:134: warning: "IFF_VOLATILE" redefined
#23 7.461   134 | #define IFF_VOLATILE    (IFF_LOOPBACK|IFF_POINTOPOINT|IFF_BROADCAST|IFF_ECHO|\
#23 7.461       | 
#23 7.461 In file included from link_vti.c:10:
#23 7.461 /usr/include/net/if.h:48: note: this is the location of the previous definition
#23 7.461    48 | #define IFF_VOLATILE (IFF_LOOPBACK|IFF_POINTOPOINT|IFF_BROADCAST| \
#23 7.461       | 
#23 7.505     CC       link_vti6.o
#23 7.515 In file included from ../include/uapi/linux/if_tunnel.h:6,
#23 7.515                  from link_vti6.c:17:
#23 7.515 ../include/uapi/linux/if.h:134: warning: "IFF_VOLATILE" redefined
#23 7.515   134 | #define IFF_VOLATILE    (IFF_LOOPBACK|IFF_POINTOPOINT|IFF_BROADCAST|IFF_ECHO|\
#23 7.515       | 
#23 7.515 In file included from link_vti6.c:11:
#23 7.515 /usr/include/net/if.h:48: note: this is the location of the previous definition
#23 7.515    48 | #define IFF_VOLATILE (IFF_LOOPBACK|IFF_POINTOPOINT|IFF_BROADCAST| \
#23 7.515       | 
#23 7.559     CC       link_xfrm.o
#23 7.593     CC       iplink_vxlan.o
#23 7.739     CC       tcp_metrics.o
#23 7.838     CC       iplink_ipoib.o
#23 7.878     CC       ipnetconf.o
#23 7.931     CC       link_ip6tnl.o
#23 7.941 In file included from ../include/uapi/linux/if_tunnel.h:6,
#23 7.941                  from link_ip6tnl.c:15:
#23 7.941 ../include/uapi/linux/if.h:134: warning: "IFF_VOLATILE" redefined
#23 7.941   134 | #define IFF_VOLATILE    (IFF_LOOPBACK|IFF_POINTOPOINT|IFF_BROADCAST|IFF_ECHO|\
#23 7.941       | 
#23 7.941 In file included from link_ip6tnl.c:9:
#23 7.941 /usr/include/net/if.h:48: note: this is the location of the previous definition
#23 7.941    48 | #define IFF_VOLATILE (IFF_LOOPBACK|IFF_POINTOPOINT|IFF_BROADCAST| \
#23 7.941       | 
#23 8.024     CC       link_iptnl.o
#23 8.035 In file included from ../include/uapi/linux/if_tunnel.h:6,
#23 8.035                  from link_iptnl.c:16:
#23 8.035 ../include/uapi/linux/if.h:134: warning: "IFF_VOLATILE" redefined
#23 8.035   134 | #define IFF_VOLATILE    (IFF_LOOPBACK|IFF_POINTOPOINT|IFF_BROADCAST|IFF_ECHO|\
#23 8.035       | 
#23 8.035 In file included from link_iptnl.c:9:
#23 8.035 /usr/include/net/if.h:48: note: this is the location of the previous definition
#23 8.035    48 | #define IFF_VOLATILE (IFF_LOOPBACK|IFF_POINTOPOINT|IFF_BROADCAST| \
#23 8.035       | 
#23 8.119     CC       link_gre6.o
#23 8.130 In file included from ../include/uapi/linux/if_tunnel.h:6,
#23 8.130                  from link_gre6.c:15:
#23 8.130 ../include/uapi/linux/if.h:134: warning: "IFF_VOLATILE" redefined
#23 8.130   134 | #define IFF_VOLATILE    (IFF_LOOPBACK|IFF_POINTOPOINT|IFF_BROADCAST|IFF_ECHO|\
#23 8.130       | 
#23 8.130 In file included from link_gre6.c:9:
#23 8.130 /usr/include/net/if.h:48: note: this is the location of the previous definition
#23 8.130    48 | #define IFF_VOLATILE (IFF_LOOPBACK|IFF_POINTOPOINT|IFF_BROADCAST| \
#23 8.130       | 
#23 8.242     CC       iplink_bond.o
#23 8.411     CC       iplink_bond_slave.o
#23 8.465     CC       iplink_hsr.o
#23 8.508     CC       iplink_bridge.o
#23 8.671     CC       iplink_bridge_slave.o
#23 8.765     CC       iplink_dsa.o
#23 8.796     CC       ipfou.o
#23 8.872     CC       iplink_ipvlan.o
#23 8.912     CC       iplink_geneve.o
#23 8.999     CC       iplink_vrf.o
#23 9.047     CC       iproute_lwtunnel.o
#23 9.421     CC       ipmacsec.o
#23 9.649     CC       ipila.o
#23 9.720     CC       ipvrf.o
#23 9.825     CC       iplink_xstats.o
#23 9.854     CC       ipseg6.o
#23 9.904     CC       iplink_netdevsim.o
#23 9.926     CC       iplink_rmnet.o
#23 9.956     CC       ipnexthop.o
#23 10.17     CC       ipmptcp.o
#23 10.29     CC       iplink_bareudp.o
#23 10.34     CC       iplink_wwan.o
#23 10.37     CC       ipioam6.o
#23 10.44     CC       iplink_amt.o
#23 10.49     CC       iplink_batadv.o
#23 10.52     CC       iplink_gtp.o
#23 10.57     CC       iplink_virt_wifi.o
#23 10.59     CC       iplink_netkit.o
#23 10.63     CC       ipstats.o
#23 10.83     LINK     ip
#23 10.87     CC       rtmon.o
#23 10.93     LINK     rtmon
#23 10.94 
#23 10.94 tc
#23 10.94     CC       tc.o
#23 11.02     CC       tc_qdisc.o
#23 11.13     CC       tc_class.o
#23 11.24     CC       tc_filter.o
#23 11.40     CC       tc_util.o
#23 11.59     CC       tc_monitor.o
#23 11.62     CC       tc_exec.o
#23 11.66     CC       m_police.o
#23 11.74     CC       m_estimator.o
#23 11.77     CC       m_action.o
#23 11.93     CC       m_ematch.o
#23 12.05     YACC     emp_ematch.tab.c
#23 12.12     CC       emp_ematch.tab.o
#23 12.23     LEX      emp_ematch.lex.c
#23 12.23     CC       emp_ematch.lex.o
#23 12.41     CC       q_fifo.o
#23 12.44     CC       q_sfq.o
#23 12.51     CC       q_red.o
#23 12.58     CC       q_prio.o
#23 12.63     CC       q_skbprio.o
#23 12.66     CC       q_tbf.o
#23 12.76     CC       q_multiq.o
#23 12.79     CC       q_netem.o
#23 13.02     CC       q_choke.o
#23 13.08     CC       q_sfb.o
#23 13.14     CC       f_u32.o
#23 13.42     CC       f_route.o
#23 13.48     CC       f_fw.o
#23 13.53     CC       f_basic.o
#23 13.57     CC       f_bpf.o
#23 13.65     CC       f_flow.o
#23 13.73     CC       f_cgroup.o
#23 13.77     CC       f_flower.o
#23 13.78 In file included from ../include/uapi/linux/netdevice.h:29,
#23 13.78                  from ../include/uapi/linux/if_arp.h:27,
#23 13.78                  from f_flower.c:14:
#23 13.78 ../include/uapi/linux/if.h:134: warning: "IFF_VOLATILE" redefined
#23 13.78   134 | #define IFF_VOLATILE    (IFF_LOOPBACK|IFF_POINTOPOINT|IFF_BROADCAST|IFF_ECHO|\
#23 13.78       | 
#23 13.78 In file included from f_flower.c:12:
#23 13.78 /usr/include/net/if.h:48: note: this is the location of the previous definition
#23 13.78    48 | #define IFF_VOLATILE (IFF_LOOPBACK|IFF_POINTOPOINT|IFF_BROADCAST| \
#23 13.78       | 
#23 14.25     CC       q_gred.o
#23 14.35     CC       q_ingress.o
#23 14.38     CC       q_hfsc.o
#23 14.47     CC       q_htb.o
#23 14.56     CC       q_drr.o
#23 14.61     CC       q_qfq.o
#23 14.65     CC       m_gact.o
#23 14.69     CC       m_mirred.o
#23 14.76     CC       m_mpls.o
#23 14.83     CC       m_nat.o
#23 14.88     CC       m_pedit.o
#23 15.02     CC       m_ife.o
#23 15.10     CC       m_skbedit.o
#23 15.16     CC       m_skbmod.o
#23 15.23     CC       m_csum.o
#23 15.29     CC       m_simple.o
#23 15.33     CC       m_vlan.o
#23 15.40     CC       m_connmark.o
#23 15.44     CC       m_ctinfo.o
#23 15.49     CC       m_bpf.o
#23 15.55     CC       m_tunnel_key.o
#23 15.66     CC       m_sample.o
#23 15.71     CC       m_ct.o
#23 15.81     CC       m_gate.o
#23 15.91     CC       p_ip.o
#23 15.95     CC       p_ip6.o
#23 15.99     CC       p_icmp.o
#23 16.01     CC       p_eth.o
#23 16.04     CC       p_tcp.o
#23 16.06     CC       p_udp.o
#23 16.09     CC       em_nbyte.o
#23 16.14     CC       em_cmp.o
#23 16.19     CC       em_u32.o
#23 16.24     CC       em_canid.o
#23 16.29     CC       em_meta.o
#23 16.39     CC       q_mqprio.o
#23 16.50     CC       q_codel.o
#23 16.55     CC       q_fq_codel.o
#23 16.63     CC       q_fq.o
#23 16.74     CC       q_pie.o
#23 16.81     CC       q_fq_pie.o
#23 16.88     CC       q_cake.o
#23 17.06     CC       q_hhf.o
#23 17.12     CC       q_clsact.o
#23 17.14     CC       e_bpf.o
#23 17.20     CC       f_matchall.o
#23 17.24     CC       q_cbs.o
#23 17.29     CC       q_etf.o
#23 17.34     CC       q_taprio.o
#23 17.45     CC       q_plug.o
#23 17.49     CC       q_ets.o
#23 17.57     CC       em_ipt.o
#23 17.59 In file included from tc_util.h:7,
#23 17.59                  from m_ematch.h:11,
#23 17.59                  from em_ipt.c:13:
#23 17.59 ../include/uapi/linux/if.h:134: warning: "IFF_VOLATILE" redefined
#23 17.59   134 | #define IFF_VOLATILE    (IFF_LOOPBACK|IFF_POINTOPOINT|IFF_BROADCAST|IFF_ECHO|\
#23 17.59       | 
#23 17.59 In file included from ../include/xtables.h:17,
#23 17.59                  from em_ipt.c:12:
#23 17.59 /usr/include/net/if.h:48: note: this is the location of the previous definition
#23 17.59    48 | #define IFF_VOLATILE (IFF_LOOPBACK|IFF_POINTOPOINT|IFF_BROADCAST| \
#23 17.59       | 
#23 17.62     CC       em_ipset.o
#23 17.64 In file included from tc_util.h:7,
#23 17.64                  from m_ematch.h:11,
#23 17.64                  from em_ipset.c:39:
#23 17.64 ../include/uapi/linux/if.h:134: warning: "IFF_VOLATILE" redefined
#23 17.64   134 | #define IFF_VOLATILE    (IFF_LOOPBACK|IFF_POINTOPOINT|IFF_BROADCAST|IFF_ECHO|\
#23 17.64       | 
#23 17.64 In file included from ../include/xtables.h:17,
#23 17.64                  from em_ipset.c:23:
#23 17.64 /usr/include/net/if.h:48: note: this is the location of the previous definition
#23 17.64    48 | #define IFF_VOLATILE (IFF_LOOPBACK|IFF_POINTOPOINT|IFF_BROADCAST| \
#23 17.64       | 
#23 17.68     CC       tc_core.o
#23 17.75     CC       tc_red.o
#23 17.79     CC       tc_estimator.o
#23 17.82     CC       tc_stab.o
#23 17.88     CC       tc_qevent.o
#23 17.93     AR       libtc.a
#23 17.94     LINK     tc
#23 17.97 rm emp_ematch.lex.c
#23 17.97 
#23 17.97 bridge
#23 17.97     CC       bridge.o
#23 18.02     CC       fdb.o
#23 18.20     CC       monitor.o
#23 18.25     CC       link.o
#23 18.41     CC       mdb.o
#23 18.61     CC       vlan.o
#23 18.62 In file included from vlan.c:14:
#23 18.62 ../include/json_print.h:80:30: warning: 'struct timeval' declared inside parameter list will not be visible outside of this definition or declaration
#23 18.62    80 | _PRINT_FUNC(tv, const struct timeval *)
#23 18.62       |                              ^~~~~~~
#23 18.62 ../include/json_print.h:50:37: note: in definition of macro '_PRINT_FUNC'
#23 18.62    50 |                                     type value);                        \
#23 18.62       |                                     ^~~~
#23 18.62 ../include/json_print.h:80:30: warning: 'struct timeval' declared inside parameter list will not be visible outside of this definition or declaration
#23 18.62    80 | _PRINT_FUNC(tv, const struct timeval *)
#23 18.62       |                              ^~~~~~~
#23 18.62 ../include/json_print.h:55:45: note: in definition of macro '_PRINT_FUNC'
#23 18.62    55 |                                             type value)                 \
#23 18.62       |                                             ^~~~
#23 18.62 ../include/json_print.h: In function 'print_tv':
#23 18.62 ../include/json_print.h:58:48: warning: passing argument 5 of 'print_color_tv' from incompatible pointer type [-Wincompatible-pointer-types]
#23 18.62    58 |                                                value);                  \
#23 18.62       |                                                ^~~~~
#23 18.62       |                                                |
#23 18.62       |                                                const struct timeval *
#23 18.62 ../include/json_print.h:80:1: note: in expansion of macro '_PRINT_FUNC'
#23 18.62    80 | _PRINT_FUNC(tv, const struct timeval *)
#23 18.62       | ^~~~~~~~~~~
#23 18.62 ../include/json_print.h:50:42: note: expected 'const struct timeval *' but argument is of type 'const struct timeval *'
#23 18.62    50 |                                     type value);                        \
#23 18.62       |                                          ^
#23 18.62 ../include/json_print.h:80:1: note: in expansion of macro '_PRINT_FUNC'
#23 18.62    80 | _PRINT_FUNC(tv, const struct timeval *)
#23 18.62       | ^~~~~~~~~~~
#23 18.85     CC       vni.o
#23 18.87 In file included from vni.c:19:
#23 18.87 ../include/json_print.h:80:30: warning: 'struct timeval' declared inside parameter list will not be visible outside of this definition or declaration
#23 18.87    80 | _PRINT_FUNC(tv, const struct timeval *)
#23 18.87       |                              ^~~~~~~
#23 18.87 ../include/json_print.h:50:37: note: in definition of macro '_PRINT_FUNC'
#23 18.87    50 |                                     type value);                        \
#23 18.87       |                                     ^~~~
#23 18.87 ../include/json_print.h:80:30: warning: 'struct timeval' declared inside parameter list will not be visible outside of this definition or declaration
#23 18.87    80 | _PRINT_FUNC(tv, const struct timeval *)
#23 18.87       |                              ^~~~~~~
#23 18.87 ../include/json_print.h:55:45: note: in definition of macro '_PRINT_FUNC'
#23 18.87    55 |                                             type value)                 \
#23 18.87       |                                             ^~~~
#23 18.87 ../include/json_print.h: In function 'print_tv':
#23 18.87 ../include/json_print.h:58:48: warning: passing argument 5 of 'print_color_tv' from incompatible pointer type [-Wincompatible-pointer-types]
#23 18.87    58 |                                                value);                  \
#23 18.87       |                                                ^~~~~
#23 18.87       |                                                |
#23 18.87       |                                                const struct timeval *
#23 18.87 ../include/json_print.h:80:1: note: in expansion of macro '_PRINT_FUNC'
#23 18.87    80 | _PRINT_FUNC(tv, const struct timeval *)
#23 18.87       | ^~~~~~~~~~~
#23 18.87 ../include/json_print.h:50:42: note: expected 'const struct timeval *' but argument is of type 'const struct timeval *'
#23 18.87    50 |                                     type value);                        \
#23 18.87       |                                          ^
#23 18.87 ../include/json_print.h:80:1: note: in expansion of macro '_PRINT_FUNC'
#23 18.87    80 | _PRINT_FUNC(tv, const struct timeval *)
#23 18.87       | ^~~~~~~~~~~
#23 18.94     LINK     bridge
#23 18.95 
#23 18.95 misc
#23 18.95     CC       ss.o
#23 18.98 In file included from ../include/uapi/linux/tipc.h:42,
#23 18.98                  from ss.c:49:
#23 18.98 ../include/uapi/linux/sockios.h:42: warning: "SIOCGSTAMP" redefined
#23 18.98    42 | #define SIOCGSTAMP      SIOCGSTAMP_OLD
#23 18.98       | 
#23 18.98 In file included from /usr/include/sys/ioctl.h:10,
#23 18.98                  from ss.c:12:
#23 18.98 /usr/include/bits/ioctl.h:111: note: this is the location of the previous definition
#23 18.98   111 | #define SIOCGSTAMP      0x8906
#23 18.98       | 
#23 18.98 ../include/uapi/linux/sockios.h:43: warning: "SIOCGSTAMPNS" redefined
#23 18.98    43 | #define SIOCGSTAMPNS    SIOCGSTAMPNS_OLD
#23 18.98       | 
#23 18.98 /usr/include/bits/ioctl.h:112: note: this is the location of the previous definition
#23 18.98   112 | #define SIOCGSTAMPNS    0x8907
#23 18.98       | 
#23 19.90     CC       ssfilter_check.o
#23 19.93     YACC     ssfilter.tab.c
#23 19.99     CC       ssfilter.tab.o
#23 20.10     LINK     ss
#23 20.13     CC       nstat
#23 20.14 In file included from nstat.c:20:
#23 20.14 /usr/include/sys/poll.h:1:2: warning: #warning redirecting incorrect #include <sys/poll.h> to <poll.h> [-Wcpp]
#23 20.14     1 | #warning redirecting incorrect #include <sys/poll.h> to <poll.h>
#23 20.14       |  ^~~~~~~
#23 20.28     CC       ifstat
#23 20.29 In file included from ifstat.c:20:
#23 20.29 /usr/include/sys/poll.h:1:2: warning: #warning redirecting incorrect #include <sys/poll.h> to <poll.h> [-Wcpp]
#23 20.29     1 | #warning redirecting incorrect #include <sys/poll.h> to <poll.h>
#23 20.29       |  ^~~~~~~
#23 20.47     CC       rtacct
#23 20.48 In file included from rtacct.c:19:
#23 20.48 /usr/include/sys/poll.h:1:2: warning: #warning redirecting incorrect #include <sys/poll.h> to <poll.h> [-Wcpp]
#23 20.48     1 | #warning redirecting incorrect #include <sys/poll.h> to <poll.h>
#23 20.48       |  ^~~~~~~
#23 20.64     CC       lnstat.o
#23 20.72     CC       lnstat_util.o
#23 20.78     LINK     lnstat
#23 20.79 
#23 20.79 netem
#23 20.79 gcc  -I../include -o maketable maketable.c -lm
#23 20.83 gcc  -I../include -o normal normal.c -lm
#23 20.85 gcc  -I../include -o pareto pareto.c -lm
#23 20.88 gcc  -I../include -o paretonormal paretonormal.c -lm
#23 20.91 ./normal > normal.dist
#23 20.92 ./pareto > pareto.dist
#23 20.92 ./paretonormal > paretonormal.dist
#23 20.93 ./maketable experimental.dat > experimental.dist
#23 20.93 
#23 20.93 genl
#23 20.94     CC       genl.o
#23 20.98     CC       ctrl.o
#23 21.05     LINK     genl
#23 21.06 
#23 21.06 man
#23 21.06 make[2]: Nothing to be done for 'all'.
#23 21.06 make[2]: Nothing to be done for 'all'.
#23 21.06 sed \
#23 21.06 	-e "s|@NETNS_ETC_DIR@|/etc/netns|g" \
#23 21.06 	-e "s|@NETNS_RUN_DIR@|/var/run/netns|g" \
#23 21.06 	-e "s|@SYSCONF_ETC_DIR@|/etc/iproute2|g" \
#23 21.06 	-e "s|@SYSCONF_USR_DIR@|/usr/share/iproute2|g" \
#23 21.06 	ip-address.8.in > ip-address.8
#23 21.07 sed \
#23 21.07 	-e "s|@NETNS_ETC_DIR@|/etc/netns|g" \
#23 21.07 	-e "s|@NETNS_RUN_DIR@|/var/run/netns|g" \
#23 21.07 	-e "s|@SYSCONF_ETC_DIR@|/etc/iproute2|g" \
#23 21.07 	-e "s|@SYSCONF_USR_DIR@|/usr/share/iproute2|g" \
#23 21.07 	ip-link.8.in > ip-link.8
#23 21.07 sed \
#23 21.07 	-e "s|@NETNS_ETC_DIR@|/etc/netns|g" \
#23 21.07 	-e "s|@NETNS_RUN_DIR@|/var/run/netns|g" \
#23 21.07 	-e "s|@SYSCONF_ETC_DIR@|/etc/iproute2|g" \
#23 21.07 	-e "s|@SYSCONF_USR_DIR@|/usr/share/iproute2|g" \
#23 21.07 	ip-netns.8.in > ip-netns.8
#23 21.07 sed \
#23 21.07 	-e "s|@NETNS_ETC_DIR@|/etc/netns|g" \
#23 21.07 	-e "s|@NETNS_RUN_DIR@|/var/run/netns|g" \
#23 21.07 	-e "s|@SYSCONF_ETC_DIR@|/etc/iproute2|g" \
#23 21.07 	-e "s|@SYSCONF_USR_DIR@|/usr/share/iproute2|g" \
#23 21.07 	ip-route.8.in > ip-route.8
#23 21.08 
#23 21.08 tipc
#23 21.08     CC       bearer.o
#23 21.26     CC       cmdl.o
#23 21.30     CC       link.o
#23 21.51     CC       media.o
#23 21.57     CC       misc.o
#23 21.63     CC       msg.o
#23 21.65     CC       nametable.o
#23 21.68     CC       node.o
#23 21.77     CC       socket.o
#23 21.81     CC       peer.o
#23 21.84     CC       tipc.o
#23 21.87     LINK     tipc
#23 21.89 
#23 21.89 devlink
#23 21.89     CC       devlink.o
#23 23.57     CC       mnlg.o
#23 23.62     LINK     devlink
#23 23.63 
#23 23.63 rdma
#23 23.63     CC       rdma.o
#23 23.65 rdma.c: In function 'main':
#23 23.65 rdma.c:110:20: warning: implicit declaration of function 'basename'; did you mean 'rename'? [-Wimplicit-function-declaration]
#23 23.65   110 |         filename = basename(argv[0]);
#23 23.65       |                    ^~~~~~~~
#23 23.65       |                    rename
#23 23.65 rdma.c:110:18: warning: assignment to 'char *' from 'int' makes pointer from integer without a cast [-Wint-conversion]
#23 23.65   110 |         filename = basename(argv[0]);
#23 23.65       |                  ^
#23 23.68     CC       utils.o
#23 23.85     CC       dev.o
#23 23.92     CC       link.o
#23 24.00     CC       res.o
#23 24.11     CC       res-pd.o
#23 24.16     CC       res-mr.o
#23 24.20     CC       res-cq.o
#23 24.25     CC       res-cmid.o
#23 24.31     CC       res-qp.o
#23 24.37     CC       sys.o
#23 24.42     CC       stat.o
#23 24.66     CC       stat-mr.o
#23 24.70     CC       res-ctx.o
#23 24.75     CC       res-srq.o
#23 24.83     LINK     rdma
#23 24.84 
#23 24.84 dcb
#23 24.84     CC       dcb.o
#23 24.96     CC       dcb_app.o
#23 25.16     CC       dcb_buffer.o
#23 25.23     CC       dcb_dcbx.o
#23 25.28     CC       dcb_ets.o
#23 25.37     CC       dcb_maxrate.o
#23 25.43     CC       dcb_pfc.o
#23 25.50     CC       dcb_apptrust.o
#23 25.56     CC       dcb_rewr.o
#23 25.64     LINK     dcb
#23 25.65 
#23 25.65 vdpa
#23 25.65     CC       vdpa.o
#23 25.66 In file included from vdpa.c:19:
#23 25.66 ../include/json_print.h:80:30: warning: 'struct timeval' declared inside parameter list will not be visible outside of this definition or declaration
#23 25.66    80 | _PRINT_FUNC(tv, const struct timeval *)
#23 25.66       |                              ^~~~~~~
#23 25.66 ../include/json_print.h:50:37: note: in definition of macro '_PRINT_FUNC'
#23 25.66    50 |                                     type value);                        \
#23 25.66       |                                     ^~~~
#23 25.66 ../include/json_print.h:80:30: warning: 'struct timeval' declared inside parameter list will not be visible outside of this definition or declaration
#23 25.66    80 | _PRINT_FUNC(tv, const struct timeval *)
#23 25.66       |                              ^~~~~~~
#23 25.66 ../include/json_print.h:55:45: note: in definition of macro '_PRINT_FUNC'
#23 25.66    55 |                                             type value)                 \
#23 25.66       |                                             ^~~~
#23 25.66 ../include/json_print.h: In function 'print_tv':
#23 25.66 ../include/json_print.h:58:48: warning: passing argument 5 of 'print_color_tv' from incompatible pointer type [-Wincompatible-pointer-types]
#23 25.66    58 |                                                value);                  \
#23 25.66       |                                                ^~~~~
#23 25.66       |                                                |
#23 25.66       |                                                const struct timeval *
#23 25.66 ../include/json_print.h:80:1: note: in expansion of macro '_PRINT_FUNC'
#23 25.66    80 | _PRINT_FUNC(tv, const struct timeval *)
#23 25.66       | ^~~~~~~~~~~
#23 25.66 ../include/json_print.h:50:42: note: expected 'const struct timeval *' but argument is of type 'const struct timeval *'
#23 25.66    50 |                                     type value);                        \
#23 25.66       |                                          ^
#23 25.66 ../include/json_print.h:80:1: note: in expansion of macro '_PRINT_FUNC'
#23 25.66    80 | _PRINT_FUNC(tv, const struct timeval *)
#23 25.66       | ^~~~~~~~~~~
#23 25.81     LINK     vdpa
#23 DONE 25.9s

#24 [20/22] RUN git clone --no-single-branch --depth=1 https://github.com/linux-netdev/testing.git /nipa-data/kernel
#24 0.353 Cloning into '/nipa-data/kernel'...
#24 32.00 Updating files:  16% (13410/83283)Updating files:  17% (14159/83283)Updating files:  18% (14991/83283)Updating files:  19% (15824/83283)Updating files:  20% (16657/83283)Updating files:  21% (17490/83283)Updating files:  22% (18323/83283)Updating files:  23% (19156/83283)Updating files:  24% (19988/83283)Updating files:  25% (20821/83283)Updating files:  26% (21654/83283)Updating files:  27% (22487/83283)Updating files:  28% (23320/83283)Updating files:  29% (24153/83283)Updating files:  30% (24985/83283)Updating files:  31% (25818/83283)Updating files:  31% (26365/83283)Updating files:  32% (26651/83283)Updating files:  33% (27484/83283)Updating files:  34% (28317/83283)Updating files:  35% (29150/83283)Updating files:  36% (29982/83283)Updating files:  37% (30815/83283)Updating files:  38% (31648/83283)Updating files:  39% (32481/83283)Updating files:  40% (33314/83283)Updating files:  40% (33476/83283)Updating files:  41% (34147/83283)Updating files:  42% (34979/83283)Updating files:  43% (35812/83283)Updating files:  44% (36645/83283)Updating files:  45% (37478/83283)Updating files:  46% (38311/83283)Updating files:  46% (38558/83283)Updating files:  47% (39144/83283)Updating files:  48% (39976/83283)Updating files:  49% (40809/83283)Updating files:  50% (41642/83283)Updating files:  51% (42475/83283)Updating files:  52% (43308/83283)Updating files:  53% (44140/83283)Updating files:  54% (44973/83283)Updating files:  55% (45806/83283)Updating files:  56% (46639/83283)Updating files:  57% (47472/83283)Updating files:  58% (48305/83283)Updating files:  58% (48444/83283)Updating files:  59% (49137/83283)Updating files:  60% (49970/83283)Updating files:  61% (50803/83283)Updating files:  62% (51636/83283)Updating files:  63% (52469/83283)Updating files:  64% (53302/83283)Updating files:  65% (54134/83283)Updating files:  66% (54967/83283)Updating files:  67% (55800/83283)Updating files:  68% (56633/83283)Updating files:  69% (57466/83283)Updating files:  70% (58299/83283)Updating files:  71% (59131/83283)Updating files:  72% (59964/83283)Updating files:  72% (60025/83283)Updating files:  73% (60797/83283)Updating files:  74% (61630/83283)Updating files:  75% (62463/83283)Updating files:  76% (63296/83283)Updating files:  77% (64128/83283)Updating files:  78% (64961/83283)Updating files:  79% (65794/83283)Updating files:  80% (66627/83283)Updating files:  81% (67460/83283)Updating files:  82% (68293/83283)Updating files:  83% (69125/83283)Updating files:  84% (69958/83283)Updating files:  85% (70791/83283)Updating files:  86% (71624/83283)Updating files:  87% (72457/83283)Updating files:  88% (73290/83283)Updating files:  89% (74122/83283)Updating files:  90% (74955/83283)Updating files:  90% (75027/83283)Updating files:  91% (75788/83283)Updating files:  92% (76621/83283)Updating files:  93% (77454/83283)Updating files:  94% (78287/83283)Updating files:  95% (79119/83283)Updating files:  96% (79952/83283)Updating files:  97% (80785/83283)Updating files:  98% (81618/83283)Updating files:  99% (82451/83283)Updating files: 100% (83283/83283)Updating files: 100% (83283/83283), done.
#24 DONE 40.2s

#25 [21/22] RUN git clone --depth=1 -b dev https://github.com/p4tc-dev/new-nipa.git nipa
#25 0.362 Cloning into 'nipa'...
#25 DONE 1.3s

#26 [22/22] COPY entrypoint.sh /entrypoint.sh
#26 DONE 0.0s

#27 exporting to image
#27 exporting layers
#27 exporting layers 7.1s done
#27 writing image sha256:d7c3da445af25d82c3b907214716acaf6b1bbc65eef6b3fa5f2638cafede46bf done
#27 naming to docker.io/library/nipa-executor done
#27 DONE 7.1s
=== >>> DEBUG KERNEL <<< ===
NIPA version: 9d4ceb4 (fetcher: support local kernel patches, 2024-02-05)
INFO: Last run date: 2024-03-07 00:00:08.475569+00:00
Testing  {'branch': 'net-next-2024-03-07--03-00', 'date': '2024-03-07T03:00:17.515494+00:00', 'base': 'a590419e7f9690859c424174d558b717e777bba2', 'url': 'https://github.com/linux-netdev/testing.git net-next-2024-03-07--03-00'}
branch 'net-next-2024-03-07--03-00' set up to track 'origin/net-next-2024-03-07--03-00'.
Switched to a new branch 'net-next-2024-03-07--03-00'
error: No valid patches in input (allow with "--allow-empty")
Checking patch tools/testing/selftests/tc-testing/tdc_config.py...
Applied patch tools/testing/selftests/tc-testing/tdc_config.py cleanly.
Run at 2024-03-07 03:23:37.703395
INFO: building kernel
INFO: starting VM 0
INFO: thr0-1 VM starting: vng -v -r arch/x86/boot/bzImage --user root --rwdir=/nipa-data/kernel/
INFO: thr0-1 expecting prompt: '/nipa-data/kernel# '
INFO: thr0-1 reached initial prompt
INFO: thr-0 testing == tdc.sh
INFO: thr-0 tdc.sh >> retcode: 0 result: pass found {'fail': False, 'skip': False, 'pass': True}
INFO: thr-0 has no more work, exiting
INFO: thr0-1 VM stopped
Done at 2024-03-07 03:28:16.731279
NIPA quitting!
/
~/nipa/tc-executor/tc-executor-storage /
