~/nipa/tc-executor/tc-executor-storage /
Switched to branch 'storage'
Your branch is ahead of 'origin/storage' by 1035 commits.
  (use "git push" to publish your local commits)
/
~/nipa/tc-executor /
Error response from daemon: No such image: nipa-executor:latest
#0 building with "default" instance using docker driver

#1 [internal] load .dockerignore
#1 transferring context: 2B done
#1 DONE 0.0s

#2 [internal] load build definition from Dockerfile
#2 transferring dockerfile: 2.05kB done
#2 DONE 0.0s

#3 [internal] load metadata for docker.io/library/alpine:edge
#3 DONE 0.0s

#4 [ 1/22] FROM docker.io/library/alpine:edge
#4 CACHED

#5 [internal] load build context
#5 transferring context: 3.04kB done
#5 DONE 0.0s

#6 [ 2/22] RUN echo false > debug-mode
#6 DONE 1.0s

#7 [ 3/22] RUN addgroup -g 1001 hostuser
#7 DONE 0.3s

#8 [ 4/22] RUN adduser -u 1001 -G hostuser -H -D -s /bin/ash hostuser
#8 DONE 0.4s

#9 [ 5/22] RUN echo '@testing http://dl-cdn.alpinelinux.org/alpine/edge/testing' >> /etc/apk/repositories
#9 DONE 0.3s

#10 [ 6/22] RUN echo '@community http://dl-cdn.alpinelinux.org/alpine/edge/community' >> /etc/apk/repositories
#10 DONE 0.4s

#11 [ 7/22] RUN apk update && apk add --no-cache    virtme-ng@testing    git    py3-requests    py3-psutil    py3-setuptools    py3-pyroute2    py3-argcomplete    qemu-system-x86_64@community    scapy@community    make    gcc    musl-dev    flex    bison    linux-headers    elfutils-dev    util-linux    coreutils    diffutils    findutils    file    bash    kmod    perl    iptables-dev    libcap-dev    libmnl-dev    iproute2     jq    libbpf-dev    rsync    openssl-dev
#11 0.362 fetch https://dl-cdn.alpinelinux.org/alpine/edge/main/x86_64/APKINDEX.tar.gz
#11 0.578 fetch https://dl-cdn.alpinelinux.org/alpine/edge/community/x86_64/APKINDEX.tar.gz
#11 0.774 fetch http://dl-cdn.alpinelinux.org/alpine/edge/testing/x86_64/APKINDEX.tar.gz
#11 0.974 fetch http://dl-cdn.alpinelinux.org/alpine/edge/community/x86_64/APKINDEX.tar.gz
#11 1.180 v20240606-1367-g2f8bff52ecc [https://dl-cdn.alpinelinux.org/alpine/edge/main]
#11 1.180 v20240606-1391-g119c32a606e [https://dl-cdn.alpinelinux.org/alpine/edge/community]
#11 1.180 v20240606-1388-ga118435475a [http://dl-cdn.alpinelinux.org/alpine/edge/testing]
#11 1.180 v20240606-1391-g119c32a606e [http://dl-cdn.alpinelinux.org/alpine/edge/community]
#11 1.180 OK: 31657 distinct packages available
#11 1.230 fetch https://dl-cdn.alpinelinux.org/alpine/edge/main/x86_64/APKINDEX.tar.gz
#11 1.333 fetch https://dl-cdn.alpinelinux.org/alpine/edge/community/x86_64/APKINDEX.tar.gz
#11 1.412 fetch http://dl-cdn.alpinelinux.org/alpine/edge/testing/x86_64/APKINDEX.tar.gz
#11 1.504 fetch http://dl-cdn.alpinelinux.org/alpine/edge/community/x86_64/APKINDEX.tar.gz
#11 1.696 (1/176) Upgrading musl (1.2.4_git20230717-r5 -> 1.2.5-r1)
#11 1.714 (2/176) Upgrading libcrypto3 (3.1.4-r2 -> 3.3.1-r0)
#11 1.748 (3/176) Upgrading libssl3 (3.1.4-r2 -> 3.3.1-r0)
#11 1.767 (4/176) Upgrading zlib (1.3-r2 -> 1.3.1-r1)
#11 1.784 (5/176) Installing ncurses-terminfo-base (6.4_p20240420-r0)
#11 1.798 (6/176) Installing libncursesw (6.4_p20240420-r0)
#11 1.813 (7/176) Installing readline (8.2.10-r0)
#11 1.827 (8/176) Installing bash (5.2.26-r0)
#11 1.846 Executing bash-5.2.26-r0.post-install
#11 1.849 (9/176) Installing m4 (1.4.19-r3)
#11 1.863 (10/176) Installing bison (3.8.2-r1)
#11 1.884 (11/176) Installing coreutils-env (9.5-r1)
#11 1.897 (12/176) Installing coreutils-fmt (9.5-r1)
#11 1.910 (13/176) Installing coreutils-sha512sum (9.5-r1)
#11 1.927 (14/176) Installing libacl (2.3.2-r0)
#11 1.940 (15/176) Installing libattr (2.5.2-r0)
#11 1.953 (16/176) Installing skalibs (2.14.2.0-r0)
#11 1.966 (17/176) Installing utmps-libs (0.1.2.2-r1)
#11 1.978 (18/176) Installing coreutils (9.5-r1)
#11 2.001 (19/176) Installing diffutils (3.10-r0)
#11 2.017 (20/176) Installing zstd-libs (1.5.6-r0)
#11 2.033 (21/176) Installing libelf (0.191-r0)
#11 2.046 (22/176) Installing libbz2 (1.0.8-r6)
#11 2.059 (23/176) Installing musl-fts (1.2.7-r6)
#11 2.071 (24/176) Installing xz-libs (5.6.2-r0)
#11 2.085 (25/176) Installing libdw (0.191-r0)
#11 2.104 (26/176) Installing libasm (0.191-r0)
#11 2.125 (27/176) Installing xz (5.6.2-r0)
#11 2.140 (28/176) Installing pkgconf (2.2.0-r0)
#11 2.154 (29/176) Installing xz-dev (5.6.2-r0)
#11 2.168 (30/176) Installing libgcc (13.2.1_git20240309-r0)
#11 2.182 (31/176) Installing libstdc++ (13.2.1_git20240309-r0)
#11 2.206 (32/176) Installing zstd (1.5.6-r0)
#11 2.224 (33/176) Installing zstd-dev (1.5.6-r0)
#11 2.241 (34/176) Installing zlib-dev (1.3.1-r1)
#11 2.261 (35/176) Installing elfutils-dev (0.191-r0)
#11 2.284 (36/176) Installing libmagic (5.45-r1)
#11 2.310 (37/176) Installing file (5.45-r1)
#11 2.323 (38/176) Installing findutils (4.9.0-r5)
#11 2.338 (39/176) Installing flex (2.6.4-r6)
#11 2.353 (40/176) Installing jansson (2.14-r4)
#11 2.366 (41/176) Installing binutils (2.42-r0)
#11 2.417 (42/176) Installing libgomp (13.2.1_git20240309-r0)
#11 2.432 (43/176) Installing libatomic (13.2.1_git20240309-r0)
#11 2.445 (44/176) Installing gmp (6.3.0-r1)
#11 2.461 (45/176) Installing isl26 (0.26-r1)
#11 2.484 (46/176) Installing mpfr4 (4.2.1-r0)
#11 2.501 (47/176) Installing mpc1 (1.3.1-r1)
#11 2.513 (48/176) Installing gcc (13.2.1_git20240309-r0)
#11 2.949 (49/176) Installing ca-certificates (20240226-r0)
#11 2.971 (50/176) Installing brotli-libs (1.1.0-r2)
#11 2.989 (51/176) Installing c-ares (1.31.0-r0)
#11 3.003 (52/176) Installing libunistring (1.2-r0)
#11 3.022 (53/176) Installing libidn2 (2.3.7-r0)
#11 3.036 (54/176) Installing nghttp2-libs (1.62.1-r0)
#11 3.053 (55/176) Installing libpsl (0.21.5-r1)
#11 3.065 (56/176) Installing libcurl (8.8.0-r0)
#11 3.106 (57/176) Installing libexpat (2.6.2-r0)
#11 3.200 (58/176) Installing pcre2 (10.43-r0)
#11 3.220 (59/176) Installing git (2.45.2-r1)
#11 3.273 (60/176) Installing git-init-template (2.45.2-r1)
#11 3.287 (61/176) Installing libcap2 (2.70-r0)
#11 3.302 (62/176) Installing libmnl (1.0.5-r2)
#11 3.317 (63/176) Installing iproute2-minimal (6.9.0-r0)
#11 3.336 (64/176) Installing libxtables (1.8.10-r3)
#11 3.348 (65/176) Installing iproute2-tc (6.9.0-r0)
#11 3.364 (66/176) Installing iproute2-ss (6.9.0-r0)
#11 3.386 (67/176) Installing iproute2 (6.9.0-r0)
#11 3.409 Executing iproute2-6.9.0-r0.post-install
#11 3.412 (68/176) Installing linux-headers (6.6-r0)
#11 3.489 (69/176) Installing libip4tc (1.8.10-r3)
#11 3.505 (70/176) Installing libip6tc (1.8.10-r3)
#11 3.517 (71/176) Installing libipq (1.8.10-r3)
#11 3.529 (72/176) Installing iptables-dev (1.8.10-r3)
#11 3.542 (73/176) Installing oniguruma (6.9.9-r0)
#11 3.558 (74/176) Installing jq (1.7.1-r0)
#11 3.576 (75/176) Installing kmod (32-r0)
#11 3.591 (76/176) Installing libbpf (1.4.3-r0)
#11 3.605 (77/176) Installing libbpf-dev (1.4.3-r0)
#11 3.624 (78/176) Installing libcap-dev (2.70-r0)
#11 3.637 (79/176) Installing libmnl-dev (1.0.5-r2)
#11 3.650 (80/176) Installing make (4.4.1-r2)
#11 3.664 (81/176) Installing musl-dev (1.2.5-r1)
#11 3.715 (82/176) Installing openssl-dev (3.3.1-r0)
#11 3.754 (83/176) Installing perl (5.40.0-r1)
#11 3.937 (84/176) Installing perl-error (0.17029-r2)
#11 3.950 (85/176) Installing perl-git (2.45.2-r1)
#11 3.965 (86/176) Installing git-perl (2.45.2-r1)
#11 3.978 (87/176) Installing libffi (3.4.6-r0)
#11 3.996 (88/176) Installing gdbm (1.23-r1)
#11 4.009 (89/176) Installing mpdecimal (4.0.0-r0)
#11 4.023 (90/176) Installing libpanelw (6.4_p20240420-r0)
#11 4.036 (91/176) Installing sqlite-libs (3.46.0-r0)
#11 4.065 (92/176) Installing python3 (3.12.3-r1)
#11 4.182 (93/176) Installing python3-pycache-pyc0 (3.12.3-r1)
#11 4.260 (94/176) Installing pyc (3.12.3-r1)
#11 4.280 (95/176) Installing py3-argcomplete-pyc (3.4.0-r0)
#11 4.297 (96/176) Installing python3-pyc (3.12.3-r1)
#11 4.309 (97/176) Installing py3-argcomplete (3.4.0-r0)
#11 4.325 (98/176) Installing py3-psutil (5.9.8-r1)
#11 4.341 (99/176) Installing py3-psutil-pyc (5.9.8-r1)
#11 4.355 (100/176) Installing py3-pyroute2 (0.7.12-r1)
#11 4.385 (101/176) Installing py3-pyroute2-pyc (0.7.12-r1)
#11 4.418 (102/176) Installing py3-certifi (2024.2.2-r1)
#11 4.432 (103/176) Installing py3-certifi-pyc (2024.2.2-r1)
#11 4.444 (104/176) Installing py3-charset-normalizer (3.3.2-r1)
#11 4.459 (105/176) Installing py3-charset-normalizer-pyc (3.3.2-r1)
#11 4.473 (106/176) Installing py3-idna (3.7-r0)
#11 4.488 (107/176) Installing py3-idna-pyc (3.7-r0)
#11 4.503 (108/176) Installing py3-urllib3 (1.26.18-r1)
#11 4.522 (109/176) Installing py3-urllib3-pyc (1.26.18-r1)
#11 4.540 (110/176) Installing py3-requests (2.32.3-r0)
#11 4.555 (111/176) Installing py3-requests-pyc (2.32.3-r0)
#11 4.569 (112/176) Installing py3-parsing (3.1.2-r1)
#11 4.584 (113/176) Installing py3-parsing-pyc (3.1.2-r1)
#11 4.614 (114/176) Installing py3-packaging (24.1-r0)
#11 4.628 (115/176) Installing py3-packaging-pyc (24.1-r0)
#11 4.641 (116/176) Installing py3-setuptools (70.1.1-r0)
#11 4.675 (117/176) Installing py3-setuptools-pyc (70.1.1-r0)
#11 4.713 (118/176) Installing libcap-ng (0.8.5-r0)
#11 4.728 (119/176) Installing libintl (0.22.5-r0)
#11 4.741 (120/176) Installing libeconf (0.6.3-r0)
#11 4.758 (121/176) Installing libblkid (2.40.1-r1)
#11 4.771 (122/176) Installing libmount (2.40.1-r1)
#11 4.786 (123/176) Installing glib (2.80.3-r0)
#11 4.830 (124/176) Installing numactl (2.0.18-r0)
#11 4.843 (125/176) Installing qemu (9.0.1-r0)
#11 4.860 Executing qemu-9.0.1-r0.pre-install
#11 4.931 Executing qemu-9.0.1-r0.post-install
#11 4.935 *
#11 4.935 * If you want to run VM as unprivileged user and let Qemu create tunX devices,
#11 4.935 * then you must add that user to the group "qemu".
#11 4.935 * If you use KVM for hardware-assisted virtualization, then you may also need
#11 4.935 * to add that user to the group "kvm".
#11 4.935 *
#11 4.935 (126/176) Installing qemu-bridge-helper (9.0.1-r0)
#11 4.952 (127/176) Installing libaio (0.3.113-r2)
#11 4.965 (128/176) Installing capstone (5.0.1-r4)
#11 4.997 (129/176) Installing nettle (3.10-r0)
#11 5.014 (130/176) Installing libtasn1 (4.19.0-r2)
#11 5.026 (131/176) Installing p11-kit (0.25.3-r0)
#11 5.045 (132/176) Installing gnutls (3.8.5-r0)
#11 5.068 (133/176) Installing libjpeg-turbo (3.0.3-r0)
#11 5.102 (134/176) Installing lzo (2.10-r5)
#11 5.122 (135/176) Installing pixman (0.43.2-r0)
#11 5.139 (136/176) Installing libpng (1.6.43-r0)
#11 5.153 (137/176) Installing libsasl (2.1.28-r7)
#11 5.167 (138/176) Installing libseccomp (2.5.5-r1)
#11 5.181 (139/176) Installing libslirp (4.8.0-r0)
#11 5.194 (140/176) Installing snappy (1.1.10-r2)
#11 5.207 (141/176) Installing vde2-libs (2.3.3-r3)
#11 5.225 (142/176) Installing qemu-system-x86_64 (9.0.1-r0)
#11 5.321 (143/176) Installing lz4-libs (1.9.4-r5)
#11 5.334 (144/176) Installing popt (1.19-r3)
#11 5.353 (145/176) Installing libxxhash (0.8.2-r2)
#11 5.366 (146/176) Installing rsync (3.3.0-r0)
#11 5.382 (147/176) Installing scapy (2.5.0-r3)
#11 5.433 Executing scapy-2.5.0-r3.post-install
#11 5.436 *
#11 5.436 * Certain optional features of scapy also depend on the following packages:
#11 5.436 *     py3-matplotlib graphviz imagemagick py3-cryptography sox
#11 5.436 * And the following unpackaged dependencies:
#11 5.436 *     pyxi vpython-jupyter nmap<v4.23
#11 5.436 * More information can be found at https://scapy.readthedocs.io/en/latest/installation.html#optional-dependencies
#11 5.436 *
#11 5.436 (148/176) Installing scapy-pyc (2.5.0-r3)
#11 5.491 (149/176) Installing util-linux (2.40.1-r1)
#11 5.505 (150/176) Installing dmesg (2.40.1-r1)
#11 5.523 (151/176) Installing setarch (2.40.1-r1)
#11 5.536 (152/176) Installing libuuid (2.40.1-r1)
#11 5.550 (153/176) Installing libfdisk (2.40.1-r1)
#11 5.565 (154/176) Installing libsmartcols (2.40.1-r1)
#11 5.581 (155/176) Installing util-linux-misc (2.40.1-r1)
#11 5.609 (156/176) Installing linux-pam (1.6.0-r0)
#11 5.629 (157/176) Installing runuser (2.40.1-r1)
#11 5.641 (158/176) Installing mount (2.40.1-r1)
#11 5.655 (159/176) Installing losetup (2.40.1-r1)
#11 5.667 (160/176) Installing hexdump (2.40.1-r1)
#11 5.680 (161/176) Installing uuidgen (2.40.1-r1)
#11 5.692 (162/176) Installing blkid (2.40.1-r1)
#11 5.704 (163/176) Installing sfdisk (2.40.1-r1)
#11 5.717 (164/176) Installing mcookie (2.40.1-r1)
#11 5.729 (165/176) Installing agetty (2.40.1-r1)
#11 5.741 (166/176) Installing wipefs (2.40.1-r1)
#11 5.752 (167/176) Installing cfdisk (2.40.1-r1)
#11 5.766 (168/176) Installing umount (2.40.1-r1)
#11 5.782 (169/176) Installing flock (2.40.1-r1)
#11 5.795 (170/176) Installing lsblk (2.40.1-r1)
#11 5.807 (171/176) Installing setpriv (2.40.1-r1)
#11 5.819 (172/176) Installing logger (2.40.1-r1)
#11 5.832 (173/176) Installing partx (2.40.1-r1)
#11 5.845 (174/176) Installing fstrim (2.40.1-r1)
#11 5.858 (175/176) Installing findmnt (2.40.1-r1)
#11 5.871 (176/176) Installing virtme-ng@testing (1.25-r0)
#11 5.925 Executing busybox-1.36.1-r17.trigger
#11 5.929 Executing ca-certificates-20240226-r0.trigger
#11 5.950 Executing glib-2.80.3-r0.trigger
#11 5.956 OK: 385 MiB in 187 packages
#11 DONE 6.3s

#12 [ 8/22] RUN mkdir -p /tmp/kernel-patches &&     mkdir -p /tmp/iproute2-patches
#12 DONE 0.3s

#13 [ 9/22] COPY tdc.config /tmp
#13 DONE 0.0s

#14 [10/22] COPY tdc-debug.config /tmp
#14 DONE 0.1s

#15 [11/22] COPY kernel-patches /tmp/kernel-patches/
#15 DONE 0.0s

#16 [12/22] COPY iproute2-patches /tmp/iproute2-patches/
#16 DONE 0.0s

#17 [13/22] COPY configs /tmp/configs/
#17 DONE 0.0s

#18 [14/22] RUN git config --global user.email foo@bar.com
#18 DONE 0.3s

#19 [15/22] RUN git config --global user.name foo@bar.com
#19 DONE 0.3s

#20 [16/22] RUN git clone https://git.kernel.org/pub/scm/network/iproute2/iproute2-next.git /nipa-data/iproute2
#20 0.319 Cloning into '/nipa-data/iproute2'...
#20 DONE 1.8s

#21 [17/22] RUN cd /nipa-data/iproute2 && 	git remote add stable https://git.kernel.org/pub/scm/network/iproute2/iproute2.git && 	git fetch --all && 	git merge stable/main
#21 0.331 Fetching origin
#21 0.611 Fetching stable
#21 1.105 From https://git.kernel.org/pub/scm/network/iproute2/iproute2
#21 1.105  * [new branch]        codeql         -> stable/codeql
#21 1.105  * [new branch]        iproute2-4.1.x -> stable/iproute2-4.1.x
#21 1.106  * [new branch]        main           -> stable/main
#21 1.134 Merge made by the 'ort' strategy.
#21 1.153  devlink/devlink.c | 4 ++--
#21 1.153  1 file changed, 2 insertions(+), 2 deletions(-)
#21 DONE 1.2s

#22 [18/22] RUN if [ "$(find /tmp/iproute2-patches/ -name *.patch)" ]; then  	cd /nipa-data/iproute2; 	git apply /tmp/iproute2-patches/*.patch;     fi
#22 DONE 0.3s

#23 [19/22] RUN cd /nipa-data/iproute2/ &&     ./configure &&     make
#23 0.332 TC schedulers
#23 0.334  IPT	using xtables
#23 0.360  IPSET  yes
#23 0.379 
#23 0.379 lib directory: /usr/lib
#23 0.379 libc has setns: yes
#23 0.399 libc has name_to_handle_at: yes
#23 0.419 SELinux support: no
#23 0.420 libtirpc support: no
#23 0.421 libbpf support: yes
#23 0.483 	libbpf version 1.4.3
#23 0.483 ELF support: yes
#23 0.485 libmnl support: yes
#23 0.486 Berkeley DB: no
#23 0.495 need for strlcpy: no
#23 0.514 libcap support: yes
#23 0.515 color output: never
#23 0.518 
#23 0.518 lib
#23 0.520     CC       libgenl.o
#23 0.531 In file included from ../include/libgenl.h:5,
#23 0.531                  from libgenl.c:12:
#23 0.531 ../include/libnetlink.h: In function 'rta_getattr_be64':
#23 0.531 ../include/libnetlink.h:280:16: warning: implicit declaration of function 'htobe64' [-Wimplicit-function-declaration]
#23 0.531   280 |         return htobe64(rta_getattr_u64(rta));
#23 0.531       |                ^~~~~~~
#23 0.556     CC       libnetlink.o
#23 0.824     CC       mnl_utils.o
#23 0.835 In file included from mnl_utils.c:12:
#23 0.835 ../include/libnetlink.h: In function 'rta_getattr_be64':
#23 0.835 ../include/libnetlink.h:280:16: warning: implicit declaration of function 'htobe64' [-Wimplicit-function-declaration]
#23 0.835   280 |         return htobe64(rta_getattr_u64(rta));
#23 0.835       |                ^~~~~~~
#23 0.892     AR       libnetlink.a
#23 0.894     CC       utils.o
#23 1.228     CC       utils_math.o
#23 1.263     CC       rt_names.o
#23 1.406     CC       ll_map.o
#23 1.417 In file included from ll_map.c:17:
#23 1.417 ../include/libnetlink.h: In function 'rta_getattr_be64':
#23 1.417 ../include/libnetlink.h:280:16: warning: implicit declaration of function 'htobe64' [-Wimplicit-function-declaration]
#23 1.417   280 |         return htobe64(rta_getattr_u64(rta));
#23 1.417       |                ^~~~~~~
#23 1.486     CC       ll_types.o
#23 1.497 In file included from ll_types.c:20:
#23 1.497 ../include/uapi/linux/sockios.h:42: warning: "SIOCGSTAMP" redefined
#23 1.497    42 | #define SIOCGSTAMP      SIOCGSTAMP_OLD
#23 1.497       | 
#23 1.497 In file included from /usr/include/sys/ioctl.h:10,
#23 1.497                  from ll_types.c:12:
#23 1.497 /usr/include/bits/ioctl.h:111: note: this is the location of the previous definition
#23 1.497   111 | #define SIOCGSTAMP      0x8906
#23 1.497       | 
#23 1.497 ../include/uapi/linux/sockios.h:43: warning: "SIOCGSTAMPNS" redefined
#23 1.497    43 | #define SIOCGSTAMPNS    SIOCGSTAMPNS_OLD
#23 1.497       | 
#23 1.497 /usr/include/bits/ioctl.h:112: note: this is the location of the previous definition
#23 1.497   112 | #define SIOCGSTAMPNS    0x8907
#23 1.497       | 
#23 1.510     CC       ll_proto.o
#23 1.521 In file included from ll_proto.c:21:
#23 1.521 ../include/uapi/linux/sockios.h:42: warning: "SIOCGSTAMP" redefined
#23 1.521    42 | #define SIOCGSTAMP      SIOCGSTAMP_OLD
#23 1.521       | 
#23 1.521 In file included from /usr/include/sys/ioctl.h:10,
#23 1.521                  from ll_proto.c:13:
#23 1.521 /usr/include/bits/ioctl.h:111: note: this is the location of the previous definition
#23 1.521   111 | #define SIOCGSTAMP      0x8906
#23 1.521       | 
#23 1.521 ../include/uapi/linux/sockios.h:43: warning: "SIOCGSTAMPNS" redefined
#23 1.521    43 | #define SIOCGSTAMPNS    SIOCGSTAMPNS_OLD
#23 1.521       | 
#23 1.521 /usr/include/bits/ioctl.h:112: note: this is the location of the previous definition
#23 1.521   112 | #define SIOCGSTAMPNS    0x8907
#23 1.521       | 
#23 1.533     CC       ll_addr.o
#23 1.544 In file included from ll_addr.c:20:
#23 1.544 ../include/uapi/linux/sockios.h:42: warning: "SIOCGSTAMP" redefined
#23 1.544    42 | #define SIOCGSTAMP      SIOCGSTAMP_OLD
#23 1.544       | 
#23 1.544 In file included from /usr/include/sys/ioctl.h:10,
#23 1.544                  from ll_addr.c:12:
#23 1.544 /usr/include/bits/ioctl.h:111: note: this is the location of the previous definition
#23 1.544   111 | #define SIOCGSTAMP      0x8906
#23 1.544       | 
#23 1.544 ../include/uapi/linux/sockios.h:43: warning: "SIOCGSTAMPNS" redefined
#23 1.544    43 | #define SIOCGSTAMPNS    SIOCGSTAMPNS_OLD
#23 1.544       | 
#23 1.544 /usr/include/bits/ioctl.h:112: note: this is the location of the previous definition
#23 1.544   112 | #define SIOCGSTAMPNS    0x8907
#23 1.544       | 
#23 1.568     CC       inet_proto.o
#23 1.592     CC       namespace.o
#23 1.638     CC       json_writer.o
#23 1.707     CC       json_print.o
#23 1.814     CC       json_print_math.o
#23 1.841     CC       names.o
#23 1.880     CC       color.o
#23 1.915     CC       bpf_legacy.o
#23 2.230     CC       bpf_glue.o
#23 2.260     CC       exec.o
#23 2.286     CC       fs.o
#23 2.342     CC       cg_map.o
#23 2.370     CC       ppp_proto.o
#23 2.389     CC       bpf_libbpf.o
#23 2.455     CC       selinux.o
#23 2.471     CC       ax25_ntop.o
#23 2.497     CC       rose_ntop.o
#23 2.509 In file included from rose_ntop.c:16:
#23 2.509 ../include/uapi/linux/sockios.h:42: warning: "SIOCGSTAMP" redefined
#23 2.509    42 | #define SIOCGSTAMP      SIOCGSTAMP_OLD
#23 2.509       | 
#23 2.509 In file included from /usr/include/sys/ioctl.h:10,
#23 2.509                  from rose_ntop.c:7:
#23 2.509 /usr/include/bits/ioctl.h:111: note: this is the location of the previous definition
#23 2.509   111 | #define SIOCGSTAMP      0x8906
#23 2.509       | 
#23 2.509 ../include/uapi/linux/sockios.h:43: warning: "SIOCGSTAMPNS" redefined
#23 2.509    43 | #define SIOCGSTAMPNS    SIOCGSTAMPNS_OLD
#23 2.509       | 
#23 2.509 /usr/include/bits/ioctl.h:112: note: this is the location of the previous definition
#23 2.509   112 | #define SIOCGSTAMPNS    0x8907
#23 2.509       | 
#23 2.523     CC       mpls_ntop.o
#23 2.546     CC       mpls_pton.o
#23 2.569     CC       netrom_ntop.o
#23 2.588     AR       libutil.a
#23 2.592 
#23 2.592 ip
#23 2.594     CC       ip.o
#23 2.657     CC       ipaddress.o
#23 2.668 In file included from ipaddress.c:26:
#23 2.668 ../include/uapi/linux/sockios.h:42: warning: "SIOCGSTAMP" redefined
#23 2.668    42 | #define SIOCGSTAMP      SIOCGSTAMP_OLD
#23 2.668       | 
#23 2.668 In file included from /usr/include/sys/ioctl.h:10,
#23 2.668                  from ipaddress.c:14:
#23 2.668 /usr/include/bits/ioctl.h:111: note: this is the location of the previous definition
#23 2.668   111 | #define SIOCGSTAMP      0x8906
#23 2.668       | 
#23 2.668 ../include/uapi/linux/sockios.h:43: warning: "SIOCGSTAMPNS" redefined
#23 2.668    43 | #define SIOCGSTAMPNS    SIOCGSTAMPNS_OLD
#23 2.668       | 
#23 2.668 /usr/include/bits/ioctl.h:112: note: this is the location of the previous definition
#23 2.668   112 | #define SIOCGSTAMPNS    0x8907
#23 2.668       | 
#23 3.048     CC       ipaddrlabel.o
#23 3.100     CC       iproute.o
#23 3.545     CC       iprule.o
#23 3.710     CC       ipnetns.o
#23 3.873     CC       rtm_map.o
#23 3.903     CC       iptunnel.o
#23 3.914 In file included from ../include/uapi/linux/if_tunnel.h:6,
#23 3.914                  from iptunnel.c:19:
#23 3.914 ../include/uapi/linux/if.h:134: warning: "IFF_VOLATILE" redefined
#23 3.914   134 | #define IFF_VOLATILE    (IFF_LOOPBACK|IFF_POINTOPOINT|IFF_BROADCAST|IFF_ECHO|\
#23 3.914       | 
#23 3.914 In file included from iptunnel.c:16:
#23 3.914 /usr/include/net/if.h:48: note: this is the location of the previous definition
#23 3.914    48 | #define IFF_VOLATILE (IFF_LOOPBACK|IFF_POINTOPOINT|IFF_BROADCAST| \
#23 3.914       | 
#23 4.029     CC       ip6tunnel.o
#23 4.128     CC       tunnel.o
#23 4.212     CC       ipneigh.o
#23 4.348     CC       ipntable.o
#23 4.441     CC       iplink.o
#23 4.686     CC       ipmaddr.o
#23 4.697 In file included from ipmaddr.c:21:
#23 4.697 ../include/uapi/linux/sockios.h:42: warning: "SIOCGSTAMP" redefined
#23 4.697    42 | #define SIOCGSTAMP      SIOCGSTAMP_OLD
#23 4.697       | 
#23 4.697 In file included from /usr/include/sys/ioctl.h:10,
#23 4.697                  from ipmaddr.c:12:
#23 4.697 /usr/include/bits/ioctl.h:111: note: this is the location of the previous definition
#23 4.697   111 | #define SIOCGSTAMP      0x8906
#23 4.697       | 
#23 4.697 ../include/uapi/linux/sockios.h:43: warning: "SIOCGSTAMPNS" redefined
#23 4.697    43 | #define SIOCGSTAMPNS    SIOCGSTAMPNS_OLD
#23 4.697       | 
#23 4.697 /usr/include/bits/ioctl.h:112: note: this is the location of the previous definition
#23 4.697   112 | #define SIOCGSTAMPNS    0x8907
#23 4.697       | 
#23 4.764     CC       ipmonitor.o
#23 4.827     CC       ipmroute.o
#23 4.838 In file included from ipmroute.c:22:
#23 4.838 ../include/uapi/linux/sockios.h:42: warning: "SIOCGSTAMP" redefined
#23 4.838    42 | #define SIOCGSTAMP      SIOCGSTAMP_OLD
#23 4.838       | 
#23 4.838 In file included from /usr/include/sys/ioctl.h:10,
#23 4.838                  from ipmroute.c:13:
#23 4.838 /usr/include/bits/ioctl.h:111: note: this is the location of the previous definition
#23 4.838   111 | #define SIOCGSTAMP      0x8906
#23 4.838       | 
#23 4.838 ../include/uapi/linux/sockios.h:43: warning: "SIOCGSTAMPNS" redefined
#23 4.838    43 | #define SIOCGSTAMPNS    SIOCGSTAMPNS_OLD
#23 4.838       | 
#23 4.838 /usr/include/bits/ioctl.h:112: note: this is the location of the previous definition
#23 4.838   112 | #define SIOCGSTAMPNS    0x8907
#23 4.838       | 
#23 4.892     CC       ipprefix.o
#23 4.918     CC       iptuntap.o
#23 5.021     CC       iptoken.o
#23 5.068     CC       ipxfrm.o
#23 5.329     CC       xfrm_state.o
#23 5.564     CC       xfrm_policy.o
#23 5.766     CC       xfrm_monitor.o
#23 5.834     CC       iplink_dummy.o
#23 5.854     CC       iplink_ifb.o
#23 5.873     CC       iplink_nlmon.o
#23 5.891     CC       iplink_team.o
#23 5.912     CC       iplink_vcan.o
#23 5.931     CC       iplink_vxcan.o
#23 5.954     CC       iplink_vlan.o
#23 6.016     CC       link_veth.o
#23 6.040     CC       link_gre.o
#23 6.051 In file included from ../include/uapi/linux/if_tunnel.h:6,
#23 6.051                  from link_gre.c:15:
#23 6.051 ../include/uapi/linux/if.h:134: warning: "IFF_VOLATILE" redefined
#23 6.051   134 | #define IFF_VOLATILE    (IFF_LOOPBACK|IFF_POINTOPOINT|IFF_BROADCAST|IFF_ECHO|\
#23 6.051       | 
#23 6.051 In file included from link_gre.c:9:
#23 6.051 /usr/include/net/if.h:48: note: this is the location of the previous definition
#23 6.051    48 | #define IFF_VOLATILE (IFF_LOOPBACK|IFF_POINTOPOINT|IFF_BROADCAST| \
#23 6.051       | 
#23 6.151     CC       iplink_can.o
#23 6.279     CC       iplink_xdp.o
#23 6.330     CC       iplink_macvlan.o
#23 6.391     CC       ipl2tp.o
#23 6.530     CC       link_vti.o
#23 6.539 In file included from ../include/uapi/linux/if_tunnel.h:6,
#23 6.539                  from link_vti.c:16:
#23 6.539 ../include/uapi/linux/if.h:134: warning: "IFF_VOLATILE" redefined
#23 6.539   134 | #define IFF_VOLATILE    (IFF_LOOPBACK|IFF_POINTOPOINT|IFF_BROADCAST|IFF_ECHO|\
#23 6.539       | 
#23 6.539 In file included from link_vti.c:10:
#23 6.539 /usr/include/net/if.h:48: note: this is the location of the previous definition
#23 6.539    48 | #define IFF_VOLATILE (IFF_LOOPBACK|IFF_POINTOPOINT|IFF_BROADCAST| \
#23 6.539       | 
#23 6.580     CC       link_vti6.o
#23 6.589 In file included from ../include/uapi/linux/if_tunnel.h:6,
#23 6.589                  from link_vti6.c:17:
#23 6.589 ../include/uapi/linux/if.h:134: warning: "IFF_VOLATILE" redefined
#23 6.589   134 | #define IFF_VOLATILE    (IFF_LOOPBACK|IFF_POINTOPOINT|IFF_BROADCAST|IFF_ECHO|\
#23 6.589       | 
#23 6.589 In file included from link_vti6.c:11:
#23 6.589 /usr/include/net/if.h:48: note: this is the location of the previous definition
#23 6.589    48 | #define IFF_VOLATILE (IFF_LOOPBACK|IFF_POINTOPOINT|IFF_BROADCAST| \
#23 6.589       | 
#23 6.630     CC       link_xfrm.o
#23 6.661     CC       iplink_vxlan.o
#23 6.795     CC       tcp_metrics.o
#23 6.887     CC       iplink_ipoib.o
#23 6.925     CC       ipnetconf.o
#23 6.972     CC       link_ip6tnl.o
#23 6.981 In file included from ../include/uapi/linux/if_tunnel.h:6,
#23 6.981                  from link_ip6tnl.c:15:
#23 6.981 ../include/uapi/linux/if.h:134: warning: "IFF_VOLATILE" redefined
#23 6.981   134 | #define IFF_VOLATILE    (IFF_LOOPBACK|IFF_POINTOPOINT|IFF_BROADCAST|IFF_ECHO|\
#23 6.981       | 
#23 6.981 In file included from link_ip6tnl.c:9:
#23 6.981 /usr/include/net/if.h:48: note: this is the location of the previous definition
#23 6.981    48 | #define IFF_VOLATILE (IFF_LOOPBACK|IFF_POINTOPOINT|IFF_BROADCAST| \
#23 6.981       | 
#23 7.058     CC       link_iptnl.o
#23 7.067 In file included from ../include/uapi/linux/if_tunnel.h:6,
#23 7.067                  from link_iptnl.c:16:
#23 7.067 ../include/uapi/linux/if.h:134: warning: "IFF_VOLATILE" redefined
#23 7.067   134 | #define IFF_VOLATILE    (IFF_LOOPBACK|IFF_POINTOPOINT|IFF_BROADCAST|IFF_ECHO|\
#23 7.067       | 
#23 7.067 In file included from link_iptnl.c:9:
#23 7.067 /usr/include/net/if.h:48: note: this is the location of the previous definition
#23 7.067    48 | #define IFF_VOLATILE (IFF_LOOPBACK|IFF_POINTOPOINT|IFF_BROADCAST| \
#23 7.067       | 
#23 7.144     CC       link_gre6.o
#23 7.154 In file included from ../include/uapi/linux/if_tunnel.h:6,
#23 7.154                  from link_gre6.c:15:
#23 7.154 ../include/uapi/linux/if.h:134: warning: "IFF_VOLATILE" redefined
#23 7.154   134 | #define IFF_VOLATILE    (IFF_LOOPBACK|IFF_POINTOPOINT|IFF_BROADCAST|IFF_ECHO|\
#23 7.154       | 
#23 7.154 In file included from link_gre6.c:9:
#23 7.154 /usr/include/net/if.h:48: note: this is the location of the previous definition
#23 7.154    48 | #define IFF_VOLATILE (IFF_LOOPBACK|IFF_POINTOPOINT|IFF_BROADCAST| \
#23 7.154       | 
#23 7.259     CC       iplink_bond.o
#23 7.415     CC       iplink_bond_slave.o
#23 7.462     CC       iplink_hsr.o
#23 7.506     CC       iplink_bridge.o
#23 7.639     CC       iplink_bridge_slave.o
#23 7.726     CC       iplink_dsa.o
#23 7.754     CC       ipfou.o
#23 7.765 In file included from ../include/libgenl.h:5,
#23 7.765                  from ipfou.c:18:
#23 7.765 ../include/libnetlink.h: In function 'rta_getattr_be64':
#23 7.765 ../include/libnetlink.h:280:16: warning: implicit declaration of function 'htobe64' [-Wimplicit-function-declaration]
#23 7.765   280 |         return htobe64(rta_getattr_u64(rta));
#23 7.765       |                ^~~~~~~
#23 7.825     CC       iplink_ipvlan.o
#23 7.860     CC       iplink_geneve.o
#23 7.940     CC       iplink_vrf.o
#23 7.983     CC       iproute_lwtunnel.o
#23 8.328     CC       ipmacsec.o
#23 8.541     CC       ipila.o
#23 8.553 In file included from ../include/libgenl.h:5,
#23 8.553                  from ipila.c:18:
#23 8.553 ../include/libnetlink.h: In function 'rta_getattr_be64':
#23 8.553 ../include/libnetlink.h:280:16: warning: implicit declaration of function 'htobe64' [-Wimplicit-function-declaration]
#23 8.553   280 |         return htobe64(rta_getattr_u64(rta));
#23 8.553       |                ^~~~~~~
#23 8.611     CC       ipvrf.o
#23 8.706     CC       iplink_xstats.o
#23 8.732     CC       ipseg6.o
#23 8.777     CC       iplink_netdevsim.o
#23 8.797     CC       iplink_rmnet.o
#23 8.824     CC       ipnexthop.o
#23 9.035     CC       ipmptcp.o
#23 9.141     CC       iplink_bareudp.o
#23 9.151 In file included from iplink_bareudp.c:9:
#23 9.151 ../include/libnetlink.h: In function 'rta_getattr_be64':
#23 9.152 ../include/libnetlink.h:280:16: warning: implicit declaration of function 'htobe64' [-Wimplicit-function-declaration]
#23 9.152   280 |         return htobe64(rta_getattr_u64(rta));
#23 9.152       |                ^~~~~~~
#23 9.181     CC       iplink_wwan.o
#23 9.208     CC       ipioam6.o
#23 9.274     CC       iplink_amt.o
#23 9.321     CC       iplink_batadv.o
#23 9.346     CC       iplink_gtp.o
#23 9.382     CC       iplink_virt_wifi.o
#23 9.401     CC       iplink_netkit.o
#23 9.438     CC       ipstats.o
#23 9.620     LINK     ip
#23 9.651     CC       rtmon.o
#23 9.698     LINK     rtmon
#23 9.710 
#23 9.710 tc
#23 9.712     CC       tc.o
#23 9.788     CC       tc_qdisc.o
#23 9.885     CC       tc_class.o
#23 9.991     CC       tc_filter.o
#23 10.14     CC       tc_util.o
#23 10.31     CC       tc_monitor.o
#23 10.34     CC       tc_exec.o
#23 10.38     CC       m_police.o
#23 10.45     CC       m_estimator.o
#23 10.48     CC       m_action.o
#23 10.61     CC       m_ematch.o
#23 10.72     YACC     emp_ematch.tab.c
#23 10.78     CC       emp_ematch.tab.o
#23 10.87     LEX      emp_ematch.lex.c
#23 10.88     CC       emp_ematch.lex.o
#23 11.03     CC       q_fifo.o
#23 11.06     CC       q_sfq.o
#23 11.13     CC       q_red.o
#23 11.19     CC       q_prio.o
#23 11.24     CC       q_skbprio.o
#23 11.27     CC       q_tbf.o
#23 11.35     CC       q_multiq.o
#23 11.37     CC       q_netem.o
#23 11.56     CC       q_choke.o
#23 11.62     CC       q_sfb.o
#23 11.67     CC       f_u32.o
#23 11.90     CC       f_route.o
#23 11.95     CC       f_fw.o
#23 12.00     CC       f_basic.o
#23 12.04     CC       f_bpf.o
#23 12.10     CC       f_flow.o
#23 12.18     CC       f_cgroup.o
#23 12.21     CC       f_flower.o
#23 12.22 In file included from ../include/uapi/linux/netdevice.h:29,
#23 12.22                  from ../include/uapi/linux/if_arp.h:27,
#23 12.22                  from f_flower.c:14:
#23 12.22 ../include/uapi/linux/if.h:134: warning: "IFF_VOLATILE" redefined
#23 12.22   134 | #define IFF_VOLATILE    (IFF_LOOPBACK|IFF_POINTOPOINT|IFF_BROADCAST|IFF_ECHO|\
#23 12.22       | 
#23 12.22 In file included from f_flower.c:12:
#23 12.22 /usr/include/net/if.h:48: note: this is the location of the previous definition
#23 12.22    48 | #define IFF_VOLATILE (IFF_LOOPBACK|IFF_POINTOPOINT|IFF_BROADCAST| \
#23 12.22       | 
#23 12.67     CC       q_gred.o
#23 12.77     CC       q_ingress.o
#23 12.79     CC       q_hfsc.o
#23 12.87     CC       q_htb.o
#23 12.95     CC       q_drr.o
#23 12.99     CC       q_qfq.o
#23 13.02     CC       m_gact.o
#23 13.07     CC       m_mirred.o
#23 13.13     CC       m_mpls.o
#23 13.20     CC       m_nat.o
#23 13.24     CC       m_pedit.o
#23 13.36     CC       m_ife.o
#23 13.43     CC       m_skbedit.o
#23 13.49     CC       m_skbmod.o
#23 13.54     CC       m_csum.o
#23 13.60     CC       m_simple.o
#23 13.64     CC       m_vlan.o
#23 13.70     CC       m_connmark.o
#23 13.74     CC       m_ctinfo.o
#23 13.79     CC       m_bpf.o
#23 13.84     CC       m_tunnel_key.o
#23 13.95     CC       m_sample.o
#23 13.99     CC       m_ct.o
#23 14.09     CC       m_gate.o
#23 14.17     CC       p_ip.o
#23 14.21     CC       p_ip6.o
#23 14.24     CC       p_icmp.o
#23 14.26     CC       p_eth.o
#23 14.29     CC       p_tcp.o
#23 14.32     CC       p_udp.o
#23 14.35     CC       em_nbyte.o
#23 14.39     CC       em_cmp.o
#23 14.44     CC       em_u32.o
#23 14.48     CC       em_canid.o
#23 14.52     CC       em_meta.o
#23 14.62     CC       q_mqprio.o
#23 14.72     CC       q_codel.o
#23 14.77     CC       q_fq_codel.o
#23 14.83     CC       q_fq.o
#23 14.94     CC       q_pie.o
#23 15.00     CC       q_fq_pie.o
#23 15.06     CC       q_cake.o
#23 15.24     CC       q_hhf.o
#23 15.29     CC       q_clsact.o
#23 15.31     CC       e_bpf.o
#23 15.36     CC       f_matchall.o
#23 15.40     CC       q_cbs.o
#23 15.44     CC       q_etf.o
#23 15.48     CC       q_taprio.o
#23 15.59     CC       q_plug.o
#23 15.62     CC       q_ets.o
#23 15.69     CC       em_ipt.o
#23 15.71 In file included from tc_util.h:7,
#23 15.71                  from m_ematch.h:11,
#23 15.71                  from em_ipt.c:13:
#23 15.71 ../include/uapi/linux/if.h:134: warning: "IFF_VOLATILE" redefined
#23 15.71   134 | #define IFF_VOLATILE    (IFF_LOOPBACK|IFF_POINTOPOINT|IFF_BROADCAST|IFF_ECHO|\
#23 15.71       | 
#23 15.71 In file included from ../include/xtables.h:17,
#23 15.71                  from em_ipt.c:12:
#23 15.71 /usr/include/net/if.h:48: note: this is the location of the previous definition
#23 15.71    48 | #define IFF_VOLATILE (IFF_LOOPBACK|IFF_POINTOPOINT|IFF_BROADCAST| \
#23 15.71       | 
#23 15.73     CC       em_ipset.o
#23 15.75 In file included from tc_util.h:7,
#23 15.75                  from m_ematch.h:11,
#23 15.75                  from em_ipset.c:39:
#23 15.75 ../include/uapi/linux/if.h:134: warning: "IFF_VOLATILE" redefined
#23 15.75   134 | #define IFF_VOLATILE    (IFF_LOOPBACK|IFF_POINTOPOINT|IFF_BROADCAST|IFF_ECHO|\
#23 15.75       | 
#23 15.75 In file included from ../include/xtables.h:17,
#23 15.75                  from em_ipset.c:23:
#23 15.75 /usr/include/net/if.h:48: note: this is the location of the previous definition
#23 15.75    48 | #define IFF_VOLATILE (IFF_LOOPBACK|IFF_POINTOPOINT|IFF_BROADCAST| \
#23 15.75       | 
#23 15.78     CC       tc_core.o
#23 15.84     CC       tc_red.o
#23 15.88     CC       tc_estimator.o
#23 15.91     CC       tc_stab.o
#23 15.96     CC       tc_qevent.o
#23 15.97 In file included from tc_qevent.h:7,
#23 15.97                  from tc_qevent.c:10:
#23 15.97 ../include/libnetlink.h: In function 'rta_getattr_be64':
#23 15.97 ../include/libnetlink.h:280:16: warning: implicit declaration of function 'htobe64' [-Wimplicit-function-declaration]
#23 15.97   280 |         return htobe64(rta_getattr_u64(rta));
#23 15.97       |                ^~~~~~~
#23 16.02     AR       libtc.a
#23 16.02     LINK     tc
#23 16.05 rm emp_ematch.lex.c
#23 16.05 
#23 16.05 bridge
#23 16.05     CC       bridge.o
#23 16.10     CC       fdb.o
#23 16.11 In file included from fdb.c:28:
#23 16.11 ../include/libnetlink.h: In function 'rta_getattr_be64':
#23 16.11 ../include/libnetlink.h:280:16: warning: implicit declaration of function 'htobe64' [-Wimplicit-function-declaration]
#23 16.11   280 |         return htobe64(rta_getattr_u64(rta));
#23 16.11       |                ^~~~~~~
#23 16.26     CC       monitor.o
#23 16.30     CC       link.o
#23 16.31 In file included from link.c:16:
#23 16.31 ../include/libnetlink.h: In function 'rta_getattr_be64':
#23 16.31 ../include/libnetlink.h:280:16: warning: implicit declaration of function 'htobe64' [-Wimplicit-function-declaration]
#23 16.31   280 |         return htobe64(rta_getattr_u64(rta));
#23 16.31       |                ^~~~~~~
#23 16.44     CC       mdb.o
#23 16.45 In file included from mdb.c:20:
#23 16.45 ../include/libnetlink.h: In function 'rta_getattr_be64':
#23 16.45 ../include/libnetlink.h:280:16: warning: implicit declaration of function 'htobe64' [-Wimplicit-function-declaration]
#23 16.45   280 |         return htobe64(rta_getattr_u64(rta));
#23 16.45       |                ^~~~~~~
#23 16.61     CC       vlan.o
#23 16.62 In file included from vlan.c:16:
#23 16.62 ../include/libnetlink.h: In function 'rta_getattr_be64':
#23 16.62 ../include/libnetlink.h:280:16: warning: implicit declaration of function 'htobe64' [-Wimplicit-function-declaration]
#23 16.62   280 |         return htobe64(rta_getattr_u64(rta));
#23 16.62       |                ^~~~~~~
#23 16.82     CC       vni.o
#23 16.84 In file included from vni.c:21:
#23 16.84 ../include/libnetlink.h: In function 'rta_getattr_be64':
#23 16.84 ../include/libnetlink.h:280:16: warning: implicit declaration of function 'htobe64' [-Wimplicit-function-declaration]
#23 16.84   280 |         return htobe64(rta_getattr_u64(rta));
#23 16.84       |                ^~~~~~~
#23 16.90     LINK     bridge
#23 16.91 
#23 16.91 misc
#23 16.92     CC       ss.o
#23 16.93 In file included from ../include/uapi/linux/tipc.h:42,
#23 16.93                  from ss.c:49:
#23 16.93 ../include/uapi/linux/sockios.h:42: warning: "SIOCGSTAMP" redefined
#23 16.93    42 | #define SIOCGSTAMP      SIOCGSTAMP_OLD
#23 16.93       | 
#23 16.93 In file included from /usr/include/sys/ioctl.h:10,
#23 16.93                  from ss.c:12:
#23 16.93 /usr/include/bits/ioctl.h:111: note: this is the location of the previous definition
#23 16.93   111 | #define SIOCGSTAMP      0x8906
#23 16.93       | 
#23 16.93 ../include/uapi/linux/sockios.h:43: warning: "SIOCGSTAMPNS" redefined
#23 16.93    43 | #define SIOCGSTAMPNS    SIOCGSTAMPNS_OLD
#23 16.93       | 
#23 16.93 /usr/include/bits/ioctl.h:112: note: this is the location of the previous definition
#23 16.93   112 | #define SIOCGSTAMPNS    0x8907
#23 16.93       | 
#23 17.71     CC       ssfilter_check.o
#23 17.72 In file included from ssfilter_check.c:6:
#23 17.72 ../include/libnetlink.h: In function 'rta_getattr_be64':
#23 17.72 ../include/libnetlink.h:280:16: warning: implicit declaration of function 'htobe64' [-Wimplicit-function-declaration]
#23 17.72   280 |         return htobe64(rta_getattr_u64(rta));
#23 17.72       |                ^~~~~~~
#23 17.73     YACC     ssfilter.tab.c
#23 17.79     CC       ssfilter.tab.o
#23 17.89     LINK     ss
#23 17.90     CC       nstat
#23 18.03     CC       ifstat
#23 18.05 In file included from ifstat.c:30:
#23 18.05 ../include/libnetlink.h: In function 'rta_getattr_be64':
#23 18.05 ../include/libnetlink.h:280:16: warning: implicit declaration of function 'htobe64' [-Wimplicit-function-declaration]
#23 18.05   280 |         return htobe64(rta_getattr_u64(rta));
#23 18.05       |                ^~~~~~~
#23 18.20     CC       rtacct
#23 18.32     CC       lnstat.o
#23 18.38     CC       lnstat_util.o
#23 18.44     LINK     lnstat
#23 18.45 
#23 18.45 netem
#23 18.45 gcc  -I../include -o maketable maketable.c -lm
#23 18.48 gcc  -I../include -o normal normal.c -lm
#23 18.50 gcc  -I../include -o pareto pareto.c -lm
#23 18.52 gcc  -I../include -o paretonormal paretonormal.c -lm
#23 18.55 ./normal > normal.dist
#23 18.56 ./pareto > pareto.dist
#23 18.56 ./paretonormal > paretonormal.dist
#23 18.57 ./maketable experimental.dat > experimental.dist
#23 18.57 
#23 18.57 genl
#23 18.57     CC       genl.o
#23 18.61     CC       ctrl.o
#23 18.67     LINK     genl
#23 18.68 
#23 18.68 man
#23 18.68 make[2]: Nothing to be done for 'all'.
#23 18.69 make[2]: Nothing to be done for 'all'.
#23 18.69 sed \
#23 18.69 	-e "s|@NETNS_ETC_DIR@|/etc/netns|g" \
#23 18.69 	-e "s|@NETNS_RUN_DIR@|/var/run/netns|g" \
#23 18.69 	-e "s|@SYSCONF_ETC_DIR@|/etc/iproute2|g" \
#23 18.69 	-e "s|@SYSCONF_USR_DIR@|/usr/share/iproute2|g" \
#23 18.69 	ip-address.8.in > ip-address.8
#23 18.69 sed \
#23 18.69 	-e "s|@NETNS_ETC_DIR@|/etc/netns|g" \
#23 18.69 	-e "s|@NETNS_RUN_DIR@|/var/run/netns|g" \
#23 18.69 	-e "s|@SYSCONF_ETC_DIR@|/etc/iproute2|g" \
#23 18.69 	-e "s|@SYSCONF_USR_DIR@|/usr/share/iproute2|g" \
#23 18.69 	ip-link.8.in > ip-link.8
#23 18.70 sed \
#23 18.70 	-e "s|@NETNS_ETC_DIR@|/etc/netns|g" \
#23 18.70 	-e "s|@NETNS_RUN_DIR@|/var/run/netns|g" \
#23 18.70 	-e "s|@SYSCONF_ETC_DIR@|/etc/iproute2|g" \
#23 18.70 	-e "s|@SYSCONF_USR_DIR@|/usr/share/iproute2|g" \
#23 18.70 	ip-netns.8.in > ip-netns.8
#23 18.70 sed \
#23 18.70 	-e "s|@NETNS_ETC_DIR@|/etc/netns|g" \
#23 18.70 	-e "s|@NETNS_RUN_DIR@|/var/run/netns|g" \
#23 18.70 	-e "s|@SYSCONF_ETC_DIR@|/etc/iproute2|g" \
#23 18.70 	-e "s|@SYSCONF_USR_DIR@|/usr/share/iproute2|g" \
#23 18.70 	ip-route.8.in > ip-route.8
#23 18.70 
#23 18.70 tipc
#23 18.70     CC       bearer.o
#23 18.86     CC       cmdl.o
#23 18.90     CC       link.o
#23 19.07     CC       media.o
#23 19.12     CC       misc.o
#23 19.17     CC       msg.o
#23 19.19     CC       nametable.o
#23 19.22     CC       node.o
#23 19.30     CC       socket.o
#23 19.33     CC       peer.o
#23 19.36     CC       tipc.o
#23 19.39     LINK     tipc
#23 19.40 
#23 19.40 devlink
#23 19.40     CC       devlink.o
#23 20.89     CC       mnlg.o
#23 20.91 In file included from mnlg.c:16:
#23 20.91 ../include/libnetlink.h: In function 'rta_getattr_be64':
#23 20.91 ../include/libnetlink.h:280:16: warning: implicit declaration of function 'htobe64' [-Wimplicit-function-declaration]
#23 20.91   280 |         return htobe64(rta_getattr_u64(rta));
#23 20.91       |                ^~~~~~~
#23 20.93     LINK     devlink
#23 20.94 
#23 20.94 rdma
#23 20.95     CC       rdma.o
#23 20.96 rdma.c: In function 'main':
#23 20.96 rdma.c:110:20: warning: implicit declaration of function 'basename'; did you mean 'rename'? [-Wimplicit-function-declaration]
#23 20.96   110 |         filename = basename(argv[0]);
#23 20.96       |                    ^~~~~~~~
#23 20.96       |                    rename
#23 20.96 rdma.c:110:18: warning: assignment to 'char *' from 'int' makes pointer from integer without a cast [-Wint-conversion]
#23 20.96   110 |         filename = basename(argv[0]);
#23 20.96       |                  ^
#23 20.99     CC       utils.o
#23 21.14     CC       dev.o
#23 21.21     CC       link.o
#23 21.27     CC       res.o
#23 21.37     CC       res-pd.o
#23 21.41     CC       res-mr.o
#23 21.45     CC       res-cq.o
#23 21.50     CC       res-cmid.o
#23 21.55     CC       res-qp.o
#23 21.60     CC       sys.o
#23 21.65     CC       stat.o
#23 21.84     CC       stat-mr.o
#23 21.87     CC       res-ctx.o
#23 21.91     CC       res-srq.o
#23 21.97     LINK     rdma
#23 21.98 
#23 21.98 dcb
#23 21.98     CC       dcb.o
#23 22.00 In file included from ../include/namespace.h:10,
#23 22.00                  from dcb.c:11:
#23 22.00 ../include/libnetlink.h: In function 'rta_getattr_be64':
#23 22.00 ../include/libnetlink.h:280:16: warning: implicit declaration of function 'htobe64' [-Wimplicit-function-declaration]
#23 22.00   280 |         return htobe64(rta_getattr_u64(rta));
#23 22.00       |                ^~~~~~~
#23 22.09     CC       dcb_app.o
#23 22.26     CC       dcb_buffer.o
#23 22.31     CC       dcb_dcbx.o
#23 22.36     CC       dcb_ets.o
#23 22.43     CC       dcb_maxrate.o
#23 22.48     CC       dcb_pfc.o
#23 22.54     CC       dcb_apptrust.o
#23 22.59     CC       dcb_rewr.o
#23 22.66     LINK     dcb
#23 22.67 
#23 22.67 vdpa
#23 22.67     CC       vdpa.o
#23 22.81     LINK     vdpa
#23 DONE 22.8s

#24 [20/22] RUN git clone --no-single-branch --depth=1 https://github.com/linux-netdev/testing.git /nipa-data/kernel
#24 0.291 Cloning into '/nipa-data/kernel'...
#24 23.97 Updating files:  18% (15812/83283)Updating files:  19% (15824/83283)Updating files:  20% (16657/83283)Updating files:  21% (17490/83283)Updating files:  22% (18323/83283)Updating files:  23% (19156/83283)Updating files:  24% (19988/83283)Updating files:  25% (20821/83283)Updating files:  26% (21654/83283)Updating files:  27% (22487/83283)Updating files:  28% (23320/83283)Updating files:  29% (24153/83283)Updating files:  30% (24985/83283)Updating files:  31% (25818/83283)Updating files:  32% (26651/83283)Updating files:  33% (27484/83283)Updating files:  34% (28317/83283)Updating files:  35% (29150/83283)Updating files:  36% (29982/83283)Updating files:  37% (30815/83283)Updating files:  38% (31648/83283)Updating files:  38% (32052/83283)Updating files:  39% (32481/83283)Updating files:  40% (33314/83283)Updating files:  41% (34147/83283)Updating files:  42% (34979/83283)Updating files:  42% (35190/83283)Updating files:  43% (35812/83283)Updating files:  44% (36645/83283)Updating files:  45% (37478/83283)Updating files:  46% (38311/83283)Updating files:  47% (39144/83283)Updating files:  48% (39976/83283)Updating files:  49% (40809/83283)Updating files:  50% (41642/83283)Updating files:  51% (42475/83283)Updating files:  52% (43308/83283)Updating files:  53% (44140/83283)Updating files:  54% (44973/83283)Updating files:  55% (45806/83283)Updating files:  56% (46639/83283)Updating files:  57% (47472/83283)Updating files:  57% (48042/83283)Updating files:  58% (48305/83283)Updating files:  59% (49137/83283)Updating files:  60% (49970/83283)Updating files:  61% (50803/83283)Updating files:  62% (51636/83283)Updating files:  63% (52469/83283)Updating files:  64% (53302/83283)Updating files:  65% (54134/83283)Updating files:  66% (54967/83283)Updating files:  67% (55800/83283)Updating files:  68% (56633/83283)Updating files:  69% (57466/83283)Updating files:  70% (58299/83283)Updating files:  71% (59131/83283)Updating files:  72% (59964/83283)Updating files:  73% (60797/83283)Updating files:  74% (61630/83283)Updating files:  74% (62145/83283)Updating files:  75% (62463/83283)Updating files:  76% (63296/83283)Updating files:  77% (64128/83283)Updating files:  78% (64961/83283)Updating files:  79% (65794/83283)Updating files:  80% (66627/83283)Updating files:  81% (67460/83283)Updating files:  82% (68293/83283)Updating files:  83% (69125/83283)Updating files:  84% (69958/83283)Updating files:  85% (70791/83283)Updating files:  86% (71624/83283)Updating files:  87% (72457/83283)Updating files:  88% (73290/83283)Updating files:  89% (74122/83283)Updating files:  90% (74955/83283)Updating files:  91% (75788/83283)Updating files:  92% (76621/83283)Updating files:  93% (77454/83283)Updating files:  94% (78287/83283)Updating files:  95% (79119/83283)Updating files:  96% (79952/83283)Updating files:  96% (80535/83283)Updating files:  97% (80785/83283)Updating files:  98% (81618/83283)Updating files:  99% (82451/83283)Updating files: 100% (83283/83283)Updating files: 100% (83283/83283), done.
#24 DONE 30.8s

#25 [21/22] RUN git clone --depth=1 -b main https://github.com/p4tc-dev/new-nipa.git nipa
#25 0.282 Cloning into 'nipa'...
#25 DONE 0.6s

#26 [22/22] COPY entrypoint.sh /entrypoint.sh
#26 DONE 0.2s

#27 exporting to image
#27 exporting layers
#27 exporting layers 6.0s done
#27 writing image sha256:72b875af858a6fe5feeede10a38a021b127512ecaa9a19b8b5f3ac6b301c8b12 0.1s done
#27 naming to docker.io/library/nipa-executor
#27 naming to docker.io/library/nipa-executor 0.2s done
#27 DONE 6.3s
NIPA version: 1b9c21a (ui: set canvas background color to stand out, 2024-03-28)
INFO: Last run date: 2024-06-26 21:00:03.838001+00:00
Testing  {'branch': 'net-next-2024-06-27--00-00', 'date': '2024-06-27T00:00:10.176056+00:00', 'base': 'df6d9913cab4cfb054710596f0c8b4b6544ae1b0', 'url': 'https://github.com/linux-netdev/testing.git net-next-2024-06-27--00-00'}
Updating files: 100% (22200/22200), done.
branch 'net-next-2024-06-27--00-00' set up to track 'origin/net-next-2024-06-27--00-00'.
Switched to a new branch 'net-next-2024-06-27--00-00'
error: No valid patches in input (allow with "--allow-empty")
Checking patch tools/testing/selftests/tc-testing/tdc_config.py...
Applied patch tools/testing/selftests/tc-testing/tdc_config.py cleanly.
Run at 2024-06-27 00:03:31.254138
INFO: building kernel
INFO: starting VM 0
INFO: thr0-0 VM starting: vng -v -r arch/x86/boot/bzImage --user root --rwdir=/nipa-data/kernel/
INFO: thr0-0 expecting prompt: '/nipa-data/kernel# '
INFO: thr0-0 reached initial prompt
INFO: thr-0 testing == tdc.sh
INFO: thr-0 tdc.sh >> retcode: 0 result: pass found {'fail': False, 'skip': False, 'pass': True}
INFO: thr-0 has no more work, exiting
INFO: thr0-0 VM stopped
Done at 2024-06-27 00:06:09.295306
NIPA quitting!
/
~/nipa/tc-executor/tc-executor-storage /
sort: write failed: 'standard output': Broken pipe
sort: write error
