~/nipa/tc-executor/tc-executor-storage /
Switched to branch 'storage'
Your branch is ahead of 'origin/storage' by 563 commits.
  (use "git push" to publish your local commits)
/
~/nipa/tc-executor /
Error response from daemon: No such image: nipa-executor:latest
#0 building with "default" instance using docker driver

#1 [internal] load build definition from Dockerfile
#1 transferring dockerfile: 2.05kB done
#1 DONE 0.0s

#2 [internal] load .dockerignore
#2 transferring context: 2B done
#2 DONE 0.0s

#3 [internal] load metadata for docker.io/library/alpine:edge
#3 DONE 0.0s

#4 [ 1/22] FROM docker.io/library/alpine:edge
#4 CACHED

#5 [internal] load build context
#5 transferring context: 3.02kB done
#5 DONE 0.0s

#6 [ 2/22] RUN echo false > debug-mode
#6 DONE 0.7s

#7 [ 3/22] RUN addgroup -g 1001 hostuser
#7 DONE 0.4s

#8 [ 4/22] RUN adduser -u 1001 -G hostuser -H -D -s /bin/ash hostuser
#8 DONE 0.4s

#9 [ 5/22] RUN echo '@testing http://dl-cdn.alpinelinux.org/alpine/edge/testing' >> /etc/apk/repositories
#9 DONE 0.5s

#10 [ 6/22] RUN echo '@community http://dl-cdn.alpinelinux.org/alpine/edge/community' >> /etc/apk/repositories
#10 DONE 0.4s

#11 [ 7/22] RUN apk update && apk add --no-cache    virtme-ng@testing    git    py3-requests    py3-psutil    py3-setuptools    py3-pyroute2    py3-argcomplete    qemu-system-x86_64@community    scapy@community    make    gcc    musl-dev    flex    bison    linux-headers    elfutils-dev    util-linux    coreutils    diffutils    findutils    file    bash    kmod    perl    iptables-dev    libcap-dev    libmnl-dev    iproute2     jq    libbpf-dev    rsync    openssl-dev
#11 0.397 fetch https://dl-cdn.alpinelinux.org/alpine/edge/main/x86_64/APKINDEX.tar.gz
#11 0.611 fetch https://dl-cdn.alpinelinux.org/alpine/edge/community/x86_64/APKINDEX.tar.gz
#11 0.840 fetch http://dl-cdn.alpinelinux.org/alpine/edge/testing/x86_64/APKINDEX.tar.gz
#11 1.049 fetch http://dl-cdn.alpinelinux.org/alpine/edge/community/x86_64/APKINDEX.tar.gz
#11 1.309 v20240329-2709-gbd2dd9fbcfa [https://dl-cdn.alpinelinux.org/alpine/edge/main]
#11 1.309 v20240329-2733-gb3bcf9453fc [https://dl-cdn.alpinelinux.org/alpine/edge/community]
#11 1.309 v20240329-2733-gb3bcf9453fc [http://dl-cdn.alpinelinux.org/alpine/edge/testing]
#11 1.309 v20240329-2733-gb3bcf9453fc [http://dl-cdn.alpinelinux.org/alpine/edge/community]
#11 1.309 OK: 31271 distinct packages available
#11 1.369 fetch https://dl-cdn.alpinelinux.org/alpine/edge/main/x86_64/APKINDEX.tar.gz
#11 1.471 fetch https://dl-cdn.alpinelinux.org/alpine/edge/community/x86_64/APKINDEX.tar.gz
#11 1.573 fetch http://dl-cdn.alpinelinux.org/alpine/edge/testing/x86_64/APKINDEX.tar.gz
#11 1.665 fetch http://dl-cdn.alpinelinux.org/alpine/edge/community/x86_64/APKINDEX.tar.gz
#11 1.887 (1/176) Upgrading musl (1.2.4_git20230717-r5 -> 1.2.5-r0)
#11 1.904 (2/176) Upgrading libcrypto3 (3.1.4-r2 -> 3.3.0-r1)
#11 1.937 (3/176) Upgrading libssl3 (3.1.4-r2 -> 3.3.0-r1)
#11 1.955 (4/176) Upgrading zlib (1.3-r2 -> 1.3.1-r1)
#11 1.969 (5/176) Installing ncurses-terminfo-base (6.4_p20240330-r0)
#11 1.984 (6/176) Installing libncursesw (6.4_p20240330-r0)
#11 2.000 (7/176) Installing readline (8.2.10-r0)
#11 2.014 (8/176) Installing bash (5.2.26-r0)
#11 2.036 Executing bash-5.2.26-r0.post-install
#11 2.040 (9/176) Installing m4 (1.4.19-r3)
#11 2.054 (10/176) Installing bison (3.8.2-r1)
#11 2.078 (11/176) Installing coreutils-env (9.5-r1)
#11 2.091 (12/176) Installing coreutils-fmt (9.5-r1)
#11 2.103 (13/176) Installing coreutils-sha512sum (9.5-r1)
#11 2.115 (14/176) Installing libacl (2.3.2-r0)
#11 2.131 (15/176) Installing libattr (2.5.2-r0)
#11 2.150 (16/176) Installing skalibs (2.14.1.1-r0)
#11 2.164 (17/176) Installing utmps-libs (0.1.2.2-r1)
#11 2.176 (18/176) Installing coreutils (9.5-r1)
#11 2.202 (19/176) Installing diffutils (3.10-r0)
#11 2.217 (20/176) Installing zstd-libs (1.5.6-r0)
#11 2.235 (21/176) Installing libelf (0.191-r0)
#11 2.249 (22/176) Installing libbz2 (1.0.8-r6)
#11 2.264 (23/176) Installing musl-fts (1.2.7-r6)
#11 2.278 (24/176) Installing xz-libs (5.6.1-r3)
#11 2.292 (25/176) Installing libdw (0.191-r0)
#11 2.307 (26/176) Installing libasm (0.191-r0)
#11 2.319 (27/176) Installing xz (5.6.1-r3)
#11 2.334 (28/176) Installing pkgconf (2.2.0-r0)
#11 2.347 (29/176) Installing xz-dev (5.6.1-r3)
#11 2.362 (30/176) Installing libgcc (13.2.1_git20240309-r0)
#11 2.377 (31/176) Installing libstdc++ (13.2.1_git20240309-r0)
#11 2.401 (32/176) Installing zstd (1.5.6-r0)
#11 2.416 (33/176) Installing zstd-dev (1.5.6-r0)
#11 2.432 (34/176) Installing zlib-dev (1.3.1-r1)
#11 2.444 (35/176) Installing elfutils-dev (0.191-r0)
#11 2.474 (36/176) Installing libmagic (5.45-r1)
#11 2.505 (37/176) Installing file (5.45-r1)
#11 2.518 (38/176) Installing findutils (4.9.0-r5)
#11 2.537 (39/176) Installing flex (2.6.4-r6)
#11 2.551 (40/176) Installing jansson (2.14-r4)
#11 2.563 (41/176) Installing binutils (2.42-r0)
#11 2.625 (42/176) Installing libgomp (13.2.1_git20240309-r0)
#11 2.645 (43/176) Installing libatomic (13.2.1_git20240309-r0)
#11 2.659 (44/176) Installing gmp (6.3.0-r0)
#11 2.675 (45/176) Installing isl26 (0.26-r1)
#11 2.702 (46/176) Installing mpfr4 (4.2.1-r0)
#11 2.720 (47/176) Installing mpc1 (1.3.1-r1)
#11 2.733 (48/176) Installing gcc (13.2.1_git20240309-r0)
#11 3.230 (49/176) Installing ca-certificates (20240226-r0)
#11 3.252 (50/176) Installing brotli-libs (1.1.0-r2)
#11 3.272 (51/176) Installing c-ares (1.28.1-r0)
#11 3.285 (52/176) Installing libunistring (1.2-r0)
#11 3.305 (53/176) Installing libidn2 (2.3.7-r0)
#11 3.319 (54/176) Installing nghttp2-libs (1.61.0-r0)
#11 3.334 (55/176) Installing libpsl (0.21.5-r1)
#11 3.365 (56/176) Installing libcurl (8.7.1-r0)
#11 3.381 (57/176) Installing libexpat (2.6.2-r0)
#11 3.397 (58/176) Installing pcre2 (10.43-r0)
#11 3.420 (59/176) Installing git (2.44.0-r2)
#11 3.468 (60/176) Installing git-init-template (2.44.0-r2)
#11 3.481 (61/176) Installing libcap2 (2.69-r1)
#11 3.494 (62/176) Installing libmnl (1.0.5-r2)
#11 3.506 (63/176) Installing iproute2-minimal (6.8.0-r0)
#11 3.523 (64/176) Installing libxtables (1.8.10-r3)
#11 3.535 (65/176) Installing iproute2-tc (6.8.0-r0)
#11 3.551 (66/176) Installing iproute2-ss (6.8.0-r0)
#11 3.565 (67/176) Installing iproute2 (6.8.0-r0)
#11 3.581 Executing iproute2-6.8.0-r0.post-install
#11 3.585 (68/176) Installing linux-headers (6.6-r0)
#11 3.664 (69/176) Installing libip4tc (1.8.10-r3)
#11 3.678 (70/176) Installing libip6tc (1.8.10-r3)
#11 3.690 (71/176) Installing libipq (1.8.10-r3)
#11 3.703 (72/176) Installing iptables-dev (1.8.10-r3)
#11 3.719 (73/176) Installing oniguruma (6.9.9-r0)
#11 3.737 (74/176) Installing jq (1.7.1-r0)
#11 3.753 (75/176) Installing kmod (32-r0)
#11 3.767 (76/176) Installing libbpf (1.4.0-r0)
#11 3.782 (77/176) Installing libbpf-dev (1.4.0-r0)
#11 3.802 (78/176) Installing libcap-dev (2.69-r1)
#11 3.815 (79/176) Installing libmnl-dev (1.0.5-r2)
#11 3.829 (80/176) Installing make (4.4.1-r2)
#11 3.844 (81/176) Installing musl-dev (1.2.5-r0)
#11 3.895 (82/176) Installing openssl-dev (3.3.0-r1)
#11 3.922 (83/176) Installing perl (5.38.2-r0)
#11 4.101 (84/176) Installing perl-error (0.17029-r2)
#11 4.115 (85/176) Installing perl-git (2.44.0-r2)
#11 4.128 (86/176) Installing git-perl (2.44.0-r2)
#11 4.140 (87/176) Installing libffi (3.4.6-r0)
#11 4.153 (88/176) Installing gdbm (1.23-r1)
#11 4.165 (89/176) Installing mpdecimal (4.0.0-r0)
#11 4.179 (90/176) Installing libpanelw (6.4_p20240330-r0)
#11 4.191 (91/176) Installing sqlite-libs (3.45.3-r0)
#11 4.215 (92/176) Installing python3 (3.12.3-r1)
#11 4.351 (93/176) Installing python3-pycache-pyc0 (3.12.3-r1)
#11 4.453 (94/176) Installing pyc (3.12.3-r1)
#11 4.466 (95/176) Installing py3-argcomplete-pyc (3.3.0-r0)
#11 4.479 (96/176) Installing python3-pyc (3.12.3-r1)
#11 4.491 (97/176) Installing py3-argcomplete (3.3.0-r0)
#11 4.505 (98/176) Installing py3-psutil (5.9.8-r1)
#11 4.520 (99/176) Installing py3-psutil-pyc (5.9.8-r1)
#11 4.536 (100/176) Installing py3-pyroute2 (0.7.12-r1)
#11 4.570 (101/176) Installing py3-pyroute2-pyc (0.7.12-r1)
#11 4.606 (102/176) Installing py3-certifi (2024.2.2-r1)
#11 4.619 (103/176) Installing py3-certifi-pyc (2024.2.2-r1)
#11 4.632 (104/176) Installing py3-charset-normalizer (3.3.2-r1)
#11 4.646 (105/176) Installing py3-charset-normalizer-pyc (3.3.2-r1)
#11 4.661 (106/176) Installing py3-idna (3.7-r0)
#11 4.674 (107/176) Installing py3-idna-pyc (3.7-r0)
#11 4.689 (108/176) Installing py3-urllib3 (1.26.18-r1)
#11 4.707 (109/176) Installing py3-urllib3-pyc (1.26.18-r1)
#11 4.725 (110/176) Installing py3-requests (2.31.0-r2)
#11 4.740 (111/176) Installing py3-requests-pyc (2.31.0-r2)
#11 4.754 (112/176) Installing py3-parsing (3.1.2-r1)
#11 4.779 (113/176) Installing py3-parsing-pyc (3.1.2-r1)
#11 4.796 (114/176) Installing py3-packaging (24.0-r1)
#11 4.811 (115/176) Installing py3-packaging-pyc (24.0-r1)
#11 4.828 (116/176) Installing py3-setuptools (69.5.1-r0)
#11 4.865 (117/176) Installing py3-setuptools-pyc (69.5.1-r0)
#11 4.913 (118/176) Installing libcap-ng (0.8.4-r0)
#11 4.925 (119/176) Installing libintl (0.22.5-r0)
#11 4.937 (120/176) Installing libeconf (0.6.2-r0)
#11 4.952 (121/176) Installing libblkid (2.40-r2)
#11 4.965 (122/176) Installing libmount (2.40-r2)
#11 4.981 (123/176) Installing glib (2.80.0-r3)
#11 5.028 (124/176) Installing numactl (2.0.18-r0)
#11 5.043 (125/176) Installing qemu (8.2.2-r0)
#11 5.061 Executing qemu-8.2.2-r0.pre-install
#11 5.121 Executing qemu-8.2.2-r0.post-install
#11 5.125 *
#11 5.125 * If you want to run VM as unprivileged user and let Qemu create tunX devices,
#11 5.125 * then you must add that user to the group "qemu".
#11 5.125 * If you use KVM for hardware-assisted virtualization, then you may also need
#11 5.125 * to add that user to the group "kvm".
#11 5.125 *
#11 5.125 (126/176) Installing qemu-bridge-helper (8.2.2-r0)
#11 5.146 (127/176) Installing libaio (0.3.113-r2)
#11 5.158 (128/176) Installing capstone (5.0.1-r4)
#11 5.188 (129/176) Installing nettle (3.9.1-r0)
#11 5.205 (130/176) Installing libtasn1 (4.19.0-r2)
#11 5.218 (131/176) Installing p11-kit (0.25.3-r0)
#11 5.236 (132/176) Installing gnutls (3.8.3-r0)
#11 5.260 (133/176) Installing libjpeg-turbo (3.0.2-r0)
#11 5.276 (134/176) Installing lzo (2.10-r5)
#11 5.291 (135/176) Installing pixman (0.43.2-r0)
#11 5.310 (136/176) Installing libpng (1.6.43-r0)
#11 5.325 (137/176) Installing libsasl (2.1.28-r6)
#11 5.338 (138/176) Installing libseccomp (2.5.5-r1)
#11 5.351 (139/176) Installing libslirp (4.7.0-r0)
#11 5.366 (140/176) Installing snappy (1.1.10-r2)
#11 5.385 (141/176) Installing liburing (2.5-r1)
#11 5.397 (142/176) Installing vde2-libs (2.3.3-r3)
#11 5.411 (143/176) Installing qemu-system-x86_64 (8.2.2-r0)
#11 5.512 (144/176) Installing lz4-libs (1.9.4-r5)
#11 5.525 (145/176) Installing popt (1.19-r3)
#11 5.538 (146/176) Installing libxxhash (0.8.2-r2)
#11 5.550 (147/176) Installing rsync (3.3.0-r0)
#11 5.567 (148/176) Installing scapy (2.5.0-r3)
#11 5.625 Executing scapy-2.5.0-r3.post-install
#11 5.628 *
#11 5.628 * Certain optional features of scapy also depend on the following packages:
#11 5.628 *     py3-matplotlib graphviz imagemagick py3-cryptography sox
#11 5.628 * And the following unpackaged dependencies:
#11 5.628 *     pyxi vpython-jupyter nmap<v4.23
#11 5.628 * More information can be found at https://scapy.readthedocs.io/en/latest/installation.html#optional-dependencies
#11 5.628 *
#11 5.628 (149/176) Installing scapy-pyc (2.5.0-r3)
#11 5.689 (150/176) Installing util-linux (2.40-r2)
#11 5.702 (151/176) Installing setarch (2.40-r2)
#11 5.713 (152/176) Installing libuuid (2.40-r2)
#11 5.726 (153/176) Installing libfdisk (2.40-r2)
#11 5.741 (154/176) Installing libsmartcols (2.40-r2)
#11 5.754 (155/176) Installing util-linux-misc (2.40-r2)
#11 5.783 (156/176) Installing linux-pam (1.6.0-r0)
#11 5.804 (157/176) Installing runuser (2.40-r2)
#11 5.816 (158/176) Installing mount (2.40-r2)
#11 5.834 (159/176) Installing losetup (2.40-r2)
#11 5.860 (160/176) Installing hexdump (2.40-r2)
#11 5.877 (161/176) Installing uuidgen (2.40-r2)
#11 5.889 (162/176) Installing blkid (2.40-r2)
#11 5.902 (163/176) Installing sfdisk (2.40-r2)
#11 5.915 (164/176) Installing mcookie (2.40-r2)
#11 5.930 (165/176) Installing agetty (2.40-r2)
#11 5.944 (166/176) Installing wipefs (2.40-r2)
#11 5.957 (167/176) Installing cfdisk (2.40-r2)
#11 5.969 (168/176) Installing umount (2.40-r2)
#11 5.981 (169/176) Installing flock (2.40-r2)
#11 5.993 (170/176) Installing lsblk (2.40-r2)
#11 6.006 (171/176) Installing setpriv (2.40-r2)
#11 6.021 (172/176) Installing logger (2.40-r2)
#11 6.033 (173/176) Installing partx (2.40-r2)
#11 6.045 (174/176) Installing fstrim (2.40-r2)
#11 6.057 (175/176) Installing findmnt (2.40-r2)
#11 6.073 (176/176) Installing virtme-ng@testing (1.23-r1)
#11 6.130 Executing busybox-1.36.1-r17.trigger
#11 6.134 Executing ca-certificates-20240226-r0.trigger
#11 6.156 Executing glib-2.80.0-r3.trigger
#11 6.164 OK: 383 MiB in 187 packages
#11 DONE 6.5s

#12 [ 8/22] RUN mkdir -p /tmp/kernel-patches &&     mkdir -p /tmp/iproute2-patches
#12 DONE 0.4s

#13 [ 9/22] COPY tdc.config /tmp
#13 DONE 0.0s

#14 [10/22] COPY tdc-debug.config /tmp
#14 DONE 0.2s

#15 [11/22] COPY kernel-patches /tmp/kernel-patches/
#15 DONE 0.0s

#16 [12/22] COPY iproute2-patches /tmp/iproute2-patches/
#16 DONE 0.0s

#17 [13/22] COPY configs /tmp/configs/
#17 DONE 0.0s

#18 [14/22] RUN git config --global user.email foo@bar.com
#18 DONE 0.3s

#19 [15/22] RUN git config --global user.name foo@bar.com
#19 DONE 0.4s

#20 [16/22] RUN git clone https://git.kernel.org/pub/scm/network/iproute2/iproute2-next.git /nipa-data/iproute2
#20 0.428 Cloning into '/nipa-data/iproute2'...
#20 DONE 2.0s

#21 [17/22] RUN cd /nipa-data/iproute2 && 	git remote add stable https://git.kernel.org/pub/scm/network/iproute2/iproute2.git && 	git fetch --all && 	git merge stable/main
#21 0.411 Fetching origin
#21 0.690 Fetching stable
#21 1.153 From https://git.kernel.org/pub/scm/network/iproute2/iproute2
#21 1.153  * [new branch]        codeql         -> stable/codeql
#21 1.153  * [new branch]        iproute2-4.1.x -> stable/iproute2-4.1.x
#21 1.153  * [new branch]        main           -> stable/main
#21 1.195 Auto-merging ip/iplink.c
#21 1.195 Auto-merging man/man8/ip-link.8.in
#21 1.195 Auto-merging tc/f_u32.c
#21 1.195 Auto-merging tc/m_sample.c
#21 1.210 Merge made by the 'ort' strategy.
#21 1.215  ip/ip.c               | 10 +++++-----
#21 1.215  ip/iplink.c           |  2 +-
#21 1.215  ip/iproute_lwtunnel.c |  7 ++-----
#21 1.215  ip/rtmon.c            |  4 ++--
#21 1.215  lib/exec.c            |  7 ++++++-
#21 1.215  man/man8/ip-link.8.in |  2 +-
#21 1.215  tc/f_u32.c            |  2 +-
#21 1.215  tc/m_sample.c         |  7 ++-----
#21 1.215  tc/tc.c               |  2 +-
#21 1.215  9 files changed, 21 insertions(+), 22 deletions(-)
#21 DONE 1.2s

#22 [18/22] RUN if [ "$(find /tmp/iproute2-patches/ -name *.patch)" ]; then  	cd /nipa-data/iproute2; 	git apply /tmp/iproute2-patches/*.patch;     fi
#22 DONE 0.4s

#23 [19/22] RUN cd /nipa-data/iproute2/ &&     ./configure &&     make
#23 0.380 TC schedulers
#23 0.381  IPT	using xtables
#23 0.410  IPSET  yes
#23 0.431 
#23 0.431 lib directory: /usr/lib
#23 0.432 libc has setns: yes
#23 0.451 libc has name_to_handle_at: yes
#23 0.471 SELinux support: no
#23 0.472 libtirpc support: no
#23 0.473 libbpf support: yes
#23 0.539 	libbpf version 1.4.0
#23 0.539 ELF support: yes
#23 0.541 libmnl support: yes
#23 0.543 Berkeley DB: no
#23 0.553 need for strlcpy: no
#23 0.573 libcap support: yes
#23 0.575 color output: never
#23 0.577 
#23 0.577 lib
#23 0.579     CC       libgenl.o
#23 0.594 In file included from ../include/libgenl.h:5,
#23 0.594                  from libgenl.c:12:
#23 0.594 ../include/libnetlink.h: In function 'rta_getattr_be64':
#23 0.594 ../include/libnetlink.h:280:16: warning: implicit declaration of function 'htobe64' [-Wimplicit-function-declaration]
#23 0.594   280 |         return htobe64(rta_getattr_u64(rta));
#23 0.594       |                ^~~~~~~
#23 0.622     CC       libnetlink.o
#23 0.942     CC       mnl_utils.o
#23 0.954 In file included from mnl_utils.c:12:
#23 0.954 ../include/libnetlink.h: In function 'rta_getattr_be64':
#23 0.954 ../include/libnetlink.h:280:16: warning: implicit declaration of function 'htobe64' [-Wimplicit-function-declaration]
#23 0.954   280 |         return htobe64(rta_getattr_u64(rta));
#23 0.954       |                ^~~~~~~
#23 1.017     AR       libnetlink.a
#23 1.019     CC       utils.o
#23 1.394     CC       utils_math.o
#23 1.441     CC       rt_names.o
#23 1.609     CC       ll_map.o
#23 1.622 In file included from ll_map.c:17:
#23 1.622 ../include/libnetlink.h: In function 'rta_getattr_be64':
#23 1.622 ../include/libnetlink.h:280:16: warning: implicit declaration of function 'htobe64' [-Wimplicit-function-declaration]
#23 1.622   280 |         return htobe64(rta_getattr_u64(rta));
#23 1.622       |                ^~~~~~~
#23 1.701     CC       ll_types.o
#23 1.718 In file included from ll_types.c:20:
#23 1.718 ../include/uapi/linux/sockios.h:42: warning: "SIOCGSTAMP" redefined
#23 1.718    42 | #define SIOCGSTAMP      SIOCGSTAMP_OLD
#23 1.718       | 
#23 1.718 In file included from /usr/include/sys/ioctl.h:10,
#23 1.718                  from ll_types.c:12:
#23 1.718 /usr/include/bits/ioctl.h:111: note: this is the location of the previous definition
#23 1.718   111 | #define SIOCGSTAMP      0x8906
#23 1.718       | 
#23 1.718 ../include/uapi/linux/sockios.h:43: warning: "SIOCGSTAMPNS" redefined
#23 1.718    43 | #define SIOCGSTAMPNS    SIOCGSTAMPNS_OLD
#23 1.718       | 
#23 1.718 /usr/include/bits/ioctl.h:112: note: this is the location of the previous definition
#23 1.718   112 | #define SIOCGSTAMPNS    0x8907
#23 1.718       | 
#23 1.739     CC       ll_proto.o
#23 1.751 In file included from ll_proto.c:21:
#23 1.751 ../include/uapi/linux/sockios.h:42: warning: "SIOCGSTAMP" redefined
#23 1.751    42 | #define SIOCGSTAMP      SIOCGSTAMP_OLD
#23 1.751       | 
#23 1.751 In file included from /usr/include/sys/ioctl.h:10,
#23 1.751                  from ll_proto.c:13:
#23 1.751 /usr/include/bits/ioctl.h:111: note: this is the location of the previous definition
#23 1.751   111 | #define SIOCGSTAMP      0x8906
#23 1.751       | 
#23 1.751 ../include/uapi/linux/sockios.h:43: warning: "SIOCGSTAMPNS" redefined
#23 1.751    43 | #define SIOCGSTAMPNS    SIOCGSTAMPNS_OLD
#23 1.751       | 
#23 1.751 /usr/include/bits/ioctl.h:112: note: this is the location of the previous definition
#23 1.751   112 | #define SIOCGSTAMPNS    0x8907
#23 1.751       | 
#23 1.765     CC       ll_addr.o
#23 1.777 In file included from ll_addr.c:20:
#23 1.777 ../include/uapi/linux/sockios.h:42: warning: "SIOCGSTAMP" redefined
#23 1.777    42 | #define SIOCGSTAMP      SIOCGSTAMP_OLD
#23 1.777       | 
#23 1.777 In file included from /usr/include/sys/ioctl.h:10,
#23 1.777                  from ll_addr.c:12:
#23 1.777 /usr/include/bits/ioctl.h:111: note: this is the location of the previous definition
#23 1.777   111 | #define SIOCGSTAMP      0x8906
#23 1.777       | 
#23 1.777 ../include/uapi/linux/sockios.h:43: warning: "SIOCGSTAMPNS" redefined
#23 1.777    43 | #define SIOCGSTAMPNS    SIOCGSTAMPNS_OLD
#23 1.777       | 
#23 1.777 /usr/include/bits/ioctl.h:112: note: this is the location of the previous definition
#23 1.777   112 | #define SIOCGSTAMPNS    0x8907
#23 1.777       | 
#23 1.809     CC       inet_proto.o
#23 1.840     CC       namespace.o
#23 1.892     CC       json_writer.o
#23 1.970     CC       json_print.o
#23 2.090     CC       json_print_math.o
#23 2.120     CC       names.o
#23 2.164     CC       color.o
#23 2.204     CC       bpf_legacy.o
#23 2.563     CC       bpf_glue.o
#23 2.597     CC       exec.o
#23 2.626     CC       fs.o
#23 2.702     CC       cg_map.o
#23 2.739     CC       ppp_proto.o
#23 2.761     CC       bpf_libbpf.o
#23 2.834     CC       selinux.o
#23 2.852     CC       ax25_ntop.o
#23 2.879     CC       rose_ntop.o
#23 2.891 In file included from rose_ntop.c:16:
#23 2.891 ../include/uapi/linux/sockios.h:42: warning: "SIOCGSTAMP" redefined
#23 2.891    42 | #define SIOCGSTAMP      SIOCGSTAMP_OLD
#23 2.891       | 
#23 2.891 In file included from /usr/include/sys/ioctl.h:10,
#23 2.891                  from rose_ntop.c:7:
#23 2.891 /usr/include/bits/ioctl.h:111: note: this is the location of the previous definition
#23 2.891   111 | #define SIOCGSTAMP      0x8906
#23 2.891       | 
#23 2.891 ../include/uapi/linux/sockios.h:43: warning: "SIOCGSTAMPNS" redefined
#23 2.891    43 | #define SIOCGSTAMPNS    SIOCGSTAMPNS_OLD
#23 2.891       | 
#23 2.891 /usr/include/bits/ioctl.h:112: note: this is the location of the previous definition
#23 2.891   112 | #define SIOCGSTAMPNS    0x8907
#23 2.891       | 
#23 2.907     CC       mpls_ntop.o
#23 2.933     CC       mpls_pton.o
#23 2.960     CC       netrom_ntop.o
#23 2.982     AR       libutil.a
#23 2.987 
#23 2.987 ip
#23 2.989     CC       ip.o
#23 3.059     CC       ipaddress.o
#23 3.073 In file included from ipaddress.c:26:
#23 3.073 ../include/uapi/linux/sockios.h:42: warning: "SIOCGSTAMP" redefined
#23 3.073    42 | #define SIOCGSTAMP      SIOCGSTAMP_OLD
#23 3.073       | 
#23 3.073 In file included from /usr/include/sys/ioctl.h:10,
#23 3.073                  from ipaddress.c:14:
#23 3.073 /usr/include/bits/ioctl.h:111: note: this is the location of the previous definition
#23 3.073   111 | #define SIOCGSTAMP      0x8906
#23 3.073       | 
#23 3.073 ../include/uapi/linux/sockios.h:43: warning: "SIOCGSTAMPNS" redefined
#23 3.073    43 | #define SIOCGSTAMPNS    SIOCGSTAMPNS_OLD
#23 3.073       | 
#23 3.073 /usr/include/bits/ioctl.h:112: note: this is the location of the previous definition
#23 3.073   112 | #define SIOCGSTAMPNS    0x8907
#23 3.073       | 
#23 3.504     CC       ipaddrlabel.o
#23 3.567     CC       iproute.o
#23 4.070     CC       iprule.o
#23 4.256     CC       ipnetns.o
#23 4.448     CC       rtm_map.o
#23 4.484     CC       iptunnel.o
#23 4.496 In file included from ../include/uapi/linux/if_tunnel.h:6,
#23 4.496                  from iptunnel.c:19:
#23 4.496 ../include/uapi/linux/if.h:134: warning: "IFF_VOLATILE" redefined
#23 4.496   134 | #define IFF_VOLATILE    (IFF_LOOPBACK|IFF_POINTOPOINT|IFF_BROADCAST|IFF_ECHO|\
#23 4.496       | 
#23 4.496 In file included from iptunnel.c:16:
#23 4.496 /usr/include/net/if.h:48: note: this is the location of the previous definition
#23 4.496    48 | #define IFF_VOLATILE (IFF_LOOPBACK|IFF_POINTOPOINT|IFF_BROADCAST| \
#23 4.496       | 
#23 4.624     CC       ip6tunnel.o
#23 4.736     CC       tunnel.o
#23 4.826     CC       ipneigh.o
#23 4.970     CC       ipntable.o
#23 5.073     CC       iplink.o
#23 5.358     CC       ipmaddr.o
#23 5.371 In file included from ipmaddr.c:21:
#23 5.371 ../include/uapi/linux/sockios.h:42: warning: "SIOCGSTAMP" redefined
#23 5.371    42 | #define SIOCGSTAMP      SIOCGSTAMP_OLD
#23 5.371       | 
#23 5.371 In file included from /usr/include/sys/ioctl.h:10,
#23 5.371                  from ipmaddr.c:12:
#23 5.371 /usr/include/bits/ioctl.h:111: note: this is the location of the previous definition
#23 5.371   111 | #define SIOCGSTAMP      0x8906
#23 5.371       | 
#23 5.371 ../include/uapi/linux/sockios.h:43: warning: "SIOCGSTAMPNS" redefined
#23 5.371    43 | #define SIOCGSTAMPNS    SIOCGSTAMPNS_OLD
#23 5.371       | 
#23 5.371 /usr/include/bits/ioctl.h:112: note: this is the location of the previous definition
#23 5.371   112 | #define SIOCGSTAMPNS    0x8907
#23 5.371       | 
#23 5.447     CC       ipmonitor.o
#23 5.523     CC       ipmroute.o
#23 5.535 In file included from ipmroute.c:22:
#23 5.535 ../include/uapi/linux/sockios.h:42: warning: "SIOCGSTAMP" redefined
#23 5.535    42 | #define SIOCGSTAMP      SIOCGSTAMP_OLD
#23 5.535       | 
#23 5.535 In file included from /usr/include/sys/ioctl.h:10,
#23 5.535                  from ipmroute.c:13:
#23 5.535 /usr/include/bits/ioctl.h:111: note: this is the location of the previous definition
#23 5.535   111 | #define SIOCGSTAMP      0x8906
#23 5.535       | 
#23 5.535 ../include/uapi/linux/sockios.h:43: warning: "SIOCGSTAMPNS" redefined
#23 5.535    43 | #define SIOCGSTAMPNS    SIOCGSTAMPNS_OLD
#23 5.535       | 
#23 5.535 /usr/include/bits/ioctl.h:112: note: this is the location of the previous definition
#23 5.535   112 | #define SIOCGSTAMPNS    0x8907
#23 5.535       | 
#23 5.603     CC       ipprefix.o
#23 5.633     CC       iptuntap.o
#23 5.757     CC       iptoken.o
#23 5.811     CC       ipxfrm.o
#23 6.110     CC       xfrm_state.o
#23 6.417     CC       xfrm_policy.o
#23 6.641     CC       xfrm_monitor.o
#23 6.717     CC       iplink_dummy.o
#23 6.742     CC       iplink_ifb.o
#23 6.765     CC       iplink_nlmon.o
#23 6.787     CC       iplink_team.o
#23 6.809     CC       iplink_vcan.o
#23 6.830     CC       iplink_vxcan.o
#23 6.859     CC       iplink_vlan.o
#23 6.928     CC       link_veth.o
#23 6.956     CC       link_gre.o
#23 6.967 In file included from ../include/uapi/linux/if_tunnel.h:6,
#23 6.967                  from link_gre.c:15:
#23 6.967 ../include/uapi/linux/if.h:134: warning: "IFF_VOLATILE" redefined
#23 6.967   134 | #define IFF_VOLATILE    (IFF_LOOPBACK|IFF_POINTOPOINT|IFF_BROADCAST|IFF_ECHO|\
#23 6.967       | 
#23 6.967 In file included from link_gre.c:9:
#23 6.967 /usr/include/net/if.h:48: note: this is the location of the previous definition
#23 6.967    48 | #define IFF_VOLATILE (IFF_LOOPBACK|IFF_POINTOPOINT|IFF_BROADCAST| \
#23 6.967       | 
#23 7.071     CC       iplink_can.o
#23 7.209     CC       iplink_xdp.o
#23 7.266     CC       iplink_macvlan.o
#23 7.332     CC       ipl2tp.o
#23 7.492     CC       link_vti.o
#23 7.503 In file included from ../include/uapi/linux/if_tunnel.h:6,
#23 7.503                  from link_vti.c:16:
#23 7.503 ../include/uapi/linux/if.h:134: warning: "IFF_VOLATILE" redefined
#23 7.503   134 | #define IFF_VOLATILE    (IFF_LOOPBACK|IFF_POINTOPOINT|IFF_BROADCAST|IFF_ECHO|\
#23 7.503       | 
#23 7.503 In file included from link_vti.c:10:
#23 7.503 /usr/include/net/if.h:48: note: this is the location of the previous definition
#23 7.503    48 | #define IFF_VOLATILE (IFF_LOOPBACK|IFF_POINTOPOINT|IFF_BROADCAST| \
#23 7.503       | 
#23 7.550     CC       link_vti6.o
#23 7.562 In file included from ../include/uapi/linux/if_tunnel.h:6,
#23 7.562                  from link_vti6.c:17:
#23 7.562 ../include/uapi/linux/if.h:134: warning: "IFF_VOLATILE" redefined
#23 7.562   134 | #define IFF_VOLATILE    (IFF_LOOPBACK|IFF_POINTOPOINT|IFF_BROADCAST|IFF_ECHO|\
#23 7.562       | 
#23 7.562 In file included from link_vti6.c:11:
#23 7.562 /usr/include/net/if.h:48: note: this is the location of the previous definition
#23 7.562    48 | #define IFF_VOLATILE (IFF_LOOPBACK|IFF_POINTOPOINT|IFF_BROADCAST| \
#23 7.562       | 
#23 7.611     CC       link_xfrm.o
#23 7.650     CC       iplink_vxlan.o
#23 7.802     CC       tcp_metrics.o
#23 7.910     CC       iplink_ipoib.o
#23 7.952     CC       ipnetconf.o
#23 8.019     CC       link_ip6tnl.o
#23 8.030 In file included from ../include/uapi/linux/if_tunnel.h:6,
#23 8.030                  from link_ip6tnl.c:15:
#23 8.030 ../include/uapi/linux/if.h:134: warning: "IFF_VOLATILE" redefined
#23 8.030   134 | #define IFF_VOLATILE    (IFF_LOOPBACK|IFF_POINTOPOINT|IFF_BROADCAST|IFF_ECHO|\
#23 8.030       | 
#23 8.030 In file included from link_ip6tnl.c:9:
#23 8.030 /usr/include/net/if.h:48: note: this is the location of the previous definition
#23 8.030    48 | #define IFF_VOLATILE (IFF_LOOPBACK|IFF_POINTOPOINT|IFF_BROADCAST| \
#23 8.030       | 
#23 8.117     CC       link_iptnl.o
#23 8.128 In file included from ../include/uapi/linux/if_tunnel.h:6,
#23 8.128                  from link_iptnl.c:16:
#23 8.128 ../include/uapi/linux/if.h:134: warning: "IFF_VOLATILE" redefined
#23 8.128   134 | #define IFF_VOLATILE    (IFF_LOOPBACK|IFF_POINTOPOINT|IFF_BROADCAST|IFF_ECHO|\
#23 8.128       | 
#23 8.128 In file included from link_iptnl.c:9:
#23 8.128 /usr/include/net/if.h:48: note: this is the location of the previous definition
#23 8.128    48 | #define IFF_VOLATILE (IFF_LOOPBACK|IFF_POINTOPOINT|IFF_BROADCAST| \
#23 8.128       | 
#23 8.222     CC       link_gre6.o
#23 8.232 In file included from ../include/uapi/linux/if_tunnel.h:6,
#23 8.232                  from link_gre6.c:15:
#23 8.232 ../include/uapi/linux/if.h:134: warning: "IFF_VOLATILE" redefined
#23 8.232   134 | #define IFF_VOLATILE    (IFF_LOOPBACK|IFF_POINTOPOINT|IFF_BROADCAST|IFF_ECHO|\
#23 8.232       | 
#23 8.232 In file included from link_gre6.c:9:
#23 8.232 /usr/include/net/if.h:48: note: this is the location of the previous definition
#23 8.232    48 | #define IFF_VOLATILE (IFF_LOOPBACK|IFF_POINTOPOINT|IFF_BROADCAST| \
#23 8.232       | 
#23 8.380     CC       iplink_bond.o
#23 8.569     CC       iplink_bond_slave.o
#23 8.630     CC       iplink_hsr.o
#23 8.693     CC       iplink_bridge.o
#23 8.842     CC       iplink_bridge_slave.o
#23 8.938     CC       iplink_dsa.o
#23 8.969     CC       ipfou.o
#23 8.983 In file included from ../include/libgenl.h:5,
#23 8.983                  from ipfou.c:18:
#23 8.983 ../include/libnetlink.h: In function 'rta_getattr_be64':
#23 8.984 ../include/libnetlink.h:280:16: warning: implicit declaration of function 'htobe64' [-Wimplicit-function-declaration]
#23 8.984   280 |         return htobe64(rta_getattr_u64(rta));
#23 8.984       |                ^~~~~~~
#23 9.052     CC       iplink_ipvlan.o
#23 9.091     CC       iplink_geneve.o
#23 9.179     CC       iplink_vrf.o
#23 9.227     CC       iproute_lwtunnel.o
#23 9.622     CC       ipmacsec.o
#23 9.869     CC       ipila.o
#23 9.882 In file included from ../include/libgenl.h:5,
#23 9.882                  from ipila.c:18:
#23 9.882 ../include/libnetlink.h: In function 'rta_getattr_be64':
#23 9.882 ../include/libnetlink.h:280:16: warning: implicit declaration of function 'htobe64' [-Wimplicit-function-declaration]
#23 9.882   280 |         return htobe64(rta_getattr_u64(rta));
#23 9.882       |                ^~~~~~~
#23 9.945     CC       ipvrf.o
#23 10.06     CC       iplink_xstats.o
#23 10.09     CC       ipseg6.o
#23 10.14     CC       iplink_netdevsim.o
#23 10.17     CC       iplink_rmnet.o
#23 10.20     CC       ipnexthop.o
#23 10.45     CC       ipmptcp.o
#23 10.57     CC       iplink_bareudp.o
#23 10.58 In file included from iplink_bareudp.c:9:
#23 10.58 ../include/libnetlink.h: In function 'rta_getattr_be64':
#23 10.58 ../include/libnetlink.h:280:16: warning: implicit declaration of function 'htobe64' [-Wimplicit-function-declaration]
#23 10.58   280 |         return htobe64(rta_getattr_u64(rta));
#23 10.58       |                ^~~~~~~
#23 10.61     CC       iplink_wwan.o
#23 10.65     CC       ipioam6.o
#23 10.73     CC       iplink_amt.o
#23 10.78     CC       iplink_batadv.o
#23 10.81     CC       iplink_gtp.o
#23 10.85     CC       iplink_virt_wifi.o
#23 10.87     CC       iplink_netkit.o
#23 10.92     CC       ipstats.o
#23 11.13     LINK     ip
#23 11.16     CC       rtmon.o
#23 11.22     LINK     rtmon
#23 11.23 
#23 11.23 tc
#23 11.23     CC       tc.o
#23 11.32     CC       tc_qdisc.o
#23 11.46     CC       tc_class.o
#23 11.58     CC       tc_filter.o
#23 11.75     CC       tc_util.o
#23 11.95     CC       tc_monitor.o
#23 11.99     CC       tc_exec.o
#23 12.02     CC       m_police.o
#23 12.11     CC       m_estimator.o
#23 12.14     CC       m_action.o
#23 12.32     CC       m_ematch.o
#23 12.43     YACC     emp_ematch.tab.c
#23 12.49     CC       emp_ematch.tab.o
#23 12.60     LEX      emp_ematch.lex.c
#23 12.61     CC       emp_ematch.lex.o
#23 12.79     CC       q_fifo.o
#23 12.83     CC       q_sfq.o
#23 12.91     CC       q_red.o
#23 12.98     CC       q_prio.o
#23 13.03     CC       q_skbprio.o
#23 13.06     CC       q_tbf.o
#23 13.15     CC       q_multiq.o
#23 13.18     CC       q_netem.o
#23 13.39     CC       q_choke.o
#23 13.45     CC       q_sfb.o
#23 13.51     CC       f_u32.o
#23 13.77     CC       f_route.o
#23 13.82     CC       f_fw.o
#23 13.87     CC       f_basic.o
#23 13.92     CC       f_bpf.o
#23 13.99     CC       f_flow.o
#23 14.08     CC       f_cgroup.o
#23 14.12     CC       f_flower.o
#23 14.13 In file included from ../include/uapi/linux/netdevice.h:29,
#23 14.13                  from ../include/uapi/linux/if_arp.h:27,
#23 14.13                  from f_flower.c:14:
#23 14.13 ../include/uapi/linux/if.h:134: warning: "IFF_VOLATILE" redefined
#23 14.13   134 | #define IFF_VOLATILE    (IFF_LOOPBACK|IFF_POINTOPOINT|IFF_BROADCAST|IFF_ECHO|\
#23 14.13       | 
#23 14.13 In file included from f_flower.c:12:
#23 14.13 /usr/include/net/if.h:48: note: this is the location of the previous definition
#23 14.13    48 | #define IFF_VOLATILE (IFF_LOOPBACK|IFF_POINTOPOINT|IFF_BROADCAST| \
#23 14.13       | 
#23 14.65     CC       q_gred.o
#23 14.76     CC       q_ingress.o
#23 14.79     CC       q_hfsc.o
#23 14.87     CC       q_htb.o
#23 14.97     CC       q_drr.o
#23 15.01     CC       q_qfq.o
#23 15.06     CC       m_gact.o
#23 15.13     CC       m_mirred.o
#23 15.20     CC       m_mpls.o
#23 15.27     CC       m_nat.o
#23 15.31     CC       m_pedit.o
#23 15.45     CC       m_ife.o
#23 15.52     CC       m_skbedit.o
#23 15.59     CC       m_skbmod.o
#23 15.65     CC       m_csum.o
#23 15.71     CC       m_simple.o
#23 15.76     CC       m_vlan.o
#23 15.82     CC       m_connmark.o
#23 15.86     CC       m_ctinfo.o
#23 15.92     CC       m_bpf.o
#23 15.97     CC       m_tunnel_key.o
#23 16.09     CC       m_sample.o
#23 16.15     CC       m_ct.o
#23 16.25     CC       m_gate.o
#23 16.35     CC       p_ip.o
#23 16.40     CC       p_ip6.o
#23 16.43     CC       p_icmp.o
#23 16.45     CC       p_eth.o
#23 16.48     CC       p_tcp.o
#23 16.52     CC       p_udp.o
#23 16.55     CC       em_nbyte.o
#23 16.59     CC       em_cmp.o
#23 16.65     CC       em_u32.o
#23 16.71     CC       em_canid.o
#23 16.76     CC       em_meta.o
#23 16.86     CC       q_mqprio.o
#23 16.98     CC       q_codel.o
#23 17.05     CC       q_fq_codel.o
#23 17.13     CC       q_fq.o
#23 17.27     CC       q_pie.o
#23 17.33     CC       q_fq_pie.o
#23 17.40     CC       q_cake.o
#23 17.60     CC       q_hhf.o
#23 17.66     CC       q_clsact.o
#23 17.69     CC       e_bpf.o
#23 17.75     CC       f_matchall.o
#23 17.79     CC       q_cbs.o
#23 17.84     CC       q_etf.o
#23 17.89     CC       q_taprio.o
#23 18.01     CC       q_plug.o
#23 18.04     CC       q_ets.o
#23 18.12     CC       em_ipt.o
#23 18.14 In file included from tc_util.h:7,
#23 18.14                  from m_ematch.h:11,
#23 18.14                  from em_ipt.c:13:
#23 18.14 ../include/uapi/linux/if.h:134: warning: "IFF_VOLATILE" redefined
#23 18.14   134 | #define IFF_VOLATILE    (IFF_LOOPBACK|IFF_POINTOPOINT|IFF_BROADCAST|IFF_ECHO|\
#23 18.14       | 
#23 18.14 In file included from ../include/xtables.h:17,
#23 18.14                  from em_ipt.c:12:
#23 18.14 /usr/include/net/if.h:48: note: this is the location of the previous definition
#23 18.14    48 | #define IFF_VOLATILE (IFF_LOOPBACK|IFF_POINTOPOINT|IFF_BROADCAST| \
#23 18.14       | 
#23 18.17     CC       em_ipset.o
#23 18.19 In file included from tc_util.h:7,
#23 18.19                  from m_ematch.h:11,
#23 18.19                  from em_ipset.c:39:
#23 18.19 ../include/uapi/linux/if.h:134: warning: "IFF_VOLATILE" redefined
#23 18.19   134 | #define IFF_VOLATILE    (IFF_LOOPBACK|IFF_POINTOPOINT|IFF_BROADCAST|IFF_ECHO|\
#23 18.19       | 
#23 18.19 In file included from ../include/xtables.h:17,
#23 18.19                  from em_ipset.c:23:
#23 18.19 /usr/include/net/if.h:48: note: this is the location of the previous definition
#23 18.19    48 | #define IFF_VOLATILE (IFF_LOOPBACK|IFF_POINTOPOINT|IFF_BROADCAST| \
#23 18.19       | 
#23 18.22     CC       tc_core.o
#23 18.31     CC       tc_red.o
#23 18.36     CC       tc_estimator.o
#23 18.39     CC       tc_stab.o
#23 18.46     CC       tc_qevent.o
#23 18.47 In file included from tc_qevent.h:7,
#23 18.47                  from tc_qevent.c:10:
#23 18.47 ../include/libnetlink.h: In function 'rta_getattr_be64':
#23 18.47 ../include/libnetlink.h:280:16: warning: implicit declaration of function 'htobe64' [-Wimplicit-function-declaration]
#23 18.47   280 |         return htobe64(rta_getattr_u64(rta));
#23 18.47       |                ^~~~~~~
#23 18.52     AR       libtc.a
#23 18.52     LINK     tc
#23 18.55 rm emp_ematch.lex.c
#23 18.55 
#23 18.55 bridge
#23 18.55     CC       bridge.o
#23 18.60     CC       fdb.o
#23 18.62 In file included from fdb.c:28:
#23 18.62 ../include/libnetlink.h: In function 'rta_getattr_be64':
#23 18.62 ../include/libnetlink.h:280:16: warning: implicit declaration of function 'htobe64' [-Wimplicit-function-declaration]
#23 18.62   280 |         return htobe64(rta_getattr_u64(rta));
#23 18.62       |                ^~~~~~~
#23 18.80     CC       monitor.o
#23 18.84     CC       link.o
#23 18.85 In file included from link.c:16:
#23 18.85 ../include/libnetlink.h: In function 'rta_getattr_be64':
#23 18.85 ../include/libnetlink.h:280:16: warning: implicit declaration of function 'htobe64' [-Wimplicit-function-declaration]
#23 18.85   280 |         return htobe64(rta_getattr_u64(rta));
#23 18.85       |                ^~~~~~~
#23 19.01     CC       mdb.o
#23 19.02 In file included from mdb.c:20:
#23 19.02 ../include/libnetlink.h: In function 'rta_getattr_be64':
#23 19.02 ../include/libnetlink.h:280:16: warning: implicit declaration of function 'htobe64' [-Wimplicit-function-declaration]
#23 19.02   280 |         return htobe64(rta_getattr_u64(rta));
#23 19.02       |                ^~~~~~~
#23 19.20     CC       vlan.o
#23 19.21 In file included from vlan.c:14:
#23 19.21 ../include/json_print.h:80:30: warning: 'struct timeval' declared inside parameter list will not be visible outside of this definition or declaration
#23 19.21    80 | _PRINT_FUNC(tv, const struct timeval *)
#23 19.21       |                              ^~~~~~~
#23 19.21 ../include/json_print.h:50:37: note: in definition of macro '_PRINT_FUNC'
#23 19.21    50 |                                     type value);                        \
#23 19.21       |                                     ^~~~
#23 19.21 ../include/json_print.h:80:30: warning: 'struct timeval' declared inside parameter list will not be visible outside of this definition or declaration
#23 19.21    80 | _PRINT_FUNC(tv, const struct timeval *)
#23 19.21       |                              ^~~~~~~
#23 19.21 ../include/json_print.h:55:45: note: in definition of macro '_PRINT_FUNC'
#23 19.21    55 |                                             type value)                 \
#23 19.21       |                                             ^~~~
#23 19.21 ../include/json_print.h: In function 'print_tv':
#23 19.21 ../include/json_print.h:58:48: warning: passing argument 5 of 'print_color_tv' from incompatible pointer type [-Wincompatible-pointer-types]
#23 19.21    58 |                                                value);                  \
#23 19.21       |                                                ^~~~~
#23 19.21       |                                                |
#23 19.21       |                                                const struct timeval *
#23 19.21 ../include/json_print.h:80:1: note: in expansion of macro '_PRINT_FUNC'
#23 19.21    80 | _PRINT_FUNC(tv, const struct timeval *)
#23 19.21       | ^~~~~~~~~~~
#23 19.21 ../include/json_print.h:50:42: note: expected 'const struct timeval *' but argument is of type 'const struct timeval *'
#23 19.21    50 |                                     type value);                        \
#23 19.21       |                                          ^
#23 19.21 ../include/json_print.h:80:1: note: in expansion of macro '_PRINT_FUNC'
#23 19.21    80 | _PRINT_FUNC(tv, const struct timeval *)
#23 19.21       | ^~~~~~~~~~~
#23 19.21 In file included from vlan.c:15:
#23 19.21 ../include/libnetlink.h: In function 'rta_getattr_be64':
#23 19.21 ../include/libnetlink.h:280:16: warning: implicit declaration of function 'htobe64' [-Wimplicit-function-declaration]
#23 19.21   280 |         return htobe64(rta_getattr_u64(rta));
#23 19.21       |                ^~~~~~~
#23 19.43     CC       vni.o
#23 19.44 In file included from vni.c:19:
#23 19.44 ../include/json_print.h:80:30: warning: 'struct timeval' declared inside parameter list will not be visible outside of this definition or declaration
#23 19.44    80 | _PRINT_FUNC(tv, const struct timeval *)
#23 19.44       |                              ^~~~~~~
#23 19.44 ../include/json_print.h:50:37: note: in definition of macro '_PRINT_FUNC'
#23 19.44    50 |                                     type value);                        \
#23 19.44       |                                     ^~~~
#23 19.44 ../include/json_print.h:80:30: warning: 'struct timeval' declared inside parameter list will not be visible outside of this definition or declaration
#23 19.44    80 | _PRINT_FUNC(tv, const struct timeval *)
#23 19.44       |                              ^~~~~~~
#23 19.44 ../include/json_print.h:55:45: note: in definition of macro '_PRINT_FUNC'
#23 19.44    55 |                                             type value)                 \
#23 19.44       |                                             ^~~~
#23 19.44 ../include/json_print.h: In function 'print_tv':
#23 19.44 ../include/json_print.h:58:48: warning: passing argument 5 of 'print_color_tv' from incompatible pointer type [-Wincompatible-pointer-types]
#23 19.44    58 |                                                value);                  \
#23 19.44       |                                                ^~~~~
#23 19.44       |                                                |
#23 19.44       |                                                const struct timeval *
#23 19.44 ../include/json_print.h:80:1: note: in expansion of macro '_PRINT_FUNC'
#23 19.44    80 | _PRINT_FUNC(tv, const struct timeval *)
#23 19.44       | ^~~~~~~~~~~
#23 19.44 ../include/json_print.h:50:42: note: expected 'const struct timeval *' but argument is of type 'const struct timeval *'
#23 19.44    50 |                                     type value);                        \
#23 19.44       |                                          ^
#23 19.44 ../include/json_print.h:80:1: note: in expansion of macro '_PRINT_FUNC'
#23 19.44    80 | _PRINT_FUNC(tv, const struct timeval *)
#23 19.44       | ^~~~~~~~~~~
#23 19.45 In file included from vni.c:20:
#23 19.45 ../include/libnetlink.h: In function 'rta_getattr_be64':
#23 19.45 ../include/libnetlink.h:280:16: warning: implicit declaration of function 'htobe64' [-Wimplicit-function-declaration]
#23 19.45   280 |         return htobe64(rta_getattr_u64(rta));
#23 19.45       |                ^~~~~~~
#23 19.51     LINK     bridge
#23 19.53 
#23 19.53 misc
#23 19.53     CC       ss.o
#23 19.55 In file included from ../include/uapi/linux/tipc.h:42,
#23 19.55                  from ss.c:49:
#23 19.55 ../include/uapi/linux/sockios.h:42: warning: "SIOCGSTAMP" redefined
#23 19.55    42 | #define SIOCGSTAMP      SIOCGSTAMP_OLD
#23 19.55       | 
#23 19.55 In file included from /usr/include/sys/ioctl.h:10,
#23 19.55                  from ss.c:12:
#23 19.55 /usr/include/bits/ioctl.h:111: note: this is the location of the previous definition
#23 19.55   111 | #define SIOCGSTAMP      0x8906
#23 19.55       | 
#23 19.55 ../include/uapi/linux/sockios.h:43: warning: "SIOCGSTAMPNS" redefined
#23 19.55    43 | #define SIOCGSTAMPNS    SIOCGSTAMPNS_OLD
#23 19.55       | 
#23 19.55 /usr/include/bits/ioctl.h:112: note: this is the location of the previous definition
#23 19.55   112 | #define SIOCGSTAMPNS    0x8907
#23 19.55       | 
#23 20.42     CC       ssfilter_check.o
#23 20.43 In file included from ssfilter_check.c:6:
#23 20.43 ../include/libnetlink.h: In function 'rta_getattr_be64':
#23 20.43 ../include/libnetlink.h:280:16: warning: implicit declaration of function 'htobe64' [-Wimplicit-function-declaration]
#23 20.43   280 |         return htobe64(rta_getattr_u64(rta));
#23 20.43       |                ^~~~~~~
#23 20.45     YACC     ssfilter.tab.c
#23 20.52     CC       ssfilter.tab.o
#23 20.62     LINK     ss
#23 20.64     CC       nstat
#23 20.65 In file included from nstat.c:20:
#23 20.65 /usr/include/sys/poll.h:1:2: warning: #warning redirecting incorrect #include <sys/poll.h> to <poll.h> [-Wcpp]
#23 20.65     1 | #warning redirecting incorrect #include <sys/poll.h> to <poll.h>
#23 20.65       |  ^~~~~~~
#23 20.78     CC       ifstat
#23 20.79 In file included from ifstat.c:20:
#23 20.79 /usr/include/sys/poll.h:1:2: warning: #warning redirecting incorrect #include <sys/poll.h> to <poll.h> [-Wcpp]
#23 20.79     1 | #warning redirecting incorrect #include <sys/poll.h> to <poll.h>
#23 20.79       |  ^~~~~~~
#23 20.80 In file included from ifstat.c:30:
#23 20.80 ../include/libnetlink.h: In function 'rta_getattr_be64':
#23 20.80 ../include/libnetlink.h:280:16: warning: implicit declaration of function 'htobe64' [-Wimplicit-function-declaration]
#23 20.80   280 |         return htobe64(rta_getattr_u64(rta));
#23 20.80       |                ^~~~~~~
#23 20.96     CC       rtacct
#23 20.97 In file included from rtacct.c:19:
#23 20.97 /usr/include/sys/poll.h:1:2: warning: #warning redirecting incorrect #include <sys/poll.h> to <poll.h> [-Wcpp]
#23 20.97     1 | #warning redirecting incorrect #include <sys/poll.h> to <poll.h>
#23 20.97       |  ^~~~~~~
#23 21.09     CC       lnstat.o
#23 21.16     CC       lnstat_util.o
#23 21.22     LINK     lnstat
#23 21.23 
#23 21.23 netem
#23 21.23 gcc  -I../include -o maketable maketable.c -lm
#23 21.27 gcc  -I../include -o normal normal.c -lm
#23 21.29 gcc  -I../include -o pareto pareto.c -lm
#23 21.31 gcc  -I../include -o paretonormal paretonormal.c -lm
#23 21.34 ./normal > normal.dist
#23 21.35 ./pareto > pareto.dist
#23 21.35 ./paretonormal > paretonormal.dist
#23 21.36 ./maketable experimental.dat > experimental.dist
#23 21.36 
#23 21.36 genl
#23 21.37     CC       genl.o
#23 21.40     CC       ctrl.o
#23 21.47     LINK     genl
#23 21.49 
#23 21.49 man
#23 21.49 make[2]: Nothing to be done for 'all'.
#23 21.49 make[2]: Nothing to be done for 'all'.
#23 21.49 sed \
#23 21.49 	-e "s|@NETNS_ETC_DIR@|/etc/netns|g" \
#23 21.49 	-e "s|@NETNS_RUN_DIR@|/var/run/netns|g" \
#23 21.49 	-e "s|@SYSCONF_ETC_DIR@|/etc/iproute2|g" \
#23 21.49 	-e "s|@SYSCONF_USR_DIR@|/usr/share/iproute2|g" \
#23 21.49 	ip-address.8.in > ip-address.8
#23 21.49 sed \
#23 21.49 	-e "s|@NETNS_ETC_DIR@|/etc/netns|g" \
#23 21.49 	-e "s|@NETNS_RUN_DIR@|/var/run/netns|g" \
#23 21.49 	-e "s|@SYSCONF_ETC_DIR@|/etc/iproute2|g" \
#23 21.49 	-e "s|@SYSCONF_USR_DIR@|/usr/share/iproute2|g" \
#23 21.49 	ip-link.8.in > ip-link.8
#23 21.50 sed \
#23 21.50 	-e "s|@NETNS_ETC_DIR@|/etc/netns|g" \
#23 21.50 	-e "s|@NETNS_RUN_DIR@|/var/run/netns|g" \
#23 21.50 	-e "s|@SYSCONF_ETC_DIR@|/etc/iproute2|g" \
#23 21.50 	-e "s|@SYSCONF_USR_DIR@|/usr/share/iproute2|g" \
#23 21.50 	ip-netns.8.in > ip-netns.8
#23 21.50 sed \
#23 21.50 	-e "s|@NETNS_ETC_DIR@|/etc/netns|g" \
#23 21.50 	-e "s|@NETNS_RUN_DIR@|/var/run/netns|g" \
#23 21.50 	-e "s|@SYSCONF_ETC_DIR@|/etc/iproute2|g" \
#23 21.50 	-e "s|@SYSCONF_USR_DIR@|/usr/share/iproute2|g" \
#23 21.50 	ip-route.8.in > ip-route.8
#23 21.51 
#23 21.51 tipc
#23 21.51     CC       bearer.o
#23 21.68     CC       cmdl.o
#23 21.73     CC       link.o
#23 21.93     CC       media.o
#23 21.99     CC       misc.o
#23 22.04     CC       msg.o
#23 22.06     CC       nametable.o
#23 22.10     CC       node.o
#23 22.18     CC       socket.o
#23 22.22     CC       peer.o
#23 22.25     CC       tipc.o
#23 22.28     LINK     tipc
#23 22.29 
#23 22.29 devlink
#23 22.30     CC       devlink.o
#23 23.99     CC       mnlg.o
#23 24.00 In file included from mnlg.c:16:
#23 24.00 ../include/libnetlink.h: In function 'rta_getattr_be64':
#23 24.00 ../include/libnetlink.h:280:16: warning: implicit declaration of function 'htobe64' [-Wimplicit-function-declaration]
#23 24.00   280 |         return htobe64(rta_getattr_u64(rta));
#23 24.00       |                ^~~~~~~
#23 24.03     LINK     devlink
#23 24.05 
#23 24.05 rdma
#23 24.05     CC       rdma.o
#23 24.07 rdma.c: In function 'main':
#23 24.07 rdma.c:110:20: warning: implicit declaration of function 'basename'; did you mean 'rename'? [-Wimplicit-function-declaration]
#23 24.07   110 |         filename = basename(argv[0]);
#23 24.07       |                    ^~~~~~~~
#23 24.07       |                    rename
#23 24.07 rdma.c:110:18: warning: assignment to 'char *' from 'int' makes pointer from integer without a cast [-Wint-conversion]
#23 24.07   110 |         filename = basename(argv[0]);
#23 24.07       |                  ^
#23 24.09     CC       utils.o
#23 24.28     CC       dev.o
#23 24.35     CC       link.o
#23 24.42     CC       res.o
#23 24.53     CC       res-pd.o
#23 24.57     CC       res-mr.o
#23 24.63     CC       res-cq.o
#23 24.68     CC       res-cmid.o
#23 24.74     CC       res-qp.o
#23 24.80     CC       sys.o
#23 24.85     CC       stat.o
#23 25.08     CC       stat-mr.o
#23 25.12     CC       res-ctx.o
#23 25.16     CC       res-srq.o
#23 25.23     LINK     rdma
#23 25.24 
#23 25.24 dcb
#23 25.24     CC       dcb.o
#23 25.26 In file included from ../include/namespace.h:10,
#23 25.26                  from dcb.c:11:
#23 25.26 ../include/libnetlink.h: In function 'rta_getattr_be64':
#23 25.26 ../include/libnetlink.h:280:16: warning: implicit declaration of function 'htobe64' [-Wimplicit-function-declaration]
#23 25.26   280 |         return htobe64(rta_getattr_u64(rta));
#23 25.26       |                ^~~~~~~
#23 25.36     CC       dcb_app.o
#23 25.55     CC       dcb_buffer.o
#23 25.62     CC       dcb_dcbx.o
#23 25.67     CC       dcb_ets.o
#23 25.75     CC       dcb_maxrate.o
#23 25.81     CC       dcb_pfc.o
#23 25.88     CC       dcb_apptrust.o
#23 25.94     CC       dcb_rewr.o
#23 26.02     LINK     dcb
#23 26.03 
#23 26.03 vdpa
#23 26.03     CC       vdpa.o
#23 26.04 In file included from vdpa.c:19:
#23 26.04 ../include/json_print.h:80:30: warning: 'struct timeval' declared inside parameter list will not be visible outside of this definition or declaration
#23 26.04    80 | _PRINT_FUNC(tv, const struct timeval *)
#23 26.04       |                              ^~~~~~~
#23 26.04 ../include/json_print.h:50:37: note: in definition of macro '_PRINT_FUNC'
#23 26.04    50 |                                     type value);                        \
#23 26.04       |                                     ^~~~
#23 26.04 ../include/json_print.h:80:30: warning: 'struct timeval' declared inside parameter list will not be visible outside of this definition or declaration
#23 26.04    80 | _PRINT_FUNC(tv, const struct timeval *)
#23 26.04       |                              ^~~~~~~
#23 26.04 ../include/json_print.h:55:45: note: in definition of macro '_PRINT_FUNC'
#23 26.04    55 |                                             type value)                 \
#23 26.04       |                                             ^~~~
#23 26.04 ../include/json_print.h: In function 'print_tv':
#23 26.04 ../include/json_print.h:58:48: warning: passing argument 5 of 'print_color_tv' from incompatible pointer type [-Wincompatible-pointer-types]
#23 26.04    58 |                                                value);                  \
#23 26.04       |                                                ^~~~~
#23 26.04       |                                                |
#23 26.04       |                                                const struct timeval *
#23 26.04 ../include/json_print.h:80:1: note: in expansion of macro '_PRINT_FUNC'
#23 26.04    80 | _PRINT_FUNC(tv, const struct timeval *)
#23 26.04       | ^~~~~~~~~~~
#23 26.04 ../include/json_print.h:50:42: note: expected 'const struct timeval *' but argument is of type 'const struct timeval *'
#23 26.04    50 |                                     type value);                        \
#23 26.04       |                                          ^
#23 26.04 ../include/json_print.h:80:1: note: in expansion of macro '_PRINT_FUNC'
#23 26.04    80 | _PRINT_FUNC(tv, const struct timeval *)
#23 26.04       | ^~~~~~~~~~~
#23 26.18     LINK     vdpa
#23 DONE 26.2s

#24 [20/22] RUN git clone --no-single-branch --depth=1 https://github.com/linux-netdev/testing.git /nipa-data/kernel
#24 0.375 Cloning into '/nipa-data/kernel'...
#24 18.21 Updating files:  16% (13638/83283)Updating files:  17% (14159/83283)Updating files:  18% (14991/83283)Updating files:  19% (15824/83283)Updating files:  20% (16657/83283)Updating files:  21% (17490/83283)Updating files:  22% (18323/83283)Updating files:  23% (19156/83283)Updating files:  24% (19988/83283)Updating files:  25% (20821/83283)Updating files:  26% (21654/83283)Updating files:  27% (22487/83283)Updating files:  28% (23320/83283)Updating files:  29% (24153/83283)Updating files:  30% (24985/83283)Updating files:  31% (25818/83283)Updating files:  32% (26651/83283)Updating files:  33% (27484/83283)Updating files:  33% (28281/83283)Updating files:  34% (28317/83283)Updating files:  35% (29150/83283)Updating files:  36% (29982/83283)Updating files:  37% (30815/83283)Updating files:  38% (31648/83283)Updating files:  39% (32481/83283)Updating files:  40% (33314/83283)Updating files:  40% (33561/83283)Updating files:  41% (34147/83283)Updating files:  42% (34979/83283)Updating files:  43% (35812/83283)Updating files:  44% (36645/83283)Updating files:  45% (37478/83283)Updating files:  46% (38311/83283)Updating files:  47% (39144/83283)Updating files:  48% (39976/83283)Updating files:  48% (40490/83283)Updating files:  49% (40809/83283)Updating files:  50% (41642/83283)Updating files:  51% (42475/83283)Updating files:  52% (43308/83283)Updating files:  53% (44140/83283)Updating files:  54% (44973/83283)Updating files:  55% (45806/83283)Updating files:  56% (46639/83283)Updating files:  57% (47472/83283)Updating files:  58% (48305/83283)Updating files:  59% (49137/83283)Updating files:  60% (49970/83283)Updating files:  61% (50803/83283)Updating files:  61% (51014/83283)Updating files:  62% (51636/83283)Updating files:  63% (52469/83283)Updating files:  64% (53302/83283)Updating files:  65% (54134/83283)Updating files:  66% (54967/83283)Updating files:  67% (55800/83283)Updating files:  68% (56633/83283)Updating files:  69% (57466/83283)Updating files:  70% (58299/83283)Updating files:  71% (59131/83283)Updating files:  72% (59964/83283)Updating files:  73% (60797/83283)Updating files:  74% (61630/83283)Updating files:  75% (62463/83283)Updating files:  76% (63296/83283)Updating files:  76% (63661/83283)Updating files:  77% (64128/83283)Updating files:  78% (64961/83283)Updating files:  79% (65794/83283)Updating files:  80% (66627/83283)Updating files:  81% (67460/83283)Updating files:  82% (68293/83283)Updating files:  83% (69125/83283)Updating files:  84% (69958/83283)Updating files:  85% (70791/83283)Updating files:  86% (71624/83283)Updating files:  87% (72457/83283)Updating files:  88% (73290/83283)Updating files:  89% (74122/83283)Updating files:  90% (74955/83283)Updating files:  91% (75788/83283)Updating files:  92% (76621/83283)Updating files:  93% (77454/83283)Updating files:  94% (78287/83283)Updating files:  95% (79119/83283)Updating files:  96% (79952/83283)Updating files:  96% (80767/83283)Updating files:  97% (80785/83283)Updating files:  98% (81618/83283)Updating files:  99% (82451/83283)Updating files: 100% (83283/83283)Updating files: 100% (83283/83283), done.
#24 DONE 26.9s

#25 [21/22] RUN git clone --depth=1 -b main https://github.com/p4tc-dev/new-nipa.git nipa
#25 0.871 Cloning into 'nipa'...
#25 DONE 1.6s

#26 [22/22] COPY entrypoint.sh /entrypoint.sh
#26 DONE 0.4s

#27 exporting to image
#27 exporting layers
#27 exporting layers 7.7s done
#27 writing image sha256:c0cac4f0849fa7e793a3aff80721b6d5ac4571cae735a3df53cef5068a44cb73 0.0s done
#27 naming to docker.io/library/nipa-executor 0.0s done
#27 DONE 7.8s
NIPA version: 1b9c21a (ui: set canvas background color to stand out, 2024-03-28)
INFO: Last run date: 2024-04-28 18:00:06.745845+00:00
Testing  {'branch': 'net-next-2024-04-28--21-00', 'date': '2024-04-28T21:00:09.278929+00:00', 'base': '45b4bf6f1b993405671d40f85bba536d95fc064b', 'url': 'https://github.com/linux-netdev/testing.git net-next-2024-04-28--21-00'}
Updating files:  47% (7157/15107)Updating files:  48% (7252/15107)Updating files:  49% (7403/15107)Updating files:  50% (7554/15107)Updating files:  51% (7705/15107)Updating files:  52% (7856/15107)Updating files:  53% (8007/15107)Updating files:  54% (8158/15107)Updating files:  55% (8309/15107)Updating files:  56% (8460/15107)Updating files:  57% (8611/15107)Updating files:  58% (8763/15107)Updating files:  59% (8914/15107)Updating files:  60% (9065/15107)Updating files:  61% (9216/15107)Updating files:  62% (9367/15107)Updating files:  63% (9518/15107)Updating files:  64% (9669/15107)Updating files:  65% (9820/15107)Updating files:  66% (9971/15107)Updating files:  67% (10122/15107)Updating files:  68% (10273/15107)Updating files:  69% (10424/15107)Updating files:  70% (10575/15107)Updating files:  71% (10726/15107)Updating files:  72% (10878/15107)Updating files:  73% (11029/15107)Updating files:  74% (11180/15107)Updating files:  75% (11331/15107)Updating files:  76% (11482/15107)Updating files:  77% (11633/15107)Updating files:  78% (11784/15107)Updating files:  79% (11935/15107)Updating files:  80% (12086/15107)Updating files:  81% (12237/15107)Updating files:  82% (12388/15107)Updating files:  83% (12539/15107)Updating files:  84% (12690/15107)Updating files:  85% (12841/15107)Updating files:  86% (12993/15107)Updating files:  87% (13144/15107)Updating files:  88% (13295/15107)Updating files:  88% (13425/15107)Updating files:  89% (13446/15107)Updating files:  90% (13597/15107)Updating files:  91% (13748/15107)Updating files:  92% (13899/15107)Updating files:  93% (14050/15107)Updating files:  94% (14201/15107)Updating files:  95% (14352/15107)Updating files:  96% (14503/15107)Updating files:  97% (14654/15107)Updating files:  98% (14805/15107)Updating files:  99% (14956/15107)Updating files: 100% (15107/15107)Updating files: 100% (15107/15107), done.
branch 'net-next-2024-04-28--21-00' set up to track 'origin/net-next-2024-04-28--21-00'.
Switched to a new branch 'net-next-2024-04-28--21-00'
error: No valid patches in input (allow with "--allow-empty")
Checking patch tools/testing/selftests/tc-testing/tdc_config.py...
Applied patch tools/testing/selftests/tc-testing/tdc_config.py cleanly.
Run at 2024-04-28 21:03:38.576994
INFO: building kernel
INFO: starting VM 0
INFO: thr0-0 VM starting: vng -v -r arch/x86/boot/bzImage --user root --rwdir=/nipa-data/kernel/
INFO: thr0-0 expecting prompt: '/nipa-data/kernel# '
INFO: thr0-0 reached initial prompt
INFO: thr-0 testing == tdc.sh
INFO: thr-0 tdc.sh >> retcode: 0 result: pass found {'fail': False, 'skip': False, 'pass': True}
INFO: thr-0 has no more work, exiting
INFO: thr0-0 VM stopped
Done at 2024-04-28 21:07:09.496714
NIPA quitting!
/
~/nipa/tc-executor/tc-executor-storage /
sort: write failed: 'standard output': Broken pipe
sort: write error
