~/nipa/tc-executor/tc-executor-storage /
Switched to branch 'storage'
Your branch is ahead of 'origin/storage' by 284 commits.
  (use "git push" to publish your local commits)
/
~/nipa/tc-executor /
Error response from daemon: No such image: nipa-executor:latest
#0 building with "default" instance using docker driver

#1 [internal] load .dockerignore
#1 transferring context: 2B done
#1 DONE 0.0s

#2 [internal] load build definition from Dockerfile
#2 transferring dockerfile: 2.03kB done
#2 DONE 0.0s

#3 [internal] load metadata for docker.io/library/alpine:edge
#3 DONE 0.0s

#4 [ 1/22] FROM docker.io/library/alpine:edge
#4 CACHED

#5 [internal] load build context
#5 transferring context: 3.02kB done
#5 DONE 0.0s

#6 [ 2/22] RUN echo false > debug-mode
#6 DONE 0.5s

#7 [ 3/22] RUN addgroup -g 1001 hostuser
#7 DONE 0.4s

#8 [ 4/22] RUN adduser -u 1001 -G hostuser -H -D -s /bin/ash hostuser
#8 DONE 0.4s

#9 [ 5/22] RUN echo '@testing http://dl-cdn.alpinelinux.org/alpine/edge/testing' >> /etc/apk/repositories
#9 DONE 0.4s

#10 [ 6/22] RUN echo '@community http://dl-cdn.alpinelinux.org/alpine/edge/community' >> /etc/apk/repositories
#10 DONE 0.4s

#11 [ 7/22] RUN apk update && apk add --no-cache    virtme-ng@testing    git    py3-requests    py3-psutil    py3-setuptools    py3-pyroute2    py3-argcomplete    qemu-system-x86_64@community    scapy@community    make    gcc    musl-dev    flex    bison    linux-headers    elfutils-dev    util-linux    coreutils    diffutils    findutils    file    bash    kmod    perl    iptables-dev    libcap-dev    libmnl-dev    iproute2     jq    libbpf-dev    rsync
#11 0.416 fetch https://dl-cdn.alpinelinux.org/alpine/edge/main/x86_64/APKINDEX.tar.gz
#11 0.599 fetch https://dl-cdn.alpinelinux.org/alpine/edge/community/x86_64/APKINDEX.tar.gz
#11 0.850 fetch http://dl-cdn.alpinelinux.org/alpine/edge/testing/x86_64/APKINDEX.tar.gz
#11 1.016 fetch http://dl-cdn.alpinelinux.org/alpine/edge/community/x86_64/APKINDEX.tar.gz
#11 1.247 v20240315-385-g74cafa046e8 [https://dl-cdn.alpinelinux.org/alpine/edge/main]
#11 1.247 v20240315-386-g8c0d8a2a998 [https://dl-cdn.alpinelinux.org/alpine/edge/community]
#11 1.247 v20240315-387-gafc15ae1db6 [http://dl-cdn.alpinelinux.org/alpine/edge/testing]
#11 1.247 v20240315-386-g8c0d8a2a998 [http://dl-cdn.alpinelinux.org/alpine/edge/community]
#11 1.247 OK: 30733 distinct packages available
#11 1.301 fetch https://dl-cdn.alpinelinux.org/alpine/edge/main/x86_64/APKINDEX.tar.gz
#11 1.363 fetch https://dl-cdn.alpinelinux.org/alpine/edge/community/x86_64/APKINDEX.tar.gz
#11 1.456 fetch http://dl-cdn.alpinelinux.org/alpine/edge/testing/x86_64/APKINDEX.tar.gz
#11 1.518 fetch http://dl-cdn.alpinelinux.org/alpine/edge/community/x86_64/APKINDEX.tar.gz
#11 1.708 (1/173) Upgrading musl (1.2.4_git20230717-r5 -> 1.2.5-r0)
#11 1.721 (2/173) Upgrading zlib (1.3-r2 -> 1.3.1-r0)
#11 1.728 (3/173) Installing ncurses-terminfo-base (6.4_p20240309-r0)
#11 1.738 (4/173) Installing libncursesw (6.4_p20240309-r0)
#11 1.752 (5/173) Installing readline (8.2.10-r0)
#11 1.777 (6/173) Installing bash (5.2.26-r0)
#11 1.803 Executing bash-5.2.26-r0.post-install
#11 1.806 (7/173) Installing m4 (1.4.19-r3)
#11 1.818 (8/173) Installing bison (3.8.2-r1)
#11 1.835 (9/173) Installing coreutils-env (9.4-r2)
#11 1.847 (10/173) Installing coreutils-fmt (9.4-r2)
#11 1.855 (11/173) Installing coreutils-sha512sum (9.4-r2)
#11 1.862 (12/173) Installing libacl (2.3.2-r0)
#11 1.870 (13/173) Installing libattr (2.5.2-r0)
#11 1.884 (14/173) Installing skalibs (2.14.1.1-r0)
#11 1.896 (15/173) Installing utmps-libs (0.1.2.2-r0)
#11 1.902 (16/173) Installing coreutils (9.4-r2)
#11 1.922 (17/173) Installing diffutils (3.10-r0)
#11 1.939 (18/173) Installing zstd-libs (1.5.5-r9)
#11 1.955 (19/173) Installing libelf (0.191-r0)
#11 1.963 (20/173) Installing libbz2 (1.0.8-r6)
#11 1.971 (21/173) Installing musl-fts (1.2.7-r6)
#11 1.984 (22/173) Installing xz-libs (5.6.1-r1)
#11 1.996 (23/173) Installing libdw (0.191-r0)
#11 2.009 (24/173) Installing libasm (0.191-r0)
#11 2.023 (25/173) Installing xz (5.6.1-r1)
#11 2.033 (26/173) Installing pkgconf (2.1.1-r0)
#11 2.042 (27/173) Installing xz-dev (5.6.1-r1)
#11 2.065 (28/173) Installing libgcc (13.2.1_git20240309-r0)
#11 2.088 (29/173) Installing libstdc++ (13.2.1_git20240309-r0)
#11 2.109 (30/173) Installing zstd (1.5.5-r9)
#11 2.123 (31/173) Installing zstd-dev (1.5.5-r9)
#11 2.132 (32/173) Installing zlib-dev (1.3.1-r0)
#11 2.147 (33/173) Installing elfutils-dev (0.191-r0)
#11 2.165 (34/173) Installing libmagic (5.45-r1)
#11 2.190 (35/173) Installing file (5.45-r1)
#11 2.196 (36/173) Installing findutils (4.9.0-r5)
#11 2.208 (37/173) Installing flex (2.6.4-r6)
#11 2.218 (38/173) Installing jansson (2.14-r4)
#11 2.249 (39/173) Installing binutils (2.42-r0)
#11 2.370 (40/173) Installing libgomp (13.2.1_git20240309-r0)
#11 2.383 (41/173) Installing libatomic (13.2.1_git20240309-r0)
#11 2.394 (42/173) Installing gmp (6.3.0-r0)
#11 2.405 (43/173) Installing isl26 (0.26-r1)
#11 2.432 (44/173) Installing mpfr4 (4.2.1-r0)
#11 2.465 (45/173) Installing mpc1 (1.3.1-r1)
#11 2.475 (46/173) Installing gcc (13.2.1_git20240309-r0)
#11 3.099 (47/173) Installing ca-certificates (20240226-r0)
#11 3.117 (48/173) Installing brotli-libs (1.1.0-r1)
#11 3.148 (49/173) Installing c-ares (1.26.0-r0)
#11 3.160 (50/173) Installing libunistring (1.2-r0)
#11 3.179 (51/173) Installing libidn2 (2.3.7-r0)
#11 3.191 (52/173) Installing nghttp2-libs (1.59.0-r0)
#11 3.201 (53/173) Installing libpsl (0.21.5-r1)
#11 3.208 (54/173) Installing libcurl (8.6.0-r0)
#11 3.266 (55/173) Installing libexpat (2.6.2-r0)
#11 3.274 (56/173) Installing pcre2 (10.43-r0)
#11 3.296 (57/173) Installing git (2.44.0-r0)
#11 3.349 (58/173) Installing git-init-template (2.44.0-r0)
#11 3.355 (59/173) Installing libcap2 (2.69-r1)
#11 3.362 (60/173) Installing libmnl (1.0.5-r2)
#11 3.371 (61/173) Installing iproute2-minimal (6.8.0-r0)
#11 3.382 (62/173) Installing libxtables (1.8.10-r3)
#11 3.395 (63/173) Installing iproute2-tc (6.8.0-r0)
#11 3.409 (64/173) Installing iproute2-ss (6.8.0-r0)
#11 3.436 (65/173) Installing iproute2 (6.8.0-r0)
#11 3.452 Executing iproute2-6.8.0-r0.post-install
#11 3.455 (66/173) Installing linux-headers (6.6-r0)
#11 3.543 (67/173) Installing libip4tc (1.8.10-r3)
#11 3.553 (68/173) Installing libip6tc (1.8.10-r3)
#11 3.563 (69/173) Installing libipq (1.8.10-r3)
#11 3.569 (70/173) Installing iptables-dev (1.8.10-r3)
#11 3.581 (71/173) Installing oniguruma (6.9.9-r0)
#11 3.594 (72/173) Installing jq (1.7.1-r0)
#11 3.606 (73/173) Installing kmod (31-r4)
#11 3.616 (74/173) Installing libbpf (1.3.0-r0)
#11 3.626 (75/173) Installing libbpf-dev (1.3.0-r0)
#11 3.642 (76/173) Installing libcap-dev (2.69-r1)
#11 3.659 (77/173) Installing libmnl-dev (1.0.5-r2)
#11 3.666 (78/173) Installing make (4.4.1-r2)
#11 3.675 (79/173) Installing musl-dev (1.2.5-r0)
#11 3.759 (80/173) Installing perl (5.38.2-r0)
#11 3.990 (81/173) Installing perl-error (0.17029-r2)
#11 3.996 (82/173) Installing perl-git (2.44.0-r0)
#11 4.005 (83/173) Installing git-perl (2.44.0-r0)
#11 4.012 (84/173) Installing libffi (3.4.6-r0)
#11 4.029 (85/173) Installing gdbm (1.23-r1)
#11 4.035 (86/173) Installing mpdecimal (4.0.0-r0)
#11 4.056 (87/173) Installing libpanelw (6.4_p20240309-r0)
#11 4.065 (88/173) Installing sqlite-libs (3.45.2-r0)
#11 4.091 (89/173) Installing python3 (3.11.8-r0)
#11 4.229 (90/173) Installing python3-pycache-pyc0 (3.11.8-r0)
#11 4.325 (91/173) Installing pyc (3.11.8-r0)
#11 4.337 (92/173) Installing py3-argcomplete-pyc (3.2.3-r0)
#11 4.348 (93/173) Installing python3-pyc (3.11.8-r0)
#11 4.354 (94/173) Installing py3-argcomplete (3.2.3-r0)
#11 4.371 (95/173) Installing py3-psutil (5.9.8-r0)
#11 4.385 (96/173) Installing py3-psutil-pyc (5.9.8-r0)
#11 4.396 (97/173) Installing py3-pyroute2 (0.7.12-r0)
#11 4.424 (98/173) Installing py3-pyroute2-pyc (0.7.12-r0)
#11 4.457 (99/173) Installing py3-certifi (2024.2.2-r0)
#11 4.467 (100/173) Installing py3-certifi-pyc (2024.2.2-r0)
#11 4.505 (101/173) Installing py3-charset-normalizer (3.3.2-r0)
#11 4.537 (102/173) Installing py3-charset-normalizer-pyc (3.3.2-r0)
#11 4.550 (103/173) Installing py3-idna (3.6-r0)
#11 4.558 (104/173) Installing py3-idna-pyc (3.6-r0)
#11 4.566 (105/173) Installing py3-urllib3 (1.26.18-r0)
#11 4.578 (106/173) Installing py3-urllib3-pyc (1.26.18-r0)
#11 4.594 (107/173) Installing py3-requests (2.31.0-r1)
#11 4.603 (108/173) Installing py3-requests-pyc (2.31.0-r1)
#11 4.612 (109/173) Installing py3-parsing (3.1.2-r0)
#11 4.624 (110/173) Installing py3-parsing-pyc (3.1.2-r0)
#11 4.635 (111/173) Installing py3-packaging (24.0-r0)
#11 4.644 (112/173) Installing py3-packaging-pyc (24.0-r0)
#11 4.653 (113/173) Installing py3-setuptools (69.2.0-r0)
#11 4.685 (114/173) Installing py3-setuptools-pyc (69.2.0-r0)
#11 4.723 (115/173) Installing libcap-ng (0.8.4-r0)
#11 4.730 (116/173) Installing libintl (0.22.4-r0)
#11 4.737 (117/173) Installing libblkid (2.39.3-r0)
#11 4.746 (118/173) Installing libmount (2.39.3-r0)
#11 4.766 (119/173) Installing glib (2.78.4-r0)
#11 4.809 (120/173) Installing numactl (2.0.18-r0)
#11 4.815 (121/173) Installing qemu (8.2.1-r0)
#11 4.865 Executing qemu-8.2.1-r0.pre-install
#11 4.945 Executing qemu-8.2.1-r0.post-install
#11 4.947 *
#11 4.947 * If you want to run VM as unprivileged user and let Qemu create tunX devices,
#11 4.947 * then you must add that user to the group "qemu".
#11 4.947 * If you use KVM for hardware-assisted virtualization, then you may also need
#11 4.947 * to add that user to the group "kvm".
#11 4.947 *
#11 4.947 (122/173) Installing qemu-bridge-helper (8.2.1-r0)
#11 4.960 (123/173) Installing libaio (0.3.113-r2)
#11 4.971 (124/173) Installing capstone (5.0.1-r3)
#11 4.999 (125/173) Installing nettle (3.9.1-r0)
#11 5.015 (126/173) Installing libtasn1 (4.19.0-r2)
#11 5.032 (127/173) Installing p11-kit (0.25.3-r0)
#11 5.045 (128/173) Installing gnutls (3.8.3-r0)
#11 5.068 (129/173) Installing libjpeg-turbo (3.0.2-r0)
#11 5.088 (130/173) Installing lzo (2.10-r5)
#11 5.096 (131/173) Installing pixman (0.43.2-r0)
#11 5.107 (132/173) Installing libpng (1.6.43-r0)
#11 5.117 (133/173) Installing libsasl (2.1.28-r6)
#11 5.125 (134/173) Installing libseccomp (2.5.5-r0)
#11 5.134 (135/173) Installing libslirp (4.7.0-r0)
#11 5.142 (136/173) Installing snappy (1.1.10-r2)
#11 5.150 (137/173) Installing liburing (2.5-r1)
#11 5.158 (138/173) Installing vde2-libs (2.3.3-r1)
#11 5.165 (139/173) Installing qemu-system-x86_64 (8.2.1-r0)
#11 5.281 (140/173) Installing lz4-libs (1.9.4-r5)
#11 5.289 (141/173) Installing popt (1.19-r3)
#11 5.296 (142/173) Installing libxxhash (0.8.2-r2)
#11 5.303 (143/173) Installing rsync (3.2.7-r4)
#11 5.320 (144/173) Installing scapy (2.5.0-r1)
#11 5.371 Executing scapy-2.5.0-r1.post-install
#11 5.373 *
#11 5.373 * Certain optional features of scapy also depend on the following packages:
#11 5.373 *     py3-matplotlib graphviz imagemagick py3-cryptography sox
#11 5.373 * And the following unpackaged dependencies:
#11 5.373 *     pyxi vpython-jupyter nmap<v4.23
#11 5.373 * More information can be found at https://scapy.readthedocs.io/en/latest/installation.html#optional-dependencies
#11 5.373 *
#11 5.373 (145/173) Installing scapy-pyc (2.5.0-r1)
#11 5.430 (146/173) Installing util-linux (2.39.3-r0)
#11 5.443 (147/173) Installing setarch (2.39.3-r0)
#11 5.452 (148/173) Installing libuuid (2.39.3-r0)
#11 5.459 (149/173) Installing libfdisk (2.39.3-r0)
#11 5.472 (150/173) Installing libsmartcols (2.39.3-r0)
#11 5.480 (151/173) Installing util-linux-misc (2.39.3-r0)
#11 5.502 (152/173) Installing libeconf (0.6.2-r0)
#11 5.510 (153/173) Installing linux-pam (1.5.3-r8)
#11 5.529 (154/173) Installing runuser (2.39.3-r0)
#11 5.542 (155/173) Installing mount (2.39.3-r0)
#11 5.549 (156/173) Installing losetup (2.39.3-r0)
#11 5.571 (157/173) Installing hexdump (2.39.3-r0)
#11 5.578 (158/173) Installing uuidgen (2.39.3-r0)
#11 5.584 (159/173) Installing blkid (2.39.3-r0)
#11 5.601 (160/173) Installing sfdisk (2.39.3-r0)
#11 5.614 (161/173) Installing mcookie (2.39.3-r0)
#11 5.637 (162/173) Installing agetty (2.39.3-r0)
#11 5.644 (163/173) Installing wipefs (2.39.3-r0)
#11 5.650 (164/173) Installing cfdisk (2.39.3-r0)
#11 5.660 (165/173) Installing umount (2.39.3-r0)
#11 5.672 (166/173) Installing flock (2.39.3-r0)
#11 5.678 (167/173) Installing lsblk (2.39.3-r0)
#11 5.687 (168/173) Installing setpriv (2.39.3-r0)
#11 5.718 (169/173) Installing logger (2.39.3-r0)
#11 5.731 (170/173) Installing partx (2.39.3-r0)
#11 5.744 (171/173) Installing fstrim (2.39.3-r0)
#11 5.752 (172/173) Installing findmnt (2.39.3-r0)
#11 5.759 (173/173) Installing virtme-ng@testing (1.22-r0)
#11 5.791 Executing busybox-1.36.1-r17.trigger
#11 5.795 Executing ca-certificates-20240226-r0.trigger
#11 5.816 Executing glib-2.78.4-r0.trigger
#11 5.821 OK: 381 MiB in 186 packages
#11 DONE 6.2s

#12 [ 8/22] RUN mkdir -p /tmp/kernel-patches &&     mkdir -p /tmp/iproute2-patches
#12 DONE 0.3s

#13 [ 9/22] COPY tdc.config /tmp
#13 DONE 0.0s

#14 [10/22] COPY tdc-debug.config /tmp
#14 DONE 0.1s

#15 [11/22] COPY kernel-patches /tmp/kernel-patches/
#15 DONE 0.0s

#16 [12/22] COPY iproute2-patches /tmp/iproute2-patches/
#16 DONE 0.0s

#17 [13/22] COPY configs /tmp/configs/
#17 DONE 0.0s

#18 [14/22] RUN git config --global user.email foo@bar.com
#18 DONE 0.4s

#19 [15/22] RUN git config --global user.name foo@bar.com
#19 DONE 0.5s

#20 [16/22] RUN git clone https://git.kernel.org/pub/scm/network/iproute2/iproute2-next.git /nipa-data/iproute2
#20 0.375 Cloning into '/nipa-data/iproute2'...
#20 DONE 2.2s

#21 [17/22] RUN cd /nipa-data/iproute2 && 	git remote add stable https://git.kernel.org/pub/scm/network/iproute2/iproute2.git && 	git fetch --all && 	git merge stable/main
#21 0.371 Fetching origin
#21 0.709 Fetching stable
#21 1.421 From https://git.kernel.org/pub/scm/network/iproute2/iproute2
#21 1.421  * [new branch]        codeql         -> stable/codeql
#21 1.421  * [new branch]        iproute2-4.1.x -> stable/iproute2-4.1.x
#21 1.421  * [new branch]        main           -> stable/main
#21 1.428  * [new tag]           v6.8.0         -> v6.8.0
#21 1.486 Merge made by the 'ort' strategy.
#21 1.506  README               | 13 ++++++++
#21 1.506  include/version.h    |  2 +-
#21 1.506  ip/iptuntap.c        |  5 ++-
#21 1.506  lib/rt_names.c       | 43 +++++++++++++-------------
#21 1.506  man/man8/ip.8        | 33 ++++++++++++++++++--
#21 1.506  man/man8/tc-mirred.8 |  2 +-
#21 1.506  man/man8/tc-simple.8 | 12 ++++----
#21 1.506  misc/ifstat.c        |  6 ++--
#21 1.506  misc/ss.c            | 17 ++++++++++-
#21 1.506  tc/e_bpf.c           |  2 +-
#21 1.506  tc/f_basic.c         |  4 +--
#21 1.506  tc/f_bpf.c           |  4 +--
#21 1.506  tc/f_cgroup.c        |  4 +--
#21 1.506  tc/f_flow.c          |  4 +--
#21 1.506  tc/f_flower.c        |  4 +--
#21 1.506  tc/f_fw.c            |  4 +--
#21 1.506  tc/f_matchall.c      |  4 +--
#21 1.506  tc/f_route.c         |  4 +--
#21 1.506  tc/f_u32.c           |  6 ++--
#21 1.506  tc/m_action.c        |  6 ++--
#21 1.506  tc/m_bpf.c           |  4 +--
#21 1.506  tc/m_connmark.c      |  4 +--
#21 1.506  tc/m_csum.c          |  4 +--
#21 1.506  tc/m_ct.c            |  4 +--
#21 1.506  tc/m_ctinfo.c        |  4 +--
#21 1.506  tc/m_gact.c          |  4 +--
#21 1.506  tc/m_gate.c          |  8 ++---
#21 1.506  tc/m_ife.c           |  4 +--
#21 1.506  tc/m_mirred.c        |  6 ++--
#21 1.506  tc/m_mpls.c          |  4 +--
#21 1.506  tc/m_nat.c           |  4 +--
#21 1.506  tc/m_pedit.c         | 10 +++---
#21 1.506  tc/m_police.c        |  8 ++---
#21 1.506  tc/m_sample.c        |  4 +--
#21 1.506  tc/m_simple.c        | 12 +++++---
#21 1.506  tc/m_skbedit.c       |  4 +--
#21 1.506  tc/m_skbmod.c        | 41 ++++++++++++++-----------
#21 1.506  tc/m_tunnel_key.c    |  4 +--
#21 1.506  tc/m_vlan.c          |  4 +--
#21 1.506  tc/q_cake.c          |  6 ++--
#21 1.506  tc/q_cbs.c           |  4 +--
#21 1.506  tc/q_choke.c         |  6 ++--
#21 1.506  tc/q_clsact.c        |  4 +--
#21 1.506  tc/q_codel.c         |  6 ++--
#21 1.506  tc/q_drr.c           |  8 ++---
#21 1.506  tc/q_etf.c           |  4 +--
#21 1.506  tc/q_ets.c           |  8 ++---
#21 1.506  tc/q_fifo.c          |  4 +--
#21 1.506  tc/q_fq.c            |  6 ++--
#21 1.506  tc/q_fq_codel.c      |  6 ++--
#21 1.506  tc/q_fq_pie.c        |  6 ++--
#21 1.506  tc/q_gred.c          |  6 ++--
#21 1.506  tc/q_hfsc.c          | 10 +++---
#21 1.506  tc/q_hhf.c           |  6 ++--
#21 1.506  tc/q_htb.c           |  8 ++---
#21 1.506  tc/q_ingress.c       |  4 +--
#21 1.506  tc/q_mqprio.c        |  4 +--
#21 1.506  tc/q_multiq.c        |  4 +--
#21 1.506  tc/q_netem.c         | 86 +++++++++++++++++++++++++++++-----------------------
#21 1.506  tc/q_pie.c           |  6 ++--
#21 1.506  tc/q_plug.c          |  4 +--
#21 1.506  tc/q_prio.c          |  4 +--
#21 1.506  tc/q_qfq.c           |  6 ++--
#21 1.506  tc/q_red.c           |  8 ++---
#21 1.506  tc/q_sfb.c           |  6 ++--
#21 1.506  tc/q_sfq.c           |  6 ++--
#21 1.506  tc/q_skbprio.c       |  4 +--
#21 1.506  tc/q_taprio.c        |  6 ++--
#21 1.506  tc/q_tbf.c           |  4 +--
#21 1.506  tc/tc.c              | 12 ++++----
#21 1.506  tc/tc_class.c        |  6 ++--
#21 1.506  tc/tc_core.c         | 15 ++-------
#21 1.506  tc/tc_core.h         |  2 --
#21 1.506  tc/tc_exec.c         |  2 +-
#21 1.506  tc/tc_filter.c       |  6 ++--
#21 1.506  tc/tc_qdisc.c        |  6 ++--
#21 1.506  tc/tc_util.c         | 33 +++++++++-----------
#21 1.506  tc/tc_util.h         | 36 +++++++++++-----------
#21 1.506  78 files changed, 373 insertions(+), 311 deletions(-)
#21 DONE 1.5s

#22 [18/22] RUN if [ "$(find /tmp/iproute2-patches/ -name *.patch)" ]; then  	cd /nipa-data/iproute2; 	git apply /tmp/iproute2-patches/*.patch;     fi
#22 DONE 0.4s

#23 [19/22] RUN cd /nipa-data/iproute2/ &&     ./configure &&     make
#23 0.430 TC schedulers
#23 0.431  IPT	using xtables
#23 0.459  IPSET  yes
#23 0.479 
#23 0.480 lib directory: /usr/lib
#23 0.480 libc has setns: yes
#23 0.499 libc has name_to_handle_at: yes
#23 0.519 SELinux support: no
#23 0.520 libtirpc support: no
#23 0.521 libbpf support: yes
#23 0.584 	libbpf version 1.3.0
#23 0.584 ELF support: yes
#23 0.586 libmnl support: yes
#23 0.587 Berkeley DB: no
#23 0.596 need for strlcpy: no
#23 0.615 libcap support: yes
#23 0.617 color output: never
#23 0.619 
#23 0.619 lib
#23 0.621     CC       libgenl.o
#23 0.664     CC       libnetlink.o
#23 0.959     CC       mnl_utils.o
#23 1.032     AR       libnetlink.a
#23 1.034     CC       utils.o
#23 1.399     CC       utils_math.o
#23 1.440     CC       rt_names.o
#23 1.599     CC       ll_map.o
#23 1.687     CC       ll_types.o
#23 1.699 In file included from ll_types.c:20:
#23 1.699 ../include/uapi/linux/sockios.h:42: warning: "SIOCGSTAMP" redefined
#23 1.699    42 | #define SIOCGSTAMP      SIOCGSTAMP_OLD
#23 1.699       | 
#23 1.699 In file included from /usr/include/sys/ioctl.h:10,
#23 1.699                  from ll_types.c:12:
#23 1.699 /usr/include/bits/ioctl.h:111: note: this is the location of the previous definition
#23 1.699   111 | #define SIOCGSTAMP      0x8906
#23 1.699       | 
#23 1.699 ../include/uapi/linux/sockios.h:43: warning: "SIOCGSTAMPNS" redefined
#23 1.699    43 | #define SIOCGSTAMPNS    SIOCGSTAMPNS_OLD
#23 1.699       | 
#23 1.699 /usr/include/bits/ioctl.h:112: note: this is the location of the previous definition
#23 1.699   112 | #define SIOCGSTAMPNS    0x8907
#23 1.699       | 
#23 1.714     CC       ll_proto.o
#23 1.727 In file included from ll_proto.c:21:
#23 1.727 ../include/uapi/linux/sockios.h:42: warning: "SIOCGSTAMP" redefined
#23 1.727    42 | #define SIOCGSTAMP      SIOCGSTAMP_OLD
#23 1.727       | 
#23 1.727 In file included from /usr/include/sys/ioctl.h:10,
#23 1.727                  from ll_proto.c:13:
#23 1.727 /usr/include/bits/ioctl.h:111: note: this is the location of the previous definition
#23 1.727   111 | #define SIOCGSTAMP      0x8906
#23 1.727       | 
#23 1.727 ../include/uapi/linux/sockios.h:43: warning: "SIOCGSTAMPNS" redefined
#23 1.727    43 | #define SIOCGSTAMPNS    SIOCGSTAMPNS_OLD
#23 1.727       | 
#23 1.727 /usr/include/bits/ioctl.h:112: note: this is the location of the previous definition
#23 1.727   112 | #define SIOCGSTAMPNS    0x8907
#23 1.727       | 
#23 1.740     CC       ll_addr.o
#23 1.752 In file included from ll_addr.c:20:
#23 1.752 ../include/uapi/linux/sockios.h:42: warning: "SIOCGSTAMP" redefined
#23 1.752    42 | #define SIOCGSTAMP      SIOCGSTAMP_OLD
#23 1.752       | 
#23 1.752 In file included from /usr/include/sys/ioctl.h:10,
#23 1.752                  from ll_addr.c:12:
#23 1.752 /usr/include/bits/ioctl.h:111: note: this is the location of the previous definition
#23 1.752   111 | #define SIOCGSTAMP      0x8906
#23 1.752       | 
#23 1.752 ../include/uapi/linux/sockios.h:43: warning: "SIOCGSTAMPNS" redefined
#23 1.752    43 | #define SIOCGSTAMPNS    SIOCGSTAMPNS_OLD
#23 1.752       | 
#23 1.752 /usr/include/bits/ioctl.h:112: note: this is the location of the previous definition
#23 1.752   112 | #define SIOCGSTAMPNS    0x8907
#23 1.752       | 
#23 1.778     CC       inet_proto.o
#23 1.806     CC       namespace.o
#23 1.863     CC       json_writer.o
#23 1.940     CC       json_print.o
#23 2.062     CC       json_print_math.o
#23 2.093     CC       names.o
#23 2.136     CC       color.o
#23 2.179     CC       bpf_legacy.o
#23 2.518     CC       bpf_glue.o
#23 2.553     CC       exec.o
#23 2.583     CC       fs.o
#23 2.646     CC       cg_map.o
#23 2.679     CC       ppp_proto.o
#23 2.700     CC       bpf_libbpf.o
#23 2.774     CC       selinux.o
#23 2.793     CC       ax25_ntop.o
#23 2.821     CC       rose_ntop.o
#23 2.834 In file included from rose_ntop.c:16:
#23 2.834 ../include/uapi/linux/sockios.h:42: warning: "SIOCGSTAMP" redefined
#23 2.834    42 | #define SIOCGSTAMP      SIOCGSTAMP_OLD
#23 2.834       | 
#23 2.834 In file included from /usr/include/sys/ioctl.h:10,
#23 2.834                  from rose_ntop.c:7:
#23 2.834 /usr/include/bits/ioctl.h:111: note: this is the location of the previous definition
#23 2.834   111 | #define SIOCGSTAMP      0x8906
#23 2.834       | 
#23 2.834 ../include/uapi/linux/sockios.h:43: warning: "SIOCGSTAMPNS" redefined
#23 2.834    43 | #define SIOCGSTAMPNS    SIOCGSTAMPNS_OLD
#23 2.834       | 
#23 2.834 /usr/include/bits/ioctl.h:112: note: this is the location of the previous definition
#23 2.834   112 | #define SIOCGSTAMPNS    0x8907
#23 2.834       | 
#23 2.849     CC       mpls_ntop.o
#23 2.877     CC       mpls_pton.o
#23 2.903     CC       netrom_ntop.o
#23 2.924     AR       libutil.a
#23 2.929 
#23 2.929 ip
#23 2.931     CC       ip.o
#23 3.006     CC       ipaddress.o
#23 3.019 In file included from ipaddress.c:26:
#23 3.019 ../include/uapi/linux/sockios.h:42: warning: "SIOCGSTAMP" redefined
#23 3.019    42 | #define SIOCGSTAMP      SIOCGSTAMP_OLD
#23 3.019       | 
#23 3.019 In file included from /usr/include/sys/ioctl.h:10,
#23 3.019                  from ipaddress.c:14:
#23 3.019 /usr/include/bits/ioctl.h:111: note: this is the location of the previous definition
#23 3.019   111 | #define SIOCGSTAMP      0x8906
#23 3.019       | 
#23 3.019 ../include/uapi/linux/sockios.h:43: warning: "SIOCGSTAMPNS" redefined
#23 3.019    43 | #define SIOCGSTAMPNS    SIOCGSTAMPNS_OLD
#23 3.019       | 
#23 3.019 /usr/include/bits/ioctl.h:112: note: this is the location of the previous definition
#23 3.019   112 | #define SIOCGSTAMPNS    0x8907
#23 3.019       | 
#23 3.453     CC       ipaddrlabel.o
#23 3.510     CC       iproute.o
#23 4.033     CC       iprule.o
#23 4.214     CC       ipnetns.o
#23 4.397     CC       rtm_map.o
#23 4.434     CC       iptunnel.o
#23 4.446 In file included from ../include/uapi/linux/if_tunnel.h:6,
#23 4.446                  from iptunnel.c:19:
#23 4.446 ../include/uapi/linux/if.h:134: warning: "IFF_VOLATILE" redefined
#23 4.446   134 | #define IFF_VOLATILE    (IFF_LOOPBACK|IFF_POINTOPOINT|IFF_BROADCAST|IFF_ECHO|\
#23 4.446       | 
#23 4.446 In file included from iptunnel.c:16:
#23 4.446 /usr/include/net/if.h:48: note: this is the location of the previous definition
#23 4.446    48 | #define IFF_VOLATILE (IFF_LOOPBACK|IFF_POINTOPOINT|IFF_BROADCAST| \
#23 4.446       | 
#23 4.570     CC       ip6tunnel.o
#23 4.678     CC       tunnel.o
#23 4.788     CC       ipneigh.o
#23 4.943     CC       ipntable.o
#23 5.057     CC       iplink.o
#23 5.322     CC       ipmaddr.o
#23 5.338 In file included from ipmaddr.c:21:
#23 5.338 ../include/uapi/linux/sockios.h:42: warning: "SIOCGSTAMP" redefined
#23 5.338    42 | #define SIOCGSTAMP      SIOCGSTAMP_OLD
#23 5.338       | 
#23 5.338 In file included from /usr/include/sys/ioctl.h:10,
#23 5.338                  from ipmaddr.c:12:
#23 5.338 /usr/include/bits/ioctl.h:111: note: this is the location of the previous definition
#23 5.338   111 | #define SIOCGSTAMP      0x8906
#23 5.338       | 
#23 5.338 ../include/uapi/linux/sockios.h:43: warning: "SIOCGSTAMPNS" redefined
#23 5.338    43 | #define SIOCGSTAMPNS    SIOCGSTAMPNS_OLD
#23 5.338       | 
#23 5.338 /usr/include/bits/ioctl.h:112: note: this is the location of the previous definition
#23 5.338   112 | #define SIOCGSTAMPNS    0x8907
#23 5.338       | 
#23 5.421     CC       ipmonitor.o
#23 5.493     CC       ipmroute.o
#23 5.506 In file included from ipmroute.c:22:
#23 5.506 ../include/uapi/linux/sockios.h:42: warning: "SIOCGSTAMP" redefined
#23 5.506    42 | #define SIOCGSTAMP      SIOCGSTAMP_OLD
#23 5.506       | 
#23 5.506 In file included from /usr/include/sys/ioctl.h:10,
#23 5.506                  from ipmroute.c:13:
#23 5.506 /usr/include/bits/ioctl.h:111: note: this is the location of the previous definition
#23 5.506   111 | #define SIOCGSTAMP      0x8906
#23 5.506       | 
#23 5.506 ../include/uapi/linux/sockios.h:43: warning: "SIOCGSTAMPNS" redefined
#23 5.506    43 | #define SIOCGSTAMPNS    SIOCGSTAMPNS_OLD
#23 5.506       | 
#23 5.506 /usr/include/bits/ioctl.h:112: note: this is the location of the previous definition
#23 5.506   112 | #define SIOCGSTAMPNS    0x8907
#23 5.506       | 
#23 5.574     CC       ipprefix.o
#23 5.604     CC       iptuntap.o
#23 5.721     CC       iptoken.o
#23 5.775     CC       ipxfrm.o
#23 6.067     CC       xfrm_state.o
#23 6.347     CC       xfrm_policy.o
#23 6.581     CC       xfrm_monitor.o
#23 6.659     CC       iplink_dummy.o
#23 6.685     CC       iplink_ifb.o
#23 6.707     CC       iplink_nlmon.o
#23 6.729     CC       iplink_team.o
#23 6.758     CC       iplink_vcan.o
#23 6.780     CC       iplink_vxcan.o
#23 6.808     CC       iplink_vlan.o
#23 6.881     CC       link_veth.o
#23 6.907     CC       link_gre.o
#23 6.920 In file included from ../include/uapi/linux/if_tunnel.h:6,
#23 6.920                  from link_gre.c:15:
#23 6.920 ../include/uapi/linux/if.h:134: warning: "IFF_VOLATILE" redefined
#23 6.920   134 | #define IFF_VOLATILE    (IFF_LOOPBACK|IFF_POINTOPOINT|IFF_BROADCAST|IFF_ECHO|\
#23 6.920       | 
#23 6.920 In file included from link_gre.c:9:
#23 6.920 /usr/include/net/if.h:48: note: this is the location of the previous definition
#23 6.920    48 | #define IFF_VOLATILE (IFF_LOOPBACK|IFF_POINTOPOINT|IFF_BROADCAST| \
#23 6.920       | 
#23 7.035     CC       iplink_can.o
#23 7.172     CC       iplink_xdp.o
#23 7.230     CC       iplink_macvlan.o
#23 7.299     CC       ipl2tp.o
#23 7.451     CC       link_vti.o
#23 7.461 In file included from ../include/uapi/linux/if_tunnel.h:6,
#23 7.461                  from link_vti.c:16:
#23 7.461 ../include/uapi/linux/if.h:134: warning: "IFF_VOLATILE" redefined
#23 7.461   134 | #define IFF_VOLATILE    (IFF_LOOPBACK|IFF_POINTOPOINT|IFF_BROADCAST|IFF_ECHO|\
#23 7.461       | 
#23 7.461 In file included from link_vti.c:10:
#23 7.461 /usr/include/net/if.h:48: note: this is the location of the previous definition
#23 7.461    48 | #define IFF_VOLATILE (IFF_LOOPBACK|IFF_POINTOPOINT|IFF_BROADCAST| \
#23 7.461       | 
#23 7.504     CC       link_vti6.o
#23 7.515 In file included from ../include/uapi/linux/if_tunnel.h:6,
#23 7.515                  from link_vti6.c:17:
#23 7.515 ../include/uapi/linux/if.h:134: warning: "IFF_VOLATILE" redefined
#23 7.515   134 | #define IFF_VOLATILE    (IFF_LOOPBACK|IFF_POINTOPOINT|IFF_BROADCAST|IFF_ECHO|\
#23 7.515       | 
#23 7.515 In file included from link_vti6.c:11:
#23 7.515 /usr/include/net/if.h:48: note: this is the location of the previous definition
#23 7.515    48 | #define IFF_VOLATILE (IFF_LOOPBACK|IFF_POINTOPOINT|IFF_BROADCAST| \
#23 7.515       | 
#23 7.560     CC       link_xfrm.o
#23 7.595     CC       iplink_vxlan.o
#23 7.767     CC       tcp_metrics.o
#23 7.867     CC       iplink_ipoib.o
#23 7.909     CC       ipnetconf.o
#23 7.971     CC       link_ip6tnl.o
#23 7.982 In file included from ../include/uapi/linux/if_tunnel.h:6,
#23 7.982                  from link_ip6tnl.c:15:
#23 7.982 ../include/uapi/linux/if.h:134: warning: "IFF_VOLATILE" redefined
#23 7.982   134 | #define IFF_VOLATILE    (IFF_LOOPBACK|IFF_POINTOPOINT|IFF_BROADCAST|IFF_ECHO|\
#23 7.982       | 
#23 7.982 In file included from link_ip6tnl.c:9:
#23 7.982 /usr/include/net/if.h:48: note: this is the location of the previous definition
#23 7.982    48 | #define IFF_VOLATILE (IFF_LOOPBACK|IFF_POINTOPOINT|IFF_BROADCAST| \
#23 7.982       | 
#23 8.067     CC       link_iptnl.o
#23 8.078 In file included from ../include/uapi/linux/if_tunnel.h:6,
#23 8.078                  from link_iptnl.c:16:
#23 8.078 ../include/uapi/linux/if.h:134: warning: "IFF_VOLATILE" redefined
#23 8.078   134 | #define IFF_VOLATILE    (IFF_LOOPBACK|IFF_POINTOPOINT|IFF_BROADCAST|IFF_ECHO|\
#23 8.078       | 
#23 8.078 In file included from link_iptnl.c:9:
#23 8.078 /usr/include/net/if.h:48: note: this is the location of the previous definition
#23 8.078    48 | #define IFF_VOLATILE (IFF_LOOPBACK|IFF_POINTOPOINT|IFF_BROADCAST| \
#23 8.078       | 
#23 8.164     CC       link_gre6.o
#23 8.174 In file included from ../include/uapi/linux/if_tunnel.h:6,
#23 8.174                  from link_gre6.c:15:
#23 8.174 ../include/uapi/linux/if.h:134: warning: "IFF_VOLATILE" redefined
#23 8.174   134 | #define IFF_VOLATILE    (IFF_LOOPBACK|IFF_POINTOPOINT|IFF_BROADCAST|IFF_ECHO|\
#23 8.174       | 
#23 8.174 In file included from link_gre6.c:9:
#23 8.174 /usr/include/net/if.h:48: note: this is the location of the previous definition
#23 8.174    48 | #define IFF_VOLATILE (IFF_LOOPBACK|IFF_POINTOPOINT|IFF_BROADCAST| \
#23 8.174       | 
#23 8.292     CC       iplink_bond.o
#23 8.477     CC       iplink_bond_slave.o
#23 8.530     CC       iplink_hsr.o
#23 8.577     CC       iplink_bridge.o
#23 8.722     CC       iplink_bridge_slave.o
#23 8.821     CC       iplink_dsa.o
#23 8.852     CC       ipfou.o
#23 8.935     CC       iplink_ipvlan.o
#23 8.979     CC       iplink_geneve.o
#23 9.067     CC       iplink_vrf.o
#23 9.116     CC       iproute_lwtunnel.o
#23 9.550     CC       ipmacsec.o
#23 9.797     CC       ipila.o
#23 9.871     CC       ipvrf.o
#23 9.980     CC       iplink_xstats.o
#23 10.02     CC       ipseg6.o
#23 10.09     CC       iplink_netdevsim.o
#23 10.11     CC       iplink_rmnet.o
#23 10.15     CC       ipnexthop.o
#23 10.39     CC       ipmptcp.o
#23 10.51     CC       iplink_bareudp.o
#23 10.55     CC       iplink_wwan.o
#23 10.58     CC       ipioam6.o
#23 10.66     CC       iplink_amt.o
#23 10.71     CC       iplink_batadv.o
#23 10.74     CC       iplink_gtp.o
#23 10.78     CC       iplink_virt_wifi.o
#23 10.81     CC       iplink_netkit.o
#23 10.85     CC       ipstats.o
#23 11.05     LINK     ip
#23 11.09     CC       rtmon.o
#23 11.14     LINK     rtmon
#23 11.15 
#23 11.15 tc
#23 11.15     CC       tc.o
#23 11.24     CC       tc_qdisc.o
#23 11.35     CC       tc_class.o
#23 11.46     CC       tc_filter.o
#23 11.62     CC       tc_util.o
#23 11.80     CC       tc_monitor.o
#23 11.84     CC       tc_exec.o
#23 11.88     CC       m_police.o
#23 11.96     CC       m_estimator.o
#23 11.99     CC       m_action.o
#23 12.14     CC       m_ematch.o
#23 12.25     YACC     emp_ematch.tab.c
#23 12.31     CC       emp_ematch.tab.o
#23 12.42     LEX      emp_ematch.lex.c
#23 12.43     CC       emp_ematch.lex.o
#23 12.60     CC       q_fifo.o
#23 12.64     CC       q_sfq.o
#23 12.72     CC       q_red.o
#23 12.78     CC       q_prio.o
#23 12.83     CC       q_skbprio.o
#23 12.86     CC       q_tbf.o
#23 12.95     CC       q_multiq.o
#23 12.98     CC       q_netem.o
#23 13.19     CC       q_choke.o
#23 13.25     CC       q_sfb.o
#23 13.32     CC       f_u32.o
#23 13.57     CC       f_route.o
#23 13.63     CC       f_fw.o
#23 13.68     CC       f_basic.o
#23 13.73     CC       f_bpf.o
#23 13.80     CC       f_flow.o
#23 13.89     CC       f_cgroup.o
#23 13.93     CC       f_flower.o
#23 13.94 In file included from ../include/uapi/linux/netdevice.h:29,
#23 13.94                  from ../include/uapi/linux/if_arp.h:27,
#23 13.94                  from f_flower.c:14:
#23 13.94 ../include/uapi/linux/if.h:134: warning: "IFF_VOLATILE" redefined
#23 13.94   134 | #define IFF_VOLATILE    (IFF_LOOPBACK|IFF_POINTOPOINT|IFF_BROADCAST|IFF_ECHO|\
#23 13.94       | 
#23 13.94 In file included from f_flower.c:12:
#23 13.94 /usr/include/net/if.h:48: note: this is the location of the previous definition
#23 13.94    48 | #define IFF_VOLATILE (IFF_LOOPBACK|IFF_POINTOPOINT|IFF_BROADCAST| \
#23 13.94       | 
#23 14.45     CC       q_gred.o
#23 14.56     CC       q_ingress.o
#23 14.59     CC       q_hfsc.o
#23 14.67     CC       q_htb.o
#23 14.77     CC       q_drr.o
#23 14.81     CC       q_qfq.o
#23 14.84     CC       m_gact.o
#23 14.89     CC       m_mirred.o
#23 14.96     CC       m_mpls.o
#23 15.03     CC       m_nat.o
#23 15.09     CC       m_pedit.o
#23 15.23     CC       m_ife.o
#23 15.32     CC       m_skbedit.o
#23 15.38     CC       m_skbmod.o
#23 15.44     CC       m_csum.o
#23 15.50     CC       m_simple.o
#23 15.54     CC       m_vlan.o
#23 15.61     CC       m_connmark.o
#23 15.65     CC       m_ctinfo.o
#23 15.71     CC       m_bpf.o
#23 15.76     CC       m_tunnel_key.o
#23 15.88     CC       m_sample.o
#23 15.93     CC       m_ct.o
#23 16.03     CC       m_gate.o
#23 16.12     CC       p_ip.o
#23 16.17     CC       p_ip6.o
#23 16.20     CC       p_icmp.o
#23 16.23     CC       p_eth.o
#23 16.26     CC       p_tcp.o
#23 16.29     CC       p_udp.o
#23 16.32     CC       em_nbyte.o
#23 16.37     CC       em_cmp.o
#23 16.44     CC       em_u32.o
#23 16.49     CC       em_canid.o
#23 16.54     CC       em_meta.o
#23 16.65     CC       q_mqprio.o
#23 16.78     CC       q_codel.o
#23 16.83     CC       q_fq_codel.o
#23 16.91     CC       q_fq.o
#23 17.02     CC       q_pie.o
#23 17.08     CC       q_fq_pie.o
#23 17.16     CC       q_cake.o
#23 17.35     CC       q_hhf.o
#23 17.41     CC       q_clsact.o
#23 17.44     CC       e_bpf.o
#23 17.50     CC       f_matchall.o
#23 17.55     CC       q_cbs.o
#23 17.59     CC       q_etf.o
#23 17.64     CC       q_taprio.o
#23 17.76     CC       q_plug.o
#23 17.80     CC       q_ets.o
#23 17.88     CC       em_ipt.o
#23 17.90 In file included from tc_util.h:7,
#23 17.90                  from m_ematch.h:11,
#23 17.90                  from em_ipt.c:13:
#23 17.90 ../include/uapi/linux/if.h:134: warning: "IFF_VOLATILE" redefined
#23 17.90   134 | #define IFF_VOLATILE    (IFF_LOOPBACK|IFF_POINTOPOINT|IFF_BROADCAST|IFF_ECHO|\
#23 17.90       | 
#23 17.90 In file included from ../include/xtables.h:17,
#23 17.90                  from em_ipt.c:12:
#23 17.90 /usr/include/net/if.h:48: note: this is the location of the previous definition
#23 17.90    48 | #define IFF_VOLATILE (IFF_LOOPBACK|IFF_POINTOPOINT|IFF_BROADCAST| \
#23 17.90       | 
#23 17.93     CC       em_ipset.o
#23 17.94 In file included from tc_util.h:7,
#23 17.94                  from m_ematch.h:11,
#23 17.94                  from em_ipset.c:39:
#23 17.94 ../include/uapi/linux/if.h:134: warning: "IFF_VOLATILE" redefined
#23 17.94   134 | #define IFF_VOLATILE    (IFF_LOOPBACK|IFF_POINTOPOINT|IFF_BROADCAST|IFF_ECHO|\
#23 17.94       | 
#23 17.94 In file included from ../include/xtables.h:17,
#23 17.94                  from em_ipset.c:23:
#23 17.94 /usr/include/net/if.h:48: note: this is the location of the previous definition
#23 17.94    48 | #define IFF_VOLATILE (IFF_LOOPBACK|IFF_POINTOPOINT|IFF_BROADCAST| \
#23 17.94       | 
#23 17.98     CC       tc_core.o
#23 18.07     CC       tc_red.o
#23 18.11     CC       tc_estimator.o
#23 18.14     CC       tc_stab.o
#23 18.20     CC       tc_qevent.o
#23 18.26     AR       libtc.a
#23 18.26     LINK     tc
#23 18.29 rm emp_ematch.lex.c
#23 18.29 
#23 18.29 bridge
#23 18.29     CC       bridge.o
#23 18.34     CC       fdb.o
#23 18.54     CC       monitor.o
#23 18.58     CC       link.o
#23 18.74     CC       mdb.o
#23 18.94     CC       vlan.o
#23 18.95 In file included from vlan.c:14:
#23 18.95 ../include/json_print.h:80:30: warning: 'struct timeval' declared inside parameter list will not be visible outside of this definition or declaration
#23 18.95    80 | _PRINT_FUNC(tv, const struct timeval *)
#23 18.95       |                              ^~~~~~~
#23 18.95 ../include/json_print.h:50:37: note: in definition of macro '_PRINT_FUNC'
#23 18.95    50 |                                     type value);                        \
#23 18.95       |                                     ^~~~
#23 18.95 ../include/json_print.h:80:30: warning: 'struct timeval' declared inside parameter list will not be visible outside of this definition or declaration
#23 18.95    80 | _PRINT_FUNC(tv, const struct timeval *)
#23 18.95       |                              ^~~~~~~
#23 18.95 ../include/json_print.h:55:45: note: in definition of macro '_PRINT_FUNC'
#23 18.95    55 |                                             type value)                 \
#23 18.95       |                                             ^~~~
#23 18.95 ../include/json_print.h: In function 'print_tv':
#23 18.95 ../include/json_print.h:58:48: warning: passing argument 5 of 'print_color_tv' from incompatible pointer type [-Wincompatible-pointer-types]
#23 18.95    58 |                                                value);                  \
#23 18.95       |                                                ^~~~~
#23 18.95       |                                                |
#23 18.95       |                                                const struct timeval *
#23 18.95 ../include/json_print.h:80:1: note: in expansion of macro '_PRINT_FUNC'
#23 18.95    80 | _PRINT_FUNC(tv, const struct timeval *)
#23 18.95       | ^~~~~~~~~~~
#23 18.95 ../include/json_print.h:50:42: note: expected 'const struct timeval *' but argument is of type 'const struct timeval *'
#23 18.95    50 |                                     type value);                        \
#23 18.95       |                                          ^
#23 18.95 ../include/json_print.h:80:1: note: in expansion of macro '_PRINT_FUNC'
#23 18.95    80 | _PRINT_FUNC(tv, const struct timeval *)
#23 18.95       | ^~~~~~~~~~~
#23 19.17     CC       vni.o
#23 19.19 In file included from vni.c:19:
#23 19.19 ../include/json_print.h:80:30: warning: 'struct timeval' declared inside parameter list will not be visible outside of this definition or declaration
#23 19.19    80 | _PRINT_FUNC(tv, const struct timeval *)
#23 19.19       |                              ^~~~~~~
#23 19.19 ../include/json_print.h:50:37: note: in definition of macro '_PRINT_FUNC'
#23 19.19    50 |                                     type value);                        \
#23 19.19       |                                     ^~~~
#23 19.19 ../include/json_print.h:80:30: warning: 'struct timeval' declared inside parameter list will not be visible outside of this definition or declaration
#23 19.19    80 | _PRINT_FUNC(tv, const struct timeval *)
#23 19.19       |                              ^~~~~~~
#23 19.19 ../include/json_print.h:55:45: note: in definition of macro '_PRINT_FUNC'
#23 19.19    55 |                                             type value)                 \
#23 19.19       |                                             ^~~~
#23 19.19 ../include/json_print.h: In function 'print_tv':
#23 19.19 ../include/json_print.h:58:48: warning: passing argument 5 of 'print_color_tv' from incompatible pointer type [-Wincompatible-pointer-types]
#23 19.19    58 |                                                value);                  \
#23 19.19       |                                                ^~~~~
#23 19.19       |                                                |
#23 19.19       |                                                const struct timeval *
#23 19.19 ../include/json_print.h:80:1: note: in expansion of macro '_PRINT_FUNC'
#23 19.19    80 | _PRINT_FUNC(tv, const struct timeval *)
#23 19.19       | ^~~~~~~~~~~
#23 19.19 ../include/json_print.h:50:42: note: expected 'const struct timeval *' but argument is of type 'const struct timeval *'
#23 19.19    50 |                                     type value);                        \
#23 19.19       |                                          ^
#23 19.19 ../include/json_print.h:80:1: note: in expansion of macro '_PRINT_FUNC'
#23 19.19    80 | _PRINT_FUNC(tv, const struct timeval *)
#23 19.19       | ^~~~~~~~~~~
#23 19.26     LINK     bridge
#23 19.27 
#23 19.27 misc
#23 19.28     CC       ss.o
#23 19.30 In file included from ../include/uapi/linux/tipc.h:42,
#23 19.30                  from ss.c:49:
#23 19.30 ../include/uapi/linux/sockios.h:42: warning: "SIOCGSTAMP" redefined
#23 19.30    42 | #define SIOCGSTAMP      SIOCGSTAMP_OLD
#23 19.30       | 
#23 19.30 In file included from /usr/include/sys/ioctl.h:10,
#23 19.30                  from ss.c:12:
#23 19.30 /usr/include/bits/ioctl.h:111: note: this is the location of the previous definition
#23 19.30   111 | #define SIOCGSTAMP      0x8906
#23 19.30       | 
#23 19.30 ../include/uapi/linux/sockios.h:43: warning: "SIOCGSTAMPNS" redefined
#23 19.30    43 | #define SIOCGSTAMPNS    SIOCGSTAMPNS_OLD
#23 19.30       | 
#23 19.30 /usr/include/bits/ioctl.h:112: note: this is the location of the previous definition
#23 19.30   112 | #define SIOCGSTAMPNS    0x8907
#23 19.30       | 
#23 20.18     CC       ssfilter_check.o
#23 20.21     YACC     ssfilter.tab.c
#23 20.27     CC       ssfilter.tab.o
#23 20.37     LINK     ss
#23 20.39     CC       nstat
#23 20.40 In file included from nstat.c:20:
#23 20.40 /usr/include/sys/poll.h:1:2: warning: #warning redirecting incorrect #include <sys/poll.h> to <poll.h> [-Wcpp]
#23 20.40     1 | #warning redirecting incorrect #include <sys/poll.h> to <poll.h>
#23 20.40       |  ^~~~~~~
#23 20.53     CC       ifstat
#23 20.54 In file included from ifstat.c:20:
#23 20.54 /usr/include/sys/poll.h:1:2: warning: #warning redirecting incorrect #include <sys/poll.h> to <poll.h> [-Wcpp]
#23 20.54     1 | #warning redirecting incorrect #include <sys/poll.h> to <poll.h>
#23 20.54       |  ^~~~~~~
#23 20.71     CC       rtacct
#23 20.72 In file included from rtacct.c:19:
#23 20.72 /usr/include/sys/poll.h:1:2: warning: #warning redirecting incorrect #include <sys/poll.h> to <poll.h> [-Wcpp]
#23 20.72     1 | #warning redirecting incorrect #include <sys/poll.h> to <poll.h>
#23 20.72       |  ^~~~~~~
#23 20.84     CC       lnstat.o
#23 20.90     CC       lnstat_util.o
#23 20.96     LINK     lnstat
#23 20.97 
#23 20.97 netem
#23 20.97 gcc  -I../include -o maketable maketable.c -lm
#23 21.01 gcc  -I../include -o normal normal.c -lm
#23 21.03 gcc  -I../include -o pareto pareto.c -lm
#23 21.06 gcc  -I../include -o paretonormal paretonormal.c -lm
#23 21.08 ./normal > normal.dist
#23 21.09 ./pareto > pareto.dist
#23 21.09 ./paretonormal > paretonormal.dist
#23 21.10 ./maketable experimental.dat > experimental.dist
#23 21.11 
#23 21.11 genl
#23 21.11     CC       genl.o
#23 21.15     CC       ctrl.o
#23 21.22     LINK     genl
#23 21.23 
#23 21.23 man
#23 21.23 make[2]: Nothing to be done for 'all'.
#23 21.23 make[2]: Nothing to be done for 'all'.
#23 21.23 sed \
#23 21.23 	-e "s|@NETNS_ETC_DIR@|/etc/netns|g" \
#23 21.23 	-e "s|@NETNS_RUN_DIR@|/var/run/netns|g" \
#23 21.23 	-e "s|@SYSCONF_ETC_DIR@|/etc/iproute2|g" \
#23 21.23 	-e "s|@SYSCONF_USR_DIR@|/usr/share/iproute2|g" \
#23 21.23 	ip-address.8.in > ip-address.8
#23 21.24 sed \
#23 21.24 	-e "s|@NETNS_ETC_DIR@|/etc/netns|g" \
#23 21.24 	-e "s|@NETNS_RUN_DIR@|/var/run/netns|g" \
#23 21.24 	-e "s|@SYSCONF_ETC_DIR@|/etc/iproute2|g" \
#23 21.24 	-e "s|@SYSCONF_USR_DIR@|/usr/share/iproute2|g" \
#23 21.24 	ip-link.8.in > ip-link.8
#23 21.24 sed \
#23 21.24 	-e "s|@NETNS_ETC_DIR@|/etc/netns|g" \
#23 21.24 	-e "s|@NETNS_RUN_DIR@|/var/run/netns|g" \
#23 21.24 	-e "s|@SYSCONF_ETC_DIR@|/etc/iproute2|g" \
#23 21.24 	-e "s|@SYSCONF_USR_DIR@|/usr/share/iproute2|g" \
#23 21.24 	ip-netns.8.in > ip-netns.8
#23 21.24 sed \
#23 21.24 	-e "s|@NETNS_ETC_DIR@|/etc/netns|g" \
#23 21.24 	-e "s|@NETNS_RUN_DIR@|/var/run/netns|g" \
#23 21.24 	-e "s|@SYSCONF_ETC_DIR@|/etc/iproute2|g" \
#23 21.24 	-e "s|@SYSCONF_USR_DIR@|/usr/share/iproute2|g" \
#23 21.24 	ip-route.8.in > ip-route.8
#23 21.25 
#23 21.25 tipc
#23 21.25     CC       bearer.o
#23 21.43     CC       cmdl.o
#23 21.47     CC       link.o
#23 21.69     CC       media.o
#23 21.74     CC       misc.o
#23 21.79     CC       msg.o
#23 21.82     CC       nametable.o
#23 21.85     CC       node.o
#23 21.94     CC       socket.o
#23 21.97     CC       peer.o
#23 22.01     CC       tipc.o
#23 22.04     LINK     tipc
#23 22.06 
#23 22.06 devlink
#23 22.06     CC       devlink.o
#23 23.73     CC       mnlg.o
#23 23.78     LINK     devlink
#23 23.79 
#23 23.79 rdma
#23 23.79     CC       rdma.o
#23 23.81 rdma.c: In function 'main':
#23 23.81 rdma.c:110:20: warning: implicit declaration of function 'basename'; did you mean 'rename'? [-Wimplicit-function-declaration]
#23 23.81   110 |         filename = basename(argv[0]);
#23 23.81       |                    ^~~~~~~~
#23 23.81       |                    rename
#23 23.81 rdma.c:110:18: warning: assignment to 'char *' from 'int' makes pointer from integer without a cast [-Wint-conversion]
#23 23.81   110 |         filename = basename(argv[0]);
#23 23.81       |                  ^
#23 23.84     CC       utils.o
#23 24.03     CC       dev.o
#23 24.10     CC       link.o
#23 24.17     CC       res.o
#23 24.28     CC       res-pd.o
#23 24.32     CC       res-mr.o
#23 24.36     CC       res-cq.o
#23 24.41     CC       res-cmid.o
#23 24.47     CC       res-qp.o
#23 24.52     CC       sys.o
#23 24.57     CC       stat.o
#23 24.78     CC       stat-mr.o
#23 24.82     CC       res-ctx.o
#23 24.86     CC       res-srq.o
#23 24.93     LINK     rdma
#23 24.94 
#23 24.94 dcb
#23 24.95     CC       dcb.o
#23 25.06     CC       dcb_app.o
#23 25.26     CC       dcb_buffer.o
#23 25.32     CC       dcb_dcbx.o
#23 25.37     CC       dcb_ets.o
#23 25.46     CC       dcb_maxrate.o
#23 25.51     CC       dcb_pfc.o
#23 25.58     CC       dcb_apptrust.o
#23 25.63     CC       dcb_rewr.o
#23 25.72     LINK     dcb
#23 25.73 
#23 25.73 vdpa
#23 25.74     CC       vdpa.o
#23 25.75 In file included from vdpa.c:19:
#23 25.75 ../include/json_print.h:80:30: warning: 'struct timeval' declared inside parameter list will not be visible outside of this definition or declaration
#23 25.75    80 | _PRINT_FUNC(tv, const struct timeval *)
#23 25.75       |                              ^~~~~~~
#23 25.75 ../include/json_print.h:50:37: note: in definition of macro '_PRINT_FUNC'
#23 25.75    50 |                                     type value);                        \
#23 25.75       |                                     ^~~~
#23 25.75 ../include/json_print.h:80:30: warning: 'struct timeval' declared inside parameter list will not be visible outside of this definition or declaration
#23 25.75    80 | _PRINT_FUNC(tv, const struct timeval *)
#23 25.75       |                              ^~~~~~~
#23 25.75 ../include/json_print.h:55:45: note: in definition of macro '_PRINT_FUNC'
#23 25.75    55 |                                             type value)                 \
#23 25.75       |                                             ^~~~
#23 25.75 ../include/json_print.h: In function 'print_tv':
#23 25.75 ../include/json_print.h:58:48: warning: passing argument 5 of 'print_color_tv' from incompatible pointer type [-Wincompatible-pointer-types]
#23 25.75    58 |                                                value);                  \
#23 25.75       |                                                ^~~~~
#23 25.75       |                                                |
#23 25.75       |                                                const struct timeval *
#23 25.75 ../include/json_print.h:80:1: note: in expansion of macro '_PRINT_FUNC'
#23 25.75    80 | _PRINT_FUNC(tv, const struct timeval *)
#23 25.75       | ^~~~~~~~~~~
#23 25.75 ../include/json_print.h:50:42: note: expected 'const struct timeval *' but argument is of type 'const struct timeval *'
#23 25.75    50 |                                     type value);                        \
#23 25.75       |                                          ^
#23 25.75 ../include/json_print.h:80:1: note: in expansion of macro '_PRINT_FUNC'
#23 25.75    80 | _PRINT_FUNC(tv, const struct timeval *)
#23 25.75       | ^~~~~~~~~~~
#23 25.89     LINK     vdpa
#23 DONE 25.9s

#24 [20/22] RUN git clone --no-single-branch --depth=1 https://github.com/linux-netdev/testing.git /nipa-data/kernel
#24 0.418 Cloning into '/nipa-data/kernel'...
#24 33.14 Updating files:  17% (14580/83283)Updating files:  18% (14991/83283)Updating files:  19% (15824/83283)Updating files:  20% (16657/83283)Updating files:  21% (17490/83283)Updating files:  22% (18323/83283)Updating files:  23% (19156/83283)Updating files:  24% (19988/83283)Updating files:  25% (20821/83283)Updating files:  26% (21654/83283)Updating files:  27% (22487/83283)Updating files:  28% (23320/83283)Updating files:  29% (24153/83283)Updating files:  30% (24985/83283)Updating files:  31% (25818/83283)Updating files:  32% (26651/83283)Updating files:  33% (27484/83283)Updating files:  34% (28317/83283)Updating files:  35% (29150/83283)Updating files:  36% (29982/83283)Updating files:  36% (30143/83283)Updating files:  37% (30815/83283)Updating files:  38% (31648/83283)Updating files:  39% (32481/83283)Updating files:  40% (33314/83283)Updating files:  40% (33621/83283)Updating files:  41% (34147/83283)Updating files:  42% (34979/83283)Updating files:  43% (35812/83283)Updating files:  44% (36645/83283)Updating files:  45% (37478/83283)Updating files:  46% (38311/83283)Updating files:  47% (39144/83283)Updating files:  48% (39976/83283)Updating files:  49% (40809/83283)Updating files:  50% (41642/83283)Updating files:  51% (42475/83283)Updating files:  52% (43308/83283)Updating files:  53% (44140/83283)Updating files:  53% (44150/83283)Updating files:  54% (44973/83283)Updating files:  55% (45806/83283)Updating files:  56% (46639/83283)Updating files:  57% (47472/83283)Updating files:  58% (48305/83283)Updating files:  59% (49137/83283)Updating files:  60% (49970/83283)Updating files:  61% (50803/83283)Updating files:  62% (51636/83283)Updating files:  63% (52469/83283)Updating files:  64% (53302/83283)Updating files:  65% (54134/83283)Updating files:  66% (54967/83283)Updating files:  66% (55381/83283)Updating files:  67% (55800/83283)Updating files:  68% (56633/83283)Updating files:  69% (57466/83283)Updating files:  70% (58299/83283)Updating files:  71% (59131/83283)Updating files:  72% (59964/83283)Updating files:  73% (60797/83283)Updating files:  74% (61630/83283)Updating files:  75% (62463/83283)Updating files:  76% (63296/83283)Updating files:  77% (64128/83283)Updating files:  78% (64961/83283)Updating files:  79% (65794/83283)Updating files:  80% (66627/83283)Updating files:  81% (67460/83283)Updating files:  82% (68293/83283)Updating files:  83% (69125/83283)Updating files:  83% (69404/83283)Updating files:  84% (69958/83283)Updating files:  85% (70791/83283)Updating files:  86% (71624/83283)Updating files:  87% (72457/83283)Updating files:  88% (73290/83283)Updating files:  89% (74122/83283)Updating files:  90% (74955/83283)Updating files:  91% (75788/83283)Updating files:  92% (76621/83283)Updating files:  93% (77454/83283)Updating files:  94% (78287/83283)Updating files:  95% (79119/83283)Updating files:  96% (79952/83283)Updating files:  97% (80785/83283)Updating files:  98% (81618/83283)Updating files:  99% (82451/83283)Updating files: 100% (83283/83283)Updating files: 100% (83283/83283), done.
#24 DONE 40.8s

#25 [21/22] RUN git clone --depth=1 -b dev https://github.com/p4tc-dev/new-nipa.git nipa
#25 0.353 Cloning into 'nipa'...
#25 DONE 1.0s

#26 [22/22] COPY entrypoint.sh /entrypoint.sh
#26 DONE 0.0s

#27 exporting to image
#27 exporting layers
#27 exporting layers 7.2s done
#27 writing image sha256:5a897e10b4216db912c9fb917f90b546dca38dd661fc9e27620f9fe41c15dd3b 0.1s done
#27 naming to docker.io/library/nipa-executor 0.1s done
#27 DONE 7.3s
NIPA version: 9d4ceb4 (fetcher: support local kernel patches, 2024-02-05)
INFO: Last run date: 2024-03-19 18:00:10.438984+00:00
Testing  {'branch': 'net-next-2024-03-19--21-00', 'date': '2024-03-19T21:00:13.631525+00:00', 'base': '73b0473a1c0fc61cc49eba1c2599ef60a5c8e068', 'url': 'https://github.com/linux-netdev/testing.git net-next-2024-03-19--21-00'}
Updating files:  81% (6820/8385)Updating files:  82% (6876/8385)Updating files:  83% (6960/8385)Updating files:  84% (7044/8385)Updating files:  85% (7128/8385)Updating files:  86% (7212/8385)Updating files:  87% (7295/8385)Updating files:  88% (7379/8385)Updating files:  89% (7463/8385)Updating files:  90% (7547/8385)Updating files:  91% (7631/8385)Updating files:  92% (7715/8385)Updating files:  93% (7799/8385)Updating files:  94% (7882/8385)Updating files:  95% (7966/8385)Updating files:  96% (8050/8385)Updating files:  97% (8134/8385)Updating files:  98% (8218/8385)Updating files:  99% (8302/8385)Updating files: 100% (8385/8385)Updating files: 100% (8385/8385), done.
branch 'net-next-2024-03-19--21-00' set up to track 'origin/net-next-2024-03-19--21-00'.
Switched to a new branch 'net-next-2024-03-19--21-00'
error: No valid patches in input (allow with "--allow-empty")
Checking patch tools/testing/selftests/tc-testing/tdc_config.py...
Applied patch tools/testing/selftests/tc-testing/tdc_config.py cleanly.
Run at 2024-03-19 21:03:58.010224
INFO: building kernel
INFO: starting VM 0
INFO: thr0-1 VM starting: vng -v -r arch/x86/boot/bzImage --user root --rwdir=/nipa-data/kernel/
INFO: thr0-1 expecting prompt: '/nipa-data/kernel# '
INFO: thr0-1 reached initial prompt
INFO: thr-0 testing == tdc.sh
INFO: thr-0 tdc.sh >> retcode: 0 result: pass found {'fail': False, 'skip': False, 'pass': True}
INFO: thr-0 has no more work, exiting
INFO: thr0-1 VM stopped
Done at 2024-03-19 21:07:25.753413
NIPA quitting!
/
~/nipa/tc-executor/tc-executor-storage /
sort: write failed: 'standard output': Broken pipe
sort: write error
