~/nipa/tc-executor/tc-executor-storage /
Switched to branch 'storage-dbg'
Your branch is ahead of 'origin/storage-dbg' by 256 commits.
  (use "git push" to publish your local commits)
/
~/nipa/tc-executor /
Error response from daemon: No such image: nipa-executor:latest
#0 building with "default" instance using docker driver

#1 [internal] load .dockerignore
#1 transferring context: 2B done
#1 DONE 0.0s

#2 [internal] load build definition from Dockerfile
#2 transferring dockerfile: 2.03kB done
#2 DONE 0.0s

#3 [internal] load metadata for docker.io/library/alpine:edge
#3 DONE 0.0s

#4 [ 1/22] FROM docker.io/library/alpine:edge
#4 CACHED

#5 [internal] load build context
#5 transferring context: 3.02kB done
#5 DONE 0.0s

#6 [ 2/22] RUN echo true > debug-mode
#6 DONE 0.4s

#7 [ 3/22] RUN addgroup -g 1001 hostuser
#7 DONE 0.4s

#8 [ 4/22] RUN adduser -u 1001 -G hostuser -H -D -s /bin/ash hostuser
#8 DONE 0.4s

#9 [ 5/22] RUN echo '@testing http://dl-cdn.alpinelinux.org/alpine/edge/testing' >> /etc/apk/repositories
#9 DONE 0.5s

#10 [ 6/22] RUN echo '@community http://dl-cdn.alpinelinux.org/alpine/edge/community' >> /etc/apk/repositories
#10 DONE 0.4s

#11 [ 7/22] RUN apk update && apk add --no-cache    virtme-ng@testing    git    py3-requests    py3-psutil    py3-setuptools    py3-pyroute2    py3-argcomplete    qemu-system-x86_64@community    scapy@community    make    gcc    musl-dev    flex    bison    linux-headers    elfutils-dev    util-linux    coreutils    diffutils    findutils    file    bash    kmod    perl    iptables-dev    libcap-dev    libmnl-dev    iproute2     jq    libbpf-dev    rsync
#11 0.400 fetch https://dl-cdn.alpinelinux.org/alpine/edge/main/x86_64/APKINDEX.tar.gz
#11 0.575 fetch https://dl-cdn.alpinelinux.org/alpine/edge/community/x86_64/APKINDEX.tar.gz
#11 0.782 fetch http://dl-cdn.alpinelinux.org/alpine/edge/testing/x86_64/APKINDEX.tar.gz
#11 0.862 fetch http://dl-cdn.alpinelinux.org/alpine/edge/community/x86_64/APKINDEX.tar.gz
#11 1.100 v20240315-19-g81cf5d0a722 [https://dl-cdn.alpinelinux.org/alpine/edge/main]
#11 1.100 v20240315-44-ge820b81ce7b [https://dl-cdn.alpinelinux.org/alpine/edge/community]
#11 1.100 v20240315-45-g5fabfaa5808 [http://dl-cdn.alpinelinux.org/alpine/edge/testing]
#11 1.100 v20240315-44-ge820b81ce7b [http://dl-cdn.alpinelinux.org/alpine/edge/community]
#11 1.100 OK: 30724 distinct packages available
#11 1.156 fetch https://dl-cdn.alpinelinux.org/alpine/edge/main/x86_64/APKINDEX.tar.gz
#11 1.216 fetch https://dl-cdn.alpinelinux.org/alpine/edge/community/x86_64/APKINDEX.tar.gz
#11 1.294 fetch http://dl-cdn.alpinelinux.org/alpine/edge/testing/x86_64/APKINDEX.tar.gz
#11 1.350 fetch http://dl-cdn.alpinelinux.org/alpine/edge/community/x86_64/APKINDEX.tar.gz
#11 1.546 (1/175) Upgrading musl (1.2.4_git20230717-r5 -> 1.2.5-r0)
#11 1.557 (2/175) Upgrading zlib (1.3-r2 -> 1.3.1-r0)
#11 1.565 (3/175) Installing ncurses-terminfo-base (6.4_p20231125-r0)
#11 1.578 (4/175) Installing libncursesw (6.4_p20231125-r0)
#11 1.588 (5/175) Installing readline (8.2.10-r0)
#11 1.596 (6/175) Installing bash (5.2.26-r0)
#11 1.611 Executing bash-5.2.26-r0.post-install
#11 1.613 (7/175) Installing m4 (1.4.19-r3)
#11 1.621 (8/175) Installing bison (3.8.2-r1)
#11 1.636 (9/175) Installing coreutils-env (9.4-r2)
#11 1.642 (10/175) Installing coreutils-fmt (9.4-r2)
#11 1.648 (11/175) Installing coreutils-sha512sum (9.4-r2)
#11 1.658 (12/175) Installing libacl (2.3.2-r0)
#11 1.665 (13/175) Installing libattr (2.5.2-r0)
#11 1.678 (14/175) Installing skalibs (2.14.1.1-r0)
#11 1.685 (15/175) Installing utmps-libs (0.1.2.2-r0)
#11 1.690 (16/175) Installing coreutils (9.4-r2)
#11 1.707 (17/175) Installing diffutils (3.10-r0)
#11 1.716 (18/175) Installing zstd-libs (1.5.5-r8)
#11 1.726 (19/175) Installing libelf (0.191-r0)
#11 1.733 (20/175) Installing libbz2 (1.0.8-r6)
#11 1.740 (21/175) Installing musl-fts (1.2.7-r6)
#11 1.746 (22/175) Installing xz-libs (5.6.1-r1)
#11 1.755 (23/175) Installing libdw (0.191-r0)
#11 1.764 (24/175) Installing libasm (0.191-r0)
#11 1.770 (25/175) Installing xz (5.6.1-r1)
#11 1.778 (26/175) Installing pkgconf (2.1.1-r0)
#11 1.786 (27/175) Installing xz-dev (5.6.1-r1)
#11 1.794 (28/175) Installing libgcc (13.2.1_git20240309-r0)
#11 1.800 (29/175) Installing libstdc++ (13.2.1_git20240309-r0)
#11 1.818 (30/175) Installing zstd (1.5.5-r8)
#11 1.835 (31/175) Installing zstd-dev (1.5.5-r8)
#11 1.842 (32/175) Installing zlib-dev (1.3.1-r0)
#11 1.849 (33/175) Installing elfutils-dev (0.191-r0)
#11 1.865 (34/175) Installing libmagic (5.45-r1)
#11 1.886 (35/175) Installing file (5.45-r1)
#11 1.892 (36/175) Installing findutils (4.9.0-r5)
#11 1.906 (37/175) Installing flex (2.6.4-r6)
#11 1.915 (38/175) Installing jansson (2.14-r4)
#11 1.921 (39/175) Installing binutils (2.42-r0)
#11 1.966 (40/175) Installing libgomp (13.2.1_git20240309-r0)
#11 1.975 (41/175) Installing libatomic (13.2.1_git20240309-r0)
#11 1.982 (42/175) Installing gmp (6.3.0-r0)
#11 1.997 (43/175) Installing isl26 (0.26-r1)
#11 2.019 (44/175) Installing mpfr4 (4.2.1-r0)
#11 2.030 (45/175) Installing mpc1 (1.3.1-r1)
#11 2.037 (46/175) Installing gcc (13.2.1_git20240309-r0)
#11 2.484 (47/175) Installing ca-certificates (20240226-r0)
#11 2.500 (48/175) Installing brotli-libs (1.1.0-r1)
#11 2.516 (49/175) Installing c-ares (1.26.0-r0)
#11 2.524 (50/175) Installing libunistring (1.2-r0)
#11 2.538 (51/175) Installing libidn2 (2.3.7-r0)
#11 2.547 (52/175) Installing nghttp2-libs (1.59.0-r0)
#11 2.557 (53/175) Installing libpsl (0.21.5-r1)
#11 2.563 (54/175) Installing libcurl (8.6.0-r0)
#11 2.573 (55/175) Installing libexpat (2.6.2-r0)
#11 2.580 (56/175) Installing pcre2 (10.43-r0)
#11 2.592 (57/175) Installing git (2.44.0-r0)
#11 2.637 (58/175) Installing git-init-template (2.44.0-r0)
#11 2.644 (59/175) Installing libcap2 (2.69-r1)
#11 2.650 (60/175) Installing libmnl (1.0.5-r2)
#11 2.658 (61/175) Installing iproute2-minimal (6.8.0-r0)
#11 2.668 (62/175) Installing libxtables (1.8.10-r3)
#11 2.675 (63/175) Installing iproute2-tc (6.8.0-r0)
#11 2.686 (64/175) Installing iproute2-ss (6.8.0-r0)
#11 2.693 (65/175) Installing iproute2 (6.8.0-r0)
#11 2.703 Executing iproute2-6.8.0-r0.post-install
#11 2.706 (66/175) Installing linux-headers (6.6-r0)
#11 2.787 (67/175) Installing libip4tc (1.8.10-r3)
#11 2.799 (68/175) Installing libip6tc (1.8.10-r3)
#11 2.805 (69/175) Installing libipq (1.8.10-r3)
#11 2.818 (70/175) Installing iptables-dev (1.8.10-r3)
#11 2.825 (71/175) Installing oniguruma (6.9.9-r0)
#11 2.835 (72/175) Installing jq (1.7.1-r0)
#11 2.846 (73/175) Installing kmod (31-r4)
#11 2.854 (74/175) Installing libbpf (1.3.0-r0)
#11 2.862 (75/175) Installing libbpf-dev (1.3.0-r0)
#11 2.876 (76/175) Installing libcap-dev (2.69-r1)
#11 2.882 (77/175) Installing libmnl-dev (1.0.5-r2)
#11 2.888 (78/175) Installing make (4.4.1-r2)
#11 2.897 (79/175) Installing musl-dev (1.2.5-r0)
#11 2.952 (80/175) Installing perl (5.38.2-r0)
#11 3.128 (81/175) Installing perl-error (0.17029-r2)
#11 3.139 (82/175) Installing perl-git (2.44.0-r0)
#11 3.146 (83/175) Installing git-perl (2.44.0-r0)
#11 3.152 (84/175) Installing libffi (3.4.6-r0)
#11 3.159 (85/175) Installing gdbm (1.23-r1)
#11 3.176 (86/175) Installing mpdecimal (4.0.0-r0)
#11 3.185 (87/175) Installing libpanelw (6.4_p20231125-r0)
#11 3.192 (88/175) Installing sqlite-libs (3.45.2-r0)
#11 3.206 (89/175) Installing python3 (3.11.8-r0)
#11 3.333 (90/175) Installing python3-pycache-pyc0 (3.11.8-r0)
#11 3.422 (91/175) Installing pyc (3.11.8-r0)
#11 3.429 (92/175) Installing py3-argcomplete-pyc (3.2.3-r0)
#11 3.436 (93/175) Installing python3-pyc (3.11.8-r0)
#11 3.442 (94/175) Installing py3-argcomplete (3.2.3-r0)
#11 3.451 (95/175) Installing py3-psutil (5.9.8-r0)
#11 3.460 (96/175) Installing py3-psutil-pyc (5.9.8-r0)
#11 3.470 (97/175) Installing py3-pyroute2 (0.7.12-r0)
#11 3.500 (98/175) Installing py3-pyroute2-pyc (0.7.12-r0)
#11 3.528 (99/175) Installing py3-certifi (2024.2.2-r0)
#11 3.534 (100/175) Installing py3-certifi-pyc (2024.2.2-r0)
#11 3.540 (101/175) Installing py3-charset-normalizer (3.3.2-r0)
#11 3.548 (102/175) Installing py3-charset-normalizer-pyc (3.3.2-r0)
#11 3.556 (103/175) Installing py3-idna (3.6-r0)
#11 3.564 (104/175) Installing py3-idna-pyc (3.6-r0)
#11 3.572 (105/175) Installing py3-urllib3 (1.26.18-r0)
#11 3.583 (106/175) Installing py3-urllib3-pyc (1.26.18-r0)
#11 3.595 (107/175) Installing py3-requests (2.31.0-r1)
#11 3.603 (108/175) Installing py3-requests-pyc (2.31.0-r1)
#11 3.612 (109/175) Installing py3-parsing (3.1.2-r0)
#11 3.620 (110/175) Installing py3-parsing-pyc (3.1.2-r0)
#11 3.630 (111/175) Installing py3-packaging (23.2-r0)
#11 3.639 (112/175) Installing py3-packaging-pyc (23.2-r0)
#11 3.647 (113/175) Installing py3-setuptools (69.1.1-r0)
#11 3.689 (114/175) Installing py3-setuptools-pyc (69.1.1-r0)
#11 3.724 (115/175) Installing libcap-ng (0.8.4-r0)
#11 3.731 (116/175) Installing libintl (0.22.4-r0)
#11 3.737 (117/175) Installing libblkid (2.39.3-r0)
#11 3.744 (118/175) Installing libmount (2.39.3-r0)
#11 3.757 (119/175) Installing glib (2.78.4-r0)
#11 3.783 (120/175) Installing numactl (2.0.18-r0)
#11 3.789 (121/175) Installing qemu (8.2.1-r0)
#11 3.800 Executing qemu-8.2.1-r0.pre-install
#11 3.870 Executing qemu-8.2.1-r0.post-install
#11 3.872 *
#11 3.872 * If you want to run VM as unprivileged user and let Qemu create tunX devices,
#11 3.872 * then you must add that user to the group "qemu".
#11 3.872 * If you use KVM for hardware-assisted virtualization, then you may also need
#11 3.872 * to add that user to the group "kvm".
#11 3.872 *
#11 3.873 (122/175) Installing qemu-bridge-helper (8.2.1-r0)
#11 3.883 (123/175) Installing libaio (0.3.113-r2)
#11 3.889 (124/175) Installing capstone (5.0.1-r2)
#11 3.914 (125/175) Installing py3-capstone (5.0.1-r2)
#11 3.944 (126/175) Installing py3-capstone-pyc (5.0.1-r2)
#11 3.950 (127/175) Installing nettle (3.9.1-r0)
#11 3.960 (128/175) Installing libtasn1 (4.19.0-r2)
#11 3.966 (129/175) Installing p11-kit (0.25.3-r0)
#11 3.977 (130/175) Installing gnutls (3.8.3-r0)
#11 3.992 (131/175) Installing libjpeg-turbo (3.0.2-r0)
#11 4.002 (132/175) Installing lzo (2.10-r5)
#11 4.010 (133/175) Installing pixman (0.43.2-r0)
#11 4.019 (134/175) Installing libpng (1.6.43-r0)
#11 4.026 (135/175) Installing libsasl (2.1.28-r6)
#11 4.039 (136/175) Installing libseccomp (2.5.5-r0)
#11 4.046 (137/175) Installing libslirp (4.7.0-r0)
#11 4.054 (138/175) Installing snappy (1.1.10-r2)
#11 4.060 (139/175) Installing liburing (2.5-r1)
#11 4.066 (140/175) Installing vde2-libs (2.3.3-r1)
#11 4.073 (141/175) Installing qemu-system-x86_64 (8.2.1-r0)
#11 4.167 (142/175) Installing lz4-libs (1.9.4-r5)
#11 4.175 (143/175) Installing popt (1.19-r3)
#11 4.181 (144/175) Installing libxxhash (0.8.2-r2)
#11 4.188 (145/175) Installing rsync (3.2.7-r4)
#11 4.198 (146/175) Installing scapy (2.5.0-r1)
#11 4.242 Executing scapy-2.5.0-r1.post-install
#11 4.244 *
#11 4.244 * Certain optional features of scapy also depend on the following packages:
#11 4.244 *     py3-matplotlib graphviz imagemagick py3-cryptography sox
#11 4.244 * And the following unpackaged dependencies:
#11 4.244 *     pyxi vpython-jupyter nmap<v4.23
#11 4.244 * More information can be found at https://scapy.readthedocs.io/en/latest/installation.html#optional-dependencies
#11 4.244 *
#11 4.244 (147/175) Installing scapy-pyc (2.5.0-r1)
#11 4.302 (148/175) Installing util-linux (2.39.3-r0)
#11 4.309 (149/175) Installing setarch (2.39.3-r0)
#11 4.315 (150/175) Installing libuuid (2.39.3-r0)
#11 4.321 (151/175) Installing libfdisk (2.39.3-r0)
#11 4.329 (152/175) Installing libsmartcols (2.39.3-r0)
#11 4.335 (153/175) Installing util-linux-misc (2.39.3-r0)
#11 4.357 (154/175) Installing libeconf (0.6.2-r0)
#11 4.364 (155/175) Installing linux-pam (1.5.3-r8)
#11 4.463 (156/175) Installing runuser (2.39.3-r0)
#11 4.473 (157/175) Installing mount (2.39.3-r0)
#11 4.479 (158/175) Installing losetup (2.39.3-r0)
#11 4.488 (159/175) Installing hexdump (2.39.3-r0)
#11 4.555 (160/175) Installing uuidgen (2.39.3-r0)
#11 4.561 (161/175) Installing blkid (2.39.3-r0)
#11 4.568 (162/175) Installing sfdisk (2.39.3-r0)
#11 4.574 (163/175) Installing mcookie (2.39.3-r0)
#11 4.580 (164/175) Installing agetty (2.39.3-r0)
#11 4.587 (165/175) Installing wipefs (2.39.3-r0)
#11 4.594 (166/175) Installing cfdisk (2.39.3-r0)
#11 4.601 (167/175) Installing umount (2.39.3-r0)
#11 4.612 (168/175) Installing flock (2.39.3-r0)
#11 4.624 (169/175) Installing lsblk (2.39.3-r0)
#11 4.631 (170/175) Installing setpriv (2.39.3-r0)
#11 4.636 (171/175) Installing logger (2.39.3-r0)
#11 4.643 (172/175) Installing partx (2.39.3-r0)
#11 4.649 (173/175) Installing fstrim (2.39.3-r0)
#11 4.655 (174/175) Installing findmnt (2.39.3-r0)
#11 4.661 (175/175) Installing virtme-ng@testing (1.22-r0)
#11 4.691 Executing busybox-1.36.1-r17.trigger
#11 4.695 Executing ca-certificates-20240226-r0.trigger
#11 4.716 Executing glib-2.78.4-r0.trigger
#11 4.721 OK: 385 MiB in 188 packages
#11 DONE 5.2s

#12 [ 8/22] RUN mkdir -p /tmp/kernel-patches &&     mkdir -p /tmp/iproute2-patches
#12 DONE 0.4s

#13 [ 9/22] COPY tdc.config /tmp
#13 DONE 0.0s

#14 [10/22] COPY tdc-debug.config /tmp
#14 DONE 0.1s

#15 [11/22] COPY kernel-patches /tmp/kernel-patches/
#15 DONE 0.0s

#16 [12/22] COPY iproute2-patches /tmp/iproute2-patches/
#16 DONE 0.0s

#17 [13/22] COPY configs /tmp/configs/
#17 DONE 0.0s

#18 [14/22] RUN git config --global user.email foo@bar.com
#18 DONE 0.4s

#19 [15/22] RUN git config --global user.name foo@bar.com
#19 DONE 0.5s

#20 [16/22] RUN git clone https://git.kernel.org/pub/scm/network/iproute2/iproute2-next.git /nipa-data/iproute2
#20 0.339 Cloning into '/nipa-data/iproute2'...
#20 DONE 1.9s

#21 [17/22] RUN cd /nipa-data/iproute2 && 	git remote add stable https://git.kernel.org/pub/scm/network/iproute2/iproute2.git && 	git fetch --all && 	git merge stable/main
#21 0.409 Fetching origin
#21 0.748 Fetching stable
#21 1.447 From https://git.kernel.org/pub/scm/network/iproute2/iproute2
#21 1.447  * [new branch]        codeql         -> stable/codeql
#21 1.447  * [new branch]        iproute2-4.1.x -> stable/iproute2-4.1.x
#21 1.447  * [new branch]        main           -> stable/main
#21 1.454  * [new tag]           v6.8.0         -> v6.8.0
#21 1.493 Merge made by the 'ort' strategy.
#21 1.512  README               | 13 ++++++++
#21 1.512  include/version.h    |  2 +-
#21 1.512  ip/iptuntap.c        |  5 ++-
#21 1.512  lib/rt_names.c       | 43 +++++++++++++-------------
#21 1.512  man/man8/ip.8        | 33 ++++++++++++++++++--
#21 1.512  man/man8/tc-mirred.8 |  2 +-
#21 1.512  man/man8/tc-simple.8 | 12 ++++----
#21 1.512  misc/ifstat.c        |  6 ++--
#21 1.512  misc/ss.c            | 17 ++++++++++-
#21 1.512  tc/e_bpf.c           |  2 +-
#21 1.512  tc/f_basic.c         |  4 +--
#21 1.512  tc/f_bpf.c           |  4 +--
#21 1.512  tc/f_cgroup.c        |  4 +--
#21 1.512  tc/f_flow.c          |  4 +--
#21 1.512  tc/f_flower.c        |  4 +--
#21 1.512  tc/f_fw.c            |  4 +--
#21 1.512  tc/f_matchall.c      |  4 +--
#21 1.512  tc/f_route.c         |  4 +--
#21 1.512  tc/f_u32.c           |  6 ++--
#21 1.512  tc/m_action.c        |  6 ++--
#21 1.512  tc/m_bpf.c           |  4 +--
#21 1.512  tc/m_connmark.c      |  4 +--
#21 1.512  tc/m_csum.c          |  4 +--
#21 1.512  tc/m_ct.c            |  4 +--
#21 1.512  tc/m_ctinfo.c        |  4 +--
#21 1.512  tc/m_gact.c          |  4 +--
#21 1.512  tc/m_gate.c          |  8 ++---
#21 1.512  tc/m_ife.c           |  4 +--
#21 1.512  tc/m_mirred.c        |  6 ++--
#21 1.512  tc/m_mpls.c          |  4 +--
#21 1.512  tc/m_nat.c           |  4 +--
#21 1.512  tc/m_pedit.c         | 10 +++---
#21 1.512  tc/m_police.c        |  8 ++---
#21 1.512  tc/m_sample.c        |  4 +--
#21 1.512  tc/m_simple.c        | 12 +++++---
#21 1.512  tc/m_skbedit.c       |  4 +--
#21 1.512  tc/m_skbmod.c        | 41 ++++++++++++++-----------
#21 1.512  tc/m_tunnel_key.c    |  4 +--
#21 1.512  tc/m_vlan.c          |  4 +--
#21 1.512  tc/q_cake.c          |  6 ++--
#21 1.512  tc/q_cbs.c           |  4 +--
#21 1.512  tc/q_choke.c         |  6 ++--
#21 1.512  tc/q_clsact.c        |  4 +--
#21 1.512  tc/q_codel.c         |  6 ++--
#21 1.512  tc/q_drr.c           |  8 ++---
#21 1.512  tc/q_etf.c           |  4 +--
#21 1.512  tc/q_ets.c           |  8 ++---
#21 1.512  tc/q_fifo.c          |  4 +--
#21 1.512  tc/q_fq.c            |  6 ++--
#21 1.512  tc/q_fq_codel.c      |  6 ++--
#21 1.512  tc/q_fq_pie.c        |  6 ++--
#21 1.512  tc/q_gred.c          |  6 ++--
#21 1.512  tc/q_hfsc.c          | 10 +++---
#21 1.512  tc/q_hhf.c           |  6 ++--
#21 1.512  tc/q_htb.c           |  8 ++---
#21 1.512  tc/q_ingress.c       |  4 +--
#21 1.512  tc/q_mqprio.c        |  4 +--
#21 1.512  tc/q_multiq.c        |  4 +--
#21 1.512  tc/q_netem.c         | 86 +++++++++++++++++++++++++++++-----------------------
#21 1.512  tc/q_pie.c           |  6 ++--
#21 1.512  tc/q_plug.c          |  4 +--
#21 1.512  tc/q_prio.c          |  4 +--
#21 1.513  tc/q_qfq.c           |  6 ++--
#21 1.513  tc/q_red.c           |  8 ++---
#21 1.513  tc/q_sfb.c           |  6 ++--
#21 1.513  tc/q_sfq.c           |  6 ++--
#21 1.513  tc/q_skbprio.c       |  4 +--
#21 1.513  tc/q_taprio.c        |  6 ++--
#21 1.513  tc/q_tbf.c           |  4 +--
#21 1.513  tc/tc.c              | 12 ++++----
#21 1.513  tc/tc_class.c        |  6 ++--
#21 1.513  tc/tc_core.c         | 15 ++-------
#21 1.513  tc/tc_core.h         |  2 --
#21 1.513  tc/tc_exec.c         |  2 +-
#21 1.513  tc/tc_filter.c       |  6 ++--
#21 1.513  tc/tc_qdisc.c        |  6 ++--
#21 1.513  tc/tc_util.c         | 33 +++++++++-----------
#21 1.513  tc/tc_util.h         | 36 +++++++++++-----------
#21 1.513  78 files changed, 373 insertions(+), 311 deletions(-)
#21 DONE 1.5s

#22 [18/22] RUN if [ "$(find /tmp/iproute2-patches/ -name *.patch)" ]; then  	cd /nipa-data/iproute2; 	git apply /tmp/iproute2-patches/*.patch;     fi
#22 DONE 0.4s

#23 [19/22] RUN cd /nipa-data/iproute2/ &&     ./configure &&     make
#23 0.370 TC schedulers
#23 0.371  IPT	using xtables
#23 0.398  IPSET  yes
#23 0.421 
#23 0.422 lib directory: /usr/lib
#23 0.422 libc has setns: yes
#23 0.442 libc has name_to_handle_at: yes
#23 0.463 SELinux support: no
#23 0.464 libtirpc support: no
#23 0.465 libbpf support: yes
#23 0.530 	libbpf version 1.3.0
#23 0.530 ELF support: yes
#23 0.532 libmnl support: yes
#23 0.534 Berkeley DB: no
#23 0.544 need for strlcpy: no
#23 0.567 libcap support: yes
#23 0.569 color output: never
#23 0.571 
#23 0.571 lib
#23 0.573     CC       libgenl.o
#23 0.611     CC       libnetlink.o
#23 0.908     CC       mnl_utils.o
#23 0.982     AR       libnetlink.a
#23 0.984     CC       utils.o
#23 1.372     CC       utils_math.o
#23 1.422     CC       rt_names.o
#23 1.592     CC       ll_map.o
#23 1.685     CC       ll_types.o
#23 1.698 In file included from ll_types.c:20:
#23 1.698 ../include/uapi/linux/sockios.h:42: warning: "SIOCGSTAMP" redefined
#23 1.698    42 | #define SIOCGSTAMP      SIOCGSTAMP_OLD
#23 1.698       | 
#23 1.698 In file included from /usr/include/sys/ioctl.h:10,
#23 1.698                  from ll_types.c:12:
#23 1.698 /usr/include/bits/ioctl.h:111: note: this is the location of the previous definition
#23 1.698   111 | #define SIOCGSTAMP      0x8906
#23 1.698       | 
#23 1.698 ../include/uapi/linux/sockios.h:43: warning: "SIOCGSTAMPNS" redefined
#23 1.698    43 | #define SIOCGSTAMPNS    SIOCGSTAMPNS_OLD
#23 1.698       | 
#23 1.698 /usr/include/bits/ioctl.h:112: note: this is the location of the previous definition
#23 1.698   112 | #define SIOCGSTAMPNS    0x8907
#23 1.698       | 
#23 1.713     CC       ll_proto.o
#23 1.726 In file included from ll_proto.c:21:
#23 1.726 ../include/uapi/linux/sockios.h:42: warning: "SIOCGSTAMP" redefined
#23 1.726    42 | #define SIOCGSTAMP      SIOCGSTAMP_OLD
#23 1.726       | 
#23 1.726 In file included from /usr/include/sys/ioctl.h:10,
#23 1.726                  from ll_proto.c:13:
#23 1.726 /usr/include/bits/ioctl.h:111: note: this is the location of the previous definition
#23 1.726   111 | #define SIOCGSTAMP      0x8906
#23 1.726       | 
#23 1.726 ../include/uapi/linux/sockios.h:43: warning: "SIOCGSTAMPNS" redefined
#23 1.726    43 | #define SIOCGSTAMPNS    SIOCGSTAMPNS_OLD
#23 1.726       | 
#23 1.726 /usr/include/bits/ioctl.h:112: note: this is the location of the previous definition
#23 1.726   112 | #define SIOCGSTAMPNS    0x8907
#23 1.726       | 
#23 1.740     CC       ll_addr.o
#23 1.753 In file included from ll_addr.c:20:
#23 1.753 ../include/uapi/linux/sockios.h:42: warning: "SIOCGSTAMP" redefined
#23 1.753    42 | #define SIOCGSTAMP      SIOCGSTAMP_OLD
#23 1.753       | 
#23 1.753 In file included from /usr/include/sys/ioctl.h:10,
#23 1.753                  from ll_addr.c:12:
#23 1.753 /usr/include/bits/ioctl.h:111: note: this is the location of the previous definition
#23 1.753   111 | #define SIOCGSTAMP      0x8906
#23 1.753       | 
#23 1.753 ../include/uapi/linux/sockios.h:43: warning: "SIOCGSTAMPNS" redefined
#23 1.753    43 | #define SIOCGSTAMPNS    SIOCGSTAMPNS_OLD
#23 1.753       | 
#23 1.753 /usr/include/bits/ioctl.h:112: note: this is the location of the previous definition
#23 1.753   112 | #define SIOCGSTAMPNS    0x8907
#23 1.753       | 
#23 1.781     CC       inet_proto.o
#23 1.810     CC       namespace.o
#23 1.862     CC       json_writer.o
#23 1.946     CC       json_print.o
#23 2.064     CC       json_print_math.o
#23 2.105     CC       names.o
#23 2.149     CC       color.o
#23 2.189     CC       bpf_legacy.o
#23 2.544     CC       bpf_glue.o
#23 2.579     CC       exec.o
#23 2.608     CC       fs.o
#23 2.671     CC       cg_map.o
#23 2.704     CC       ppp_proto.o
#23 2.726     CC       bpf_libbpf.o
#23 2.800     CC       selinux.o
#23 2.820     CC       ax25_ntop.o
#23 2.846     CC       rose_ntop.o
#23 2.863 In file included from rose_ntop.c:16:
#23 2.863 ../include/uapi/linux/sockios.h:42: warning: "SIOCGSTAMP" redefined
#23 2.863    42 | #define SIOCGSTAMP      SIOCGSTAMP_OLD
#23 2.863       | 
#23 2.863 In file included from /usr/include/sys/ioctl.h:10,
#23 2.863                  from rose_ntop.c:7:
#23 2.863 /usr/include/bits/ioctl.h:111: note: this is the location of the previous definition
#23 2.863   111 | #define SIOCGSTAMP      0x8906
#23 2.863       | 
#23 2.863 ../include/uapi/linux/sockios.h:43: warning: "SIOCGSTAMPNS" redefined
#23 2.863    43 | #define SIOCGSTAMPNS    SIOCGSTAMPNS_OLD
#23 2.863       | 
#23 2.863 /usr/include/bits/ioctl.h:112: note: this is the location of the previous definition
#23 2.863   112 | #define SIOCGSTAMPNS    0x8907
#23 2.863       | 
#23 2.884     CC       mpls_ntop.o
#23 2.911     CC       mpls_pton.o
#23 2.939     CC       netrom_ntop.o
#23 2.961     AR       libutil.a
#23 2.965 
#23 2.965 ip
#23 2.967     CC       ip.o
#23 3.034     CC       ipaddress.o
#23 3.047 In file included from ipaddress.c:26:
#23 3.047 ../include/uapi/linux/sockios.h:42: warning: "SIOCGSTAMP" redefined
#23 3.047    42 | #define SIOCGSTAMP      SIOCGSTAMP_OLD
#23 3.047       | 
#23 3.047 In file included from /usr/include/sys/ioctl.h:10,
#23 3.047                  from ipaddress.c:14:
#23 3.047 /usr/include/bits/ioctl.h:111: note: this is the location of the previous definition
#23 3.047   111 | #define SIOCGSTAMP      0x8906
#23 3.047       | 
#23 3.047 ../include/uapi/linux/sockios.h:43: warning: "SIOCGSTAMPNS" redefined
#23 3.047    43 | #define SIOCGSTAMPNS    SIOCGSTAMPNS_OLD
#23 3.047       | 
#23 3.047 /usr/include/bits/ioctl.h:112: note: this is the location of the previous definition
#23 3.047   112 | #define SIOCGSTAMPNS    0x8907
#23 3.047       | 
#23 3.488     CC       ipaddrlabel.o
#23 3.546     CC       iproute.o
#23 4.052     CC       iprule.o
#23 4.229     CC       ipnetns.o
#23 4.406     CC       rtm_map.o
#23 4.439     CC       iptunnel.o
#23 4.451 In file included from ../include/uapi/linux/if_tunnel.h:6,
#23 4.451                  from iptunnel.c:19:
#23 4.451 ../include/uapi/linux/if.h:134: warning: "IFF_VOLATILE" redefined
#23 4.451   134 | #define IFF_VOLATILE    (IFF_LOOPBACK|IFF_POINTOPOINT|IFF_BROADCAST|IFF_ECHO|\
#23 4.451       | 
#23 4.451 In file included from iptunnel.c:16:
#23 4.451 /usr/include/net/if.h:48: note: this is the location of the previous definition
#23 4.451    48 | #define IFF_VOLATILE (IFF_LOOPBACK|IFF_POINTOPOINT|IFF_BROADCAST| \
#23 4.451       | 
#23 4.584     CC       ip6tunnel.o
#23 4.686     CC       tunnel.o
#23 4.771     CC       ipneigh.o
#23 4.917     CC       ipntable.o
#23 5.028     CC       iplink.o
#23 5.289     CC       ipmaddr.o
#23 5.301 In file included from ipmaddr.c:21:
#23 5.301 ../include/uapi/linux/sockios.h:42: warning: "SIOCGSTAMP" redefined
#23 5.301    42 | #define SIOCGSTAMP      SIOCGSTAMP_OLD
#23 5.301       | 
#23 5.301 In file included from /usr/include/sys/ioctl.h:10,
#23 5.301                  from ipmaddr.c:12:
#23 5.301 /usr/include/bits/ioctl.h:111: note: this is the location of the previous definition
#23 5.301   111 | #define SIOCGSTAMP      0x8906
#23 5.301       | 
#23 5.301 ../include/uapi/linux/sockios.h:43: warning: "SIOCGSTAMPNS" redefined
#23 5.301    43 | #define SIOCGSTAMPNS    SIOCGSTAMPNS_OLD
#23 5.301       | 
#23 5.301 /usr/include/bits/ioctl.h:112: note: this is the location of the previous definition
#23 5.301   112 | #define SIOCGSTAMPNS    0x8907
#23 5.301       | 
#23 5.373     CC       ipmonitor.o
#23 5.443     CC       ipmroute.o
#23 5.454 In file included from ipmroute.c:22:
#23 5.454 ../include/uapi/linux/sockios.h:42: warning: "SIOCGSTAMP" redefined
#23 5.454    42 | #define SIOCGSTAMP      SIOCGSTAMP_OLD
#23 5.454       | 
#23 5.454 In file included from /usr/include/sys/ioctl.h:10,
#23 5.454                  from ipmroute.c:13:
#23 5.454 /usr/include/bits/ioctl.h:111: note: this is the location of the previous definition
#23 5.454   111 | #define SIOCGSTAMP      0x8906
#23 5.454       | 
#23 5.454 ../include/uapi/linux/sockios.h:43: warning: "SIOCGSTAMPNS" redefined
#23 5.454    43 | #define SIOCGSTAMPNS    SIOCGSTAMPNS_OLD
#23 5.454       | 
#23 5.454 /usr/include/bits/ioctl.h:112: note: this is the location of the previous definition
#23 5.454   112 | #define SIOCGSTAMPNS    0x8907
#23 5.454       | 
#23 5.517     CC       ipprefix.o
#23 5.547     CC       iptuntap.o
#23 5.649     CC       iptoken.o
#23 5.700     CC       ipxfrm.o
#23 5.991     CC       xfrm_state.o
#23 6.248     CC       xfrm_policy.o
#23 6.472     CC       xfrm_monitor.o
#23 6.546     CC       iplink_dummy.o
#23 6.567     CC       iplink_ifb.o
#23 6.588     CC       iplink_nlmon.o
#23 6.608     CC       iplink_team.o
#23 6.631     CC       iplink_vcan.o
#23 6.651     CC       iplink_vxcan.o
#23 6.678     CC       iplink_vlan.o
#23 6.747     CC       link_veth.o
#23 6.773     CC       link_gre.o
#23 6.783 In file included from ../include/uapi/linux/if_tunnel.h:6,
#23 6.783                  from link_gre.c:15:
#23 6.783 ../include/uapi/linux/if.h:134: warning: "IFF_VOLATILE" redefined
#23 6.783   134 | #define IFF_VOLATILE    (IFF_LOOPBACK|IFF_POINTOPOINT|IFF_BROADCAST|IFF_ECHO|\
#23 6.783       | 
#23 6.783 In file included from link_gre.c:9:
#23 6.783 /usr/include/net/if.h:48: note: this is the location of the previous definition
#23 6.783    48 | #define IFF_VOLATILE (IFF_LOOPBACK|IFF_POINTOPOINT|IFF_BROADCAST| \
#23 6.783       | 
#23 6.886     CC       iplink_can.o
#23 7.022     CC       iplink_xdp.o
#23 7.079     CC       iplink_macvlan.o
#23 7.144     CC       ipl2tp.o
#23 7.325     CC       link_vti.o
#23 7.336 In file included from ../include/uapi/linux/if_tunnel.h:6,
#23 7.336                  from link_vti.c:16:
#23 7.336 ../include/uapi/linux/if.h:134: warning: "IFF_VOLATILE" redefined
#23 7.336   134 | #define IFF_VOLATILE    (IFF_LOOPBACK|IFF_POINTOPOINT|IFF_BROADCAST|IFF_ECHO|\
#23 7.336       | 
#23 7.336 In file included from link_vti.c:10:
#23 7.336 /usr/include/net/if.h:48: note: this is the location of the previous definition
#23 7.336    48 | #define IFF_VOLATILE (IFF_LOOPBACK|IFF_POINTOPOINT|IFF_BROADCAST| \
#23 7.336       | 
#23 7.379     CC       link_vti6.o
#23 7.389 In file included from ../include/uapi/linux/if_tunnel.h:6,
#23 7.389                  from link_vti6.c:17:
#23 7.389 ../include/uapi/linux/if.h:134: warning: "IFF_VOLATILE" redefined
#23 7.389   134 | #define IFF_VOLATILE    (IFF_LOOPBACK|IFF_POINTOPOINT|IFF_BROADCAST|IFF_ECHO|\
#23 7.389       | 
#23 7.389 In file included from link_vti6.c:11:
#23 7.389 /usr/include/net/if.h:48: note: this is the location of the previous definition
#23 7.389    48 | #define IFF_VOLATILE (IFF_LOOPBACK|IFF_POINTOPOINT|IFF_BROADCAST| \
#23 7.389       | 
#23 7.432     CC       link_xfrm.o
#23 7.467     CC       iplink_vxlan.o
#23 7.617     CC       tcp_metrics.o
#23 7.727     CC       iplink_ipoib.o
#23 7.768     CC       ipnetconf.o
#23 7.822     CC       link_ip6tnl.o
#23 7.833 In file included from ../include/uapi/linux/if_tunnel.h:6,
#23 7.833                  from link_ip6tnl.c:15:
#23 7.833 ../include/uapi/linux/if.h:134: warning: "IFF_VOLATILE" redefined
#23 7.833   134 | #define IFF_VOLATILE    (IFF_LOOPBACK|IFF_POINTOPOINT|IFF_BROADCAST|IFF_ECHO|\
#23 7.833       | 
#23 7.833 In file included from link_ip6tnl.c:9:
#23 7.833 /usr/include/net/if.h:48: note: this is the location of the previous definition
#23 7.833    48 | #define IFF_VOLATILE (IFF_LOOPBACK|IFF_POINTOPOINT|IFF_BROADCAST| \
#23 7.833       | 
#23 7.943     CC       link_iptnl.o
#23 7.954 In file included from ../include/uapi/linux/if_tunnel.h:6,
#23 7.954                  from link_iptnl.c:16:
#23 7.954 ../include/uapi/linux/if.h:134: warning: "IFF_VOLATILE" redefined
#23 7.954   134 | #define IFF_VOLATILE    (IFF_LOOPBACK|IFF_POINTOPOINT|IFF_BROADCAST|IFF_ECHO|\
#23 7.954       | 
#23 7.954 In file included from link_iptnl.c:9:
#23 7.954 /usr/include/net/if.h:48: note: this is the location of the previous definition
#23 7.954    48 | #define IFF_VOLATILE (IFF_LOOPBACK|IFF_POINTOPOINT|IFF_BROADCAST| \
#23 7.954       | 
#23 8.040     CC       link_gre6.o
#23 8.050 In file included from ../include/uapi/linux/if_tunnel.h:6,
#23 8.050                  from link_gre6.c:15:
#23 8.050 ../include/uapi/linux/if.h:134: warning: "IFF_VOLATILE" redefined
#23 8.050   134 | #define IFF_VOLATILE    (IFF_LOOPBACK|IFF_POINTOPOINT|IFF_BROADCAST|IFF_ECHO|\
#23 8.050       | 
#23 8.050 In file included from link_gre6.c:9:
#23 8.050 /usr/include/net/if.h:48: note: this is the location of the previous definition
#23 8.050    48 | #define IFF_VOLATILE (IFF_LOOPBACK|IFF_POINTOPOINT|IFF_BROADCAST| \
#23 8.050       | 
#23 8.163     CC       iplink_bond.o
#23 8.339     CC       iplink_bond_slave.o
#23 8.392     CC       iplink_hsr.o
#23 8.439     CC       iplink_bridge.o
#23 8.588     CC       iplink_bridge_slave.o
#23 8.686     CC       iplink_dsa.o
#23 8.718     CC       ipfou.o
#23 8.795     CC       iplink_ipvlan.o
#23 8.838     CC       iplink_geneve.o
#23 8.930     CC       iplink_vrf.o
#23 8.979     CC       iproute_lwtunnel.o
#23 9.394     CC       ipmacsec.o
#23 9.632     CC       ipila.o
#23 9.707     CC       ipvrf.o
#23 9.821     CC       iplink_xstats.o
#23 9.851     CC       ipseg6.o
#23 9.902     CC       iplink_netdevsim.o
#23 9.925     CC       iplink_rmnet.o
#23 9.956     CC       ipnexthop.o
#23 10.22     CC       ipmptcp.o
#23 10.34     CC       iplink_bareudp.o
#23 10.39     CC       iplink_wwan.o
#23 10.43     CC       ipioam6.o
#23 10.51     CC       iplink_amt.o
#23 10.56     CC       iplink_batadv.o
#23 10.59     CC       iplink_gtp.o
#23 10.64     CC       iplink_virt_wifi.o
#23 10.66     CC       iplink_netkit.o
#23 10.70     CC       ipstats.o
#23 10.91     LINK     ip
#23 10.95     CC       rtmon.o
#23 11.00     LINK     rtmon
#23 11.01 
#23 11.01 tc
#23 11.02     CC       tc.o
#23 11.10     CC       tc_qdisc.o
#23 11.21     CC       tc_class.o
#23 11.33     CC       tc_filter.o
#23 11.49     CC       tc_util.o
#23 11.67     CC       tc_monitor.o
#23 11.71     CC       tc_exec.o
#23 11.74     CC       m_police.o
#23 11.83     CC       m_estimator.o
#23 11.86     CC       m_action.o
#23 12.01     CC       m_ematch.o
#23 12.12     YACC     emp_ematch.tab.c
#23 12.18     CC       emp_ematch.tab.o
#23 12.28     LEX      emp_ematch.lex.c
#23 12.29     CC       emp_ematch.lex.o
#23 12.46     CC       q_fifo.o
#23 12.49     CC       q_sfq.o
#23 12.57     CC       q_red.o
#23 12.63     CC       q_prio.o
#23 12.68     CC       q_skbprio.o
#23 12.71     CC       q_tbf.o
#23 12.80     CC       q_multiq.o
#23 12.83     CC       q_netem.o
#23 13.04     CC       q_choke.o
#23 13.10     CC       q_sfb.o
#23 13.16     CC       f_u32.o
#23 13.41     CC       f_route.o
#23 13.48     CC       f_fw.o
#23 13.54     CC       f_basic.o
#23 13.59     CC       f_bpf.o
#23 13.66     CC       f_flow.o
#23 13.75     CC       f_cgroup.o
#23 13.78     CC       f_flower.o
#23 13.79 In file included from ../include/uapi/linux/netdevice.h:29,
#23 13.79                  from ../include/uapi/linux/if_arp.h:27,
#23 13.79                  from f_flower.c:14:
#23 13.79 ../include/uapi/linux/if.h:134: warning: "IFF_VOLATILE" redefined
#23 13.79   134 | #define IFF_VOLATILE    (IFF_LOOPBACK|IFF_POINTOPOINT|IFF_BROADCAST|IFF_ECHO|\
#23 13.79       | 
#23 13.79 In file included from f_flower.c:12:
#23 13.79 /usr/include/net/if.h:48: note: this is the location of the previous definition
#23 13.79    48 | #define IFF_VOLATILE (IFF_LOOPBACK|IFF_POINTOPOINT|IFF_BROADCAST| \
#23 13.79       | 
#23 14.30     CC       q_gred.o
#23 14.40     CC       q_ingress.o
#23 14.43     CC       q_hfsc.o
#23 14.52     CC       q_htb.o
#23 14.62     CC       q_drr.o
#23 14.67     CC       q_qfq.o
#23 14.70     CC       m_gact.o
#23 14.75     CC       m_mirred.o
#23 14.84     CC       m_mpls.o
#23 14.92     CC       m_nat.o
#23 14.97     CC       m_pedit.o
#23 15.12     CC       m_ife.o
#23 15.20     CC       m_skbedit.o
#23 15.27     CC       m_skbmod.o
#23 15.35     CC       m_csum.o
#23 15.42     CC       m_simple.o
#23 15.46     CC       m_vlan.o
#23 15.53     CC       m_connmark.o
#23 15.57     CC       m_ctinfo.o
#23 15.62     CC       m_bpf.o
#23 15.67     CC       m_tunnel_key.o
#23 15.79     CC       m_sample.o
#23 15.84     CC       m_ct.o
#23 15.94     CC       m_gate.o
#23 16.03     CC       p_ip.o
#23 16.07     CC       p_ip6.o
#23 16.10     CC       p_icmp.o
#23 16.13     CC       p_eth.o
#23 16.16     CC       p_tcp.o
#23 16.19     CC       p_udp.o
#23 16.22     CC       em_nbyte.o
#23 16.27     CC       em_cmp.o
#23 16.32     CC       em_u32.o
#23 16.37     CC       em_canid.o
#23 16.42     CC       em_meta.o
#23 16.52     CC       q_mqprio.o
#23 16.62     CC       q_codel.o
#23 16.68     CC       q_fq_codel.o
#23 16.75     CC       q_fq.o
#23 16.88     CC       q_pie.o
#23 16.93     CC       q_fq_pie.o
#23 17.00     CC       q_cake.o
#23 17.19     CC       q_hhf.o
#23 17.24     CC       q_clsact.o
#23 17.27     CC       e_bpf.o
#23 17.32     CC       f_matchall.o
#23 17.37     CC       q_cbs.o
#23 17.41     CC       q_etf.o
#23 17.45     CC       q_taprio.o
#23 17.57     CC       q_plug.o
#23 17.61     CC       q_ets.o
#23 17.69     CC       em_ipt.o
#23 17.72 In file included from tc_util.h:7,
#23 17.72                  from m_ematch.h:11,
#23 17.72                  from em_ipt.c:13:
#23 17.72 ../include/uapi/linux/if.h:134: warning: "IFF_VOLATILE" redefined
#23 17.72   134 | #define IFF_VOLATILE    (IFF_LOOPBACK|IFF_POINTOPOINT|IFF_BROADCAST|IFF_ECHO|\
#23 17.72       | 
#23 17.72 In file included from ../include/xtables.h:17,
#23 17.72                  from em_ipt.c:12:
#23 17.72 /usr/include/net/if.h:48: note: this is the location of the previous definition
#23 17.72    48 | #define IFF_VOLATILE (IFF_LOOPBACK|IFF_POINTOPOINT|IFF_BROADCAST| \
#23 17.72       | 
#23 17.74     CC       em_ipset.o
#23 17.76 In file included from tc_util.h:7,
#23 17.76                  from m_ematch.h:11,
#23 17.76                  from em_ipset.c:39:
#23 17.76 ../include/uapi/linux/if.h:134: warning: "IFF_VOLATILE" redefined
#23 17.76   134 | #define IFF_VOLATILE    (IFF_LOOPBACK|IFF_POINTOPOINT|IFF_BROADCAST|IFF_ECHO|\
#23 17.76       | 
#23 17.76 In file included from ../include/xtables.h:17,
#23 17.76                  from em_ipset.c:23:
#23 17.76 /usr/include/net/if.h:48: note: this is the location of the previous definition
#23 17.76    48 | #define IFF_VOLATILE (IFF_LOOPBACK|IFF_POINTOPOINT|IFF_BROADCAST| \
#23 17.76       | 
#23 17.80     CC       tc_core.o
#23 17.87     CC       tc_red.o
#23 17.91     CC       tc_estimator.o
#23 17.95     CC       tc_stab.o
#23 18.00     CC       tc_qevent.o
#23 18.07     AR       libtc.a
#23 18.07     LINK     tc
#23 18.10 rm emp_ematch.lex.c
#23 18.10 
#23 18.10 bridge
#23 18.11     CC       bridge.o
#23 18.15     CC       fdb.o
#23 18.34     CC       monitor.o
#23 18.38     CC       link.o
#23 18.54     CC       mdb.o
#23 18.75     CC       vlan.o
#23 18.76 In file included from vlan.c:14:
#23 18.76 ../include/json_print.h:80:30: warning: 'struct timeval' declared inside parameter list will not be visible outside of this definition or declaration
#23 18.76    80 | _PRINT_FUNC(tv, const struct timeval *)
#23 18.76       |                              ^~~~~~~
#23 18.76 ../include/json_print.h:50:37: note: in definition of macro '_PRINT_FUNC'
#23 18.76    50 |                                     type value);                        \
#23 18.76       |                                     ^~~~
#23 18.76 ../include/json_print.h:80:30: warning: 'struct timeval' declared inside parameter list will not be visible outside of this definition or declaration
#23 18.76    80 | _PRINT_FUNC(tv, const struct timeval *)
#23 18.76       |                              ^~~~~~~
#23 18.76 ../include/json_print.h:55:45: note: in definition of macro '_PRINT_FUNC'
#23 18.76    55 |                                             type value)                 \
#23 18.76       |                                             ^~~~
#23 18.76 ../include/json_print.h: In function 'print_tv':
#23 18.76 ../include/json_print.h:58:48: warning: passing argument 5 of 'print_color_tv' from incompatible pointer type [-Wincompatible-pointer-types]
#23 18.76    58 |                                                value);                  \
#23 18.76       |                                                ^~~~~
#23 18.76       |                                                |
#23 18.76       |                                                const struct timeval *
#23 18.76 ../include/json_print.h:80:1: note: in expansion of macro '_PRINT_FUNC'
#23 18.76    80 | _PRINT_FUNC(tv, const struct timeval *)
#23 18.76       | ^~~~~~~~~~~
#23 18.76 ../include/json_print.h:50:42: note: expected 'const struct timeval *' but argument is of type 'const struct timeval *'
#23 18.76    50 |                                     type value);                        \
#23 18.76       |                                          ^
#23 18.76 ../include/json_print.h:80:1: note: in expansion of macro '_PRINT_FUNC'
#23 18.76    80 | _PRINT_FUNC(tv, const struct timeval *)
#23 18.76       | ^~~~~~~~~~~
#23 18.98     CC       vni.o
#23 18.99 In file included from vni.c:19:
#23 18.99 ../include/json_print.h:80:30: warning: 'struct timeval' declared inside parameter list will not be visible outside of this definition or declaration
#23 18.99    80 | _PRINT_FUNC(tv, const struct timeval *)
#23 18.99       |                              ^~~~~~~
#23 18.99 ../include/json_print.h:50:37: note: in definition of macro '_PRINT_FUNC'
#23 18.99    50 |                                     type value);                        \
#23 18.99       |                                     ^~~~
#23 18.99 ../include/json_print.h:80:30: warning: 'struct timeval' declared inside parameter list will not be visible outside of this definition or declaration
#23 18.99    80 | _PRINT_FUNC(tv, const struct timeval *)
#23 18.99       |                              ^~~~~~~
#23 18.99 ../include/json_print.h:55:45: note: in definition of macro '_PRINT_FUNC'
#23 18.99    55 |                                             type value)                 \
#23 18.99       |                                             ^~~~
#23 18.99 ../include/json_print.h: In function 'print_tv':
#23 18.99 ../include/json_print.h:58:48: warning: passing argument 5 of 'print_color_tv' from incompatible pointer type [-Wincompatible-pointer-types]
#23 18.99    58 |                                                value);                  \
#23 18.99       |                                                ^~~~~
#23 18.99       |                                                |
#23 18.99       |                                                const struct timeval *
#23 18.99 ../include/json_print.h:80:1: note: in expansion of macro '_PRINT_FUNC'
#23 18.99    80 | _PRINT_FUNC(tv, const struct timeval *)
#23 18.99       | ^~~~~~~~~~~
#23 18.99 ../include/json_print.h:50:42: note: expected 'const struct timeval *' but argument is of type 'const struct timeval *'
#23 18.99    50 |                                     type value);                        \
#23 18.99       |                                          ^
#23 18.99 ../include/json_print.h:80:1: note: in expansion of macro '_PRINT_FUNC'
#23 18.99    80 | _PRINT_FUNC(tv, const struct timeval *)
#23 18.99       | ^~~~~~~~~~~
#23 19.07     LINK     bridge
#23 19.08 
#23 19.08 misc
#23 19.08     CC       ss.o
#23 19.11 In file included from ../include/uapi/linux/tipc.h:42,
#23 19.11                  from ss.c:49:
#23 19.11 ../include/uapi/linux/sockios.h:42: warning: "SIOCGSTAMP" redefined
#23 19.11    42 | #define SIOCGSTAMP      SIOCGSTAMP_OLD
#23 19.11       | 
#23 19.11 In file included from /usr/include/sys/ioctl.h:10,
#23 19.11                  from ss.c:12:
#23 19.11 /usr/include/bits/ioctl.h:111: note: this is the location of the previous definition
#23 19.11   111 | #define SIOCGSTAMP      0x8906
#23 19.11       | 
#23 19.11 ../include/uapi/linux/sockios.h:43: warning: "SIOCGSTAMPNS" redefined
#23 19.11    43 | #define SIOCGSTAMPNS    SIOCGSTAMPNS_OLD
#23 19.11       | 
#23 19.11 /usr/include/bits/ioctl.h:112: note: this is the location of the previous definition
#23 19.11   112 | #define SIOCGSTAMPNS    0x8907
#23 19.11       | 
#23 20.00     CC       ssfilter_check.o
#23 20.03     YACC     ssfilter.tab.c
#23 20.09     CC       ssfilter.tab.o
#23 20.20     LINK     ss
#23 20.23     CC       nstat
#23 20.24 In file included from nstat.c:20:
#23 20.24 /usr/include/sys/poll.h:1:2: warning: #warning redirecting incorrect #include <sys/poll.h> to <poll.h> [-Wcpp]
#23 20.24     1 | #warning redirecting incorrect #include <sys/poll.h> to <poll.h>
#23 20.24       |  ^~~~~~~
#23 20.37     CC       ifstat
#23 20.38 In file included from ifstat.c:20:
#23 20.38 /usr/include/sys/poll.h:1:2: warning: #warning redirecting incorrect #include <sys/poll.h> to <poll.h> [-Wcpp]
#23 20.38     1 | #warning redirecting incorrect #include <sys/poll.h> to <poll.h>
#23 20.38       |  ^~~~~~~
#23 20.55     CC       rtacct
#23 20.56 In file included from rtacct.c:19:
#23 20.56 /usr/include/sys/poll.h:1:2: warning: #warning redirecting incorrect #include <sys/poll.h> to <poll.h> [-Wcpp]
#23 20.56     1 | #warning redirecting incorrect #include <sys/poll.h> to <poll.h>
#23 20.56       |  ^~~~~~~
#23 20.68     CC       lnstat.o
#23 20.74     CC       lnstat_util.o
#23 20.80     LINK     lnstat
#23 20.81 
#23 20.81 netem
#23 20.81 gcc  -I../include -o maketable maketable.c -lm
#23 20.85 gcc  -I../include -o normal normal.c -lm
#23 20.87 gcc  -I../include -o pareto pareto.c -lm
#23 20.89 gcc  -I../include -o paretonormal paretonormal.c -lm
#23 20.92 ./normal > normal.dist
#23 20.93 ./pareto > pareto.dist
#23 20.93 ./paretonormal > paretonormal.dist
#23 20.94 ./maketable experimental.dat > experimental.dist
#23 20.94 
#23 20.94 genl
#23 20.94     CC       genl.o
#23 20.98     CC       ctrl.o
#23 21.05     LINK     genl
#23 21.06 
#23 21.06 man
#23 21.07 make[2]: Nothing to be done for 'all'.
#23 21.07 make[2]: Nothing to be done for 'all'.
#23 21.07 sed \
#23 21.07 	-e "s|@NETNS_ETC_DIR@|/etc/netns|g" \
#23 21.07 	-e "s|@NETNS_RUN_DIR@|/var/run/netns|g" \
#23 21.07 	-e "s|@SYSCONF_ETC_DIR@|/etc/iproute2|g" \
#23 21.07 	-e "s|@SYSCONF_USR_DIR@|/usr/share/iproute2|g" \
#23 21.07 	ip-address.8.in > ip-address.8
#23 21.07 sed \
#23 21.07 	-e "s|@NETNS_ETC_DIR@|/etc/netns|g" \
#23 21.07 	-e "s|@NETNS_RUN_DIR@|/var/run/netns|g" \
#23 21.07 	-e "s|@SYSCONF_ETC_DIR@|/etc/iproute2|g" \
#23 21.07 	-e "s|@SYSCONF_USR_DIR@|/usr/share/iproute2|g" \
#23 21.07 	ip-link.8.in > ip-link.8
#23 21.08 sed \
#23 21.08 	-e "s|@NETNS_ETC_DIR@|/etc/netns|g" \
#23 21.08 	-e "s|@NETNS_RUN_DIR@|/var/run/netns|g" \
#23 21.08 	-e "s|@SYSCONF_ETC_DIR@|/etc/iproute2|g" \
#23 21.08 	-e "s|@SYSCONF_USR_DIR@|/usr/share/iproute2|g" \
#23 21.08 	ip-netns.8.in > ip-netns.8
#23 21.08 sed \
#23 21.08 	-e "s|@NETNS_ETC_DIR@|/etc/netns|g" \
#23 21.08 	-e "s|@NETNS_RUN_DIR@|/var/run/netns|g" \
#23 21.08 	-e "s|@SYSCONF_ETC_DIR@|/etc/iproute2|g" \
#23 21.08 	-e "s|@SYSCONF_USR_DIR@|/usr/share/iproute2|g" \
#23 21.08 	ip-route.8.in > ip-route.8
#23 21.08 
#23 21.08 tipc
#23 21.08     CC       bearer.o
#23 21.25     CC       cmdl.o
#23 21.29     CC       link.o
#23 21.48     CC       media.o
#23 21.53     CC       misc.o
#23 21.58     CC       msg.o
#23 21.60     CC       nametable.o
#23 21.64     CC       node.o
#23 21.72     CC       socket.o
#23 21.75     CC       peer.o
#23 21.79     CC       tipc.o
#23 21.83     LINK     tipc
#23 21.84 
#23 21.84 devlink
#23 21.84     CC       devlink.o
#23 23.61     CC       mnlg.o
#23 23.66     LINK     devlink
#23 23.67 
#23 23.67 rdma
#23 23.67     CC       rdma.o
#23 23.69 rdma.c: In function 'main':
#23 23.69 rdma.c:110:20: warning: implicit declaration of function 'basename'; did you mean 'rename'? [-Wimplicit-function-declaration]
#23 23.69   110 |         filename = basename(argv[0]);
#23 23.69       |                    ^~~~~~~~
#23 23.69       |                    rename
#23 23.69 rdma.c:110:18: warning: assignment to 'char *' from 'int' makes pointer from integer without a cast [-Wint-conversion]
#23 23.69   110 |         filename = basename(argv[0]);
#23 23.69       |                  ^
#23 23.73     CC       utils.o
#23 23.91     CC       dev.o
#23 23.99     CC       link.o
#23 24.07     CC       res.o
#23 24.19     CC       res-pd.o
#23 24.24     CC       res-mr.o
#23 24.28     CC       res-cq.o
#23 24.33     CC       res-cmid.o
#23 24.39     CC       res-qp.o
#23 24.44     CC       sys.o
#23 24.50     CC       stat.o
#23 24.72     CC       stat-mr.o
#23 24.76     CC       res-ctx.o
#23 24.81     CC       res-srq.o
#23 24.88     LINK     rdma
#23 24.89 
#23 24.89 dcb
#23 24.90     CC       dcb.o
#23 25.02     CC       dcb_app.o
#23 25.21     CC       dcb_buffer.o
#23 25.27     CC       dcb_dcbx.o
#23 25.32     CC       dcb_ets.o
#23 25.41     CC       dcb_maxrate.o
#23 25.46     CC       dcb_pfc.o
#23 25.53     CC       dcb_apptrust.o
#23 25.60     CC       dcb_rewr.o
#23 25.68     LINK     dcb
#23 25.69 
#23 25.69 vdpa
#23 25.70     CC       vdpa.o
#23 25.71 In file included from vdpa.c:19:
#23 25.71 ../include/json_print.h:80:30: warning: 'struct timeval' declared inside parameter list will not be visible outside of this definition or declaration
#23 25.71    80 | _PRINT_FUNC(tv, const struct timeval *)
#23 25.71       |                              ^~~~~~~
#23 25.71 ../include/json_print.h:50:37: note: in definition of macro '_PRINT_FUNC'
#23 25.71    50 |                                     type value);                        \
#23 25.71       |                                     ^~~~
#23 25.71 ../include/json_print.h:80:30: warning: 'struct timeval' declared inside parameter list will not be visible outside of this definition or declaration
#23 25.71    80 | _PRINT_FUNC(tv, const struct timeval *)
#23 25.71       |                              ^~~~~~~
#23 25.71 ../include/json_print.h:55:45: note: in definition of macro '_PRINT_FUNC'
#23 25.71    55 |                                             type value)                 \
#23 25.71       |                                             ^~~~
#23 25.71 ../include/json_print.h: In function 'print_tv':
#23 25.71 ../include/json_print.h:58:48: warning: passing argument 5 of 'print_color_tv' from incompatible pointer type [-Wincompatible-pointer-types]
#23 25.71    58 |                                                value);                  \
#23 25.71       |                                                ^~~~~
#23 25.71       |                                                |
#23 25.71       |                                                const struct timeval *
#23 25.71 ../include/json_print.h:80:1: note: in expansion of macro '_PRINT_FUNC'
#23 25.71    80 | _PRINT_FUNC(tv, const struct timeval *)
#23 25.71       | ^~~~~~~~~~~
#23 25.71 ../include/json_print.h:50:42: note: expected 'const struct timeval *' but argument is of type 'const struct timeval *'
#23 25.71    50 |                                     type value);                        \
#23 25.71       |                                          ^
#23 25.71 ../include/json_print.h:80:1: note: in expansion of macro '_PRINT_FUNC'
#23 25.71    80 | _PRINT_FUNC(tv, const struct timeval *)
#23 25.71       | ^~~~~~~~~~~
#23 25.87     LINK     vdpa
#23 DONE 25.9s

#24 [20/22] RUN git clone --no-single-branch --depth=1 https://github.com/linux-netdev/testing.git /nipa-data/kernel
#24 0.400 Cloning into '/nipa-data/kernel'...
#24 32.08 Updating files:  18% (15169/83283)Updating files:  19% (15824/83283)Updating files:  20% (16657/83283)Updating files:  21% (17490/83283)Updating files:  22% (18323/83283)Updating files:  23% (19156/83283)Updating files:  24% (19988/83283)Updating files:  25% (20821/83283)Updating files:  26% (21654/83283)Updating files:  27% (22487/83283)Updating files:  28% (23320/83283)Updating files:  29% (24153/83283)Updating files:  30% (24985/83283)Updating files:  31% (25818/83283)Updating files:  32% (26651/83283)Updating files:  33% (27484/83283)Updating files:  34% (28317/83283)Updating files:  35% (29150/83283)Updating files:  35% (29596/83283)Updating files:  36% (29982/83283)Updating files:  37% (30815/83283)Updating files:  38% (31648/83283)Updating files:  39% (32481/83283)Updating files:  40% (33314/83283)Updating files:  40% (33609/83283)Updating files:  41% (34147/83283)Updating files:  42% (34979/83283)Updating files:  43% (35812/83283)Updating files:  44% (36645/83283)Updating files:  45% (37478/83283)Updating files:  46% (38311/83283)Updating files:  47% (39144/83283)Updating files:  48% (39976/83283)Updating files:  49% (40809/83283)Updating files:  50% (41642/83283)Updating files:  51% (42475/83283)Updating files:  51% (42740/83283)Updating files:  52% (43308/83283)Updating files:  53% (44140/83283)Updating files:  54% (44973/83283)Updating files:  55% (45806/83283)Updating files:  56% (46639/83283)Updating files:  57% (47472/83283)Updating files:  58% (48305/83283)Updating files:  59% (49137/83283)Updating files:  60% (49970/83283)Updating files:  61% (50803/83283)Updating files:  62% (51636/83283)Updating files:  63% (52469/83283)Updating files:  64% (53302/83283)Updating files:  64% (53497/83283)Updating files:  65% (54134/83283)Updating files:  66% (54967/83283)Updating files:  67% (55800/83283)Updating files:  68% (56633/83283)Updating files:  69% (57466/83283)Updating files:  70% (58299/83283)Updating files:  71% (59131/83283)Updating files:  72% (59964/83283)Updating files:  73% (60797/83283)Updating files:  74% (61630/83283)Updating files:  75% (62463/83283)Updating files:  76% (63296/83283)Updating files:  77% (64128/83283)Updating files:  78% (64961/83283)Updating files:  79% (65794/83283)Updating files:  80% (66627/83283)Updating files:  81% (67460/83283)Updating files:  82% (68293/83283)Updating files:  82% (68434/83283)Updating files:  83% (69125/83283)Updating files:  84% (69958/83283)Updating files:  85% (70791/83283)Updating files:  86% (71624/83283)Updating files:  87% (72457/83283)Updating files:  88% (73290/83283)Updating files:  89% (74122/83283)Updating files:  90% (74955/83283)Updating files:  91% (75788/83283)Updating files:  92% (76621/83283)Updating files:  93% (77454/83283)Updating files:  94% (78287/83283)Updating files:  95% (79119/83283)Updating files:  96% (79952/83283)Updating files:  97% (80785/83283)Updating files:  98% (81618/83283)Updating files:  99% (82451/83283)Updating files: 100% (83283/83283)Updating files: 100% (83283/83283), done.
#24 DONE 39.8s

#25 [21/22] RUN git clone --depth=1 -b dev https://github.com/p4tc-dev/new-nipa.git nipa
#25 0.356 Cloning into 'nipa'...
#25 DONE 1.0s

#26 [22/22] COPY entrypoint.sh /entrypoint.sh
#26 DONE 0.0s

#27 exporting to image
#27 exporting layers
#27 exporting layers 6.8s done
#27 writing image sha256:96c18140204c3ec0ce14c61d76dd02bde227c37bbc56fe90f0f99c731c2fd81b done
#27 naming to docker.io/library/nipa-executor done
#27 DONE 6.8s
=== >>> DEBUG KERNEL <<< ===
NIPA version: 9d4ceb4 (fetcher: support local kernel patches, 2024-02-05)
INFO: Last run date: 2024-03-16 03:00:13.553381+00:00
Testing  {'branch': 'net-next-2024-03-16--06-00', 'date': '2024-03-16T06:00:21.535161+00:00', 'base': '1f0ce9f5e39e56a0aec471d621024c6234afe764', 'url': 'https://github.com/linux-netdev/testing.git net-next-2024-03-16--06-00'}
Updating files:  78% (6610/8413)Updating files:  79% (6647/8413)Updating files:  80% (6731/8413)Updating files:  81% (6815/8413)Updating files:  82% (6899/8413)Updating files:  83% (6983/8413)Updating files:  84% (7067/8413)Updating files:  85% (7152/8413)Updating files:  86% (7236/8413)Updating files:  87% (7320/8413)Updating files:  88% (7404/8413)Updating files:  89% (7488/8413)Updating files:  90% (7572/8413)Updating files:  91% (7656/8413)Updating files:  92% (7740/8413)Updating files:  93% (7825/8413)Updating files:  94% (7909/8413)Updating files:  95% (7993/8413)Updating files:  96% (8077/8413)Updating files:  97% (8161/8413)Updating files:  98% (8245/8413)Updating files:  99% (8329/8413)Updating files: 100% (8413/8413)Updating files: 100% (8413/8413), done.
branch 'net-next-2024-03-16--06-00' set up to track 'origin/net-next-2024-03-16--06-00'.
Switched to a new branch 'net-next-2024-03-16--06-00'
error: No valid patches in input (allow with "--allow-empty")
Checking patch tools/testing/selftests/tc-testing/tdc_config.py...
Applied patch tools/testing/selftests/tc-testing/tdc_config.py cleanly.
Run at 2024-03-16 06:23:54.319514
INFO: building kernel
INFO: starting VM 0
INFO: thr0-1 VM starting: vng -v -r arch/x86/boot/bzImage --user root --rwdir=/nipa-data/kernel/
INFO: thr0-1 expecting prompt: '/nipa-data/kernel# '
INFO: thr0-1 reached initial prompt
INFO: thr-0 testing == tdc.sh
INFO: thr-0 tdc.sh >> retcode: 0 result: pass found {'fail': False, 'skip': False, 'pass': True}
INFO: thr-0 has no more work, exiting
INFO: thr0-1 VM stopped
Done at 2024-03-16 06:28:34.168764
NIPA quitting!
/
~/nipa/tc-executor/tc-executor-storage /
sort: fflush failed: 'standard output': Broken pipe
sort: write error
