~/nipa/tc-executor/tc-executor-storage /
Switched to branch 'storage'
Your branch is ahead of 'origin/storage' by 449 commits.
  (use "git push" to publish your local commits)
/
~/nipa/tc-executor /
Error response from daemon: No such image: nipa-executor:latest
#0 building with "default" instance using docker driver

#1 [internal] load .dockerignore
#1 transferring context: 2B done
#1 DONE 0.0s

#2 [internal] load build definition from Dockerfile
#2 transferring dockerfile: 2.22kB done
#2 DONE 0.0s

#3 [internal] load metadata for docker.io/library/alpine:edge
#3 DONE 0.0s

#4 [ 1/23] FROM docker.io/library/alpine:edge
#4 CACHED

#5 [internal] load build context
#5 transferring context: 3.02kB done
#5 DONE 0.0s

#6 [ 2/23] RUN echo false > debug-mode
#6 DONE 0.5s

#7 [ 3/23] RUN addgroup -g 1001 hostuser
#7 DONE 0.3s

#8 [ 4/23] RUN adduser -u 1001 -G hostuser -H -D -s /bin/ash hostuser
#8 DONE 0.4s

#9 [ 5/23] RUN echo '@testing http://dl-cdn.alpinelinux.org/alpine/edge/testing' >> /etc/apk/repositories
#9 DONE 0.4s

#10 [ 6/23] RUN echo '@community http://dl-cdn.alpinelinux.org/alpine/edge/community' >> /etc/apk/repositories
#10 DONE 0.4s

#11 [ 7/23] RUN apk update && apk add --no-cache    virtme-ng@testing    git    py3-requests    py3-psutil    py3-setuptools    py3-pyroute2    py3-argcomplete    qemu-system-x86_64@community    scapy@community    make    gcc    musl-dev    flex    bison    linux-headers    elfutils-dev    util-linux    coreutils    diffutils    findutils    file    bash    kmod    perl    iptables-dev    libcap-dev    libmnl-dev    iproute2    jq    libbpf-dev    rsync    openssl-dev
#11 0.436 fetch https://dl-cdn.alpinelinux.org/alpine/edge/main/x86_64/APKINDEX.tar.gz
#11 0.657 fetch https://dl-cdn.alpinelinux.org/alpine/edge/community/x86_64/APKINDEX.tar.gz
#11 0.864 fetch http://dl-cdn.alpinelinux.org/alpine/edge/testing/x86_64/APKINDEX.tar.gz
#11 1.068 fetch http://dl-cdn.alpinelinux.org/alpine/edge/community/x86_64/APKINDEX.tar.gz
#11 1.287 v20240329-908-ga421696ced0 [https://dl-cdn.alpinelinux.org/alpine/edge/main]
#11 1.287 v20240329-908-ga421696ced0 [https://dl-cdn.alpinelinux.org/alpine/edge/community]
#11 1.287 v20240329-894-g01f56c37bcb [http://dl-cdn.alpinelinux.org/alpine/edge/testing]
#11 1.287 v20240329-908-ga421696ced0 [http://dl-cdn.alpinelinux.org/alpine/edge/community]
#11 1.287 OK: 30905 distinct packages available
#11 1.342 fetch https://dl-cdn.alpinelinux.org/alpine/edge/main/x86_64/APKINDEX.tar.gz
#11 1.444 fetch https://dl-cdn.alpinelinux.org/alpine/edge/community/x86_64/APKINDEX.tar.gz
#11 1.544 fetch http://dl-cdn.alpinelinux.org/alpine/edge/testing/x86_64/APKINDEX.tar.gz
#11 1.647 fetch http://dl-cdn.alpinelinux.org/alpine/edge/community/x86_64/APKINDEX.tar.gz
#11 1.863 (1/176) Upgrading musl (1.2.4_git20230717-r5 -> 1.2.5-r0)
#11 1.881 (2/176) Upgrading libcrypto3 (3.1.4-r2 -> 3.2.1-r1)
#11 1.923 (3/176) Upgrading libssl3 (3.1.4-r2 -> 3.2.1-r1)
#11 1.944 (4/176) Upgrading zlib (1.3-r2 -> 1.3.1-r0)
#11 1.957 (5/176) Installing ncurses-terminfo-base (6.4_p20240309-r0)
#11 1.971 (6/176) Installing libncursesw (6.4_p20240309-r0)
#11 1.986 (7/176) Installing readline (8.2.10-r0)
#11 2.000 (8/176) Installing bash (5.2.26-r0)
#11 2.021 Executing bash-5.2.26-r0.post-install
#11 2.023 (9/176) Installing m4 (1.4.19-r3)
#11 2.037 (10/176) Installing bison (3.8.2-r1)
#11 2.057 (11/176) Installing coreutils-env (9.5-r0)
#11 2.069 (12/176) Installing coreutils-fmt (9.5-r0)
#11 2.081 (13/176) Installing coreutils-sha512sum (9.5-r0)
#11 2.093 (14/176) Installing libacl (2.3.2-r0)
#11 2.106 (15/176) Installing libattr (2.5.2-r0)
#11 2.118 (16/176) Installing skalibs (2.14.1.1-r0)
#11 2.135 (17/176) Installing utmps-libs (0.1.2.2-r1)
#11 2.146 (18/176) Installing coreutils (9.5-r0)
#11 2.171 (19/176) Installing diffutils (3.10-r0)
#11 2.185 (20/176) Installing zstd-libs (1.5.6-r0)
#11 2.202 (21/176) Installing libelf (0.191-r0)
#11 2.215 (22/176) Installing libbz2 (1.0.8-r6)
#11 2.227 (23/176) Installing musl-fts (1.2.7-r6)
#11 2.238 (24/176) Installing xz-libs (5.6.1-r2)
#11 2.252 (25/176) Installing libdw (0.191-r0)
#11 2.268 (26/176) Installing libasm (0.191-r0)
#11 2.280 (27/176) Installing libintl (0.22.5-r0)
#11 2.292 (28/176) Installing xz (5.6.1-r2)
#11 2.311 (29/176) Installing pkgconf (2.2.0-r0)
#11 2.324 (30/176) Installing xz-dev (5.6.1-r2)
#11 2.337 (31/176) Installing libgcc (13.2.1_git20240309-r0)
#11 2.350 (32/176) Installing libstdc++ (13.2.1_git20240309-r0)
#11 2.373 (33/176) Installing zstd (1.5.6-r0)
#11 2.387 (34/176) Installing zstd-dev (1.5.6-r0)
#11 2.400 (35/176) Installing zlib-dev (1.3.1-r0)
#11 2.413 (36/176) Installing elfutils-dev (0.191-r0)
#11 2.434 (37/176) Installing libmagic (5.45-r1)
#11 2.472 (38/176) Installing file (5.45-r1)
#11 2.483 (39/176) Installing findutils (4.9.0-r5)
#11 2.497 (40/176) Installing flex (2.6.4-r6)
#11 2.512 (41/176) Installing jansson (2.14-r4)
#11 2.525 (42/176) Installing binutils (2.42-r0)
#11 2.579 (43/176) Installing libgomp (13.2.1_git20240309-r0)
#11 2.593 (44/176) Installing libatomic (13.2.1_git20240309-r0)
#11 2.606 (45/176) Installing gmp (6.3.0-r0)
#11 2.622 (46/176) Installing isl26 (0.26-r1)
#11 2.646 (47/176) Installing mpfr4 (4.2.1-r0)
#11 2.663 (48/176) Installing mpc1 (1.3.1-r1)
#11 2.677 (49/176) Installing gcc (13.2.1_git20240309-r0)
#11 3.203 (50/176) Installing ca-certificates (20240226-r0)
#11 3.226 (51/176) Installing brotli-libs (1.1.0-r1)
#11 3.243 (52/176) Installing c-ares (1.28.1-r0)
#11 3.256 (53/176) Installing libunistring (1.2-r0)
#11 3.276 (54/176) Installing libidn2 (2.3.7-r0)
#11 3.290 (55/176) Installing nghttp2-libs (1.61.0-r0)
#11 3.302 (56/176) Installing libpsl (0.21.5-r1)
#11 3.315 (57/176) Installing libcurl (8.7.1-r0)
#11 3.332 (58/176) Installing libexpat (2.6.2-r0)
#11 3.345 (59/176) Installing pcre2 (10.43-r0)
#11 3.361 (60/176) Installing git (2.44.0-r1)
#11 3.408 (61/176) Installing git-init-template (2.44.0-r1)
#11 3.421 (62/176) Installing libcap2 (2.69-r1)
#11 3.437 (63/176) Installing libmnl (1.0.5-r2)
#11 3.449 (64/176) Installing iproute2-minimal (6.8.0-r0)
#11 3.465 (65/176) Installing libxtables (1.8.10-r3)
#11 3.478 (66/176) Installing iproute2-tc (6.8.0-r0)
#11 3.494 (67/176) Installing iproute2-ss (6.8.0-r0)
#11 3.507 (68/176) Installing iproute2 (6.8.0-r0)
#11 3.525 Executing iproute2-6.8.0-r0.post-install
#11 3.528 (69/176) Installing linux-headers (6.6-r0)
#11 3.617 (70/176) Installing libip4tc (1.8.10-r3)
#11 3.629 (71/176) Installing libip6tc (1.8.10-r3)
#11 3.641 (72/176) Installing libipq (1.8.10-r3)
#11 3.655 (73/176) Installing iptables-dev (1.8.10-r3)
#11 3.669 (74/176) Installing oniguruma (6.9.9-r0)
#11 3.684 (75/176) Installing jq (1.7.1-r0)
#11 3.701 (76/176) Installing kmod (31-r4)
#11 3.715 (77/176) Installing libbpf (1.4.0-r0)
#11 3.729 (78/176) Installing libbpf-dev (1.4.0-r0)
#11 3.748 (79/176) Installing libcap-dev (2.69-r1)
#11 3.763 (80/176) Installing libmnl-dev (1.0.5-r2)
#11 3.781 (81/176) Installing make (4.4.1-r2)
#11 3.796 (82/176) Installing musl-dev (1.2.5-r0)
#11 3.852 (83/176) Installing openssl-dev (3.2.1-r1)
#11 3.878 (84/176) Installing perl (5.38.2-r0)
#11 4.063 (85/176) Installing perl-error (0.17029-r2)
#11 4.075 (86/176) Installing perl-git (2.44.0-r1)
#11 4.089 (87/176) Installing git-perl (2.44.0-r1)
#11 4.101 (88/176) Installing libffi (3.4.6-r0)
#11 4.113 (89/176) Installing gdbm (1.23-r1)
#11 4.126 (90/176) Installing mpdecimal (4.0.0-r0)
#11 4.140 (91/176) Installing libpanelw (6.4_p20240309-r0)
#11 4.161 (92/176) Installing sqlite-libs (3.45.2-r0)
#11 4.195 (93/176) Installing python3 (3.11.8-r0)
#11 4.325 (94/176) Installing python3-pycache-pyc0 (3.11.8-r0)
#11 4.416 (95/176) Installing pyc (3.11.8-r0)
#11 4.427 (96/176) Installing py3-argcomplete-pyc (3.2.3-r0)
#11 4.440 (97/176) Installing python3-pyc (3.11.8-r0)
#11 4.452 (98/176) Installing py3-argcomplete (3.2.3-r0)
#11 4.465 (99/176) Installing py3-psutil (5.9.8-r0)
#11 4.480 (100/176) Installing py3-psutil-pyc (5.9.8-r0)
#11 4.496 (101/176) Installing py3-pyroute2 (0.7.12-r0)
#11 4.530 (102/176) Installing py3-pyroute2-pyc (0.7.12-r0)
#11 4.569 (103/176) Installing py3-certifi (2024.2.2-r0)
#11 4.581 (104/176) Installing py3-certifi-pyc (2024.2.2-r0)
#11 4.594 (105/176) Installing py3-charset-normalizer (3.3.2-r0)
#11 4.609 (106/176) Installing py3-charset-normalizer-pyc (3.3.2-r0)
#11 4.622 (107/176) Installing py3-idna (3.6-r0)
#11 4.636 (108/176) Installing py3-idna-pyc (3.6-r0)
#11 4.650 (109/176) Installing py3-urllib3 (1.26.18-r0)
#11 4.668 (110/176) Installing py3-urllib3-pyc (1.26.18-r0)
#11 4.686 (111/176) Installing py3-requests (2.31.0-r1)
#11 4.701 (112/176) Installing py3-requests-pyc (2.31.0-r1)
#11 4.716 (113/176) Installing py3-parsing (3.1.2-r0)
#11 4.731 (114/176) Installing py3-parsing-pyc (3.1.2-r0)
#11 4.747 (115/176) Installing py3-packaging (24.0-r0)
#11 4.761 (116/176) Installing py3-packaging-pyc (24.0-r0)
#11 4.776 (117/176) Installing py3-setuptools (69.2.0-r0)
#11 4.811 (118/176) Installing py3-setuptools-pyc (69.2.0-r0)
#11 4.851 (119/176) Installing libcap-ng (0.8.4-r0)
#11 4.863 (120/176) Installing libblkid (2.39.3-r1)
#11 4.876 (121/176) Installing libmount (2.39.3-r1)
#11 4.893 (122/176) Installing glib (2.80.0-r2)
#11 4.929 (123/176) Installing numactl (2.0.18-r0)
#11 4.941 (124/176) Installing qemu (8.2.2-r0)
#11 4.958 Executing qemu-8.2.2-r0.pre-install
#11 5.044 Executing qemu-8.2.2-r0.post-install
#11 5.047 *
#11 5.047 * If you want to run VM as unprivileged user and let Qemu create tunX devices,
#11 5.047 * then you must add that user to the group "qemu".
#11 5.047 * If you use KVM for hardware-assisted virtualization, then you may also need
#11 5.047 * to add that user to the group "kvm".
#11 5.047 *
#11 5.048 (125/176) Installing qemu-bridge-helper (8.2.2-r0)
#11 5.070 (126/176) Installing libaio (0.3.113-r2)
#11 5.082 (127/176) Installing capstone (5.0.1-r3)
#11 5.127 (128/176) Installing nettle (3.9.1-r0)
#11 5.149 (129/176) Installing libtasn1 (4.19.0-r2)
#11 5.162 (130/176) Installing p11-kit (0.25.3-r0)
#11 5.182 (131/176) Installing gnutls (3.8.3-r0)
#11 5.207 (132/176) Installing libjpeg-turbo (3.0.2-r0)
#11 5.223 (133/176) Installing lzo (2.10-r5)
#11 5.238 (134/176) Installing pixman (0.43.2-r0)
#11 5.253 (135/176) Installing libpng (1.6.43-r0)
#11 5.266 (136/176) Installing libsasl (2.1.28-r6)
#11 5.280 (137/176) Installing libseccomp (2.5.5-r0)
#11 5.293 (138/176) Installing libslirp (4.7.0-r0)
#11 5.306 (139/176) Installing snappy (1.1.10-r2)
#11 5.318 (140/176) Installing liburing (2.5-r1)
#11 5.330 (141/176) Installing vde2-libs (2.3.3-r2)
#11 5.343 (142/176) Installing qemu-system-x86_64 (8.2.2-r0)
#11 5.456 (143/176) Installing lz4-libs (1.9.4-r5)
#11 5.469 (144/176) Installing popt (1.19-r3)
#11 5.482 (145/176) Installing libxxhash (0.8.2-r2)
#11 5.499 (146/176) Installing rsync (3.3.0-r0)
#11 5.514 (147/176) Installing scapy (2.5.0-r1)
#11 5.588 Executing scapy-2.5.0-r1.post-install
#11 5.589 *
#11 5.589 * Certain optional features of scapy also depend on the following packages:
#11 5.589 *     py3-matplotlib graphviz imagemagick py3-cryptography sox
#11 5.589 * And the following unpackaged dependencies:
#11 5.589 *     pyxi vpython-jupyter nmap<v4.23
#11 5.589 * More information can be found at https://scapy.readthedocs.io/en/latest/installation.html#optional-dependencies
#11 5.589 *
#11 5.590 (148/176) Installing scapy-pyc (2.5.0-r1)
#11 5.654 (149/176) Installing util-linux (2.39.3-r1)
#11 5.666 (150/176) Installing setarch (2.39.3-r1)
#11 5.678 (151/176) Installing libuuid (2.39.3-r1)
#11 5.690 (152/176) Installing libfdisk (2.39.3-r1)
#11 5.704 (153/176) Installing libsmartcols (2.39.3-r1)
#11 5.716 (154/176) Installing util-linux-misc (2.39.3-r1)
#11 5.757 (155/176) Installing libeconf (0.6.2-r0)
#11 5.769 (156/176) Installing linux-pam (1.6.0-r0)
#11 5.789 (157/176) Installing runuser (2.39.3-r1)
#11 5.801 (158/176) Installing mount (2.39.3-r1)
#11 5.813 (159/176) Installing losetup (2.39.3-r1)
#11 5.826 (160/176) Installing hexdump (2.39.3-r1)
#11 5.838 (161/176) Installing uuidgen (2.39.3-r1)
#11 5.851 (162/176) Installing blkid (2.39.3-r1)
#11 5.863 (163/176) Installing sfdisk (2.39.3-r1)
#11 5.876 (164/176) Installing mcookie (2.39.3-r1)
#11 5.888 (165/176) Installing agetty (2.39.3-r1)
#11 5.900 (166/176) Installing wipefs (2.39.3-r1)
#11 5.913 (167/176) Installing cfdisk (2.39.3-r1)
#11 5.925 (168/176) Installing umount (2.39.3-r1)
#11 5.937 (169/176) Installing flock (2.39.3-r1)
#11 5.949 (170/176) Installing lsblk (2.39.3-r1)
#11 5.962 (171/176) Installing setpriv (2.39.3-r1)
#11 5.974 (172/176) Installing logger (2.39.3-r1)
#11 5.986 (173/176) Installing partx (2.39.3-r1)
#11 5.999 (174/176) Installing fstrim (2.39.3-r1)
#11 6.018 (175/176) Installing findmnt (2.39.3-r1)
#11 6.030 (176/176) Installing virtme-ng@testing (1.23-r0)
#11 6.087 Executing busybox-1.36.1-r17.trigger
#11 6.092 Executing ca-certificates-20240226-r0.trigger
#11 6.115 Executing glib-2.80.0-r2.trigger
#11 6.122 OK: 386 MiB in 187 packages
#11 DONE 6.5s

#12 [ 8/23] RUN mkdir -p /tmp/kernel-patches &&     mkdir -p /tmp/iproute2-patches
#12 DONE 0.3s

#13 [ 9/23] COPY tdc.config /tmp
#13 DONE 0.2s

#14 [10/23] COPY tdc-debug.config /tmp
#14 DONE 0.1s

#15 [11/23] COPY kernel-patches /tmp/kernel-patches/
#15 DONE 0.0s

#16 [12/23] COPY iproute2-patches /tmp/iproute2-patches/
#16 DONE 0.0s

#17 [13/23] COPY configs /tmp/configs/
#17 DONE 0.0s

#18 [14/23] RUN git config --global user.email foo@bar.com
#18 DONE 0.2s

#19 [15/23] RUN git config --global user.name foo@bar.com
#19 DONE 0.4s

#20 [16/23] RUN git clone https://git.kernel.org/pub/scm/network/iproute2/iproute2-next.git /nipa-data/iproute2
#20 0.452 Cloning into '/nipa-data/iproute2'...
#20 DONE 2.0s

#21 [17/23] RUN cd /nipa-data/iproute2 && 	git remote add stable https://git.kernel.org/pub/scm/network/iproute2/iproute2.git && 	git fetch --all && 	git merge stable/main
#21 0.353 Fetching origin
#21 0.629 Fetching stable
#21 1.171 From https://git.kernel.org/pub/scm/network/iproute2/iproute2
#21 1.171  * [new branch]        codeql         -> stable/codeql
#21 1.171  * [new branch]        iproute2-4.1.x -> stable/iproute2-4.1.x
#21 1.171  * [new branch]        main           -> stable/main
#21 1.179  * [new tag]           v6.8.0         -> v6.8.0
#21 1.236 Merge made by the 'ort' strategy.
#21 1.255  Makefile                       |  2 +-
#21 1.255  README                         | 13 +++++++
#21 1.255  bridge/bridge.c                |  2 +-
#21 1.255  include/version.h              |  2 +-
#21 1.255  ip/ipila.c                     |  4 +-
#21 1.255  ip/iptuntap.c                  |  5 +--
#21 1.255  lib/rt_names.c                 | 43 ++++++++++-----------
#21 1.255  man/man8/bridge.8              |  6 +++
#21 1.255  man/man8/ip-netns.8.in         |  2 +-
#21 1.255  man/man8/ip.8                  | 33 +++++++++++++++-
#21 1.255  man/man8/tc-mirred.8           |  2 +-
#21 1.255  man/man8/tc-simple.8           | 12 +++---
#21 1.255  misc/arpd.c                    | 11 +++++-
#21 1.255  misc/ifstat.c                  | 11 ++++--
#21 1.255  misc/ss.c                      | 17 ++++++++-
#21 1.255  tc/e_bpf.c                     |  2 +-
#21 1.255  tc/f_basic.c                   |  4 +-
#21 1.255  tc/f_bpf.c                     |  4 +-
#21 1.255  tc/f_cgroup.c                  |  4 +-
#21 1.255  tc/f_flow.c                    |  4 +-
#21 1.255  tc/f_flower.c                  |  4 +-
#21 1.255  tc/f_fw.c                      |  4 +-
#21 1.255  tc/f_matchall.c                |  4 +-
#21 1.255  tc/f_route.c                   |  4 +-
#21 1.255  tc/f_u32.c                     |  6 +--
#21 1.255  tc/m_action.c                  |  6 +--
#21 1.255  tc/m_bpf.c                     |  4 +-
#21 1.255  tc/m_connmark.c                |  4 +-
#21 1.255  tc/m_csum.c                    |  4 +-
#21 1.255  tc/m_ct.c                      |  4 +-
#21 1.255  tc/m_ctinfo.c                  |  4 +-
#21 1.255  tc/m_gact.c                    |  4 +-
#21 1.255  tc/m_gate.c                    |  8 ++--
#21 1.255  tc/m_ife.c                     |  4 +-
#21 1.255  tc/m_mirred.c                  |  6 +--
#21 1.255  tc/m_mpls.c                    |  4 +-
#21 1.255  tc/m_nat.c                     |  4 +-
#21 1.255  tc/m_pedit.c                   | 10 ++---
#21 1.255  tc/m_police.c                  |  8 ++--
#21 1.255  tc/m_sample.c                  |  4 +-
#21 1.255  tc/m_simple.c                  | 12 +++---
#21 1.255  tc/m_skbedit.c                 |  4 +-
#21 1.255  tc/m_skbmod.c                  | 41 +++++++++++---------
#21 1.255  tc/m_tunnel_key.c              |  4 +-
#21 1.255  tc/m_vlan.c                    |  4 +-
#21 1.255  tc/q_cake.c                    |  6 +--
#21 1.255  tc/q_cbs.c                     |  4 +-
#21 1.255  tc/q_choke.c                   |  6 +--
#21 1.255  tc/q_clsact.c                  |  4 +-
#21 1.255  tc/q_codel.c                   |  6 +--
#21 1.255  tc/q_drr.c                     |  8 ++--
#21 1.255  tc/q_etf.c                     |  4 +-
#21 1.255  tc/q_ets.c                     |  8 ++--
#21 1.255  tc/q_fifo.c                    |  4 +-
#21 1.255  tc/q_fq.c                      |  6 +--
#21 1.255  tc/q_fq_codel.c                |  6 +--
#21 1.255  tc/q_fq_pie.c                  |  6 +--
#21 1.255  tc/q_gred.c                    |  6 +--
#21 1.255  tc/q_hfsc.c                    | 10 ++---
#21 1.255  tc/q_hhf.c                     |  6 +--
#21 1.255  tc/q_htb.c                     |  8 ++--
#21 1.255  tc/q_ingress.c                 |  4 +-
#21 1.255  tc/q_mqprio.c                  |  4 +-
#21 1.255  tc/q_multiq.c                  |  4 +-
#21 1.255  tc/q_netem.c                   | 86 +++++++++++++++++++++++-------------------
#21 1.255  tc/q_pie.c                     |  6 +--
#21 1.255  tc/q_plug.c                    |  4 +-
#21 1.255  tc/q_prio.c                    |  4 +-
#21 1.255  tc/q_qfq.c                     |  6 +--
#21 1.255  tc/q_red.c                     |  8 ++--
#21 1.255  tc/q_sfb.c                     |  6 +--
#21 1.255  tc/q_sfq.c                     |  6 +--
#21 1.255  tc/q_skbprio.c                 |  4 +-
#21 1.255  tc/q_taprio.c                  |  6 +--
#21 1.255  tc/q_tbf.c                     |  4 +-
#21 1.256  tc/tc.c                        | 12 +++---
#21 1.256  tc/tc_class.c                  |  6 +--
#21 1.256  tc/tc_core.c                   | 15 ++------
#21 1.256  tc/tc_core.h                   |  2 -
#21 1.256  tc/tc_exec.c                   |  2 +-
#21 1.256  tc/tc_filter.c                 |  6 +--
#21 1.256  tc/tc_qdisc.c                  |  6 +--
#21 1.256  tc/tc_util.c                   | 33 ++++++++--------
#21 1.256  tc/tc_util.h                   | 36 +++++++++---------
#21 1.256  vdpa/include/uapi/linux/vdpa.h | 17 +++++++++
#21 1.256  85 files changed, 416 insertions(+), 317 deletions(-)
#21 DONE 1.3s

#22 [18/23] RUN if [ "$(find /tmp/iproute2-patches/ -name *.patch)" ]; then  	cd /nipa-data/iproute2; 	git apply /tmp/iproute2-patches/*.patch;     fi
#22 DONE 0.4s

#23 [19/23] RUN cd /nipa-data/iproute2/ &&     ./configure &&     make
#23 0.364 TC schedulers
#23 0.364  IPT	using xtables
#23 0.392  IPSET  yes
#23 0.411 
#23 0.412 lib directory: /usr/lib
#23 0.412 libc has setns: yes
#23 0.432 libc has name_to_handle_at: yes
#23 0.454 SELinux support: no
#23 0.455 libtirpc support: no
#23 0.456 libbpf support: yes
#23 0.521 	libbpf version 1.4.0
#23 0.521 ELF support: yes
#23 0.523 libmnl support: yes
#23 0.524 Berkeley DB: no
#23 0.535 need for strlcpy: no
#23 0.556 libcap support: yes
#23 0.558 color output: never
#23 0.560 
#23 0.560 lib
#23 0.562     CC       libgenl.o
#23 0.600     CC       libnetlink.o
#23 0.899     CC       mnl_utils.o
#23 0.976     AR       libnetlink.a
#23 0.978     CC       utils.o
#23 1.352     CC       utils_math.o
#23 1.398     CC       rt_names.o
#23 1.560     CC       ll_map.o
#23 1.663     CC       ll_types.o
#23 1.675 In file included from ll_types.c:20:
#23 1.675 ../include/uapi/linux/sockios.h:42: warning: "SIOCGSTAMP" redefined
#23 1.675    42 | #define SIOCGSTAMP      SIOCGSTAMP_OLD
#23 1.675       | 
#23 1.675 In file included from /usr/include/sys/ioctl.h:10,
#23 1.675                  from ll_types.c:12:
#23 1.675 /usr/include/bits/ioctl.h:111: note: this is the location of the previous definition
#23 1.675   111 | #define SIOCGSTAMP      0x8906
#23 1.675       | 
#23 1.675 ../include/uapi/linux/sockios.h:43: warning: "SIOCGSTAMPNS" redefined
#23 1.675    43 | #define SIOCGSTAMPNS    SIOCGSTAMPNS_OLD
#23 1.675       | 
#23 1.675 /usr/include/bits/ioctl.h:112: note: this is the location of the previous definition
#23 1.675   112 | #define SIOCGSTAMPNS    0x8907
#23 1.675       | 
#23 1.691     CC       ll_proto.o
#23 1.708 In file included from ll_proto.c:21:
#23 1.708 ../include/uapi/linux/sockios.h:42: warning: "SIOCGSTAMP" redefined
#23 1.708    42 | #define SIOCGSTAMP      SIOCGSTAMP_OLD
#23 1.708       | 
#23 1.708 In file included from /usr/include/sys/ioctl.h:10,
#23 1.708                  from ll_proto.c:13:
#23 1.708 /usr/include/bits/ioctl.h:111: note: this is the location of the previous definition
#23 1.708   111 | #define SIOCGSTAMP      0x8906
#23 1.708       | 
#23 1.708 ../include/uapi/linux/sockios.h:43: warning: "SIOCGSTAMPNS" redefined
#23 1.708    43 | #define SIOCGSTAMPNS    SIOCGSTAMPNS_OLD
#23 1.708       | 
#23 1.708 /usr/include/bits/ioctl.h:112: note: this is the location of the previous definition
#23 1.708   112 | #define SIOCGSTAMPNS    0x8907
#23 1.708       | 
#23 1.726     CC       ll_addr.o
#23 1.740 In file included from ll_addr.c:20:
#23 1.740 ../include/uapi/linux/sockios.h:42: warning: "SIOCGSTAMP" redefined
#23 1.740    42 | #define SIOCGSTAMP      SIOCGSTAMP_OLD
#23 1.740       | 
#23 1.740 In file included from /usr/include/sys/ioctl.h:10,
#23 1.740                  from ll_addr.c:12:
#23 1.740 /usr/include/bits/ioctl.h:111: note: this is the location of the previous definition
#23 1.740   111 | #define SIOCGSTAMP      0x8906
#23 1.740       | 
#23 1.740 ../include/uapi/linux/sockios.h:43: warning: "SIOCGSTAMPNS" redefined
#23 1.740    43 | #define SIOCGSTAMPNS    SIOCGSTAMPNS_OLD
#23 1.740       | 
#23 1.740 /usr/include/bits/ioctl.h:112: note: this is the location of the previous definition
#23 1.740   112 | #define SIOCGSTAMPNS    0x8907
#23 1.740       | 
#23 1.776     CC       inet_proto.o
#23 1.806     CC       namespace.o
#23 1.856     CC       json_writer.o
#23 1.931     CC       json_print.o
#23 2.044     CC       json_print_math.o
#23 2.078     CC       names.o
#23 2.122     CC       color.o
#23 2.160     CC       bpf_legacy.o
#23 2.503     CC       bpf_glue.o
#23 2.537     CC       exec.o
#23 2.565     CC       fs.o
#23 2.625     CC       cg_map.o
#23 2.658     CC       ppp_proto.o
#23 2.679     CC       bpf_libbpf.o
#23 2.750     CC       selinux.o
#23 2.770     CC       ax25_ntop.o
#23 2.796     CC       rose_ntop.o
#23 2.808 In file included from rose_ntop.c:16:
#23 2.808 ../include/uapi/linux/sockios.h:42: warning: "SIOCGSTAMP" redefined
#23 2.808    42 | #define SIOCGSTAMP      SIOCGSTAMP_OLD
#23 2.808       | 
#23 2.808 In file included from /usr/include/sys/ioctl.h:10,
#23 2.808                  from rose_ntop.c:7:
#23 2.808 /usr/include/bits/ioctl.h:111: note: this is the location of the previous definition
#23 2.808   111 | #define SIOCGSTAMP      0x8906
#23 2.808       | 
#23 2.808 ../include/uapi/linux/sockios.h:43: warning: "SIOCGSTAMPNS" redefined
#23 2.808    43 | #define SIOCGSTAMPNS    SIOCGSTAMPNS_OLD
#23 2.808       | 
#23 2.808 /usr/include/bits/ioctl.h:112: note: this is the location of the previous definition
#23 2.808   112 | #define SIOCGSTAMPNS    0x8907
#23 2.808       | 
#23 2.823     CC       mpls_ntop.o
#23 2.849     CC       mpls_pton.o
#23 2.876     CC       netrom_ntop.o
#23 2.897     AR       libutil.a
#23 2.901 
#23 2.901 ip
#23 2.903     CC       ip.o
#23 2.987     CC       ipaddress.o
#23 3.000 In file included from ipaddress.c:26:
#23 3.000 ../include/uapi/linux/sockios.h:42: warning: "SIOCGSTAMP" redefined
#23 3.000    42 | #define SIOCGSTAMP      SIOCGSTAMP_OLD
#23 3.000       | 
#23 3.000 In file included from /usr/include/sys/ioctl.h:10,
#23 3.000                  from ipaddress.c:14:
#23 3.000 /usr/include/bits/ioctl.h:111: note: this is the location of the previous definition
#23 3.000   111 | #define SIOCGSTAMP      0x8906
#23 3.000       | 
#23 3.000 ../include/uapi/linux/sockios.h:43: warning: "SIOCGSTAMPNS" redefined
#23 3.000    43 | #define SIOCGSTAMPNS    SIOCGSTAMPNS_OLD
#23 3.000       | 
#23 3.000 /usr/include/bits/ioctl.h:112: note: this is the location of the previous definition
#23 3.000   112 | #define SIOCGSTAMPNS    0x8907
#23 3.000       | 
#23 3.459     CC       ipaddrlabel.o
#23 3.519     CC       iproute.o
#23 4.025     CC       iprule.o
#23 4.255     CC       ipnetns.o
#23 4.457     CC       rtm_map.o
#23 4.494     CC       iptunnel.o
#23 4.506 In file included from ../include/uapi/linux/if_tunnel.h:6,
#23 4.506                  from iptunnel.c:19:
#23 4.506 ../include/uapi/linux/if.h:134: warning: "IFF_VOLATILE" redefined
#23 4.506   134 | #define IFF_VOLATILE    (IFF_LOOPBACK|IFF_POINTOPOINT|IFF_BROADCAST|IFF_ECHO|\
#23 4.506       | 
#23 4.506 In file included from iptunnel.c:16:
#23 4.506 /usr/include/net/if.h:48: note: this is the location of the previous definition
#23 4.506    48 | #define IFF_VOLATILE (IFF_LOOPBACK|IFF_POINTOPOINT|IFF_BROADCAST| \
#23 4.506       | 
#23 4.639     CC       ip6tunnel.o
#23 4.752     CC       tunnel.o
#23 4.854     CC       ipneigh.o
#23 5.012     CC       ipntable.o
#23 5.116     CC       iplink.o
#23 5.389     CC       ipmaddr.o
#23 5.401 In file included from ipmaddr.c:21:
#23 5.401 ../include/uapi/linux/sockios.h:42: warning: "SIOCGSTAMP" redefined
#23 5.401    42 | #define SIOCGSTAMP      SIOCGSTAMP_OLD
#23 5.401       | 
#23 5.401 In file included from /usr/include/sys/ioctl.h:10,
#23 5.401                  from ipmaddr.c:12:
#23 5.401 /usr/include/bits/ioctl.h:111: note: this is the location of the previous definition
#23 5.401   111 | #define SIOCGSTAMP      0x8906
#23 5.401       | 
#23 5.401 ../include/uapi/linux/sockios.h:43: warning: "SIOCGSTAMPNS" redefined
#23 5.401    43 | #define SIOCGSTAMPNS    SIOCGSTAMPNS_OLD
#23 5.401       | 
#23 5.401 /usr/include/bits/ioctl.h:112: note: this is the location of the previous definition
#23 5.401   112 | #define SIOCGSTAMPNS    0x8907
#23 5.401       | 
#23 5.476     CC       ipmonitor.o
#23 5.547     CC       ipmroute.o
#23 5.560 In file included from ipmroute.c:22:
#23 5.560 ../include/uapi/linux/sockios.h:42: warning: "SIOCGSTAMP" redefined
#23 5.560    42 | #define SIOCGSTAMP      SIOCGSTAMP_OLD
#23 5.560       | 
#23 5.560 In file included from /usr/include/sys/ioctl.h:10,
#23 5.560                  from ipmroute.c:13:
#23 5.560 /usr/include/bits/ioctl.h:111: note: this is the location of the previous definition
#23 5.560   111 | #define SIOCGSTAMP      0x8906
#23 5.560       | 
#23 5.560 ../include/uapi/linux/sockios.h:43: warning: "SIOCGSTAMPNS" redefined
#23 5.560    43 | #define SIOCGSTAMPNS    SIOCGSTAMPNS_OLD
#23 5.560       | 
#23 5.560 /usr/include/bits/ioctl.h:112: note: this is the location of the previous definition
#23 5.560   112 | #define SIOCGSTAMPNS    0x8907
#23 5.560       | 
#23 5.619     CC       ipprefix.o
#23 5.649     CC       iptuntap.o
#23 5.754     CC       iptoken.o
#23 5.807     CC       ipxfrm.o
#23 6.100     CC       xfrm_state.o
#23 6.355     CC       xfrm_policy.o
#23 6.583     CC       xfrm_monitor.o
#23 6.661     CC       iplink_dummy.o
#23 6.683     CC       iplink_ifb.o
#23 6.705     CC       iplink_nlmon.o
#23 6.726     CC       iplink_team.o
#23 6.755     CC       iplink_vcan.o
#23 6.776     CC       iplink_vxcan.o
#23 6.803     CC       iplink_vlan.o
#23 6.874     CC       link_veth.o
#23 6.901     CC       link_gre.o
#23 6.911 In file included from ../include/uapi/linux/if_tunnel.h:6,
#23 6.911                  from link_gre.c:15:
#23 6.911 ../include/uapi/linux/if.h:134: warning: "IFF_VOLATILE" redefined
#23 6.911   134 | #define IFF_VOLATILE    (IFF_LOOPBACK|IFF_POINTOPOINT|IFF_BROADCAST|IFF_ECHO|\
#23 6.911       | 
#23 6.911 In file included from link_gre.c:9:
#23 6.911 /usr/include/net/if.h:48: note: this is the location of the previous definition
#23 6.911    48 | #define IFF_VOLATILE (IFF_LOOPBACK|IFF_POINTOPOINT|IFF_BROADCAST| \
#23 6.911       | 
#23 7.023     CC       iplink_can.o
#23 7.182     CC       iplink_xdp.o
#23 7.241     CC       iplink_macvlan.o
#23 7.313     CC       ipl2tp.o
#23 7.469     CC       link_vti.o
#23 7.483 In file included from ../include/uapi/linux/if_tunnel.h:6,
#23 7.483                  from link_vti.c:16:
#23 7.483 ../include/uapi/linux/if.h:134: warning: "IFF_VOLATILE" redefined
#23 7.483   134 | #define IFF_VOLATILE    (IFF_LOOPBACK|IFF_POINTOPOINT|IFF_BROADCAST|IFF_ECHO|\
#23 7.483       | 
#23 7.483 In file included from link_vti.c:10:
#23 7.483 /usr/include/net/if.h:48: note: this is the location of the previous definition
#23 7.483    48 | #define IFF_VOLATILE (IFF_LOOPBACK|IFF_POINTOPOINT|IFF_BROADCAST| \
#23 7.483       | 
#23 7.540     CC       link_vti6.o
#23 7.551 In file included from ../include/uapi/linux/if_tunnel.h:6,
#23 7.551                  from link_vti6.c:17:
#23 7.551 ../include/uapi/linux/if.h:134: warning: "IFF_VOLATILE" redefined
#23 7.551   134 | #define IFF_VOLATILE    (IFF_LOOPBACK|IFF_POINTOPOINT|IFF_BROADCAST|IFF_ECHO|\
#23 7.551       | 
#23 7.551 In file included from link_vti6.c:11:
#23 7.551 /usr/include/net/if.h:48: note: this is the location of the previous definition
#23 7.551    48 | #define IFF_VOLATILE (IFF_LOOPBACK|IFF_POINTOPOINT|IFF_BROADCAST| \
#23 7.551       | 
#23 7.598     CC       link_xfrm.o
#23 7.633     CC       iplink_vxlan.o
#23 7.785     CC       tcp_metrics.o
#23 7.888     CC       iplink_ipoib.o
#23 7.929     CC       ipnetconf.o
#23 7.983     CC       link_ip6tnl.o
#23 7.993 In file included from ../include/uapi/linux/if_tunnel.h:6,
#23 7.993                  from link_ip6tnl.c:15:
#23 7.993 ../include/uapi/linux/if.h:134: warning: "IFF_VOLATILE" redefined
#23 7.993   134 | #define IFF_VOLATILE    (IFF_LOOPBACK|IFF_POINTOPOINT|IFF_BROADCAST|IFF_ECHO|\
#23 7.993       | 
#23 7.993 In file included from link_ip6tnl.c:9:
#23 7.993 /usr/include/net/if.h:48: note: this is the location of the previous definition
#23 7.993    48 | #define IFF_VOLATILE (IFF_LOOPBACK|IFF_POINTOPOINT|IFF_BROADCAST| \
#23 7.993       | 
#23 8.079     CC       link_iptnl.o
#23 8.089 In file included from ../include/uapi/linux/if_tunnel.h:6,
#23 8.089                  from link_iptnl.c:16:
#23 8.089 ../include/uapi/linux/if.h:134: warning: "IFF_VOLATILE" redefined
#23 8.089   134 | #define IFF_VOLATILE    (IFF_LOOPBACK|IFF_POINTOPOINT|IFF_BROADCAST|IFF_ECHO|\
#23 8.089       | 
#23 8.089 In file included from link_iptnl.c:9:
#23 8.089 /usr/include/net/if.h:48: note: this is the location of the previous definition
#23 8.089    48 | #define IFF_VOLATILE (IFF_LOOPBACK|IFF_POINTOPOINT|IFF_BROADCAST| \
#23 8.089       | 
#23 8.176     CC       link_gre6.o
#23 8.187 In file included from ../include/uapi/linux/if_tunnel.h:6,
#23 8.187                  from link_gre6.c:15:
#23 8.187 ../include/uapi/linux/if.h:134: warning: "IFF_VOLATILE" redefined
#23 8.187   134 | #define IFF_VOLATILE    (IFF_LOOPBACK|IFF_POINTOPOINT|IFF_BROADCAST|IFF_ECHO|\
#23 8.187       | 
#23 8.187 In file included from link_gre6.c:9:
#23 8.187 /usr/include/net/if.h:48: note: this is the location of the previous definition
#23 8.187    48 | #define IFF_VOLATILE (IFF_LOOPBACK|IFF_POINTOPOINT|IFF_BROADCAST| \
#23 8.187       | 
#23 8.308     CC       iplink_bond.o
#23 8.508     CC       iplink_bond_slave.o
#23 8.561     CC       iplink_hsr.o
#23 8.609     CC       iplink_bridge.o
#23 8.760     CC       iplink_bridge_slave.o
#23 8.862     CC       iplink_dsa.o
#23 8.899     CC       ipfou.o
#23 8.975     CC       iplink_ipvlan.o
#23 9.019     CC       iplink_geneve.o
#23 9.106     CC       iplink_vrf.o
#23 9.157     CC       iproute_lwtunnel.o
#23 9.565     CC       ipmacsec.o
#23 9.826     CC       ipila.o
#23 9.900     CC       ipvrf.o
#23 10.01     CC       iplink_xstats.o
#23 10.05     CC       ipseg6.o
#23 10.10     CC       iplink_netdevsim.o
#23 10.13     CC       iplink_rmnet.o
#23 10.16     CC       ipnexthop.o
#23 10.40     CC       ipmptcp.o
#23 10.52     CC       iplink_bareudp.o
#23 10.57     CC       iplink_wwan.o
#23 10.60     CC       ipioam6.o
#23 10.67     CC       iplink_amt.o
#23 10.73     CC       iplink_batadv.o
#23 10.76     CC       iplink_gtp.o
#23 10.80     CC       iplink_virt_wifi.o
#23 10.83     CC       iplink_netkit.o
#23 10.88     CC       ipstats.o
#23 11.08     LINK     ip
#23 11.11     CC       rtmon.o
#23 11.16     LINK     rtmon
#23 11.17 
#23 11.17 tc
#23 11.18     CC       tc.o
#23 11.27     CC       tc_qdisc.o
#23 11.38     CC       tc_class.o
#23 11.50     CC       tc_filter.o
#23 11.69     CC       tc_util.o
#23 11.88     CC       tc_monitor.o
#23 11.92     CC       tc_exec.o
#23 11.96     CC       m_police.o
#23 12.06     CC       m_estimator.o
#23 12.10     CC       m_action.o
#23 12.28     CC       m_ematch.o
#23 12.40     YACC     emp_ematch.tab.c
#23 12.47     CC       emp_ematch.tab.o
#23 12.61     LEX      emp_ematch.lex.c
#23 12.62     CC       emp_ematch.lex.o
#23 12.79     CC       q_fifo.o
#23 12.83     CC       q_sfq.o
#23 12.90     CC       q_red.o
#23 12.97     CC       q_prio.o
#23 13.02     CC       q_skbprio.o
#23 13.05     CC       q_tbf.o
#23 13.14     CC       q_multiq.o
#23 13.17     CC       q_netem.o
#23 13.37     CC       q_choke.o
#23 13.44     CC       q_sfb.o
#23 13.50     CC       f_u32.o
#23 13.75     CC       f_route.o
#23 13.80     CC       f_fw.o
#23 13.85     CC       f_basic.o
#23 13.90     CC       f_bpf.o
#23 13.97     CC       f_flow.o
#23 14.05     CC       f_cgroup.o
#23 14.10     CC       f_flower.o
#23 14.11 In file included from ../include/uapi/linux/netdevice.h:29,
#23 14.11                  from ../include/uapi/linux/if_arp.h:27,
#23 14.11                  from f_flower.c:14:
#23 14.11 ../include/uapi/linux/if.h:134: warning: "IFF_VOLATILE" redefined
#23 14.11   134 | #define IFF_VOLATILE    (IFF_LOOPBACK|IFF_POINTOPOINT|IFF_BROADCAST|IFF_ECHO|\
#23 14.11       | 
#23 14.11 In file included from f_flower.c:12:
#23 14.11 /usr/include/net/if.h:48: note: this is the location of the previous definition
#23 14.11    48 | #define IFF_VOLATILE (IFF_LOOPBACK|IFF_POINTOPOINT|IFF_BROADCAST| \
#23 14.11       | 
#23 14.61     CC       q_gred.o
#23 14.72     CC       q_ingress.o
#23 14.74     CC       q_hfsc.o
#23 14.83     CC       q_htb.o
#23 14.93     CC       q_drr.o
#23 14.97     CC       q_qfq.o
#23 15.01     CC       m_gact.o
#23 15.07     CC       m_mirred.o
#23 15.14     CC       m_mpls.o
#23 15.21     CC       m_nat.o
#23 15.26     CC       m_pedit.o
#23 15.39     CC       m_ife.o
#23 15.47     CC       m_skbedit.o
#23 15.53     CC       m_skbmod.o
#23 15.59     CC       m_csum.o
#23 15.65     CC       m_simple.o
#23 15.70     CC       m_vlan.o
#23 15.77     CC       m_connmark.o
#23 15.81     CC       m_ctinfo.o
#23 15.86     CC       m_bpf.o
#23 15.92     CC       m_tunnel_key.o
#23 16.03     CC       m_sample.o
#23 16.08     CC       m_ct.o
#23 16.20     CC       m_gate.o
#23 16.30     CC       p_ip.o
#23 16.35     CC       p_ip6.o
#23 16.38     CC       p_icmp.o
#23 16.41     CC       p_eth.o
#23 16.45     CC       p_tcp.o
#23 16.48     CC       p_udp.o
#23 16.51     CC       em_nbyte.o
#23 16.55     CC       em_cmp.o
#23 16.61     CC       em_u32.o
#23 16.66     CC       em_canid.o
#23 16.71     CC       em_meta.o
#23 16.83     CC       q_mqprio.o
#23 16.94     CC       q_codel.o
#23 17.01     CC       q_fq_codel.o
#23 17.10     CC       q_fq.o
#23 17.22     CC       q_pie.o
#23 17.28     CC       q_fq_pie.o
#23 17.35     CC       q_cake.o
#23 17.53     CC       q_hhf.o
#23 17.60     CC       q_clsact.o
#23 17.62     CC       e_bpf.o
#23 17.69     CC       f_matchall.o
#23 17.74     CC       q_cbs.o
#23 17.79     CC       q_etf.o
#23 17.85     CC       q_taprio.o
#23 17.97     CC       q_plug.o
#23 18.01     CC       q_ets.o
#23 18.10     CC       em_ipt.o
#23 18.12 In file included from tc_util.h:7,
#23 18.12                  from m_ematch.h:11,
#23 18.12                  from em_ipt.c:13:
#23 18.12 ../include/uapi/linux/if.h:134: warning: "IFF_VOLATILE" redefined
#23 18.12   134 | #define IFF_VOLATILE    (IFF_LOOPBACK|IFF_POINTOPOINT|IFF_BROADCAST|IFF_ECHO|\
#23 18.12       | 
#23 18.12 In file included from ../include/xtables.h:17,
#23 18.12                  from em_ipt.c:12:
#23 18.12 /usr/include/net/if.h:48: note: this is the location of the previous definition
#23 18.12    48 | #define IFF_VOLATILE (IFF_LOOPBACK|IFF_POINTOPOINT|IFF_BROADCAST| \
#23 18.12       | 
#23 18.15     CC       em_ipset.o
#23 18.17 In file included from tc_util.h:7,
#23 18.17                  from m_ematch.h:11,
#23 18.17                  from em_ipset.c:39:
#23 18.17 ../include/uapi/linux/if.h:134: warning: "IFF_VOLATILE" redefined
#23 18.17   134 | #define IFF_VOLATILE    (IFF_LOOPBACK|IFF_POINTOPOINT|IFF_BROADCAST|IFF_ECHO|\
#23 18.17       | 
#23 18.17 In file included from ../include/xtables.h:17,
#23 18.17                  from em_ipset.c:23:
#23 18.17 /usr/include/net/if.h:48: note: this is the location of the previous definition
#23 18.17    48 | #define IFF_VOLATILE (IFF_LOOPBACK|IFF_POINTOPOINT|IFF_BROADCAST| \
#23 18.17       | 
#23 18.21     CC       tc_core.o
#23 18.28     CC       tc_red.o
#23 18.34     CC       tc_estimator.o
#23 18.37     CC       tc_stab.o
#23 18.44     CC       tc_qevent.o
#23 18.50     AR       libtc.a
#23 18.50     LINK     tc
#23 18.53 rm emp_ematch.lex.c
#23 18.53 
#23 18.53 bridge
#23 18.54     CC       bridge.o
#23 18.59     CC       fdb.o
#23 18.77     CC       monitor.o
#23 18.81     CC       link.o
#23 18.97     CC       mdb.o
#23 19.18     CC       vlan.o
#23 19.19 In file included from vlan.c:14:
#23 19.19 ../include/json_print.h:80:30: warning: 'struct timeval' declared inside parameter list will not be visible outside of this definition or declaration
#23 19.19    80 | _PRINT_FUNC(tv, const struct timeval *)
#23 19.19       |                              ^~~~~~~
#23 19.19 ../include/json_print.h:50:37: note: in definition of macro '_PRINT_FUNC'
#23 19.19    50 |                                     type value);                        \
#23 19.19       |                                     ^~~~
#23 19.19 ../include/json_print.h:80:30: warning: 'struct timeval' declared inside parameter list will not be visible outside of this definition or declaration
#23 19.19    80 | _PRINT_FUNC(tv, const struct timeval *)
#23 19.19       |                              ^~~~~~~
#23 19.19 ../include/json_print.h:55:45: note: in definition of macro '_PRINT_FUNC'
#23 19.19    55 |                                             type value)                 \
#23 19.19       |                                             ^~~~
#23 19.19 ../include/json_print.h: In function 'print_tv':
#23 19.19 ../include/json_print.h:58:48: warning: passing argument 5 of 'print_color_tv' from incompatible pointer type [-Wincompatible-pointer-types]
#23 19.19    58 |                                                value);                  \
#23 19.19       |                                                ^~~~~
#23 19.19       |                                                |
#23 19.19       |                                                const struct timeval *
#23 19.19 ../include/json_print.h:80:1: note: in expansion of macro '_PRINT_FUNC'
#23 19.19    80 | _PRINT_FUNC(tv, const struct timeval *)
#23 19.19       | ^~~~~~~~~~~
#23 19.19 ../include/json_print.h:50:42: note: expected 'const struct timeval *' but argument is of type 'const struct timeval *'
#23 19.19    50 |                                     type value);                        \
#23 19.19       |                                          ^
#23 19.19 ../include/json_print.h:80:1: note: in expansion of macro '_PRINT_FUNC'
#23 19.19    80 | _PRINT_FUNC(tv, const struct timeval *)
#23 19.19       | ^~~~~~~~~~~
#23 19.42     CC       vni.o
#23 19.44 In file included from vni.c:19:
#23 19.44 ../include/json_print.h:80:30: warning: 'struct timeval' declared inside parameter list will not be visible outside of this definition or declaration
#23 19.44    80 | _PRINT_FUNC(tv, const struct timeval *)
#23 19.44       |                              ^~~~~~~
#23 19.44 ../include/json_print.h:50:37: note: in definition of macro '_PRINT_FUNC'
#23 19.44    50 |                                     type value);                        \
#23 19.44       |                                     ^~~~
#23 19.44 ../include/json_print.h:80:30: warning: 'struct timeval' declared inside parameter list will not be visible outside of this definition or declaration
#23 19.44    80 | _PRINT_FUNC(tv, const struct timeval *)
#23 19.44       |                              ^~~~~~~
#23 19.44 ../include/json_print.h:55:45: note: in definition of macro '_PRINT_FUNC'
#23 19.44    55 |                                             type value)                 \
#23 19.44       |                                             ^~~~
#23 19.44 ../include/json_print.h: In function 'print_tv':
#23 19.44 ../include/json_print.h:58:48: warning: passing argument 5 of 'print_color_tv' from incompatible pointer type [-Wincompatible-pointer-types]
#23 19.44    58 |                                                value);                  \
#23 19.44       |                                                ^~~~~
#23 19.44       |                                                |
#23 19.44       |                                                const struct timeval *
#23 19.44 ../include/json_print.h:80:1: note: in expansion of macro '_PRINT_FUNC'
#23 19.44    80 | _PRINT_FUNC(tv, const struct timeval *)
#23 19.44       | ^~~~~~~~~~~
#23 19.44 ../include/json_print.h:50:42: note: expected 'const struct timeval *' but argument is of type 'const struct timeval *'
#23 19.44    50 |                                     type value);                        \
#23 19.44       |                                          ^
#23 19.44 ../include/json_print.h:80:1: note: in expansion of macro '_PRINT_FUNC'
#23 19.44    80 | _PRINT_FUNC(tv, const struct timeval *)
#23 19.44       | ^~~~~~~~~~~
#23 19.51     LINK     bridge
#23 19.52 
#23 19.52 misc
#23 19.53     CC       ss.o
#23 19.55 In file included from ../include/uapi/linux/tipc.h:42,
#23 19.55                  from ss.c:49:
#23 19.55 ../include/uapi/linux/sockios.h:42: warning: "SIOCGSTAMP" redefined
#23 19.55    42 | #define SIOCGSTAMP      SIOCGSTAMP_OLD
#23 19.55       | 
#23 19.55 In file included from /usr/include/sys/ioctl.h:10,
#23 19.55                  from ss.c:12:
#23 19.55 /usr/include/bits/ioctl.h:111: note: this is the location of the previous definition
#23 19.55   111 | #define SIOCGSTAMP      0x8906
#23 19.55       | 
#23 19.55 ../include/uapi/linux/sockios.h:43: warning: "SIOCGSTAMPNS" redefined
#23 19.55    43 | #define SIOCGSTAMPNS    SIOCGSTAMPNS_OLD
#23 19.55       | 
#23 19.55 /usr/include/bits/ioctl.h:112: note: this is the location of the previous definition
#23 19.55   112 | #define SIOCGSTAMPNS    0x8907
#23 19.55       | 
#23 20.48     CC       ssfilter_check.o
#23 20.50     YACC     ssfilter.tab.c
#23 20.57     CC       ssfilter.tab.o
#23 20.67     LINK     ss
#23 20.69     CC       nstat
#23 20.70 In file included from nstat.c:20:
#23 20.70 /usr/include/sys/poll.h:1:2: warning: #warning redirecting incorrect #include <sys/poll.h> to <poll.h> [-Wcpp]
#23 20.70     1 | #warning redirecting incorrect #include <sys/poll.h> to <poll.h>
#23 20.70       |  ^~~~~~~
#23 20.85     CC       ifstat
#23 20.86 In file included from ifstat.c:20:
#23 20.86 /usr/include/sys/poll.h:1:2: warning: #warning redirecting incorrect #include <sys/poll.h> to <poll.h> [-Wcpp]
#23 20.86     1 | #warning redirecting incorrect #include <sys/poll.h> to <poll.h>
#23 20.86       |  ^~~~~~~
#23 21.03     CC       rtacct
#23 21.04 In file included from rtacct.c:19:
#23 21.04 /usr/include/sys/poll.h:1:2: warning: #warning redirecting incorrect #include <sys/poll.h> to <poll.h> [-Wcpp]
#23 21.04     1 | #warning redirecting incorrect #include <sys/poll.h> to <poll.h>
#23 21.04       |  ^~~~~~~
#23 21.17     CC       lnstat.o
#23 21.23     CC       lnstat_util.o
#23 21.30     LINK     lnstat
#23 21.31 
#23 21.31 netem
#23 21.31 gcc  -I../include -o maketable maketable.c -lm
#23 21.34 gcc  -I../include -o normal normal.c -lm
#23 21.37 gcc  -I../include -o pareto pareto.c -lm
#23 21.39 gcc  -I../include -o paretonormal paretonormal.c -lm
#23 21.42 ./normal > normal.dist
#23 21.43 ./pareto > pareto.dist
#23 21.43 ./paretonormal > paretonormal.dist
#23 21.44 ./maketable experimental.dat > experimental.dist
#23 21.44 
#23 21.44 genl
#23 21.45     CC       genl.o
#23 21.49     CC       ctrl.o
#23 21.56     LINK     genl
#23 21.57 
#23 21.57 man
#23 21.57 make[2]: Nothing to be done for 'all'.
#23 21.57 make[2]: Nothing to be done for 'all'.
#23 21.57 sed \
#23 21.57 	-e "s|@NETNS_ETC_DIR@|/etc/netns|g" \
#23 21.57 	-e "s|@NETNS_RUN_DIR@|/var/run/netns|g" \
#23 21.57 	-e "s|@SYSCONF_ETC_DIR@|/etc/iproute2|g" \
#23 21.57 	-e "s|@SYSCONF_USR_DIR@|/usr/share/iproute2|g" \
#23 21.57 	ip-address.8.in > ip-address.8
#23 21.58 sed \
#23 21.58 	-e "s|@NETNS_ETC_DIR@|/etc/netns|g" \
#23 21.58 	-e "s|@NETNS_RUN_DIR@|/var/run/netns|g" \
#23 21.58 	-e "s|@SYSCONF_ETC_DIR@|/etc/iproute2|g" \
#23 21.58 	-e "s|@SYSCONF_USR_DIR@|/usr/share/iproute2|g" \
#23 21.58 	ip-link.8.in > ip-link.8
#23 21.58 sed \
#23 21.58 	-e "s|@NETNS_ETC_DIR@|/etc/netns|g" \
#23 21.58 	-e "s|@NETNS_RUN_DIR@|/var/run/netns|g" \
#23 21.58 	-e "s|@SYSCONF_ETC_DIR@|/etc/iproute2|g" \
#23 21.58 	-e "s|@SYSCONF_USR_DIR@|/usr/share/iproute2|g" \
#23 21.58 	ip-netns.8.in > ip-netns.8
#23 21.58 sed \
#23 21.58 	-e "s|@NETNS_ETC_DIR@|/etc/netns|g" \
#23 21.58 	-e "s|@NETNS_RUN_DIR@|/var/run/netns|g" \
#23 21.58 	-e "s|@SYSCONF_ETC_DIR@|/etc/iproute2|g" \
#23 21.58 	-e "s|@SYSCONF_USR_DIR@|/usr/share/iproute2|g" \
#23 21.58 	ip-route.8.in > ip-route.8
#23 21.59 
#23 21.59 tipc
#23 21.59     CC       bearer.o
#23 21.78     CC       cmdl.o
#23 21.81     CC       link.o
#23 22.01     CC       media.o
#23 22.06     CC       misc.o
#23 22.11     CC       msg.o
#23 22.14     CC       nametable.o
#23 22.18     CC       node.o
#23 22.27     CC       socket.o
#23 22.30     CC       peer.o
#23 22.35     CC       tipc.o
#23 22.38     LINK     tipc
#23 22.39 
#23 22.39 devlink
#23 22.40     CC       devlink.o
#23 24.17     CC       mnlg.o
#23 24.21     LINK     devlink
#23 24.23 
#23 24.23 rdma
#23 24.23     CC       rdma.o
#23 24.25 rdma.c: In function 'main':
#23 24.25 rdma.c:110:20: warning: implicit declaration of function 'basename'; did you mean 'rename'? [-Wimplicit-function-declaration]
#23 24.25   110 |         filename = basename(argv[0]);
#23 24.25       |                    ^~~~~~~~
#23 24.25       |                    rename
#23 24.25 rdma.c:110:18: warning: assignment to 'char *' from 'int' makes pointer from integer without a cast [-Wint-conversion]
#23 24.25   110 |         filename = basename(argv[0]);
#23 24.25       |                  ^
#23 24.28     CC       utils.o
#23 24.46     CC       dev.o
#23 24.55     CC       link.o
#23 24.62     CC       res.o
#23 24.75     CC       res-pd.o
#23 24.79     CC       res-mr.o
#23 24.84     CC       res-cq.o
#23 24.89     CC       res-cmid.o
#23 24.96     CC       res-qp.o
#23 25.01     CC       sys.o
#23 25.07     CC       stat.o
#23 25.28     CC       stat-mr.o
#23 25.31     CC       res-ctx.o
#23 25.35     CC       res-srq.o
#23 25.42     LINK     rdma
#23 25.43 
#23 25.43 dcb
#23 25.44     CC       dcb.o
#23 25.55     CC       dcb_app.o
#23 25.75     CC       dcb_buffer.o
#23 25.81     CC       dcb_dcbx.o
#23 25.87     CC       dcb_ets.o
#23 25.94     CC       dcb_maxrate.o
#23 25.99     CC       dcb_pfc.o
#23 26.05     CC       dcb_apptrust.o
#23 26.11     CC       dcb_rewr.o
#23 26.18     LINK     dcb
#23 26.20 
#23 26.20 vdpa
#23 26.20     CC       vdpa.o
#23 26.21 In file included from vdpa.c:19:
#23 26.21 ../include/json_print.h:80:30: warning: 'struct timeval' declared inside parameter list will not be visible outside of this definition or declaration
#23 26.21    80 | _PRINT_FUNC(tv, const struct timeval *)
#23 26.21       |                              ^~~~~~~
#23 26.21 ../include/json_print.h:50:37: note: in definition of macro '_PRINT_FUNC'
#23 26.21    50 |                                     type value);                        \
#23 26.21       |                                     ^~~~
#23 26.21 ../include/json_print.h:80:30: warning: 'struct timeval' declared inside parameter list will not be visible outside of this definition or declaration
#23 26.21    80 | _PRINT_FUNC(tv, const struct timeval *)
#23 26.21       |                              ^~~~~~~
#23 26.21 ../include/json_print.h:55:45: note: in definition of macro '_PRINT_FUNC'
#23 26.21    55 |                                             type value)                 \
#23 26.21       |                                             ^~~~
#23 26.21 ../include/json_print.h: In function 'print_tv':
#23 26.21 ../include/json_print.h:58:48: warning: passing argument 5 of 'print_color_tv' from incompatible pointer type [-Wincompatible-pointer-types]
#23 26.21    58 |                                                value);                  \
#23 26.21       |                                                ^~~~~
#23 26.21       |                                                |
#23 26.21       |                                                const struct timeval *
#23 26.21 ../include/json_print.h:80:1: note: in expansion of macro '_PRINT_FUNC'
#23 26.21    80 | _PRINT_FUNC(tv, const struct timeval *)
#23 26.21       | ^~~~~~~~~~~
#23 26.21 ../include/json_print.h:50:42: note: expected 'const struct timeval *' but argument is of type 'const struct timeval *'
#23 26.21    50 |                                     type value);                        \
#23 26.21       |                                          ^
#23 26.21 ../include/json_print.h:80:1: note: in expansion of macro '_PRINT_FUNC'
#23 26.21    80 | _PRINT_FUNC(tv, const struct timeval *)
#23 26.21       | ^~~~~~~~~~~
#23 26.37     LINK     vdpa
#23 DONE 26.4s

#24 [20/23] RUN git clone --no-single-branch --depth=1 https://github.com/linux-netdev/testing.git /nipa-data/kernel
#24 0.337 Cloning into '/nipa-data/kernel'...
#24 17.86 Updating files:  16% (14113/83283)Updating files:  17% (14159/83283)Updating files:  18% (14991/83283)Updating files:  19% (15824/83283)Updating files:  20% (16657/83283)Updating files:  21% (17490/83283)Updating files:  22% (18323/83283)Updating files:  23% (19156/83283)Updating files:  24% (19988/83283)Updating files:  25% (20821/83283)Updating files:  26% (21654/83283)Updating files:  27% (22487/83283)Updating files:  28% (23320/83283)Updating files:  29% (24153/83283)Updating files:  30% (24985/83283)Updating files:  31% (25818/83283)Updating files:  32% (26651/83283)Updating files:  33% (27484/83283)Updating files:  34% (28317/83283)Updating files:  35% (29150/83283)Updating files:  35% (29191/83283)Updating files:  36% (29982/83283)Updating files:  37% (30815/83283)Updating files:  38% (31648/83283)Updating files:  39% (32481/83283)Updating files:  40% (33314/83283)Updating files:  40% (33609/83283)Updating files:  41% (34147/83283)Updating files:  42% (34979/83283)Updating files:  43% (35812/83283)Updating files:  44% (36645/83283)Updating files:  45% (37478/83283)Updating files:  46% (38311/83283)Updating files:  47% (39144/83283)Updating files:  48% (39976/83283)Updating files:  49% (40809/83283)Updating files:  50% (41642/83283)Updating files:  50% (42384/83283)Updating files:  51% (42475/83283)Updating files:  52% (43308/83283)Updating files:  53% (44140/83283)Updating files:  54% (44973/83283)Updating files:  55% (45806/83283)Updating files:  56% (46639/83283)Updating files:  57% (47472/83283)Updating files:  58% (48305/83283)Updating files:  59% (49137/83283)Updating files:  60% (49970/83283)Updating files:  61% (50803/83283)Updating files:  62% (51636/83283)Updating files:  63% (52469/83283)Updating files:  64% (53302/83283)Updating files:  64% (53617/83283)Updating files:  65% (54134/83283)Updating files:  66% (54967/83283)Updating files:  67% (55800/83283)Updating files:  68% (56633/83283)Updating files:  69% (57466/83283)Updating files:  70% (58299/83283)Updating files:  71% (59131/83283)Updating files:  72% (59964/83283)Updating files:  73% (60797/83283)Updating files:  74% (61630/83283)Updating files:  75% (62463/83283)Updating files:  76% (63296/83283)Updating files:  77% (64128/83283)Updating files:  78% (64961/83283)Updating files:  79% (65794/83283)Updating files:  80% (66627/83283)Updating files:  81% (67460/83283)Updating files:  82% (68293/83283)Updating files:  82% (68306/83283)Updating files:  83% (69125/83283)Updating files:  84% (69958/83283)Updating files:  85% (70791/83283)Updating files:  86% (71624/83283)Updating files:  87% (72457/83283)Updating files:  88% (73290/83283)Updating files:  89% (74122/83283)Updating files:  90% (74955/83283)Updating files:  91% (75788/83283)Updating files:  92% (76621/83283)Updating files:  93% (77454/83283)Updating files:  94% (78287/83283)Updating files:  95% (79119/83283)Updating files:  96% (79952/83283)Updating files:  97% (80785/83283)Updating files:  98% (81618/83283)Updating files:  99% (82451/83283)Updating files: 100% (83283/83283)Updating files: 100% (83283/83283), done.
#24 DONE 26.1s

#25 [21/23] RUN git clone --depth=1 -b main https://github.com/p4tc-dev/new-nipa.git nipa
#25 1.020 Cloning into 'nipa'...
#25 DONE 2.0s

#26 [22/23] COPY entrypoint.sh /entrypoint.sh
#26 DONE 0.5s

#27 [23/23] RUN sed -i '/\["-serial", "none"\]/d' /usr/lib/python3.11/site-packages/virtme/commands/run.py
#27 DONE 0.8s

#28 exporting to image
#28 exporting layers
#28 exporting layers 8.1s done
#28 writing image sha256:132328399b4feb184af11675c7ee045e4c4f1deee6f9ed448e06b9727390c60b 0.0s done
#28 naming to docker.io/library/nipa-executor 0.1s done
#28 DONE 8.2s
NIPA version: 1b9c21a (ui: set canvas background color to stand out, 2024-03-28)
INFO: Last run date: 2024-04-09 09:00:07.331680+00:00
Testing  {'branch': 'net-next-2024-04-09--12-00', 'date': '2024-04-09T12:00:17.523135+00:00', 'base': '6220dbad63c1499b8defd7c60bee257fe2fe5ecc', 'url': 'https://github.com/linux-netdev/testing.git net-next-2024-04-09--12-00'}
Updating files:  40% (5837/14495)Updating files:  41% (5943/14495)Updating files:  42% (6088/14495)Updating files:  43% (6233/14495)Updating files:  44% (6378/14495)Updating files:  45% (6523/14495)Updating files:  46% (6668/14495)Updating files:  47% (6813/14495)Updating files:  48% (6958/14495)Updating files:  49% (7103/14495)Updating files:  50% (7248/14495)Updating files:  51% (7393/14495)Updating files:  52% (7538/14495)Updating files:  53% (7683/14495)Updating files:  54% (7828/14495)Updating files:  55% (7973/14495)Updating files:  56% (8118/14495)Updating files:  57% (8263/14495)Updating files:  58% (8408/14495)Updating files:  59% (8553/14495)Updating files:  60% (8697/14495)Updating files:  61% (8842/14495)Updating files:  62% (8987/14495)Updating files:  63% (9132/14495)Updating files:  64% (9277/14495)Updating files:  65% (9422/14495)Updating files:  66% (9567/14495)Updating files:  67% (9712/14495)Updating files:  68% (9857/14495)Updating files:  69% (10002/14495)Updating files:  70% (10147/14495)Updating files:  71% (10292/14495)Updating files:  72% (10437/14495)Updating files:  73% (10582/14495)Updating files:  74% (10727/14495)Updating files:  75% (10872/14495)Updating files:  76% (11017/14495)Updating files:  77% (11162/14495)Updating files:  78% (11307/14495)Updating files:  79% (11452/14495)Updating files:  80% (11596/14495)Updating files:  81% (11741/14495)Updating files:  82% (11886/14495)Updating files:  83% (12031/14495)Updating files:  83% (12041/14495)Updating files:  84% (12176/14495)Updating files:  85% (12321/14495)Updating files:  86% (12466/14495)Updating files:  87% (12611/14495)Updating files:  88% (12756/14495)Updating files:  89% (12901/14495)Updating files:  90% (13046/14495)Updating files:  91% (13191/14495)Updating files:  92% (13336/14495)Updating files:  93% (13481/14495)Updating files:  94% (13626/14495)Updating files:  95% (13771/14495)Updating files:  96% (13916/14495)Updating files:  97% (14061/14495)Updating files:  98% (14206/14495)Updating files:  99% (14351/14495)Updating files: 100% (14495/14495)Updating files: 100% (14495/14495), done.
branch 'net-next-2024-04-09--12-00' set up to track 'origin/net-next-2024-04-09--12-00'.
Switched to a new branch 'net-next-2024-04-09--12-00'
error: No valid patches in input (allow with "--allow-empty")
Checking patch tools/testing/selftests/tc-testing/tdc_config.py...
Applied patch tools/testing/selftests/tc-testing/tdc_config.py cleanly.
Run at 2024-04-09 12:03:26.055350
INFO: building kernel
INFO: starting VM 0
INFO: thr0-0 VM starting: vng -v -r arch/x86/boot/bzImage --user root --rwdir=/nipa-data/kernel/
INFO: thr0-0 expecting prompt: '/nipa-data/kernel# '
INFO: thr0-0 reached initial prompt
INFO: thr-0 testing == tdc.sh
INFO: thr-0 tdc.sh >> retcode: 0 result: pass found {'fail': False, 'skip': False, 'pass': True}
INFO: thr-0 has no more work, exiting
INFO: thr0-0 VM stopped
Done at 2024-04-09 12:06:57.860306
NIPA quitting!
/
~/nipa/tc-executor/tc-executor-storage /
sort: write failed: 'standard output': Broken pipe
sort: write error
