~/nipa/tc-executor/tc-executor-storage /
Switched to branch 'storage'
Your branch is ahead of 'origin/storage' by 667 commits.
  (use "git push" to publish your local commits)
/
~/nipa/tc-executor /
Error response from daemon: No such image: nipa-executor:latest
#0 building with "default" instance using docker driver

#1 [internal] load .dockerignore
#1 transferring context: 2B done
#1 DONE 0.0s

#2 [internal] load build definition from Dockerfile
#2 transferring dockerfile: 2.05kB done
#2 DONE 0.0s

#3 [internal] load metadata for docker.io/library/alpine:edge
#3 DONE 0.0s

#4 [ 1/22] FROM docker.io/library/alpine:edge
#4 CACHED

#5 [internal] load build context
#5 transferring context: 3.02kB done
#5 DONE 0.0s

#6 [ 2/22] RUN echo false > debug-mode
#6 DONE 0.7s

#7 [ 3/22] RUN addgroup -g 1001 hostuser
#7 DONE 0.5s

#8 [ 4/22] RUN adduser -u 1001 -G hostuser -H -D -s /bin/ash hostuser
#8 DONE 0.4s

#9 [ 5/22] RUN echo '@testing http://dl-cdn.alpinelinux.org/alpine/edge/testing' >> /etc/apk/repositories
#9 DONE 0.4s

#10 [ 6/22] RUN echo '@community http://dl-cdn.alpinelinux.org/alpine/edge/community' >> /etc/apk/repositories
#10 DONE 0.4s

#11 [ 7/22] RUN apk update && apk add --no-cache    virtme-ng@testing    git    py3-requests    py3-psutil    py3-setuptools    py3-pyroute2    py3-argcomplete    qemu-system-x86_64@community    scapy@community    make    gcc    musl-dev    flex    bison    linux-headers    elfutils-dev    util-linux    coreutils    diffutils    findutils    file    bash    kmod    perl    iptables-dev    libcap-dev    libmnl-dev    iproute2     jq    libbpf-dev    rsync    openssl-dev
#11 0.410 fetch https://dl-cdn.alpinelinux.org/alpine/edge/main/x86_64/APKINDEX.tar.gz
#11 0.649 fetch https://dl-cdn.alpinelinux.org/alpine/edge/community/x86_64/APKINDEX.tar.gz
#11 0.866 fetch http://dl-cdn.alpinelinux.org/alpine/edge/testing/x86_64/APKINDEX.tar.gz
#11 1.076 fetch http://dl-cdn.alpinelinux.org/alpine/edge/community/x86_64/APKINDEX.tar.gz
#11 1.331 v20240329-3767-g8ec4568ae5d [https://dl-cdn.alpinelinux.org/alpine/edge/main]
#11 1.331 v20240329-3767-g8ec4568ae5d [https://dl-cdn.alpinelinux.org/alpine/edge/community]
#11 1.331 v20240329-3761-g37822eccff7 [http://dl-cdn.alpinelinux.org/alpine/edge/testing]
#11 1.331 v20240329-3767-g8ec4568ae5d [http://dl-cdn.alpinelinux.org/alpine/edge/community]
#11 1.331 OK: 31339 distinct packages available
#11 1.393 fetch https://dl-cdn.alpinelinux.org/alpine/edge/main/x86_64/APKINDEX.tar.gz
#11 1.492 fetch https://dl-cdn.alpinelinux.org/alpine/edge/community/x86_64/APKINDEX.tar.gz
#11 1.588 fetch http://dl-cdn.alpinelinux.org/alpine/edge/testing/x86_64/APKINDEX.tar.gz
#11 1.682 fetch http://dl-cdn.alpinelinux.org/alpine/edge/community/x86_64/APKINDEX.tar.gz
#11 1.902 (1/176) Upgrading musl (1.2.4_git20230717-r5 -> 1.2.5-r0)
#11 1.919 (2/176) Upgrading libcrypto3 (3.1.4-r2 -> 3.3.0-r1)
#11 1.952 (3/176) Upgrading libssl3 (3.1.4-r2 -> 3.3.0-r1)
#11 1.969 (4/176) Upgrading zlib (1.3-r2 -> 1.3.1-r1)
#11 1.982 (5/176) Installing ncurses-terminfo-base (6.4_p20240420-r0)
#11 1.996 (6/176) Installing libncursesw (6.4_p20240420-r0)
#11 2.013 (7/176) Installing readline (8.2.10-r0)
#11 2.028 (8/176) Installing bash (5.2.26-r0)
#11 2.049 Executing bash-5.2.26-r0.post-install
#11 2.053 (9/176) Installing m4 (1.4.19-r3)
#11 2.067 (10/176) Installing bison (3.8.2-r1)
#11 2.089 (11/176) Installing coreutils-env (9.5-r1)
#11 2.101 (12/176) Installing coreutils-fmt (9.5-r1)
#11 2.114 (13/176) Installing coreutils-sha512sum (9.5-r1)
#11 2.126 (14/176) Installing libacl (2.3.2-r0)
#11 2.139 (15/176) Installing libattr (2.5.2-r0)
#11 2.151 (16/176) Installing skalibs (2.14.1.1-r0)
#11 2.165 (17/176) Installing utmps-libs (0.1.2.2-r1)
#11 2.177 (18/176) Installing coreutils (9.5-r1)
#11 2.201 (19/176) Installing diffutils (3.10-r0)
#11 2.217 (20/176) Installing zstd-libs (1.5.6-r0)
#11 2.234 (21/176) Installing libelf (0.191-r0)
#11 2.247 (22/176) Installing libbz2 (1.0.8-r6)
#11 2.260 (23/176) Installing musl-fts (1.2.7-r6)
#11 2.273 (24/176) Installing xz-libs (5.6.1-r3)
#11 2.290 (25/176) Installing libdw (0.191-r0)
#11 2.307 (26/176) Installing libasm (0.191-r0)
#11 2.320 (27/176) Installing xz (5.6.1-r3)
#11 2.334 (28/176) Installing pkgconf (2.2.0-r0)
#11 2.347 (29/176) Installing xz-dev (5.6.1-r3)
#11 2.361 (30/176) Installing libgcc (13.2.1_git20240309-r0)
#11 2.374 (31/176) Installing libstdc++ (13.2.1_git20240309-r0)
#11 2.413 (32/176) Installing zstd (1.5.6-r0)
#11 2.428 (33/176) Installing zstd-dev (1.5.6-r0)
#11 2.443 (34/176) Installing zlib-dev (1.3.1-r1)
#11 2.456 (35/176) Installing elfutils-dev (0.191-r0)
#11 2.478 (36/176) Installing libmagic (5.45-r1)
#11 2.506 (37/176) Installing file (5.45-r1)
#11 2.520 (38/176) Installing findutils (4.9.0-r5)
#11 2.536 (39/176) Installing flex (2.6.4-r6)
#11 2.550 (40/176) Installing jansson (2.14-r4)
#11 2.563 (41/176) Installing binutils (2.42-r0)
#11 2.616 (42/176) Installing libgomp (13.2.1_git20240309-r0)
#11 2.630 (43/176) Installing libatomic (13.2.1_git20240309-r0)
#11 2.642 (44/176) Installing gmp (6.3.0-r0)
#11 2.657 (45/176) Installing isl26 (0.26-r1)
#11 2.685 (46/176) Installing mpfr4 (4.2.1-r0)
#11 2.702 (47/176) Installing mpc1 (1.3.1-r1)
#11 2.715 (48/176) Installing gcc (13.2.1_git20240309-r0)
#11 3.183 (49/176) Installing ca-certificates (20240226-r0)
#11 3.209 (50/176) Installing brotli-libs (1.1.0-r2)
#11 3.227 (51/176) Installing c-ares (1.28.1-r0)
#11 3.241 (52/176) Installing libunistring (1.2-r0)
#11 3.261 (53/176) Installing libidn2 (2.3.7-r0)
#11 3.275 (54/176) Installing nghttp2-libs (1.61.0-r0)
#11 3.289 (55/176) Installing libpsl (0.21.5-r1)
#11 3.304 (56/176) Installing libcurl (8.7.1-r0)
#11 3.320 (57/176) Installing libexpat (2.6.2-r0)
#11 3.333 (58/176) Installing pcre2 (10.43-r0)
#11 3.350 (59/176) Installing git (2.45.0-r0)
#11 3.405 (60/176) Installing git-init-template (2.45.0-r0)
#11 3.418 (61/176) Installing libcap2 (2.69-r1)
#11 3.433 (62/176) Installing libmnl (1.0.5-r2)
#11 3.445 (63/176) Installing iproute2-minimal (6.8.0-r0)
#11 3.463 (64/176) Installing libxtables (1.8.10-r3)
#11 3.476 (65/176) Installing iproute2-tc (6.8.0-r0)
#11 3.492 (66/176) Installing iproute2-ss (6.8.0-r0)
#11 3.505 (67/176) Installing iproute2 (6.8.0-r0)
#11 3.521 Executing iproute2-6.8.0-r0.post-install
#11 3.524 (68/176) Installing linux-headers (6.6-r0)
#11 3.604 (69/176) Installing libip4tc (1.8.10-r3)
#11 3.616 (70/176) Installing libip6tc (1.8.10-r3)
#11 3.628 (71/176) Installing libipq (1.8.10-r3)
#11 3.640 (72/176) Installing iptables-dev (1.8.10-r3)
#11 3.655 (73/176) Installing oniguruma (6.9.9-r0)
#11 3.670 (74/176) Installing jq (1.7.1-r0)
#11 3.687 (75/176) Installing kmod (32-r0)
#11 3.701 (76/176) Installing libbpf (1.4.2-r0)
#11 3.715 (77/176) Installing libbpf-dev (1.4.2-r0)
#11 3.734 (78/176) Installing libcap-dev (2.69-r1)
#11 3.747 (79/176) Installing libmnl-dev (1.0.5-r2)
#11 3.759 (80/176) Installing make (4.4.1-r2)
#11 3.774 (81/176) Installing musl-dev (1.2.5-r0)
#11 3.826 (82/176) Installing openssl-dev (3.3.0-r1)
#11 3.853 (83/176) Installing perl (5.38.2-r0)
#11 4.035 (84/176) Installing perl-error (0.17029-r2)
#11 4.047 (85/176) Installing perl-git (2.45.0-r0)
#11 4.061 (86/176) Installing git-perl (2.45.0-r0)
#11 4.073 (87/176) Installing libffi (3.4.6-r0)
#11 4.085 (88/176) Installing gdbm (1.23-r1)
#11 4.098 (89/176) Installing mpdecimal (4.0.0-r0)
#11 4.112 (90/176) Installing libpanelw (6.4_p20240420-r0)
#11 4.124 (91/176) Installing sqlite-libs (3.45.3-r0)
#11 4.146 (92/176) Installing python3 (3.12.3-r1)
#11 4.285 (93/176) Installing python3-pycache-pyc0 (3.12.3-r1)
#11 4.378 (94/176) Installing pyc (3.12.3-r1)
#11 4.390 (95/176) Installing py3-argcomplete-pyc (3.3.0-r0)
#11 4.404 (96/176) Installing python3-pyc (3.12.3-r1)
#11 4.415 (97/176) Installing py3-argcomplete (3.3.0-r0)
#11 4.429 (98/176) Installing py3-psutil (5.9.8-r1)
#11 4.445 (99/176) Installing py3-psutil-pyc (5.9.8-r1)
#11 4.462 (100/176) Installing py3-pyroute2 (0.7.12-r1)
#11 4.493 (101/176) Installing py3-pyroute2-pyc (0.7.12-r1)
#11 4.527 (102/176) Installing py3-certifi (2024.2.2-r1)
#11 4.539 (103/176) Installing py3-certifi-pyc (2024.2.2-r1)
#11 4.551 (104/176) Installing py3-charset-normalizer (3.3.2-r1)
#11 4.566 (105/176) Installing py3-charset-normalizer-pyc (3.3.2-r1)
#11 4.582 (106/176) Installing py3-idna (3.7-r0)
#11 4.597 (107/176) Installing py3-idna-pyc (3.7-r0)
#11 4.611 (108/176) Installing py3-urllib3 (1.26.18-r1)
#11 4.628 (109/176) Installing py3-urllib3-pyc (1.26.18-r1)
#11 4.645 (110/176) Installing py3-requests (2.31.0-r2)
#11 4.659 (111/176) Installing py3-requests-pyc (2.31.0-r2)
#11 4.673 (112/176) Installing py3-parsing (3.1.2-r1)
#11 4.690 (113/176) Installing py3-parsing-pyc (3.1.2-r1)
#11 4.709 (114/176) Installing py3-packaging (24.0-r1)
#11 4.723 (115/176) Installing py3-packaging-pyc (24.0-r1)
#11 4.737 (116/176) Installing py3-setuptools (69.5.1-r0)
#11 4.776 (117/176) Installing py3-setuptools-pyc (69.5.1-r0)
#11 4.833 (118/176) Installing libcap-ng (0.8.5-r0)
#11 4.846 (119/176) Installing libintl (0.22.5-r0)
#11 4.859 (120/176) Installing libeconf (0.6.3-r0)
#11 4.872 (121/176) Installing libblkid (2.40.1-r0)
#11 4.890 (122/176) Installing libmount (2.40.1-r0)
#11 4.904 (123/176) Installing glib (2.80.1-r0)
#11 5.236 (124/176) Installing numactl (2.0.18-r0)
#11 5.249 (125/176) Installing qemu (9.0.0-r0)
#11 5.266 Executing qemu-9.0.0-r0.pre-install
#11 5.344 Executing qemu-9.0.0-r0.post-install
#11 5.346 *
#11 5.346 * If you want to run VM as unprivileged user and let Qemu create tunX devices,
#11 5.346 * then you must add that user to the group "qemu".
#11 5.346 * If you use KVM for hardware-assisted virtualization, then you may also need
#11 5.346 * to add that user to the group "kvm".
#11 5.346 *
#11 5.347 (126/176) Installing qemu-bridge-helper (9.0.0-r0)
#11 5.364 (127/176) Installing libaio (0.3.113-r2)
#11 5.375 (128/176) Installing capstone (5.0.1-r4)
#11 5.404 (129/176) Installing nettle (3.9.1-r0)
#11 5.421 (130/176) Installing libtasn1 (4.19.0-r2)
#11 5.434 (131/176) Installing p11-kit (0.25.3-r0)
#11 5.453 (132/176) Installing gnutls (3.8.3-r0)
#11 5.476 (133/176) Installing libjpeg-turbo (3.0.3-r0)
#11 5.492 (134/176) Installing lzo (2.10-r5)
#11 5.505 (135/176) Installing pixman (0.43.2-r0)
#11 5.521 (136/176) Installing libpng (1.6.43-r0)
#11 5.535 (137/176) Installing libsasl (2.1.28-r6)
#11 5.550 (138/176) Installing libseccomp (2.5.5-r1)
#11 5.564 (139/176) Installing libslirp (4.7.0-r0)
#11 5.578 (140/176) Installing snappy (1.1.10-r2)
#11 5.592 (141/176) Installing liburing (2.6-r0)
#11 5.604 (142/176) Installing vde2-libs (2.3.3-r3)
#11 5.617 (143/176) Installing qemu-system-x86_64 (9.0.0-r0)
#11 5.720 (144/176) Installing lz4-libs (1.9.4-r5)
#11 5.733 (145/176) Installing popt (1.19-r3)
#11 5.746 (146/176) Installing libxxhash (0.8.2-r2)
#11 5.759 (147/176) Installing rsync (3.3.0-r0)
#11 5.774 (148/176) Installing scapy (2.5.0-r3)
#11 5.826 Executing scapy-2.5.0-r3.post-install
#11 5.827 *
#11 5.827 * Certain optional features of scapy also depend on the following packages:
#11 5.827 *     py3-matplotlib graphviz imagemagick py3-cryptography sox
#11 5.827 * And the following unpackaged dependencies:
#11 5.827 *     pyxi vpython-jupyter nmap<v4.23
#11 5.827 * More information can be found at https://scapy.readthedocs.io/en/latest/installation.html#optional-dependencies
#11 5.827 *
#11 5.828 (149/176) Installing scapy-pyc (2.5.0-r3)
#11 5.888 (150/176) Installing util-linux (2.40.1-r0)
#11 5.899 (151/176) Installing setarch (2.40.1-r0)
#11 5.911 (152/176) Installing libuuid (2.40.1-r0)
#11 5.924 (153/176) Installing libfdisk (2.40.1-r0)
#11 5.938 (154/176) Installing libsmartcols (2.40.1-r0)
#11 5.954 (155/176) Installing util-linux-misc (2.40.1-r0)
#11 5.982 (156/176) Installing linux-pam (1.6.0-r0)
#11 6.002 (157/176) Installing runuser (2.40.1-r0)
#11 6.014 (158/176) Installing mount (2.40.1-r0)
#11 6.026 (159/176) Installing losetup (2.40.1-r0)
#11 6.038 (160/176) Installing hexdump (2.40.1-r0)
#11 6.050 (161/176) Installing uuidgen (2.40.1-r0)
#11 6.062 (162/176) Installing blkid (2.40.1-r0)
#11 6.076 (163/176) Installing sfdisk (2.40.1-r0)
#11 6.089 (164/176) Installing mcookie (2.40.1-r0)
#11 6.101 (165/176) Installing agetty (2.40.1-r0)
#11 6.113 (166/176) Installing wipefs (2.40.1-r0)
#11 6.125 (167/176) Installing cfdisk (2.40.1-r0)
#11 6.138 (168/176) Installing umount (2.40.1-r0)
#11 6.150 (169/176) Installing flock (2.40.1-r0)
#11 6.162 (170/176) Installing lsblk (2.40.1-r0)
#11 6.175 (171/176) Installing setpriv (2.40.1-r0)
#11 6.187 (172/176) Installing logger (2.40.1-r0)
#11 6.199 (173/176) Installing partx (2.40.1-r0)
#11 6.213 (174/176) Installing fstrim (2.40.1-r0)
#11 6.225 (175/176) Installing findmnt (2.40.1-r0)
#11 6.236 (176/176) Installing virtme-ng@testing (1.24-r0)
#11 6.291 Executing busybox-1.36.1-r17.trigger
#11 6.294 Executing ca-certificates-20240226-r0.trigger
#11 6.316 Executing glib-2.80.1-r0.trigger
#11 6.322 OK: 384 MiB in 187 packages
#11 DONE 6.7s

#12 [ 8/22] RUN mkdir -p /tmp/kernel-patches &&     mkdir -p /tmp/iproute2-patches
#12 DONE 0.4s

#13 [ 9/22] COPY tdc.config /tmp
#13 DONE 0.1s

#14 [10/22] COPY tdc-debug.config /tmp
#14 DONE 0.0s

#15 [11/22] COPY kernel-patches /tmp/kernel-patches/
#15 DONE 0.0s

#16 [12/22] COPY iproute2-patches /tmp/iproute2-patches/
#16 DONE 0.0s

#17 [13/22] COPY configs /tmp/configs/
#17 DONE 0.0s

#18 [14/22] RUN git config --global user.email foo@bar.com
#18 DONE 0.3s

#19 [15/22] RUN git config --global user.name foo@bar.com
#19 DONE 0.4s

#20 [16/22] RUN git clone https://git.kernel.org/pub/scm/network/iproute2/iproute2-next.git /nipa-data/iproute2
#20 0.423 Cloning into '/nipa-data/iproute2'...
#20 DONE 1.9s

#21 [17/22] RUN cd /nipa-data/iproute2 && 	git remote add stable https://git.kernel.org/pub/scm/network/iproute2/iproute2.git && 	git fetch --all && 	git merge stable/main
#21 0.409 Fetching origin
#21 0.687 Fetching stable
#21 1.136 From https://git.kernel.org/pub/scm/network/iproute2/iproute2
#21 1.136  * [new branch]        codeql         -> stable/codeql
#21 1.136  * [new branch]        iproute2-4.1.x -> stable/iproute2-4.1.x
#21 1.136  * [new branch]        main           -> stable/main
#21 1.168 Merge made by the 'ort' strategy.
#21 1.185  include/uapi/linux/xfrm.h |  2 +-
#21 1.185  ip/iproute.c              |  6 ++++--
#21 1.185  man/man8/ip-route.8.in    | 16 ++++++++++++----
#21 1.185  man/man8/tc-mirred.8      |  2 +-
#21 1.185  4 files changed, 18 insertions(+), 8 deletions(-)
#21 DONE 1.2s

#22 [18/22] RUN if [ "$(find /tmp/iproute2-patches/ -name *.patch)" ]; then  	cd /nipa-data/iproute2; 	git apply /tmp/iproute2-patches/*.patch;     fi
#22 DONE 0.4s

#23 [19/22] RUN cd /nipa-data/iproute2/ &&     ./configure &&     make
#23 0.451 TC schedulers
#23 0.452  IPT	using xtables
#23 0.480  IPSET  yes
#23 0.502 
#23 0.503 lib directory: /usr/lib
#23 0.503 libc has setns: yes
#23 0.523 libc has name_to_handle_at: yes
#23 0.545 SELinux support: no
#23 0.546 libtirpc support: no
#23 0.547 libbpf support: yes
#23 0.617 	libbpf version 1.4.2
#23 0.617 ELF support: yes
#23 0.619 libmnl support: yes
#23 0.620 Berkeley DB: no
#23 0.630 need for strlcpy: no
#23 0.650 libcap support: yes
#23 0.652 color output: never
#23 0.654 
#23 0.654 lib
#23 0.656     CC       libgenl.o
#23 0.668 In file included from ../include/libgenl.h:5,
#23 0.668                  from libgenl.c:12:
#23 0.668 ../include/libnetlink.h: In function 'rta_getattr_be64':
#23 0.668 ../include/libnetlink.h:280:16: warning: implicit declaration of function 'htobe64' [-Wimplicit-function-declaration]
#23 0.668   280 |         return htobe64(rta_getattr_u64(rta));
#23 0.668       |                ^~~~~~~
#23 0.697     CC       libnetlink.o
#23 1.008     CC       mnl_utils.o
#23 1.025 In file included from mnl_utils.c:12:
#23 1.025 ../include/libnetlink.h: In function 'rta_getattr_be64':
#23 1.025 ../include/libnetlink.h:280:16: warning: implicit declaration of function 'htobe64' [-Wimplicit-function-declaration]
#23 1.025   280 |         return htobe64(rta_getattr_u64(rta));
#23 1.025       |                ^~~~~~~
#23 1.098     AR       libnetlink.a
#23 1.101     CC       utils.o
#23 1.482     CC       utils_math.o
#23 1.523     CC       rt_names.o
#23 1.685     CC       ll_map.o
#23 1.698 In file included from ll_map.c:17:
#23 1.698 ../include/libnetlink.h: In function 'rta_getattr_be64':
#23 1.698 ../include/libnetlink.h:280:16: warning: implicit declaration of function 'htobe64' [-Wimplicit-function-declaration]
#23 1.698   280 |         return htobe64(rta_getattr_u64(rta));
#23 1.698       |                ^~~~~~~
#23 1.776     CC       ll_types.o
#23 1.788 In file included from ll_types.c:20:
#23 1.788 ../include/uapi/linux/sockios.h:42: warning: "SIOCGSTAMP" redefined
#23 1.788    42 | #define SIOCGSTAMP      SIOCGSTAMP_OLD
#23 1.788       | 
#23 1.788 In file included from /usr/include/sys/ioctl.h:10,
#23 1.788                  from ll_types.c:12:
#23 1.788 /usr/include/bits/ioctl.h:111: note: this is the location of the previous definition
#23 1.788   111 | #define SIOCGSTAMP      0x8906
#23 1.788       | 
#23 1.788 ../include/uapi/linux/sockios.h:43: warning: "SIOCGSTAMPNS" redefined
#23 1.788    43 | #define SIOCGSTAMPNS    SIOCGSTAMPNS_OLD
#23 1.788       | 
#23 1.788 /usr/include/bits/ioctl.h:112: note: this is the location of the previous definition
#23 1.788   112 | #define SIOCGSTAMPNS    0x8907
#23 1.788       | 
#23 1.803     CC       ll_proto.o
#23 1.817 In file included from ll_proto.c:21:
#23 1.817 ../include/uapi/linux/sockios.h:42: warning: "SIOCGSTAMP" redefined
#23 1.817    42 | #define SIOCGSTAMP      SIOCGSTAMP_OLD
#23 1.817       | 
#23 1.817 In file included from /usr/include/sys/ioctl.h:10,
#23 1.817                  from ll_proto.c:13:
#23 1.817 /usr/include/bits/ioctl.h:111: note: this is the location of the previous definition
#23 1.817   111 | #define SIOCGSTAMP      0x8906
#23 1.817       | 
#23 1.817 ../include/uapi/linux/sockios.h:43: warning: "SIOCGSTAMPNS" redefined
#23 1.817    43 | #define SIOCGSTAMPNS    SIOCGSTAMPNS_OLD
#23 1.817       | 
#23 1.817 /usr/include/bits/ioctl.h:112: note: this is the location of the previous definition
#23 1.817   112 | #define SIOCGSTAMPNS    0x8907
#23 1.817       | 
#23 1.830     CC       ll_addr.o
#23 1.842 In file included from ll_addr.c:20:
#23 1.842 ../include/uapi/linux/sockios.h:42: warning: "SIOCGSTAMP" redefined
#23 1.842    42 | #define SIOCGSTAMP      SIOCGSTAMP_OLD
#23 1.842       | 
#23 1.842 In file included from /usr/include/sys/ioctl.h:10,
#23 1.842                  from ll_addr.c:12:
#23 1.842 /usr/include/bits/ioctl.h:111: note: this is the location of the previous definition
#23 1.842   111 | #define SIOCGSTAMP      0x8906
#23 1.842       | 
#23 1.842 ../include/uapi/linux/sockios.h:43: warning: "SIOCGSTAMPNS" redefined
#23 1.842    43 | #define SIOCGSTAMPNS    SIOCGSTAMPNS_OLD
#23 1.842       | 
#23 1.842 /usr/include/bits/ioctl.h:112: note: this is the location of the previous definition
#23 1.842   112 | #define SIOCGSTAMPNS    0x8907
#23 1.842       | 
#23 1.868     CC       inet_proto.o
#23 1.898     CC       namespace.o
#23 1.960     CC       json_writer.o
#23 2.043     CC       json_print.o
#23 2.158     CC       json_print_math.o
#23 2.188     CC       names.o
#23 2.241     CC       color.o
#23 2.280     CC       bpf_legacy.o
#23 2.620     CC       bpf_glue.o
#23 2.656     CC       exec.o
#23 2.686     CC       fs.o
#23 2.748     CC       cg_map.o
#23 2.783     CC       ppp_proto.o
#23 2.806     CC       bpf_libbpf.o
#23 2.877     CC       selinux.o
#23 2.898     CC       ax25_ntop.o
#23 2.926     CC       rose_ntop.o
#23 2.939 In file included from rose_ntop.c:16:
#23 2.939 ../include/uapi/linux/sockios.h:42: warning: "SIOCGSTAMP" redefined
#23 2.939    42 | #define SIOCGSTAMP      SIOCGSTAMP_OLD
#23 2.939       | 
#23 2.939 In file included from /usr/include/sys/ioctl.h:10,
#23 2.939                  from rose_ntop.c:7:
#23 2.939 /usr/include/bits/ioctl.h:111: note: this is the location of the previous definition
#23 2.939   111 | #define SIOCGSTAMP      0x8906
#23 2.939       | 
#23 2.939 ../include/uapi/linux/sockios.h:43: warning: "SIOCGSTAMPNS" redefined
#23 2.939    43 | #define SIOCGSTAMPNS    SIOCGSTAMPNS_OLD
#23 2.939       | 
#23 2.939 /usr/include/bits/ioctl.h:112: note: this is the location of the previous definition
#23 2.939   112 | #define SIOCGSTAMPNS    0x8907
#23 2.939       | 
#23 2.955     CC       mpls_ntop.o
#23 2.983     CC       mpls_pton.o
#23 3.010     CC       netrom_ntop.o
#23 3.033     AR       libutil.a
#23 3.037 
#23 3.037 ip
#23 3.039     CC       ip.o
#23 3.111     CC       ipaddress.o
#23 3.124 In file included from ipaddress.c:26:
#23 3.124 ../include/uapi/linux/sockios.h:42: warning: "SIOCGSTAMP" redefined
#23 3.124    42 | #define SIOCGSTAMP      SIOCGSTAMP_OLD
#23 3.124       | 
#23 3.124 In file included from /usr/include/sys/ioctl.h:10,
#23 3.124                  from ipaddress.c:14:
#23 3.124 /usr/include/bits/ioctl.h:111: note: this is the location of the previous definition
#23 3.124   111 | #define SIOCGSTAMP      0x8906
#23 3.124       | 
#23 3.124 ../include/uapi/linux/sockios.h:43: warning: "SIOCGSTAMPNS" redefined
#23 3.124    43 | #define SIOCGSTAMPNS    SIOCGSTAMPNS_OLD
#23 3.124       | 
#23 3.124 /usr/include/bits/ioctl.h:112: note: this is the location of the previous definition
#23 3.124   112 | #define SIOCGSTAMPNS    0x8907
#23 3.124       | 
#23 3.541     CC       ipaddrlabel.o
#23 3.609     CC       iproute.o
#23 4.126     CC       iprule.o
#23 4.309     CC       ipnetns.o
#23 4.500     CC       rtm_map.o
#23 4.535     CC       iptunnel.o
#23 4.547 In file included from ../include/uapi/linux/if_tunnel.h:6,
#23 4.547                  from iptunnel.c:19:
#23 4.547 ../include/uapi/linux/if.h:134: warning: "IFF_VOLATILE" redefined
#23 4.547   134 | #define IFF_VOLATILE    (IFF_LOOPBACK|IFF_POINTOPOINT|IFF_BROADCAST|IFF_ECHO|\
#23 4.547       | 
#23 4.547 In file included from iptunnel.c:16:
#23 4.547 /usr/include/net/if.h:48: note: this is the location of the previous definition
#23 4.547    48 | #define IFF_VOLATILE (IFF_LOOPBACK|IFF_POINTOPOINT|IFF_BROADCAST| \
#23 4.547       | 
#23 4.674     CC       ip6tunnel.o
#23 4.783     CC       tunnel.o
#23 4.870     CC       ipneigh.o
#23 5.023     CC       ipntable.o
#23 5.121     CC       iplink.o
#23 5.408     CC       ipmaddr.o
#23 5.421 In file included from ipmaddr.c:21:
#23 5.421 ../include/uapi/linux/sockios.h:42: warning: "SIOCGSTAMP" redefined
#23 5.421    42 | #define SIOCGSTAMP      SIOCGSTAMP_OLD
#23 5.421       | 
#23 5.421 In file included from /usr/include/sys/ioctl.h:10,
#23 5.421                  from ipmaddr.c:12:
#23 5.421 /usr/include/bits/ioctl.h:111: note: this is the location of the previous definition
#23 5.421   111 | #define SIOCGSTAMP      0x8906
#23 5.421       | 
#23 5.421 ../include/uapi/linux/sockios.h:43: warning: "SIOCGSTAMPNS" redefined
#23 5.421    43 | #define SIOCGSTAMPNS    SIOCGSTAMPNS_OLD
#23 5.421       | 
#23 5.421 /usr/include/bits/ioctl.h:112: note: this is the location of the previous definition
#23 5.421   112 | #define SIOCGSTAMPNS    0x8907
#23 5.421       | 
#23 5.496     CC       ipmonitor.o
#23 5.568     CC       ipmroute.o
#23 5.581 In file included from ipmroute.c:22:
#23 5.581 ../include/uapi/linux/sockios.h:42: warning: "SIOCGSTAMP" redefined
#23 5.581    42 | #define SIOCGSTAMP      SIOCGSTAMP_OLD
#23 5.581       | 
#23 5.581 In file included from /usr/include/sys/ioctl.h:10,
#23 5.581                  from ipmroute.c:13:
#23 5.581 /usr/include/bits/ioctl.h:111: note: this is the location of the previous definition
#23 5.581   111 | #define SIOCGSTAMP      0x8906
#23 5.581       | 
#23 5.581 ../include/uapi/linux/sockios.h:43: warning: "SIOCGSTAMPNS" redefined
#23 5.581    43 | #define SIOCGSTAMPNS    SIOCGSTAMPNS_OLD
#23 5.581       | 
#23 5.581 /usr/include/bits/ioctl.h:112: note: this is the location of the previous definition
#23 5.581   112 | #define SIOCGSTAMPNS    0x8907
#23 5.581       | 
#23 5.641     CC       ipprefix.o
#23 5.670     CC       iptuntap.o
#23 5.770     CC       iptoken.o
#23 5.826     CC       ipxfrm.o
#23 6.124     CC       xfrm_state.o
#23 6.400     CC       xfrm_policy.o
#23 6.649     CC       xfrm_monitor.o
#23 6.728     CC       iplink_dummy.o
#23 6.752     CC       iplink_ifb.o
#23 6.773     CC       iplink_nlmon.o
#23 6.795     CC       iplink_team.o
#23 6.819     CC       iplink_vcan.o
#23 6.841     CC       iplink_vxcan.o
#23 6.868     CC       iplink_vlan.o
#23 6.939     CC       link_veth.o
#23 6.967     CC       link_gre.o
#23 6.977 In file included from ../include/uapi/linux/if_tunnel.h:6,
#23 6.977                  from link_gre.c:15:
#23 6.977 ../include/uapi/linux/if.h:134: warning: "IFF_VOLATILE" redefined
#23 6.977   134 | #define IFF_VOLATILE    (IFF_LOOPBACK|IFF_POINTOPOINT|IFF_BROADCAST|IFF_ECHO|\
#23 6.977       | 
#23 6.977 In file included from link_gre.c:9:
#23 6.977 /usr/include/net/if.h:48: note: this is the location of the previous definition
#23 6.977    48 | #define IFF_VOLATILE (IFF_LOOPBACK|IFF_POINTOPOINT|IFF_BROADCAST| \
#23 6.977       | 
#23 7.094     CC       iplink_can.o
#23 7.258     CC       iplink_xdp.o
#23 7.324     CC       iplink_macvlan.o
#23 7.407     CC       ipl2tp.o
#23 7.588     CC       link_vti.o
#23 7.599 In file included from ../include/uapi/linux/if_tunnel.h:6,
#23 7.599                  from link_vti.c:16:
#23 7.599 ../include/uapi/linux/if.h:134: warning: "IFF_VOLATILE" redefined
#23 7.599   134 | #define IFF_VOLATILE    (IFF_LOOPBACK|IFF_POINTOPOINT|IFF_BROADCAST|IFF_ECHO|\
#23 7.599       | 
#23 7.599 In file included from link_vti.c:10:
#23 7.599 /usr/include/net/if.h:48: note: this is the location of the previous definition
#23 7.599    48 | #define IFF_VOLATILE (IFF_LOOPBACK|IFF_POINTOPOINT|IFF_BROADCAST| \
#23 7.599       | 
#23 7.648     CC       link_vti6.o
#23 7.659 In file included from ../include/uapi/linux/if_tunnel.h:6,
#23 7.659                  from link_vti6.c:17:
#23 7.659 ../include/uapi/linux/if.h:134: warning: "IFF_VOLATILE" redefined
#23 7.659   134 | #define IFF_VOLATILE    (IFF_LOOPBACK|IFF_POINTOPOINT|IFF_BROADCAST|IFF_ECHO|\
#23 7.659       | 
#23 7.659 In file included from link_vti6.c:11:
#23 7.659 /usr/include/net/if.h:48: note: this is the location of the previous definition
#23 7.659    48 | #define IFF_VOLATILE (IFF_LOOPBACK|IFF_POINTOPOINT|IFF_BROADCAST| \
#23 7.659       | 
#23 7.709     CC       link_xfrm.o
#23 7.746     CC       iplink_vxlan.o
#23 7.894     CC       tcp_metrics.o
#23 8.007     CC       iplink_ipoib.o
#23 8.049     CC       ipnetconf.o
#23 8.117     CC       link_ip6tnl.o
#23 8.128 In file included from ../include/uapi/linux/if_tunnel.h:6,
#23 8.128                  from link_ip6tnl.c:15:
#23 8.128 ../include/uapi/linux/if.h:134: warning: "IFF_VOLATILE" redefined
#23 8.128   134 | #define IFF_VOLATILE    (IFF_LOOPBACK|IFF_POINTOPOINT|IFF_BROADCAST|IFF_ECHO|\
#23 8.128       | 
#23 8.128 In file included from link_ip6tnl.c:9:
#23 8.128 /usr/include/net/if.h:48: note: this is the location of the previous definition
#23 8.128    48 | #define IFF_VOLATILE (IFF_LOOPBACK|IFF_POINTOPOINT|IFF_BROADCAST| \
#23 8.128       | 
#23 8.218     CC       link_iptnl.o
#23 8.229 In file included from ../include/uapi/linux/if_tunnel.h:6,
#23 8.229                  from link_iptnl.c:16:
#23 8.229 ../include/uapi/linux/if.h:134: warning: "IFF_VOLATILE" redefined
#23 8.229   134 | #define IFF_VOLATILE    (IFF_LOOPBACK|IFF_POINTOPOINT|IFF_BROADCAST|IFF_ECHO|\
#23 8.229       | 
#23 8.229 In file included from link_iptnl.c:9:
#23 8.229 /usr/include/net/if.h:48: note: this is the location of the previous definition
#23 8.229    48 | #define IFF_VOLATILE (IFF_LOOPBACK|IFF_POINTOPOINT|IFF_BROADCAST| \
#23 8.229       | 
#23 8.332     CC       link_gre6.o
#23 8.343 In file included from ../include/uapi/linux/if_tunnel.h:6,
#23 8.343                  from link_gre6.c:15:
#23 8.343 ../include/uapi/linux/if.h:134: warning: "IFF_VOLATILE" redefined
#23 8.343   134 | #define IFF_VOLATILE    (IFF_LOOPBACK|IFF_POINTOPOINT|IFF_BROADCAST|IFF_ECHO|\
#23 8.343       | 
#23 8.343 In file included from link_gre6.c:9:
#23 8.343 /usr/include/net/if.h:48: note: this is the location of the previous definition
#23 8.343    48 | #define IFF_VOLATILE (IFF_LOOPBACK|IFF_POINTOPOINT|IFF_BROADCAST| \
#23 8.343       | 
#23 8.465     CC       iplink_bond.o
#23 8.640     CC       iplink_bond_slave.o
#23 8.692     CC       iplink_hsr.o
#23 8.756     CC       iplink_bridge.o
#23 8.934     CC       iplink_bridge_slave.o
#23 9.030     CC       iplink_dsa.o
#23 9.062     CC       ipfou.o
#23 9.075 In file included from ../include/libgenl.h:5,
#23 9.075                  from ipfou.c:18:
#23 9.075 ../include/libnetlink.h: In function 'rta_getattr_be64':
#23 9.075 ../include/libnetlink.h:280:16: warning: implicit declaration of function 'htobe64' [-Wimplicit-function-declaration]
#23 9.075   280 |         return htobe64(rta_getattr_u64(rta));
#23 9.075       |                ^~~~~~~
#23 9.142     CC       iplink_ipvlan.o
#23 9.182     CC       iplink_geneve.o
#23 9.272     CC       iplink_vrf.o
#23 9.321     CC       iproute_lwtunnel.o
#23 9.703     CC       ipmacsec.o
#23 9.946     CC       ipila.o
#23 9.963 In file included from ../include/libgenl.h:5,
#23 9.963                  from ipila.c:18:
#23 9.963 ../include/libnetlink.h: In function 'rta_getattr_be64':
#23 9.963 ../include/libnetlink.h:280:16: warning: implicit declaration of function 'htobe64' [-Wimplicit-function-declaration]
#23 9.963   280 |         return htobe64(rta_getattr_u64(rta));
#23 9.963       |                ^~~~~~~
#23 10.04     CC       ipvrf.o
#23 10.16     CC       iplink_xstats.o
#23 10.19     CC       ipseg6.o
#23 10.25     CC       iplink_netdevsim.o
#23 10.27     CC       iplink_rmnet.o
#23 10.31     CC       ipnexthop.o
#23 10.55     CC       ipmptcp.o
#23 10.67     CC       iplink_bareudp.o
#23 10.68 In file included from iplink_bareudp.c:9:
#23 10.68 ../include/libnetlink.h: In function 'rta_getattr_be64':
#23 10.68 ../include/libnetlink.h:280:16: warning: implicit declaration of function 'htobe64' [-Wimplicit-function-declaration]
#23 10.68   280 |         return htobe64(rta_getattr_u64(rta));
#23 10.68       |                ^~~~~~~
#23 10.72     CC       iplink_wwan.o
#23 10.75     CC       ipioam6.o
#23 10.83     CC       iplink_amt.o
#23 10.89     CC       iplink_batadv.o
#23 10.93     CC       iplink_gtp.o
#23 10.97     CC       iplink_virt_wifi.o
#23 10.99     CC       iplink_netkit.o
#23 11.04     CC       ipstats.o
#23 11.25     LINK     ip
#23 11.28     CC       rtmon.o
#23 11.34     LINK     rtmon
#23 11.35 
#23 11.35 tc
#23 11.36     CC       tc.o
#23 11.45     CC       tc_qdisc.o
#23 11.56     CC       tc_class.o
#23 11.68     CC       tc_filter.o
#23 11.83     CC       tc_util.o
#23 12.02     CC       tc_monitor.o
#23 12.05     CC       tc_exec.o
#23 12.09     CC       m_police.o
#23 12.19     CC       m_estimator.o
#23 12.22     CC       m_action.o
#23 12.37     CC       m_ematch.o
#23 12.48     YACC     emp_ematch.tab.c
#23 12.55     CC       emp_ematch.tab.o
#23 12.65     LEX      emp_ematch.lex.c
#23 12.66     CC       emp_ematch.lex.o
#23 12.83     CC       q_fifo.o
#23 12.86     CC       q_sfq.o
#23 12.94     CC       q_red.o
#23 13.00     CC       q_prio.o
#23 13.05     CC       q_skbprio.o
#23 13.08     CC       q_tbf.o
#23 13.17     CC       q_multiq.o
#23 13.20     CC       q_netem.o
#23 13.40     CC       q_choke.o
#23 13.46     CC       q_sfb.o
#23 13.52     CC       f_u32.o
#23 13.80     CC       f_route.o
#23 13.86     CC       f_fw.o
#23 13.91     CC       f_basic.o
#23 13.95     CC       f_bpf.o
#23 14.02     CC       f_flow.o
#23 14.10     CC       f_cgroup.o
#23 14.14     CC       f_flower.o
#23 14.15 In file included from ../include/uapi/linux/netdevice.h:29,
#23 14.15                  from ../include/uapi/linux/if_arp.h:27,
#23 14.15                  from f_flower.c:14:
#23 14.15 ../include/uapi/linux/if.h:134: warning: "IFF_VOLATILE" redefined
#23 14.15   134 | #define IFF_VOLATILE    (IFF_LOOPBACK|IFF_POINTOPOINT|IFF_BROADCAST|IFF_ECHO|\
#23 14.15       | 
#23 14.15 In file included from f_flower.c:12:
#23 14.15 /usr/include/net/if.h:48: note: this is the location of the previous definition
#23 14.15    48 | #define IFF_VOLATILE (IFF_LOOPBACK|IFF_POINTOPOINT|IFF_BROADCAST| \
#23 14.15       | 
#23 14.64     CC       q_gred.o
#23 14.74     CC       q_ingress.o
#23 14.77     CC       q_hfsc.o
#23 14.85     CC       q_htb.o
#23 14.95     CC       q_drr.o
#23 14.99     CC       q_qfq.o
#23 15.03     CC       m_gact.o
#23 15.09     CC       m_mirred.o
#23 15.16     CC       m_mpls.o
#23 15.24     CC       m_nat.o
#23 15.28     CC       m_pedit.o
#23 15.42     CC       m_ife.o
#23 15.50     CC       m_skbedit.o
#23 15.56     CC       m_skbmod.o
#23 15.62     CC       m_csum.o
#23 15.68     CC       m_simple.o
#23 15.73     CC       m_vlan.o
#23 15.79     CC       m_connmark.o
#23 15.83     CC       m_ctinfo.o
#23 15.90     CC       m_bpf.o
#23 15.95     CC       m_tunnel_key.o
#23 16.07     CC       m_sample.o
#23 16.12     CC       m_ct.o
#23 16.23     CC       m_gate.o
#23 16.32     CC       p_ip.o
#23 16.36     CC       p_ip6.o
#23 16.41     CC       p_icmp.o
#23 16.44     CC       p_eth.o
#23 16.47     CC       p_tcp.o
#23 16.50     CC       p_udp.o
#23 16.53     CC       em_nbyte.o
#23 16.57     CC       em_cmp.o
#23 16.63     CC       em_u32.o
#23 16.68     CC       em_canid.o
#23 16.72     CC       em_meta.o
#23 16.85     CC       q_mqprio.o
#23 16.96     CC       q_codel.o
#23 17.02     CC       q_fq_codel.o
#23 17.09     CC       q_fq.o
#23 17.21     CC       q_pie.o
#23 17.27     CC       q_fq_pie.o
#23 17.34     CC       q_cake.o
#23 17.53     CC       q_hhf.o
#23 17.60     CC       q_clsact.o
#23 17.63     CC       e_bpf.o
#23 17.69     CC       f_matchall.o
#23 17.74     CC       q_cbs.o
#23 17.79     CC       q_etf.o
#23 17.83     CC       q_taprio.o
#23 17.96     CC       q_plug.o
#23 17.99     CC       q_ets.o
#23 18.09     CC       em_ipt.o
#23 18.11 In file included from tc_util.h:7,
#23 18.11                  from m_ematch.h:11,
#23 18.11                  from em_ipt.c:13:
#23 18.11 ../include/uapi/linux/if.h:134: warning: "IFF_VOLATILE" redefined
#23 18.11   134 | #define IFF_VOLATILE    (IFF_LOOPBACK|IFF_POINTOPOINT|IFF_BROADCAST|IFF_ECHO|\
#23 18.11       | 
#23 18.11 In file included from ../include/xtables.h:17,
#23 18.11                  from em_ipt.c:12:
#23 18.11 /usr/include/net/if.h:48: note: this is the location of the previous definition
#23 18.11    48 | #define IFF_VOLATILE (IFF_LOOPBACK|IFF_POINTOPOINT|IFF_BROADCAST| \
#23 18.11       | 
#23 18.14     CC       em_ipset.o
#23 18.15 In file included from tc_util.h:7,
#23 18.15                  from m_ematch.h:11,
#23 18.15                  from em_ipset.c:39:
#23 18.15 ../include/uapi/linux/if.h:134: warning: "IFF_VOLATILE" redefined
#23 18.15   134 | #define IFF_VOLATILE    (IFF_LOOPBACK|IFF_POINTOPOINT|IFF_BROADCAST|IFF_ECHO|\
#23 18.15       | 
#23 18.15 In file included from ../include/xtables.h:17,
#23 18.15                  from em_ipset.c:23:
#23 18.15 /usr/include/net/if.h:48: note: this is the location of the previous definition
#23 18.15    48 | #define IFF_VOLATILE (IFF_LOOPBACK|IFF_POINTOPOINT|IFF_BROADCAST| \
#23 18.15       | 
#23 18.19     CC       tc_core.o
#23 18.26     CC       tc_red.o
#23 18.31     CC       tc_estimator.o
#23 18.34     CC       tc_stab.o
#23 18.39     CC       tc_qevent.o
#23 18.40 In file included from tc_qevent.h:7,
#23 18.40                  from tc_qevent.c:10:
#23 18.40 ../include/libnetlink.h: In function 'rta_getattr_be64':
#23 18.40 ../include/libnetlink.h:280:16: warning: implicit declaration of function 'htobe64' [-Wimplicit-function-declaration]
#23 18.40   280 |         return htobe64(rta_getattr_u64(rta));
#23 18.40       |                ^~~~~~~
#23 18.45     AR       libtc.a
#23 18.45     LINK     tc
#23 18.49 rm emp_ematch.lex.c
#23 18.49 
#23 18.49 bridge
#23 18.49     CC       bridge.o
#23 18.55     CC       fdb.o
#23 18.57 In file included from fdb.c:28:
#23 18.57 ../include/libnetlink.h: In function 'rta_getattr_be64':
#23 18.57 ../include/libnetlink.h:280:16: warning: implicit declaration of function 'htobe64' [-Wimplicit-function-declaration]
#23 18.57   280 |         return htobe64(rta_getattr_u64(rta));
#23 18.57       |                ^~~~~~~
#23 18.74     CC       monitor.o
#23 18.78     CC       link.o
#23 18.80 In file included from link.c:16:
#23 18.80 ../include/libnetlink.h: In function 'rta_getattr_be64':
#23 18.80 ../include/libnetlink.h:280:16: warning: implicit declaration of function 'htobe64' [-Wimplicit-function-declaration]
#23 18.80   280 |         return htobe64(rta_getattr_u64(rta));
#23 18.80       |                ^~~~~~~
#23 18.94     CC       mdb.o
#23 18.96 In file included from mdb.c:20:
#23 18.96 ../include/libnetlink.h: In function 'rta_getattr_be64':
#23 18.96 ../include/libnetlink.h:280:16: warning: implicit declaration of function 'htobe64' [-Wimplicit-function-declaration]
#23 18.96   280 |         return htobe64(rta_getattr_u64(rta));
#23 18.96       |                ^~~~~~~
#23 19.15     CC       vlan.o
#23 19.16 In file included from vlan.c:14:
#23 19.16 ../include/json_print.h:80:30: warning: 'struct timeval' declared inside parameter list will not be visible outside of this definition or declaration
#23 19.16    80 | _PRINT_FUNC(tv, const struct timeval *)
#23 19.16       |                              ^~~~~~~
#23 19.16 ../include/json_print.h:50:37: note: in definition of macro '_PRINT_FUNC'
#23 19.16    50 |                                     type value);                        \
#23 19.16       |                                     ^~~~
#23 19.16 ../include/json_print.h:80:30: warning: 'struct timeval' declared inside parameter list will not be visible outside of this definition or declaration
#23 19.16    80 | _PRINT_FUNC(tv, const struct timeval *)
#23 19.16       |                              ^~~~~~~
#23 19.16 ../include/json_print.h:55:45: note: in definition of macro '_PRINT_FUNC'
#23 19.16    55 |                                             type value)                 \
#23 19.16       |                                             ^~~~
#23 19.16 ../include/json_print.h: In function 'print_tv':
#23 19.16 ../include/json_print.h:58:48: warning: passing argument 5 of 'print_color_tv' from incompatible pointer type [-Wincompatible-pointer-types]
#23 19.16    58 |                                                value);                  \
#23 19.16       |                                                ^~~~~
#23 19.16       |                                                |
#23 19.16       |                                                const struct timeval *
#23 19.16 ../include/json_print.h:80:1: note: in expansion of macro '_PRINT_FUNC'
#23 19.16    80 | _PRINT_FUNC(tv, const struct timeval *)
#23 19.16       | ^~~~~~~~~~~
#23 19.16 ../include/json_print.h:50:42: note: expected 'const struct timeval *' but argument is of type 'const struct timeval *'
#23 19.16    50 |                                     type value);                        \
#23 19.16       |                                          ^
#23 19.16 ../include/json_print.h:80:1: note: in expansion of macro '_PRINT_FUNC'
#23 19.16    80 | _PRINT_FUNC(tv, const struct timeval *)
#23 19.16       | ^~~~~~~~~~~
#23 19.17 In file included from vlan.c:15:
#23 19.17 ../include/libnetlink.h: In function 'rta_getattr_be64':
#23 19.17 ../include/libnetlink.h:280:16: warning: implicit declaration of function 'htobe64' [-Wimplicit-function-declaration]
#23 19.17   280 |         return htobe64(rta_getattr_u64(rta));
#23 19.17       |                ^~~~~~~
#23 19.39     CC       vni.o
#23 19.40 In file included from vni.c:19:
#23 19.40 ../include/json_print.h:80:30: warning: 'struct timeval' declared inside parameter list will not be visible outside of this definition or declaration
#23 19.40    80 | _PRINT_FUNC(tv, const struct timeval *)
#23 19.40       |                              ^~~~~~~
#23 19.40 ../include/json_print.h:50:37: note: in definition of macro '_PRINT_FUNC'
#23 19.40    50 |                                     type value);                        \
#23 19.40       |                                     ^~~~
#23 19.40 ../include/json_print.h:80:30: warning: 'struct timeval' declared inside parameter list will not be visible outside of this definition or declaration
#23 19.40    80 | _PRINT_FUNC(tv, const struct timeval *)
#23 19.40       |                              ^~~~~~~
#23 19.40 ../include/json_print.h:55:45: note: in definition of macro '_PRINT_FUNC'
#23 19.40    55 |                                             type value)                 \
#23 19.40       |                                             ^~~~
#23 19.40 ../include/json_print.h: In function 'print_tv':
#23 19.40 ../include/json_print.h:58:48: warning: passing argument 5 of 'print_color_tv' from incompatible pointer type [-Wincompatible-pointer-types]
#23 19.40    58 |                                                value);                  \
#23 19.40       |                                                ^~~~~
#23 19.40       |                                                |
#23 19.40       |                                                const struct timeval *
#23 19.40 ../include/json_print.h:80:1: note: in expansion of macro '_PRINT_FUNC'
#23 19.40    80 | _PRINT_FUNC(tv, const struct timeval *)
#23 19.40       | ^~~~~~~~~~~
#23 19.40 ../include/json_print.h:50:42: note: expected 'const struct timeval *' but argument is of type 'const struct timeval *'
#23 19.40    50 |                                     type value);                        \
#23 19.40       |                                          ^
#23 19.40 ../include/json_print.h:80:1: note: in expansion of macro '_PRINT_FUNC'
#23 19.40    80 | _PRINT_FUNC(tv, const struct timeval *)
#23 19.40       | ^~~~~~~~~~~
#23 19.40 In file included from vni.c:20:
#23 19.40 ../include/libnetlink.h: In function 'rta_getattr_be64':
#23 19.40 ../include/libnetlink.h:280:16: warning: implicit declaration of function 'htobe64' [-Wimplicit-function-declaration]
#23 19.40   280 |         return htobe64(rta_getattr_u64(rta));
#23 19.40       |                ^~~~~~~
#23 19.47     LINK     bridge
#23 19.49 
#23 19.49 misc
#23 19.49     CC       ss.o
#23 19.51 In file included from ../include/uapi/linux/tipc.h:42,
#23 19.51                  from ss.c:49:
#23 19.51 ../include/uapi/linux/sockios.h:42: warning: "SIOCGSTAMP" redefined
#23 19.51    42 | #define SIOCGSTAMP      SIOCGSTAMP_OLD
#23 19.51       | 
#23 19.51 In file included from /usr/include/sys/ioctl.h:10,
#23 19.51                  from ss.c:12:
#23 19.51 /usr/include/bits/ioctl.h:111: note: this is the location of the previous definition
#23 19.51   111 | #define SIOCGSTAMP      0x8906
#23 19.51       | 
#23 19.51 ../include/uapi/linux/sockios.h:43: warning: "SIOCGSTAMPNS" redefined
#23 19.51    43 | #define SIOCGSTAMPNS    SIOCGSTAMPNS_OLD
#23 19.51       | 
#23 19.51 /usr/include/bits/ioctl.h:112: note: this is the location of the previous definition
#23 19.51   112 | #define SIOCGSTAMPNS    0x8907
#23 19.51       | 
#23 20.40     CC       ssfilter_check.o
#23 20.41 In file included from ssfilter_check.c:6:
#23 20.41 ../include/libnetlink.h: In function 'rta_getattr_be64':
#23 20.41 ../include/libnetlink.h:280:16: warning: implicit declaration of function 'htobe64' [-Wimplicit-function-declaration]
#23 20.41   280 |         return htobe64(rta_getattr_u64(rta));
#23 20.41       |                ^~~~~~~
#23 20.43     YACC     ssfilter.tab.c
#23 20.50     CC       ssfilter.tab.o
#23 20.60     LINK     ss
#23 20.62     CC       nstat
#23 20.63 In file included from nstat.c:20:
#23 20.63 /usr/include/sys/poll.h:1:2: warning: #warning redirecting incorrect #include <sys/poll.h> to <poll.h> [-Wcpp]
#23 20.63     1 | #warning redirecting incorrect #include <sys/poll.h> to <poll.h>
#23 20.63       |  ^~~~~~~
#23 20.76     CC       ifstat
#23 20.77 In file included from ifstat.c:20:
#23 20.77 /usr/include/sys/poll.h:1:2: warning: #warning redirecting incorrect #include <sys/poll.h> to <poll.h> [-Wcpp]
#23 20.77     1 | #warning redirecting incorrect #include <sys/poll.h> to <poll.h>
#23 20.77       |  ^~~~~~~
#23 20.77 In file included from ifstat.c:30:
#23 20.77 ../include/libnetlink.h: In function 'rta_getattr_be64':
#23 20.77 ../include/libnetlink.h:280:16: warning: implicit declaration of function 'htobe64' [-Wimplicit-function-declaration]
#23 20.77   280 |         return htobe64(rta_getattr_u64(rta));
#23 20.77       |                ^~~~~~~
#23 20.95     CC       rtacct
#23 20.96 In file included from rtacct.c:19:
#23 20.96 /usr/include/sys/poll.h:1:2: warning: #warning redirecting incorrect #include <sys/poll.h> to <poll.h> [-Wcpp]
#23 20.96     1 | #warning redirecting incorrect #include <sys/poll.h> to <poll.h>
#23 20.96       |  ^~~~~~~
#23 21.08     CC       lnstat.o
#23 21.16     CC       lnstat_util.o
#23 21.22     LINK     lnstat
#23 21.23 
#23 21.23 netem
#23 21.23 gcc  -I../include -o maketable maketable.c -lm
#23 21.27 gcc  -I../include -o normal normal.c -lm
#23 21.29 gcc  -I../include -o pareto pareto.c -lm
#23 21.31 gcc  -I../include -o paretonormal paretonormal.c -lm
#23 21.34 ./normal > normal.dist
#23 21.35 ./pareto > pareto.dist
#23 21.35 ./paretonormal > paretonormal.dist
#23 21.36 ./maketable experimental.dat > experimental.dist
#23 21.36 
#23 21.36 genl
#23 21.37     CC       genl.o
#23 21.40     CC       ctrl.o
#23 21.47     LINK     genl
#23 21.49 
#23 21.49 man
#23 21.49 make[2]: Nothing to be done for 'all'.
#23 21.49 make[2]: Nothing to be done for 'all'.
#23 21.49 sed \
#23 21.49 	-e "s|@NETNS_ETC_DIR@|/etc/netns|g" \
#23 21.49 	-e "s|@NETNS_RUN_DIR@|/var/run/netns|g" \
#23 21.49 	-e "s|@SYSCONF_ETC_DIR@|/etc/iproute2|g" \
#23 21.49 	-e "s|@SYSCONF_USR_DIR@|/usr/share/iproute2|g" \
#23 21.49 	ip-address.8.in > ip-address.8
#23 21.49 sed \
#23 21.49 	-e "s|@NETNS_ETC_DIR@|/etc/netns|g" \
#23 21.49 	-e "s|@NETNS_RUN_DIR@|/var/run/netns|g" \
#23 21.49 	-e "s|@SYSCONF_ETC_DIR@|/etc/iproute2|g" \
#23 21.49 	-e "s|@SYSCONF_USR_DIR@|/usr/share/iproute2|g" \
#23 21.49 	ip-link.8.in > ip-link.8
#23 21.50 sed \
#23 21.50 	-e "s|@NETNS_ETC_DIR@|/etc/netns|g" \
#23 21.50 	-e "s|@NETNS_RUN_DIR@|/var/run/netns|g" \
#23 21.50 	-e "s|@SYSCONF_ETC_DIR@|/etc/iproute2|g" \
#23 21.50 	-e "s|@SYSCONF_USR_DIR@|/usr/share/iproute2|g" \
#23 21.50 	ip-netns.8.in > ip-netns.8
#23 21.50 sed \
#23 21.50 	-e "s|@NETNS_ETC_DIR@|/etc/netns|g" \
#23 21.50 	-e "s|@NETNS_RUN_DIR@|/var/run/netns|g" \
#23 21.50 	-e "s|@SYSCONF_ETC_DIR@|/etc/iproute2|g" \
#23 21.50 	-e "s|@SYSCONF_USR_DIR@|/usr/share/iproute2|g" \
#23 21.50 	ip-route.8.in > ip-route.8
#23 21.50 
#23 21.50 tipc
#23 21.51     CC       bearer.o
#23 21.71     CC       cmdl.o
#23 21.74     CC       link.o
#23 21.93     CC       media.o
#23 21.99     CC       misc.o
#23 22.04     CC       msg.o
#23 22.06     CC       nametable.o
#23 22.10     CC       node.o
#23 22.19     CC       socket.o
#23 22.22     CC       peer.o
#23 22.25     CC       tipc.o
#23 22.29     LINK     tipc
#23 22.30 
#23 22.30 devlink
#23 22.31     CC       devlink.o
#23 23.96     CC       mnlg.o
#23 23.97 In file included from mnlg.c:16:
#23 23.97 ../include/libnetlink.h: In function 'rta_getattr_be64':
#23 23.97 ../include/libnetlink.h:280:16: warning: implicit declaration of function 'htobe64' [-Wimplicit-function-declaration]
#23 23.97   280 |         return htobe64(rta_getattr_u64(rta));
#23 23.97       |                ^~~~~~~
#23 24.00     LINK     devlink
#23 24.01 
#23 24.01 rdma
#23 24.02     CC       rdma.o
#23 24.03 rdma.c: In function 'main':
#23 24.03 rdma.c:110:20: warning: implicit declaration of function 'basename'; did you mean 'rename'? [-Wimplicit-function-declaration]
#23 24.03   110 |         filename = basename(argv[0]);
#23 24.03       |                    ^~~~~~~~
#23 24.03       |                    rename
#23 24.03 rdma.c:110:18: warning: assignment to 'char *' from 'int' makes pointer from integer without a cast [-Wint-conversion]
#23 24.03   110 |         filename = basename(argv[0]);
#23 24.03       |                  ^
#23 24.06     CC       utils.o
#23 24.24     CC       dev.o
#23 24.31     CC       link.o
#23 24.38     CC       res.o
#23 24.50     CC       res-pd.o
#23 24.55     CC       res-mr.o
#23 24.60     CC       res-cq.o
#23 24.65     CC       res-cmid.o
#23 24.71     CC       res-qp.o
#23 24.77     CC       sys.o
#23 24.82     CC       stat.o
#23 25.04     CC       stat-mr.o
#23 25.07     CC       res-ctx.o
#23 25.11     CC       res-srq.o
#23 25.18     LINK     rdma
#23 25.19 
#23 25.19 dcb
#23 25.19     CC       dcb.o
#23 25.21 In file included from ../include/namespace.h:10,
#23 25.21                  from dcb.c:11:
#23 25.21 ../include/libnetlink.h: In function 'rta_getattr_be64':
#23 25.21 ../include/libnetlink.h:280:16: warning: implicit declaration of function 'htobe64' [-Wimplicit-function-declaration]
#23 25.21   280 |         return htobe64(rta_getattr_u64(rta));
#23 25.21       |                ^~~~~~~
#23 25.31     CC       dcb_app.o
#23 25.50     CC       dcb_buffer.o
#23 25.55     CC       dcb_dcbx.o
#23 25.61     CC       dcb_ets.o
#23 25.69     CC       dcb_maxrate.o
#23 25.75     CC       dcb_pfc.o
#23 25.82     CC       dcb_apptrust.o
#23 25.88     CC       dcb_rewr.o
#23 25.96     LINK     dcb
#23 25.97 
#23 25.97 vdpa
#23 25.98     CC       vdpa.o
#23 25.99 In file included from vdpa.c:19:
#23 25.99 ../include/json_print.h:80:30: warning: 'struct timeval' declared inside parameter list will not be visible outside of this definition or declaration
#23 25.99    80 | _PRINT_FUNC(tv, const struct timeval *)
#23 25.99       |                              ^~~~~~~
#23 25.99 ../include/json_print.h:50:37: note: in definition of macro '_PRINT_FUNC'
#23 25.99    50 |                                     type value);                        \
#23 25.99       |                                     ^~~~
#23 25.99 ../include/json_print.h:80:30: warning: 'struct timeval' declared inside parameter list will not be visible outside of this definition or declaration
#23 25.99    80 | _PRINT_FUNC(tv, const struct timeval *)
#23 25.99       |                              ^~~~~~~
#23 25.99 ../include/json_print.h:55:45: note: in definition of macro '_PRINT_FUNC'
#23 25.99    55 |                                             type value)                 \
#23 25.99       |                                             ^~~~
#23 25.99 ../include/json_print.h: In function 'print_tv':
#23 25.99 ../include/json_print.h:58:48: warning: passing argument 5 of 'print_color_tv' from incompatible pointer type [-Wincompatible-pointer-types]
#23 25.99    58 |                                                value);                  \
#23 25.99       |                                                ^~~~~
#23 25.99       |                                                |
#23 25.99       |                                                const struct timeval *
#23 25.99 ../include/json_print.h:80:1: note: in expansion of macro '_PRINT_FUNC'
#23 25.99    80 | _PRINT_FUNC(tv, const struct timeval *)
#23 25.99       | ^~~~~~~~~~~
#23 25.99 ../include/json_print.h:50:42: note: expected 'const struct timeval *' but argument is of type 'const struct timeval *'
#23 25.99    50 |                                     type value);                        \
#23 25.99       |                                          ^
#23 25.99 ../include/json_print.h:80:1: note: in expansion of macro '_PRINT_FUNC'
#23 25.99    80 | _PRINT_FUNC(tv, const struct timeval *)
#23 25.99       | ^~~~~~~~~~~
#23 26.14     LINK     vdpa
#23 DONE 26.2s

#24 [20/22] RUN git clone --no-single-branch --depth=1 https://github.com/linux-netdev/testing.git /nipa-data/kernel
#24 0.408 Cloning into '/nipa-data/kernel'...
#24 18.46 Updating files:  17% (14650/83283)Updating files:  18% (14991/83283)Updating files:  19% (15824/83283)Updating files:  20% (16657/83283)Updating files:  21% (17490/83283)Updating files:  22% (18323/83283)Updating files:  23% (19156/83283)Updating files:  24% (19988/83283)Updating files:  25% (20821/83283)Updating files:  26% (21654/83283)Updating files:  27% (22487/83283)Updating files:  28% (23320/83283)Updating files:  29% (24153/83283)Updating files:  30% (24985/83283)Updating files:  31% (25818/83283)Updating files:  32% (26651/83283)Updating files:  33% (27484/83283)Updating files:  34% (28317/83283)Updating files:  35% (29150/83283)Updating files:  35% (29460/83283)Updating files:  36% (29982/83283)Updating files:  37% (30815/83283)Updating files:  38% (31648/83283)Updating files:  39% (32481/83283)Updating files:  40% (33314/83283)Updating files:  40% (33614/83283)Updating files:  41% (34147/83283)Updating files:  42% (34979/83283)Updating files:  43% (35812/83283)Updating files:  44% (36645/83283)Updating files:  45% (37478/83283)Updating files:  46% (38311/83283)Updating files:  47% (39144/83283)Updating files:  48% (39976/83283)Updating files:  49% (40809/83283)Updating files:  50% (41642/83283)Updating files:  50% (42424/83283)Updating files:  51% (42475/83283)Updating files:  52% (43308/83283)Updating files:  53% (44140/83283)Updating files:  54% (44973/83283)Updating files:  55% (45806/83283)Updating files:  56% (46639/83283)Updating files:  57% (47472/83283)Updating files:  58% (48305/83283)Updating files:  59% (49137/83283)Updating files:  60% (49970/83283)Updating files:  61% (50803/83283)Updating files:  62% (51636/83283)Updating files:  62% (52120/83283)Updating files:  63% (52469/83283)Updating files:  64% (53302/83283)Updating files:  65% (54134/83283)Updating files:  66% (54967/83283)Updating files:  67% (55800/83283)Updating files:  68% (56633/83283)Updating files:  69% (57466/83283)Updating files:  70% (58299/83283)Updating files:  71% (59131/83283)Updating files:  72% (59964/83283)Updating files:  73% (60797/83283)Updating files:  74% (61630/83283)Updating files:  75% (62463/83283)Updating files:  76% (63296/83283)Updating files:  77% (64128/83283)Updating files:  78% (64961/83283)Updating files:  79% (65794/83283)Updating files:  79% (66344/83283)Updating files:  80% (66627/83283)Updating files:  81% (67460/83283)Updating files:  82% (68293/83283)Updating files:  83% (69125/83283)Updating files:  84% (69958/83283)Updating files:  85% (70791/83283)Updating files:  86% (71624/83283)Updating files:  87% (72457/83283)Updating files:  88% (73290/83283)Updating files:  89% (74122/83283)Updating files:  90% (74955/83283)Updating files:  91% (75788/83283)Updating files:  92% (76621/83283)Updating files:  93% (77454/83283)Updating files:  94% (78287/83283)Updating files:  95% (79119/83283)Updating files:  96% (79952/83283)Updating files:  97% (80785/83283)Updating files:  98% (81618/83283)Updating files:  98% (82139/83283)Updating files:  99% (82451/83283)Updating files: 100% (83283/83283)Updating files: 100% (83283/83283), done.
#24 DONE 26.3s

#25 [21/22] RUN git clone --depth=1 -b main https://github.com/p4tc-dev/new-nipa.git nipa
#25 0.307 Cloning into 'nipa'...
#25 DONE 0.7s

#26 [22/22] COPY entrypoint.sh /entrypoint.sh
#26 DONE 0.0s

#27 exporting to image
#27 exporting layers
#27 exporting layers 7.3s done
#27 writing image sha256:b6f51769f8e9651b9c7ba5d49f5a27449da6d21396cf88618ac368243f09bece done
#27 naming to docker.io/library/nipa-executor
#27 naming to docker.io/library/nipa-executor done
#27 DONE 7.3s
NIPA version: 1b9c21a (ui: set canvas background color to stand out, 2024-03-28)
INFO: Last run date: 2024-05-11 18:00:15.128323+00:00
Testing  {'branch': 'net-next-2024-05-11--21-00', 'date': '2024-05-11T21:00:19.166920+00:00', 'base': '5e6ccfe0550ddf99ec67452b098fedcae412d59b', 'url': 'https://github.com/linux-netdev/testing.git net-next-2024-05-11--21-00'}
Updating files:  46% (7282/15570)Updating files:  47% (7318/15570)Updating files:  48% (7474/15570)Updating files:  49% (7630/15570)Updating files:  50% (7785/15570)Updating files:  51% (7941/15570)Updating files:  52% (8097/15570)Updating files:  53% (8253/15570)Updating files:  54% (8408/15570)Updating files:  55% (8564/15570)Updating files:  56% (8720/15570)Updating files:  57% (8875/15570)Updating files:  58% (9031/15570)Updating files:  59% (9187/15570)Updating files:  60% (9342/15570)Updating files:  61% (9498/15570)Updating files:  62% (9654/15570)Updating files:  63% (9810/15570)Updating files:  64% (9965/15570)Updating files:  65% (10121/15570)Updating files:  66% (10277/15570)Updating files:  67% (10432/15570)Updating files:  68% (10588/15570)Updating files:  69% (10744/15570)Updating files:  70% (10899/15570)Updating files:  71% (11055/15570)Updating files:  72% (11211/15570)Updating files:  73% (11367/15570)Updating files:  74% (11522/15570)Updating files:  75% (11678/15570)Updating files:  76% (11834/15570)Updating files:  77% (11989/15570)Updating files:  78% (12145/15570)Updating files:  79% (12301/15570)Updating files:  80% (12456/15570)Updating files:  81% (12612/15570)Updating files:  82% (12768/15570)Updating files:  83% (12924/15570)Updating files:  84% (13079/15570)Updating files:  85% (13235/15570)Updating files:  86% (13391/15570)Updating files:  87% (13546/15570)Updating files:  88% (13702/15570)Updating files:  89% (13858/15570)Updating files:  90% (14013/15570)Updating files:  90% (14062/15570)Updating files:  91% (14169/15570)Updating files:  92% (14325/15570)Updating files:  93% (14481/15570)Updating files:  94% (14636/15570)Updating files:  95% (14792/15570)Updating files:  96% (14948/15570)Updating files:  97% (15103/15570)Updating files:  98% (15259/15570)Updating files:  99% (15415/15570)Updating files: 100% (15570/15570)Updating files: 100% (15570/15570), done.
branch 'net-next-2024-05-11--21-00' set up to track 'origin/net-next-2024-05-11--21-00'.
Switched to a new branch 'net-next-2024-05-11--21-00'
error: No valid patches in input (allow with "--allow-empty")
Checking patch tools/testing/selftests/tc-testing/tdc_config.py...
Applied patch tools/testing/selftests/tc-testing/tdc_config.py cleanly.
Run at 2024-05-11 21:03:24.659055
INFO: building kernel
INFO: starting VM 0
INFO: thr0-0 VM starting: vng -v -r arch/x86/boot/bzImage --user root --rwdir=/nipa-data/kernel/
INFO: thr0-0 expecting prompt: '/nipa-data/kernel# '
INFO: thr0-0 reached initial prompt
INFO: thr-0 testing == tdc.sh
INFO: thr-0 tdc.sh >> retcode: 0 result: pass found {'fail': False, 'skip': False, 'pass': True}
INFO: thr-0 has no more work, exiting
INFO: thr0-0 VM stopped
Done at 2024-05-11 21:06:57.079043
NIPA quitting!
/
~/nipa/tc-executor/tc-executor-storage /
sort: write failed: 'standard output': Broken pipe
sort: write error
