~/nipa/tc-executor/tc-executor-storage /
Switched to branch 'storage'
Your branch is ahead of 'origin/storage' by 620 commits.
  (use "git push" to publish your local commits)
/
~/nipa/tc-executor /
Error response from daemon: No such image: nipa-executor:latest
#0 building with "default" instance using docker driver

#1 [internal] load .dockerignore
#1 transferring context: 2B done
#1 DONE 0.0s

#2 [internal] load build definition from Dockerfile
#2 transferring dockerfile: 2.05kB done
#2 DONE 0.0s

#3 [internal] load metadata for docker.io/library/alpine:edge
#3 DONE 0.0s

#4 [ 1/22] FROM docker.io/library/alpine:edge
#4 CACHED

#5 [internal] load build context
#5 transferring context: 3.02kB done
#5 DONE 0.0s

#6 [ 2/22] RUN echo false > debug-mode
#6 DONE 0.7s

#7 [ 3/22] RUN addgroup -g 1001 hostuser
#7 DONE 0.4s

#8 [ 4/22] RUN adduser -u 1001 -G hostuser -H -D -s /bin/ash hostuser
#8 DONE 0.4s

#9 [ 5/22] RUN echo '@testing http://dl-cdn.alpinelinux.org/alpine/edge/testing' >> /etc/apk/repositories
#9 DONE 0.5s

#10 [ 6/22] RUN echo '@community http://dl-cdn.alpinelinux.org/alpine/edge/community' >> /etc/apk/repositories
#10 DONE 0.4s

#11 [ 7/22] RUN apk update && apk add --no-cache    virtme-ng@testing    git    py3-requests    py3-psutil    py3-setuptools    py3-pyroute2    py3-argcomplete    qemu-system-x86_64@community    scapy@community    make    gcc    musl-dev    flex    bison    linux-headers    elfutils-dev    util-linux    coreutils    diffutils    findutils    file    bash    kmod    perl    iptables-dev    libcap-dev    libmnl-dev    iproute2     jq    libbpf-dev    rsync    openssl-dev
#11 0.400 fetch https://dl-cdn.alpinelinux.org/alpine/edge/main/x86_64/APKINDEX.tar.gz
#11 0.614 fetch https://dl-cdn.alpinelinux.org/alpine/edge/community/x86_64/APKINDEX.tar.gz
#11 0.839 fetch http://dl-cdn.alpinelinux.org/alpine/edge/testing/x86_64/APKINDEX.tar.gz
#11 1.050 fetch http://dl-cdn.alpinelinux.org/alpine/edge/community/x86_64/APKINDEX.tar.gz
#11 1.291 v20240329-3285-g93891a67d9e [https://dl-cdn.alpinelinux.org/alpine/edge/main]
#11 1.291 v20240329-3312-gaac72fe2a46 [https://dl-cdn.alpinelinux.org/alpine/edge/community]
#11 1.291 v20240329-3311-gb9fdf688594 [http://dl-cdn.alpinelinux.org/alpine/edge/testing]
#11 1.291 v20240329-3312-gaac72fe2a46 [http://dl-cdn.alpinelinux.org/alpine/edge/community]
#11 1.291 OK: 31294 distinct packages available
#11 1.352 fetch https://dl-cdn.alpinelinux.org/alpine/edge/main/x86_64/APKINDEX.tar.gz
#11 1.458 fetch https://dl-cdn.alpinelinux.org/alpine/edge/community/x86_64/APKINDEX.tar.gz
#11 1.567 fetch http://dl-cdn.alpinelinux.org/alpine/edge/testing/x86_64/APKINDEX.tar.gz
#11 1.662 fetch http://dl-cdn.alpinelinux.org/alpine/edge/community/x86_64/APKINDEX.tar.gz
#11 1.932 (1/176) Upgrading musl (1.2.4_git20230717-r5 -> 1.2.5-r0)
#11 1.962 (2/176) Upgrading libcrypto3 (3.1.4-r2 -> 3.3.0-r1)
#11 1.999 (3/176) Upgrading libssl3 (3.1.4-r2 -> 3.3.0-r1)
#11 2.027 (4/176) Upgrading zlib (1.3-r2 -> 1.3.1-r1)
#11 2.041 (5/176) Installing ncurses-terminfo-base (6.4_p20240330-r0)
#11 2.056 (6/176) Installing libncursesw (6.4_p20240330-r0)
#11 2.071 (7/176) Installing readline (8.2.10-r0)
#11 2.087 (8/176) Installing bash (5.2.26-r0)
#11 2.108 Executing bash-5.2.26-r0.post-install
#11 2.112 (9/176) Installing m4 (1.4.19-r3)
#11 2.126 (10/176) Installing bison (3.8.2-r1)
#11 2.147 (11/176) Installing coreutils-env (9.5-r1)
#11 2.159 (12/176) Installing coreutils-fmt (9.5-r1)
#11 2.172 (13/176) Installing coreutils-sha512sum (9.5-r1)
#11 2.184 (14/176) Installing libacl (2.3.2-r0)
#11 2.197 (15/176) Installing libattr (2.5.2-r0)
#11 2.219 (16/176) Installing skalibs (2.14.1.1-r0)
#11 2.232 (17/176) Installing utmps-libs (0.1.2.2-r1)
#11 2.244 (18/176) Installing coreutils (9.5-r1)
#11 2.267 (19/176) Installing diffutils (3.10-r0)
#11 2.285 (20/176) Installing zstd-libs (1.5.6-r0)
#11 2.303 (21/176) Installing libelf (0.191-r0)
#11 2.317 (22/176) Installing libbz2 (1.0.8-r6)
#11 2.329 (23/176) Installing musl-fts (1.2.7-r6)
#11 2.343 (24/176) Installing xz-libs (5.6.1-r3)
#11 2.357 (25/176) Installing libdw (0.191-r0)
#11 2.373 (26/176) Installing libasm (0.191-r0)
#11 2.388 (27/176) Installing xz (5.6.1-r3)
#11 2.402 (28/176) Installing pkgconf (2.2.0-r0)
#11 2.421 (29/176) Installing xz-dev (5.6.1-r3)
#11 2.435 (30/176) Installing libgcc (13.2.1_git20240309-r0)
#11 2.448 (31/176) Installing libstdc++ (13.2.1_git20240309-r0)
#11 2.472 (32/176) Installing zstd (1.5.6-r0)
#11 2.488 (33/176) Installing zstd-dev (1.5.6-r0)
#11 2.502 (34/176) Installing zlib-dev (1.3.1-r1)
#11 2.535 (35/176) Installing elfutils-dev (0.191-r0)
#11 2.555 (36/176) Installing libmagic (5.45-r1)
#11 2.582 (37/176) Installing file (5.45-r1)
#11 2.594 (38/176) Installing findutils (4.9.0-r5)
#11 2.614 (39/176) Installing flex (2.6.4-r6)
#11 2.635 (40/176) Installing jansson (2.14-r4)
#11 2.648 (41/176) Installing binutils (2.42-r0)
#11 2.704 (42/176) Installing libgomp (13.2.1_git20240309-r0)
#11 2.719 (43/176) Installing libatomic (13.2.1_git20240309-r0)
#11 2.732 (44/176) Installing gmp (6.3.0-r0)
#11 2.748 (45/176) Installing isl26 (0.26-r1)
#11 2.774 (46/176) Installing mpfr4 (4.2.1-r0)
#11 2.794 (47/176) Installing mpc1 (1.3.1-r1)
#11 2.807 (48/176) Installing gcc (13.2.1_git20240309-r0)
#11 3.309 (49/176) Installing ca-certificates (20240226-r0)
#11 3.333 (50/176) Installing brotli-libs (1.1.0-r2)
#11 3.352 (51/176) Installing c-ares (1.28.1-r0)
#11 3.366 (52/176) Installing libunistring (1.2-r0)
#11 3.409 (53/176) Installing libidn2 (2.3.7-r0)
#11 3.422 (54/176) Installing nghttp2-libs (1.61.0-r0)
#11 3.436 (55/176) Installing libpsl (0.21.5-r1)
#11 3.448 (56/176) Installing libcurl (8.7.1-r0)
#11 3.466 (57/176) Installing libexpat (2.6.2-r0)
#11 3.480 (58/176) Installing pcre2 (10.43-r0)
#11 3.497 (59/176) Installing git (2.45.0-r0)
#11 3.547 (60/176) Installing git-init-template (2.45.0-r0)
#11 3.561 (61/176) Installing libcap2 (2.69-r1)
#11 3.574 (62/176) Installing libmnl (1.0.5-r2)
#11 3.585 (63/176) Installing iproute2-minimal (6.8.0-r0)
#11 3.602 (64/176) Installing libxtables (1.8.10-r3)
#11 3.615 (65/176) Installing iproute2-tc (6.8.0-r0)
#11 3.632 (66/176) Installing iproute2-ss (6.8.0-r0)
#11 3.644 (67/176) Installing iproute2 (6.8.0-r0)
#11 3.660 Executing iproute2-6.8.0-r0.post-install
#11 3.665 (68/176) Installing linux-headers (6.6-r0)
#11 3.755 (69/176) Installing libip4tc (1.8.10-r3)
#11 3.768 (70/176) Installing libip6tc (1.8.10-r3)
#11 3.780 (71/176) Installing libipq (1.8.10-r3)
#11 3.792 (72/176) Installing iptables-dev (1.8.10-r3)
#11 3.805 (73/176) Installing oniguruma (6.9.9-r0)
#11 3.821 (74/176) Installing jq (1.7.1-r0)
#11 3.839 (75/176) Installing kmod (32-r0)
#11 3.853 (76/176) Installing libbpf (1.4.1-r0)
#11 3.868 (77/176) Installing libbpf-dev (1.4.1-r0)
#11 3.887 (78/176) Installing libcap-dev (2.69-r1)
#11 3.899 (79/176) Installing libmnl-dev (1.0.5-r2)
#11 3.911 (80/176) Installing make (4.4.1-r2)
#11 3.926 (81/176) Installing musl-dev (1.2.5-r0)
#11 3.979 (82/176) Installing openssl-dev (3.3.0-r1)
#11 4.006 (83/176) Installing perl (5.38.2-r0)
#11 4.190 (84/176) Installing perl-error (0.17029-r2)
#11 4.203 (85/176) Installing perl-git (2.45.0-r0)
#11 4.216 (86/176) Installing git-perl (2.45.0-r0)
#11 4.230 (87/176) Installing libffi (3.4.6-r0)
#11 4.242 (88/176) Installing gdbm (1.23-r1)
#11 4.255 (89/176) Installing mpdecimal (4.0.0-r0)
#11 4.269 (90/176) Installing libpanelw (6.4_p20240330-r0)
#11 4.282 (91/176) Installing sqlite-libs (3.45.3-r0)
#11 4.303 (92/176) Installing python3 (3.12.3-r1)
#11 4.440 (93/176) Installing python3-pycache-pyc0 (3.12.3-r1)
#11 4.527 (94/176) Installing pyc (3.12.3-r1)
#11 4.540 (95/176) Installing py3-argcomplete-pyc (3.3.0-r0)
#11 4.555 (96/176) Installing python3-pyc (3.12.3-r1)
#11 4.567 (97/176) Installing py3-argcomplete (3.3.0-r0)
#11 4.580 (98/176) Installing py3-psutil (5.9.8-r1)
#11 4.600 (99/176) Installing py3-psutil-pyc (5.9.8-r1)
#11 4.616 (100/176) Installing py3-pyroute2 (0.7.12-r1)
#11 4.651 (101/176) Installing py3-pyroute2-pyc (0.7.12-r1)
#11 4.688 (102/176) Installing py3-certifi (2024.2.2-r1)
#11 4.702 (103/176) Installing py3-certifi-pyc (2024.2.2-r1)
#11 4.714 (104/176) Installing py3-charset-normalizer (3.3.2-r1)
#11 4.733 (105/176) Installing py3-charset-normalizer-pyc (3.3.2-r1)
#11 4.748 (106/176) Installing py3-idna (3.7-r0)
#11 4.763 (107/176) Installing py3-idna-pyc (3.7-r0)
#11 4.782 (108/176) Installing py3-urllib3 (1.26.18-r1)
#11 4.803 (109/176) Installing py3-urllib3-pyc (1.26.18-r1)
#11 4.822 (110/176) Installing py3-requests (2.31.0-r2)
#11 4.837 (111/176) Installing py3-requests-pyc (2.31.0-r2)
#11 4.852 (112/176) Installing py3-parsing (3.1.2-r1)
#11 4.867 (113/176) Installing py3-parsing-pyc (3.1.2-r1)
#11 4.885 (114/176) Installing py3-packaging (24.0-r1)
#11 4.900 (115/176) Installing py3-packaging-pyc (24.0-r1)
#11 4.915 (116/176) Installing py3-setuptools (69.5.1-r0)
#11 4.953 (117/176) Installing py3-setuptools-pyc (69.5.1-r0)
#11 4.993 (118/176) Installing libcap-ng (0.8.4-r0)
#11 5.006 (119/176) Installing libintl (0.22.5-r0)
#11 5.019 (120/176) Installing libeconf (0.6.2-r0)
#11 5.031 (121/176) Installing libblkid (2.40-r2)
#11 5.045 (122/176) Installing libmount (2.40-r2)
#11 5.061 (123/176) Installing glib (2.80.0-r3)
#11 5.105 (124/176) Installing numactl (2.0.18-r0)
#11 5.117 (125/176) Installing qemu (9.0.0-r0)
#11 5.134 Executing qemu-9.0.0-r0.pre-install
#11 5.202 Executing qemu-9.0.0-r0.post-install
#11 5.204 *
#11 5.204 * If you want to run VM as unprivileged user and let Qemu create tunX devices,
#11 5.204 * then you must add that user to the group "qemu".
#11 5.204 * If you use KVM for hardware-assisted virtualization, then you may also need
#11 5.204 * to add that user to the group "kvm".
#11 5.204 *
#11 5.205 (126/176) Installing qemu-bridge-helper (9.0.0-r0)
#11 5.221 (127/176) Installing libaio (0.3.113-r2)
#11 5.233 (128/176) Installing capstone (5.0.1-r4)
#11 5.263 (129/176) Installing nettle (3.9.1-r0)
#11 5.281 (130/176) Installing libtasn1 (4.19.0-r2)
#11 5.294 (131/176) Installing p11-kit (0.25.3-r0)
#11 5.313 (132/176) Installing gnutls (3.8.3-r0)
#11 5.337 (133/176) Installing libjpeg-turbo (3.0.2-r0)
#11 5.355 (134/176) Installing lzo (2.10-r5)
#11 5.369 (135/176) Installing pixman (0.43.2-r0)
#11 5.385 (136/176) Installing libpng (1.6.43-r0)
#11 5.399 (137/176) Installing libsasl (2.1.28-r6)
#11 5.413 (138/176) Installing libseccomp (2.5.5-r1)
#11 5.427 (139/176) Installing libslirp (4.7.0-r0)
#11 5.440 (140/176) Installing snappy (1.1.10-r2)
#11 5.453 (141/176) Installing liburing (2.6-r0)
#11 5.465 (142/176) Installing vde2-libs (2.3.3-r3)
#11 5.479 (143/176) Installing qemu-system-x86_64 (9.0.0-r0)
#11 5.580 (144/176) Installing lz4-libs (1.9.4-r5)
#11 5.635 (145/176) Installing popt (1.19-r3)
#11 5.647 (146/176) Installing libxxhash (0.8.2-r2)
#11 5.660 (147/176) Installing rsync (3.3.0-r0)
#11 5.676 (148/176) Installing scapy (2.5.0-r3)
#11 5.726 Executing scapy-2.5.0-r3.post-install
#11 5.728 *
#11 5.728 * Certain optional features of scapy also depend on the following packages:
#11 5.728 *     py3-matplotlib graphviz imagemagick py3-cryptography sox
#11 5.728 * And the following unpackaged dependencies:
#11 5.728 *     pyxi vpython-jupyter nmap<v4.23
#11 5.728 * More information can be found at https://scapy.readthedocs.io/en/latest/installation.html#optional-dependencies
#11 5.728 *
#11 5.728 (149/176) Installing scapy-pyc (2.5.0-r3)
#11 5.790 (150/176) Installing util-linux (2.40-r2)
#11 5.802 (151/176) Installing setarch (2.40-r2)
#11 5.816 (152/176) Installing libuuid (2.40-r2)
#11 5.828 (153/176) Installing libfdisk (2.40-r2)
#11 5.844 (154/176) Installing libsmartcols (2.40-r2)
#11 5.857 (155/176) Installing util-linux-misc (2.40-r2)
#11 5.885 (156/176) Installing linux-pam (1.6.0-r0)
#11 5.905 (157/176) Installing runuser (2.40-r2)
#11 5.917 (158/176) Installing mount (2.40-r2)
#11 5.929 (159/176) Installing losetup (2.40-r2)
#11 5.941 (160/176) Installing hexdump (2.40-r2)
#11 5.955 (161/176) Installing uuidgen (2.40-r2)
#11 5.968 (162/176) Installing blkid (2.40-r2)
#11 5.984 (163/176) Installing sfdisk (2.40-r2)
#11 5.996 (164/176) Installing mcookie (2.40-r2)
#11 6.017 (165/176) Installing agetty (2.40-r2)
#11 6.029 (166/176) Installing wipefs (2.40-r2)
#11 6.041 (167/176) Installing cfdisk (2.40-r2)
#11 6.054 (168/176) Installing umount (2.40-r2)
#11 6.066 (169/176) Installing flock (2.40-r2)
#11 6.078 (170/176) Installing lsblk (2.40-r2)
#11 6.092 (171/176) Installing setpriv (2.40-r2)
#11 6.105 (172/176) Installing logger (2.40-r2)
#11 6.118 (173/176) Installing partx (2.40-r2)
#11 6.133 (174/176) Installing fstrim (2.40-r2)
#11 6.145 (175/176) Installing findmnt (2.40-r2)
#11 6.159 (176/176) Installing virtme-ng@testing (1.23-r1)
#11 6.215 Executing busybox-1.36.1-r17.trigger
#11 6.220 Executing ca-certificates-20240226-r0.trigger
#11 6.242 Executing glib-2.80.0-r3.trigger
#11 6.248 OK: 384 MiB in 187 packages
#11 DONE 6.6s

#12 [ 8/22] RUN mkdir -p /tmp/kernel-patches &&     mkdir -p /tmp/iproute2-patches
#12 DONE 0.4s

#13 [ 9/22] COPY tdc.config /tmp
#13 DONE 0.0s

#14 [10/22] COPY tdc-debug.config /tmp
#14 DONE 0.1s

#15 [11/22] COPY kernel-patches /tmp/kernel-patches/
#15 DONE 0.0s

#16 [12/22] COPY iproute2-patches /tmp/iproute2-patches/
#16 DONE 0.0s

#17 [13/22] COPY configs /tmp/configs/
#17 DONE 0.0s

#18 [14/22] RUN git config --global user.email foo@bar.com
#18 DONE 0.3s

#19 [15/22] RUN git config --global user.name foo@bar.com
#19 DONE 0.4s

#20 [16/22] RUN git clone https://git.kernel.org/pub/scm/network/iproute2/iproute2-next.git /nipa-data/iproute2
#20 0.399 Cloning into '/nipa-data/iproute2'...
#20 DONE 2.0s

#21 [17/22] RUN cd /nipa-data/iproute2 && 	git remote add stable https://git.kernel.org/pub/scm/network/iproute2/iproute2.git && 	git fetch --all && 	git merge stable/main
#21 0.399 Fetching origin
#21 0.678 Fetching stable
#21 1.086 From https://git.kernel.org/pub/scm/network/iproute2/iproute2
#21 1.086  * [new branch]        codeql         -> stable/codeql
#21 1.086  * [new branch]        iproute2-4.1.x -> stable/iproute2-4.1.x
#21 1.087  * [new branch]        main           -> stable/main
#21 1.090 Already up to date.
#21 DONE 1.1s

#22 [18/22] RUN if [ "$(find /tmp/iproute2-patches/ -name *.patch)" ]; then  	cd /nipa-data/iproute2; 	git apply /tmp/iproute2-patches/*.patch;     fi
#22 DONE 0.4s

#23 [19/22] RUN cd /nipa-data/iproute2/ &&     ./configure &&     make
#23 0.338 TC schedulers
#23 0.339  IPT	using xtables
#23 0.368  IPSET  yes
#23 0.388 
#23 0.388 lib directory: /usr/lib
#23 0.388 libc has setns: yes
#23 0.408 libc has name_to_handle_at: yes
#23 0.429 SELinux support: no
#23 0.430 libtirpc support: no
#23 0.431 libbpf support: yes
#23 0.496 	libbpf version 1.4.1
#23 0.496 ELF support: yes
#23 0.498 libmnl support: yes
#23 0.500 Berkeley DB: no
#23 0.509 need for strlcpy: no
#23 0.530 libcap support: yes
#23 0.532 color output: never
#23 0.534 
#23 0.534 lib
#23 0.536     CC       libgenl.o
#23 0.549 In file included from ../include/libgenl.h:5,
#23 0.549                  from libgenl.c:12:
#23 0.549 ../include/libnetlink.h: In function 'rta_getattr_be64':
#23 0.549 ../include/libnetlink.h:280:16: warning: implicit declaration of function 'htobe64' [-Wimplicit-function-declaration]
#23 0.549   280 |         return htobe64(rta_getattr_u64(rta));
#23 0.549       |                ^~~~~~~
#23 0.576     CC       libnetlink.o
#23 0.887     CC       mnl_utils.o
#23 0.900 In file included from mnl_utils.c:12:
#23 0.900 ../include/libnetlink.h: In function 'rta_getattr_be64':
#23 0.900 ../include/libnetlink.h:280:16: warning: implicit declaration of function 'htobe64' [-Wimplicit-function-declaration]
#23 0.900   280 |         return htobe64(rta_getattr_u64(rta));
#23 0.900       |                ^~~~~~~
#23 0.963     AR       libnetlink.a
#23 0.965     CC       utils.o
#23 1.351     CC       utils_math.o
#23 1.391     CC       rt_names.o
#23 1.551     CC       ll_map.o
#23 1.563 In file included from ll_map.c:17:
#23 1.563 ../include/libnetlink.h: In function 'rta_getattr_be64':
#23 1.563 ../include/libnetlink.h:280:16: warning: implicit declaration of function 'htobe64' [-Wimplicit-function-declaration]
#23 1.563   280 |         return htobe64(rta_getattr_u64(rta));
#23 1.563       |                ^~~~~~~
#23 1.641     CC       ll_types.o
#23 1.653 In file included from ll_types.c:20:
#23 1.653 ../include/uapi/linux/sockios.h:42: warning: "SIOCGSTAMP" redefined
#23 1.653    42 | #define SIOCGSTAMP      SIOCGSTAMP_OLD
#23 1.653       | 
#23 1.653 In file included from /usr/include/sys/ioctl.h:10,
#23 1.653                  from ll_types.c:12:
#23 1.653 /usr/include/bits/ioctl.h:111: note: this is the location of the previous definition
#23 1.653   111 | #define SIOCGSTAMP      0x8906
#23 1.653       | 
#23 1.653 ../include/uapi/linux/sockios.h:43: warning: "SIOCGSTAMPNS" redefined
#23 1.653    43 | #define SIOCGSTAMPNS    SIOCGSTAMPNS_OLD
#23 1.653       | 
#23 1.653 /usr/include/bits/ioctl.h:112: note: this is the location of the previous definition
#23 1.653   112 | #define SIOCGSTAMPNS    0x8907
#23 1.653       | 
#23 1.668     CC       ll_proto.o
#23 1.681 In file included from ll_proto.c:21:
#23 1.681 ../include/uapi/linux/sockios.h:42: warning: "SIOCGSTAMP" redefined
#23 1.681    42 | #define SIOCGSTAMP      SIOCGSTAMP_OLD
#23 1.681       | 
#23 1.681 In file included from /usr/include/sys/ioctl.h:10,
#23 1.681                  from ll_proto.c:13:
#23 1.681 /usr/include/bits/ioctl.h:111: note: this is the location of the previous definition
#23 1.681   111 | #define SIOCGSTAMP      0x8906
#23 1.681       | 
#23 1.681 ../include/uapi/linux/sockios.h:43: warning: "SIOCGSTAMPNS" redefined
#23 1.681    43 | #define SIOCGSTAMPNS    SIOCGSTAMPNS_OLD
#23 1.681       | 
#23 1.681 /usr/include/bits/ioctl.h:112: note: this is the location of the previous definition
#23 1.681   112 | #define SIOCGSTAMPNS    0x8907
#23 1.681       | 
#23 1.695     CC       ll_addr.o
#23 1.707 In file included from ll_addr.c:20:
#23 1.707 ../include/uapi/linux/sockios.h:42: warning: "SIOCGSTAMP" redefined
#23 1.707    42 | #define SIOCGSTAMP      SIOCGSTAMP_OLD
#23 1.707       | 
#23 1.707 In file included from /usr/include/sys/ioctl.h:10,
#23 1.707                  from ll_addr.c:12:
#23 1.707 /usr/include/bits/ioctl.h:111: note: this is the location of the previous definition
#23 1.707   111 | #define SIOCGSTAMP      0x8906
#23 1.707       | 
#23 1.707 ../include/uapi/linux/sockios.h:43: warning: "SIOCGSTAMPNS" redefined
#23 1.707    43 | #define SIOCGSTAMPNS    SIOCGSTAMPNS_OLD
#23 1.707       | 
#23 1.707 /usr/include/bits/ioctl.h:112: note: this is the location of the previous definition
#23 1.707   112 | #define SIOCGSTAMPNS    0x8907
#23 1.707       | 
#23 1.735     CC       inet_proto.o
#23 1.763     CC       namespace.o
#23 1.818     CC       json_writer.o
#23 1.896     CC       json_print.o
#23 2.021     CC       json_print_math.o
#23 2.051     CC       names.o
#23 2.099     CC       color.o
#23 2.139     CC       bpf_legacy.o
#23 2.502     CC       bpf_glue.o
#23 2.535     CC       exec.o
#23 2.563     CC       fs.o
#23 2.627     CC       cg_map.o
#23 2.659     CC       ppp_proto.o
#23 2.681     CC       bpf_libbpf.o
#23 2.754     CC       selinux.o
#23 2.773     CC       ax25_ntop.o
#23 2.800     CC       rose_ntop.o
#23 2.812 In file included from rose_ntop.c:16:
#23 2.812 ../include/uapi/linux/sockios.h:42: warning: "SIOCGSTAMP" redefined
#23 2.812    42 | #define SIOCGSTAMP      SIOCGSTAMP_OLD
#23 2.812       | 
#23 2.812 In file included from /usr/include/sys/ioctl.h:10,
#23 2.812                  from rose_ntop.c:7:
#23 2.812 /usr/include/bits/ioctl.h:111: note: this is the location of the previous definition
#23 2.812   111 | #define SIOCGSTAMP      0x8906
#23 2.812       | 
#23 2.812 ../include/uapi/linux/sockios.h:43: warning: "SIOCGSTAMPNS" redefined
#23 2.812    43 | #define SIOCGSTAMPNS    SIOCGSTAMPNS_OLD
#23 2.812       | 
#23 2.812 /usr/include/bits/ioctl.h:112: note: this is the location of the previous definition
#23 2.812   112 | #define SIOCGSTAMPNS    0x8907
#23 2.812       | 
#23 2.827     CC       mpls_ntop.o
#23 2.852     CC       mpls_pton.o
#23 2.879     CC       netrom_ntop.o
#23 2.899     AR       libutil.a
#23 2.904 
#23 2.904 ip
#23 2.906     CC       ip.o
#23 2.976     CC       ipaddress.o
#23 2.990 In file included from ipaddress.c:26:
#23 2.990 ../include/uapi/linux/sockios.h:42: warning: "SIOCGSTAMP" redefined
#23 2.990    42 | #define SIOCGSTAMP      SIOCGSTAMP_OLD
#23 2.990       | 
#23 2.990 In file included from /usr/include/sys/ioctl.h:10,
#23 2.990                  from ipaddress.c:14:
#23 2.990 /usr/include/bits/ioctl.h:111: note: this is the location of the previous definition
#23 2.990   111 | #define SIOCGSTAMP      0x8906
#23 2.990       | 
#23 2.990 ../include/uapi/linux/sockios.h:43: warning: "SIOCGSTAMPNS" redefined
#23 2.990    43 | #define SIOCGSTAMPNS    SIOCGSTAMPNS_OLD
#23 2.990       | 
#23 2.990 /usr/include/bits/ioctl.h:112: note: this is the location of the previous definition
#23 2.990   112 | #define SIOCGSTAMPNS    0x8907
#23 2.990       | 
#23 3.416     CC       ipaddrlabel.o
#23 3.473     CC       iproute.o
#23 3.994     CC       iprule.o
#23 4.201     CC       ipnetns.o
#23 4.381     CC       rtm_map.o
#23 4.419     CC       iptunnel.o
#23 4.432 In file included from ../include/uapi/linux/if_tunnel.h:6,
#23 4.432                  from iptunnel.c:19:
#23 4.432 ../include/uapi/linux/if.h:134: warning: "IFF_VOLATILE" redefined
#23 4.432   134 | #define IFF_VOLATILE    (IFF_LOOPBACK|IFF_POINTOPOINT|IFF_BROADCAST|IFF_ECHO|\
#23 4.432       | 
#23 4.432 In file included from iptunnel.c:16:
#23 4.432 /usr/include/net/if.h:48: note: this is the location of the previous definition
#23 4.432    48 | #define IFF_VOLATILE (IFF_LOOPBACK|IFF_POINTOPOINT|IFF_BROADCAST| \
#23 4.432       | 
#23 4.583     CC       ip6tunnel.o
#23 4.707     CC       tunnel.o
#23 4.805     CC       ipneigh.o
#23 4.947     CC       ipntable.o
#23 5.046     CC       iplink.o
#23 5.305     CC       ipmaddr.o
#23 5.320 In file included from ipmaddr.c:21:
#23 5.320 ../include/uapi/linux/sockios.h:42: warning: "SIOCGSTAMP" redefined
#23 5.320    42 | #define SIOCGSTAMP      SIOCGSTAMP_OLD
#23 5.320       | 
#23 5.320 In file included from /usr/include/sys/ioctl.h:10,
#23 5.320                  from ipmaddr.c:12:
#23 5.320 /usr/include/bits/ioctl.h:111: note: this is the location of the previous definition
#23 5.320   111 | #define SIOCGSTAMP      0x8906
#23 5.320       | 
#23 5.320 ../include/uapi/linux/sockios.h:43: warning: "SIOCGSTAMPNS" redefined
#23 5.320    43 | #define SIOCGSTAMPNS    SIOCGSTAMPNS_OLD
#23 5.320       | 
#23 5.320 /usr/include/bits/ioctl.h:112: note: this is the location of the previous definition
#23 5.320   112 | #define SIOCGSTAMPNS    0x8907
#23 5.320       | 
#23 5.395     CC       ipmonitor.o
#23 5.475     CC       ipmroute.o
#23 5.491 In file included from ipmroute.c:22:
#23 5.491 ../include/uapi/linux/sockios.h:42: warning: "SIOCGSTAMP" redefined
#23 5.491    42 | #define SIOCGSTAMP      SIOCGSTAMP_OLD
#23 5.491       | 
#23 5.491 In file included from /usr/include/sys/ioctl.h:10,
#23 5.491                  from ipmroute.c:13:
#23 5.491 /usr/include/bits/ioctl.h:111: note: this is the location of the previous definition
#23 5.491   111 | #define SIOCGSTAMP      0x8906
#23 5.491       | 
#23 5.491 ../include/uapi/linux/sockios.h:43: warning: "SIOCGSTAMPNS" redefined
#23 5.491    43 | #define SIOCGSTAMPNS    SIOCGSTAMPNS_OLD
#23 5.491       | 
#23 5.491 /usr/include/bits/ioctl.h:112: note: this is the location of the previous definition
#23 5.491   112 | #define SIOCGSTAMPNS    0x8907
#23 5.491       | 
#23 5.559     CC       ipprefix.o
#23 5.595     CC       iptuntap.o
#23 5.694     CC       iptoken.o
#23 5.751     CC       ipxfrm.o
#23 6.034     CC       xfrm_state.o
#23 6.337     CC       xfrm_policy.o
#23 6.579     CC       xfrm_monitor.o
#23 6.656     CC       iplink_dummy.o
#23 6.679     CC       iplink_ifb.o
#23 6.700     CC       iplink_nlmon.o
#23 6.720     CC       iplink_team.o
#23 6.743     CC       iplink_vcan.o
#23 6.764     CC       iplink_vxcan.o
#23 6.790     CC       iplink_vlan.o
#23 6.858     CC       link_veth.o
#23 6.884     CC       link_gre.o
#23 6.894 In file included from ../include/uapi/linux/if_tunnel.h:6,
#23 6.894                  from link_gre.c:15:
#23 6.894 ../include/uapi/linux/if.h:134: warning: "IFF_VOLATILE" redefined
#23 6.894   134 | #define IFF_VOLATILE    (IFF_LOOPBACK|IFF_POINTOPOINT|IFF_BROADCAST|IFF_ECHO|\
#23 6.894       | 
#23 6.894 In file included from link_gre.c:9:
#23 6.894 /usr/include/net/if.h:48: note: this is the location of the previous definition
#23 6.894    48 | #define IFF_VOLATILE (IFF_LOOPBACK|IFF_POINTOPOINT|IFF_BROADCAST| \
#23 6.894       | 
#23 6.998     CC       iplink_can.o
#23 7.134     CC       iplink_xdp.o
#23 7.195     CC       iplink_macvlan.o
#23 7.260     CC       ipl2tp.o
#23 7.425     CC       link_vti.o
#23 7.435 In file included from ../include/uapi/linux/if_tunnel.h:6,
#23 7.435                  from link_vti.c:16:
#23 7.435 ../include/uapi/linux/if.h:134: warning: "IFF_VOLATILE" redefined
#23 7.435   134 | #define IFF_VOLATILE    (IFF_LOOPBACK|IFF_POINTOPOINT|IFF_BROADCAST|IFF_ECHO|\
#23 7.435       | 
#23 7.435 In file included from link_vti.c:10:
#23 7.435 /usr/include/net/if.h:48: note: this is the location of the previous definition
#23 7.435    48 | #define IFF_VOLATILE (IFF_LOOPBACK|IFF_POINTOPOINT|IFF_BROADCAST| \
#23 7.435       | 
#23 7.479     CC       link_vti6.o
#23 7.489 In file included from ../include/uapi/linux/if_tunnel.h:6,
#23 7.489                  from link_vti6.c:17:
#23 7.489 ../include/uapi/linux/if.h:134: warning: "IFF_VOLATILE" redefined
#23 7.489   134 | #define IFF_VOLATILE    (IFF_LOOPBACK|IFF_POINTOPOINT|IFF_BROADCAST|IFF_ECHO|\
#23 7.489       | 
#23 7.489 In file included from link_vti6.c:11:
#23 7.489 /usr/include/net/if.h:48: note: this is the location of the previous definition
#23 7.489    48 | #define IFF_VOLATILE (IFF_LOOPBACK|IFF_POINTOPOINT|IFF_BROADCAST| \
#23 7.489       | 
#23 7.532     CC       link_xfrm.o
#23 7.566     CC       iplink_vxlan.o
#23 7.729     CC       tcp_metrics.o
#23 7.827     CC       iplink_ipoib.o
#23 7.868     CC       ipnetconf.o
#23 7.919     CC       link_ip6tnl.o
#23 7.931 In file included from ../include/uapi/linux/if_tunnel.h:6,
#23 7.931                  from link_ip6tnl.c:15:
#23 7.931 ../include/uapi/linux/if.h:134: warning: "IFF_VOLATILE" redefined
#23 7.931   134 | #define IFF_VOLATILE    (IFF_LOOPBACK|IFF_POINTOPOINT|IFF_BROADCAST|IFF_ECHO|\
#23 7.931       | 
#23 7.931 In file included from link_ip6tnl.c:9:
#23 7.931 /usr/include/net/if.h:48: note: this is the location of the previous definition
#23 7.931    48 | #define IFF_VOLATILE (IFF_LOOPBACK|IFF_POINTOPOINT|IFF_BROADCAST| \
#23 7.931       | 
#23 8.023     CC       link_iptnl.o
#23 8.034 In file included from ../include/uapi/linux/if_tunnel.h:6,
#23 8.034                  from link_iptnl.c:16:
#23 8.034 ../include/uapi/linux/if.h:134: warning: "IFF_VOLATILE" redefined
#23 8.034   134 | #define IFF_VOLATILE    (IFF_LOOPBACK|IFF_POINTOPOINT|IFF_BROADCAST|IFF_ECHO|\
#23 8.034       | 
#23 8.034 In file included from link_iptnl.c:9:
#23 8.034 /usr/include/net/if.h:48: note: this is the location of the previous definition
#23 8.034    48 | #define IFF_VOLATILE (IFF_LOOPBACK|IFF_POINTOPOINT|IFF_BROADCAST| \
#23 8.034       | 
#23 8.130     CC       link_gre6.o
#23 8.141 In file included from ../include/uapi/linux/if_tunnel.h:6,
#23 8.141                  from link_gre6.c:15:
#23 8.141 ../include/uapi/linux/if.h:134: warning: "IFF_VOLATILE" redefined
#23 8.141   134 | #define IFF_VOLATILE    (IFF_LOOPBACK|IFF_POINTOPOINT|IFF_BROADCAST|IFF_ECHO|\
#23 8.141       | 
#23 8.141 In file included from link_gre6.c:9:
#23 8.141 /usr/include/net/if.h:48: note: this is the location of the previous definition
#23 8.141    48 | #define IFF_VOLATILE (IFF_LOOPBACK|IFF_POINTOPOINT|IFF_BROADCAST| \
#23 8.141       | 
#23 8.269     CC       iplink_bond.o
#23 8.442     CC       iplink_bond_slave.o
#23 8.495     CC       iplink_hsr.o
#23 8.544     CC       iplink_bridge.o
#23 8.693     CC       iplink_bridge_slave.o
#23 8.790     CC       iplink_dsa.o
#23 8.826     CC       ipfou.o
#23 8.840 In file included from ../include/libgenl.h:5,
#23 8.840                  from ipfou.c:18:
#23 8.840 ../include/libnetlink.h: In function 'rta_getattr_be64':
#23 8.840 ../include/libnetlink.h:280:16: warning: implicit declaration of function 'htobe64' [-Wimplicit-function-declaration]
#23 8.840   280 |         return htobe64(rta_getattr_u64(rta));
#23 8.840       |                ^~~~~~~
#23 8.909     CC       iplink_ipvlan.o
#23 8.954     CC       iplink_geneve.o
#23 9.044     CC       iplink_vrf.o
#23 9.090     CC       iproute_lwtunnel.o
#23 9.506     CC       ipmacsec.o
#23 9.775     CC       ipila.o
#23 9.789 In file included from ../include/libgenl.h:5,
#23 9.789                  from ipila.c:18:
#23 9.789 ../include/libnetlink.h: In function 'rta_getattr_be64':
#23 9.789 ../include/libnetlink.h:280:16: warning: implicit declaration of function 'htobe64' [-Wimplicit-function-declaration]
#23 9.789   280 |         return htobe64(rta_getattr_u64(rta));
#23 9.789       |                ^~~~~~~
#23 9.860     CC       ipvrf.o
#23 9.969     CC       iplink_xstats.o
#23 10.000     CC       ipseg6.o
#23 10.06     CC       iplink_netdevsim.o
#23 10.08     CC       iplink_rmnet.o
#23 10.12     CC       ipnexthop.o
#23 10.37     CC       ipmptcp.o
#23 10.50     CC       iplink_bareudp.o
#23 10.51 In file included from iplink_bareudp.c:9:
#23 10.51 ../include/libnetlink.h: In function 'rta_getattr_be64':
#23 10.51 ../include/libnetlink.h:280:16: warning: implicit declaration of function 'htobe64' [-Wimplicit-function-declaration]
#23 10.51   280 |         return htobe64(rta_getattr_u64(rta));
#23 10.51       |                ^~~~~~~
#23 10.55     CC       iplink_wwan.o
#23 10.58     CC       ipioam6.o
#23 10.65     CC       iplink_amt.o
#23 10.71     CC       iplink_batadv.o
#23 10.74     CC       iplink_gtp.o
#23 10.79     CC       iplink_virt_wifi.o
#23 10.81     CC       iplink_netkit.o
#23 10.85     CC       ipstats.o
#23 11.06     LINK     ip
#23 11.09     CC       rtmon.o
#23 11.14     LINK     rtmon
#23 11.16 
#23 11.16 tc
#23 11.16     CC       tc.o
#23 11.25     CC       tc_qdisc.o
#23 11.36     CC       tc_class.o
#23 11.47     CC       tc_filter.o
#23 11.63     CC       tc_util.o
#23 11.83     CC       tc_monitor.o
#23 11.86     CC       tc_exec.o
#23 11.91     CC       m_police.o
#23 11.99     CC       m_estimator.o
#23 12.02     CC       m_action.o
#23 12.18     CC       m_ematch.o
#23 12.29     YACC     emp_ematch.tab.c
#23 12.36     CC       emp_ematch.tab.o
#23 12.46     LEX      emp_ematch.lex.c
#23 12.47     CC       emp_ematch.lex.o
#23 12.65     CC       q_fifo.o
#23 12.69     CC       q_sfq.o
#23 12.76     CC       q_red.o
#23 12.83     CC       q_prio.o
#23 12.87     CC       q_skbprio.o
#23 12.91     CC       q_tbf.o
#23 12.99     CC       q_multiq.o
#23 13.02     CC       q_netem.o
#23 13.22     CC       q_choke.o
#23 13.29     CC       q_sfb.o
#23 13.36     CC       f_u32.o
#23 13.65     CC       f_route.o
#23 13.70     CC       f_fw.o
#23 13.75     CC       f_basic.o
#23 13.80     CC       f_bpf.o
#23 13.87     CC       f_flow.o
#23 13.95     CC       f_cgroup.o
#23 13.99     CC       f_flower.o
#23 14.00 In file included from ../include/uapi/linux/netdevice.h:29,
#23 14.00                  from ../include/uapi/linux/if_arp.h:27,
#23 14.00                  from f_flower.c:14:
#23 14.00 ../include/uapi/linux/if.h:134: warning: "IFF_VOLATILE" redefined
#23 14.00   134 | #define IFF_VOLATILE    (IFF_LOOPBACK|IFF_POINTOPOINT|IFF_BROADCAST|IFF_ECHO|\
#23 14.00       | 
#23 14.00 In file included from f_flower.c:12:
#23 14.00 /usr/include/net/if.h:48: note: this is the location of the previous definition
#23 14.00    48 | #define IFF_VOLATILE (IFF_LOOPBACK|IFF_POINTOPOINT|IFF_BROADCAST| \
#23 14.00       | 
#23 14.57     CC       q_gred.o
#23 14.69     CC       q_ingress.o
#23 14.72     CC       q_hfsc.o
#23 14.80     CC       q_htb.o
#23 14.90     CC       q_drr.o
#23 14.94     CC       q_qfq.o
#23 14.98     CC       m_gact.o
#23 15.03     CC       m_mirred.o
#23 15.10     CC       m_mpls.o
#23 15.18     CC       m_nat.o
#23 15.22     CC       m_pedit.o
#23 15.36     CC       m_ife.o
#23 15.44     CC       m_skbedit.o
#23 15.50     CC       m_skbmod.o
#23 15.56     CC       m_csum.o
#23 15.63     CC       m_simple.o
#23 15.67     CC       m_vlan.o
#23 15.74     CC       m_connmark.o
#23 15.78     CC       m_ctinfo.o
#23 15.83     CC       m_bpf.o
#23 15.89     CC       m_tunnel_key.o
#23 16.01     CC       m_sample.o
#23 16.06     CC       m_ct.o
#23 16.17     CC       m_gate.o
#23 16.25     CC       p_ip.o
#23 16.30     CC       p_ip6.o
#23 16.34     CC       p_icmp.o
#23 16.36     CC       p_eth.o
#23 16.39     CC       p_tcp.o
#23 16.42     CC       p_udp.o
#23 16.45     CC       em_nbyte.o
#23 16.50     CC       em_cmp.o
#23 16.56     CC       em_u32.o
#23 16.60     CC       em_canid.o
#23 16.65     CC       em_meta.o
#23 16.76     CC       q_mqprio.o
#23 16.87     CC       q_codel.o
#23 16.92     CC       q_fq_codel.o
#23 16.99     CC       q_fq.o
#23 17.12     CC       q_pie.o
#23 17.18     CC       q_fq_pie.o
#23 17.24     CC       q_cake.o
#23 17.45     CC       q_hhf.o
#23 17.50     CC       q_clsact.o
#23 17.53     CC       e_bpf.o
#23 17.60     CC       f_matchall.o
#23 17.65     CC       q_cbs.o
#23 17.70     CC       q_etf.o
#23 17.74     CC       q_taprio.o
#23 17.87     CC       q_plug.o
#23 17.91     CC       q_ets.o
#23 17.99     CC       em_ipt.o
#23 18.01 In file included from tc_util.h:7,
#23 18.01                  from m_ematch.h:11,
#23 18.01                  from em_ipt.c:13:
#23 18.01 ../include/uapi/linux/if.h:134: warning: "IFF_VOLATILE" redefined
#23 18.01   134 | #define IFF_VOLATILE    (IFF_LOOPBACK|IFF_POINTOPOINT|IFF_BROADCAST|IFF_ECHO|\
#23 18.01       | 
#23 18.01 In file included from ../include/xtables.h:17,
#23 18.01                  from em_ipt.c:12:
#23 18.01 /usr/include/net/if.h:48: note: this is the location of the previous definition
#23 18.01    48 | #define IFF_VOLATILE (IFF_LOOPBACK|IFF_POINTOPOINT|IFF_BROADCAST| \
#23 18.01       | 
#23 18.04     CC       em_ipset.o
#23 18.05 In file included from tc_util.h:7,
#23 18.05                  from m_ematch.h:11,
#23 18.05                  from em_ipset.c:39:
#23 18.05 ../include/uapi/linux/if.h:134: warning: "IFF_VOLATILE" redefined
#23 18.05   134 | #define IFF_VOLATILE    (IFF_LOOPBACK|IFF_POINTOPOINT|IFF_BROADCAST|IFF_ECHO|\
#23 18.05       | 
#23 18.05 In file included from ../include/xtables.h:17,
#23 18.05                  from em_ipset.c:23:
#23 18.05 /usr/include/net/if.h:48: note: this is the location of the previous definition
#23 18.05    48 | #define IFF_VOLATILE (IFF_LOOPBACK|IFF_POINTOPOINT|IFF_BROADCAST| \
#23 18.05       | 
#23 18.09     CC       tc_core.o
#23 18.16     CC       tc_red.o
#23 18.20     CC       tc_estimator.o
#23 18.24     CC       tc_stab.o
#23 18.30     CC       tc_qevent.o
#23 18.31 In file included from tc_qevent.h:7,
#23 18.31                  from tc_qevent.c:10:
#23 18.31 ../include/libnetlink.h: In function 'rta_getattr_be64':
#23 18.31 ../include/libnetlink.h:280:16: warning: implicit declaration of function 'htobe64' [-Wimplicit-function-declaration]
#23 18.31   280 |         return htobe64(rta_getattr_u64(rta));
#23 18.31       |                ^~~~~~~
#23 18.36     AR       libtc.a
#23 18.36     LINK     tc
#23 18.40 rm emp_ematch.lex.c
#23 18.40 
#23 18.40 bridge
#23 18.40     CC       bridge.o
#23 18.45     CC       fdb.o
#23 18.46 In file included from fdb.c:28:
#23 18.46 ../include/libnetlink.h: In function 'rta_getattr_be64':
#23 18.46 ../include/libnetlink.h:280:16: warning: implicit declaration of function 'htobe64' [-Wimplicit-function-declaration]
#23 18.46   280 |         return htobe64(rta_getattr_u64(rta));
#23 18.46       |                ^~~~~~~
#23 18.65     CC       monitor.o
#23 18.69     CC       link.o
#23 18.71 In file included from link.c:16:
#23 18.71 ../include/libnetlink.h: In function 'rta_getattr_be64':
#23 18.71 ../include/libnetlink.h:280:16: warning: implicit declaration of function 'htobe64' [-Wimplicit-function-declaration]
#23 18.71   280 |         return htobe64(rta_getattr_u64(rta));
#23 18.71       |                ^~~~~~~
#23 18.86     CC       mdb.o
#23 18.87 In file included from mdb.c:20:
#23 18.87 ../include/libnetlink.h: In function 'rta_getattr_be64':
#23 18.87 ../include/libnetlink.h:280:16: warning: implicit declaration of function 'htobe64' [-Wimplicit-function-declaration]
#23 18.87   280 |         return htobe64(rta_getattr_u64(rta));
#23 18.87       |                ^~~~~~~
#23 19.05     CC       vlan.o
#23 19.07 In file included from vlan.c:14:
#23 19.07 ../include/json_print.h:80:30: warning: 'struct timeval' declared inside parameter list will not be visible outside of this definition or declaration
#23 19.07    80 | _PRINT_FUNC(tv, const struct timeval *)
#23 19.07       |                              ^~~~~~~
#23 19.07 ../include/json_print.h:50:37: note: in definition of macro '_PRINT_FUNC'
#23 19.07    50 |                                     type value);                        \
#23 19.07       |                                     ^~~~
#23 19.07 ../include/json_print.h:80:30: warning: 'struct timeval' declared inside parameter list will not be visible outside of this definition or declaration
#23 19.07    80 | _PRINT_FUNC(tv, const struct timeval *)
#23 19.07       |                              ^~~~~~~
#23 19.07 ../include/json_print.h:55:45: note: in definition of macro '_PRINT_FUNC'
#23 19.07    55 |                                             type value)                 \
#23 19.07       |                                             ^~~~
#23 19.07 ../include/json_print.h: In function 'print_tv':
#23 19.07 ../include/json_print.h:58:48: warning: passing argument 5 of 'print_color_tv' from incompatible pointer type [-Wincompatible-pointer-types]
#23 19.07    58 |                                                value);                  \
#23 19.07       |                                                ^~~~~
#23 19.07       |                                                |
#23 19.07       |                                                const struct timeval *
#23 19.07 ../include/json_print.h:80:1: note: in expansion of macro '_PRINT_FUNC'
#23 19.07    80 | _PRINT_FUNC(tv, const struct timeval *)
#23 19.07       | ^~~~~~~~~~~
#23 19.07 ../include/json_print.h:50:42: note: expected 'const struct timeval *' but argument is of type 'const struct timeval *'
#23 19.07    50 |                                     type value);                        \
#23 19.07       |                                          ^
#23 19.07 ../include/json_print.h:80:1: note: in expansion of macro '_PRINT_FUNC'
#23 19.07    80 | _PRINT_FUNC(tv, const struct timeval *)
#23 19.07       | ^~~~~~~~~~~
#23 19.07 In file included from vlan.c:15:
#23 19.07 ../include/libnetlink.h: In function 'rta_getattr_be64':
#23 19.07 ../include/libnetlink.h:280:16: warning: implicit declaration of function 'htobe64' [-Wimplicit-function-declaration]
#23 19.07   280 |         return htobe64(rta_getattr_u64(rta));
#23 19.07       |                ^~~~~~~
#23 19.32     CC       vni.o
#23 19.33 In file included from vni.c:19:
#23 19.33 ../include/json_print.h:80:30: warning: 'struct timeval' declared inside parameter list will not be visible outside of this definition or declaration
#23 19.33    80 | _PRINT_FUNC(tv, const struct timeval *)
#23 19.33       |                              ^~~~~~~
#23 19.33 ../include/json_print.h:50:37: note: in definition of macro '_PRINT_FUNC'
#23 19.33    50 |                                     type value);                        \
#23 19.33       |                                     ^~~~
#23 19.33 ../include/json_print.h:80:30: warning: 'struct timeval' declared inside parameter list will not be visible outside of this definition or declaration
#23 19.33    80 | _PRINT_FUNC(tv, const struct timeval *)
#23 19.33       |                              ^~~~~~~
#23 19.33 ../include/json_print.h:55:45: note: in definition of macro '_PRINT_FUNC'
#23 19.33    55 |                                             type value)                 \
#23 19.33       |                                             ^~~~
#23 19.33 ../include/json_print.h: In function 'print_tv':
#23 19.33 ../include/json_print.h:58:48: warning: passing argument 5 of 'print_color_tv' from incompatible pointer type [-Wincompatible-pointer-types]
#23 19.33    58 |                                                value);                  \
#23 19.33       |                                                ^~~~~
#23 19.33       |                                                |
#23 19.33       |                                                const struct timeval *
#23 19.33 ../include/json_print.h:80:1: note: in expansion of macro '_PRINT_FUNC'
#23 19.33    80 | _PRINT_FUNC(tv, const struct timeval *)
#23 19.33       | ^~~~~~~~~~~
#23 19.33 ../include/json_print.h:50:42: note: expected 'const struct timeval *' but argument is of type 'const struct timeval *'
#23 19.33    50 |                                     type value);                        \
#23 19.33       |                                          ^
#23 19.33 ../include/json_print.h:80:1: note: in expansion of macro '_PRINT_FUNC'
#23 19.33    80 | _PRINT_FUNC(tv, const struct timeval *)
#23 19.33       | ^~~~~~~~~~~
#23 19.34 In file included from vni.c:20:
#23 19.34 ../include/libnetlink.h: In function 'rta_getattr_be64':
#23 19.34 ../include/libnetlink.h:280:16: warning: implicit declaration of function 'htobe64' [-Wimplicit-function-declaration]
#23 19.34   280 |         return htobe64(rta_getattr_u64(rta));
#23 19.34       |                ^~~~~~~
#23 19.42     LINK     bridge
#23 19.43 
#23 19.43 misc
#23 19.43     CC       ss.o
#23 19.46 In file included from ../include/uapi/linux/tipc.h:42,
#23 19.46                  from ss.c:49:
#23 19.46 ../include/uapi/linux/sockios.h:42: warning: "SIOCGSTAMP" redefined
#23 19.46    42 | #define SIOCGSTAMP      SIOCGSTAMP_OLD
#23 19.46       | 
#23 19.46 In file included from /usr/include/sys/ioctl.h:10,
#23 19.46                  from ss.c:12:
#23 19.46 /usr/include/bits/ioctl.h:111: note: this is the location of the previous definition
#23 19.46   111 | #define SIOCGSTAMP      0x8906
#23 19.46       | 
#23 19.46 ../include/uapi/linux/sockios.h:43: warning: "SIOCGSTAMPNS" redefined
#23 19.46    43 | #define SIOCGSTAMPNS    SIOCGSTAMPNS_OLD
#23 19.46       | 
#23 19.46 /usr/include/bits/ioctl.h:112: note: this is the location of the previous definition
#23 19.46   112 | #define SIOCGSTAMPNS    0x8907
#23 19.46       | 
#23 20.38     CC       ssfilter_check.o
#23 20.39 In file included from ssfilter_check.c:6:
#23 20.39 ../include/libnetlink.h: In function 'rta_getattr_be64':
#23 20.39 ../include/libnetlink.h:280:16: warning: implicit declaration of function 'htobe64' [-Wimplicit-function-declaration]
#23 20.39   280 |         return htobe64(rta_getattr_u64(rta));
#23 20.39       |                ^~~~~~~
#23 20.41     YACC     ssfilter.tab.c
#23 20.47     CC       ssfilter.tab.o
#23 20.57     LINK     ss
#23 20.59     CC       nstat
#23 20.60 In file included from nstat.c:20:
#23 20.60 /usr/include/sys/poll.h:1:2: warning: #warning redirecting incorrect #include <sys/poll.h> to <poll.h> [-Wcpp]
#23 20.60     1 | #warning redirecting incorrect #include <sys/poll.h> to <poll.h>
#23 20.60       |  ^~~~~~~
#23 20.73     CC       ifstat
#23 20.74 In file included from ifstat.c:20:
#23 20.74 /usr/include/sys/poll.h:1:2: warning: #warning redirecting incorrect #include <sys/poll.h> to <poll.h> [-Wcpp]
#23 20.74     1 | #warning redirecting incorrect #include <sys/poll.h> to <poll.h>
#23 20.74       |  ^~~~~~~
#23 20.75 In file included from ifstat.c:30:
#23 20.75 ../include/libnetlink.h: In function 'rta_getattr_be64':
#23 20.75 ../include/libnetlink.h:280:16: warning: implicit declaration of function 'htobe64' [-Wimplicit-function-declaration]
#23 20.75   280 |         return htobe64(rta_getattr_u64(rta));
#23 20.75       |                ^~~~~~~
#23 20.91     CC       rtacct
#23 20.93 In file included from rtacct.c:19:
#23 20.93 /usr/include/sys/poll.h:1:2: warning: #warning redirecting incorrect #include <sys/poll.h> to <poll.h> [-Wcpp]
#23 20.93     1 | #warning redirecting incorrect #include <sys/poll.h> to <poll.h>
#23 20.93       |  ^~~~~~~
#23 21.05     CC       lnstat.o
#23 21.12     CC       lnstat_util.o
#23 21.20     LINK     lnstat
#23 21.21 
#23 21.21 netem
#23 21.21 gcc  -I../include -o maketable maketable.c -lm
#23 21.24 gcc  -I../include -o normal normal.c -lm
#23 21.27 gcc  -I../include -o pareto pareto.c -lm
#23 21.29 gcc  -I../include -o paretonormal paretonormal.c -lm
#23 21.32 ./normal > normal.dist
#23 21.33 ./pareto > pareto.dist
#23 21.33 ./paretonormal > paretonormal.dist
#23 21.34 ./maketable experimental.dat > experimental.dist
#23 21.34 
#23 21.34 genl
#23 21.34     CC       genl.o
#23 21.38     CC       ctrl.o
#23 21.46     LINK     genl
#23 21.47 
#23 21.47 man
#23 21.47 make[2]: Nothing to be done for 'all'.
#23 21.47 make[2]: Nothing to be done for 'all'.
#23 21.48 sed \
#23 21.48 	-e "s|@NETNS_ETC_DIR@|/etc/netns|g" \
#23 21.48 	-e "s|@NETNS_RUN_DIR@|/var/run/netns|g" \
#23 21.48 	-e "s|@SYSCONF_ETC_DIR@|/etc/iproute2|g" \
#23 21.48 	-e "s|@SYSCONF_USR_DIR@|/usr/share/iproute2|g" \
#23 21.48 	ip-address.8.in > ip-address.8
#23 21.48 sed \
#23 21.48 	-e "s|@NETNS_ETC_DIR@|/etc/netns|g" \
#23 21.48 	-e "s|@NETNS_RUN_DIR@|/var/run/netns|g" \
#23 21.48 	-e "s|@SYSCONF_ETC_DIR@|/etc/iproute2|g" \
#23 21.48 	-e "s|@SYSCONF_USR_DIR@|/usr/share/iproute2|g" \
#23 21.48 	ip-link.8.in > ip-link.8
#23 21.48 sed \
#23 21.48 	-e "s|@NETNS_ETC_DIR@|/etc/netns|g" \
#23 21.48 	-e "s|@NETNS_RUN_DIR@|/var/run/netns|g" \
#23 21.48 	-e "s|@SYSCONF_ETC_DIR@|/etc/iproute2|g" \
#23 21.48 	-e "s|@SYSCONF_USR_DIR@|/usr/share/iproute2|g" \
#23 21.48 	ip-netns.8.in > ip-netns.8
#23 21.49 sed \
#23 21.49 	-e "s|@NETNS_ETC_DIR@|/etc/netns|g" \
#23 21.49 	-e "s|@NETNS_RUN_DIR@|/var/run/netns|g" \
#23 21.49 	-e "s|@SYSCONF_ETC_DIR@|/etc/iproute2|g" \
#23 21.49 	-e "s|@SYSCONF_USR_DIR@|/usr/share/iproute2|g" \
#23 21.49 	ip-route.8.in > ip-route.8
#23 21.49 
#23 21.49 tipc
#23 21.49     CC       bearer.o
#23 21.67     CC       cmdl.o
#23 21.71     CC       link.o
#23 21.95     CC       media.o
#23 22.00     CC       misc.o
#23 22.06     CC       msg.o
#23 22.08     CC       nametable.o
#23 22.11     CC       node.o
#23 22.20     CC       socket.o
#23 22.23     CC       peer.o
#23 22.27     CC       tipc.o
#23 22.30     LINK     tipc
#23 22.31 
#23 22.31 devlink
#23 22.31     CC       devlink.o
#23 24.08     CC       mnlg.o
#23 24.09 In file included from mnlg.c:16:
#23 24.09 ../include/libnetlink.h: In function 'rta_getattr_be64':
#23 24.09 ../include/libnetlink.h:280:16: warning: implicit declaration of function 'htobe64' [-Wimplicit-function-declaration]
#23 24.09   280 |         return htobe64(rta_getattr_u64(rta));
#23 24.09       |                ^~~~~~~
#23 24.12     LINK     devlink
#23 24.14 
#23 24.14 rdma
#23 24.14     CC       rdma.o
#23 24.16 rdma.c: In function 'main':
#23 24.16 rdma.c:110:20: warning: implicit declaration of function 'basename'; did you mean 'rename'? [-Wimplicit-function-declaration]
#23 24.16   110 |         filename = basename(argv[0]);
#23 24.16       |                    ^~~~~~~~
#23 24.16       |                    rename
#23 24.16 rdma.c:110:18: warning: assignment to 'char *' from 'int' makes pointer from integer without a cast [-Wint-conversion]
#23 24.16   110 |         filename = basename(argv[0]);
#23 24.16       |                  ^
#23 24.19     CC       utils.o
#23 24.38     CC       dev.o
#23 24.46     CC       link.o
#23 24.53     CC       res.o
#23 24.65     CC       res-pd.o
#23 24.69     CC       res-mr.o
#23 24.73     CC       res-cq.o
#23 24.78     CC       res-cmid.o
#23 24.85     CC       res-qp.o
#23 24.90     CC       sys.o
#23 24.95     CC       stat.o
#23 25.20     CC       stat-mr.o
#23 25.23     CC       res-ctx.o
#23 25.27     CC       res-srq.o
#23 25.35     LINK     rdma
#23 25.37 
#23 25.37 dcb
#23 25.37     CC       dcb.o
#23 25.39 In file included from ../include/namespace.h:10,
#23 25.39                  from dcb.c:11:
#23 25.39 ../include/libnetlink.h: In function 'rta_getattr_be64':
#23 25.39 ../include/libnetlink.h:280:16: warning: implicit declaration of function 'htobe64' [-Wimplicit-function-declaration]
#23 25.39   280 |         return htobe64(rta_getattr_u64(rta));
#23 25.39       |                ^~~~~~~
#23 25.49     CC       dcb_app.o
#23 25.67     CC       dcb_buffer.o
#23 25.73     CC       dcb_dcbx.o
#23 25.78     CC       dcb_ets.o
#23 25.87     CC       dcb_maxrate.o
#23 25.91     CC       dcb_pfc.o
#23 25.98     CC       dcb_apptrust.o
#23 26.04     CC       dcb_rewr.o
#23 26.12     LINK     dcb
#23 26.13 
#23 26.13 vdpa
#23 26.14     CC       vdpa.o
#23 26.15 In file included from vdpa.c:19:
#23 26.15 ../include/json_print.h:80:30: warning: 'struct timeval' declared inside parameter list will not be visible outside of this definition or declaration
#23 26.15    80 | _PRINT_FUNC(tv, const struct timeval *)
#23 26.15       |                              ^~~~~~~
#23 26.15 ../include/json_print.h:50:37: note: in definition of macro '_PRINT_FUNC'
#23 26.15    50 |                                     type value);                        \
#23 26.15       |                                     ^~~~
#23 26.15 ../include/json_print.h:80:30: warning: 'struct timeval' declared inside parameter list will not be visible outside of this definition or declaration
#23 26.15    80 | _PRINT_FUNC(tv, const struct timeval *)
#23 26.15       |                              ^~~~~~~
#23 26.15 ../include/json_print.h:55:45: note: in definition of macro '_PRINT_FUNC'
#23 26.15    55 |                                             type value)                 \
#23 26.15       |                                             ^~~~
#23 26.15 ../include/json_print.h: In function 'print_tv':
#23 26.15 ../include/json_print.h:58:48: warning: passing argument 5 of 'print_color_tv' from incompatible pointer type [-Wincompatible-pointer-types]
#23 26.15    58 |                                                value);                  \
#23 26.15       |                                                ^~~~~
#23 26.15       |                                                |
#23 26.15       |                                                const struct timeval *
#23 26.15 ../include/json_print.h:80:1: note: in expansion of macro '_PRINT_FUNC'
#23 26.15    80 | _PRINT_FUNC(tv, const struct timeval *)
#23 26.15       | ^~~~~~~~~~~
#23 26.15 ../include/json_print.h:50:42: note: expected 'const struct timeval *' but argument is of type 'const struct timeval *'
#23 26.15    50 |                                     type value);                        \
#23 26.15       |                                          ^
#23 26.15 ../include/json_print.h:80:1: note: in expansion of macro '_PRINT_FUNC'
#23 26.15    80 | _PRINT_FUNC(tv, const struct timeval *)
#23 26.15       | ^~~~~~~~~~~
#23 26.31     LINK     vdpa
#23 DONE 26.4s

#24 [20/22] RUN git clone --no-single-branch --depth=1 https://github.com/linux-netdev/testing.git /nipa-data/kernel
#24 0.398 Cloning into '/nipa-data/kernel'...
#24 18.58 Updating files:  17% (14503/83283)Updating files:  18% (14991/83283)Updating files:  19% (15824/83283)Updating files:  20% (16657/83283)Updating files:  21% (17490/83283)Updating files:  22% (18323/83283)Updating files:  23% (19156/83283)Updating files:  24% (19988/83283)Updating files:  25% (20821/83283)Updating files:  26% (21654/83283)Updating files:  27% (22487/83283)Updating files:  28% (23320/83283)Updating files:  29% (24153/83283)Updating files:  30% (24985/83283)Updating files:  31% (25818/83283)Updating files:  32% (26651/83283)Updating files:  33% (27484/83283)Updating files:  34% (28317/83283)Updating files:  35% (29150/83283)Updating files:  35% (29909/83283)Updating files:  36% (29982/83283)Updating files:  37% (30815/83283)Updating files:  38% (31648/83283)Updating files:  39% (32481/83283)Updating files:  40% (33314/83283)Updating files:  40% (33617/83283)Updating files:  41% (34147/83283)Updating files:  42% (34979/83283)Updating files:  43% (35812/83283)Updating files:  44% (36645/83283)Updating files:  45% (37478/83283)Updating files:  46% (38311/83283)Updating files:  47% (39144/83283)Updating files:  48% (39976/83283)Updating files:  49% (40809/83283)Updating files:  50% (41642/83283)Updating files:  51% (42475/83283)Updating files:  51% (43131/83283)Updating files:  52% (43308/83283)Updating files:  53% (44140/83283)Updating files:  54% (44973/83283)Updating files:  55% (45806/83283)Updating files:  56% (46639/83283)Updating files:  57% (47472/83283)Updating files:  58% (48305/83283)Updating files:  59% (49137/83283)Updating files:  60% (49970/83283)Updating files:  61% (50803/83283)Updating files:  62% (51636/83283)Updating files:  63% (52469/83283)Updating files:  64% (53302/83283)Updating files:  64% (53875/83283)Updating files:  65% (54134/83283)Updating files:  66% (54967/83283)Updating files:  67% (55800/83283)Updating files:  68% (56633/83283)Updating files:  69% (57466/83283)Updating files:  70% (58299/83283)Updating files:  71% (59131/83283)Updating files:  72% (59964/83283)Updating files:  73% (60797/83283)Updating files:  74% (61630/83283)Updating files:  75% (62463/83283)Updating files:  76% (63296/83283)Updating files:  77% (64128/83283)Updating files:  78% (64961/83283)Updating files:  79% (65794/83283)Updating files:  80% (66627/83283)Updating files:  81% (67460/83283)Updating files:  82% (68293/83283)Updating files:  82% (68823/83283)Updating files:  83% (69125/83283)Updating files:  84% (69958/83283)Updating files:  85% (70791/83283)Updating files:  86% (71624/83283)Updating files:  87% (72457/83283)Updating files:  88% (73290/83283)Updating files:  89% (74122/83283)Updating files:  90% (74955/83283)Updating files:  91% (75788/83283)Updating files:  92% (76621/83283)Updating files:  93% (77454/83283)Updating files:  94% (78287/83283)Updating files:  95% (79119/83283)Updating files:  96% (79952/83283)Updating files:  97% (80785/83283)Updating files:  98% (81618/83283)Updating files:  99% (82451/83283)Updating files: 100% (83283/83283)Updating files: 100% (83283/83283), done.
#24 DONE 29.6s

#25 [21/22] RUN git clone --depth=1 -b main https://github.com/p4tc-dev/new-nipa.git nipa
#25 0.755 Cloning into 'nipa'...
#25 DONE 1.7s

#26 [22/22] COPY entrypoint.sh /entrypoint.sh
#26 DONE 0.5s

#27 exporting to image
#27 exporting layers
#27 exporting layers 7.3s done
#27 writing image sha256:e99520f5ca953cf586995ad9ea17deafa88b3877054cd1bee7f8094c71e2e81b 0.0s done
#27 naming to docker.io/library/nipa-executor 0.0s done
#27 DONE 7.4s
NIPA version: 1b9c21a (ui: set canvas background color to stand out, 2024-03-28)
INFO: Last run date: 2024-05-05 21:00:21.086742+00:00
Testing  {'branch': 'net-next-2024-05-06--00-00', 'date': '2024-05-06T00:00:20.740235+00:00', 'base': 'f05e67c61253d9b7a44a018f4ac484d5de257c04', 'url': 'https://github.com/linux-netdev/testing.git net-next-2024-05-06--00-00'}
Updating files:  43% (6602/15326)Updating files:  44% (6744/15326)Updating files:  45% (6897/15326)Updating files:  46% (7050/15326)Updating files:  47% (7204/15326)Updating files:  48% (7357/15326)Updating files:  49% (7510/15326)Updating files:  50% (7663/15326)Updating files:  51% (7817/15326)Updating files:  52% (7970/15326)Updating files:  53% (8123/15326)Updating files:  54% (8277/15326)Updating files:  55% (8430/15326)Updating files:  56% (8583/15326)Updating files:  57% (8736/15326)Updating files:  58% (8890/15326)Updating files:  59% (9043/15326)Updating files:  60% (9196/15326)Updating files:  61% (9349/15326)Updating files:  62% (9503/15326)Updating files:  63% (9656/15326)Updating files:  64% (9809/15326)Updating files:  65% (9962/15326)Updating files:  66% (10116/15326)Updating files:  67% (10269/15326)Updating files:  68% (10422/15326)Updating files:  69% (10575/15326)Updating files:  70% (10729/15326)Updating files:  71% (10882/15326)Updating files:  72% (11035/15326)Updating files:  73% (11188/15326)Updating files:  74% (11342/15326)Updating files:  75% (11495/15326)Updating files:  76% (11648/15326)Updating files:  77% (11802/15326)Updating files:  78% (11955/15326)Updating files:  79% (12108/15326)Updating files:  80% (12261/15326)Updating files:  81% (12415/15326)Updating files:  82% (12568/15326)Updating files:  83% (12721/15326)Updating files:  84% (12874/15326)Updating files:  84% (12943/15326)Updating files:  85% (13028/15326)Updating files:  86% (13181/15326)Updating files:  87% (13334/15326)Updating files:  88% (13487/15326)Updating files:  89% (13641/15326)Updating files:  90% (13794/15326)Updating files:  91% (13947/15326)Updating files:  92% (14100/15326)Updating files:  93% (14254/15326)Updating files:  94% (14407/15326)Updating files:  95% (14560/15326)Updating files:  96% (14713/15326)Updating files:  97% (14867/15326)Updating files:  98% (15020/15326)Updating files:  99% (15173/15326)Updating files: 100% (15326/15326)Updating files: 100% (15326/15326), done.
branch 'net-next-2024-05-06--00-00' set up to track 'origin/net-next-2024-05-06--00-00'.
Switched to a new branch 'net-next-2024-05-06--00-00'
error: No valid patches in input (allow with "--allow-empty")
Checking patch tools/testing/selftests/tc-testing/tdc_config.py...
Applied patch tools/testing/selftests/tc-testing/tdc_config.py cleanly.
Run at 2024-05-06 00:03:41.285808
INFO: building kernel
INFO: starting VM 0
INFO: thr0-0 VM starting: vng -v -r arch/x86/boot/bzImage --user root --rwdir=/nipa-data/kernel/
INFO: thr0-0 expecting prompt: '/nipa-data/kernel# '
INFO: thr0-0 reached initial prompt
INFO: thr-0 testing == tdc.sh
INFO: thr-0 tdc.sh >> retcode: 0 result: pass found {'fail': False, 'skip': False, 'pass': True}
INFO: thr-0 has no more work, exiting
INFO: thr0-0 VM stopped
Done at 2024-05-06 00:07:15.474243
NIPA quitting!
/
~/nipa/tc-executor/tc-executor-storage /
sort: write failed: 'standard output': Broken pipe
sort: write error
