~/nipa/tc-executor/tc-executor-storage /
Switched to branch 'storage-dbg'
Your branch is ahead of 'origin/storage-dbg' by 998 commits.
  (use "git push" to publish your local commits)
/
~/nipa/tc-executor /
Error response from daemon: No such image: nipa-executor:latest
#0 building with "default" instance using docker driver

#1 [internal] load .dockerignore
#1 transferring context: 2B done
#1 DONE 0.0s

#2 [internal] load build definition from Dockerfile
#2 transferring dockerfile: 2.05kB done
#2 DONE 0.0s

#3 [internal] load metadata for docker.io/library/alpine:edge
#3 DONE 0.0s

#4 [ 1/22] FROM docker.io/library/alpine:edge
#4 CACHED

#5 [internal] load build context
#5 transferring context: 3.02kB done
#5 DONE 0.0s

#6 [ 2/22] RUN echo true > debug-mode
#6 DONE 0.8s

#7 [ 3/22] RUN addgroup -g 1001 hostuser
#7 DONE 0.4s

#8 [ 4/22] RUN adduser -u 1001 -G hostuser -H -D -s /bin/ash hostuser
#8 DONE 0.4s

#9 [ 5/22] RUN echo '@testing http://dl-cdn.alpinelinux.org/alpine/edge/testing' >> /etc/apk/repositories
#9 DONE 0.4s

#10 [ 6/22] RUN echo '@community http://dl-cdn.alpinelinux.org/alpine/edge/community' >> /etc/apk/repositories
#10 DONE 0.4s

#11 [ 7/22] RUN apk update && apk add --no-cache    virtme-ng@testing    git    py3-requests    py3-psutil    py3-setuptools    py3-pyroute2    py3-argcomplete    qemu-system-x86_64@community    scapy@community    make    gcc    musl-dev    flex    bison    linux-headers    elfutils-dev    util-linux    coreutils    diffutils    findutils    file    bash    kmod    perl    iptables-dev    libcap-dev    libmnl-dev    iproute2     jq    libbpf-dev    rsync    openssl-dev
#11 0.353 fetch https://dl-cdn.alpinelinux.org/alpine/edge/main/x86_64/APKINDEX.tar.gz
#11 0.570 fetch https://dl-cdn.alpinelinux.org/alpine/edge/community/x86_64/APKINDEX.tar.gz
#11 0.775 fetch http://dl-cdn.alpinelinux.org/alpine/edge/testing/x86_64/APKINDEX.tar.gz
#11 0.980 fetch http://dl-cdn.alpinelinux.org/alpine/edge/community/x86_64/APKINDEX.tar.gz
#11 1.233 v20240606-1005-gc6b4dbb686d [https://dl-cdn.alpinelinux.org/alpine/edge/main]
#11 1.233 v20240606-1021-g4289d2837c3 [https://dl-cdn.alpinelinux.org/alpine/edge/community]
#11 1.233 v20240606-991-g126d06f71d8 [http://dl-cdn.alpinelinux.org/alpine/edge/testing]
#11 1.233 v20240606-1021-g4289d2837c3 [http://dl-cdn.alpinelinux.org/alpine/edge/community]
#11 1.233 OK: 31615 distinct packages available
#11 1.291 fetch https://dl-cdn.alpinelinux.org/alpine/edge/main/x86_64/APKINDEX.tar.gz
#11 1.400 fetch https://dl-cdn.alpinelinux.org/alpine/edge/community/x86_64/APKINDEX.tar.gz
#11 1.504 fetch http://dl-cdn.alpinelinux.org/alpine/edge/testing/x86_64/APKINDEX.tar.gz
#11 1.624 fetch http://dl-cdn.alpinelinux.org/alpine/edge/community/x86_64/APKINDEX.tar.gz
#11 1.866 (1/176) Upgrading musl (1.2.4_git20230717-r5 -> 1.2.5-r1)
#11 1.884 (2/176) Upgrading libcrypto3 (3.1.4-r2 -> 3.3.1-r0)
#11 1.918 (3/176) Upgrading libssl3 (3.1.4-r2 -> 3.3.1-r0)
#11 1.935 (4/176) Upgrading zlib (1.3-r2 -> 1.3.1-r1)
#11 1.948 (5/176) Installing ncurses-terminfo-base (6.4_p20240420-r0)
#11 1.962 (6/176) Installing libncursesw (6.4_p20240420-r0)
#11 1.978 (7/176) Installing readline (8.2.10-r0)
#11 1.992 (8/176) Installing bash (5.2.26-r0)
#11 2.013 Executing bash-5.2.26-r0.post-install
#11 2.015 (9/176) Installing m4 (1.4.19-r3)
#11 2.029 (10/176) Installing bison (3.8.2-r1)
#11 2.050 (11/176) Installing coreutils-env (9.5-r1)
#11 2.062 (12/176) Installing coreutils-fmt (9.5-r1)
#11 2.075 (13/176) Installing coreutils-sha512sum (9.5-r1)
#11 2.087 (14/176) Installing libacl (2.3.2-r0)
#11 2.100 (15/176) Installing libattr (2.5.2-r0)
#11 2.115 (16/176) Installing skalibs (2.14.2.0-r0)
#11 2.129 (17/176) Installing utmps-libs (0.1.2.2-r1)
#11 2.141 (18/176) Installing coreutils (9.5-r1)
#11 2.165 (19/176) Installing diffutils (3.10-r0)
#11 2.180 (20/176) Installing zstd-libs (1.5.6-r0)
#11 2.198 (21/176) Installing libelf (0.191-r0)
#11 2.210 (22/176) Installing libbz2 (1.0.8-r6)
#11 2.224 (23/176) Installing musl-fts (1.2.7-r6)
#11 2.237 (24/176) Installing xz-libs (5.6.2-r0)
#11 2.250 (25/176) Installing libdw (0.191-r0)
#11 2.266 (26/176) Installing libasm (0.191-r0)
#11 2.278 (27/176) Installing xz (5.6.2-r0)
#11 2.292 (28/176) Installing pkgconf (2.2.0-r0)
#11 2.306 (29/176) Installing xz-dev (5.6.2-r0)
#11 2.320 (30/176) Installing libgcc (13.2.1_git20240309-r0)
#11 2.334 (31/176) Installing libstdc++ (13.2.1_git20240309-r0)
#11 2.361 (32/176) Installing zstd (1.5.6-r0)
#11 2.376 (33/176) Installing zstd-dev (1.5.6-r0)
#11 2.391 (34/176) Installing zlib-dev (1.3.1-r1)
#11 2.404 (35/176) Installing elfutils-dev (0.191-r0)
#11 2.426 (36/176) Installing libmagic (5.45-r1)
#11 2.473 (37/176) Installing file (5.45-r1)
#11 2.485 (38/176) Installing findutils (4.9.0-r5)
#11 2.500 (39/176) Installing flex (2.6.4-r6)
#11 2.514 (40/176) Installing jansson (2.14-r4)
#11 2.526 (41/176) Installing binutils (2.42-r0)
#11 2.590 (42/176) Installing libgomp (13.2.1_git20240309-r0)
#11 2.607 (43/176) Installing libatomic (13.2.1_git20240309-r0)
#11 2.619 (44/176) Installing gmp (6.3.0-r1)
#11 2.635 (45/176) Installing isl26 (0.26-r1)
#11 2.661 (46/176) Installing mpfr4 (4.2.1-r0)
#11 2.678 (47/176) Installing mpc1 (1.3.1-r1)
#11 2.691 (48/176) Installing gcc (13.2.1_git20240309-r0)
#11 3.197 (49/176) Installing ca-certificates (20240226-r0)
#11 3.219 (50/176) Installing brotli-libs (1.1.0-r2)
#11 3.237 (51/176) Installing c-ares (1.28.1-r0)
#11 3.250 (52/176) Installing libunistring (1.2-r0)
#11 3.271 (53/176) Installing libidn2 (2.3.7-r0)
#11 3.285 (54/176) Installing nghttp2-libs (1.62.1-r0)
#11 3.298 (55/176) Installing libpsl (0.21.5-r1)
#11 3.311 (56/176) Installing libcurl (8.8.0-r0)
#11 3.328 (57/176) Installing libexpat (2.6.2-r0)
#11 3.341 (58/176) Installing pcre2 (10.43-r0)
#11 3.359 (59/176) Installing git (2.45.2-r1)
#11 3.411 (60/176) Installing git-init-template (2.45.2-r1)
#11 3.424 (61/176) Installing libcap2 (2.70-r0)
#11 3.436 (62/176) Installing libmnl (1.0.5-r2)
#11 3.448 (63/176) Installing iproute2-minimal (6.9.0-r0)
#11 3.465 (64/176) Installing libxtables (1.8.10-r3)
#11 3.478 (65/176) Installing iproute2-tc (6.9.0-r0)
#11 3.494 (66/176) Installing iproute2-ss (6.9.0-r0)
#11 3.507 (67/176) Installing iproute2 (6.9.0-r0)
#11 3.522 Executing iproute2-6.9.0-r0.post-install
#11 3.525 (68/176) Installing linux-headers (6.6-r0)
#11 3.616 (69/176) Installing libip4tc (1.8.10-r3)
#11 3.627 (70/176) Installing libip6tc (1.8.10-r3)
#11 3.639 (71/176) Installing libipq (1.8.10-r3)
#11 3.686 (72/176) Installing iptables-dev (1.8.10-r3)
#11 3.705 (73/176) Installing oniguruma (6.9.9-r0)
#11 3.720 (74/176) Installing jq (1.7.1-r0)
#11 3.737 (75/176) Installing kmod (32-r0)
#11 3.751 (76/176) Installing libbpf (1.4.3-r0)
#11 3.767 (77/176) Installing libbpf-dev (1.4.3-r0)
#11 3.786 (78/176) Installing libcap-dev (2.70-r0)
#11 3.798 (79/176) Installing libmnl-dev (1.0.5-r2)
#11 3.814 (80/176) Installing make (4.4.1-r2)
#11 3.829 (81/176) Installing musl-dev (1.2.5-r1)
#11 3.888 (82/176) Installing openssl-dev (3.3.1-r0)
#11 3.917 (83/176) Installing perl (5.40.0-r0)
#11 4.110 (84/176) Installing perl-error (0.17029-r2)
#11 4.123 (85/176) Installing perl-git (2.45.2-r1)
#11 4.138 (86/176) Installing git-perl (2.45.2-r1)
#11 4.151 (87/176) Installing libffi (3.4.6-r0)
#11 4.163 (88/176) Installing gdbm (1.23-r1)
#11 4.175 (89/176) Installing mpdecimal (4.0.0-r0)
#11 4.189 (90/176) Installing libpanelw (6.4_p20240420-r0)
#11 4.201 (91/176) Installing sqlite-libs (3.46.0-r0)
#11 4.223 (92/176) Installing python3 (3.12.3-r1)
#11 4.352 (93/176) Installing python3-pycache-pyc0 (3.12.3-r1)
#11 4.434 (94/176) Installing pyc (3.12.3-r1)
#11 4.446 (95/176) Installing py3-argcomplete-pyc (3.4.0-r0)
#11 4.461 (96/176) Installing python3-pyc (3.12.3-r1)
#11 4.476 (97/176) Installing py3-argcomplete (3.4.0-r0)
#11 4.491 (98/176) Installing py3-psutil (5.9.8-r1)
#11 4.506 (99/176) Installing py3-psutil-pyc (5.9.8-r1)
#11 4.521 (100/176) Installing py3-pyroute2 (0.7.12-r1)
#11 4.552 (101/176) Installing py3-pyroute2-pyc (0.7.12-r1)
#11 4.589 (102/176) Installing py3-certifi (2024.2.2-r1)
#11 4.601 (103/176) Installing py3-certifi-pyc (2024.2.2-r1)
#11 4.614 (104/176) Installing py3-charset-normalizer (3.3.2-r1)
#11 4.628 (105/176) Installing py3-charset-normalizer-pyc (3.3.2-r1)
#11 4.642 (106/176) Installing py3-idna (3.7-r0)
#11 4.657 (107/176) Installing py3-idna-pyc (3.7-r0)
#11 4.670 (108/176) Installing py3-urllib3 (1.26.18-r1)
#11 4.688 (109/176) Installing py3-urllib3-pyc (1.26.18-r1)
#11 4.706 (110/176) Installing py3-requests (2.32.3-r0)
#11 4.721 (111/176) Installing py3-requests-pyc (2.32.3-r0)
#11 4.735 (112/176) Installing py3-parsing (3.1.2-r1)
#11 4.764 (113/176) Installing py3-parsing-pyc (3.1.2-r1)
#11 4.780 (114/176) Installing py3-packaging (24.1-r0)
#11 4.794 (115/176) Installing py3-packaging-pyc (24.1-r0)
#11 4.809 (116/176) Installing py3-setuptools (70.1.0-r0)
#11 4.850 (117/176) Installing py3-setuptools-pyc (70.1.0-r0)
#11 4.899 (118/176) Installing libcap-ng (0.8.5-r0)
#11 4.911 (119/176) Installing libintl (0.22.5-r0)
#11 4.924 (120/176) Installing libeconf (0.6.3-r0)
#11 4.937 (121/176) Installing libblkid (2.40.1-r1)
#11 4.952 (122/176) Installing libmount (2.40.1-r1)
#11 4.966 (123/176) Installing glib (2.80.3-r0)
#11 5.009 (124/176) Installing numactl (2.0.18-r0)
#11 5.021 (125/176) Installing qemu (9.0.1-r0)
#11 5.037 Executing qemu-9.0.1-r0.pre-install
#11 5.256 Executing qemu-9.0.1-r0.post-install
#11 5.259 *
#11 5.259 * If you want to run VM as unprivileged user and let Qemu create tunX devices,
#11 5.259 * then you must add that user to the group "qemu".
#11 5.259 * If you use KVM for hardware-assisted virtualization, then you may also need
#11 5.259 * to add that user to the group "kvm".
#11 5.259 *
#11 5.259 (126/176) Installing qemu-bridge-helper (9.0.1-r0)
#11 5.276 (127/176) Installing libaio (0.3.113-r2)
#11 5.286 (128/176) Installing capstone (5.0.1-r4)
#11 5.320 (129/176) Installing nettle (3.9.1-r0)
#11 5.384 (130/176) Installing libtasn1 (4.19.0-r2)
#11 5.398 (131/176) Installing p11-kit (0.25.3-r0)
#11 5.417 (132/176) Installing gnutls (3.8.5-r0)
#11 5.441 (133/176) Installing libjpeg-turbo (3.0.3-r0)
#11 5.458 (134/176) Installing lzo (2.10-r5)
#11 5.472 (135/176) Installing pixman (0.43.2-r0)
#11 5.488 (136/176) Installing libpng (1.6.43-r0)
#11 5.502 (137/176) Installing libsasl (2.1.28-r7)
#11 5.516 (138/176) Installing libseccomp (2.5.5-r1)
#11 5.529 (139/176) Installing libslirp (4.8.0-r0)
#11 5.543 (140/176) Installing snappy (1.1.10-r2)
#11 5.555 (141/176) Installing vde2-libs (2.3.3-r3)
#11 5.568 (142/176) Installing qemu-system-x86_64 (9.0.1-r0)
#11 5.692 (143/176) Installing lz4-libs (1.9.4-r5)
#11 5.705 (144/176) Installing popt (1.19-r3)
#11 5.717 (145/176) Installing libxxhash (0.8.2-r2)
#11 5.729 (146/176) Installing rsync (3.3.0-r0)
#11 5.745 (147/176) Installing scapy (2.5.0-r3)
#11 5.798 Executing scapy-2.5.0-r3.post-install
#11 5.800 *
#11 5.800 * Certain optional features of scapy also depend on the following packages:
#11 5.800 *     py3-matplotlib graphviz imagemagick py3-cryptography sox
#11 5.800 * And the following unpackaged dependencies:
#11 5.800 *     pyxi vpython-jupyter nmap<v4.23
#11 5.800 * More information can be found at https://scapy.readthedocs.io/en/latest/installation.html#optional-dependencies
#11 5.800 *
#11 5.800 (148/176) Installing scapy-pyc (2.5.0-r3)
#11 5.861 (149/176) Installing util-linux (2.40.1-r1)
#11 5.873 (150/176) Installing dmesg (2.40.1-r1)
#11 5.885 (151/176) Installing setarch (2.40.1-r1)
#11 5.896 (152/176) Installing libuuid (2.40.1-r1)
#11 5.909 (153/176) Installing libfdisk (2.40.1-r1)
#11 5.925 (154/176) Installing libsmartcols (2.40.1-r1)
#11 5.937 (155/176) Installing util-linux-misc (2.40.1-r1)
#11 5.965 (156/176) Installing linux-pam (1.6.0-r0)
#11 5.984 (157/176) Installing runuser (2.40.1-r1)
#11 5.996 (158/176) Installing mount (2.40.1-r1)
#11 6.008 (159/176) Installing losetup (2.40.1-r1)
#11 6.021 (160/176) Installing hexdump (2.40.1-r1)
#11 6.033 (161/176) Installing uuidgen (2.40.1-r1)
#11 6.045 (162/176) Installing blkid (2.40.1-r1)
#11 6.057 (163/176) Installing sfdisk (2.40.1-r1)
#11 6.069 (164/176) Installing mcookie (2.40.1-r1)
#11 6.081 (165/176) Installing agetty (2.40.1-r1)
#11 6.093 (166/176) Installing wipefs (2.40.1-r1)
#11 6.105 (167/176) Installing cfdisk (2.40.1-r1)
#11 6.117 (168/176) Installing umount (2.40.1-r1)
#11 6.129 (169/176) Installing flock (2.40.1-r1)
#11 6.141 (170/176) Installing lsblk (2.40.1-r1)
#11 6.154 (171/176) Installing setpriv (2.40.1-r1)
#11 6.166 (172/176) Installing logger (2.40.1-r1)
#11 6.177 (173/176) Installing partx (2.40.1-r1)
#11 6.190 (174/176) Installing fstrim (2.40.1-r1)
#11 6.201 (175/176) Installing findmnt (2.40.1-r1)
#11 6.214 (176/176) Installing virtme-ng@testing (1.25-r0)
#11 6.272 Executing busybox-1.36.1-r17.trigger
#11 6.277 Executing ca-certificates-20240226-r0.trigger
#11 6.301 Executing glib-2.80.3-r0.trigger
#11 6.309 OK: 385 MiB in 187 packages
#11 DONE 7.6s

#12 [ 8/22] RUN mkdir -p /tmp/kernel-patches &&     mkdir -p /tmp/iproute2-patches
#12 DONE 0.9s

#13 [ 9/22] COPY tdc.config /tmp
#13 DONE 0.5s

#14 [10/22] COPY tdc-debug.config /tmp
#14 DONE 0.4s

#15 [11/22] COPY kernel-patches /tmp/kernel-patches/
#15 DONE 0.4s

#16 [12/22] COPY iproute2-patches /tmp/iproute2-patches/
#16 DONE 0.4s

#17 [13/22] COPY configs /tmp/configs/
#17 DONE 0.4s

#18 [14/22] RUN git config --global user.email foo@bar.com
#18 DONE 0.8s

#19 [15/22] RUN git config --global user.name foo@bar.com
#19 DONE 0.9s

#20 [16/22] RUN git clone https://git.kernel.org/pub/scm/network/iproute2/iproute2-next.git /nipa-data/iproute2
#20 0.679 Cloning into '/nipa-data/iproute2'...
#20 DONE 2.4s

#21 [17/22] RUN cd /nipa-data/iproute2 && 	git remote add stable https://git.kernel.org/pub/scm/network/iproute2/iproute2.git && 	git fetch --all && 	git merge stable/main
#21 0.342 Fetching origin
#21 0.620 Fetching stable
#21 1.098 From https://git.kernel.org/pub/scm/network/iproute2/iproute2
#21 1.098  * [new branch]        codeql         -> stable/codeql
#21 1.098  * [new branch]        iproute2-4.1.x -> stable/iproute2-4.1.x
#21 1.098  * [new branch]        main           -> stable/main
#21 1.128 Merge made by the 'ort' strategy.
#21 1.213  devlink/devlink.c | 4 ++--
#21 1.213  1 file changed, 2 insertions(+), 2 deletions(-)
#21 DONE 1.4s

#22 [18/22] RUN if [ "$(find /tmp/iproute2-patches/ -name *.patch)" ]; then  	cd /nipa-data/iproute2; 	git apply /tmp/iproute2-patches/*.patch;     fi
#22 DONE 1.2s

#23 [19/22] RUN cd /nipa-data/iproute2/ &&     ./configure &&     make
#23 0.719 TC schedulers
#23 0.720  IPT	using xtables
#23 0.749  IPSET  yes
#23 0.769 
#23 0.769 lib directory: /usr/lib
#23 0.769 libc has setns: yes
#23 0.788 libc has name_to_handle_at: yes
#23 0.809 SELinux support: no
#23 0.810 libtirpc support: no
#23 0.811 libbpf support: yes
#23 0.874 	libbpf version 1.4.3
#23 0.874 ELF support: yes
#23 0.876 libmnl support: yes
#23 0.878 Berkeley DB: no
#23 0.887 need for strlcpy: no
#23 0.908 libcap support: yes
#23 0.910 color output: never
#23 0.912 
#23 0.912 lib
#23 0.914     CC       libgenl.o
#23 0.927 In file included from ../include/libgenl.h:5,
#23 0.927                  from libgenl.c:12:
#23 0.927 ../include/libnetlink.h: In function 'rta_getattr_be64':
#23 0.927 ../include/libnetlink.h:280:16: warning: implicit declaration of function 'htobe64' [-Wimplicit-function-declaration]
#23 0.927   280 |         return htobe64(rta_getattr_u64(rta));
#23 0.927       |                ^~~~~~~
#23 0.954     CC       libnetlink.o
#23 1.280     CC       mnl_utils.o
#23 1.292 In file included from mnl_utils.c:12:
#23 1.292 ../include/libnetlink.h: In function 'rta_getattr_be64':
#23 1.292 ../include/libnetlink.h:280:16: warning: implicit declaration of function 'htobe64' [-Wimplicit-function-declaration]
#23 1.292   280 |         return htobe64(rta_getattr_u64(rta));
#23 1.292       |                ^~~~~~~
#23 1.353     AR       libnetlink.a
#23 1.355     CC       utils.o
#23 1.731     CC       utils_math.o
#23 1.768     CC       rt_names.o
#23 1.935     CC       ll_map.o
#23 1.947 In file included from ll_map.c:17:
#23 1.947 ../include/libnetlink.h: In function 'rta_getattr_be64':
#23 1.947 ../include/libnetlink.h:280:16: warning: implicit declaration of function 'htobe64' [-Wimplicit-function-declaration]
#23 1.947   280 |         return htobe64(rta_getattr_u64(rta));
#23 1.947       |                ^~~~~~~
#23 2.024     CC       ll_types.o
#23 2.035 In file included from ll_types.c:20:
#23 2.035 ../include/uapi/linux/sockios.h:42: warning: "SIOCGSTAMP" redefined
#23 2.035    42 | #define SIOCGSTAMP      SIOCGSTAMP_OLD
#23 2.035       | 
#23 2.036 In file included from /usr/include/sys/ioctl.h:10,
#23 2.036                  from ll_types.c:12:
#23 2.036 /usr/include/bits/ioctl.h:111: note: this is the location of the previous definition
#23 2.036   111 | #define SIOCGSTAMP      0x8906
#23 2.036       | 
#23 2.036 ../include/uapi/linux/sockios.h:43: warning: "SIOCGSTAMPNS" redefined
#23 2.036    43 | #define SIOCGSTAMPNS    SIOCGSTAMPNS_OLD
#23 2.036       | 
#23 2.036 /usr/include/bits/ioctl.h:112: note: this is the location of the previous definition
#23 2.036   112 | #define SIOCGSTAMPNS    0x8907
#23 2.036       | 
#23 2.050     CC       ll_proto.o
#23 2.062 In file included from ll_proto.c:21:
#23 2.062 ../include/uapi/linux/sockios.h:42: warning: "SIOCGSTAMP" redefined
#23 2.062    42 | #define SIOCGSTAMP      SIOCGSTAMP_OLD
#23 2.062       | 
#23 2.062 In file included from /usr/include/sys/ioctl.h:10,
#23 2.062                  from ll_proto.c:13:
#23 2.062 /usr/include/bits/ioctl.h:111: note: this is the location of the previous definition
#23 2.062   111 | #define SIOCGSTAMP      0x8906
#23 2.062       | 
#23 2.062 ../include/uapi/linux/sockios.h:43: warning: "SIOCGSTAMPNS" redefined
#23 2.062    43 | #define SIOCGSTAMPNS    SIOCGSTAMPNS_OLD
#23 2.062       | 
#23 2.062 /usr/include/bits/ioctl.h:112: note: this is the location of the previous definition
#23 2.062   112 | #define SIOCGSTAMPNS    0x8907
#23 2.062       | 
#23 2.075     CC       ll_addr.o
#23 2.086 In file included from ll_addr.c:20:
#23 2.086 ../include/uapi/linux/sockios.h:42: warning: "SIOCGSTAMP" redefined
#23 2.086    42 | #define SIOCGSTAMP      SIOCGSTAMP_OLD
#23 2.086       | 
#23 2.086 In file included from /usr/include/sys/ioctl.h:10,
#23 2.086                  from ll_addr.c:12:
#23 2.086 /usr/include/bits/ioctl.h:111: note: this is the location of the previous definition
#23 2.086   111 | #define SIOCGSTAMP      0x8906
#23 2.086       | 
#23 2.086 ../include/uapi/linux/sockios.h:43: warning: "SIOCGSTAMPNS" redefined
#23 2.086    43 | #define SIOCGSTAMPNS    SIOCGSTAMPNS_OLD
#23 2.086       | 
#23 2.086 /usr/include/bits/ioctl.h:112: note: this is the location of the previous definition
#23 2.086   112 | #define SIOCGSTAMPNS    0x8907
#23 2.086       | 
#23 2.112     CC       inet_proto.o
#23 2.139     CC       namespace.o
#23 2.188     CC       json_writer.o
#23 2.276     CC       json_print.o
#23 2.395     CC       json_print_math.o
#23 2.428     CC       names.o
#23 2.470     CC       color.o
#23 2.510     CC       bpf_legacy.o
#23 2.849     CC       bpf_glue.o
#23 2.882     CC       exec.o
#23 2.910     CC       fs.o
#23 2.976     CC       cg_map.o
#23 3.009     CC       ppp_proto.o
#23 3.038     CC       bpf_libbpf.o
#23 3.128     CC       selinux.o
#23 3.146     CC       ax25_ntop.o
#23 3.172     CC       rose_ntop.o
#23 3.188 In file included from rose_ntop.c:16:
#23 3.188 ../include/uapi/linux/sockios.h:42: warning: "SIOCGSTAMP" redefined
#23 3.188    42 | #define SIOCGSTAMP      SIOCGSTAMP_OLD
#23 3.188       | 
#23 3.188 In file included from /usr/include/sys/ioctl.h:10,
#23 3.188                  from rose_ntop.c:7:
#23 3.188 /usr/include/bits/ioctl.h:111: note: this is the location of the previous definition
#23 3.188   111 | #define SIOCGSTAMP      0x8906
#23 3.188       | 
#23 3.188 ../include/uapi/linux/sockios.h:43: warning: "SIOCGSTAMPNS" redefined
#23 3.188    43 | #define SIOCGSTAMPNS    SIOCGSTAMPNS_OLD
#23 3.188       | 
#23 3.188 /usr/include/bits/ioctl.h:112: note: this is the location of the previous definition
#23 3.188   112 | #define SIOCGSTAMPNS    0x8907
#23 3.188       | 
#23 3.207     CC       mpls_ntop.o
#23 3.233     CC       mpls_pton.o
#23 3.260     CC       netrom_ntop.o
#23 3.281     AR       libutil.a
#23 3.285 
#23 3.285 ip
#23 3.287     CC       ip.o
#23 3.363     CC       ipaddress.o
#23 3.376 In file included from ipaddress.c:26:
#23 3.376 ../include/uapi/linux/sockios.h:42: warning: "SIOCGSTAMP" redefined
#23 3.376    42 | #define SIOCGSTAMP      SIOCGSTAMP_OLD
#23 3.376       | 
#23 3.376 In file included from /usr/include/sys/ioctl.h:10,
#23 3.376                  from ipaddress.c:14:
#23 3.376 /usr/include/bits/ioctl.h:111: note: this is the location of the previous definition
#23 3.376   111 | #define SIOCGSTAMP      0x8906
#23 3.376       | 
#23 3.376 ../include/uapi/linux/sockios.h:43: warning: "SIOCGSTAMPNS" redefined
#23 3.376    43 | #define SIOCGSTAMPNS    SIOCGSTAMPNS_OLD
#23 3.376       | 
#23 3.376 /usr/include/bits/ioctl.h:112: note: this is the location of the previous definition
#23 3.376   112 | #define SIOCGSTAMPNS    0x8907
#23 3.376       | 
#23 3.825     CC       ipaddrlabel.o
#23 3.881     CC       iproute.o
#23 4.435     CC       iprule.o
#23 4.612     CC       ipnetns.o
#23 4.792     CC       rtm_map.o
#23 4.830     CC       iptunnel.o
#23 4.842 In file included from ../include/uapi/linux/if_tunnel.h:6,
#23 4.842                  from iptunnel.c:19:
#23 4.842 ../include/uapi/linux/if.h:134: warning: "IFF_VOLATILE" redefined
#23 4.842   134 | #define IFF_VOLATILE    (IFF_LOOPBACK|IFF_POINTOPOINT|IFF_BROADCAST|IFF_ECHO|\
#23 4.842       | 
#23 4.842 In file included from iptunnel.c:16:
#23 4.842 /usr/include/net/if.h:48: note: this is the location of the previous definition
#23 4.842    48 | #define IFF_VOLATILE (IFF_LOOPBACK|IFF_POINTOPOINT|IFF_BROADCAST| \
#23 4.842       | 
#23 4.971     CC       ip6tunnel.o
#23 5.079     CC       tunnel.o
#23 5.184     CC       ipneigh.o
#23 5.346     CC       ipntable.o
#23 5.449     CC       iplink.o
#23 5.752     CC       ipmaddr.o
#23 5.767 In file included from ipmaddr.c:21:
#23 5.767 ../include/uapi/linux/sockios.h:42: warning: "SIOCGSTAMP" redefined
#23 5.767    42 | #define SIOCGSTAMP      SIOCGSTAMP_OLD
#23 5.767       | 
#23 5.767 In file included from /usr/include/sys/ioctl.h:10,
#23 5.767                  from ipmaddr.c:12:
#23 5.767 /usr/include/bits/ioctl.h:111: note: this is the location of the previous definition
#23 5.767   111 | #define SIOCGSTAMP      0x8906
#23 5.767       | 
#23 5.767 ../include/uapi/linux/sockios.h:43: warning: "SIOCGSTAMPNS" redefined
#23 5.767    43 | #define SIOCGSTAMPNS    SIOCGSTAMPNS_OLD
#23 5.767       | 
#23 5.767 /usr/include/bits/ioctl.h:112: note: this is the location of the previous definition
#23 5.767   112 | #define SIOCGSTAMPNS    0x8907
#23 5.767       | 
#23 5.863     CC       ipmonitor.o
#23 5.936     CC       ipmroute.o
#23 5.948 In file included from ipmroute.c:22:
#23 5.948 ../include/uapi/linux/sockios.h:42: warning: "SIOCGSTAMP" redefined
#23 5.948    42 | #define SIOCGSTAMP      SIOCGSTAMP_OLD
#23 5.948       | 
#23 5.948 In file included from /usr/include/sys/ioctl.h:10,
#23 5.948                  from ipmroute.c:13:
#23 5.948 /usr/include/bits/ioctl.h:111: note: this is the location of the previous definition
#23 5.948   111 | #define SIOCGSTAMP      0x8906
#23 5.948       | 
#23 5.948 ../include/uapi/linux/sockios.h:43: warning: "SIOCGSTAMPNS" redefined
#23 5.948    43 | #define SIOCGSTAMPNS    SIOCGSTAMPNS_OLD
#23 5.948       | 
#23 5.948 /usr/include/bits/ioctl.h:112: note: this is the location of the previous definition
#23 5.948   112 | #define SIOCGSTAMPNS    0x8907
#23 5.948       | 
#23 6.011     CC       ipprefix.o
#23 6.041     CC       iptuntap.o
#23 6.157     CC       iptoken.o
#23 6.217     CC       ipxfrm.o
#23 6.518     CC       xfrm_state.o
#23 6.776     CC       xfrm_policy.o
#23 7.049     CC       xfrm_monitor.o
#23 7.144     CC       iplink_dummy.o
#23 7.173     CC       iplink_ifb.o
#23 7.195     CC       iplink_nlmon.o
#23 7.219     CC       iplink_team.o
#23 7.244     CC       iplink_vcan.o
#23 7.267     CC       iplink_vxcan.o
#23 7.300     CC       iplink_vlan.o
#23 7.368     CC       link_veth.o
#23 7.404     CC       link_gre.o
#23 7.415 In file included from ../include/uapi/linux/if_tunnel.h:6,
#23 7.415                  from link_gre.c:15:
#23 7.415 ../include/uapi/linux/if.h:134: warning: "IFF_VOLATILE" redefined
#23 7.415   134 | #define IFF_VOLATILE    (IFF_LOOPBACK|IFF_POINTOPOINT|IFF_BROADCAST|IFF_ECHO|\
#23 7.415       | 
#23 7.415 In file included from link_gre.c:9:
#23 7.415 /usr/include/net/if.h:48: note: this is the location of the previous definition
#23 7.415    48 | #define IFF_VOLATILE (IFF_LOOPBACK|IFF_POINTOPOINT|IFF_BROADCAST| \
#23 7.415       | 
#23 7.530     CC       iplink_can.o
#23 7.668     CC       iplink_xdp.o
#23 7.729     CC       iplink_macvlan.o
#23 7.799     CC       ipl2tp.o
#23 7.952     CC       link_vti.o
#23 7.963 In file included from ../include/uapi/linux/if_tunnel.h:6,
#23 7.963                  from link_vti.c:16:
#23 7.963 ../include/uapi/linux/if.h:134: warning: "IFF_VOLATILE" redefined
#23 7.963   134 | #define IFF_VOLATILE    (IFF_LOOPBACK|IFF_POINTOPOINT|IFF_BROADCAST|IFF_ECHO|\
#23 7.963       | 
#23 7.963 In file included from link_vti.c:10:
#23 7.963 /usr/include/net/if.h:48: note: this is the location of the previous definition
#23 7.963    48 | #define IFF_VOLATILE (IFF_LOOPBACK|IFF_POINTOPOINT|IFF_BROADCAST| \
#23 7.963       | 
#23 8.008     CC       link_vti6.o
#23 8.019 In file included from ../include/uapi/linux/if_tunnel.h:6,
#23 8.019                  from link_vti6.c:17:
#23 8.019 ../include/uapi/linux/if.h:134: warning: "IFF_VOLATILE" redefined
#23 8.019   134 | #define IFF_VOLATILE    (IFF_LOOPBACK|IFF_POINTOPOINT|IFF_BROADCAST|IFF_ECHO|\
#23 8.019       | 
#23 8.019 In file included from link_vti6.c:11:
#23 8.019 /usr/include/net/if.h:48: note: this is the location of the previous definition
#23 8.019    48 | #define IFF_VOLATILE (IFF_LOOPBACK|IFF_POINTOPOINT|IFF_BROADCAST| \
#23 8.019       | 
#23 8.064     CC       link_xfrm.o
#23 8.099     CC       iplink_vxlan.o
#23 8.250     CC       tcp_metrics.o
#23 8.353     CC       iplink_ipoib.o
#23 8.401     CC       ipnetconf.o
#23 8.465     CC       link_ip6tnl.o
#23 8.475 In file included from ../include/uapi/linux/if_tunnel.h:6,
#23 8.475                  from link_ip6tnl.c:15:
#23 8.475 ../include/uapi/linux/if.h:134: warning: "IFF_VOLATILE" redefined
#23 8.475   134 | #define IFF_VOLATILE    (IFF_LOOPBACK|IFF_POINTOPOINT|IFF_BROADCAST|IFF_ECHO|\
#23 8.475       | 
#23 8.475 In file included from link_ip6tnl.c:9:
#23 8.475 /usr/include/net/if.h:48: note: this is the location of the previous definition
#23 8.475    48 | #define IFF_VOLATILE (IFF_LOOPBACK|IFF_POINTOPOINT|IFF_BROADCAST| \
#23 8.475       | 
#23 8.561     CC       link_iptnl.o
#23 8.572 In file included from ../include/uapi/linux/if_tunnel.h:6,
#23 8.572                  from link_iptnl.c:16:
#23 8.572 ../include/uapi/linux/if.h:134: warning: "IFF_VOLATILE" redefined
#23 8.572   134 | #define IFF_VOLATILE    (IFF_LOOPBACK|IFF_POINTOPOINT|IFF_BROADCAST|IFF_ECHO|\
#23 8.572       | 
#23 8.572 In file included from link_iptnl.c:9:
#23 8.572 /usr/include/net/if.h:48: note: this is the location of the previous definition
#23 8.572    48 | #define IFF_VOLATILE (IFF_LOOPBACK|IFF_POINTOPOINT|IFF_BROADCAST| \
#23 8.572       | 
#23 8.659     CC       link_gre6.o
#23 8.670 In file included from ../include/uapi/linux/if_tunnel.h:6,
#23 8.670                  from link_gre6.c:15:
#23 8.670 ../include/uapi/linux/if.h:134: warning: "IFF_VOLATILE" redefined
#23 8.670   134 | #define IFF_VOLATILE    (IFF_LOOPBACK|IFF_POINTOPOINT|IFF_BROADCAST|IFF_ECHO|\
#23 8.670       | 
#23 8.670 In file included from link_gre6.c:9:
#23 8.670 /usr/include/net/if.h:48: note: this is the location of the previous definition
#23 8.670    48 | #define IFF_VOLATILE (IFF_LOOPBACK|IFF_POINTOPOINT|IFF_BROADCAST| \
#23 8.670       | 
#23 8.806     CC       iplink_bond.o
#23 8.995     CC       iplink_bond_slave.o
#23 9.047     CC       iplink_hsr.o
#23 9.112     CC       iplink_bridge.o
#23 9.274     CC       iplink_bridge_slave.o
#23 9.385     CC       iplink_dsa.o
#23 9.417     CC       ipfou.o
#23 9.430 In file included from ../include/libgenl.h:5,
#23 9.430                  from ipfou.c:18:
#23 9.430 ../include/libnetlink.h: In function 'rta_getattr_be64':
#23 9.430 ../include/libnetlink.h:280:16: warning: implicit declaration of function 'htobe64' [-Wimplicit-function-declaration]
#23 9.430   280 |         return htobe64(rta_getattr_u64(rta));
#23 9.430       |                ^~~~~~~
#23 9.498     CC       iplink_ipvlan.o
#23 9.538     CC       iplink_geneve.o
#23 9.626     CC       iplink_vrf.o
#23 9.674     CC       iproute_lwtunnel.o
#23 10.08     CC       ipmacsec.o
#23 10.31     CC       ipila.o
#23 10.32 In file included from ../include/libgenl.h:5,
#23 10.32                  from ipila.c:18:
#23 10.32 ../include/libnetlink.h: In function 'rta_getattr_be64':
#23 10.32 ../include/libnetlink.h:280:16: warning: implicit declaration of function 'htobe64' [-Wimplicit-function-declaration]
#23 10.32   280 |         return htobe64(rta_getattr_u64(rta));
#23 10.32       |                ^~~~~~~
#23 10.39     CC       ipvrf.o
#23 10.49     CC       iplink_xstats.o
#23 10.52     CC       ipseg6.o
#23 10.57     CC       iplink_netdevsim.o
#23 10.59     CC       iplink_rmnet.o
#23 10.62     CC       ipnexthop.o
#23 10.87     CC       ipmptcp.o
#23 10.99     CC       iplink_bareudp.o
#23 11.00 In file included from iplink_bareudp.c:9:
#23 11.00 ../include/libnetlink.h: In function 'rta_getattr_be64':
#23 11.00 ../include/libnetlink.h:280:16: warning: implicit declaration of function 'htobe64' [-Wimplicit-function-declaration]
#23 11.00   280 |         return htobe64(rta_getattr_u64(rta));
#23 11.00       |                ^~~~~~~
#23 11.04     CC       iplink_wwan.o
#23 11.06     CC       ipioam6.o
#23 11.14     CC       iplink_amt.o
#23 11.19     CC       iplink_batadv.o
#23 11.22     CC       iplink_gtp.o
#23 11.26     CC       iplink_virt_wifi.o
#23 11.29     CC       iplink_netkit.o
#23 11.33     CC       ipstats.o
#23 11.53     LINK     ip
#23 11.57     CC       rtmon.o
#23 11.63     LINK     rtmon
#23 11.64 
#23 11.64 tc
#23 11.64     CC       tc.o
#23 11.73     CC       tc_qdisc.o
#23 11.85     CC       tc_class.o
#23 11.97     CC       tc_filter.o
#23 12.16     CC       tc_util.o
#23 12.35     CC       tc_monitor.o
#23 12.38     CC       tc_exec.o
#23 12.43     CC       m_police.o
#23 12.54     CC       m_estimator.o
#23 12.57     CC       m_action.o
#23 12.72     CC       m_ematch.o
#23 12.85     YACC     emp_ematch.tab.c
#23 12.91     CC       emp_ematch.tab.o
#23 13.01     LEX      emp_ematch.lex.c
#23 13.02     CC       emp_ematch.lex.o
#23 13.19     CC       q_fifo.o
#23 13.22     CC       q_sfq.o
#23 13.29     CC       q_red.o
#23 13.36     CC       q_prio.o
#23 13.41     CC       q_skbprio.o
#23 13.45     CC       q_tbf.o
#23 13.55     CC       q_multiq.o
#23 13.58     CC       q_netem.o
#23 13.78     CC       q_choke.o
#23 13.85     CC       q_sfb.o
#23 13.91     CC       f_u32.o
#23 14.18     CC       f_route.o
#23 14.23     CC       f_fw.o
#23 14.28     CC       f_basic.o
#23 14.32     CC       f_bpf.o
#23 14.39     CC       f_flow.o
#23 14.48     CC       f_cgroup.o
#23 14.52     CC       f_flower.o
#23 14.53 In file included from ../include/uapi/linux/netdevice.h:29,
#23 14.53                  from ../include/uapi/linux/if_arp.h:27,
#23 14.53                  from f_flower.c:14:
#23 14.53 ../include/uapi/linux/if.h:134: warning: "IFF_VOLATILE" redefined
#23 14.53   134 | #define IFF_VOLATILE    (IFF_LOOPBACK|IFF_POINTOPOINT|IFF_BROADCAST|IFF_ECHO|\
#23 14.53       | 
#23 14.53 In file included from f_flower.c:12:
#23 14.53 /usr/include/net/if.h:48: note: this is the location of the previous definition
#23 14.53    48 | #define IFF_VOLATILE (IFF_LOOPBACK|IFF_POINTOPOINT|IFF_BROADCAST| \
#23 14.53       | 
#23 15.05     CC       q_gred.o
#23 15.15     CC       q_ingress.o
#23 15.18     CC       q_hfsc.o
#23 15.26     CC       q_htb.o
#23 15.36     CC       q_drr.o
#23 15.40     CC       q_qfq.o
#23 15.43     CC       m_gact.o
#23 15.48     CC       m_mirred.o
#23 15.57     CC       m_mpls.o
#23 15.63     CC       m_nat.o
#23 15.69     CC       m_pedit.o
#23 15.83     CC       m_ife.o
#23 15.90     CC       m_skbedit.o
#23 15.97     CC       m_skbmod.o
#23 16.03     CC       m_csum.o
#23 16.09     CC       m_simple.o
#23 16.15     CC       m_vlan.o
#23 16.21     CC       m_connmark.o
#23 16.25     CC       m_ctinfo.o
#23 16.31     CC       m_bpf.o
#23 16.36     CC       m_tunnel_key.o
#23 16.48     CC       m_sample.o
#23 16.52     CC       m_ct.o
#23 16.62     CC       m_gate.o
#23 16.72     CC       p_ip.o
#23 16.76     CC       p_ip6.o
#23 16.79     CC       p_icmp.o
#23 16.82     CC       p_eth.o
#23 16.86     CC       p_tcp.o
#23 16.89     CC       p_udp.o
#23 16.92     CC       em_nbyte.o
#23 16.97     CC       em_cmp.o
#23 17.02     CC       em_u32.o
#23 17.07     CC       em_canid.o
#23 17.13     CC       em_meta.o
#23 17.23     CC       q_mqprio.o
#23 17.34     CC       q_codel.o
#23 17.40     CC       q_fq_codel.o
#23 17.47     CC       q_fq.o
#23 17.61     CC       q_pie.o
#23 17.67     CC       q_fq_pie.o
#23 17.75     CC       q_cake.o
#23 17.93     CC       q_hhf.o
#23 17.98     CC       q_clsact.o
#23 18.01     CC       e_bpf.o
#23 18.07     CC       f_matchall.o
#23 18.12     CC       q_cbs.o
#23 18.16     CC       q_etf.o
#23 18.21     CC       q_taprio.o
#23 18.33     CC       q_plug.o
#23 18.36     CC       q_ets.o
#23 18.44     CC       em_ipt.o
#23 18.46 In file included from tc_util.h:7,
#23 18.46                  from m_ematch.h:11,
#23 18.46                  from em_ipt.c:13:
#23 18.46 ../include/uapi/linux/if.h:134: warning: "IFF_VOLATILE" redefined
#23 18.46   134 | #define IFF_VOLATILE    (IFF_LOOPBACK|IFF_POINTOPOINT|IFF_BROADCAST|IFF_ECHO|\
#23 18.46       | 
#23 18.46 In file included from ../include/xtables.h:17,
#23 18.46                  from em_ipt.c:12:
#23 18.46 /usr/include/net/if.h:48: note: this is the location of the previous definition
#23 18.46    48 | #define IFF_VOLATILE (IFF_LOOPBACK|IFF_POINTOPOINT|IFF_BROADCAST| \
#23 18.46       | 
#23 18.49     CC       em_ipset.o
#23 18.51 In file included from tc_util.h:7,
#23 18.51                  from m_ematch.h:11,
#23 18.51                  from em_ipset.c:39:
#23 18.51 ../include/uapi/linux/if.h:134: warning: "IFF_VOLATILE" redefined
#23 18.51   134 | #define IFF_VOLATILE    (IFF_LOOPBACK|IFF_POINTOPOINT|IFF_BROADCAST|IFF_ECHO|\
#23 18.51       | 
#23 18.51 In file included from ../include/xtables.h:17,
#23 18.51                  from em_ipset.c:23:
#23 18.51 /usr/include/net/if.h:48: note: this is the location of the previous definition
#23 18.51    48 | #define IFF_VOLATILE (IFF_LOOPBACK|IFF_POINTOPOINT|IFF_BROADCAST| \
#23 18.51       | 
#23 18.55     CC       tc_core.o
#23 18.62     CC       tc_red.o
#23 18.67     CC       tc_estimator.o
#23 18.70     CC       tc_stab.o
#23 18.76     CC       tc_qevent.o
#23 18.78 In file included from tc_qevent.h:7,
#23 18.78                  from tc_qevent.c:10:
#23 18.78 ../include/libnetlink.h: In function 'rta_getattr_be64':
#23 18.78 ../include/libnetlink.h:280:16: warning: implicit declaration of function 'htobe64' [-Wimplicit-function-declaration]
#23 18.78   280 |         return htobe64(rta_getattr_u64(rta));
#23 18.78       |                ^~~~~~~
#23 18.83     AR       libtc.a
#23 18.84     LINK     tc
#23 18.87 rm emp_ematch.lex.c
#23 18.87 
#23 18.87 bridge
#23 18.87     CC       bridge.o
#23 18.92     CC       fdb.o
#23 18.94 In file included from fdb.c:28:
#23 18.94 ../include/libnetlink.h: In function 'rta_getattr_be64':
#23 18.94 ../include/libnetlink.h:280:16: warning: implicit declaration of function 'htobe64' [-Wimplicit-function-declaration]
#23 18.94   280 |         return htobe64(rta_getattr_u64(rta));
#23 18.94       |                ^~~~~~~
#23 19.12     CC       monitor.o
#23 19.16     CC       link.o
#23 19.18 In file included from link.c:16:
#23 19.18 ../include/libnetlink.h: In function 'rta_getattr_be64':
#23 19.18 ../include/libnetlink.h:280:16: warning: implicit declaration of function 'htobe64' [-Wimplicit-function-declaration]
#23 19.18   280 |         return htobe64(rta_getattr_u64(rta));
#23 19.18       |                ^~~~~~~
#23 19.34     CC       mdb.o
#23 19.35 In file included from mdb.c:20:
#23 19.35 ../include/libnetlink.h: In function 'rta_getattr_be64':
#23 19.35 ../include/libnetlink.h:280:16: warning: implicit declaration of function 'htobe64' [-Wimplicit-function-declaration]
#23 19.35   280 |         return htobe64(rta_getattr_u64(rta));
#23 19.35       |                ^~~~~~~
#23 19.54     CC       vlan.o
#23 19.56 In file included from vlan.c:16:
#23 19.56 ../include/libnetlink.h: In function 'rta_getattr_be64':
#23 19.56 ../include/libnetlink.h:280:16: warning: implicit declaration of function 'htobe64' [-Wimplicit-function-declaration]
#23 19.56   280 |         return htobe64(rta_getattr_u64(rta));
#23 19.56       |                ^~~~~~~
#23 19.80     CC       vni.o
#23 19.82 In file included from vni.c:21:
#23 19.82 ../include/libnetlink.h: In function 'rta_getattr_be64':
#23 19.82 ../include/libnetlink.h:280:16: warning: implicit declaration of function 'htobe64' [-Wimplicit-function-declaration]
#23 19.82   280 |         return htobe64(rta_getattr_u64(rta));
#23 19.82       |                ^~~~~~~
#23 19.89     LINK     bridge
#23 19.90 
#23 19.90 misc
#23 19.90     CC       ss.o
#23 19.93 In file included from ../include/uapi/linux/tipc.h:42,
#23 19.93                  from ss.c:49:
#23 19.93 ../include/uapi/linux/sockios.h:42: warning: "SIOCGSTAMP" redefined
#23 19.93    42 | #define SIOCGSTAMP      SIOCGSTAMP_OLD
#23 19.93       | 
#23 19.93 In file included from /usr/include/sys/ioctl.h:10,
#23 19.93                  from ss.c:12:
#23 19.93 /usr/include/bits/ioctl.h:111: note: this is the location of the previous definition
#23 19.93   111 | #define SIOCGSTAMP      0x8906
#23 19.93       | 
#23 19.93 ../include/uapi/linux/sockios.h:43: warning: "SIOCGSTAMPNS" redefined
#23 19.93    43 | #define SIOCGSTAMPNS    SIOCGSTAMPNS_OLD
#23 19.93       | 
#23 19.93 /usr/include/bits/ioctl.h:112: note: this is the location of the previous definition
#23 19.93   112 | #define SIOCGSTAMPNS    0x8907
#23 19.93       | 
#23 20.81     CC       ssfilter_check.o
#23 20.82 In file included from ssfilter_check.c:6:
#23 20.82 ../include/libnetlink.h: In function 'rta_getattr_be64':
#23 20.82 ../include/libnetlink.h:280:16: warning: implicit declaration of function 'htobe64' [-Wimplicit-function-declaration]
#23 20.82   280 |         return htobe64(rta_getattr_u64(rta));
#23 20.82       |                ^~~~~~~
#23 20.84     YACC     ssfilter.tab.c
#23 20.90     CC       ssfilter.tab.o
#23 21.02     LINK     ss
#23 21.03     CC       nstat
#23 21.18     CC       ifstat
#23 21.20 In file included from ifstat.c:30:
#23 21.20 ../include/libnetlink.h: In function 'rta_getattr_be64':
#23 21.20 ../include/libnetlink.h:280:16: warning: implicit declaration of function 'htobe64' [-Wimplicit-function-declaration]
#23 21.20   280 |         return htobe64(rta_getattr_u64(rta));
#23 21.20       |                ^~~~~~~
#23 21.36     CC       rtacct
#23 21.49     CC       lnstat.o
#23 21.55     CC       lnstat_util.o
#23 21.61     LINK     lnstat
#23 21.62 
#23 21.62 netem
#23 21.62 gcc  -I../include -o maketable maketable.c -lm
#23 21.66 gcc  -I../include -o normal normal.c -lm
#23 21.68 gcc  -I../include -o pareto pareto.c -lm
#23 21.71 gcc  -I../include -o paretonormal paretonormal.c -lm
#23 21.73 ./normal > normal.dist
#23 21.74 ./pareto > pareto.dist
#23 21.74 ./paretonormal > paretonormal.dist
#23 21.75 ./maketable experimental.dat > experimental.dist
#23 21.76 
#23 21.76 genl
#23 21.76     CC       genl.o
#23 21.80     CC       ctrl.o
#23 21.87     LINK     genl
#23 21.88 
#23 21.88 man
#23 21.88 make[2]: Nothing to be done for 'all'.
#23 21.88 make[2]: Nothing to be done for 'all'.
#23 21.88 sed \
#23 21.88 	-e "s|@NETNS_ETC_DIR@|/etc/netns|g" \
#23 21.88 	-e "s|@NETNS_RUN_DIR@|/var/run/netns|g" \
#23 21.88 	-e "s|@SYSCONF_ETC_DIR@|/etc/iproute2|g" \
#23 21.88 	-e "s|@SYSCONF_USR_DIR@|/usr/share/iproute2|g" \
#23 21.88 	ip-address.8.in > ip-address.8
#23 21.89 sed \
#23 21.89 	-e "s|@NETNS_ETC_DIR@|/etc/netns|g" \
#23 21.89 	-e "s|@NETNS_RUN_DIR@|/var/run/netns|g" \
#23 21.89 	-e "s|@SYSCONF_ETC_DIR@|/etc/iproute2|g" \
#23 21.89 	-e "s|@SYSCONF_USR_DIR@|/usr/share/iproute2|g" \
#23 21.89 	ip-link.8.in > ip-link.8
#23 21.89 sed \
#23 21.89 	-e "s|@NETNS_ETC_DIR@|/etc/netns|g" \
#23 21.89 	-e "s|@NETNS_RUN_DIR@|/var/run/netns|g" \
#23 21.89 	-e "s|@SYSCONF_ETC_DIR@|/etc/iproute2|g" \
#23 21.89 	-e "s|@SYSCONF_USR_DIR@|/usr/share/iproute2|g" \
#23 21.89 	ip-netns.8.in > ip-netns.8
#23 21.89 sed \
#23 21.89 	-e "s|@NETNS_ETC_DIR@|/etc/netns|g" \
#23 21.89 	-e "s|@NETNS_RUN_DIR@|/var/run/netns|g" \
#23 21.89 	-e "s|@SYSCONF_ETC_DIR@|/etc/iproute2|g" \
#23 21.89 	-e "s|@SYSCONF_USR_DIR@|/usr/share/iproute2|g" \
#23 21.89 	ip-route.8.in > ip-route.8
#23 21.90 
#23 21.90 tipc
#23 21.90     CC       bearer.o
#23 22.08     CC       cmdl.o
#23 22.12     CC       link.o
#23 22.31     CC       media.o
#23 22.36     CC       misc.o
#23 22.41     CC       msg.o
#23 22.44     CC       nametable.o
#23 22.48     CC       node.o
#23 22.57     CC       socket.o
#23 22.60     CC       peer.o
#23 22.64     CC       tipc.o
#23 22.67     LINK     tipc
#23 22.68 
#23 22.68 devlink
#23 22.68     CC       devlink.o
#23 24.31     CC       mnlg.o
#23 24.32 In file included from mnlg.c:16:
#23 24.32 ../include/libnetlink.h: In function 'rta_getattr_be64':
#23 24.32 ../include/libnetlink.h:280:16: warning: implicit declaration of function 'htobe64' [-Wimplicit-function-declaration]
#23 24.32   280 |         return htobe64(rta_getattr_u64(rta));
#23 24.32       |                ^~~~~~~
#23 24.35     LINK     devlink
#23 24.37 
#23 24.37 rdma
#23 24.37     CC       rdma.o
#23 24.39 rdma.c: In function 'main':
#23 24.39 rdma.c:110:20: warning: implicit declaration of function 'basename'; did you mean 'rename'? [-Wimplicit-function-declaration]
#23 24.39   110 |         filename = basename(argv[0]);
#23 24.39       |                    ^~~~~~~~
#23 24.39       |                    rename
#23 24.39 rdma.c:110:18: warning: assignment to 'char *' from 'int' makes pointer from integer without a cast [-Wint-conversion]
#23 24.39   110 |         filename = basename(argv[0]);
#23 24.39       |                  ^
#23 24.41     CC       utils.o
#23 24.60     CC       dev.o
#23 24.67     CC       link.o
#23 24.76     CC       res.o
#23 24.87     CC       res-pd.o
#23 24.91     CC       res-mr.o
#23 24.96     CC       res-cq.o
#23 25.01     CC       res-cmid.o
#23 25.07     CC       res-qp.o
#23 25.12     CC       sys.o
#23 25.17     CC       stat.o
#23 25.38     CC       stat-mr.o
#23 25.42     CC       res-ctx.o
#23 25.46     CC       res-srq.o
#23 25.52     LINK     rdma
#23 25.54 
#23 25.54 dcb
#23 25.54     CC       dcb.o
#23 25.55 In file included from ../include/namespace.h:10,
#23 25.55                  from dcb.c:11:
#23 25.55 ../include/libnetlink.h: In function 'rta_getattr_be64':
#23 25.55 ../include/libnetlink.h:280:16: warning: implicit declaration of function 'htobe64' [-Wimplicit-function-declaration]
#23 25.55   280 |         return htobe64(rta_getattr_u64(rta));
#23 25.55       |                ^~~~~~~
#23 25.65     CC       dcb_app.o
#23 25.84     CC       dcb_buffer.o
#23 25.92     CC       dcb_dcbx.o
#23 25.97     CC       dcb_ets.o
#23 26.05     CC       dcb_maxrate.o
#23 26.11     CC       dcb_pfc.o
#23 26.17     CC       dcb_apptrust.o
#23 26.23     CC       dcb_rewr.o
#23 26.31     LINK     dcb
#23 26.32 
#23 26.32 vdpa
#23 26.32     CC       vdpa.o
#23 26.48     LINK     vdpa
#23 DONE 26.5s

#24 [20/22] RUN git clone --no-single-branch --depth=1 https://github.com/linux-netdev/testing.git /nipa-data/kernel
#24 0.414 Cloning into '/nipa-data/kernel'...
#24 25.09 Updating files:  16% (13570/83283)Updating files:  17% (14159/83283)Updating files:  18% (14991/83283)Updating files:  19% (15824/83283)Updating files:  20% (16657/83283)Updating files:  21% (17490/83283)Updating files:  22% (18323/83283)Updating files:  23% (19156/83283)Updating files:  24% (19988/83283)Updating files:  25% (20821/83283)Updating files:  26% (21654/83283)Updating files:  27% (22487/83283)Updating files:  28% (23320/83283)Updating files:  29% (24153/83283)Updating files:  30% (24985/83283)Updating files:  31% (25818/83283)Updating files:  32% (26651/83283)Updating files:  33% (27484/83283)Updating files:  33% (27870/83283)Updating files:  34% (28317/83283)Updating files:  35% (29150/83283)Updating files:  36% (29982/83283)Updating files:  37% (30815/83283)Updating files:  38% (31648/83283)Updating files:  39% (32481/83283)Updating files:  40% (33314/83283)Updating files:  40% (33600/83283)Updating files:  41% (34147/83283)Updating files:  42% (34979/83283)Updating files:  43% (35812/83283)Updating files:  44% (36645/83283)Updating files:  45% (37478/83283)Updating files:  46% (38311/83283)Updating files:  47% (39144/83283)Updating files:  48% (39976/83283)Updating files:  49% (40809/83283)Updating files:  50% (41642/83283)Updating files:  51% (42475/83283)Updating files:  51% (42753/83283)Updating files:  52% (43308/83283)Updating files:  53% (44140/83283)Updating files:  54% (44973/83283)Updating files:  55% (45806/83283)Updating files:  56% (46639/83283)Updating files:  57% (47472/83283)Updating files:  58% (48305/83283)Updating files:  59% (49137/83283)Updating files:  60% (49970/83283)Updating files:  61% (50803/83283)Updating files:  62% (51636/83283)Updating files:  63% (52469/83283)Updating files:  64% (53302/83283)Updating files:  64% (53489/83283)Updating files:  65% (54134/83283)Updating files:  66% (54967/83283)Updating files:  67% (55800/83283)Updating files:  68% (56633/83283)Updating files:  69% (57466/83283)Updating files:  70% (58299/83283)Updating files:  71% (59131/83283)Updating files:  72% (59964/83283)Updating files:  73% (60797/83283)Updating files:  74% (61630/83283)Updating files:  75% (62463/83283)Updating files:  76% (63296/83283)Updating files:  77% (64128/83283)Updating files:  78% (64961/83283)Updating files:  79% (65794/83283)Updating files:  80% (66627/83283)Updating files:  81% (67460/83283)Updating files:  81% (67928/83283)Updating files:  82% (68293/83283)Updating files:  83% (69125/83283)Updating files:  84% (69958/83283)Updating files:  85% (70791/83283)Updating files:  86% (71624/83283)Updating files:  87% (72457/83283)Updating files:  88% (73290/83283)Updating files:  89% (74122/83283)Updating files:  90% (74955/83283)Updating files:  91% (75788/83283)Updating files:  92% (76621/83283)Updating files:  93% (77454/83283)Updating files:  94% (78287/83283)Updating files:  95% (79119/83283)Updating files:  96% (79952/83283)Updating files:  97% (80785/83283)Updating files:  98% (81618/83283)Updating files:  99% (82451/83283)Updating files:  99% (82735/83283)Updating files: 100% (83283/83283)Updating files: 100% (83283/83283), done.
#24 DONE 32.9s

#25 [21/22] RUN git clone --depth=1 -b main https://github.com/p4tc-dev/new-nipa.git nipa
#25 0.367 Cloning into 'nipa'...
#25 DONE 0.6s

#26 [22/22] COPY entrypoint.sh /entrypoint.sh
#26 DONE 0.3s

#27 exporting to image
#27 exporting layers
#27 exporting layers 7.4s done
#27 writing image sha256:abe1722b3ec0742413898dde2d26d64197b069eb7f7f4dc2f8f980303fc1eb48 done
#27 naming to docker.io/library/nipa-executor 0.0s done
#27 DONE 7.4s
=== >>> DEBUG KERNEL <<< ===
NIPA version: 1b9c21a (ui: set canvas background color to stand out, 2024-03-28)
INFO: Last run date: 2024-06-22 03:00:07.828083+00:00
Testing  {'branch': 'net-next-2024-06-22--06-00', 'date': '2024-06-22T06:00:07.523306+00:00', 'base': '5f15676fd995cd799e910d5fbcd137a72a34332b', 'url': 'https://github.com/linux-netdev/testing.git net-next-2024-06-22--06-00'}
Updating files:  34% (7765/22201)Updating files:  35% (7771/22201)Updating files:  36% (7993/22201)Updating files:  37% (8215/22201)Updating files:  38% (8437/22201)Updating files:  39% (8659/22201)Updating files:  40% (8881/22201)Updating files:  41% (9103/22201)Updating files:  42% (9325/22201)Updating files:  43% (9547/22201)Updating files:  44% (9769/22201)Updating files:  45% (9991/22201)Updating files:  46% (10213/22201)Updating files:  47% (10435/22201)Updating files:  48% (10657/22201)Updating files:  49% (10879/22201)Updating files:  50% (11101/22201)Updating files:  51% (11323/22201)Updating files:  52% (11545/22201)Updating files:  53% (11767/22201)Updating files:  54% (11989/22201)Updating files:  55% (12211/22201)Updating files:  56% (12433/22201)Updating files:  57% (12655/22201)Updating files:  58% (12877/22201)Updating files:  59% (13099/22201)Updating files:  60% (13321/22201)Updating files:  61% (13543/22201)Updating files:  62% (13765/22201)Updating files:  63% (13987/22201)Updating files:  64% (14209/22201)Updating files:  64% (14244/22201)Updating files:  65% (14431/22201)Updating files:  66% (14653/22201)Updating files:  67% (14875/22201)Updating files:  68% (15097/22201)Updating files:  69% (15319/22201)Updating files:  70% (15541/22201)Updating files:  71% (15763/22201)Updating files:  72% (15985/22201)Updating files:  73% (16207/22201)Updating files:  74% (16429/22201)Updating files:  75% (16651/22201)Updating files:  76% (16873/22201)Updating files:  77% (17095/22201)Updating files:  78% (17317/22201)Updating files:  79% (17539/22201)Updating files:  80% (17761/22201)Updating files:  81% (17983/22201)Updating files:  82% (18205/22201)Updating files:  83% (18427/22201)Updating files:  84% (18649/22201)Updating files:  85% (18871/22201)Updating files:  86% (19093/22201)Updating files:  87% (19315/22201)Updating files:  88% (19537/22201)Updating files:  89% (19759/22201)Updating files:  90% (19981/22201)Updating files:  91% (20203/22201)Updating files:  92% (20425/22201)Updating files:  93% (20647/22201)Updating files:  94% (20869/22201)Updating files:  95% (21091/22201)Updating files:  96% (21313/22201)Updating files:  97% (21535/22201)Updating files:  98% (21757/22201)Updating files:  99% (21979/22201)Updating files: 100% (22201/22201)Updating files: 100% (22201/22201), done.
branch 'net-next-2024-06-22--06-00' set up to track 'origin/net-next-2024-06-22--06-00'.
Switched to a new branch 'net-next-2024-06-22--06-00'
error: No valid patches in input (allow with "--allow-empty")
Checking patch tools/testing/selftests/tc-testing/tdc_config.py...
Applied patch tools/testing/selftests/tc-testing/tdc_config.py cleanly.
Run at 2024-06-22 06:23:50.445252
INFO: building kernel
INFO: starting VM 0
INFO: thr0-0 VM starting: vng -v -r arch/x86/boot/bzImage --user root --rwdir=/nipa-data/kernel/
INFO: thr0-0 expecting prompt: '/nipa-data/kernel# '
INFO: thr0-0 reached initial prompt
INFO: thr-0 testing == tdc.sh
INFO: thr-0 tdc.sh >> retcode: 0 result: pass found {'fail': False, 'skip': False, 'pass': True}
INFO: thr-0 has no more work, exiting
INFO: thr0-0 VM stopped
Done at 2024-06-22 06:28:39.129066
NIPA quitting!
/
~/nipa/tc-executor/tc-executor-storage /
sort: write failed: 'standard output': Broken pipe
sort: write error
