~/nipa/tc-executor/tc-executor-storage /
Switched to branch 'storage'
Your branch is ahead of 'origin/storage' by 83 commits.
  (use "git push" to publish your local commits)
/
~/nipa/tc-executor /
Error response from daemon: No such image: nipa-executor:latest
#0 building with "default" instance using docker driver

#1 [internal] load build definition from Dockerfile
#1 transferring dockerfile: 2.03kB done
#1 DONE 0.0s

#2 [internal] load .dockerignore
#2 transferring context: 2B done
#2 DONE 0.0s

#3 [internal] load metadata for docker.io/library/alpine:edge
#3 DONE 0.0s

#4 [ 1/22] FROM docker.io/library/alpine:edge
#4 CACHED

#5 [internal] load build context
#5 transferring context: 3.02kB done
#5 DONE 0.0s

#6 [ 2/22] RUN echo false > debug-mode
#6 DONE 0.4s

#7 [ 3/22] RUN addgroup -g 1001 hostuser
#7 DONE 0.3s

#8 [ 4/22] RUN adduser -u 1001 -G hostuser -H -D -s /bin/ash hostuser
#8 DONE 0.4s

#9 [ 5/22] RUN echo '@testing http://dl-cdn.alpinelinux.org/alpine/edge/testing' >> /etc/apk/repositories
#9 DONE 0.4s

#10 [ 6/22] RUN echo '@community http://dl-cdn.alpinelinux.org/alpine/edge/community' >> /etc/apk/repositories
#10 DONE 0.4s

#11 [ 7/22] RUN apk update && apk add --no-cache    virtme-ng@testing    git    py3-requests    py3-psutil    py3-setuptools    py3-pyroute2    py3-argcomplete    qemu-system-x86_64@community    scapy@community    make    gcc    musl-dev    flex    bison    linux-headers    elfutils-dev    util-linux    coreutils    diffutils    findutils    file    bash    kmod    perl    iptables-dev    libcap-dev    libmnl-dev    iproute2     jq    libbpf-dev    rsync
#11 0.353 fetch https://dl-cdn.alpinelinux.org/alpine/edge/main/x86_64/APKINDEX.tar.gz
#11 0.571 fetch https://dl-cdn.alpinelinux.org/alpine/edge/community/x86_64/APKINDEX.tar.gz
#11 0.782 fetch http://dl-cdn.alpinelinux.org/alpine/edge/testing/x86_64/APKINDEX.tar.gz
#11 0.886 fetch http://dl-cdn.alpinelinux.org/alpine/edge/community/x86_64/APKINDEX.tar.gz
#11 1.093 v20231219-4261-gb42509e45ab [https://dl-cdn.alpinelinux.org/alpine/edge/main]
#11 1.093 v20231219-4261-gb42509e45ab [https://dl-cdn.alpinelinux.org/alpine/edge/community]
#11 1.093 v20231219-4258-g0b6b0482be7 [http://dl-cdn.alpinelinux.org/alpine/edge/testing]
#11 1.093 v20231219-4261-gb42509e45ab [http://dl-cdn.alpinelinux.org/alpine/edge/community]
#11 1.093 OK: 30391 distinct packages available
#11 1.143 fetch https://dl-cdn.alpinelinux.org/alpine/edge/main/x86_64/APKINDEX.tar.gz
#11 1.249 fetch https://dl-cdn.alpinelinux.org/alpine/edge/community/x86_64/APKINDEX.tar.gz
#11 1.352 fetch http://dl-cdn.alpinelinux.org/alpine/edge/testing/x86_64/APKINDEX.tar.gz
#11 1.445 fetch http://dl-cdn.alpinelinux.org/alpine/edge/community/x86_64/APKINDEX.tar.gz
#11 1.636 (1/175) Upgrading musl (1.2.4_git20230717-r5 -> 1.2.4_git20230717-r6)
#11 1.653 (2/175) Upgrading zlib (1.3-r2 -> 1.3.1-r0)
#11 1.673 (3/175) Installing ncurses-terminfo-base (6.4_p20231125-r0)
#11 1.780 (4/175) Installing libncursesw (6.4_p20231125-r0)
#11 1.795 (5/175) Installing readline (8.2.10-r0)
#11 1.809 (6/175) Installing bash (5.2.26-r0)
#11 1.830 Executing bash-5.2.26-r0.post-install
#11 1.832 (7/175) Installing m4 (1.4.19-r3)
#11 1.846 (8/175) Installing bison (3.8.2-r1)
#11 1.867 (9/175) Installing coreutils-env (9.4-r2)
#11 1.879 (10/175) Installing coreutils-fmt (9.4-r2)
#11 1.890 (11/175) Installing coreutils-sha512sum (9.4-r2)
#11 1.902 (12/175) Installing libacl (2.3.2-r0)
#11 1.913 (13/175) Installing libattr (2.5.2-r0)
#11 1.929 (14/175) Installing skalibs (2.14.1.0-r0)
#11 1.954 (15/175) Installing utmps-libs (0.1.2.2-r0)
#11 1.979 (16/175) Installing coreutils (9.4-r2)
#11 2.002 (17/175) Installing diffutils (3.10-r0)
#11 2.017 (18/175) Installing zstd-libs (1.5.5-r8)
#11 2.038 (19/175) Installing libelf (0.190-r1)
#11 2.052 (20/175) Installing libbz2 (1.0.8-r6)
#11 2.065 (21/175) Installing musl-fts (1.2.7-r6)
#11 2.089 (22/175) Installing xz-libs (5.4.6-r0)
#11 2.108 (23/175) Installing libdw (0.190-r1)
#11 2.130 (24/175) Installing libasm (0.190-r1)
#11 2.144 (25/175) Installing xz (5.4.6-r0)
#11 2.161 (26/175) Installing pkgconf (2.1.1-r0)
#11 2.176 (27/175) Installing xz-dev (5.4.6-r0)
#11 2.216 (28/175) Installing libgcc (13.2.1_git20231014-r1)
#11 2.228 (29/175) Installing libstdc++ (13.2.1_git20231014-r1)
#11 2.253 (30/175) Installing zstd (1.5.5-r8)
#11 2.267 (31/175) Installing zstd-dev (1.5.5-r8)
#11 2.281 (32/175) Installing zlib-dev (1.3.1-r0)
#11 2.293 (33/175) Installing elfutils-dev (0.190-r1)
#11 2.319 (34/175) Installing libmagic (5.45-r1)
#11 2.346 (35/175) Installing file (5.45-r1)
#11 2.358 (36/175) Installing findutils (4.9.0-r5)
#11 2.374 (37/175) Installing flex (2.6.4-r6)
#11 2.389 (38/175) Installing jansson (2.14-r4)
#11 2.401 (39/175) Installing binutils (2.42-r0)
#11 2.452 (40/175) Installing libgomp (13.2.1_git20231014-r1)
#11 2.466 (41/175) Installing libatomic (13.2.1_git20231014-r1)
#11 2.478 (42/175) Installing gmp (6.3.0-r0)
#11 2.506 (43/175) Installing isl26 (0.26-r1)
#11 2.528 (44/175) Installing mpfr4 (4.2.1-r0)
#11 2.545 (45/175) Installing mpc1 (1.3.1-r1)
#11 2.559 (46/175) Installing gcc (13.2.1_git20231014-r1)
#11 3.091 (47/175) Installing ca-certificates (20230506-r1)
#11 3.116 (48/175) Installing brotli-libs (1.1.0-r1)
#11 3.134 (49/175) Installing c-ares (1.26.0-r0)
#11 3.148 (50/175) Installing libunistring (1.1-r2)
#11 3.169 (51/175) Installing libidn2 (2.3.7-r0)
#11 3.186 (52/175) Installing nghttp2-libs (1.59.0-r0)
#11 3.200 (53/175) Installing libpsl (0.21.5-r1)
#11 3.213 (54/175) Installing libcurl (8.6.0-r0)
#11 3.231 (55/175) Installing libexpat (2.6.0-r0)
#11 3.244 (56/175) Installing pcre2 (10.43-r0)
#11 3.262 (57/175) Installing git (2.43.2-r0)
#11 3.317 (58/175) Installing git-init-template (2.43.2-r0)
#11 3.330 (59/175) Installing libcap2 (2.69-r1)
#11 3.343 (60/175) Installing libmnl (1.0.5-r2)
#11 3.356 (61/175) Installing iproute2-minimal (6.7.0-r0)
#11 3.374 (62/175) Installing libxtables (1.8.10-r3)
#11 3.386 (63/175) Installing iproute2-tc (6.7.0-r0)
#11 3.405 (64/175) Installing iproute2-ss (6.7.0-r0)
#11 3.422 (65/175) Installing iproute2 (6.7.0-r0)
#11 3.438 Executing iproute2-6.7.0-r0.post-install
#11 3.442 (66/175) Installing linux-headers (6.6-r0)
#11 3.537 (67/175) Installing libip4tc (1.8.10-r3)
#11 3.550 (68/175) Installing libip6tc (1.8.10-r3)
#11 3.562 (69/175) Installing libipq (1.8.10-r3)
#11 3.582 (70/175) Installing iptables-dev (1.8.10-r3)
#11 3.595 (71/175) Installing oniguruma (6.9.9-r0)
#11 3.613 (72/175) Installing jq (1.7.1-r0)
#11 3.629 (73/175) Installing kmod (31-r4)
#11 3.642 (74/175) Installing libbpf (1.3.0-r0)
#11 3.657 (75/175) Installing libbpf-dev (1.3.0-r0)
#11 3.677 (76/175) Installing libcap-dev (2.69-r1)
#11 3.690 (77/175) Installing libmnl-dev (1.0.5-r2)
#11 3.705 (78/175) Installing make (4.4.1-r2)
#11 3.741 (79/175) Installing musl-dev (1.2.4_git20230717-r6)
#11 3.794 (80/175) Installing perl (5.38.2-r0)
#11 3.984 (81/175) Installing perl-error (0.17029-r2)
#11 3.996 (82/175) Installing perl-git (2.43.2-r0)
#11 4.010 (83/175) Installing git-perl (2.43.2-r0)
#11 4.023 (84/175) Installing libffi (3.4.5-r0)
#11 4.037 (85/175) Installing gdbm (1.23-r1)
#11 4.049 (86/175) Installing mpdecimal (4.0.0-r0)
#11 4.062 (87/175) Installing libpanelw (6.4_p20231125-r0)
#11 4.074 (88/175) Installing sqlite-libs (3.45.1-r0)
#11 4.095 (89/175) Installing python3 (3.11.8-r0)
#11 4.237 (90/175) Installing python3-pycache-pyc0 (3.11.8-r0)
#11 4.332 (91/175) Installing pyc (3.11.8-r0)
#11 4.344 (92/175) Installing py3-argcomplete-pyc (3.2.2-r0)
#11 4.361 (93/175) Installing python3-pyc (3.11.8-r0)
#11 4.375 (94/175) Installing py3-argcomplete (3.2.2-r0)
#11 4.390 (95/175) Installing py3-psutil (5.9.8-r0)
#11 4.405 (96/175) Installing py3-psutil-pyc (5.9.8-r0)
#11 4.421 (97/175) Installing py3-pyroute2 (0.7.10-r0)
#11 4.452 (98/175) Installing py3-pyroute2-pyc (0.7.10-r0)
#11 4.486 (99/175) Installing py3-certifi (2023.11.17-r0)
#11 4.498 (100/175) Installing py3-certifi-pyc (2023.11.17-r0)
#11 4.510 (101/175) Installing py3-charset-normalizer (3.3.2-r0)
#11 4.524 (102/175) Installing py3-charset-normalizer-pyc (3.3.2-r0)
#11 4.538 (103/175) Installing py3-idna (3.6-r0)
#11 4.552 (104/175) Installing py3-idna-pyc (3.6-r0)
#11 4.565 (105/175) Installing py3-urllib3 (1.26.18-r0)
#11 4.581 (106/175) Installing py3-urllib3-pyc (1.26.18-r0)
#11 4.599 (107/175) Installing py3-requests (2.31.0-r1)
#11 4.613 (108/175) Installing py3-requests-pyc (2.31.0-r1)
#11 4.627 (109/175) Installing py3-parsing (3.1.1-r0)
#11 4.642 (110/175) Installing py3-parsing-pyc (3.1.1-r0)
#11 4.658 (111/175) Installing py3-packaging (23.2-r0)
#11 4.671 (112/175) Installing py3-packaging-pyc (23.2-r0)
#11 4.690 (113/175) Installing py3-setuptools (69.1.0-r0)
#11 4.724 (114/175) Installing py3-setuptools-pyc (69.1.0-r0)
#11 4.764 (115/175) Installing libcap-ng (0.8.4-r0)
#11 4.776 (116/175) Installing libintl (0.22.4-r0)
#11 4.788 (117/175) Installing libblkid (2.39.3-r0)
#11 4.802 (118/175) Installing libmount (2.39.3-r0)
#11 4.817 (119/175) Installing glib (2.78.4-r0)
#11 4.846 (120/175) Installing numactl (2.0.18-r0)
#11 4.858 (121/175) Installing qemu (8.2.1-r0)
#11 4.874 Executing qemu-8.2.1-r0.pre-install
#11 4.949 Executing qemu-8.2.1-r0.post-install
#11 4.952 *
#11 4.952 * If you want to run VM as unprivileged user and let Qemu create tunX devices,
#11 4.952 * then you must add that user to the group "qemu".
#11 4.952 * If you use KVM for hardware-assisted virtualization, then you may also need
#11 4.952 * to add that user to the group "kvm".
#11 4.952 *
#11 4.952 (122/175) Installing qemu-bridge-helper (8.2.1-r0)
#11 4.971 (123/175) Installing libaio (0.3.113-r2)
#11 4.983 (124/175) Installing capstone (5.0.1-r2)
#11 5.016 (125/175) Installing py3-capstone (5.0.1-r2)
#11 5.052 (126/175) Installing py3-capstone-pyc (5.0.1-r2)
#11 5.064 (127/175) Installing nettle (3.9.1-r0)
#11 5.081 (128/175) Installing libtasn1 (4.19.0-r2)
#11 5.094 (129/175) Installing p11-kit (0.25.3-r0)
#11 5.112 (130/175) Installing gnutls (3.8.3-r0)
#11 5.137 (131/175) Installing libjpeg-turbo (3.0.2-r0)
#11 5.154 (132/175) Installing lzo (2.10-r5)
#11 5.167 (133/175) Installing pixman (0.43.2-r0)
#11 5.184 (134/175) Installing libpng (1.6.42-r0)
#11 5.198 (135/175) Installing libsasl (2.1.28-r5)
#11 5.212 (136/175) Installing libseccomp (2.5.5-r0)
#11 5.225 (137/175) Installing libslirp (4.7.0-r0)
#11 5.238 (138/175) Installing snappy (1.1.10-r2)
#11 5.250 (139/175) Installing liburing (2.5-r1)
#11 5.262 (140/175) Installing vde2-libs (2.3.3-r1)
#11 5.274 (141/175) Installing qemu-system-x86_64 (8.2.1-r0)
#11 5.379 (142/175) Installing lz4-libs (1.9.4-r5)
#11 5.393 (143/175) Installing popt (1.19-r3)
#11 5.410 (144/175) Installing libxxhash (0.8.2-r2)
#11 5.422 (145/175) Installing rsync (3.2.7-r4)
#11 5.438 (146/175) Installing scapy (2.5.0-r1)
#11 5.489 Executing scapy-2.5.0-r1.post-install
#11 5.491 *
#11 5.491 * Certain optional features of scapy also depend on the following packages:
#11 5.491 *     py3-matplotlib graphviz imagemagick py3-cryptography sox
#11 5.491 * And the following unpackaged dependencies:
#11 5.491 *     pyxi vpython-jupyter nmap<v4.23
#11 5.491 * More information can be found at https://scapy.readthedocs.io/en/latest/installation.html#optional-dependencies
#11 5.491 *
#11 5.491 (147/175) Installing scapy-pyc (2.5.0-r1)
#11 5.551 (148/175) Installing util-linux (2.39.3-r0)
#11 5.562 (149/175) Installing setarch (2.39.3-r0)
#11 5.575 (150/175) Installing libuuid (2.39.3-r0)
#11 5.587 (151/175) Installing libfdisk (2.39.3-r0)
#11 5.601 (152/175) Installing libsmartcols (2.39.3-r0)
#11 5.614 (153/175) Installing util-linux-misc (2.39.3-r0)
#11 5.640 (154/175) Installing libeconf (0.5.2-r2)
#11 5.653 (155/175) Installing linux-pam (1.5.3-r7)
#11 5.675 (156/175) Installing runuser (2.39.3-r0)
#11 5.688 (157/175) Installing mount (2.39.3-r0)
#11 5.699 (158/175) Installing losetup (2.39.3-r0)
#11 5.711 (159/175) Installing hexdump (2.39.3-r0)
#11 5.723 (160/175) Installing uuidgen (2.39.3-r0)
#11 5.735 (161/175) Installing blkid (2.39.3-r0)
#11 5.748 (162/175) Installing sfdisk (2.39.3-r0)
#11 5.761 (163/175) Installing mcookie (2.39.3-r0)
#11 5.775 (164/175) Installing agetty (2.39.3-r0)
#11 5.788 (165/175) Installing wipefs (2.39.3-r0)
#11 5.800 (166/175) Installing cfdisk (2.39.3-r0)
#11 5.813 (167/175) Installing umount (2.39.3-r0)
#11 5.824 (168/175) Installing flock (2.39.3-r0)
#11 5.841 (169/175) Installing lsblk (2.39.3-r0)
#11 5.854 (170/175) Installing setpriv (2.39.3-r0)
#11 5.867 (171/175) Installing logger (2.39.3-r0)
#11 5.879 (172/175) Installing partx (2.39.3-r0)
#11 5.892 (173/175) Installing fstrim (2.39.3-r0)
#11 5.903 (174/175) Installing findmnt (2.39.3-r0)
#11 5.915 (175/175) Installing virtme-ng@testing (1.20-r0)
#11 5.969 Executing busybox-1.36.1-r17.trigger
#11 5.973 Executing ca-certificates-20230506-r1.trigger
#11 5.996 Executing glib-2.78.4-r0.trigger
#11 6.002 OK: 385 MiB in 188 packages
#11 DONE 6.3s

#12 [ 8/22] RUN mkdir -p /tmp/kernel-patches &&     mkdir -p /tmp/iproute2-patches
#12 DONE 0.3s

#13 [ 9/22] COPY tdc.config /tmp
#13 DONE 0.0s

#14 [10/22] COPY tdc-debug.config /tmp
#14 DONE 0.1s

#15 [11/22] COPY kernel-patches /tmp/kernel-patches/
#15 DONE 0.0s

#16 [12/22] COPY iproute2-patches /tmp/iproute2-patches/
#16 DONE 0.0s

#17 [13/22] COPY configs /tmp/configs/
#17 DONE 0.0s

#18 [14/22] RUN git config --global user.email foo@bar.com
#18 DONE 0.3s

#19 [15/22] RUN git config --global user.name foo@bar.com
#19 DONE 0.4s

#20 [16/22] RUN git clone https://git.kernel.org/pub/scm/network/iproute2/iproute2-next.git /nipa-data/iproute2
#20 0.408 Cloning into '/nipa-data/iproute2'...
#20 DONE 2.2s

#21 [17/22] RUN cd /nipa-data/iproute2 && 	git remote add stable https://git.kernel.org/pub/scm/network/iproute2/iproute2.git && 	git fetch --all && 	git merge stable/main
#21 0.751 Fetching origin
#21 1.058 Fetching stable
#21 1.645 From https://git.kernel.org/pub/scm/network/iproute2/iproute2
#21 1.645  * [new branch]        codeql         -> stable/codeql
#21 1.645  * [new branch]        color-opt      -> stable/color-opt
#21 1.646  * [new branch]        flag-names     -> stable/flag-names
#21 1.646  * [new branch]        iproute2-4.1.x -> stable/iproute2-4.1.x
#21 1.646  * [new branch]        json1          -> stable/json1
#21 1.646  * [new branch]        main           -> stable/main
#21 1.646  * [new branch]        net-next       -> stable/net-next
#21 1.646  * [new branch]        warnings       -> stable/warnings
#21 1.684 Merge made by the 'ort' strategy.
#21 1.735  man/man8/ip-link.8.in |  5 ++++
#21 1.735  man/man8/ip.8         | 10 ++++----
#21 1.735  tc/f_cgroup.c         |  4 ++--
#21 1.735  tc/f_flow.c           | 64 +++++++++++++++++++++++++++++----------------------
#21 1.735  tc/f_fw.c             | 12 +++++-----
#21 1.735  tc/f_route.c          | 16 ++++++++-----
#21 1.735  6 files changed, 65 insertions(+), 46 deletions(-)
#21 DONE 1.9s

#22 [18/22] RUN if [ "$(find /tmp/iproute2-patches/ -name *.patch)" ]; then  	cd /nipa-data/iproute2; 	git apply /tmp/iproute2-patches/*.patch;     fi
#22 DONE 1.0s

#23 [19/22] RUN cd /nipa-data/iproute2/ &&     ./configure &&     make
#23 0.730 TC schedulers
#23 0.731  IPT	using xtables
#23 0.758  IPSET  yes
#23 0.779 
#23 0.780 lib directory: /usr/lib
#23 0.780 libc has setns: yes
#23 0.801 libc has name_to_handle_at: yes
#23 0.822 SELinux support: no
#23 0.823 libtirpc support: no
#23 0.824 libbpf support: yes
#23 0.891 	libbpf version 1.3.0
#23 0.891 ELF support: yes
#23 0.893 libmnl support: yes
#23 0.895 Berkeley DB: no
#23 0.905 need for strlcpy: no
#23 0.926 libcap support: yes
#23 0.928 color output: never
#23 0.930 
#23 0.930 lib
#23 0.932     CC       libgenl.o
#23 0.971     CC       libnetlink.o
#23 1.269     CC       mnl_utils.o
#23 1.355     AR       libnetlink.a
#23 1.357     CC       utils.o
#23 1.716     CC       utils_math.o
#23 1.756     CC       rt_names.o
#23 1.928     CC       ll_map.o
#23 2.020     CC       ll_types.o
#23 2.032 In file included from ll_types.c:20:
#23 2.032 ../include/uapi/linux/sockios.h:42: warning: "SIOCGSTAMP" redefined
#23 2.032    42 | #define SIOCGSTAMP      SIOCGSTAMP_OLD
#23 2.032       | 
#23 2.032 In file included from /usr/include/sys/ioctl.h:10,
#23 2.032                  from ll_types.c:12:
#23 2.032 /usr/include/bits/ioctl.h:111: note: this is the location of the previous definition
#23 2.032   111 | #define SIOCGSTAMP      0x8906
#23 2.032       | 
#23 2.032 ../include/uapi/linux/sockios.h:43: warning: "SIOCGSTAMPNS" redefined
#23 2.032    43 | #define SIOCGSTAMPNS    SIOCGSTAMPNS_OLD
#23 2.032       | 
#23 2.032 /usr/include/bits/ioctl.h:112: note: this is the location of the previous definition
#23 2.032   112 | #define SIOCGSTAMPNS    0x8907
#23 2.032       | 
#23 2.047     CC       ll_proto.o
#23 2.059 In file included from ll_proto.c:21:
#23 2.059 ../include/uapi/linux/sockios.h:42: warning: "SIOCGSTAMP" redefined
#23 2.059    42 | #define SIOCGSTAMP      SIOCGSTAMP_OLD
#23 2.059       | 
#23 2.059 In file included from /usr/include/sys/ioctl.h:10,
#23 2.059                  from ll_proto.c:13:
#23 2.059 /usr/include/bits/ioctl.h:111: note: this is the location of the previous definition
#23 2.059   111 | #define SIOCGSTAMP      0x8906
#23 2.059       | 
#23 2.059 ../include/uapi/linux/sockios.h:43: warning: "SIOCGSTAMPNS" redefined
#23 2.059    43 | #define SIOCGSTAMPNS    SIOCGSTAMPNS_OLD
#23 2.059       | 
#23 2.059 /usr/include/bits/ioctl.h:112: note: this is the location of the previous definition
#23 2.059   112 | #define SIOCGSTAMPNS    0x8907
#23 2.059       | 
#23 2.072     CC       ll_addr.o
#23 2.085 In file included from ll_addr.c:20:
#23 2.085 ../include/uapi/linux/sockios.h:42: warning: "SIOCGSTAMP" redefined
#23 2.085    42 | #define SIOCGSTAMP      SIOCGSTAMP_OLD
#23 2.085       | 
#23 2.085 In file included from /usr/include/sys/ioctl.h:10,
#23 2.085                  from ll_addr.c:12:
#23 2.085 /usr/include/bits/ioctl.h:111: note: this is the location of the previous definition
#23 2.085   111 | #define SIOCGSTAMP      0x8906
#23 2.085       | 
#23 2.085 ../include/uapi/linux/sockios.h:43: warning: "SIOCGSTAMPNS" redefined
#23 2.085    43 | #define SIOCGSTAMPNS    SIOCGSTAMPNS_OLD
#23 2.085       | 
#23 2.085 /usr/include/bits/ioctl.h:112: note: this is the location of the previous definition
#23 2.085   112 | #define SIOCGSTAMPNS    0x8907
#23 2.085       | 
#23 2.112     CC       inet_proto.o
#23 2.140     CC       namespace.o
#23 2.192     CC       json_writer.o
#23 2.275     CC       json_print.o
#23 2.394     CC       json_print_math.o
#23 2.430     CC       names.o
#23 2.475     CC       color.o
#23 2.520     CC       bpf_legacy.o
#23 2.888     CC       bpf_glue.o
#23 2.923     CC       exec.o
#23 2.952     CC       fs.o
#23 3.014     CC       cg_map.o
#23 3.048     CC       ppp_proto.o
#23 3.076     CC       bpf_libbpf.o
#23 3.151     CC       selinux.o
#23 3.169     CC       ax25_ntop.o
#23 3.196     CC       rose_ntop.o
#23 3.208 In file included from rose_ntop.c:16:
#23 3.208 ../include/uapi/linux/sockios.h:42: warning: "SIOCGSTAMP" redefined
#23 3.208    42 | #define SIOCGSTAMP      SIOCGSTAMP_OLD
#23 3.208       | 
#23 3.208 In file included from /usr/include/sys/ioctl.h:10,
#23 3.208                  from rose_ntop.c:7:
#23 3.208 /usr/include/bits/ioctl.h:111: note: this is the location of the previous definition
#23 3.208   111 | #define SIOCGSTAMP      0x8906
#23 3.208       | 
#23 3.208 ../include/uapi/linux/sockios.h:43: warning: "SIOCGSTAMPNS" redefined
#23 3.208    43 | #define SIOCGSTAMPNS    SIOCGSTAMPNS_OLD
#23 3.208       | 
#23 3.208 /usr/include/bits/ioctl.h:112: note: this is the location of the previous definition
#23 3.208   112 | #define SIOCGSTAMPNS    0x8907
#23 3.208       | 
#23 3.223     CC       mpls_ntop.o
#23 3.250     CC       mpls_pton.o
#23 3.277     CC       netrom_ntop.o
#23 3.299     AR       libutil.a
#23 3.303 
#23 3.303 ip
#23 3.305     CC       ip.o
#23 3.384     CC       ipaddress.o
#23 3.397 In file included from ipaddress.c:26:
#23 3.397 ../include/uapi/linux/sockios.h:42: warning: "SIOCGSTAMP" redefined
#23 3.397    42 | #define SIOCGSTAMP      SIOCGSTAMP_OLD
#23 3.397       | 
#23 3.397 In file included from /usr/include/sys/ioctl.h:10,
#23 3.397                  from ipaddress.c:14:
#23 3.397 /usr/include/bits/ioctl.h:111: note: this is the location of the previous definition
#23 3.397   111 | #define SIOCGSTAMP      0x8906
#23 3.397       | 
#23 3.397 ../include/uapi/linux/sockios.h:43: warning: "SIOCGSTAMPNS" redefined
#23 3.397    43 | #define SIOCGSTAMPNS    SIOCGSTAMPNS_OLD
#23 3.397       | 
#23 3.397 /usr/include/bits/ioctl.h:112: note: this is the location of the previous definition
#23 3.397   112 | #define SIOCGSTAMPNS    0x8907
#23 3.397       | 
#23 3.817     CC       ipaddrlabel.o
#23 3.880     CC       iproute.o
#23 4.364     CC       iprule.o
#23 4.546     CC       ipnetns.o
#23 4.723     CC       rtm_map.o
#23 4.757     CC       iptunnel.o
#23 4.768 In file included from ../include/uapi/linux/if_tunnel.h:6,
#23 4.768                  from iptunnel.c:19:
#23 4.768 ../include/uapi/linux/if.h:134: warning: "IFF_VOLATILE" redefined
#23 4.768   134 | #define IFF_VOLATILE    (IFF_LOOPBACK|IFF_POINTOPOINT|IFF_BROADCAST|IFF_ECHO|\
#23 4.768       | 
#23 4.768 In file included from iptunnel.c:16:
#23 4.768 /usr/include/net/if.h:48: note: this is the location of the previous definition
#23 4.768    48 | #define IFF_VOLATILE (IFF_LOOPBACK|IFF_POINTOPOINT|IFF_BROADCAST| \
#23 4.768       | 
#23 4.892     CC       ip6tunnel.o
#23 4.997     CC       tunnel.o
#23 5.083     CC       ipneigh.o
#23 5.230     CC       ipntable.o
#23 5.331     CC       iplink.o
#23 5.612     CC       ipmaddr.o
#23 5.626 In file included from ipmaddr.c:21:
#23 5.626 ../include/uapi/linux/sockios.h:42: warning: "SIOCGSTAMP" redefined
#23 5.626    42 | #define SIOCGSTAMP      SIOCGSTAMP_OLD
#23 5.626       | 
#23 5.626 In file included from /usr/include/sys/ioctl.h:10,
#23 5.626                  from ipmaddr.c:12:
#23 5.626 /usr/include/bits/ioctl.h:111: note: this is the location of the previous definition
#23 5.626   111 | #define SIOCGSTAMP      0x8906
#23 5.626       | 
#23 5.626 ../include/uapi/linux/sockios.h:43: warning: "SIOCGSTAMPNS" redefined
#23 5.626    43 | #define SIOCGSTAMPNS    SIOCGSTAMPNS_OLD
#23 5.626       | 
#23 5.626 /usr/include/bits/ioctl.h:112: note: this is the location of the previous definition
#23 5.626   112 | #define SIOCGSTAMPNS    0x8907
#23 5.626       | 
#23 5.712     CC       ipmonitor.o
#23 5.785     CC       ipmroute.o
#23 5.797 In file included from ipmroute.c:22:
#23 5.797 ../include/uapi/linux/sockios.h:42: warning: "SIOCGSTAMP" redefined
#23 5.797    42 | #define SIOCGSTAMP      SIOCGSTAMP_OLD
#23 5.797       | 
#23 5.797 In file included from /usr/include/sys/ioctl.h:10,
#23 5.797                  from ipmroute.c:13:
#23 5.797 /usr/include/bits/ioctl.h:111: note: this is the location of the previous definition
#23 5.797   111 | #define SIOCGSTAMP      0x8906
#23 5.797       | 
#23 5.797 ../include/uapi/linux/sockios.h:43: warning: "SIOCGSTAMPNS" redefined
#23 5.797    43 | #define SIOCGSTAMPNS    SIOCGSTAMPNS_OLD
#23 5.797       | 
#23 5.797 /usr/include/bits/ioctl.h:112: note: this is the location of the previous definition
#23 5.797   112 | #define SIOCGSTAMPNS    0x8907
#23 5.797       | 
#23 5.862     CC       ipprefix.o
#23 5.891     CC       iptuntap.o
#23 5.994     CC       iptoken.o
#23 6.050     CC       ipxfrm.o
#23 6.342     CC       xfrm_state.o
#23 6.593     CC       xfrm_policy.o
#23 6.812     CC       xfrm_monitor.o
#23 6.887     CC       iplink_dummy.o
#23 6.912     CC       iplink_ifb.o
#23 6.935     CC       iplink_nlmon.o
#23 6.958     CC       iplink_team.o
#23 6.982     CC       iplink_vcan.o
#23 7.003     CC       iplink_vxcan.o
#23 7.029     CC       iplink_vlan.o
#23 7.111     CC       link_veth.o
#23 7.137     CC       link_gre.o
#23 7.148 In file included from ../include/uapi/linux/if_tunnel.h:6,
#23 7.148                  from link_gre.c:15:
#23 7.148 ../include/uapi/linux/if.h:134: warning: "IFF_VOLATILE" redefined
#23 7.148   134 | #define IFF_VOLATILE    (IFF_LOOPBACK|IFF_POINTOPOINT|IFF_BROADCAST|IFF_ECHO|\
#23 7.148       | 
#23 7.148 In file included from link_gre.c:9:
#23 7.148 /usr/include/net/if.h:48: note: this is the location of the previous definition
#23 7.148    48 | #define IFF_VOLATILE (IFF_LOOPBACK|IFF_POINTOPOINT|IFF_BROADCAST| \
#23 7.148       | 
#23 7.250     CC       iplink_can.o
#23 7.391     CC       iplink_xdp.o
#23 7.447     CC       iplink_macvlan.o
#23 7.513     CC       ipl2tp.o
#23 7.664     CC       link_vti.o
#23 7.675 In file included from ../include/uapi/linux/if_tunnel.h:6,
#23 7.675                  from link_vti.c:16:
#23 7.675 ../include/uapi/linux/if.h:134: warning: "IFF_VOLATILE" redefined
#23 7.675   134 | #define IFF_VOLATILE    (IFF_LOOPBACK|IFF_POINTOPOINT|IFF_BROADCAST|IFF_ECHO|\
#23 7.675       | 
#23 7.675 In file included from link_vti.c:10:
#23 7.675 /usr/include/net/if.h:48: note: this is the location of the previous definition
#23 7.675    48 | #define IFF_VOLATILE (IFF_LOOPBACK|IFF_POINTOPOINT|IFF_BROADCAST| \
#23 7.675       | 
#23 7.717     CC       link_vti6.o
#23 7.727 In file included from ../include/uapi/linux/if_tunnel.h:6,
#23 7.727                  from link_vti6.c:17:
#23 7.727 ../include/uapi/linux/if.h:134: warning: "IFF_VOLATILE" redefined
#23 7.727   134 | #define IFF_VOLATILE    (IFF_LOOPBACK|IFF_POINTOPOINT|IFF_BROADCAST|IFF_ECHO|\
#23 7.727       | 
#23 7.727 In file included from link_vti6.c:11:
#23 7.727 /usr/include/net/if.h:48: note: this is the location of the previous definition
#23 7.727    48 | #define IFF_VOLATILE (IFF_LOOPBACK|IFF_POINTOPOINT|IFF_BROADCAST| \
#23 7.727       | 
#23 7.770     CC       link_xfrm.o
#23 7.805     CC       iplink_vxlan.o
#23 7.966     CC       tcp_metrics.o
#23 8.065     CC       iplink_ipoib.o
#23 8.106     CC       ipnetconf.o
#23 8.157     CC       link_ip6tnl.o
#23 8.167 In file included from ../include/uapi/linux/if_tunnel.h:6,
#23 8.167                  from link_ip6tnl.c:15:
#23 8.167 ../include/uapi/linux/if.h:134: warning: "IFF_VOLATILE" redefined
#23 8.167   134 | #define IFF_VOLATILE    (IFF_LOOPBACK|IFF_POINTOPOINT|IFF_BROADCAST|IFF_ECHO|\
#23 8.167       | 
#23 8.167 In file included from link_ip6tnl.c:9:
#23 8.167 /usr/include/net/if.h:48: note: this is the location of the previous definition
#23 8.167    48 | #define IFF_VOLATILE (IFF_LOOPBACK|IFF_POINTOPOINT|IFF_BROADCAST| \
#23 8.167       | 
#23 8.249     CC       link_iptnl.o
#23 8.259 In file included from ../include/uapi/linux/if_tunnel.h:6,
#23 8.259                  from link_iptnl.c:16:
#23 8.259 ../include/uapi/linux/if.h:134: warning: "IFF_VOLATILE" redefined
#23 8.259   134 | #define IFF_VOLATILE    (IFF_LOOPBACK|IFF_POINTOPOINT|IFF_BROADCAST|IFF_ECHO|\
#23 8.259       | 
#23 8.259 In file included from link_iptnl.c:9:
#23 8.259 /usr/include/net/if.h:48: note: this is the location of the previous definition
#23 8.259    48 | #define IFF_VOLATILE (IFF_LOOPBACK|IFF_POINTOPOINT|IFF_BROADCAST| \
#23 8.259       | 
#23 8.343     CC       link_gre6.o
#23 8.354 In file included from ../include/uapi/linux/if_tunnel.h:6,
#23 8.354                  from link_gre6.c:15:
#23 8.354 ../include/uapi/linux/if.h:134: warning: "IFF_VOLATILE" redefined
#23 8.354   134 | #define IFF_VOLATILE    (IFF_LOOPBACK|IFF_POINTOPOINT|IFF_BROADCAST|IFF_ECHO|\
#23 8.354       | 
#23 8.354 In file included from link_gre6.c:9:
#23 8.354 /usr/include/net/if.h:48: note: this is the location of the previous definition
#23 8.354    48 | #define IFF_VOLATILE (IFF_LOOPBACK|IFF_POINTOPOINT|IFF_BROADCAST| \
#23 8.354       | 
#23 8.490     CC       iplink_bond.o
#23 8.676     CC       iplink_bond_slave.o
#23 8.727     CC       iplink_hsr.o
#23 8.777     CC       iplink_bridge.o
#23 8.936     CC       iplink_bridge_slave.o
#23 9.042     CC       iplink_dsa.o
#23 9.075     CC       ipfou.o
#23 9.153     CC       iplink_ipvlan.o
#23 9.193     CC       iplink_geneve.o
#23 9.286     CC       iplink_vrf.o
#23 9.343     CC       iproute_lwtunnel.o
#23 9.745     CC       ipmacsec.o
#23 9.998     CC       ipila.o
#23 10.09     CC       ipvrf.o
#23 10.20     CC       iplink_xstats.o
#23 10.23     CC       ipseg6.o
#23 10.28     CC       iplink_netdevsim.o
#23 10.30     CC       iplink_rmnet.o
#23 10.34     CC       ipnexthop.o
#23 10.56     CC       ipmptcp.o
#23 10.68     CC       iplink_bareudp.o
#23 10.72     CC       iplink_wwan.o
#23 10.76     CC       ipioam6.o
#23 10.82     CC       iplink_amt.o
#23 10.88     CC       iplink_batadv.o
#23 10.91     CC       iplink_gtp.o
#23 10.95     CC       iplink_virt_wifi.o
#23 10.98     CC       iplink_netkit.o
#23 11.02     CC       ipstats.o
#23 11.23     LINK     ip
#23 11.26     CC       rtmon.o
#23 11.31     LINK     rtmon
#23 11.33 
#23 11.33 tc
#23 11.33     CC       tc.o
#23 11.41     CC       tc_qdisc.o
#23 11.54     CC       tc_class.o
#23 11.67     CC       tc_filter.o
#23 11.82     CC       tc_util.o
#23 12.02     CC       tc_monitor.o
#23 12.06     CC       tc_exec.o
#23 12.09     CC       m_police.o
#23 12.18     CC       m_estimator.o
#23 12.21     CC       m_action.o
#23 12.37     CC       m_ematch.o
#23 12.48     YACC     emp_ematch.tab.c
#23 12.54     CC       emp_ematch.tab.o
#23 12.65     LEX      emp_ematch.lex.c
#23 12.66     CC       emp_ematch.lex.o
#23 12.83     CC       q_fifo.o
#23 12.87     CC       q_sfq.o
#23 12.94     CC       q_red.o
#23 13.02     CC       q_prio.o
#23 13.06     CC       q_skbprio.o
#23 13.10     CC       q_tbf.o
#23 13.18     CC       q_multiq.o
#23 13.21     CC       q_netem.o
#23 13.44     CC       q_choke.o
#23 13.50     CC       q_sfb.o
#23 13.56     CC       f_u32.o
#23 13.82     CC       f_route.o
#23 13.87     CC       f_fw.o
#23 13.92     CC       f_basic.o
#23 13.97     CC       f_bpf.o
#23 14.04     CC       f_flow.o
#23 14.13     CC       f_cgroup.o
#23 14.16     CC       f_flower.o
#23 14.17 In file included from ../include/uapi/linux/netdevice.h:29,
#23 14.17                  from ../include/uapi/linux/if_arp.h:27,
#23 14.17                  from f_flower.c:14:
#23 14.17 ../include/uapi/linux/if.h:134: warning: "IFF_VOLATILE" redefined
#23 14.17   134 | #define IFF_VOLATILE    (IFF_LOOPBACK|IFF_POINTOPOINT|IFF_BROADCAST|IFF_ECHO|\
#23 14.17       | 
#23 14.17 In file included from f_flower.c:12:
#23 14.17 /usr/include/net/if.h:48: note: this is the location of the previous definition
#23 14.17    48 | #define IFF_VOLATILE (IFF_LOOPBACK|IFF_POINTOPOINT|IFF_BROADCAST| \
#23 14.17       | 
#23 14.66     CC       q_gred.o
#23 14.77     CC       q_ingress.o
#23 14.80     CC       q_hfsc.o
#23 14.88     CC       q_htb.o
#23 14.99     CC       q_drr.o
#23 15.03     CC       q_qfq.o
#23 15.07     CC       m_gact.o
#23 15.12     CC       m_mirred.o
#23 15.19     CC       m_mpls.o
#23 15.26     CC       m_nat.o
#23 15.31     CC       m_pedit.o
#23 15.44     CC       m_ife.o
#23 15.52     CC       m_skbedit.o
#23 15.59     CC       m_skbmod.o
#23 15.65     CC       m_csum.o
#23 15.71     CC       m_simple.o
#23 15.75     CC       m_vlan.o
#23 15.82     CC       m_connmark.o
#23 15.86     CC       m_ctinfo.o
#23 15.91     CC       m_bpf.o
#23 15.98     CC       m_tunnel_key.o
#23 16.10     CC       m_sample.o
#23 16.15     CC       m_ct.o
#23 16.25     CC       m_gate.o
#23 16.34     CC       p_ip.o
#23 16.38     CC       p_ip6.o
#23 16.42     CC       p_icmp.o
#23 16.44     CC       p_eth.o
#23 16.47     CC       p_tcp.o
#23 16.50     CC       p_udp.o
#23 16.53     CC       em_nbyte.o
#23 16.57     CC       em_cmp.o
#23 16.63     CC       em_u32.o
#23 16.68     CC       em_canid.o
#23 16.72     CC       em_meta.o
#23 16.83     CC       q_mqprio.o
#23 16.93     CC       q_codel.o
#23 16.99     CC       q_fq_codel.o
#23 17.06     CC       q_fq.o
#23 17.18     CC       q_pie.o
#23 17.24     CC       q_fq_pie.o
#23 17.31     CC       q_cake.o
#23 17.49     CC       q_hhf.o
#23 17.55     CC       q_clsact.o
#23 17.58     CC       e_bpf.o
#23 17.64     CC       f_matchall.o
#23 17.68     CC       q_cbs.o
#23 17.73     CC       q_etf.o
#23 17.77     CC       q_taprio.o
#23 17.90     CC       q_plug.o
#23 17.94     CC       q_ets.o
#23 18.02     CC       em_ipt.o
#23 18.04 In file included from tc_util.h:7,
#23 18.04                  from m_ematch.h:11,
#23 18.04                  from em_ipt.c:13:
#23 18.04 ../include/uapi/linux/if.h:134: warning: "IFF_VOLATILE" redefined
#23 18.04   134 | #define IFF_VOLATILE    (IFF_LOOPBACK|IFF_POINTOPOINT|IFF_BROADCAST|IFF_ECHO|\
#23 18.04       | 
#23 18.04 In file included from ../include/xtables.h:17,
#23 18.04                  from em_ipt.c:12:
#23 18.04 /usr/include/net/if.h:48: note: this is the location of the previous definition
#23 18.04    48 | #define IFF_VOLATILE (IFF_LOOPBACK|IFF_POINTOPOINT|IFF_BROADCAST| \
#23 18.04       | 
#23 18.06     CC       em_ipset.o
#23 18.08 In file included from tc_util.h:7,
#23 18.08                  from m_ematch.h:11,
#23 18.08                  from em_ipset.c:39:
#23 18.08 ../include/uapi/linux/if.h:134: warning: "IFF_VOLATILE" redefined
#23 18.08   134 | #define IFF_VOLATILE    (IFF_LOOPBACK|IFF_POINTOPOINT|IFF_BROADCAST|IFF_ECHO|\
#23 18.08       | 
#23 18.08 In file included from ../include/xtables.h:17,
#23 18.08                  from em_ipset.c:23:
#23 18.08 /usr/include/net/if.h:48: note: this is the location of the previous definition
#23 18.08    48 | #define IFF_VOLATILE (IFF_LOOPBACK|IFF_POINTOPOINT|IFF_BROADCAST| \
#23 18.08       | 
#23 18.12     CC       tc_core.o
#23 18.19     CC       tc_red.o
#23 18.23     CC       tc_estimator.o
#23 18.27     CC       tc_stab.o
#23 18.32     CC       tc_qevent.o
#23 18.38     AR       libtc.a
#23 18.38     LINK     tc
#23 18.41 rm emp_ematch.lex.c
#23 18.41 
#23 18.41 bridge
#23 18.41     CC       bridge.o
#23 18.46     CC       fdb.o
#23 18.65     CC       monitor.o
#23 18.69     CC       link.o
#23 18.84     CC       mdb.o
#23 19.04     CC       vlan.o
#23 19.05 In file included from vlan.c:14:
#23 19.05 ../include/json_print.h:80:30: warning: 'struct timeval' declared inside parameter list will not be visible outside of this definition or declaration
#23 19.05    80 | _PRINT_FUNC(tv, const struct timeval *)
#23 19.05       |                              ^~~~~~~
#23 19.05 ../include/json_print.h:50:37: note: in definition of macro '_PRINT_FUNC'
#23 19.05    50 |                                     type value);                        \
#23 19.05       |                                     ^~~~
#23 19.05 ../include/json_print.h:80:30: warning: 'struct timeval' declared inside parameter list will not be visible outside of this definition or declaration
#23 19.05    80 | _PRINT_FUNC(tv, const struct timeval *)
#23 19.05       |                              ^~~~~~~
#23 19.05 ../include/json_print.h:55:45: note: in definition of macro '_PRINT_FUNC'
#23 19.05    55 |                                             type value)                 \
#23 19.05       |                                             ^~~~
#23 19.05 ../include/json_print.h: In function 'print_tv':
#23 19.05 ../include/json_print.h:58:48: warning: passing argument 5 of 'print_color_tv' from incompatible pointer type [-Wincompatible-pointer-types]
#23 19.05    58 |                                                value);                  \
#23 19.05       |                                                ^~~~~
#23 19.05       |                                                |
#23 19.05       |                                                const struct timeval *
#23 19.05 ../include/json_print.h:80:1: note: in expansion of macro '_PRINT_FUNC'
#23 19.05    80 | _PRINT_FUNC(tv, const struct timeval *)
#23 19.05       | ^~~~~~~~~~~
#23 19.05 ../include/json_print.h:50:42: note: expected 'const struct timeval *' but argument is of type 'const struct timeval *'
#23 19.05    50 |                                     type value);                        \
#23 19.05       |                                          ^
#23 19.05 ../include/json_print.h:80:1: note: in expansion of macro '_PRINT_FUNC'
#23 19.05    80 | _PRINT_FUNC(tv, const struct timeval *)
#23 19.05       | ^~~~~~~~~~~
#23 19.27     CC       vni.o
#23 19.28 In file included from vni.c:19:
#23 19.28 ../include/json_print.h:80:30: warning: 'struct timeval' declared inside parameter list will not be visible outside of this definition or declaration
#23 19.28    80 | _PRINT_FUNC(tv, const struct timeval *)
#23 19.28       |                              ^~~~~~~
#23 19.28 ../include/json_print.h:50:37: note: in definition of macro '_PRINT_FUNC'
#23 19.28    50 |                                     type value);                        \
#23 19.28       |                                     ^~~~
#23 19.28 ../include/json_print.h:80:30: warning: 'struct timeval' declared inside parameter list will not be visible outside of this definition or declaration
#23 19.28    80 | _PRINT_FUNC(tv, const struct timeval *)
#23 19.28       |                              ^~~~~~~
#23 19.28 ../include/json_print.h:55:45: note: in definition of macro '_PRINT_FUNC'
#23 19.28    55 |                                             type value)                 \
#23 19.28       |                                             ^~~~
#23 19.28 ../include/json_print.h: In function 'print_tv':
#23 19.28 ../include/json_print.h:58:48: warning: passing argument 5 of 'print_color_tv' from incompatible pointer type [-Wincompatible-pointer-types]
#23 19.28    58 |                                                value);                  \
#23 19.28       |                                                ^~~~~
#23 19.28       |                                                |
#23 19.28       |                                                const struct timeval *
#23 19.28 ../include/json_print.h:80:1: note: in expansion of macro '_PRINT_FUNC'
#23 19.28    80 | _PRINT_FUNC(tv, const struct timeval *)
#23 19.28       | ^~~~~~~~~~~
#23 19.28 ../include/json_print.h:50:42: note: expected 'const struct timeval *' but argument is of type 'const struct timeval *'
#23 19.28    50 |                                     type value);                        \
#23 19.28       |                                          ^
#23 19.28 ../include/json_print.h:80:1: note: in expansion of macro '_PRINT_FUNC'
#23 19.28    80 | _PRINT_FUNC(tv, const struct timeval *)
#23 19.28       | ^~~~~~~~~~~
#23 19.36     LINK     bridge
#23 19.37 
#23 19.37 misc
#23 19.37     CC       ss.o
#23 19.39 In file included from ../include/uapi/linux/tipc.h:42,
#23 19.39                  from ss.c:48:
#23 19.39 ../include/uapi/linux/sockios.h:42: warning: "SIOCGSTAMP" redefined
#23 19.39    42 | #define SIOCGSTAMP      SIOCGSTAMP_OLD
#23 19.39       | 
#23 19.39 In file included from /usr/include/sys/ioctl.h:10,
#23 19.39                  from ss.c:12:
#23 19.39 /usr/include/bits/ioctl.h:111: note: this is the location of the previous definition
#23 19.39   111 | #define SIOCGSTAMP      0x8906
#23 19.39       | 
#23 19.39 ../include/uapi/linux/sockios.h:43: warning: "SIOCGSTAMPNS" redefined
#23 19.39    43 | #define SIOCGSTAMPNS    SIOCGSTAMPNS_OLD
#23 19.39       | 
#23 19.39 /usr/include/bits/ioctl.h:112: note: this is the location of the previous definition
#23 19.39   112 | #define SIOCGSTAMPNS    0x8907
#23 19.39       | 
#23 20.22     CC       ssfilter_check.o
#23 20.24     YACC     ssfilter.tab.c
#23 20.31     CC       ssfilter.tab.o
#23 20.41     LINK     ss
#23 20.43     CC       nstat
#23 20.44 In file included from nstat.c:20:
#23 20.44 /usr/include/sys/poll.h:1:2: warning: #warning redirecting incorrect #include <sys/poll.h> to <poll.h> [-Wcpp]
#23 20.44     1 | #warning redirecting incorrect #include <sys/poll.h> to <poll.h>
#23 20.44       |  ^~~~~~~
#23 20.60     CC       ifstat
#23 20.61 In file included from ifstat.c:20:
#23 20.61 /usr/include/sys/poll.h:1:2: warning: #warning redirecting incorrect #include <sys/poll.h> to <poll.h> [-Wcpp]
#23 20.61     1 | #warning redirecting incorrect #include <sys/poll.h> to <poll.h>
#23 20.61       |  ^~~~~~~
#23 20.79     CC       rtacct
#23 20.80 In file included from rtacct.c:19:
#23 20.80 /usr/include/sys/poll.h:1:2: warning: #warning redirecting incorrect #include <sys/poll.h> to <poll.h> [-Wcpp]
#23 20.80     1 | #warning redirecting incorrect #include <sys/poll.h> to <poll.h>
#23 20.80       |  ^~~~~~~
#23 20.92     CC       lnstat.o
#23 20.99     CC       lnstat_util.o
#23 21.05     LINK     lnstat
#23 21.06 
#23 21.06 netem
#23 21.06 gcc  -I../include -o maketable maketable.c -lm
#23 21.10 gcc  -I../include -o normal normal.c -lm
#23 21.12 gcc  -I../include -o pareto pareto.c -lm
#23 21.15 gcc  -I../include -o paretonormal paretonormal.c -lm
#23 21.17 ./normal > normal.dist
#23 21.18 ./pareto > pareto.dist
#23 21.18 ./paretonormal > paretonormal.dist
#23 21.19 ./maketable experimental.dat > experimental.dist
#23 21.20 
#23 21.20 genl
#23 21.20     CC       genl.o
#23 21.24     CC       ctrl.o
#23 21.31     LINK     genl
#23 21.32 
#23 21.32 man
#23 21.33 make[2]: Nothing to be done for 'all'.
#23 21.33 make[2]: Nothing to be done for 'all'.
#23 21.33 sed \
#23 21.33 	-e "s|@NETNS_ETC_DIR@|/etc/netns|g" \
#23 21.33 	-e "s|@NETNS_RUN_DIR@|/var/run/netns|g" \
#23 21.33 	-e "s|@SYSCONF_ETC_DIR@|/etc/iproute2|g" \
#23 21.33 	-e "s|@SYSCONF_USR_DIR@|/usr/share/iproute2|g" \
#23 21.33 	ip-address.8.in > ip-address.8
#23 21.33 sed \
#23 21.33 	-e "s|@NETNS_ETC_DIR@|/etc/netns|g" \
#23 21.33 	-e "s|@NETNS_RUN_DIR@|/var/run/netns|g" \
#23 21.33 	-e "s|@SYSCONF_ETC_DIR@|/etc/iproute2|g" \
#23 21.33 	-e "s|@SYSCONF_USR_DIR@|/usr/share/iproute2|g" \
#23 21.33 	ip-link.8.in > ip-link.8
#23 21.33 sed \
#23 21.33 	-e "s|@NETNS_ETC_DIR@|/etc/netns|g" \
#23 21.33 	-e "s|@NETNS_RUN_DIR@|/var/run/netns|g" \
#23 21.33 	-e "s|@SYSCONF_ETC_DIR@|/etc/iproute2|g" \
#23 21.33 	-e "s|@SYSCONF_USR_DIR@|/usr/share/iproute2|g" \
#23 21.33 	ip-netns.8.in > ip-netns.8
#23 21.34 sed \
#23 21.34 	-e "s|@NETNS_ETC_DIR@|/etc/netns|g" \
#23 21.34 	-e "s|@NETNS_RUN_DIR@|/var/run/netns|g" \
#23 21.34 	-e "s|@SYSCONF_ETC_DIR@|/etc/iproute2|g" \
#23 21.34 	-e "s|@SYSCONF_USR_DIR@|/usr/share/iproute2|g" \
#23 21.34 	ip-route.8.in > ip-route.8
#23 21.34 
#23 21.34 tipc
#23 21.34     CC       bearer.o
#23 21.52     CC       cmdl.o
#23 21.56     CC       link.o
#23 21.76     CC       media.o
#23 21.81     CC       misc.o
#23 21.87     CC       msg.o
#23 21.89     CC       nametable.o
#23 21.93     CC       node.o
#23 22.02     CC       socket.o
#23 22.06     CC       peer.o
#23 22.09     CC       tipc.o
#23 22.13     LINK     tipc
#23 22.14 
#23 22.14 devlink
#23 22.14     CC       devlink.o
#23 23.85     CC       mnlg.o
#23 23.89     LINK     devlink
#23 23.91 
#23 23.91 rdma
#23 23.91     CC       rdma.o
#23 23.93 rdma.c: In function 'main':
#23 23.93 rdma.c:110:20: warning: implicit declaration of function 'basename'; did you mean 'rename'? [-Wimplicit-function-declaration]
#23 23.93   110 |         filename = basename(argv[0]);
#23 23.93       |                    ^~~~~~~~
#23 23.93       |                    rename
#23 23.93 rdma.c:110:18: warning: assignment to 'char *' from 'int' makes pointer from integer without a cast [-Wint-conversion]
#23 23.93   110 |         filename = basename(argv[0]);
#23 23.93       |                  ^
#23 23.96     CC       utils.o
#23 24.14     CC       dev.o
#23 24.21     CC       link.o
#23 24.29     CC       res.o
#23 24.40     CC       res-pd.o
#23 24.44     CC       res-mr.o
#23 24.49     CC       res-cq.o
#23 24.54     CC       res-cmid.o
#23 24.60     CC       res-qp.o
#23 24.66     CC       sys.o
#23 24.71     CC       stat.o
#23 24.92     CC       stat-mr.o
#23 24.96     CC       res-ctx.o
#23 25.00     CC       res-srq.o
#23 25.07     LINK     rdma
#23 25.08 
#23 25.08 dcb
#23 25.08     CC       dcb.o
#23 25.20     CC       dcb_app.o
#23 25.39     CC       dcb_buffer.o
#23 25.44     CC       dcb_dcbx.o
#23 25.49     CC       dcb_ets.o
#23 25.58     CC       dcb_maxrate.o
#23 25.64     CC       dcb_pfc.o
#23 25.70     CC       dcb_apptrust.o
#23 25.77     CC       dcb_rewr.o
#23 25.85     LINK     dcb
#23 25.87 
#23 25.87 vdpa
#23 25.87     CC       vdpa.o
#23 25.88 In file included from vdpa.c:19:
#23 25.88 ../include/json_print.h:80:30: warning: 'struct timeval' declared inside parameter list will not be visible outside of this definition or declaration
#23 25.88    80 | _PRINT_FUNC(tv, const struct timeval *)
#23 25.88       |                              ^~~~~~~
#23 25.88 ../include/json_print.h:50:37: note: in definition of macro '_PRINT_FUNC'
#23 25.88    50 |                                     type value);                        \
#23 25.88       |                                     ^~~~
#23 25.88 ../include/json_print.h:80:30: warning: 'struct timeval' declared inside parameter list will not be visible outside of this definition or declaration
#23 25.88    80 | _PRINT_FUNC(tv, const struct timeval *)
#23 25.88       |                              ^~~~~~~
#23 25.88 ../include/json_print.h:55:45: note: in definition of macro '_PRINT_FUNC'
#23 25.88    55 |                                             type value)                 \
#23 25.88       |                                             ^~~~
#23 25.88 ../include/json_print.h: In function 'print_tv':
#23 25.88 ../include/json_print.h:58:48: warning: passing argument 5 of 'print_color_tv' from incompatible pointer type [-Wincompatible-pointer-types]
#23 25.88    58 |                                                value);                  \
#23 25.88       |                                                ^~~~~
#23 25.88       |                                                |
#23 25.88       |                                                const struct timeval *
#23 25.88 ../include/json_print.h:80:1: note: in expansion of macro '_PRINT_FUNC'
#23 25.88    80 | _PRINT_FUNC(tv, const struct timeval *)
#23 25.88       | ^~~~~~~~~~~
#23 25.88 ../include/json_print.h:50:42: note: expected 'const struct timeval *' but argument is of type 'const struct timeval *'
#23 25.88    50 |                                     type value);                        \
#23 25.88       |                                          ^
#23 25.88 ../include/json_print.h:80:1: note: in expansion of macro '_PRINT_FUNC'
#23 25.88    80 | _PRINT_FUNC(tv, const struct timeval *)
#23 25.88       | ^~~~~~~~~~~
#23 26.03     LINK     vdpa
#23 DONE 26.1s

#24 [20/22] RUN git clone --no-single-branch --depth=1 https://github.com/linux-netdev/testing.git /nipa-data/kernel
#24 0.379 Cloning into '/nipa-data/kernel'...
#24 32.36 Updating files:  16% (13487/83283)Updating files:  17% (14159/83283)Updating files:  18% (14991/83283)Updating files:  19% (15824/83283)Updating files:  20% (16657/83283)Updating files:  21% (17490/83283)Updating files:  22% (18323/83283)Updating files:  23% (19156/83283)Updating files:  24% (19988/83283)Updating files:  25% (20821/83283)Updating files:  26% (21654/83283)Updating files:  27% (22487/83283)Updating files:  28% (23320/83283)Updating files:  29% (24153/83283)Updating files:  30% (24985/83283)Updating files:  31% (25818/83283)Updating files:  32% (26651/83283)Updating files:  32% (27191/83283)Updating files:  33% (27484/83283)Updating files:  34% (28317/83283)Updating files:  35% (29150/83283)Updating files:  36% (29982/83283)Updating files:  37% (30815/83283)Updating files:  38% (31648/83283)Updating files:  39% (32481/83283)Updating files:  40% (33314/83283)Updating files:  40% (33495/83283)Updating files:  41% (34147/83283)Updating files:  42% (34979/83283)Updating files:  43% (35812/83283)Updating files:  44% (36645/83283)Updating files:  45% (37478/83283)Updating files:  46% (38311/83283)Updating files:  47% (39144/83283)Updating files:  48% (39976/83283)Updating files:  48% (40299/83283)Updating files:  49% (40809/83283)Updating files:  50% (41642/83283)Updating files:  51% (42475/83283)Updating files:  52% (43308/83283)Updating files:  53% (44140/83283)Updating files:  54% (44973/83283)Updating files:  55% (45806/83283)Updating files:  56% (46639/83283)Updating files:  57% (47472/83283)Updating files:  58% (48305/83283)Updating files:  59% (49137/83283)Updating files:  60% (49970/83283)Updating files:  60% (50530/83283)Updating files:  61% (50803/83283)Updating files:  62% (51636/83283)Updating files:  63% (52469/83283)Updating files:  64% (53302/83283)Updating files:  65% (54134/83283)Updating files:  66% (54967/83283)Updating files:  67% (55800/83283)Updating files:  68% (56633/83283)Updating files:  69% (57466/83283)Updating files:  70% (58299/83283)Updating files:  71% (59131/83283)Updating files:  72% (59964/83283)Updating files:  73% (60797/83283)Updating files:  74% (61630/83283)Updating files:  75% (62463/83283)Updating files:  75% (62508/83283)Updating files:  76% (63296/83283)Updating files:  77% (64128/83283)Updating files:  78% (64961/83283)Updating files:  79% (65794/83283)Updating files:  80% (66627/83283)Updating files:  81% (67460/83283)Updating files:  82% (68293/83283)Updating files:  83% (69125/83283)Updating files:  84% (69958/83283)Updating files:  85% (70791/83283)Updating files:  86% (71624/83283)Updating files:  87% (72457/83283)Updating files:  88% (73290/83283)Updating files:  89% (74122/83283)Updating files:  90% (74955/83283)Updating files:  91% (75788/83283)Updating files:  92% (76621/83283)Updating files:  93% (77454/83283)Updating files:  93% (77821/83283)Updating files:  94% (78287/83283)Updating files:  95% (79119/83283)Updating files:  96% (79952/83283)Updating files:  97% (80785/83283)Updating files:  98% (81618/83283)Updating files:  99% (82451/83283)Updating files: 100% (83283/83283)Updating files: 100% (83283/83283), done.
#24 DONE 40.5s

#25 [21/22] RUN git clone --depth=1 -b dev https://github.com/p4tc-dev/new-nipa.git nipa
#25 0.340 Cloning into 'nipa'...
#25 DONE 1.0s

#26 [22/22] COPY entrypoint.sh /entrypoint.sh
#26 DONE 0.0s

#27 exporting to image
#27 exporting layers
#27 exporting layers 6.8s done
#27 writing image sha256:7ac09fb2091e1ff39a6701307e21eb38834891d40322d64a163f713960ac9bda done
#27 naming to docker.io/library/nipa-executor done
#27 DONE 6.8s
NIPA version: 9cd25f1 (fetcher: support local kernel patches, 2024-02-05)
INFO: Last run date: 2024-02-23 03:00:04.541260+00:00
Testing  {'branch': 'net-next-2024-02-23--06-00', 'date': '2024-02-23T06:00:03.650594+00:00', 'base': '149bfb830b677b23c6fff717c6fe04371d8f372f', 'url': 'https://github.com/linux-netdev/testing.git net-next-2024-02-23--06-00'}
branch 'net-next-2024-02-23--06-00' set up to track 'origin/net-next-2024-02-23--06-00'.
Switched to a new branch 'net-next-2024-02-23--06-00'
Checking patch tools/testing/selftests/tc-testing/tdc_config.py...
Applied patch tools/testing/selftests/tc-testing/tdc_config.py cleanly.
error: No valid patches in input (allow with "--allow-empty")
Run at 2024-02-23 06:03:35.965425
INFO: building kernel
INFO: starting VM 0
INFO: thr0-1 VM starting: vng -v -r arch/x86/boot/bzImage --user root --rwdir=/nipa-data/kernel/
INFO: thr0-1 expecting prompt: '/nipa-data/kernel# '
INFO: thr0-1 reached initial prompt
INFO: thr-0 testing == tdc.sh
INFO: thr-0 tdc.sh >> retcode: 0 result: pass found {'fail': False, 'skip': False, 'pass': True}
INFO: thr-0 has no more work, exiting
INFO: thr0-1 VM stopped
Done at 2024-02-23 06:06:56.220925
NIPA quitting!
/
~/nipa/tc-executor/tc-executor-storage /
sort: fflush failed: 'standard output': Broken pipe
sort: write error
