~/nipa/tc-executor/tc-executor-storage /
Switched to branch 'storage'
Your branch is ahead of 'origin/storage' by 164 commits.
  (use "git push" to publish your local commits)
/
~/nipa/tc-executor /
Error response from daemon: No such image: nipa-executor:latest
#0 building with "default" instance using docker driver

#1 [internal] load .dockerignore
#1 transferring context: 2B done
#1 DONE 0.0s

#2 [internal] load build definition from Dockerfile
#2 transferring dockerfile: 2.03kB done
#2 DONE 0.0s

#3 [internal] load metadata for docker.io/library/alpine:edge
#3 DONE 0.0s

#4 [ 1/22] FROM docker.io/library/alpine:edge
#4 CACHED

#5 [internal] load build context
#5 transferring context: 3.02kB done
#5 DONE 0.0s

#6 [ 2/22] RUN echo false > debug-mode
#6 DONE 0.5s

#7 [ 3/22] RUN addgroup -g 1001 hostuser
#7 DONE 0.4s

#8 [ 4/22] RUN adduser -u 1001 -G hostuser -H -D -s /bin/ash hostuser
#8 DONE 0.4s

#9 [ 5/22] RUN echo '@testing http://dl-cdn.alpinelinux.org/alpine/edge/testing' >> /etc/apk/repositories
#9 DONE 0.4s

#10 [ 6/22] RUN echo '@community http://dl-cdn.alpinelinux.org/alpine/edge/community' >> /etc/apk/repositories
#10 DONE 0.4s

#11 [ 7/22] RUN apk update && apk add --no-cache    virtme-ng@testing    git    py3-requests    py3-psutil    py3-setuptools    py3-pyroute2    py3-argcomplete    qemu-system-x86_64@community    scapy@community    make    gcc    musl-dev    flex    bison    linux-headers    elfutils-dev    util-linux    coreutils    diffutils    findutils    file    bash    kmod    perl    iptables-dev    libcap-dev    libmnl-dev    iproute2     jq    libbpf-dev    rsync
#11 0.437 fetch https://dl-cdn.alpinelinux.org/alpine/edge/main/x86_64/APKINDEX.tar.gz
#11 0.652 fetch https://dl-cdn.alpinelinux.org/alpine/edge/community/x86_64/APKINDEX.tar.gz
#11 0.850 fetch http://dl-cdn.alpinelinux.org/alpine/edge/testing/x86_64/APKINDEX.tar.gz
#11 1.041 fetch http://dl-cdn.alpinelinux.org/alpine/edge/community/x86_64/APKINDEX.tar.gz
#11 1.246 v20231219-4851-g0c579e934be [https://dl-cdn.alpinelinux.org/alpine/edge/main]
#11 1.246 v20231219-4851-g0c579e934be [https://dl-cdn.alpinelinux.org/alpine/edge/community]
#11 1.246 v20231219-4813-g7b64e3a759e [http://dl-cdn.alpinelinux.org/alpine/edge/testing]
#11 1.246 v20231219-4851-g0c579e934be [http://dl-cdn.alpinelinux.org/alpine/edge/community]
#11 1.246 OK: 30598 distinct packages available
#11 1.300 fetch https://dl-cdn.alpinelinux.org/alpine/edge/main/x86_64/APKINDEX.tar.gz
#11 1.400 fetch https://dl-cdn.alpinelinux.org/alpine/edge/community/x86_64/APKINDEX.tar.gz
#11 1.484 fetch http://dl-cdn.alpinelinux.org/alpine/edge/testing/x86_64/APKINDEX.tar.gz
#11 1.566 fetch http://dl-cdn.alpinelinux.org/alpine/edge/community/x86_64/APKINDEX.tar.gz
#11 1.744 (1/175) Upgrading musl (1.2.4_git20230717-r5 -> 1.2.5-r0)
#11 1.761 (2/175) Upgrading zlib (1.3-r2 -> 1.3.1-r0)
#11 1.774 (3/175) Installing ncurses-terminfo-base (6.4_p20231125-r0)
#11 1.875 (4/175) Installing libncursesw (6.4_p20231125-r0)
#11 1.890 (5/175) Installing readline (8.2.10-r0)
#11 1.904 (6/175) Installing bash (5.2.26-r0)
#11 1.924 Executing bash-5.2.26-r0.post-install
#11 1.927 (7/175) Installing m4 (1.4.19-r3)
#11 1.941 (8/175) Installing bison (3.8.2-r1)
#11 1.964 (9/175) Installing coreutils-env (9.4-r2)
#11 1.976 (10/175) Installing coreutils-fmt (9.4-r2)
#11 1.988 (11/175) Installing coreutils-sha512sum (9.4-r2)
#11 2.000 (12/175) Installing libacl (2.3.2-r0)
#11 2.113 (13/175) Installing libattr (2.5.2-r0)
#11 2.124 (14/175) Installing skalibs (2.14.1.1-r0)
#11 2.138 (15/175) Installing utmps-libs (0.1.2.2-r0)
#11 2.160 (16/175) Installing coreutils (9.4-r2)
#11 2.184 (17/175) Installing diffutils (3.10-r0)
#11 2.199 (18/175) Installing zstd-libs (1.5.5-r8)
#11 2.218 (19/175) Installing libelf (0.190-r1)
#11 2.231 (20/175) Installing libbz2 (1.0.8-r6)
#11 2.243 (21/175) Installing musl-fts (1.2.7-r6)
#11 2.255 (22/175) Installing xz-libs (5.4.6-r0)
#11 2.269 (23/175) Installing libdw (0.190-r1)
#11 2.285 (24/175) Installing libasm (0.190-r1)
#11 2.297 (25/175) Installing xz (5.4.6-r0)
#11 2.313 (26/175) Installing pkgconf (2.1.1-r0)
#11 2.327 (27/175) Installing xz-dev (5.4.6-r0)
#11 2.341 (28/175) Installing libgcc (13.2.1_git20231014-r1)
#11 2.354 (29/175) Installing libstdc++ (13.2.1_git20231014-r1)
#11 2.382 (30/175) Installing zstd (1.5.5-r8)
#11 2.397 (31/175) Installing zstd-dev (1.5.5-r8)
#11 2.411 (32/175) Installing zlib-dev (1.3.1-r0)
#11 2.424 (33/175) Installing elfutils-dev (0.190-r1)
#11 2.456 (34/175) Installing libmagic (5.45-r1)
#11 2.485 (35/175) Installing file (5.45-r1)
#11 2.497 (36/175) Installing findutils (4.9.0-r5)
#11 2.512 (37/175) Installing flex (2.6.4-r6)
#11 2.526 (38/175) Installing jansson (2.14-r4)
#11 2.538 (39/175) Installing binutils (2.42-r0)
#11 2.596 (40/175) Installing libgomp (13.2.1_git20231014-r1)
#11 2.612 (41/175) Installing libatomic (13.2.1_git20231014-r1)
#11 2.625 (42/175) Installing gmp (6.3.0-r0)
#11 2.643 (43/175) Installing isl26 (0.26-r1)
#11 2.666 (44/175) Installing mpfr4 (4.2.1-r0)
#11 2.682 (45/175) Installing mpc1 (1.3.1-r1)
#11 2.695 (46/175) Installing gcc (13.2.1_git20231014-r1)
#11 3.183 (47/175) Installing ca-certificates (20240226-r0)
#11 3.402 (48/175) Installing brotli-libs (1.1.0-r1)
#11 3.421 (49/175) Installing c-ares (1.26.0-r0)
#11 3.434 (50/175) Installing libunistring (1.2-r0)
#11 3.454 (51/175) Installing libidn2 (2.3.7-r0)
#11 3.469 (52/175) Installing nghttp2-libs (1.59.0-r0)
#11 3.482 (53/175) Installing libpsl (0.21.5-r1)
#11 3.495 (54/175) Installing libcurl (8.6.0-r0)
#11 3.512 (55/175) Installing libexpat (2.6.0-r0)
#11 3.525 (56/175) Installing pcre2 (10.43-r0)
#11 3.543 (57/175) Installing git (2.44.0-r0)
#11 3.599 (58/175) Installing git-init-template (2.44.0-r0)
#11 3.612 (59/175) Installing libcap2 (2.69-r1)
#11 3.642 (60/175) Installing libmnl (1.0.5-r2)
#11 3.654 (61/175) Installing iproute2-minimal (6.7.0-r0)
#11 3.671 (62/175) Installing libxtables (1.8.10-r3)
#11 3.684 (63/175) Installing iproute2-tc (6.7.0-r0)
#11 3.707 (64/175) Installing iproute2-ss (6.7.0-r0)
#11 3.721 (65/175) Installing iproute2 (6.7.0-r0)
#11 3.737 Executing iproute2-6.7.0-r0.post-install
#11 3.740 (66/175) Installing linux-headers (6.6-r0)
#11 3.836 (67/175) Installing libip4tc (1.8.10-r3)
#11 3.848 (68/175) Installing libip6tc (1.8.10-r3)
#11 3.860 (69/175) Installing libipq (1.8.10-r3)
#11 3.872 (70/175) Installing iptables-dev (1.8.10-r3)
#11 3.884 (71/175) Installing oniguruma (6.9.9-r0)
#11 3.902 (72/175) Installing jq (1.7.1-r0)
#11 3.921 (73/175) Installing kmod (31-r4)
#11 3.935 (74/175) Installing libbpf (1.3.0-r0)
#11 3.951 (75/175) Installing libbpf-dev (1.3.0-r0)
#11 3.971 (76/175) Installing libcap-dev (2.69-r1)
#11 3.983 (77/175) Installing libmnl-dev (1.0.5-r2)
#11 3.995 (78/175) Installing make (4.4.1-r2)
#11 4.009 (79/175) Installing musl-dev (1.2.5-r0)
#11 4.075 (80/175) Installing perl (5.38.2-r0)
#11 4.273 (81/175) Installing perl-error (0.17029-r2)
#11 4.286 (82/175) Installing perl-git (2.44.0-r0)
#11 4.299 (83/175) Installing git-perl (2.44.0-r0)
#11 4.312 (84/175) Installing libffi (3.4.6-r0)
#11 4.325 (85/175) Installing gdbm (1.23-r1)
#11 4.337 (86/175) Installing mpdecimal (4.0.0-r0)
#11 4.351 (87/175) Installing libpanelw (6.4_p20231125-r0)
#11 4.363 (88/175) Installing sqlite-libs (3.45.1-r0)
#11 4.385 (89/175) Installing python3 (3.11.8-r0)
#11 4.522 (90/175) Installing python3-pycache-pyc0 (3.11.8-r0)
#11 4.621 (91/175) Installing pyc (3.11.8-r0)
#11 4.633 (92/175) Installing py3-argcomplete-pyc (3.2.2-r0)
#11 4.646 (93/175) Installing python3-pyc (3.11.8-r0)
#11 4.658 (94/175) Installing py3-argcomplete (3.2.2-r0)
#11 4.672 (95/175) Installing py3-psutil (5.9.8-r0)
#11 4.687 (96/175) Installing py3-psutil-pyc (5.9.8-r0)
#11 4.704 (97/175) Installing py3-pyroute2 (0.7.10-r0)
#11 5.230 (98/175) Installing py3-pyroute2-pyc (0.7.10-r0)
#11 5.264 (99/175) Installing py3-certifi (2023.11.17-r0)
#11 5.276 (100/175) Installing py3-certifi-pyc (2023.11.17-r0)
#11 5.290 (101/175) Installing py3-charset-normalizer (3.3.2-r0)
#11 5.305 (102/175) Installing py3-charset-normalizer-pyc (3.3.2-r0)
#11 5.321 (103/175) Installing py3-idna (3.6-r0)
#11 5.335 (104/175) Installing py3-idna-pyc (3.6-r0)
#11 5.349 (105/175) Installing py3-urllib3 (1.26.18-r0)
#11 5.365 (106/175) Installing py3-urllib3-pyc (1.26.18-r0)
#11 5.384 (107/175) Installing py3-requests (2.31.0-r1)
#11 5.398 (108/175) Installing py3-requests-pyc (2.31.0-r1)
#11 5.413 (109/175) Installing py3-parsing (3.1.1-r0)
#11 5.433 (110/175) Installing py3-parsing-pyc (3.1.1-r0)
#11 5.449 (111/175) Installing py3-packaging (23.2-r0)
#11 5.469 (112/175) Installing py3-packaging-pyc (23.2-r0)
#11 5.483 (113/175) Installing py3-setuptools (69.1.1-r0)
#11 5.610 (114/175) Installing py3-setuptools-pyc (69.1.1-r0)
#11 5.652 (115/175) Installing libcap-ng (0.8.4-r0)
#11 5.668 (116/175) Installing libintl (0.22.4-r0)
#11 5.683 (117/175) Installing libblkid (2.39.3-r0)
#11 5.697 (118/175) Installing libmount (2.39.3-r0)
#11 5.714 (119/175) Installing glib (2.78.4-r0)
#11 5.748 (120/175) Installing numactl (2.0.18-r0)
#11 5.760 (121/175) Installing qemu (8.2.1-r0)
#11 5.778 Executing qemu-8.2.1-r0.pre-install
#11 5.851 Executing qemu-8.2.1-r0.post-install
#11 5.854 *
#11 5.854 * If you want to run VM as unprivileged user and let Qemu create tunX devices,
#11 5.854 * then you must add that user to the group "qemu".
#11 5.854 * If you use KVM for hardware-assisted virtualization, then you may also need
#11 5.854 * to add that user to the group "kvm".
#11 5.854 *
#11 5.854 (122/175) Installing qemu-bridge-helper (8.2.1-r0)
#11 5.872 (123/175) Installing libaio (0.3.113-r2)
#11 5.974 (124/175) Installing capstone (5.0.1-r2)
#11 6.006 (125/175) Installing py3-capstone (5.0.1-r2)
#11 6.043 (126/175) Installing py3-capstone-pyc (5.0.1-r2)
#11 6.060 (127/175) Installing nettle (3.9.1-r0)
#11 6.077 (128/175) Installing libtasn1 (4.19.0-r2)
#11 6.090 (129/175) Installing p11-kit (0.25.3-r0)
#11 6.111 (130/175) Installing gnutls (3.8.3-r0)
#11 6.136 (131/175) Installing libjpeg-turbo (3.0.2-r0)
#11 6.155 (132/175) Installing lzo (2.10-r5)
#11 6.170 (133/175) Installing pixman (0.43.2-r0)
#11 6.188 (134/175) Installing libpng (1.6.43-r0)
#11 6.202 (135/175) Installing libsasl (2.1.28-r6)
#11 6.219 (136/175) Installing libseccomp (2.5.5-r0)
#11 6.232 (137/175) Installing libslirp (4.7.0-r0)
#11 6.245 (138/175) Installing snappy (1.1.10-r2)
#11 6.257 (139/175) Installing liburing (2.5-r1)
#11 6.269 (140/175) Installing vde2-libs (2.3.3-r1)
#11 6.282 (141/175) Installing qemu-system-x86_64 (8.2.1-r0)
#11 6.391 (142/175) Installing lz4-libs (1.9.4-r5)
#11 6.404 (143/175) Installing popt (1.19-r3)
#11 6.416 (144/175) Installing libxxhash (0.8.2-r2)
#11 6.428 (145/175) Installing rsync (3.2.7-r4)
#11 6.445 (146/175) Installing scapy (2.5.0-r1)
#11 6.503 Executing scapy-2.5.0-r1.post-install
#11 6.506 *
#11 6.506 * Certain optional features of scapy also depend on the following packages:
#11 6.506 *     py3-matplotlib graphviz imagemagick py3-cryptography sox
#11 6.506 * And the following unpackaged dependencies:
#11 6.506 *     pyxi vpython-jupyter nmap<v4.23
#11 6.506 * More information can be found at https://scapy.readthedocs.io/en/latest/installation.html#optional-dependencies
#11 6.506 *
#11 6.506 (147/175) Installing scapy-pyc (2.5.0-r1)
#11 6.576 (148/175) Installing util-linux (2.39.3-r0)
#11 6.675 (149/175) Installing setarch (2.39.3-r0)
#11 6.687 (150/175) Installing libuuid (2.39.3-r0)
#11 6.699 (151/175) Installing libfdisk (2.39.3-r0)
#11 6.753 (152/175) Installing libsmartcols (2.39.3-r0)
#11 6.768 (153/175) Installing util-linux-misc (2.39.3-r0)
#11 6.797 (154/175) Installing libeconf (0.5.2-r2)
#11 6.810 (155/175) Installing linux-pam (1.5.3-r8)
#11 6.830 (156/175) Installing runuser (2.39.3-r0)
#11 6.843 (157/175) Installing mount (2.39.3-r0)
#11 6.856 (158/175) Installing losetup (2.39.3-r0)
#11 6.875 (159/175) Installing hexdump (2.39.3-r0)
#11 6.887 (160/175) Installing uuidgen (2.39.3-r0)
#11 6.899 (161/175) Installing blkid (2.39.3-r0)
#11 6.911 (162/175) Installing sfdisk (2.39.3-r0)
#11 6.926 (163/175) Installing mcookie (2.39.3-r0)
#11 6.938 (164/175) Installing agetty (2.39.3-r0)
#11 6.966 (165/175) Installing wipefs (2.39.3-r0)
#11 6.984 (166/175) Installing cfdisk (2.39.3-r0)
#11 6.996 (167/175) Installing umount (2.39.3-r0)
#11 7.008 (168/175) Installing flock (2.39.3-r0)
#11 7.024 (169/175) Installing lsblk (2.39.3-r0)
#11 7.037 (170/175) Installing setpriv (2.39.3-r0)
#11 7.048 (171/175) Installing logger (2.39.3-r0)
#11 7.061 (172/175) Installing partx (2.39.3-r0)
#11 7.077 (173/175) Installing fstrim (2.39.3-r0)
#11 7.088 (174/175) Installing findmnt (2.39.3-r0)
#11 7.107 (175/175) Installing virtme-ng@testing (1.20-r0)
#11 7.162 Executing busybox-1.36.1-r17.trigger
#11 7.166 Executing ca-certificates-20240226-r0.trigger
#11 7.189 Executing glib-2.78.4-r0.trigger
#11 7.195 OK: 385 MiB in 188 packages
#11 DONE 7.5s

#12 [ 8/22] RUN mkdir -p /tmp/kernel-patches &&     mkdir -p /tmp/iproute2-patches
#12 DONE 0.4s

#13 [ 9/22] COPY tdc.config /tmp
#13 DONE 0.0s

#14 [10/22] COPY tdc-debug.config /tmp
#14 DONE 0.1s

#15 [11/22] COPY kernel-patches /tmp/kernel-patches/
#15 DONE 0.0s

#16 [12/22] COPY iproute2-patches /tmp/iproute2-patches/
#16 DONE 0.0s

#17 [13/22] COPY configs /tmp/configs/
#17 DONE 0.0s

#18 [14/22] RUN git config --global user.email foo@bar.com
#18 DONE 0.4s

#19 [15/22] RUN git config --global user.name foo@bar.com
#19 DONE 0.4s

#20 [16/22] RUN git clone https://git.kernel.org/pub/scm/network/iproute2/iproute2-next.git /nipa-data/iproute2
#20 0.400 Cloning into '/nipa-data/iproute2'...
#20 DONE 2.0s

#21 [17/22] RUN cd /nipa-data/iproute2 && 	git remote add stable https://git.kernel.org/pub/scm/network/iproute2/iproute2.git && 	git fetch --all && 	git merge stable/main
#21 0.289 Fetching origin
#21 0.594 Fetching stable
#21 1.194 From https://git.kernel.org/pub/scm/network/iproute2/iproute2
#21 1.194  * [new branch]        codeql         -> stable/codeql
#21 1.194  * [new branch]        color-opt      -> stable/color-opt
#21 1.194  * [new branch]        flag-names     -> stable/flag-names
#21 1.194  * [new branch]        iproute2-4.1.x -> stable/iproute2-4.1.x
#21 1.195  * [new branch]        json1          -> stable/json1
#21 1.195  * [new branch]        main           -> stable/main
#21 1.195  * [new branch]        net-next       -> stable/net-next
#21 1.195  * [new branch]        warnings       -> stable/warnings
#21 1.257 Auto-merging misc/ifstat.c
#21 1.261 Merge made by the 'ort' strategy.
#21 1.263  ip/iptuntap.c |  5 ++---
#21 1.263  man/man8/ip.8 | 33 +++++++++++++++++++++++++++++++--
#21 1.263  misc/ifstat.c |  6 ++++--
#21 1.263  3 files changed, 37 insertions(+), 7 deletions(-)
#21 DONE 1.3s

#22 [18/22] RUN if [ "$(find /tmp/iproute2-patches/ -name *.patch)" ]; then  	cd /nipa-data/iproute2; 	git apply /tmp/iproute2-patches/*.patch;     fi
#22 DONE 0.4s

#23 [19/22] RUN cd /nipa-data/iproute2/ &&     ./configure &&     make
#23 0.333 TC schedulers
#23 0.334  IPT	using xtables
#23 0.363  IPSET  yes
#23 0.384 
#23 0.384 lib directory: /usr/lib
#23 0.384 libc has setns: yes
#23 0.404 libc has name_to_handle_at: yes
#23 0.423 SELinux support: no
#23 0.424 libtirpc support: no
#23 0.425 libbpf support: yes
#23 0.493 	libbpf version 1.3.0
#23 0.493 ELF support: yes
#23 0.495 libmnl support: yes
#23 0.497 Berkeley DB: no
#23 0.506 need for strlcpy: no
#23 0.526 libcap support: yes
#23 0.527 color output: never
#23 0.530 
#23 0.530 lib
#23 0.532     CC       libgenl.o
#23 0.570     CC       libnetlink.o
#23 0.866     CC       mnl_utils.o
#23 0.940     AR       libnetlink.a
#23 0.942     CC       utils.o
#23 1.315     CC       utils_math.o
#23 1.359     CC       rt_names.o
#23 1.517     CC       ll_map.o
#23 1.610     CC       ll_types.o
#23 1.623 In file included from ll_types.c:20:
#23 1.623 ../include/uapi/linux/sockios.h:42: warning: "SIOCGSTAMP" redefined
#23 1.623    42 | #define SIOCGSTAMP      SIOCGSTAMP_OLD
#23 1.623       | 
#23 1.623 In file included from /usr/include/sys/ioctl.h:10,
#23 1.623                  from ll_types.c:12:
#23 1.623 /usr/include/bits/ioctl.h:111: note: this is the location of the previous definition
#23 1.623   111 | #define SIOCGSTAMP      0x8906
#23 1.623       | 
#23 1.623 ../include/uapi/linux/sockios.h:43: warning: "SIOCGSTAMPNS" redefined
#23 1.623    43 | #define SIOCGSTAMPNS    SIOCGSTAMPNS_OLD
#23 1.623       | 
#23 1.623 /usr/include/bits/ioctl.h:112: note: this is the location of the previous definition
#23 1.623   112 | #define SIOCGSTAMPNS    0x8907
#23 1.623       | 
#23 1.639     CC       ll_proto.o
#23 1.651 In file included from ll_proto.c:21:
#23 1.651 ../include/uapi/linux/sockios.h:42: warning: "SIOCGSTAMP" redefined
#23 1.651    42 | #define SIOCGSTAMP      SIOCGSTAMP_OLD
#23 1.651       | 
#23 1.651 In file included from /usr/include/sys/ioctl.h:10,
#23 1.651                  from ll_proto.c:13:
#23 1.651 /usr/include/bits/ioctl.h:111: note: this is the location of the previous definition
#23 1.651   111 | #define SIOCGSTAMP      0x8906
#23 1.651       | 
#23 1.651 ../include/uapi/linux/sockios.h:43: warning: "SIOCGSTAMPNS" redefined
#23 1.651    43 | #define SIOCGSTAMPNS    SIOCGSTAMPNS_OLD
#23 1.651       | 
#23 1.651 /usr/include/bits/ioctl.h:112: note: this is the location of the previous definition
#23 1.651   112 | #define SIOCGSTAMPNS    0x8907
#23 1.651       | 
#23 1.665     CC       ll_addr.o
#23 1.677 In file included from ll_addr.c:20:
#23 1.677 ../include/uapi/linux/sockios.h:42: warning: "SIOCGSTAMP" redefined
#23 1.677    42 | #define SIOCGSTAMP      SIOCGSTAMP_OLD
#23 1.677       | 
#23 1.677 In file included from /usr/include/sys/ioctl.h:10,
#23 1.677                  from ll_addr.c:12:
#23 1.677 /usr/include/bits/ioctl.h:111: note: this is the location of the previous definition
#23 1.677   111 | #define SIOCGSTAMP      0x8906
#23 1.677       | 
#23 1.677 ../include/uapi/linux/sockios.h:43: warning: "SIOCGSTAMPNS" redefined
#23 1.677    43 | #define SIOCGSTAMPNS    SIOCGSTAMPNS_OLD
#23 1.677       | 
#23 1.677 /usr/include/bits/ioctl.h:112: note: this is the location of the previous definition
#23 1.677   112 | #define SIOCGSTAMPNS    0x8907
#23 1.677       | 
#23 1.705     CC       inet_proto.o
#23 1.734     CC       namespace.o
#23 1.789     CC       json_writer.o
#23 1.867     CC       json_print.o
#23 1.982     CC       json_print_math.o
#23 2.012     CC       names.o
#23 2.056     CC       color.o
#23 2.100     CC       bpf_legacy.o
#23 2.463     CC       bpf_glue.o
#23 2.501     CC       exec.o
#23 2.531     CC       fs.o
#23 2.596     CC       cg_map.o
#23 2.630     CC       ppp_proto.o
#23 2.653     CC       bpf_libbpf.o
#23 2.727     CC       selinux.o
#23 2.747     CC       ax25_ntop.o
#23 2.774     CC       rose_ntop.o
#23 2.787 In file included from rose_ntop.c:16:
#23 2.787 ../include/uapi/linux/sockios.h:42: warning: "SIOCGSTAMP" redefined
#23 2.787    42 | #define SIOCGSTAMP      SIOCGSTAMP_OLD
#23 2.787       | 
#23 2.787 In file included from /usr/include/sys/ioctl.h:10,
#23 2.787                  from rose_ntop.c:7:
#23 2.787 /usr/include/bits/ioctl.h:111: note: this is the location of the previous definition
#23 2.787   111 | #define SIOCGSTAMP      0x8906
#23 2.787       | 
#23 2.787 ../include/uapi/linux/sockios.h:43: warning: "SIOCGSTAMPNS" redefined
#23 2.787    43 | #define SIOCGSTAMPNS    SIOCGSTAMPNS_OLD
#23 2.787       | 
#23 2.787 /usr/include/bits/ioctl.h:112: note: this is the location of the previous definition
#23 2.787   112 | #define SIOCGSTAMPNS    0x8907
#23 2.787       | 
#23 2.803     CC       mpls_ntop.o
#23 2.832     CC       mpls_pton.o
#23 2.861     CC       netrom_ntop.o
#23 2.882     AR       libutil.a
#23 2.887 
#23 2.887 ip
#23 2.889     CC       ip.o
#23 2.966     CC       ipaddress.o
#23 2.979 In file included from ipaddress.c:26:
#23 2.979 ../include/uapi/linux/sockios.h:42: warning: "SIOCGSTAMP" redefined
#23 2.979    42 | #define SIOCGSTAMP      SIOCGSTAMP_OLD
#23 2.979       | 
#23 2.979 In file included from /usr/include/sys/ioctl.h:10,
#23 2.979                  from ipaddress.c:14:
#23 2.979 /usr/include/bits/ioctl.h:111: note: this is the location of the previous definition
#23 2.979   111 | #define SIOCGSTAMP      0x8906
#23 2.979       | 
#23 2.979 ../include/uapi/linux/sockios.h:43: warning: "SIOCGSTAMPNS" redefined
#23 2.979    43 | #define SIOCGSTAMPNS    SIOCGSTAMPNS_OLD
#23 2.979       | 
#23 2.979 /usr/include/bits/ioctl.h:112: note: this is the location of the previous definition
#23 2.979   112 | #define SIOCGSTAMPNS    0x8907
#23 2.979       | 
#23 3.408     CC       ipaddrlabel.o
#23 3.467     CC       iproute.o
#23 3.977     CC       iprule.o
#23 4.164     CC       ipnetns.o
#23 4.352     CC       rtm_map.o
#23 4.387     CC       iptunnel.o
#23 4.399 In file included from ../include/uapi/linux/if_tunnel.h:6,
#23 4.399                  from iptunnel.c:19:
#23 4.399 ../include/uapi/linux/if.h:134: warning: "IFF_VOLATILE" redefined
#23 4.399   134 | #define IFF_VOLATILE    (IFF_LOOPBACK|IFF_POINTOPOINT|IFF_BROADCAST|IFF_ECHO|\
#23 4.399       | 
#23 4.399 In file included from iptunnel.c:16:
#23 4.399 /usr/include/net/if.h:48: note: this is the location of the previous definition
#23 4.399    48 | #define IFF_VOLATILE (IFF_LOOPBACK|IFF_POINTOPOINT|IFF_BROADCAST| \
#23 4.399       | 
#23 4.522     CC       ip6tunnel.o
#23 4.652     CC       tunnel.o
#23 4.740     CC       ipneigh.o
#23 4.907     CC       ipntable.o
#23 5.013     CC       iplink.o
#23 5.306     CC       ipmaddr.o
#23 5.320 In file included from ipmaddr.c:21:
#23 5.320 ../include/uapi/linux/sockios.h:42: warning: "SIOCGSTAMP" redefined
#23 5.320    42 | #define SIOCGSTAMP      SIOCGSTAMP_OLD
#23 5.320       | 
#23 5.320 In file included from /usr/include/sys/ioctl.h:10,
#23 5.320                  from ipmaddr.c:12:
#23 5.320 /usr/include/bits/ioctl.h:111: note: this is the location of the previous definition
#23 5.320   111 | #define SIOCGSTAMP      0x8906
#23 5.320       | 
#23 5.320 ../include/uapi/linux/sockios.h:43: warning: "SIOCGSTAMPNS" redefined
#23 5.320    43 | #define SIOCGSTAMPNS    SIOCGSTAMPNS_OLD
#23 5.320       | 
#23 5.320 /usr/include/bits/ioctl.h:112: note: this is the location of the previous definition
#23 5.320   112 | #define SIOCGSTAMPNS    0x8907
#23 5.320       | 
#23 5.402     CC       ipmonitor.o
#23 5.477     CC       ipmroute.o
#23 5.490 In file included from ipmroute.c:22:
#23 5.490 ../include/uapi/linux/sockios.h:42: warning: "SIOCGSTAMP" redefined
#23 5.490    42 | #define SIOCGSTAMP      SIOCGSTAMP_OLD
#23 5.490       | 
#23 5.490 In file included from /usr/include/sys/ioctl.h:10,
#23 5.490                  from ipmroute.c:13:
#23 5.490 /usr/include/bits/ioctl.h:111: note: this is the location of the previous definition
#23 5.490   111 | #define SIOCGSTAMP      0x8906
#23 5.490       | 
#23 5.490 ../include/uapi/linux/sockios.h:43: warning: "SIOCGSTAMPNS" redefined
#23 5.490    43 | #define SIOCGSTAMPNS    SIOCGSTAMPNS_OLD
#23 5.490       | 
#23 5.490 /usr/include/bits/ioctl.h:112: note: this is the location of the previous definition
#23 5.490   112 | #define SIOCGSTAMPNS    0x8907
#23 5.490       | 
#23 5.549     CC       ipprefix.o
#23 5.580     CC       iptuntap.o
#23 5.702     CC       iptoken.o
#23 5.755     CC       ipxfrm.o
#23 6.065     CC       xfrm_state.o
#23 6.351     CC       xfrm_policy.o
#23 6.579     CC       xfrm_monitor.o
#23 6.654     CC       iplink_dummy.o
#23 6.676     CC       iplink_ifb.o
#23 6.697     CC       iplink_nlmon.o
#23 6.721     CC       iplink_team.o
#23 6.747     CC       iplink_vcan.o
#23 6.769     CC       iplink_vxcan.o
#23 6.798     CC       iplink_vlan.o
#23 6.869     CC       link_veth.o
#23 6.898     CC       link_gre.o
#23 6.909 In file included from ../include/uapi/linux/if_tunnel.h:6,
#23 6.909                  from link_gre.c:15:
#23 6.909 ../include/uapi/linux/if.h:134: warning: "IFF_VOLATILE" redefined
#23 6.909   134 | #define IFF_VOLATILE    (IFF_LOOPBACK|IFF_POINTOPOINT|IFF_BROADCAST|IFF_ECHO|\
#23 6.909       | 
#23 6.909 In file included from link_gre.c:9:
#23 6.909 /usr/include/net/if.h:48: note: this is the location of the previous definition
#23 6.909    48 | #define IFF_VOLATILE (IFF_LOOPBACK|IFF_POINTOPOINT|IFF_BROADCAST| \
#23 6.909       | 
#23 7.030     CC       iplink_can.o
#23 7.171     CC       iplink_xdp.o
#23 7.229     CC       iplink_macvlan.o
#23 7.298     CC       ipl2tp.o
#23 7.458     CC       link_vti.o
#23 7.470 In file included from ../include/uapi/linux/if_tunnel.h:6,
#23 7.470                  from link_vti.c:16:
#23 7.470 ../include/uapi/linux/if.h:134: warning: "IFF_VOLATILE" redefined
#23 7.470   134 | #define IFF_VOLATILE    (IFF_LOOPBACK|IFF_POINTOPOINT|IFF_BROADCAST|IFF_ECHO|\
#23 7.470       | 
#23 7.470 In file included from link_vti.c:10:
#23 7.470 /usr/include/net/if.h:48: note: this is the location of the previous definition
#23 7.470    48 | #define IFF_VOLATILE (IFF_LOOPBACK|IFF_POINTOPOINT|IFF_BROADCAST| \
#23 7.470       | 
#23 7.515     CC       link_vti6.o
#23 7.526 In file included from ../include/uapi/linux/if_tunnel.h:6,
#23 7.526                  from link_vti6.c:17:
#23 7.526 ../include/uapi/linux/if.h:134: warning: "IFF_VOLATILE" redefined
#23 7.526   134 | #define IFF_VOLATILE    (IFF_LOOPBACK|IFF_POINTOPOINT|IFF_BROADCAST|IFF_ECHO|\
#23 7.526       | 
#23 7.526 In file included from link_vti6.c:11:
#23 7.526 /usr/include/net/if.h:48: note: this is the location of the previous definition
#23 7.526    48 | #define IFF_VOLATILE (IFF_LOOPBACK|IFF_POINTOPOINT|IFF_BROADCAST| \
#23 7.526       | 
#23 7.571     CC       link_xfrm.o
#23 7.607     CC       iplink_vxlan.o
#23 7.756     CC       tcp_metrics.o
#23 7.855     CC       iplink_ipoib.o
#23 7.899     CC       ipnetconf.o
#23 7.950     CC       link_ip6tnl.o
#23 7.961 In file included from ../include/uapi/linux/if_tunnel.h:6,
#23 7.961                  from link_ip6tnl.c:15:
#23 7.961 ../include/uapi/linux/if.h:134: warning: "IFF_VOLATILE" redefined
#23 7.961   134 | #define IFF_VOLATILE    (IFF_LOOPBACK|IFF_POINTOPOINT|IFF_BROADCAST|IFF_ECHO|\
#23 7.961       | 
#23 7.961 In file included from link_ip6tnl.c:9:
#23 7.961 /usr/include/net/if.h:48: note: this is the location of the previous definition
#23 7.961    48 | #define IFF_VOLATILE (IFF_LOOPBACK|IFF_POINTOPOINT|IFF_BROADCAST| \
#23 7.961       | 
#23 8.044     CC       link_iptnl.o
#23 8.056 In file included from ../include/uapi/linux/if_tunnel.h:6,
#23 8.056                  from link_iptnl.c:16:
#23 8.056 ../include/uapi/linux/if.h:134: warning: "IFF_VOLATILE" redefined
#23 8.056   134 | #define IFF_VOLATILE    (IFF_LOOPBACK|IFF_POINTOPOINT|IFF_BROADCAST|IFF_ECHO|\
#23 8.056       | 
#23 8.056 In file included from link_iptnl.c:9:
#23 8.056 /usr/include/net/if.h:48: note: this is the location of the previous definition
#23 8.056    48 | #define IFF_VOLATILE (IFF_LOOPBACK|IFF_POINTOPOINT|IFF_BROADCAST| \
#23 8.056       | 
#23 8.150     CC       link_gre6.o
#23 8.160 In file included from ../include/uapi/linux/if_tunnel.h:6,
#23 8.160                  from link_gre6.c:15:
#23 8.160 ../include/uapi/linux/if.h:134: warning: "IFF_VOLATILE" redefined
#23 8.160   134 | #define IFF_VOLATILE    (IFF_LOOPBACK|IFF_POINTOPOINT|IFF_BROADCAST|IFF_ECHO|\
#23 8.160       | 
#23 8.160 In file included from link_gre6.c:9:
#23 8.160 /usr/include/net/if.h:48: note: this is the location of the previous definition
#23 8.160    48 | #define IFF_VOLATILE (IFF_LOOPBACK|IFF_POINTOPOINT|IFF_BROADCAST| \
#23 8.160       | 
#23 8.278     CC       iplink_bond.o
#23 8.449     CC       iplink_bond_slave.o
#23 8.501     CC       iplink_hsr.o
#23 8.547     CC       iplink_bridge.o
#23 8.716     CC       iplink_bridge_slave.o
#23 8.811     CC       iplink_dsa.o
#23 8.843     CC       ipfou.o
#23 8.926     CC       iplink_ipvlan.o
#23 8.966     CC       iplink_geneve.o
#23 9.054     CC       iplink_vrf.o
#23 9.101     CC       iproute_lwtunnel.o
#23 9.509     CC       ipmacsec.o
#23 9.764     CC       ipila.o
#23 9.840     CC       ipvrf.o
#23 9.962     CC       iplink_xstats.o
#23 9.996     CC       ipseg6.o
#23 10.06     CC       iplink_netdevsim.o
#23 10.08     CC       iplink_rmnet.o
#23 10.11     CC       ipnexthop.o
#23 10.35     CC       ipmptcp.o
#23 10.48     CC       iplink_bareudp.o
#23 10.53     CC       iplink_wwan.o
#23 10.56     CC       ipioam6.o
#23 10.64     CC       iplink_amt.o
#23 10.69     CC       iplink_batadv.o
#23 10.72     CC       iplink_gtp.o
#23 10.76     CC       iplink_virt_wifi.o
#23 10.78     CC       iplink_netkit.o
#23 10.83     CC       ipstats.o
#23 11.04     LINK     ip
#23 11.07     CC       rtmon.o
#23 11.12     LINK     rtmon
#23 11.14 
#23 11.14 tc
#23 11.14     CC       tc.o
#23 11.22     CC       tc_qdisc.o
#23 11.34     CC       tc_class.o
#23 11.45     CC       tc_filter.o
#23 11.61     CC       tc_util.o
#23 11.79     CC       tc_monitor.o
#23 11.82     CC       tc_exec.o
#23 11.86     CC       m_police.o
#23 11.95     CC       m_estimator.o
#23 11.98     CC       m_action.o
#23 12.14     CC       m_ematch.o
#23 12.25     YACC     emp_ematch.tab.c
#23 12.32     CC       emp_ematch.tab.o
#23 12.42     LEX      emp_ematch.lex.c
#23 12.42     CC       emp_ematch.lex.o
#23 12.58     CC       q_fifo.o
#23 12.62     CC       q_sfq.o
#23 12.69     CC       q_red.o
#23 12.76     CC       q_prio.o
#23 12.81     CC       q_skbprio.o
#23 12.84     CC       q_tbf.o
#23 12.93     CC       q_multiq.o
#23 12.96     CC       q_netem.o
#23 13.19     CC       q_choke.o
#23 13.25     CC       q_sfb.o
#23 13.31     CC       f_u32.o
#23 13.56     CC       f_route.o
#23 13.61     CC       f_fw.o
#23 13.66     CC       f_basic.o
#23 13.72     CC       f_bpf.o
#23 13.78     CC       f_flow.o
#23 13.86     CC       f_cgroup.o
#23 13.90     CC       f_flower.o
#23 13.91 In file included from ../include/uapi/linux/netdevice.h:29,
#23 13.91                  from ../include/uapi/linux/if_arp.h:27,
#23 13.91                  from f_flower.c:14:
#23 13.91 ../include/uapi/linux/if.h:134: warning: "IFF_VOLATILE" redefined
#23 13.91   134 | #define IFF_VOLATILE    (IFF_LOOPBACK|IFF_POINTOPOINT|IFF_BROADCAST|IFF_ECHO|\
#23 13.91       | 
#23 13.91 In file included from f_flower.c:12:
#23 13.91 /usr/include/net/if.h:48: note: this is the location of the previous definition
#23 13.91    48 | #define IFF_VOLATILE (IFF_LOOPBACK|IFF_POINTOPOINT|IFF_BROADCAST| \
#23 13.91       | 
#23 14.39     CC       q_gred.o
#23 14.49     CC       q_ingress.o
#23 14.52     CC       q_hfsc.o
#23 14.60     CC       q_htb.o
#23 14.69     CC       q_drr.o
#23 14.73     CC       q_qfq.o
#23 14.77     CC       m_gact.o
#23 14.82     CC       m_mirred.o
#23 14.88     CC       m_mpls.o
#23 14.95     CC       m_nat.o
#23 15.00     CC       m_pedit.o
#23 15.14     CC       m_ife.o
#23 15.21     CC       m_skbedit.o
#23 15.27     CC       m_skbmod.o
#23 15.33     CC       m_csum.o
#23 15.41     CC       m_simple.o
#23 15.45     CC       m_vlan.o
#23 15.52     CC       m_connmark.o
#23 15.56     CC       m_ctinfo.o
#23 15.61     CC       m_bpf.o
#23 15.66     CC       m_tunnel_key.o
#23 15.78     CC       m_sample.o
#23 15.82     CC       m_ct.o
#23 15.92     CC       m_gate.o
#23 16.01     CC       p_ip.o
#23 16.05     CC       p_ip6.o
#23 16.08     CC       p_icmp.o
#23 16.11     CC       p_eth.o
#23 16.14     CC       p_tcp.o
#23 16.16     CC       p_udp.o
#23 16.19     CC       em_nbyte.o
#23 16.23     CC       em_cmp.o
#23 16.29     CC       em_u32.o
#23 16.33     CC       em_canid.o
#23 16.38     CC       em_meta.o
#23 16.48     CC       q_mqprio.o
#23 16.58     CC       q_codel.o
#23 16.64     CC       q_fq_codel.o
#23 16.71     CC       q_fq.o
#23 16.83     CC       q_pie.o
#23 16.89     CC       q_fq_pie.o
#23 16.98     CC       q_cake.o
#23 17.16     CC       q_hhf.o
#23 17.21     CC       q_clsact.o
#23 17.24     CC       e_bpf.o
#23 17.30     CC       f_matchall.o
#23 17.34     CC       q_cbs.o
#23 17.39     CC       q_etf.o
#23 17.43     CC       q_taprio.o
#23 17.55     CC       q_plug.o
#23 17.58     CC       q_ets.o
#23 17.66     CC       em_ipt.o
#23 17.68 In file included from tc_util.h:7,
#23 17.68                  from m_ematch.h:11,
#23 17.68                  from em_ipt.c:13:
#23 17.68 ../include/uapi/linux/if.h:134: warning: "IFF_VOLATILE" redefined
#23 17.68   134 | #define IFF_VOLATILE    (IFF_LOOPBACK|IFF_POINTOPOINT|IFF_BROADCAST|IFF_ECHO|\
#23 17.68       | 
#23 17.68 In file included from ../include/xtables.h:17,
#23 17.68                  from em_ipt.c:12:
#23 17.68 /usr/include/net/if.h:48: note: this is the location of the previous definition
#23 17.68    48 | #define IFF_VOLATILE (IFF_LOOPBACK|IFF_POINTOPOINT|IFF_BROADCAST| \
#23 17.68       | 
#23 17.71     CC       em_ipset.o
#23 17.73 In file included from tc_util.h:7,
#23 17.73                  from m_ematch.h:11,
#23 17.73                  from em_ipset.c:39:
#23 17.73 ../include/uapi/linux/if.h:134: warning: "IFF_VOLATILE" redefined
#23 17.73   134 | #define IFF_VOLATILE    (IFF_LOOPBACK|IFF_POINTOPOINT|IFF_BROADCAST|IFF_ECHO|\
#23 17.73       | 
#23 17.73 In file included from ../include/xtables.h:17,
#23 17.73                  from em_ipset.c:23:
#23 17.73 /usr/include/net/if.h:48: note: this is the location of the previous definition
#23 17.73    48 | #define IFF_VOLATILE (IFF_LOOPBACK|IFF_POINTOPOINT|IFF_BROADCAST| \
#23 17.73       | 
#23 17.77     CC       tc_core.o
#23 17.84     CC       tc_red.o
#23 17.88     CC       tc_estimator.o
#23 17.91     CC       tc_stab.o
#23 17.97     CC       tc_qevent.o
#23 18.02     AR       libtc.a
#23 18.03     LINK     tc
#23 18.06 rm emp_ematch.lex.c
#23 18.06 
#23 18.06 bridge
#23 18.06     CC       bridge.o
#23 18.11     CC       fdb.o
#23 18.29     CC       monitor.o
#23 18.33     CC       link.o
#23 18.48     CC       mdb.o
#23 18.67     CC       vlan.o
#23 18.68 In file included from vlan.c:14:
#23 18.68 ../include/json_print.h:80:30: warning: 'struct timeval' declared inside parameter list will not be visible outside of this definition or declaration
#23 18.68    80 | _PRINT_FUNC(tv, const struct timeval *)
#23 18.68       |                              ^~~~~~~
#23 18.68 ../include/json_print.h:50:37: note: in definition of macro '_PRINT_FUNC'
#23 18.68    50 |                                     type value);                        \
#23 18.68       |                                     ^~~~
#23 18.68 ../include/json_print.h:80:30: warning: 'struct timeval' declared inside parameter list will not be visible outside of this definition or declaration
#23 18.68    80 | _PRINT_FUNC(tv, const struct timeval *)
#23 18.68       |                              ^~~~~~~
#23 18.68 ../include/json_print.h:55:45: note: in definition of macro '_PRINT_FUNC'
#23 18.68    55 |                                             type value)                 \
#23 18.68       |                                             ^~~~
#23 18.68 ../include/json_print.h: In function 'print_tv':
#23 18.68 ../include/json_print.h:58:48: warning: passing argument 5 of 'print_color_tv' from incompatible pointer type [-Wincompatible-pointer-types]
#23 18.68    58 |                                                value);                  \
#23 18.68       |                                                ^~~~~
#23 18.68       |                                                |
#23 18.68       |                                                const struct timeval *
#23 18.68 ../include/json_print.h:80:1: note: in expansion of macro '_PRINT_FUNC'
#23 18.68    80 | _PRINT_FUNC(tv, const struct timeval *)
#23 18.68       | ^~~~~~~~~~~
#23 18.68 ../include/json_print.h:50:42: note: expected 'const struct timeval *' but argument is of type 'const struct timeval *'
#23 18.68    50 |                                     type value);                        \
#23 18.68       |                                          ^
#23 18.68 ../include/json_print.h:80:1: note: in expansion of macro '_PRINT_FUNC'
#23 18.68    80 | _PRINT_FUNC(tv, const struct timeval *)
#23 18.68       | ^~~~~~~~~~~
#23 18.89     CC       vni.o
#23 18.90 In file included from vni.c:19:
#23 18.90 ../include/json_print.h:80:30: warning: 'struct timeval' declared inside parameter list will not be visible outside of this definition or declaration
#23 18.90    80 | _PRINT_FUNC(tv, const struct timeval *)
#23 18.90       |                              ^~~~~~~
#23 18.90 ../include/json_print.h:50:37: note: in definition of macro '_PRINT_FUNC'
#23 18.90    50 |                                     type value);                        \
#23 18.90       |                                     ^~~~
#23 18.90 ../include/json_print.h:80:30: warning: 'struct timeval' declared inside parameter list will not be visible outside of this definition or declaration
#23 18.90    80 | _PRINT_FUNC(tv, const struct timeval *)
#23 18.90       |                              ^~~~~~~
#23 18.90 ../include/json_print.h:55:45: note: in definition of macro '_PRINT_FUNC'
#23 18.90    55 |                                             type value)                 \
#23 18.90       |                                             ^~~~
#23 18.90 ../include/json_print.h: In function 'print_tv':
#23 18.90 ../include/json_print.h:58:48: warning: passing argument 5 of 'print_color_tv' from incompatible pointer type [-Wincompatible-pointer-types]
#23 18.90    58 |                                                value);                  \
#23 18.90       |                                                ^~~~~
#23 18.90       |                                                |
#23 18.90       |                                                const struct timeval *
#23 18.90 ../include/json_print.h:80:1: note: in expansion of macro '_PRINT_FUNC'
#23 18.90    80 | _PRINT_FUNC(tv, const struct timeval *)
#23 18.90       | ^~~~~~~~~~~
#23 18.90 ../include/json_print.h:50:42: note: expected 'const struct timeval *' but argument is of type 'const struct timeval *'
#23 18.90    50 |                                     type value);                        \
#23 18.90       |                                          ^
#23 18.90 ../include/json_print.h:80:1: note: in expansion of macro '_PRINT_FUNC'
#23 18.90    80 | _PRINT_FUNC(tv, const struct timeval *)
#23 18.90       | ^~~~~~~~~~~
#23 18.98     LINK     bridge
#23 18.99 
#23 18.99 misc
#23 18.99     CC       ss.o
#23 19.01 In file included from ../include/uapi/linux/tipc.h:42,
#23 19.01                  from ss.c:48:
#23 19.01 ../include/uapi/linux/sockios.h:42: warning: "SIOCGSTAMP" redefined
#23 19.01    42 | #define SIOCGSTAMP      SIOCGSTAMP_OLD
#23 19.01       | 
#23 19.01 In file included from /usr/include/sys/ioctl.h:10,
#23 19.01                  from ss.c:12:
#23 19.01 /usr/include/bits/ioctl.h:111: note: this is the location of the previous definition
#23 19.01   111 | #define SIOCGSTAMP      0x8906
#23 19.01       | 
#23 19.01 ../include/uapi/linux/sockios.h:43: warning: "SIOCGSTAMPNS" redefined
#23 19.01    43 | #define SIOCGSTAMPNS    SIOCGSTAMPNS_OLD
#23 19.01       | 
#23 19.01 /usr/include/bits/ioctl.h:112: note: this is the location of the previous definition
#23 19.01   112 | #define SIOCGSTAMPNS    0x8907
#23 19.01       | 
#23 19.90     CC       ssfilter_check.o
#23 19.92     YACC     ssfilter.tab.c
#23 19.98     CC       ssfilter.tab.o
#23 20.08     LINK     ss
#23 20.10     CC       nstat
#23 20.11 In file included from nstat.c:20:
#23 20.11 /usr/include/sys/poll.h:1:2: warning: #warning redirecting incorrect #include <sys/poll.h> to <poll.h> [-Wcpp]
#23 20.11     1 | #warning redirecting incorrect #include <sys/poll.h> to <poll.h>
#23 20.11       |  ^~~~~~~
#23 20.24     CC       ifstat
#23 20.25 In file included from ifstat.c:20:
#23 20.25 /usr/include/sys/poll.h:1:2: warning: #warning redirecting incorrect #include <sys/poll.h> to <poll.h> [-Wcpp]
#23 20.25     1 | #warning redirecting incorrect #include <sys/poll.h> to <poll.h>
#23 20.25       |  ^~~~~~~
#23 20.41     CC       rtacct
#23 20.43 In file included from rtacct.c:19:
#23 20.43 /usr/include/sys/poll.h:1:2: warning: #warning redirecting incorrect #include <sys/poll.h> to <poll.h> [-Wcpp]
#23 20.43     1 | #warning redirecting incorrect #include <sys/poll.h> to <poll.h>
#23 20.43       |  ^~~~~~~
#23 20.55     CC       lnstat.o
#23 20.62     CC       lnstat_util.o
#23 20.68     LINK     lnstat
#23 20.69 
#23 20.69 netem
#23 20.69 gcc  -I../include -o maketable maketable.c -lm
#23 20.73 gcc  -I../include -o normal normal.c -lm
#23 20.75 gcc  -I../include -o pareto pareto.c -lm
#23 20.78 gcc  -I../include -o paretonormal paretonormal.c -lm
#23 20.80 ./normal > normal.dist
#23 20.81 ./pareto > pareto.dist
#23 20.81 ./paretonormal > paretonormal.dist
#23 20.82 ./maketable experimental.dat > experimental.dist
#23 20.83 
#23 20.83 genl
#23 20.83     CC       genl.o
#23 20.87     CC       ctrl.o
#23 20.94     LINK     genl
#23 20.96 
#23 20.96 man
#23 20.96 make[2]: Nothing to be done for 'all'.
#23 20.96 make[2]: Nothing to be done for 'all'.
#23 20.96 sed \
#23 20.96 	-e "s|@NETNS_ETC_DIR@|/etc/netns|g" \
#23 20.96 	-e "s|@NETNS_RUN_DIR@|/var/run/netns|g" \
#23 20.96 	-e "s|@SYSCONF_ETC_DIR@|/etc/iproute2|g" \
#23 20.96 	-e "s|@SYSCONF_USR_DIR@|/usr/share/iproute2|g" \
#23 20.96 	ip-address.8.in > ip-address.8
#23 20.96 sed \
#23 20.96 	-e "s|@NETNS_ETC_DIR@|/etc/netns|g" \
#23 20.96 	-e "s|@NETNS_RUN_DIR@|/var/run/netns|g" \
#23 20.96 	-e "s|@SYSCONF_ETC_DIR@|/etc/iproute2|g" \
#23 20.96 	-e "s|@SYSCONF_USR_DIR@|/usr/share/iproute2|g" \
#23 20.96 	ip-link.8.in > ip-link.8
#23 20.97 sed \
#23 20.97 	-e "s|@NETNS_ETC_DIR@|/etc/netns|g" \
#23 20.97 	-e "s|@NETNS_RUN_DIR@|/var/run/netns|g" \
#23 20.97 	-e "s|@SYSCONF_ETC_DIR@|/etc/iproute2|g" \
#23 20.97 	-e "s|@SYSCONF_USR_DIR@|/usr/share/iproute2|g" \
#23 20.97 	ip-netns.8.in > ip-netns.8
#23 20.97 sed \
#23 20.97 	-e "s|@NETNS_ETC_DIR@|/etc/netns|g" \
#23 20.97 	-e "s|@NETNS_RUN_DIR@|/var/run/netns|g" \
#23 20.97 	-e "s|@SYSCONF_ETC_DIR@|/etc/iproute2|g" \
#23 20.97 	-e "s|@SYSCONF_USR_DIR@|/usr/share/iproute2|g" \
#23 20.97 	ip-route.8.in > ip-route.8
#23 20.97 
#23 20.97 tipc
#23 20.98     CC       bearer.o
#23 21.15     CC       cmdl.o
#23 21.19     CC       link.o
#23 21.38     CC       media.o
#23 21.43     CC       misc.o
#23 21.49     CC       msg.o
#23 21.51     CC       nametable.o
#23 21.54     CC       node.o
#23 21.63     CC       socket.o
#23 21.66     CC       peer.o
#23 21.69     CC       tipc.o
#23 21.72     LINK     tipc
#23 21.74 
#23 21.74 devlink
#23 21.74     CC       devlink.o
#23 23.42     CC       mnlg.o
#23 23.46     LINK     devlink
#23 23.48 
#23 23.48 rdma
#23 23.48     CC       rdma.o
#23 23.50 rdma.c: In function 'main':
#23 23.50 rdma.c:110:20: warning: implicit declaration of function 'basename'; did you mean 'rename'? [-Wimplicit-function-declaration]
#23 23.50   110 |         filename = basename(argv[0]);
#23 23.50       |                    ^~~~~~~~
#23 23.50       |                    rename
#23 23.50 rdma.c:110:18: warning: assignment to 'char *' from 'int' makes pointer from integer without a cast [-Wint-conversion]
#23 23.50   110 |         filename = basename(argv[0]);
#23 23.50       |                  ^
#23 23.53     CC       utils.o
#23 23.71     CC       dev.o
#23 23.78     CC       link.o
#23 23.85     CC       res.o
#23 23.96     CC       res-pd.o
#23 24.01     CC       res-mr.o
#23 24.05     CC       res-cq.o
#23 24.10     CC       res-cmid.o
#23 24.16     CC       res-qp.o
#23 24.22     CC       sys.o
#23 24.27     CC       stat.o
#23 24.50     CC       stat-mr.o
#23 24.53     CC       res-ctx.o
#23 24.57     CC       res-srq.o
#23 24.64     LINK     rdma
#23 24.65 
#23 24.65 dcb
#23 24.66     CC       dcb.o
#23 24.77     CC       dcb_app.o
#23 24.97     CC       dcb_buffer.o
#23 25.02     CC       dcb_dcbx.o
#23 25.07     CC       dcb_ets.o
#23 25.15     CC       dcb_maxrate.o
#23 25.20     CC       dcb_pfc.o
#23 25.27     CC       dcb_apptrust.o
#23 25.33     CC       dcb_rewr.o
#23 25.42     LINK     dcb
#23 25.43 
#23 25.43 vdpa
#23 25.43     CC       vdpa.o
#23 25.44 In file included from vdpa.c:19:
#23 25.44 ../include/json_print.h:80:30: warning: 'struct timeval' declared inside parameter list will not be visible outside of this definition or declaration
#23 25.44    80 | _PRINT_FUNC(tv, const struct timeval *)
#23 25.44       |                              ^~~~~~~
#23 25.44 ../include/json_print.h:50:37: note: in definition of macro '_PRINT_FUNC'
#23 25.44    50 |                                     type value);                        \
#23 25.44       |                                     ^~~~
#23 25.44 ../include/json_print.h:80:30: warning: 'struct timeval' declared inside parameter list will not be visible outside of this definition or declaration
#23 25.44    80 | _PRINT_FUNC(tv, const struct timeval *)
#23 25.44       |                              ^~~~~~~
#23 25.44 ../include/json_print.h:55:45: note: in definition of macro '_PRINT_FUNC'
#23 25.44    55 |                                             type value)                 \
#23 25.44       |                                             ^~~~
#23 25.44 ../include/json_print.h: In function 'print_tv':
#23 25.44 ../include/json_print.h:58:48: warning: passing argument 5 of 'print_color_tv' from incompatible pointer type [-Wincompatible-pointer-types]
#23 25.44    58 |                                                value);                  \
#23 25.44       |                                                ^~~~~
#23 25.44       |                                                |
#23 25.44       |                                                const struct timeval *
#23 25.44 ../include/json_print.h:80:1: note: in expansion of macro '_PRINT_FUNC'
#23 25.44    80 | _PRINT_FUNC(tv, const struct timeval *)
#23 25.44       | ^~~~~~~~~~~
#23 25.44 ../include/json_print.h:50:42: note: expected 'const struct timeval *' but argument is of type 'const struct timeval *'
#23 25.44    50 |                                     type value);                        \
#23 25.44       |                                          ^
#23 25.44 ../include/json_print.h:80:1: note: in expansion of macro '_PRINT_FUNC'
#23 25.44    80 | _PRINT_FUNC(tv, const struct timeval *)
#23 25.44       | ^~~~~~~~~~~
#23 25.58     LINK     vdpa
#23 DONE 25.6s

#24 [20/22] RUN git clone --no-single-branch --depth=1 https://github.com/linux-netdev/testing.git /nipa-data/kernel
#24 0.389 Cloning into '/nipa-data/kernel'...
#24 33.12 Updating files:  16% (13761/83283)Updating files:  17% (14159/83283)Updating files:  18% (14991/83283)Updating files:  19% (15824/83283)Updating files:  20% (16657/83283)Updating files:  21% (17490/83283)Updating files:  22% (18323/83283)Updating files:  23% (19156/83283)Updating files:  24% (19988/83283)Updating files:  25% (20821/83283)Updating files:  26% (21654/83283)Updating files:  27% (22487/83283)Updating files:  28% (23320/83283)Updating files:  29% (24153/83283)Updating files:  30% (24985/83283)Updating files:  31% (25818/83283)Updating files:  32% (26651/83283)Updating files:  32% (26951/83283)Updating files:  33% (27484/83283)Updating files:  34% (28317/83283)Updating files:  35% (29150/83283)Updating files:  36% (29982/83283)Updating files:  37% (30815/83283)Updating files:  38% (31648/83283)Updating files:  39% (32481/83283)Updating files:  40% (33314/83283)Updating files:  40% (33476/83283)Updating files:  41% (34147/83283)Updating files:  42% (34979/83283)Updating files:  43% (35812/83283)Updating files:  44% (36645/83283)Updating files:  45% (37478/83283)Updating files:  46% (38311/83283)Updating files:  46% (38755/83283)Updating files:  47% (39144/83283)Updating files:  48% (39976/83283)Updating files:  49% (40809/83283)Updating files:  50% (41642/83283)Updating files:  51% (42475/83283)Updating files:  52% (43308/83283)Updating files:  53% (44140/83283)Updating files:  54% (44973/83283)Updating files:  55% (45806/83283)Updating files:  56% (46639/83283)Updating files:  57% (47472/83283)Updating files:  58% (48305/83283)Updating files:  59% (49137/83283)Updating files:  59% (49240/83283)Updating files:  60% (49970/83283)Updating files:  61% (50803/83283)Updating files:  62% (51636/83283)Updating files:  63% (52469/83283)Updating files:  64% (53302/83283)Updating files:  65% (54134/83283)Updating files:  66% (54967/83283)Updating files:  67% (55800/83283)Updating files:  68% (56633/83283)Updating files:  69% (57466/83283)Updating files:  70% (58299/83283)Updating files:  71% (59131/83283)Updating files:  72% (59964/83283)Updating files:  73% (60797/83283)Updating files:  73% (61202/83283)Updating files:  74% (61630/83283)Updating files:  75% (62463/83283)Updating files:  76% (63296/83283)Updating files:  77% (64128/83283)Updating files:  78% (64961/83283)Updating files:  79% (65794/83283)Updating files:  80% (66627/83283)Updating files:  81% (67460/83283)Updating files:  82% (68293/83283)Updating files:  83% (69125/83283)Updating files:  84% (69958/83283)Updating files:  85% (70791/83283)Updating files:  86% (71624/83283)Updating files:  87% (72457/83283)Updating files:  88% (73290/83283)Updating files:  89% (74122/83283)Updating files:  90% (74955/83283)Updating files:  90% (75645/83283)Updating files:  91% (75788/83283)Updating files:  92% (76621/83283)Updating files:  93% (77454/83283)Updating files:  94% (78287/83283)Updating files:  95% (79119/83283)Updating files:  96% (79952/83283)Updating files:  97% (80785/83283)Updating files:  98% (81618/83283)Updating files:  99% (82451/83283)Updating files: 100% (83283/83283)Updating files: 100% (83283/83283), done.
#24 DONE 44.6s

#25 [21/22] RUN git clone --depth=1 -b dev https://github.com/p4tc-dev/new-nipa.git nipa
#25 0.714 Cloning into 'nipa'...
#25 DONE 2.0s

#26 [22/22] COPY entrypoint.sh /entrypoint.sh
#26 DONE 0.5s

#27 exporting to image
#27 exporting layers
#27 exporting layers 7.1s done
#27 writing image sha256:8bda5ee6a6b780dbc1344a2ce7f78d9faee8c4200faeb95b8152659f6354b4d5 done
#27 naming to docker.io/library/nipa-executor done
#27 DONE 7.1s
NIPA version: 9d4ceb4 (fetcher: support local kernel patches, 2024-02-05)
INFO: Last run date: 2024-03-04 09:00:18.198312+00:00
Testing  {'branch': 'net-next-2024-03-04--12-00', 'date': '2024-03-04T12:00:03.037936+00:00', 'base': 'a886fcb716618582a1cab46d1fd29df5789a546f', 'url': 'https://github.com/linux-netdev/testing.git net-next-2024-03-04--12-00'}
branch 'net-next-2024-03-04--12-00' set up to track 'origin/net-next-2024-03-04--12-00'.
Switched to a new branch 'net-next-2024-03-04--12-00'
error: No valid patches in input (allow with "--allow-empty")
Checking patch tools/testing/selftests/tc-testing/tdc_config.py...
Applied patch tools/testing/selftests/tc-testing/tdc_config.py cleanly.
Run at 2024-03-04 12:03:41.813632
INFO: building kernel
INFO: starting VM 0
INFO: thr0-1 VM starting: vng -v -r arch/x86/boot/bzImage --user root --rwdir=/nipa-data/kernel/
INFO: thr0-1 expecting prompt: '/nipa-data/kernel# '
INFO: thr0-1 reached initial prompt
INFO: thr-0 testing == tdc.sh
INFO: thr-0 tdc.sh >> retcode: 0 result: pass found {'fail': False, 'skip': False, 'pass': True}
INFO: thr-0 has no more work, exiting
INFO: thr0-1 VM stopped
Done at 2024-03-04 12:07:01.414339
NIPA quitting!
/
~/nipa/tc-executor/tc-executor-storage /
sort: write failed: 'standard output': Broken pipe
sort: write error
