~/nipa/tc-executor/tc-executor-storage /
Switched to branch 'storage'
Your branch is ahead of 'origin/storage' by 881 commits.
  (use "git push" to publish your local commits)
/
~/nipa/tc-executor /
Error response from daemon: No such image: nipa-executor:latest
#0 building with "default" instance using docker driver

#1 [internal] load build definition from Dockerfile
#1 transferring dockerfile: 2.05kB done
#1 DONE 0.0s

#2 [internal] load .dockerignore
#2 transferring context: 2B done
#2 DONE 0.0s

#3 [internal] load metadata for docker.io/library/alpine:edge
#3 DONE 0.0s

#4 [ 1/22] FROM docker.io/library/alpine:edge
#4 CACHED

#5 [internal] load build context
#5 transferring context: 3.02kB done
#5 DONE 0.0s

#6 [ 2/22] RUN echo false > debug-mode
#6 DONE 0.8s

#7 [ 3/22] RUN addgroup -g 1001 hostuser
#7 DONE 0.4s

#8 [ 4/22] RUN adduser -u 1001 -G hostuser -H -D -s /bin/ash hostuser
#8 DONE 0.5s

#9 [ 5/22] RUN echo '@testing http://dl-cdn.alpinelinux.org/alpine/edge/testing' >> /etc/apk/repositories
#9 DONE 0.4s

#10 [ 6/22] RUN echo '@community http://dl-cdn.alpinelinux.org/alpine/edge/community' >> /etc/apk/repositories
#10 DONE 0.4s

#11 [ 7/22] RUN apk update && apk add --no-cache    virtme-ng@testing    git    py3-requests    py3-psutil    py3-setuptools    py3-pyroute2    py3-argcomplete    qemu-system-x86_64@community    scapy@community    make    gcc    musl-dev    flex    bison    linux-headers    elfutils-dev    util-linux    coreutils    diffutils    findutils    file    bash    kmod    perl    iptables-dev    libcap-dev    libmnl-dev    iproute2     jq    libbpf-dev    rsync    openssl-dev
#11 0.384 fetch https://dl-cdn.alpinelinux.org/alpine/edge/main/x86_64/APKINDEX.tar.gz
#11 0.616 fetch https://dl-cdn.alpinelinux.org/alpine/edge/community/x86_64/APKINDEX.tar.gz
#11 0.821 fetch http://dl-cdn.alpinelinux.org/alpine/edge/testing/x86_64/APKINDEX.tar.gz
#11 1.027 fetch http://dl-cdn.alpinelinux.org/alpine/edge/community/x86_64/APKINDEX.tar.gz
#11 1.284 v20240606-118-gebc46451996 [https://dl-cdn.alpinelinux.org/alpine/edge/main]
#11 1.284 v20240606-117-g91e9e6ca986 [https://dl-cdn.alpinelinux.org/alpine/edge/community]
#11 1.284 v20240606-104-g3338bf9e03d [http://dl-cdn.alpinelinux.org/alpine/edge/testing]
#11 1.284 v20240606-117-g91e9e6ca986 [http://dl-cdn.alpinelinux.org/alpine/edge/community]
#11 1.284 OK: 31533 distinct packages available
#11 1.357 fetch https://dl-cdn.alpinelinux.org/alpine/edge/main/x86_64/APKINDEX.tar.gz
#11 1.458 fetch https://dl-cdn.alpinelinux.org/alpine/edge/community/x86_64/APKINDEX.tar.gz
#11 1.552 fetch http://dl-cdn.alpinelinux.org/alpine/edge/testing/x86_64/APKINDEX.tar.gz
#11 1.644 fetch http://dl-cdn.alpinelinux.org/alpine/edge/community/x86_64/APKINDEX.tar.gz
#11 1.870 (1/177) Upgrading musl (1.2.4_git20230717-r5 -> 1.2.5-r1)
#11 1.886 (2/177) Upgrading libcrypto3 (3.1.4-r2 -> 3.3.1-r0)
#11 1.919 (3/177) Upgrading libssl3 (3.1.4-r2 -> 3.3.1-r0)
#11 1.936 (4/177) Upgrading zlib (1.3-r2 -> 1.3.1-r1)
#11 1.949 (5/177) Installing ncurses-terminfo-base (6.4_p20240420-r0)
#11 1.963 (6/177) Installing libncursesw (6.4_p20240420-r0)
#11 1.977 (7/177) Installing readline (8.2.10-r0)
#11 1.991 (8/177) Installing bash (5.2.26-r0)
#11 2.010 Executing bash-5.2.26-r0.post-install
#11 2.014 (9/177) Installing m4 (1.4.19-r3)
#11 2.028 (10/177) Installing bison (3.8.2-r1)
#11 2.049 (11/177) Installing coreutils-env (9.5-r1)
#11 2.061 (12/177) Installing coreutils-fmt (9.5-r1)
#11 2.073 (13/177) Installing coreutils-sha512sum (9.5-r1)
#11 2.087 (14/177) Installing libacl (2.3.2-r0)
#11 2.099 (15/177) Installing libattr (2.5.2-r0)
#11 2.110 (16/177) Installing skalibs (2.14.1.1-r0)
#11 2.133 (17/177) Installing utmps-libs (0.1.2.2-r1)
#11 2.145 (18/177) Installing coreutils (9.5-r1)
#11 2.167 (19/177) Installing diffutils (3.10-r0)
#11 2.182 (20/177) Installing zstd-libs (1.5.6-r0)
#11 2.200 (21/177) Installing libelf (0.191-r0)
#11 2.213 (22/177) Installing libbz2 (1.0.8-r6)
#11 2.229 (23/177) Installing musl-fts (1.2.7-r6)
#11 2.241 (24/177) Installing xz-libs (5.6.2-r0)
#11 2.255 (25/177) Installing libdw (0.191-r0)
#11 2.270 (26/177) Installing libasm (0.191-r0)
#11 2.282 (27/177) Installing xz (5.6.2-r0)
#11 2.296 (28/177) Installing pkgconf (2.2.0-r0)
#11 2.309 (29/177) Installing xz-dev (5.6.2-r0)
#11 2.323 (30/177) Installing libgcc (13.2.1_git20240309-r0)
#11 2.336 (31/177) Installing libstdc++ (13.2.1_git20240309-r0)
#11 2.361 (32/177) Installing zstd (1.5.6-r0)
#11 2.377 (33/177) Installing zstd-dev (1.5.6-r0)
#11 2.396 (34/177) Installing zlib-dev (1.3.1-r1)
#11 2.408 (35/177) Installing elfutils-dev (0.191-r0)
#11 2.428 (36/177) Installing libmagic (5.45-r1)
#11 2.456 (37/177) Installing file (5.45-r1)
#11 2.468 (38/177) Installing findutils (4.9.0-r5)
#11 2.483 (39/177) Installing flex (2.6.4-r6)
#11 2.497 (40/177) Installing jansson (2.14-r4)
#11 2.512 (41/177) Installing binutils (2.42-r0)
#11 2.564 (42/177) Installing libgomp (13.2.1_git20240309-r0)
#11 2.579 (43/177) Installing libatomic (13.2.1_git20240309-r0)
#11 2.591 (44/177) Installing gmp (6.3.0-r1)
#11 2.606 (45/177) Installing isl26 (0.26-r1)
#11 2.629 (46/177) Installing mpfr4 (4.2.1-r0)
#11 2.648 (47/177) Installing mpc1 (1.3.1-r1)
#11 2.661 (48/177) Installing gcc (13.2.1_git20240309-r0)
#11 3.119 (49/177) Installing ca-certificates (20240226-r0)
#11 3.141 (50/177) Installing brotli-libs (1.1.0-r2)
#11 3.158 (51/177) Installing c-ares (1.28.1-r0)
#11 3.171 (52/177) Installing libunistring (1.2-r0)
#11 3.202 (53/177) Installing libidn2 (2.3.7-r0)
#11 3.216 (54/177) Installing nghttp2-libs (1.62.0-r0)
#11 3.230 (55/177) Installing libpsl (0.21.5-r1)
#11 3.243 (56/177) Installing libcurl (8.8.0-r0)
#11 3.261 (57/177) Installing libexpat (2.6.2-r0)
#11 3.274 (58/177) Installing pcre2 (10.43-r0)
#11 3.291 (59/177) Installing git (2.45.2-r0)
#11 3.341 (60/177) Installing git-init-template (2.45.2-r0)
#11 3.354 (61/177) Installing libcap2 (2.70-r0)
#11 3.365 (62/177) Installing libmnl (1.0.5-r2)
#11 3.378 (63/177) Installing iproute2-minimal (6.9.0-r0)
#11 3.394 (64/177) Installing libxtables (1.8.10-r3)
#11 3.406 (65/177) Installing iproute2-tc (6.9.0-r0)
#11 3.423 (66/177) Installing iproute2-ss (6.9.0-r0)
#11 3.436 (67/177) Installing iproute2 (6.9.0-r0)
#11 3.451 Executing iproute2-6.9.0-r0.post-install
#11 3.454 (68/177) Installing linux-headers (6.6-r0)
#11 3.535 (69/177) Installing libip4tc (1.8.10-r3)
#11 3.547 (70/177) Installing libip6tc (1.8.10-r3)
#11 3.559 (71/177) Installing libipq (1.8.10-r3)
#11 3.571 (72/177) Installing iptables-dev (1.8.10-r3)
#11 3.585 (73/177) Installing oniguruma (6.9.9-r0)
#11 3.601 (74/177) Installing jq (1.7.1-r0)
#11 3.619 (75/177) Installing kmod (32-r0)
#11 3.634 (76/177) Installing libbpf (1.4.3-r0)
#11 3.648 (77/177) Installing libbpf-dev (1.4.3-r0)
#11 3.666 (78/177) Installing libcap-dev (2.70-r0)
#11 3.679 (79/177) Installing libmnl-dev (1.0.5-r2)
#11 3.691 (80/177) Installing make (4.4.1-r2)
#11 3.705 (81/177) Installing musl-dev (1.2.5-r1)
#11 3.766 (82/177) Installing openssl-dev (3.3.1-r0)
#11 3.793 (83/177) Installing perl (5.38.2-r0)
#11 3.997 (84/177) Installing perl-error (0.17029-r2)
#11 4.010 (85/177) Installing perl-git (2.45.2-r0)
#11 4.023 (86/177) Installing git-perl (2.45.2-r0)
#11 4.035 (87/177) Installing libffi (3.4.6-r0)
#11 4.047 (88/177) Installing gdbm (1.23-r1)
#11 4.059 (89/177) Installing mpdecimal (4.0.0-r0)
#11 4.072 (90/177) Installing libpanelw (6.4_p20240420-r0)
#11 4.086 (91/177) Installing sqlite-libs (3.46.0-r0)
#11 4.109 (92/177) Installing python3 (3.12.3-r1)
#11 4.253 (93/177) Installing python3-pycache-pyc0 (3.12.3-r1)
#11 4.347 (94/177) Installing pyc (3.12.3-r1)
#11 4.358 (95/177) Installing py3-argcomplete-pyc (3.3.0-r0)
#11 4.372 (96/177) Installing python3-pyc (3.12.3-r1)
#11 4.383 (97/177) Installing py3-argcomplete (3.3.0-r0)
#11 4.397 (98/177) Installing py3-psutil (5.9.8-r1)
#11 4.412 (99/177) Installing py3-psutil-pyc (5.9.8-r1)
#11 4.428 (100/177) Installing py3-pyroute2 (0.7.12-r1)
#11 4.461 (101/177) Installing py3-pyroute2-pyc (0.7.12-r1)
#11 4.498 (102/177) Installing py3-certifi (2024.2.2-r1)
#11 4.510 (103/177) Installing py3-certifi-pyc (2024.2.2-r1)
#11 4.522 (104/177) Installing py3-charset-normalizer (3.3.2-r1)
#11 4.537 (105/177) Installing py3-charset-normalizer-pyc (3.3.2-r1)
#11 4.551 (106/177) Installing py3-idna (3.7-r0)
#11 4.566 (107/177) Installing py3-idna-pyc (3.7-r0)
#11 4.581 (108/177) Installing py3-urllib3 (1.26.18-r1)
#11 4.598 (109/177) Installing py3-urllib3-pyc (1.26.18-r1)
#11 4.615 (110/177) Installing py3-requests (2.32.3-r0)
#11 4.629 (111/177) Installing py3-requests-pyc (2.32.3-r0)
#11 4.644 (112/177) Installing py3-parsing (3.1.2-r1)
#11 4.660 (113/177) Installing py3-parsing-pyc (3.1.2-r1)
#11 4.676 (114/177) Installing py3-packaging (24.0-r1)
#11 4.690 (115/177) Installing py3-packaging-pyc (24.0-r1)
#11 4.705 (116/177) Installing py3-setuptools (69.5.1-r0)
#11 4.741 (117/177) Installing py3-setuptools-pyc (69.5.1-r0)
#11 4.788 (118/177) Installing libcap-ng (0.8.5-r0)
#11 4.800 (119/177) Installing libintl (0.22.5-r0)
#11 4.812 (120/177) Installing libeconf (0.6.3-r0)
#11 4.826 (121/177) Installing libblkid (2.40.1-r1)
#11 4.848 (122/177) Installing libmount (2.40.1-r1)
#11 4.861 (123/177) Installing glib (2.80.2-r0)
#11 4.899 (124/177) Installing numactl (2.0.18-r0)
#11 4.912 (125/177) Installing qemu (9.0.0-r0)
#11 4.929 Executing qemu-9.0.0-r0.pre-install
#11 5.010 Executing qemu-9.0.0-r0.post-install
#11 5.014 *
#11 5.014 * If you want to run VM as unprivileged user and let Qemu create tunX devices,
#11 5.014 * then you must add that user to the group "qemu".
#11 5.014 * If you use KVM for hardware-assisted virtualization, then you may also need
#11 5.014 * to add that user to the group "kvm".
#11 5.014 *
#11 5.015 (126/177) Installing qemu-bridge-helper (9.0.0-r0)
#11 5.033 (127/177) Installing libaio (0.3.113-r2)
#11 5.044 (128/177) Installing capstone (5.0.1-r4)
#11 5.080 (129/177) Installing nettle (3.9.1-r0)
#11 5.096 (130/177) Installing libtasn1 (4.19.0-r2)
#11 5.108 (131/177) Installing p11-kit (0.25.3-r0)
#11 5.127 (132/177) Installing gnutls (3.8.5-r0)
#11 5.154 (133/177) Installing libjpeg-turbo (3.0.3-r0)
#11 5.170 (134/177) Installing lzo (2.10-r5)
#11 5.184 (135/177) Installing pixman (0.43.2-r0)
#11 5.199 (136/177) Installing libpng (1.6.43-r0)
#11 5.213 (137/177) Installing libsasl (2.1.28-r6)
#11 5.226 (138/177) Installing libseccomp (2.5.5-r1)
#11 5.240 (139/177) Installing libslirp (4.8.0-r0)
#11 5.253 (140/177) Installing snappy (1.1.10-r2)
#11 5.266 (141/177) Installing liburing (2.6-r0)
#11 5.278 (142/177) Installing vde2-libs (2.3.3-r3)
#11 5.291 (143/177) Installing qemu-system-x86_64 (9.0.0-r0)
#11 5.403 (144/177) Installing lz4-libs (1.9.4-r5)
#11 5.417 (145/177) Installing popt (1.19-r3)
#11 5.429 (146/177) Installing libxxhash (0.8.2-r2)
#11 5.442 (147/177) Installing rsync (3.3.0-r0)
#11 5.459 (148/177) Installing scapy (2.5.0-r3)
#11 5.510 Executing scapy-2.5.0-r3.post-install
#11 5.513 *
#11 5.513 * Certain optional features of scapy also depend on the following packages:
#11 5.513 *     py3-matplotlib graphviz imagemagick py3-cryptography sox
#11 5.513 * And the following unpackaged dependencies:
#11 5.513 *     pyxi vpython-jupyter nmap<v4.23
#11 5.513 * More information can be found at https://scapy.readthedocs.io/en/latest/installation.html#optional-dependencies
#11 5.513 *
#11 5.513 (149/177) Installing scapy-pyc (2.5.0-r3)
#11 5.578 (150/177) Installing util-linux (2.40.1-r1)
#11 5.590 (151/177) Installing dmesg (2.40.1-r1)
#11 5.602 (152/177) Installing setarch (2.40.1-r1)
#11 5.614 (153/177) Installing libuuid (2.40.1-r1)
#11 5.626 (154/177) Installing libfdisk (2.40.1-r1)
#11 5.640 (155/177) Installing libsmartcols (2.40.1-r1)
#11 5.653 (156/177) Installing util-linux-misc (2.40.1-r1)
#11 5.683 (157/177) Installing linux-pam (1.6.0-r0)
#11 5.703 (158/177) Installing runuser (2.40.1-r1)
#11 5.716 (159/177) Installing mount (2.40.1-r1)
#11 5.729 (160/177) Installing losetup (2.40.1-r1)
#11 5.746 (161/177) Installing hexdump (2.40.1-r1)
#11 5.758 (162/177) Installing uuidgen (2.40.1-r1)
#11 5.770 (163/177) Installing blkid (2.40.1-r1)
#11 5.782 (164/177) Installing sfdisk (2.40.1-r1)
#11 5.795 (165/177) Installing mcookie (2.40.1-r1)
#11 5.807 (166/177) Installing agetty (2.40.1-r1)
#11 5.820 (167/177) Installing wipefs (2.40.1-r1)
#11 5.839 (168/177) Installing cfdisk (2.40.1-r1)
#11 5.851 (169/177) Installing umount (2.40.1-r1)
#11 5.863 (170/177) Installing flock (2.40.1-r1)
#11 5.875 (171/177) Installing lsblk (2.40.1-r1)
#11 5.888 (172/177) Installing setpriv (2.40.1-r1)
#11 5.899 (173/177) Installing logger (2.40.1-r1)
#11 5.912 (174/177) Installing partx (2.40.1-r1)
#11 5.924 (175/177) Installing fstrim (2.40.1-r1)
#11 5.936 (176/177) Installing findmnt (2.40.1-r1)
#11 5.948 (177/177) Installing virtme-ng@testing (1.25-r0)
#11 6.002 Executing busybox-1.36.1-r17.trigger
#11 6.006 Executing ca-certificates-20240226-r0.trigger
#11 6.028 Executing glib-2.80.2-r0.trigger
#11 6.036 OK: 385 MiB in 188 packages
#11 DONE 6.4s

#12 [ 8/22] RUN mkdir -p /tmp/kernel-patches &&     mkdir -p /tmp/iproute2-patches
#12 DONE 0.4s

#13 [ 9/22] COPY tdc.config /tmp
#13 DONE 0.0s

#14 [10/22] COPY tdc-debug.config /tmp
#14 DONE 0.2s

#15 [11/22] COPY kernel-patches /tmp/kernel-patches/
#15 DONE 0.0s

#16 [12/22] COPY iproute2-patches /tmp/iproute2-patches/
#16 DONE 0.0s

#17 [13/22] COPY configs /tmp/configs/
#17 DONE 0.0s

#18 [14/22] RUN git config --global user.email foo@bar.com
#18 DONE 0.3s

#19 [15/22] RUN git config --global user.name foo@bar.com
#19 DONE 0.4s

#20 [16/22] RUN git clone https://git.kernel.org/pub/scm/network/iproute2/iproute2-next.git /nipa-data/iproute2
#20 0.408 Cloning into '/nipa-data/iproute2'...
#20 DONE 2.1s

#21 [17/22] RUN cd /nipa-data/iproute2 && 	git remote add stable https://git.kernel.org/pub/scm/network/iproute2/iproute2.git && 	git fetch --all && 	git merge stable/main
#21 0.382 Fetching origin
#21 0.658 Fetching stable
#21 1.008 From https://git.kernel.org/pub/scm/network/iproute2/iproute2
#21 1.008  * [new branch]        codeql         -> stable/codeql
#21 1.008  * [new branch]        iproute2-4.1.x -> stable/iproute2-4.1.x
#21 1.008  * [new branch]        main           -> stable/main
#21 1.011 Already up to date.
#21 DONE 1.0s

#22 [18/22] RUN if [ "$(find /tmp/iproute2-patches/ -name *.patch)" ]; then  	cd /nipa-data/iproute2; 	git apply /tmp/iproute2-patches/*.patch;     fi
#22 DONE 0.4s

#23 [19/22] RUN cd /nipa-data/iproute2/ &&     ./configure &&     make
#23 0.347 TC schedulers
#23 0.348  IPT	using xtables
#23 0.375  IPSET  yes
#23 0.394 
#23 0.395 lib directory: /usr/lib
#23 0.395 libc has setns: yes
#23 0.414 libc has name_to_handle_at: yes
#23 0.434 SELinux support: no
#23 0.435 libtirpc support: no
#23 0.436 libbpf support: yes
#23 0.500 	libbpf version 1.4.3
#23 0.500 ELF support: yes
#23 0.501 libmnl support: yes
#23 0.503 Berkeley DB: no
#23 0.512 need for strlcpy: no
#23 0.532 libcap support: yes
#23 0.533 color output: never
#23 0.536 
#23 0.536 lib
#23 0.538     CC       libgenl.o
#23 0.549 In file included from ../include/libgenl.h:5,
#23 0.549                  from libgenl.c:12:
#23 0.549 ../include/libnetlink.h: In function 'rta_getattr_be64':
#23 0.549 ../include/libnetlink.h:280:16: warning: implicit declaration of function 'htobe64' [-Wimplicit-function-declaration]
#23 0.549   280 |         return htobe64(rta_getattr_u64(rta));
#23 0.549       |                ^~~~~~~
#23 0.576     CC       libnetlink.o
#23 0.918     CC       mnl_utils.o
#23 0.930 In file included from mnl_utils.c:12:
#23 0.930 ../include/libnetlink.h: In function 'rta_getattr_be64':
#23 0.930 ../include/libnetlink.h:280:16: warning: implicit declaration of function 'htobe64' [-Wimplicit-function-declaration]
#23 0.930   280 |         return htobe64(rta_getattr_u64(rta));
#23 0.930       |                ^~~~~~~
#23 0.990     AR       libnetlink.a
#23 0.992     CC       utils.o
#23 1.353     CC       utils_math.o
#23 1.393     CC       rt_names.o
#23 1.557     CC       ll_map.o
#23 1.568 In file included from ll_map.c:17:
#23 1.568 ../include/libnetlink.h: In function 'rta_getattr_be64':
#23 1.568 ../include/libnetlink.h:280:16: warning: implicit declaration of function 'htobe64' [-Wimplicit-function-declaration]
#23 1.568   280 |         return htobe64(rta_getattr_u64(rta));
#23 1.568       |                ^~~~~~~
#23 1.645     CC       ll_types.o
#23 1.659 In file included from ll_types.c:20:
#23 1.659 ../include/uapi/linux/sockios.h:42: warning: "SIOCGSTAMP" redefined
#23 1.659    42 | #define SIOCGSTAMP      SIOCGSTAMP_OLD
#23 1.659       | 
#23 1.659 In file included from /usr/include/sys/ioctl.h:10,
#23 1.659                  from ll_types.c:12:
#23 1.659 /usr/include/bits/ioctl.h:111: note: this is the location of the previous definition
#23 1.659   111 | #define SIOCGSTAMP      0x8906
#23 1.659       | 
#23 1.659 ../include/uapi/linux/sockios.h:43: warning: "SIOCGSTAMPNS" redefined
#23 1.659    43 | #define SIOCGSTAMPNS    SIOCGSTAMPNS_OLD
#23 1.659       | 
#23 1.659 /usr/include/bits/ioctl.h:112: note: this is the location of the previous definition
#23 1.659   112 | #define SIOCGSTAMPNS    0x8907
#23 1.659       | 
#23 1.676     CC       ll_proto.o
#23 1.688 In file included from ll_proto.c:21:
#23 1.688 ../include/uapi/linux/sockios.h:42: warning: "SIOCGSTAMP" redefined
#23 1.688    42 | #define SIOCGSTAMP      SIOCGSTAMP_OLD
#23 1.688       | 
#23 1.688 In file included from /usr/include/sys/ioctl.h:10,
#23 1.688                  from ll_proto.c:13:
#23 1.688 /usr/include/bits/ioctl.h:111: note: this is the location of the previous definition
#23 1.688   111 | #define SIOCGSTAMP      0x8906
#23 1.688       | 
#23 1.688 ../include/uapi/linux/sockios.h:43: warning: "SIOCGSTAMPNS" redefined
#23 1.688    43 | #define SIOCGSTAMPNS    SIOCGSTAMPNS_OLD
#23 1.688       | 
#23 1.688 /usr/include/bits/ioctl.h:112: note: this is the location of the previous definition
#23 1.688   112 | #define SIOCGSTAMPNS    0x8907
#23 1.688       | 
#23 1.701     CC       ll_addr.o
#23 1.713 In file included from ll_addr.c:20:
#23 1.713 ../include/uapi/linux/sockios.h:42: warning: "SIOCGSTAMP" redefined
#23 1.713    42 | #define SIOCGSTAMP      SIOCGSTAMP_OLD
#23 1.713       | 
#23 1.713 In file included from /usr/include/sys/ioctl.h:10,
#23 1.713                  from ll_addr.c:12:
#23 1.713 /usr/include/bits/ioctl.h:111: note: this is the location of the previous definition
#23 1.713   111 | #define SIOCGSTAMP      0x8906
#23 1.713       | 
#23 1.713 ../include/uapi/linux/sockios.h:43: warning: "SIOCGSTAMPNS" redefined
#23 1.713    43 | #define SIOCGSTAMPNS    SIOCGSTAMPNS_OLD
#23 1.713       | 
#23 1.713 /usr/include/bits/ioctl.h:112: note: this is the location of the previous definition
#23 1.713   112 | #define SIOCGSTAMPNS    0x8907
#23 1.713       | 
#23 1.743     CC       inet_proto.o
#23 1.770     CC       namespace.o
#23 1.821     CC       json_writer.o
#23 1.896     CC       json_print.o
#23 2.007     CC       json_print_math.o
#23 2.036     CC       names.o
#23 2.078     CC       color.o
#23 2.115     CC       bpf_legacy.o
#23 2.458     CC       bpf_glue.o
#23 2.491     CC       exec.o
#23 2.519     CC       fs.o
#23 2.578     CC       cg_map.o
#23 2.611     CC       ppp_proto.o
#23 2.632     CC       bpf_libbpf.o
#23 2.704     CC       selinux.o
#23 2.723     CC       ax25_ntop.o
#23 2.748     CC       rose_ntop.o
#23 2.764 In file included from rose_ntop.c:16:
#23 2.764 ../include/uapi/linux/sockios.h:42: warning: "SIOCGSTAMP" redefined
#23 2.764    42 | #define SIOCGSTAMP      SIOCGSTAMP_OLD
#23 2.764       | 
#23 2.764 In file included from /usr/include/sys/ioctl.h:10,
#23 2.764                  from rose_ntop.c:7:
#23 2.764 /usr/include/bits/ioctl.h:111: note: this is the location of the previous definition
#23 2.764   111 | #define SIOCGSTAMP      0x8906
#23 2.764       | 
#23 2.764 ../include/uapi/linux/sockios.h:43: warning: "SIOCGSTAMPNS" redefined
#23 2.764    43 | #define SIOCGSTAMPNS    SIOCGSTAMPNS_OLD
#23 2.764       | 
#23 2.764 /usr/include/bits/ioctl.h:112: note: this is the location of the previous definition
#23 2.764   112 | #define SIOCGSTAMPNS    0x8907
#23 2.764       | 
#23 2.785     CC       mpls_ntop.o
#23 2.812     CC       mpls_pton.o
#23 2.841     CC       netrom_ntop.o
#23 2.866     AR       libutil.a
#23 2.871 
#23 2.871 ip
#23 2.873     CC       ip.o
#23 2.954     CC       ipaddress.o
#23 2.969 In file included from ipaddress.c:26:
#23 2.969 ../include/uapi/linux/sockios.h:42: warning: "SIOCGSTAMP" redefined
#23 2.969    42 | #define SIOCGSTAMP      SIOCGSTAMP_OLD
#23 2.969       | 
#23 2.969 In file included from /usr/include/sys/ioctl.h:10,
#23 2.969                  from ipaddress.c:14:
#23 2.969 /usr/include/bits/ioctl.h:111: note: this is the location of the previous definition
#23 2.969   111 | #define SIOCGSTAMP      0x8906
#23 2.969       | 
#23 2.969 ../include/uapi/linux/sockios.h:43: warning: "SIOCGSTAMPNS" redefined
#23 2.969    43 | #define SIOCGSTAMPNS    SIOCGSTAMPNS_OLD
#23 2.969       | 
#23 2.969 /usr/include/bits/ioctl.h:112: note: this is the location of the previous definition
#23 2.969   112 | #define SIOCGSTAMPNS    0x8907
#23 2.969       | 
#23 3.439     CC       ipaddrlabel.o
#23 3.496     CC       iproute.o
#23 4.056     CC       iprule.o
#23 4.276     CC       ipnetns.o
#23 4.459     CC       rtm_map.o
#23 4.494     CC       iptunnel.o
#23 4.507 In file included from ../include/uapi/linux/if_tunnel.h:6,
#23 4.507                  from iptunnel.c:19:
#23 4.507 ../include/uapi/linux/if.h:134: warning: "IFF_VOLATILE" redefined
#23 4.507   134 | #define IFF_VOLATILE    (IFF_LOOPBACK|IFF_POINTOPOINT|IFF_BROADCAST|IFF_ECHO|\
#23 4.507       | 
#23 4.507 In file included from iptunnel.c:16:
#23 4.507 /usr/include/net/if.h:48: note: this is the location of the previous definition
#23 4.507    48 | #define IFF_VOLATILE (IFF_LOOPBACK|IFF_POINTOPOINT|IFF_BROADCAST| \
#23 4.507       | 
#23 4.640     CC       ip6tunnel.o
#23 4.768     CC       tunnel.o
#23 4.869     CC       ipneigh.o
#23 5.024     CC       ipntable.o
#23 5.127     CC       iplink.o
#23 5.393     CC       ipmaddr.o
#23 5.405 In file included from ipmaddr.c:21:
#23 5.405 ../include/uapi/linux/sockios.h:42: warning: "SIOCGSTAMP" redefined
#23 5.405    42 | #define SIOCGSTAMP      SIOCGSTAMP_OLD
#23 5.405       | 
#23 5.405 In file included from /usr/include/sys/ioctl.h:10,
#23 5.405                  from ipmaddr.c:12:
#23 5.405 /usr/include/bits/ioctl.h:111: note: this is the location of the previous definition
#23 5.405   111 | #define SIOCGSTAMP      0x8906
#23 5.405       | 
#23 5.405 ../include/uapi/linux/sockios.h:43: warning: "SIOCGSTAMPNS" redefined
#23 5.405    43 | #define SIOCGSTAMPNS    SIOCGSTAMPNS_OLD
#23 5.405       | 
#23 5.405 /usr/include/bits/ioctl.h:112: note: this is the location of the previous definition
#23 5.405   112 | #define SIOCGSTAMPNS    0x8907
#23 5.405       | 
#23 5.487     CC       ipmonitor.o
#23 5.557     CC       ipmroute.o
#23 5.570 In file included from ipmroute.c:22:
#23 5.570 ../include/uapi/linux/sockios.h:42: warning: "SIOCGSTAMP" redefined
#23 5.570    42 | #define SIOCGSTAMP      SIOCGSTAMP_OLD
#23 5.570       | 
#23 5.570 In file included from /usr/include/sys/ioctl.h:10,
#23 5.570                  from ipmroute.c:13:
#23 5.570 /usr/include/bits/ioctl.h:111: note: this is the location of the previous definition
#23 5.570   111 | #define SIOCGSTAMP      0x8906
#23 5.570       | 
#23 5.570 ../include/uapi/linux/sockios.h:43: warning: "SIOCGSTAMPNS" redefined
#23 5.570    43 | #define SIOCGSTAMPNS    SIOCGSTAMPNS_OLD
#23 5.570       | 
#23 5.570 /usr/include/bits/ioctl.h:112: note: this is the location of the previous definition
#23 5.570   112 | #define SIOCGSTAMPNS    0x8907
#23 5.570       | 
#23 5.633     CC       ipprefix.o
#23 5.662     CC       iptuntap.o
#23 5.767     CC       iptoken.o
#23 5.819     CC       ipxfrm.o
#23 6.120     CC       xfrm_state.o
#23 6.380     CC       xfrm_policy.o
#23 6.614     CC       xfrm_monitor.o
#23 6.699     CC       iplink_dummy.o
#23 6.720     CC       iplink_ifb.o
#23 6.745     CC       iplink_nlmon.o
#23 6.766     CC       iplink_team.o
#23 6.793     CC       iplink_vcan.o
#23 6.815     CC       iplink_vxcan.o
#23 6.842     CC       iplink_vlan.o
#23 6.911     CC       link_veth.o
#23 6.937     CC       link_gre.o
#23 6.947 In file included from ../include/uapi/linux/if_tunnel.h:6,
#23 6.947                  from link_gre.c:15:
#23 6.947 ../include/uapi/linux/if.h:134: warning: "IFF_VOLATILE" redefined
#23 6.947   134 | #define IFF_VOLATILE    (IFF_LOOPBACK|IFF_POINTOPOINT|IFF_BROADCAST|IFF_ECHO|\
#23 6.947       | 
#23 6.947 In file included from link_gre.c:9:
#23 6.947 /usr/include/net/if.h:48: note: this is the location of the previous definition
#23 6.947    48 | #define IFF_VOLATILE (IFF_LOOPBACK|IFF_POINTOPOINT|IFF_BROADCAST| \
#23 6.947       | 
#23 7.051     CC       iplink_can.o
#23 7.196     CC       iplink_xdp.o
#23 7.258     CC       iplink_macvlan.o
#23 7.325     CC       ipl2tp.o
#23 7.484     CC       link_vti.o
#23 7.495 In file included from ../include/uapi/linux/if_tunnel.h:6,
#23 7.495                  from link_vti.c:16:
#23 7.495 ../include/uapi/linux/if.h:134: warning: "IFF_VOLATILE" redefined
#23 7.495   134 | #define IFF_VOLATILE    (IFF_LOOPBACK|IFF_POINTOPOINT|IFF_BROADCAST|IFF_ECHO|\
#23 7.495       | 
#23 7.495 In file included from link_vti.c:10:
#23 7.495 /usr/include/net/if.h:48: note: this is the location of the previous definition
#23 7.495    48 | #define IFF_VOLATILE (IFF_LOOPBACK|IFF_POINTOPOINT|IFF_BROADCAST| \
#23 7.495       | 
#23 7.539     CC       link_vti6.o
#23 7.550 In file included from ../include/uapi/linux/if_tunnel.h:6,
#23 7.550                  from link_vti6.c:17:
#23 7.550 ../include/uapi/linux/if.h:134: warning: "IFF_VOLATILE" redefined
#23 7.550   134 | #define IFF_VOLATILE    (IFF_LOOPBACK|IFF_POINTOPOINT|IFF_BROADCAST|IFF_ECHO|\
#23 7.550       | 
#23 7.550 In file included from link_vti6.c:11:
#23 7.550 /usr/include/net/if.h:48: note: this is the location of the previous definition
#23 7.550    48 | #define IFF_VOLATILE (IFF_LOOPBACK|IFF_POINTOPOINT|IFF_BROADCAST| \
#23 7.550       | 
#23 7.597     CC       link_xfrm.o
#23 7.632     CC       iplink_vxlan.o
#23 7.784     CC       tcp_metrics.o
#23 7.900     CC       iplink_ipoib.o
#23 7.953     CC       ipnetconf.o
#23 8.006     CC       link_ip6tnl.o
#23 8.017 In file included from ../include/uapi/linux/if_tunnel.h:6,
#23 8.017                  from link_ip6tnl.c:15:
#23 8.017 ../include/uapi/linux/if.h:134: warning: "IFF_VOLATILE" redefined
#23 8.017   134 | #define IFF_VOLATILE    (IFF_LOOPBACK|IFF_POINTOPOINT|IFF_BROADCAST|IFF_ECHO|\
#23 8.017       | 
#23 8.017 In file included from link_ip6tnl.c:9:
#23 8.017 /usr/include/net/if.h:48: note: this is the location of the previous definition
#23 8.017    48 | #define IFF_VOLATILE (IFF_LOOPBACK|IFF_POINTOPOINT|IFF_BROADCAST| \
#23 8.017       | 
#23 8.105     CC       link_iptnl.o
#23 8.115 In file included from ../include/uapi/linux/if_tunnel.h:6,
#23 8.115                  from link_iptnl.c:16:
#23 8.115 ../include/uapi/linux/if.h:134: warning: "IFF_VOLATILE" redefined
#23 8.115   134 | #define IFF_VOLATILE    (IFF_LOOPBACK|IFF_POINTOPOINT|IFF_BROADCAST|IFF_ECHO|\
#23 8.115       | 
#23 8.115 In file included from link_iptnl.c:9:
#23 8.115 /usr/include/net/if.h:48: note: this is the location of the previous definition
#23 8.115    48 | #define IFF_VOLATILE (IFF_LOOPBACK|IFF_POINTOPOINT|IFF_BROADCAST| \
#23 8.115       | 
#23 8.202     CC       link_gre6.o
#23 8.212 In file included from ../include/uapi/linux/if_tunnel.h:6,
#23 8.212                  from link_gre6.c:15:
#23 8.212 ../include/uapi/linux/if.h:134: warning: "IFF_VOLATILE" redefined
#23 8.212   134 | #define IFF_VOLATILE    (IFF_LOOPBACK|IFF_POINTOPOINT|IFF_BROADCAST|IFF_ECHO|\
#23 8.212       | 
#23 8.212 In file included from link_gre6.c:9:
#23 8.212 /usr/include/net/if.h:48: note: this is the location of the previous definition
#23 8.212    48 | #define IFF_VOLATILE (IFF_LOOPBACK|IFF_POINTOPOINT|IFF_BROADCAST| \
#23 8.212       | 
#23 8.356     CC       iplink_bond.o
#23 8.527     CC       iplink_bond_slave.o
#23 8.579     CC       iplink_hsr.o
#23 8.628     CC       iplink_bridge.o
#23 8.782     CC       iplink_bridge_slave.o
#23 8.884     CC       iplink_dsa.o
#23 8.915     CC       ipfou.o
#23 8.928 In file included from ../include/libgenl.h:5,
#23 8.928                  from ipfou.c:18:
#23 8.928 ../include/libnetlink.h: In function 'rta_getattr_be64':
#23 8.928 ../include/libnetlink.h:280:16: warning: implicit declaration of function 'htobe64' [-Wimplicit-function-declaration]
#23 8.928   280 |         return htobe64(rta_getattr_u64(rta));
#23 8.928       |                ^~~~~~~
#23 8.996     CC       iplink_ipvlan.o
#23 9.035     CC       iplink_geneve.o
#23 9.124     CC       iplink_vrf.o
#23 9.171     CC       iproute_lwtunnel.o
#23 9.558     CC       ipmacsec.o
#23 9.795     CC       ipila.o
#23 9.809 In file included from ../include/libgenl.h:5,
#23 9.809                  from ipila.c:18:
#23 9.809 ../include/libnetlink.h: In function 'rta_getattr_be64':
#23 9.809 ../include/libnetlink.h:280:16: warning: implicit declaration of function 'htobe64' [-Wimplicit-function-declaration]
#23 9.809   280 |         return htobe64(rta_getattr_u64(rta));
#23 9.809       |                ^~~~~~~
#23 9.873     CC       ipvrf.o
#23 9.980     CC       iplink_xstats.o
#23 10.01     CC       ipseg6.o
#23 10.07     CC       iplink_netdevsim.o
#23 10.09     CC       iplink_rmnet.o
#23 10.12     CC       ipnexthop.o
#23 10.36     CC       ipmptcp.o
#23 10.47     CC       iplink_bareudp.o
#23 10.49 In file included from iplink_bareudp.c:9:
#23 10.49 ../include/libnetlink.h: In function 'rta_getattr_be64':
#23 10.49 ../include/libnetlink.h:280:16: warning: implicit declaration of function 'htobe64' [-Wimplicit-function-declaration]
#23 10.49   280 |         return htobe64(rta_getattr_u64(rta));
#23 10.49       |                ^~~~~~~
#23 10.53     CC       iplink_wwan.o
#23 10.57     CC       ipioam6.o
#23 10.65     CC       iplink_amt.o
#23 10.70     CC       iplink_batadv.o
#23 10.73     CC       iplink_gtp.o
#23 10.78     CC       iplink_virt_wifi.o
#23 10.80     CC       iplink_netkit.o
#23 10.85     CC       ipstats.o
#23 11.06     LINK     ip
#23 11.10     CC       rtmon.o
#23 11.15     LINK     rtmon
#23 11.16 
#23 11.16 tc
#23 11.17     CC       tc.o
#23 11.25     CC       tc_qdisc.o
#23 11.37     CC       tc_class.o
#23 11.48     CC       tc_filter.o
#23 11.64     CC       tc_util.o
#23 11.83     CC       tc_monitor.o
#23 11.87     CC       tc_exec.o
#23 11.91     CC       m_police.o
#23 12.00     CC       m_estimator.o
#23 12.03     CC       m_action.o
#23 12.20     CC       m_ematch.o
#23 12.32     YACC     emp_ematch.tab.c
#23 12.38     CC       emp_ematch.tab.o
#23 12.49     LEX      emp_ematch.lex.c
#23 12.50     CC       emp_ematch.lex.o
#23 12.68     CC       q_fifo.o
#23 12.71     CC       q_sfq.o
#23 12.79     CC       q_red.o
#23 12.87     CC       q_prio.o
#23 12.91     CC       q_skbprio.o
#23 12.95     CC       q_tbf.o
#23 13.04     CC       q_multiq.o
#23 13.07     CC       q_netem.o
#23 13.29     CC       q_choke.o
#23 13.35     CC       q_sfb.o
#23 13.42     CC       f_u32.o
#23 13.68     CC       f_route.o
#23 13.74     CC       f_fw.o
#23 13.79     CC       f_basic.o
#23 13.83     CC       f_bpf.o
#23 13.91     CC       f_flow.o
#23 14.01     CC       f_cgroup.o
#23 14.06     CC       f_flower.o
#23 14.07 In file included from ../include/uapi/linux/netdevice.h:29,
#23 14.07                  from ../include/uapi/linux/if_arp.h:27,
#23 14.07                  from f_flower.c:14:
#23 14.07 ../include/uapi/linux/if.h:134: warning: "IFF_VOLATILE" redefined
#23 14.07   134 | #define IFF_VOLATILE    (IFF_LOOPBACK|IFF_POINTOPOINT|IFF_BROADCAST|IFF_ECHO|\
#23 14.07       | 
#23 14.07 In file included from f_flower.c:12:
#23 14.07 /usr/include/net/if.h:48: note: this is the location of the previous definition
#23 14.07    48 | #define IFF_VOLATILE (IFF_LOOPBACK|IFF_POINTOPOINT|IFF_BROADCAST| \
#23 14.07       | 
#23 14.58     CC       q_gred.o
#23 14.68     CC       q_ingress.o
#23 14.71     CC       q_hfsc.o
#23 14.79     CC       q_htb.o
#23 14.88     CC       q_drr.o
#23 14.92     CC       q_qfq.o
#23 14.95     CC       m_gact.o
#23 15.01     CC       m_mirred.o
#23 15.08     CC       m_mpls.o
#23 15.15     CC       m_nat.o
#23 15.20     CC       m_pedit.o
#23 15.33     CC       m_ife.o
#23 15.41     CC       m_skbedit.o
#23 15.47     CC       m_skbmod.o
#23 15.53     CC       m_csum.o
#23 15.59     CC       m_simple.o
#23 15.63     CC       m_vlan.o
#23 15.69     CC       m_connmark.o
#23 15.73     CC       m_ctinfo.o
#23 15.80     CC       m_bpf.o
#23 15.85     CC       m_tunnel_key.o
#23 15.98     CC       m_sample.o
#23 16.03     CC       m_ct.o
#23 16.14     CC       m_gate.o
#23 16.23     CC       p_ip.o
#23 16.27     CC       p_ip6.o
#23 16.30     CC       p_icmp.o
#23 16.33     CC       p_eth.o
#23 16.36     CC       p_tcp.o
#23 16.38     CC       p_udp.o
#23 16.41     CC       em_nbyte.o
#23 16.46     CC       em_cmp.o
#23 16.51     CC       em_u32.o
#23 16.56     CC       em_canid.o
#23 16.61     CC       em_meta.o
#23 16.71     CC       q_mqprio.o
#23 16.84     CC       q_codel.o
#23 16.89     CC       q_fq_codel.o
#23 16.96     CC       q_fq.o
#23 17.08     CC       q_pie.o
#23 17.14     CC       q_fq_pie.o
#23 17.21     CC       q_cake.o
#23 17.40     CC       q_hhf.o
#23 17.47     CC       q_clsact.o
#23 17.49     CC       e_bpf.o
#23 17.55     CC       f_matchall.o
#23 17.60     CC       q_cbs.o
#23 17.65     CC       q_etf.o
#23 17.70     CC       q_taprio.o
#23 17.82     CC       q_plug.o
#23 17.86     CC       q_ets.o
#23 17.94     CC       em_ipt.o
#23 17.95 In file included from tc_util.h:7,
#23 17.95                  from m_ematch.h:11,
#23 17.95                  from em_ipt.c:13:
#23 17.95 ../include/uapi/linux/if.h:134: warning: "IFF_VOLATILE" redefined
#23 17.95   134 | #define IFF_VOLATILE    (IFF_LOOPBACK|IFF_POINTOPOINT|IFF_BROADCAST|IFF_ECHO|\
#23 17.95       | 
#23 17.95 In file included from ../include/xtables.h:17,
#23 17.95                  from em_ipt.c:12:
#23 17.95 /usr/include/net/if.h:48: note: this is the location of the previous definition
#23 17.95    48 | #define IFF_VOLATILE (IFF_LOOPBACK|IFF_POINTOPOINT|IFF_BROADCAST| \
#23 17.95       | 
#23 17.98     CC       em_ipset.o
#23 18.00 In file included from tc_util.h:7,
#23 18.00                  from m_ematch.h:11,
#23 18.00                  from em_ipset.c:39:
#23 18.00 ../include/uapi/linux/if.h:134: warning: "IFF_VOLATILE" redefined
#23 18.00   134 | #define IFF_VOLATILE    (IFF_LOOPBACK|IFF_POINTOPOINT|IFF_BROADCAST|IFF_ECHO|\
#23 18.00       | 
#23 18.00 In file included from ../include/xtables.h:17,
#23 18.00                  from em_ipset.c:23:
#23 18.00 /usr/include/net/if.h:48: note: this is the location of the previous definition
#23 18.00    48 | #define IFF_VOLATILE (IFF_LOOPBACK|IFF_POINTOPOINT|IFF_BROADCAST| \
#23 18.00       | 
#23 18.04     CC       tc_core.o
#23 18.12     CC       tc_red.o
#23 18.18     CC       tc_estimator.o
#23 18.21     CC       tc_stab.o
#23 18.26     CC       tc_qevent.o
#23 18.27 In file included from tc_qevent.h:7,
#23 18.27                  from tc_qevent.c:10:
#23 18.27 ../include/libnetlink.h: In function 'rta_getattr_be64':
#23 18.27 ../include/libnetlink.h:280:16: warning: implicit declaration of function 'htobe64' [-Wimplicit-function-declaration]
#23 18.27   280 |         return htobe64(rta_getattr_u64(rta));
#23 18.27       |                ^~~~~~~
#23 18.32     AR       libtc.a
#23 18.32     LINK     tc
#23 18.35 rm emp_ematch.lex.c
#23 18.35 
#23 18.35 bridge
#23 18.35     CC       bridge.o
#23 18.40     CC       fdb.o
#23 18.42 In file included from fdb.c:28:
#23 18.42 ../include/libnetlink.h: In function 'rta_getattr_be64':
#23 18.42 ../include/libnetlink.h:280:16: warning: implicit declaration of function 'htobe64' [-Wimplicit-function-declaration]
#23 18.42   280 |         return htobe64(rta_getattr_u64(rta));
#23 18.42       |                ^~~~~~~
#23 18.59     CC       monitor.o
#23 18.63     CC       link.o
#23 18.65 In file included from link.c:16:
#23 18.65 ../include/libnetlink.h: In function 'rta_getattr_be64':
#23 18.65 ../include/libnetlink.h:280:16: warning: implicit declaration of function 'htobe64' [-Wimplicit-function-declaration]
#23 18.65   280 |         return htobe64(rta_getattr_u64(rta));
#23 18.65       |                ^~~~~~~
#23 18.79     CC       mdb.o
#23 18.80 In file included from mdb.c:20:
#23 18.80 ../include/libnetlink.h: In function 'rta_getattr_be64':
#23 18.80 ../include/libnetlink.h:280:16: warning: implicit declaration of function 'htobe64' [-Wimplicit-function-declaration]
#23 18.80   280 |         return htobe64(rta_getattr_u64(rta));
#23 18.80       |                ^~~~~~~
#23 18.99     CC       vlan.o
#23 19.00 In file included from vlan.c:16:
#23 19.00 ../include/libnetlink.h: In function 'rta_getattr_be64':
#23 19.00 ../include/libnetlink.h:280:16: warning: implicit declaration of function 'htobe64' [-Wimplicit-function-declaration]
#23 19.00   280 |         return htobe64(rta_getattr_u64(rta));
#23 19.00       |                ^~~~~~~
#23 19.21     CC       vni.o
#23 19.23 In file included from vni.c:21:
#23 19.23 ../include/libnetlink.h: In function 'rta_getattr_be64':
#23 19.23 ../include/libnetlink.h:280:16: warning: implicit declaration of function 'htobe64' [-Wimplicit-function-declaration]
#23 19.23   280 |         return htobe64(rta_getattr_u64(rta));
#23 19.23       |                ^~~~~~~
#23 19.31     LINK     bridge
#23 19.32 
#23 19.32 misc
#23 19.33     CC       ss.o
#23 19.35 In file included from ../include/uapi/linux/tipc.h:42,
#23 19.35                  from ss.c:49:
#23 19.35 ../include/uapi/linux/sockios.h:42: warning: "SIOCGSTAMP" redefined
#23 19.35    42 | #define SIOCGSTAMP      SIOCGSTAMP_OLD
#23 19.35       | 
#23 19.35 In file included from /usr/include/sys/ioctl.h:10,
#23 19.35                  from ss.c:12:
#23 19.35 /usr/include/bits/ioctl.h:111: note: this is the location of the previous definition
#23 19.35   111 | #define SIOCGSTAMP      0x8906
#23 19.35       | 
#23 19.35 ../include/uapi/linux/sockios.h:43: warning: "SIOCGSTAMPNS" redefined
#23 19.35    43 | #define SIOCGSTAMPNS    SIOCGSTAMPNS_OLD
#23 19.35       | 
#23 19.35 /usr/include/bits/ioctl.h:112: note: this is the location of the previous definition
#23 19.35   112 | #define SIOCGSTAMPNS    0x8907
#23 19.35       | 
#23 20.32     CC       ssfilter_check.o
#23 20.34 In file included from ssfilter_check.c:6:
#23 20.34 ../include/libnetlink.h: In function 'rta_getattr_be64':
#23 20.34 ../include/libnetlink.h:280:16: warning: implicit declaration of function 'htobe64' [-Wimplicit-function-declaration]
#23 20.34   280 |         return htobe64(rta_getattr_u64(rta));
#23 20.34       |                ^~~~~~~
#23 20.35     YACC     ssfilter.tab.c
#23 20.41     CC       ssfilter.tab.o
#23 20.52     LINK     ss
#23 20.54     CC       nstat
#23 20.68     CC       ifstat
#23 20.70 In file included from ifstat.c:30:
#23 20.70 ../include/libnetlink.h: In function 'rta_getattr_be64':
#23 20.70 ../include/libnetlink.h:280:16: warning: implicit declaration of function 'htobe64' [-Wimplicit-function-declaration]
#23 20.70   280 |         return htobe64(rta_getattr_u64(rta));
#23 20.70       |                ^~~~~~~
#23 20.89     CC       rtacct
#23 21.02     CC       lnstat.o
#23 21.09     CC       lnstat_util.o
#23 21.15     LINK     lnstat
#23 21.16 
#23 21.16 netem
#23 21.17 gcc  -I../include -o maketable maketable.c -lm
#23 21.20 gcc  -I../include -o normal normal.c -lm
#23 21.22 gcc  -I../include -o pareto pareto.c -lm
#23 21.25 gcc  -I../include -o paretonormal paretonormal.c -lm
#23 21.27 ./normal > normal.dist
#23 21.28 ./pareto > pareto.dist
#23 21.28 ./paretonormal > paretonormal.dist
#23 21.29 ./maketable experimental.dat > experimental.dist
#23 21.30 
#23 21.30 genl
#23 21.30     CC       genl.o
#23 21.34     CC       ctrl.o
#23 21.41     LINK     genl
#23 21.42 
#23 21.42 man
#23 21.43 make[2]: Nothing to be done for 'all'.
#23 21.43 make[2]: Nothing to be done for 'all'.
#23 21.43 sed \
#23 21.43 	-e "s|@NETNS_ETC_DIR@|/etc/netns|g" \
#23 21.43 	-e "s|@NETNS_RUN_DIR@|/var/run/netns|g" \
#23 21.43 	-e "s|@SYSCONF_ETC_DIR@|/etc/iproute2|g" \
#23 21.43 	-e "s|@SYSCONF_USR_DIR@|/usr/share/iproute2|g" \
#23 21.43 	ip-address.8.in > ip-address.8
#23 21.43 sed \
#23 21.43 	-e "s|@NETNS_ETC_DIR@|/etc/netns|g" \
#23 21.43 	-e "s|@NETNS_RUN_DIR@|/var/run/netns|g" \
#23 21.43 	-e "s|@SYSCONF_ETC_DIR@|/etc/iproute2|g" \
#23 21.43 	-e "s|@SYSCONF_USR_DIR@|/usr/share/iproute2|g" \
#23 21.43 	ip-link.8.in > ip-link.8
#23 21.44 sed \
#23 21.44 	-e "s|@NETNS_ETC_DIR@|/etc/netns|g" \
#23 21.44 	-e "s|@NETNS_RUN_DIR@|/var/run/netns|g" \
#23 21.44 	-e "s|@SYSCONF_ETC_DIR@|/etc/iproute2|g" \
#23 21.44 	-e "s|@SYSCONF_USR_DIR@|/usr/share/iproute2|g" \
#23 21.44 	ip-netns.8.in > ip-netns.8
#23 21.44 sed \
#23 21.44 	-e "s|@NETNS_ETC_DIR@|/etc/netns|g" \
#23 21.44 	-e "s|@NETNS_RUN_DIR@|/var/run/netns|g" \
#23 21.44 	-e "s|@SYSCONF_ETC_DIR@|/etc/iproute2|g" \
#23 21.44 	-e "s|@SYSCONF_USR_DIR@|/usr/share/iproute2|g" \
#23 21.44 	ip-route.8.in > ip-route.8
#23 21.44 
#23 21.44 tipc
#23 21.44     CC       bearer.o
#23 21.63     CC       cmdl.o
#23 21.67     CC       link.o
#23 21.86     CC       media.o
#23 21.91     CC       misc.o
#23 21.97     CC       msg.o
#23 21.99     CC       nametable.o
#23 22.04     CC       node.o
#23 22.13     CC       socket.o
#23 22.17     CC       peer.o
#23 22.20     CC       tipc.o
#23 22.24     LINK     tipc
#23 22.26 
#23 22.26 devlink
#23 22.26     CC       devlink.o
#23 24.01     CC       mnlg.o
#23 24.02 In file included from mnlg.c:16:
#23 24.02 ../include/libnetlink.h: In function 'rta_getattr_be64':
#23 24.02 ../include/libnetlink.h:280:16: warning: implicit declaration of function 'htobe64' [-Wimplicit-function-declaration]
#23 24.02   280 |         return htobe64(rta_getattr_u64(rta));
#23 24.02       |                ^~~~~~~
#23 24.05     LINK     devlink
#23 24.06 
#23 24.06 rdma
#23 24.07     CC       rdma.o
#23 24.09 rdma.c: In function 'main':
#23 24.09 rdma.c:110:20: warning: implicit declaration of function 'basename'; did you mean 'rename'? [-Wimplicit-function-declaration]
#23 24.09   110 |         filename = basename(argv[0]);
#23 24.09       |                    ^~~~~~~~
#23 24.09       |                    rename
#23 24.09 rdma.c:110:18: warning: assignment to 'char *' from 'int' makes pointer from integer without a cast [-Wint-conversion]
#23 24.09   110 |         filename = basename(argv[0]);
#23 24.09       |                  ^
#23 24.12     CC       utils.o
#23 24.31     CC       dev.o
#23 24.38     CC       link.o
#23 24.46     CC       res.o
#23 24.57     CC       res-pd.o
#23 24.61     CC       res-mr.o
#23 24.66     CC       res-cq.o
#23 24.71     CC       res-cmid.o
#23 24.77     CC       res-qp.o
#23 24.83     CC       sys.o
#23 24.89     CC       stat.o
#23 25.10     CC       stat-mr.o
#23 25.14     CC       res-ctx.o
#23 25.18     CC       res-srq.o
#23 25.25     LINK     rdma
#23 25.26 
#23 25.26 dcb
#23 25.26     CC       dcb.o
#23 25.28 In file included from ../include/namespace.h:10,
#23 25.28                  from dcb.c:11:
#23 25.28 ../include/libnetlink.h: In function 'rta_getattr_be64':
#23 25.28 ../include/libnetlink.h:280:16: warning: implicit declaration of function 'htobe64' [-Wimplicit-function-declaration]
#23 25.28   280 |         return htobe64(rta_getattr_u64(rta));
#23 25.28       |                ^~~~~~~
#23 25.37     CC       dcb_app.o
#23 25.56     CC       dcb_buffer.o
#23 25.61     CC       dcb_dcbx.o
#23 25.66     CC       dcb_ets.o
#23 25.74     CC       dcb_maxrate.o
#23 25.78     CC       dcb_pfc.o
#23 25.85     CC       dcb_apptrust.o
#23 25.90     CC       dcb_rewr.o
#23 25.98     LINK     dcb
#23 25.99 
#23 25.99 vdpa
#23 25.99     CC       vdpa.o
#23 26.15     LINK     vdpa
#23 DONE 26.2s

#24 [20/22] RUN git clone --no-single-branch --depth=1 https://github.com/linux-netdev/testing.git /nipa-data/kernel
#24 0.379 Cloning into '/nipa-data/kernel'...
#24 24.75 Updating files:  14% (12148/83283)Updating files:  15% (12493/83283)Updating files:  16% (13326/83283)Updating files:  17% (14159/83283)Updating files:  18% (14991/83283)Updating files:  19% (15824/83283)Updating files:  20% (16657/83283)Updating files:  21% (17490/83283)Updating files:  22% (18323/83283)Updating files:  23% (19156/83283)Updating files:  24% (19988/83283)Updating files:  25% (20821/83283)Updating files:  26% (21654/83283)Updating files:  27% (22487/83283)Updating files:  28% (23320/83283)Updating files:  29% (24153/83283)Updating files:  30% (24985/83283)Updating files:  31% (25818/83283)Updating files:  31% (25959/83283)Updating files:  32% (26651/83283)Updating files:  33% (27484/83283)Updating files:  34% (28317/83283)Updating files:  35% (29150/83283)Updating files:  36% (29982/83283)Updating files:  37% (30815/83283)Updating files:  38% (31648/83283)Updating files:  39% (32481/83283)Updating files:  40% (33314/83283)Updating files:  40% (33480/83283)Updating files:  41% (34147/83283)Updating files:  42% (34979/83283)Updating files:  43% (35812/83283)Updating files:  44% (36645/83283)Updating files:  45% (37478/83283)Updating files:  46% (38311/83283)Updating files:  46% (39014/83283)Updating files:  47% (39144/83283)Updating files:  48% (39976/83283)Updating files:  49% (40809/83283)Updating files:  50% (41642/83283)Updating files:  51% (42475/83283)Updating files:  52% (43308/83283)Updating files:  53% (44140/83283)Updating files:  54% (44973/83283)Updating files:  55% (45806/83283)Updating files:  56% (46639/83283)Updating files:  57% (47472/83283)Updating files:  58% (48305/83283)Updating files:  59% (49137/83283)Updating files:  60% (49970/83283)Updating files:  60% (50605/83283)Updating files:  61% (50803/83283)Updating files:  62% (51636/83283)Updating files:  63% (52469/83283)Updating files:  64% (53302/83283)Updating files:  65% (54134/83283)Updating files:  66% (54967/83283)Updating files:  67% (55800/83283)Updating files:  68% (56633/83283)Updating files:  69% (57466/83283)Updating files:  70% (58299/83283)Updating files:  71% (59131/83283)Updating files:  72% (59964/83283)Updating files:  73% (60797/83283)Updating files:  74% (61630/83283)Updating files:  75% (62463/83283)Updating files:  76% (63296/83283)Updating files:  76% (63642/83283)Updating files:  77% (64128/83283)Updating files:  78% (64961/83283)Updating files:  79% (65794/83283)Updating files:  80% (66627/83283)Updating files:  81% (67460/83283)Updating files:  82% (68293/83283)Updating files:  83% (69125/83283)Updating files:  84% (69958/83283)Updating files:  85% (70791/83283)Updating files:  86% (71624/83283)Updating files:  87% (72457/83283)Updating files:  88% (73290/83283)Updating files:  89% (74122/83283)Updating files:  90% (74955/83283)Updating files:  91% (75788/83283)Updating files:  92% (76621/83283)Updating files:  93% (77454/83283)Updating files:  94% (78287/83283)Updating files:  94% (79013/83283)Updating files:  95% (79119/83283)Updating files:  96% (79952/83283)Updating files:  97% (80785/83283)Updating files:  98% (81618/83283)Updating files:  99% (82451/83283)Updating files: 100% (83283/83283)Updating files: 100% (83283/83283), done.
#24 DONE 32.8s

#25 [21/22] RUN git clone --depth=1 -b main https://github.com/p4tc-dev/new-nipa.git nipa
#25 0.383 Cloning into 'nipa'...
#25 DONE 0.7s

#26 [22/22] COPY entrypoint.sh /entrypoint.sh
#26 DONE 0.0s

#27 exporting to image
#27 exporting layers
#27 exporting layers 7.5s done
#27 writing image sha256:7b733f7071bda858e467b63f6177401fd641a3eb0e8188aea94be22a6a31e77a 0.0s done
#27 naming to docker.io/library/nipa-executor 0.0s done
#27 DONE 7.6s
NIPA version: 1b9c21a (ui: set canvas background color to stand out, 2024-03-28)
INFO: Last run date: 2024-06-07 12:00:12.169665+00:00
Testing  {'branch': 'net-next-2024-06-07--15-00', 'date': '2024-06-07T15:00:06.700609+00:00', 'base': '23911d0894fe37b2db8936bf8b49495398effe2e', 'url': 'https://github.com/linux-netdev/testing.git net-next-2024-06-07--15-00'}
Updating files:  35% (7711/21873)Updating files:  36% (7875/21873)Updating files:  37% (8094/21873)Updating files:  38% (8312/21873)Updating files:  39% (8531/21873)Updating files:  40% (8750/21873)Updating files:  41% (8968/21873)Updating files:  42% (9187/21873)Updating files:  43% (9406/21873)Updating files:  44% (9625/21873)Updating files:  45% (9843/21873)Updating files:  46% (10062/21873)Updating files:  47% (10281/21873)Updating files:  48% (10500/21873)Updating files:  49% (10718/21873)Updating files:  50% (10937/21873)Updating files:  51% (11156/21873)Updating files:  52% (11374/21873)Updating files:  53% (11593/21873)Updating files:  54% (11812/21873)Updating files:  55% (12031/21873)Updating files:  56% (12249/21873)Updating files:  57% (12468/21873)Updating files:  58% (12687/21873)Updating files:  59% (12906/21873)Updating files:  60% (13124/21873)Updating files:  61% (13343/21873)Updating files:  62% (13562/21873)Updating files:  63% (13780/21873)Updating files:  63% (13938/21873)Updating files:  64% (13999/21873)Updating files:  65% (14218/21873)Updating files:  66% (14437/21873)Updating files:  67% (14655/21873)Updating files:  68% (14874/21873)Updating files:  69% (15093/21873)Updating files:  70% (15312/21873)Updating files:  71% (15530/21873)Updating files:  72% (15749/21873)Updating files:  73% (15968/21873)Updating files:  74% (16187/21873)Updating files:  75% (16405/21873)Updating files:  76% (16624/21873)Updating files:  77% (16843/21873)Updating files:  78% (17061/21873)Updating files:  79% (17280/21873)Updating files:  80% (17499/21873)Updating files:  81% (17718/21873)Updating files:  82% (17936/21873)Updating files:  83% (18155/21873)Updating files:  84% (18374/21873)Updating files:  85% (18593/21873)Updating files:  86% (18811/21873)Updating files:  87% (19030/21873)Updating files:  88% (19249/21873)Updating files:  89% (19467/21873)Updating files:  90% (19686/21873)Updating files:  91% (19905/21873)Updating files:  92% (20124/21873)Updating files:  93% (20342/21873)Updating files:  94% (20561/21873)Updating files:  95% (20780/21873)Updating files:  96% (20999/21873)Updating files:  97% (21217/21873)Updating files:  98% (21436/21873)Updating files:  99% (21655/21873)Updating files: 100% (21873/21873)Updating files: 100% (21873/21873), done.
branch 'net-next-2024-06-07--15-00' set up to track 'origin/net-next-2024-06-07--15-00'.
Switched to a new branch 'net-next-2024-06-07--15-00'
error: No valid patches in input (allow with "--allow-empty")
Checking patch tools/testing/selftests/tc-testing/tdc_config.py...
Applied patch tools/testing/selftests/tc-testing/tdc_config.py cleanly.
Run at 2024-06-07 15:03:43.812605
INFO: building kernel
INFO: starting VM 0
INFO: thr0-0 VM starting: vng -v -r arch/x86/boot/bzImage --user root --rwdir=/nipa-data/kernel/
INFO: thr0-0 expecting prompt: '/nipa-data/kernel# '
INFO: thr0-0 reached initial prompt
INFO: thr-0 testing == tdc.sh
INFO: thr-0 tdc.sh >> retcode: 0 result: pass found {'fail': False, 'skip': False, 'pass': True}
INFO: thr-0 has no more work, exiting
INFO: thr0-0 VM stopped
Done at 2024-06-07 15:07:16.983281
NIPA quitting!
/
~/nipa/tc-executor/tc-executor-storage /
sort: write failed: 'standard output': Broken pipe
sort: write error
