~/nipa/tc-executor/tc-executor-storage /
Switched to branch 'storage'
Your branch is ahead of 'origin/storage' by 129 commits.
  (use "git push" to publish your local commits)
/
~/nipa/tc-executor /
Error response from daemon: No such image: nipa-executor:latest
#0 building with "default" instance using docker driver

#1 [internal] load .dockerignore
#1 transferring context: 2B done
#1 DONE 0.0s

#2 [internal] load build definition from Dockerfile
#2 transferring dockerfile: 2.03kB done
#2 DONE 0.0s

#3 [internal] load metadata for docker.io/library/alpine:edge
#3 DONE 0.0s

#4 [ 1/22] FROM docker.io/library/alpine:edge
#4 CACHED

#5 [internal] load build context
#5 transferring context: 3.02kB done
#5 DONE 0.0s

#6 [ 2/22] RUN echo false > debug-mode
#6 DONE 0.5s

#7 [ 3/22] RUN addgroup -g 1001 hostuser
#7 DONE 0.4s

#8 [ 4/22] RUN adduser -u 1001 -G hostuser -H -D -s /bin/ash hostuser
#8 DONE 0.4s

#9 [ 5/22] RUN echo '@testing http://dl-cdn.alpinelinux.org/alpine/edge/testing' >> /etc/apk/repositories
#9 DONE 0.4s

#10 [ 6/22] RUN echo '@community http://dl-cdn.alpinelinux.org/alpine/edge/community' >> /etc/apk/repositories
#10 DONE 0.4s

#11 [ 7/22] RUN apk update && apk add --no-cache    virtme-ng@testing    git    py3-requests    py3-psutil    py3-setuptools    py3-pyroute2    py3-argcomplete    qemu-system-x86_64@community    scapy@community    make    gcc    musl-dev    flex    bison    linux-headers    elfutils-dev    util-linux    coreutils    diffutils    findutils    file    bash    kmod    perl    iptables-dev    libcap-dev    libmnl-dev    iproute2     jq    libbpf-dev    rsync
#11 0.379 fetch https://dl-cdn.alpinelinux.org/alpine/edge/main/x86_64/APKINDEX.tar.gz
#11 0.604 fetch https://dl-cdn.alpinelinux.org/alpine/edge/community/x86_64/APKINDEX.tar.gz
#11 0.809 fetch http://dl-cdn.alpinelinux.org/alpine/edge/testing/x86_64/APKINDEX.tar.gz
#11 1.000 fetch http://dl-cdn.alpinelinux.org/alpine/edge/community/x86_64/APKINDEX.tar.gz
#11 1.191 v20231219-4548-gd8956777294 [https://dl-cdn.alpinelinux.org/alpine/edge/main]
#11 1.191 v20231219-4551-g925a02ca57a [https://dl-cdn.alpinelinux.org/alpine/edge/community]
#11 1.191 v20231219-4550-g96801f329ce [http://dl-cdn.alpinelinux.org/alpine/edge/testing]
#11 1.191 v20231219-4551-g925a02ca57a [http://dl-cdn.alpinelinux.org/alpine/edge/community]
#11 1.191 OK: 30451 distinct packages available
#11 1.243 fetch https://dl-cdn.alpinelinux.org/alpine/edge/main/x86_64/APKINDEX.tar.gz
#11 1.342 fetch https://dl-cdn.alpinelinux.org/alpine/edge/community/x86_64/APKINDEX.tar.gz
#11 1.422 fetch http://dl-cdn.alpinelinux.org/alpine/edge/testing/x86_64/APKINDEX.tar.gz
#11 1.502 fetch http://dl-cdn.alpinelinux.org/alpine/edge/community/x86_64/APKINDEX.tar.gz
#11 1.677 (1/175) Upgrading musl (1.2.4_git20230717-r5 -> 1.2.4_git20230717-r6)
#11 1.697 (2/175) Upgrading zlib (1.3-r2 -> 1.3.1-r0)
#11 1.711 (3/175) Installing ncurses-terminfo-base (6.4_p20231125-r0)
#11 1.725 (4/175) Installing libncursesw (6.4_p20231125-r0)
#11 1.740 (5/175) Installing readline (8.2.10-r0)
#11 1.754 (6/175) Installing bash (5.2.26-r0)
#11 1.775 Executing bash-5.2.26-r0.post-install
#11 1.777 (7/175) Installing m4 (1.4.19-r3)
#11 1.791 (8/175) Installing bison (3.8.2-r1)
#11 1.812 (9/175) Installing coreutils-env (9.4-r2)
#11 1.824 (10/175) Installing coreutils-fmt (9.4-r2)
#11 1.837 (11/175) Installing coreutils-sha512sum (9.4-r2)
#11 1.849 (12/175) Installing libacl (2.3.2-r0)
#11 1.862 (13/175) Installing libattr (2.5.2-r0)
#11 1.874 (14/175) Installing skalibs (2.14.1.0-r0)
#11 1.888 (15/175) Installing utmps-libs (0.1.2.2-r0)
#11 1.899 (16/175) Installing coreutils (9.4-r2)
#11 1.922 (17/175) Installing diffutils (3.10-r0)
#11 1.937 (18/175) Installing zstd-libs (1.5.5-r8)
#11 1.955 (19/175) Installing libelf (0.190-r1)
#11 1.969 (20/175) Installing libbz2 (1.0.8-r6)
#11 1.981 (21/175) Installing musl-fts (1.2.7-r6)
#11 1.993 (22/175) Installing xz-libs (5.4.6-r0)
#11 2.007 (23/175) Installing libdw (0.190-r1)
#11 2.023 (24/175) Installing libasm (0.190-r1)
#11 2.036 (25/175) Installing xz (5.4.6-r0)
#11 2.053 (26/175) Installing pkgconf (2.1.1-r0)
#11 2.066 (27/175) Installing xz-dev (5.4.6-r0)
#11 2.080 (28/175) Installing libgcc (13.2.1_git20231014-r1)
#11 2.107 (29/175) Installing libstdc++ (13.2.1_git20231014-r1)
#11 2.146 (30/175) Installing zstd (1.5.5-r8)
#11 2.169 (31/175) Installing zstd-dev (1.5.5-r8)
#11 2.198 (32/175) Installing zlib-dev (1.3.1-r0)
#11 2.223 (33/175) Installing elfutils-dev (0.190-r1)
#11 2.246 (34/175) Installing libmagic (5.45-r1)
#11 2.278 (35/175) Installing file (5.45-r1)
#11 2.301 (36/175) Installing findutils (4.9.0-r5)
#11 2.340 (37/175) Installing flex (2.6.4-r6)
#11 2.363 (38/175) Installing jansson (2.14-r4)
#11 2.382 (39/175) Installing binutils (2.42-r0)
#11 2.453 (40/175) Installing libgomp (13.2.1_git20231014-r1)
#11 2.489 (41/175) Installing libatomic (13.2.1_git20231014-r1)
#11 2.501 (42/175) Installing gmp (6.3.0-r0)
#11 2.517 (43/175) Installing isl26 (0.26-r1)
#11 2.541 (44/175) Installing mpfr4 (4.2.1-r0)
#11 2.558 (45/175) Installing mpc1 (1.3.1-r1)
#11 2.572 (46/175) Installing gcc (13.2.1_git20231014-r1)
#11 3.103 (47/175) Installing ca-certificates (20240226-r0)
#11 3.127 (48/175) Installing brotli-libs (1.1.0-r1)
#11 3.148 (49/175) Installing c-ares (1.26.0-r0)
#11 3.162 (50/175) Installing libunistring (1.1-r2)
#11 3.183 (51/175) Installing libidn2 (2.3.7-r0)
#11 3.198 (52/175) Installing nghttp2-libs (1.59.0-r0)
#11 3.212 (53/175) Installing libpsl (0.21.5-r1)
#11 3.225 (54/175) Installing libcurl (8.6.0-r0)
#11 3.241 (55/175) Installing libexpat (2.6.0-r0)
#11 3.254 (56/175) Installing pcre2 (10.43-r0)
#11 3.271 (57/175) Installing git (2.44.0-r0)
#11 3.323 (58/175) Installing git-init-template (2.44.0-r0)
#11 3.337 (59/175) Installing libcap2 (2.69-r1)
#11 3.349 (60/175) Installing libmnl (1.0.5-r2)
#11 3.361 (61/175) Installing iproute2-minimal (6.7.0-r0)
#11 3.377 (62/175) Installing libxtables (1.8.10-r3)
#11 3.390 (63/175) Installing iproute2-tc (6.7.0-r0)
#11 3.407 (64/175) Installing iproute2-ss (6.7.0-r0)
#11 3.430 (65/175) Installing iproute2 (6.7.0-r0)
#11 3.453 Executing iproute2-6.7.0-r0.post-install
#11 3.455 (66/175) Installing linux-headers (6.6-r0)
#11 3.542 (67/175) Installing libip4tc (1.8.10-r3)
#11 3.554 (68/175) Installing libip6tc (1.8.10-r3)
#11 3.568 (69/175) Installing libipq (1.8.10-r3)
#11 3.580 (70/175) Installing iptables-dev (1.8.10-r3)
#11 3.593 (71/175) Installing oniguruma (6.9.9-r0)
#11 3.608 (72/175) Installing jq (1.7.1-r0)
#11 3.627 (73/175) Installing kmod (31-r4)
#11 3.644 (74/175) Installing libbpf (1.3.0-r0)
#11 3.658 (75/175) Installing libbpf-dev (1.3.0-r0)
#11 3.677 (76/175) Installing libcap-dev (2.69-r1)
#11 3.689 (77/175) Installing libmnl-dev (1.0.5-r2)
#11 3.701 (78/175) Installing make (4.4.1-r2)
#11 3.717 (79/175) Installing musl-dev (1.2.4_git20230717-r6)
#11 3.791 (80/175) Installing perl (5.38.2-r0)
#11 3.991 (81/175) Installing perl-error (0.17029-r2)
#11 4.003 (82/175) Installing perl-git (2.44.0-r0)
#11 4.017 (83/175) Installing git-perl (2.44.0-r0)
#11 4.030 (84/175) Installing libffi (3.4.5-r0)
#11 4.042 (85/175) Installing gdbm (1.23-r1)
#11 4.054 (86/175) Installing mpdecimal (4.0.0-r0)
#11 4.071 (87/175) Installing libpanelw (6.4_p20231125-r0)
#11 4.082 (88/175) Installing sqlite-libs (3.45.1-r0)
#11 4.105 (89/175) Installing python3 (3.11.8-r0)
#11 4.234 (90/175) Installing python3-pycache-pyc0 (3.11.8-r0)
#11 4.333 (91/175) Installing pyc (3.11.8-r0)
#11 4.345 (92/175) Installing py3-argcomplete-pyc (3.2.2-r0)
#11 4.365 (93/175) Installing python3-pyc (3.11.8-r0)
#11 4.379 (94/175) Installing py3-argcomplete (3.2.2-r0)
#11 4.393 (95/175) Installing py3-psutil (5.9.8-r0)
#11 4.409 (96/175) Installing py3-psutil-pyc (5.9.8-r0)
#11 4.425 (97/175) Installing py3-pyroute2 (0.7.10-r0)
#11 4.456 (98/175) Installing py3-pyroute2-pyc (0.7.10-r0)
#11 4.491 (99/175) Installing py3-certifi (2023.11.17-r0)
#11 4.509 (100/175) Installing py3-certifi-pyc (2023.11.17-r0)
#11 4.521 (101/175) Installing py3-charset-normalizer (3.3.2-r0)
#11 4.535 (102/175) Installing py3-charset-normalizer-pyc (3.3.2-r0)
#11 4.549 (103/175) Installing py3-idna (3.6-r0)
#11 4.563 (104/175) Installing py3-idna-pyc (3.6-r0)
#11 4.577 (105/175) Installing py3-urllib3 (1.26.18-r0)
#11 4.593 (106/175) Installing py3-urllib3-pyc (1.26.18-r0)
#11 4.614 (107/175) Installing py3-requests (2.31.0-r1)
#11 4.628 (108/175) Installing py3-requests-pyc (2.31.0-r1)
#11 4.643 (109/175) Installing py3-parsing (3.1.1-r0)
#11 4.663 (110/175) Installing py3-parsing-pyc (3.1.1-r0)
#11 4.682 (111/175) Installing py3-packaging (23.2-r0)
#11 4.699 (112/175) Installing py3-packaging-pyc (23.2-r0)
#11 4.713 (113/175) Installing py3-setuptools (69.1.0-r0)
#11 4.754 (114/175) Installing py3-setuptools-pyc (69.1.0-r0)
#11 4.797 (115/175) Installing libcap-ng (0.8.4-r0)
#11 4.809 (116/175) Installing libintl (0.22.4-r0)
#11 4.822 (117/175) Installing libblkid (2.39.3-r0)
#11 4.836 (118/175) Installing libmount (2.39.3-r0)
#11 4.851 (119/175) Installing glib (2.78.4-r0)
#11 4.884 (120/175) Installing numactl (2.0.18-r0)
#11 4.896 (121/175) Installing qemu (8.2.1-r0)
#11 4.932 Executing qemu-8.2.1-r0.pre-install
#11 5.175 Executing qemu-8.2.1-r0.post-install
#11 5.178 *
#11 5.178 * If you want to run VM as unprivileged user and let Qemu create tunX devices,
#11 5.178 * then you must add that user to the group "qemu".
#11 5.178 * If you use KVM for hardware-assisted virtualization, then you may also need
#11 5.178 * to add that user to the group "kvm".
#11 5.178 *
#11 5.179 (122/175) Installing qemu-bridge-helper (8.2.1-r0)
#11 5.196 (123/175) Installing libaio (0.3.113-r2)
#11 5.216 (124/175) Installing capstone (5.0.1-r2)
#11 5.249 (125/175) Installing py3-capstone (5.0.1-r2)
#11 5.283 (126/175) Installing py3-capstone-pyc (5.0.1-r2)
#11 5.295 (127/175) Installing nettle (3.9.1-r0)
#11 5.313 (128/175) Installing libtasn1 (4.19.0-r2)
#11 5.326 (129/175) Installing p11-kit (0.25.3-r0)
#11 5.346 (130/175) Installing gnutls (3.8.3-r0)
#11 5.370 (131/175) Installing libjpeg-turbo (3.0.2-r0)
#11 5.387 (132/175) Installing lzo (2.10-r5)
#11 5.401 (133/175) Installing pixman (0.43.2-r0)
#11 5.418 (134/175) Installing libpng (1.6.42-r0)
#11 5.432 (135/175) Installing libsasl (2.1.28-r6)
#11 5.446 (136/175) Installing libseccomp (2.5.5-r0)
#11 5.459 (137/175) Installing libslirp (4.7.0-r0)
#11 5.477 (138/175) Installing snappy (1.1.10-r2)
#11 5.490 (139/175) Installing liburing (2.5-r1)
#11 5.773 (140/175) Installing vde2-libs (2.3.3-r1)
#11 5.803 (141/175) Installing qemu-system-x86_64 (8.2.1-r0)
#11 5.972 (142/175) Installing lz4-libs (1.9.4-r5)
#11 5.987 (143/175) Installing popt (1.19-r3)
#11 6.004 (144/175) Installing libxxhash (0.8.2-r2)
#11 6.021 (145/175) Installing rsync (3.2.7-r4)
#11 6.040 (146/175) Installing scapy (2.5.0-r1)
#11 6.092 Executing scapy-2.5.0-r1.post-install
#11 6.094 *
#11 6.094 * Certain optional features of scapy also depend on the following packages:
#11 6.094 *     py3-matplotlib graphviz imagemagick py3-cryptography sox
#11 6.094 * And the following unpackaged dependencies:
#11 6.094 *     pyxi vpython-jupyter nmap<v4.23
#11 6.094 * More information can be found at https://scapy.readthedocs.io/en/latest/installation.html#optional-dependencies
#11 6.094 *
#11 6.094 (147/175) Installing scapy-pyc (2.5.0-r1)
#11 6.165 (148/175) Installing util-linux (2.39.3-r0)
#11 6.178 (149/175) Installing setarch (2.39.3-r0)
#11 6.217 (150/175) Installing libuuid (2.39.3-r0)
#11 6.229 (151/175) Installing libfdisk (2.39.3-r0)
#11 6.248 (152/175) Installing libsmartcols (2.39.3-r0)
#11 6.262 (153/175) Installing util-linux-misc (2.39.3-r0)
#11 6.291 (154/175) Installing libeconf (0.5.2-r2)
#11 6.307 (155/175) Installing linux-pam (1.5.3-r7)
#11 6.328 (156/175) Installing runuser (2.39.3-r0)
#11 6.347 (157/175) Installing mount (2.39.3-r0)
#11 6.360 (158/175) Installing losetup (2.39.3-r0)
#11 6.374 (159/175) Installing hexdump (2.39.3-r0)
#11 6.399 (160/175) Installing uuidgen (2.39.3-r0)
#11 6.420 (161/175) Installing blkid (2.39.3-r0)
#11 6.436 (162/175) Installing sfdisk (2.39.3-r0)
#11 6.454 (163/175) Installing mcookie (2.39.3-r0)
#11 6.467 (164/175) Installing agetty (2.39.3-r0)
#11 6.487 (165/175) Installing wipefs (2.39.3-r0)
#11 6.500 (166/175) Installing cfdisk (2.39.3-r0)
#11 6.514 (167/175) Installing umount (2.39.3-r0)
#11 6.534 (168/175) Installing flock (2.39.3-r0)
#11 6.547 (169/175) Installing lsblk (2.39.3-r0)
#11 6.561 (170/175) Installing setpriv (2.39.3-r0)
#11 6.573 (171/175) Installing logger (2.39.3-r0)
#11 6.585 (172/175) Installing partx (2.39.3-r0)
#11 6.598 (173/175) Installing fstrim (2.39.3-r0)
#11 6.616 (174/175) Installing findmnt (2.39.3-r0)
#11 6.637 (175/175) Installing virtme-ng@testing (1.20-r0)
#11 6.695 Executing busybox-1.36.1-r17.trigger
#11 6.698 Executing ca-certificates-20240226-r0.trigger
#11 6.720 Executing glib-2.78.4-r0.trigger
#11 6.724 OK: 385 MiB in 188 packages
#11 DONE 8.1s

#12 [ 8/22] RUN mkdir -p /tmp/kernel-patches &&     mkdir -p /tmp/iproute2-patches
#12 DONE 0.9s

#13 [ 9/22] COPY tdc.config /tmp
#13 DONE 0.5s

#14 [10/22] COPY tdc-debug.config /tmp
#14 DONE 0.4s

#15 [11/22] COPY kernel-patches /tmp/kernel-patches/
#15 DONE 0.4s

#16 [12/22] COPY iproute2-patches /tmp/iproute2-patches/
#16 DONE 1.6s

#17 [13/22] COPY configs /tmp/configs/
#17 DONE 1.4s

#18 [14/22] RUN git config --global user.email foo@bar.com
#18 DONE 0.7s

#19 [15/22] RUN git config --global user.name foo@bar.com
#19 DONE 0.4s

#20 [16/22] RUN git clone https://git.kernel.org/pub/scm/network/iproute2/iproute2-next.git /nipa-data/iproute2
#20 0.482 Cloning into '/nipa-data/iproute2'...
#20 DONE 2.7s

#21 [17/22] RUN cd /nipa-data/iproute2 && 	git remote add stable https://git.kernel.org/pub/scm/network/iproute2/iproute2.git && 	git fetch --all && 	git merge stable/main
#21 0.350 Fetching origin
#21 0.657 Fetching stable
#21 1.247 From https://git.kernel.org/pub/scm/network/iproute2/iproute2
#21 1.247  * [new branch]        codeql         -> stable/codeql
#21 1.247  * [new branch]        color-opt      -> stable/color-opt
#21 1.247  * [new branch]        flag-names     -> stable/flag-names
#21 1.247  * [new branch]        iproute2-4.1.x -> stable/iproute2-4.1.x
#21 1.247  * [new branch]        json1          -> stable/json1
#21 1.247  * [new branch]        main           -> stable/main
#21 1.248  * [new branch]        net-next       -> stable/net-next
#21 1.248  * [new branch]        warnings       -> stable/warnings
#21 1.276 Merge made by the 'ort' strategy.
#21 1.292  ip/iptuntap.c |  5 ++---
#21 1.292  man/man8/ip.8 | 33 +++++++++++++++++++++++++++++++--
#21 1.292  2 files changed, 33 insertions(+), 5 deletions(-)
#21 DONE 1.3s

#22 [18/22] RUN if [ "$(find /tmp/iproute2-patches/ -name *.patch)" ]; then  	cd /nipa-data/iproute2; 	git apply /tmp/iproute2-patches/*.patch;     fi
#22 DONE 0.4s

#23 [19/22] RUN cd /nipa-data/iproute2/ &&     ./configure &&     make
#23 0.394 TC schedulers
#23 0.394  IPT	using xtables
#23 0.421  IPSET  yes
#23 0.442 
#23 0.443 lib directory: /usr/lib
#23 0.443 libc has setns: yes
#23 0.464 libc has name_to_handle_at: yes
#23 0.485 SELinux support: no
#23 0.486 libtirpc support: no
#23 0.487 libbpf support: yes
#23 0.554 	libbpf version 1.3.0
#23 0.554 ELF support: yes
#23 0.556 libmnl support: yes
#23 0.558 Berkeley DB: no
#23 0.568 need for strlcpy: no
#23 0.588 libcap support: yes
#23 0.590 color output: never
#23 0.592 
#23 0.592 lib
#23 0.594     CC       libgenl.o
#23 0.634     CC       libnetlink.o
#23 0.952     CC       mnl_utils.o
#23 1.029     AR       libnetlink.a
#23 1.031     CC       utils.o
#23 1.417     CC       utils_math.o
#23 1.457     CC       rt_names.o
#23 1.619     CC       ll_map.o
#23 1.713     CC       ll_types.o
#23 1.727 In file included from ll_types.c:20:
#23 1.727 ../include/uapi/linux/sockios.h:42: warning: "SIOCGSTAMP" redefined
#23 1.727    42 | #define SIOCGSTAMP      SIOCGSTAMP_OLD
#23 1.727       | 
#23 1.727 In file included from /usr/include/sys/ioctl.h:10,
#23 1.727                  from ll_types.c:12:
#23 1.727 /usr/include/bits/ioctl.h:111: note: this is the location of the previous definition
#23 1.727   111 | #define SIOCGSTAMP      0x8906
#23 1.727       | 
#23 1.727 ../include/uapi/linux/sockios.h:43: warning: "SIOCGSTAMPNS" redefined
#23 1.727    43 | #define SIOCGSTAMPNS    SIOCGSTAMPNS_OLD
#23 1.727       | 
#23 1.727 /usr/include/bits/ioctl.h:112: note: this is the location of the previous definition
#23 1.727   112 | #define SIOCGSTAMPNS    0x8907
#23 1.727       | 
#23 1.743     CC       ll_proto.o
#23 1.755 In file included from ll_proto.c:21:
#23 1.755 ../include/uapi/linux/sockios.h:42: warning: "SIOCGSTAMP" redefined
#23 1.755    42 | #define SIOCGSTAMP      SIOCGSTAMP_OLD
#23 1.755       | 
#23 1.755 In file included from /usr/include/sys/ioctl.h:10,
#23 1.755                  from ll_proto.c:13:
#23 1.755 /usr/include/bits/ioctl.h:111: note: this is the location of the previous definition
#23 1.755   111 | #define SIOCGSTAMP      0x8906
#23 1.755       | 
#23 1.755 ../include/uapi/linux/sockios.h:43: warning: "SIOCGSTAMPNS" redefined
#23 1.755    43 | #define SIOCGSTAMPNS    SIOCGSTAMPNS_OLD
#23 1.755       | 
#23 1.755 /usr/include/bits/ioctl.h:112: note: this is the location of the previous definition
#23 1.755   112 | #define SIOCGSTAMPNS    0x8907
#23 1.755       | 
#23 1.769     CC       ll_addr.o
#23 1.782 In file included from ll_addr.c:20:
#23 1.782 ../include/uapi/linux/sockios.h:42: warning: "SIOCGSTAMP" redefined
#23 1.782    42 | #define SIOCGSTAMP      SIOCGSTAMP_OLD
#23 1.782       | 
#23 1.782 In file included from /usr/include/sys/ioctl.h:10,
#23 1.782                  from ll_addr.c:12:
#23 1.782 /usr/include/bits/ioctl.h:111: note: this is the location of the previous definition
#23 1.782   111 | #define SIOCGSTAMP      0x8906
#23 1.782       | 
#23 1.782 ../include/uapi/linux/sockios.h:43: warning: "SIOCGSTAMPNS" redefined
#23 1.782    43 | #define SIOCGSTAMPNS    SIOCGSTAMPNS_OLD
#23 1.782       | 
#23 1.782 /usr/include/bits/ioctl.h:112: note: this is the location of the previous definition
#23 1.782   112 | #define SIOCGSTAMPNS    0x8907
#23 1.782       | 
#23 1.809     CC       inet_proto.o
#23 1.837     CC       namespace.o
#23 1.890     CC       json_writer.o
#23 1.969     CC       json_print.o
#23 2.100     CC       json_print_math.o
#23 2.131     CC       names.o
#23 2.186     CC       color.o
#23 2.227     CC       bpf_legacy.o
#23 2.612     CC       bpf_glue.o
#23 2.648     CC       exec.o
#23 2.677     CC       fs.o
#23 2.741     CC       cg_map.o
#23 2.775     CC       ppp_proto.o
#23 2.797     CC       bpf_libbpf.o
#23 2.872     CC       selinux.o
#23 2.892     CC       ax25_ntop.o
#23 2.919     CC       rose_ntop.o
#23 2.932 In file included from rose_ntop.c:16:
#23 2.932 ../include/uapi/linux/sockios.h:42: warning: "SIOCGSTAMP" redefined
#23 2.932    42 | #define SIOCGSTAMP      SIOCGSTAMP_OLD
#23 2.932       | 
#23 2.932 In file included from /usr/include/sys/ioctl.h:10,
#23 2.932                  from rose_ntop.c:7:
#23 2.932 /usr/include/bits/ioctl.h:111: note: this is the location of the previous definition
#23 2.932   111 | #define SIOCGSTAMP      0x8906
#23 2.932       | 
#23 2.932 ../include/uapi/linux/sockios.h:43: warning: "SIOCGSTAMPNS" redefined
#23 2.932    43 | #define SIOCGSTAMPNS    SIOCGSTAMPNS_OLD
#23 2.932       | 
#23 2.932 /usr/include/bits/ioctl.h:112: note: this is the location of the previous definition
#23 2.932   112 | #define SIOCGSTAMPNS    0x8907
#23 2.932       | 
#23 2.949     CC       mpls_ntop.o
#23 2.977     CC       mpls_pton.o
#23 3.004     CC       netrom_ntop.o
#23 3.025     AR       libutil.a
#23 3.029 
#23 3.029 ip
#23 3.031     CC       ip.o
#23 3.101     CC       ipaddress.o
#23 3.115 In file included from ipaddress.c:26:
#23 3.115 ../include/uapi/linux/sockios.h:42: warning: "SIOCGSTAMP" redefined
#23 3.115    42 | #define SIOCGSTAMP      SIOCGSTAMP_OLD
#23 3.115       | 
#23 3.115 In file included from /usr/include/sys/ioctl.h:10,
#23 3.115                  from ipaddress.c:14:
#23 3.115 /usr/include/bits/ioctl.h:111: note: this is the location of the previous definition
#23 3.115   111 | #define SIOCGSTAMP      0x8906
#23 3.115       | 
#23 3.115 ../include/uapi/linux/sockios.h:43: warning: "SIOCGSTAMPNS" redefined
#23 3.115    43 | #define SIOCGSTAMPNS    SIOCGSTAMPNS_OLD
#23 3.115       | 
#23 3.115 /usr/include/bits/ioctl.h:112: note: this is the location of the previous definition
#23 3.115   112 | #define SIOCGSTAMPNS    0x8907
#23 3.115       | 
#23 3.552     CC       ipaddrlabel.o
#23 3.619     CC       iproute.o
#23 4.140     CC       iprule.o
#23 4.352     CC       ipnetns.o
#23 4.540     CC       rtm_map.o
#23 4.575     CC       iptunnel.o
#23 4.586 In file included from ../include/uapi/linux/if_tunnel.h:6,
#23 4.586                  from iptunnel.c:19:
#23 4.586 ../include/uapi/linux/if.h:134: warning: "IFF_VOLATILE" redefined
#23 4.586   134 | #define IFF_VOLATILE    (IFF_LOOPBACK|IFF_POINTOPOINT|IFF_BROADCAST|IFF_ECHO|\
#23 4.586       | 
#23 4.586 In file included from iptunnel.c:16:
#23 4.586 /usr/include/net/if.h:48: note: this is the location of the previous definition
#23 4.586    48 | #define IFF_VOLATILE (IFF_LOOPBACK|IFF_POINTOPOINT|IFF_BROADCAST| \
#23 4.586       | 
#23 4.715     CC       ip6tunnel.o
#23 4.834     CC       tunnel.o
#23 4.927     CC       ipneigh.o
#23 5.091     CC       ipntable.o
#23 5.194     CC       iplink.o
#23 5.477     CC       ipmaddr.o
#23 5.492 In file included from ipmaddr.c:21:
#23 5.492 ../include/uapi/linux/sockios.h:42: warning: "SIOCGSTAMP" redefined
#23 5.492    42 | #define SIOCGSTAMP      SIOCGSTAMP_OLD
#23 5.492       | 
#23 5.492 In file included from /usr/include/sys/ioctl.h:10,
#23 5.492                  from ipmaddr.c:12:
#23 5.492 /usr/include/bits/ioctl.h:111: note: this is the location of the previous definition
#23 5.492   111 | #define SIOCGSTAMP      0x8906
#23 5.492       | 
#23 5.492 ../include/uapi/linux/sockios.h:43: warning: "SIOCGSTAMPNS" redefined
#23 5.492    43 | #define SIOCGSTAMPNS    SIOCGSTAMPNS_OLD
#23 5.492       | 
#23 5.492 /usr/include/bits/ioctl.h:112: note: this is the location of the previous definition
#23 5.492   112 | #define SIOCGSTAMPNS    0x8907
#23 5.492       | 
#23 5.571     CC       ipmonitor.o
#23 5.658     CC       ipmroute.o
#23 5.671 In file included from ipmroute.c:22:
#23 5.671 ../include/uapi/linux/sockios.h:42: warning: "SIOCGSTAMP" redefined
#23 5.671    42 | #define SIOCGSTAMP      SIOCGSTAMP_OLD
#23 5.671       | 
#23 5.671 In file included from /usr/include/sys/ioctl.h:10,
#23 5.671                  from ipmroute.c:13:
#23 5.671 /usr/include/bits/ioctl.h:111: note: this is the location of the previous definition
#23 5.671   111 | #define SIOCGSTAMP      0x8906
#23 5.671       | 
#23 5.671 ../include/uapi/linux/sockios.h:43: warning: "SIOCGSTAMPNS" redefined
#23 5.671    43 | #define SIOCGSTAMPNS    SIOCGSTAMPNS_OLD
#23 5.671       | 
#23 5.671 /usr/include/bits/ioctl.h:112: note: this is the location of the previous definition
#23 5.671   112 | #define SIOCGSTAMPNS    0x8907
#23 5.671       | 
#23 5.733     CC       ipprefix.o
#23 5.763     CC       iptuntap.o
#23 5.868     CC       iptoken.o
#23 5.920     CC       ipxfrm.o
#23 6.208     CC       xfrm_state.o
#23 6.468     CC       xfrm_policy.o
#23 6.700     CC       xfrm_monitor.o
#23 6.772     CC       iplink_dummy.o
#23 6.795     CC       iplink_ifb.o
#23 6.819     CC       iplink_nlmon.o
#23 6.845     CC       iplink_team.o
#23 6.870     CC       iplink_vcan.o
#23 6.895     CC       iplink_vxcan.o
#23 6.926     CC       iplink_vlan.o
#23 7.014     CC       link_veth.o
#23 7.042     CC       link_gre.o
#23 7.054 In file included from ../include/uapi/linux/if_tunnel.h:6,
#23 7.054                  from link_gre.c:15:
#23 7.054 ../include/uapi/linux/if.h:134: warning: "IFF_VOLATILE" redefined
#23 7.054   134 | #define IFF_VOLATILE    (IFF_LOOPBACK|IFF_POINTOPOINT|IFF_BROADCAST|IFF_ECHO|\
#23 7.054       | 
#23 7.054 In file included from link_gre.c:9:
#23 7.054 /usr/include/net/if.h:48: note: this is the location of the previous definition
#23 7.054    48 | #define IFF_VOLATILE (IFF_LOOPBACK|IFF_POINTOPOINT|IFF_BROADCAST| \
#23 7.054       | 
#23 7.158     CC       iplink_can.o
#23 7.300     CC       iplink_xdp.o
#23 7.357     CC       iplink_macvlan.o
#23 7.426     CC       ipl2tp.o
#23 7.579     CC       link_vti.o
#23 7.590 In file included from ../include/uapi/linux/if_tunnel.h:6,
#23 7.590                  from link_vti.c:16:
#23 7.590 ../include/uapi/linux/if.h:134: warning: "IFF_VOLATILE" redefined
#23 7.590   134 | #define IFF_VOLATILE    (IFF_LOOPBACK|IFF_POINTOPOINT|IFF_BROADCAST|IFF_ECHO|\
#23 7.590       | 
#23 7.590 In file included from link_vti.c:10:
#23 7.590 /usr/include/net/if.h:48: note: this is the location of the previous definition
#23 7.590    48 | #define IFF_VOLATILE (IFF_LOOPBACK|IFF_POINTOPOINT|IFF_BROADCAST| \
#23 7.590       | 
#23 7.635     CC       link_vti6.o
#23 7.646 In file included from ../include/uapi/linux/if_tunnel.h:6,
#23 7.646                  from link_vti6.c:17:
#23 7.646 ../include/uapi/linux/if.h:134: warning: "IFF_VOLATILE" redefined
#23 7.646   134 | #define IFF_VOLATILE    (IFF_LOOPBACK|IFF_POINTOPOINT|IFF_BROADCAST|IFF_ECHO|\
#23 7.646       | 
#23 7.646 In file included from link_vti6.c:11:
#23 7.646 /usr/include/net/if.h:48: note: this is the location of the previous definition
#23 7.646    48 | #define IFF_VOLATILE (IFF_LOOPBACK|IFF_POINTOPOINT|IFF_BROADCAST| \
#23 7.646       | 
#23 7.698     CC       link_xfrm.o
#23 7.736     CC       iplink_vxlan.o
#23 7.919     CC       tcp_metrics.o
#23 8.020     CC       iplink_ipoib.o
#23 8.067     CC       ipnetconf.o
#23 8.119     CC       link_ip6tnl.o
#23 8.131 In file included from ../include/uapi/linux/if_tunnel.h:6,
#23 8.131                  from link_ip6tnl.c:15:
#23 8.131 ../include/uapi/linux/if.h:134: warning: "IFF_VOLATILE" redefined
#23 8.131   134 | #define IFF_VOLATILE    (IFF_LOOPBACK|IFF_POINTOPOINT|IFF_BROADCAST|IFF_ECHO|\
#23 8.131       | 
#23 8.131 In file included from link_ip6tnl.c:9:
#23 8.131 /usr/include/net/if.h:48: note: this is the location of the previous definition
#23 8.131    48 | #define IFF_VOLATILE (IFF_LOOPBACK|IFF_POINTOPOINT|IFF_BROADCAST| \
#23 8.131       | 
#23 8.216     CC       link_iptnl.o
#23 8.227 In file included from ../include/uapi/linux/if_tunnel.h:6,
#23 8.227                  from link_iptnl.c:16:
#23 8.227 ../include/uapi/linux/if.h:134: warning: "IFF_VOLATILE" redefined
#23 8.227   134 | #define IFF_VOLATILE    (IFF_LOOPBACK|IFF_POINTOPOINT|IFF_BROADCAST|IFF_ECHO|\
#23 8.227       | 
#23 8.227 In file included from link_iptnl.c:9:
#23 8.227 /usr/include/net/if.h:48: note: this is the location of the previous definition
#23 8.227    48 | #define IFF_VOLATILE (IFF_LOOPBACK|IFF_POINTOPOINT|IFF_BROADCAST| \
#23 8.227       | 
#23 8.313     CC       link_gre6.o
#23 8.324 In file included from ../include/uapi/linux/if_tunnel.h:6,
#23 8.324                  from link_gre6.c:15:
#23 8.324 ../include/uapi/linux/if.h:134: warning: "IFF_VOLATILE" redefined
#23 8.324   134 | #define IFF_VOLATILE    (IFF_LOOPBACK|IFF_POINTOPOINT|IFF_BROADCAST|IFF_ECHO|\
#23 8.324       | 
#23 8.324 In file included from link_gre6.c:9:
#23 8.324 /usr/include/net/if.h:48: note: this is the location of the previous definition
#23 8.324    48 | #define IFF_VOLATILE (IFF_LOOPBACK|IFF_POINTOPOINT|IFF_BROADCAST| \
#23 8.324       | 
#23 8.440     CC       iplink_bond.o
#23 8.614     CC       iplink_bond_slave.o
#23 8.667     CC       iplink_hsr.o
#23 8.715     CC       iplink_bridge.o
#23 8.879     CC       iplink_bridge_slave.o
#23 8.977     CC       iplink_dsa.o
#23 9.009     CC       ipfou.o
#23 9.108     CC       iplink_ipvlan.o
#23 9.150     CC       iplink_geneve.o
#23 9.242     CC       iplink_vrf.o
#23 9.300     CC       iproute_lwtunnel.o
#23 9.697     CC       ipmacsec.o
#23 9.940     CC       ipila.o
#23 10.02     CC       ipvrf.o
#23 10.13     CC       iplink_xstats.o
#23 10.16     CC       ipseg6.o
#23 10.22     CC       iplink_netdevsim.o
#23 10.24     CC       iplink_rmnet.o
#23 10.28     CC       ipnexthop.o
#23 10.52     CC       ipmptcp.o
#23 10.64     CC       iplink_bareudp.o
#23 10.69     CC       iplink_wwan.o
#23 10.72     CC       ipioam6.o
#23 10.78     CC       iplink_amt.o
#23 10.84     CC       iplink_batadv.o
#23 10.87     CC       iplink_gtp.o
#23 10.91     CC       iplink_virt_wifi.o
#23 10.93     CC       iplink_netkit.o
#23 10.98     CC       ipstats.o
#23 11.18     LINK     ip
#23 11.22     CC       rtmon.o
#23 11.27     LINK     rtmon
#23 11.28 
#23 11.28 tc
#23 11.28     CC       tc.o
#23 11.37     CC       tc_qdisc.o
#23 11.48     CC       tc_class.o
#23 11.59     CC       tc_filter.o
#23 11.76     CC       tc_util.o
#23 11.95     CC       tc_monitor.o
#23 11.99     CC       tc_exec.o
#23 12.02     CC       m_police.o
#23 12.10     CC       m_estimator.o
#23 12.13     CC       m_action.o
#23 12.29     CC       m_ematch.o
#23 12.40     YACC     emp_ematch.tab.c
#23 12.46     CC       emp_ematch.tab.o
#23 12.57     LEX      emp_ematch.lex.c
#23 12.58     CC       emp_ematch.lex.o
#23 12.75     CC       q_fifo.o
#23 12.78     CC       q_sfq.o
#23 12.85     CC       q_red.o
#23 12.92     CC       q_prio.o
#23 12.97     CC       q_skbprio.o
#23 13.00     CC       q_tbf.o
#23 13.09     CC       q_multiq.o
#23 13.12     CC       q_netem.o
#23 13.34     CC       q_choke.o
#23 13.40     CC       q_sfb.o
#23 13.46     CC       f_u32.o
#23 13.71     CC       f_route.o
#23 13.77     CC       f_fw.o
#23 13.81     CC       f_basic.o
#23 13.86     CC       f_bpf.o
#23 13.93     CC       f_flow.o
#23 14.01     CC       f_cgroup.o
#23 14.05     CC       f_flower.o
#23 14.06 In file included from ../include/uapi/linux/netdevice.h:29,
#23 14.06                  from ../include/uapi/linux/if_arp.h:27,
#23 14.06                  from f_flower.c:14:
#23 14.06 ../include/uapi/linux/if.h:134: warning: "IFF_VOLATILE" redefined
#23 14.06   134 | #define IFF_VOLATILE    (IFF_LOOPBACK|IFF_POINTOPOINT|IFF_BROADCAST|IFF_ECHO|\
#23 14.06       | 
#23 14.06 In file included from f_flower.c:12:
#23 14.06 /usr/include/net/if.h:48: note: this is the location of the previous definition
#23 14.06    48 | #define IFF_VOLATILE (IFF_LOOPBACK|IFF_POINTOPOINT|IFF_BROADCAST| \
#23 14.06       | 
#23 14.55     CC       q_gred.o
#23 14.65     CC       q_ingress.o
#23 14.68     CC       q_hfsc.o
#23 14.77     CC       q_htb.o
#23 14.86     CC       q_drr.o
#23 14.90     CC       q_qfq.o
#23 14.94     CC       m_gact.o
#23 14.99     CC       m_mirred.o
#23 15.05     CC       m_mpls.o
#23 15.12     CC       m_nat.o
#23 15.17     CC       m_pedit.o
#23 15.31     CC       m_ife.o
#23 15.38     CC       m_skbedit.o
#23 15.44     CC       m_skbmod.o
#23 15.50     CC       m_csum.o
#23 15.57     CC       m_simple.o
#23 15.61     CC       m_vlan.o
#23 15.68     CC       m_connmark.o
#23 15.71     CC       m_ctinfo.o
#23 15.77     CC       m_bpf.o
#23 15.83     CC       m_tunnel_key.o
#23 15.95     CC       m_sample.o
#23 16.01     CC       m_ct.o
#23 16.11     CC       m_gate.o
#23 16.21     CC       p_ip.o
#23 16.25     CC       p_ip6.o
#23 16.28     CC       p_icmp.o
#23 16.31     CC       p_eth.o
#23 16.34     CC       p_tcp.o
#23 16.37     CC       p_udp.o
#23 16.40     CC       em_nbyte.o
#23 16.44     CC       em_cmp.o
#23 16.49     CC       em_u32.o
#23 16.55     CC       em_canid.o
#23 16.59     CC       em_meta.o
#23 16.71     CC       q_mqprio.o
#23 16.81     CC       q_codel.o
#23 16.88     CC       q_fq_codel.o
#23 16.95     CC       q_fq.o
#23 17.06     CC       q_pie.o
#23 17.13     CC       q_fq_pie.o
#23 17.19     CC       q_cake.o
#23 17.38     CC       q_hhf.o
#23 17.43     CC       q_clsact.o
#23 17.45     CC       e_bpf.o
#23 17.51     CC       f_matchall.o
#23 17.55     CC       q_cbs.o
#23 17.60     CC       q_etf.o
#23 17.64     CC       q_taprio.o
#23 17.76     CC       q_plug.o
#23 17.79     CC       q_ets.o
#23 17.89     CC       em_ipt.o
#23 17.91 In file included from tc_util.h:7,
#23 17.91                  from m_ematch.h:11,
#23 17.91                  from em_ipt.c:13:
#23 17.91 ../include/uapi/linux/if.h:134: warning: "IFF_VOLATILE" redefined
#23 17.91   134 | #define IFF_VOLATILE    (IFF_LOOPBACK|IFF_POINTOPOINT|IFF_BROADCAST|IFF_ECHO|\
#23 17.91       | 
#23 17.91 In file included from ../include/xtables.h:17,
#23 17.91                  from em_ipt.c:12:
#23 17.91 /usr/include/net/if.h:48: note: this is the location of the previous definition
#23 17.91    48 | #define IFF_VOLATILE (IFF_LOOPBACK|IFF_POINTOPOINT|IFF_BROADCAST| \
#23 17.91       | 
#23 17.95     CC       em_ipset.o
#23 17.97 In file included from tc_util.h:7,
#23 17.97                  from m_ematch.h:11,
#23 17.97                  from em_ipset.c:39:
#23 17.97 ../include/uapi/linux/if.h:134: warning: "IFF_VOLATILE" redefined
#23 17.97   134 | #define IFF_VOLATILE    (IFF_LOOPBACK|IFF_POINTOPOINT|IFF_BROADCAST|IFF_ECHO|\
#23 17.97       | 
#23 17.97 In file included from ../include/xtables.h:17,
#23 17.97                  from em_ipset.c:23:
#23 17.97 /usr/include/net/if.h:48: note: this is the location of the previous definition
#23 17.97    48 | #define IFF_VOLATILE (IFF_LOOPBACK|IFF_POINTOPOINT|IFF_BROADCAST| \
#23 17.97       | 
#23 18.01     CC       tc_core.o
#23 18.08     CC       tc_red.o
#23 18.13     CC       tc_estimator.o
#23 18.16     CC       tc_stab.o
#23 18.21     CC       tc_qevent.o
#23 18.27     AR       libtc.a
#23 18.27     LINK     tc
#23 18.30 rm emp_ematch.lex.c
#23 18.30 
#23 18.30 bridge
#23 18.30     CC       bridge.o
#23 18.35     CC       fdb.o
#23 18.54     CC       monitor.o
#23 18.58     CC       link.o
#23 18.73     CC       mdb.o
#23 18.92     CC       vlan.o
#23 18.93 In file included from vlan.c:14:
#23 18.93 ../include/json_print.h:80:30: warning: 'struct timeval' declared inside parameter list will not be visible outside of this definition or declaration
#23 18.93    80 | _PRINT_FUNC(tv, const struct timeval *)
#23 18.93       |                              ^~~~~~~
#23 18.93 ../include/json_print.h:50:37: note: in definition of macro '_PRINT_FUNC'
#23 18.93    50 |                                     type value);                        \
#23 18.93       |                                     ^~~~
#23 18.93 ../include/json_print.h:80:30: warning: 'struct timeval' declared inside parameter list will not be visible outside of this definition or declaration
#23 18.93    80 | _PRINT_FUNC(tv, const struct timeval *)
#23 18.93       |                              ^~~~~~~
#23 18.93 ../include/json_print.h:55:45: note: in definition of macro '_PRINT_FUNC'
#23 18.93    55 |                                             type value)                 \
#23 18.93       |                                             ^~~~
#23 18.93 ../include/json_print.h: In function 'print_tv':
#23 18.93 ../include/json_print.h:58:48: warning: passing argument 5 of 'print_color_tv' from incompatible pointer type [-Wincompatible-pointer-types]
#23 18.93    58 |                                                value);                  \
#23 18.93       |                                                ^~~~~
#23 18.93       |                                                |
#23 18.93       |                                                const struct timeval *
#23 18.93 ../include/json_print.h:80:1: note: in expansion of macro '_PRINT_FUNC'
#23 18.93    80 | _PRINT_FUNC(tv, const struct timeval *)
#23 18.93       | ^~~~~~~~~~~
#23 18.93 ../include/json_print.h:50:42: note: expected 'const struct timeval *' but argument is of type 'const struct timeval *'
#23 18.93    50 |                                     type value);                        \
#23 18.93       |                                          ^
#23 18.93 ../include/json_print.h:80:1: note: in expansion of macro '_PRINT_FUNC'
#23 18.93    80 | _PRINT_FUNC(tv, const struct timeval *)
#23 18.93       | ^~~~~~~~~~~
#23 19.16     CC       vni.o
#23 19.17 In file included from vni.c:19:
#23 19.17 ../include/json_print.h:80:30: warning: 'struct timeval' declared inside parameter list will not be visible outside of this definition or declaration
#23 19.17    80 | _PRINT_FUNC(tv, const struct timeval *)
#23 19.17       |                              ^~~~~~~
#23 19.17 ../include/json_print.h:50:37: note: in definition of macro '_PRINT_FUNC'
#23 19.17    50 |                                     type value);                        \
#23 19.17       |                                     ^~~~
#23 19.17 ../include/json_print.h:80:30: warning: 'struct timeval' declared inside parameter list will not be visible outside of this definition or declaration
#23 19.17    80 | _PRINT_FUNC(tv, const struct timeval *)
#23 19.17       |                              ^~~~~~~
#23 19.17 ../include/json_print.h:55:45: note: in definition of macro '_PRINT_FUNC'
#23 19.17    55 |                                             type value)                 \
#23 19.17       |                                             ^~~~
#23 19.17 ../include/json_print.h: In function 'print_tv':
#23 19.17 ../include/json_print.h:58:48: warning: passing argument 5 of 'print_color_tv' from incompatible pointer type [-Wincompatible-pointer-types]
#23 19.17    58 |                                                value);                  \
#23 19.17       |                                                ^~~~~
#23 19.17       |                                                |
#23 19.17       |                                                const struct timeval *
#23 19.17 ../include/json_print.h:80:1: note: in expansion of macro '_PRINT_FUNC'
#23 19.17    80 | _PRINT_FUNC(tv, const struct timeval *)
#23 19.17       | ^~~~~~~~~~~
#23 19.17 ../include/json_print.h:50:42: note: expected 'const struct timeval *' but argument is of type 'const struct timeval *'
#23 19.17    50 |                                     type value);                        \
#23 19.17       |                                          ^
#23 19.17 ../include/json_print.h:80:1: note: in expansion of macro '_PRINT_FUNC'
#23 19.17    80 | _PRINT_FUNC(tv, const struct timeval *)
#23 19.17       | ^~~~~~~~~~~
#23 19.24     LINK     bridge
#23 19.25 
#23 19.25 misc
#23 19.26     CC       ss.o
#23 19.28 In file included from ../include/uapi/linux/tipc.h:42,
#23 19.28                  from ss.c:48:
#23 19.28 ../include/uapi/linux/sockios.h:42: warning: "SIOCGSTAMP" redefined
#23 19.28    42 | #define SIOCGSTAMP      SIOCGSTAMP_OLD
#23 19.28       | 
#23 19.28 In file included from /usr/include/sys/ioctl.h:10,
#23 19.28                  from ss.c:12:
#23 19.28 /usr/include/bits/ioctl.h:111: note: this is the location of the previous definition
#23 19.28   111 | #define SIOCGSTAMP      0x8906
#23 19.28       | 
#23 19.28 ../include/uapi/linux/sockios.h:43: warning: "SIOCGSTAMPNS" redefined
#23 19.28    43 | #define SIOCGSTAMPNS    SIOCGSTAMPNS_OLD
#23 19.28       | 
#23 19.28 /usr/include/bits/ioctl.h:112: note: this is the location of the previous definition
#23 19.28   112 | #define SIOCGSTAMPNS    0x8907
#23 19.28       | 
#23 20.20     CC       ssfilter_check.o
#23 20.22     YACC     ssfilter.tab.c
#23 20.28     CC       ssfilter.tab.o
#23 20.39     LINK     ss
#23 20.41     CC       nstat
#23 20.42 In file included from nstat.c:20:
#23 20.42 /usr/include/sys/poll.h:1:2: warning: #warning redirecting incorrect #include <sys/poll.h> to <poll.h> [-Wcpp]
#23 20.42     1 | #warning redirecting incorrect #include <sys/poll.h> to <poll.h>
#23 20.42       |  ^~~~~~~
#23 20.55     CC       ifstat
#23 20.56 In file included from ifstat.c:20:
#23 20.56 /usr/include/sys/poll.h:1:2: warning: #warning redirecting incorrect #include <sys/poll.h> to <poll.h> [-Wcpp]
#23 20.56     1 | #warning redirecting incorrect #include <sys/poll.h> to <poll.h>
#23 20.56       |  ^~~~~~~
#23 20.74     CC       rtacct
#23 20.75 In file included from rtacct.c:19:
#23 20.75 /usr/include/sys/poll.h:1:2: warning: #warning redirecting incorrect #include <sys/poll.h> to <poll.h> [-Wcpp]
#23 20.75     1 | #warning redirecting incorrect #include <sys/poll.h> to <poll.h>
#23 20.75       |  ^~~~~~~
#23 20.87     CC       lnstat.o
#23 20.93     CC       lnstat_util.o
#23 20.99     LINK     lnstat
#23 21.00 
#23 21.00 netem
#23 21.00 gcc  -I../include -o maketable maketable.c -lm
#23 21.04 gcc  -I../include -o normal normal.c -lm
#23 21.06 gcc  -I../include -o pareto pareto.c -lm
#23 21.09 gcc  -I../include -o paretonormal paretonormal.c -lm
#23 21.11 ./normal > normal.dist
#23 21.12 ./pareto > pareto.dist
#23 21.12 ./paretonormal > paretonormal.dist
#23 21.13 ./maketable experimental.dat > experimental.dist
#23 21.14 
#23 21.14 genl
#23 21.14     CC       genl.o
#23 21.18     CC       ctrl.o
#23 21.25     LINK     genl
#23 21.26 
#23 21.26 man
#23 21.26 make[2]: Nothing to be done for 'all'.
#23 21.26 make[2]: Nothing to be done for 'all'.
#23 21.26 sed \
#23 21.26 	-e "s|@NETNS_ETC_DIR@|/etc/netns|g" \
#23 21.26 	-e "s|@NETNS_RUN_DIR@|/var/run/netns|g" \
#23 21.26 	-e "s|@SYSCONF_ETC_DIR@|/etc/iproute2|g" \
#23 21.26 	-e "s|@SYSCONF_USR_DIR@|/usr/share/iproute2|g" \
#23 21.26 	ip-address.8.in > ip-address.8
#23 21.27 sed \
#23 21.27 	-e "s|@NETNS_ETC_DIR@|/etc/netns|g" \
#23 21.27 	-e "s|@NETNS_RUN_DIR@|/var/run/netns|g" \
#23 21.27 	-e "s|@SYSCONF_ETC_DIR@|/etc/iproute2|g" \
#23 21.27 	-e "s|@SYSCONF_USR_DIR@|/usr/share/iproute2|g" \
#23 21.27 	ip-link.8.in > ip-link.8
#23 21.27 sed \
#23 21.27 	-e "s|@NETNS_ETC_DIR@|/etc/netns|g" \
#23 21.27 	-e "s|@NETNS_RUN_DIR@|/var/run/netns|g" \
#23 21.27 	-e "s|@SYSCONF_ETC_DIR@|/etc/iproute2|g" \
#23 21.27 	-e "s|@SYSCONF_USR_DIR@|/usr/share/iproute2|g" \
#23 21.27 	ip-netns.8.in > ip-netns.8
#23 21.27 sed \
#23 21.27 	-e "s|@NETNS_ETC_DIR@|/etc/netns|g" \
#23 21.27 	-e "s|@NETNS_RUN_DIR@|/var/run/netns|g" \
#23 21.27 	-e "s|@SYSCONF_ETC_DIR@|/etc/iproute2|g" \
#23 21.27 	-e "s|@SYSCONF_USR_DIR@|/usr/share/iproute2|g" \
#23 21.27 	ip-route.8.in > ip-route.8
#23 21.27 
#23 21.27 tipc
#23 21.27     CC       bearer.o
#23 21.45     CC       cmdl.o
#23 21.49     CC       link.o
#23 21.68     CC       media.o
#23 21.73     CC       misc.o
#23 21.79     CC       msg.o
#23 21.81     CC       nametable.o
#23 21.85     CC       node.o
#23 21.95     CC       socket.o
#23 21.98     CC       peer.o
#23 22.02     CC       tipc.o
#23 22.05     LINK     tipc
#23 22.06 
#23 22.06 devlink
#23 22.07     CC       devlink.o
#23 23.82     CC       mnlg.o
#23 23.87     LINK     devlink
#23 23.88 
#23 23.88 rdma
#23 23.88     CC       rdma.o
#23 23.90 rdma.c: In function 'main':
#23 23.90 rdma.c:110:20: warning: implicit declaration of function 'basename'; did you mean 'rename'? [-Wimplicit-function-declaration]
#23 23.90   110 |         filename = basename(argv[0]);
#23 23.90       |                    ^~~~~~~~
#23 23.90       |                    rename
#23 23.90 rdma.c:110:18: warning: assignment to 'char *' from 'int' makes pointer from integer without a cast [-Wint-conversion]
#23 23.90   110 |         filename = basename(argv[0]);
#23 23.90       |                  ^
#23 23.93     CC       utils.o
#23 24.10     CC       dev.o
#23 24.18     CC       link.o
#23 24.25     CC       res.o
#23 24.38     CC       res-pd.o
#23 24.42     CC       res-mr.o
#23 24.48     CC       res-cq.o
#23 24.53     CC       res-cmid.o
#23 24.59     CC       res-qp.o
#23 24.64     CC       sys.o
#23 24.69     CC       stat.o
#23 24.91     CC       stat-mr.o
#23 24.95     CC       res-ctx.o
#23 24.99     CC       res-srq.o
#23 25.06     LINK     rdma
#23 25.08 
#23 25.08 dcb
#23 25.08     CC       dcb.o
#23 25.21     CC       dcb_app.o
#23 25.40     CC       dcb_buffer.o
#23 25.46     CC       dcb_dcbx.o
#23 25.51     CC       dcb_ets.o
#23 25.60     CC       dcb_maxrate.o
#23 25.65     CC       dcb_pfc.o
#23 25.72     CC       dcb_apptrust.o
#23 25.78     CC       dcb_rewr.o
#23 25.85     LINK     dcb
#23 25.87 
#23 25.87 vdpa
#23 25.87     CC       vdpa.o
#23 25.88 In file included from vdpa.c:19:
#23 25.88 ../include/json_print.h:80:30: warning: 'struct timeval' declared inside parameter list will not be visible outside of this definition or declaration
#23 25.88    80 | _PRINT_FUNC(tv, const struct timeval *)
#23 25.88       |                              ^~~~~~~
#23 25.88 ../include/json_print.h:50:37: note: in definition of macro '_PRINT_FUNC'
#23 25.88    50 |                                     type value);                        \
#23 25.88       |                                     ^~~~
#23 25.88 ../include/json_print.h:80:30: warning: 'struct timeval' declared inside parameter list will not be visible outside of this definition or declaration
#23 25.88    80 | _PRINT_FUNC(tv, const struct timeval *)
#23 25.88       |                              ^~~~~~~
#23 25.88 ../include/json_print.h:55:45: note: in definition of macro '_PRINT_FUNC'
#23 25.88    55 |                                             type value)                 \
#23 25.88       |                                             ^~~~
#23 25.88 ../include/json_print.h: In function 'print_tv':
#23 25.88 ../include/json_print.h:58:48: warning: passing argument 5 of 'print_color_tv' from incompatible pointer type [-Wincompatible-pointer-types]
#23 25.88    58 |                                                value);                  \
#23 25.88       |                                                ^~~~~
#23 25.88       |                                                |
#23 25.88       |                                                const struct timeval *
#23 25.88 ../include/json_print.h:80:1: note: in expansion of macro '_PRINT_FUNC'
#23 25.88    80 | _PRINT_FUNC(tv, const struct timeval *)
#23 25.88       | ^~~~~~~~~~~
#23 25.88 ../include/json_print.h:50:42: note: expected 'const struct timeval *' but argument is of type 'const struct timeval *'
#23 25.88    50 |                                     type value);                        \
#23 25.88       |                                          ^
#23 25.88 ../include/json_print.h:80:1: note: in expansion of macro '_PRINT_FUNC'
#23 25.88    80 | _PRINT_FUNC(tv, const struct timeval *)
#23 25.88       | ^~~~~~~~~~~
#23 26.03     LINK     vdpa
#23 DONE 26.1s

#24 [20/22] RUN git clone --no-single-branch --depth=1 https://github.com/linux-netdev/testing.git /nipa-data/kernel
#24 0.401 Cloning into '/nipa-data/kernel'...
#24 75.24 Updating files:  16% (14063/83283)Updating files:  17% (14159/83283)Updating files:  18% (14991/83283)Updating files:  19% (15824/83283)Updating files:  20% (16657/83283)Updating files:  21% (17490/83283)Updating files:  22% (18323/83283)Updating files:  23% (19156/83283)Updating files:  24% (19988/83283)Updating files:  25% (20821/83283)Updating files:  26% (21654/83283)Updating files:  27% (22487/83283)Updating files:  28% (23320/83283)Updating files:  29% (24153/83283)Updating files:  30% (24985/83283)Updating files:  31% (25818/83283)Updating files:  32% (26651/83283)Updating files:  33% (27484/83283)Updating files:  34% (28317/83283)Updating files:  34% (28503/83283)Updating files:  35% (29150/83283)Updating files:  36% (29982/83283)Updating files:  37% (30815/83283)Updating files:  38% (31648/83283)Updating files:  39% (32481/83283)Updating files:  40% (33314/83283)Updating files:  40% (33600/83283)Updating files:  41% (34147/83283)Updating files:  42% (34979/83283)Updating files:  43% (35812/83283)Updating files:  44% (36645/83283)Updating files:  45% (37478/83283)Updating files:  46% (38311/83283)Updating files:  47% (39144/83283)Updating files:  48% (39976/83283)Updating files:  49% (40809/83283)Updating files:  50% (41642/83283)Updating files:  50% (41928/83283)Updating files:  51% (42475/83283)Updating files:  52% (43308/83283)Updating files:  53% (44140/83283)Updating files:  54% (44973/83283)Updating files:  55% (45806/83283)Updating files:  56% (46639/83283)Updating files:  57% (47472/83283)Updating files:  58% (48305/83283)Updating files:  59% (49137/83283)Updating files:  60% (49970/83283)Updating files:  61% (50803/83283)Updating files:  62% (51636/83283)Updating files:  63% (52469/83283)Updating files:  63% (52690/83283)Updating files:  64% (53302/83283)Updating files:  65% (54134/83283)Updating files:  66% (54967/83283)Updating files:  67% (55800/83283)Updating files:  68% (56633/83283)Updating files:  69% (57466/83283)Updating files:  70% (58299/83283)Updating files:  71% (59131/83283)Updating files:  72% (59964/83283)Updating files:  73% (60797/83283)Updating files:  74% (61630/83283)Updating files:  75% (62463/83283)Updating files:  76% (63296/83283)Updating files:  77% (64128/83283)Updating files:  78% (64961/83283)Updating files:  79% (65794/83283)Updating files:  79% (66499/83283)Updating files:  80% (66627/83283)Updating files:  81% (67460/83283)Updating files:  82% (68293/83283)Updating files:  83% (69125/83283)Updating files:  84% (69958/83283)Updating files:  85% (70791/83283)Updating files:  86% (71624/83283)Updating files:  87% (72457/83283)Updating files:  88% (73290/83283)Updating files:  89% (74122/83283)Updating files:  90% (74955/83283)Updating files:  91% (75788/83283)Updating files:  92% (76621/83283)Updating files:  93% (77454/83283)Updating files:  94% (78287/83283)Updating files:  95% (79119/83283)Updating files:  96% (79952/83283)Updating files:  97% (80785/83283)Updating files:  98% (81618/83283)Updating files:  98% (82110/83283)Updating files:  99% (82451/83283)Updating files: 100% (83283/83283)Updating files: 100% (83283/83283), done.
#24 DONE 83.1s

#25 [21/22] RUN git clone --depth=1 -b dev https://github.com/p4tc-dev/new-nipa.git nipa
#25 0.375 Cloning into 'nipa'...
#25 DONE 1.1s

#26 [22/22] COPY entrypoint.sh /entrypoint.sh
#26 DONE 0.0s

#27 exporting to image
#27 exporting layers
#27 exporting layers 7.6s done
#27 writing image sha256:60c1376800fefe563eea36e54d4271614b65840cc8992bcb3ef6cb863a2d7827 0.0s done
#27 naming to docker.io/library/nipa-executor 0.0s done
#27 DONE 7.7s
NIPA version: 9d4ceb4 (fetcher: support local kernel patches, 2024-02-05)
INFO: Last run date: 2024-02-28 21:00:03.796932+00:00
Testing  {'branch': 'net-next-2024-02-29--00-00', 'date': '2024-02-29T00:00:05.851572+00:00', 'base': 'a68c0320fdefdab9ef880188bc20ba73a1bc61b7', 'url': 'https://github.com/linux-netdev/testing.git net-next-2024-02-29--00-00'}
branch 'net-next-2024-02-29--00-00' set up to track 'origin/net-next-2024-02-29--00-00'.
Switched to a new branch 'net-next-2024-02-29--00-00'
error: No valid patches in input (allow with "--allow-empty")
Checking patch tools/testing/selftests/tc-testing/tdc_config.py...
Applied patch tools/testing/selftests/tc-testing/tdc_config.py cleanly.
Run at 2024-02-29 00:04:27.663349
INFO: building kernel
INFO: starting VM 0
INFO: thr0-1 VM starting: vng -v -r arch/x86/boot/bzImage --user root --rwdir=/nipa-data/kernel/
INFO: thr0-1 expecting prompt: '/nipa-data/kernel# '
INFO: thr0-1 reached initial prompt
INFO: thr-0 testing == tdc.sh
INFO: thr-0 tdc.sh >> retcode: 0 result: pass found {'fail': False, 'skip': False, 'pass': True}
INFO: thr-0 has no more work, exiting
INFO: thr0-1 VM stopped
Done at 2024-02-29 00:07:46.210689
NIPA quitting!
/
~/nipa/tc-executor/tc-executor-storage /
