~/nipa/tc-executor/tc-executor-storage /
Switched to branch 'storage-dbg'
Your branch is ahead of 'origin/storage-dbg' by 492 commits.
  (use "git push" to publish your local commits)
/
~/nipa/tc-executor /
Error response from daemon: No such image: nipa-executor:latest
#0 building with "default" instance using docker driver

#1 [internal] load .dockerignore
#1 transferring context: 2B done
#1 DONE 0.0s

#2 [internal] load build definition from Dockerfile
#2 transferring dockerfile: 2.05kB done
#2 DONE 0.0s

#3 [internal] load metadata for docker.io/library/alpine:edge
#3 DONE 0.0s

#4 [ 1/22] FROM docker.io/library/alpine:edge
#4 CACHED

#5 [internal] load build context
#5 transferring context: 3.02kB done
#5 DONE 0.0s

#6 [ 2/22] RUN echo true > debug-mode
#6 DONE 0.6s

#7 [ 3/22] RUN addgroup -g 1001 hostuser
#7 DONE 0.4s

#8 [ 4/22] RUN adduser -u 1001 -G hostuser -H -D -s /bin/ash hostuser
#8 DONE 0.4s

#9 [ 5/22] RUN echo '@testing http://dl-cdn.alpinelinux.org/alpine/edge/testing' >> /etc/apk/repositories
#9 DONE 0.4s

#10 [ 6/22] RUN echo '@community http://dl-cdn.alpinelinux.org/alpine/edge/community' >> /etc/apk/repositories
#10 DONE 0.4s

#11 [ 7/22] RUN apk update && apk add --no-cache    virtme-ng@testing    git    py3-requests    py3-psutil    py3-setuptools    py3-pyroute2    py3-argcomplete    qemu-system-x86_64@community    scapy@community    make    gcc    musl-dev    flex    bison    linux-headers    elfutils-dev    util-linux    coreutils    diffutils    findutils    file    bash    kmod    perl    iptables-dev    libcap-dev    libmnl-dev    iproute2     jq    libbpf-dev    rsync    openssl-dev
#11 0.449 fetch https://dl-cdn.alpinelinux.org/alpine/edge/main/x86_64/APKINDEX.tar.gz
#11 0.690 fetch https://dl-cdn.alpinelinux.org/alpine/edge/community/x86_64/APKINDEX.tar.gz
#11 0.886 fetch http://dl-cdn.alpinelinux.org/alpine/edge/testing/x86_64/APKINDEX.tar.gz
#11 1.084 fetch http://dl-cdn.alpinelinux.org/alpine/edge/community/x86_64/APKINDEX.tar.gz
#11 1.302 v20240329-1868-gaa101d1a374 [https://dl-cdn.alpinelinux.org/alpine/edge/main]
#11 1.302 v20240329-1867-g5d312417113 [https://dl-cdn.alpinelinux.org/alpine/edge/community]
#11 1.302 v20240329-1869-g46b9bbc36c2 [http://dl-cdn.alpinelinux.org/alpine/edge/testing]
#11 1.302 v20240329-1867-g5d312417113 [http://dl-cdn.alpinelinux.org/alpine/edge/community]
#11 1.302 OK: 31083 distinct packages available
#11 1.358 fetch https://dl-cdn.alpinelinux.org/alpine/edge/main/x86_64/APKINDEX.tar.gz
#11 1.455 fetch https://dl-cdn.alpinelinux.org/alpine/edge/community/x86_64/APKINDEX.tar.gz
#11 1.538 fetch http://dl-cdn.alpinelinux.org/alpine/edge/testing/x86_64/APKINDEX.tar.gz
#11 1.628 fetch http://dl-cdn.alpinelinux.org/alpine/edge/community/x86_64/APKINDEX.tar.gz
#11 1.840 (1/176) Upgrading musl (1.2.4_git20230717-r5 -> 1.2.5-r0)
#11 1.857 (2/176) Upgrading libcrypto3 (3.1.4-r2 -> 3.3.0-r1)
#11 1.891 (3/176) Upgrading libssl3 (3.1.4-r2 -> 3.3.0-r1)
#11 1.908 (4/176) Upgrading zlib (1.3-r2 -> 1.3.1-r1)
#11 1.920 (5/176) Installing ncurses-terminfo-base (6.4_p20240330-r0)
#11 1.934 (6/176) Installing libncursesw (6.4_p20240330-r0)
#11 1.949 (7/176) Installing readline (8.2.10-r0)
#11 1.964 (8/176) Installing bash (5.2.26-r0)
#11 1.984 Executing bash-5.2.26-r0.post-install
#11 1.986 (9/176) Installing m4 (1.4.19-r3)
#11 2.000 (10/176) Installing bison (3.8.2-r1)
#11 2.021 (11/176) Installing coreutils-env (9.5-r1)
#11 2.033 (12/176) Installing coreutils-fmt (9.5-r1)
#11 2.045 (13/176) Installing coreutils-sha512sum (9.5-r1)
#11 2.057 (14/176) Installing libacl (2.3.2-r0)
#11 2.069 (15/176) Installing libattr (2.5.2-r0)
#11 2.080 (16/176) Installing skalibs (2.14.1.1-r0)
#11 2.097 (17/176) Installing utmps-libs (0.1.2.2-r1)
#11 2.109 (18/176) Installing coreutils (9.5-r1)
#11 2.133 (19/176) Installing diffutils (3.10-r0)
#11 2.148 (20/176) Installing zstd-libs (1.5.6-r0)
#11 2.165 (21/176) Installing libelf (0.191-r0)
#11 2.178 (22/176) Installing libbz2 (1.0.8-r6)
#11 2.191 (23/176) Installing musl-fts (1.2.7-r6)
#11 2.202 (24/176) Installing xz-libs (5.6.1-r3)
#11 2.216 (25/176) Installing libdw (0.191-r0)
#11 2.232 (26/176) Installing libasm (0.191-r0)
#11 2.243 (27/176) Installing xz (5.6.1-r3)
#11 2.257 (28/176) Installing pkgconf (2.2.0-r0)
#11 2.270 (29/176) Installing xz-dev (5.6.1-r3)
#11 2.284 (30/176) Installing libgcc (13.2.1_git20240309-r0)
#11 2.297 (31/176) Installing libstdc++ (13.2.1_git20240309-r0)
#11 2.325 (32/176) Installing zstd (1.5.6-r0)
#11 2.339 (33/176) Installing zstd-dev (1.5.6-r0)
#11 2.352 (34/176) Installing zlib-dev (1.3.1-r1)
#11 2.365 (35/176) Installing elfutils-dev (0.191-r0)
#11 2.387 (36/176) Installing libmagic (5.45-r1)
#11 2.418 (37/176) Installing file (5.45-r1)
#11 2.430 (38/176) Installing findutils (4.9.0-r5)
#11 2.445 (39/176) Installing flex (2.6.4-r6)
#11 2.458 (40/176) Installing jansson (2.14-r4)
#11 2.471 (41/176) Installing binutils (2.42-r0)
#11 2.523 (42/176) Installing libgomp (13.2.1_git20240309-r0)
#11 2.538 (43/176) Installing libatomic (13.2.1_git20240309-r0)
#11 2.550 (44/176) Installing gmp (6.3.0-r0)
#11 2.567 (45/176) Installing isl26 (0.26-r1)
#11 2.594 (46/176) Installing mpfr4 (4.2.1-r0)
#11 2.614 (47/176) Installing mpc1 (1.3.1-r1)
#11 2.626 (48/176) Installing gcc (13.2.1_git20240309-r0)
#11 3.122 (49/176) Installing ca-certificates (20240226-r0)
#11 3.144 (50/176) Installing brotli-libs (1.1.0-r2)
#11 3.165 (51/176) Installing c-ares (1.28.1-r0)
#11 3.177 (52/176) Installing libunistring (1.2-r0)
#11 3.198 (53/176) Installing libidn2 (2.3.7-r0)
#11 3.213 (54/176) Installing nghttp2-libs (1.61.0-r0)
#11 3.226 (55/176) Installing libpsl (0.21.5-r1)
#11 3.238 (56/176) Installing libcurl (8.7.1-r0)
#11 3.255 (57/176) Installing libexpat (2.6.2-r0)
#11 3.269 (58/176) Installing pcre2 (10.43-r0)
#11 3.286 (59/176) Installing git (2.44.0-r2)
#11 3.337 (60/176) Installing git-init-template (2.44.0-r2)
#11 3.350 (61/176) Installing libcap2 (2.69-r1)
#11 3.362 (62/176) Installing libmnl (1.0.5-r2)
#11 3.378 (63/176) Installing iproute2-minimal (6.8.0-r0)
#11 3.394 (64/176) Installing libxtables (1.8.10-r3)
#11 3.406 (65/176) Installing iproute2-tc (6.8.0-r0)
#11 3.425 (66/176) Installing iproute2-ss (6.8.0-r0)
#11 3.438 (67/176) Installing iproute2 (6.8.0-r0)
#11 3.453 Executing iproute2-6.8.0-r0.post-install
#11 3.457 (68/176) Installing linux-headers (6.6-r0)
#11 3.542 (69/176) Installing libip4tc (1.8.10-r3)
#11 3.554 (70/176) Installing libip6tc (1.8.10-r3)
#11 3.566 (71/176) Installing libipq (1.8.10-r3)
#11 3.578 (72/176) Installing iptables-dev (1.8.10-r3)
#11 3.590 (73/176) Installing oniguruma (6.9.9-r0)
#11 3.605 (74/176) Installing jq (1.7.1-r0)
#11 3.623 (75/176) Installing kmod (32-r0)
#11 3.636 (76/176) Installing libbpf (1.4.0-r0)
#11 3.650 (77/176) Installing libbpf-dev (1.4.0-r0)
#11 3.669 (78/176) Installing libcap-dev (2.69-r1)
#11 3.680 (79/176) Installing libmnl-dev (1.0.5-r2)
#11 3.692 (80/176) Installing make (4.4.1-r2)
#11 3.706 (81/176) Installing musl-dev (1.2.5-r0)
#11 3.759 (82/176) Installing openssl-dev (3.3.0-r1)
#11 3.785 (83/176) Installing perl (5.38.2-r0)
#11 3.973 (84/176) Installing perl-error (0.17029-r2)
#11 3.985 (85/176) Installing perl-git (2.44.0-r2)
#11 3.999 (86/176) Installing git-perl (2.44.0-r2)
#11 4.017 (87/176) Installing libffi (3.4.6-r0)
#11 4.029 (88/176) Installing gdbm (1.23-r1)
#11 4.042 (89/176) Installing mpdecimal (4.0.0-r0)
#11 4.055 (90/176) Installing libpanelw (6.4_p20240330-r0)
#11 4.067 (91/176) Installing sqlite-libs (3.45.3-r0)
#11 4.089 (92/176) Installing python3 (3.12.3-r1)
#11 4.210 (93/176) Installing python3-pycache-pyc0 (3.12.3-r1)
#11 4.344 (94/176) Installing pyc (3.12.3-r1)
#11 4.363 (95/176) Installing py3-argcomplete-pyc (3.3.0-r0)
#11 4.378 (96/176) Installing python3-pyc (3.12.3-r1)
#11 4.389 (97/176) Installing py3-argcomplete (3.3.0-r0)
#11 4.403 (98/176) Installing py3-psutil (5.9.8-r1)
#11 4.418 (99/176) Installing py3-psutil-pyc (5.9.8-r1)
#11 4.433 (100/176) Installing py3-pyroute2 (0.7.12-r1)
#11 4.463 (101/176) Installing py3-pyroute2-pyc (0.7.12-r1)
#11 4.495 (102/176) Installing py3-certifi (2024.2.2-r1)
#11 4.507 (103/176) Installing py3-certifi-pyc (2024.2.2-r1)
#11 4.520 (104/176) Installing py3-charset-normalizer (3.3.2-r1)
#11 4.534 (105/176) Installing py3-charset-normalizer-pyc (3.3.2-r1)
#11 4.547 (106/176) Installing py3-idna (3.7-r0)
#11 4.561 (107/176) Installing py3-idna-pyc (3.7-r0)
#11 4.581 (108/176) Installing py3-urllib3 (1.26.18-r1)
#11 4.598 (109/176) Installing py3-urllib3-pyc (1.26.18-r1)
#11 4.614 (110/176) Installing py3-requests (2.31.0-r2)
#11 4.629 (111/176) Installing py3-requests-pyc (2.31.0-r2)
#11 4.643 (112/176) Installing py3-parsing (3.1.2-r1)
#11 4.658 (113/176) Installing py3-parsing-pyc (3.1.2-r1)
#11 4.673 (114/176) Installing py3-packaging (24.0-r1)
#11 4.687 (115/176) Installing py3-packaging-pyc (24.0-r1)
#11 4.702 (116/176) Installing py3-setuptools (69.5.1-r0)
#11 4.738 (117/176) Installing py3-setuptools-pyc (69.5.1-r0)
#11 4.779 (118/176) Installing libcap-ng (0.8.4-r0)
#11 4.792 (119/176) Installing libintl (0.22.5-r0)
#11 4.804 (120/176) Installing libeconf (0.6.2-r0)
#11 4.816 (121/176) Installing libblkid (2.40-r1)
#11 4.829 (122/176) Installing libmount (2.40-r1)
#11 4.843 (123/176) Installing glib (2.80.0-r3)
#11 4.888 (124/176) Installing numactl (2.0.18-r0)
#11 4.900 (125/176) Installing qemu (8.2.2-r0)
#11 4.916 Executing qemu-8.2.2-r0.pre-install
#11 4.989 Executing qemu-8.2.2-r0.post-install
#11 4.992 *
#11 4.992 * If you want to run VM as unprivileged user and let Qemu create tunX devices,
#11 4.992 * then you must add that user to the group "qemu".
#11 4.992 * If you use KVM for hardware-assisted virtualization, then you may also need
#11 4.992 * to add that user to the group "kvm".
#11 4.992 *
#11 4.992 (126/176) Installing qemu-bridge-helper (8.2.2-r0)
#11 5.011 (127/176) Installing libaio (0.3.113-r2)
#11 5.022 (128/176) Installing capstone (5.0.1-r4)
#11 5.056 (129/176) Installing nettle (3.9.1-r0)
#11 5.073 (130/176) Installing libtasn1 (4.19.0-r2)
#11 5.086 (131/176) Installing p11-kit (0.25.3-r0)
#11 5.104 (132/176) Installing gnutls (3.8.3-r0)
#11 5.127 (133/176) Installing libjpeg-turbo (3.0.2-r0)
#11 5.143 (134/176) Installing lzo (2.10-r5)
#11 5.158 (135/176) Installing pixman (0.43.2-r0)
#11 5.173 (136/176) Installing libpng (1.6.43-r0)
#11 5.187 (137/176) Installing libsasl (2.1.28-r6)
#11 5.200 (138/176) Installing libseccomp (2.5.5-r1)
#11 5.213 (139/176) Installing libslirp (4.7.0-r0)
#11 5.226 (140/176) Installing snappy (1.1.10-r2)
#11 5.239 (141/176) Installing liburing (2.5-r1)
#11 5.251 (142/176) Installing vde2-libs (2.3.3-r3)
#11 5.263 (143/176) Installing qemu-system-x86_64 (8.2.2-r0)
#11 5.378 (144/176) Installing lz4-libs (1.9.4-r5)
#11 5.392 (145/176) Installing popt (1.19-r3)
#11 5.404 (146/176) Installing libxxhash (0.8.2-r2)
#11 5.416 (147/176) Installing rsync (3.3.0-r0)
#11 5.434 (148/176) Installing scapy (2.5.0-r3)
#11 5.488 Executing scapy-2.5.0-r3.post-install
#11 5.491 *
#11 5.491 * Certain optional features of scapy also depend on the following packages:
#11 5.491 *     py3-matplotlib graphviz imagemagick py3-cryptography sox
#11 5.491 * And the following unpackaged dependencies:
#11 5.491 *     pyxi vpython-jupyter nmap<v4.23
#11 5.491 * More information can be found at https://scapy.readthedocs.io/en/latest/installation.html#optional-dependencies
#11 5.491 *
#11 5.491 (149/176) Installing scapy-pyc (2.5.0-r3)
#11 5.560 (150/176) Installing util-linux (2.40-r1)
#11 5.572 (151/176) Installing setarch (2.40-r1)
#11 5.583 (152/176) Installing libuuid (2.40-r1)
#11 5.596 (153/176) Installing libfdisk (2.40-r1)
#11 5.610 (154/176) Installing libsmartcols (2.40-r1)
#11 5.623 (155/176) Installing util-linux-misc (2.40-r1)
#11 5.650 (156/176) Installing linux-pam (1.6.0-r0)
#11 5.670 (157/176) Installing runuser (2.40-r1)
#11 5.683 (158/176) Installing mount (2.40-r1)
#11 5.695 (159/176) Installing losetup (2.40-r1)
#11 5.708 (160/176) Installing hexdump (2.40-r1)
#11 5.721 (161/176) Installing uuidgen (2.40-r1)
#11 5.738 (162/176) Installing blkid (2.40-r1)
#11 5.750 (163/176) Installing sfdisk (2.40-r1)
#11 5.765 (164/176) Installing mcookie (2.40-r1)
#11 5.777 (165/176) Installing agetty (2.40-r1)
#11 5.789 (166/176) Installing wipefs (2.40-r1)
#11 5.800 (167/176) Installing cfdisk (2.40-r1)
#11 5.813 (168/176) Installing umount (2.40-r1)
#11 5.825 (169/176) Installing flock (2.40-r1)
#11 5.836 (170/176) Installing lsblk (2.40-r1)
#11 5.849 (171/176) Installing setpriv (2.40-r1)
#11 5.861 (172/176) Installing logger (2.40-r1)
#11 5.873 (173/176) Installing partx (2.40-r1)
#11 5.885 (174/176) Installing fstrim (2.40-r1)
#11 5.897 (175/176) Installing findmnt (2.40-r1)
#11 5.909 (176/176) Installing virtme-ng@testing (1.23-r1)
#11 5.963 Executing busybox-1.36.1-r17.trigger
#11 5.967 Executing ca-certificates-20240226-r0.trigger
#11 5.991 Executing glib-2.80.0-r3.trigger
#11 5.996 OK: 383 MiB in 187 packages
#11 DONE 6.4s

#12 [ 8/22] RUN mkdir -p /tmp/kernel-patches &&     mkdir -p /tmp/iproute2-patches
#12 DONE 0.3s

#13 [ 9/22] COPY tdc.config /tmp
#13 DONE 0.0s

#14 [10/22] COPY tdc-debug.config /tmp
#14 DONE 0.1s

#15 [11/22] COPY kernel-patches /tmp/kernel-patches/
#15 DONE 0.0s

#16 [12/22] COPY iproute2-patches /tmp/iproute2-patches/
#16 DONE 0.0s

#17 [13/22] COPY configs /tmp/configs/
#17 DONE 0.0s

#18 [14/22] RUN git config --global user.email foo@bar.com
#18 DONE 0.3s

#19 [15/22] RUN git config --global user.name foo@bar.com
#19 DONE 0.4s

#20 [16/22] RUN git clone https://git.kernel.org/pub/scm/network/iproute2/iproute2-next.git /nipa-data/iproute2
#20 0.388 Cloning into '/nipa-data/iproute2'...
#20 DONE 1.8s

#21 [17/22] RUN cd /nipa-data/iproute2 && 	git remote add stable https://git.kernel.org/pub/scm/network/iproute2/iproute2.git && 	git fetch --all && 	git merge stable/main
#21 0.350 Fetching origin
#21 0.626 Fetching stable
#21 1.155 From https://git.kernel.org/pub/scm/network/iproute2/iproute2
#21 1.155  * [new branch]        codeql         -> stable/codeql
#21 1.155  * [new branch]        iproute2-4.1.x -> stable/iproute2-4.1.x
#21 1.155  * [new branch]        main           -> stable/main
#21 1.161  * [new tag]           v6.8.0         -> v6.8.0
#21 1.228 Auto-merging include/uapi/linux/bpf.h
#21 1.228 Auto-merging include/uapi/linux/devlink.h
#21 1.228 Auto-merging misc/ss.c
#21 1.232 Merge made by the 'ort' strategy.
#21 1.248  Makefile                       |  2 +-
#21 1.248  README                         | 13 +++++++
#21 1.248  bridge/bridge.c                |  2 +-
#21 1.248  include/version.h              |  2 +-
#21 1.248  ip/ipila.c                     |  4 +-
#21 1.248  ip/iptuntap.c                  |  5 +--
#21 1.248  lib/mnl_utils.c                |  2 +
#21 1.248  lib/rt_names.c                 | 43 ++++++++++-----------
#21 1.248  man/man8/bridge.8              |  6 +++
#21 1.248  man/man8/ip-netns.8.in         |  2 +-
#21 1.248  man/man8/ip.8                  | 33 +++++++++++++++-
#21 1.248  man/man8/tc-matchall.8         | 20 +++++-----
#21 1.248  man/man8/tc-mirred.8           | 14 +++----
#21 1.248  man/man8/tc-simple.8           | 12 +++---
#21 1.248  misc/arpd.c                    | 11 +++++-
#21 1.248  misc/ifstat.c                  | 11 ++++--
#21 1.248  misc/ss.c                      | 17 ++++++++-
#21 1.248  tc/e_bpf.c                     |  2 +-
#21 1.248  tc/f_basic.c                   |  4 +-
#21 1.248  tc/f_bpf.c                     |  4 +-
#21 1.248  tc/f_cgroup.c                  |  4 +-
#21 1.248  tc/f_flow.c                    |  4 +-
#21 1.248  tc/f_flower.c                  |  4 +-
#21 1.248  tc/f_fw.c                      |  4 +-
#21 1.248  tc/f_matchall.c                |  4 +-
#21 1.248  tc/f_route.c                   |  4 +-
#21 1.248  tc/f_u32.c                     |  6 +--
#21 1.248  tc/m_action.c                  |  6 +--
#21 1.248  tc/m_bpf.c                     |  4 +-
#21 1.248  tc/m_connmark.c                |  4 +-
#21 1.248  tc/m_csum.c                    |  4 +-
#21 1.248  tc/m_ct.c                      |  4 +-
#21 1.248  tc/m_ctinfo.c                  |  4 +-
#21 1.248  tc/m_gact.c                    |  4 +-
#21 1.248  tc/m_gate.c                    |  8 ++--
#21 1.248  tc/m_ife.c                     |  4 +-
#21 1.248  tc/m_mirred.c                  |  6 +--
#21 1.248  tc/m_mpls.c                    |  4 +-
#21 1.248  tc/m_nat.c                     |  4 +-
#21 1.248  tc/m_pedit.c                   | 10 ++---
#21 1.248  tc/m_police.c                  |  8 ++--
#21 1.248  tc/m_sample.c                  |  4 +-
#21 1.248  tc/m_simple.c                  | 12 +++---
#21 1.248  tc/m_skbedit.c                 |  4 +-
#21 1.248  tc/m_skbmod.c                  | 41 +++++++++++---------
#21 1.248  tc/m_tunnel_key.c              |  4 +-
#21 1.248  tc/m_vlan.c                    |  4 +-
#21 1.248  tc/q_cake.c                    |  6 +--
#21 1.248  tc/q_cbs.c                     |  4 +-
#21 1.248  tc/q_choke.c                   |  6 +--
#21 1.248  tc/q_clsact.c                  |  4 +-
#21 1.248  tc/q_codel.c                   |  6 +--
#21 1.248  tc/q_drr.c                     |  8 ++--
#21 1.248  tc/q_etf.c                     |  4 +-
#21 1.248  tc/q_ets.c                     |  8 ++--
#21 1.248  tc/q_fifo.c                    |  4 +-
#21 1.248  tc/q_fq.c                      |  6 +--
#21 1.248  tc/q_fq_codel.c                |  6 +--
#21 1.248  tc/q_fq_pie.c                  |  6 +--
#21 1.248  tc/q_gred.c                    |  6 +--
#21 1.248  tc/q_hfsc.c                    | 10 ++---
#21 1.248  tc/q_hhf.c                     |  6 +--
#21 1.248  tc/q_htb.c                     |  8 ++--
#21 1.248  tc/q_ingress.c                 |  4 +-
#21 1.248  tc/q_mqprio.c                  |  4 +-
#21 1.248  tc/q_multiq.c                  |  4 +-
#21 1.248  tc/q_netem.c                   | 86 +++++++++++++++++++++++-------------------
#21 1.248  tc/q_pie.c                     |  6 +--
#21 1.248  tc/q_plug.c                    |  4 +-
#21 1.248  tc/q_prio.c                    |  4 +-
#21 1.248  tc/q_qfq.c                     |  6 +--
#21 1.248  tc/q_red.c                     |  8 ++--
#21 1.248  tc/q_sfb.c                     |  6 +--
#21 1.248  tc/q_sfq.c                     |  6 +--
#21 1.248  tc/q_skbprio.c                 |  4 +-
#21 1.248  tc/q_taprio.c                  |  6 +--
#21 1.248  tc/q_tbf.c                     |  4 +-
#21 1.248  tc/tc.c                        | 12 +++---
#21 1.248  tc/tc_class.c                  |  6 +--
#21 1.248  tc/tc_core.c                   | 15 ++------
#21 1.248  tc/tc_core.h                   |  2 -
#21 1.248  tc/tc_exec.c                   |  2 +-
#21 1.248  tc/tc_filter.c                 |  6 +--
#21 1.248  tc/tc_qdisc.c                  |  6 +--
#21 1.248  tc/tc_util.c                   | 33 ++++++++--------
#21 1.248  tc/tc_util.h                   | 36 +++++++++---------
#21 1.248  vdpa/include/uapi/linux/vdpa.h | 17 +++++++++
#21 1.248  87 files changed, 434 insertions(+), 333 deletions(-)
#21 DONE 1.3s

#22 [18/22] RUN if [ "$(find /tmp/iproute2-patches/ -name *.patch)" ]; then  	cd /nipa-data/iproute2; 	git apply /tmp/iproute2-patches/*.patch;     fi
#22 DONE 0.4s

#23 [19/22] RUN cd /nipa-data/iproute2/ &&     ./configure &&     make
#23 0.393 TC schedulers
#23 0.394  IPT	using xtables
#23 0.427  IPSET  yes
#23 0.447 
#23 0.448 lib directory: /usr/lib
#23 0.448 libc has setns: yes
#23 0.468 libc has name_to_handle_at: yes
#23 0.489 SELinux support: no
#23 0.490 libtirpc support: no
#23 0.491 libbpf support: yes
#23 0.556 	libbpf version 1.4.0
#23 0.556 ELF support: yes
#23 0.558 libmnl support: yes
#23 0.560 Berkeley DB: no
#23 0.569 need for strlcpy: no
#23 0.590 libcap support: yes
#23 0.591 color output: never
#23 0.594 
#23 0.594 lib
#23 0.596     CC       libgenl.o
#23 0.636     CC       libnetlink.o
#23 0.943     CC       mnl_utils.o
#23 1.023     AR       libnetlink.a
#23 1.025     CC       utils.o
#23 1.425     CC       utils_math.o
#23 1.465     CC       rt_names.o
#23 1.640     CC       ll_map.o
#23 1.733     CC       ll_types.o
#23 1.746 In file included from ll_types.c:20:
#23 1.746 ../include/uapi/linux/sockios.h:42: warning: "SIOCGSTAMP" redefined
#23 1.746    42 | #define SIOCGSTAMP      SIOCGSTAMP_OLD
#23 1.746       | 
#23 1.746 In file included from /usr/include/sys/ioctl.h:10,
#23 1.746                  from ll_types.c:12:
#23 1.746 /usr/include/bits/ioctl.h:111: note: this is the location of the previous definition
#23 1.746   111 | #define SIOCGSTAMP      0x8906
#23 1.746       | 
#23 1.746 ../include/uapi/linux/sockios.h:43: warning: "SIOCGSTAMPNS" redefined
#23 1.746    43 | #define SIOCGSTAMPNS    SIOCGSTAMPNS_OLD
#23 1.746       | 
#23 1.746 /usr/include/bits/ioctl.h:112: note: this is the location of the previous definition
#23 1.746   112 | #define SIOCGSTAMPNS    0x8907
#23 1.746       | 
#23 1.763     CC       ll_proto.o
#23 1.776 In file included from ll_proto.c:21:
#23 1.776 ../include/uapi/linux/sockios.h:42: warning: "SIOCGSTAMP" redefined
#23 1.776    42 | #define SIOCGSTAMP      SIOCGSTAMP_OLD
#23 1.776       | 
#23 1.776 In file included from /usr/include/sys/ioctl.h:10,
#23 1.776                  from ll_proto.c:13:
#23 1.776 /usr/include/bits/ioctl.h:111: note: this is the location of the previous definition
#23 1.776   111 | #define SIOCGSTAMP      0x8906
#23 1.776       | 
#23 1.776 ../include/uapi/linux/sockios.h:43: warning: "SIOCGSTAMPNS" redefined
#23 1.776    43 | #define SIOCGSTAMPNS    SIOCGSTAMPNS_OLD
#23 1.776       | 
#23 1.776 /usr/include/bits/ioctl.h:112: note: this is the location of the previous definition
#23 1.776   112 | #define SIOCGSTAMPNS    0x8907
#23 1.776       | 
#23 1.789     CC       ll_addr.o
#23 1.800 In file included from ll_addr.c:20:
#23 1.800 ../include/uapi/linux/sockios.h:42: warning: "SIOCGSTAMP" redefined
#23 1.800    42 | #define SIOCGSTAMP      SIOCGSTAMP_OLD
#23 1.800       | 
#23 1.800 In file included from /usr/include/sys/ioctl.h:10,
#23 1.800                  from ll_addr.c:12:
#23 1.800 /usr/include/bits/ioctl.h:111: note: this is the location of the previous definition
#23 1.800   111 | #define SIOCGSTAMP      0x8906
#23 1.800       | 
#23 1.800 ../include/uapi/linux/sockios.h:43: warning: "SIOCGSTAMPNS" redefined
#23 1.800    43 | #define SIOCGSTAMPNS    SIOCGSTAMPNS_OLD
#23 1.800       | 
#23 1.800 /usr/include/bits/ioctl.h:112: note: this is the location of the previous definition
#23 1.800   112 | #define SIOCGSTAMPNS    0x8907
#23 1.800       | 
#23 1.828     CC       inet_proto.o
#23 1.856     CC       namespace.o
#23 1.907     CC       json_writer.o
#23 1.984     CC       json_print.o
#23 2.103     CC       json_print_math.o
#23 2.141     CC       names.o
#23 2.186     CC       color.o
#23 2.227     CC       bpf_legacy.o
#23 2.582     CC       bpf_glue.o
#23 2.615     CC       exec.o
#23 2.644     CC       fs.o
#23 2.713     CC       cg_map.o
#23 2.750     CC       ppp_proto.o
#23 2.771     CC       bpf_libbpf.o
#23 2.860     CC       selinux.o
#23 2.881     CC       ax25_ntop.o
#23 2.912     CC       rose_ntop.o
#23 2.925 In file included from rose_ntop.c:16:
#23 2.925 ../include/uapi/linux/sockios.h:42: warning: "SIOCGSTAMP" redefined
#23 2.925    42 | #define SIOCGSTAMP      SIOCGSTAMP_OLD
#23 2.925       | 
#23 2.925 In file included from /usr/include/sys/ioctl.h:10,
#23 2.925                  from rose_ntop.c:7:
#23 2.925 /usr/include/bits/ioctl.h:111: note: this is the location of the previous definition
#23 2.925   111 | #define SIOCGSTAMP      0x8906
#23 2.925       | 
#23 2.925 ../include/uapi/linux/sockios.h:43: warning: "SIOCGSTAMPNS" redefined
#23 2.925    43 | #define SIOCGSTAMPNS    SIOCGSTAMPNS_OLD
#23 2.925       | 
#23 2.925 /usr/include/bits/ioctl.h:112: note: this is the location of the previous definition
#23 2.925   112 | #define SIOCGSTAMPNS    0x8907
#23 2.925       | 
#23 2.941     CC       mpls_ntop.o
#23 2.968     CC       mpls_pton.o
#23 2.995     CC       netrom_ntop.o
#23 3.016     AR       libutil.a
#23 3.021 
#23 3.021 ip
#23 3.023     CC       ip.o
#23 3.092     CC       ipaddress.o
#23 3.110 In file included from ipaddress.c:26:
#23 3.110 ../include/uapi/linux/sockios.h:42: warning: "SIOCGSTAMP" redefined
#23 3.110    42 | #define SIOCGSTAMP      SIOCGSTAMP_OLD
#23 3.110       | 
#23 3.110 In file included from /usr/include/sys/ioctl.h:10,
#23 3.110                  from ipaddress.c:14:
#23 3.110 /usr/include/bits/ioctl.h:111: note: this is the location of the previous definition
#23 3.110   111 | #define SIOCGSTAMP      0x8906
#23 3.110       | 
#23 3.110 ../include/uapi/linux/sockios.h:43: warning: "SIOCGSTAMPNS" redefined
#23 3.110    43 | #define SIOCGSTAMPNS    SIOCGSTAMPNS_OLD
#23 3.110       | 
#23 3.110 /usr/include/bits/ioctl.h:112: note: this is the location of the previous definition
#23 3.110   112 | #define SIOCGSTAMPNS    0x8907
#23 3.110       | 
#23 3.564     CC       ipaddrlabel.o
#23 3.620     CC       iproute.o
#23 4.131     CC       iprule.o
#23 4.312     CC       ipnetns.o
#23 4.497     CC       rtm_map.o
#23 4.532     CC       iptunnel.o
#23 4.545 In file included from ../include/uapi/linux/if_tunnel.h:6,
#23 4.545                  from iptunnel.c:19:
#23 4.545 ../include/uapi/linux/if.h:134: warning: "IFF_VOLATILE" redefined
#23 4.545   134 | #define IFF_VOLATILE    (IFF_LOOPBACK|IFF_POINTOPOINT|IFF_BROADCAST|IFF_ECHO|\
#23 4.545       | 
#23 4.545 In file included from iptunnel.c:16:
#23 4.545 /usr/include/net/if.h:48: note: this is the location of the previous definition
#23 4.545    48 | #define IFF_VOLATILE (IFF_LOOPBACK|IFF_POINTOPOINT|IFF_BROADCAST| \
#23 4.545       | 
#23 4.681     CC       ip6tunnel.o
#23 4.787     CC       tunnel.o
#23 4.875     CC       ipneigh.o
#23 5.029     CC       ipntable.o
#23 5.134     CC       iplink.o
#23 5.409     CC       ipmaddr.o
#23 5.421 In file included from ipmaddr.c:21:
#23 5.421 ../include/uapi/linux/sockios.h:42: warning: "SIOCGSTAMP" redefined
#23 5.421    42 | #define SIOCGSTAMP      SIOCGSTAMP_OLD
#23 5.421       | 
#23 5.421 In file included from /usr/include/sys/ioctl.h:10,
#23 5.421                  from ipmaddr.c:12:
#23 5.421 /usr/include/bits/ioctl.h:111: note: this is the location of the previous definition
#23 5.421   111 | #define SIOCGSTAMP      0x8906
#23 5.421       | 
#23 5.421 ../include/uapi/linux/sockios.h:43: warning: "SIOCGSTAMPNS" redefined
#23 5.421    43 | #define SIOCGSTAMPNS    SIOCGSTAMPNS_OLD
#23 5.421       | 
#23 5.421 /usr/include/bits/ioctl.h:112: note: this is the location of the previous definition
#23 5.421   112 | #define SIOCGSTAMPNS    0x8907
#23 5.421       | 
#23 5.496     CC       ipmonitor.o
#23 5.567     CC       ipmroute.o
#23 5.580 In file included from ipmroute.c:22:
#23 5.580 ../include/uapi/linux/sockios.h:42: warning: "SIOCGSTAMP" redefined
#23 5.580    42 | #define SIOCGSTAMP      SIOCGSTAMP_OLD
#23 5.580       | 
#23 5.580 In file included from /usr/include/sys/ioctl.h:10,
#23 5.580                  from ipmroute.c:13:
#23 5.580 /usr/include/bits/ioctl.h:111: note: this is the location of the previous definition
#23 5.580   111 | #define SIOCGSTAMP      0x8906
#23 5.580       | 
#23 5.580 ../include/uapi/linux/sockios.h:43: warning: "SIOCGSTAMPNS" redefined
#23 5.580    43 | #define SIOCGSTAMPNS    SIOCGSTAMPNS_OLD
#23 5.580       | 
#23 5.580 /usr/include/bits/ioctl.h:112: note: this is the location of the previous definition
#23 5.580   112 | #define SIOCGSTAMPNS    0x8907
#23 5.580       | 
#23 5.647     CC       ipprefix.o
#23 5.676     CC       iptuntap.o
#23 5.778     CC       iptoken.o
#23 5.837     CC       ipxfrm.o
#23 6.142     CC       xfrm_state.o
#23 6.403     CC       xfrm_policy.o
#23 6.650     CC       xfrm_monitor.o
#23 6.732     CC       iplink_dummy.o
#23 6.753     CC       iplink_ifb.o
#23 6.775     CC       iplink_nlmon.o
#23 6.796     CC       iplink_team.o
#23 6.819     CC       iplink_vcan.o
#23 6.841     CC       iplink_vxcan.o
#23 6.868     CC       iplink_vlan.o
#23 6.943     CC       link_veth.o
#23 6.970     CC       link_gre.o
#23 6.981 In file included from ../include/uapi/linux/if_tunnel.h:6,
#23 6.981                  from link_gre.c:15:
#23 6.981 ../include/uapi/linux/if.h:134: warning: "IFF_VOLATILE" redefined
#23 6.981   134 | #define IFF_VOLATILE    (IFF_LOOPBACK|IFF_POINTOPOINT|IFF_BROADCAST|IFF_ECHO|\
#23 6.981       | 
#23 6.981 In file included from link_gre.c:9:
#23 6.981 /usr/include/net/if.h:48: note: this is the location of the previous definition
#23 6.981    48 | #define IFF_VOLATILE (IFF_LOOPBACK|IFF_POINTOPOINT|IFF_BROADCAST| \
#23 6.981       | 
#23 7.100     CC       iplink_can.o
#23 7.278     CC       iplink_xdp.o
#23 7.340     CC       iplink_macvlan.o
#23 7.420     CC       ipl2tp.o
#23 7.575     CC       link_vti.o
#23 7.587 In file included from ../include/uapi/linux/if_tunnel.h:6,
#23 7.587                  from link_vti.c:16:
#23 7.587 ../include/uapi/linux/if.h:134: warning: "IFF_VOLATILE" redefined
#23 7.587   134 | #define IFF_VOLATILE    (IFF_LOOPBACK|IFF_POINTOPOINT|IFF_BROADCAST|IFF_ECHO|\
#23 7.587       | 
#23 7.587 In file included from link_vti.c:10:
#23 7.587 /usr/include/net/if.h:48: note: this is the location of the previous definition
#23 7.587    48 | #define IFF_VOLATILE (IFF_LOOPBACK|IFF_POINTOPOINT|IFF_BROADCAST| \
#23 7.587       | 
#23 7.633     CC       link_vti6.o
#23 7.644 In file included from ../include/uapi/linux/if_tunnel.h:6,
#23 7.644                  from link_vti6.c:17:
#23 7.644 ../include/uapi/linux/if.h:134: warning: "IFF_VOLATILE" redefined
#23 7.644   134 | #define IFF_VOLATILE    (IFF_LOOPBACK|IFF_POINTOPOINT|IFF_BROADCAST|IFF_ECHO|\
#23 7.644       | 
#23 7.644 In file included from link_vti6.c:11:
#23 7.644 /usr/include/net/if.h:48: note: this is the location of the previous definition
#23 7.644    48 | #define IFF_VOLATILE (IFF_LOOPBACK|IFF_POINTOPOINT|IFF_BROADCAST| \
#23 7.644       | 
#23 7.697     CC       link_xfrm.o
#23 7.734     CC       iplink_vxlan.o
#23 7.893     CC       tcp_metrics.o
#23 7.999     CC       iplink_ipoib.o
#23 8.041     CC       ipnetconf.o
#23 8.106     CC       link_ip6tnl.o
#23 8.116 In file included from ../include/uapi/linux/if_tunnel.h:6,
#23 8.116                  from link_ip6tnl.c:15:
#23 8.116 ../include/uapi/linux/if.h:134: warning: "IFF_VOLATILE" redefined
#23 8.116   134 | #define IFF_VOLATILE    (IFF_LOOPBACK|IFF_POINTOPOINT|IFF_BROADCAST|IFF_ECHO|\
#23 8.116       | 
#23 8.116 In file included from link_ip6tnl.c:9:
#23 8.116 /usr/include/net/if.h:48: note: this is the location of the previous definition
#23 8.116    48 | #define IFF_VOLATILE (IFF_LOOPBACK|IFF_POINTOPOINT|IFF_BROADCAST| \
#23 8.116       | 
#23 8.203     CC       link_iptnl.o
#23 8.213 In file included from ../include/uapi/linux/if_tunnel.h:6,
#23 8.213                  from link_iptnl.c:16:
#23 8.213 ../include/uapi/linux/if.h:134: warning: "IFF_VOLATILE" redefined
#23 8.213   134 | #define IFF_VOLATILE    (IFF_LOOPBACK|IFF_POINTOPOINT|IFF_BROADCAST|IFF_ECHO|\
#23 8.213       | 
#23 8.213 In file included from link_iptnl.c:9:
#23 8.213 /usr/include/net/if.h:48: note: this is the location of the previous definition
#23 8.213    48 | #define IFF_VOLATILE (IFF_LOOPBACK|IFF_POINTOPOINT|IFF_BROADCAST| \
#23 8.213       | 
#23 8.302     CC       link_gre6.o
#23 8.312 In file included from ../include/uapi/linux/if_tunnel.h:6,
#23 8.312                  from link_gre6.c:15:
#23 8.312 ../include/uapi/linux/if.h:134: warning: "IFF_VOLATILE" redefined
#23 8.312   134 | #define IFF_VOLATILE    (IFF_LOOPBACK|IFF_POINTOPOINT|IFF_BROADCAST|IFF_ECHO|\
#23 8.312       | 
#23 8.312 In file included from link_gre6.c:9:
#23 8.312 /usr/include/net/if.h:48: note: this is the location of the previous definition
#23 8.312    48 | #define IFF_VOLATILE (IFF_LOOPBACK|IFF_POINTOPOINT|IFF_BROADCAST| \
#23 8.312       | 
#23 8.439     CC       iplink_bond.o
#23 8.658     CC       iplink_bond_slave.o
#23 8.716     CC       iplink_hsr.o
#23 8.761     CC       iplink_bridge.o
#23 8.905     CC       iplink_bridge_slave.o
#23 9.000     CC       iplink_dsa.o
#23 9.031     CC       ipfou.o
#23 9.112     CC       iplink_ipvlan.o
#23 9.151     CC       iplink_geneve.o
#23 9.243     CC       iplink_vrf.o
#23 9.294     CC       iproute_lwtunnel.o
#23 9.678     CC       ipmacsec.o
#23 9.938     CC       ipila.o
#23 10.03     CC       ipvrf.o
#23 10.14     CC       iplink_xstats.o
#23 10.17     CC       ipseg6.o
#23 10.22     CC       iplink_netdevsim.o
#23 10.24     CC       iplink_rmnet.o
#23 10.27     CC       ipnexthop.o
#23 10.50     CC       ipmptcp.o
#23 10.63     CC       iplink_bareudp.o
#23 10.68     CC       iplink_wwan.o
#23 10.71     CC       ipioam6.o
#23 10.78     CC       iplink_amt.o
#23 10.83     CC       iplink_batadv.o
#23 10.86     CC       iplink_gtp.o
#23 10.90     CC       iplink_virt_wifi.o
#23 10.92     CC       iplink_netkit.o
#23 10.96     CC       ipstats.o
#23 11.16     LINK     ip
#23 11.19     CC       rtmon.o
#23 11.24     LINK     rtmon
#23 11.26 
#23 11.26 tc
#23 11.26     CC       tc.o
#23 11.35     CC       tc_qdisc.o
#23 11.45     CC       tc_class.o
#23 11.58     CC       tc_filter.o
#23 11.75     CC       tc_util.o
#23 11.94     CC       tc_monitor.o
#23 11.98     CC       tc_exec.o
#23 12.01     CC       m_police.o
#23 12.10     CC       m_estimator.o
#23 12.13     CC       m_action.o
#23 12.28     CC       m_ematch.o
#23 12.40     YACC     emp_ematch.tab.c
#23 12.46     CC       emp_ematch.tab.o
#23 12.57     LEX      emp_ematch.lex.c
#23 12.57     CC       emp_ematch.lex.o
#23 12.75     CC       q_fifo.o
#23 12.79     CC       q_sfq.o
#23 12.86     CC       q_red.o
#23 12.94     CC       q_prio.o
#23 12.99     CC       q_skbprio.o
#23 13.02     CC       q_tbf.o
#23 13.11     CC       q_multiq.o
#23 13.14     CC       q_netem.o
#23 13.36     CC       q_choke.o
#23 13.43     CC       q_sfb.o
#23 13.49     CC       f_u32.o
#23 13.75     CC       f_route.o
#23 13.81     CC       f_fw.o
#23 13.87     CC       f_basic.o
#23 13.92     CC       f_bpf.o
#23 13.99     CC       f_flow.o
#23 14.07     CC       f_cgroup.o
#23 14.11     CC       f_flower.o
#23 14.12 In file included from ../include/uapi/linux/netdevice.h:29,
#23 14.12                  from ../include/uapi/linux/if_arp.h:27,
#23 14.12                  from f_flower.c:14:
#23 14.12 ../include/uapi/linux/if.h:134: warning: "IFF_VOLATILE" redefined
#23 14.12   134 | #define IFF_VOLATILE    (IFF_LOOPBACK|IFF_POINTOPOINT|IFF_BROADCAST|IFF_ECHO|\
#23 14.12       | 
#23 14.12 In file included from f_flower.c:12:
#23 14.12 /usr/include/net/if.h:48: note: this is the location of the previous definition
#23 14.12    48 | #define IFF_VOLATILE (IFF_LOOPBACK|IFF_POINTOPOINT|IFF_BROADCAST| \
#23 14.12       | 
#23 14.62     CC       q_gred.o
#23 14.72     CC       q_ingress.o
#23 14.75     CC       q_hfsc.o
#23 14.83     CC       q_htb.o
#23 14.92     CC       q_drr.o
#23 14.97     CC       q_qfq.o
#23 15.01     CC       m_gact.o
#23 15.07     CC       m_mirred.o
#23 15.15     CC       m_mpls.o
#23 15.22     CC       m_nat.o
#23 15.27     CC       m_pedit.o
#23 15.42     CC       m_ife.o
#23 15.49     CC       m_skbedit.o
#23 15.55     CC       m_skbmod.o
#23 15.61     CC       m_csum.o
#23 15.67     CC       m_simple.o
#23 15.71     CC       m_vlan.o
#23 15.78     CC       m_connmark.o
#23 15.82     CC       m_ctinfo.o
#23 15.87     CC       m_bpf.o
#23 15.92     CC       m_tunnel_key.o
#23 16.05     CC       m_sample.o
#23 16.10     CC       m_ct.o
#23 16.22     CC       m_gate.o
#23 16.31     CC       p_ip.o
#23 16.36     CC       p_ip6.o
#23 16.39     CC       p_icmp.o
#23 16.42     CC       p_eth.o
#23 16.45     CC       p_tcp.o
#23 16.49     CC       p_udp.o
#23 16.52     CC       em_nbyte.o
#23 16.57     CC       em_cmp.o
#23 16.62     CC       em_u32.o
#23 16.67     CC       em_canid.o
#23 16.71     CC       em_meta.o
#23 16.82     CC       q_mqprio.o
#23 16.92     CC       q_codel.o
#23 16.98     CC       q_fq_codel.o
#23 17.06     CC       q_fq.o
#23 17.17     CC       q_pie.o
#23 17.23     CC       q_fq_pie.o
#23 17.30     CC       q_cake.o
#23 17.50     CC       q_hhf.o
#23 17.57     CC       q_clsact.o
#23 17.59     CC       e_bpf.o
#23 17.65     CC       f_matchall.o
#23 17.70     CC       q_cbs.o
#23 17.75     CC       q_etf.o
#23 17.80     CC       q_taprio.o
#23 17.92     CC       q_plug.o
#23 17.96     CC       q_ets.o
#23 18.03     CC       em_ipt.o
#23 18.05 In file included from tc_util.h:7,
#23 18.05                  from m_ematch.h:11,
#23 18.05                  from em_ipt.c:13:
#23 18.05 ../include/uapi/linux/if.h:134: warning: "IFF_VOLATILE" redefined
#23 18.05   134 | #define IFF_VOLATILE    (IFF_LOOPBACK|IFF_POINTOPOINT|IFF_BROADCAST|IFF_ECHO|\
#23 18.05       | 
#23 18.05 In file included from ../include/xtables.h:17,
#23 18.05                  from em_ipt.c:12:
#23 18.05 /usr/include/net/if.h:48: note: this is the location of the previous definition
#23 18.05    48 | #define IFF_VOLATILE (IFF_LOOPBACK|IFF_POINTOPOINT|IFF_BROADCAST| \
#23 18.05       | 
#23 18.08     CC       em_ipset.o
#23 18.10 In file included from tc_util.h:7,
#23 18.10                  from m_ematch.h:11,
#23 18.10                  from em_ipset.c:39:
#23 18.10 ../include/uapi/linux/if.h:134: warning: "IFF_VOLATILE" redefined
#23 18.10   134 | #define IFF_VOLATILE    (IFF_LOOPBACK|IFF_POINTOPOINT|IFF_BROADCAST|IFF_ECHO|\
#23 18.10       | 
#23 18.10 In file included from ../include/xtables.h:17,
#23 18.10                  from em_ipset.c:23:
#23 18.10 /usr/include/net/if.h:48: note: this is the location of the previous definition
#23 18.10    48 | #define IFF_VOLATILE (IFF_LOOPBACK|IFF_POINTOPOINT|IFF_BROADCAST| \
#23 18.10       | 
#23 18.14     CC       tc_core.o
#23 18.21     CC       tc_red.o
#23 18.26     CC       tc_estimator.o
#23 18.29     CC       tc_stab.o
#23 18.35     CC       tc_qevent.o
#23 18.41     AR       libtc.a
#23 18.41     LINK     tc
#23 18.44 rm emp_ematch.lex.c
#23 18.44 
#23 18.44 bridge
#23 18.44     CC       bridge.o
#23 18.49     CC       fdb.o
#23 18.68     CC       monitor.o
#23 18.73     CC       link.o
#23 18.89     CC       mdb.o
#23 19.10     CC       vlan.o
#23 19.12 In file included from vlan.c:14:
#23 19.12 ../include/json_print.h:80:30: warning: 'struct timeval' declared inside parameter list will not be visible outside of this definition or declaration
#23 19.12    80 | _PRINT_FUNC(tv, const struct timeval *)
#23 19.12       |                              ^~~~~~~
#23 19.12 ../include/json_print.h:50:37: note: in definition of macro '_PRINT_FUNC'
#23 19.12    50 |                                     type value);                        \
#23 19.12       |                                     ^~~~
#23 19.12 ../include/json_print.h:80:30: warning: 'struct timeval' declared inside parameter list will not be visible outside of this definition or declaration
#23 19.12    80 | _PRINT_FUNC(tv, const struct timeval *)
#23 19.12       |                              ^~~~~~~
#23 19.12 ../include/json_print.h:55:45: note: in definition of macro '_PRINT_FUNC'
#23 19.12    55 |                                             type value)                 \
#23 19.12       |                                             ^~~~
#23 19.12 ../include/json_print.h: In function 'print_tv':
#23 19.12 ../include/json_print.h:58:48: warning: passing argument 5 of 'print_color_tv' from incompatible pointer type [-Wincompatible-pointer-types]
#23 19.12    58 |                                                value);                  \
#23 19.12       |                                                ^~~~~
#23 19.12       |                                                |
#23 19.12       |                                                const struct timeval *
#23 19.12 ../include/json_print.h:80:1: note: in expansion of macro '_PRINT_FUNC'
#23 19.12    80 | _PRINT_FUNC(tv, const struct timeval *)
#23 19.12       | ^~~~~~~~~~~
#23 19.12 ../include/json_print.h:50:42: note: expected 'const struct timeval *' but argument is of type 'const struct timeval *'
#23 19.12    50 |                                     type value);                        \
#23 19.12       |                                          ^
#23 19.12 ../include/json_print.h:80:1: note: in expansion of macro '_PRINT_FUNC'
#23 19.12    80 | _PRINT_FUNC(tv, const struct timeval *)
#23 19.12       | ^~~~~~~~~~~
#23 19.35     CC       vni.o
#23 19.36 In file included from vni.c:19:
#23 19.36 ../include/json_print.h:80:30: warning: 'struct timeval' declared inside parameter list will not be visible outside of this definition or declaration
#23 19.36    80 | _PRINT_FUNC(tv, const struct timeval *)
#23 19.36       |                              ^~~~~~~
#23 19.36 ../include/json_print.h:50:37: note: in definition of macro '_PRINT_FUNC'
#23 19.36    50 |                                     type value);                        \
#23 19.36       |                                     ^~~~
#23 19.36 ../include/json_print.h:80:30: warning: 'struct timeval' declared inside parameter list will not be visible outside of this definition or declaration
#23 19.36    80 | _PRINT_FUNC(tv, const struct timeval *)
#23 19.36       |                              ^~~~~~~
#23 19.36 ../include/json_print.h:55:45: note: in definition of macro '_PRINT_FUNC'
#23 19.36    55 |                                             type value)                 \
#23 19.36       |                                             ^~~~
#23 19.36 ../include/json_print.h: In function 'print_tv':
#23 19.36 ../include/json_print.h:58:48: warning: passing argument 5 of 'print_color_tv' from incompatible pointer type [-Wincompatible-pointer-types]
#23 19.36    58 |                                                value);                  \
#23 19.36       |                                                ^~~~~
#23 19.36       |                                                |
#23 19.36       |                                                const struct timeval *
#23 19.36 ../include/json_print.h:80:1: note: in expansion of macro '_PRINT_FUNC'
#23 19.36    80 | _PRINT_FUNC(tv, const struct timeval *)
#23 19.36       | ^~~~~~~~~~~
#23 19.36 ../include/json_print.h:50:42: note: expected 'const struct timeval *' but argument is of type 'const struct timeval *'
#23 19.36    50 |                                     type value);                        \
#23 19.36       |                                          ^
#23 19.36 ../include/json_print.h:80:1: note: in expansion of macro '_PRINT_FUNC'
#23 19.36    80 | _PRINT_FUNC(tv, const struct timeval *)
#23 19.36       | ^~~~~~~~~~~
#23 19.44     LINK     bridge
#23 19.45 
#23 19.45 misc
#23 19.46     CC       ss.o
#23 19.48 In file included from ../include/uapi/linux/tipc.h:42,
#23 19.48                  from ss.c:49:
#23 19.48 ../include/uapi/linux/sockios.h:42: warning: "SIOCGSTAMP" redefined
#23 19.48    42 | #define SIOCGSTAMP      SIOCGSTAMP_OLD
#23 19.48       | 
#23 19.48 In file included from /usr/include/sys/ioctl.h:10,
#23 19.48                  from ss.c:12:
#23 19.48 /usr/include/bits/ioctl.h:111: note: this is the location of the previous definition
#23 19.48   111 | #define SIOCGSTAMP      0x8906
#23 19.48       | 
#23 19.48 ../include/uapi/linux/sockios.h:43: warning: "SIOCGSTAMPNS" redefined
#23 19.48    43 | #define SIOCGSTAMPNS    SIOCGSTAMPNS_OLD
#23 19.48       | 
#23 19.48 /usr/include/bits/ioctl.h:112: note: this is the location of the previous definition
#23 19.48   112 | #define SIOCGSTAMPNS    0x8907
#23 19.48       | 
#23 20.32     CC       ssfilter_check.o
#23 20.35     YACC     ssfilter.tab.c
#23 20.42     CC       ssfilter.tab.o
#23 20.53     LINK     ss
#23 20.55     CC       nstat
#23 20.56 In file included from nstat.c:20:
#23 20.56 /usr/include/sys/poll.h:1:2: warning: #warning redirecting incorrect #include <sys/poll.h> to <poll.h> [-Wcpp]
#23 20.56     1 | #warning redirecting incorrect #include <sys/poll.h> to <poll.h>
#23 20.56       |  ^~~~~~~
#23 20.71     CC       ifstat
#23 20.72 In file included from ifstat.c:20:
#23 20.72 /usr/include/sys/poll.h:1:2: warning: #warning redirecting incorrect #include <sys/poll.h> to <poll.h> [-Wcpp]
#23 20.72     1 | #warning redirecting incorrect #include <sys/poll.h> to <poll.h>
#23 20.72       |  ^~~~~~~
#23 20.89     CC       rtacct
#23 20.91 In file included from rtacct.c:19:
#23 20.91 /usr/include/sys/poll.h:1:2: warning: #warning redirecting incorrect #include <sys/poll.h> to <poll.h> [-Wcpp]
#23 20.91     1 | #warning redirecting incorrect #include <sys/poll.h> to <poll.h>
#23 20.91       |  ^~~~~~~
#23 21.03     CC       lnstat.o
#23 21.09     CC       lnstat_util.o
#23 21.16     LINK     lnstat
#23 21.17 
#23 21.17 netem
#23 21.17 gcc  -I../include -o maketable maketable.c -lm
#23 21.21 gcc  -I../include -o normal normal.c -lm
#23 21.24 gcc  -I../include -o pareto pareto.c -lm
#23 21.26 gcc  -I../include -o paretonormal paretonormal.c -lm
#23 21.29 ./normal > normal.dist
#23 21.29 ./pareto > pareto.dist
#23 21.30 ./paretonormal > paretonormal.dist
#23 21.31 ./maketable experimental.dat > experimental.dist
#23 21.31 
#23 21.31 genl
#23 21.31     CC       genl.o
#23 21.35     CC       ctrl.o
#23 21.42     LINK     genl
#23 21.43 
#23 21.43 man
#23 21.43 make[2]: Nothing to be done for 'all'.
#23 21.43 make[2]: Nothing to be done for 'all'.
#23 21.44 sed \
#23 21.44 	-e "s|@NETNS_ETC_DIR@|/etc/netns|g" \
#23 21.44 	-e "s|@NETNS_RUN_DIR@|/var/run/netns|g" \
#23 21.44 	-e "s|@SYSCONF_ETC_DIR@|/etc/iproute2|g" \
#23 21.44 	-e "s|@SYSCONF_USR_DIR@|/usr/share/iproute2|g" \
#23 21.44 	ip-address.8.in > ip-address.8
#23 21.44 sed \
#23 21.44 	-e "s|@NETNS_ETC_DIR@|/etc/netns|g" \
#23 21.44 	-e "s|@NETNS_RUN_DIR@|/var/run/netns|g" \
#23 21.44 	-e "s|@SYSCONF_ETC_DIR@|/etc/iproute2|g" \
#23 21.44 	-e "s|@SYSCONF_USR_DIR@|/usr/share/iproute2|g" \
#23 21.44 	ip-link.8.in > ip-link.8
#23 21.44 sed \
#23 21.44 	-e "s|@NETNS_ETC_DIR@|/etc/netns|g" \
#23 21.44 	-e "s|@NETNS_RUN_DIR@|/var/run/netns|g" \
#23 21.44 	-e "s|@SYSCONF_ETC_DIR@|/etc/iproute2|g" \
#23 21.44 	-e "s|@SYSCONF_USR_DIR@|/usr/share/iproute2|g" \
#23 21.44 	ip-netns.8.in > ip-netns.8
#23 21.45 sed \
#23 21.45 	-e "s|@NETNS_ETC_DIR@|/etc/netns|g" \
#23 21.45 	-e "s|@NETNS_RUN_DIR@|/var/run/netns|g" \
#23 21.45 	-e "s|@SYSCONF_ETC_DIR@|/etc/iproute2|g" \
#23 21.45 	-e "s|@SYSCONF_USR_DIR@|/usr/share/iproute2|g" \
#23 21.45 	ip-route.8.in > ip-route.8
#23 21.45 
#23 21.45 tipc
#23 21.45     CC       bearer.o
#23 21.62     CC       cmdl.o
#23 21.66     CC       link.o
#23 21.85     CC       media.o
#23 21.91     CC       misc.o
#23 21.96     CC       msg.o
#23 21.98     CC       nametable.o
#23 22.02     CC       node.o
#23 22.10     CC       socket.o
#23 22.13     CC       peer.o
#23 22.17     CC       tipc.o
#23 22.20     LINK     tipc
#23 22.22 
#23 22.22 devlink
#23 22.22     CC       devlink.o
#23 23.95     CC       mnlg.o
#23 23.99     LINK     devlink
#23 24.01 
#23 24.01 rdma
#23 24.01     CC       rdma.o
#23 24.03 rdma.c: In function 'main':
#23 24.03 rdma.c:110:20: warning: implicit declaration of function 'basename'; did you mean 'rename'? [-Wimplicit-function-declaration]
#23 24.03   110 |         filename = basename(argv[0]);
#23 24.03       |                    ^~~~~~~~
#23 24.03       |                    rename
#23 24.03 rdma.c:110:18: warning: assignment to 'char *' from 'int' makes pointer from integer without a cast [-Wint-conversion]
#23 24.03   110 |         filename = basename(argv[0]);
#23 24.03       |                  ^
#23 24.06     CC       utils.o
#23 24.25     CC       dev.o
#23 24.32     CC       link.o
#23 24.39     CC       res.o
#23 24.50     CC       res-pd.o
#23 24.55     CC       res-mr.o
#23 24.60     CC       res-cq.o
#23 24.65     CC       res-cmid.o
#23 24.71     CC       res-qp.o
#23 24.76     CC       sys.o
#23 24.81     CC       stat.o
#23 25.03     CC       stat-mr.o
#23 25.07     CC       res-ctx.o
#23 25.11     CC       res-srq.o
#23 25.18     LINK     rdma
#23 25.19 
#23 25.19 dcb
#23 25.20     CC       dcb.o
#23 25.31     CC       dcb_app.o
#23 25.51     CC       dcb_buffer.o
#23 25.57     CC       dcb_dcbx.o
#23 25.62     CC       dcb_ets.o
#23 25.70     CC       dcb_maxrate.o
#23 25.75     CC       dcb_pfc.o
#23 25.81     CC       dcb_apptrust.o
#23 25.88     CC       dcb_rewr.o
#23 25.96     LINK     dcb
#23 25.97 
#23 25.97 vdpa
#23 25.97     CC       vdpa.o
#23 25.98 In file included from vdpa.c:19:
#23 25.98 ../include/json_print.h:80:30: warning: 'struct timeval' declared inside parameter list will not be visible outside of this definition or declaration
#23 25.98    80 | _PRINT_FUNC(tv, const struct timeval *)
#23 25.98       |                              ^~~~~~~
#23 25.98 ../include/json_print.h:50:37: note: in definition of macro '_PRINT_FUNC'
#23 25.98    50 |                                     type value);                        \
#23 25.98       |                                     ^~~~
#23 25.98 ../include/json_print.h:80:30: warning: 'struct timeval' declared inside parameter list will not be visible outside of this definition or declaration
#23 25.98    80 | _PRINT_FUNC(tv, const struct timeval *)
#23 25.98       |                              ^~~~~~~
#23 25.98 ../include/json_print.h:55:45: note: in definition of macro '_PRINT_FUNC'
#23 25.98    55 |                                             type value)                 \
#23 25.98       |                                             ^~~~
#23 25.98 ../include/json_print.h: In function 'print_tv':
#23 25.98 ../include/json_print.h:58:48: warning: passing argument 5 of 'print_color_tv' from incompatible pointer type [-Wincompatible-pointer-types]
#23 25.98    58 |                                                value);                  \
#23 25.98       |                                                ^~~~~
#23 25.98       |                                                |
#23 25.98       |                                                const struct timeval *
#23 25.98 ../include/json_print.h:80:1: note: in expansion of macro '_PRINT_FUNC'
#23 25.98    80 | _PRINT_FUNC(tv, const struct timeval *)
#23 25.98       | ^~~~~~~~~~~
#23 25.98 ../include/json_print.h:50:42: note: expected 'const struct timeval *' but argument is of type 'const struct timeval *'
#23 25.98    50 |                                     type value);                        \
#23 25.98       |                                          ^
#23 25.98 ../include/json_print.h:80:1: note: in expansion of macro '_PRINT_FUNC'
#23 25.98    80 | _PRINT_FUNC(tv, const struct timeval *)
#23 25.98       | ^~~~~~~~~~~
#23 26.12     LINK     vdpa
#23 DONE 26.2s

#24 [20/22] RUN git clone --no-single-branch --depth=1 https://github.com/linux-netdev/testing.git /nipa-data/kernel
#24 0.339 Cloning into '/nipa-data/kernel'...
#24 17.71 Updating files:  16% (14127/83283)Updating files:  17% (14159/83283)Updating files:  18% (14991/83283)Updating files:  19% (15824/83283)Updating files:  20% (16657/83283)Updating files:  21% (17490/83283)Updating files:  22% (18323/83283)Updating files:  23% (19156/83283)Updating files:  24% (19988/83283)Updating files:  25% (20821/83283)Updating files:  26% (21654/83283)Updating files:  27% (22487/83283)Updating files:  28% (23320/83283)Updating files:  29% (24153/83283)Updating files:  30% (24985/83283)Updating files:  31% (25818/83283)Updating files:  32% (26651/83283)Updating files:  33% (27484/83283)Updating files:  34% (28317/83283)Updating files:  35% (29150/83283)Updating files:  35% (29206/83283)Updating files:  36% (29982/83283)Updating files:  37% (30815/83283)Updating files:  38% (31648/83283)Updating files:  39% (32481/83283)Updating files:  40% (33314/83283)Updating files:  40% (33609/83283)Updating files:  41% (34147/83283)Updating files:  42% (34979/83283)Updating files:  43% (35812/83283)Updating files:  44% (36645/83283)Updating files:  45% (37478/83283)Updating files:  46% (38311/83283)Updating files:  47% (39144/83283)Updating files:  48% (39976/83283)Updating files:  49% (40809/83283)Updating files:  50% (41642/83283)Updating files:  50% (42147/83283)Updating files:  51% (42475/83283)Updating files:  52% (43308/83283)Updating files:  53% (44140/83283)Updating files:  54% (44973/83283)Updating files:  55% (45806/83283)Updating files:  56% (46639/83283)Updating files:  57% (47472/83283)Updating files:  58% (48305/83283)Updating files:  59% (49137/83283)Updating files:  60% (49970/83283)Updating files:  61% (50803/83283)Updating files:  62% (51636/83283)Updating files:  63% (52469/83283)Updating files:  64% (53302/83283)Updating files:  64% (53352/83283)Updating files:  65% (54134/83283)Updating files:  66% (54967/83283)Updating files:  67% (55800/83283)Updating files:  68% (56633/83283)Updating files:  69% (57466/83283)Updating files:  70% (58299/83283)Updating files:  71% (59131/83283)Updating files:  72% (59964/83283)Updating files:  73% (60797/83283)Updating files:  74% (61630/83283)Updating files:  75% (62463/83283)Updating files:  76% (63296/83283)Updating files:  77% (64128/83283)Updating files:  78% (64961/83283)Updating files:  79% (65794/83283)Updating files:  80% (66627/83283)Updating files:  81% (67460/83283)Updating files:  81% (67685/83283)Updating files:  82% (68293/83283)Updating files:  83% (69125/83283)Updating files:  84% (69958/83283)Updating files:  85% (70791/83283)Updating files:  86% (71624/83283)Updating files:  87% (72457/83283)Updating files:  88% (73290/83283)Updating files:  89% (74122/83283)Updating files:  90% (74955/83283)Updating files:  91% (75788/83283)Updating files:  92% (76621/83283)Updating files:  93% (77454/83283)Updating files:  94% (78287/83283)Updating files:  95% (79119/83283)Updating files:  96% (79952/83283)Updating files:  97% (80785/83283)Updating files:  98% (81618/83283)Updating files:  99% (82451/83283)Updating files: 100% (83283/83283)Updating files: 100% (83283/83283), done.
#24 DONE 25.5s

#25 [21/22] RUN git clone --depth=1 -b main https://github.com/p4tc-dev/new-nipa.git nipa
#25 0.323 Cloning into 'nipa'...
#25 DONE 0.7s

#26 [22/22] COPY entrypoint.sh /entrypoint.sh
#26 DONE 0.0s

#27 exporting to image
#27 exporting layers
#27 exporting layers 7.2s done
#27 writing image sha256:f4ea4ba94cb936738728ae2de7575bf9a8abaee44d99021a8bcf29cf16d45924 0.0s done
#27 naming to docker.io/library/nipa-executor 0.0s done
#27 DONE 7.3s
=== >>> DEBUG KERNEL <<< ===
NIPA version: 1b9c21a (ui: set canvas background color to stand out, 2024-03-28)
INFO: Last run date: 2024-04-19 15:00:20.857791+00:00
Testing  {'branch': 'net-next-2024-04-19--18-00', 'date': '2024-04-19T18:00:02.558486+00:00', 'base': 'f6295794e509be914cd733bd8826b8a3a6cef8ee', 'url': 'https://github.com/linux-netdev/testing.git net-next-2024-04-19--18-00'}
Updating files:  46% (7002/14921)Updating files:  47% (7013/14921)Updating files:  48% (7163/14921)Updating files:  49% (7312/14921)Updating files:  50% (7461/14921)Updating files:  51% (7610/14921)Updating files:  52% (7759/14921)Updating files:  53% (7909/14921)Updating files:  54% (8058/14921)Updating files:  55% (8207/14921)Updating files:  56% (8356/14921)Updating files:  57% (8505/14921)Updating files:  58% (8655/14921)Updating files:  59% (8804/14921)Updating files:  60% (8953/14921)Updating files:  61% (9102/14921)Updating files:  62% (9252/14921)Updating files:  63% (9401/14921)Updating files:  64% (9550/14921)Updating files:  65% (9699/14921)Updating files:  66% (9848/14921)Updating files:  67% (9998/14921)Updating files:  68% (10147/14921)Updating files:  69% (10296/14921)Updating files:  70% (10445/14921)Updating files:  71% (10594/14921)Updating files:  72% (10744/14921)Updating files:  73% (10893/14921)Updating files:  74% (11042/14921)Updating files:  75% (11191/14921)Updating files:  76% (11340/14921)Updating files:  77% (11490/14921)Updating files:  78% (11639/14921)Updating files:  79% (11788/14921)Updating files:  80% (11937/14921)Updating files:  81% (12087/14921)Updating files:  82% (12236/14921)Updating files:  83% (12385/14921)Updating files:  84% (12534/14921)Updating files:  85% (12683/14921)Updating files:  86% (12833/14921)Updating files:  87% (12982/14921)Updating files:  88% (13131/14921)Updating files:  89% (13280/14921)Updating files:  90% (13429/14921)Updating files:  90% (13519/14921)Updating files:  91% (13579/14921)Updating files:  92% (13728/14921)Updating files:  93% (13877/14921)Updating files:  94% (14026/14921)Updating files:  95% (14175/14921)Updating files:  96% (14325/14921)Updating files:  97% (14474/14921)Updating files:  98% (14623/14921)Updating files:  99% (14772/14921)Updating files: 100% (14921/14921)Updating files: 100% (14921/14921), done.
branch 'net-next-2024-04-19--18-00' set up to track 'origin/net-next-2024-04-19--18-00'.
Switched to a new branch 'net-next-2024-04-19--18-00'
error: No valid patches in input (allow with "--allow-empty")
Checking patch tools/testing/selftests/tc-testing/tdc_config.py...
Applied patch tools/testing/selftests/tc-testing/tdc_config.py cleanly.
Run at 2024-04-19 18:23:19.753739
INFO: building kernel
INFO: starting VM 0
INFO: thr0-0 VM starting: vng -v -r arch/x86/boot/bzImage --user root --rwdir=/nipa-data/kernel/
INFO: thr0-0 expecting prompt: '/nipa-data/kernel# '
INFO: thr0-0 reached initial prompt
INFO: thr-0 testing == tdc.sh
INFO: thr-0 tdc.sh >> retcode: 0 result: pass found {'fail': False, 'skip': False, 'pass': True}
INFO: thr-0 has no more work, exiting
INFO: thr0-0 VM stopped
Done at 2024-04-19 18:27:56.233533
NIPA quitting!
/
~/nipa/tc-executor/tc-executor-storage /
sort: write failed: 'standard output': Broken pipe
sort: write error
