~/nipa/tc-executor/tc-executor-storage /
Switched to branch 'storage'
Your branch is ahead of 'origin/storage' by 843 commits.
  (use "git push" to publish your local commits)
/
~/nipa/tc-executor /
Error response from daemon: No such image: nipa-executor:latest
#0 building with "default" instance using docker driver

#1 [internal] load build definition from Dockerfile
#1 transferring dockerfile: 2.05kB done
#1 DONE 0.0s

#2 [internal] load .dockerignore
#2 transferring context: 2B done
#2 DONE 0.0s

#3 [internal] load metadata for docker.io/library/alpine:edge
#3 DONE 0.0s

#4 [ 1/22] FROM docker.io/library/alpine:edge
#4 CACHED

#5 [internal] load build context
#5 transferring context: 3.02kB done
#5 DONE 0.0s

#6 [ 2/22] RUN echo false > debug-mode
#6 DONE 0.8s

#7 [ 3/22] RUN addgroup -g 1001 hostuser
#7 DONE 0.4s

#8 [ 4/22] RUN adduser -u 1001 -G hostuser -H -D -s /bin/ash hostuser
#8 DONE 0.4s

#9 [ 5/22] RUN echo '@testing http://dl-cdn.alpinelinux.org/alpine/edge/testing' >> /etc/apk/repositories
#9 DONE 0.4s

#10 [ 6/22] RUN echo '@community http://dl-cdn.alpinelinux.org/alpine/edge/community' >> /etc/apk/repositories
#10 DONE 0.5s

#11 [ 7/22] RUN apk update && apk add --no-cache    virtme-ng@testing    git    py3-requests    py3-psutil    py3-setuptools    py3-pyroute2    py3-argcomplete    qemu-system-x86_64@community    scapy@community    make    gcc    musl-dev    flex    bison    linux-headers    elfutils-dev    util-linux    coreutils    diffutils    findutils    file    bash    kmod    perl    iptables-dev    libcap-dev    libmnl-dev    iproute2     jq    libbpf-dev    rsync    openssl-dev
#11 0.435 fetch https://dl-cdn.alpinelinux.org/alpine/edge/main/x86_64/APKINDEX.tar.gz
#11 0.669 fetch https://dl-cdn.alpinelinux.org/alpine/edge/community/x86_64/APKINDEX.tar.gz
#11 0.866 fetch http://dl-cdn.alpinelinux.org/alpine/edge/testing/x86_64/APKINDEX.tar.gz
#11 1.067 fetch http://dl-cdn.alpinelinux.org/alpine/edge/community/x86_64/APKINDEX.tar.gz
#11 1.305 v3.20.0-795-g950d1df4481 [https://dl-cdn.alpinelinux.org/alpine/edge/main]
#11 1.305 v3.20.0-799-g8653ff933dc [https://dl-cdn.alpinelinux.org/alpine/edge/community]
#11 1.305 v3.20.0-800-g53f301a8a8c [http://dl-cdn.alpinelinux.org/alpine/edge/testing]
#11 1.305 v3.20.0-799-g8653ff933dc [http://dl-cdn.alpinelinux.org/alpine/edge/community]
#11 1.305 OK: 31520 distinct packages available
#11 1.361 fetch https://dl-cdn.alpinelinux.org/alpine/edge/main/x86_64/APKINDEX.tar.gz
#11 1.461 fetch https://dl-cdn.alpinelinux.org/alpine/edge/community/x86_64/APKINDEX.tar.gz
#11 1.555 fetch http://dl-cdn.alpinelinux.org/alpine/edge/testing/x86_64/APKINDEX.tar.gz
#11 1.656 fetch http://dl-cdn.alpinelinux.org/alpine/edge/community/x86_64/APKINDEX.tar.gz
#11 1.898 (1/177) Upgrading musl (1.2.4_git20230717-r5 -> 1.2.5-r1)
#11 1.922 (2/177) Upgrading libcrypto3 (3.1.4-r2 -> 3.3.0-r2)
#11 1.956 (3/177) Upgrading libssl3 (3.1.4-r2 -> 3.3.0-r2)
#11 1.981 (4/177) Upgrading zlib (1.3-r2 -> 1.3.1-r1)
#11 1.996 (5/177) Installing ncurses-terminfo-base (6.4_p20240420-r0)
#11 2.011 (6/177) Installing libncursesw (6.4_p20240420-r0)
#11 2.029 (7/177) Installing readline (8.2.10-r0)
#11 2.045 (8/177) Installing bash (5.2.26-r0)
#11 2.070 Executing bash-5.2.26-r0.post-install
#11 2.073 (9/177) Installing m4 (1.4.19-r3)
#11 2.088 (10/177) Installing bison (3.8.2-r1)
#11 2.110 (11/177) Installing coreutils-env (9.5-r1)
#11 2.123 (12/177) Installing coreutils-fmt (9.5-r1)
#11 2.136 (13/177) Installing coreutils-sha512sum (9.5-r1)
#11 2.149 (14/177) Installing libacl (2.3.2-r0)
#11 2.162 (15/177) Installing libattr (2.5.2-r0)
#11 2.174 (16/177) Installing skalibs (2.14.1.1-r0)
#11 2.188 (17/177) Installing utmps-libs (0.1.2.2-r1)
#11 2.200 (18/177) Installing coreutils (9.5-r1)
#11 2.225 (19/177) Installing diffutils (3.10-r0)
#11 2.243 (20/177) Installing zstd-libs (1.5.6-r0)
#11 2.261 (21/177) Installing libelf (0.191-r0)
#11 2.275 (22/177) Installing libbz2 (1.0.8-r6)
#11 2.289 (23/177) Installing musl-fts (1.2.7-r6)
#11 2.302 (24/177) Installing xz-libs (5.6.1-r3)
#11 2.317 (25/177) Installing libdw (0.191-r0)
#11 2.333 (26/177) Installing libasm (0.191-r0)
#11 2.346 (27/177) Installing xz (5.6.1-r3)
#11 2.361 (28/177) Installing pkgconf (2.2.0-r0)
#11 2.374 (29/177) Installing xz-dev (5.6.1-r3)
#11 2.389 (30/177) Installing libgcc (13.2.1_git20240309-r0)
#11 2.403 (31/177) Installing libstdc++ (13.2.1_git20240309-r0)
#11 2.432 (32/177) Installing zstd (1.5.6-r0)
#11 2.447 (33/177) Installing zstd-dev (1.5.6-r0)
#11 2.463 (34/177) Installing zlib-dev (1.3.1-r1)
#11 2.476 (35/177) Installing elfutils-dev (0.191-r0)
#11 2.507 (36/177) Installing libmagic (5.45-r1)
#11 2.537 (37/177) Installing file (5.45-r1)
#11 2.549 (38/177) Installing findutils (4.9.0-r5)
#11 2.564 (39/177) Installing flex (2.6.4-r6)
#11 2.580 (40/177) Installing jansson (2.14-r4)
#11 2.593 (41/177) Installing binutils (2.42-r0)
#11 2.656 (42/177) Installing libgomp (13.2.1_git20240309-r0)
#11 2.676 (43/177) Installing libatomic (13.2.1_git20240309-r0)
#11 2.688 (44/177) Installing gmp (6.3.0-r1)
#11 2.704 (45/177) Installing isl26 (0.26-r1)
#11 2.729 (46/177) Installing mpfr4 (4.2.1-r0)
#11 2.747 (47/177) Installing mpc1 (1.3.1-r1)
#11 2.769 (48/177) Installing gcc (13.2.1_git20240309-r0)
#11 3.242 (49/177) Installing ca-certificates (20240226-r0)
#11 3.265 (50/177) Installing brotli-libs (1.1.0-r2)
#11 3.286 (51/177) Installing c-ares (1.28.1-r0)
#11 3.302 (52/177) Installing libunistring (1.2-r0)
#11 3.324 (53/177) Installing libidn2 (2.3.7-r0)
#11 3.337 (54/177) Installing nghttp2-libs (1.62.0-r0)
#11 3.351 (55/177) Installing libpsl (0.21.5-r1)
#11 3.365 (56/177) Installing libcurl (8.8.0-r0)
#11 3.383 (57/177) Installing libexpat (2.6.2-r0)
#11 3.396 (58/177) Installing pcre2 (10.43-r0)
#11 3.417 (59/177) Installing git (2.45.2-r0)
#11 3.469 (60/177) Installing git-init-template (2.45.2-r0)
#11 3.488 (61/177) Installing libcap2 (2.70-r0)
#11 3.501 (62/177) Installing libmnl (1.0.5-r2)
#11 3.519 (63/177) Installing iproute2-minimal (6.9.0-r0)
#11 3.542 (64/177) Installing libxtables (1.8.10-r3)
#11 3.554 (65/177) Installing iproute2-tc (6.9.0-r0)
#11 3.571 (66/177) Installing iproute2-ss (6.9.0-r0)
#11 3.583 (67/177) Installing iproute2 (6.9.0-r0)
#11 3.600 Executing iproute2-6.9.0-r0.post-install
#11 3.604 (68/177) Installing linux-headers (6.6-r0)
#11 3.726 (69/177) Installing libip4tc (1.8.10-r3)
#11 3.739 (70/177) Installing libip6tc (1.8.10-r3)
#11 3.751 (71/177) Installing libipq (1.8.10-r3)
#11 3.764 (72/177) Installing iptables-dev (1.8.10-r3)
#11 3.777 (73/177) Installing oniguruma (6.9.9-r0)
#11 3.793 (74/177) Installing jq (1.7.1-r0)
#11 3.810 (75/177) Installing kmod (32-r0)
#11 3.826 (76/177) Installing libbpf (1.4.2-r0)
#11 3.843 (77/177) Installing libbpf-dev (1.4.2-r0)
#11 3.868 (78/177) Installing libcap-dev (2.70-r0)
#11 3.880 (79/177) Installing libmnl-dev (1.0.5-r2)
#11 3.894 (80/177) Installing make (4.4.1-r2)
#11 3.999 (81/177) Installing musl-dev (1.2.5-r1)
#11 4.054 (82/177) Installing openssl-dev (3.3.0-r2)
#11 4.087 (83/177) Installing perl (5.38.2-r0)
#11 4.297 (84/177) Installing perl-error (0.17029-r2)
#11 4.310 (85/177) Installing perl-git (2.45.2-r0)
#11 4.324 (86/177) Installing git-perl (2.45.2-r0)
#11 4.337 (87/177) Installing libffi (3.4.6-r0)
#11 4.354 (88/177) Installing gdbm (1.23-r1)
#11 4.369 (89/177) Installing mpdecimal (4.0.0-r0)
#11 4.385 (90/177) Installing libpanelw (6.4_p20240420-r0)
#11 4.397 (91/177) Installing sqlite-libs (3.46.0-r0)
#11 4.420 (92/177) Installing python3 (3.12.3-r1)
#11 4.562 (93/177) Installing python3-pycache-pyc0 (3.12.3-r1)
#11 4.657 (94/177) Installing pyc (3.12.3-r1)
#11 4.670 (95/177) Installing py3-argcomplete-pyc (3.3.0-r0)
#11 4.684 (96/177) Installing python3-pyc (3.12.3-r1)
#11 4.696 (97/177) Installing py3-argcomplete (3.3.0-r0)
#11 4.711 (98/177) Installing py3-psutil (5.9.8-r1)
#11 4.728 (99/177) Installing py3-psutil-pyc (5.9.8-r1)
#11 4.744 (100/177) Installing py3-pyroute2 (0.7.12-r1)
#11 4.774 (101/177) Installing py3-pyroute2-pyc (0.7.12-r1)
#11 4.811 (102/177) Installing py3-certifi (2024.2.2-r1)
#11 4.833 (103/177) Installing py3-certifi-pyc (2024.2.2-r1)
#11 4.845 (104/177) Installing py3-charset-normalizer (3.3.2-r1)
#11 4.860 (105/177) Installing py3-charset-normalizer-pyc (3.3.2-r1)
#11 4.874 (106/177) Installing py3-idna (3.7-r0)
#11 4.896 (107/177) Installing py3-idna-pyc (3.7-r0)
#11 4.910 (108/177) Installing py3-urllib3 (1.26.18-r1)
#11 4.927 (109/177) Installing py3-urllib3-pyc (1.26.18-r1)
#11 4.950 (110/177) Installing py3-requests (2.32.3-r0)
#11 4.965 (111/177) Installing py3-requests-pyc (2.32.3-r0)
#11 4.983 (112/177) Installing py3-parsing (3.1.2-r1)
#11 5.010 (113/177) Installing py3-parsing-pyc (3.1.2-r1)
#11 5.029 (114/177) Installing py3-packaging (24.0-r1)
#11 5.045 (115/177) Installing py3-packaging-pyc (24.0-r1)
#11 5.059 (116/177) Installing py3-setuptools (69.5.1-r0)
#11 5.097 (117/177) Installing py3-setuptools-pyc (69.5.1-r0)
#11 5.145 (118/177) Installing libcap-ng (0.8.5-r0)
#11 5.158 (119/177) Installing libintl (0.22.5-r0)
#11 5.182 (120/177) Installing libeconf (0.6.3-r0)
#11 5.194 (121/177) Installing libblkid (2.40.1-r1)
#11 5.209 (122/177) Installing libmount (2.40.1-r1)
#11 5.223 (123/177) Installing glib (2.80.2-r0)
#11 5.264 (124/177) Installing numactl (2.0.18-r0)
#11 5.276 (125/177) Installing qemu (9.0.0-r0)
#11 5.293 Executing qemu-9.0.0-r0.pre-install
#11 5.415 Executing qemu-9.0.0-r0.post-install
#11 5.419 *
#11 5.419 * If you want to run VM as unprivileged user and let Qemu create tunX devices,
#11 5.419 * then you must add that user to the group "qemu".
#11 5.419 * If you use KVM for hardware-assisted virtualization, then you may also need
#11 5.419 * to add that user to the group "kvm".
#11 5.419 *
#11 5.420 (126/177) Installing qemu-bridge-helper (9.0.0-r0)
#11 5.437 (127/177) Installing libaio (0.3.113-r2)
#11 5.450 (128/177) Installing capstone (5.0.1-r4)
#11 5.482 (129/177) Installing nettle (3.9.1-r0)
#11 5.506 (130/177) Installing libtasn1 (4.19.0-r2)
#11 5.519 (131/177) Installing p11-kit (0.25.3-r0)
#11 5.539 (132/177) Installing gnutls (3.8.5-r0)
#11 5.567 (133/177) Installing libjpeg-turbo (3.0.3-r0)
#11 5.584 (134/177) Installing lzo (2.10-r5)
#11 5.598 (135/177) Installing pixman (0.43.2-r0)
#11 5.616 (136/177) Installing libpng (1.6.43-r0)
#11 5.631 (137/177) Installing libsasl (2.1.28-r6)
#11 5.650 (138/177) Installing libseccomp (2.5.5-r1)
#11 5.663 (139/177) Installing libslirp (4.8.0-r0)
#11 5.682 (140/177) Installing snappy (1.1.10-r2)
#11 5.695 (141/177) Installing liburing (2.6-r0)
#11 5.710 (142/177) Installing vde2-libs (2.3.3-r3)
#11 5.723 (143/177) Installing qemu-system-x86_64 (9.0.0-r0)
#11 5.827 (144/177) Installing lz4-libs (1.9.4-r5)
#11 5.841 (145/177) Installing popt (1.19-r3)
#11 5.853 (146/177) Installing libxxhash (0.8.2-r2)
#11 5.867 (147/177) Installing rsync (3.3.0-r0)
#11 5.885 (148/177) Installing scapy (2.5.0-r3)
#11 5.945 Executing scapy-2.5.0-r3.post-install
#11 5.948 *
#11 5.948 * Certain optional features of scapy also depend on the following packages:
#11 5.948 *     py3-matplotlib graphviz imagemagick py3-cryptography sox
#11 5.948 * And the following unpackaged dependencies:
#11 5.948 *     pyxi vpython-jupyter nmap<v4.23
#11 5.948 * More information can be found at https://scapy.readthedocs.io/en/latest/installation.html#optional-dependencies
#11 5.948 *
#11 5.948 (149/177) Installing scapy-pyc (2.5.0-r3)
#11 6.013 (150/177) Installing util-linux (2.40.1-r1)
#11 6.029 (151/177) Installing dmesg (2.40.1-r1)
#11 6.071 (152/177) Installing setarch (2.40.1-r1)
#11 6.083 (153/177) Installing libuuid (2.40.1-r1)
#11 6.096 (154/177) Installing libfdisk (2.40.1-r1)
#11 6.111 (155/177) Installing libsmartcols (2.40.1-r1)
#11 6.126 (156/177) Installing util-linux-misc (2.40.1-r1)
#11 6.156 (157/177) Installing linux-pam (1.6.0-r0)
#11 6.179 (158/177) Installing runuser (2.40.1-r1)
#11 6.191 (159/177) Installing mount (2.40.1-r1)
#11 6.204 (160/177) Installing losetup (2.40.1-r1)
#11 6.217 (161/177) Installing hexdump (2.40.1-r1)
#11 6.229 (162/177) Installing uuidgen (2.40.1-r1)
#11 6.243 (163/177) Installing blkid (2.40.1-r1)
#11 6.259 (164/177) Installing sfdisk (2.40.1-r1)
#11 6.271 (165/177) Installing mcookie (2.40.1-r1)
#11 6.283 (166/177) Installing agetty (2.40.1-r1)
#11 6.297 (167/177) Installing wipefs (2.40.1-r1)
#11 6.310 (168/177) Installing cfdisk (2.40.1-r1)
#11 6.323 (169/177) Installing umount (2.40.1-r1)
#11 6.335 (170/177) Installing flock (2.40.1-r1)
#11 6.347 (171/177) Installing lsblk (2.40.1-r1)
#11 6.362 (172/177) Installing setpriv (2.40.1-r1)
#11 6.374 (173/177) Installing logger (2.40.1-r1)
#11 6.390 (174/177) Installing partx (2.40.1-r1)
#11 6.402 (175/177) Installing fstrim (2.40.1-r1)
#11 6.415 (176/177) Installing findmnt (2.40.1-r1)
#11 6.427 (177/177) Installing virtme-ng@testing (1.25-r0)
#11 6.484 Executing busybox-1.36.1-r17.trigger
#11 6.489 Executing ca-certificates-20240226-r0.trigger
#11 6.513 Executing glib-2.80.2-r0.trigger
#11 6.520 OK: 385 MiB in 188 packages
#11 DONE 6.9s

#12 [ 8/22] RUN mkdir -p /tmp/kernel-patches &&     mkdir -p /tmp/iproute2-patches
#12 DONE 0.3s

#13 [ 9/22] COPY tdc.config /tmp
#13 DONE 0.0s

#14 [10/22] COPY tdc-debug.config /tmp
#14 DONE 0.1s

#15 [11/22] COPY kernel-patches /tmp/kernel-patches/
#15 DONE 0.0s

#16 [12/22] COPY iproute2-patches /tmp/iproute2-patches/
#16 DONE 0.0s

#17 [13/22] COPY configs /tmp/configs/
#17 DONE 0.0s

#18 [14/22] RUN git config --global user.email foo@bar.com
#18 DONE 0.3s

#19 [15/22] RUN git config --global user.name foo@bar.com
#19 DONE 0.4s

#20 [16/22] RUN git clone https://git.kernel.org/pub/scm/network/iproute2/iproute2-next.git /nipa-data/iproute2
#20 0.368 Cloning into '/nipa-data/iproute2'...
#20 DONE 2.0s

#21 [17/22] RUN cd /nipa-data/iproute2 && 	git remote add stable https://git.kernel.org/pub/scm/network/iproute2/iproute2.git && 	git fetch --all && 	git merge stable/main
#21 0.408 Fetching origin
#21 0.733 Fetching stable
#21 1.084 From https://git.kernel.org/pub/scm/network/iproute2/iproute2
#21 1.084  * [new branch]        codeql         -> stable/codeql
#21 1.085  * [new branch]        iproute2-4.1.x -> stable/iproute2-4.1.x
#21 1.085  * [new branch]        main           -> stable/main
#21 1.087 Already up to date.
#21 DONE 1.1s

#22 [18/22] RUN if [ "$(find /tmp/iproute2-patches/ -name *.patch)" ]; then  	cd /nipa-data/iproute2; 	git apply /tmp/iproute2-patches/*.patch;     fi
#22 DONE 0.4s

#23 [19/22] RUN cd /nipa-data/iproute2/ &&     ./configure &&     make
#23 0.419 TC schedulers
#23 0.420  IPT	using xtables
#23 0.449  IPSET  yes
#23 0.469 
#23 0.470 lib directory: /usr/lib
#23 0.470 libc has setns: yes
#23 0.490 libc has name_to_handle_at: yes
#23 0.511 SELinux support: no
#23 0.512 libtirpc support: no
#23 0.513 libbpf support: yes
#23 0.580 	libbpf version 1.4.2
#23 0.580 ELF support: yes
#23 0.582 libmnl support: yes
#23 0.584 Berkeley DB: no
#23 0.594 need for strlcpy: no
#23 0.615 libcap support: yes
#23 0.616 color output: never
#23 0.619 
#23 0.619 lib
#23 0.621     CC       libgenl.o
#23 0.633 In file included from ../include/libgenl.h:5,
#23 0.633                  from libgenl.c:12:
#23 0.633 ../include/libnetlink.h: In function 'rta_getattr_be64':
#23 0.634 ../include/libnetlink.h:280:16: warning: implicit declaration of function 'htobe64' [-Wimplicit-function-declaration]
#23 0.634   280 |         return htobe64(rta_getattr_u64(rta));
#23 0.634       |                ^~~~~~~
#23 0.661     CC       libnetlink.o
#23 0.974     CC       mnl_utils.o
#23 0.987 In file included from mnl_utils.c:12:
#23 0.987 ../include/libnetlink.h: In function 'rta_getattr_be64':
#23 0.987 ../include/libnetlink.h:280:16: warning: implicit declaration of function 'htobe64' [-Wimplicit-function-declaration]
#23 0.987   280 |         return htobe64(rta_getattr_u64(rta));
#23 0.987       |                ^~~~~~~
#23 1.052     AR       libnetlink.a
#23 1.054     CC       utils.o
#23 1.436     CC       utils_math.o
#23 1.482     CC       rt_names.o
#23 1.659     CC       ll_map.o
#23 1.672 In file included from ll_map.c:17:
#23 1.672 ../include/libnetlink.h: In function 'rta_getattr_be64':
#23 1.672 ../include/libnetlink.h:280:16: warning: implicit declaration of function 'htobe64' [-Wimplicit-function-declaration]
#23 1.672   280 |         return htobe64(rta_getattr_u64(rta));
#23 1.672       |                ^~~~~~~
#23 1.751     CC       ll_types.o
#23 1.764 In file included from ll_types.c:20:
#23 1.764 ../include/uapi/linux/sockios.h:42: warning: "SIOCGSTAMP" redefined
#23 1.764    42 | #define SIOCGSTAMP      SIOCGSTAMP_OLD
#23 1.764       | 
#23 1.764 In file included from /usr/include/sys/ioctl.h:10,
#23 1.764                  from ll_types.c:12:
#23 1.764 /usr/include/bits/ioctl.h:111: note: this is the location of the previous definition
#23 1.764   111 | #define SIOCGSTAMP      0x8906
#23 1.764       | 
#23 1.764 ../include/uapi/linux/sockios.h:43: warning: "SIOCGSTAMPNS" redefined
#23 1.764    43 | #define SIOCGSTAMPNS    SIOCGSTAMPNS_OLD
#23 1.764       | 
#23 1.764 /usr/include/bits/ioctl.h:112: note: this is the location of the previous definition
#23 1.764   112 | #define SIOCGSTAMPNS    0x8907
#23 1.764       | 
#23 1.779     CC       ll_proto.o
#23 1.792 In file included from ll_proto.c:21:
#23 1.792 ../include/uapi/linux/sockios.h:42: warning: "SIOCGSTAMP" redefined
#23 1.792    42 | #define SIOCGSTAMP      SIOCGSTAMP_OLD
#23 1.792       | 
#23 1.792 In file included from /usr/include/sys/ioctl.h:10,
#23 1.792                  from ll_proto.c:13:
#23 1.792 /usr/include/bits/ioctl.h:111: note: this is the location of the previous definition
#23 1.792   111 | #define SIOCGSTAMP      0x8906
#23 1.792       | 
#23 1.792 ../include/uapi/linux/sockios.h:43: warning: "SIOCGSTAMPNS" redefined
#23 1.792    43 | #define SIOCGSTAMPNS    SIOCGSTAMPNS_OLD
#23 1.792       | 
#23 1.792 /usr/include/bits/ioctl.h:112: note: this is the location of the previous definition
#23 1.792   112 | #define SIOCGSTAMPNS    0x8907
#23 1.792       | 
#23 1.805     CC       ll_addr.o
#23 1.818 In file included from ll_addr.c:20:
#23 1.818 ../include/uapi/linux/sockios.h:42: warning: "SIOCGSTAMP" redefined
#23 1.818    42 | #define SIOCGSTAMP      SIOCGSTAMP_OLD
#23 1.818       | 
#23 1.818 In file included from /usr/include/sys/ioctl.h:10,
#23 1.818                  from ll_addr.c:12:
#23 1.818 /usr/include/bits/ioctl.h:111: note: this is the location of the previous definition
#23 1.818   111 | #define SIOCGSTAMP      0x8906
#23 1.818       | 
#23 1.818 ../include/uapi/linux/sockios.h:43: warning: "SIOCGSTAMPNS" redefined
#23 1.818    43 | #define SIOCGSTAMPNS    SIOCGSTAMPNS_OLD
#23 1.818       | 
#23 1.818 /usr/include/bits/ioctl.h:112: note: this is the location of the previous definition
#23 1.818   112 | #define SIOCGSTAMPNS    0x8907
#23 1.818       | 
#23 1.846     CC       inet_proto.o
#23 1.874     CC       namespace.o
#23 1.941     CC       json_writer.o
#23 2.026     CC       json_print.o
#23 2.142     CC       json_print_math.o
#23 2.174     CC       names.o
#23 2.219     CC       color.o
#23 2.259     CC       bpf_legacy.o
#23 2.610     CC       bpf_glue.o
#23 2.654     CC       exec.o
#23 2.687     CC       fs.o
#23 2.758     CC       cg_map.o
#23 2.791     CC       ppp_proto.o
#23 2.813     CC       bpf_libbpf.o
#23 2.886     CC       selinux.o
#23 2.905     CC       ax25_ntop.o
#23 2.932     CC       rose_ntop.o
#23 2.945 In file included from rose_ntop.c:16:
#23 2.945 ../include/uapi/linux/sockios.h:42: warning: "SIOCGSTAMP" redefined
#23 2.945    42 | #define SIOCGSTAMP      SIOCGSTAMP_OLD
#23 2.945       | 
#23 2.945 In file included from /usr/include/sys/ioctl.h:10,
#23 2.945                  from rose_ntop.c:7:
#23 2.945 /usr/include/bits/ioctl.h:111: note: this is the location of the previous definition
#23 2.945   111 | #define SIOCGSTAMP      0x8906
#23 2.945       | 
#23 2.945 ../include/uapi/linux/sockios.h:43: warning: "SIOCGSTAMPNS" redefined
#23 2.945    43 | #define SIOCGSTAMPNS    SIOCGSTAMPNS_OLD
#23 2.945       | 
#23 2.945 /usr/include/bits/ioctl.h:112: note: this is the location of the previous definition
#23 2.945   112 | #define SIOCGSTAMPNS    0x8907
#23 2.945       | 
#23 2.961     CC       mpls_ntop.o
#23 2.987     CC       mpls_pton.o
#23 3.016     CC       netrom_ntop.o
#23 3.041     AR       libutil.a
#23 3.046 
#23 3.046 ip
#23 3.048     CC       ip.o
#23 3.119     CC       ipaddress.o
#23 3.133 In file included from ipaddress.c:26:
#23 3.133 ../include/uapi/linux/sockios.h:42: warning: "SIOCGSTAMP" redefined
#23 3.133    42 | #define SIOCGSTAMP      SIOCGSTAMP_OLD
#23 3.133       | 
#23 3.133 In file included from /usr/include/sys/ioctl.h:10,
#23 3.133                  from ipaddress.c:14:
#23 3.133 /usr/include/bits/ioctl.h:111: note: this is the location of the previous definition
#23 3.133   111 | #define SIOCGSTAMP      0x8906
#23 3.133       | 
#23 3.133 ../include/uapi/linux/sockios.h:43: warning: "SIOCGSTAMPNS" redefined
#23 3.133    43 | #define SIOCGSTAMPNS    SIOCGSTAMPNS_OLD
#23 3.133       | 
#23 3.133 /usr/include/bits/ioctl.h:112: note: this is the location of the previous definition
#23 3.133   112 | #define SIOCGSTAMPNS    0x8907
#23 3.133       | 
#23 3.599     CC       ipaddrlabel.o
#23 3.655     CC       iproute.o
#23 4.151     CC       iprule.o
#23 4.328     CC       ipnetns.o
#23 4.510     CC       rtm_map.o
#23 4.553     CC       iptunnel.o
#23 4.565 In file included from ../include/uapi/linux/if_tunnel.h:6,
#23 4.565                  from iptunnel.c:19:
#23 4.565 ../include/uapi/linux/if.h:134: warning: "IFF_VOLATILE" redefined
#23 4.565   134 | #define IFF_VOLATILE    (IFF_LOOPBACK|IFF_POINTOPOINT|IFF_BROADCAST|IFF_ECHO|\
#23 4.565       | 
#23 4.565 In file included from iptunnel.c:16:
#23 4.565 /usr/include/net/if.h:48: note: this is the location of the previous definition
#23 4.565    48 | #define IFF_VOLATILE (IFF_LOOPBACK|IFF_POINTOPOINT|IFF_BROADCAST| \
#23 4.565       | 
#23 4.693     CC       ip6tunnel.o
#23 4.795     CC       tunnel.o
#23 4.880     CC       ipneigh.o
#23 5.035     CC       ipntable.o
#23 5.134     CC       iplink.o
#23 5.394     CC       ipmaddr.o
#23 5.406 In file included from ipmaddr.c:21:
#23 5.406 ../include/uapi/linux/sockios.h:42: warning: "SIOCGSTAMP" redefined
#23 5.406    42 | #define SIOCGSTAMP      SIOCGSTAMP_OLD
#23 5.406       | 
#23 5.406 In file included from /usr/include/sys/ioctl.h:10,
#23 5.406                  from ipmaddr.c:12:
#23 5.406 /usr/include/bits/ioctl.h:111: note: this is the location of the previous definition
#23 5.406   111 | #define SIOCGSTAMP      0x8906
#23 5.406       | 
#23 5.406 ../include/uapi/linux/sockios.h:43: warning: "SIOCGSTAMPNS" redefined
#23 5.406    43 | #define SIOCGSTAMPNS    SIOCGSTAMPNS_OLD
#23 5.406       | 
#23 5.406 /usr/include/bits/ioctl.h:112: note: this is the location of the previous definition
#23 5.406   112 | #define SIOCGSTAMPNS    0x8907
#23 5.406       | 
#23 5.477     CC       ipmonitor.o
#23 5.545     CC       ipmroute.o
#23 5.558 In file included from ipmroute.c:22:
#23 5.558 ../include/uapi/linux/sockios.h:42: warning: "SIOCGSTAMP" redefined
#23 5.558    42 | #define SIOCGSTAMP      SIOCGSTAMP_OLD
#23 5.558       | 
#23 5.558 In file included from /usr/include/sys/ioctl.h:10,
#23 5.558                  from ipmroute.c:13:
#23 5.558 /usr/include/bits/ioctl.h:111: note: this is the location of the previous definition
#23 5.558   111 | #define SIOCGSTAMP      0x8906
#23 5.558       | 
#23 5.558 ../include/uapi/linux/sockios.h:43: warning: "SIOCGSTAMPNS" redefined
#23 5.558    43 | #define SIOCGSTAMPNS    SIOCGSTAMPNS_OLD
#23 5.558       | 
#23 5.558 /usr/include/bits/ioctl.h:112: note: this is the location of the previous definition
#23 5.558   112 | #define SIOCGSTAMPNS    0x8907
#23 5.558       | 
#23 5.625     CC       ipprefix.o
#23 5.654     CC       iptuntap.o
#23 5.754     CC       iptoken.o
#23 5.804     CC       ipxfrm.o
#23 6.085     CC       xfrm_state.o
#23 6.351     CC       xfrm_policy.o
#23 6.572     CC       xfrm_monitor.o
#23 6.650     CC       iplink_dummy.o
#23 6.673     CC       iplink_ifb.o
#23 6.696     CC       iplink_nlmon.o
#23 6.719     CC       iplink_team.o
#23 6.744     CC       iplink_vcan.o
#23 6.765     CC       iplink_vxcan.o
#23 6.791     CC       iplink_vlan.o
#23 6.858     CC       link_veth.o
#23 6.885     CC       link_gre.o
#23 6.896 In file included from ../include/uapi/linux/if_tunnel.h:6,
#23 6.896                  from link_gre.c:15:
#23 6.896 ../include/uapi/linux/if.h:134: warning: "IFF_VOLATILE" redefined
#23 6.896   134 | #define IFF_VOLATILE    (IFF_LOOPBACK|IFF_POINTOPOINT|IFF_BROADCAST|IFF_ECHO|\
#23 6.896       | 
#23 6.896 In file included from link_gre.c:9:
#23 6.896 /usr/include/net/if.h:48: note: this is the location of the previous definition
#23 6.896    48 | #define IFF_VOLATILE (IFF_LOOPBACK|IFF_POINTOPOINT|IFF_BROADCAST| \
#23 6.896       | 
#23 7.003     CC       iplink_can.o
#23 7.146     CC       iplink_xdp.o
#23 7.203     CC       iplink_macvlan.o
#23 7.273     CC       ipl2tp.o
#23 7.442     CC       link_vti.o
#23 7.453 In file included from ../include/uapi/linux/if_tunnel.h:6,
#23 7.453                  from link_vti.c:16:
#23 7.453 ../include/uapi/linux/if.h:134: warning: "IFF_VOLATILE" redefined
#23 7.453   134 | #define IFF_VOLATILE    (IFF_LOOPBACK|IFF_POINTOPOINT|IFF_BROADCAST|IFF_ECHO|\
#23 7.453       | 
#23 7.453 In file included from link_vti.c:10:
#23 7.453 /usr/include/net/if.h:48: note: this is the location of the previous definition
#23 7.453    48 | #define IFF_VOLATILE (IFF_LOOPBACK|IFF_POINTOPOINT|IFF_BROADCAST| \
#23 7.453       | 
#23 7.497     CC       link_vti6.o
#23 7.508 In file included from ../include/uapi/linux/if_tunnel.h:6,
#23 7.508                  from link_vti6.c:17:
#23 7.508 ../include/uapi/linux/if.h:134: warning: "IFF_VOLATILE" redefined
#23 7.508   134 | #define IFF_VOLATILE    (IFF_LOOPBACK|IFF_POINTOPOINT|IFF_BROADCAST|IFF_ECHO|\
#23 7.508       | 
#23 7.508 In file included from link_vti6.c:11:
#23 7.508 /usr/include/net/if.h:48: note: this is the location of the previous definition
#23 7.508    48 | #define IFF_VOLATILE (IFF_LOOPBACK|IFF_POINTOPOINT|IFF_BROADCAST| \
#23 7.508       | 
#23 7.551     CC       link_xfrm.o
#23 7.585     CC       iplink_vxlan.o
#23 7.731     CC       tcp_metrics.o
#23 7.830     CC       iplink_ipoib.o
#23 7.870     CC       ipnetconf.o
#23 7.922     CC       link_ip6tnl.o
#23 7.933 In file included from ../include/uapi/linux/if_tunnel.h:6,
#23 7.933                  from link_ip6tnl.c:15:
#23 7.933 ../include/uapi/linux/if.h:134: warning: "IFF_VOLATILE" redefined
#23 7.933   134 | #define IFF_VOLATILE    (IFF_LOOPBACK|IFF_POINTOPOINT|IFF_BROADCAST|IFF_ECHO|\
#23 7.933       | 
#23 7.933 In file included from link_ip6tnl.c:9:
#23 7.933 /usr/include/net/if.h:48: note: this is the location of the previous definition
#23 7.933    48 | #define IFF_VOLATILE (IFF_LOOPBACK|IFF_POINTOPOINT|IFF_BROADCAST| \
#23 7.933       | 
#23 8.015     CC       link_iptnl.o
#23 8.025 In file included from ../include/uapi/linux/if_tunnel.h:6,
#23 8.025                  from link_iptnl.c:16:
#23 8.025 ../include/uapi/linux/if.h:134: warning: "IFF_VOLATILE" redefined
#23 8.025   134 | #define IFF_VOLATILE    (IFF_LOOPBACK|IFF_POINTOPOINT|IFF_BROADCAST|IFF_ECHO|\
#23 8.025       | 
#23 8.025 In file included from link_iptnl.c:9:
#23 8.025 /usr/include/net/if.h:48: note: this is the location of the previous definition
#23 8.025    48 | #define IFF_VOLATILE (IFF_LOOPBACK|IFF_POINTOPOINT|IFF_BROADCAST| \
#23 8.025       | 
#23 8.115     CC       link_gre6.o
#23 8.126 In file included from ../include/uapi/linux/if_tunnel.h:6,
#23 8.126                  from link_gre6.c:15:
#23 8.126 ../include/uapi/linux/if.h:134: warning: "IFF_VOLATILE" redefined
#23 8.126   134 | #define IFF_VOLATILE    (IFF_LOOPBACK|IFF_POINTOPOINT|IFF_BROADCAST|IFF_ECHO|\
#23 8.126       | 
#23 8.126 In file included from link_gre6.c:9:
#23 8.126 /usr/include/net/if.h:48: note: this is the location of the previous definition
#23 8.126    48 | #define IFF_VOLATILE (IFF_LOOPBACK|IFF_POINTOPOINT|IFF_BROADCAST| \
#23 8.126       | 
#23 8.237     CC       iplink_bond.o
#23 8.405     CC       iplink_bond_slave.o
#23 8.455     CC       iplink_hsr.o
#23 8.502     CC       iplink_bridge.o
#23 8.645     CC       iplink_bridge_slave.o
#23 8.754     CC       iplink_dsa.o
#23 8.784     CC       ipfou.o
#23 8.797 In file included from ../include/libgenl.h:5,
#23 8.797                  from ipfou.c:18:
#23 8.797 ../include/libnetlink.h: In function 'rta_getattr_be64':
#23 8.797 ../include/libnetlink.h:280:16: warning: implicit declaration of function 'htobe64' [-Wimplicit-function-declaration]
#23 8.797   280 |         return htobe64(rta_getattr_u64(rta));
#23 8.797       |                ^~~~~~~
#23 8.872     CC       iplink_ipvlan.o
#23 8.918     CC       iplink_geneve.o
#23 9.019     CC       iplink_vrf.o
#23 9.070     CC       iproute_lwtunnel.o
#23 9.449     CC       ipmacsec.o
#23 9.683     CC       ipila.o
#23 9.695 In file included from ../include/libgenl.h:5,
#23 9.695                  from ipila.c:18:
#23 9.695 ../include/libnetlink.h: In function 'rta_getattr_be64':
#23 9.696 ../include/libnetlink.h:280:16: warning: implicit declaration of function 'htobe64' [-Wimplicit-function-declaration]
#23 9.696   280 |         return htobe64(rta_getattr_u64(rta));
#23 9.696       |                ^~~~~~~
#23 9.758     CC       ipvrf.o
#23 9.862     CC       iplink_xstats.o
#23 9.891     CC       ipseg6.o
#23 9.941     CC       iplink_netdevsim.o
#23 9.962     CC       iplink_rmnet.o
#23 9.992     CC       ipnexthop.o
#23 10.23     CC       ipmptcp.o
#23 10.35     CC       iplink_bareudp.o
#23 10.36 In file included from iplink_bareudp.c:9:
#23 10.36 ../include/libnetlink.h: In function 'rta_getattr_be64':
#23 10.36 ../include/libnetlink.h:280:16: warning: implicit declaration of function 'htobe64' [-Wimplicit-function-declaration]
#23 10.36   280 |         return htobe64(rta_getattr_u64(rta));
#23 10.36       |                ^~~~~~~
#23 10.40     CC       iplink_wwan.o
#23 10.44     CC       ipioam6.o
#23 10.52     CC       iplink_amt.o
#23 10.57     CC       iplink_batadv.o
#23 10.60     CC       iplink_gtp.o
#23 10.64     CC       iplink_virt_wifi.o
#23 10.66     CC       iplink_netkit.o
#23 10.70     CC       ipstats.o
#23 10.91     LINK     ip
#23 10.94     CC       rtmon.o
#23 10.99     LINK     rtmon
#23 11.01 
#23 11.01 tc
#23 11.01     CC       tc.o
#23 11.10     CC       tc_qdisc.o
#23 11.23     CC       tc_class.o
#23 11.35     CC       tc_filter.o
#23 11.53     CC       tc_util.o
#23 11.71     CC       tc_monitor.o
#23 11.75     CC       tc_exec.o
#23 11.79     CC       m_police.o
#23 11.87     CC       m_estimator.o
#23 11.90     CC       m_action.o
#23 12.05     CC       m_ematch.o
#23 12.16     YACC     emp_ematch.tab.c
#23 12.23     CC       emp_ematch.tab.o
#23 12.34     LEX      emp_ematch.lex.c
#23 12.35     CC       emp_ematch.lex.o
#23 12.52     CC       q_fifo.o
#23 12.56     CC       q_sfq.o
#23 12.63     CC       q_red.o
#23 12.70     CC       q_prio.o
#23 12.74     CC       q_skbprio.o
#23 12.78     CC       q_tbf.o
#23 12.86     CC       q_multiq.o
#23 12.89     CC       q_netem.o
#23 13.11     CC       q_choke.o
#23 13.18     CC       q_sfb.o
#23 13.24     CC       f_u32.o
#23 13.50     CC       f_route.o
#23 13.56     CC       f_fw.o
#23 13.62     CC       f_basic.o
#23 13.66     CC       f_bpf.o
#23 13.73     CC       f_flow.o
#23 13.81     CC       f_cgroup.o
#23 13.85     CC       f_flower.o
#23 13.86 In file included from ../include/uapi/linux/netdevice.h:29,
#23 13.86                  from ../include/uapi/linux/if_arp.h:27,
#23 13.86                  from f_flower.c:14:
#23 13.86 ../include/uapi/linux/if.h:134: warning: "IFF_VOLATILE" redefined
#23 13.86   134 | #define IFF_VOLATILE    (IFF_LOOPBACK|IFF_POINTOPOINT|IFF_BROADCAST|IFF_ECHO|\
#23 13.86       | 
#23 13.86 In file included from f_flower.c:12:
#23 13.86 /usr/include/net/if.h:48: note: this is the location of the previous definition
#23 13.86    48 | #define IFF_VOLATILE (IFF_LOOPBACK|IFF_POINTOPOINT|IFF_BROADCAST| \
#23 13.86       | 
#23 14.38     CC       q_gred.o
#23 14.48     CC       q_ingress.o
#23 14.51     CC       q_hfsc.o
#23 14.59     CC       q_htb.o
#23 14.68     CC       q_drr.o
#23 14.72     CC       q_qfq.o
#23 14.75     CC       m_gact.o
#23 14.80     CC       m_mirred.o
#23 14.88     CC       m_mpls.o
#23 14.94     CC       m_nat.o
#23 14.99     CC       m_pedit.o
#23 15.12     CC       m_ife.o
#23 15.20     CC       m_skbedit.o
#23 15.27     CC       m_skbmod.o
#23 15.33     CC       m_csum.o
#23 15.39     CC       m_simple.o
#23 15.43     CC       m_vlan.o
#23 15.50     CC       m_connmark.o
#23 15.53     CC       m_ctinfo.o
#23 15.59     CC       m_bpf.o
#23 15.64     CC       m_tunnel_key.o
#23 15.76     CC       m_sample.o
#23 15.82     CC       m_ct.o
#23 15.92     CC       m_gate.o
#23 16.01     CC       p_ip.o
#23 16.05     CC       p_ip6.o
#23 16.09     CC       p_icmp.o
#23 16.11     CC       p_eth.o
#23 16.14     CC       p_tcp.o
#23 16.17     CC       p_udp.o
#23 16.20     CC       em_nbyte.o
#23 16.24     CC       em_cmp.o
#23 16.29     CC       em_u32.o
#23 16.34     CC       em_canid.o
#23 16.39     CC       em_meta.o
#23 16.50     CC       q_mqprio.o
#23 16.61     CC       q_codel.o
#23 16.66     CC       q_fq_codel.o
#23 16.73     CC       q_fq.o
#23 16.85     CC       q_pie.o
#23 16.91     CC       q_fq_pie.o
#23 16.98     CC       q_cake.o
#23 17.15     CC       q_hhf.o
#23 17.20     CC       q_clsact.o
#23 17.23     CC       e_bpf.o
#23 17.28     CC       f_matchall.o
#23 17.33     CC       q_cbs.o
#23 17.38     CC       q_etf.o
#23 17.43     CC       q_taprio.o
#23 17.54     CC       q_plug.o
#23 17.58     CC       q_ets.o
#23 17.65     CC       em_ipt.o
#23 17.67 In file included from tc_util.h:7,
#23 17.67                  from m_ematch.h:11,
#23 17.67                  from em_ipt.c:13:
#23 17.67 ../include/uapi/linux/if.h:134: warning: "IFF_VOLATILE" redefined
#23 17.67   134 | #define IFF_VOLATILE    (IFF_LOOPBACK|IFF_POINTOPOINT|IFF_BROADCAST|IFF_ECHO|\
#23 17.67       | 
#23 17.67 In file included from ../include/xtables.h:17,
#23 17.67                  from em_ipt.c:12:
#23 17.67 /usr/include/net/if.h:48: note: this is the location of the previous definition
#23 17.67    48 | #define IFF_VOLATILE (IFF_LOOPBACK|IFF_POINTOPOINT|IFF_BROADCAST| \
#23 17.67       | 
#23 17.70     CC       em_ipset.o
#23 17.72 In file included from tc_util.h:7,
#23 17.72                  from m_ematch.h:11,
#23 17.72                  from em_ipset.c:39:
#23 17.72 ../include/uapi/linux/if.h:134: warning: "IFF_VOLATILE" redefined
#23 17.72   134 | #define IFF_VOLATILE    (IFF_LOOPBACK|IFF_POINTOPOINT|IFF_BROADCAST|IFF_ECHO|\
#23 17.72       | 
#23 17.72 In file included from ../include/xtables.h:17,
#23 17.72                  from em_ipset.c:23:
#23 17.72 /usr/include/net/if.h:48: note: this is the location of the previous definition
#23 17.72    48 | #define IFF_VOLATILE (IFF_LOOPBACK|IFF_POINTOPOINT|IFF_BROADCAST| \
#23 17.72       | 
#23 17.75     CC       tc_core.o
#23 17.82     CC       tc_red.o
#23 17.87     CC       tc_estimator.o
#23 17.91     CC       tc_stab.o
#23 17.96     CC       tc_qevent.o
#23 17.97 In file included from tc_qevent.h:7,
#23 17.97                  from tc_qevent.c:10:
#23 17.97 ../include/libnetlink.h: In function 'rta_getattr_be64':
#23 17.97 ../include/libnetlink.h:280:16: warning: implicit declaration of function 'htobe64' [-Wimplicit-function-declaration]
#23 17.97   280 |         return htobe64(rta_getattr_u64(rta));
#23 17.97       |                ^~~~~~~
#23 18.02     AR       libtc.a
#23 18.02     LINK     tc
#23 18.05 rm emp_ematch.lex.c
#23 18.05 
#23 18.05 bridge
#23 18.05     CC       bridge.o
#23 18.10     CC       fdb.o
#23 18.12 In file included from fdb.c:28:
#23 18.12 ../include/libnetlink.h: In function 'rta_getattr_be64':
#23 18.12 ../include/libnetlink.h:280:16: warning: implicit declaration of function 'htobe64' [-Wimplicit-function-declaration]
#23 18.12   280 |         return htobe64(rta_getattr_u64(rta));
#23 18.12       |                ^~~~~~~
#23 18.28     CC       monitor.o
#23 18.32     CC       link.o
#23 18.33 In file included from link.c:16:
#23 18.33 ../include/libnetlink.h: In function 'rta_getattr_be64':
#23 18.33 ../include/libnetlink.h:280:16: warning: implicit declaration of function 'htobe64' [-Wimplicit-function-declaration]
#23 18.33   280 |         return htobe64(rta_getattr_u64(rta));
#23 18.33       |                ^~~~~~~
#23 18.47     CC       mdb.o
#23 18.48 In file included from mdb.c:20:
#23 18.48 ../include/libnetlink.h: In function 'rta_getattr_be64':
#23 18.48 ../include/libnetlink.h:280:16: warning: implicit declaration of function 'htobe64' [-Wimplicit-function-declaration]
#23 18.48   280 |         return htobe64(rta_getattr_u64(rta));
#23 18.48       |                ^~~~~~~
#23 18.66     CC       vlan.o
#23 18.67 In file included from vlan.c:16:
#23 18.67 ../include/libnetlink.h: In function 'rta_getattr_be64':
#23 18.67 ../include/libnetlink.h:280:16: warning: implicit declaration of function 'htobe64' [-Wimplicit-function-declaration]
#23 18.67   280 |         return htobe64(rta_getattr_u64(rta));
#23 18.67       |                ^~~~~~~
#23 18.88     CC       vni.o
#23 18.89 In file included from vni.c:21:
#23 18.89 ../include/libnetlink.h: In function 'rta_getattr_be64':
#23 18.89 ../include/libnetlink.h:280:16: warning: implicit declaration of function 'htobe64' [-Wimplicit-function-declaration]
#23 18.89   280 |         return htobe64(rta_getattr_u64(rta));
#23 18.89       |                ^~~~~~~
#23 18.96     LINK     bridge
#23 18.97 
#23 18.97 misc
#23 18.97     CC       ss.o
#23 19.00 In file included from ../include/uapi/linux/tipc.h:42,
#23 19.00                  from ss.c:49:
#23 19.00 ../include/uapi/linux/sockios.h:42: warning: "SIOCGSTAMP" redefined
#23 19.00    42 | #define SIOCGSTAMP      SIOCGSTAMP_OLD
#23 19.00       | 
#23 19.00 In file included from /usr/include/sys/ioctl.h:10,
#23 19.00                  from ss.c:12:
#23 19.00 /usr/include/bits/ioctl.h:111: note: this is the location of the previous definition
#23 19.00   111 | #define SIOCGSTAMP      0x8906
#23 19.00       | 
#23 19.00 ../include/uapi/linux/sockios.h:43: warning: "SIOCGSTAMPNS" redefined
#23 19.00    43 | #define SIOCGSTAMPNS    SIOCGSTAMPNS_OLD
#23 19.00       | 
#23 19.00 /usr/include/bits/ioctl.h:112: note: this is the location of the previous definition
#23 19.00   112 | #define SIOCGSTAMPNS    0x8907
#23 19.00       | 
#23 19.87     CC       ssfilter_check.o
#23 19.89 In file included from ssfilter_check.c:6:
#23 19.89 ../include/libnetlink.h: In function 'rta_getattr_be64':
#23 19.89 ../include/libnetlink.h:280:16: warning: implicit declaration of function 'htobe64' [-Wimplicit-function-declaration]
#23 19.89   280 |         return htobe64(rta_getattr_u64(rta));
#23 19.89       |                ^~~~~~~
#23 19.90     YACC     ssfilter.tab.c
#23 19.97     CC       ssfilter.tab.o
#23 20.08     LINK     ss
#23 20.09     CC       nstat
#23 20.24     CC       ifstat
#23 20.26 In file included from ifstat.c:30:
#23 20.26 ../include/libnetlink.h: In function 'rta_getattr_be64':
#23 20.26 ../include/libnetlink.h:280:16: warning: implicit declaration of function 'htobe64' [-Wimplicit-function-declaration]
#23 20.26   280 |         return htobe64(rta_getattr_u64(rta));
#23 20.26       |                ^~~~~~~
#23 20.42     CC       rtacct
#23 20.58     CC       lnstat.o
#23 20.66     CC       lnstat_util.o
#23 20.73     LINK     lnstat
#23 20.74 
#23 20.74 netem
#23 20.74 gcc  -I../include -o maketable maketable.c -lm
#23 20.77 gcc  -I../include -o normal normal.c -lm
#23 20.80 gcc  -I../include -o pareto pareto.c -lm
#23 20.82 gcc  -I../include -o paretonormal paretonormal.c -lm
#23 20.85 ./normal > normal.dist
#23 20.86 ./pareto > pareto.dist
#23 20.86 ./paretonormal > paretonormal.dist
#23 20.87 ./maketable experimental.dat > experimental.dist
#23 20.88 
#23 20.88 genl
#23 20.88     CC       genl.o
#23 20.92     CC       ctrl.o
#23 20.99     LINK     genl
#23 21.01 
#23 21.01 man
#23 21.01 make[2]: Nothing to be done for 'all'.
#23 21.01 make[2]: Nothing to be done for 'all'.
#23 21.01 sed \
#23 21.01 	-e "s|@NETNS_ETC_DIR@|/etc/netns|g" \
#23 21.01 	-e "s|@NETNS_RUN_DIR@|/var/run/netns|g" \
#23 21.01 	-e "s|@SYSCONF_ETC_DIR@|/etc/iproute2|g" \
#23 21.01 	-e "s|@SYSCONF_USR_DIR@|/usr/share/iproute2|g" \
#23 21.01 	ip-address.8.in > ip-address.8
#23 21.01 sed \
#23 21.01 	-e "s|@NETNS_ETC_DIR@|/etc/netns|g" \
#23 21.01 	-e "s|@NETNS_RUN_DIR@|/var/run/netns|g" \
#23 21.01 	-e "s|@SYSCONF_ETC_DIR@|/etc/iproute2|g" \
#23 21.01 	-e "s|@SYSCONF_USR_DIR@|/usr/share/iproute2|g" \
#23 21.01 	ip-link.8.in > ip-link.8
#23 21.02 sed \
#23 21.02 	-e "s|@NETNS_ETC_DIR@|/etc/netns|g" \
#23 21.02 	-e "s|@NETNS_RUN_DIR@|/var/run/netns|g" \
#23 21.02 	-e "s|@SYSCONF_ETC_DIR@|/etc/iproute2|g" \
#23 21.02 	-e "s|@SYSCONF_USR_DIR@|/usr/share/iproute2|g" \
#23 21.02 	ip-netns.8.in > ip-netns.8
#23 21.02 sed \
#23 21.02 	-e "s|@NETNS_ETC_DIR@|/etc/netns|g" \
#23 21.02 	-e "s|@NETNS_RUN_DIR@|/var/run/netns|g" \
#23 21.02 	-e "s|@SYSCONF_ETC_DIR@|/etc/iproute2|g" \
#23 21.02 	-e "s|@SYSCONF_USR_DIR@|/usr/share/iproute2|g" \
#23 21.02 	ip-route.8.in > ip-route.8
#23 21.02 
#23 21.02 tipc
#23 21.03     CC       bearer.o
#23 21.21     CC       cmdl.o
#23 21.25     CC       link.o
#23 21.45     CC       media.o
#23 21.50     CC       misc.o
#23 21.55     CC       msg.o
#23 21.58     CC       nametable.o
#23 21.61     CC       node.o
#23 21.71     CC       socket.o
#23 21.74     CC       peer.o
#23 21.78     CC       tipc.o
#23 21.81     LINK     tipc
#23 21.82 
#23 21.82 devlink
#23 21.82     CC       devlink.o
#23 23.57     CC       mnlg.o
#23 23.58 In file included from mnlg.c:16:
#23 23.58 ../include/libnetlink.h: In function 'rta_getattr_be64':
#23 23.58 ../include/libnetlink.h:280:16: warning: implicit declaration of function 'htobe64' [-Wimplicit-function-declaration]
#23 23.58   280 |         return htobe64(rta_getattr_u64(rta));
#23 23.58       |                ^~~~~~~
#23 23.61     LINK     devlink
#23 23.63 
#23 23.63 rdma
#23 23.63     CC       rdma.o
#23 23.65 rdma.c: In function 'main':
#23 23.65 rdma.c:110:20: warning: implicit declaration of function 'basename'; did you mean 'rename'? [-Wimplicit-function-declaration]
#23 23.65   110 |         filename = basename(argv[0]);
#23 23.65       |                    ^~~~~~~~
#23 23.65       |                    rename
#23 23.65 rdma.c:110:18: warning: assignment to 'char *' from 'int' makes pointer from integer without a cast [-Wint-conversion]
#23 23.65   110 |         filename = basename(argv[0]);
#23 23.65       |                  ^
#23 23.68     CC       utils.o
#23 23.87     CC       dev.o
#23 23.95     CC       link.o
#23 24.02     CC       res.o
#23 24.14     CC       res-pd.o
#23 24.18     CC       res-mr.o
#23 24.23     CC       res-cq.o
#23 24.28     CC       res-cmid.o
#23 24.34     CC       res-qp.o
#23 24.39     CC       sys.o
#23 24.45     CC       stat.o
#23 24.66     CC       stat-mr.o
#23 24.70     CC       res-ctx.o
#23 24.74     CC       res-srq.o
#23 24.80     LINK     rdma
#23 24.82 
#23 24.82 dcb
#23 24.82     CC       dcb.o
#23 24.84 In file included from ../include/namespace.h:10,
#23 24.84                  from dcb.c:11:
#23 24.84 ../include/libnetlink.h: In function 'rta_getattr_be64':
#23 24.84 ../include/libnetlink.h:280:16: warning: implicit declaration of function 'htobe64' [-Wimplicit-function-declaration]
#23 24.84   280 |         return htobe64(rta_getattr_u64(rta));
#23 24.84       |                ^~~~~~~
#23 24.95     CC       dcb_app.o
#23 25.14     CC       dcb_buffer.o
#23 25.20     CC       dcb_dcbx.o
#23 25.25     CC       dcb_ets.o
#23 25.34     CC       dcb_maxrate.o
#23 25.39     CC       dcb_pfc.o
#23 25.47     CC       dcb_apptrust.o
#23 25.54     CC       dcb_rewr.o
#23 25.62     LINK     dcb
#23 25.64 
#23 25.64 vdpa
#23 25.64     CC       vdpa.o
#23 25.81     LINK     vdpa
#23 DONE 25.9s

#24 [20/22] RUN git clone --no-single-branch --depth=1 https://github.com/linux-netdev/testing.git /nipa-data/kernel
#24 0.382 Cloning into '/nipa-data/kernel'...
#24 24.09 Updating files:  17% (14445/83283)Updating files:  18% (14991/83283)Updating files:  19% (15824/83283)Updating files:  20% (16657/83283)Updating files:  21% (17490/83283)Updating files:  22% (18323/83283)Updating files:  23% (19156/83283)Updating files:  24% (19988/83283)Updating files:  25% (20821/83283)Updating files:  26% (21654/83283)Updating files:  27% (22487/83283)Updating files:  28% (23320/83283)Updating files:  29% (24153/83283)Updating files:  30% (24985/83283)Updating files:  31% (25818/83283)Updating files:  32% (26651/83283)Updating files:  33% (27484/83283)Updating files:  34% (28317/83283)Updating files:  34% (28761/83283)Updating files:  35% (29150/83283)Updating files:  36% (29982/83283)Updating files:  37% (30815/83283)Updating files:  38% (31648/83283)Updating files:  39% (32481/83283)Updating files:  40% (33314/83283)Updating files:  40% (33602/83283)Updating files:  41% (34147/83283)Updating files:  42% (34979/83283)Updating files:  43% (35812/83283)Updating files:  44% (36645/83283)Updating files:  45% (37478/83283)Updating files:  46% (38311/83283)Updating files:  47% (39144/83283)Updating files:  48% (39976/83283)Updating files:  49% (40809/83283)Updating files:  50% (41642/83283)Updating files:  51% (42475/83283)Updating files:  51% (43030/83283)Updating files:  52% (43308/83283)Updating files:  53% (44140/83283)Updating files:  54% (44973/83283)Updating files:  55% (45806/83283)Updating files:  56% (46639/83283)Updating files:  57% (47472/83283)Updating files:  58% (48305/83283)Updating files:  59% (49137/83283)Updating files:  60% (49970/83283)Updating files:  61% (50803/83283)Updating files:  62% (51636/83283)Updating files:  63% (52469/83283)Updating files:  64% (53302/83283)Updating files:  65% (54134/83283)Updating files:  65% (54965/83283)Updating files:  66% (54967/83283)Updating files:  67% (55800/83283)Updating files:  68% (56633/83283)Updating files:  69% (57466/83283)Updating files:  70% (58299/83283)Updating files:  71% (59131/83283)Updating files:  72% (59964/83283)Updating files:  73% (60797/83283)Updating files:  74% (61630/83283)Updating files:  75% (62463/83283)Updating files:  76% (63296/83283)Updating files:  77% (64128/83283)Updating files:  78% (64961/83283)Updating files:  79% (65794/83283)Updating files:  80% (66627/83283)Updating files:  81% (67460/83283)Updating files:  82% (68293/83283)Updating files:  83% (69125/83283)Updating files:  83% (69912/83283)Updating files:  84% (69958/83283)Updating files:  85% (70791/83283)Updating files:  86% (71624/83283)Updating files:  87% (72457/83283)Updating files:  88% (73290/83283)Updating files:  89% (74122/83283)Updating files:  90% (74955/83283)Updating files:  91% (75788/83283)Updating files:  92% (76621/83283)Updating files:  93% (77454/83283)Updating files:  94% (78287/83283)Updating files:  95% (79119/83283)Updating files:  96% (79952/83283)Updating files:  97% (80785/83283)Updating files:  98% (81618/83283)Updating files:  99% (82451/83283)Updating files: 100% (83283/83283)Updating files: 100% (83283/83283), done.
#24 DONE 32.3s

#25 [21/22] RUN git clone --depth=1 -b main https://github.com/p4tc-dev/new-nipa.git nipa
#25 0.831 Cloning into 'nipa'...
#25 DONE 1.6s

#26 [22/22] COPY entrypoint.sh /entrypoint.sh
#26 DONE 0.4s

#27 exporting to image
#27 exporting layers
#27 exporting layers 7.8s done
#27 writing image sha256:055be08d3d4f4776c336dba3e32b2c840f3516397fd107c87dedd0680e9e2e56 0.0s done
#27 naming to docker.io/library/nipa-executor 0.0s done
#27 DONE 7.9s
NIPA version: 1b9c21a (ui: set canvas background color to stand out, 2024-03-28)
INFO: Last run date: 2024-06-02 18:00:12.462098+00:00
Testing  {'branch': 'net-next-2024-06-02--21-00', 'date': '2024-06-02T21:00:08.995758+00:00', 'base': '2908bcccaf78ce352ef80e45fdb18a65a8df5543', 'url': 'https://github.com/linux-netdev/testing.git net-next-2024-06-02--21-00'}
Updating files:  35% (7689/21769)Updating files:  36% (7837/21769)Updating files:  37% (8055/21769)Updating files:  38% (8273/21769)Updating files:  39% (8490/21769)Updating files:  40% (8708/21769)Updating files:  41% (8926/21769)Updating files:  42% (9143/21769)Updating files:  43% (9361/21769)Updating files:  44% (9579/21769)Updating files:  45% (9797/21769)Updating files:  46% (10014/21769)Updating files:  47% (10232/21769)Updating files:  48% (10450/21769)Updating files:  49% (10667/21769)Updating files:  50% (10885/21769)Updating files:  51% (11103/21769)Updating files:  52% (11320/21769)Updating files:  53% (11538/21769)Updating files:  54% (11756/21769)Updating files:  55% (11973/21769)Updating files:  56% (12191/21769)Updating files:  57% (12409/21769)Updating files:  58% (12627/21769)Updating files:  59% (12844/21769)Updating files:  60% (13062/21769)Updating files:  61% (13280/21769)Updating files:  62% (13497/21769)Updating files:  63% (13715/21769)Updating files:  64% (13933/21769)Updating files:  64% (14072/21769)Updating files:  65% (14150/21769)Updating files:  66% (14368/21769)Updating files:  67% (14586/21769)Updating files:  68% (14803/21769)Updating files:  69% (15021/21769)Updating files:  70% (15239/21769)Updating files:  71% (15456/21769)Updating files:  72% (15674/21769)Updating files:  73% (15892/21769)Updating files:  74% (16110/21769)Updating files:  75% (16327/21769)Updating files:  76% (16545/21769)Updating files:  77% (16763/21769)Updating files:  78% (16980/21769)Updating files:  79% (17198/21769)Updating files:  80% (17416/21769)Updating files:  81% (17633/21769)Updating files:  82% (17851/21769)Updating files:  83% (18069/21769)Updating files:  84% (18286/21769)Updating files:  85% (18504/21769)Updating files:  86% (18722/21769)Updating files:  87% (18940/21769)Updating files:  88% (19157/21769)Updating files:  89% (19375/21769)Updating files:  90% (19593/21769)Updating files:  91% (19810/21769)Updating files:  92% (20028/21769)Updating files:  93% (20246/21769)Updating files:  94% (20463/21769)Updating files:  95% (20681/21769)Updating files:  96% (20899/21769)Updating files:  97% (21116/21769)Updating files:  98% (21334/21769)Updating files:  99% (21552/21769)Updating files: 100% (21769/21769)Updating files: 100% (21769/21769), done.
branch 'net-next-2024-06-02--21-00' set up to track 'origin/net-next-2024-06-02--21-00'.
Switched to a new branch 'net-next-2024-06-02--21-00'
error: No valid patches in input (allow with "--allow-empty")
Checking patch tools/testing/selftests/tc-testing/tdc_config.py...
Applied patch tools/testing/selftests/tc-testing/tdc_config.py cleanly.
Run at 2024-06-02 21:03:44.980310
INFO: building kernel
INFO: starting VM 0
INFO: thr0-0 VM starting: vng -v -r arch/x86/boot/bzImage --user root --rwdir=/nipa-data/kernel/
INFO: thr0-0 expecting prompt: '/nipa-data/kernel# '
INFO: thr0-0 reached initial prompt
INFO: thr-0 testing == tdc.sh
INFO: thr-0 tdc.sh >> retcode: 0 result: pass found {'fail': False, 'skip': False, 'pass': True}
INFO: thr-0 has no more work, exiting
INFO: thr0-0 VM stopped
Done at 2024-06-02 21:07:26.486259
NIPA quitting!
/
~/nipa/tc-executor/tc-executor-storage /
sort: write failed: 'standard output': Broken pipe
sort: write error
