~/nipa/tc-executor/tc-executor-storage /
Switched to branch 'storage-dbg'
Your branch is ahead of 'origin/storage-dbg' by 991 commits.
  (use "git push" to publish your local commits)
/
~/nipa/tc-executor /
Error response from daemon: No such image: nipa-executor:latest
#0 building with "default" instance using docker driver

#1 [internal] load .dockerignore
#1 transferring context: 2B done
#1 DONE 0.0s

#2 [internal] load build definition from Dockerfile
#2 transferring dockerfile: 2.05kB done
#2 DONE 0.0s

#3 [internal] load metadata for docker.io/library/alpine:edge
#3 DONE 0.0s

#4 [ 1/22] FROM docker.io/library/alpine:edge
#4 CACHED

#5 [internal] load build context
#5 transferring context: 3.02kB done
#5 DONE 0.0s

#6 [ 2/22] RUN echo true > debug-mode
#6 DONE 0.8s

#7 [ 3/22] RUN addgroup -g 1001 hostuser
#7 DONE 0.5s

#8 [ 4/22] RUN adduser -u 1001 -G hostuser -H -D -s /bin/ash hostuser
#8 DONE 0.4s

#9 [ 5/22] RUN echo '@testing http://dl-cdn.alpinelinux.org/alpine/edge/testing' >> /etc/apk/repositories
#9 DONE 0.5s

#10 [ 6/22] RUN echo '@community http://dl-cdn.alpinelinux.org/alpine/edge/community' >> /etc/apk/repositories
#10 DONE 0.4s

#11 [ 7/22] RUN apk update && apk add --no-cache    virtme-ng@testing    git    py3-requests    py3-psutil    py3-setuptools    py3-pyroute2    py3-argcomplete    qemu-system-x86_64@community    scapy@community    make    gcc    musl-dev    flex    bison    linux-headers    elfutils-dev    util-linux    coreutils    diffutils    findutils    file    bash    kmod    perl    iptables-dev    libcap-dev    libmnl-dev    iproute2     jq    libbpf-dev    rsync    openssl-dev
#11 0.352 fetch https://dl-cdn.alpinelinux.org/alpine/edge/main/x86_64/APKINDEX.tar.gz
#11 0.571 fetch https://dl-cdn.alpinelinux.org/alpine/edge/community/x86_64/APKINDEX.tar.gz
#11 1.127 fetch http://dl-cdn.alpinelinux.org/alpine/edge/testing/x86_64/APKINDEX.tar.gz
#11 1.339 fetch http://dl-cdn.alpinelinux.org/alpine/edge/community/x86_64/APKINDEX.tar.gz
#11 1.608 v20240606-983-gda4bff2aee0 [https://dl-cdn.alpinelinux.org/alpine/edge/main]
#11 1.608 v20240606-987-g46de16af764 [https://dl-cdn.alpinelinux.org/alpine/edge/community]
#11 1.608 v20240606-977-g7f3e00707b9 [http://dl-cdn.alpinelinux.org/alpine/edge/testing]
#11 1.608 v20240606-987-g46de16af764 [http://dl-cdn.alpinelinux.org/alpine/edge/community]
#11 1.608 OK: 31608 distinct packages available
#11 1.674 fetch https://dl-cdn.alpinelinux.org/alpine/edge/main/x86_64/APKINDEX.tar.gz
#11 1.780 fetch https://dl-cdn.alpinelinux.org/alpine/edge/community/x86_64/APKINDEX.tar.gz
#11 1.887 fetch http://dl-cdn.alpinelinux.org/alpine/edge/testing/x86_64/APKINDEX.tar.gz
#11 1.982 fetch http://dl-cdn.alpinelinux.org/alpine/edge/community/x86_64/APKINDEX.tar.gz
#11 2.210 (1/176) Upgrading musl (1.2.4_git20230717-r5 -> 1.2.5-r1)
#11 2.226 (2/176) Upgrading libcrypto3 (3.1.4-r2 -> 3.3.1-r0)
#11 2.264 (3/176) Upgrading libssl3 (3.1.4-r2 -> 3.3.1-r0)
#11 2.281 (4/176) Upgrading zlib (1.3-r2 -> 1.3.1-r1)
#11 2.294 (5/176) Installing ncurses-terminfo-base (6.4_p20240420-r0)
#11 2.309 (6/176) Installing libncursesw (6.4_p20240420-r0)
#11 2.324 (7/176) Installing readline (8.2.10-r0)
#11 2.338 (8/176) Installing bash (5.2.26-r0)
#11 2.359 Executing bash-5.2.26-r0.post-install
#11 2.362 (9/176) Installing m4 (1.4.19-r3)
#11 2.376 (10/176) Installing bison (3.8.2-r1)
#11 2.397 (11/176) Installing coreutils-env (9.5-r1)
#11 2.408 (12/176) Installing coreutils-fmt (9.5-r1)
#11 2.432 (13/176) Installing coreutils-sha512sum (9.5-r1)
#11 2.443 (14/176) Installing libacl (2.3.2-r0)
#11 2.455 (15/176) Installing libattr (2.5.2-r0)
#11 2.466 (16/176) Installing skalibs (2.14.2.0-r0)
#11 2.480 (17/176) Installing utmps-libs (0.1.2.2-r1)
#11 2.491 (18/176) Installing coreutils (9.5-r1)
#11 2.514 (19/176) Installing diffutils (3.10-r0)
#11 2.530 (20/176) Installing zstd-libs (1.5.6-r0)
#11 2.549 (21/176) Installing libelf (0.191-r0)
#11 2.563 (22/176) Installing libbz2 (1.0.8-r6)
#11 2.575 (23/176) Installing musl-fts (1.2.7-r6)
#11 2.587 (24/176) Installing xz-libs (5.6.2-r0)
#11 2.600 (25/176) Installing libdw (0.191-r0)
#11 2.617 (26/176) Installing libasm (0.191-r0)
#11 2.629 (27/176) Installing xz (5.6.2-r0)
#11 2.643 (28/176) Installing pkgconf (2.2.0-r0)
#11 2.656 (29/176) Installing xz-dev (5.6.2-r0)
#11 2.670 (30/176) Installing libgcc (13.2.1_git20240309-r0)
#11 2.683 (31/176) Installing libstdc++ (13.2.1_git20240309-r0)
#11 2.709 (32/176) Installing zstd (1.5.6-r0)
#11 2.723 (33/176) Installing zstd-dev (1.5.6-r0)
#11 2.736 (34/176) Installing zlib-dev (1.3.1-r1)
#11 2.748 (35/176) Installing elfutils-dev (0.191-r0)
#11 2.770 (36/176) Installing libmagic (5.45-r1)
#11 2.801 (37/176) Installing file (5.45-r1)
#11 2.812 (38/176) Installing findutils (4.9.0-r5)
#11 2.826 (39/176) Installing flex (2.6.4-r6)
#11 2.840 (40/176) Installing jansson (2.14-r4)
#11 2.852 (41/176) Installing binutils (2.42-r0)
#11 2.911 (42/176) Installing libgomp (13.2.1_git20240309-r0)
#11 2.925 (43/176) Installing libatomic (13.2.1_git20240309-r0)
#11 2.937 (44/176) Installing gmp (6.3.0-r1)
#11 2.953 (45/176) Installing isl26 (0.26-r1)
#11 2.977 (46/176) Installing mpfr4 (4.2.1-r0)
#11 2.994 (47/176) Installing mpc1 (1.3.1-r1)
#11 3.010 (48/176) Installing gcc (13.2.1_git20240309-r0)
#11 3.537 (49/176) Installing ca-certificates (20240226-r0)
#11 3.559 (50/176) Installing brotli-libs (1.1.0-r2)
#11 3.579 (51/176) Installing c-ares (1.28.1-r0)
#11 3.591 (52/176) Installing libunistring (1.2-r0)
#11 3.612 (53/176) Installing libidn2 (2.3.7-r0)
#11 3.627 (54/176) Installing nghttp2-libs (1.62.1-r0)
#11 3.640 (55/176) Installing libpsl (0.21.5-r1)
#11 3.652 (56/176) Installing libcurl (8.8.0-r0)
#11 3.669 (57/176) Installing libexpat (2.6.2-r0)
#11 3.682 (58/176) Installing pcre2 (10.43-r0)
#11 3.699 (59/176) Installing git (2.45.2-r1)
#11 3.760 (60/176) Installing git-init-template (2.45.2-r1)
#11 3.772 (61/176) Installing libcap2 (2.70-r0)
#11 3.785 (62/176) Installing libmnl (1.0.5-r2)
#11 3.797 (63/176) Installing iproute2-minimal (6.9.0-r0)
#11 3.814 (64/176) Installing libxtables (1.8.10-r3)
#11 3.826 (65/176) Installing iproute2-tc (6.9.0-r0)
#11 3.844 (66/176) Installing iproute2-ss (6.9.0-r0)
#11 3.858 (67/176) Installing iproute2 (6.9.0-r0)
#11 3.873 Executing iproute2-6.9.0-r0.post-install
#11 3.876 (68/176) Installing linux-headers (6.6-r0)
#11 3.963 (69/176) Installing libip4tc (1.8.10-r3)
#11 3.976 (70/176) Installing libip6tc (1.8.10-r3)
#11 3.987 (71/176) Installing libipq (1.8.10-r3)
#11 3.999 (72/176) Installing iptables-dev (1.8.10-r3)
#11 4.020 (73/176) Installing oniguruma (6.9.9-r0)
#11 4.038 (74/176) Installing jq (1.7.1-r0)
#11 4.055 (75/176) Installing kmod (32-r0)
#11 4.070 (76/176) Installing libbpf (1.4.3-r0)
#11 4.085 (77/176) Installing libbpf-dev (1.4.3-r0)
#11 4.105 (78/176) Installing libcap-dev (2.70-r0)
#11 4.117 (79/176) Installing libmnl-dev (1.0.5-r2)
#11 4.129 (80/176) Installing make (4.4.1-r2)
#11 4.144 (81/176) Installing musl-dev (1.2.5-r1)
#11 4.204 (82/176) Installing openssl-dev (3.3.1-r0)
#11 4.234 (83/176) Installing perl (5.40.0-r0)
#11 4.444 (84/176) Installing perl-error (0.17029-r2)
#11 4.456 (85/176) Installing perl-git (2.45.2-r1)
#11 4.468 (86/176) Installing git-perl (2.45.2-r1)
#11 4.481 (87/176) Installing libffi (3.4.6-r0)
#11 4.492 (88/176) Installing gdbm (1.23-r1)
#11 4.505 (89/176) Installing mpdecimal (4.0.0-r0)
#11 4.518 (90/176) Installing libpanelw (6.4_p20240420-r0)
#11 4.530 (91/176) Installing sqlite-libs (3.46.0-r0)
#11 4.558 (92/176) Installing python3 (3.12.3-r1)
#11 4.698 (93/176) Installing python3-pycache-pyc0 (3.12.3-r1)
#11 4.787 (94/176) Installing pyc (3.12.3-r1)
#11 4.799 (95/176) Installing py3-argcomplete-pyc (3.3.0-r0)
#11 4.812 (96/176) Installing python3-pyc (3.12.3-r1)
#11 4.824 (97/176) Installing py3-argcomplete (3.3.0-r0)
#11 4.837 (98/176) Installing py3-psutil (5.9.8-r1)
#11 4.852 (99/176) Installing py3-psutil-pyc (5.9.8-r1)
#11 4.867 (100/176) Installing py3-pyroute2 (0.7.12-r1)
#11 4.898 (101/176) Installing py3-pyroute2-pyc (0.7.12-r1)
#11 4.933 (102/176) Installing py3-certifi (2024.2.2-r1)
#11 4.945 (103/176) Installing py3-certifi-pyc (2024.2.2-r1)
#11 4.957 (104/176) Installing py3-charset-normalizer (3.3.2-r1)
#11 4.976 (105/176) Installing py3-charset-normalizer-pyc (3.3.2-r1)
#11 4.990 (106/176) Installing py3-idna (3.7-r0)
#11 5.004 (107/176) Installing py3-idna-pyc (3.7-r0)
#11 5.018 (108/176) Installing py3-urllib3 (1.26.18-r1)
#11 5.036 (109/176) Installing py3-urllib3-pyc (1.26.18-r1)
#11 5.055 (110/176) Installing py3-requests (2.32.3-r0)
#11 5.069 (111/176) Installing py3-requests-pyc (2.32.3-r0)
#11 5.083 (112/176) Installing py3-parsing (3.1.2-r1)
#11 5.099 (113/176) Installing py3-parsing-pyc (3.1.2-r1)
#11 5.115 (114/176) Installing py3-packaging (24.1-r0)
#11 5.129 (115/176) Installing py3-packaging-pyc (24.1-r0)
#11 5.143 (116/176) Installing py3-setuptools (70.1.0-r0)
#11 5.186 (117/176) Installing py3-setuptools-pyc (70.1.0-r0)
#11 5.228 (118/176) Installing libcap-ng (0.8.5-r0)
#11 5.240 (119/176) Installing libintl (0.22.5-r0)
#11 5.251 (120/176) Installing libeconf (0.6.3-r0)
#11 5.264 (121/176) Installing libblkid (2.40.1-r1)
#11 5.277 (122/176) Installing libmount (2.40.1-r1)
#11 5.292 (123/176) Installing glib (2.80.3-r0)
#11 5.329 (124/176) Installing numactl (2.0.18-r0)
#11 5.341 (125/176) Installing qemu (9.0.1-r0)
#11 5.357 Executing qemu-9.0.1-r0.pre-install
#11 5.454 Executing qemu-9.0.1-r0.post-install
#11 5.456 *
#11 5.456 * If you want to run VM as unprivileged user and let Qemu create tunX devices,
#11 5.456 * then you must add that user to the group "qemu".
#11 5.456 * If you use KVM for hardware-assisted virtualization, then you may also need
#11 5.456 * to add that user to the group "kvm".
#11 5.456 *
#11 5.456 (126/176) Installing qemu-bridge-helper (9.0.1-r0)
#11 5.473 (127/176) Installing libaio (0.3.113-r2)
#11 5.485 (128/176) Installing capstone (5.0.1-r4)
#11 5.519 (129/176) Installing nettle (3.9.1-r0)
#11 5.537 (130/176) Installing libtasn1 (4.19.0-r2)
#11 5.549 (131/176) Installing p11-kit (0.25.3-r0)
#11 5.567 (132/176) Installing gnutls (3.8.5-r0)
#11 5.589 (133/176) Installing libjpeg-turbo (3.0.3-r0)
#11 5.606 (134/176) Installing lzo (2.10-r5)
#11 5.620 (135/176) Installing pixman (0.43.2-r0)
#11 5.636 (136/176) Installing libpng (1.6.43-r0)
#11 5.649 (137/176) Installing libsasl (2.1.28-r7)
#11 5.663 (138/176) Installing libseccomp (2.5.5-r1)
#11 5.674 (139/176) Installing libslirp (4.8.0-r0)
#11 5.687 (140/176) Installing snappy (1.1.10-r2)
#11 5.702 (141/176) Installing vde2-libs (2.3.3-r3)
#11 5.715 (142/176) Installing qemu-system-x86_64 (9.0.1-r0)
#11 5.823 (143/176) Installing lz4-libs (1.9.4-r5)
#11 5.836 (144/176) Installing popt (1.19-r3)
#11 5.848 (145/176) Installing libxxhash (0.8.2-r2)
#11 5.861 (146/176) Installing rsync (3.3.0-r0)
#11 5.877 (147/176) Installing scapy (2.5.0-r3)
#11 5.931 Executing scapy-2.5.0-r3.post-install
#11 5.933 *
#11 5.933 * Certain optional features of scapy also depend on the following packages:
#11 5.933 *     py3-matplotlib graphviz imagemagick py3-cryptography sox
#11 5.933 * And the following unpackaged dependencies:
#11 5.933 *     pyxi vpython-jupyter nmap<v4.23
#11 5.933 * More information can be found at https://scapy.readthedocs.io/en/latest/installation.html#optional-dependencies
#11 5.933 *
#11 5.933 (148/176) Installing scapy-pyc (2.5.0-r3)
#11 5.994 (149/176) Installing util-linux (2.40.1-r1)
#11 6.006 (150/176) Installing dmesg (2.40.1-r1)
#11 6.018 (151/176) Installing setarch (2.40.1-r1)
#11 6.030 (152/176) Installing libuuid (2.40.1-r1)
#11 6.041 (153/176) Installing libfdisk (2.40.1-r1)
#11 6.056 (154/176) Installing libsmartcols (2.40.1-r1)
#11 6.070 (155/176) Installing util-linux-misc (2.40.1-r1)
#11 6.097 (156/176) Installing linux-pam (1.6.0-r0)
#11 6.117 (157/176) Installing runuser (2.40.1-r1)
#11 6.135 (158/176) Installing mount (2.40.1-r1)
#11 6.147 (159/176) Installing losetup (2.40.1-r1)
#11 6.159 (160/176) Installing hexdump (2.40.1-r1)
#11 6.171 (161/176) Installing uuidgen (2.40.1-r1)
#11 6.183 (162/176) Installing blkid (2.40.1-r1)
#11 6.195 (163/176) Installing sfdisk (2.40.1-r1)
#11 6.207 (164/176) Installing mcookie (2.40.1-r1)
#11 6.219 (165/176) Installing agetty (2.40.1-r1)
#11 6.231 (166/176) Installing wipefs (2.40.1-r1)
#11 6.243 (167/176) Installing cfdisk (2.40.1-r1)
#11 6.256 (168/176) Installing umount (2.40.1-r1)
#11 6.269 (169/176) Installing flock (2.40.1-r1)
#11 6.280 (170/176) Installing lsblk (2.40.1-r1)
#11 6.293 (171/176) Installing setpriv (2.40.1-r1)
#11 6.304 (172/176) Installing logger (2.40.1-r1)
#11 6.317 (173/176) Installing partx (2.40.1-r1)
#11 6.329 (174/176) Installing fstrim (2.40.1-r1)
#11 6.340 (175/176) Installing findmnt (2.40.1-r1)
#11 6.353 (176/176) Installing virtme-ng@testing (1.25-r0)
#11 6.407 Executing busybox-1.36.1-r17.trigger
#11 6.411 Executing ca-certificates-20240226-r0.trigger
#11 6.431 Executing glib-2.80.3-r0.trigger
#11 6.437 OK: 385 MiB in 187 packages
#11 DONE 6.8s

#12 [ 8/22] RUN mkdir -p /tmp/kernel-patches &&     mkdir -p /tmp/iproute2-patches
#12 DONE 0.3s

#13 [ 9/22] COPY tdc.config /tmp
#13 DONE 0.0s

#14 [10/22] COPY tdc-debug.config /tmp
#14 DONE 0.1s

#15 [11/22] COPY kernel-patches /tmp/kernel-patches/
#15 DONE 0.0s

#16 [12/22] COPY iproute2-patches /tmp/iproute2-patches/
#16 DONE 0.0s

#17 [13/22] COPY configs /tmp/configs/
#17 DONE 0.1s

#18 [14/22] RUN git config --global user.email foo@bar.com
#18 DONE 0.3s

#19 [15/22] RUN git config --global user.name foo@bar.com
#19 DONE 0.4s

#20 [16/22] RUN git clone https://git.kernel.org/pub/scm/network/iproute2/iproute2-next.git /nipa-data/iproute2
#20 0.395 Cloning into '/nipa-data/iproute2'...
#20 DONE 2.1s

#21 [17/22] RUN cd /nipa-data/iproute2 && 	git remote add stable https://git.kernel.org/pub/scm/network/iproute2/iproute2.git && 	git fetch --all && 	git merge stable/main
#21 0.294 Fetching origin
#21 0.621 Fetching stable
#21 1.171 From https://git.kernel.org/pub/scm/network/iproute2/iproute2
#21 1.171  * [new branch]        codeql         -> stable/codeql
#21 1.171  * [new branch]        iproute2-4.1.x -> stable/iproute2-4.1.x
#21 1.171  * [new branch]        main           -> stable/main
#21 1.200 Merge made by the 'ort' strategy.
#21 1.217  devlink/devlink.c | 4 ++--
#21 1.217  1 file changed, 2 insertions(+), 2 deletions(-)
#21 DONE 1.2s

#22 [18/22] RUN if [ "$(find /tmp/iproute2-patches/ -name *.patch)" ]; then  	cd /nipa-data/iproute2; 	git apply /tmp/iproute2-patches/*.patch;     fi
#22 DONE 0.4s

#23 [19/22] RUN cd /nipa-data/iproute2/ &&     ./configure &&     make
#23 0.374 TC schedulers
#23 0.375  IPT	using xtables
#23 0.403  IPSET  yes
#23 0.423 
#23 0.424 lib directory: /usr/lib
#23 0.424 libc has setns: yes
#23 0.445 libc has name_to_handle_at: yes
#23 0.466 SELinux support: no
#23 0.467 libtirpc support: no
#23 0.468 libbpf support: yes
#23 0.534 	libbpf version 1.4.3
#23 0.534 ELF support: yes
#23 0.536 libmnl support: yes
#23 0.538 Berkeley DB: no
#23 0.547 need for strlcpy: no
#23 0.569 libcap support: yes
#23 0.571 color output: never
#23 0.573 
#23 0.573 lib
#23 0.575     CC       libgenl.o
#23 0.588 In file included from ../include/libgenl.h:5,
#23 0.588                  from libgenl.c:12:
#23 0.588 ../include/libnetlink.h: In function 'rta_getattr_be64':
#23 0.588 ../include/libnetlink.h:280:16: warning: implicit declaration of function 'htobe64' [-Wimplicit-function-declaration]
#23 0.588   280 |         return htobe64(rta_getattr_u64(rta));
#23 0.588       |                ^~~~~~~
#23 0.616     CC       libnetlink.o
#23 0.917     CC       mnl_utils.o
#23 0.930 In file included from mnl_utils.c:12:
#23 0.930 ../include/libnetlink.h: In function 'rta_getattr_be64':
#23 0.930 ../include/libnetlink.h:280:16: warning: implicit declaration of function 'htobe64' [-Wimplicit-function-declaration]
#23 0.930   280 |         return htobe64(rta_getattr_u64(rta));
#23 0.930       |                ^~~~~~~
#23 0.992     AR       libnetlink.a
#23 0.994     CC       utils.o
#23 1.415     CC       utils_math.o
#23 1.456     CC       rt_names.o
#23 1.621     CC       ll_map.o
#23 1.634 In file included from ll_map.c:17:
#23 1.634 ../include/libnetlink.h: In function 'rta_getattr_be64':
#23 1.634 ../include/libnetlink.h:280:16: warning: implicit declaration of function 'htobe64' [-Wimplicit-function-declaration]
#23 1.634   280 |         return htobe64(rta_getattr_u64(rta));
#23 1.634       |                ^~~~~~~
#23 1.712     CC       ll_types.o
#23 1.724 In file included from ll_types.c:20:
#23 1.724 ../include/uapi/linux/sockios.h:42: warning: "SIOCGSTAMP" redefined
#23 1.724    42 | #define SIOCGSTAMP      SIOCGSTAMP_OLD
#23 1.724       | 
#23 1.724 In file included from /usr/include/sys/ioctl.h:10,
#23 1.724                  from ll_types.c:12:
#23 1.724 /usr/include/bits/ioctl.h:111: note: this is the location of the previous definition
#23 1.724   111 | #define SIOCGSTAMP      0x8906
#23 1.724       | 
#23 1.724 ../include/uapi/linux/sockios.h:43: warning: "SIOCGSTAMPNS" redefined
#23 1.724    43 | #define SIOCGSTAMPNS    SIOCGSTAMPNS_OLD
#23 1.724       | 
#23 1.724 /usr/include/bits/ioctl.h:112: note: this is the location of the previous definition
#23 1.724   112 | #define SIOCGSTAMPNS    0x8907
#23 1.724       | 
#23 1.739     CC       ll_proto.o
#23 1.751 In file included from ll_proto.c:21:
#23 1.751 ../include/uapi/linux/sockios.h:42: warning: "SIOCGSTAMP" redefined
#23 1.751    42 | #define SIOCGSTAMP      SIOCGSTAMP_OLD
#23 1.751       | 
#23 1.751 In file included from /usr/include/sys/ioctl.h:10,
#23 1.751                  from ll_proto.c:13:
#23 1.751 /usr/include/bits/ioctl.h:111: note: this is the location of the previous definition
#23 1.751   111 | #define SIOCGSTAMP      0x8906
#23 1.751       | 
#23 1.751 ../include/uapi/linux/sockios.h:43: warning: "SIOCGSTAMPNS" redefined
#23 1.751    43 | #define SIOCGSTAMPNS    SIOCGSTAMPNS_OLD
#23 1.751       | 
#23 1.751 /usr/include/bits/ioctl.h:112: note: this is the location of the previous definition
#23 1.751   112 | #define SIOCGSTAMPNS    0x8907
#23 1.751       | 
#23 1.764     CC       ll_addr.o
#23 1.776 In file included from ll_addr.c:20:
#23 1.776 ../include/uapi/linux/sockios.h:42: warning: "SIOCGSTAMP" redefined
#23 1.776    42 | #define SIOCGSTAMP      SIOCGSTAMP_OLD
#23 1.776       | 
#23 1.776 In file included from /usr/include/sys/ioctl.h:10,
#23 1.776                  from ll_addr.c:12:
#23 1.776 /usr/include/bits/ioctl.h:111: note: this is the location of the previous definition
#23 1.776   111 | #define SIOCGSTAMP      0x8906
#23 1.776       | 
#23 1.776 ../include/uapi/linux/sockios.h:43: warning: "SIOCGSTAMPNS" redefined
#23 1.776    43 | #define SIOCGSTAMPNS    SIOCGSTAMPNS_OLD
#23 1.776       | 
#23 1.776 /usr/include/bits/ioctl.h:112: note: this is the location of the previous definition
#23 1.776   112 | #define SIOCGSTAMPNS    0x8907
#23 1.776       | 
#23 1.804     CC       inet_proto.o
#23 1.831     CC       namespace.o
#23 1.883     CC       json_writer.o
#23 1.960     CC       json_print.o
#23 2.075     CC       json_print_math.o
#23 2.107     CC       names.o
#23 2.152     CC       color.o
#23 2.191     CC       bpf_legacy.o
#23 2.538     CC       bpf_glue.o
#23 2.571     CC       exec.o
#23 2.601     CC       fs.o
#23 2.663     CC       cg_map.o
#23 2.705     CC       ppp_proto.o
#23 2.727     CC       bpf_libbpf.o
#23 2.799     CC       selinux.o
#23 2.820     CC       ax25_ntop.o
#23 2.848     CC       rose_ntop.o
#23 2.861 In file included from rose_ntop.c:16:
#23 2.861 ../include/uapi/linux/sockios.h:42: warning: "SIOCGSTAMP" redefined
#23 2.861    42 | #define SIOCGSTAMP      SIOCGSTAMP_OLD
#23 2.861       | 
#23 2.861 In file included from /usr/include/sys/ioctl.h:10,
#23 2.861                  from rose_ntop.c:7:
#23 2.861 /usr/include/bits/ioctl.h:111: note: this is the location of the previous definition
#23 2.861   111 | #define SIOCGSTAMP      0x8906
#23 2.861       | 
#23 2.861 ../include/uapi/linux/sockios.h:43: warning: "SIOCGSTAMPNS" redefined
#23 2.861    43 | #define SIOCGSTAMPNS    SIOCGSTAMPNS_OLD
#23 2.861       | 
#23 2.861 /usr/include/bits/ioctl.h:112: note: this is the location of the previous definition
#23 2.861   112 | #define SIOCGSTAMPNS    0x8907
#23 2.861       | 
#23 2.876     CC       mpls_ntop.o
#23 2.902     CC       mpls_pton.o
#23 2.929     CC       netrom_ntop.o
#23 2.952     AR       libutil.a
#23 2.956 
#23 2.956 ip
#23 2.959     CC       ip.o
#23 3.030     CC       ipaddress.o
#23 3.044 In file included from ipaddress.c:26:
#23 3.044 ../include/uapi/linux/sockios.h:42: warning: "SIOCGSTAMP" redefined
#23 3.044    42 | #define SIOCGSTAMP      SIOCGSTAMP_OLD
#23 3.044       | 
#23 3.044 In file included from /usr/include/sys/ioctl.h:10,
#23 3.044                  from ipaddress.c:14:
#23 3.044 /usr/include/bits/ioctl.h:111: note: this is the location of the previous definition
#23 3.044   111 | #define SIOCGSTAMP      0x8906
#23 3.044       | 
#23 3.044 ../include/uapi/linux/sockios.h:43: warning: "SIOCGSTAMPNS" redefined
#23 3.044    43 | #define SIOCGSTAMPNS    SIOCGSTAMPNS_OLD
#23 3.044       | 
#23 3.044 /usr/include/bits/ioctl.h:112: note: this is the location of the previous definition
#23 3.044   112 | #define SIOCGSTAMPNS    0x8907
#23 3.044       | 
#23 3.526     CC       ipaddrlabel.o
#23 3.582     CC       iproute.o
#23 4.098     CC       iprule.o
#23 4.314     CC       ipnetns.o
#23 4.508     CC       rtm_map.o
#23 4.545     CC       iptunnel.o
#23 4.558 In file included from ../include/uapi/linux/if_tunnel.h:6,
#23 4.558                  from iptunnel.c:19:
#23 4.558 ../include/uapi/linux/if.h:134: warning: "IFF_VOLATILE" redefined
#23 4.558   134 | #define IFF_VOLATILE    (IFF_LOOPBACK|IFF_POINTOPOINT|IFF_BROADCAST|IFF_ECHO|\
#23 4.558       | 
#23 4.558 In file included from iptunnel.c:16:
#23 4.558 /usr/include/net/if.h:48: note: this is the location of the previous definition
#23 4.558    48 | #define IFF_VOLATILE (IFF_LOOPBACK|IFF_POINTOPOINT|IFF_BROADCAST| \
#23 4.558       | 
#23 4.707     CC       ip6tunnel.o
#23 4.821     CC       tunnel.o
#23 4.910     CC       ipneigh.o
#23 5.071     CC       ipntable.o
#23 5.180     CC       iplink.o
#23 5.451     CC       ipmaddr.o
#23 5.463 In file included from ipmaddr.c:21:
#23 5.463 ../include/uapi/linux/sockios.h:42: warning: "SIOCGSTAMP" redefined
#23 5.463    42 | #define SIOCGSTAMP      SIOCGSTAMP_OLD
#23 5.463       | 
#23 5.463 In file included from /usr/include/sys/ioctl.h:10,
#23 5.463                  from ipmaddr.c:12:
#23 5.463 /usr/include/bits/ioctl.h:111: note: this is the location of the previous definition
#23 5.463   111 | #define SIOCGSTAMP      0x8906
#23 5.463       | 
#23 5.463 ../include/uapi/linux/sockios.h:43: warning: "SIOCGSTAMPNS" redefined
#23 5.463    43 | #define SIOCGSTAMPNS    SIOCGSTAMPNS_OLD
#23 5.463       | 
#23 5.463 /usr/include/bits/ioctl.h:112: note: this is the location of the previous definition
#23 5.463   112 | #define SIOCGSTAMPNS    0x8907
#23 5.463       | 
#23 5.538     CC       ipmonitor.o
#23 5.609     CC       ipmroute.o
#23 5.621 In file included from ipmroute.c:22:
#23 5.621 ../include/uapi/linux/sockios.h:42: warning: "SIOCGSTAMP" redefined
#23 5.621    42 | #define SIOCGSTAMP      SIOCGSTAMP_OLD
#23 5.621       | 
#23 5.621 In file included from /usr/include/sys/ioctl.h:10,
#23 5.621                  from ipmroute.c:13:
#23 5.621 /usr/include/bits/ioctl.h:111: note: this is the location of the previous definition
#23 5.621   111 | #define SIOCGSTAMP      0x8906
#23 5.621       | 
#23 5.621 ../include/uapi/linux/sockios.h:43: warning: "SIOCGSTAMPNS" redefined
#23 5.621    43 | #define SIOCGSTAMPNS    SIOCGSTAMPNS_OLD
#23 5.621       | 
#23 5.622 /usr/include/bits/ioctl.h:112: note: this is the location of the previous definition
#23 5.622   112 | #define SIOCGSTAMPNS    0x8907
#23 5.622       | 
#23 5.685     CC       ipprefix.o
#23 5.715     CC       iptuntap.o
#23 5.822     CC       iptoken.o
#23 5.885     CC       ipxfrm.o
#23 6.170     CC       xfrm_state.o
#23 6.458     CC       xfrm_policy.o
#23 6.700     CC       xfrm_monitor.o
#23 6.777     CC       iplink_dummy.o
#23 6.805     CC       iplink_ifb.o
#23 6.826     CC       iplink_nlmon.o
#23 6.849     CC       iplink_team.o
#23 6.874     CC       iplink_vcan.o
#23 6.895     CC       iplink_vxcan.o
#23 6.924     CC       iplink_vlan.o
#23 6.995     CC       link_veth.o
#23 7.023     CC       link_gre.o
#23 7.033 In file included from ../include/uapi/linux/if_tunnel.h:6,
#23 7.033                  from link_gre.c:15:
#23 7.033 ../include/uapi/linux/if.h:134: warning: "IFF_VOLATILE" redefined
#23 7.033   134 | #define IFF_VOLATILE    (IFF_LOOPBACK|IFF_POINTOPOINT|IFF_BROADCAST|IFF_ECHO|\
#23 7.033       | 
#23 7.033 In file included from link_gre.c:9:
#23 7.033 /usr/include/net/if.h:48: note: this is the location of the previous definition
#23 7.033    48 | #define IFF_VOLATILE (IFF_LOOPBACK|IFF_POINTOPOINT|IFF_BROADCAST| \
#23 7.033       | 
#23 7.141     CC       iplink_can.o
#23 7.282     CC       iplink_xdp.o
#23 7.340     CC       iplink_macvlan.o
#23 7.409     CC       ipl2tp.o
#23 7.563     CC       link_vti.o
#23 7.574 In file included from ../include/uapi/linux/if_tunnel.h:6,
#23 7.574                  from link_vti.c:16:
#23 7.574 ../include/uapi/linux/if.h:134: warning: "IFF_VOLATILE" redefined
#23 7.574   134 | #define IFF_VOLATILE    (IFF_LOOPBACK|IFF_POINTOPOINT|IFF_BROADCAST|IFF_ECHO|\
#23 7.574       | 
#23 7.574 In file included from link_vti.c:10:
#23 7.574 /usr/include/net/if.h:48: note: this is the location of the previous definition
#23 7.574    48 | #define IFF_VOLATILE (IFF_LOOPBACK|IFF_POINTOPOINT|IFF_BROADCAST| \
#23 7.574       | 
#23 7.620     CC       link_vti6.o
#23 7.630 In file included from ../include/uapi/linux/if_tunnel.h:6,
#23 7.630                  from link_vti6.c:17:
#23 7.630 ../include/uapi/linux/if.h:134: warning: "IFF_VOLATILE" redefined
#23 7.630   134 | #define IFF_VOLATILE    (IFF_LOOPBACK|IFF_POINTOPOINT|IFF_BROADCAST|IFF_ECHO|\
#23 7.630       | 
#23 7.630 In file included from link_vti6.c:11:
#23 7.630 /usr/include/net/if.h:48: note: this is the location of the previous definition
#23 7.630    48 | #define IFF_VOLATILE (IFF_LOOPBACK|IFF_POINTOPOINT|IFF_BROADCAST| \
#23 7.630       | 
#23 7.681     CC       link_xfrm.o
#23 7.716     CC       iplink_vxlan.o
#23 7.869     CC       tcp_metrics.o
#23 7.972     CC       iplink_ipoib.o
#23 8.013     CC       ipnetconf.o
#23 8.067     CC       link_ip6tnl.o
#23 8.079 In file included from ../include/uapi/linux/if_tunnel.h:6,
#23 8.079                  from link_ip6tnl.c:15:
#23 8.079 ../include/uapi/linux/if.h:134: warning: "IFF_VOLATILE" redefined
#23 8.079   134 | #define IFF_VOLATILE    (IFF_LOOPBACK|IFF_POINTOPOINT|IFF_BROADCAST|IFF_ECHO|\
#23 8.079       | 
#23 8.079 In file included from link_ip6tnl.c:9:
#23 8.079 /usr/include/net/if.h:48: note: this is the location of the previous definition
#23 8.079    48 | #define IFF_VOLATILE (IFF_LOOPBACK|IFF_POINTOPOINT|IFF_BROADCAST| \
#23 8.079       | 
#23 8.180     CC       link_iptnl.o
#23 8.190 In file included from ../include/uapi/linux/if_tunnel.h:6,
#23 8.190                  from link_iptnl.c:16:
#23 8.190 ../include/uapi/linux/if.h:134: warning: "IFF_VOLATILE" redefined
#23 8.190   134 | #define IFF_VOLATILE    (IFF_LOOPBACK|IFF_POINTOPOINT|IFF_BROADCAST|IFF_ECHO|\
#23 8.190       | 
#23 8.190 In file included from link_iptnl.c:9:
#23 8.190 /usr/include/net/if.h:48: note: this is the location of the previous definition
#23 8.190    48 | #define IFF_VOLATILE (IFF_LOOPBACK|IFF_POINTOPOINT|IFF_BROADCAST| \
#23 8.190       | 
#23 8.278     CC       link_gre6.o
#23 8.288 In file included from ../include/uapi/linux/if_tunnel.h:6,
#23 8.288                  from link_gre6.c:15:
#23 8.288 ../include/uapi/linux/if.h:134: warning: "IFF_VOLATILE" redefined
#23 8.288   134 | #define IFF_VOLATILE    (IFF_LOOPBACK|IFF_POINTOPOINT|IFF_BROADCAST|IFF_ECHO|\
#23 8.288       | 
#23 8.288 In file included from link_gre6.c:9:
#23 8.288 /usr/include/net/if.h:48: note: this is the location of the previous definition
#23 8.288    48 | #define IFF_VOLATILE (IFF_LOOPBACK|IFF_POINTOPOINT|IFF_BROADCAST| \
#23 8.288       | 
#23 8.416     CC       iplink_bond.o
#23 8.620     CC       iplink_bond_slave.o
#23 8.674     CC       iplink_hsr.o
#23 8.726     CC       iplink_bridge.o
#23 8.876     CC       iplink_bridge_slave.o
#23 8.985     CC       iplink_dsa.o
#23 9.016     CC       ipfou.o
#23 9.030 In file included from ../include/libgenl.h:5,
#23 9.030                  from ipfou.c:18:
#23 9.030 ../include/libnetlink.h: In function 'rta_getattr_be64':
#23 9.030 ../include/libnetlink.h:280:16: warning: implicit declaration of function 'htobe64' [-Wimplicit-function-declaration]
#23 9.030   280 |         return htobe64(rta_getattr_u64(rta));
#23 9.030       |                ^~~~~~~
#23 9.099     CC       iplink_ipvlan.o
#23 9.142     CC       iplink_geneve.o
#23 9.230     CC       iplink_vrf.o
#23 9.276     CC       iproute_lwtunnel.o
#23 9.658     CC       ipmacsec.o
#23 9.909     CC       ipila.o
#23 9.922 In file included from ../include/libgenl.h:5,
#23 9.922                  from ipila.c:18:
#23 9.922 ../include/libnetlink.h: In function 'rta_getattr_be64':
#23 9.922 ../include/libnetlink.h:280:16: warning: implicit declaration of function 'htobe64' [-Wimplicit-function-declaration]
#23 9.922   280 |         return htobe64(rta_getattr_u64(rta));
#23 9.922       |                ^~~~~~~
#23 9.983     CC       ipvrf.o
#23 10.10     CC       iplink_xstats.o
#23 10.12     CC       ipseg6.o
#23 10.17     CC       iplink_netdevsim.o
#23 10.19     CC       iplink_rmnet.o
#23 10.22     CC       ipnexthop.o
#23 10.45     CC       ipmptcp.o
#23 10.57     CC       iplink_bareudp.o
#23 10.58 In file included from iplink_bareudp.c:9:
#23 10.58 ../include/libnetlink.h: In function 'rta_getattr_be64':
#23 10.58 ../include/libnetlink.h:280:16: warning: implicit declaration of function 'htobe64' [-Wimplicit-function-declaration]
#23 10.58   280 |         return htobe64(rta_getattr_u64(rta));
#23 10.58       |                ^~~~~~~
#23 10.62     CC       iplink_wwan.o
#23 10.65     CC       ipioam6.o
#23 10.73     CC       iplink_amt.o
#23 10.78     CC       iplink_batadv.o
#23 10.81     CC       iplink_gtp.o
#23 10.85     CC       iplink_virt_wifi.o
#23 10.88     CC       iplink_netkit.o
#23 10.92     CC       ipstats.o
#23 11.11     LINK     ip
#23 11.15     CC       rtmon.o
#23 11.20     LINK     rtmon
#23 11.21 
#23 11.21 tc
#23 11.21     CC       tc.o
#23 11.31     CC       tc_qdisc.o
#23 11.42     CC       tc_class.o
#23 11.55     CC       tc_filter.o
#23 11.70     CC       tc_util.o
#23 11.89     CC       tc_monitor.o
#23 11.92     CC       tc_exec.o
#23 11.97     CC       m_police.o
#23 12.05     CC       m_estimator.o
#23 12.08     CC       m_action.o
#23 12.23     CC       m_ematch.o
#23 12.34     YACC     emp_ematch.tab.c
#23 12.40     CC       emp_ematch.tab.o
#23 12.50     LEX      emp_ematch.lex.c
#23 12.51     CC       emp_ematch.lex.o
#23 12.67     CC       q_fifo.o
#23 12.71     CC       q_sfq.o
#23 12.78     CC       q_red.o
#23 12.84     CC       q_prio.o
#23 12.89     CC       q_skbprio.o
#23 12.92     CC       q_tbf.o
#23 13.01     CC       q_multiq.o
#23 13.04     CC       q_netem.o
#23 13.24     CC       q_choke.o
#23 13.31     CC       q_sfb.o
#23 13.37     CC       f_u32.o
#23 13.62     CC       f_route.o
#23 13.67     CC       f_fw.o
#23 13.72     CC       f_basic.o
#23 13.76     CC       f_bpf.o
#23 13.83     CC       f_flow.o
#23 13.92     CC       f_cgroup.o
#23 13.97     CC       f_flower.o
#23 13.98 In file included from ../include/uapi/linux/netdevice.h:29,
#23 13.98                  from ../include/uapi/linux/if_arp.h:27,
#23 13.98                  from f_flower.c:14:
#23 13.98 ../include/uapi/linux/if.h:134: warning: "IFF_VOLATILE" redefined
#23 13.98   134 | #define IFF_VOLATILE    (IFF_LOOPBACK|IFF_POINTOPOINT|IFF_BROADCAST|IFF_ECHO|\
#23 13.98       | 
#23 13.98 In file included from f_flower.c:12:
#23 13.98 /usr/include/net/if.h:48: note: this is the location of the previous definition
#23 13.98    48 | #define IFF_VOLATILE (IFF_LOOPBACK|IFF_POINTOPOINT|IFF_BROADCAST| \
#23 13.98       | 
#23 14.47     CC       q_gred.o
#23 14.57     CC       q_ingress.o
#23 14.60     CC       q_hfsc.o
#23 14.68     CC       q_htb.o
#23 14.77     CC       q_drr.o
#23 14.82     CC       q_qfq.o
#23 14.85     CC       m_gact.o
#23 14.90     CC       m_mirred.o
#23 14.97     CC       m_mpls.o
#23 15.04     CC       m_nat.o
#23 15.09     CC       m_pedit.o
#23 15.23     CC       m_ife.o
#23 15.30     CC       m_skbedit.o
#23 15.36     CC       m_skbmod.o
#23 15.42     CC       m_csum.o
#23 15.48     CC       m_simple.o
#23 15.52     CC       m_vlan.o
#23 15.58     CC       m_connmark.o
#23 15.63     CC       m_ctinfo.o
#23 15.68     CC       m_bpf.o
#23 15.74     CC       m_tunnel_key.o
#23 15.85     CC       m_sample.o
#23 15.90     CC       m_ct.o
#23 16.00     CC       m_gate.o
#23 16.09     CC       p_ip.o
#23 16.14     CC       p_ip6.o
#23 16.17     CC       p_icmp.o
#23 16.20     CC       p_eth.o
#23 16.23     CC       p_tcp.o
#23 16.26     CC       p_udp.o
#23 16.28     CC       em_nbyte.o
#23 16.33     CC       em_cmp.o
#23 16.38     CC       em_u32.o
#23 16.43     CC       em_canid.o
#23 16.47     CC       em_meta.o
#23 16.58     CC       q_mqprio.o
#23 16.68     CC       q_codel.o
#23 16.74     CC       q_fq_codel.o
#23 16.82     CC       q_fq.o
#23 16.95     CC       q_pie.o
#23 17.01     CC       q_fq_pie.o
#23 17.07     CC       q_cake.o
#23 17.25     CC       q_hhf.o
#23 17.30     CC       q_clsact.o
#23 17.33     CC       e_bpf.o
#23 17.39     CC       f_matchall.o
#23 17.44     CC       q_cbs.o
#23 17.48     CC       q_etf.o
#23 17.53     CC       q_taprio.o
#23 17.64     CC       q_plug.o
#23 17.68     CC       q_ets.o
#23 17.75     CC       em_ipt.o
#23 17.77 In file included from tc_util.h:7,
#23 17.77                  from m_ematch.h:11,
#23 17.77                  from em_ipt.c:13:
#23 17.77 ../include/uapi/linux/if.h:134: warning: "IFF_VOLATILE" redefined
#23 17.77   134 | #define IFF_VOLATILE    (IFF_LOOPBACK|IFF_POINTOPOINT|IFF_BROADCAST|IFF_ECHO|\
#23 17.77       | 
#23 17.77 In file included from ../include/xtables.h:17,
#23 17.77                  from em_ipt.c:12:
#23 17.77 /usr/include/net/if.h:48: note: this is the location of the previous definition
#23 17.77    48 | #define IFF_VOLATILE (IFF_LOOPBACK|IFF_POINTOPOINT|IFF_BROADCAST| \
#23 17.77       | 
#23 17.80     CC       em_ipset.o
#23 17.81 In file included from tc_util.h:7,
#23 17.81                  from m_ematch.h:11,
#23 17.81                  from em_ipset.c:39:
#23 17.81 ../include/uapi/linux/if.h:134: warning: "IFF_VOLATILE" redefined
#23 17.81   134 | #define IFF_VOLATILE    (IFF_LOOPBACK|IFF_POINTOPOINT|IFF_BROADCAST|IFF_ECHO|\
#23 17.81       | 
#23 17.81 In file included from ../include/xtables.h:17,
#23 17.81                  from em_ipset.c:23:
#23 17.81 /usr/include/net/if.h:48: note: this is the location of the previous definition
#23 17.81    48 | #define IFF_VOLATILE (IFF_LOOPBACK|IFF_POINTOPOINT|IFF_BROADCAST| \
#23 17.81       | 
#23 17.85     CC       tc_core.o
#23 17.92     CC       tc_red.o
#23 17.97     CC       tc_estimator.o
#23 18.01     CC       tc_stab.o
#23 18.06     CC       tc_qevent.o
#23 18.07 In file included from tc_qevent.h:7,
#23 18.07                  from tc_qevent.c:10:
#23 18.07 ../include/libnetlink.h: In function 'rta_getattr_be64':
#23 18.07 ../include/libnetlink.h:280:16: warning: implicit declaration of function 'htobe64' [-Wimplicit-function-declaration]
#23 18.07   280 |         return htobe64(rta_getattr_u64(rta));
#23 18.07       |                ^~~~~~~
#23 18.12     AR       libtc.a
#23 18.12     LINK     tc
#23 18.15 rm emp_ematch.lex.c
#23 18.15 
#23 18.15 bridge
#23 18.16     CC       bridge.o
#23 18.22     CC       fdb.o
#23 18.24 In file included from fdb.c:28:
#23 18.24 ../include/libnetlink.h: In function 'rta_getattr_be64':
#23 18.24 ../include/libnetlink.h:280:16: warning: implicit declaration of function 'htobe64' [-Wimplicit-function-declaration]
#23 18.24   280 |         return htobe64(rta_getattr_u64(rta));
#23 18.24       |                ^~~~~~~
#23 18.42     CC       monitor.o
#23 18.45     CC       link.o
#23 18.47 In file included from link.c:16:
#23 18.47 ../include/libnetlink.h: In function 'rta_getattr_be64':
#23 18.47 ../include/libnetlink.h:280:16: warning: implicit declaration of function 'htobe64' [-Wimplicit-function-declaration]
#23 18.47   280 |         return htobe64(rta_getattr_u64(rta));
#23 18.47       |                ^~~~~~~
#23 18.60     CC       mdb.o
#23 18.62 In file included from mdb.c:20:
#23 18.62 ../include/libnetlink.h: In function 'rta_getattr_be64':
#23 18.62 ../include/libnetlink.h:280:16: warning: implicit declaration of function 'htobe64' [-Wimplicit-function-declaration]
#23 18.62   280 |         return htobe64(rta_getattr_u64(rta));
#23 18.62       |                ^~~~~~~
#23 18.79     CC       vlan.o
#23 18.81 In file included from vlan.c:16:
#23 18.81 ../include/libnetlink.h: In function 'rta_getattr_be64':
#23 18.81 ../include/libnetlink.h:280:16: warning: implicit declaration of function 'htobe64' [-Wimplicit-function-declaration]
#23 18.81   280 |         return htobe64(rta_getattr_u64(rta));
#23 18.81       |                ^~~~~~~
#23 19.03     CC       vni.o
#23 19.05 In file included from vni.c:21:
#23 19.05 ../include/libnetlink.h: In function 'rta_getattr_be64':
#23 19.05 ../include/libnetlink.h:280:16: warning: implicit declaration of function 'htobe64' [-Wimplicit-function-declaration]
#23 19.05   280 |         return htobe64(rta_getattr_u64(rta));
#23 19.05       |                ^~~~~~~
#23 19.12     LINK     bridge
#23 19.14 
#23 19.14 misc
#23 19.14     CC       ss.o
#23 19.16 In file included from ../include/uapi/linux/tipc.h:42,
#23 19.16                  from ss.c:49:
#23 19.16 ../include/uapi/linux/sockios.h:42: warning: "SIOCGSTAMP" redefined
#23 19.16    42 | #define SIOCGSTAMP      SIOCGSTAMP_OLD
#23 19.16       | 
#23 19.16 In file included from /usr/include/sys/ioctl.h:10,
#23 19.16                  from ss.c:12:
#23 19.16 /usr/include/bits/ioctl.h:111: note: this is the location of the previous definition
#23 19.16   111 | #define SIOCGSTAMP      0x8906
#23 19.16       | 
#23 19.16 ../include/uapi/linux/sockios.h:43: warning: "SIOCGSTAMPNS" redefined
#23 19.16    43 | #define SIOCGSTAMPNS    SIOCGSTAMPNS_OLD
#23 19.16       | 
#23 19.16 /usr/include/bits/ioctl.h:112: note: this is the location of the previous definition
#23 19.16   112 | #define SIOCGSTAMPNS    0x8907
#23 19.16       | 
#23 20.04     CC       ssfilter_check.o
#23 20.06 In file included from ssfilter_check.c:6:
#23 20.06 ../include/libnetlink.h: In function 'rta_getattr_be64':
#23 20.06 ../include/libnetlink.h:280:16: warning: implicit declaration of function 'htobe64' [-Wimplicit-function-declaration]
#23 20.06   280 |         return htobe64(rta_getattr_u64(rta));
#23 20.06       |                ^~~~~~~
#23 20.07     YACC     ssfilter.tab.c
#23 20.13     CC       ssfilter.tab.o
#23 20.24     LINK     ss
#23 20.25     CC       nstat
#23 20.40     CC       ifstat
#23 20.42 In file included from ifstat.c:30:
#23 20.42 ../include/libnetlink.h: In function 'rta_getattr_be64':
#23 20.42 ../include/libnetlink.h:280:16: warning: implicit declaration of function 'htobe64' [-Wimplicit-function-declaration]
#23 20.42   280 |         return htobe64(rta_getattr_u64(rta));
#23 20.42       |                ^~~~~~~
#23 20.58     CC       rtacct
#23 20.72     CC       lnstat.o
#23 20.79     CC       lnstat_util.o
#23 20.86     LINK     lnstat
#23 20.87 
#23 20.87 netem
#23 20.87 gcc  -I../include -o maketable maketable.c -lm
#23 20.90 gcc  -I../include -o normal normal.c -lm
#23 20.93 gcc  -I../include -o pareto pareto.c -lm
#23 20.95 gcc  -I../include -o paretonormal paretonormal.c -lm
#23 20.98 ./normal > normal.dist
#23 20.99 ./pareto > pareto.dist
#23 20.99 ./paretonormal > paretonormal.dist
#23 21.00 ./maketable experimental.dat > experimental.dist
#23 21.01 
#23 21.01 genl
#23 21.01     CC       genl.o
#23 21.05     CC       ctrl.o
#23 21.12     LINK     genl
#23 21.13 
#23 21.13 man
#23 21.13 make[2]: Nothing to be done for 'all'.
#23 21.13 make[2]: Nothing to be done for 'all'.
#23 21.13 sed \
#23 21.13 	-e "s|@NETNS_ETC_DIR@|/etc/netns|g" \
#23 21.13 	-e "s|@NETNS_RUN_DIR@|/var/run/netns|g" \
#23 21.13 	-e "s|@SYSCONF_ETC_DIR@|/etc/iproute2|g" \
#23 21.13 	-e "s|@SYSCONF_USR_DIR@|/usr/share/iproute2|g" \
#23 21.13 	ip-address.8.in > ip-address.8
#23 21.14 sed \
#23 21.14 	-e "s|@NETNS_ETC_DIR@|/etc/netns|g" \
#23 21.14 	-e "s|@NETNS_RUN_DIR@|/var/run/netns|g" \
#23 21.14 	-e "s|@SYSCONF_ETC_DIR@|/etc/iproute2|g" \
#23 21.14 	-e "s|@SYSCONF_USR_DIR@|/usr/share/iproute2|g" \
#23 21.14 	ip-link.8.in > ip-link.8
#23 21.14 sed \
#23 21.14 	-e "s|@NETNS_ETC_DIR@|/etc/netns|g" \
#23 21.14 	-e "s|@NETNS_RUN_DIR@|/var/run/netns|g" \
#23 21.14 	-e "s|@SYSCONF_ETC_DIR@|/etc/iproute2|g" \
#23 21.14 	-e "s|@SYSCONF_USR_DIR@|/usr/share/iproute2|g" \
#23 21.14 	ip-netns.8.in > ip-netns.8
#23 21.14 sed \
#23 21.14 	-e "s|@NETNS_ETC_DIR@|/etc/netns|g" \
#23 21.14 	-e "s|@NETNS_RUN_DIR@|/var/run/netns|g" \
#23 21.14 	-e "s|@SYSCONF_ETC_DIR@|/etc/iproute2|g" \
#23 21.14 	-e "s|@SYSCONF_USR_DIR@|/usr/share/iproute2|g" \
#23 21.14 	ip-route.8.in > ip-route.8
#23 21.15 
#23 21.15 tipc
#23 21.15     CC       bearer.o
#23 21.34     CC       cmdl.o
#23 21.37     CC       link.o
#23 21.57     CC       media.o
#23 21.62     CC       misc.o
#23 21.68     CC       msg.o
#23 21.70     CC       nametable.o
#23 21.74     CC       node.o
#23 21.84     CC       socket.o
#23 21.87     CC       peer.o
#23 21.90     CC       tipc.o
#23 21.93     LINK     tipc
#23 21.95 
#23 21.95 devlink
#23 21.95     CC       devlink.o
#23 23.66     CC       mnlg.o
#23 23.67 In file included from mnlg.c:16:
#23 23.67 ../include/libnetlink.h: In function 'rta_getattr_be64':
#23 23.67 ../include/libnetlink.h:280:16: warning: implicit declaration of function 'htobe64' [-Wimplicit-function-declaration]
#23 23.67   280 |         return htobe64(rta_getattr_u64(rta));
#23 23.67       |                ^~~~~~~
#23 23.70     LINK     devlink
#23 23.71 
#23 23.71 rdma
#23 23.72     CC       rdma.o
#23 23.73 rdma.c: In function 'main':
#23 23.73 rdma.c:110:20: warning: implicit declaration of function 'basename'; did you mean 'rename'? [-Wimplicit-function-declaration]
#23 23.73   110 |         filename = basename(argv[0]);
#23 23.73       |                    ^~~~~~~~
#23 23.73       |                    rename
#23 23.73 rdma.c:110:18: warning: assignment to 'char *' from 'int' makes pointer from integer without a cast [-Wint-conversion]
#23 23.73   110 |         filename = basename(argv[0]);
#23 23.73       |                  ^
#23 23.76     CC       utils.o
#23 23.95     CC       dev.o
#23 24.02     CC       link.o
#23 24.10     CC       res.o
#23 24.22     CC       res-pd.o
#23 24.27     CC       res-mr.o
#23 24.32     CC       res-cq.o
#23 24.37     CC       res-cmid.o
#23 24.42     CC       res-qp.o
#23 24.48     CC       sys.o
#23 24.53     CC       stat.o
#23 24.75     CC       stat-mr.o
#23 24.78     CC       res-ctx.o
#23 24.82     CC       res-srq.o
#23 24.89     LINK     rdma
#23 24.91 
#23 24.91 dcb
#23 24.91     CC       dcb.o
#23 24.92 In file included from ../include/namespace.h:10,
#23 24.92                  from dcb.c:11:
#23 24.92 ../include/libnetlink.h: In function 'rta_getattr_be64':
#23 24.92 ../include/libnetlink.h:280:16: warning: implicit declaration of function 'htobe64' [-Wimplicit-function-declaration]
#23 24.92   280 |         return htobe64(rta_getattr_u64(rta));
#23 24.92       |                ^~~~~~~
#23 25.05     CC       dcb_app.o
#23 25.23     CC       dcb_buffer.o
#23 25.30     CC       dcb_dcbx.o
#23 25.35     CC       dcb_ets.o
#23 25.43     CC       dcb_maxrate.o
#23 25.48     CC       dcb_pfc.o
#23 25.55     CC       dcb_apptrust.o
#23 25.61     CC       dcb_rewr.o
#23 25.68     LINK     dcb
#23 25.70 
#23 25.70 vdpa
#23 25.70     CC       vdpa.o
#23 25.87     LINK     vdpa
#23 DONE 25.9s

#24 [20/22] RUN git clone --no-single-branch --depth=1 https://github.com/linux-netdev/testing.git /nipa-data/kernel
#24 0.416 Cloning into '/nipa-data/kernel'...
#24 25.38 Updating files:  15% (12631/83283)Updating files:  16% (13326/83283)Updating files:  17% (14159/83283)Updating files:  18% (14991/83283)Updating files:  19% (15824/83283)Updating files:  20% (16657/83283)Updating files:  21% (17490/83283)Updating files:  22% (18323/83283)Updating files:  23% (19156/83283)Updating files:  24% (19988/83283)Updating files:  25% (20821/83283)Updating files:  26% (21654/83283)Updating files:  27% (22487/83283)Updating files:  28% (23320/83283)Updating files:  29% (24153/83283)Updating files:  30% (24985/83283)Updating files:  31% (25818/83283)Updating files:  32% (26651/83283)Updating files:  32% (26687/83283)Updating files:  33% (27484/83283)Updating files:  34% (28317/83283)Updating files:  35% (29150/83283)Updating files:  36% (29982/83283)Updating files:  37% (30815/83283)Updating files:  38% (31648/83283)Updating files:  39% (32481/83283)Updating files:  40% (33314/83283)Updating files:  40% (33512/83283)Updating files:  41% (34147/83283)Updating files:  42% (34979/83283)Updating files:  43% (35812/83283)Updating files:  44% (36645/83283)Updating files:  45% (37478/83283)Updating files:  46% (38311/83283)Updating files:  47% (39144/83283)Updating files:  48% (39976/83283)Updating files:  48% (40477/83283)Updating files:  49% (40809/83283)Updating files:  50% (41642/83283)Updating files:  51% (42475/83283)Updating files:  52% (43308/83283)Updating files:  53% (44140/83283)Updating files:  54% (44973/83283)Updating files:  55% (45806/83283)Updating files:  56% (46639/83283)Updating files:  57% (47472/83283)Updating files:  58% (48305/83283)Updating files:  59% (49137/83283)Updating files:  60% (49970/83283)Updating files:  61% (50803/83283)Updating files:  61% (51131/83283)Updating files:  62% (51636/83283)Updating files:  63% (52469/83283)Updating files:  64% (53302/83283)Updating files:  65% (54134/83283)Updating files:  66% (54967/83283)Updating files:  67% (55800/83283)Updating files:  68% (56633/83283)Updating files:  69% (57466/83283)Updating files:  70% (58299/83283)Updating files:  71% (59131/83283)Updating files:  72% (59964/83283)Updating files:  73% (60797/83283)Updating files:  74% (61630/83283)Updating files:  75% (62463/83283)Updating files:  76% (63296/83283)Updating files:  76% (63612/83283)Updating files:  77% (64128/83283)Updating files:  78% (64961/83283)Updating files:  79% (65794/83283)Updating files:  80% (66627/83283)Updating files:  81% (67460/83283)Updating files:  82% (68293/83283)Updating files:  83% (69125/83283)Updating files:  84% (69958/83283)Updating files:  85% (70791/83283)Updating files:  86% (71624/83283)Updating files:  87% (72457/83283)Updating files:  88% (73290/83283)Updating files:  89% (74122/83283)Updating files:  90% (74955/83283)Updating files:  91% (75788/83283)Updating files:  92% (76621/83283)Updating files:  93% (77454/83283)Updating files:  94% (78287/83283)Updating files:  95% (79119/83283)Updating files:  95% (79932/83283)Updating files:  96% (79952/83283)Updating files:  97% (80785/83283)Updating files:  98% (81618/83283)Updating files:  99% (82451/83283)Updating files: 100% (83283/83283)Updating files: 100% (83283/83283), done.
#24 DONE 33.3s

#25 [21/22] RUN git clone --depth=1 -b main https://github.com/p4tc-dev/new-nipa.git nipa
#25 0.367 Cloning into 'nipa'...
#25 DONE 0.7s

#26 [22/22] COPY entrypoint.sh /entrypoint.sh
#26 DONE 0.0s

#27 exporting to image
#27 exporting layers
#27 exporting layers 7.2s done
#27 writing image sha256:9fa6a372c6eb240be3f7182485b8f02fac3343e4836f1fb5b6b74b1193c094f6 done
#27 naming to docker.io/library/nipa-executor done
#27 DONE 7.2s
=== >>> DEBUG KERNEL <<< ===
NIPA version: 1b9c21a (ui: set canvas background color to stand out, 2024-03-28)
INFO: Last run date: 2024-06-21 06:00:01.092575+00:00
Testing  {'branch': 'net-next-2024-06-21--09-00', 'date': '2024-06-21T09:00:19.574894+00:00', 'base': 'bfca524283c3898ed5f1ef610ec93cf0eb44acd0', 'url': 'https://github.com/linux-netdev/testing.git net-next-2024-06-21--09-00'}
Updating files:  34% (7756/22167)Updating files:  35% (7759/22167)Updating files:  36% (7981/22167)Updating files:  37% (8202/22167)Updating files:  38% (8424/22167)Updating files:  39% (8646/22167)Updating files:  40% (8867/22167)Updating files:  41% (9089/22167)Updating files:  42% (9311/22167)Updating files:  43% (9532/22167)Updating files:  44% (9754/22167)Updating files:  45% (9976/22167)Updating files:  46% (10197/22167)Updating files:  47% (10419/22167)Updating files:  48% (10641/22167)Updating files:  49% (10862/22167)Updating files:  50% (11084/22167)Updating files:  51% (11306/22167)Updating files:  52% (11527/22167)Updating files:  53% (11749/22167)Updating files:  54% (11971/22167)Updating files:  55% (12192/22167)Updating files:  56% (12414/22167)Updating files:  57% (12636/22167)Updating files:  58% (12857/22167)Updating files:  59% (13079/22167)Updating files:  60% (13301/22167)Updating files:  61% (13522/22167)Updating files:  61% (13676/22167)Updating files:  62% (13744/22167)Updating files:  63% (13966/22167)Updating files:  64% (14187/22167)Updating files:  65% (14409/22167)Updating files:  66% (14631/22167)Updating files:  67% (14852/22167)Updating files:  68% (15074/22167)Updating files:  69% (15296/22167)Updating files:  70% (15517/22167)Updating files:  71% (15739/22167)Updating files:  72% (15961/22167)Updating files:  73% (16182/22167)Updating files:  74% (16404/22167)Updating files:  75% (16626/22167)Updating files:  76% (16847/22167)Updating files:  77% (17069/22167)Updating files:  78% (17291/22167)Updating files:  79% (17512/22167)Updating files:  80% (17734/22167)Updating files:  81% (17956/22167)Updating files:  82% (18177/22167)Updating files:  83% (18399/22167)Updating files:  84% (18621/22167)Updating files:  85% (18842/22167)Updating files:  86% (19064/22167)Updating files:  87% (19286/22167)Updating files:  88% (19507/22167)Updating files:  89% (19729/22167)Updating files:  90% (19951/22167)Updating files:  91% (20172/22167)Updating files:  92% (20394/22167)Updating files:  93% (20616/22167)Updating files:  94% (20837/22167)Updating files:  95% (21059/22167)Updating files:  96% (21281/22167)Updating files:  97% (21502/22167)Updating files:  98% (21724/22167)Updating files:  99% (21946/22167)Updating files:  99% (22135/22167)Updating files: 100% (22167/22167)Updating files: 100% (22167/22167), done.
branch 'net-next-2024-06-21--09-00' set up to track 'origin/net-next-2024-06-21--09-00'.
Switched to a new branch 'net-next-2024-06-21--09-00'
error: No valid patches in input (allow with "--allow-empty")
Checking patch tools/testing/selftests/tc-testing/tdc_config.py...
Applied patch tools/testing/selftests/tc-testing/tdc_config.py cleanly.
Run at 2024-06-21 09:23:33.898375
INFO: building kernel
INFO: starting VM 0
INFO: thr0-0 VM starting: vng -v -r arch/x86/boot/bzImage --user root --rwdir=/nipa-data/kernel/
INFO: thr0-0 expecting prompt: '/nipa-data/kernel# '
INFO: thr0-0 reached initial prompt
INFO: thr-0 testing == tdc.sh
INFO: thr-0 tdc.sh >> retcode: 0 result: pass found {'fail': False, 'skip': False, 'pass': True}
INFO: thr-0 has no more work, exiting
INFO: thr0-0 VM stopped
Done at 2024-06-21 09:28:19.552869
NIPA quitting!
/
~/nipa/tc-executor/tc-executor-storage /
sort: write failed: 'standard output': Broken pipe
sort: write error
