~/nipa/tc-executor/tc-executor-storage /
Switched to branch 'storage-dbg'
Your branch is ahead of 'origin/storage-dbg' by 588 commits.
  (use "git push" to publish your local commits)
/
~/nipa/tc-executor /
Error response from daemon: No such image: nipa-executor:latest
#0 building with "default" instance using docker driver

#1 [internal] load .dockerignore
#1 transferring context: 2B done
#1 DONE 0.0s

#2 [internal] load build definition from Dockerfile
#2 transferring dockerfile: 2.05kB done
#2 DONE 0.0s

#3 [internal] load metadata for docker.io/library/alpine:edge
#3 DONE 0.0s

#4 [ 1/22] FROM docker.io/library/alpine:edge
#4 CACHED

#5 [internal] load build context
#5 transferring context: 3.02kB done
#5 DONE 0.0s

#6 [ 2/22] RUN echo true > debug-mode
#6 DONE 0.6s

#7 [ 3/22] RUN addgroup -g 1001 hostuser
#7 DONE 0.4s

#8 [ 4/22] RUN adduser -u 1001 -G hostuser -H -D -s /bin/ash hostuser
#8 DONE 0.4s

#9 [ 5/22] RUN echo '@testing http://dl-cdn.alpinelinux.org/alpine/edge/testing' >> /etc/apk/repositories
#9 DONE 0.4s

#10 [ 6/22] RUN echo '@community http://dl-cdn.alpinelinux.org/alpine/edge/community' >> /etc/apk/repositories
#10 DONE 0.4s

#11 [ 7/22] RUN apk update && apk add --no-cache    virtme-ng@testing    git    py3-requests    py3-psutil    py3-setuptools    py3-pyroute2    py3-argcomplete    qemu-system-x86_64@community    scapy@community    make    gcc    musl-dev    flex    bison    linux-headers    elfutils-dev    util-linux    coreutils    diffutils    findutils    file    bash    kmod    perl    iptables-dev    libcap-dev    libmnl-dev    iproute2     jq    libbpf-dev    rsync    openssl-dev
#11 0.411 fetch https://dl-cdn.alpinelinux.org/alpine/edge/main/x86_64/APKINDEX.tar.gz
#11 0.639 fetch https://dl-cdn.alpinelinux.org/alpine/edge/community/x86_64/APKINDEX.tar.gz
#11 0.836 fetch http://dl-cdn.alpinelinux.org/alpine/edge/testing/x86_64/APKINDEX.tar.gz
#11 1.036 fetch http://dl-cdn.alpinelinux.org/alpine/edge/community/x86_64/APKINDEX.tar.gz
#11 1.277 v20240329-2936-ga5dfed6751e [https://dl-cdn.alpinelinux.org/alpine/edge/main]
#11 1.277 v20240329-2981-ga854ecb1a5d [https://dl-cdn.alpinelinux.org/alpine/edge/community]
#11 1.277 v20240329-2985-g96718e70ca2 [http://dl-cdn.alpinelinux.org/alpine/edge/testing]
#11 1.277 v20240329-2981-ga854ecb1a5d [http://dl-cdn.alpinelinux.org/alpine/edge/community]
#11 1.277 OK: 31277 distinct packages available
#11 1.334 fetch https://dl-cdn.alpinelinux.org/alpine/edge/main/x86_64/APKINDEX.tar.gz
#11 1.432 fetch https://dl-cdn.alpinelinux.org/alpine/edge/community/x86_64/APKINDEX.tar.gz
#11 1.523 fetch http://dl-cdn.alpinelinux.org/alpine/edge/testing/x86_64/APKINDEX.tar.gz
#11 1.615 fetch http://dl-cdn.alpinelinux.org/alpine/edge/community/x86_64/APKINDEX.tar.gz
#11 1.847 (1/176) Upgrading musl (1.2.4_git20230717-r5 -> 1.2.5-r0)
#11 1.864 (2/176) Upgrading libcrypto3 (3.1.4-r2 -> 3.3.0-r1)
#11 1.902 (3/176) Upgrading libssl3 (3.1.4-r2 -> 3.3.0-r1)
#11 1.919 (4/176) Upgrading zlib (1.3-r2 -> 1.3.1-r1)
#11 1.933 (5/176) Installing ncurses-terminfo-base (6.4_p20240330-r0)
#11 1.949 (6/176) Installing libncursesw (6.4_p20240330-r0)
#11 1.963 (7/176) Installing readline (8.2.10-r0)
#11 1.977 (8/176) Installing bash (5.2.26-r0)
#11 1.998 Executing bash-5.2.26-r0.post-install
#11 2.001 (9/176) Installing m4 (1.4.19-r3)
#11 2.015 (10/176) Installing bison (3.8.2-r1)
#11 2.036 (11/176) Installing coreutils-env (9.5-r1)
#11 2.048 (12/176) Installing coreutils-fmt (9.5-r1)
#11 2.060 (13/176) Installing coreutils-sha512sum (9.5-r1)
#11 2.073 (14/176) Installing libacl (2.3.2-r0)
#11 2.085 (15/176) Installing libattr (2.5.2-r0)
#11 2.098 (16/176) Installing skalibs (2.14.1.1-r0)
#11 2.111 (17/176) Installing utmps-libs (0.1.2.2-r1)
#11 2.122 (18/176) Installing coreutils (9.5-r1)
#11 2.220 (19/176) Installing diffutils (3.10-r0)
#11 2.234 (20/176) Installing zstd-libs (1.5.6-r0)
#11 2.251 (21/176) Installing libelf (0.191-r0)
#11 2.263 (22/176) Installing libbz2 (1.0.8-r6)
#11 2.276 (23/176) Installing musl-fts (1.2.7-r6)
#11 2.288 (24/176) Installing xz-libs (5.6.1-r3)
#11 2.302 (25/176) Installing libdw (0.191-r0)
#11 2.319 (26/176) Installing libasm (0.191-r0)
#11 2.331 (27/176) Installing xz (5.6.1-r3)
#11 2.345 (28/176) Installing pkgconf (2.2.0-r0)
#11 2.358 (29/176) Installing xz-dev (5.6.1-r3)
#11 2.372 (30/176) Installing libgcc (13.2.1_git20240309-r0)
#11 2.385 (31/176) Installing libstdc++ (13.2.1_git20240309-r0)
#11 2.410 (32/176) Installing zstd (1.5.6-r0)
#11 2.426 (33/176) Installing zstd-dev (1.5.6-r0)
#11 2.440 (34/176) Installing zlib-dev (1.3.1-r1)
#11 2.453 (35/176) Installing elfutils-dev (0.191-r0)
#11 2.474 (36/176) Installing libmagic (5.45-r1)
#11 2.501 (37/176) Installing file (5.45-r1)
#11 2.513 (38/176) Installing findutils (4.9.0-r5)
#11 2.529 (39/176) Installing flex (2.6.4-r6)
#11 2.543 (40/176) Installing jansson (2.14-r4)
#11 2.555 (41/176) Installing binutils (2.42-r0)
#11 2.608 (42/176) Installing libgomp (13.2.1_git20240309-r0)
#11 2.626 (43/176) Installing libatomic (13.2.1_git20240309-r0)
#11 2.638 (44/176) Installing gmp (6.3.0-r0)
#11 2.654 (45/176) Installing isl26 (0.26-r1)
#11 2.678 (46/176) Installing mpfr4 (4.2.1-r0)
#11 2.695 (47/176) Installing mpc1 (1.3.1-r1)
#11 2.708 (48/176) Installing gcc (13.2.1_git20240309-r0)
#11 3.186 (49/176) Installing ca-certificates (20240226-r0)
#11 3.208 (50/176) Installing brotli-libs (1.1.0-r2)
#11 3.226 (51/176) Installing c-ares (1.28.1-r0)
#11 3.239 (52/176) Installing libunistring (1.2-r0)
#11 3.258 (53/176) Installing libidn2 (2.3.7-r0)
#11 3.272 (54/176) Installing nghttp2-libs (1.61.0-r0)
#11 3.284 (55/176) Installing libpsl (0.21.5-r1)
#11 3.297 (56/176) Installing libcurl (8.7.1-r0)
#11 3.312 (57/176) Installing libexpat (2.6.2-r0)
#11 3.325 (58/176) Installing pcre2 (10.43-r0)
#11 3.341 (59/176) Installing git (2.45.0-r0)
#11 3.429 (60/176) Installing git-init-template (2.45.0-r0)
#11 3.442 (61/176) Installing libcap2 (2.69-r1)
#11 3.454 (62/176) Installing libmnl (1.0.5-r2)
#11 3.467 (63/176) Installing iproute2-minimal (6.8.0-r0)
#11 3.483 (64/176) Installing libxtables (1.8.10-r3)
#11 3.498 (65/176) Installing iproute2-tc (6.8.0-r0)
#11 3.517 (66/176) Installing iproute2-ss (6.8.0-r0)
#11 3.529 (67/176) Installing iproute2 (6.8.0-r0)
#11 3.544 Executing iproute2-6.8.0-r0.post-install
#11 3.547 (68/176) Installing linux-headers (6.6-r0)
#11 3.625 (69/176) Installing libip4tc (1.8.10-r3)
#11 3.637 (70/176) Installing libip6tc (1.8.10-r3)
#11 3.649 (71/176) Installing libipq (1.8.10-r3)
#11 3.661 (72/176) Installing iptables-dev (1.8.10-r3)
#11 3.673 (73/176) Installing oniguruma (6.9.9-r0)
#11 3.688 (74/176) Installing jq (1.7.1-r0)
#11 3.704 (75/176) Installing kmod (32-r0)
#11 3.718 (76/176) Installing libbpf (1.4.0-r0)
#11 3.733 (77/176) Installing libbpf-dev (1.4.0-r0)
#11 3.752 (78/176) Installing libcap-dev (2.69-r1)
#11 3.765 (79/176) Installing libmnl-dev (1.0.5-r2)
#11 3.777 (80/176) Installing make (4.4.1-r2)
#11 3.792 (81/176) Installing musl-dev (1.2.5-r0)
#11 3.850 (82/176) Installing openssl-dev (3.3.0-r1)
#11 3.878 (83/176) Installing perl (5.38.2-r0)
#11 4.077 (84/176) Installing perl-error (0.17029-r2)
#11 4.090 (85/176) Installing perl-git (2.45.0-r0)
#11 4.102 (86/176) Installing git-perl (2.45.0-r0)
#11 4.117 (87/176) Installing libffi (3.4.6-r0)
#11 4.129 (88/176) Installing gdbm (1.23-r1)
#11 4.142 (89/176) Installing mpdecimal (4.0.0-r0)
#11 4.178 (90/176) Installing libpanelw (6.4_p20240330-r0)
#11 4.191 (91/176) Installing sqlite-libs (3.45.3-r0)
#11 4.213 (92/176) Installing python3 (3.12.3-r1)
#11 4.353 (93/176) Installing python3-pycache-pyc0 (3.12.3-r1)
#11 4.440 (94/176) Installing pyc (3.12.3-r1)
#11 4.452 (95/176) Installing py3-argcomplete-pyc (3.3.0-r0)
#11 4.465 (96/176) Installing python3-pyc (3.12.3-r1)
#11 4.477 (97/176) Installing py3-argcomplete (3.3.0-r0)
#11 4.490 (98/176) Installing py3-psutil (5.9.8-r1)
#11 4.506 (99/176) Installing py3-psutil-pyc (5.9.8-r1)
#11 4.522 (100/176) Installing py3-pyroute2 (0.7.12-r1)
#11 4.553 (101/176) Installing py3-pyroute2-pyc (0.7.12-r1)
#11 4.591 (102/176) Installing py3-certifi (2024.2.2-r1)
#11 4.602 (103/176) Installing py3-certifi-pyc (2024.2.2-r1)
#11 4.614 (104/176) Installing py3-charset-normalizer (3.3.2-r1)
#11 4.628 (105/176) Installing py3-charset-normalizer-pyc (3.3.2-r1)
#11 4.642 (106/176) Installing py3-idna (3.7-r0)
#11 4.655 (107/176) Installing py3-idna-pyc (3.7-r0)
#11 4.669 (108/176) Installing py3-urllib3 (1.26.18-r1)
#11 4.686 (109/176) Installing py3-urllib3-pyc (1.26.18-r1)
#11 4.703 (110/176) Installing py3-requests (2.31.0-r2)
#11 4.719 (111/176) Installing py3-requests-pyc (2.31.0-r2)
#11 4.733 (112/176) Installing py3-parsing (3.1.2-r1)
#11 4.747 (113/176) Installing py3-parsing-pyc (3.1.2-r1)
#11 4.764 (114/176) Installing py3-packaging (24.0-r1)
#11 4.778 (115/176) Installing py3-packaging-pyc (24.0-r1)
#11 4.794 (116/176) Installing py3-setuptools (69.5.1-r0)
#11 4.836 (117/176) Installing py3-setuptools-pyc (69.5.1-r0)
#11 4.879 (118/176) Installing libcap-ng (0.8.4-r0)
#11 4.891 (119/176) Installing libintl (0.22.5-r0)
#11 4.905 (120/176) Installing libeconf (0.6.2-r0)
#11 4.918 (121/176) Installing libblkid (2.40-r2)
#11 4.932 (122/176) Installing libmount (2.40-r2)
#11 4.947 (123/176) Installing glib (2.80.0-r3)
#11 4.981 (124/176) Installing numactl (2.0.18-r0)
#11 4.993 (125/176) Installing qemu (9.0.0-r0)
#11 5.015 Executing qemu-9.0.0-r0.pre-install
#11 5.093 Executing qemu-9.0.0-r0.post-install
#11 5.097 *
#11 5.097 * If you want to run VM as unprivileged user and let Qemu create tunX devices,
#11 5.097 * then you must add that user to the group "qemu".
#11 5.097 * If you use KVM for hardware-assisted virtualization, then you may also need
#11 5.097 * to add that user to the group "kvm".
#11 5.097 *
#11 5.097 (126/176) Installing qemu-bridge-helper (9.0.0-r0)
#11 5.114 (127/176) Installing libaio (0.3.113-r2)
#11 5.125 (128/176) Installing capstone (5.0.1-r4)
#11 5.158 (129/176) Installing nettle (3.9.1-r0)
#11 5.175 (130/176) Installing libtasn1 (4.19.0-r2)
#11 5.188 (131/176) Installing p11-kit (0.25.3-r0)
#11 5.206 (132/176) Installing gnutls (3.8.3-r0)
#11 5.229 (133/176) Installing libjpeg-turbo (3.0.2-r0)
#11 5.244 (134/176) Installing lzo (2.10-r5)
#11 5.258 (135/176) Installing pixman (0.43.2-r0)
#11 5.274 (136/176) Installing libpng (1.6.43-r0)
#11 5.288 (137/176) Installing libsasl (2.1.28-r6)
#11 5.302 (138/176) Installing libseccomp (2.5.5-r1)
#11 5.315 (139/176) Installing libslirp (4.7.0-r0)
#11 5.328 (140/176) Installing snappy (1.1.10-r2)
#11 5.341 (141/176) Installing liburing (2.5-r1)
#11 5.354 (142/176) Installing vde2-libs (2.3.3-r3)
#11 5.366 (143/176) Installing qemu-system-x86_64 (9.0.0-r0)
#11 5.478 (144/176) Installing lz4-libs (1.9.4-r5)
#11 5.492 (145/176) Installing popt (1.19-r3)
#11 5.504 (146/176) Installing libxxhash (0.8.2-r2)
#11 5.516 (147/176) Installing rsync (3.3.0-r0)
#11 5.533 (148/176) Installing scapy (2.5.0-r3)
#11 5.590 Executing scapy-2.5.0-r3.post-install
#11 5.593 *
#11 5.593 * Certain optional features of scapy also depend on the following packages:
#11 5.593 *     py3-matplotlib graphviz imagemagick py3-cryptography sox
#11 5.593 * And the following unpackaged dependencies:
#11 5.593 *     pyxi vpython-jupyter nmap<v4.23
#11 5.593 * More information can be found at https://scapy.readthedocs.io/en/latest/installation.html#optional-dependencies
#11 5.593 *
#11 5.593 (149/176) Installing scapy-pyc (2.5.0-r3)
#11 5.659 (150/176) Installing util-linux (2.40-r2)
#11 5.671 (151/176) Installing setarch (2.40-r2)
#11 5.684 (152/176) Installing libuuid (2.40-r2)
#11 5.696 (153/176) Installing libfdisk (2.40-r2)
#11 5.710 (154/176) Installing libsmartcols (2.40-r2)
#11 5.725 (155/176) Installing util-linux-misc (2.40-r2)
#11 5.761 (156/176) Installing linux-pam (1.6.0-r0)
#11 5.783 (157/176) Installing runuser (2.40-r2)
#11 5.795 (158/176) Installing mount (2.40-r2)
#11 5.807 (159/176) Installing losetup (2.40-r2)
#11 5.820 (160/176) Installing hexdump (2.40-r2)
#11 5.832 (161/176) Installing uuidgen (2.40-r2)
#11 5.843 (162/176) Installing blkid (2.40-r2)
#11 5.856 (163/176) Installing sfdisk (2.40-r2)
#11 5.870 (164/176) Installing mcookie (2.40-r2)
#11 5.881 (165/176) Installing agetty (2.40-r2)
#11 5.892 (166/176) Installing wipefs (2.40-r2)
#11 5.904 (167/176) Installing cfdisk (2.40-r2)
#11 5.917 (168/176) Installing umount (2.40-r2)
#11 5.929 (169/176) Installing flock (2.40-r2)
#11 5.941 (170/176) Installing lsblk (2.40-r2)
#11 5.956 (171/176) Installing setpriv (2.40-r2)
#11 5.968 (172/176) Installing logger (2.40-r2)
#11 5.980 (173/176) Installing partx (2.40-r2)
#11 5.992 (174/176) Installing fstrim (2.40-r2)
#11 6.003 (175/176) Installing findmnt (2.40-r2)
#11 6.016 (176/176) Installing virtme-ng@testing (1.23-r1)
#11 6.072 Executing busybox-1.36.1-r17.trigger
#11 6.076 Executing ca-certificates-20240226-r0.trigger
#11 6.098 Executing glib-2.80.0-r3.trigger
#11 6.106 OK: 384 MiB in 187 packages
#11 DONE 6.4s

#12 [ 8/22] RUN mkdir -p /tmp/kernel-patches &&     mkdir -p /tmp/iproute2-patches
#12 DONE 0.4s

#13 [ 9/22] COPY tdc.config /tmp
#13 DONE 0.0s

#14 [10/22] COPY tdc-debug.config /tmp
#14 DONE 0.1s

#15 [11/22] COPY kernel-patches /tmp/kernel-patches/
#15 DONE 0.0s

#16 [12/22] COPY iproute2-patches /tmp/iproute2-patches/
#16 DONE 0.0s

#17 [13/22] COPY configs /tmp/configs/
#17 DONE 0.0s

#18 [14/22] RUN git config --global user.email foo@bar.com
#18 DONE 0.3s

#19 [15/22] RUN git config --global user.name foo@bar.com
#19 DONE 0.4s

#20 [16/22] RUN git clone https://git.kernel.org/pub/scm/network/iproute2/iproute2-next.git /nipa-data/iproute2
#20 0.351 Cloning into '/nipa-data/iproute2'...
#20 DONE 1.9s

#21 [17/22] RUN cd /nipa-data/iproute2 && 	git remote add stable https://git.kernel.org/pub/scm/network/iproute2/iproute2.git && 	git fetch --all && 	git merge stable/main
#21 0.380 Fetching origin
#21 0.657 Fetching stable
#21 1.144 From https://git.kernel.org/pub/scm/network/iproute2/iproute2
#21 1.144  * [new branch]        codeql         -> stable/codeql
#21 1.145  * [new branch]        iproute2-4.1.x -> stable/iproute2-4.1.x
#21 1.145  * [new branch]        main           -> stable/main
#21 1.191 Auto-merging ip/iplink.c
#21 1.191 Auto-merging man/man8/ip-link.8.in
#21 1.191 Auto-merging tc/f_u32.c
#21 1.191 Auto-merging tc/m_sample.c
#21 1.205 Merge made by the 'ort' strategy.
#21 1.210  ip/ip.c                        | 10 +++++-----
#21 1.210  ip/iplink.c                    |  2 +-
#21 1.210  ip/iproute_lwtunnel.c          |  7 ++-----
#21 1.210  ip/rtmon.c                     |  4 ++--
#21 1.210  lib/exec.c                     |  7 ++++++-
#21 1.210  man/man8/ip-link.8.in          |  2 +-
#21 1.210  tc/f_u32.c                     |  2 +-
#21 1.210  tc/m_sample.c                  |  7 ++-----
#21 1.210  tc/tc.c                        |  2 +-
#21 1.210  vdpa/include/uapi/linux/vdpa.h |  6 +++---
#21 1.210  10 files changed, 24 insertions(+), 25 deletions(-)
#21 DONE 1.2s

#22 [18/22] RUN if [ "$(find /tmp/iproute2-patches/ -name *.patch)" ]; then  	cd /nipa-data/iproute2; 	git apply /tmp/iproute2-patches/*.patch;     fi
#22 DONE 0.4s

#23 [19/22] RUN cd /nipa-data/iproute2/ &&     ./configure &&     make
#23 0.412 TC schedulers
#23 0.414  IPT	using xtables
#23 0.440  IPSET  yes
#23 0.459 
#23 0.459 lib directory: /usr/lib
#23 0.459 libc has setns: yes
#23 0.478 libc has name_to_handle_at: yes
#23 0.498 SELinux support: no
#23 0.499 libtirpc support: no
#23 0.500 libbpf support: yes
#23 0.562 	libbpf version 1.4.0
#23 0.562 ELF support: yes
#23 0.564 libmnl support: yes
#23 0.565 Berkeley DB: no
#23 0.575 need for strlcpy: no
#23 0.595 libcap support: yes
#23 0.597 color output: never
#23 0.599 
#23 0.599 lib
#23 0.602     CC       libgenl.o
#23 0.615 In file included from ../include/libgenl.h:5,
#23 0.615                  from libgenl.c:12:
#23 0.615 ../include/libnetlink.h: In function 'rta_getattr_be64':
#23 0.615 ../include/libnetlink.h:280:16: warning: implicit declaration of function 'htobe64' [-Wimplicit-function-declaration]
#23 0.615   280 |         return htobe64(rta_getattr_u64(rta));
#23 0.615       |                ^~~~~~~
#23 0.644     CC       libnetlink.o
#23 0.940     CC       mnl_utils.o
#23 0.952 In file included from mnl_utils.c:12:
#23 0.952 ../include/libnetlink.h: In function 'rta_getattr_be64':
#23 0.952 ../include/libnetlink.h:280:16: warning: implicit declaration of function 'htobe64' [-Wimplicit-function-declaration]
#23 0.952   280 |         return htobe64(rta_getattr_u64(rta));
#23 0.952       |                ^~~~~~~
#23 1.013     AR       libnetlink.a
#23 1.015     CC       utils.o
#23 1.447     CC       utils_math.o
#23 1.494     CC       rt_names.o
#23 1.668     CC       ll_map.o
#23 1.680 In file included from ll_map.c:17:
#23 1.680 ../include/libnetlink.h: In function 'rta_getattr_be64':
#23 1.680 ../include/libnetlink.h:280:16: warning: implicit declaration of function 'htobe64' [-Wimplicit-function-declaration]
#23 1.680   280 |         return htobe64(rta_getattr_u64(rta));
#23 1.680       |                ^~~~~~~
#23 1.760     CC       ll_types.o
#23 1.772 In file included from ll_types.c:20:
#23 1.772 ../include/uapi/linux/sockios.h:42: warning: "SIOCGSTAMP" redefined
#23 1.772    42 | #define SIOCGSTAMP      SIOCGSTAMP_OLD
#23 1.772       | 
#23 1.772 In file included from /usr/include/sys/ioctl.h:10,
#23 1.772                  from ll_types.c:12:
#23 1.772 /usr/include/bits/ioctl.h:111: note: this is the location of the previous definition
#23 1.772   111 | #define SIOCGSTAMP      0x8906
#23 1.772       | 
#23 1.772 ../include/uapi/linux/sockios.h:43: warning: "SIOCGSTAMPNS" redefined
#23 1.772    43 | #define SIOCGSTAMPNS    SIOCGSTAMPNS_OLD
#23 1.772       | 
#23 1.772 /usr/include/bits/ioctl.h:112: note: this is the location of the previous definition
#23 1.772   112 | #define SIOCGSTAMPNS    0x8907
#23 1.772       | 
#23 1.787     CC       ll_proto.o
#23 1.800 In file included from ll_proto.c:21:
#23 1.800 ../include/uapi/linux/sockios.h:42: warning: "SIOCGSTAMP" redefined
#23 1.800    42 | #define SIOCGSTAMP      SIOCGSTAMP_OLD
#23 1.800       | 
#23 1.800 In file included from /usr/include/sys/ioctl.h:10,
#23 1.800                  from ll_proto.c:13:
#23 1.800 /usr/include/bits/ioctl.h:111: note: this is the location of the previous definition
#23 1.800   111 | #define SIOCGSTAMP      0x8906
#23 1.800       | 
#23 1.800 ../include/uapi/linux/sockios.h:43: warning: "SIOCGSTAMPNS" redefined
#23 1.800    43 | #define SIOCGSTAMPNS    SIOCGSTAMPNS_OLD
#23 1.800       | 
#23 1.800 /usr/include/bits/ioctl.h:112: note: this is the location of the previous definition
#23 1.800   112 | #define SIOCGSTAMPNS    0x8907
#23 1.800       | 
#23 1.814     CC       ll_addr.o
#23 1.827 In file included from ll_addr.c:20:
#23 1.827 ../include/uapi/linux/sockios.h:42: warning: "SIOCGSTAMP" redefined
#23 1.827    42 | #define SIOCGSTAMP      SIOCGSTAMP_OLD
#23 1.827       | 
#23 1.827 In file included from /usr/include/sys/ioctl.h:10,
#23 1.827                  from ll_addr.c:12:
#23 1.827 /usr/include/bits/ioctl.h:111: note: this is the location of the previous definition
#23 1.827   111 | #define SIOCGSTAMP      0x8906
#23 1.827       | 
#23 1.827 ../include/uapi/linux/sockios.h:43: warning: "SIOCGSTAMPNS" redefined
#23 1.827    43 | #define SIOCGSTAMPNS    SIOCGSTAMPNS_OLD
#23 1.827       | 
#23 1.827 /usr/include/bits/ioctl.h:112: note: this is the location of the previous definition
#23 1.827   112 | #define SIOCGSTAMPNS    0x8907
#23 1.827       | 
#23 1.854     CC       inet_proto.o
#23 1.882     CC       namespace.o
#23 1.933     CC       json_writer.o
#23 2.009     CC       json_print.o
#23 2.134     CC       json_print_math.o
#23 2.164     CC       names.o
#23 2.208     CC       color.o
#23 2.248     CC       bpf_legacy.o
#23 2.610     CC       bpf_glue.o
#23 2.644     CC       exec.o
#23 2.672     CC       fs.o
#23 2.735     CC       cg_map.o
#23 2.776     CC       ppp_proto.o
#23 2.796     CC       bpf_libbpf.o
#23 2.866     CC       selinux.o
#23 2.884     CC       ax25_ntop.o
#23 2.914     CC       rose_ntop.o
#23 2.926 In file included from rose_ntop.c:16:
#23 2.926 ../include/uapi/linux/sockios.h:42: warning: "SIOCGSTAMP" redefined
#23 2.926    42 | #define SIOCGSTAMP      SIOCGSTAMP_OLD
#23 2.926       | 
#23 2.926 In file included from /usr/include/sys/ioctl.h:10,
#23 2.926                  from rose_ntop.c:7:
#23 2.926 /usr/include/bits/ioctl.h:111: note: this is the location of the previous definition
#23 2.926   111 | #define SIOCGSTAMP      0x8906
#23 2.926       | 
#23 2.926 ../include/uapi/linux/sockios.h:43: warning: "SIOCGSTAMPNS" redefined
#23 2.926    43 | #define SIOCGSTAMPNS    SIOCGSTAMPNS_OLD
#23 2.926       | 
#23 2.926 /usr/include/bits/ioctl.h:112: note: this is the location of the previous definition
#23 2.926   112 | #define SIOCGSTAMPNS    0x8907
#23 2.926       | 
#23 2.941     CC       mpls_ntop.o
#23 2.969     CC       mpls_pton.o
#23 2.997     CC       netrom_ntop.o
#23 3.017     AR       libutil.a
#23 3.022 
#23 3.022 ip
#23 3.024     CC       ip.o
#23 3.091     CC       ipaddress.o
#23 3.105 In file included from ipaddress.c:26:
#23 3.105 ../include/uapi/linux/sockios.h:42: warning: "SIOCGSTAMP" redefined
#23 3.105    42 | #define SIOCGSTAMP      SIOCGSTAMP_OLD
#23 3.105       | 
#23 3.105 In file included from /usr/include/sys/ioctl.h:10,
#23 3.105                  from ipaddress.c:14:
#23 3.105 /usr/include/bits/ioctl.h:111: note: this is the location of the previous definition
#23 3.105   111 | #define SIOCGSTAMP      0x8906
#23 3.105       | 
#23 3.105 ../include/uapi/linux/sockios.h:43: warning: "SIOCGSTAMPNS" redefined
#23 3.105    43 | #define SIOCGSTAMPNS    SIOCGSTAMPNS_OLD
#23 3.105       | 
#23 3.105 /usr/include/bits/ioctl.h:112: note: this is the location of the previous definition
#23 3.105   112 | #define SIOCGSTAMPNS    0x8907
#23 3.105       | 
#23 3.577     CC       ipaddrlabel.o
#23 3.637     CC       iproute.o
#23 4.124     CC       iprule.o
#23 4.315     CC       ipnetns.o
#23 4.501     CC       rtm_map.o
#23 4.535     CC       iptunnel.o
#23 4.547 In file included from ../include/uapi/linux/if_tunnel.h:6,
#23 4.547                  from iptunnel.c:19:
#23 4.547 ../include/uapi/linux/if.h:134: warning: "IFF_VOLATILE" redefined
#23 4.547   134 | #define IFF_VOLATILE    (IFF_LOOPBACK|IFF_POINTOPOINT|IFF_BROADCAST|IFF_ECHO|\
#23 4.547       | 
#23 4.547 In file included from iptunnel.c:16:
#23 4.547 /usr/include/net/if.h:48: note: this is the location of the previous definition
#23 4.547    48 | #define IFF_VOLATILE (IFF_LOOPBACK|IFF_POINTOPOINT|IFF_BROADCAST| \
#23 4.547       | 
#23 4.680     CC       ip6tunnel.o
#23 4.794     CC       tunnel.o
#23 4.880     CC       ipneigh.o
#23 5.024     CC       ipntable.o
#23 5.156     CC       iplink.o
#23 5.434     CC       ipmaddr.o
#23 5.446 In file included from ipmaddr.c:21:
#23 5.446 ../include/uapi/linux/sockios.h:42: warning: "SIOCGSTAMP" redefined
#23 5.446    42 | #define SIOCGSTAMP      SIOCGSTAMP_OLD
#23 5.446       | 
#23 5.446 In file included from /usr/include/sys/ioctl.h:10,
#23 5.446                  from ipmaddr.c:12:
#23 5.446 /usr/include/bits/ioctl.h:111: note: this is the location of the previous definition
#23 5.446   111 | #define SIOCGSTAMP      0x8906
#23 5.446       | 
#23 5.446 ../include/uapi/linux/sockios.h:43: warning: "SIOCGSTAMPNS" redefined
#23 5.446    43 | #define SIOCGSTAMPNS    SIOCGSTAMPNS_OLD
#23 5.446       | 
#23 5.446 /usr/include/bits/ioctl.h:112: note: this is the location of the previous definition
#23 5.446   112 | #define SIOCGSTAMPNS    0x8907
#23 5.446       | 
#23 5.527     CC       ipmonitor.o
#23 5.605     CC       ipmroute.o
#23 5.617 In file included from ipmroute.c:22:
#23 5.617 ../include/uapi/linux/sockios.h:42: warning: "SIOCGSTAMP" redefined
#23 5.617    42 | #define SIOCGSTAMP      SIOCGSTAMP_OLD
#23 5.617       | 
#23 5.617 In file included from /usr/include/sys/ioctl.h:10,
#23 5.617                  from ipmroute.c:13:
#23 5.617 /usr/include/bits/ioctl.h:111: note: this is the location of the previous definition
#23 5.617   111 | #define SIOCGSTAMP      0x8906
#23 5.617       | 
#23 5.617 ../include/uapi/linux/sockios.h:43: warning: "SIOCGSTAMPNS" redefined
#23 5.617    43 | #define SIOCGSTAMPNS    SIOCGSTAMPNS_OLD
#23 5.617       | 
#23 5.617 /usr/include/bits/ioctl.h:112: note: this is the location of the previous definition
#23 5.617   112 | #define SIOCGSTAMPNS    0x8907
#23 5.617       | 
#23 5.675     CC       ipprefix.o
#23 5.707     CC       iptuntap.o
#23 5.811     CC       iptoken.o
#23 5.864     CC       ipxfrm.o
#23 6.157     CC       xfrm_state.o
#23 6.433     CC       xfrm_policy.o
#23 6.666     CC       xfrm_monitor.o
#23 6.742     CC       iplink_dummy.o
#23 6.765     CC       iplink_ifb.o
#23 6.787     CC       iplink_nlmon.o
#23 6.810     CC       iplink_team.o
#23 6.834     CC       iplink_vcan.o
#23 6.857     CC       iplink_vxcan.o
#23 6.885     CC       iplink_vlan.o
#23 6.955     CC       link_veth.o
#23 6.983     CC       link_gre.o
#23 6.994 In file included from ../include/uapi/linux/if_tunnel.h:6,
#23 6.994                  from link_gre.c:15:
#23 6.994 ../include/uapi/linux/if.h:134: warning: "IFF_VOLATILE" redefined
#23 6.994   134 | #define IFF_VOLATILE    (IFF_LOOPBACK|IFF_POINTOPOINT|IFF_BROADCAST|IFF_ECHO|\
#23 6.994       | 
#23 6.994 In file included from link_gre.c:9:
#23 6.994 /usr/include/net/if.h:48: note: this is the location of the previous definition
#23 6.994    48 | #define IFF_VOLATILE (IFF_LOOPBACK|IFF_POINTOPOINT|IFF_BROADCAST| \
#23 6.994       | 
#23 7.120     CC       iplink_can.o
#23 7.257     CC       iplink_xdp.o
#23 7.314     CC       iplink_macvlan.o
#23 7.380     CC       ipl2tp.o
#23 7.532     CC       link_vti.o
#23 7.543 In file included from ../include/uapi/linux/if_tunnel.h:6,
#23 7.543                  from link_vti.c:16:
#23 7.543 ../include/uapi/linux/if.h:134: warning: "IFF_VOLATILE" redefined
#23 7.543   134 | #define IFF_VOLATILE    (IFF_LOOPBACK|IFF_POINTOPOINT|IFF_BROADCAST|IFF_ECHO|\
#23 7.543       | 
#23 7.543 In file included from link_vti.c:10:
#23 7.543 /usr/include/net/if.h:48: note: this is the location of the previous definition
#23 7.543    48 | #define IFF_VOLATILE (IFF_LOOPBACK|IFF_POINTOPOINT|IFF_BROADCAST| \
#23 7.543       | 
#23 7.598     CC       link_vti6.o
#23 7.608 In file included from ../include/uapi/linux/if_tunnel.h:6,
#23 7.608                  from link_vti6.c:17:
#23 7.608 ../include/uapi/linux/if.h:134: warning: "IFF_VOLATILE" redefined
#23 7.608   134 | #define IFF_VOLATILE    (IFF_LOOPBACK|IFF_POINTOPOINT|IFF_BROADCAST|IFF_ECHO|\
#23 7.608       | 
#23 7.608 In file included from link_vti6.c:11:
#23 7.608 /usr/include/net/if.h:48: note: this is the location of the previous definition
#23 7.608    48 | #define IFF_VOLATILE (IFF_LOOPBACK|IFF_POINTOPOINT|IFF_BROADCAST| \
#23 7.608       | 
#23 7.651     CC       link_xfrm.o
#23 7.688     CC       iplink_vxlan.o
#23 7.841     CC       tcp_metrics.o
#23 7.954     CC       iplink_ipoib.o
#23 7.995     CC       ipnetconf.o
#23 8.047     CC       link_ip6tnl.o
#23 8.057 In file included from ../include/uapi/linux/if_tunnel.h:6,
#23 8.057                  from link_ip6tnl.c:15:
#23 8.057 ../include/uapi/linux/if.h:134: warning: "IFF_VOLATILE" redefined
#23 8.057   134 | #define IFF_VOLATILE    (IFF_LOOPBACK|IFF_POINTOPOINT|IFF_BROADCAST|IFF_ECHO|\
#23 8.057       | 
#23 8.057 In file included from link_ip6tnl.c:9:
#23 8.057 /usr/include/net/if.h:48: note: this is the location of the previous definition
#23 8.057    48 | #define IFF_VOLATILE (IFF_LOOPBACK|IFF_POINTOPOINT|IFF_BROADCAST| \
#23 8.057       | 
#23 8.149     CC       link_iptnl.o
#23 8.159 In file included from ../include/uapi/linux/if_tunnel.h:6,
#23 8.159                  from link_iptnl.c:16:
#23 8.159 ../include/uapi/linux/if.h:134: warning: "IFF_VOLATILE" redefined
#23 8.159   134 | #define IFF_VOLATILE    (IFF_LOOPBACK|IFF_POINTOPOINT|IFF_BROADCAST|IFF_ECHO|\
#23 8.159       | 
#23 8.159 In file included from link_iptnl.c:9:
#23 8.159 /usr/include/net/if.h:48: note: this is the location of the previous definition
#23 8.159    48 | #define IFF_VOLATILE (IFF_LOOPBACK|IFF_POINTOPOINT|IFF_BROADCAST| \
#23 8.159       | 
#23 8.243     CC       link_gre6.o
#23 8.254 In file included from ../include/uapi/linux/if_tunnel.h:6,
#23 8.254                  from link_gre6.c:15:
#23 8.254 ../include/uapi/linux/if.h:134: warning: "IFF_VOLATILE" redefined
#23 8.254   134 | #define IFF_VOLATILE    (IFF_LOOPBACK|IFF_POINTOPOINT|IFF_BROADCAST|IFF_ECHO|\
#23 8.254       | 
#23 8.254 In file included from link_gre6.c:9:
#23 8.254 /usr/include/net/if.h:48: note: this is the location of the previous definition
#23 8.254    48 | #define IFF_VOLATILE (IFF_LOOPBACK|IFF_POINTOPOINT|IFF_BROADCAST| \
#23 8.254       | 
#23 8.387     CC       iplink_bond.o
#23 8.575     CC       iplink_bond_slave.o
#23 8.636     CC       iplink_hsr.o
#23 8.679     CC       iplink_bridge.o
#23 8.823     CC       iplink_bridge_slave.o
#23 8.930     CC       iplink_dsa.o
#23 8.963     CC       ipfou.o
#23 8.978 In file included from ../include/libgenl.h:5,
#23 8.978                  from ipfou.c:18:
#23 8.978 ../include/libnetlink.h: In function 'rta_getattr_be64':
#23 8.978 ../include/libnetlink.h:280:16: warning: implicit declaration of function 'htobe64' [-Wimplicit-function-declaration]
#23 8.978   280 |         return htobe64(rta_getattr_u64(rta));
#23 8.978       |                ^~~~~~~
#23 9.055     CC       iplink_ipvlan.o
#23 9.101     CC       iplink_geneve.o
#23 9.187     CC       iplink_vrf.o
#23 9.235     CC       iproute_lwtunnel.o
#23 9.627     CC       ipmacsec.o
#23 9.891     CC       ipila.o
#23 9.905 In file included from ../include/libgenl.h:5,
#23 9.905                  from ipila.c:18:
#23 9.905 ../include/libnetlink.h: In function 'rta_getattr_be64':
#23 9.905 ../include/libnetlink.h:280:16: warning: implicit declaration of function 'htobe64' [-Wimplicit-function-declaration]
#23 9.905   280 |         return htobe64(rta_getattr_u64(rta));
#23 9.905       |                ^~~~~~~
#23 9.969     CC       ipvrf.o
#23 10.09     CC       iplink_xstats.o
#23 10.12     CC       ipseg6.o
#23 10.17     CC       iplink_netdevsim.o
#23 10.19     CC       iplink_rmnet.o
#23 10.22     CC       ipnexthop.o
#23 10.47     CC       ipmptcp.o
#23 10.59     CC       iplink_bareudp.o
#23 10.60 In file included from iplink_bareudp.c:9:
#23 10.60 ../include/libnetlink.h: In function 'rta_getattr_be64':
#23 10.60 ../include/libnetlink.h:280:16: warning: implicit declaration of function 'htobe64' [-Wimplicit-function-declaration]
#23 10.60   280 |         return htobe64(rta_getattr_u64(rta));
#23 10.60       |                ^~~~~~~
#23 10.64     CC       iplink_wwan.o
#23 10.68     CC       ipioam6.o
#23 10.75     CC       iplink_amt.o
#23 10.81     CC       iplink_batadv.o
#23 10.83     CC       iplink_gtp.o
#23 10.87     CC       iplink_virt_wifi.o
#23 10.90     CC       iplink_netkit.o
#23 10.94     CC       ipstats.o
#23 11.14     LINK     ip
#23 11.17     CC       rtmon.o
#23 11.23     LINK     rtmon
#23 11.24 
#23 11.24 tc
#23 11.24     CC       tc.o
#23 11.33     CC       tc_qdisc.o
#23 11.43     CC       tc_class.o
#23 11.55     CC       tc_filter.o
#23 11.71     CC       tc_util.o
#23 11.89     CC       tc_monitor.o
#23 11.92     CC       tc_exec.o
#23 11.96     CC       m_police.o
#23 12.04     CC       m_estimator.o
#23 12.07     CC       m_action.o
#23 12.23     CC       m_ematch.o
#23 12.34     YACC     emp_ematch.tab.c
#23 12.40     CC       emp_ematch.tab.o
#23 12.51     LEX      emp_ematch.lex.c
#23 12.52     CC       emp_ematch.lex.o
#23 12.68     CC       q_fifo.o
#23 12.72     CC       q_sfq.o
#23 12.79     CC       q_red.o
#23 12.87     CC       q_prio.o
#23 12.92     CC       q_skbprio.o
#23 12.96     CC       q_tbf.o
#23 13.05     CC       q_multiq.o
#23 13.08     CC       q_netem.o
#23 13.29     CC       q_choke.o
#23 13.36     CC       q_sfb.o
#23 13.42     CC       f_u32.o
#23 13.68     CC       f_route.o
#23 13.73     CC       f_fw.o
#23 13.78     CC       f_basic.o
#23 13.82     CC       f_bpf.o
#23 13.89     CC       f_flow.o
#23 13.99     CC       f_cgroup.o
#23 14.03     CC       f_flower.o
#23 14.04 In file included from ../include/uapi/linux/netdevice.h:29,
#23 14.04                  from ../include/uapi/linux/if_arp.h:27,
#23 14.04                  from f_flower.c:14:
#23 14.04 ../include/uapi/linux/if.h:134: warning: "IFF_VOLATILE" redefined
#23 14.04   134 | #define IFF_VOLATILE    (IFF_LOOPBACK|IFF_POINTOPOINT|IFF_BROADCAST|IFF_ECHO|\
#23 14.04       | 
#23 14.04 In file included from f_flower.c:12:
#23 14.04 /usr/include/net/if.h:48: note: this is the location of the previous definition
#23 14.04    48 | #define IFF_VOLATILE (IFF_LOOPBACK|IFF_POINTOPOINT|IFF_BROADCAST| \
#23 14.04       | 
#23 14.55     CC       q_gred.o
#23 14.67     CC       q_ingress.o
#23 14.70     CC       q_hfsc.o
#23 14.79     CC       q_htb.o
#23 14.88     CC       q_drr.o
#23 14.92     CC       q_qfq.o
#23 14.96     CC       m_gact.o
#23 15.01     CC       m_mirred.o
#23 15.09     CC       m_mpls.o
#23 15.15     CC       m_nat.o
#23 15.20     CC       m_pedit.o
#23 15.35     CC       m_ife.o
#23 15.43     CC       m_skbedit.o
#23 15.50     CC       m_skbmod.o
#23 15.55     CC       m_csum.o
#23 15.61     CC       m_simple.o
#23 15.66     CC       m_vlan.o
#23 15.73     CC       m_connmark.o
#23 15.77     CC       m_ctinfo.o
#23 15.82     CC       m_bpf.o
#23 15.87     CC       m_tunnel_key.o
#23 15.99     CC       m_sample.o
#23 16.03     CC       m_ct.o
#23 16.13     CC       m_gate.o
#23 16.22     CC       p_ip.o
#23 16.26     CC       p_ip6.o
#23 16.31     CC       p_icmp.o
#23 16.34     CC       p_eth.o
#23 16.37     CC       p_tcp.o
#23 16.40     CC       p_udp.o
#23 16.43     CC       em_nbyte.o
#23 16.48     CC       em_cmp.o
#23 16.53     CC       em_u32.o
#23 16.58     CC       em_canid.o
#23 16.62     CC       em_meta.o
#23 16.73     CC       q_mqprio.o
#23 16.85     CC       q_codel.o
#23 16.91     CC       q_fq_codel.o
#23 17.00     CC       q_fq.o
#23 17.14     CC       q_pie.o
#23 17.20     CC       q_fq_pie.o
#23 17.28     CC       q_cake.o
#23 17.46     CC       q_hhf.o
#23 17.53     CC       q_clsact.o
#23 17.55     CC       e_bpf.o
#23 17.61     CC       f_matchall.o
#23 17.65     CC       q_cbs.o
#23 17.70     CC       q_etf.o
#23 17.75     CC       q_taprio.o
#23 17.86     CC       q_plug.o
#23 17.90     CC       q_ets.o
#23 17.98     CC       em_ipt.o
#23 18.00 In file included from tc_util.h:7,
#23 18.00                  from m_ematch.h:11,
#23 18.00                  from em_ipt.c:13:
#23 18.00 ../include/uapi/linux/if.h:134: warning: "IFF_VOLATILE" redefined
#23 18.00   134 | #define IFF_VOLATILE    (IFF_LOOPBACK|IFF_POINTOPOINT|IFF_BROADCAST|IFF_ECHO|\
#23 18.00       | 
#23 18.00 In file included from ../include/xtables.h:17,
#23 18.00                  from em_ipt.c:12:
#23 18.00 /usr/include/net/if.h:48: note: this is the location of the previous definition
#23 18.00    48 | #define IFF_VOLATILE (IFF_LOOPBACK|IFF_POINTOPOINT|IFF_BROADCAST| \
#23 18.00       | 
#23 18.03     CC       em_ipset.o
#23 18.04 In file included from tc_util.h:7,
#23 18.04                  from m_ematch.h:11,
#23 18.04                  from em_ipset.c:39:
#23 18.04 ../include/uapi/linux/if.h:134: warning: "IFF_VOLATILE" redefined
#23 18.04   134 | #define IFF_VOLATILE    (IFF_LOOPBACK|IFF_POINTOPOINT|IFF_BROADCAST|IFF_ECHO|\
#23 18.04       | 
#23 18.04 In file included from ../include/xtables.h:17,
#23 18.04                  from em_ipset.c:23:
#23 18.04 /usr/include/net/if.h:48: note: this is the location of the previous definition
#23 18.04    48 | #define IFF_VOLATILE (IFF_LOOPBACK|IFF_POINTOPOINT|IFF_BROADCAST| \
#23 18.04       | 
#23 18.08     CC       tc_core.o
#23 18.15     CC       tc_red.o
#23 18.19     CC       tc_estimator.o
#23 18.22     CC       tc_stab.o
#23 18.28     CC       tc_qevent.o
#23 18.29 In file included from tc_qevent.h:7,
#23 18.29                  from tc_qevent.c:10:
#23 18.29 ../include/libnetlink.h: In function 'rta_getattr_be64':
#23 18.29 ../include/libnetlink.h:280:16: warning: implicit declaration of function 'htobe64' [-Wimplicit-function-declaration]
#23 18.29   280 |         return htobe64(rta_getattr_u64(rta));
#23 18.29       |                ^~~~~~~
#23 18.34     AR       libtc.a
#23 18.34     LINK     tc
#23 18.37 rm emp_ematch.lex.c
#23 18.37 
#23 18.37 bridge
#23 18.37     CC       bridge.o
#23 18.42     CC       fdb.o
#23 18.44 In file included from fdb.c:28:
#23 18.44 ../include/libnetlink.h: In function 'rta_getattr_be64':
#23 18.44 ../include/libnetlink.h:280:16: warning: implicit declaration of function 'htobe64' [-Wimplicit-function-declaration]
#23 18.44   280 |         return htobe64(rta_getattr_u64(rta));
#23 18.44       |                ^~~~~~~
#23 18.60     CC       monitor.o
#23 18.64     CC       link.o
#23 18.66 In file included from link.c:16:
#23 18.66 ../include/libnetlink.h: In function 'rta_getattr_be64':
#23 18.66 ../include/libnetlink.h:280:16: warning: implicit declaration of function 'htobe64' [-Wimplicit-function-declaration]
#23 18.66   280 |         return htobe64(rta_getattr_u64(rta));
#23 18.66       |                ^~~~~~~
#23 18.81     CC       mdb.o
#23 18.82 In file included from mdb.c:20:
#23 18.82 ../include/libnetlink.h: In function 'rta_getattr_be64':
#23 18.82 ../include/libnetlink.h:280:16: warning: implicit declaration of function 'htobe64' [-Wimplicit-function-declaration]
#23 18.82   280 |         return htobe64(rta_getattr_u64(rta));
#23 18.82       |                ^~~~~~~
#23 19.01     CC       vlan.o
#23 19.02 In file included from vlan.c:14:
#23 19.02 ../include/json_print.h:80:30: warning: 'struct timeval' declared inside parameter list will not be visible outside of this definition or declaration
#23 19.02    80 | _PRINT_FUNC(tv, const struct timeval *)
#23 19.02       |                              ^~~~~~~
#23 19.02 ../include/json_print.h:50:37: note: in definition of macro '_PRINT_FUNC'
#23 19.02    50 |                                     type value);                        \
#23 19.02       |                                     ^~~~
#23 19.02 ../include/json_print.h:80:30: warning: 'struct timeval' declared inside parameter list will not be visible outside of this definition or declaration
#23 19.02    80 | _PRINT_FUNC(tv, const struct timeval *)
#23 19.02       |                              ^~~~~~~
#23 19.02 ../include/json_print.h:55:45: note: in definition of macro '_PRINT_FUNC'
#23 19.02    55 |                                             type value)                 \
#23 19.02       |                                             ^~~~
#23 19.02 ../include/json_print.h: In function 'print_tv':
#23 19.02 ../include/json_print.h:58:48: warning: passing argument 5 of 'print_color_tv' from incompatible pointer type [-Wincompatible-pointer-types]
#23 19.02    58 |                                                value);                  \
#23 19.02       |                                                ^~~~~
#23 19.02       |                                                |
#23 19.02       |                                                const struct timeval *
#23 19.02 ../include/json_print.h:80:1: note: in expansion of macro '_PRINT_FUNC'
#23 19.02    80 | _PRINT_FUNC(tv, const struct timeval *)
#23 19.02       | ^~~~~~~~~~~
#23 19.02 ../include/json_print.h:50:42: note: expected 'const struct timeval *' but argument is of type 'const struct timeval *'
#23 19.02    50 |                                     type value);                        \
#23 19.02       |                                          ^
#23 19.02 ../include/json_print.h:80:1: note: in expansion of macro '_PRINT_FUNC'
#23 19.02    80 | _PRINT_FUNC(tv, const struct timeval *)
#23 19.02       | ^~~~~~~~~~~
#23 19.02 In file included from vlan.c:15:
#23 19.02 ../include/libnetlink.h: In function 'rta_getattr_be64':
#23 19.02 ../include/libnetlink.h:280:16: warning: implicit declaration of function 'htobe64' [-Wimplicit-function-declaration]
#23 19.02   280 |         return htobe64(rta_getattr_u64(rta));
#23 19.02       |                ^~~~~~~
#23 19.24     CC       vni.o
#23 19.25 In file included from vni.c:19:
#23 19.25 ../include/json_print.h:80:30: warning: 'struct timeval' declared inside parameter list will not be visible outside of this definition or declaration
#23 19.25    80 | _PRINT_FUNC(tv, const struct timeval *)
#23 19.25       |                              ^~~~~~~
#23 19.25 ../include/json_print.h:50:37: note: in definition of macro '_PRINT_FUNC'
#23 19.25    50 |                                     type value);                        \
#23 19.25       |                                     ^~~~
#23 19.25 ../include/json_print.h:80:30: warning: 'struct timeval' declared inside parameter list will not be visible outside of this definition or declaration
#23 19.25    80 | _PRINT_FUNC(tv, const struct timeval *)
#23 19.25       |                              ^~~~~~~
#23 19.25 ../include/json_print.h:55:45: note: in definition of macro '_PRINT_FUNC'
#23 19.25    55 |                                             type value)                 \
#23 19.25       |                                             ^~~~
#23 19.25 ../include/json_print.h: In function 'print_tv':
#23 19.25 ../include/json_print.h:58:48: warning: passing argument 5 of 'print_color_tv' from incompatible pointer type [-Wincompatible-pointer-types]
#23 19.25    58 |                                                value);                  \
#23 19.25       |                                                ^~~~~
#23 19.25       |                                                |
#23 19.25       |                                                const struct timeval *
#23 19.25 ../include/json_print.h:80:1: note: in expansion of macro '_PRINT_FUNC'
#23 19.25    80 | _PRINT_FUNC(tv, const struct timeval *)
#23 19.25       | ^~~~~~~~~~~
#23 19.25 ../include/json_print.h:50:42: note: expected 'const struct timeval *' but argument is of type 'const struct timeval *'
#23 19.25    50 |                                     type value);                        \
#23 19.25       |                                          ^
#23 19.25 ../include/json_print.h:80:1: note: in expansion of macro '_PRINT_FUNC'
#23 19.25    80 | _PRINT_FUNC(tv, const struct timeval *)
#23 19.25       | ^~~~~~~~~~~
#23 19.26 In file included from vni.c:20:
#23 19.26 ../include/libnetlink.h: In function 'rta_getattr_be64':
#23 19.26 ../include/libnetlink.h:280:16: warning: implicit declaration of function 'htobe64' [-Wimplicit-function-declaration]
#23 19.26   280 |         return htobe64(rta_getattr_u64(rta));
#23 19.26       |                ^~~~~~~
#23 19.33     LINK     bridge
#23 19.34 
#23 19.34 misc
#23 19.35     CC       ss.o
#23 19.37 In file included from ../include/uapi/linux/tipc.h:42,
#23 19.37                  from ss.c:49:
#23 19.37 ../include/uapi/linux/sockios.h:42: warning: "SIOCGSTAMP" redefined
#23 19.37    42 | #define SIOCGSTAMP      SIOCGSTAMP_OLD
#23 19.37       | 
#23 19.37 In file included from /usr/include/sys/ioctl.h:10,
#23 19.37                  from ss.c:12:
#23 19.37 /usr/include/bits/ioctl.h:111: note: this is the location of the previous definition
#23 19.37   111 | #define SIOCGSTAMP      0x8906
#23 19.37       | 
#23 19.37 ../include/uapi/linux/sockios.h:43: warning: "SIOCGSTAMPNS" redefined
#23 19.37    43 | #define SIOCGSTAMPNS    SIOCGSTAMPNS_OLD
#23 19.37       | 
#23 19.37 /usr/include/bits/ioctl.h:112: note: this is the location of the previous definition
#23 19.37   112 | #define SIOCGSTAMPNS    0x8907
#23 19.37       | 
#23 20.23     CC       ssfilter_check.o
#23 20.25 In file included from ssfilter_check.c:6:
#23 20.25 ../include/libnetlink.h: In function 'rta_getattr_be64':
#23 20.25 ../include/libnetlink.h:280:16: warning: implicit declaration of function 'htobe64' [-Wimplicit-function-declaration]
#23 20.25   280 |         return htobe64(rta_getattr_u64(rta));
#23 20.25       |                ^~~~~~~
#23 20.26     YACC     ssfilter.tab.c
#23 20.33     CC       ssfilter.tab.o
#23 20.44     LINK     ss
#23 20.46     CC       nstat
#23 20.47 In file included from nstat.c:20:
#23 20.47 /usr/include/sys/poll.h:1:2: warning: #warning redirecting incorrect #include <sys/poll.h> to <poll.h> [-Wcpp]
#23 20.47     1 | #warning redirecting incorrect #include <sys/poll.h> to <poll.h>
#23 20.47       |  ^~~~~~~
#23 20.60     CC       ifstat
#23 20.61 In file included from ifstat.c:20:
#23 20.61 /usr/include/sys/poll.h:1:2: warning: #warning redirecting incorrect #include <sys/poll.h> to <poll.h> [-Wcpp]
#23 20.61     1 | #warning redirecting incorrect #include <sys/poll.h> to <poll.h>
#23 20.61       |  ^~~~~~~
#23 20.62 In file included from ifstat.c:30:
#23 20.62 ../include/libnetlink.h: In function 'rta_getattr_be64':
#23 20.62 ../include/libnetlink.h:280:16: warning: implicit declaration of function 'htobe64' [-Wimplicit-function-declaration]
#23 20.62   280 |         return htobe64(rta_getattr_u64(rta));
#23 20.62       |                ^~~~~~~
#23 20.78     CC       rtacct
#23 20.80 In file included from rtacct.c:19:
#23 20.80 /usr/include/sys/poll.h:1:2: warning: #warning redirecting incorrect #include <sys/poll.h> to <poll.h> [-Wcpp]
#23 20.80     1 | #warning redirecting incorrect #include <sys/poll.h> to <poll.h>
#23 20.80       |  ^~~~~~~
#23 20.92     CC       lnstat.o
#23 20.98     CC       lnstat_util.o
#23 21.04     LINK     lnstat
#23 21.05 
#23 21.05 netem
#23 21.05 gcc  -I../include -o maketable maketable.c -lm
#23 21.09 gcc  -I../include -o normal normal.c -lm
#23 21.11 gcc  -I../include -o pareto pareto.c -lm
#23 21.14 gcc  -I../include -o paretonormal paretonormal.c -lm
#23 21.16 ./normal > normal.dist
#23 21.17 ./pareto > pareto.dist
#23 21.17 ./paretonormal > paretonormal.dist
#23 21.18 ./maketable experimental.dat > experimental.dist
#23 21.19 
#23 21.19 genl
#23 21.19     CC       genl.o
#23 21.23     CC       ctrl.o
#23 21.30     LINK     genl
#23 21.31 
#23 21.31 man
#23 21.32 make[2]: Nothing to be done for 'all'.
#23 21.32 make[2]: Nothing to be done for 'all'.
#23 21.32 sed \
#23 21.32 	-e "s|@NETNS_ETC_DIR@|/etc/netns|g" \
#23 21.32 	-e "s|@NETNS_RUN_DIR@|/var/run/netns|g" \
#23 21.32 	-e "s|@SYSCONF_ETC_DIR@|/etc/iproute2|g" \
#23 21.32 	-e "s|@SYSCONF_USR_DIR@|/usr/share/iproute2|g" \
#23 21.32 	ip-address.8.in > ip-address.8
#23 21.32 sed \
#23 21.32 	-e "s|@NETNS_ETC_DIR@|/etc/netns|g" \
#23 21.32 	-e "s|@NETNS_RUN_DIR@|/var/run/netns|g" \
#23 21.32 	-e "s|@SYSCONF_ETC_DIR@|/etc/iproute2|g" \
#23 21.32 	-e "s|@SYSCONF_USR_DIR@|/usr/share/iproute2|g" \
#23 21.32 	ip-link.8.in > ip-link.8
#23 21.33 sed \
#23 21.33 	-e "s|@NETNS_ETC_DIR@|/etc/netns|g" \
#23 21.33 	-e "s|@NETNS_RUN_DIR@|/var/run/netns|g" \
#23 21.33 	-e "s|@SYSCONF_ETC_DIR@|/etc/iproute2|g" \
#23 21.33 	-e "s|@SYSCONF_USR_DIR@|/usr/share/iproute2|g" \
#23 21.33 	ip-netns.8.in > ip-netns.8
#23 21.33 sed \
#23 21.33 	-e "s|@NETNS_ETC_DIR@|/etc/netns|g" \
#23 21.33 	-e "s|@NETNS_RUN_DIR@|/var/run/netns|g" \
#23 21.33 	-e "s|@SYSCONF_ETC_DIR@|/etc/iproute2|g" \
#23 21.33 	-e "s|@SYSCONF_USR_DIR@|/usr/share/iproute2|g" \
#23 21.33 	ip-route.8.in > ip-route.8
#23 21.33 
#23 21.33 tipc
#23 21.33     CC       bearer.o
#23 21.51     CC       cmdl.o
#23 21.55     CC       link.o
#23 21.75     CC       media.o
#23 21.80     CC       misc.o
#23 21.85     CC       msg.o
#23 21.87     CC       nametable.o
#23 21.91     CC       node.o
#23 22.00     CC       socket.o
#23 22.03     CC       peer.o
#23 22.06     CC       tipc.o
#23 22.10     LINK     tipc
#23 22.11 
#23 22.11 devlink
#23 22.11     CC       devlink.o
#23 23.88     CC       mnlg.o
#23 23.89 In file included from mnlg.c:16:
#23 23.89 ../include/libnetlink.h: In function 'rta_getattr_be64':
#23 23.89 ../include/libnetlink.h:280:16: warning: implicit declaration of function 'htobe64' [-Wimplicit-function-declaration]
#23 23.89   280 |         return htobe64(rta_getattr_u64(rta));
#23 23.89       |                ^~~~~~~
#23 23.92     LINK     devlink
#23 23.94 
#23 23.94 rdma
#23 23.94     CC       rdma.o
#23 23.96 rdma.c: In function 'main':
#23 23.96 rdma.c:110:20: warning: implicit declaration of function 'basename'; did you mean 'rename'? [-Wimplicit-function-declaration]
#23 23.96   110 |         filename = basename(argv[0]);
#23 23.96       |                    ^~~~~~~~
#23 23.96       |                    rename
#23 23.96 rdma.c:110:18: warning: assignment to 'char *' from 'int' makes pointer from integer without a cast [-Wint-conversion]
#23 23.96   110 |         filename = basename(argv[0]);
#23 23.96       |                  ^
#23 23.98     CC       utils.o
#23 24.19     CC       dev.o
#23 24.26     CC       link.o
#23 24.34     CC       res.o
#23 24.45     CC       res-pd.o
#23 24.49     CC       res-mr.o
#23 24.54     CC       res-cq.o
#23 24.59     CC       res-cmid.o
#23 24.65     CC       res-qp.o
#23 24.71     CC       sys.o
#23 24.77     CC       stat.o
#23 24.99     CC       stat-mr.o
#23 25.03     CC       res-ctx.o
#23 25.07     CC       res-srq.o
#23 25.14     LINK     rdma
#23 25.15 
#23 25.15 dcb
#23 25.15     CC       dcb.o
#23 25.17 In file included from ../include/namespace.h:10,
#23 25.17                  from dcb.c:11:
#23 25.17 ../include/libnetlink.h: In function 'rta_getattr_be64':
#23 25.17 ../include/libnetlink.h:280:16: warning: implicit declaration of function 'htobe64' [-Wimplicit-function-declaration]
#23 25.17   280 |         return htobe64(rta_getattr_u64(rta));
#23 25.17       |                ^~~~~~~
#23 25.28     CC       dcb_app.o
#23 25.46     CC       dcb_buffer.o
#23 25.52     CC       dcb_dcbx.o
#23 25.57     CC       dcb_ets.o
#23 25.65     CC       dcb_maxrate.o
#23 25.70     CC       dcb_pfc.o
#23 25.77     CC       dcb_apptrust.o
#23 25.82     CC       dcb_rewr.o
#23 25.90     LINK     dcb
#23 25.92 
#23 25.92 vdpa
#23 25.92     CC       vdpa.o
#23 25.93 In file included from vdpa.c:19:
#23 25.93 ../include/json_print.h:80:30: warning: 'struct timeval' declared inside parameter list will not be visible outside of this definition or declaration
#23 25.93    80 | _PRINT_FUNC(tv, const struct timeval *)
#23 25.93       |                              ^~~~~~~
#23 25.93 ../include/json_print.h:50:37: note: in definition of macro '_PRINT_FUNC'
#23 25.93    50 |                                     type value);                        \
#23 25.93       |                                     ^~~~
#23 25.93 ../include/json_print.h:80:30: warning: 'struct timeval' declared inside parameter list will not be visible outside of this definition or declaration
#23 25.93    80 | _PRINT_FUNC(tv, const struct timeval *)
#23 25.93       |                              ^~~~~~~
#23 25.93 ../include/json_print.h:55:45: note: in definition of macro '_PRINT_FUNC'
#23 25.93    55 |                                             type value)                 \
#23 25.93       |                                             ^~~~
#23 25.93 ../include/json_print.h: In function 'print_tv':
#23 25.93 ../include/json_print.h:58:48: warning: passing argument 5 of 'print_color_tv' from incompatible pointer type [-Wincompatible-pointer-types]
#23 25.93    58 |                                                value);                  \
#23 25.93       |                                                ^~~~~
#23 25.93       |                                                |
#23 25.93       |                                                const struct timeval *
#23 25.93 ../include/json_print.h:80:1: note: in expansion of macro '_PRINT_FUNC'
#23 25.93    80 | _PRINT_FUNC(tv, const struct timeval *)
#23 25.93       | ^~~~~~~~~~~
#23 25.93 ../include/json_print.h:50:42: note: expected 'const struct timeval *' but argument is of type 'const struct timeval *'
#23 25.93    50 |                                     type value);                        \
#23 25.93       |                                          ^
#23 25.93 ../include/json_print.h:80:1: note: in expansion of macro '_PRINT_FUNC'
#23 25.93    80 | _PRINT_FUNC(tv, const struct timeval *)
#23 25.93       | ^~~~~~~~~~~
#23 26.08     LINK     vdpa
#23 DONE 26.1s

#24 [20/22] RUN git clone --no-single-branch --depth=1 https://github.com/linux-netdev/testing.git /nipa-data/kernel
#24 0.378 Cloning into '/nipa-data/kernel'...
#24 18.09 Updating files:  17% (14637/83283)Updating files:  18% (14991/83283)Updating files:  19% (15824/83283)Updating files:  20% (16657/83283)Updating files:  21% (17490/83283)Updating files:  22% (18323/83283)Updating files:  23% (19156/83283)Updating files:  24% (19988/83283)Updating files:  25% (20821/83283)Updating files:  26% (21654/83283)Updating files:  27% (22487/83283)Updating files:  28% (23320/83283)Updating files:  29% (24153/83283)Updating files:  30% (24985/83283)Updating files:  31% (25818/83283)Updating files:  32% (26651/83283)Updating files:  33% (27484/83283)Updating files:  34% (28317/83283)Updating files:  35% (29150/83283)Updating files:  36% (29982/83283)Updating files:  36% (30130/83283)Updating files:  37% (30815/83283)Updating files:  38% (31648/83283)Updating files:  39% (32481/83283)Updating files:  40% (33314/83283)Updating files:  40% (33621/83283)Updating files:  41% (34147/83283)Updating files:  42% (34979/83283)Updating files:  43% (35812/83283)Updating files:  44% (36645/83283)Updating files:  45% (37478/83283)Updating files:  46% (38311/83283)Updating files:  47% (39144/83283)Updating files:  48% (39976/83283)Updating files:  49% (40809/83283)Updating files:  50% (41642/83283)Updating files:  51% (42475/83283)Updating files:  52% (43308/83283)Updating files:  52% (43772/83283)Updating files:  53% (44140/83283)Updating files:  54% (44973/83283)Updating files:  55% (45806/83283)Updating files:  56% (46639/83283)Updating files:  57% (47472/83283)Updating files:  58% (48305/83283)Updating files:  59% (49137/83283)Updating files:  60% (49970/83283)Updating files:  61% (50803/83283)Updating files:  62% (51636/83283)Updating files:  63% (52469/83283)Updating files:  64% (53302/83283)Updating files:  65% (54134/83283)Updating files:  66% (54967/83283)Updating files:  66% (55600/83283)Updating files:  67% (55800/83283)Updating files:  68% (56633/83283)Updating files:  69% (57466/83283)Updating files:  70% (58299/83283)Updating files:  71% (59131/83283)Updating files:  72% (59964/83283)Updating files:  73% (60797/83283)Updating files:  74% (61630/83283)Updating files:  75% (62463/83283)Updating files:  76% (63296/83283)Updating files:  77% (64128/83283)Updating files:  78% (64961/83283)Updating files:  79% (65794/83283)Updating files:  80% (66627/83283)Updating files:  81% (67460/83283)Updating files:  82% (68293/83283)Updating files:  83% (69125/83283)Updating files:  84% (69958/83283)Updating files:  84% (70186/83283)Updating files:  85% (70791/83283)Updating files:  86% (71624/83283)Updating files:  87% (72457/83283)Updating files:  88% (73290/83283)Updating files:  89% (74122/83283)Updating files:  90% (74955/83283)Updating files:  91% (75788/83283)Updating files:  92% (76621/83283)Updating files:  93% (77454/83283)Updating files:  94% (78287/83283)Updating files:  95% (79119/83283)Updating files:  96% (79952/83283)Updating files:  97% (80785/83283)Updating files:  98% (81618/83283)Updating files:  99% (82451/83283)Updating files: 100% (83283/83283)Updating files: 100% (83283/83283), done.
#24 DONE 25.7s

#25 [21/22] RUN git clone --depth=1 -b main https://github.com/p4tc-dev/new-nipa.git nipa
#25 0.351 Cloning into 'nipa'...
#25 DONE 0.7s

#26 [22/22] COPY entrypoint.sh /entrypoint.sh
#26 DONE 0.4s

#27 exporting to image
#27 exporting layers
#27 exporting layers 8.8s done
#27 writing image sha256:6d99206c1bd122df438ac62d46f6826a4548a95d8284712cc30eb2d31fb92355 0.1s done
#27 naming to docker.io/library/nipa-executor
#27 naming to docker.io/library/nipa-executor 0.2s done
#27 DONE 9.1s
=== >>> DEBUG KERNEL <<< ===
NIPA version: 1b9c21a (ui: set canvas background color to stand out, 2024-03-28)
INFO: Last run date: 2024-05-01 15:00:11.857993+00:00
Testing  {'branch': 'net-next-2024-05-01--18-00', 'date': '2024-05-01T18:00:08.575901+00:00', 'base': 'e14cadf5b47261537fb2dba5d8b6da18b0146039', 'url': 'https://github.com/linux-netdev/testing.git net-next-2024-05-01--18-00'}
Updating files:  43% (6645/15214)Updating files:  44% (6695/15214)Updating files:  45% (6847/15214)Updating files:  46% (6999/15214)Updating files:  47% (7151/15214)Updating files:  48% (7303/15214)Updating files:  49% (7455/15214)Updating files:  50% (7607/15214)Updating files:  51% (7760/15214)Updating files:  52% (7912/15214)Updating files:  53% (8064/15214)Updating files:  54% (8216/15214)Updating files:  55% (8368/15214)Updating files:  56% (8520/15214)Updating files:  57% (8672/15214)Updating files:  58% (8825/15214)Updating files:  59% (8977/15214)Updating files:  60% (9129/15214)Updating files:  61% (9281/15214)Updating files:  62% (9433/15214)Updating files:  63% (9585/15214)Updating files:  64% (9737/15214)Updating files:  65% (9890/15214)Updating files:  66% (10042/15214)Updating files:  67% (10194/15214)Updating files:  68% (10346/15214)Updating files:  69% (10498/15214)Updating files:  70% (10650/15214)Updating files:  71% (10802/15214)Updating files:  72% (10955/15214)Updating files:  73% (11107/15214)Updating files:  74% (11259/15214)Updating files:  75% (11411/15214)Updating files:  76% (11563/15214)Updating files:  77% (11715/15214)Updating files:  78% (11867/15214)Updating files:  79% (12020/15214)Updating files:  80% (12172/15214)Updating files:  81% (12324/15214)Updating files:  82% (12476/15214)Updating files:  83% (12628/15214)Updating files:  84% (12780/15214)Updating files:  85% (12932/15214)Updating files:  86% (13085/15214)Updating files:  86% (13107/15214)Updating files:  87% (13237/15214)Updating files:  88% (13389/15214)Updating files:  89% (13541/15214)Updating files:  90% (13693/15214)Updating files:  91% (13845/15214)Updating files:  92% (13997/15214)Updating files:  93% (14150/15214)Updating files:  94% (14302/15214)Updating files:  95% (14454/15214)Updating files:  96% (14606/15214)Updating files:  97% (14758/15214)Updating files:  98% (14910/15214)Updating files:  99% (15062/15214)Updating files: 100% (15214/15214)Updating files: 100% (15214/15214), done.
branch 'net-next-2024-05-01--18-00' set up to track 'origin/net-next-2024-05-01--18-00'.
Switched to a new branch 'net-next-2024-05-01--18-00'
error: No valid patches in input (allow with "--allow-empty")
Checking patch tools/testing/selftests/tc-testing/tdc_config.py...
Applied patch tools/testing/selftests/tc-testing/tdc_config.py cleanly.
Run at 2024-05-01 18:23:27.093821
INFO: building kernel
INFO: starting VM 0
INFO: thr0-0 VM starting: vng -v -r arch/x86/boot/bzImage --user root --rwdir=/nipa-data/kernel/
INFO: thr0-0 expecting prompt: '/nipa-data/kernel# '
INFO: thr0-0 reached initial prompt
INFO: thr-0 testing == tdc.sh
INFO: thr-0 tdc.sh >> retcode: 0 result: pass found {'fail': False, 'skip': False, 'pass': True}
INFO: thr-0 has no more work, exiting
INFO: thr0-0 VM stopped
Done at 2024-05-01 18:28:03.213469
NIPA quitting!
/
~/nipa/tc-executor/tc-executor-storage /
sort: write failed: 'standard output': Broken pipe
sort: write error
