~/nipa/tc-executor/tc-executor-storage /
Switched to branch 'storage-dbg'
Your branch is ahead of 'origin/storage-dbg' by 1018 commits.
  (use "git push" to publish your local commits)
/
~/nipa/tc-executor /
Error response from daemon: No such image: nipa-executor:latest
#0 building with "default" instance using docker driver

#1 [internal] load build definition from Dockerfile
#1 transferring dockerfile: 2.05kB done
#1 DONE 0.0s

#2 [internal] load .dockerignore
#2 transferring context: 2B done
#2 DONE 0.0s

#3 [internal] load metadata for docker.io/library/alpine:edge
#3 DONE 0.0s

#4 [ 1/22] FROM docker.io/library/alpine:edge
#4 CACHED

#5 [internal] load build context
#5 transferring context: 3.02kB done
#5 DONE 0.0s

#6 [ 2/22] RUN echo true > debug-mode
#6 DONE 0.8s

#7 [ 3/22] RUN addgroup -g 1001 hostuser
#7 DONE 0.3s

#8 [ 4/22] RUN adduser -u 1001 -G hostuser -H -D -s /bin/ash hostuser
#8 DONE 0.4s

#9 [ 5/22] RUN echo '@testing http://dl-cdn.alpinelinux.org/alpine/edge/testing' >> /etc/apk/repositories
#9 DONE 0.3s

#10 [ 6/22] RUN echo '@community http://dl-cdn.alpinelinux.org/alpine/edge/community' >> /etc/apk/repositories
#10 DONE 0.3s

#11 [ 7/22] RUN apk update && apk add --no-cache    virtme-ng@testing    git    py3-requests    py3-psutil    py3-setuptools    py3-pyroute2    py3-argcomplete    qemu-system-x86_64@community    scapy@community    make    gcc    musl-dev    flex    bison    linux-headers    elfutils-dev    util-linux    coreutils    diffutils    findutils    file    bash    kmod    perl    iptables-dev    libcap-dev    libmnl-dev    iproute2     jq    libbpf-dev    rsync    openssl-dev
#11 0.492 fetch https://dl-cdn.alpinelinux.org/alpine/edge/main/x86_64/APKINDEX.tar.gz
#11 0.707 fetch https://dl-cdn.alpinelinux.org/alpine/edge/community/x86_64/APKINDEX.tar.gz
#11 0.901 fetch http://dl-cdn.alpinelinux.org/alpine/edge/testing/x86_64/APKINDEX.tar.gz
#11 1.286 fetch http://dl-cdn.alpinelinux.org/alpine/edge/community/x86_64/APKINDEX.tar.gz
#11 1.504 v20240606-1197-gefa27cc3e17 [https://dl-cdn.alpinelinux.org/alpine/edge/main]
#11 1.504 v20240606-1202-g6ccfb253b7f [https://dl-cdn.alpinelinux.org/alpine/edge/community]
#11 1.504 v20240606-1199-g194708ee3c2 [http://dl-cdn.alpinelinux.org/alpine/edge/testing]
#11 1.504 v20240606-1202-g6ccfb253b7f [http://dl-cdn.alpinelinux.org/alpine/edge/community]
#11 1.504 OK: 31622 distinct packages available
#11 1.553 fetch https://dl-cdn.alpinelinux.org/alpine/edge/main/x86_64/APKINDEX.tar.gz
#11 1.651 fetch https://dl-cdn.alpinelinux.org/alpine/edge/community/x86_64/APKINDEX.tar.gz
#11 1.730 fetch http://dl-cdn.alpinelinux.org/alpine/edge/testing/x86_64/APKINDEX.tar.gz
#11 1.815 fetch http://dl-cdn.alpinelinux.org/alpine/edge/community/x86_64/APKINDEX.tar.gz
#11 2.024 (1/176) Upgrading musl (1.2.4_git20230717-r5 -> 1.2.5-r1)
#11 2.040 (2/176) Upgrading libcrypto3 (3.1.4-r2 -> 3.3.1-r0)
#11 2.074 (3/176) Upgrading libssl3 (3.1.4-r2 -> 3.3.1-r0)
#11 2.092 (4/176) Upgrading zlib (1.3-r2 -> 1.3.1-r1)
#11 2.104 (5/176) Installing ncurses-terminfo-base (6.4_p20240420-r0)
#11 2.118 (6/176) Installing libncursesw (6.4_p20240420-r0)
#11 2.134 (7/176) Installing readline (8.2.10-r0)
#11 2.147 (8/176) Installing bash (5.2.26-r0)
#11 2.167 Executing bash-5.2.26-r0.post-install
#11 2.170 (9/176) Installing m4 (1.4.19-r3)
#11 2.184 (10/176) Installing bison (3.8.2-r1)
#11 2.205 (11/176) Installing coreutils-env (9.5-r1)
#11 2.221 (12/176) Installing coreutils-fmt (9.5-r1)
#11 2.234 (13/176) Installing coreutils-sha512sum (9.5-r1)
#11 2.246 (14/176) Installing libacl (2.3.2-r0)
#11 2.258 (15/176) Installing libattr (2.5.2-r0)
#11 2.270 (16/176) Installing skalibs (2.14.2.0-r0)
#11 2.284 (17/176) Installing utmps-libs (0.1.2.2-r1)
#11 2.296 (18/176) Installing coreutils (9.5-r1)
#11 2.318 (19/176) Installing diffutils (3.10-r0)
#11 2.332 (20/176) Installing zstd-libs (1.5.6-r0)
#11 2.353 (21/176) Installing libelf (0.191-r0)
#11 2.367 (22/176) Installing libbz2 (1.0.8-r6)
#11 2.379 (23/176) Installing musl-fts (1.2.7-r6)
#11 2.391 (24/176) Installing xz-libs (5.6.2-r0)
#11 2.408 (25/176) Installing libdw (0.191-r0)
#11 2.423 (26/176) Installing libasm (0.191-r0)
#11 2.435 (27/176) Installing xz (5.6.2-r0)
#11 2.448 (28/176) Installing pkgconf (2.2.0-r0)
#11 2.461 (29/176) Installing xz-dev (5.6.2-r0)
#11 2.475 (30/176) Installing libgcc (13.2.1_git20240309-r0)
#11 2.488 (31/176) Installing libstdc++ (13.2.1_git20240309-r0)
#11 2.511 (32/176) Installing zstd (1.5.6-r0)
#11 2.526 (33/176) Installing zstd-dev (1.5.6-r0)
#11 2.539 (34/176) Installing zlib-dev (1.3.1-r1)
#11 2.551 (35/176) Installing elfutils-dev (0.191-r0)
#11 2.571 (36/176) Installing libmagic (5.45-r1)
#11 2.599 (37/176) Installing file (5.45-r1)
#11 2.611 (38/176) Installing findutils (4.9.0-r5)
#11 2.626 (39/176) Installing flex (2.6.4-r6)
#11 2.640 (40/176) Installing jansson (2.14-r4)
#11 2.653 (41/176) Installing binutils (2.42-r0)
#11 2.706 (42/176) Installing libgomp (13.2.1_git20240309-r0)
#11 2.721 (43/176) Installing libatomic (13.2.1_git20240309-r0)
#11 2.734 (44/176) Installing gmp (6.3.0-r1)
#11 2.750 (45/176) Installing isl26 (0.26-r1)
#11 2.773 (46/176) Installing mpfr4 (4.2.1-r0)
#11 2.791 (47/176) Installing mpc1 (1.3.1-r1)
#11 2.804 (48/176) Installing gcc (13.2.1_git20240309-r0)
#11 3.246 (49/176) Installing ca-certificates (20240226-r0)
#11 3.267 (50/176) Installing brotli-libs (1.1.0-r2)
#11 3.285 (51/176) Installing c-ares (1.31.0-r0)
#11 3.299 (52/176) Installing libunistring (1.2-r0)
#11 3.319 (53/176) Installing libidn2 (2.3.7-r0)
#11 3.332 (54/176) Installing nghttp2-libs (1.62.1-r0)
#11 3.346 (55/176) Installing libpsl (0.21.5-r1)
#11 3.358 (56/176) Installing libcurl (8.8.0-r0)
#11 3.374 (57/176) Installing libexpat (2.6.2-r0)
#11 3.387 (58/176) Installing pcre2 (10.43-r0)
#11 3.406 (59/176) Installing git (2.45.2-r1)
#11 3.454 (60/176) Installing git-init-template (2.45.2-r1)
#11 3.471 (61/176) Installing libcap2 (2.70-r0)
#11 3.483 (62/176) Installing libmnl (1.0.5-r2)
#11 3.496 (63/176) Installing iproute2-minimal (6.9.0-r0)
#11 3.512 (64/176) Installing libxtables (1.8.10-r3)
#11 3.524 (65/176) Installing iproute2-tc (6.9.0-r0)
#11 3.541 (66/176) Installing iproute2-ss (6.9.0-r0)
#11 3.554 (67/176) Installing iproute2 (6.9.0-r0)
#11 3.569 Executing iproute2-6.9.0-r0.post-install
#11 3.572 (68/176) Installing linux-headers (6.6-r0)
#11 3.647 (69/176) Installing libip4tc (1.8.10-r3)
#11 3.660 (70/176) Installing libip6tc (1.8.10-r3)
#11 3.675 (71/176) Installing libipq (1.8.10-r3)
#11 3.687 (72/176) Installing iptables-dev (1.8.10-r3)
#11 3.700 (73/176) Installing oniguruma (6.9.9-r0)
#11 3.715 (74/176) Installing jq (1.7.1-r0)
#11 3.733 (75/176) Installing kmod (32-r0)
#11 3.748 (76/176) Installing libbpf (1.4.3-r0)
#11 3.764 (77/176) Installing libbpf-dev (1.4.3-r0)
#11 3.782 (78/176) Installing libcap-dev (2.70-r0)
#11 3.796 (79/176) Installing libmnl-dev (1.0.5-r2)
#11 3.808 (80/176) Installing make (4.4.1-r2)
#11 3.821 (81/176) Installing musl-dev (1.2.5-r1)
#11 3.870 (82/176) Installing openssl-dev (3.3.1-r0)
#11 3.909 (83/176) Installing perl (5.40.0-r0)
#11 4.089 (84/176) Installing perl-error (0.17029-r2)
#11 4.103 (85/176) Installing perl-git (2.45.2-r1)
#11 4.115 (86/176) Installing git-perl (2.45.2-r1)
#11 4.127 (87/176) Installing libffi (3.4.6-r0)
#11 4.140 (88/176) Installing gdbm (1.23-r1)
#11 4.152 (89/176) Installing mpdecimal (4.0.0-r0)
#11 4.166 (90/176) Installing libpanelw (6.4_p20240420-r0)
#11 4.178 (91/176) Installing sqlite-libs (3.46.0-r0)
#11 4.200 (92/176) Installing python3 (3.12.3-r1)
#11 4.317 (93/176) Installing python3-pycache-pyc0 (3.12.3-r1)
#11 4.396 (94/176) Installing pyc (3.12.3-r1)
#11 4.408 (95/176) Installing py3-argcomplete-pyc (3.4.0-r0)
#11 4.421 (96/176) Installing python3-pyc (3.12.3-r1)
#11 4.432 (97/176) Installing py3-argcomplete (3.4.0-r0)
#11 4.446 (98/176) Installing py3-psutil (5.9.8-r1)
#11 4.461 (99/176) Installing py3-psutil-pyc (5.9.8-r1)
#11 4.476 (100/176) Installing py3-pyroute2 (0.7.12-r1)
#11 4.506 (101/176) Installing py3-pyroute2-pyc (0.7.12-r1)
#11 4.538 (102/176) Installing py3-certifi (2024.2.2-r1)
#11 4.550 (103/176) Installing py3-certifi-pyc (2024.2.2-r1)
#11 4.562 (104/176) Installing py3-charset-normalizer (3.3.2-r1)
#11 4.577 (105/176) Installing py3-charset-normalizer-pyc (3.3.2-r1)
#11 4.591 (106/176) Installing py3-idna (3.7-r0)
#11 4.606 (107/176) Installing py3-idna-pyc (3.7-r0)
#11 4.620 (108/176) Installing py3-urllib3 (1.26.18-r1)
#11 4.636 (109/176) Installing py3-urllib3-pyc (1.26.18-r1)
#11 4.653 (110/176) Installing py3-requests (2.32.3-r0)
#11 4.667 (111/176) Installing py3-requests-pyc (2.32.3-r0)
#11 4.682 (112/176) Installing py3-parsing (3.1.2-r1)
#11 4.696 (113/176) Installing py3-parsing-pyc (3.1.2-r1)
#11 4.714 (114/176) Installing py3-packaging (24.1-r0)
#11 4.727 (115/176) Installing py3-packaging-pyc (24.1-r0)
#11 4.740 (116/176) Installing py3-setuptools (70.1.0-r0)
#11 4.776 (117/176) Installing py3-setuptools-pyc (70.1.0-r0)
#11 4.814 (118/176) Installing libcap-ng (0.8.5-r0)
#11 4.827 (119/176) Installing libintl (0.22.5-r0)
#11 4.840 (120/176) Installing libeconf (0.6.3-r0)
#11 4.852 (121/176) Installing libblkid (2.40.1-r1)
#11 4.867 (122/176) Installing libmount (2.40.1-r1)
#11 4.881 (123/176) Installing glib (2.80.3-r0)
#11 4.915 (124/176) Installing numactl (2.0.18-r0)
#11 4.928 (125/176) Installing qemu (9.0.1-r0)
#11 4.943 Executing qemu-9.0.1-r0.pre-install
#11 5.014 Executing qemu-9.0.1-r0.post-install
#11 5.018 *
#11 5.018 * If you want to run VM as unprivileged user and let Qemu create tunX devices,
#11 5.018 * then you must add that user to the group "qemu".
#11 5.018 * If you use KVM for hardware-assisted virtualization, then you may also need
#11 5.018 * to add that user to the group "kvm".
#11 5.018 *
#11 5.018 (126/176) Installing qemu-bridge-helper (9.0.1-r0)
#11 5.035 (127/176) Installing libaio (0.3.113-r2)
#11 5.047 (128/176) Installing capstone (5.0.1-r4)
#11 5.075 (129/176) Installing nettle (3.10-r0)
#11 5.092 (130/176) Installing libtasn1 (4.19.0-r2)
#11 5.106 (131/176) Installing p11-kit (0.25.3-r0)
#11 5.124 (132/176) Installing gnutls (3.8.5-r0)
#11 5.207 (133/176) Installing libjpeg-turbo (3.0.3-r0)
#11 5.222 (134/176) Installing lzo (2.10-r5)
#11 5.236 (135/176) Installing pixman (0.43.2-r0)
#11 5.251 (136/176) Installing libpng (1.6.43-r0)
#11 5.264 (137/176) Installing libsasl (2.1.28-r7)
#11 5.278 (138/176) Installing libseccomp (2.5.5-r1)
#11 5.290 (139/176) Installing libslirp (4.8.0-r0)
#11 5.303 (140/176) Installing snappy (1.1.10-r2)
#11 5.316 (141/176) Installing vde2-libs (2.3.3-r3)
#11 5.328 (142/176) Installing qemu-system-x86_64 (9.0.1-r0)
#11 5.430 (143/176) Installing lz4-libs (1.9.4-r5)
#11 5.443 (144/176) Installing popt (1.19-r3)
#11 5.455 (145/176) Installing libxxhash (0.8.2-r2)
#11 5.470 (146/176) Installing rsync (3.3.0-r0)
#11 5.485 (147/176) Installing scapy (2.5.0-r3)
#11 5.533 Executing scapy-2.5.0-r3.post-install
#11 5.536 *
#11 5.536 * Certain optional features of scapy also depend on the following packages:
#11 5.536 *     py3-matplotlib graphviz imagemagick py3-cryptography sox
#11 5.536 * And the following unpackaged dependencies:
#11 5.536 *     pyxi vpython-jupyter nmap<v4.23
#11 5.536 * More information can be found at https://scapy.readthedocs.io/en/latest/installation.html#optional-dependencies
#11 5.536 *
#11 5.536 (148/176) Installing scapy-pyc (2.5.0-r3)
#11 5.591 (149/176) Installing util-linux (2.40.1-r1)
#11 5.603 (150/176) Installing dmesg (2.40.1-r1)
#11 5.616 (151/176) Installing setarch (2.40.1-r1)
#11 5.628 (152/176) Installing libuuid (2.40.1-r1)
#11 5.640 (153/176) Installing libfdisk (2.40.1-r1)
#11 5.654 (154/176) Installing libsmartcols (2.40.1-r1)
#11 5.666 (155/176) Installing util-linux-misc (2.40.1-r1)
#11 5.693 (156/176) Installing linux-pam (1.6.0-r0)
#11 5.711 (157/176) Installing runuser (2.40.1-r1)
#11 5.723 (158/176) Installing mount (2.40.1-r1)
#11 5.736 (159/176) Installing losetup (2.40.1-r1)
#11 5.750 (160/176) Installing hexdump (2.40.1-r1)
#11 5.762 (161/176) Installing uuidgen (2.40.1-r1)
#11 5.774 (162/176) Installing blkid (2.40.1-r1)
#11 5.786 (163/176) Installing sfdisk (2.40.1-r1)
#11 5.799 (164/176) Installing mcookie (2.40.1-r1)
#11 5.810 (165/176) Installing agetty (2.40.1-r1)
#11 5.822 (166/176) Installing wipefs (2.40.1-r1)
#11 5.834 (167/176) Installing cfdisk (2.40.1-r1)
#11 5.847 (168/176) Installing umount (2.40.1-r1)
#11 5.859 (169/176) Installing flock (2.40.1-r1)
#11 5.871 (170/176) Installing lsblk (2.40.1-r1)
#11 5.883 (171/176) Installing setpriv (2.40.1-r1)
#11 5.900 (172/176) Installing logger (2.40.1-r1)
#11 5.913 (173/176) Installing partx (2.40.1-r1)
#11 5.926 (174/176) Installing fstrim (2.40.1-r1)
#11 5.937 (175/176) Installing findmnt (2.40.1-r1)
#11 5.950 (176/176) Installing virtme-ng@testing (1.25-r0)
#11 6.002 Executing busybox-1.36.1-r17.trigger
#11 6.007 Executing ca-certificates-20240226-r0.trigger
#11 6.028 Executing glib-2.80.3-r0.trigger
#11 6.034 OK: 385 MiB in 187 packages
#11 DONE 6.4s

#12 [ 8/22] RUN mkdir -p /tmp/kernel-patches &&     mkdir -p /tmp/iproute2-patches
#12 DONE 0.3s

#13 [ 9/22] COPY tdc.config /tmp
#13 DONE 0.0s

#14 [10/22] COPY tdc-debug.config /tmp
#14 DONE 0.1s

#15 [11/22] COPY kernel-patches /tmp/kernel-patches/
#15 DONE 0.0s

#16 [12/22] COPY iproute2-patches /tmp/iproute2-patches/
#16 DONE 0.1s

#17 [13/22] COPY configs /tmp/configs/
#17 DONE 0.0s

#18 [14/22] RUN git config --global user.email foo@bar.com
#18 DONE 0.3s

#19 [15/22] RUN git config --global user.name foo@bar.com
#19 DONE 0.4s

#20 [16/22] RUN git clone https://git.kernel.org/pub/scm/network/iproute2/iproute2-next.git /nipa-data/iproute2
#20 0.321 Cloning into '/nipa-data/iproute2'...
#20 DONE 1.9s

#21 [17/22] RUN cd /nipa-data/iproute2 && 	git remote add stable https://git.kernel.org/pub/scm/network/iproute2/iproute2.git && 	git fetch --all && 	git merge stable/main
#21 0.312 Fetching origin
#21 0.592 Fetching stable
#21 1.058 From https://git.kernel.org/pub/scm/network/iproute2/iproute2
#21 1.058  * [new branch]        codeql         -> stable/codeql
#21 1.058  * [new branch]        iproute2-4.1.x -> stable/iproute2-4.1.x
#21 1.058  * [new branch]        main           -> stable/main
#21 1.086 Merge made by the 'ort' strategy.
#21 1.103  devlink/devlink.c | 4 ++--
#21 1.103  1 file changed, 2 insertions(+), 2 deletions(-)
#21 DONE 1.1s

#22 [18/22] RUN if [ "$(find /tmp/iproute2-patches/ -name *.patch)" ]; then  	cd /nipa-data/iproute2; 	git apply /tmp/iproute2-patches/*.patch;     fi
#22 DONE 0.4s

#23 [19/22] RUN cd /nipa-data/iproute2/ &&     ./configure &&     make
#23 0.297 TC schedulers
#23 0.298  IPT	using xtables
#23 0.325  IPSET  yes
#23 0.344 
#23 0.344 lib directory: /usr/lib
#23 0.345 libc has setns: yes
#23 0.364 libc has name_to_handle_at: yes
#23 0.382 SELinux support: no
#23 0.383 libtirpc support: no
#23 0.384 libbpf support: yes
#23 0.446 	libbpf version 1.4.3
#23 0.446 ELF support: yes
#23 0.448 libmnl support: yes
#23 0.450 Berkeley DB: no
#23 0.460 need for strlcpy: no
#23 0.478 libcap support: yes
#23 0.480 color output: never
#23 0.483 
#23 0.483 lib
#23 0.484     CC       libgenl.o
#23 0.496 In file included from ../include/libgenl.h:5,
#23 0.496                  from libgenl.c:12:
#23 0.496 ../include/libnetlink.h: In function 'rta_getattr_be64':
#23 0.496 ../include/libnetlink.h:280:16: warning: implicit declaration of function 'htobe64' [-Wimplicit-function-declaration]
#23 0.496   280 |         return htobe64(rta_getattr_u64(rta));
#23 0.496       |                ^~~~~~~
#23 0.521     CC       libnetlink.o
#23 0.803     CC       mnl_utils.o
#23 0.814 In file included from mnl_utils.c:12:
#23 0.814 ../include/libnetlink.h: In function 'rta_getattr_be64':
#23 0.814 ../include/libnetlink.h:280:16: warning: implicit declaration of function 'htobe64' [-Wimplicit-function-declaration]
#23 0.814   280 |         return htobe64(rta_getattr_u64(rta));
#23 0.814       |                ^~~~~~~
#23 0.871     AR       libnetlink.a
#23 0.873     CC       utils.o
#23 1.217     CC       utils_math.o
#23 1.253     CC       rt_names.o
#23 1.402     CC       ll_map.o
#23 1.413 In file included from ll_map.c:17:
#23 1.413 ../include/libnetlink.h: In function 'rta_getattr_be64':
#23 1.413 ../include/libnetlink.h:280:16: warning: implicit declaration of function 'htobe64' [-Wimplicit-function-declaration]
#23 1.413   280 |         return htobe64(rta_getattr_u64(rta));
#23 1.413       |                ^~~~~~~
#23 1.484     CC       ll_types.o
#23 1.496 In file included from ll_types.c:20:
#23 1.496 ../include/uapi/linux/sockios.h:42: warning: "SIOCGSTAMP" redefined
#23 1.496    42 | #define SIOCGSTAMP      SIOCGSTAMP_OLD
#23 1.496       | 
#23 1.496 In file included from /usr/include/sys/ioctl.h:10,
#23 1.496                  from ll_types.c:12:
#23 1.496 /usr/include/bits/ioctl.h:111: note: this is the location of the previous definition
#23 1.496   111 | #define SIOCGSTAMP      0x8906
#23 1.496       | 
#23 1.496 ../include/uapi/linux/sockios.h:43: warning: "SIOCGSTAMPNS" redefined
#23 1.496    43 | #define SIOCGSTAMPNS    SIOCGSTAMPNS_OLD
#23 1.496       | 
#23 1.496 /usr/include/bits/ioctl.h:112: note: this is the location of the previous definition
#23 1.496   112 | #define SIOCGSTAMPNS    0x8907
#23 1.496       | 
#23 1.509     CC       ll_proto.o
#23 1.521 In file included from ll_proto.c:21:
#23 1.521 ../include/uapi/linux/sockios.h:42: warning: "SIOCGSTAMP" redefined
#23 1.521    42 | #define SIOCGSTAMP      SIOCGSTAMP_OLD
#23 1.521       | 
#23 1.521 In file included from /usr/include/sys/ioctl.h:10,
#23 1.521                  from ll_proto.c:13:
#23 1.521 /usr/include/bits/ioctl.h:111: note: this is the location of the previous definition
#23 1.521   111 | #define SIOCGSTAMP      0x8906
#23 1.521       | 
#23 1.521 ../include/uapi/linux/sockios.h:43: warning: "SIOCGSTAMPNS" redefined
#23 1.521    43 | #define SIOCGSTAMPNS    SIOCGSTAMPNS_OLD
#23 1.521       | 
#23 1.521 /usr/include/bits/ioctl.h:112: note: this is the location of the previous definition
#23 1.521   112 | #define SIOCGSTAMPNS    0x8907
#23 1.521       | 
#23 1.533     CC       ll_addr.o
#23 1.543 In file included from ll_addr.c:20:
#23 1.543 ../include/uapi/linux/sockios.h:42: warning: "SIOCGSTAMP" redefined
#23 1.543    42 | #define SIOCGSTAMP      SIOCGSTAMP_OLD
#23 1.543       | 
#23 1.543 In file included from /usr/include/sys/ioctl.h:10,
#23 1.543                  from ll_addr.c:12:
#23 1.543 /usr/include/bits/ioctl.h:111: note: this is the location of the previous definition
#23 1.543   111 | #define SIOCGSTAMP      0x8906
#23 1.543       | 
#23 1.543 ../include/uapi/linux/sockios.h:43: warning: "SIOCGSTAMPNS" redefined
#23 1.543    43 | #define SIOCGSTAMPNS    SIOCGSTAMPNS_OLD
#23 1.543       | 
#23 1.543 /usr/include/bits/ioctl.h:112: note: this is the location of the previous definition
#23 1.543   112 | #define SIOCGSTAMPNS    0x8907
#23 1.543       | 
#23 1.568     CC       inet_proto.o
#23 1.593     CC       namespace.o
#23 1.640     CC       json_writer.o
#23 1.711     CC       json_print.o
#23 1.819     CC       json_print_math.o
#23 1.847     CC       names.o
#23 1.886     CC       color.o
#23 1.922     CC       bpf_legacy.o
#23 2.244     CC       bpf_glue.o
#23 2.276     CC       exec.o
#23 2.302     CC       fs.o
#23 2.358     CC       cg_map.o
#23 2.389     CC       ppp_proto.o
#23 2.408     CC       bpf_libbpf.o
#23 2.474     CC       selinux.o
#23 2.491     CC       ax25_ntop.o
#23 2.515     CC       rose_ntop.o
#23 2.527 In file included from rose_ntop.c:16:
#23 2.527 ../include/uapi/linux/sockios.h:42: warning: "SIOCGSTAMP" redefined
#23 2.527    42 | #define SIOCGSTAMP      SIOCGSTAMP_OLD
#23 2.527       | 
#23 2.527 In file included from /usr/include/sys/ioctl.h:10,
#23 2.527                  from rose_ntop.c:7:
#23 2.527 /usr/include/bits/ioctl.h:111: note: this is the location of the previous definition
#23 2.527   111 | #define SIOCGSTAMP      0x8906
#23 2.527       | 
#23 2.527 ../include/uapi/linux/sockios.h:43: warning: "SIOCGSTAMPNS" redefined
#23 2.527    43 | #define SIOCGSTAMPNS    SIOCGSTAMPNS_OLD
#23 2.527       | 
#23 2.527 /usr/include/bits/ioctl.h:112: note: this is the location of the previous definition
#23 2.527   112 | #define SIOCGSTAMPNS    0x8907
#23 2.527       | 
#23 2.540     CC       mpls_ntop.o
#23 2.564     CC       mpls_pton.o
#23 2.589     CC       netrom_ntop.o
#23 2.607     AR       libutil.a
#23 2.612 
#23 2.612 ip
#23 2.614     CC       ip.o
#23 2.678     CC       ipaddress.o
#23 2.690 In file included from ipaddress.c:26:
#23 2.690 ../include/uapi/linux/sockios.h:42: warning: "SIOCGSTAMP" redefined
#23 2.690    42 | #define SIOCGSTAMP      SIOCGSTAMP_OLD
#23 2.690       | 
#23 2.690 In file included from /usr/include/sys/ioctl.h:10,
#23 2.690                  from ipaddress.c:14:
#23 2.690 /usr/include/bits/ioctl.h:111: note: this is the location of the previous definition
#23 2.690   111 | #define SIOCGSTAMP      0x8906
#23 2.690       | 
#23 2.690 ../include/uapi/linux/sockios.h:43: warning: "SIOCGSTAMPNS" redefined
#23 2.690    43 | #define SIOCGSTAMPNS    SIOCGSTAMPNS_OLD
#23 2.690       | 
#23 2.690 /usr/include/bits/ioctl.h:112: note: this is the location of the previous definition
#23 2.690   112 | #define SIOCGSTAMPNS    0x8907
#23 2.690       | 
#23 3.085     CC       ipaddrlabel.o
#23 3.138     CC       iproute.o
#23 3.592     CC       iprule.o
#23 3.761     CC       ipnetns.o
#23 3.929     CC       rtm_map.o
#23 3.960     CC       iptunnel.o
#23 3.971 In file included from ../include/uapi/linux/if_tunnel.h:6,
#23 3.971                  from iptunnel.c:19:
#23 3.971 ../include/uapi/linux/if.h:134: warning: "IFF_VOLATILE" redefined
#23 3.971   134 | #define IFF_VOLATILE    (IFF_LOOPBACK|IFF_POINTOPOINT|IFF_BROADCAST|IFF_ECHO|\
#23 3.971       | 
#23 3.971 In file included from iptunnel.c:16:
#23 3.971 /usr/include/net/if.h:48: note: this is the location of the previous definition
#23 3.971    48 | #define IFF_VOLATILE (IFF_LOOPBACK|IFF_POINTOPOINT|IFF_BROADCAST| \
#23 3.971       | 
#23 4.091     CC       ip6tunnel.o
#23 4.190     CC       tunnel.o
#23 4.274     CC       ipneigh.o
#23 4.411     CC       ipntable.o
#23 4.506     CC       iplink.o
#23 4.758     CC       ipmaddr.o
#23 4.770 In file included from ipmaddr.c:21:
#23 4.770 ../include/uapi/linux/sockios.h:42: warning: "SIOCGSTAMP" redefined
#23 4.770    42 | #define SIOCGSTAMP      SIOCGSTAMP_OLD
#23 4.770       | 
#23 4.770 In file included from /usr/include/sys/ioctl.h:10,
#23 4.770                  from ipmaddr.c:12:
#23 4.770 /usr/include/bits/ioctl.h:111: note: this is the location of the previous definition
#23 4.770   111 | #define SIOCGSTAMP      0x8906
#23 4.770       | 
#23 4.770 ../include/uapi/linux/sockios.h:43: warning: "SIOCGSTAMPNS" redefined
#23 4.770    43 | #define SIOCGSTAMPNS    SIOCGSTAMPNS_OLD
#23 4.770       | 
#23 4.770 /usr/include/bits/ioctl.h:112: note: this is the location of the previous definition
#23 4.770   112 | #define SIOCGSTAMPNS    0x8907
#23 4.770       | 
#23 4.839     CC       ipmonitor.o
#23 4.904     CC       ipmroute.o
#23 4.915 In file included from ipmroute.c:22:
#23 4.915 ../include/uapi/linux/sockios.h:42: warning: "SIOCGSTAMP" redefined
#23 4.915    42 | #define SIOCGSTAMP      SIOCGSTAMP_OLD
#23 4.915       | 
#23 4.915 In file included from /usr/include/sys/ioctl.h:10,
#23 4.915                  from ipmroute.c:13:
#23 4.915 /usr/include/bits/ioctl.h:111: note: this is the location of the previous definition
#23 4.915   111 | #define SIOCGSTAMP      0x8906
#23 4.915       | 
#23 4.915 ../include/uapi/linux/sockios.h:43: warning: "SIOCGSTAMPNS" redefined
#23 4.915    43 | #define SIOCGSTAMPNS    SIOCGSTAMPNS_OLD
#23 4.915       | 
#23 4.915 /usr/include/bits/ioctl.h:112: note: this is the location of the previous definition
#23 4.915   112 | #define SIOCGSTAMPNS    0x8907
#23 4.915       | 
#23 4.970     CC       ipprefix.o
#23 4.997     CC       iptuntap.o
#23 5.103     CC       iptoken.o
#23 5.152     CC       ipxfrm.o
#23 5.419     CC       xfrm_state.o
#23 5.661     CC       xfrm_policy.o
#23 5.868     CC       xfrm_monitor.o
#23 5.939     CC       iplink_dummy.o
#23 5.959     CC       iplink_ifb.o
#23 5.978     CC       iplink_nlmon.o
#23 5.998     CC       iplink_team.o
#23 6.019     CC       iplink_vcan.o
#23 6.038     CC       iplink_vxcan.o
#23 6.062     CC       iplink_vlan.o
#23 6.126     CC       link_veth.o
#23 6.151     CC       link_gre.o
#23 6.161 In file included from ../include/uapi/linux/if_tunnel.h:6,
#23 6.161                  from link_gre.c:15:
#23 6.161 ../include/uapi/linux/if.h:134: warning: "IFF_VOLATILE" redefined
#23 6.161   134 | #define IFF_VOLATILE    (IFF_LOOPBACK|IFF_POINTOPOINT|IFF_BROADCAST|IFF_ECHO|\
#23 6.161       | 
#23 6.161 In file included from link_gre.c:9:
#23 6.161 /usr/include/net/if.h:48: note: this is the location of the previous definition
#23 6.161    48 | #define IFF_VOLATILE (IFF_LOOPBACK|IFF_POINTOPOINT|IFF_BROADCAST| \
#23 6.161       | 
#23 6.260     CC       iplink_can.o
#23 6.390     CC       iplink_xdp.o
#23 6.444     CC       iplink_macvlan.o
#23 6.506     CC       ipl2tp.o
#23 6.648     CC       link_vti.o
#23 6.658 In file included from ../include/uapi/linux/if_tunnel.h:6,
#23 6.658                  from link_vti.c:16:
#23 6.658 ../include/uapi/linux/if.h:134: warning: "IFF_VOLATILE" redefined
#23 6.658   134 | #define IFF_VOLATILE    (IFF_LOOPBACK|IFF_POINTOPOINT|IFF_BROADCAST|IFF_ECHO|\
#23 6.658       | 
#23 6.658 In file included from link_vti.c:10:
#23 6.658 /usr/include/net/if.h:48: note: this is the location of the previous definition
#23 6.658    48 | #define IFF_VOLATILE (IFF_LOOPBACK|IFF_POINTOPOINT|IFF_BROADCAST| \
#23 6.658       | 
#23 6.700     CC       link_vti6.o
#23 6.710 In file included from ../include/uapi/linux/if_tunnel.h:6,
#23 6.710                  from link_vti6.c:17:
#23 6.710 ../include/uapi/linux/if.h:134: warning: "IFF_VOLATILE" redefined
#23 6.710   134 | #define IFF_VOLATILE    (IFF_LOOPBACK|IFF_POINTOPOINT|IFF_BROADCAST|IFF_ECHO|\
#23 6.710       | 
#23 6.710 In file included from link_vti6.c:11:
#23 6.710 /usr/include/net/if.h:48: note: this is the location of the previous definition
#23 6.710    48 | #define IFF_VOLATILE (IFF_LOOPBACK|IFF_POINTOPOINT|IFF_BROADCAST| \
#23 6.710       | 
#23 6.751     CC       link_xfrm.o
#23 6.783     CC       iplink_vxlan.o
#23 6.922     CC       tcp_metrics.o
#23 7.016     CC       iplink_ipoib.o
#23 7.054     CC       ipnetconf.o
#23 7.102     CC       link_ip6tnl.o
#23 7.111 In file included from ../include/uapi/linux/if_tunnel.h:6,
#23 7.111                  from link_ip6tnl.c:15:
#23 7.111 ../include/uapi/linux/if.h:134: warning: "IFF_VOLATILE" redefined
#23 7.111   134 | #define IFF_VOLATILE    (IFF_LOOPBACK|IFF_POINTOPOINT|IFF_BROADCAST|IFF_ECHO|\
#23 7.111       | 
#23 7.111 In file included from link_ip6tnl.c:9:
#23 7.111 /usr/include/net/if.h:48: note: this is the location of the previous definition
#23 7.111    48 | #define IFF_VOLATILE (IFF_LOOPBACK|IFF_POINTOPOINT|IFF_BROADCAST| \
#23 7.111       | 
#23 7.190     CC       link_iptnl.o
#23 7.200 In file included from ../include/uapi/linux/if_tunnel.h:6,
#23 7.200                  from link_iptnl.c:16:
#23 7.200 ../include/uapi/linux/if.h:134: warning: "IFF_VOLATILE" redefined
#23 7.200   134 | #define IFF_VOLATILE    (IFF_LOOPBACK|IFF_POINTOPOINT|IFF_BROADCAST|IFF_ECHO|\
#23 7.200       | 
#23 7.200 In file included from link_iptnl.c:9:
#23 7.200 /usr/include/net/if.h:48: note: this is the location of the previous definition
#23 7.200    48 | #define IFF_VOLATILE (IFF_LOOPBACK|IFF_POINTOPOINT|IFF_BROADCAST| \
#23 7.200       | 
#23 7.280     CC       link_gre6.o
#23 7.289 In file included from ../include/uapi/linux/if_tunnel.h:6,
#23 7.289                  from link_gre6.c:15:
#23 7.289 ../include/uapi/linux/if.h:134: warning: "IFF_VOLATILE" redefined
#23 7.289   134 | #define IFF_VOLATILE    (IFF_LOOPBACK|IFF_POINTOPOINT|IFF_BROADCAST|IFF_ECHO|\
#23 7.289       | 
#23 7.289 In file included from link_gre6.c:9:
#23 7.289 /usr/include/net/if.h:48: note: this is the location of the previous definition
#23 7.289    48 | #define IFF_VOLATILE (IFF_LOOPBACK|IFF_POINTOPOINT|IFF_BROADCAST| \
#23 7.289       | 
#23 7.397     CC       iplink_bond.o
#23 7.556     CC       iplink_bond_slave.o
#23 7.604     CC       iplink_hsr.o
#23 7.649     CC       iplink_bridge.o
#23 7.786     CC       iplink_bridge_slave.o
#23 7.875     CC       iplink_dsa.o
#23 7.903     CC       ipfou.o
#23 7.915 In file included from ../include/libgenl.h:5,
#23 7.915                  from ipfou.c:18:
#23 7.915 ../include/libnetlink.h: In function 'rta_getattr_be64':
#23 7.915 ../include/libnetlink.h:280:16: warning: implicit declaration of function 'htobe64' [-Wimplicit-function-declaration]
#23 7.915   280 |         return htobe64(rta_getattr_u64(rta));
#23 7.915       |                ^~~~~~~
#23 7.977     CC       iplink_ipvlan.o
#23 8.013     CC       iplink_geneve.o
#23 8.095     CC       iplink_vrf.o
#23 8.139     CC       iproute_lwtunnel.o
#23 8.496     CC       ipmacsec.o
#23 8.716     CC       ipila.o
#23 8.729 In file included from ../include/libgenl.h:5,
#23 8.729                  from ipila.c:18:
#23 8.729 ../include/libnetlink.h: In function 'rta_getattr_be64':
#23 8.729 ../include/libnetlink.h:280:16: warning: implicit declaration of function 'htobe64' [-Wimplicit-function-declaration]
#23 8.729   280 |         return htobe64(rta_getattr_u64(rta));
#23 8.729       |                ^~~~~~~
#23 8.788     CC       ipvrf.o
#23 8.886     CC       iplink_xstats.o
#23 8.912     CC       ipseg6.o
#23 8.959     CC       iplink_netdevsim.o
#23 8.979     CC       iplink_rmnet.o
#23 9.007     CC       ipnexthop.o
#23 9.226     CC       ipmptcp.o
#23 9.335     CC       iplink_bareudp.o
#23 9.345 In file included from iplink_bareudp.c:9:
#23 9.345 ../include/libnetlink.h: In function 'rta_getattr_be64':
#23 9.345 ../include/libnetlink.h:280:16: warning: implicit declaration of function 'htobe64' [-Wimplicit-function-declaration]
#23 9.345   280 |         return htobe64(rta_getattr_u64(rta));
#23 9.345       |                ^~~~~~~
#23 9.376     CC       iplink_wwan.o
#23 9.404     CC       ipioam6.o
#23 9.473     CC       iplink_amt.o
#23 9.521     CC       iplink_batadv.o
#23 9.547     CC       iplink_gtp.o
#23 9.584     CC       iplink_virt_wifi.o
#23 9.604     CC       iplink_netkit.o
#23 9.642     CC       ipstats.o
#23 9.829     LINK     ip
#23 9.860     CC       rtmon.o
#23 9.907     LINK     rtmon
#23 9.919 
#23 9.919 tc
#23 9.921     CC       tc.o
#23 9.998     CC       tc_qdisc.o
#23 10.10     CC       tc_class.o
#23 10.21     CC       tc_filter.o
#23 10.36     CC       tc_util.o
#23 10.53     CC       tc_monitor.o
#23 10.56     CC       tc_exec.o
#23 10.59     CC       m_police.o
#23 10.67     CC       m_estimator.o
#23 10.69     CC       m_action.o
#23 10.83     CC       m_ematch.o
#23 10.94     YACC     emp_ematch.tab.c
#23 10.99     CC       emp_ematch.tab.o
#23 11.09     LEX      emp_ematch.lex.c
#23 11.10     CC       emp_ematch.lex.o
#23 11.25     CC       q_fifo.o
#23 11.28     CC       q_sfq.o
#23 11.35     CC       q_red.o
#23 11.41     CC       q_prio.o
#23 11.45     CC       q_skbprio.o
#23 11.48     CC       q_tbf.o
#23 11.56     CC       q_multiq.o
#23 11.59     CC       q_netem.o
#23 11.78     CC       q_choke.o
#23 11.83     CC       q_sfb.o
#23 11.89     CC       f_u32.o
#23 12.12     CC       f_route.o
#23 12.17     CC       f_fw.o
#23 12.21     CC       f_basic.o
#23 12.25     CC       f_bpf.o
#23 12.32     CC       f_flow.o
#23 12.39     CC       f_cgroup.o
#23 12.43     CC       f_flower.o
#23 12.44 In file included from ../include/uapi/linux/netdevice.h:29,
#23 12.44                  from ../include/uapi/linux/if_arp.h:27,
#23 12.44                  from f_flower.c:14:
#23 12.44 ../include/uapi/linux/if.h:134: warning: "IFF_VOLATILE" redefined
#23 12.44   134 | #define IFF_VOLATILE    (IFF_LOOPBACK|IFF_POINTOPOINT|IFF_BROADCAST|IFF_ECHO|\
#23 12.44       | 
#23 12.44 In file included from f_flower.c:12:
#23 12.44 /usr/include/net/if.h:48: note: this is the location of the previous definition
#23 12.44    48 | #define IFF_VOLATILE (IFF_LOOPBACK|IFF_POINTOPOINT|IFF_BROADCAST| \
#23 12.44       | 
#23 12.90     CC       q_gred.o
#23 12.99     CC       q_ingress.o
#23 13.02     CC       q_hfsc.o
#23 13.10     CC       q_htb.o
#23 13.18     CC       q_drr.o
#23 13.22     CC       q_qfq.o
#23 13.25     CC       m_gact.o
#23 13.30     CC       m_mirred.o
#23 13.36     CC       m_mpls.o
#23 13.42     CC       m_nat.o
#23 13.47     CC       m_pedit.o
#23 13.59     CC       m_ife.o
#23 13.66     CC       m_skbedit.o
#23 13.72     CC       m_skbmod.o
#23 13.77     CC       m_csum.o
#23 13.83     CC       m_simple.o
#23 13.86     CC       m_vlan.o
#23 13.92     CC       m_connmark.o
#23 13.96     CC       m_ctinfo.o
#23 14.01     CC       m_bpf.o
#23 14.06     CC       m_tunnel_key.o
#23 14.17     CC       m_sample.o
#23 14.21     CC       m_ct.o
#23 14.30     CC       m_gate.o
#23 14.39     CC       p_ip.o
#23 14.43     CC       p_ip6.o
#23 14.46     CC       p_icmp.o
#23 14.48     CC       p_eth.o
#23 14.51     CC       p_tcp.o
#23 14.53     CC       p_udp.o
#23 14.56     CC       em_nbyte.o
#23 14.60     CC       em_cmp.o
#23 14.65     CC       em_u32.o
#23 14.69     CC       em_canid.o
#23 14.73     CC       em_meta.o
#23 14.83     CC       q_mqprio.o
#23 14.93     CC       q_codel.o
#23 14.98     CC       q_fq_codel.o
#23 15.04     CC       q_fq.o
#23 15.16     CC       q_pie.o
#23 15.21     CC       q_fq_pie.o
#23 15.27     CC       q_cake.o
#23 15.44     CC       q_hhf.o
#23 15.49     CC       q_clsact.o
#23 15.51     CC       e_bpf.o
#23 15.56     CC       f_matchall.o
#23 15.60     CC       q_cbs.o
#23 15.64     CC       q_etf.o
#23 15.69     CC       q_taprio.o
#23 15.80     CC       q_plug.o
#23 15.83     CC       q_ets.o
#23 15.90     CC       em_ipt.o
#23 15.92 In file included from tc_util.h:7,
#23 15.92                  from m_ematch.h:11,
#23 15.92                  from em_ipt.c:13:
#23 15.92 ../include/uapi/linux/if.h:134: warning: "IFF_VOLATILE" redefined
#23 15.92   134 | #define IFF_VOLATILE    (IFF_LOOPBACK|IFF_POINTOPOINT|IFF_BROADCAST|IFF_ECHO|\
#23 15.92       | 
#23 15.92 In file included from ../include/xtables.h:17,
#23 15.92                  from em_ipt.c:12:
#23 15.92 /usr/include/net/if.h:48: note: this is the location of the previous definition
#23 15.92    48 | #define IFF_VOLATILE (IFF_LOOPBACK|IFF_POINTOPOINT|IFF_BROADCAST| \
#23 15.92       | 
#23 15.94     CC       em_ipset.o
#23 15.96 In file included from tc_util.h:7,
#23 15.96                  from m_ematch.h:11,
#23 15.96                  from em_ipset.c:39:
#23 15.96 ../include/uapi/linux/if.h:134: warning: "IFF_VOLATILE" redefined
#23 15.96   134 | #define IFF_VOLATILE    (IFF_LOOPBACK|IFF_POINTOPOINT|IFF_BROADCAST|IFF_ECHO|\
#23 15.96       | 
#23 15.96 In file included from ../include/xtables.h:17,
#23 15.96                  from em_ipset.c:23:
#23 15.96 /usr/include/net/if.h:48: note: this is the location of the previous definition
#23 15.96    48 | #define IFF_VOLATILE (IFF_LOOPBACK|IFF_POINTOPOINT|IFF_BROADCAST| \
#23 15.96       | 
#23 15.99     CC       tc_core.o
#23 16.05     CC       tc_red.o
#23 16.09     CC       tc_estimator.o
#23 16.12     CC       tc_stab.o
#23 16.17     CC       tc_qevent.o
#23 16.18 In file included from tc_qevent.h:7,
#23 16.18                  from tc_qevent.c:10:
#23 16.18 ../include/libnetlink.h: In function 'rta_getattr_be64':
#23 16.18 ../include/libnetlink.h:280:16: warning: implicit declaration of function 'htobe64' [-Wimplicit-function-declaration]
#23 16.18   280 |         return htobe64(rta_getattr_u64(rta));
#23 16.18       |                ^~~~~~~
#23 16.22     AR       libtc.a
#23 16.23     LINK     tc
#23 16.26 rm emp_ematch.lex.c
#23 16.26 
#23 16.26 bridge
#23 16.26     CC       bridge.o
#23 16.30     CC       fdb.o
#23 16.32 In file included from fdb.c:28:
#23 16.32 ../include/libnetlink.h: In function 'rta_getattr_be64':
#23 16.32 ../include/libnetlink.h:280:16: warning: implicit declaration of function 'htobe64' [-Wimplicit-function-declaration]
#23 16.32   280 |         return htobe64(rta_getattr_u64(rta));
#23 16.32       |                ^~~~~~~
#23 16.48     CC       monitor.o
#23 16.51     CC       link.o
#23 16.53 In file included from link.c:16:
#23 16.53 ../include/libnetlink.h: In function 'rta_getattr_be64':
#23 16.53 ../include/libnetlink.h:280:16: warning: implicit declaration of function 'htobe64' [-Wimplicit-function-declaration]
#23 16.53   280 |         return htobe64(rta_getattr_u64(rta));
#23 16.53       |                ^~~~~~~
#23 16.65     CC       mdb.o
#23 16.67 In file included from mdb.c:20:
#23 16.67 ../include/libnetlink.h: In function 'rta_getattr_be64':
#23 16.67 ../include/libnetlink.h:280:16: warning: implicit declaration of function 'htobe64' [-Wimplicit-function-declaration]
#23 16.67   280 |         return htobe64(rta_getattr_u64(rta));
#23 16.67       |                ^~~~~~~
#23 16.83     CC       vlan.o
#23 16.85 In file included from vlan.c:16:
#23 16.85 ../include/libnetlink.h: In function 'rta_getattr_be64':
#23 16.85 ../include/libnetlink.h:280:16: warning: implicit declaration of function 'htobe64' [-Wimplicit-function-declaration]
#23 16.85   280 |         return htobe64(rta_getattr_u64(rta));
#23 16.85       |                ^~~~~~~
#23 17.04     CC       vni.o
#23 17.06 In file included from vni.c:21:
#23 17.06 ../include/libnetlink.h: In function 'rta_getattr_be64':
#23 17.06 ../include/libnetlink.h:280:16: warning: implicit declaration of function 'htobe64' [-Wimplicit-function-declaration]
#23 17.06   280 |         return htobe64(rta_getattr_u64(rta));
#23 17.06       |                ^~~~~~~
#23 17.12     LINK     bridge
#23 17.13 
#23 17.13 misc
#23 17.14     CC       ss.o
#23 17.15 In file included from ../include/uapi/linux/tipc.h:42,
#23 17.15                  from ss.c:49:
#23 17.15 ../include/uapi/linux/sockios.h:42: warning: "SIOCGSTAMP" redefined
#23 17.15    42 | #define SIOCGSTAMP      SIOCGSTAMP_OLD
#23 17.15       | 
#23 17.15 In file included from /usr/include/sys/ioctl.h:10,
#23 17.15                  from ss.c:12:
#23 17.15 /usr/include/bits/ioctl.h:111: note: this is the location of the previous definition
#23 17.15   111 | #define SIOCGSTAMP      0x8906
#23 17.15       | 
#23 17.15 ../include/uapi/linux/sockios.h:43: warning: "SIOCGSTAMPNS" redefined
#23 17.15    43 | #define SIOCGSTAMPNS    SIOCGSTAMPNS_OLD
#23 17.15       | 
#23 17.15 /usr/include/bits/ioctl.h:112: note: this is the location of the previous definition
#23 17.15   112 | #define SIOCGSTAMPNS    0x8907
#23 17.15       | 
#23 17.95     CC       ssfilter_check.o
#23 17.96 In file included from ssfilter_check.c:6:
#23 17.96 ../include/libnetlink.h: In function 'rta_getattr_be64':
#23 17.96 ../include/libnetlink.h:280:16: warning: implicit declaration of function 'htobe64' [-Wimplicit-function-declaration]
#23 17.96   280 |         return htobe64(rta_getattr_u64(rta));
#23 17.96       |                ^~~~~~~
#23 17.97     YACC     ssfilter.tab.c
#23 18.03     CC       ssfilter.tab.o
#23 18.13     LINK     ss
#23 18.15     CC       nstat
#23 18.28     CC       ifstat
#23 18.29 In file included from ifstat.c:30:
#23 18.29 ../include/libnetlink.h: In function 'rta_getattr_be64':
#23 18.29 ../include/libnetlink.h:280:16: warning: implicit declaration of function 'htobe64' [-Wimplicit-function-declaration]
#23 18.29   280 |         return htobe64(rta_getattr_u64(rta));
#23 18.29       |                ^~~~~~~
#23 18.45     CC       rtacct
#23 18.57     CC       lnstat.o
#23 18.63     CC       lnstat_util.o
#23 18.69     LINK     lnstat
#23 18.70 
#23 18.70 netem
#23 18.70 gcc  -I../include -o maketable maketable.c -lm
#23 18.73 gcc  -I../include -o normal normal.c -lm
#23 18.75 gcc  -I../include -o pareto pareto.c -lm
#23 18.77 gcc  -I../include -o paretonormal paretonormal.c -lm
#23 18.80 ./normal > normal.dist
#23 18.81 ./pareto > pareto.dist
#23 18.81 ./paretonormal > paretonormal.dist
#23 18.82 ./maketable experimental.dat > experimental.dist
#23 18.82 
#23 18.82 genl
#23 18.82     CC       genl.o
#23 18.86     CC       ctrl.o
#23 18.92     LINK     genl
#23 18.93 
#23 18.93 man
#23 18.94 make[2]: Nothing to be done for 'all'.
#23 18.94 make[2]: Nothing to be done for 'all'.
#23 18.94 sed \
#23 18.94 	-e "s|@NETNS_ETC_DIR@|/etc/netns|g" \
#23 18.94 	-e "s|@NETNS_RUN_DIR@|/var/run/netns|g" \
#23 18.94 	-e "s|@SYSCONF_ETC_DIR@|/etc/iproute2|g" \
#23 18.94 	-e "s|@SYSCONF_USR_DIR@|/usr/share/iproute2|g" \
#23 18.94 	ip-address.8.in > ip-address.8
#23 18.94 sed \
#23 18.94 	-e "s|@NETNS_ETC_DIR@|/etc/netns|g" \
#23 18.94 	-e "s|@NETNS_RUN_DIR@|/var/run/netns|g" \
#23 18.94 	-e "s|@SYSCONF_ETC_DIR@|/etc/iproute2|g" \
#23 18.94 	-e "s|@SYSCONF_USR_DIR@|/usr/share/iproute2|g" \
#23 18.94 	ip-link.8.in > ip-link.8
#23 18.95 sed \
#23 18.95 	-e "s|@NETNS_ETC_DIR@|/etc/netns|g" \
#23 18.95 	-e "s|@NETNS_RUN_DIR@|/var/run/netns|g" \
#23 18.95 	-e "s|@SYSCONF_ETC_DIR@|/etc/iproute2|g" \
#23 18.95 	-e "s|@SYSCONF_USR_DIR@|/usr/share/iproute2|g" \
#23 18.95 	ip-netns.8.in > ip-netns.8
#23 18.95 sed \
#23 18.95 	-e "s|@NETNS_ETC_DIR@|/etc/netns|g" \
#23 18.95 	-e "s|@NETNS_RUN_DIR@|/var/run/netns|g" \
#23 18.95 	-e "s|@SYSCONF_ETC_DIR@|/etc/iproute2|g" \
#23 18.95 	-e "s|@SYSCONF_USR_DIR@|/usr/share/iproute2|g" \
#23 18.95 	ip-route.8.in > ip-route.8
#23 18.95 
#23 18.95 tipc
#23 18.95     CC       bearer.o
#23 19.12     CC       cmdl.o
#23 19.15     CC       link.o
#23 19.33     CC       media.o
#23 19.38     CC       misc.o
#23 19.43     CC       msg.o
#23 19.45     CC       nametable.o
#23 19.48     CC       node.o
#23 19.56     CC       socket.o
#23 19.59     CC       peer.o
#23 19.62     CC       tipc.o
#23 19.65     LINK     tipc
#23 19.66 
#23 19.66 devlink
#23 19.67     CC       devlink.o
#23 21.19     CC       mnlg.o
#23 21.21 In file included from mnlg.c:16:
#23 21.21 ../include/libnetlink.h: In function 'rta_getattr_be64':
#23 21.21 ../include/libnetlink.h:280:16: warning: implicit declaration of function 'htobe64' [-Wimplicit-function-declaration]
#23 21.21   280 |         return htobe64(rta_getattr_u64(rta));
#23 21.21       |                ^~~~~~~
#23 21.23     LINK     devlink
#23 21.25 
#23 21.25 rdma
#23 21.25     CC       rdma.o
#23 21.27 rdma.c: In function 'main':
#23 21.27 rdma.c:110:20: warning: implicit declaration of function 'basename'; did you mean 'rename'? [-Wimplicit-function-declaration]
#23 21.27   110 |         filename = basename(argv[0]);
#23 21.27       |                    ^~~~~~~~
#23 21.27       |                    rename
#23 21.27 rdma.c:110:18: warning: assignment to 'char *' from 'int' makes pointer from integer without a cast [-Wint-conversion]
#23 21.27   110 |         filename = basename(argv[0]);
#23 21.27       |                  ^
#23 21.29     CC       utils.o
#23 21.45     CC       dev.o
#23 21.52     CC       link.o
#23 21.58     CC       res.o
#23 21.68     CC       res-pd.o
#23 21.72     CC       res-mr.o
#23 21.76     CC       res-cq.o
#23 21.81     CC       res-cmid.o
#23 21.86     CC       res-qp.o
#23 21.91     CC       sys.o
#23 21.96     CC       stat.o
#23 22.15     CC       stat-mr.o
#23 22.19     CC       res-ctx.o
#23 22.22     CC       res-srq.o
#23 22.28     LINK     rdma
#23 22.30 
#23 22.30 dcb
#23 22.30     CC       dcb.o
#23 22.31 In file included from ../include/namespace.h:10,
#23 22.31                  from dcb.c:11:
#23 22.31 ../include/libnetlink.h: In function 'rta_getattr_be64':
#23 22.31 ../include/libnetlink.h:280:16: warning: implicit declaration of function 'htobe64' [-Wimplicit-function-declaration]
#23 22.31   280 |         return htobe64(rta_getattr_u64(rta));
#23 22.31       |                ^~~~~~~
#23 22.41     CC       dcb_app.o
#23 22.58     CC       dcb_buffer.o
#23 22.63     CC       dcb_dcbx.o
#23 22.67     CC       dcb_ets.o
#23 22.75     CC       dcb_maxrate.o
#23 22.79     CC       dcb_pfc.o
#23 22.85     CC       dcb_apptrust.o
#23 22.90     CC       dcb_rewr.o
#23 22.97     LINK     dcb
#23 22.99 
#23 22.99 vdpa
#23 22.99     CC       vdpa.o
#23 23.13     LINK     vdpa
#23 DONE 23.2s

#24 [20/22] RUN git clone --no-single-branch --depth=1 https://github.com/linux-netdev/testing.git /nipa-data/kernel
#24 0.337 Cloning into '/nipa-data/kernel'...
#24 24.73 Updating files:  18% (15683/83283)Updating files:  19% (15824/83283)Updating files:  20% (16657/83283)Updating files:  21% (17490/83283)Updating files:  22% (18323/83283)Updating files:  23% (19156/83283)Updating files:  24% (19988/83283)Updating files:  25% (20821/83283)Updating files:  26% (21654/83283)Updating files:  27% (22487/83283)Updating files:  28% (23320/83283)Updating files:  29% (24153/83283)Updating files:  30% (24985/83283)Updating files:  31% (25818/83283)Updating files:  32% (26651/83283)Updating files:  33% (27484/83283)Updating files:  34% (28317/83283)Updating files:  35% (29150/83283)Updating files:  36% (29982/83283)Updating files:  37% (30815/83283)Updating files:  38% (31648/83283)Updating files:  38% (31738/83283)Updating files:  39% (32481/83283)Updating files:  40% (33314/83283)Updating files:  41% (34147/83283)Updating files:  41% (34396/83283)Updating files:  42% (34979/83283)Updating files:  43% (35812/83283)Updating files:  44% (36645/83283)Updating files:  45% (37478/83283)Updating files:  46% (38311/83283)Updating files:  47% (39144/83283)Updating files:  48% (39976/83283)Updating files:  49% (40809/83283)Updating files:  50% (41642/83283)Updating files:  51% (42475/83283)Updating files:  52% (43308/83283)Updating files:  53% (44140/83283)Updating files:  54% (44973/83283)Updating files:  55% (45806/83283)Updating files:  56% (46639/83283)Updating files:  56% (47319/83283)Updating files:  57% (47472/83283)Updating files:  58% (48305/83283)Updating files:  59% (49137/83283)Updating files:  60% (49970/83283)Updating files:  61% (50803/83283)Updating files:  62% (51636/83283)Updating files:  63% (52469/83283)Updating files:  64% (53302/83283)Updating files:  65% (54134/83283)Updating files:  66% (54967/83283)Updating files:  67% (55800/83283)Updating files:  68% (56633/83283)Updating files:  69% (57466/83283)Updating files:  70% (58299/83283)Updating files:  71% (59131/83283)Updating files:  72% (59964/83283)Updating files:  73% (60797/83283)Updating files:  73% (60808/83283)Updating files:  74% (61630/83283)Updating files:  75% (62463/83283)Updating files:  76% (63296/83283)Updating files:  77% (64128/83283)Updating files:  78% (64961/83283)Updating files:  79% (65794/83283)Updating files:  80% (66627/83283)Updating files:  81% (67460/83283)Updating files:  82% (68293/83283)Updating files:  83% (69125/83283)Updating files:  84% (69958/83283)Updating files:  85% (70791/83283)Updating files:  86% (71624/83283)Updating files:  87% (72457/83283)Updating files:  88% (73290/83283)Updating files:  89% (74122/83283)Updating files:  90% (74955/83283)Updating files:  91% (75788/83283)Updating files:  92% (76621/83283)Updating files:  93% (77454/83283)Updating files:  93% (77646/83283)Updating files:  94% (78287/83283)Updating files:  95% (79119/83283)Updating files:  96% (79952/83283)Updating files:  97% (80785/83283)Updating files:  98% (81618/83283)Updating files:  99% (82451/83283)Updating files: 100% (83283/83283)Updating files: 100% (83283/83283), done.
#24 DONE 31.7s

#25 [21/22] RUN git clone --depth=1 -b main https://github.com/p4tc-dev/new-nipa.git nipa
#25 0.318 Cloning into 'nipa'...
#25 DONE 0.6s

#26 [22/22] COPY entrypoint.sh /entrypoint.sh
#26 DONE 0.0s

#27 exporting to image
#27 exporting layers
#27 exporting layers 6.0s done
#27 writing image sha256:8f9d5cdb75e3c64696959c32dd19cdd818cbaae7eaab14d3c4ac401a568038a0
#27 writing image sha256:8f9d5cdb75e3c64696959c32dd19cdd818cbaae7eaab14d3c4ac401a568038a0 0.2s done
#27 naming to docker.io/library/nipa-executor
#27 naming to docker.io/library/nipa-executor 0.2s done
#27 DONE 6.4s
=== >>> DEBUG KERNEL <<< ===
NIPA version: 1b9c21a (ui: set canvas background color to stand out, 2024-03-28)
INFO: Last run date: 2024-06-24 15:00:19.612561+00:00
Testing  {'branch': 'net-next-2024-06-24--21-00', 'date': '2024-06-24T21:00:06.148681+00:00', 'base': 'f9ccc6a76671fab52f04684988fac8fa13716afd', 'url': 'https://github.com/linux-netdev/testing.git net-next-2024-06-24--21-00'}
Updating files:  34% (7769/22216)Updating files:  35% (7776/22216)Updating files:  36% (7998/22216)Updating files:  37% (8220/22216)Updating files:  38% (8443/22216)Updating files:  39% (8665/22216)Updating files:  40% (8887/22216)Updating files:  41% (9109/22216)Updating files:  42% (9331/22216)Updating files:  43% (9553/22216)Updating files:  44% (9776/22216)Updating files:  45% (9998/22216)Updating files:  46% (10220/22216)Updating files:  47% (10442/22216)Updating files:  48% (10664/22216)Updating files:  49% (10886/22216)Updating files:  50% (11108/22216)Updating files:  51% (11331/22216)Updating files:  52% (11553/22216)Updating files:  53% (11775/22216)Updating files:  54% (11997/22216)Updating files:  55% (12219/22216)Updating files:  56% (12441/22216)Updating files:  57% (12664/22216)Updating files:  58% (12886/22216)Updating files:  59% (13108/22216)Updating files:  60% (13330/22216)Updating files:  61% (13552/22216)Updating files:  62% (13774/22216)Updating files:  63% (13997/22216)Updating files:  64% (14219/22216)Updating files:  65% (14441/22216)Updating files:  66% (14663/22216)Updating files:  66% (14883/22216)Updating files:  67% (14885/22216)Updating files:  68% (15107/22216)Updating files:  69% (15330/22216)Updating files:  70% (15552/22216)Updating files:  71% (15774/22216)Updating files:  72% (15996/22216)Updating files:  73% (16218/22216)Updating files:  74% (16440/22216)Updating files:  75% (16662/22216)Updating files:  76% (16885/22216)Updating files:  77% (17107/22216)Updating files:  78% (17329/22216)Updating files:  79% (17551/22216)Updating files:  80% (17773/22216)Updating files:  81% (17995/22216)Updating files:  82% (18218/22216)Updating files:  83% (18440/22216)Updating files:  84% (18662/22216)Updating files:  85% (18884/22216)Updating files:  86% (19106/22216)Updating files:  87% (19328/22216)Updating files:  88% (19551/22216)Updating files:  89% (19773/22216)Updating files:  90% (19995/22216)Updating files:  91% (20217/22216)Updating files:  92% (20439/22216)Updating files:  93% (20661/22216)Updating files:  94% (20884/22216)Updating files:  95% (21106/22216)Updating files:  96% (21328/22216)Updating files:  97% (21550/22216)Updating files:  98% (21772/22216)Updating files:  99% (21994/22216)Updating files: 100% (22216/22216)Updating files: 100% (22216/22216), done.
branch 'net-next-2024-06-24--21-00' set up to track 'origin/net-next-2024-06-24--21-00'.
Switched to a new branch 'net-next-2024-06-24--21-00'
error: No valid patches in input (allow with "--allow-empty")
Checking patch tools/testing/selftests/tc-testing/tdc_config.py...
Applied patch tools/testing/selftests/tc-testing/tdc_config.py cleanly.
Run at 2024-06-24 21:23:35.129805
INFO: building kernel
INFO: starting VM 0
INFO: thr0-0 VM starting: vng -v -r arch/x86/boot/bzImage --user root --rwdir=/nipa-data/kernel/
INFO: thr0-0 expecting prompt: '/nipa-data/kernel# '
INFO: thr0-0 reached initial prompt
INFO: thr-0 testing == tdc.sh
INFO: thr-0 tdc.sh >> retcode: 0 result: pass found {'fail': False, 'skip': False, 'pass': True}
INFO: thr-0 has no more work, exiting
INFO: thr0-0 VM stopped
Done at 2024-06-24 21:27:10.542721
NIPA quitting!
/
~/nipa/tc-executor/tc-executor-storage /
sort: write failed: 'standard output': Broken pipe
sort: write error
