~/nipa/tc-executor/tc-executor-storage /
Switched to branch 'storage'
Your branch is ahead of 'origin/storage' by 537 commits.
  (use "git push" to publish your local commits)
/
~/nipa/tc-executor /
Error response from daemon: No such image: nipa-executor:latest
#0 building with "default" instance using docker driver

#1 [internal] load .dockerignore
#1 transferring context: 2B done
#1 DONE 0.0s

#2 [internal] load build definition from Dockerfile
#2 transferring dockerfile: 2.05kB done
#2 DONE 0.0s

#3 [internal] load metadata for docker.io/library/alpine:edge
#3 DONE 0.0s

#4 [ 1/22] FROM docker.io/library/alpine:edge
#4 CACHED

#5 [internal] load build context
#5 transferring context: 3.02kB done
#5 DONE 0.0s

#6 [ 2/22] RUN echo false > debug-mode
#6 DONE 0.7s

#7 [ 3/22] RUN addgroup -g 1001 hostuser
#7 DONE 0.4s

#8 [ 4/22] RUN adduser -u 1001 -G hostuser -H -D -s /bin/ash hostuser
#8 DONE 0.4s

#9 [ 5/22] RUN echo '@testing http://dl-cdn.alpinelinux.org/alpine/edge/testing' >> /etc/apk/repositories
#9 DONE 0.4s

#10 [ 6/22] RUN echo '@community http://dl-cdn.alpinelinux.org/alpine/edge/community' >> /etc/apk/repositories
#10 DONE 0.4s

#11 [ 7/22] RUN apk update && apk add --no-cache    virtme-ng@testing    git    py3-requests    py3-psutil    py3-setuptools    py3-pyroute2    py3-argcomplete    qemu-system-x86_64@community    scapy@community    make    gcc    musl-dev    flex    bison    linux-headers    elfutils-dev    util-linux    coreutils    diffutils    findutils    file    bash    kmod    perl    iptables-dev    libcap-dev    libmnl-dev    iproute2     jq    libbpf-dev    rsync    openssl-dev
#11 0.395 fetch https://dl-cdn.alpinelinux.org/alpine/edge/main/x86_64/APKINDEX.tar.gz
#11 0.609 fetch https://dl-cdn.alpinelinux.org/alpine/edge/community/x86_64/APKINDEX.tar.gz
#11 0.812 fetch http://dl-cdn.alpinelinux.org/alpine/edge/testing/x86_64/APKINDEX.tar.gz
#11 1.015 fetch http://dl-cdn.alpinelinux.org/alpine/edge/community/x86_64/APKINDEX.tar.gz
#11 1.272 v20240329-2438-gebad336f4ae [https://dl-cdn.alpinelinux.org/alpine/edge/main]
#11 1.272 v20240329-2452-g7758732bcee [https://dl-cdn.alpinelinux.org/alpine/edge/community]
#11 1.272 v20240329-2449-gd74b311e776 [http://dl-cdn.alpinelinux.org/alpine/edge/testing]
#11 1.272 v20240329-2452-g7758732bcee [http://dl-cdn.alpinelinux.org/alpine/edge/community]
#11 1.272 OK: 31187 distinct packages available
#11 1.340 fetch https://dl-cdn.alpinelinux.org/alpine/edge/main/x86_64/APKINDEX.tar.gz
#11 1.443 fetch https://dl-cdn.alpinelinux.org/alpine/edge/community/x86_64/APKINDEX.tar.gz
#11 1.538 fetch http://dl-cdn.alpinelinux.org/alpine/edge/testing/x86_64/APKINDEX.tar.gz
#11 1.635 fetch http://dl-cdn.alpinelinux.org/alpine/edge/community/x86_64/APKINDEX.tar.gz
#11 1.858 (1/176) Upgrading musl (1.2.4_git20230717-r5 -> 1.2.5-r0)
#11 1.875 (2/176) Upgrading libcrypto3 (3.1.4-r2 -> 3.3.0-r1)
#11 1.909 (3/176) Upgrading libssl3 (3.1.4-r2 -> 3.3.0-r1)
#11 1.927 (4/176) Upgrading zlib (1.3-r2 -> 1.3.1-r1)
#11 1.939 (5/176) Installing ncurses-terminfo-base (6.4_p20240330-r0)
#11 1.954 (6/176) Installing libncursesw (6.4_p20240330-r0)
#11 1.969 (7/176) Installing readline (8.2.10-r0)
#11 1.983 (8/176) Installing bash (5.2.26-r0)
#11 2.003 Executing bash-5.2.26-r0.post-install
#11 2.005 (9/176) Installing m4 (1.4.19-r3)
#11 2.019 (10/176) Installing bison (3.8.2-r1)
#11 2.040 (11/176) Installing coreutils-env (9.5-r1)
#11 2.052 (12/176) Installing coreutils-fmt (9.5-r1)
#11 2.064 (13/176) Installing coreutils-sha512sum (9.5-r1)
#11 2.076 (14/176) Installing libacl (2.3.2-r0)
#11 2.088 (15/176) Installing libattr (2.5.2-r0)
#11 2.101 (16/176) Installing skalibs (2.14.1.1-r0)
#11 2.114 (17/176) Installing utmps-libs (0.1.2.2-r1)
#11 2.125 (18/176) Installing coreutils (9.5-r1)
#11 2.148 (19/176) Installing diffutils (3.10-r0)
#11 2.163 (20/176) Installing zstd-libs (1.5.6-r0)
#11 2.180 (21/176) Installing libelf (0.191-r0)
#11 2.192 (22/176) Installing libbz2 (1.0.8-r6)
#11 2.205 (23/176) Installing musl-fts (1.2.7-r6)
#11 2.217 (24/176) Installing xz-libs (5.6.1-r3)
#11 2.230 (25/176) Installing libdw (0.191-r0)
#11 2.245 (26/176) Installing libasm (0.191-r0)
#11 2.258 (27/176) Installing xz (5.6.1-r3)
#11 2.272 (28/176) Installing pkgconf (2.2.0-r0)
#11 2.285 (29/176) Installing xz-dev (5.6.1-r3)
#11 2.299 (30/176) Installing libgcc (13.2.1_git20240309-r0)
#11 2.312 (31/176) Installing libstdc++ (13.2.1_git20240309-r0)
#11 2.337 (32/176) Installing zstd (1.5.6-r0)
#11 2.353 (33/176) Installing zstd-dev (1.5.6-r0)
#11 2.367 (34/176) Installing zlib-dev (1.3.1-r1)
#11 2.379 (35/176) Installing elfutils-dev (0.191-r0)
#11 2.401 (36/176) Installing libmagic (5.45-r1)
#11 2.432 (37/176) Installing file (5.45-r1)
#11 2.443 (38/176) Installing findutils (4.9.0-r5)
#11 2.458 (39/176) Installing flex (2.6.4-r6)
#11 2.472 (40/176) Installing jansson (2.14-r4)
#11 2.484 (41/176) Installing binutils (2.42-r0)
#11 2.545 (42/176) Installing libgomp (13.2.1_git20240309-r0)
#11 2.563 (43/176) Installing libatomic (13.2.1_git20240309-r0)
#11 2.574 (44/176) Installing gmp (6.3.0-r0)
#11 2.594 (45/176) Installing isl26 (0.26-r1)
#11 2.617 (46/176) Installing mpfr4 (4.2.1-r0)
#11 2.633 (47/176) Installing mpc1 (1.3.1-r1)
#11 2.647 (48/176) Installing gcc (13.2.1_git20240309-r0)
#11 3.135 (49/176) Installing ca-certificates (20240226-r0)
#11 3.157 (50/176) Installing brotli-libs (1.1.0-r2)
#11 3.179 (51/176) Installing c-ares (1.28.1-r0)
#11 3.191 (52/176) Installing libunistring (1.2-r0)
#11 3.212 (53/176) Installing libidn2 (2.3.7-r0)
#11 3.226 (54/176) Installing nghttp2-libs (1.61.0-r0)
#11 3.245 (55/176) Installing libpsl (0.21.5-r1)
#11 3.257 (56/176) Installing libcurl (8.7.1-r0)
#11 3.274 (57/176) Installing libexpat (2.6.2-r0)
#11 3.289 (58/176) Installing pcre2 (10.43-r0)
#11 3.305 (59/176) Installing git (2.44.0-r2)
#11 3.359 (60/176) Installing git-init-template (2.44.0-r2)
#11 3.372 (61/176) Installing libcap2 (2.69-r1)
#11 3.385 (62/176) Installing libmnl (1.0.5-r2)
#11 3.396 (63/176) Installing iproute2-minimal (6.8.0-r0)
#11 3.416 (64/176) Installing libxtables (1.8.10-r3)
#11 3.428 (65/176) Installing iproute2-tc (6.8.0-r0)
#11 3.447 (66/176) Installing iproute2-ss (6.8.0-r0)
#11 3.461 (67/176) Installing iproute2 (6.8.0-r0)
#11 3.477 Executing iproute2-6.8.0-r0.post-install
#11 3.480 (68/176) Installing linux-headers (6.6-r0)
#11 3.576 (69/176) Installing libip4tc (1.8.10-r3)
#11 3.588 (70/176) Installing libip6tc (1.8.10-r3)
#11 3.600 (71/176) Installing libipq (1.8.10-r3)
#11 3.611 (72/176) Installing iptables-dev (1.8.10-r3)
#11 3.624 (73/176) Installing oniguruma (6.9.9-r0)
#11 3.640 (74/176) Installing jq (1.7.1-r0)
#11 3.658 (75/176) Installing kmod (32-r0)
#11 3.673 (76/176) Installing libbpf (1.4.0-r0)
#11 3.687 (77/176) Installing libbpf-dev (1.4.0-r0)
#11 3.767 (78/176) Installing libcap-dev (2.69-r1)
#11 3.779 (79/176) Installing libmnl-dev (1.0.5-r2)
#11 3.791 (80/176) Installing make (4.4.1-r2)
#11 3.806 (81/176) Installing musl-dev (1.2.5-r0)
#11 3.861 (82/176) Installing openssl-dev (3.3.0-r1)
#11 3.889 (83/176) Installing perl (5.38.2-r0)
#11 4.084 (84/176) Installing perl-error (0.17029-r2)
#11 4.095 (85/176) Installing perl-git (2.44.0-r2)
#11 4.109 (86/176) Installing git-perl (2.44.0-r2)
#11 4.121 (87/176) Installing libffi (3.4.6-r0)
#11 4.133 (88/176) Installing gdbm (1.23-r1)
#11 4.146 (89/176) Installing mpdecimal (4.0.0-r0)
#11 4.159 (90/176) Installing libpanelw (6.4_p20240330-r0)
#11 4.171 (91/176) Installing sqlite-libs (3.45.3-r0)
#11 4.194 (92/176) Installing python3 (3.12.3-r1)
#11 4.334 (93/176) Installing python3-pycache-pyc0 (3.12.3-r1)
#11 4.421 (94/176) Installing pyc (3.12.3-r1)
#11 4.432 (95/176) Installing py3-argcomplete-pyc (3.3.0-r0)
#11 4.445 (96/176) Installing python3-pyc (3.12.3-r1)
#11 4.457 (97/176) Installing py3-argcomplete (3.3.0-r0)
#11 4.471 (98/176) Installing py3-psutil (5.9.8-r1)
#11 4.487 (99/176) Installing py3-psutil-pyc (5.9.8-r1)
#11 4.508 (100/176) Installing py3-pyroute2 (0.7.12-r1)
#11 4.542 (101/176) Installing py3-pyroute2-pyc (0.7.12-r1)
#11 4.578 (102/176) Installing py3-certifi (2024.2.2-r1)
#11 4.590 (103/176) Installing py3-certifi-pyc (2024.2.2-r1)
#11 4.602 (104/176) Installing py3-charset-normalizer (3.3.2-r1)
#11 4.616 (105/176) Installing py3-charset-normalizer-pyc (3.3.2-r1)
#11 4.629 (106/176) Installing py3-idna (3.7-r0)
#11 4.643 (107/176) Installing py3-idna-pyc (3.7-r0)
#11 4.657 (108/176) Installing py3-urllib3 (1.26.18-r1)
#11 4.675 (109/176) Installing py3-urllib3-pyc (1.26.18-r1)
#11 4.693 (110/176) Installing py3-requests (2.31.0-r2)
#11 4.707 (111/176) Installing py3-requests-pyc (2.31.0-r2)
#11 4.722 (112/176) Installing py3-parsing (3.1.2-r1)
#11 4.737 (113/176) Installing py3-parsing-pyc (3.1.2-r1)
#11 4.753 (114/176) Installing py3-packaging (24.0-r1)
#11 4.766 (115/176) Installing py3-packaging-pyc (24.0-r1)
#11 4.782 (116/176) Installing py3-setuptools (69.5.1-r0)
#11 4.821 (117/176) Installing py3-setuptools-pyc (69.5.1-r0)
#11 4.863 (118/176) Installing libcap-ng (0.8.4-r0)
#11 4.875 (119/176) Installing libintl (0.22.5-r0)
#11 4.888 (120/176) Installing libeconf (0.6.2-r0)
#11 4.900 (121/176) Installing libblkid (2.40-r2)
#11 4.914 (122/176) Installing libmount (2.40-r2)
#11 4.928 (123/176) Installing glib (2.80.0-r3)
#11 4.963 (124/176) Installing numactl (2.0.18-r0)
#11 4.974 (125/176) Installing qemu (8.2.2-r0)
#11 4.990 Executing qemu-8.2.2-r0.pre-install
#11 5.062 Executing qemu-8.2.2-r0.post-install
#11 5.064 *
#11 5.064 * If you want to run VM as unprivileged user and let Qemu create tunX devices,
#11 5.064 * then you must add that user to the group "qemu".
#11 5.064 * If you use KVM for hardware-assisted virtualization, then you may also need
#11 5.064 * to add that user to the group "kvm".
#11 5.064 *
#11 5.065 (126/176) Installing qemu-bridge-helper (8.2.2-r0)
#11 5.082 (127/176) Installing libaio (0.3.113-r2)
#11 5.094 (128/176) Installing capstone (5.0.1-r4)
#11 5.126 (129/176) Installing nettle (3.9.1-r0)
#11 5.142 (130/176) Installing libtasn1 (4.19.0-r2)
#11 5.154 (131/176) Installing p11-kit (0.25.3-r0)
#11 5.171 (132/176) Installing gnutls (3.8.3-r0)
#11 5.196 (133/176) Installing libjpeg-turbo (3.0.2-r0)
#11 5.213 (134/176) Installing lzo (2.10-r5)
#11 5.228 (135/176) Installing pixman (0.43.2-r0)
#11 5.243 (136/176) Installing libpng (1.6.43-r0)
#11 5.257 (137/176) Installing libsasl (2.1.28-r6)
#11 5.270 (138/176) Installing libseccomp (2.5.5-r1)
#11 5.283 (139/176) Installing libslirp (4.7.0-r0)
#11 5.296 (140/176) Installing snappy (1.1.10-r2)
#11 5.308 (141/176) Installing liburing (2.5-r1)
#11 5.319 (142/176) Installing vde2-libs (2.3.3-r3)
#11 5.333 (143/176) Installing qemu-system-x86_64 (8.2.2-r0)
#11 5.431 (144/176) Installing lz4-libs (1.9.4-r5)
#11 5.445 (145/176) Installing popt (1.19-r3)
#11 5.457 (146/176) Installing libxxhash (0.8.2-r2)
#11 5.469 (147/176) Installing rsync (3.3.0-r0)
#11 5.485 (148/176) Installing scapy (2.5.0-r3)
#11 5.536 Executing scapy-2.5.0-r3.post-install
#11 5.539 *
#11 5.539 * Certain optional features of scapy also depend on the following packages:
#11 5.539 *     py3-matplotlib graphviz imagemagick py3-cryptography sox
#11 5.539 * And the following unpackaged dependencies:
#11 5.539 *     pyxi vpython-jupyter nmap<v4.23
#11 5.539 * More information can be found at https://scapy.readthedocs.io/en/latest/installation.html#optional-dependencies
#11 5.539 *
#11 5.539 (149/176) Installing scapy-pyc (2.5.0-r3)
#11 5.596 (150/176) Installing util-linux (2.40-r2)
#11 5.608 (151/176) Installing setarch (2.40-r2)
#11 5.620 (152/176) Installing libuuid (2.40-r2)
#11 5.633 (153/176) Installing libfdisk (2.40-r2)
#11 5.647 (154/176) Installing libsmartcols (2.40-r2)
#11 5.660 (155/176) Installing util-linux-misc (2.40-r2)
#11 5.687 (156/176) Installing linux-pam (1.6.0-r0)
#11 5.707 (157/176) Installing runuser (2.40-r2)
#11 5.718 (158/176) Installing mount (2.40-r2)
#11 5.730 (159/176) Installing losetup (2.40-r2)
#11 5.743 (160/176) Installing hexdump (2.40-r2)
#11 5.755 (161/176) Installing uuidgen (2.40-r2)
#11 5.767 (162/176) Installing blkid (2.40-r2)
#11 5.778 (163/176) Installing sfdisk (2.40-r2)
#11 5.790 (164/176) Installing mcookie (2.40-r2)
#11 5.803 (165/176) Installing agetty (2.40-r2)
#11 5.815 (166/176) Installing wipefs (2.40-r2)
#11 5.826 (167/176) Installing cfdisk (2.40-r2)
#11 5.840 (168/176) Installing umount (2.40-r2)
#11 5.851 (169/176) Installing flock (2.40-r2)
#11 5.863 (170/176) Installing lsblk (2.40-r2)
#11 5.876 (171/176) Installing setpriv (2.40-r2)
#11 5.888 (172/176) Installing logger (2.40-r2)
#11 5.900 (173/176) Installing partx (2.40-r2)
#11 5.912 (174/176) Installing fstrim (2.40-r2)
#11 5.924 (175/176) Installing findmnt (2.40-r2)
#11 5.936 (176/176) Installing virtme-ng@testing (1.23-r1)
#11 5.989 Executing busybox-1.36.1-r17.trigger
#11 5.992 Executing ca-certificates-20240226-r0.trigger
#11 6.012 Executing glib-2.80.0-r3.trigger
#11 6.017 OK: 383 MiB in 187 packages
#11 DONE 6.4s

#12 [ 8/22] RUN mkdir -p /tmp/kernel-patches &&     mkdir -p /tmp/iproute2-patches
#12 DONE 0.4s

#13 [ 9/22] COPY tdc.config /tmp
#13 DONE 0.0s

#14 [10/22] COPY tdc-debug.config /tmp
#14 DONE 0.1s

#15 [11/22] COPY kernel-patches /tmp/kernel-patches/
#15 DONE 0.0s

#16 [12/22] COPY iproute2-patches /tmp/iproute2-patches/
#16 DONE 0.0s

#17 [13/22] COPY configs /tmp/configs/
#17 DONE 0.0s

#18 [14/22] RUN git config --global user.email foo@bar.com
#18 DONE 0.3s

#19 [15/22] RUN git config --global user.name foo@bar.com
#19 DONE 0.5s

#20 [16/22] RUN git clone https://git.kernel.org/pub/scm/network/iproute2/iproute2-next.git /nipa-data/iproute2
#20 0.409 Cloning into '/nipa-data/iproute2'...
#20 DONE 2.0s

#21 [17/22] RUN cd /nipa-data/iproute2 && 	git remote add stable https://git.kernel.org/pub/scm/network/iproute2/iproute2.git && 	git fetch --all && 	git merge stable/main
#21 0.427 Fetching origin
#21 0.704 Fetching stable
#21 1.169 From https://git.kernel.org/pub/scm/network/iproute2/iproute2
#21 1.169  * [new branch]        codeql         -> stable/codeql
#21 1.169  * [new branch]        iproute2-4.1.x -> stable/iproute2-4.1.x
#21 1.169  * [new branch]        main           -> stable/main
#21 1.203 Auto-merging ip/iplink.c
#21 1.203 Auto-merging man/man8/ip-link.8.in
#21 1.217 Merge made by the 'ort' strategy.
#21 1.220  ip/iplink.c           | 2 +-
#21 1.220  man/man8/ip-link.8.in | 2 +-
#21 1.220  2 files changed, 2 insertions(+), 2 deletions(-)
#21 DONE 1.2s

#22 [18/22] RUN if [ "$(find /tmp/iproute2-patches/ -name *.patch)" ]; then  	cd /nipa-data/iproute2; 	git apply /tmp/iproute2-patches/*.patch;     fi
#22 DONE 0.4s

#23 [19/22] RUN cd /nipa-data/iproute2/ &&     ./configure &&     make
#23 0.461 TC schedulers
#23 0.462  IPT	using xtables
#23 0.494  IPSET  yes
#23 0.515 
#23 0.516 lib directory: /usr/lib
#23 0.516 libc has setns: yes
#23 0.535 libc has name_to_handle_at: yes
#23 0.557 SELinux support: no
#23 0.558 libtirpc support: no
#23 0.559 libbpf support: yes
#23 0.625 	libbpf version 1.4.0
#23 0.625 ELF support: yes
#23 0.627 libmnl support: yes
#23 0.628 Berkeley DB: no
#23 0.638 need for strlcpy: no
#23 0.659 libcap support: yes
#23 0.661 color output: never
#23 0.663 
#23 0.663 lib
#23 0.665     CC       libgenl.o
#23 0.678 In file included from ../include/libgenl.h:5,
#23 0.678                  from libgenl.c:12:
#23 0.678 ../include/libnetlink.h: In function 'rta_getattr_be64':
#23 0.678 ../include/libnetlink.h:280:16: warning: implicit declaration of function 'htobe64' [-Wimplicit-function-declaration]
#23 0.678   280 |         return htobe64(rta_getattr_u64(rta));
#23 0.678       |                ^~~~~~~
#23 0.707     CC       libnetlink.o
#23 1.002     CC       mnl_utils.o
#23 1.019 In file included from mnl_utils.c:12:
#23 1.019 ../include/libnetlink.h: In function 'rta_getattr_be64':
#23 1.020 ../include/libnetlink.h:280:16: warning: implicit declaration of function 'htobe64' [-Wimplicit-function-declaration]
#23 1.020   280 |         return htobe64(rta_getattr_u64(rta));
#23 1.020       |                ^~~~~~~
#23 1.084     AR       libnetlink.a
#23 1.087     CC       utils.o
#23 1.473     CC       utils_math.o
#23 1.513     CC       rt_names.o
#23 1.698     CC       ll_map.o
#23 1.710 In file included from ll_map.c:17:
#23 1.710 ../include/libnetlink.h: In function 'rta_getattr_be64':
#23 1.710 ../include/libnetlink.h:280:16: warning: implicit declaration of function 'htobe64' [-Wimplicit-function-declaration]
#23 1.710   280 |         return htobe64(rta_getattr_u64(rta));
#23 1.710       |                ^~~~~~~
#23 1.793     CC       ll_types.o
#23 1.806 In file included from ll_types.c:20:
#23 1.806 ../include/uapi/linux/sockios.h:42: warning: "SIOCGSTAMP" redefined
#23 1.806    42 | #define SIOCGSTAMP      SIOCGSTAMP_OLD
#23 1.806       | 
#23 1.806 In file included from /usr/include/sys/ioctl.h:10,
#23 1.806                  from ll_types.c:12:
#23 1.806 /usr/include/bits/ioctl.h:111: note: this is the location of the previous definition
#23 1.806   111 | #define SIOCGSTAMP      0x8906
#23 1.806       | 
#23 1.806 ../include/uapi/linux/sockios.h:43: warning: "SIOCGSTAMPNS" redefined
#23 1.806    43 | #define SIOCGSTAMPNS    SIOCGSTAMPNS_OLD
#23 1.806       | 
#23 1.806 /usr/include/bits/ioctl.h:112: note: this is the location of the previous definition
#23 1.806   112 | #define SIOCGSTAMPNS    0x8907
#23 1.806       | 
#23 1.820     CC       ll_proto.o
#23 1.832 In file included from ll_proto.c:21:
#23 1.832 ../include/uapi/linux/sockios.h:42: warning: "SIOCGSTAMP" redefined
#23 1.832    42 | #define SIOCGSTAMP      SIOCGSTAMP_OLD
#23 1.832       | 
#23 1.832 In file included from /usr/include/sys/ioctl.h:10,
#23 1.832                  from ll_proto.c:13:
#23 1.832 /usr/include/bits/ioctl.h:111: note: this is the location of the previous definition
#23 1.832   111 | #define SIOCGSTAMP      0x8906
#23 1.832       | 
#23 1.832 ../include/uapi/linux/sockios.h:43: warning: "SIOCGSTAMPNS" redefined
#23 1.832    43 | #define SIOCGSTAMPNS    SIOCGSTAMPNS_OLD
#23 1.832       | 
#23 1.832 /usr/include/bits/ioctl.h:112: note: this is the location of the previous definition
#23 1.832   112 | #define SIOCGSTAMPNS    0x8907
#23 1.832       | 
#23 1.845     CC       ll_addr.o
#23 1.858 In file included from ll_addr.c:20:
#23 1.858 ../include/uapi/linux/sockios.h:42: warning: "SIOCGSTAMP" redefined
#23 1.858    42 | #define SIOCGSTAMP      SIOCGSTAMP_OLD
#23 1.858       | 
#23 1.858 In file included from /usr/include/sys/ioctl.h:10,
#23 1.858                  from ll_addr.c:12:
#23 1.858 /usr/include/bits/ioctl.h:111: note: this is the location of the previous definition
#23 1.858   111 | #define SIOCGSTAMP      0x8906
#23 1.858       | 
#23 1.858 ../include/uapi/linux/sockios.h:43: warning: "SIOCGSTAMPNS" redefined
#23 1.858    43 | #define SIOCGSTAMPNS    SIOCGSTAMPNS_OLD
#23 1.858       | 
#23 1.858 /usr/include/bits/ioctl.h:112: note: this is the location of the previous definition
#23 1.858   112 | #define SIOCGSTAMPNS    0x8907
#23 1.858       | 
#23 1.885     CC       inet_proto.o
#23 1.916     CC       namespace.o
#23 1.965     CC       json_writer.o
#23 2.043     CC       json_print.o
#23 2.160     CC       json_print_math.o
#23 2.199     CC       names.o
#23 2.244     CC       color.o
#23 2.294     CC       bpf_legacy.o
#23 2.634     CC       bpf_glue.o
#23 2.669     CC       exec.o
#23 2.704     CC       fs.o
#23 2.766     CC       cg_map.o
#23 2.800     CC       ppp_proto.o
#23 2.822     CC       bpf_libbpf.o
#23 2.905     CC       selinux.o
#23 2.924     CC       ax25_ntop.o
#23 2.951     CC       rose_ntop.o
#23 2.962 In file included from rose_ntop.c:16:
#23 2.962 ../include/uapi/linux/sockios.h:42: warning: "SIOCGSTAMP" redefined
#23 2.962    42 | #define SIOCGSTAMP      SIOCGSTAMP_OLD
#23 2.962       | 
#23 2.962 In file included from /usr/include/sys/ioctl.h:10,
#23 2.962                  from rose_ntop.c:7:
#23 2.962 /usr/include/bits/ioctl.h:111: note: this is the location of the previous definition
#23 2.962   111 | #define SIOCGSTAMP      0x8906
#23 2.962       | 
#23 2.962 ../include/uapi/linux/sockios.h:43: warning: "SIOCGSTAMPNS" redefined
#23 2.962    43 | #define SIOCGSTAMPNS    SIOCGSTAMPNS_OLD
#23 2.962       | 
#23 2.962 /usr/include/bits/ioctl.h:112: note: this is the location of the previous definition
#23 2.962   112 | #define SIOCGSTAMPNS    0x8907
#23 2.962       | 
#23 2.978     CC       mpls_ntop.o
#23 3.005     CC       mpls_pton.o
#23 3.033     CC       netrom_ntop.o
#23 3.055     AR       libutil.a
#23 3.059 
#23 3.059 ip
#23 3.061     CC       ip.o
#23 3.127     CC       ipaddress.o
#23 3.140 In file included from ipaddress.c:26:
#23 3.140 ../include/uapi/linux/sockios.h:42: warning: "SIOCGSTAMP" redefined
#23 3.140    42 | #define SIOCGSTAMP      SIOCGSTAMP_OLD
#23 3.140       | 
#23 3.140 In file included from /usr/include/sys/ioctl.h:10,
#23 3.140                  from ipaddress.c:14:
#23 3.140 /usr/include/bits/ioctl.h:111: note: this is the location of the previous definition
#23 3.140   111 | #define SIOCGSTAMP      0x8906
#23 3.140       | 
#23 3.140 ../include/uapi/linux/sockios.h:43: warning: "SIOCGSTAMPNS" redefined
#23 3.140    43 | #define SIOCGSTAMPNS    SIOCGSTAMPNS_OLD
#23 3.140       | 
#23 3.140 /usr/include/bits/ioctl.h:112: note: this is the location of the previous definition
#23 3.140   112 | #define SIOCGSTAMPNS    0x8907
#23 3.140       | 
#23 3.554     CC       ipaddrlabel.o
#23 3.611     CC       iproute.o
#23 4.090     CC       iprule.o
#23 4.272     CC       ipnetns.o
#23 4.453     CC       rtm_map.o
#23 4.491     CC       iptunnel.o
#23 4.503 In file included from ../include/uapi/linux/if_tunnel.h:6,
#23 4.503                  from iptunnel.c:19:
#23 4.503 ../include/uapi/linux/if.h:134: warning: "IFF_VOLATILE" redefined
#23 4.503   134 | #define IFF_VOLATILE    (IFF_LOOPBACK|IFF_POINTOPOINT|IFF_BROADCAST|IFF_ECHO|\
#23 4.503       | 
#23 4.503 In file included from iptunnel.c:16:
#23 4.503 /usr/include/net/if.h:48: note: this is the location of the previous definition
#23 4.503    48 | #define IFF_VOLATILE (IFF_LOOPBACK|IFF_POINTOPOINT|IFF_BROADCAST| \
#23 4.503       | 
#23 4.631     CC       ip6tunnel.o
#23 4.744     CC       tunnel.o
#23 4.843     CC       ipneigh.o
#23 4.990     CC       ipntable.o
#23 5.103     CC       iplink.o
#23 5.371     CC       ipmaddr.o
#23 5.387 In file included from ipmaddr.c:21:
#23 5.387 ../include/uapi/linux/sockios.h:42: warning: "SIOCGSTAMP" redefined
#23 5.387    42 | #define SIOCGSTAMP      SIOCGSTAMP_OLD
#23 5.387       | 
#23 5.387 In file included from /usr/include/sys/ioctl.h:10,
#23 5.387                  from ipmaddr.c:12:
#23 5.387 /usr/include/bits/ioctl.h:111: note: this is the location of the previous definition
#23 5.387   111 | #define SIOCGSTAMP      0x8906
#23 5.387       | 
#23 5.387 ../include/uapi/linux/sockios.h:43: warning: "SIOCGSTAMPNS" redefined
#23 5.387    43 | #define SIOCGSTAMPNS    SIOCGSTAMPNS_OLD
#23 5.387       | 
#23 5.387 /usr/include/bits/ioctl.h:112: note: this is the location of the previous definition
#23 5.387   112 | #define SIOCGSTAMPNS    0x8907
#23 5.387       | 
#23 5.477     CC       ipmonitor.o
#23 5.549     CC       ipmroute.o
#23 5.561 In file included from ipmroute.c:22:
#23 5.561 ../include/uapi/linux/sockios.h:42: warning: "SIOCGSTAMP" redefined
#23 5.561    42 | #define SIOCGSTAMP      SIOCGSTAMP_OLD
#23 5.561       | 
#23 5.561 In file included from /usr/include/sys/ioctl.h:10,
#23 5.561                  from ipmroute.c:13:
#23 5.561 /usr/include/bits/ioctl.h:111: note: this is the location of the previous definition
#23 5.561   111 | #define SIOCGSTAMP      0x8906
#23 5.561       | 
#23 5.561 ../include/uapi/linux/sockios.h:43: warning: "SIOCGSTAMPNS" redefined
#23 5.561    43 | #define SIOCGSTAMPNS    SIOCGSTAMPNS_OLD
#23 5.561       | 
#23 5.561 /usr/include/bits/ioctl.h:112: note: this is the location of the previous definition
#23 5.561   112 | #define SIOCGSTAMPNS    0x8907
#23 5.561       | 
#23 5.621     CC       ipprefix.o
#23 5.651     CC       iptuntap.o
#23 5.753     CC       iptoken.o
#23 5.805     CC       ipxfrm.o
#23 6.096     CC       xfrm_state.o
#23 6.349     CC       xfrm_policy.o
#23 6.571     CC       xfrm_monitor.o
#23 6.646     CC       iplink_dummy.o
#23 6.667     CC       iplink_ifb.o
#23 6.689     CC       iplink_nlmon.o
#23 6.717     CC       iplink_team.o
#23 6.741     CC       iplink_vcan.o
#23 6.764     CC       iplink_vxcan.o
#23 6.791     CC       iplink_vlan.o
#23 6.860     CC       link_veth.o
#23 6.889     CC       link_gre.o
#23 6.899 In file included from ../include/uapi/linux/if_tunnel.h:6,
#23 6.899                  from link_gre.c:15:
#23 6.899 ../include/uapi/linux/if.h:134: warning: "IFF_VOLATILE" redefined
#23 6.899   134 | #define IFF_VOLATILE    (IFF_LOOPBACK|IFF_POINTOPOINT|IFF_BROADCAST|IFF_ECHO|\
#23 6.899       | 
#23 6.899 In file included from link_gre.c:9:
#23 6.899 /usr/include/net/if.h:48: note: this is the location of the previous definition
#23 6.899    48 | #define IFF_VOLATILE (IFF_LOOPBACK|IFF_POINTOPOINT|IFF_BROADCAST| \
#23 6.899       | 
#23 7.016     CC       iplink_can.o
#23 7.165     CC       iplink_xdp.o
#23 7.235     CC       iplink_macvlan.o
#23 7.303     CC       ipl2tp.o
#23 7.457     CC       link_vti.o
#23 7.467 In file included from ../include/uapi/linux/if_tunnel.h:6,
#23 7.467                  from link_vti.c:16:
#23 7.467 ../include/uapi/linux/if.h:134: warning: "IFF_VOLATILE" redefined
#23 7.467   134 | #define IFF_VOLATILE    (IFF_LOOPBACK|IFF_POINTOPOINT|IFF_BROADCAST|IFF_ECHO|\
#23 7.467       | 
#23 7.467 In file included from link_vti.c:10:
#23 7.467 /usr/include/net/if.h:48: note: this is the location of the previous definition
#23 7.467    48 | #define IFF_VOLATILE (IFF_LOOPBACK|IFF_POINTOPOINT|IFF_BROADCAST| \
#23 7.467       | 
#23 7.511     CC       link_vti6.o
#23 7.522 In file included from ../include/uapi/linux/if_tunnel.h:6,
#23 7.522                  from link_vti6.c:17:
#23 7.522 ../include/uapi/linux/if.h:134: warning: "IFF_VOLATILE" redefined
#23 7.522   134 | #define IFF_VOLATILE    (IFF_LOOPBACK|IFF_POINTOPOINT|IFF_BROADCAST|IFF_ECHO|\
#23 7.522       | 
#23 7.522 In file included from link_vti6.c:11:
#23 7.522 /usr/include/net/if.h:48: note: this is the location of the previous definition
#23 7.522    48 | #define IFF_VOLATILE (IFF_LOOPBACK|IFF_POINTOPOINT|IFF_BROADCAST| \
#23 7.522       | 
#23 7.568     CC       link_xfrm.o
#23 7.605     CC       iplink_vxlan.o
#23 7.771     CC       tcp_metrics.o
#23 7.875     CC       iplink_ipoib.o
#23 7.916     CC       ipnetconf.o
#23 7.968     CC       link_ip6tnl.o
#23 7.979 In file included from ../include/uapi/linux/if_tunnel.h:6,
#23 7.979                  from link_ip6tnl.c:15:
#23 7.979 ../include/uapi/linux/if.h:134: warning: "IFF_VOLATILE" redefined
#23 7.979   134 | #define IFF_VOLATILE    (IFF_LOOPBACK|IFF_POINTOPOINT|IFF_BROADCAST|IFF_ECHO|\
#23 7.979       | 
#23 7.979 In file included from link_ip6tnl.c:9:
#23 7.979 /usr/include/net/if.h:48: note: this is the location of the previous definition
#23 7.979    48 | #define IFF_VOLATILE (IFF_LOOPBACK|IFF_POINTOPOINT|IFF_BROADCAST| \
#23 7.979       | 
#23 8.065     CC       link_iptnl.o
#23 8.075 In file included from ../include/uapi/linux/if_tunnel.h:6,
#23 8.075                  from link_iptnl.c:16:
#23 8.075 ../include/uapi/linux/if.h:134: warning: "IFF_VOLATILE" redefined
#23 8.075   134 | #define IFF_VOLATILE    (IFF_LOOPBACK|IFF_POINTOPOINT|IFF_BROADCAST|IFF_ECHO|\
#23 8.075       | 
#23 8.075 In file included from link_iptnl.c:9:
#23 8.075 /usr/include/net/if.h:48: note: this is the location of the previous definition
#23 8.075    48 | #define IFF_VOLATILE (IFF_LOOPBACK|IFF_POINTOPOINT|IFF_BROADCAST| \
#23 8.075       | 
#23 8.174     CC       link_gre6.o
#23 8.185 In file included from ../include/uapi/linux/if_tunnel.h:6,
#23 8.185                  from link_gre6.c:15:
#23 8.185 ../include/uapi/linux/if.h:134: warning: "IFF_VOLATILE" redefined
#23 8.185   134 | #define IFF_VOLATILE    (IFF_LOOPBACK|IFF_POINTOPOINT|IFF_BROADCAST|IFF_ECHO|\
#23 8.185       | 
#23 8.185 In file included from link_gre6.c:9:
#23 8.185 /usr/include/net/if.h:48: note: this is the location of the previous definition
#23 8.185    48 | #define IFF_VOLATILE (IFF_LOOPBACK|IFF_POINTOPOINT|IFF_BROADCAST| \
#23 8.185       | 
#23 8.314     CC       iplink_bond.o
#23 8.517     CC       iplink_bond_slave.o
#23 8.569     CC       iplink_hsr.o
#23 8.619     CC       iplink_bridge.o
#23 8.817     CC       iplink_bridge_slave.o
#23 8.936     CC       iplink_dsa.o
#23 8.970     CC       ipfou.o
#23 8.984 In file included from ../include/libgenl.h:5,
#23 8.984                  from ipfou.c:18:
#23 8.984 ../include/libnetlink.h: In function 'rta_getattr_be64':
#23 8.984 ../include/libnetlink.h:280:16: warning: implicit declaration of function 'htobe64' [-Wimplicit-function-declaration]
#23 8.984   280 |         return htobe64(rta_getattr_u64(rta));
#23 8.984       |                ^~~~~~~
#23 9.050     CC       iplink_ipvlan.o
#23 9.101     CC       iplink_geneve.o
#23 9.191     CC       iplink_vrf.o
#23 9.237     CC       iproute_lwtunnel.o
#23 9.629     CC       ipmacsec.o
#23 9.872     CC       ipila.o
#23 9.889 In file included from ../include/libgenl.h:5,
#23 9.889                  from ipila.c:18:
#23 9.889 ../include/libnetlink.h: In function 'rta_getattr_be64':
#23 9.889 ../include/libnetlink.h:280:16: warning: implicit declaration of function 'htobe64' [-Wimplicit-function-declaration]
#23 9.889   280 |         return htobe64(rta_getattr_u64(rta));
#23 9.889       |                ^~~~~~~
#23 9.960     CC       ipvrf.o
#23 10.08     CC       iplink_xstats.o
#23 10.11     CC       ipseg6.o
#23 10.17     CC       iplink_netdevsim.o
#23 10.19     CC       iplink_rmnet.o
#23 10.22     CC       ipnexthop.o
#23 10.46     CC       ipmptcp.o
#23 10.58     CC       iplink_bareudp.o
#23 10.59 In file included from iplink_bareudp.c:9:
#23 10.59 ../include/libnetlink.h: In function 'rta_getattr_be64':
#23 10.59 ../include/libnetlink.h:280:16: warning: implicit declaration of function 'htobe64' [-Wimplicit-function-declaration]
#23 10.59   280 |         return htobe64(rta_getattr_u64(rta));
#23 10.59       |                ^~~~~~~
#23 10.63     CC       iplink_wwan.o
#23 10.66     CC       ipioam6.o
#23 10.73     CC       iplink_amt.o
#23 10.79     CC       iplink_batadv.o
#23 10.81     CC       iplink_gtp.o
#23 10.86     CC       iplink_virt_wifi.o
#23 10.88     CC       iplink_netkit.o
#23 10.92     CC       ipstats.o
#23 11.13     LINK     ip
#23 11.16     CC       rtmon.o
#23 11.21     LINK     rtmon
#23 11.22 
#23 11.22 tc
#23 11.22     CC       tc.o
#23 11.30     CC       tc_qdisc.o
#23 11.41     CC       tc_class.o
#23 11.51     CC       tc_filter.o
#23 11.67     CC       tc_util.o
#23 11.84     CC       tc_monitor.o
#23 11.87     CC       tc_exec.o
#23 11.91     CC       m_police.o
#23 11.99     CC       m_estimator.o
#23 12.01     CC       m_action.o
#23 12.16     CC       m_ematch.o
#23 12.29     YACC     emp_ematch.tab.c
#23 12.36     CC       emp_ematch.tab.o
#23 12.46     LEX      emp_ematch.lex.c
#23 12.47     CC       emp_ematch.lex.o
#23 12.63     CC       q_fifo.o
#23 12.66     CC       q_sfq.o
#23 12.73     CC       q_red.o
#23 12.79     CC       q_prio.o
#23 12.84     CC       q_skbprio.o
#23 12.87     CC       q_tbf.o
#23 12.99     CC       q_multiq.o
#23 13.02     CC       q_netem.o
#23 13.22     CC       q_choke.o
#23 13.28     CC       q_sfb.o
#23 13.35     CC       f_u32.o
#23 13.60     CC       f_route.o
#23 13.65     CC       f_fw.o
#23 13.70     CC       f_basic.o
#23 13.74     CC       f_bpf.o
#23 13.83     CC       f_flow.o
#23 13.91     CC       f_cgroup.o
#23 13.95     CC       f_flower.o
#23 13.96 In file included from ../include/uapi/linux/netdevice.h:29,
#23 13.96                  from ../include/uapi/linux/if_arp.h:27,
#23 13.96                  from f_flower.c:14:
#23 13.96 ../include/uapi/linux/if.h:134: warning: "IFF_VOLATILE" redefined
#23 13.96   134 | #define IFF_VOLATILE    (IFF_LOOPBACK|IFF_POINTOPOINT|IFF_BROADCAST|IFF_ECHO|\
#23 13.96       | 
#23 13.96 In file included from f_flower.c:12:
#23 13.96 /usr/include/net/if.h:48: note: this is the location of the previous definition
#23 13.96    48 | #define IFF_VOLATILE (IFF_LOOPBACK|IFF_POINTOPOINT|IFF_BROADCAST| \
#23 13.96       | 
#23 14.46     CC       q_gred.o
#23 14.56     CC       q_ingress.o
#23 14.59     CC       q_hfsc.o
#23 14.68     CC       q_htb.o
#23 14.79     CC       q_drr.o
#23 14.83     CC       q_qfq.o
#23 14.87     CC       m_gact.o
#23 14.91     CC       m_mirred.o
#23 14.99     CC       m_mpls.o
#23 15.05     CC       m_nat.o
#23 15.10     CC       m_pedit.o
#23 15.24     CC       m_ife.o
#23 15.31     CC       m_skbedit.o
#23 15.37     CC       m_skbmod.o
#23 15.43     CC       m_csum.o
#23 15.49     CC       m_simple.o
#23 15.54     CC       m_vlan.o
#23 15.61     CC       m_connmark.o
#23 15.65     CC       m_ctinfo.o
#23 15.70     CC       m_bpf.o
#23 15.75     CC       m_tunnel_key.o
#23 15.87     CC       m_sample.o
#23 15.93     CC       m_ct.o
#23 16.05     CC       m_gate.o
#23 16.14     CC       p_ip.o
#23 16.19     CC       p_ip6.o
#23 16.23     CC       p_icmp.o
#23 16.25     CC       p_eth.o
#23 16.28     CC       p_tcp.o
#23 16.31     CC       p_udp.o
#23 16.34     CC       em_nbyte.o
#23 16.39     CC       em_cmp.o
#23 16.44     CC       em_u32.o
#23 16.49     CC       em_canid.o
#23 16.54     CC       em_meta.o
#23 16.64     CC       q_mqprio.o
#23 16.75     CC       q_codel.o
#23 16.81     CC       q_fq_codel.o
#23 16.89     CC       q_fq.o
#23 17.00     CC       q_pie.o
#23 17.06     CC       q_fq_pie.o
#23 17.14     CC       q_cake.o
#23 17.31     CC       q_hhf.o
#23 17.37     CC       q_clsact.o
#23 17.40     CC       e_bpf.o
#23 17.46     CC       f_matchall.o
#23 17.50     CC       q_cbs.o
#23 17.56     CC       q_etf.o
#23 17.60     CC       q_taprio.o
#23 17.75     CC       q_plug.o
#23 17.78     CC       q_ets.o
#23 17.87     CC       em_ipt.o
#23 17.89 In file included from tc_util.h:7,
#23 17.89                  from m_ematch.h:11,
#23 17.89                  from em_ipt.c:13:
#23 17.89 ../include/uapi/linux/if.h:134: warning: "IFF_VOLATILE" redefined
#23 17.89   134 | #define IFF_VOLATILE    (IFF_LOOPBACK|IFF_POINTOPOINT|IFF_BROADCAST|IFF_ECHO|\
#23 17.89       | 
#23 17.89 In file included from ../include/xtables.h:17,
#23 17.89                  from em_ipt.c:12:
#23 17.89 /usr/include/net/if.h:48: note: this is the location of the previous definition
#23 17.89    48 | #define IFF_VOLATILE (IFF_LOOPBACK|IFF_POINTOPOINT|IFF_BROADCAST| \
#23 17.89       | 
#23 17.91     CC       em_ipset.o
#23 17.93 In file included from tc_util.h:7,
#23 17.93                  from m_ematch.h:11,
#23 17.93                  from em_ipset.c:39:
#23 17.93 ../include/uapi/linux/if.h:134: warning: "IFF_VOLATILE" redefined
#23 17.93   134 | #define IFF_VOLATILE    (IFF_LOOPBACK|IFF_POINTOPOINT|IFF_BROADCAST|IFF_ECHO|\
#23 17.93       | 
#23 17.93 In file included from ../include/xtables.h:17,
#23 17.93                  from em_ipset.c:23:
#23 17.93 /usr/include/net/if.h:48: note: this is the location of the previous definition
#23 17.93    48 | #define IFF_VOLATILE (IFF_LOOPBACK|IFF_POINTOPOINT|IFF_BROADCAST| \
#23 17.93       | 
#23 17.97     CC       tc_core.o
#23 18.03     CC       tc_red.o
#23 18.09     CC       tc_estimator.o
#23 18.12     CC       tc_stab.o
#23 18.18     CC       tc_qevent.o
#23 18.19 In file included from tc_qevent.h:7,
#23 18.19                  from tc_qevent.c:10:
#23 18.19 ../include/libnetlink.h: In function 'rta_getattr_be64':
#23 18.19 ../include/libnetlink.h:280:16: warning: implicit declaration of function 'htobe64' [-Wimplicit-function-declaration]
#23 18.19   280 |         return htobe64(rta_getattr_u64(rta));
#23 18.19       |                ^~~~~~~
#23 18.24     AR       libtc.a
#23 18.25     LINK     tc
#23 18.28 rm emp_ematch.lex.c
#23 18.28 
#23 18.28 bridge
#23 18.28     CC       bridge.o
#23 18.33     CC       fdb.o
#23 18.35 In file included from fdb.c:28:
#23 18.35 ../include/libnetlink.h: In function 'rta_getattr_be64':
#23 18.35 ../include/libnetlink.h:280:16: warning: implicit declaration of function 'htobe64' [-Wimplicit-function-declaration]
#23 18.35   280 |         return htobe64(rta_getattr_u64(rta));
#23 18.35       |                ^~~~~~~
#23 18.53     CC       monitor.o
#23 18.58     CC       link.o
#23 18.59 In file included from link.c:16:
#23 18.59 ../include/libnetlink.h: In function 'rta_getattr_be64':
#23 18.59 ../include/libnetlink.h:280:16: warning: implicit declaration of function 'htobe64' [-Wimplicit-function-declaration]
#23 18.59   280 |         return htobe64(rta_getattr_u64(rta));
#23 18.59       |                ^~~~~~~
#23 18.73     CC       mdb.o
#23 18.74 In file included from mdb.c:20:
#23 18.74 ../include/libnetlink.h: In function 'rta_getattr_be64':
#23 18.74 ../include/libnetlink.h:280:16: warning: implicit declaration of function 'htobe64' [-Wimplicit-function-declaration]
#23 18.74   280 |         return htobe64(rta_getattr_u64(rta));
#23 18.74       |                ^~~~~~~
#23 18.96     CC       vlan.o
#23 18.97 In file included from vlan.c:14:
#23 18.97 ../include/json_print.h:80:30: warning: 'struct timeval' declared inside parameter list will not be visible outside of this definition or declaration
#23 18.97    80 | _PRINT_FUNC(tv, const struct timeval *)
#23 18.97       |                              ^~~~~~~
#23 18.97 ../include/json_print.h:50:37: note: in definition of macro '_PRINT_FUNC'
#23 18.97    50 |                                     type value);                        \
#23 18.97       |                                     ^~~~
#23 18.97 ../include/json_print.h:80:30: warning: 'struct timeval' declared inside parameter list will not be visible outside of this definition or declaration
#23 18.97    80 | _PRINT_FUNC(tv, const struct timeval *)
#23 18.97       |                              ^~~~~~~
#23 18.97 ../include/json_print.h:55:45: note: in definition of macro '_PRINT_FUNC'
#23 18.97    55 |                                             type value)                 \
#23 18.97       |                                             ^~~~
#23 18.97 ../include/json_print.h: In function 'print_tv':
#23 18.97 ../include/json_print.h:58:48: warning: passing argument 5 of 'print_color_tv' from incompatible pointer type [-Wincompatible-pointer-types]
#23 18.97    58 |                                                value);                  \
#23 18.97       |                                                ^~~~~
#23 18.97       |                                                |
#23 18.97       |                                                const struct timeval *
#23 18.97 ../include/json_print.h:80:1: note: in expansion of macro '_PRINT_FUNC'
#23 18.97    80 | _PRINT_FUNC(tv, const struct timeval *)
#23 18.97       | ^~~~~~~~~~~
#23 18.97 ../include/json_print.h:50:42: note: expected 'const struct timeval *' but argument is of type 'const struct timeval *'
#23 18.97    50 |                                     type value);                        \
#23 18.97       |                                          ^
#23 18.97 ../include/json_print.h:80:1: note: in expansion of macro '_PRINT_FUNC'
#23 18.97    80 | _PRINT_FUNC(tv, const struct timeval *)
#23 18.97       | ^~~~~~~~~~~
#23 18.98 In file included from vlan.c:15:
#23 18.98 ../include/libnetlink.h: In function 'rta_getattr_be64':
#23 18.98 ../include/libnetlink.h:280:16: warning: implicit declaration of function 'htobe64' [-Wimplicit-function-declaration]
#23 18.98   280 |         return htobe64(rta_getattr_u64(rta));
#23 18.98       |                ^~~~~~~
#23 19.20     CC       vni.o
#23 19.21 In file included from vni.c:19:
#23 19.21 ../include/json_print.h:80:30: warning: 'struct timeval' declared inside parameter list will not be visible outside of this definition or declaration
#23 19.21    80 | _PRINT_FUNC(tv, const struct timeval *)
#23 19.21       |                              ^~~~~~~
#23 19.21 ../include/json_print.h:50:37: note: in definition of macro '_PRINT_FUNC'
#23 19.21    50 |                                     type value);                        \
#23 19.21       |                                     ^~~~
#23 19.21 ../include/json_print.h:80:30: warning: 'struct timeval' declared inside parameter list will not be visible outside of this definition or declaration
#23 19.21    80 | _PRINT_FUNC(tv, const struct timeval *)
#23 19.21       |                              ^~~~~~~
#23 19.21 ../include/json_print.h:55:45: note: in definition of macro '_PRINT_FUNC'
#23 19.21    55 |                                             type value)                 \
#23 19.21       |                                             ^~~~
#23 19.21 ../include/json_print.h: In function 'print_tv':
#23 19.21 ../include/json_print.h:58:48: warning: passing argument 5 of 'print_color_tv' from incompatible pointer type [-Wincompatible-pointer-types]
#23 19.21    58 |                                                value);                  \
#23 19.21       |                                                ^~~~~
#23 19.21       |                                                |
#23 19.21       |                                                const struct timeval *
#23 19.21 ../include/json_print.h:80:1: note: in expansion of macro '_PRINT_FUNC'
#23 19.21    80 | _PRINT_FUNC(tv, const struct timeval *)
#23 19.21       | ^~~~~~~~~~~
#23 19.21 ../include/json_print.h:50:42: note: expected 'const struct timeval *' but argument is of type 'const struct timeval *'
#23 19.21    50 |                                     type value);                        \
#23 19.21       |                                          ^
#23 19.21 ../include/json_print.h:80:1: note: in expansion of macro '_PRINT_FUNC'
#23 19.21    80 | _PRINT_FUNC(tv, const struct timeval *)
#23 19.21       | ^~~~~~~~~~~
#23 19.21 In file included from vni.c:20:
#23 19.21 ../include/libnetlink.h: In function 'rta_getattr_be64':
#23 19.21 ../include/libnetlink.h:280:16: warning: implicit declaration of function 'htobe64' [-Wimplicit-function-declaration]
#23 19.21   280 |         return htobe64(rta_getattr_u64(rta));
#23 19.21       |                ^~~~~~~
#23 19.28     LINK     bridge
#23 19.30 
#23 19.30 misc
#23 19.30     CC       ss.o
#23 19.32 In file included from ../include/uapi/linux/tipc.h:42,
#23 19.32                  from ss.c:49:
#23 19.32 ../include/uapi/linux/sockios.h:42: warning: "SIOCGSTAMP" redefined
#23 19.32    42 | #define SIOCGSTAMP      SIOCGSTAMP_OLD
#23 19.32       | 
#23 19.32 In file included from /usr/include/sys/ioctl.h:10,
#23 19.32                  from ss.c:12:
#23 19.32 /usr/include/bits/ioctl.h:111: note: this is the location of the previous definition
#23 19.32   111 | #define SIOCGSTAMP      0x8906
#23 19.32       | 
#23 19.32 ../include/uapi/linux/sockios.h:43: warning: "SIOCGSTAMPNS" redefined
#23 19.32    43 | #define SIOCGSTAMPNS    SIOCGSTAMPNS_OLD
#23 19.32       | 
#23 19.32 /usr/include/bits/ioctl.h:112: note: this is the location of the previous definition
#23 19.32   112 | #define SIOCGSTAMPNS    0x8907
#23 19.32       | 
#23 20.19     CC       ssfilter_check.o
#23 20.20 In file included from ssfilter_check.c:6:
#23 20.20 ../include/libnetlink.h: In function 'rta_getattr_be64':
#23 20.20 ../include/libnetlink.h:280:16: warning: implicit declaration of function 'htobe64' [-Wimplicit-function-declaration]
#23 20.20   280 |         return htobe64(rta_getattr_u64(rta));
#23 20.20       |                ^~~~~~~
#23 20.22     YACC     ssfilter.tab.c
#23 20.28     CC       ssfilter.tab.o
#23 20.39     LINK     ss
#23 20.40     CC       nstat
#23 20.41 In file included from nstat.c:20:
#23 20.41 /usr/include/sys/poll.h:1:2: warning: #warning redirecting incorrect #include <sys/poll.h> to <poll.h> [-Wcpp]
#23 20.41     1 | #warning redirecting incorrect #include <sys/poll.h> to <poll.h>
#23 20.41       |  ^~~~~~~
#23 20.54     CC       ifstat
#23 20.55 In file included from ifstat.c:20:
#23 20.55 /usr/include/sys/poll.h:1:2: warning: #warning redirecting incorrect #include <sys/poll.h> to <poll.h> [-Wcpp]
#23 20.55     1 | #warning redirecting incorrect #include <sys/poll.h> to <poll.h>
#23 20.55       |  ^~~~~~~
#23 20.56 In file included from ifstat.c:30:
#23 20.56 ../include/libnetlink.h: In function 'rta_getattr_be64':
#23 20.56 ../include/libnetlink.h:280:16: warning: implicit declaration of function 'htobe64' [-Wimplicit-function-declaration]
#23 20.56   280 |         return htobe64(rta_getattr_u64(rta));
#23 20.56       |                ^~~~~~~
#23 20.72     CC       rtacct
#23 20.73 In file included from rtacct.c:19:
#23 20.73 /usr/include/sys/poll.h:1:2: warning: #warning redirecting incorrect #include <sys/poll.h> to <poll.h> [-Wcpp]
#23 20.73     1 | #warning redirecting incorrect #include <sys/poll.h> to <poll.h>
#23 20.73       |  ^~~~~~~
#23 20.85     CC       lnstat.o
#23 20.94     CC       lnstat_util.o
#23 21.00     LINK     lnstat
#23 21.01 
#23 21.01 netem
#23 21.01 gcc  -I../include -o maketable maketable.c -lm
#23 21.04 gcc  -I../include -o normal normal.c -lm
#23 21.07 gcc  -I../include -o pareto pareto.c -lm
#23 21.09 gcc  -I../include -o paretonormal paretonormal.c -lm
#23 21.12 ./normal > normal.dist
#23 21.13 ./pareto > pareto.dist
#23 21.13 ./paretonormal > paretonormal.dist
#23 21.14 ./maketable experimental.dat > experimental.dist
#23 21.14 
#23 21.14 genl
#23 21.14     CC       genl.o
#23 21.18     CC       ctrl.o
#23 21.25     LINK     genl
#23 21.26 
#23 21.26 man
#23 21.26 make[2]: Nothing to be done for 'all'.
#23 21.26 make[2]: Nothing to be done for 'all'.
#23 21.27 sed \
#23 21.27 	-e "s|@NETNS_ETC_DIR@|/etc/netns|g" \
#23 21.27 	-e "s|@NETNS_RUN_DIR@|/var/run/netns|g" \
#23 21.27 	-e "s|@SYSCONF_ETC_DIR@|/etc/iproute2|g" \
#23 21.27 	-e "s|@SYSCONF_USR_DIR@|/usr/share/iproute2|g" \
#23 21.27 	ip-address.8.in > ip-address.8
#23 21.27 sed \
#23 21.27 	-e "s|@NETNS_ETC_DIR@|/etc/netns|g" \
#23 21.27 	-e "s|@NETNS_RUN_DIR@|/var/run/netns|g" \
#23 21.27 	-e "s|@SYSCONF_ETC_DIR@|/etc/iproute2|g" \
#23 21.27 	-e "s|@SYSCONF_USR_DIR@|/usr/share/iproute2|g" \
#23 21.27 	ip-link.8.in > ip-link.8
#23 21.27 sed \
#23 21.27 	-e "s|@NETNS_ETC_DIR@|/etc/netns|g" \
#23 21.27 	-e "s|@NETNS_RUN_DIR@|/var/run/netns|g" \
#23 21.27 	-e "s|@SYSCONF_ETC_DIR@|/etc/iproute2|g" \
#23 21.27 	-e "s|@SYSCONF_USR_DIR@|/usr/share/iproute2|g" \
#23 21.27 	ip-netns.8.in > ip-netns.8
#23 21.28 sed \
#23 21.28 	-e "s|@NETNS_ETC_DIR@|/etc/netns|g" \
#23 21.28 	-e "s|@NETNS_RUN_DIR@|/var/run/netns|g" \
#23 21.28 	-e "s|@SYSCONF_ETC_DIR@|/etc/iproute2|g" \
#23 21.28 	-e "s|@SYSCONF_USR_DIR@|/usr/share/iproute2|g" \
#23 21.28 	ip-route.8.in > ip-route.8
#23 21.28 
#23 21.28 tipc
#23 21.28     CC       bearer.o
#23 21.46     CC       cmdl.o
#23 21.50     CC       link.o
#23 21.69     CC       media.o
#23 21.74     CC       misc.o
#23 21.79     CC       msg.o
#23 21.81     CC       nametable.o
#23 21.85     CC       node.o
#23 21.93     CC       socket.o
#23 21.96     CC       peer.o
#23 22.00     CC       tipc.o
#23 22.03     LINK     tipc
#23 22.05 
#23 22.05 devlink
#23 22.05     CC       devlink.o
#23 23.77     CC       mnlg.o
#23 23.79 In file included from mnlg.c:16:
#23 23.79 ../include/libnetlink.h: In function 'rta_getattr_be64':
#23 23.79 ../include/libnetlink.h:280:16: warning: implicit declaration of function 'htobe64' [-Wimplicit-function-declaration]
#23 23.79   280 |         return htobe64(rta_getattr_u64(rta));
#23 23.79       |                ^~~~~~~
#23 23.82     LINK     devlink
#23 23.83 
#23 23.83 rdma
#23 23.83     CC       rdma.o
#23 23.85 rdma.c: In function 'main':
#23 23.85 rdma.c:110:20: warning: implicit declaration of function 'basename'; did you mean 'rename'? [-Wimplicit-function-declaration]
#23 23.85   110 |         filename = basename(argv[0]);
#23 23.85       |                    ^~~~~~~~
#23 23.85       |                    rename
#23 23.85 rdma.c:110:18: warning: assignment to 'char *' from 'int' makes pointer from integer without a cast [-Wint-conversion]
#23 23.85   110 |         filename = basename(argv[0]);
#23 23.85       |                  ^
#23 23.88     CC       utils.o
#23 24.06     CC       dev.o
#23 24.13     CC       link.o
#23 24.20     CC       res.o
#23 24.31     CC       res-pd.o
#23 24.35     CC       res-mr.o
#23 24.39     CC       res-cq.o
#23 24.44     CC       res-cmid.o
#23 24.50     CC       res-qp.o
#23 24.55     CC       sys.o
#23 24.60     CC       stat.o
#23 24.83     CC       stat-mr.o
#23 24.87     CC       res-ctx.o
#23 24.91     CC       res-srq.o
#23 24.99     LINK     rdma
#23 25.00 
#23 25.00 dcb
#23 25.00     CC       dcb.o
#23 25.02 In file included from ../include/namespace.h:10,
#23 25.02                  from dcb.c:11:
#23 25.02 ../include/libnetlink.h: In function 'rta_getattr_be64':
#23 25.02 ../include/libnetlink.h:280:16: warning: implicit declaration of function 'htobe64' [-Wimplicit-function-declaration]
#23 25.02   280 |         return htobe64(rta_getattr_u64(rta));
#23 25.02       |                ^~~~~~~
#23 25.14     CC       dcb_app.o
#23 25.34     CC       dcb_buffer.o
#23 25.40     CC       dcb_dcbx.o
#23 25.44     CC       dcb_ets.o
#23 25.52     CC       dcb_maxrate.o
#23 25.57     CC       dcb_pfc.o
#23 25.63     CC       dcb_apptrust.o
#23 25.69     CC       dcb_rewr.o
#23 25.77     LINK     dcb
#23 25.78 
#23 25.78 vdpa
#23 25.79     CC       vdpa.o
#23 25.80 In file included from vdpa.c:19:
#23 25.80 ../include/json_print.h:80:30: warning: 'struct timeval' declared inside parameter list will not be visible outside of this definition or declaration
#23 25.80    80 | _PRINT_FUNC(tv, const struct timeval *)
#23 25.80       |                              ^~~~~~~
#23 25.80 ../include/json_print.h:50:37: note: in definition of macro '_PRINT_FUNC'
#23 25.80    50 |                                     type value);                        \
#23 25.80       |                                     ^~~~
#23 25.80 ../include/json_print.h:80:30: warning: 'struct timeval' declared inside parameter list will not be visible outside of this definition or declaration
#23 25.80    80 | _PRINT_FUNC(tv, const struct timeval *)
#23 25.80       |                              ^~~~~~~
#23 25.80 ../include/json_print.h:55:45: note: in definition of macro '_PRINT_FUNC'
#23 25.80    55 |                                             type value)                 \
#23 25.80       |                                             ^~~~
#23 25.80 ../include/json_print.h: In function 'print_tv':
#23 25.80 ../include/json_print.h:58:48: warning: passing argument 5 of 'print_color_tv' from incompatible pointer type [-Wincompatible-pointer-types]
#23 25.80    58 |                                                value);                  \
#23 25.80       |                                                ^~~~~
#23 25.80       |                                                |
#23 25.80       |                                                const struct timeval *
#23 25.80 ../include/json_print.h:80:1: note: in expansion of macro '_PRINT_FUNC'
#23 25.80    80 | _PRINT_FUNC(tv, const struct timeval *)
#23 25.80       | ^~~~~~~~~~~
#23 25.80 ../include/json_print.h:50:42: note: expected 'const struct timeval *' but argument is of type 'const struct timeval *'
#23 25.80    50 |                                     type value);                        \
#23 25.80       |                                          ^
#23 25.80 ../include/json_print.h:80:1: note: in expansion of macro '_PRINT_FUNC'
#23 25.80    80 | _PRINT_FUNC(tv, const struct timeval *)
#23 25.80       | ^~~~~~~~~~~
#23 25.97     LINK     vdpa
#23 DONE 26.0s

#24 [20/22] RUN git clone --no-single-branch --depth=1 https://github.com/linux-netdev/testing.git /nipa-data/kernel
#24 0.417 Cloning into '/nipa-data/kernel'...
#24 18.92 Updating files:  17% (14608/83283)Updating files:  18% (14991/83283)Updating files:  19% (15824/83283)Updating files:  20% (16657/83283)Updating files:  21% (17490/83283)Updating files:  22% (18323/83283)Updating files:  23% (19156/83283)Updating files:  24% (19988/83283)Updating files:  25% (20821/83283)Updating files:  26% (21654/83283)Updating files:  27% (22487/83283)Updating files:  28% (23320/83283)Updating files:  29% (24153/83283)Updating files:  30% (24985/83283)Updating files:  31% (25818/83283)Updating files:  32% (26651/83283)Updating files:  33% (27484/83283)Updating files:  34% (28317/83283)Updating files:  35% (29150/83283)Updating files:  35% (29948/83283)Updating files:  36% (29982/83283)Updating files:  37% (30815/83283)Updating files:  38% (31648/83283)Updating files:  39% (32481/83283)Updating files:  40% (33314/83283)Updating files:  40% (33619/83283)Updating files:  41% (34147/83283)Updating files:  42% (34979/83283)Updating files:  43% (35812/83283)Updating files:  44% (36645/83283)Updating files:  45% (37478/83283)Updating files:  46% (38311/83283)Updating files:  47% (39144/83283)Updating files:  48% (39976/83283)Updating files:  49% (40809/83283)Updating files:  50% (41642/83283)Updating files:  51% (42475/83283)Updating files:  52% (43308/83283)Updating files:  52% (43987/83283)Updating files:  53% (44140/83283)Updating files:  54% (44973/83283)Updating files:  55% (45806/83283)Updating files:  56% (46639/83283)Updating files:  57% (47472/83283)Updating files:  58% (48305/83283)Updating files:  59% (49137/83283)Updating files:  60% (49970/83283)Updating files:  61% (50803/83283)Updating files:  62% (51636/83283)Updating files:  63% (52469/83283)Updating files:  64% (53302/83283)Updating files:  65% (54134/83283)Updating files:  66% (54967/83283)Updating files:  66% (55279/83283)Updating files:  67% (55800/83283)Updating files:  68% (56633/83283)Updating files:  69% (57466/83283)Updating files:  70% (58299/83283)Updating files:  71% (59131/83283)Updating files:  72% (59964/83283)Updating files:  73% (60797/83283)Updating files:  74% (61630/83283)Updating files:  75% (62463/83283)Updating files:  76% (63296/83283)Updating files:  77% (64128/83283)Updating files:  78% (64961/83283)Updating files:  79% (65794/83283)Updating files:  80% (66627/83283)Updating files:  81% (67460/83283)Updating files:  82% (68293/83283)Updating files:  83% (69125/83283)Updating files:  84% (69958/83283)Updating files:  84% (70379/83283)Updating files:  85% (70791/83283)Updating files:  86% (71624/83283)Updating files:  87% (72457/83283)Updating files:  88% (73290/83283)Updating files:  89% (74122/83283)Updating files:  90% (74955/83283)Updating files:  91% (75788/83283)Updating files:  92% (76621/83283)Updating files:  93% (77454/83283)Updating files:  94% (78287/83283)Updating files:  95% (79119/83283)Updating files:  96% (79952/83283)Updating files:  97% (80785/83283)Updating files:  98% (81618/83283)Updating files:  99% (82451/83283)Updating files: 100% (83283/83283)Updating files: 100% (83283/83283), done.
#24 DONE 27.9s

#25 [21/22] RUN git clone --depth=1 -b main https://github.com/p4tc-dev/new-nipa.git nipa
#25 0.697 Cloning into 'nipa'...
#25 DONE 1.7s

#26 [22/22] COPY entrypoint.sh /entrypoint.sh
#26 DONE 0.5s

#27 exporting to image
#27 exporting layers
#27 exporting layers 7.7s done
#27 writing image sha256:25931018b3e3b9201b3e4c6b428d9d4eec1a658b0a75737f5a3d03a641742658 0.0s done
#27 naming to docker.io/library/nipa-executor 0.0s done
#27 DONE 7.7s
NIPA version: 1b9c21a (ui: set canvas background color to stand out, 2024-03-28)
INFO: Last run date: 2024-04-25 12:00:16.475849+00:00
Testing  {'branch': 'net-next-2024-04-25--15-00', 'date': '2024-04-25T15:00:08.408713+00:00', 'base': 'ee02a448baeaf947a9d2c5642f3824aa3e05f377', 'url': 'https://github.com/linux-netdev/testing.git net-next-2024-04-25--15-00'}
Updating files:  43% (6513/15003)Updating files:  44% (6602/15003)Updating files:  45% (6752/15003)Updating files:  46% (6902/15003)Updating files:  47% (7052/15003)Updating files:  48% (7202/15003)Updating files:  49% (7352/15003)Updating files:  50% (7502/15003)Updating files:  51% (7652/15003)Updating files:  52% (7802/15003)Updating files:  53% (7952/15003)Updating files:  54% (8102/15003)Updating files:  55% (8252/15003)Updating files:  56% (8402/15003)Updating files:  57% (8552/15003)Updating files:  58% (8702/15003)Updating files:  59% (8852/15003)Updating files:  60% (9002/15003)Updating files:  61% (9152/15003)Updating files:  62% (9302/15003)Updating files:  63% (9452/15003)Updating files:  64% (9602/15003)Updating files:  65% (9752/15003)Updating files:  66% (9902/15003)Updating files:  67% (10053/15003)Updating files:  68% (10203/15003)Updating files:  69% (10353/15003)Updating files:  70% (10503/15003)Updating files:  71% (10653/15003)Updating files:  72% (10803/15003)Updating files:  73% (10953/15003)Updating files:  74% (11103/15003)Updating files:  75% (11253/15003)Updating files:  76% (11403/15003)Updating files:  77% (11553/15003)Updating files:  78% (11703/15003)Updating files:  79% (11853/15003)Updating files:  80% (12003/15003)Updating files:  81% (12153/15003)Updating files:  82% (12303/15003)Updating files:  83% (12453/15003)Updating files:  84% (12603/15003)Updating files:  84% (12657/15003)Updating files:  85% (12753/15003)Updating files:  86% (12903/15003)Updating files:  87% (13053/15003)Updating files:  88% (13203/15003)Updating files:  89% (13353/15003)Updating files:  90% (13503/15003)Updating files:  91% (13653/15003)Updating files:  92% (13803/15003)Updating files:  93% (13953/15003)Updating files:  94% (14103/15003)Updating files:  95% (14253/15003)Updating files:  96% (14403/15003)Updating files:  97% (14553/15003)Updating files:  98% (14703/15003)Updating files:  99% (14853/15003)Updating files: 100% (15003/15003)Updating files: 100% (15003/15003), done.
branch 'net-next-2024-04-25--15-00' set up to track 'origin/net-next-2024-04-25--15-00'.
Switched to a new branch 'net-next-2024-04-25--15-00'
error: No valid patches in input (allow with "--allow-empty")
Checking patch tools/testing/selftests/tc-testing/tdc_config.py...
Applied patch tools/testing/selftests/tc-testing/tdc_config.py cleanly.
Run at 2024-04-25 15:03:38.855759
INFO: building kernel
INFO: starting VM 0
INFO: thr0-0 VM starting: vng -v -r arch/x86/boot/bzImage --user root --rwdir=/nipa-data/kernel/
INFO: thr0-0 expecting prompt: '/nipa-data/kernel# '
INFO: thr0-0 reached initial prompt
INFO: thr-0 testing == tdc.sh
INFO: thr-0 tdc.sh >> retcode: 0 result: pass found {'fail': False, 'skip': False, 'pass': True}
INFO: thr-0 has no more work, exiting
INFO: thr0-0 VM stopped
Done at 2024-04-25 15:07:05.145731
NIPA quitting!
/
~/nipa/tc-executor/tc-executor-storage /
sort: write failed: 'standard output': Broken pipe
sort: write error
