~/nipa/tc-executor/tc-executor-storage /
Switched to branch 'storage'
Your branch is ahead of 'origin/storage' by 234 commits.
  (use "git push" to publish your local commits)
/
~/nipa/tc-executor /
Error response from daemon: No such image: nipa-executor:latest
#0 building with "default" instance using docker driver

#1 [internal] load .dockerignore
#1 transferring context: 2B done
#1 DONE 0.0s

#2 [internal] load build definition from Dockerfile
#2 transferring dockerfile: 2.03kB done
#2 DONE 0.0s

#3 [internal] load metadata for docker.io/library/alpine:edge
#3 DONE 0.0s

#4 [ 1/22] FROM docker.io/library/alpine:edge
#4 CACHED

#5 [internal] load build context
#5 transferring context: 3.02kB done
#5 DONE 0.0s

#6 [ 2/22] RUN echo false > debug-mode
#6 DONE 0.5s

#7 [ 3/22] RUN addgroup -g 1001 hostuser
#7 DONE 0.3s

#8 [ 4/22] RUN adduser -u 1001 -G hostuser -H -D -s /bin/ash hostuser
#8 DONE 0.3s

#9 [ 5/22] RUN echo '@testing http://dl-cdn.alpinelinux.org/alpine/edge/testing' >> /etc/apk/repositories
#9 DONE 0.4s

#10 [ 6/22] RUN echo '@community http://dl-cdn.alpinelinux.org/alpine/edge/community' >> /etc/apk/repositories
#10 DONE 0.4s

#11 [ 7/22] RUN apk update && apk add --no-cache    virtme-ng@testing    git    py3-requests    py3-psutil    py3-setuptools    py3-pyroute2    py3-argcomplete    qemu-system-x86_64@community    scapy@community    make    gcc    musl-dev    flex    bison    linux-headers    elfutils-dev    util-linux    coreutils    diffutils    findutils    file    bash    kmod    perl    iptables-dev    libcap-dev    libmnl-dev    iproute2     jq    libbpf-dev    rsync
#11 0.371 fetch https://dl-cdn.alpinelinux.org/alpine/edge/main/x86_64/APKINDEX.tar.gz
#11 0.536 fetch https://dl-cdn.alpinelinux.org/alpine/edge/community/x86_64/APKINDEX.tar.gz
#11 0.705 fetch http://dl-cdn.alpinelinux.org/alpine/edge/testing/x86_64/APKINDEX.tar.gz
#11 0.834 fetch http://dl-cdn.alpinelinux.org/alpine/edge/community/x86_64/APKINDEX.tar.gz
#11 0.997 v20231219-5490-g78695e86018 [https://dl-cdn.alpinelinux.org/alpine/edge/main]
#11 0.997 v20231219-5494-g5ab4458e3ae [https://dl-cdn.alpinelinux.org/alpine/edge/community]
#11 0.997 v20231219-5278-ga41a09791b2 [http://dl-cdn.alpinelinux.org/alpine/edge/testing]
#11 0.997 v20231219-5494-g5ab4458e3ae [http://dl-cdn.alpinelinux.org/alpine/edge/community]
#11 0.997 OK: 30685 distinct packages available
#11 1.041 fetch https://dl-cdn.alpinelinux.org/alpine/edge/main/x86_64/APKINDEX.tar.gz
#11 1.101 fetch https://dl-cdn.alpinelinux.org/alpine/edge/community/x86_64/APKINDEX.tar.gz
#11 1.170 fetch http://dl-cdn.alpinelinux.org/alpine/edge/testing/x86_64/APKINDEX.tar.gz
#11 1.218 fetch http://dl-cdn.alpinelinux.org/alpine/edge/community/x86_64/APKINDEX.tar.gz
#11 1.358 (1/175) Upgrading musl (1.2.4_git20230717-r5 -> 1.2.5-r0)
#11 1.387 (2/175) Upgrading zlib (1.3-r2 -> 1.3.1-r0)
#11 1.394 (3/175) Installing ncurses-terminfo-base (6.4_p20231125-r0)
#11 1.414 (4/175) Installing libncursesw (6.4_p20231125-r0)
#11 1.425 (5/175) Installing readline (8.2.10-r0)
#11 1.434 (6/175) Installing bash (5.2.26-r0)
#11 1.449 Executing bash-5.2.26-r0.post-install
#11 1.452 (7/175) Installing m4 (1.4.19-r3)
#11 1.461 (8/175) Installing bison (3.8.2-r1)
#11 1.475 (9/175) Installing coreutils-env (9.4-r2)
#11 1.482 (10/175) Installing coreutils-fmt (9.4-r2)
#11 1.488 (11/175) Installing coreutils-sha512sum (9.4-r2)
#11 1.495 (12/175) Installing libacl (2.3.2-r0)
#11 1.501 (13/175) Installing libattr (2.5.2-r0)
#11 1.510 (14/175) Installing skalibs (2.14.1.1-r0)
#11 1.518 (15/175) Installing utmps-libs (0.1.2.2-r0)
#11 1.524 (16/175) Installing coreutils (9.4-r2)
#11 1.548 (17/175) Installing diffutils (3.10-r0)
#11 1.557 (18/175) Installing zstd-libs (1.5.5-r8)
#11 1.575 (19/175) Installing libelf (0.191-r0)
#11 1.582 (20/175) Installing libbz2 (1.0.8-r6)
#11 1.588 (21/175) Installing musl-fts (1.2.7-r6)
#11 1.611 (22/175) Installing xz-libs (5.6.1-r1)
#11 1.620 (23/175) Installing libdw (0.191-r0)
#11 1.635 (24/175) Installing libasm (0.191-r0)
#11 1.641 (25/175) Installing xz (5.6.1-r1)
#11 1.648 (26/175) Installing pkgconf (2.1.1-r0)
#11 1.664 (27/175) Installing xz-dev (5.6.1-r1)
#11 1.672 (28/175) Installing libgcc (13.2.1_git20240309-r0)
#11 1.679 (29/175) Installing libstdc++ (13.2.1_git20240309-r0)
#11 1.707 (30/175) Installing zstd (1.5.5-r8)
#11 1.715 (31/175) Installing zstd-dev (1.5.5-r8)
#11 1.723 (32/175) Installing zlib-dev (1.3.1-r0)
#11 1.730 (33/175) Installing elfutils-dev (0.191-r0)
#11 1.754 (34/175) Installing libmagic (5.45-r1)
#11 1.780 (35/175) Installing file (5.45-r1)
#11 1.790 (36/175) Installing findutils (4.9.0-r5)
#11 1.815 (37/175) Installing flex (2.6.4-r6)
#11 1.824 (38/175) Installing jansson (2.14-r4)
#11 1.832 (39/175) Installing binutils (2.42-r0)
#11 1.956 (40/175) Installing libgomp (13.2.1_git20240309-r0)
#11 1.971 (41/175) Installing libatomic (13.2.1_git20240309-r0)
#11 1.977 (42/175) Installing gmp (6.3.0-r0)
#11 2.000 (43/175) Installing isl26 (0.26-r1)
#11 2.056 (44/175) Installing mpfr4 (4.2.1-r0)
#11 2.084 (45/175) Installing mpc1 (1.3.1-r1)
#11 2.092 (46/175) Installing gcc (13.2.1_git20240309-r0)
#11 3.247 (47/175) Installing ca-certificates (20240226-r0)
#11 3.264 (48/175) Installing brotli-libs (1.1.0-r1)
#11 3.276 (49/175) Installing c-ares (1.26.0-r0)
#11 3.285 (50/175) Installing libunistring (1.2-r0)
#11 3.301 (51/175) Installing libidn2 (2.3.7-r0)
#11 3.311 (52/175) Installing nghttp2-libs (1.59.0-r0)
#11 3.319 (53/175) Installing libpsl (0.21.5-r1)
#11 3.327 (54/175) Installing libcurl (8.6.0-r0)
#11 3.337 (55/175) Installing libexpat (2.6.1-r0)
#11 3.345 (56/175) Installing pcre2 (10.43-r0)
#11 3.356 (57/175) Installing git (2.44.0-r0)
#11 3.398 (58/175) Installing git-init-template (2.44.0-r0)
#11 3.411 (59/175) Installing libcap2 (2.69-r1)
#11 3.419 (60/175) Installing libmnl (1.0.5-r2)
#11 3.425 (61/175) Installing iproute2-minimal (6.8.0-r0)
#11 3.436 (62/175) Installing libxtables (1.8.10-r3)
#11 3.454 (63/175) Installing iproute2-tc (6.8.0-r0)
#11 3.472 (64/175) Installing iproute2-ss (6.8.0-r0)
#11 3.478 (65/175) Installing iproute2 (6.8.0-r0)
#11 3.488 Executing iproute2-6.8.0-r0.post-install
#11 3.491 (66/175) Installing linux-headers (6.6-r0)
#11 3.563 (67/175) Installing libip4tc (1.8.10-r3)
#11 3.570 (68/175) Installing libip6tc (1.8.10-r3)
#11 3.581 (69/175) Installing libipq (1.8.10-r3)
#11 3.593 (70/175) Installing iptables-dev (1.8.10-r3)
#11 3.606 (71/175) Installing oniguruma (6.9.9-r0)
#11 3.616 (72/175) Installing jq (1.7.1-r0)
#11 3.629 (73/175) Installing kmod (31-r4)
#11 3.641 (74/175) Installing libbpf (1.3.0-r0)
#11 3.660 (75/175) Installing libbpf-dev (1.3.0-r0)
#11 3.681 (76/175) Installing libcap-dev (2.69-r1)
#11 3.688 (77/175) Installing libmnl-dev (1.0.5-r2)
#11 3.701 (78/175) Installing make (4.4.1-r2)
#11 3.709 (79/175) Installing musl-dev (1.2.5-r0)
#11 3.768 (80/175) Installing perl (5.38.2-r0)
#11 3.956 (81/175) Installing perl-error (0.17029-r2)
#11 3.970 (82/175) Installing perl-git (2.44.0-r0)
#11 3.978 (83/175) Installing git-perl (2.44.0-r0)
#11 3.984 (84/175) Installing libffi (3.4.6-r0)
#11 3.992 (85/175) Installing gdbm (1.23-r1)
#11 3.999 (86/175) Installing mpdecimal (4.0.0-r0)
#11 4.007 (87/175) Installing libpanelw (6.4_p20231125-r0)
#11 4.013 (88/175) Installing sqlite-libs (3.45.1-r0)
#11 4.029 (89/175) Installing python3 (3.11.8-r0)
#11 4.153 (90/175) Installing python3-pycache-pyc0 (3.11.8-r0)
#11 4.235 (91/175) Installing pyc (3.11.8-r0)
#11 4.240 (92/175) Installing py3-argcomplete-pyc (3.2.2-r0)
#11 4.258 (93/175) Installing python3-pyc (3.11.8-r0)
#11 4.265 (94/175) Installing py3-argcomplete (3.2.2-r0)
#11 4.273 (95/175) Installing py3-psutil (5.9.8-r0)
#11 4.282 (96/175) Installing py3-psutil-pyc (5.9.8-r0)
#11 4.293 (97/175) Installing py3-pyroute2 (0.7.12-r0)
#11 4.316 (98/175) Installing py3-pyroute2-pyc (0.7.12-r0)
#11 4.343 (99/175) Installing py3-certifi (2023.11.17-r0)
#11 4.349 (100/175) Installing py3-certifi-pyc (2023.11.17-r0)
#11 4.356 (101/175) Installing py3-charset-normalizer (3.3.2-r0)
#11 4.366 (102/175) Installing py3-charset-normalizer-pyc (3.3.2-r0)
#11 4.374 (103/175) Installing py3-idna (3.6-r0)
#11 4.382 (104/175) Installing py3-idna-pyc (3.6-r0)
#11 4.390 (105/175) Installing py3-urllib3 (1.26.18-r0)
#11 4.401 (106/175) Installing py3-urllib3-pyc (1.26.18-r0)
#11 4.425 (107/175) Installing py3-requests (2.31.0-r1)
#11 4.433 (108/175) Installing py3-requests-pyc (2.31.0-r1)
#11 4.442 (109/175) Installing py3-parsing (3.1.2-r0)
#11 4.501 (110/175) Installing py3-parsing-pyc (3.1.2-r0)
#11 4.511 (111/175) Installing py3-packaging (23.2-r0)
#11 4.521 (112/175) Installing py3-packaging-pyc (23.2-r0)
#11 4.530 (113/175) Installing py3-setuptools (69.1.1-r0)
#11 4.558 (114/175) Installing py3-setuptools-pyc (69.1.1-r0)
#11 4.591 (115/175) Installing libcap-ng (0.8.4-r0)
#11 4.598 (116/175) Installing libintl (0.22.4-r0)
#11 4.604 (117/175) Installing libblkid (2.39.3-r0)
#11 4.633 (118/175) Installing libmount (2.39.3-r0)
#11 4.641 (119/175) Installing glib (2.78.4-r0)
#11 4.676 (120/175) Installing numactl (2.0.18-r0)
#11 4.687 (121/175) Installing qemu (8.2.1-r0)
#11 4.699 Executing qemu-8.2.1-r0.pre-install
#11 4.775 Executing qemu-8.2.1-r0.post-install
#11 4.778 *
#11 4.778 * If you want to run VM as unprivileged user and let Qemu create tunX devices,
#11 4.778 * then you must add that user to the group "qemu".
#11 4.778 * If you use KVM for hardware-assisted virtualization, then you may also need
#11 4.778 * to add that user to the group "kvm".
#11 4.778 *
#11 4.779 (122/175) Installing qemu-bridge-helper (8.2.1-r0)
#11 4.800 (123/175) Installing libaio (0.3.113-r2)
#11 4.806 (124/175) Installing capstone (5.0.1-r2)
#11 4.834 (125/175) Installing py3-capstone (5.0.1-r2)
#11 4.861 (126/175) Installing py3-capstone-pyc (5.0.1-r2)
#11 4.876 (127/175) Installing nettle (3.9.1-r0)
#11 4.889 (128/175) Installing libtasn1 (4.19.0-r2)
#11 4.898 (129/175) Installing p11-kit (0.25.3-r0)
#11 4.910 (130/175) Installing gnutls (3.8.3-r0)
#11 4.930 (131/175) Installing libjpeg-turbo (3.0.2-r0)
#11 4.940 (132/175) Installing lzo (2.10-r5)
#11 4.951 (133/175) Installing pixman (0.43.2-r0)
#11 4.962 (134/175) Installing libpng (1.6.43-r0)
#11 4.974 (135/175) Installing libsasl (2.1.28-r6)
#11 4.982 (136/175) Installing libseccomp (2.5.5-r0)
#11 4.993 (137/175) Installing libslirp (4.7.0-r0)
#11 5.001 (138/175) Installing snappy (1.1.10-r2)
#11 5.008 (139/175) Installing liburing (2.5-r1)
#11 5.016 (140/175) Installing vde2-libs (2.3.3-r1)
#11 5.041 (141/175) Installing qemu-system-x86_64 (8.2.1-r0)
#11 5.177 (142/175) Installing lz4-libs (1.9.4-r5)
#11 5.210 (143/175) Installing popt (1.19-r3)
#11 5.216 (144/175) Installing libxxhash (0.8.2-r2)
#11 5.229 (145/175) Installing rsync (3.2.7-r4)
#11 5.239 (146/175) Installing scapy (2.5.0-r1)
#11 5.323 Executing scapy-2.5.0-r1.post-install
#11 5.325 *
#11 5.325 * Certain optional features of scapy also depend on the following packages:
#11 5.325 *     py3-matplotlib graphviz imagemagick py3-cryptography sox
#11 5.325 * And the following unpackaged dependencies:
#11 5.325 *     pyxi vpython-jupyter nmap<v4.23
#11 5.325 * More information can be found at https://scapy.readthedocs.io/en/latest/installation.html#optional-dependencies
#11 5.325 *
#11 5.325 (147/175) Installing scapy-pyc (2.5.0-r1)
#11 5.377 (148/175) Installing util-linux (2.39.3-r0)
#11 5.382 (149/175) Installing setarch (2.39.3-r0)
#11 5.389 (150/175) Installing libuuid (2.39.3-r0)
#11 5.395 (151/175) Installing libfdisk (2.39.3-r0)
#11 5.406 (152/175) Installing libsmartcols (2.39.3-r0)
#11 5.412 (153/175) Installing util-linux-misc (2.39.3-r0)
#11 5.432 (154/175) Installing libeconf (0.6.2-r0)
#11 5.438 (155/175) Installing linux-pam (1.5.3-r8)
#11 5.451 (156/175) Installing runuser (2.39.3-r0)
#11 5.458 (157/175) Installing mount (2.39.3-r0)
#11 5.464 (158/175) Installing losetup (2.39.3-r0)
#11 5.470 (159/175) Installing hexdump (2.39.3-r0)
#11 5.476 (160/175) Installing uuidgen (2.39.3-r0)
#11 5.490 (161/175) Installing blkid (2.39.3-r0)
#11 5.499 (162/175) Installing sfdisk (2.39.3-r0)
#11 5.505 (163/175) Installing mcookie (2.39.3-r0)
#11 5.515 (164/175) Installing agetty (2.39.3-r0)
#11 5.522 (165/175) Installing wipefs (2.39.3-r0)
#11 5.529 (166/175) Installing cfdisk (2.39.3-r0)
#11 5.535 (167/175) Installing umount (2.39.3-r0)
#11 5.542 (168/175) Installing flock (2.39.3-r0)
#11 5.548 (169/175) Installing lsblk (2.39.3-r0)
#11 5.554 (170/175) Installing setpriv (2.39.3-r0)
#11 5.560 (171/175) Installing logger (2.39.3-r0)
#11 5.566 (172/175) Installing partx (2.39.3-r0)
#11 5.572 (173/175) Installing fstrim (2.39.3-r0)
#11 5.591 (174/175) Installing findmnt (2.39.3-r0)
#11 5.597 (175/175) Installing virtme-ng@testing (1.22-r0)
#11 5.626 Executing busybox-1.36.1-r17.trigger
#11 5.631 Executing ca-certificates-20240226-r0.trigger
#11 5.653 Executing glib-2.78.4-r0.trigger
#11 5.660 OK: 385 MiB in 188 packages
#11 DONE 6.0s

#12 [ 8/22] RUN mkdir -p /tmp/kernel-patches &&     mkdir -p /tmp/iproute2-patches
#12 DONE 0.3s

#13 [ 9/22] COPY tdc.config /tmp
#13 DONE 0.0s

#14 [10/22] COPY tdc-debug.config /tmp
#14 DONE 0.1s

#15 [11/22] COPY kernel-patches /tmp/kernel-patches/
#15 DONE 0.0s

#16 [12/22] COPY iproute2-patches /tmp/iproute2-patches/
#16 DONE 0.0s

#17 [13/22] COPY configs /tmp/configs/
#17 DONE 0.0s

#18 [14/22] RUN git config --global user.email foo@bar.com
#18 DONE 0.3s

#19 [15/22] RUN git config --global user.name foo@bar.com
#19 DONE 0.4s

#20 [16/22] RUN git clone https://git.kernel.org/pub/scm/network/iproute2/iproute2-next.git /nipa-data/iproute2
#20 0.348 Cloning into '/nipa-data/iproute2'...
#20 DONE 2.2s

#21 [17/22] RUN cd /nipa-data/iproute2 && 	git remote add stable https://git.kernel.org/pub/scm/network/iproute2/iproute2.git && 	git fetch --all && 	git merge stable/main
#21 0.302 Fetching origin
#21 0.641 Fetching stable
#21 1.331 From https://git.kernel.org/pub/scm/network/iproute2/iproute2
#21 1.331  * [new branch]        codeql         -> stable/codeql
#21 1.331  * [new branch]        iproute2-4.1.x -> stable/iproute2-4.1.x
#21 1.331  * [new branch]        main           -> stable/main
#21 1.337  * [new tag]           v6.8.0         -> v6.8.0
#21 1.342 Updating a9fce553..ade05d59
#21 1.379 Fast-forward
#21 1.384  include/version.h |  2 +-
#21 1.384  ip/iptuntap.c     |  5 ++---
#21 1.384  lib/rt_names.c    | 43 ++++++++++++++++++++++---------------------
#21 1.384  man/man8/ip.8     | 33 +++++++++++++++++++++++++++++++--
#21 1.384  misc/ifstat.c     |  6 ++++--
#21 1.384  misc/ss.c         | 17 ++++++++++++++++-
#21 1.384  tc/f_u32.c        |  2 +-
#21 1.384  tc/m_action.c     |  2 +-
#21 1.384  8 files changed, 78 insertions(+), 32 deletions(-)
#21 DONE 1.4s

#22 [18/22] RUN if [ "$(find /tmp/iproute2-patches/ -name *.patch)" ]; then  	cd /nipa-data/iproute2; 	git apply /tmp/iproute2-patches/*.patch;     fi
#22 DONE 0.4s

#23 [19/22] RUN cd /nipa-data/iproute2/ &&     ./configure &&     make
#23 0.360 TC schedulers
#23 0.361  IPT	using xtables
#23 0.387  IPSET  yes
#23 0.405 
#23 0.406 lib directory: /usr/lib
#23 0.406 libc has setns: yes
#23 0.426 libc has name_to_handle_at: yes
#23 0.445 SELinux support: no
#23 0.447 libtirpc support: no
#23 0.448 libbpf support: yes
#23 0.509 	libbpf version 1.3.0
#23 0.509 ELF support: yes
#23 0.511 libmnl support: yes
#23 0.513 Berkeley DB: no
#23 0.522 need for strlcpy: no
#23 0.541 libcap support: yes
#23 0.543 color output: never
#23 0.546 
#23 0.546 lib
#23 0.547     CC       libgenl.o
#23 0.582     CC       libnetlink.o
#23 0.854     CC       mnl_utils.o
#23 0.922     AR       libnetlink.a
#23 0.924     CC       utils.o
#23 1.263     CC       utils_math.o
#23 1.300     CC       rt_names.o
#23 1.444     CC       ll_map.o
#23 1.525     CC       ll_types.o
#23 1.536 In file included from ll_types.c:20:
#23 1.536 ../include/uapi/linux/sockios.h:42: warning: "SIOCGSTAMP" redefined
#23 1.536    42 | #define SIOCGSTAMP      SIOCGSTAMP_OLD
#23 1.536       | 
#23 1.536 In file included from /usr/include/sys/ioctl.h:10,
#23 1.536                  from ll_types.c:12:
#23 1.536 /usr/include/bits/ioctl.h:111: note: this is the location of the previous definition
#23 1.536   111 | #define SIOCGSTAMP      0x8906
#23 1.536       | 
#23 1.536 ../include/uapi/linux/sockios.h:43: warning: "SIOCGSTAMPNS" redefined
#23 1.536    43 | #define SIOCGSTAMPNS    SIOCGSTAMPNS_OLD
#23 1.536       | 
#23 1.536 /usr/include/bits/ioctl.h:112: note: this is the location of the previous definition
#23 1.536   112 | #define SIOCGSTAMPNS    0x8907
#23 1.536       | 
#23 1.549     CC       ll_proto.o
#23 1.560 In file included from ll_proto.c:21:
#23 1.560 ../include/uapi/linux/sockios.h:42: warning: "SIOCGSTAMP" redefined
#23 1.560    42 | #define SIOCGSTAMP      SIOCGSTAMP_OLD
#23 1.560       | 
#23 1.560 In file included from /usr/include/sys/ioctl.h:10,
#23 1.560                  from ll_proto.c:13:
#23 1.560 /usr/include/bits/ioctl.h:111: note: this is the location of the previous definition
#23 1.560   111 | #define SIOCGSTAMP      0x8906
#23 1.560       | 
#23 1.560 ../include/uapi/linux/sockios.h:43: warning: "SIOCGSTAMPNS" redefined
#23 1.560    43 | #define SIOCGSTAMPNS    SIOCGSTAMPNS_OLD
#23 1.560       | 
#23 1.560 /usr/include/bits/ioctl.h:112: note: this is the location of the previous definition
#23 1.560   112 | #define SIOCGSTAMPNS    0x8907
#23 1.560       | 
#23 1.571     CC       ll_addr.o
#23 1.582 In file included from ll_addr.c:20:
#23 1.582 ../include/uapi/linux/sockios.h:42: warning: "SIOCGSTAMP" redefined
#23 1.582    42 | #define SIOCGSTAMP      SIOCGSTAMP_OLD
#23 1.582       | 
#23 1.582 In file included from /usr/include/sys/ioctl.h:10,
#23 1.582                  from ll_addr.c:12:
#23 1.582 /usr/include/bits/ioctl.h:111: note: this is the location of the previous definition
#23 1.582   111 | #define SIOCGSTAMP      0x8906
#23 1.582       | 
#23 1.582 ../include/uapi/linux/sockios.h:43: warning: "SIOCGSTAMPNS" redefined
#23 1.582    43 | #define SIOCGSTAMPNS    SIOCGSTAMPNS_OLD
#23 1.582       | 
#23 1.582 /usr/include/bits/ioctl.h:112: note: this is the location of the previous definition
#23 1.582   112 | #define SIOCGSTAMPNS    0x8907
#23 1.582       | 
#23 1.606     CC       inet_proto.o
#23 1.630     CC       namespace.o
#23 1.676     CC       json_writer.o
#23 1.746     CC       json_print.o
#23 1.851     CC       json_print_math.o
#23 1.878     CC       names.o
#23 1.917     CC       color.o
#23 1.951     CC       bpf_legacy.o
#23 2.264     CC       bpf_glue.o
#23 2.297     CC       exec.o
#23 2.322     CC       fs.o
#23 2.379     CC       cg_map.o
#23 2.408     CC       ppp_proto.o
#23 2.429     CC       bpf_libbpf.o
#23 2.495     CC       selinux.o
#23 2.512     CC       ax25_ntop.o
#23 2.535     CC       rose_ntop.o
#23 2.546 In file included from rose_ntop.c:16:
#23 2.546 ../include/uapi/linux/sockios.h:42: warning: "SIOCGSTAMP" redefined
#23 2.546    42 | #define SIOCGSTAMP      SIOCGSTAMP_OLD
#23 2.546       | 
#23 2.546 In file included from /usr/include/sys/ioctl.h:10,
#23 2.546                  from rose_ntop.c:7:
#23 2.546 /usr/include/bits/ioctl.h:111: note: this is the location of the previous definition
#23 2.546   111 | #define SIOCGSTAMP      0x8906
#23 2.546       | 
#23 2.546 ../include/uapi/linux/sockios.h:43: warning: "SIOCGSTAMPNS" redefined
#23 2.546    43 | #define SIOCGSTAMPNS    SIOCGSTAMPNS_OLD
#23 2.546       | 
#23 2.546 /usr/include/bits/ioctl.h:112: note: this is the location of the previous definition
#23 2.546   112 | #define SIOCGSTAMPNS    0x8907
#23 2.546       | 
#23 2.560     CC       mpls_ntop.o
#23 2.583     CC       mpls_pton.o
#23 2.607     CC       netrom_ntop.o
#23 2.625     AR       libutil.a
#23 2.629 
#23 2.629 ip
#23 2.631     CC       ip.o
#23 2.693     CC       ipaddress.o
#23 2.705 In file included from ipaddress.c:26:
#23 2.705 ../include/uapi/linux/sockios.h:42: warning: "SIOCGSTAMP" redefined
#23 2.705    42 | #define SIOCGSTAMP      SIOCGSTAMP_OLD
#23 2.705       | 
#23 2.705 In file included from /usr/include/sys/ioctl.h:10,
#23 2.705                  from ipaddress.c:14:
#23 2.705 /usr/include/bits/ioctl.h:111: note: this is the location of the previous definition
#23 2.705   111 | #define SIOCGSTAMP      0x8906
#23 2.705       | 
#23 2.705 ../include/uapi/linux/sockios.h:43: warning: "SIOCGSTAMPNS" redefined
#23 2.705    43 | #define SIOCGSTAMPNS    SIOCGSTAMPNS_OLD
#23 2.705       | 
#23 2.705 /usr/include/bits/ioctl.h:112: note: this is the location of the previous definition
#23 2.705   112 | #define SIOCGSTAMPNS    0x8907
#23 2.705       | 
#23 3.091     CC       ipaddrlabel.o
#23 3.142     CC       iproute.o
#23 3.586     CC       iprule.o
#23 3.757     CC       ipnetns.o
#23 3.921     CC       rtm_map.o
#23 3.952     CC       iptunnel.o
#23 3.963 In file included from ../include/uapi/linux/if_tunnel.h:6,
#23 3.963                  from iptunnel.c:19:
#23 3.963 ../include/uapi/linux/if.h:134: warning: "IFF_VOLATILE" redefined
#23 3.963   134 | #define IFF_VOLATILE    (IFF_LOOPBACK|IFF_POINTOPOINT|IFF_BROADCAST|IFF_ECHO|\
#23 3.963       | 
#23 3.963 In file included from iptunnel.c:16:
#23 3.963 /usr/include/net/if.h:48: note: this is the location of the previous definition
#23 3.963    48 | #define IFF_VOLATILE (IFF_LOOPBACK|IFF_POINTOPOINT|IFF_BROADCAST| \
#23 3.963       | 
#23 4.080     CC       ip6tunnel.o
#23 4.176     CC       tunnel.o
#23 4.255     CC       ipneigh.o
#23 4.388     CC       ipntable.o
#23 4.481     CC       iplink.o
#23 4.727     CC       ipmaddr.o
#23 4.738 In file included from ipmaddr.c:21:
#23 4.738 ../include/uapi/linux/sockios.h:42: warning: "SIOCGSTAMP" redefined
#23 4.738    42 | #define SIOCGSTAMP      SIOCGSTAMP_OLD
#23 4.738       | 
#23 4.738 In file included from /usr/include/sys/ioctl.h:10,
#23 4.738                  from ipmaddr.c:12:
#23 4.738 /usr/include/bits/ioctl.h:111: note: this is the location of the previous definition
#23 4.738   111 | #define SIOCGSTAMP      0x8906
#23 4.738       | 
#23 4.738 ../include/uapi/linux/sockios.h:43: warning: "SIOCGSTAMPNS" redefined
#23 4.738    43 | #define SIOCGSTAMPNS    SIOCGSTAMPNS_OLD
#23 4.738       | 
#23 4.738 /usr/include/bits/ioctl.h:112: note: this is the location of the previous definition
#23 4.738   112 | #define SIOCGSTAMPNS    0x8907
#23 4.738       | 
#23 4.805     CC       ipmonitor.o
#23 4.869     CC       ipmroute.o
#23 4.880 In file included from ipmroute.c:22:
#23 4.880 ../include/uapi/linux/sockios.h:42: warning: "SIOCGSTAMP" redefined
#23 4.880    42 | #define SIOCGSTAMP      SIOCGSTAMP_OLD
#23 4.880       | 
#23 4.880 In file included from /usr/include/sys/ioctl.h:10,
#23 4.880                  from ipmroute.c:13:
#23 4.880 /usr/include/bits/ioctl.h:111: note: this is the location of the previous definition
#23 4.880   111 | #define SIOCGSTAMP      0x8906
#23 4.880       | 
#23 4.880 ../include/uapi/linux/sockios.h:43: warning: "SIOCGSTAMPNS" redefined
#23 4.880    43 | #define SIOCGSTAMPNS    SIOCGSTAMPNS_OLD
#23 4.880       | 
#23 4.880 /usr/include/bits/ioctl.h:112: note: this is the location of the previous definition
#23 4.880   112 | #define SIOCGSTAMPNS    0x8907
#23 4.880       | 
#23 4.933     CC       ipprefix.o
#23 4.960     CC       iptuntap.o
#23 5.054     CC       iptoken.o
#23 5.100     CC       ipxfrm.o
#23 5.359     CC       xfrm_state.o
#23 5.588     CC       xfrm_policy.o
#23 5.790     CC       xfrm_monitor.o
#23 5.858     CC       iplink_dummy.o
#23 5.878     CC       iplink_ifb.o
#23 5.897     CC       iplink_nlmon.o
#23 5.916     CC       iplink_team.o
#23 5.936     CC       iplink_vcan.o
#23 5.955     CC       iplink_vxcan.o
#23 5.982     CC       iplink_vlan.o
#23 6.046     CC       link_veth.o
#23 6.069     CC       link_gre.o
#23 6.078 In file included from ../include/uapi/linux/if_tunnel.h:6,
#23 6.078                  from link_gre.c:15:
#23 6.078 ../include/uapi/linux/if.h:134: warning: "IFF_VOLATILE" redefined
#23 6.078   134 | #define IFF_VOLATILE    (IFF_LOOPBACK|IFF_POINTOPOINT|IFF_BROADCAST|IFF_ECHO|\
#23 6.078       | 
#23 6.078 In file included from link_gre.c:9:
#23 6.078 /usr/include/net/if.h:48: note: this is the location of the previous definition
#23 6.078    48 | #define IFF_VOLATILE (IFF_LOOPBACK|IFF_POINTOPOINT|IFF_BROADCAST| \
#23 6.078       | 
#23 6.174     CC       iplink_can.o
#23 6.302     CC       iplink_xdp.o
#23 6.354     CC       iplink_macvlan.o
#23 6.415     CC       ipl2tp.o
#23 6.553     CC       link_vti.o
#23 6.562 In file included from ../include/uapi/linux/if_tunnel.h:6,
#23 6.562                  from link_vti.c:16:
#23 6.562 ../include/uapi/linux/if.h:134: warning: "IFF_VOLATILE" redefined
#23 6.562   134 | #define IFF_VOLATILE    (IFF_LOOPBACK|IFF_POINTOPOINT|IFF_BROADCAST|IFF_ECHO|\
#23 6.562       | 
#23 6.562 In file included from link_vti.c:10:
#23 6.562 /usr/include/net/if.h:48: note: this is the location of the previous definition
#23 6.562    48 | #define IFF_VOLATILE (IFF_LOOPBACK|IFF_POINTOPOINT|IFF_BROADCAST| \
#23 6.562       | 
#23 6.602     CC       link_vti6.o
#23 6.612 In file included from ../include/uapi/linux/if_tunnel.h:6,
#23 6.612                  from link_vti6.c:17:
#23 6.612 ../include/uapi/linux/if.h:134: warning: "IFF_VOLATILE" redefined
#23 6.612   134 | #define IFF_VOLATILE    (IFF_LOOPBACK|IFF_POINTOPOINT|IFF_BROADCAST|IFF_ECHO|\
#23 6.612       | 
#23 6.612 In file included from link_vti6.c:11:
#23 6.612 /usr/include/net/if.h:48: note: this is the location of the previous definition
#23 6.612    48 | #define IFF_VOLATILE (IFF_LOOPBACK|IFF_POINTOPOINT|IFF_BROADCAST| \
#23 6.612       | 
#23 6.652     CC       link_xfrm.o
#23 6.683     CC       iplink_vxlan.o
#23 6.818     CC       tcp_metrics.o
#23 6.910     CC       iplink_ipoib.o
#23 6.947     CC       ipnetconf.o
#23 6.995     CC       link_ip6tnl.o
#23 7.004 In file included from ../include/uapi/linux/if_tunnel.h:6,
#23 7.004                  from link_ip6tnl.c:15:
#23 7.004 ../include/uapi/linux/if.h:134: warning: "IFF_VOLATILE" redefined
#23 7.004   134 | #define IFF_VOLATILE    (IFF_LOOPBACK|IFF_POINTOPOINT|IFF_BROADCAST|IFF_ECHO|\
#23 7.004       | 
#23 7.004 In file included from link_ip6tnl.c:9:
#23 7.004 /usr/include/net/if.h:48: note: this is the location of the previous definition
#23 7.004    48 | #define IFF_VOLATILE (IFF_LOOPBACK|IFF_POINTOPOINT|IFF_BROADCAST| \
#23 7.004       | 
#23 7.081     CC       link_iptnl.o
#23 7.091 In file included from ../include/uapi/linux/if_tunnel.h:6,
#23 7.091                  from link_iptnl.c:16:
#23 7.091 ../include/uapi/linux/if.h:134: warning: "IFF_VOLATILE" redefined
#23 7.091   134 | #define IFF_VOLATILE    (IFF_LOOPBACK|IFF_POINTOPOINT|IFF_BROADCAST|IFF_ECHO|\
#23 7.091       | 
#23 7.091 In file included from link_iptnl.c:9:
#23 7.091 /usr/include/net/if.h:48: note: this is the location of the previous definition
#23 7.091    48 | #define IFF_VOLATILE (IFF_LOOPBACK|IFF_POINTOPOINT|IFF_BROADCAST| \
#23 7.091       | 
#23 7.169     CC       link_gre6.o
#23 7.178 In file included from ../include/uapi/linux/if_tunnel.h:6,
#23 7.178                  from link_gre6.c:15:
#23 7.178 ../include/uapi/linux/if.h:134: warning: "IFF_VOLATILE" redefined
#23 7.178   134 | #define IFF_VOLATILE    (IFF_LOOPBACK|IFF_POINTOPOINT|IFF_BROADCAST|IFF_ECHO|\
#23 7.178       | 
#23 7.178 In file included from link_gre6.c:9:
#23 7.178 /usr/include/net/if.h:48: note: this is the location of the previous definition
#23 7.178    48 | #define IFF_VOLATILE (IFF_LOOPBACK|IFF_POINTOPOINT|IFF_BROADCAST| \
#23 7.178       | 
#23 7.281     CC       iplink_bond.o
#23 7.438     CC       iplink_bond_slave.o
#23 7.485     CC       iplink_hsr.o
#23 7.526     CC       iplink_bridge.o
#23 7.659     CC       iplink_bridge_slave.o
#23 7.746     CC       iplink_dsa.o
#23 7.775     CC       ipfou.o
#23 7.844     CC       iplink_ipvlan.o
#23 7.879     CC       iplink_geneve.o
#23 7.959     CC       iplink_vrf.o
#23 8.002     CC       iproute_lwtunnel.o
#23 8.353     CC       ipmacsec.o
#23 8.565     CC       ipila.o
#23 8.632     CC       ipvrf.o
#23 8.729     CC       iplink_xstats.o
#23 8.755     CC       ipseg6.o
#23 8.801     CC       iplink_netdevsim.o
#23 8.820     CC       iplink_rmnet.o
#23 8.848     CC       ipnexthop.o
#23 9.044     CC       ipmptcp.o
#23 9.151     CC       iplink_bareudp.o
#23 9.191     CC       iplink_wwan.o
#23 9.219     CC       ipioam6.o
#23 9.285     CC       iplink_amt.o
#23 9.332     CC       iplink_batadv.o
#23 9.357     CC       iplink_gtp.o
#23 9.393     CC       iplink_virt_wifi.o
#23 9.412     CC       iplink_netkit.o
#23 9.449     CC       ipstats.o
#23 9.630     LINK     ip
#23 9.662     CC       rtmon.o
#23 9.709     LINK     rtmon
#23 9.721 
#23 9.721 tc
#23 9.723     CC       tc.o
#23 9.799     CC       tc_qdisc.o
#23 9.899     CC       tc_class.o
#23 9.998     CC       tc_filter.o
#23 10.14     CC       tc_util.o
#23 10.31     CC       tc_monitor.o
#23 10.34     CC       tc_exec.o
#23 10.37     CC       m_police.o
#23 10.45     CC       m_estimator.o
#23 10.47     CC       m_action.o
#23 10.61     CC       m_ematch.o
#23 10.72     YACC     emp_ematch.tab.c
#23 10.77     CC       emp_ematch.tab.o
#23 10.87     LEX      emp_ematch.lex.c
#23 10.87     CC       emp_ematch.lex.o
#23 11.02     CC       q_fifo.o
#23 11.06     CC       q_sfq.o
#23 11.12     CC       q_red.o
#23 11.18     CC       q_prio.o
#23 11.22     CC       q_skbprio.o
#23 11.25     CC       q_tbf.o
#23 11.33     CC       q_multiq.o
#23 11.35     CC       q_netem.o
#23 11.54     CC       q_choke.o
#23 11.59     CC       q_sfb.o
#23 11.65     CC       f_u32.o
#23 11.88     CC       f_route.o
#23 11.92     CC       f_fw.o
#23 11.96     CC       f_basic.o
#23 12.00     CC       f_bpf.o
#23 12.07     CC       f_flow.o
#23 12.14     CC       f_cgroup.o
#23 12.17     CC       f_flower.o
#23 12.18 In file included from ../include/uapi/linux/netdevice.h:29,
#23 12.18                  from ../include/uapi/linux/if_arp.h:27,
#23 12.18                  from f_flower.c:14:
#23 12.18 ../include/uapi/linux/if.h:134: warning: "IFF_VOLATILE" redefined
#23 12.18   134 | #define IFF_VOLATILE    (IFF_LOOPBACK|IFF_POINTOPOINT|IFF_BROADCAST|IFF_ECHO|\
#23 12.18       | 
#23 12.18 In file included from f_flower.c:12:
#23 12.18 /usr/include/net/if.h:48: note: this is the location of the previous definition
#23 12.18    48 | #define IFF_VOLATILE (IFF_LOOPBACK|IFF_POINTOPOINT|IFF_BROADCAST| \
#23 12.18       | 
#23 12.63     CC       q_gred.o
#23 12.72     CC       q_ingress.o
#23 12.75     CC       q_hfsc.o
#23 12.83     CC       q_htb.o
#23 12.92     CC       q_drr.o
#23 12.95     CC       q_qfq.o
#23 12.99     CC       m_gact.o
#23 13.03     CC       m_mirred.o
#23 13.10     CC       m_mpls.o
#23 13.16     CC       m_nat.o
#23 13.20     CC       m_pedit.o
#23 13.32     CC       m_ife.o
#23 13.39     CC       m_skbedit.o
#23 13.45     CC       m_skbmod.o
#23 13.50     CC       m_csum.o
#23 13.56     CC       m_simple.o
#23 13.60     CC       m_vlan.o
#23 13.66     CC       m_connmark.o
#23 13.70     CC       m_ctinfo.o
#23 13.75     CC       m_bpf.o
#23 13.80     CC       m_tunnel_key.o
#23 13.91     CC       m_sample.o
#23 13.95     CC       m_ct.o
#23 14.04     CC       m_gate.o
#23 14.13     CC       p_ip.o
#23 14.17     CC       p_ip6.o
#23 14.20     CC       p_icmp.o
#23 14.22     CC       p_eth.o
#23 14.25     CC       p_tcp.o
#23 14.28     CC       p_udp.o
#23 14.31     CC       em_nbyte.o
#23 14.35     CC       em_cmp.o
#23 14.40     CC       em_u32.o
#23 14.44     CC       em_canid.o
#23 14.48     CC       em_meta.o
#23 14.58     CC       q_mqprio.o
#23 14.67     CC       q_codel.o
#23 14.72     CC       q_fq_codel.o
#23 14.79     CC       q_fq.o
#23 14.90     CC       q_pie.o
#23 14.95     CC       q_fq_pie.o
#23 15.02     CC       q_cake.o
#23 15.19     CC       q_hhf.o
#23 15.24     CC       q_clsact.o
#23 15.27     CC       e_bpf.o
#23 15.32     CC       f_matchall.o
#23 15.36     CC       q_cbs.o
#23 15.40     CC       q_etf.o
#23 15.44     CC       q_taprio.o
#23 15.56     CC       q_plug.o
#23 15.59     CC       q_ets.o
#23 15.66     CC       em_ipt.o
#23 15.68 In file included from tc_util.h:7,
#23 15.68                  from m_ematch.h:11,
#23 15.68                  from em_ipt.c:13:
#23 15.68 ../include/uapi/linux/if.h:134: warning: "IFF_VOLATILE" redefined
#23 15.68   134 | #define IFF_VOLATILE    (IFF_LOOPBACK|IFF_POINTOPOINT|IFF_BROADCAST|IFF_ECHO|\
#23 15.68       | 
#23 15.68 In file included from ../include/xtables.h:17,
#23 15.68                  from em_ipt.c:12:
#23 15.68 /usr/include/net/if.h:48: note: this is the location of the previous definition
#23 15.68    48 | #define IFF_VOLATILE (IFF_LOOPBACK|IFF_POINTOPOINT|IFF_BROADCAST| \
#23 15.68       | 
#23 15.70     CC       em_ipset.o
#23 15.72 In file included from tc_util.h:7,
#23 15.72                  from m_ematch.h:11,
#23 15.72                  from em_ipset.c:39:
#23 15.72 ../include/uapi/linux/if.h:134: warning: "IFF_VOLATILE" redefined
#23 15.72   134 | #define IFF_VOLATILE    (IFF_LOOPBACK|IFF_POINTOPOINT|IFF_BROADCAST|IFF_ECHO|\
#23 15.72       | 
#23 15.72 In file included from ../include/xtables.h:17,
#23 15.72                  from em_ipset.c:23:
#23 15.72 /usr/include/net/if.h:48: note: this is the location of the previous definition
#23 15.72    48 | #define IFF_VOLATILE (IFF_LOOPBACK|IFF_POINTOPOINT|IFF_BROADCAST| \
#23 15.72       | 
#23 15.75     CC       tc_core.o
#23 15.82     CC       tc_red.o
#23 15.86     CC       tc_estimator.o
#23 15.89     CC       tc_stab.o
#23 15.94     CC       tc_qevent.o
#23 15.99     AR       libtc.a
#23 16.00     LINK     tc
#23 16.03 rm emp_ematch.lex.c
#23 16.03 
#23 16.03 bridge
#23 16.03     CC       bridge.o
#23 16.07     CC       fdb.o
#23 16.24     CC       monitor.o
#23 16.28     CC       link.o
#23 16.42     CC       mdb.o
#23 16.60     CC       vlan.o
#23 16.61 In file included from vlan.c:14:
#23 16.61 ../include/json_print.h:80:30: warning: 'struct timeval' declared inside parameter list will not be visible outside of this definition or declaration
#23 16.61    80 | _PRINT_FUNC(tv, const struct timeval *)
#23 16.61       |                              ^~~~~~~
#23 16.61 ../include/json_print.h:50:37: note: in definition of macro '_PRINT_FUNC'
#23 16.61    50 |                                     type value);                        \
#23 16.61       |                                     ^~~~
#23 16.61 ../include/json_print.h:80:30: warning: 'struct timeval' declared inside parameter list will not be visible outside of this definition or declaration
#23 16.61    80 | _PRINT_FUNC(tv, const struct timeval *)
#23 16.61       |                              ^~~~~~~
#23 16.61 ../include/json_print.h:55:45: note: in definition of macro '_PRINT_FUNC'
#23 16.61    55 |                                             type value)                 \
#23 16.61       |                                             ^~~~
#23 16.61 ../include/json_print.h: In function 'print_tv':
#23 16.61 ../include/json_print.h:58:48: warning: passing argument 5 of 'print_color_tv' from incompatible pointer type [-Wincompatible-pointer-types]
#23 16.61    58 |                                                value);                  \
#23 16.61       |                                                ^~~~~
#23 16.61       |                                                |
#23 16.61       |                                                const struct timeval *
#23 16.61 ../include/json_print.h:80:1: note: in expansion of macro '_PRINT_FUNC'
#23 16.61    80 | _PRINT_FUNC(tv, const struct timeval *)
#23 16.61       | ^~~~~~~~~~~
#23 16.61 ../include/json_print.h:50:42: note: expected 'const struct timeval *' but argument is of type 'const struct timeval *'
#23 16.61    50 |                                     type value);                        \
#23 16.61       |                                          ^
#23 16.61 ../include/json_print.h:80:1: note: in expansion of macro '_PRINT_FUNC'
#23 16.61    80 | _PRINT_FUNC(tv, const struct timeval *)
#23 16.61       | ^~~~~~~~~~~
#23 16.81     CC       vni.o
#23 16.82 In file included from vni.c:19:
#23 16.82 ../include/json_print.h:80:30: warning: 'struct timeval' declared inside parameter list will not be visible outside of this definition or declaration
#23 16.82    80 | _PRINT_FUNC(tv, const struct timeval *)
#23 16.82       |                              ^~~~~~~
#23 16.82 ../include/json_print.h:50:37: note: in definition of macro '_PRINT_FUNC'
#23 16.82    50 |                                     type value);                        \
#23 16.82       |                                     ^~~~
#23 16.82 ../include/json_print.h:80:30: warning: 'struct timeval' declared inside parameter list will not be visible outside of this definition or declaration
#23 16.82    80 | _PRINT_FUNC(tv, const struct timeval *)
#23 16.82       |                              ^~~~~~~
#23 16.82 ../include/json_print.h:55:45: note: in definition of macro '_PRINT_FUNC'
#23 16.82    55 |                                             type value)                 \
#23 16.82       |                                             ^~~~
#23 16.82 ../include/json_print.h: In function 'print_tv':
#23 16.82 ../include/json_print.h:58:48: warning: passing argument 5 of 'print_color_tv' from incompatible pointer type [-Wincompatible-pointer-types]
#23 16.82    58 |                                                value);                  \
#23 16.82       |                                                ^~~~~
#23 16.82       |                                                |
#23 16.82       |                                                const struct timeval *
#23 16.82 ../include/json_print.h:80:1: note: in expansion of macro '_PRINT_FUNC'
#23 16.82    80 | _PRINT_FUNC(tv, const struct timeval *)
#23 16.82       | ^~~~~~~~~~~
#23 16.82 ../include/json_print.h:50:42: note: expected 'const struct timeval *' but argument is of type 'const struct timeval *'
#23 16.82    50 |                                     type value);                        \
#23 16.82       |                                          ^
#23 16.82 ../include/json_print.h:80:1: note: in expansion of macro '_PRINT_FUNC'
#23 16.82    80 | _PRINT_FUNC(tv, const struct timeval *)
#23 16.82       | ^~~~~~~~~~~
#23 16.89     LINK     bridge
#23 16.90 
#23 16.90 misc
#23 16.91     CC       ss.o
#23 16.92 In file included from ../include/uapi/linux/tipc.h:42,
#23 16.92                  from ss.c:49:
#23 16.92 ../include/uapi/linux/sockios.h:42: warning: "SIOCGSTAMP" redefined
#23 16.92    42 | #define SIOCGSTAMP      SIOCGSTAMP_OLD
#23 16.92       | 
#23 16.92 In file included from /usr/include/sys/ioctl.h:10,
#23 16.92                  from ss.c:12:
#23 16.92 /usr/include/bits/ioctl.h:111: note: this is the location of the previous definition
#23 16.92   111 | #define SIOCGSTAMP      0x8906
#23 16.92       | 
#23 16.92 ../include/uapi/linux/sockios.h:43: warning: "SIOCGSTAMPNS" redefined
#23 16.92    43 | #define SIOCGSTAMPNS    SIOCGSTAMPNS_OLD
#23 16.92       | 
#23 16.92 /usr/include/bits/ioctl.h:112: note: this is the location of the previous definition
#23 16.92   112 | #define SIOCGSTAMPNS    0x8907
#23 16.92       | 
#23 17.72     CC       ssfilter_check.o
#23 17.74     YACC     ssfilter.tab.c
#23 17.80     CC       ssfilter.tab.o
#23 17.90     LINK     ss
#23 17.91     CC       nstat
#23 17.92 In file included from nstat.c:20:
#23 17.92 /usr/include/sys/poll.h:1:2: warning: #warning redirecting incorrect #include <sys/poll.h> to <poll.h> [-Wcpp]
#23 17.92     1 | #warning redirecting incorrect #include <sys/poll.h> to <poll.h>
#23 17.92       |  ^~~~~~~
#23 18.04     CC       ifstat
#23 18.05 In file included from ifstat.c:20:
#23 18.05 /usr/include/sys/poll.h:1:2: warning: #warning redirecting incorrect #include <sys/poll.h> to <poll.h> [-Wcpp]
#23 18.05     1 | #warning redirecting incorrect #include <sys/poll.h> to <poll.h>
#23 18.05       |  ^~~~~~~
#23 18.21     CC       rtacct
#23 18.22 In file included from rtacct.c:19:
#23 18.22 /usr/include/sys/poll.h:1:2: warning: #warning redirecting incorrect #include <sys/poll.h> to <poll.h> [-Wcpp]
#23 18.22     1 | #warning redirecting incorrect #include <sys/poll.h> to <poll.h>
#23 18.22       |  ^~~~~~~
#23 18.34     CC       lnstat.o
#23 18.40     CC       lnstat_util.o
#23 18.45     LINK     lnstat
#23 18.46 
#23 18.46 netem
#23 18.46 gcc  -I../include -o maketable maketable.c -lm
#23 18.50 gcc  -I../include -o normal normal.c -lm
#23 18.52 gcc  -I../include -o pareto pareto.c -lm
#23 18.54 gcc  -I../include -o paretonormal paretonormal.c -lm
#23 18.56 ./normal > normal.dist
#23 18.57 ./pareto > pareto.dist
#23 18.57 ./paretonormal > paretonormal.dist
#23 18.58 ./maketable experimental.dat > experimental.dist
#23 18.59 
#23 18.59 genl
#23 18.59     CC       genl.o
#23 18.62     CC       ctrl.o
#23 18.69     LINK     genl
#23 18.70 
#23 18.70 man
#23 18.70 make[2]: Nothing to be done for 'all'.
#23 18.70 make[2]: Nothing to be done for 'all'.
#23 18.71 sed \
#23 18.71 	-e "s|@NETNS_ETC_DIR@|/etc/netns|g" \
#23 18.71 	-e "s|@NETNS_RUN_DIR@|/var/run/netns|g" \
#23 18.71 	-e "s|@SYSCONF_ETC_DIR@|/etc/iproute2|g" \
#23 18.71 	-e "s|@SYSCONF_USR_DIR@|/usr/share/iproute2|g" \
#23 18.71 	ip-address.8.in > ip-address.8
#23 18.71 sed \
#23 18.71 	-e "s|@NETNS_ETC_DIR@|/etc/netns|g" \
#23 18.71 	-e "s|@NETNS_RUN_DIR@|/var/run/netns|g" \
#23 18.71 	-e "s|@SYSCONF_ETC_DIR@|/etc/iproute2|g" \
#23 18.71 	-e "s|@SYSCONF_USR_DIR@|/usr/share/iproute2|g" \
#23 18.71 	ip-link.8.in > ip-link.8
#23 18.71 sed \
#23 18.71 	-e "s|@NETNS_ETC_DIR@|/etc/netns|g" \
#23 18.71 	-e "s|@NETNS_RUN_DIR@|/var/run/netns|g" \
#23 18.71 	-e "s|@SYSCONF_ETC_DIR@|/etc/iproute2|g" \
#23 18.71 	-e "s|@SYSCONF_USR_DIR@|/usr/share/iproute2|g" \
#23 18.71 	ip-netns.8.in > ip-netns.8
#23 18.72 sed \
#23 18.72 	-e "s|@NETNS_ETC_DIR@|/etc/netns|g" \
#23 18.72 	-e "s|@NETNS_RUN_DIR@|/var/run/netns|g" \
#23 18.72 	-e "s|@SYSCONF_ETC_DIR@|/etc/iproute2|g" \
#23 18.72 	-e "s|@SYSCONF_USR_DIR@|/usr/share/iproute2|g" \
#23 18.72 	ip-route.8.in > ip-route.8
#23 18.72 
#23 18.72 tipc
#23 18.72     CC       bearer.o
#23 18.88     CC       cmdl.o
#23 18.92     CC       link.o
#23 19.09     CC       media.o
#23 19.14     CC       misc.o
#23 19.19     CC       msg.o
#23 19.21     CC       nametable.o
#23 19.25     CC       node.o
#23 19.33     CC       socket.o
#23 19.36     CC       peer.o
#23 19.39     CC       tipc.o
#23 19.42     LINK     tipc
#23 19.43 
#23 19.43 devlink
#23 19.43     CC       devlink.o
#23 20.95     CC       mnlg.o
#23 20.99     LINK     devlink
#23 21.01 
#23 21.01 rdma
#23 21.01     CC       rdma.o
#23 21.03 rdma.c: In function 'main':
#23 21.03 rdma.c:110:20: warning: implicit declaration of function 'basename'; did you mean 'rename'? [-Wimplicit-function-declaration]
#23 21.03   110 |         filename = basename(argv[0]);
#23 21.03       |                    ^~~~~~~~
#23 21.03       |                    rename
#23 21.03 rdma.c:110:18: warning: assignment to 'char *' from 'int' makes pointer from integer without a cast [-Wint-conversion]
#23 21.03   110 |         filename = basename(argv[0]);
#23 21.03       |                  ^
#23 21.05     CC       utils.o
#23 21.21     CC       dev.o
#23 21.28     CC       link.o
#23 21.34     CC       res.o
#23 21.44     CC       res-pd.o
#23 21.48     CC       res-mr.o
#23 21.52     CC       res-cq.o
#23 21.56     CC       res-cmid.o
#23 21.62     CC       res-qp.o
#23 21.67     CC       sys.o
#23 21.71     CC       stat.o
#23 21.91     CC       stat-mr.o
#23 21.94     CC       res-ctx.o
#23 21.98     CC       res-srq.o
#23 22.04     LINK     rdma
#23 22.05 
#23 22.05 dcb
#23 22.05     CC       dcb.o
#23 22.16     CC       dcb_app.o
#23 22.33     CC       dcb_buffer.o
#23 22.39     CC       dcb_dcbx.o
#23 22.43     CC       dcb_ets.o
#23 22.50     CC       dcb_maxrate.o
#23 22.55     CC       dcb_pfc.o
#23 22.61     CC       dcb_apptrust.o
#23 22.66     CC       dcb_rewr.o
#23 22.73     LINK     dcb
#23 22.74 
#23 22.74 vdpa
#23 22.74     CC       vdpa.o
#23 22.76 In file included from vdpa.c:19:
#23 22.76 ../include/json_print.h:80:30: warning: 'struct timeval' declared inside parameter list will not be visible outside of this definition or declaration
#23 22.76    80 | _PRINT_FUNC(tv, const struct timeval *)
#23 22.76       |                              ^~~~~~~
#23 22.76 ../include/json_print.h:50:37: note: in definition of macro '_PRINT_FUNC'
#23 22.76    50 |                                     type value);                        \
#23 22.76       |                                     ^~~~
#23 22.76 ../include/json_print.h:80:30: warning: 'struct timeval' declared inside parameter list will not be visible outside of this definition or declaration
#23 22.76    80 | _PRINT_FUNC(tv, const struct timeval *)
#23 22.76       |                              ^~~~~~~
#23 22.76 ../include/json_print.h:55:45: note: in definition of macro '_PRINT_FUNC'
#23 22.76    55 |                                             type value)                 \
#23 22.76       |                                             ^~~~
#23 22.76 ../include/json_print.h: In function 'print_tv':
#23 22.76 ../include/json_print.h:58:48: warning: passing argument 5 of 'print_color_tv' from incompatible pointer type [-Wincompatible-pointer-types]
#23 22.76    58 |                                                value);                  \
#23 22.76       |                                                ^~~~~
#23 22.76       |                                                |
#23 22.76       |                                                const struct timeval *
#23 22.76 ../include/json_print.h:80:1: note: in expansion of macro '_PRINT_FUNC'
#23 22.76    80 | _PRINT_FUNC(tv, const struct timeval *)
#23 22.76       | ^~~~~~~~~~~
#23 22.76 ../include/json_print.h:50:42: note: expected 'const struct timeval *' but argument is of type 'const struct timeval *'
#23 22.76    50 |                                     type value);                        \
#23 22.76       |                                          ^
#23 22.76 ../include/json_print.h:80:1: note: in expansion of macro '_PRINT_FUNC'
#23 22.76    80 | _PRINT_FUNC(tv, const struct timeval *)
#23 22.76       | ^~~~~~~~~~~
#23 22.89     LINK     vdpa
#23 DONE 22.9s

#24 [20/22] RUN git clone --no-single-branch --depth=1 https://github.com/linux-netdev/testing.git /nipa-data/kernel
#24 0.311 Cloning into '/nipa-data/kernel'...
#24 109.4 Updating files:  19% (16315/83283)Updating files:  20% (16657/83283)Updating files:  21% (17490/83283)Updating files:  22% (18323/83283)Updating files:  23% (19156/83283)Updating files:  24% (19988/83283)Updating files:  25% (20821/83283)Updating files:  26% (21654/83283)Updating files:  27% (22487/83283)Updating files:  28% (23320/83283)Updating files:  29% (24153/83283)Updating files:  30% (24985/83283)Updating files:  31% (25818/83283)Updating files:  32% (26651/83283)Updating files:  33% (27484/83283)Updating files:  34% (28317/83283)Updating files:  35% (29150/83283)Updating files:  36% (29982/83283)Updating files:  37% (30815/83283)Updating files:  38% (31648/83283)Updating files:  38% (32478/83283)Updating files:  39% (32481/83283)Updating files:  40% (33314/83283)Updating files:  41% (34147/83283)Updating files:  41% (34899/83283)Updating files:  42% (34979/83283)Updating files:  43% (35812/83283)Updating files:  44% (36645/83283)Updating files:  45% (37478/83283)Updating files:  46% (38311/83283)Updating files:  47% (39144/83283)Updating files:  48% (39976/83283)Updating files:  49% (40809/83283)Updating files:  50% (41642/83283)Updating files:  51% (42475/83283)Updating files:  52% (43308/83283)Updating files:  53% (44140/83283)Updating files:  54% (44973/83283)Updating files:  55% (45806/83283)Updating files:  56% (46639/83283)Updating files:  57% (47472/83283)Updating files:  57% (47721/83283)Updating files:  58% (48305/83283)Updating files:  59% (49137/83283)Updating files:  60% (49970/83283)Updating files:  61% (50803/83283)Updating files:  62% (51636/83283)Updating files:  63% (52469/83283)Updating files:  64% (53302/83283)Updating files:  65% (54134/83283)Updating files:  66% (54967/83283)Updating files:  67% (55800/83283)Updating files:  68% (56633/83283)Updating files:  69% (57466/83283)Updating files:  70% (58299/83283)Updating files:  71% (59131/83283)Updating files:  72% (59964/83283)Updating files:  73% (60797/83283)Updating files:  73% (60967/83283)Updating files:  74% (61630/83283)Updating files:  75% (62463/83283)Updating files:  76% (63296/83283)Updating files:  77% (64128/83283)Updating files:  78% (64961/83283)Updating files:  79% (65794/83283)Updating files:  80% (66627/83283)Updating files:  81% (67460/83283)Updating files:  82% (68293/83283)Updating files:  83% (69125/83283)Updating files:  84% (69958/83283)Updating files:  85% (70791/83283)Updating files:  86% (71624/83283)Updating files:  87% (72457/83283)Updating files:  88% (73290/83283)Updating files:  89% (74122/83283)Updating files:  90% (74955/83283)Updating files:  91% (75788/83283)Updating files:  92% (76621/83283)Updating files:  93% (77454/83283)Updating files:  93% (78073/83283)Updating files:  94% (78287/83283)Updating files:  95% (79119/83283)Updating files:  96% (79952/83283)Updating files:  97% (80785/83283)Updating files:  98% (81618/83283)Updating files:  99% (82451/83283)Updating files: 100% (83283/83283)Updating files: 100% (83283/83283), done.
#24 DONE 116.4s

#25 [21/22] RUN git clone --depth=1 -b dev https://github.com/p4tc-dev/new-nipa.git nipa
#25 0.335 Cloning into 'nipa'...
#25 DONE 1.0s

#26 [22/22] COPY entrypoint.sh /entrypoint.sh
#26 DONE 0.0s

#27 exporting to image
#27 exporting layers
#27 exporting layers 5.7s done
#27 writing image sha256:7667d7c217c9fa4e4ce1e6ce69eebb4e8e8ae70f1c84760ca499f6363d82a7e0 done
#27 naming to docker.io/library/nipa-executor done
#27 DONE 5.7s
NIPA version: 9d4ceb4 (fetcher: support local kernel patches, 2024-02-05)
INFO: Last run date: 2024-03-13 12:00:01.518767+00:00
Testing  {'branch': 'net-next-2024-03-13--15-00', 'date': '2024-03-13T15:00:13.563554+00:00', 'base': 'd7d75124965aee23e5e4421d78376545cf070b0a', 'url': 'https://github.com/linux-netdev/testing.git net-next-2024-03-13--15-00'}
Updating files:  88% (7356/8356)Updating files:  89% (7437/8356)Updating files:  90% (7521/8356)Updating files:  91% (7604/8356)Updating files:  92% (7688/8356)Updating files:  93% (7772/8356)Updating files:  94% (7855/8356)Updating files:  95% (7939/8356)Updating files:  96% (8022/8356)Updating files:  97% (8106/8356)Updating files:  98% (8189/8356)Updating files:  99% (8273/8356)Updating files: 100% (8356/8356)Updating files: 100% (8356/8356), done.
branch 'net-next-2024-03-13--15-00' set up to track 'origin/net-next-2024-03-13--15-00'.
Switched to a new branch 'net-next-2024-03-13--15-00'
error: No valid patches in input (allow with "--allow-empty")
Checking patch tools/testing/selftests/tc-testing/tdc_config.py...
Applied patch tools/testing/selftests/tc-testing/tdc_config.py cleanly.
Run at 2024-03-13 15:05:06.353064
INFO: building kernel
INFO: starting VM 0
INFO: thr0-1 VM starting: vng -v -r arch/x86/boot/bzImage --user root --rwdir=/nipa-data/kernel/
INFO: thr0-1 expecting prompt: '/nipa-data/kernel# '
INFO: thr0-1 reached initial prompt
INFO: thr-0 testing == tdc.sh
INFO: thr-0 tdc.sh >> retcode: 0 result: pass found {'fail': False, 'skip': False, 'pass': True}
INFO: thr-0 has no more work, exiting
INFO: thr0-1 VM stopped
Done at 2024-03-13 15:07:50.788958
NIPA quitting!
/
~/nipa/tc-executor/tc-executor-storage /
sort: write failed: 'standard output': Broken pipe
sort: write error
