~/nipa/tc-executor/tc-executor-storage /
Switched to branch 'storage-dbg'
Your branch is ahead of 'origin/storage-dbg' by 27 commits.
  (use "git push" to publish your local commits)
/
~/nipa/tc-executor /
Error response from daemon: No such image: nipa-executor:latest
#0 building with "default" instance using docker driver

#1 [internal] load .dockerignore
#1 transferring context: 2B done
#1 DONE 0.0s

#2 [internal] load build definition from Dockerfile
#2 transferring dockerfile: 2.03kB done
#2 DONE 0.0s

#3 [internal] load metadata for docker.io/library/alpine:edge
#3 DONE 0.0s

#4 [ 1/22] FROM docker.io/library/alpine:edge
#4 CACHED

#5 [internal] load build context
#5 transferring context: 3.02kB done
#5 DONE 0.0s

#6 [ 2/22] RUN echo true > debug-mode
#6 DONE 0.2s

#7 [ 3/22] RUN addgroup -g 1001 hostuser
#7 DONE 0.4s

#8 [ 4/22] RUN adduser -u 1001 -G hostuser -H -D -s /bin/ash hostuser
#8 DONE 0.4s

#9 [ 5/22] RUN echo '@testing http://dl-cdn.alpinelinux.org/alpine/edge/testing' >> /etc/apk/repositories
#9 DONE 0.4s

#10 [ 6/22] RUN echo '@community http://dl-cdn.alpinelinux.org/alpine/edge/community' >> /etc/apk/repositories
#10 DONE 0.4s

#11 [ 7/22] RUN apk update && apk add --no-cache    virtme-ng@testing    git    py3-requests    py3-psutil    py3-setuptools    py3-pyroute2    py3-argcomplete    qemu-system-x86_64@community    scapy@community    make    gcc    musl-dev    flex    bison    linux-headers    elfutils-dev    util-linux    coreutils    diffutils    findutils    file    bash    kmod    perl    iptables-dev    libcap-dev    libmnl-dev    iproute2     jq    libbpf-dev    rsync
#11 0.434 fetch https://dl-cdn.alpinelinux.org/alpine/edge/main/x86_64/APKINDEX.tar.gz
#11 0.662 fetch https://dl-cdn.alpinelinux.org/alpine/edge/community/x86_64/APKINDEX.tar.gz
#11 0.871 fetch http://dl-cdn.alpinelinux.org/alpine/edge/testing/x86_64/APKINDEX.tar.gz
#11 1.064 fetch http://dl-cdn.alpinelinux.org/alpine/edge/community/x86_64/APKINDEX.tar.gz
#11 1.262 v20231219-3868-g568dca625d9 [https://dl-cdn.alpinelinux.org/alpine/edge/main]
#11 1.262 v20231219-3838-g14291263b4c [https://dl-cdn.alpinelinux.org/alpine/edge/community]
#11 1.262 v20231219-3836-g1d275cd6585 [http://dl-cdn.alpinelinux.org/alpine/edge/testing]
#11 1.262 v20231219-3838-g14291263b4c [http://dl-cdn.alpinelinux.org/alpine/edge/community]
#11 1.262 OK: 30400 distinct packages available
#11 1.316 fetch https://dl-cdn.alpinelinux.org/alpine/edge/main/x86_64/APKINDEX.tar.gz
#11 1.414 fetch https://dl-cdn.alpinelinux.org/alpine/edge/community/x86_64/APKINDEX.tar.gz
#11 1.504 fetch http://dl-cdn.alpinelinux.org/alpine/edge/testing/x86_64/APKINDEX.tar.gz
#11 1.596 fetch http://dl-cdn.alpinelinux.org/alpine/edge/community/x86_64/APKINDEX.tar.gz
#11 1.785 (1/175) Upgrading musl (1.2.4_git20230717-r5 -> 1.2.4_git20230717-r6)
#11 1.809 (2/175) Upgrading zlib (1.3-r2 -> 1.3.1-r0)
#11 1.822 (3/175) Installing ncurses-terminfo-base (6.4_p20231125-r0)
#11 1.838 (4/175) Installing libncursesw (6.4_p20231125-r0)
#11 1.853 (5/175) Installing readline (8.2.10-r0)
#11 1.868 (6/175) Installing bash (5.2.26-r0)
#11 1.889 Executing bash-5.2.26-r0.post-install
#11 1.892 (7/175) Installing m4 (1.4.19-r3)
#11 1.906 (8/175) Installing bison (3.8.2-r1)
#11 1.926 (9/175) Installing coreutils-env (9.4-r2)
#11 1.938 (10/175) Installing coreutils-fmt (9.4-r2)
#11 1.950 (11/175) Installing coreutils-sha512sum (9.4-r2)
#11 1.962 (12/175) Installing libacl (2.3.2-r0)
#11 1.974 (13/175) Installing libattr (2.5.2-r0)
#11 1.988 (14/175) Installing skalibs (2.14.1.0-r0)
#11 2.001 (15/175) Installing utmps-libs (0.1.2.2-r0)
#11 2.013 (16/175) Installing coreutils (9.4-r2)
#11 2.036 (17/175) Installing diffutils (3.10-r0)
#11 2.051 (18/175) Installing zstd-libs (1.5.5-r8)
#11 2.069 (19/175) Installing libelf (0.190-r1)
#11 2.082 (20/175) Installing libbz2 (1.0.8-r6)
#11 2.094 (21/175) Installing musl-fts (1.2.7-r6)
#11 2.106 (22/175) Installing xz-libs (5.4.6-r0)
#11 2.120 (23/175) Installing libdw (0.190-r1)
#11 2.136 (24/175) Installing libasm (0.190-r1)
#11 2.148 (25/175) Installing xz (5.4.6-r0)
#11 2.163 (26/175) Installing pkgconf (2.1.1-r0)
#11 2.176 (27/175) Installing xz-dev (5.4.6-r0)
#11 2.191 (28/175) Installing libgcc (13.2.1_git20231014-r0)
#11 2.211 (29/175) Installing libstdc++ (13.2.1_git20231014-r0)
#11 2.236 (30/175) Installing zstd (1.5.5-r8)
#11 2.253 (31/175) Installing zstd-dev (1.5.5-r8)
#11 2.267 (32/175) Installing zlib-dev (1.3.1-r0)
#11 2.379 (33/175) Installing elfutils-dev (0.190-r1)
#11 2.400 (34/175) Installing libmagic (5.45-r1)
#11 2.429 (35/175) Installing file (5.45-r1)
#11 2.441 (36/175) Installing findutils (4.9.0-r5)
#11 2.456 (37/175) Installing flex (2.6.4-r6)
#11 2.471 (38/175) Installing jansson (2.14-r4)
#11 2.483 (39/175) Installing binutils (2.41-r0)
#11 2.542 (40/175) Installing libgomp (13.2.1_git20231014-r0)
#11 2.556 (41/175) Installing libatomic (13.2.1_git20231014-r0)
#11 2.568 (42/175) Installing gmp (6.3.0-r0)
#11 2.584 (43/175) Installing isl26 (0.26-r1)
#11 2.606 (44/175) Installing mpfr4 (4.2.1-r0)
#11 2.623 (45/175) Installing mpc1 (1.3.1-r1)
#11 2.635 (46/175) Installing gcc (13.2.1_git20231014-r0)
#11 3.090 (47/175) Installing ca-certificates (20230506-r1)
#11 3.124 (48/175) Installing brotli-libs (1.1.0-r1)
#11 3.143 (49/175) Installing c-ares (1.26.0-r0)
#11 3.157 (50/175) Installing libunistring (1.1-r2)
#11 3.177 (51/175) Installing libidn2 (2.3.7-r0)
#11 3.191 (52/175) Installing nghttp2-libs (1.59.0-r0)
#11 3.205 (53/175) Installing libpsl (0.21.5-r1)
#11 3.217 (54/175) Installing libcurl (8.6.0-r0)
#11 3.236 (55/175) Installing libexpat (2.6.0-r0)
#11 3.249 (56/175) Installing pcre2 (10.42-r3)
#11 3.266 (57/175) Installing git (2.43.1-r0)
#11 3.316 (58/175) Installing git-init-template (2.43.1-r0)
#11 3.331 (59/175) Installing libcap2 (2.69-r1)
#11 3.343 (60/175) Installing libmnl (1.0.5-r2)
#11 3.355 (61/175) Installing iproute2-minimal (6.7.0-r0)
#11 3.373 (62/175) Installing libxtables (1.8.10-r3)
#11 3.385 (63/175) Installing iproute2-tc (6.7.0-r0)
#11 3.402 (64/175) Installing iproute2-ss (6.7.0-r0)
#11 3.416 (65/175) Installing iproute2 (6.7.0-r0)
#11 3.432 Executing iproute2-6.7.0-r0.post-install
#11 3.436 (66/175) Installing linux-headers (6.6-r0)
#11 3.525 (67/175) Installing libip4tc (1.8.10-r3)
#11 3.538 (68/175) Installing libip6tc (1.8.10-r3)
#11 3.558 (69/175) Installing libipq (1.8.10-r3)
#11 3.570 (70/175) Installing iptables-dev (1.8.10-r3)
#11 3.584 (71/175) Installing oniguruma (6.9.9-r0)
#11 3.601 (72/175) Installing jq (1.7.1-r0)
#11 3.618 (73/175) Installing kmod (31-r2)
#11 3.632 (74/175) Installing libbpf (1.3.0-r0)
#11 3.646 (75/175) Installing libbpf-dev (1.3.0-r0)
#11 3.665 (76/175) Installing libcap-dev (2.69-r1)
#11 3.677 (77/175) Installing libmnl-dev (1.0.5-r2)
#11 3.689 (78/175) Installing make (4.4.1-r2)
#11 3.704 (79/175) Installing musl-dev (1.2.4_git20230717-r6)
#11 3.766 (80/175) Installing perl (5.38.2-r0)
#11 3.955 (81/175) Installing perl-error (0.17029-r2)
#11 3.969 (82/175) Installing perl-git (2.43.1-r0)
#11 3.982 (83/175) Installing git-perl (2.43.1-r0)
#11 3.998 (84/175) Installing libffi (3.4.4-r3)
#11 4.010 (85/175) Installing gdbm (1.23-r1)
#11 4.023 (86/175) Installing mpdecimal (4.0.0-r0)
#11 4.038 (87/175) Installing libpanelw (6.4_p20231125-r0)
#11 4.051 (88/175) Installing sqlite-libs (3.45.1-r0)
#11 4.073 (89/175) Installing python3 (3.11.7-r1)
#11 4.198 (90/175) Installing python3-pycache-pyc0 (3.11.7-r1)
#11 4.287 (91/175) Installing pyc (3.11.7-r1)
#11 4.298 (92/175) Installing py3-argcomplete-pyc (3.2.2-r0)
#11 4.311 (93/175) Installing python3-pyc (3.11.7-r1)
#11 4.323 (94/175) Installing py3-argcomplete (3.2.2-r0)
#11 4.339 (95/175) Installing py3-psutil (5.9.8-r0)
#11 4.355 (96/175) Installing py3-psutil-pyc (5.9.8-r0)
#11 4.370 (97/175) Installing py3-pyroute2 (0.7.10-r0)
#11 4.402 (98/175) Installing py3-pyroute2-pyc (0.7.10-r0)
#11 4.436 (99/175) Installing py3-certifi (2023.11.17-r0)
#11 4.448 (100/175) Installing py3-certifi-pyc (2023.11.17-r0)
#11 4.460 (101/175) Installing py3-charset-normalizer (3.3.2-r0)
#11 4.474 (102/175) Installing py3-charset-normalizer-pyc (3.3.2-r0)
#11 4.489 (103/175) Installing py3-idna (3.6-r0)
#11 4.502 (104/175) Installing py3-idna-pyc (3.6-r0)
#11 4.516 (105/175) Installing py3-urllib3 (1.26.18-r0)
#11 4.533 (106/175) Installing py3-urllib3-pyc (1.26.18-r0)
#11 4.550 (107/175) Installing py3-requests (2.31.0-r1)
#11 4.564 (108/175) Installing py3-requests-pyc (2.31.0-r1)
#11 4.578 (109/175) Installing py3-parsing (3.1.1-r0)
#11 4.593 (110/175) Installing py3-parsing-pyc (3.1.1-r0)
#11 4.609 (111/175) Installing py3-packaging (23.2-r0)
#11 4.623 (112/175) Installing py3-packaging-pyc (23.2-r0)
#11 4.637 (113/175) Installing py3-setuptools (69.1.0-r0)
#11 4.676 (114/175) Installing py3-setuptools-pyc (69.1.0-r0)
#11 4.716 (115/175) Installing libcap-ng (0.8.4-r0)
#11 4.727 (116/175) Installing libintl (0.22.4-r0)
#11 4.740 (117/175) Installing libblkid (2.39.3-r0)
#11 4.753 (118/175) Installing libmount (2.39.3-r0)
#11 4.768 (119/175) Installing glib (2.78.4-r0)
#11 4.797 (120/175) Installing numactl (2.0.18-r0)
#11 4.809 (121/175) Installing qemu (8.2.1-r0)
#11 4.826 Executing qemu-8.2.1-r0.pre-install
#11 4.918 Executing qemu-8.2.1-r0.post-install
#11 4.921 *
#11 4.921 * If you want to run VM as unprivileged user and let Qemu create tunX devices,
#11 4.921 * then you must add that user to the group "qemu".
#11 4.921 * If you use KVM for hardware-assisted virtualization, then you may also need
#11 4.921 * to add that user to the group "kvm".
#11 4.921 *
#11 4.921 (122/175) Installing qemu-bridge-helper (8.2.1-r0)
#11 4.937 (123/175) Installing libaio (0.3.113-r2)
#11 4.949 (124/175) Installing capstone (5.0.1-r2)
#11 4.980 (125/175) Installing py3-capstone (5.0.1-r2)
#11 5.017 (126/175) Installing py3-capstone-pyc (5.0.1-r2)
#11 5.029 (127/175) Installing nettle (3.9.1-r0)
#11 5.046 (128/175) Installing libtasn1 (4.19.0-r2)
#11 5.058 (129/175) Installing p11-kit (0.25.3-r0)
#11 5.078 (130/175) Installing gnutls (3.8.3-r0)
#11 5.100 (131/175) Installing libjpeg-turbo (3.0.2-r0)
#11 5.117 (132/175) Installing lzo (2.10-r5)
#11 5.131 (133/175) Installing pixman (0.43.2-r0)
#11 5.147 (134/175) Installing libpng (1.6.42-r0)
#11 5.161 (135/175) Installing libsasl (2.1.28-r5)
#11 5.176 (136/175) Installing libseccomp (2.5.5-r0)
#11 5.189 (137/175) Installing libslirp (4.7.0-r0)
#11 5.202 (138/175) Installing snappy (1.1.10-r2)
#11 5.214 (139/175) Installing liburing (2.5-r1)
#11 5.226 (140/175) Installing vde2-libs (2.3.3-r1)
#11 5.239 (141/175) Installing qemu-system-x86_64 (8.2.1-r0)
#11 5.350 (142/175) Installing lz4-libs (1.9.4-r5)
#11 5.363 (143/175) Installing popt (1.19-r3)
#11 5.375 (144/175) Installing libxxhash (0.8.2-r2)
#11 5.388 (145/175) Installing rsync (3.2.7-r4)
#11 5.407 (146/175) Installing scapy (2.5.0-r1)
#11 5.467 Executing scapy-2.5.0-r1.post-install
#11 5.469 *
#11 5.469 * Certain optional features of scapy also depend on the following packages:
#11 5.469 *     py3-matplotlib graphviz imagemagick py3-cryptography sox
#11 5.469 * And the following unpackaged dependencies:
#11 5.469 *     pyxi vpython-jupyter nmap<v4.23
#11 5.469 * More information can be found at https://scapy.readthedocs.io/en/latest/installation.html#optional-dependencies
#11 5.469 *
#11 5.469 (147/175) Installing scapy-pyc (2.5.0-r1)
#11 5.532 (148/175) Installing util-linux (2.39.3-r0)
#11 5.544 (149/175) Installing setarch (2.39.3-r0)
#11 5.556 (150/175) Installing libuuid (2.39.3-r0)
#11 5.567 (151/175) Installing libfdisk (2.39.3-r0)
#11 5.581 (152/175) Installing libsmartcols (2.39.3-r0)
#11 5.594 (153/175) Installing util-linux-misc (2.39.3-r0)
#11 5.622 (154/175) Installing libeconf (0.5.2-r2)
#11 5.634 (155/175) Installing linux-pam (1.5.3-r7)
#11 5.655 (156/175) Installing runuser (2.39.3-r0)
#11 5.667 (157/175) Installing mount (2.39.3-r0)
#11 5.678 (158/175) Installing losetup (2.39.3-r0)
#11 5.691 (159/175) Installing hexdump (2.39.3-r0)
#11 5.703 (160/175) Installing uuidgen (2.39.3-r0)
#11 5.714 (161/175) Installing blkid (2.39.3-r0)
#11 5.726 (162/175) Installing sfdisk (2.39.3-r0)
#11 5.738 (163/175) Installing mcookie (2.39.3-r0)
#11 5.750 (164/175) Installing agetty (2.39.3-r0)
#11 5.763 (165/175) Installing wipefs (2.39.3-r0)
#11 5.792 (166/175) Installing cfdisk (2.39.3-r0)
#11 5.804 (167/175) Installing umount (2.39.3-r0)
#11 5.816 (168/175) Installing flock (2.39.3-r0)
#11 5.827 (169/175) Installing lsblk (2.39.3-r0)
#11 5.840 (170/175) Installing setpriv (2.39.3-r0)
#11 5.852 (171/175) Installing logger (2.39.3-r0)
#11 5.864 (172/175) Installing partx (2.39.3-r0)
#11 5.876 (173/175) Installing fstrim (2.39.3-r0)
#11 5.888 (174/175) Installing findmnt (2.39.3-r0)
#11 5.901 (175/175) Installing virtme-ng@testing (1.19-r0)
#11 5.954 Executing busybox-1.36.1-r17.trigger
#11 5.958 Executing ca-certificates-20230506-r1.trigger
#11 5.980 Executing glib-2.78.4-r0.trigger
#11 5.985 OK: 385 MiB in 188 packages
#11 DONE 6.3s

#12 [ 8/22] RUN mkdir -p /tmp/kernel-patches &&     mkdir -p /tmp/iproute2-patches
#12 DONE 0.4s

#13 [ 9/22] COPY tdc.config /tmp
#13 DONE 0.0s

#14 [10/22] COPY tdc-debug.config /tmp
#14 DONE 0.1s

#15 [11/22] COPY kernel-patches /tmp/kernel-patches/
#15 DONE 0.0s

#16 [12/22] COPY iproute2-patches /tmp/iproute2-patches/
#16 DONE 0.0s

#17 [13/22] COPY configs /tmp/configs/
#17 DONE 0.0s

#18 [14/22] RUN git config --global user.email foo@bar.com
#18 DONE 0.3s

#19 [15/22] RUN git config --global user.name foo@bar.com
#19 DONE 0.4s

#20 [16/22] RUN git clone https://git.kernel.org/pub/scm/network/iproute2/iproute2-next.git /nipa-data/iproute2
#20 0.339 Cloning into '/nipa-data/iproute2'...
#20 DONE 1.8s

#21 [17/22] RUN cd /nipa-data/iproute2 && 	git remote add stable https://git.kernel.org/pub/scm/network/iproute2/iproute2.git && 	git fetch --all && 	git merge stable/main
#21 0.390 Fetching origin
#21 0.694 Fetching stable
#21 1.354 From https://git.kernel.org/pub/scm/network/iproute2/iproute2
#21 1.354  * [new branch]        codeql         -> stable/codeql
#21 1.354  * [new branch]        color-opt      -> stable/color-opt
#21 1.355  * [new branch]        flag-names     -> stable/flag-names
#21 1.355  * [new branch]        iproute2-4.1.x -> stable/iproute2-4.1.x
#21 1.355  * [new branch]        json1          -> stable/json1
#21 1.355  * [new branch]        main           -> stable/main
#21 1.355  * [new branch]        net-next       -> stable/net-next
#21 1.355  * [new branch]        warnings       -> stable/warnings
#21 1.402 Auto-merging tc/m_action.c
#21 1.406 Merge made by the 'ort' strategy.
#21 1.415  devlink/devlink.c         |  2 +-
#21 1.415  examples/bpf/README       |  2 +-
#21 1.415  genl/ctrl.c               |  7 ++++---
#21 1.415  include/bpf_api.h         |  2 +-
#21 1.415  include/xt-internal.h     |  2 +-
#21 1.415  ip/ip.c                   |  8 ++++----
#21 1.415  ip/ipnetconf.c            |  3 ++-
#21 1.415  ip/ipnetns.c              |  3 ++-
#21 1.415  lib/bpf_legacy.c          |  5 +++--
#21 1.415  lib/color.c               |  3 +++
#21 1.415  lib/json_print.c          |  2 +-
#21 1.415  lib/utils.c               |  2 +-
#21 1.415  man/man8/devlink-rate.8   |  2 +-
#21 1.415  man/man8/ip-l2tp.8        |  2 +-
#21 1.415  man/man8/tc-htb.8         |  2 +-
#21 1.415  man/man8/tc-sfb.8         |  2 +-
#21 1.415  man/man8/tipc-nametable.8 |  4 ++--
#21 1.415  misc/ifstat.c             | 26 +++++++++++++++++---------
#21 1.415  rdma/rdma.h               |  2 +-
#21 1.415  tc/em_canid.c             |  2 +-
#21 1.415  tc/f_fw.c                 | 22 +++++++++++++++-------
#21 1.415  tc/f_u32.c                |  8 ++++++--
#21 1.415  tc/m_action.c             |  2 +-
#21 1.415  tc/m_bpf.c                |  2 +-
#21 1.415  tc/m_gact.c               |  2 +-
#21 1.415  tc/q_htb.c                |  2 +-
#21 1.415  tc/q_netem.c              |  2 +-
#21 1.415  tc/tc_util.h              |  1 -
#21 1.415  tipc/README               |  4 ++--
#21 1.415  29 files changed, 77 insertions(+), 51 deletions(-)
#21 DONE 1.4s

#22 [18/22] RUN if [ "$(find /tmp/iproute2-patches/ -name *.patch)" ]; then  	cd /nipa-data/iproute2; 	git apply /tmp/iproute2-patches/*.patch;     fi
#22 DONE 0.4s

#23 [19/22] RUN cd /nipa-data/iproute2/ &&     ./configure &&     make
#23 0.404 TC schedulers
#23 0.405  IPT	using xtables
#23 0.434  IPSET  yes
#23 0.455 
#23 0.455 lib directory: /usr/lib
#23 0.455 libc has setns: yes
#23 0.475 libc has name_to_handle_at: yes
#23 0.497 SELinux support: no
#23 0.498 libtirpc support: no
#23 0.499 libbpf support: yes
#23 0.567 	libbpf version 1.3.0
#23 0.567 ELF support: yes
#23 0.569 libmnl support: yes
#23 0.571 Berkeley DB: no
#23 0.581 need for strlcpy: no
#23 0.603 libcap support: yes
#23 0.605 color output: never
#23 0.607 
#23 0.607 lib
#23 0.609     CC       libgenl.o
#23 0.649     CC       libnetlink.o
#23 0.952     CC       mnl_utils.o
#23 1.042     AR       libnetlink.a
#23 1.044     CC       utils.o
#23 1.421     CC       utils_math.o
#23 1.462     CC       rt_names.o
#23 1.627     CC       ll_map.o
#23 1.714     CC       ll_types.o
#23 1.727 In file included from ll_types.c:20:
#23 1.727 ../include/uapi/linux/sockios.h:42: warning: "SIOCGSTAMP" redefined
#23 1.727    42 | #define SIOCGSTAMP      SIOCGSTAMP_OLD
#23 1.727       | 
#23 1.727 In file included from /usr/include/sys/ioctl.h:10,
#23 1.727                  from ll_types.c:12:
#23 1.727 /usr/include/bits/ioctl.h:111: note: this is the location of the previous definition
#23 1.727   111 | #define SIOCGSTAMP      0x8906
#23 1.727       | 
#23 1.727 ../include/uapi/linux/sockios.h:43: warning: "SIOCGSTAMPNS" redefined
#23 1.727    43 | #define SIOCGSTAMPNS    SIOCGSTAMPNS_OLD
#23 1.727       | 
#23 1.727 /usr/include/bits/ioctl.h:112: note: this is the location of the previous definition
#23 1.727   112 | #define SIOCGSTAMPNS    0x8907
#23 1.727       | 
#23 1.743     CC       ll_proto.o
#23 1.757 In file included from ll_proto.c:21:
#23 1.757 ../include/uapi/linux/sockios.h:42: warning: "SIOCGSTAMP" redefined
#23 1.757    42 | #define SIOCGSTAMP      SIOCGSTAMP_OLD
#23 1.757       | 
#23 1.757 In file included from /usr/include/sys/ioctl.h:10,
#23 1.757                  from ll_proto.c:13:
#23 1.757 /usr/include/bits/ioctl.h:111: note: this is the location of the previous definition
#23 1.757   111 | #define SIOCGSTAMP      0x8906
#23 1.757       | 
#23 1.757 ../include/uapi/linux/sockios.h:43: warning: "SIOCGSTAMPNS" redefined
#23 1.757    43 | #define SIOCGSTAMPNS    SIOCGSTAMPNS_OLD
#23 1.757       | 
#23 1.757 /usr/include/bits/ioctl.h:112: note: this is the location of the previous definition
#23 1.757   112 | #define SIOCGSTAMPNS    0x8907
#23 1.757       | 
#23 1.775     CC       ll_addr.o
#23 1.787 In file included from ll_addr.c:20:
#23 1.787 ../include/uapi/linux/sockios.h:42: warning: "SIOCGSTAMP" redefined
#23 1.787    42 | #define SIOCGSTAMP      SIOCGSTAMP_OLD
#23 1.787       | 
#23 1.787 In file included from /usr/include/sys/ioctl.h:10,
#23 1.787                  from ll_addr.c:12:
#23 1.787 /usr/include/bits/ioctl.h:111: note: this is the location of the previous definition
#23 1.787   111 | #define SIOCGSTAMP      0x8906
#23 1.787       | 
#23 1.787 ../include/uapi/linux/sockios.h:43: warning: "SIOCGSTAMPNS" redefined
#23 1.787    43 | #define SIOCGSTAMPNS    SIOCGSTAMPNS_OLD
#23 1.787       | 
#23 1.787 /usr/include/bits/ioctl.h:112: note: this is the location of the previous definition
#23 1.787   112 | #define SIOCGSTAMPNS    0x8907
#23 1.787       | 
#23 1.816     CC       inet_proto.o
#23 1.843     CC       namespace.o
#23 1.898     CC       json_writer.o
#23 1.983     CC       json_print.o
#23 2.102     CC       json_print_math.o
#23 2.132     CC       names.o
#23 2.178     CC       color.o
#23 2.218     CC       bpf_legacy.o
#23 2.575     CC       bpf_glue.o
#23 2.618     CC       exec.o
#23 2.648     CC       fs.o
#23 2.727     CC       cg_map.o
#23 2.761     CC       ppp_proto.o
#23 2.784     CC       bpf_libbpf.o
#23 2.861     CC       selinux.o
#23 2.883     CC       ax25_ntop.o
#23 2.914     CC       rose_ntop.o
#23 2.927 In file included from rose_ntop.c:16:
#23 2.927 ../include/uapi/linux/sockios.h:42: warning: "SIOCGSTAMP" redefined
#23 2.927    42 | #define SIOCGSTAMP      SIOCGSTAMP_OLD
#23 2.927       | 
#23 2.927 In file included from /usr/include/sys/ioctl.h:10,
#23 2.927                  from rose_ntop.c:7:
#23 2.927 /usr/include/bits/ioctl.h:111: note: this is the location of the previous definition
#23 2.927   111 | #define SIOCGSTAMP      0x8906
#23 2.927       | 
#23 2.927 ../include/uapi/linux/sockios.h:43: warning: "SIOCGSTAMPNS" redefined
#23 2.927    43 | #define SIOCGSTAMPNS    SIOCGSTAMPNS_OLD
#23 2.927       | 
#23 2.927 /usr/include/bits/ioctl.h:112: note: this is the location of the previous definition
#23 2.927   112 | #define SIOCGSTAMPNS    0x8907
#23 2.927       | 
#23 2.943     CC       mpls_ntop.o
#23 2.971     CC       mpls_pton.o
#23 3.006     CC       netrom_ntop.o
#23 3.030     AR       libutil.a
#23 3.034 
#23 3.034 ip
#23 3.037     CC       ip.o
#23 3.107     CC       ipaddress.o
#23 3.120 In file included from ipaddress.c:26:
#23 3.120 ../include/uapi/linux/sockios.h:42: warning: "SIOCGSTAMP" redefined
#23 3.120    42 | #define SIOCGSTAMP      SIOCGSTAMP_OLD
#23 3.120       | 
#23 3.120 In file included from /usr/include/sys/ioctl.h:10,
#23 3.120                  from ipaddress.c:14:
#23 3.120 /usr/include/bits/ioctl.h:111: note: this is the location of the previous definition
#23 3.120   111 | #define SIOCGSTAMP      0x8906
#23 3.120       | 
#23 3.120 ../include/uapi/linux/sockios.h:43: warning: "SIOCGSTAMPNS" redefined
#23 3.120    43 | #define SIOCGSTAMPNS    SIOCGSTAMPNS_OLD
#23 3.120       | 
#23 3.120 /usr/include/bits/ioctl.h:112: note: this is the location of the previous definition
#23 3.120   112 | #define SIOCGSTAMPNS    0x8907
#23 3.120       | 
#23 3.564     CC       ipaddrlabel.o
#23 3.622     CC       iproute.o
#23 4.206     CC       iprule.o
#23 4.416     CC       ipnetns.o
#23 4.617     CC       rtm_map.o
#23 4.652     CC       iptunnel.o
#23 4.664 In file included from ../include/uapi/linux/if_tunnel.h:6,
#23 4.664                  from iptunnel.c:19:
#23 4.664 ../include/uapi/linux/if.h:134: warning: "IFF_VOLATILE" redefined
#23 4.664   134 | #define IFF_VOLATILE    (IFF_LOOPBACK|IFF_POINTOPOINT|IFF_BROADCAST|IFF_ECHO|\
#23 4.664       | 
#23 4.664 In file included from iptunnel.c:16:
#23 4.664 /usr/include/net/if.h:48: note: this is the location of the previous definition
#23 4.664    48 | #define IFF_VOLATILE (IFF_LOOPBACK|IFF_POINTOPOINT|IFF_BROADCAST| \
#23 4.664       | 
#23 4.815     CC       ip6tunnel.o
#23 4.924     CC       tunnel.o
#23 5.026     CC       ipneigh.o
#23 5.176     CC       ipntable.o
#23 5.278     CC       iplink.o
#23 5.565     CC       ipmaddr.o
#23 5.578 In file included from ipmaddr.c:21:
#23 5.578 ../include/uapi/linux/sockios.h:42: warning: "SIOCGSTAMP" redefined
#23 5.578    42 | #define SIOCGSTAMP      SIOCGSTAMP_OLD
#23 5.578       | 
#23 5.578 In file included from /usr/include/sys/ioctl.h:10,
#23 5.578                  from ipmaddr.c:12:
#23 5.578 /usr/include/bits/ioctl.h:111: note: this is the location of the previous definition
#23 5.578   111 | #define SIOCGSTAMP      0x8906
#23 5.578       | 
#23 5.578 ../include/uapi/linux/sockios.h:43: warning: "SIOCGSTAMPNS" redefined
#23 5.578    43 | #define SIOCGSTAMPNS    SIOCGSTAMPNS_OLD
#23 5.578       | 
#23 5.578 /usr/include/bits/ioctl.h:112: note: this is the location of the previous definition
#23 5.578   112 | #define SIOCGSTAMPNS    0x8907
#23 5.578       | 
#23 5.652     CC       ipmonitor.o
#23 5.722     CC       ipmroute.o
#23 5.735 In file included from ipmroute.c:22:
#23 5.735 ../include/uapi/linux/sockios.h:42: warning: "SIOCGSTAMP" redefined
#23 5.735    42 | #define SIOCGSTAMP      SIOCGSTAMP_OLD
#23 5.735       | 
#23 5.735 In file included from /usr/include/sys/ioctl.h:10,
#23 5.735                  from ipmroute.c:13:
#23 5.735 /usr/include/bits/ioctl.h:111: note: this is the location of the previous definition
#23 5.735   111 | #define SIOCGSTAMP      0x8906
#23 5.735       | 
#23 5.735 ../include/uapi/linux/sockios.h:43: warning: "SIOCGSTAMPNS" redefined
#23 5.735    43 | #define SIOCGSTAMPNS    SIOCGSTAMPNS_OLD
#23 5.735       | 
#23 5.735 /usr/include/bits/ioctl.h:112: note: this is the location of the previous definition
#23 5.735   112 | #define SIOCGSTAMPNS    0x8907
#23 5.735       | 
#23 5.796     CC       ipprefix.o
#23 5.826     CC       iptuntap.o
#23 5.930     CC       iptoken.o
#23 5.982     CC       ipxfrm.o
#23 6.277     CC       xfrm_state.o
#23 6.539     CC       xfrm_policy.o
#23 6.770     CC       xfrm_monitor.o
#23 6.844     CC       iplink_dummy.o
#23 6.866     CC       iplink_ifb.o
#23 6.889     CC       iplink_nlmon.o
#23 6.917     CC       iplink_team.o
#23 6.940     CC       iplink_vcan.o
#23 6.965     CC       iplink_vxcan.o
#23 6.992     CC       iplink_vlan.o
#23 7.061     CC       link_veth.o
#23 7.090     CC       link_gre.o
#23 7.101 In file included from ../include/uapi/linux/if_tunnel.h:6,
#23 7.101                  from link_gre.c:15:
#23 7.101 ../include/uapi/linux/if.h:134: warning: "IFF_VOLATILE" redefined
#23 7.101   134 | #define IFF_VOLATILE    (IFF_LOOPBACK|IFF_POINTOPOINT|IFF_BROADCAST|IFF_ECHO|\
#23 7.101       | 
#23 7.101 In file included from link_gre.c:9:
#23 7.101 /usr/include/net/if.h:48: note: this is the location of the previous definition
#23 7.101    48 | #define IFF_VOLATILE (IFF_LOOPBACK|IFF_POINTOPOINT|IFF_BROADCAST| \
#23 7.101       | 
#23 7.207     CC       iplink_can.o
#23 7.350     CC       iplink_xdp.o
#23 7.407     CC       iplink_macvlan.o
#23 7.480     CC       ipl2tp.o
#23 7.658     CC       link_vti.o
#23 7.669 In file included from ../include/uapi/linux/if_tunnel.h:6,
#23 7.669                  from link_vti.c:16:
#23 7.669 ../include/uapi/linux/if.h:134: warning: "IFF_VOLATILE" redefined
#23 7.669   134 | #define IFF_VOLATILE    (IFF_LOOPBACK|IFF_POINTOPOINT|IFF_BROADCAST|IFF_ECHO|\
#23 7.669       | 
#23 7.669 In file included from link_vti.c:10:
#23 7.669 /usr/include/net/if.h:48: note: this is the location of the previous definition
#23 7.669    48 | #define IFF_VOLATILE (IFF_LOOPBACK|IFF_POINTOPOINT|IFF_BROADCAST| \
#23 7.669       | 
#23 7.712     CC       link_vti6.o
#23 7.723 In file included from ../include/uapi/linux/if_tunnel.h:6,
#23 7.723                  from link_vti6.c:17:
#23 7.723 ../include/uapi/linux/if.h:134: warning: "IFF_VOLATILE" redefined
#23 7.723   134 | #define IFF_VOLATILE    (IFF_LOOPBACK|IFF_POINTOPOINT|IFF_BROADCAST|IFF_ECHO|\
#23 7.723       | 
#23 7.723 In file included from link_vti6.c:11:
#23 7.723 /usr/include/net/if.h:48: note: this is the location of the previous definition
#23 7.723    48 | #define IFF_VOLATILE (IFF_LOOPBACK|IFF_POINTOPOINT|IFF_BROADCAST| \
#23 7.723       | 
#23 7.767     CC       link_xfrm.o
#23 7.802     CC       iplink_vxlan.o
#23 7.950     CC       tcp_metrics.o
#23 8.055     CC       iplink_ipoib.o
#23 8.097     CC       ipnetconf.o
#23 8.148     CC       link_ip6tnl.o
#23 8.159 In file included from ../include/uapi/linux/if_tunnel.h:6,
#23 8.159                  from link_ip6tnl.c:15:
#23 8.159 ../include/uapi/linux/if.h:134: warning: "IFF_VOLATILE" redefined
#23 8.159   134 | #define IFF_VOLATILE    (IFF_LOOPBACK|IFF_POINTOPOINT|IFF_BROADCAST|IFF_ECHO|\
#23 8.159       | 
#23 8.159 In file included from link_ip6tnl.c:9:
#23 8.159 /usr/include/net/if.h:48: note: this is the location of the previous definition
#23 8.159    48 | #define IFF_VOLATILE (IFF_LOOPBACK|IFF_POINTOPOINT|IFF_BROADCAST| \
#23 8.159       | 
#23 8.244     CC       link_iptnl.o
#23 8.254 In file included from ../include/uapi/linux/if_tunnel.h:6,
#23 8.254                  from link_iptnl.c:16:
#23 8.254 ../include/uapi/linux/if.h:134: warning: "IFF_VOLATILE" redefined
#23 8.254   134 | #define IFF_VOLATILE    (IFF_LOOPBACK|IFF_POINTOPOINT|IFF_BROADCAST|IFF_ECHO|\
#23 8.254       | 
#23 8.254 In file included from link_iptnl.c:9:
#23 8.254 /usr/include/net/if.h:48: note: this is the location of the previous definition
#23 8.254    48 | #define IFF_VOLATILE (IFF_LOOPBACK|IFF_POINTOPOINT|IFF_BROADCAST| \
#23 8.254       | 
#23 8.351     CC       link_gre6.o
#23 8.362 In file included from ../include/uapi/linux/if_tunnel.h:6,
#23 8.362                  from link_gre6.c:15:
#23 8.362 ../include/uapi/linux/if.h:134: warning: "IFF_VOLATILE" redefined
#23 8.362   134 | #define IFF_VOLATILE    (IFF_LOOPBACK|IFF_POINTOPOINT|IFF_BROADCAST|IFF_ECHO|\
#23 8.362       | 
#23 8.362 In file included from link_gre6.c:9:
#23 8.362 /usr/include/net/if.h:48: note: this is the location of the previous definition
#23 8.362    48 | #define IFF_VOLATILE (IFF_LOOPBACK|IFF_POINTOPOINT|IFF_BROADCAST| \
#23 8.362       | 
#23 8.479     CC       iplink_bond.o
#23 8.657     CC       iplink_bond_slave.o
#23 8.711     CC       iplink_hsr.o
#23 8.756     CC       iplink_bridge.o
#23 8.906     CC       iplink_bridge_slave.o
#23 9.013     CC       iplink_dsa.o
#23 9.044     CC       ipfou.o
#23 9.124     CC       iplink_ipvlan.o
#23 9.166     CC       iplink_geneve.o
#23 9.258     CC       iplink_vrf.o
#23 9.312     CC       iproute_lwtunnel.o
#23 9.726     CC       ipmacsec.o
#23 9.986     CC       ipila.o
#23 10.08     CC       ipvrf.o
#23 10.18     CC       iplink_xstats.o
#23 10.21     CC       ipseg6.o
#23 10.27     CC       iplink_netdevsim.o
#23 10.29     CC       iplink_rmnet.o
#23 10.32     CC       ipnexthop.o
#23 10.55     CC       ipmptcp.o
#23 10.68     CC       iplink_bareudp.o
#23 10.73     CC       iplink_wwan.o
#23 10.76     CC       ipioam6.o
#23 10.83     CC       iplink_amt.o
#23 10.88     CC       iplink_batadv.o
#23 10.92     CC       iplink_gtp.o
#23 10.96     CC       iplink_virt_wifi.o
#23 10.98     CC       iplink_netkit.o
#23 11.03     CC       ipstats.o
#23 11.23     LINK     ip
#23 11.27     CC       rtmon.o
#23 11.32     LINK     rtmon
#23 11.33 
#23 11.33 tc
#23 11.34     CC       tc.o
#23 11.42     CC       tc_qdisc.o
#23 11.55     CC       tc_class.o
#23 11.65     CC       tc_filter.o
#23 11.84     CC       tc_util.o
#23 12.04     CC       tc_monitor.o
#23 12.08     CC       tc_exec.o
#23 12.12     CC       m_police.o
#23 12.21     CC       m_estimator.o
#23 12.24     CC       m_action.o
#23 12.40     CC       m_ematch.o
#23 12.52     YACC     emp_ematch.tab.c
#23 12.58     CC       emp_ematch.tab.o
#23 12.69     LEX      emp_ematch.lex.c
#23 12.70     CC       emp_ematch.lex.o
#23 12.87     CC       q_fifo.o
#23 12.90     CC       q_sfq.o
#23 12.97     CC       q_red.o
#23 13.04     CC       q_prio.o
#23 13.09     CC       q_skbprio.o
#23 13.12     CC       q_tbf.o
#23 13.21     CC       q_multiq.o
#23 13.24     CC       q_netem.o
#23 13.44     CC       q_choke.o
#23 13.50     CC       q_sfb.o
#23 13.57     CC       f_u32.o
#23 13.83     CC       f_route.o
#23 13.88     CC       f_fw.o
#23 13.93     CC       f_basic.o
#23 13.98     CC       f_bpf.o
#23 14.05     CC       f_flow.o
#23 14.14     CC       f_cgroup.o
#23 14.18     CC       f_flower.o
#23 14.19 In file included from ../include/uapi/linux/netdevice.h:29,
#23 14.19                  from ../include/uapi/linux/if_arp.h:27,
#23 14.19                  from f_flower.c:14:
#23 14.19 ../include/uapi/linux/if.h:134: warning: "IFF_VOLATILE" redefined
#23 14.19   134 | #define IFF_VOLATILE    (IFF_LOOPBACK|IFF_POINTOPOINT|IFF_BROADCAST|IFF_ECHO|\
#23 14.19       | 
#23 14.19 In file included from f_flower.c:12:
#23 14.19 /usr/include/net/if.h:48: note: this is the location of the previous definition
#23 14.19    48 | #define IFF_VOLATILE (IFF_LOOPBACK|IFF_POINTOPOINT|IFF_BROADCAST| \
#23 14.19       | 
#23 14.70     CC       q_gred.o
#23 14.81     CC       q_ingress.o
#23 14.84     CC       q_hfsc.o
#23 14.94     CC       q_htb.o
#23 15.03     CC       q_drr.o
#23 15.08     CC       q_qfq.o
#23 15.12     CC       m_gact.o
#23 15.17     CC       m_mirred.o
#23 15.24     CC       m_mpls.o
#23 15.31     CC       m_nat.o
#23 15.37     CC       m_pedit.o
#23 15.50     CC       m_ife.o
#23 15.57     CC       m_skbedit.o
#23 15.64     CC       m_skbmod.o
#23 15.69     CC       m_csum.o
#23 15.75     CC       m_simple.o
#23 15.81     CC       m_vlan.o
#23 15.88     CC       m_connmark.o
#23 15.92     CC       m_ctinfo.o
#23 15.97     CC       m_bpf.o
#23 16.03     CC       m_tunnel_key.o
#23 16.14     CC       m_sample.o
#23 16.19     CC       m_ct.o
#23 16.29     CC       m_gate.o
#23 16.38     CC       p_ip.o
#23 16.42     CC       p_ip6.o
#23 16.45     CC       p_icmp.o
#23 16.48     CC       p_eth.o
#23 16.50     CC       p_tcp.o
#23 16.53     CC       p_udp.o
#23 16.56     CC       em_nbyte.o
#23 16.60     CC       em_cmp.o
#23 16.66     CC       em_u32.o
#23 16.71     CC       em_canid.o
#23 16.75     CC       em_meta.o
#23 16.86     CC       q_mqprio.o
#23 16.96     CC       q_codel.o
#23 17.02     CC       q_fq_codel.o
#23 17.09     CC       q_fq.o
#23 17.21     CC       q_pie.o
#23 17.27     CC       q_fq_pie.o
#23 17.34     CC       q_cake.o
#23 17.53     CC       q_hhf.o
#23 17.59     CC       q_clsact.o
#23 17.62     CC       e_bpf.o
#23 17.67     CC       f_matchall.o
#23 17.72     CC       q_cbs.o
#23 17.77     CC       q_etf.o
#23 17.81     CC       q_taprio.o
#23 17.93     CC       q_plug.o
#23 17.97     CC       q_ets.o
#23 18.04     CC       em_ipt.o
#23 18.06 In file included from tc_util.h:7,
#23 18.06                  from m_ematch.h:11,
#23 18.06                  from em_ipt.c:13:
#23 18.06 ../include/uapi/linux/if.h:134: warning: "IFF_VOLATILE" redefined
#23 18.06   134 | #define IFF_VOLATILE    (IFF_LOOPBACK|IFF_POINTOPOINT|IFF_BROADCAST|IFF_ECHO|\
#23 18.06       | 
#23 18.06 In file included from ../include/xtables.h:17,
#23 18.06                  from em_ipt.c:12:
#23 18.06 /usr/include/net/if.h:48: note: this is the location of the previous definition
#23 18.06    48 | #define IFF_VOLATILE (IFF_LOOPBACK|IFF_POINTOPOINT|IFF_BROADCAST| \
#23 18.06       | 
#23 18.09     CC       em_ipset.o
#23 18.11 In file included from tc_util.h:7,
#23 18.11                  from m_ematch.h:11,
#23 18.11                  from em_ipset.c:39:
#23 18.11 ../include/uapi/linux/if.h:134: warning: "IFF_VOLATILE" redefined
#23 18.11   134 | #define IFF_VOLATILE    (IFF_LOOPBACK|IFF_POINTOPOINT|IFF_BROADCAST|IFF_ECHO|\
#23 18.11       | 
#23 18.11 In file included from ../include/xtables.h:17,
#23 18.11                  from em_ipset.c:23:
#23 18.11 /usr/include/net/if.h:48: note: this is the location of the previous definition
#23 18.11    48 | #define IFF_VOLATILE (IFF_LOOPBACK|IFF_POINTOPOINT|IFF_BROADCAST| \
#23 18.11       | 
#23 18.14     CC       tc_core.o
#23 18.23     CC       tc_red.o
#23 18.28     CC       tc_estimator.o
#23 18.31     CC       tc_stab.o
#23 18.36     CC       tc_qevent.o
#23 18.42     AR       libtc.a
#23 18.42     LINK     tc
#23 18.47 rm emp_ematch.lex.c
#23 18.47 
#23 18.47 bridge
#23 18.47     CC       bridge.o
#23 18.52     CC       fdb.o
#23 18.71     CC       monitor.o
#23 18.75     CC       link.o
#23 18.92     CC       mdb.o
#23 19.12     CC       vlan.o
#23 19.13 In file included from vlan.c:14:
#23 19.13 ../include/json_print.h:80:30: warning: 'struct timeval' declared inside parameter list will not be visible outside of this definition or declaration
#23 19.13    80 | _PRINT_FUNC(tv, const struct timeval *)
#23 19.13       |                              ^~~~~~~
#23 19.13 ../include/json_print.h:50:37: note: in definition of macro '_PRINT_FUNC'
#23 19.13    50 |                                     type value);                        \
#23 19.13       |                                     ^~~~
#23 19.13 ../include/json_print.h:80:30: warning: 'struct timeval' declared inside parameter list will not be visible outside of this definition or declaration
#23 19.13    80 | _PRINT_FUNC(tv, const struct timeval *)
#23 19.13       |                              ^~~~~~~
#23 19.13 ../include/json_print.h:55:45: note: in definition of macro '_PRINT_FUNC'
#23 19.13    55 |                                             type value)                 \
#23 19.13       |                                             ^~~~
#23 19.13 ../include/json_print.h: In function 'print_tv':
#23 19.13 ../include/json_print.h:58:48: warning: passing argument 5 of 'print_color_tv' from incompatible pointer type [-Wincompatible-pointer-types]
#23 19.13    58 |                                                value);                  \
#23 19.13       |                                                ^~~~~
#23 19.13       |                                                |
#23 19.13       |                                                const struct timeval *
#23 19.13 ../include/json_print.h:80:1: note: in expansion of macro '_PRINT_FUNC'
#23 19.13    80 | _PRINT_FUNC(tv, const struct timeval *)
#23 19.13       | ^~~~~~~~~~~
#23 19.13 ../include/json_print.h:50:42: note: expected 'const struct timeval *' but argument is of type 'const struct timeval *'
#23 19.13    50 |                                     type value);                        \
#23 19.13       |                                          ^
#23 19.13 ../include/json_print.h:80:1: note: in expansion of macro '_PRINT_FUNC'
#23 19.13    80 | _PRINT_FUNC(tv, const struct timeval *)
#23 19.13       | ^~~~~~~~~~~
#23 19.37     CC       vni.o
#23 19.39 In file included from vni.c:19:
#23 19.39 ../include/json_print.h:80:30: warning: 'struct timeval' declared inside parameter list will not be visible outside of this definition or declaration
#23 19.39    80 | _PRINT_FUNC(tv, const struct timeval *)
#23 19.39       |                              ^~~~~~~
#23 19.39 ../include/json_print.h:50:37: note: in definition of macro '_PRINT_FUNC'
#23 19.39    50 |                                     type value);                        \
#23 19.39       |                                     ^~~~
#23 19.39 ../include/json_print.h:80:30: warning: 'struct timeval' declared inside parameter list will not be visible outside of this definition or declaration
#23 19.39    80 | _PRINT_FUNC(tv, const struct timeval *)
#23 19.39       |                              ^~~~~~~
#23 19.39 ../include/json_print.h:55:45: note: in definition of macro '_PRINT_FUNC'
#23 19.39    55 |                                             type value)                 \
#23 19.39       |                                             ^~~~
#23 19.39 ../include/json_print.h: In function 'print_tv':
#23 19.39 ../include/json_print.h:58:48: warning: passing argument 5 of 'print_color_tv' from incompatible pointer type [-Wincompatible-pointer-types]
#23 19.39    58 |                                                value);                  \
#23 19.39       |                                                ^~~~~
#23 19.39       |                                                |
#23 19.39       |                                                const struct timeval *
#23 19.39 ../include/json_print.h:80:1: note: in expansion of macro '_PRINT_FUNC'
#23 19.39    80 | _PRINT_FUNC(tv, const struct timeval *)
#23 19.39       | ^~~~~~~~~~~
#23 19.39 ../include/json_print.h:50:42: note: expected 'const struct timeval *' but argument is of type 'const struct timeval *'
#23 19.39    50 |                                     type value);                        \
#23 19.39       |                                          ^
#23 19.39 ../include/json_print.h:80:1: note: in expansion of macro '_PRINT_FUNC'
#23 19.39    80 | _PRINT_FUNC(tv, const struct timeval *)
#23 19.39       | ^~~~~~~~~~~
#23 19.46     LINK     bridge
#23 19.47 
#23 19.47 misc
#23 19.48     CC       ss.o
#23 19.50 In file included from ../include/uapi/linux/tipc.h:42,
#23 19.50                  from ss.c:48:
#23 19.50 ../include/uapi/linux/sockios.h:42: warning: "SIOCGSTAMP" redefined
#23 19.50    42 | #define SIOCGSTAMP      SIOCGSTAMP_OLD
#23 19.50       | 
#23 19.50 In file included from /usr/include/sys/ioctl.h:10,
#23 19.50                  from ss.c:12:
#23 19.50 /usr/include/bits/ioctl.h:111: note: this is the location of the previous definition
#23 19.50   111 | #define SIOCGSTAMP      0x8906
#23 19.50       | 
#23 19.50 ../include/uapi/linux/sockios.h:43: warning: "SIOCGSTAMPNS" redefined
#23 19.50    43 | #define SIOCGSTAMPNS    SIOCGSTAMPNS_OLD
#23 19.50       | 
#23 19.50 /usr/include/bits/ioctl.h:112: note: this is the location of the previous definition
#23 19.50   112 | #define SIOCGSTAMPNS    0x8907
#23 19.50       | 
#23 20.34     CC       ssfilter_check.o
#23 20.37     YACC     ssfilter.tab.c
#23 20.43     CC       ssfilter.tab.o
#23 20.53     LINK     ss
#23 20.55     CC       nstat
#23 20.56 In file included from nstat.c:20:
#23 20.56 /usr/include/sys/poll.h:1:2: warning: #warning redirecting incorrect #include <sys/poll.h> to <poll.h> [-Wcpp]
#23 20.56     1 | #warning redirecting incorrect #include <sys/poll.h> to <poll.h>
#23 20.56       |  ^~~~~~~
#23 20.70     CC       ifstat
#23 20.71 In file included from ifstat.c:20:
#23 20.71 /usr/include/sys/poll.h:1:2: warning: #warning redirecting incorrect #include <sys/poll.h> to <poll.h> [-Wcpp]
#23 20.71     1 | #warning redirecting incorrect #include <sys/poll.h> to <poll.h>
#23 20.71       |  ^~~~~~~
#23 20.89     CC       rtacct
#23 20.90 In file included from rtacct.c:19:
#23 20.90 /usr/include/sys/poll.h:1:2: warning: #warning redirecting incorrect #include <sys/poll.h> to <poll.h> [-Wcpp]
#23 20.90     1 | #warning redirecting incorrect #include <sys/poll.h> to <poll.h>
#23 20.90       |  ^~~~~~~
#23 21.02     CC       lnstat.o
#23 21.10     CC       lnstat_util.o
#23 21.17     LINK     lnstat
#23 21.18 
#23 21.18 netem
#23 21.18 gcc  -I../include -o maketable maketable.c -lm
#23 21.21 gcc  -I../include -o normal normal.c -lm
#23 21.24 gcc  -I../include -o pareto pareto.c -lm
#23 21.26 gcc  -I../include -o paretonormal paretonormal.c -lm
#23 21.29 ./normal > normal.dist
#23 21.29 ./pareto > pareto.dist
#23 21.30 ./paretonormal > paretonormal.dist
#23 21.30 ./maketable experimental.dat > experimental.dist
#23 21.31 
#23 21.31 genl
#23 21.31     CC       genl.o
#23 21.35     CC       ctrl.o
#23 21.44     LINK     genl
#23 21.45 
#23 21.45 man
#23 21.46 make[2]: Nothing to be done for 'all'.
#23 21.46 make[2]: Nothing to be done for 'all'.
#23 21.46 sed \
#23 21.46 	-e "s|@NETNS_ETC_DIR@|/etc/netns|g" \
#23 21.46 	-e "s|@NETNS_RUN_DIR@|/var/run/netns|g" \
#23 21.46 	-e "s|@SYSCONF_ETC_DIR@|/etc/iproute2|g" \
#23 21.46 	-e "s|@SYSCONF_USR_DIR@|/usr/share/iproute2|g" \
#23 21.46 	ip-address.8.in > ip-address.8
#23 21.46 sed \
#23 21.46 	-e "s|@NETNS_ETC_DIR@|/etc/netns|g" \
#23 21.46 	-e "s|@NETNS_RUN_DIR@|/var/run/netns|g" \
#23 21.46 	-e "s|@SYSCONF_ETC_DIR@|/etc/iproute2|g" \
#23 21.46 	-e "s|@SYSCONF_USR_DIR@|/usr/share/iproute2|g" \
#23 21.46 	ip-link.8.in > ip-link.8
#23 21.47 sed \
#23 21.47 	-e "s|@NETNS_ETC_DIR@|/etc/netns|g" \
#23 21.47 	-e "s|@NETNS_RUN_DIR@|/var/run/netns|g" \
#23 21.47 	-e "s|@SYSCONF_ETC_DIR@|/etc/iproute2|g" \
#23 21.47 	-e "s|@SYSCONF_USR_DIR@|/usr/share/iproute2|g" \
#23 21.47 	ip-netns.8.in > ip-netns.8
#23 21.47 sed \
#23 21.47 	-e "s|@NETNS_ETC_DIR@|/etc/netns|g" \
#23 21.47 	-e "s|@NETNS_RUN_DIR@|/var/run/netns|g" \
#23 21.47 	-e "s|@SYSCONF_ETC_DIR@|/etc/iproute2|g" \
#23 21.47 	-e "s|@SYSCONF_USR_DIR@|/usr/share/iproute2|g" \
#23 21.47 	ip-route.8.in > ip-route.8
#23 21.47 
#23 21.47 tipc
#23 21.47     CC       bearer.o
#23 21.66     CC       cmdl.o
#23 21.70     CC       link.o
#23 21.90     CC       media.o
#23 21.96     CC       misc.o
#23 22.01     CC       msg.o
#23 22.04     CC       nametable.o
#23 22.07     CC       node.o
#23 22.16     CC       socket.o
#23 22.19     CC       peer.o
#23 22.23     CC       tipc.o
#23 22.26     LINK     tipc
#23 22.28 
#23 22.28 devlink
#23 22.28     CC       devlink.o
#23 24.11     CC       mnlg.o
#23 24.15     LINK     devlink
#23 24.17 
#23 24.17 rdma
#23 24.17     CC       rdma.o
#23 24.19 rdma.c: In function 'main':
#23 24.19 rdma.c:110:20: warning: implicit declaration of function 'basename'; did you mean 'rename'? [-Wimplicit-function-declaration]
#23 24.19   110 |         filename = basename(argv[0]);
#23 24.19       |                    ^~~~~~~~
#23 24.19       |                    rename
#23 24.19 rdma.c:110:18: warning: assignment to 'char *' from 'int' makes pointer from integer without a cast [-Wint-conversion]
#23 24.19   110 |         filename = basename(argv[0]);
#23 24.19       |                  ^
#23 24.22     CC       utils.o
#23 24.41     CC       dev.o
#23 24.48     CC       link.o
#23 24.57     CC       res.o
#23 24.68     CC       res-pd.o
#23 24.72     CC       res-mr.o
#23 24.78     CC       res-cq.o
#23 24.83     CC       res-cmid.o
#23 24.90     CC       res-qp.o
#23 24.97     CC       sys.o
#23 25.02     CC       stat.o
#23 25.24     CC       stat-mr.o
#23 25.27     CC       res-ctx.o
#23 25.31     CC       res-srq.o
#23 25.38     LINK     rdma
#23 25.41 
#23 25.41 dcb
#23 25.41     CC       dcb.o
#23 25.53     CC       dcb_app.o
#23 25.72     CC       dcb_buffer.o
#23 25.78     CC       dcb_dcbx.o
#23 25.83     CC       dcb_ets.o
#23 25.91     CC       dcb_maxrate.o
#23 25.96     CC       dcb_pfc.o
#23 26.03     CC       dcb_apptrust.o
#23 26.09     CC       dcb_rewr.o
#23 26.17     LINK     dcb
#23 26.18 
#23 26.18 vdpa
#23 26.19     CC       vdpa.o
#23 26.20 In file included from vdpa.c:19:
#23 26.20 ../include/json_print.h:80:30: warning: 'struct timeval' declared inside parameter list will not be visible outside of this definition or declaration
#23 26.20    80 | _PRINT_FUNC(tv, const struct timeval *)
#23 26.20       |                              ^~~~~~~
#23 26.20 ../include/json_print.h:50:37: note: in definition of macro '_PRINT_FUNC'
#23 26.20    50 |                                     type value);                        \
#23 26.20       |                                     ^~~~
#23 26.20 ../include/json_print.h:80:30: warning: 'struct timeval' declared inside parameter list will not be visible outside of this definition or declaration
#23 26.20    80 | _PRINT_FUNC(tv, const struct timeval *)
#23 26.20       |                              ^~~~~~~
#23 26.20 ../include/json_print.h:55:45: note: in definition of macro '_PRINT_FUNC'
#23 26.20    55 |                                             type value)                 \
#23 26.20       |                                             ^~~~
#23 26.20 ../include/json_print.h: In function 'print_tv':
#23 26.20 ../include/json_print.h:58:48: warning: passing argument 5 of 'print_color_tv' from incompatible pointer type [-Wincompatible-pointer-types]
#23 26.20    58 |                                                value);                  \
#23 26.20       |                                                ^~~~~
#23 26.20       |                                                |
#23 26.20       |                                                const struct timeval *
#23 26.20 ../include/json_print.h:80:1: note: in expansion of macro '_PRINT_FUNC'
#23 26.20    80 | _PRINT_FUNC(tv, const struct timeval *)
#23 26.20       | ^~~~~~~~~~~
#23 26.20 ../include/json_print.h:50:42: note: expected 'const struct timeval *' but argument is of type 'const struct timeval *'
#23 26.20    50 |                                     type value);                        \
#23 26.20       |                                          ^
#23 26.20 ../include/json_print.h:80:1: note: in expansion of macro '_PRINT_FUNC'
#23 26.20    80 | _PRINT_FUNC(tv, const struct timeval *)
#23 26.20       | ^~~~~~~~~~~
#23 26.35     LINK     vdpa
#23 DONE 26.4s

#24 [20/22] RUN git clone --no-single-branch --depth=1 https://github.com/linux-netdev/testing.git /nipa-data/kernel
#24 0.401 Cloning into '/nipa-data/kernel'...
#24 30.98 Updating files:  16% (13683/83283)Updating files:  17% (14159/83283)Updating files:  18% (14991/83283)Updating files:  19% (15824/83283)Updating files:  20% (16657/83283)Updating files:  21% (17490/83283)Updating files:  22% (18323/83283)Updating files:  23% (19156/83283)Updating files:  24% (19988/83283)Updating files:  25% (20821/83283)Updating files:  26% (21654/83283)Updating files:  27% (22487/83283)Updating files:  28% (23320/83283)Updating files:  29% (24153/83283)Updating files:  30% (24985/83283)Updating files:  31% (25818/83283)Updating files:  32% (26651/83283)Updating files:  33% (27484/83283)Updating files:  33% (28302/83283)Updating files:  34% (28317/83283)Updating files:  35% (29150/83283)Updating files:  36% (29982/83283)Updating files:  37% (30815/83283)Updating files:  38% (31648/83283)Updating files:  39% (32481/83283)Updating files:  40% (33314/83283)Updating files:  40% (33609/83283)Updating files:  41% (34147/83283)Updating files:  42% (34979/83283)Updating files:  43% (35812/83283)Updating files:  44% (36645/83283)Updating files:  45% (37478/83283)Updating files:  46% (38311/83283)Updating files:  47% (39144/83283)Updating files:  48% (39976/83283)Updating files:  49% (40809/83283)Updating files:  50% (41642/83283)Updating files:  51% (42475/83283)Updating files:  51% (42544/83283)Updating files:  52% (43308/83283)Updating files:  53% (44140/83283)Updating files:  54% (44973/83283)Updating files:  55% (45806/83283)Updating files:  56% (46639/83283)Updating files:  57% (47472/83283)Updating files:  58% (48305/83283)Updating files:  59% (49137/83283)Updating files:  60% (49970/83283)Updating files:  61% (50803/83283)Updating files:  62% (51636/83283)Updating files:  63% (52469/83283)Updating files:  64% (53302/83283)Updating files:  64% (53488/83283)Updating files:  65% (54134/83283)Updating files:  66% (54967/83283)Updating files:  67% (55800/83283)Updating files:  68% (56633/83283)Updating files:  69% (57466/83283)Updating files:  70% (58299/83283)Updating files:  71% (59131/83283)Updating files:  72% (59964/83283)Updating files:  73% (60797/83283)Updating files:  74% (61630/83283)Updating files:  75% (62463/83283)Updating files:  76% (63296/83283)Updating files:  77% (64128/83283)Updating files:  78% (64961/83283)Updating files:  79% (65794/83283)Updating files:  80% (66627/83283)Updating files:  81% (67460/83283)Updating files:  81% (68041/83283)Updating files:  82% (68293/83283)Updating files:  83% (69125/83283)Updating files:  84% (69958/83283)Updating files:  85% (70791/83283)Updating files:  86% (71624/83283)Updating files:  87% (72457/83283)Updating files:  88% (73290/83283)Updating files:  89% (74122/83283)Updating files:  90% (74955/83283)Updating files:  91% (75788/83283)Updating files:  92% (76621/83283)Updating files:  93% (77454/83283)Updating files:  94% (78287/83283)Updating files:  95% (79119/83283)Updating files:  96% (79952/83283)Updating files:  97% (80785/83283)Updating files:  98% (81618/83283)Updating files:  99% (82451/83283)Updating files: 100% (83283/83283)Updating files: 100% (83283/83283), done.
#24 DONE 38.8s

#25 [21/22] RUN git clone --depth=1 -b dev https://github.com/p4tc-dev/new-nipa.git nipa
#25 0.324 Cloning into 'nipa'...
#25 DONE 1.6s

#26 [22/22] COPY entrypoint.sh /entrypoint.sh
#26 DONE 0.9s

#27 exporting to image
#27 exporting layers
#27 exporting layers 7.7s done
#27 writing image sha256:f7bad65fd8f11ff454b43341c769b9becae66b3deec3234da37b862fa81bd5cb 0.0s done
#27 naming to docker.io/library/nipa-executor
#27 naming to docker.io/library/nipa-executor 0.0s done
#27 DONE 7.8s
=== >>> DEBUG KERNEL <<< ===
NIPA version: 9cd25f1 (fetcher: support local kernel patches, 2024-02-05)
INFO: Last run date: 2024-02-16 00:00:08.482974+00:00
Testing  {'branch': 'net-next-2024-02-16--06-00', 'date': '2024-02-16T06:00:06.609903+00:00', 'base': 'ae94dc25fd73cb41df233a20ca638ba136cc5f3a', 'url': 'https://github.com/linux-netdev/testing.git net-next-2024-02-16--06-00'}
branch 'net-next-2024-02-16--06-00' set up to track 'origin/net-next-2024-02-16--06-00'.
Switched to a new branch 'net-next-2024-02-16--06-00'
Checking patch tools/testing/selftests/tc-testing/tdc_config.py...
Applied patch tools/testing/selftests/tc-testing/tdc_config.py cleanly.
error: No valid patches in input (allow with "--allow-empty")
Run at 2024-02-16 06:23:36.237736
INFO: building kernel
INFO: starting VM 0
INFO: thr0-1 VM starting: vng -v -r arch/x86/boot/bzImage --user root --rwdir=/nipa-data/kernel/
INFO: thr0-1 expecting prompt: '/nipa-data/kernel# '
INFO: thr0-1 reached initial prompt
INFO: thr-0 testing == tdc.sh
INFO: thr-0 tdc.sh >> retcode: 0 result: pass found {'fail': False, 'skip': False, 'pass': True}
INFO: thr-0 has no more work, exiting
INFO: thr0-1 VM stopped
Done at 2024-02-16 06:28:59.130538
NIPA quitting!
/
~/nipa/tc-executor/tc-executor-storage /
