~/nipa/tc-executor/tc-executor-storage /
Switched to branch 'storage-dbg'
Your branch is ahead of 'origin/storage-dbg' by 1086 commits.
  (use "git push" to publish your local commits)
/
~/nipa/tc-executor /
Error response from daemon: No such image: nipa-executor:latest
#0 building with "default" instance using docker driver

#1 [internal] load .dockerignore
#1 transferring context: 2B done
#1 DONE 0.0s

#2 [internal] load build definition from Dockerfile
#2 transferring dockerfile: 2.05kB done
#2 DONE 0.0s

#3 [internal] load metadata for docker.io/library/alpine:edge
#3 DONE 0.0s

#4 [ 1/22] FROM docker.io/library/alpine:edge
#4 CACHED

#5 [internal] load build context
#5 transferring context: 3.04kB done
#5 DONE 0.0s

#6 [ 2/22] RUN echo true > debug-mode
#6 DONE 0.9s

#7 [ 3/22] RUN addgroup -g 1001 hostuser
#7 DONE 0.3s

#8 [ 4/22] RUN adduser -u 1001 -G hostuser -H -D -s /bin/ash hostuser
#8 DONE 0.5s

#9 [ 5/22] RUN echo '@testing http://dl-cdn.alpinelinux.org/alpine/edge/testing' >> /etc/apk/repositories
#9 DONE 0.4s

#10 [ 6/22] RUN echo '@community http://dl-cdn.alpinelinux.org/alpine/edge/community' >> /etc/apk/repositories
#10 DONE 0.4s

#11 [ 7/22] RUN apk update && apk add --no-cache    virtme-ng@testing    git    py3-requests    py3-psutil    py3-setuptools    py3-pyroute2    py3-argcomplete    qemu-system-x86_64@community    scapy@community    make    gcc    musl-dev    flex    bison    linux-headers    elfutils-dev    util-linux    coreutils    diffutils    findutils    file    bash    kmod    perl    iptables-dev    libcap-dev    libmnl-dev    iproute2     jq    libbpf-dev    rsync    openssl-dev
#11 0.401 fetch https://dl-cdn.alpinelinux.org/alpine/edge/main/x86_64/APKINDEX.tar.gz
#11 0.632 fetch https://dl-cdn.alpinelinux.org/alpine/edge/community/x86_64/APKINDEX.tar.gz
#11 0.830 fetch http://dl-cdn.alpinelinux.org/alpine/edge/testing/x86_64/APKINDEX.tar.gz
#11 1.206 fetch http://dl-cdn.alpinelinux.org/alpine/edge/community/x86_64/APKINDEX.tar.gz
#11 1.451 v20240606-1777-gcf76e1b4364 [https://dl-cdn.alpinelinux.org/alpine/edge/main]
#11 1.451 v20240606-1775-gf34f3fd5d4a [https://dl-cdn.alpinelinux.org/alpine/edge/community]
#11 1.451 v20240606-1774-g46d18d16583 [http://dl-cdn.alpinelinux.org/alpine/edge/testing]
#11 1.451 v20240606-1775-gf34f3fd5d4a [http://dl-cdn.alpinelinux.org/alpine/edge/community]
#11 1.451 OK: 31745 distinct packages available
#11 1.514 fetch https://dl-cdn.alpinelinux.org/alpine/edge/main/x86_64/APKINDEX.tar.gz
#11 1.615 fetch https://dl-cdn.alpinelinux.org/alpine/edge/community/x86_64/APKINDEX.tar.gz
#11 1.710 fetch http://dl-cdn.alpinelinux.org/alpine/edge/testing/x86_64/APKINDEX.tar.gz
#11 1.803 fetch http://dl-cdn.alpinelinux.org/alpine/edge/community/x86_64/APKINDEX.tar.gz
#11 2.046 (1/176) Upgrading musl (1.2.4_git20230717-r5 -> 1.2.5-r1)
#11 2.063 (2/176) Upgrading libcrypto3 (3.1.4-r2 -> 3.3.1-r1)
#11 2.097 (3/176) Upgrading libssl3 (3.1.4-r2 -> 3.3.1-r1)
#11 2.114 (4/176) Upgrading zlib (1.3-r2 -> 1.3.1-r1)
#11 2.126 (5/176) Installing ncurses-terminfo-base (6.4_p20240420-r0)
#11 2.140 (6/176) Installing libncursesw (6.4_p20240420-r0)
#11 2.154 (7/176) Installing readline (8.2.10-r0)
#11 2.169 (8/176) Installing bash (5.2.26-r0)
#11 2.190 Executing bash-5.2.26-r0.post-install
#11 2.192 (9/176) Installing m4 (1.4.19-r3)
#11 2.205 (10/176) Installing bison (3.8.2-r1)
#11 2.226 (11/176) Installing coreutils-env (9.5-r1)
#11 2.238 (12/176) Installing coreutils-fmt (9.5-r1)
#11 2.250 (13/176) Installing coreutils-sha512sum (9.5-r1)
#11 2.262 (14/176) Installing libacl (2.3.2-r0)
#11 2.274 (15/176) Installing libattr (2.5.2-r0)
#11 2.286 (16/176) Installing skalibs (2.14.2.0-r0)
#11 2.299 (17/176) Installing utmps-libs (0.1.2.2-r1)
#11 2.310 (18/176) Installing coreutils (9.5-r1)
#11 2.333 (19/176) Installing diffutils (3.10-r0)
#11 2.347 (20/176) Installing zstd-libs (1.5.6-r0)
#11 2.370 (21/176) Installing libelf (0.191-r0)
#11 2.382 (22/176) Installing libbz2 (1.0.8-r6)
#11 2.394 (23/176) Installing musl-fts (1.2.7-r6)
#11 2.406 (24/176) Installing xz-libs (5.6.2-r0)
#11 2.419 (25/176) Installing libdw (0.191-r0)
#11 2.463 (26/176) Installing libasm (0.191-r0)
#11 2.475 (27/176) Installing xz (5.6.2-r0)
#11 2.489 (28/176) Installing pkgconf (2.2.0-r0)
#11 2.501 (29/176) Installing xz-dev (5.6.2-r0)
#11 2.514 (30/176) Installing libgcc (13.2.1_git20240309-r0)
#11 2.527 (31/176) Installing libstdc++ (13.2.1_git20240309-r0)
#11 2.550 (32/176) Installing zstd (1.5.6-r0)
#11 2.564 (33/176) Installing zstd-dev (1.5.6-r0)
#11 2.578 (34/176) Installing zlib-dev (1.3.1-r1)
#11 2.590 (35/176) Installing elfutils-dev (0.191-r0)
#11 2.610 (36/176) Installing libmagic (5.45-r1)
#11 2.637 (37/176) Installing file (5.45-r1)
#11 2.649 (38/176) Installing findutils (4.9.0-r5)
#11 2.663 (39/176) Installing flex (2.6.4-r6)
#11 2.677 (40/176) Installing jansson (2.14-r4)
#11 2.689 (41/176) Installing binutils (2.42-r0)
#11 2.744 (42/176) Installing libgomp (13.2.1_git20240309-r0)
#11 2.758 (43/176) Installing libatomic (13.2.1_git20240309-r0)
#11 2.771 (44/176) Installing gmp (6.3.0-r1)
#11 2.786 (45/176) Installing isl26 (0.26-r1)
#11 2.808 (46/176) Installing mpfr4 (4.2.1-r0)
#11 2.823 (47/176) Installing mpc1 (1.3.1-r1)
#11 2.835 (48/176) Installing gcc (13.2.1_git20240309-r0)
#11 3.293 (49/176) Installing ca-certificates (20240226-r1)
#11 3.316 (50/176) Installing brotli-libs (1.1.0-r2)
#11 3.334 (51/176) Installing c-ares (1.31.0-r0)
#11 3.347 (52/176) Installing libunistring (1.2-r0)
#11 3.366 (53/176) Installing libidn2 (2.3.7-r0)
#11 3.379 (54/176) Installing nghttp2-libs (1.62.1-r0)
#11 3.394 (55/176) Installing libpsl (0.21.5-r2)
#11 3.406 (56/176) Installing libcurl (8.8.0-r0)
#11 3.425 (57/176) Installing libexpat (2.6.2-r0)
#11 3.449 (58/176) Installing pcre2 (10.43-r0)
#11 3.466 (59/176) Installing git (2.45.2-r1)
#11 3.540 (60/176) Installing git-init-template (2.45.2-r1)
#11 3.564 (61/176) Installing libcap2 (2.70-r0)
#11 3.577 (62/176) Installing libmnl (1.0.5-r2)
#11 3.588 (63/176) Installing iproute2-minimal (6.9.0-r0)
#11 3.605 (64/176) Installing libxtables (1.8.10-r3)
#11 3.617 (65/176) Installing iproute2-tc (6.9.0-r0)
#11 3.633 (66/176) Installing iproute2-ss (6.9.0-r0)
#11 3.646 (67/176) Installing iproute2 (6.9.0-r0)
#11 3.661 Executing iproute2-6.9.0-r0.post-install
#11 3.665 (68/176) Installing linux-headers (6.6-r0)
#11 3.743 (69/176) Installing libip4tc (1.8.10-r3)
#11 3.755 (70/176) Installing libip6tc (1.8.10-r3)
#11 3.766 (71/176) Installing libipq (1.8.10-r3)
#11 3.778 (72/176) Installing iptables-dev (1.8.10-r3)
#11 3.792 (73/176) Installing oniguruma (6.9.9-r0)
#11 3.807 (74/176) Installing jq (1.7.1-r0)
#11 3.823 (75/176) Installing kmod (32-r0)
#11 3.836 (76/176) Installing libbpf (1.4.3-r0)
#11 3.850 (77/176) Installing libbpf-dev (1.4.3-r0)
#11 3.869 (78/176) Installing libcap-dev (2.70-r0)
#11 3.881 (79/176) Installing libmnl-dev (1.0.5-r2)
#11 3.893 (80/176) Installing make (4.4.1-r2)
#11 3.906 (81/176) Installing musl-dev (1.2.5-r1)
#11 3.957 (82/176) Installing openssl-dev (3.3.1-r1)
#11 3.982 (83/176) Installing perl (5.40.0-r1)
#11 4.195 (84/176) Installing perl-error (0.17029-r2)
#11 4.208 (85/176) Installing perl-git (2.45.2-r1)
#11 4.220 (86/176) Installing git-perl (2.45.2-r1)
#11 4.232 (87/176) Installing libffi (3.4.6-r0)
#11 4.244 (88/176) Installing gdbm (1.24-r0)
#11 4.257 (89/176) Installing mpdecimal (4.0.0-r0)
#11 4.270 (90/176) Installing libpanelw (6.4_p20240420-r0)
#11 4.282 (91/176) Installing sqlite-libs (3.46.0-r0)
#11 4.303 (92/176) Installing python3 (3.12.3-r1)
#11 4.423 (93/176) Installing python3-pycache-pyc0 (3.12.3-r1)
#11 4.511 (94/176) Installing pyc (3.12.3-r1)
#11 4.522 (95/176) Installing py3-argcomplete-pyc (3.4.0-r0)
#11 4.535 (96/176) Installing python3-pyc (3.12.3-r1)
#11 4.546 (97/176) Installing py3-argcomplete (3.4.0-r0)
#11 4.561 (98/176) Installing py3-psutil (5.9.8-r1)
#11 4.576 (99/176) Installing py3-psutil-pyc (5.9.8-r1)
#11 4.591 (100/176) Installing py3-pyroute2 (0.7.12-r1)
#11 4.622 (101/176) Installing py3-pyroute2-pyc (0.7.12-r1)
#11 4.654 (102/176) Installing py3-certifi (2024.2.2-r1)
#11 4.666 (103/176) Installing py3-certifi-pyc (2024.2.2-r1)
#11 4.678 (104/176) Installing py3-charset-normalizer (3.3.2-r1)
#11 4.692 (105/176) Installing py3-charset-normalizer-pyc (3.3.2-r1)
#11 4.705 (106/176) Installing py3-idna (3.7-r0)
#11 4.718 (107/176) Installing py3-idna-pyc (3.7-r0)
#11 4.732 (108/176) Installing py3-urllib3 (1.26.18-r1)
#11 4.748 (109/176) Installing py3-urllib3-pyc (1.26.18-r1)
#11 4.765 (110/176) Installing py3-requests (2.32.3-r0)
#11 4.779 (111/176) Installing py3-requests-pyc (2.32.3-r0)
#11 4.794 (112/176) Installing py3-parsing (3.1.2-r1)
#11 4.812 (113/176) Installing py3-parsing-pyc (3.1.2-r1)
#11 4.827 (114/176) Installing py3-packaging (24.1-r0)
#11 4.840 (115/176) Installing py3-packaging-pyc (24.1-r0)
#11 4.854 (116/176) Installing py3-setuptools (70.1.1-r0)
#11 4.890 (117/176) Installing py3-setuptools-pyc (70.1.1-r0)
#11 4.929 (118/176) Installing libcap-ng (0.8.5-r0)
#11 4.941 (119/176) Installing libintl (0.22.5-r0)
#11 4.954 (120/176) Installing libeconf (0.6.3-r0)
#11 4.966 (121/176) Installing libblkid (2.40.1-r1)
#11 4.980 (122/176) Installing libmount (2.40.1-r1)
#11 4.993 (123/176) Installing glib (2.80.3-r0)
#11 5.038 (124/176) Installing numactl (2.0.18-r0)
#11 5.050 (125/176) Installing qemu (9.0.1-r0)
#11 5.065 Executing qemu-9.0.1-r0.pre-install
#11 5.130 Executing qemu-9.0.1-r0.post-install
#11 5.132 *
#11 5.132 * If you want to run VM as unprivileged user and let Qemu create tunX devices,
#11 5.132 * then you must add that user to the group "qemu".
#11 5.132 * If you use KVM for hardware-assisted virtualization, then you may also need
#11 5.132 * to add that user to the group "kvm".
#11 5.132 *
#11 5.133 (126/176) Installing qemu-bridge-helper (9.0.1-r0)
#11 5.149 (127/176) Installing libaio (0.3.113-r2)
#11 5.160 (128/176) Installing capstone (5.0.1-r4)
#11 5.189 (129/176) Installing nettle (3.10-r0)
#11 5.205 (130/176) Installing libtasn1 (4.19.0-r2)
#11 5.217 (131/176) Installing p11-kit (0.25.3-r0)
#11 5.235 (132/176) Installing gnutls (3.8.5-r0)
#11 5.257 (133/176) Installing libjpeg-turbo (3.0.3-r0)
#11 5.273 (134/176) Installing lzo (2.10-r5)
#11 5.286 (135/176) Installing pixman (0.43.2-r0)
#11 5.301 (136/176) Installing libpng (1.6.43-r0)
#11 5.314 (137/176) Installing libsasl (2.1.28-r7)
#11 5.328 (138/176) Installing libseccomp (2.5.5-r1)
#11 5.340 (139/176) Installing libslirp (4.8.0-r0)
#11 5.352 (140/176) Installing snappy (1.1.10-r2)
#11 5.364 (141/176) Installing vde2-libs (2.3.3-r3)
#11 5.376 (142/176) Installing qemu-system-x86_64 (9.0.1-r0)
#11 5.479 (143/176) Installing lz4-libs (1.9.4-r5)
#11 5.492 (144/176) Installing popt (1.19-r3)
#11 5.504 (145/176) Installing libxxhash (0.8.2-r2)
#11 5.516 (146/176) Installing rsync (3.3.0-r0)
#11 5.543 (147/176) Installing scapy (2.5.0-r3)
#11 5.593 Executing scapy-2.5.0-r3.post-install
#11 5.596 *
#11 5.596 * Certain optional features of scapy also depend on the following packages:
#11 5.596 *     py3-matplotlib graphviz imagemagick py3-cryptography sox
#11 5.596 * And the following unpackaged dependencies:
#11 5.596 *     pyxi vpython-jupyter nmap<v4.23
#11 5.596 * More information can be found at https://scapy.readthedocs.io/en/latest/installation.html#optional-dependencies
#11 5.596 *
#11 5.596 (148/176) Installing scapy-pyc (2.5.0-r3)
#11 5.654 (149/176) Installing util-linux (2.40.1-r1)
#11 5.666 (150/176) Installing dmesg (2.40.1-r1)
#11 5.678 (151/176) Installing setarch (2.40.1-r1)
#11 5.690 (152/176) Installing libuuid (2.40.1-r1)
#11 5.701 (153/176) Installing libfdisk (2.40.1-r1)
#11 5.717 (154/176) Installing libsmartcols (2.40.1-r1)
#11 5.730 (155/176) Installing util-linux-misc (2.40.1-r1)
#11 5.757 (156/176) Installing linux-pam (1.6.0-r0)
#11 5.776 (157/176) Installing runuser (2.40.1-r1)
#11 5.787 (158/176) Installing mount (2.40.1-r1)
#11 5.799 (159/176) Installing losetup (2.40.1-r1)
#11 5.815 (160/176) Installing hexdump (2.40.1-r1)
#11 5.827 (161/176) Installing uuidgen (2.40.1-r1)
#11 5.838 (162/176) Installing blkid (2.40.1-r1)
#11 5.851 (163/176) Installing sfdisk (2.40.1-r1)
#11 5.863 (164/176) Installing mcookie (2.40.1-r1)
#11 5.874 (165/176) Installing agetty (2.40.1-r1)
#11 5.886 (166/176) Installing wipefs (2.40.1-r1)
#11 5.898 (167/176) Installing cfdisk (2.40.1-r1)
#11 5.910 (168/176) Installing umount (2.40.1-r1)
#11 5.923 (169/176) Installing flock (2.40.1-r1)
#11 5.935 (170/176) Installing lsblk (2.40.1-r1)
#11 5.948 (171/176) Installing setpriv (2.40.1-r1)
#11 5.959 (172/176) Installing logger (2.40.1-r1)
#11 5.971 (173/176) Installing partx (2.40.1-r1)
#11 5.983 (174/176) Installing fstrim (2.40.1-r1)
#11 5.994 (175/176) Installing findmnt (2.40.1-r1)
#11 6.006 (176/176) Installing virtme-ng@testing (1.25-r0)
#11 6.061 Executing busybox-1.36.1-r17.trigger
#11 6.065 Executing ca-certificates-20240226-r1.trigger
#11 6.088 Executing glib-2.80.3-r0.trigger
#11 6.095 OK: 385 MiB in 187 packages
#11 DONE 6.4s

#12 [ 8/22] RUN mkdir -p /tmp/kernel-patches &&     mkdir -p /tmp/iproute2-patches
#12 DONE 0.4s

#13 [ 9/22] COPY tdc.config /tmp
#13 DONE 0.0s

#14 [10/22] COPY tdc-debug.config /tmp
#14 DONE 0.1s

#15 [11/22] COPY kernel-patches /tmp/kernel-patches/
#15 DONE 0.0s

#16 [12/22] COPY iproute2-patches /tmp/iproute2-patches/
#16 DONE 0.0s

#17 [13/22] COPY configs /tmp/configs/
#17 DONE 0.0s

#18 [14/22] RUN git config --global user.email foo@bar.com
#18 DONE 0.3s

#19 [15/22] RUN git config --global user.name foo@bar.com
#19 DONE 0.4s

#20 [16/22] RUN git clone https://git.kernel.org/pub/scm/network/iproute2/iproute2-next.git /nipa-data/iproute2
#20 0.434 Cloning into '/nipa-data/iproute2'...
#20 DONE 2.1s

#21 [17/22] RUN cd /nipa-data/iproute2 && 	git remote add stable https://git.kernel.org/pub/scm/network/iproute2/iproute2.git && 	git fetch --all && 	git merge stable/main
#21 0.416 Fetching origin
#21 0.695 Fetching stable
#21 1.265 From https://git.kernel.org/pub/scm/network/iproute2/iproute2
#21 1.265  * [new branch]        codeql         -> stable/codeql
#21 1.265  * [new branch]        iproute2-4.1.x -> stable/iproute2-4.1.x
#21 1.265  * [new branch]        main           -> stable/main
#21 1.294 Auto-merging misc/ss.c
#21 1.309 Merge made by the 'ort' strategy.
#21 1.314  devlink/devlink.c | 4 ++--
#21 1.314  misc/ss.c         | 2 ++
#21 1.314  2 files changed, 4 insertions(+), 2 deletions(-)
#21 DONE 1.3s

#22 [18/22] RUN if [ "$(find /tmp/iproute2-patches/ -name *.patch)" ]; then  	cd /nipa-data/iproute2; 	git apply /tmp/iproute2-patches/*.patch;     fi
#22 DONE 0.4s

#23 [19/22] RUN cd /nipa-data/iproute2/ &&     ./configure &&     make
#23 0.446 TC schedulers
#23 0.447  IPT	using xtables
#23 0.474  IPSET  yes
#23 0.494 
#23 0.495 lib directory: /usr/lib
#23 0.495 libc has setns: yes
#23 0.514 libc has name_to_handle_at: yes
#23 0.535 SELinux support: no
#23 0.536 libtirpc support: no
#23 0.537 libbpf support: yes
#23 0.602 	libbpf version 1.4.3
#23 0.602 ELF support: yes
#23 0.604 libmnl support: yes
#23 0.606 Berkeley DB: no
#23 0.616 need for strlcpy: no
#23 0.638 libcap support: yes
#23 0.639 color output: never
#23 0.642 
#23 0.642 lib
#23 0.643     CC       libgenl.o
#23 0.656 In file included from ../include/libgenl.h:5,
#23 0.656                  from libgenl.c:12:
#23 0.656 ../include/libnetlink.h: In function 'rta_getattr_be64':
#23 0.656 ../include/libnetlink.h:280:16: warning: implicit declaration of function 'htobe64' [-Wimplicit-function-declaration]
#23 0.656   280 |         return htobe64(rta_getattr_u64(rta));
#23 0.656       |                ^~~~~~~
#23 0.683     CC       libnetlink.o
#23 1.012     CC       mnl_utils.o
#23 1.024 In file included from mnl_utils.c:12:
#23 1.024 ../include/libnetlink.h: In function 'rta_getattr_be64':
#23 1.024 ../include/libnetlink.h:280:16: warning: implicit declaration of function 'htobe64' [-Wimplicit-function-declaration]
#23 1.024   280 |         return htobe64(rta_getattr_u64(rta));
#23 1.024       |                ^~~~~~~
#23 1.093     AR       libnetlink.a
#23 1.095     CC       utils.o
#23 1.460     CC       utils_math.o
#23 1.497     CC       rt_names.o
#23 1.676     CC       ll_map.o
#23 1.688 In file included from ll_map.c:17:
#23 1.688 ../include/libnetlink.h: In function 'rta_getattr_be64':
#23 1.688 ../include/libnetlink.h:280:16: warning: implicit declaration of function 'htobe64' [-Wimplicit-function-declaration]
#23 1.688   280 |         return htobe64(rta_getattr_u64(rta));
#23 1.688       |                ^~~~~~~
#23 1.762     CC       ll_types.o
#23 1.774 In file included from ll_types.c:20:
#23 1.774 ../include/uapi/linux/sockios.h:42: warning: "SIOCGSTAMP" redefined
#23 1.774    42 | #define SIOCGSTAMP      SIOCGSTAMP_OLD
#23 1.774       | 
#23 1.774 In file included from /usr/include/sys/ioctl.h:10,
#23 1.774                  from ll_types.c:12:
#23 1.774 /usr/include/bits/ioctl.h:111: note: this is the location of the previous definition
#23 1.774   111 | #define SIOCGSTAMP      0x8906
#23 1.774       | 
#23 1.774 ../include/uapi/linux/sockios.h:43: warning: "SIOCGSTAMPNS" redefined
#23 1.774    43 | #define SIOCGSTAMPNS    SIOCGSTAMPNS_OLD
#23 1.774       | 
#23 1.774 /usr/include/bits/ioctl.h:112: note: this is the location of the previous definition
#23 1.774   112 | #define SIOCGSTAMPNS    0x8907
#23 1.774       | 
#23 1.789     CC       ll_proto.o
#23 1.800 In file included from ll_proto.c:21:
#23 1.800 ../include/uapi/linux/sockios.h:42: warning: "SIOCGSTAMP" redefined
#23 1.800    42 | #define SIOCGSTAMP      SIOCGSTAMP_OLD
#23 1.800       | 
#23 1.800 In file included from /usr/include/sys/ioctl.h:10,
#23 1.800                  from ll_proto.c:13:
#23 1.800 /usr/include/bits/ioctl.h:111: note: this is the location of the previous definition
#23 1.800   111 | #define SIOCGSTAMP      0x8906
#23 1.800       | 
#23 1.800 ../include/uapi/linux/sockios.h:43: warning: "SIOCGSTAMPNS" redefined
#23 1.800    43 | #define SIOCGSTAMPNS    SIOCGSTAMPNS_OLD
#23 1.800       | 
#23 1.800 /usr/include/bits/ioctl.h:112: note: this is the location of the previous definition
#23 1.800   112 | #define SIOCGSTAMPNS    0x8907
#23 1.800       | 
#23 1.814     CC       ll_addr.o
#23 1.825 In file included from ll_addr.c:20:
#23 1.825 ../include/uapi/linux/sockios.h:42: warning: "SIOCGSTAMP" redefined
#23 1.825    42 | #define SIOCGSTAMP      SIOCGSTAMP_OLD
#23 1.825       | 
#23 1.825 In file included from /usr/include/sys/ioctl.h:10,
#23 1.825                  from ll_addr.c:12:
#23 1.825 /usr/include/bits/ioctl.h:111: note: this is the location of the previous definition
#23 1.825   111 | #define SIOCGSTAMP      0x8906
#23 1.825       | 
#23 1.825 ../include/uapi/linux/sockios.h:43: warning: "SIOCGSTAMPNS" redefined
#23 1.825    43 | #define SIOCGSTAMPNS    SIOCGSTAMPNS_OLD
#23 1.825       | 
#23 1.825 /usr/include/bits/ioctl.h:112: note: this is the location of the previous definition
#23 1.825   112 | #define SIOCGSTAMPNS    0x8907
#23 1.825       | 
#23 1.851     CC       inet_proto.o
#23 1.878     CC       namespace.o
#23 1.930     CC       json_writer.o
#23 2.004     CC       json_print.o
#23 2.116     CC       json_print_math.o
#23 2.145     CC       names.o
#23 2.188     CC       color.o
#23 2.235     CC       bpf_legacy.o
#23 2.574     CC       bpf_glue.o
#23 2.608     CC       exec.o
#23 2.635     CC       fs.o
#23 2.698     CC       cg_map.o
#23 2.729     CC       ppp_proto.o
#23 2.750     CC       bpf_libbpf.o
#23 2.820     CC       selinux.o
#23 2.840     CC       ax25_ntop.o
#23 2.868     CC       rose_ntop.o
#23 2.881 In file included from rose_ntop.c:16:
#23 2.881 ../include/uapi/linux/sockios.h:42: warning: "SIOCGSTAMP" redefined
#23 2.881    42 | #define SIOCGSTAMP      SIOCGSTAMP_OLD
#23 2.881       | 
#23 2.881 In file included from /usr/include/sys/ioctl.h:10,
#23 2.881                  from rose_ntop.c:7:
#23 2.881 /usr/include/bits/ioctl.h:111: note: this is the location of the previous definition
#23 2.881   111 | #define SIOCGSTAMP      0x8906
#23 2.881       | 
#23 2.881 ../include/uapi/linux/sockios.h:43: warning: "SIOCGSTAMPNS" redefined
#23 2.881    43 | #define SIOCGSTAMPNS    SIOCGSTAMPNS_OLD
#23 2.881       | 
#23 2.881 /usr/include/bits/ioctl.h:112: note: this is the location of the previous definition
#23 2.881   112 | #define SIOCGSTAMPNS    0x8907
#23 2.881       | 
#23 2.897     CC       mpls_ntop.o
#23 2.923     CC       mpls_pton.o
#23 2.950     CC       netrom_ntop.o
#23 2.971     AR       libutil.a
#23 2.975 
#23 2.975 ip
#23 2.977     CC       ip.o
#23 3.048     CC       ipaddress.o
#23 3.061 In file included from ipaddress.c:26:
#23 3.061 ../include/uapi/linux/sockios.h:42: warning: "SIOCGSTAMP" redefined
#23 3.061    42 | #define SIOCGSTAMP      SIOCGSTAMP_OLD
#23 3.061       | 
#23 3.061 In file included from /usr/include/sys/ioctl.h:10,
#23 3.061                  from ipaddress.c:14:
#23 3.061 /usr/include/bits/ioctl.h:111: note: this is the location of the previous definition
#23 3.061   111 | #define SIOCGSTAMP      0x8906
#23 3.061       | 
#23 3.061 ../include/uapi/linux/sockios.h:43: warning: "SIOCGSTAMPNS" redefined
#23 3.061    43 | #define SIOCGSTAMPNS    SIOCGSTAMPNS_OLD
#23 3.061       | 
#23 3.061 /usr/include/bits/ioctl.h:112: note: this is the location of the previous definition
#23 3.061   112 | #define SIOCGSTAMPNS    0x8907
#23 3.061       | 
#23 3.489     CC       ipaddrlabel.o
#23 3.545     CC       iproute.o
#23 4.039     CC       iprule.o
#23 4.220     CC       ipnetns.o
#23 4.414     CC       rtm_map.o
#23 4.452     CC       iptunnel.o
#23 4.463 In file included from ../include/uapi/linux/if_tunnel.h:6,
#23 4.463                  from iptunnel.c:19:
#23 4.463 ../include/uapi/linux/if.h:134: warning: "IFF_VOLATILE" redefined
#23 4.463   134 | #define IFF_VOLATILE    (IFF_LOOPBACK|IFF_POINTOPOINT|IFF_BROADCAST|IFF_ECHO|\
#23 4.463       | 
#23 4.463 In file included from iptunnel.c:16:
#23 4.463 /usr/include/net/if.h:48: note: this is the location of the previous definition
#23 4.463    48 | #define IFF_VOLATILE (IFF_LOOPBACK|IFF_POINTOPOINT|IFF_BROADCAST| \
#23 4.463       | 
#23 4.591     CC       ip6tunnel.o
#23 4.703     CC       tunnel.o
#23 4.792     CC       ipneigh.o
#23 4.942     CC       ipntable.o
#23 5.053     CC       iplink.o
#23 5.348     CC       ipmaddr.o
#23 5.360 In file included from ipmaddr.c:21:
#23 5.360 ../include/uapi/linux/sockios.h:42: warning: "SIOCGSTAMP" redefined
#23 5.360    42 | #define SIOCGSTAMP      SIOCGSTAMP_OLD
#23 5.360       | 
#23 5.360 In file included from /usr/include/sys/ioctl.h:10,
#23 5.360                  from ipmaddr.c:12:
#23 5.360 /usr/include/bits/ioctl.h:111: note: this is the location of the previous definition
#23 5.360   111 | #define SIOCGSTAMP      0x8906
#23 5.360       | 
#23 5.360 ../include/uapi/linux/sockios.h:43: warning: "SIOCGSTAMPNS" redefined
#23 5.360    43 | #define SIOCGSTAMPNS    SIOCGSTAMPNS_OLD
#23 5.360       | 
#23 5.360 /usr/include/bits/ioctl.h:112: note: this is the location of the previous definition
#23 5.360   112 | #define SIOCGSTAMPNS    0x8907
#23 5.360       | 
#23 5.431     CC       ipmonitor.o
#23 5.499     CC       ipmroute.o
#23 5.512 In file included from ipmroute.c:22:
#23 5.512 ../include/uapi/linux/sockios.h:42: warning: "SIOCGSTAMP" redefined
#23 5.512    42 | #define SIOCGSTAMP      SIOCGSTAMP_OLD
#23 5.512       | 
#23 5.512 In file included from /usr/include/sys/ioctl.h:10,
#23 5.512                  from ipmroute.c:13:
#23 5.512 /usr/include/bits/ioctl.h:111: note: this is the location of the previous definition
#23 5.512   111 | #define SIOCGSTAMP      0x8906
#23 5.512       | 
#23 5.512 ../include/uapi/linux/sockios.h:43: warning: "SIOCGSTAMPNS" redefined
#23 5.512    43 | #define SIOCGSTAMPNS    SIOCGSTAMPNS_OLD
#23 5.512       | 
#23 5.512 /usr/include/bits/ioctl.h:112: note: this is the location of the previous definition
#23 5.512   112 | #define SIOCGSTAMPNS    0x8907
#23 5.512       | 
#23 5.572     CC       ipprefix.o
#23 5.600     CC       iptuntap.o
#23 5.718     CC       iptoken.o
#23 5.779     CC       ipxfrm.o
#23 6.149     CC       xfrm_state.o
#23 6.405     CC       xfrm_policy.o
#23 6.626     CC       xfrm_monitor.o
#23 6.705     CC       iplink_dummy.o
#23 6.733     CC       iplink_ifb.o
#23 6.755     CC       iplink_nlmon.o
#23 6.778     CC       iplink_team.o
#23 6.801     CC       iplink_vcan.o
#23 6.823     CC       iplink_vxcan.o
#23 6.852     CC       iplink_vlan.o
#23 6.939     CC       link_veth.o
#23 6.966     CC       link_gre.o
#23 6.977 In file included from ../include/uapi/linux/if_tunnel.h:6,
#23 6.977                  from link_gre.c:15:
#23 6.977 ../include/uapi/linux/if.h:134: warning: "IFF_VOLATILE" redefined
#23 6.977   134 | #define IFF_VOLATILE    (IFF_LOOPBACK|IFF_POINTOPOINT|IFF_BROADCAST|IFF_ECHO|\
#23 6.977       | 
#23 6.977 In file included from link_gre.c:9:
#23 6.977 /usr/include/net/if.h:48: note: this is the location of the previous definition
#23 6.977    48 | #define IFF_VOLATILE (IFF_LOOPBACK|IFF_POINTOPOINT|IFF_BROADCAST| \
#23 6.977       | 
#23 7.086     CC       iplink_can.o
#23 7.231     CC       iplink_xdp.o
#23 7.287     CC       iplink_macvlan.o
#23 7.353     CC       ipl2tp.o
#23 7.521     CC       link_vti.o
#23 7.532 In file included from ../include/uapi/linux/if_tunnel.h:6,
#23 7.532                  from link_vti.c:16:
#23 7.532 ../include/uapi/linux/if.h:134: warning: "IFF_VOLATILE" redefined
#23 7.532   134 | #define IFF_VOLATILE    (IFF_LOOPBACK|IFF_POINTOPOINT|IFF_BROADCAST|IFF_ECHO|\
#23 7.532       | 
#23 7.532 In file included from link_vti.c:10:
#23 7.532 /usr/include/net/if.h:48: note: this is the location of the previous definition
#23 7.532    48 | #define IFF_VOLATILE (IFF_LOOPBACK|IFF_POINTOPOINT|IFF_BROADCAST| \
#23 7.532       | 
#23 7.577     CC       link_vti6.o
#23 7.588 In file included from ../include/uapi/linux/if_tunnel.h:6,
#23 7.588                  from link_vti6.c:17:
#23 7.588 ../include/uapi/linux/if.h:134: warning: "IFF_VOLATILE" redefined
#23 7.588   134 | #define IFF_VOLATILE    (IFF_LOOPBACK|IFF_POINTOPOINT|IFF_BROADCAST|IFF_ECHO|\
#23 7.588       | 
#23 7.588 In file included from link_vti6.c:11:
#23 7.588 /usr/include/net/if.h:48: note: this is the location of the previous definition
#23 7.588    48 | #define IFF_VOLATILE (IFF_LOOPBACK|IFF_POINTOPOINT|IFF_BROADCAST| \
#23 7.588       | 
#23 7.634     CC       link_xfrm.o
#23 7.669     CC       iplink_vxlan.o
#23 7.837     CC       tcp_metrics.o
#23 7.937     CC       iplink_ipoib.o
#23 7.977     CC       ipnetconf.o
#23 8.043     CC       link_ip6tnl.o
#23 8.053 In file included from ../include/uapi/linux/if_tunnel.h:6,
#23 8.053                  from link_ip6tnl.c:15:
#23 8.053 ../include/uapi/linux/if.h:134: warning: "IFF_VOLATILE" redefined
#23 8.053   134 | #define IFF_VOLATILE    (IFF_LOOPBACK|IFF_POINTOPOINT|IFF_BROADCAST|IFF_ECHO|\
#23 8.053       | 
#23 8.053 In file included from link_ip6tnl.c:9:
#23 8.053 /usr/include/net/if.h:48: note: this is the location of the previous definition
#23 8.053    48 | #define IFF_VOLATILE (IFF_LOOPBACK|IFF_POINTOPOINT|IFF_BROADCAST| \
#23 8.053       | 
#23 8.136     CC       link_iptnl.o
#23 8.147 In file included from ../include/uapi/linux/if_tunnel.h:6,
#23 8.147                  from link_iptnl.c:16:
#23 8.147 ../include/uapi/linux/if.h:134: warning: "IFF_VOLATILE" redefined
#23 8.147   134 | #define IFF_VOLATILE    (IFF_LOOPBACK|IFF_POINTOPOINT|IFF_BROADCAST|IFF_ECHO|\
#23 8.147       | 
#23 8.147 In file included from link_iptnl.c:9:
#23 8.147 /usr/include/net/if.h:48: note: this is the location of the previous definition
#23 8.147    48 | #define IFF_VOLATILE (IFF_LOOPBACK|IFF_POINTOPOINT|IFF_BROADCAST| \
#23 8.147       | 
#23 8.231     CC       link_gre6.o
#23 8.241 In file included from ../include/uapi/linux/if_tunnel.h:6,
#23 8.241                  from link_gre6.c:15:
#23 8.241 ../include/uapi/linux/if.h:134: warning: "IFF_VOLATILE" redefined
#23 8.241   134 | #define IFF_VOLATILE    (IFF_LOOPBACK|IFF_POINTOPOINT|IFF_BROADCAST|IFF_ECHO|\
#23 8.241       | 
#23 8.241 In file included from link_gre6.c:9:
#23 8.241 /usr/include/net/if.h:48: note: this is the location of the previous definition
#23 8.241    48 | #define IFF_VOLATILE (IFF_LOOPBACK|IFF_POINTOPOINT|IFF_BROADCAST| \
#23 8.241       | 
#23 8.354     CC       iplink_bond.o
#23 8.523     CC       iplink_bond_slave.o
#23 8.573     CC       iplink_hsr.o
#23 8.623     CC       iplink_bridge.o
#23 8.783     CC       iplink_bridge_slave.o
#23 8.876     CC       iplink_dsa.o
#23 8.906     CC       ipfou.o
#23 8.919 In file included from ../include/libgenl.h:5,
#23 8.919                  from ipfou.c:18:
#23 8.919 ../include/libnetlink.h: In function 'rta_getattr_be64':
#23 8.919 ../include/libnetlink.h:280:16: warning: implicit declaration of function 'htobe64' [-Wimplicit-function-declaration]
#23 8.919   280 |         return htobe64(rta_getattr_u64(rta));
#23 8.919       |                ^~~~~~~
#23 8.985     CC       iplink_ipvlan.o
#23 9.023     CC       iplink_geneve.o
#23 9.110     CC       iplink_vrf.o
#23 9.160     CC       iproute_lwtunnel.o
#23 9.538     CC       ipmacsec.o
#23 9.789     CC       ipila.o
#23 9.802 In file included from ../include/libgenl.h:5,
#23 9.802                  from ipila.c:18:
#23 9.802 ../include/libnetlink.h: In function 'rta_getattr_be64':
#23 9.802 ../include/libnetlink.h:280:16: warning: implicit declaration of function 'htobe64' [-Wimplicit-function-declaration]
#23 9.802   280 |         return htobe64(rta_getattr_u64(rta));
#23 9.802       |                ^~~~~~~
#23 9.868     CC       ipvrf.o
#23 9.976     CC       iplink_xstats.o
#23 10.01     CC       ipseg6.o
#23 10.06     CC       iplink_netdevsim.o
#23 10.09     CC       iplink_rmnet.o
#23 10.12     CC       ipnexthop.o
#23 10.37     CC       ipmptcp.o
#23 10.50     CC       iplink_bareudp.o
#23 10.52 In file included from iplink_bareudp.c:9:
#23 10.52 ../include/libnetlink.h: In function 'rta_getattr_be64':
#23 10.52 ../include/libnetlink.h:280:16: warning: implicit declaration of function 'htobe64' [-Wimplicit-function-declaration]
#23 10.52   280 |         return htobe64(rta_getattr_u64(rta));
#23 10.52       |                ^~~~~~~
#23 10.56     CC       iplink_wwan.o
#23 10.59     CC       ipioam6.o
#23 10.66     CC       iplink_amt.o
#23 10.71     CC       iplink_batadv.o
#23 10.74     CC       iplink_gtp.o
#23 10.78     CC       iplink_virt_wifi.o
#23 10.80     CC       iplink_netkit.o
#23 10.84     CC       ipstats.o
#23 11.06     LINK     ip
#23 11.09     CC       rtmon.o
#23 11.14     LINK     rtmon
#23 11.15 
#23 11.15 tc
#23 11.16     CC       tc.o
#23 11.24     CC       tc_qdisc.o
#23 11.34     CC       tc_class.o
#23 11.45     CC       tc_filter.o
#23 11.61     CC       tc_util.o
#23 11.78     CC       tc_monitor.o
#23 11.82     CC       tc_exec.o
#23 11.86     CC       m_police.o
#23 11.96     CC       m_estimator.o
#23 11.99     CC       m_action.o
#23 12.14     CC       m_ematch.o
#23 12.25     YACC     emp_ematch.tab.c
#23 12.31     CC       emp_ematch.tab.o
#23 12.42     LEX      emp_ematch.lex.c
#23 12.43     CC       emp_ematch.lex.o
#23 12.60     CC       q_fifo.o
#23 12.63     CC       q_sfq.o
#23 12.71     CC       q_red.o
#23 12.78     CC       q_prio.o
#23 12.82     CC       q_skbprio.o
#23 12.86     CC       q_tbf.o
#23 12.95     CC       q_multiq.o
#23 12.98     CC       q_netem.o
#23 13.21     CC       q_choke.o
#23 13.28     CC       q_sfb.o
#23 13.33     CC       f_u32.o
#23 13.58     CC       f_route.o
#23 13.63     CC       f_fw.o
#23 13.68     CC       f_basic.o
#23 13.73     CC       f_bpf.o
#23 13.80     CC       f_flow.o
#23 13.89     CC       f_cgroup.o
#23 13.93     CC       f_flower.o
#23 13.94 In file included from ../include/uapi/linux/netdevice.h:29,
#23 13.94                  from ../include/uapi/linux/if_arp.h:27,
#23 13.94                  from f_flower.c:14:
#23 13.94 ../include/uapi/linux/if.h:134: warning: "IFF_VOLATILE" redefined
#23 13.94   134 | #define IFF_VOLATILE    (IFF_LOOPBACK|IFF_POINTOPOINT|IFF_BROADCAST|IFF_ECHO|\
#23 13.94       | 
#23 13.94 In file included from f_flower.c:12:
#23 13.94 /usr/include/net/if.h:48: note: this is the location of the previous definition
#23 13.94    48 | #define IFF_VOLATILE (IFF_LOOPBACK|IFF_POINTOPOINT|IFF_BROADCAST| \
#23 13.94       | 
#23 14.47     CC       q_gred.o
#23 14.58     CC       q_ingress.o
#23 14.61     CC       q_hfsc.o
#23 14.71     CC       q_htb.o
#23 14.80     CC       q_drr.o
#23 14.84     CC       q_qfq.o
#23 14.88     CC       m_gact.o
#23 14.93     CC       m_mirred.o
#23 15.00     CC       m_mpls.o
#23 15.08     CC       m_nat.o
#23 15.13     CC       m_pedit.o
#23 15.26     CC       m_ife.o
#23 15.34     CC       m_skbedit.o
#23 15.41     CC       m_skbmod.o
#23 15.46     CC       m_csum.o
#23 15.52     CC       m_simple.o
#23 15.57     CC       m_vlan.o
#23 15.63     CC       m_connmark.o
#23 15.67     CC       m_ctinfo.o
#23 15.72     CC       m_bpf.o
#23 15.78     CC       m_tunnel_key.o
#23 15.89     CC       m_sample.o
#23 15.94     CC       m_ct.o
#23 16.04     CC       m_gate.o
#23 16.13     CC       p_ip.o
#23 16.17     CC       p_ip6.o
#23 16.20     CC       p_icmp.o
#23 16.23     CC       p_eth.o
#23 16.25     CC       p_tcp.o
#23 16.28     CC       p_udp.o
#23 16.31     CC       em_nbyte.o
#23 16.35     CC       em_cmp.o
#23 16.41     CC       em_u32.o
#23 16.46     CC       em_canid.o
#23 16.50     CC       em_meta.o
#23 16.61     CC       q_mqprio.o
#23 16.72     CC       q_codel.o
#23 16.79     CC       q_fq_codel.o
#23 16.86     CC       q_fq.o
#23 16.98     CC       q_pie.o
#23 17.04     CC       q_fq_pie.o
#23 17.11     CC       q_cake.o
#23 17.30     CC       q_hhf.o
#23 17.36     CC       q_clsact.o
#23 17.38     CC       e_bpf.o
#23 17.44     CC       f_matchall.o
#23 17.48     CC       q_cbs.o
#23 17.53     CC       q_etf.o
#23 17.57     CC       q_taprio.o
#23 17.69     CC       q_plug.o
#23 17.72     CC       q_ets.o
#23 17.80     CC       em_ipt.o
#23 17.82 In file included from tc_util.h:7,
#23 17.82                  from m_ematch.h:11,
#23 17.82                  from em_ipt.c:13:
#23 17.82 ../include/uapi/linux/if.h:134: warning: "IFF_VOLATILE" redefined
#23 17.82   134 | #define IFF_VOLATILE    (IFF_LOOPBACK|IFF_POINTOPOINT|IFF_BROADCAST|IFF_ECHO|\
#23 17.82       | 
#23 17.82 In file included from ../include/xtables.h:17,
#23 17.82                  from em_ipt.c:12:
#23 17.82 /usr/include/net/if.h:48: note: this is the location of the previous definition
#23 17.82    48 | #define IFF_VOLATILE (IFF_LOOPBACK|IFF_POINTOPOINT|IFF_BROADCAST| \
#23 17.82       | 
#23 17.84     CC       em_ipset.o
#23 17.86 In file included from tc_util.h:7,
#23 17.86                  from m_ematch.h:11,
#23 17.86                  from em_ipset.c:39:
#23 17.86 ../include/uapi/linux/if.h:134: warning: "IFF_VOLATILE" redefined
#23 17.86   134 | #define IFF_VOLATILE    (IFF_LOOPBACK|IFF_POINTOPOINT|IFF_BROADCAST|IFF_ECHO|\
#23 17.86       | 
#23 17.86 In file included from ../include/xtables.h:17,
#23 17.86                  from em_ipset.c:23:
#23 17.86 /usr/include/net/if.h:48: note: this is the location of the previous definition
#23 17.86    48 | #define IFF_VOLATILE (IFF_LOOPBACK|IFF_POINTOPOINT|IFF_BROADCAST| \
#23 17.86       | 
#23 17.90     CC       tc_core.o
#23 17.96     CC       tc_red.o
#23 18.01     CC       tc_estimator.o
#23 18.04     CC       tc_stab.o
#23 18.09     CC       tc_qevent.o
#23 18.10 In file included from tc_qevent.h:7,
#23 18.10                  from tc_qevent.c:10:
#23 18.10 ../include/libnetlink.h: In function 'rta_getattr_be64':
#23 18.10 ../include/libnetlink.h:280:16: warning: implicit declaration of function 'htobe64' [-Wimplicit-function-declaration]
#23 18.10   280 |         return htobe64(rta_getattr_u64(rta));
#23 18.10       |                ^~~~~~~
#23 18.15     AR       libtc.a
#23 18.15     LINK     tc
#23 18.18 rm emp_ematch.lex.c
#23 18.18 
#23 18.18 bridge
#23 18.19     CC       bridge.o
#23 18.25     CC       fdb.o
#23 18.26 In file included from fdb.c:28:
#23 18.26 ../include/libnetlink.h: In function 'rta_getattr_be64':
#23 18.26 ../include/libnetlink.h:280:16: warning: implicit declaration of function 'htobe64' [-Wimplicit-function-declaration]
#23 18.26   280 |         return htobe64(rta_getattr_u64(rta));
#23 18.26       |                ^~~~~~~
#23 18.42     CC       monitor.o
#23 18.47     CC       link.o
#23 18.48 In file included from link.c:16:
#23 18.48 ../include/libnetlink.h: In function 'rta_getattr_be64':
#23 18.48 ../include/libnetlink.h:280:16: warning: implicit declaration of function 'htobe64' [-Wimplicit-function-declaration]
#23 18.48   280 |         return htobe64(rta_getattr_u64(rta));
#23 18.48       |                ^~~~~~~
#23 18.62     CC       mdb.o
#23 18.64 In file included from mdb.c:20:
#23 18.64 ../include/libnetlink.h: In function 'rta_getattr_be64':
#23 18.64 ../include/libnetlink.h:280:16: warning: implicit declaration of function 'htobe64' [-Wimplicit-function-declaration]
#23 18.64   280 |         return htobe64(rta_getattr_u64(rta));
#23 18.64       |                ^~~~~~~
#23 18.82     CC       vlan.o
#23 18.83 In file included from vlan.c:16:
#23 18.83 ../include/libnetlink.h: In function 'rta_getattr_be64':
#23 18.83 ../include/libnetlink.h:280:16: warning: implicit declaration of function 'htobe64' [-Wimplicit-function-declaration]
#23 18.83   280 |         return htobe64(rta_getattr_u64(rta));
#23 18.83       |                ^~~~~~~
#23 19.05     CC       vni.o
#23 19.07 In file included from vni.c:21:
#23 19.07 ../include/libnetlink.h: In function 'rta_getattr_be64':
#23 19.07 ../include/libnetlink.h:280:16: warning: implicit declaration of function 'htobe64' [-Wimplicit-function-declaration]
#23 19.07   280 |         return htobe64(rta_getattr_u64(rta));
#23 19.07       |                ^~~~~~~
#23 19.14     LINK     bridge
#23 19.15 
#23 19.15 misc
#23 19.15     CC       ss.o
#23 19.17 In file included from ../include/uapi/linux/tipc.h:42,
#23 19.17                  from ss.c:49:
#23 19.17 ../include/uapi/linux/sockios.h:42: warning: "SIOCGSTAMP" redefined
#23 19.17    42 | #define SIOCGSTAMP      SIOCGSTAMP_OLD
#23 19.17       | 
#23 19.17 In file included from /usr/include/sys/ioctl.h:10,
#23 19.17                  from ss.c:12:
#23 19.17 /usr/include/bits/ioctl.h:111: note: this is the location of the previous definition
#23 19.17   111 | #define SIOCGSTAMP      0x8906
#23 19.17       | 
#23 19.17 ../include/uapi/linux/sockios.h:43: warning: "SIOCGSTAMPNS" redefined
#23 19.17    43 | #define SIOCGSTAMPNS    SIOCGSTAMPNS_OLD
#23 19.17       | 
#23 19.17 /usr/include/bits/ioctl.h:112: note: this is the location of the previous definition
#23 19.17   112 | #define SIOCGSTAMPNS    0x8907
#23 19.17       | 
#23 20.09     CC       ssfilter_check.o
#23 20.11 In file included from ssfilter_check.c:6:
#23 20.11 ../include/libnetlink.h: In function 'rta_getattr_be64':
#23 20.11 ../include/libnetlink.h:280:16: warning: implicit declaration of function 'htobe64' [-Wimplicit-function-declaration]
#23 20.11   280 |         return htobe64(rta_getattr_u64(rta));
#23 20.11       |                ^~~~~~~
#23 20.12     YACC     ssfilter.tab.c
#23 20.19     CC       ssfilter.tab.o
#23 20.29     LINK     ss
#23 20.31     CC       nstat
#23 20.45     CC       ifstat
#23 20.47 In file included from ifstat.c:30:
#23 20.47 ../include/libnetlink.h: In function 'rta_getattr_be64':
#23 20.47 ../include/libnetlink.h:280:16: warning: implicit declaration of function 'htobe64' [-Wimplicit-function-declaration]
#23 20.47   280 |         return htobe64(rta_getattr_u64(rta));
#23 20.47       |                ^~~~~~~
#23 20.63     CC       rtacct
#23 20.76     CC       lnstat.o
#23 20.83     CC       lnstat_util.o
#23 20.90     LINK     lnstat
#23 20.91 
#23 20.91 netem
#23 20.91 gcc  -I../include -o maketable maketable.c -lm
#23 20.95 gcc  -I../include -o normal normal.c -lm
#23 20.97 gcc  -I../include -o pareto pareto.c -lm
#23 21.00 gcc  -I../include -o paretonormal paretonormal.c -lm
#23 21.02 ./normal > normal.dist
#23 21.03 ./pareto > pareto.dist
#23 21.03 ./paretonormal > paretonormal.dist
#23 21.04 ./maketable experimental.dat > experimental.dist
#23 21.05 
#23 21.05 genl
#23 21.05     CC       genl.o
#23 21.09     CC       ctrl.o
#23 21.16     LINK     genl
#23 21.17 
#23 21.17 man
#23 21.17 make[2]: Nothing to be done for 'all'.
#23 21.17 make[2]: Nothing to be done for 'all'.
#23 21.18 sed \
#23 21.18 	-e "s|@NETNS_ETC_DIR@|/etc/netns|g" \
#23 21.18 	-e "s|@NETNS_RUN_DIR@|/var/run/netns|g" \
#23 21.18 	-e "s|@SYSCONF_ETC_DIR@|/etc/iproute2|g" \
#23 21.18 	-e "s|@SYSCONF_USR_DIR@|/usr/share/iproute2|g" \
#23 21.18 	ip-address.8.in > ip-address.8
#23 21.18 sed \
#23 21.18 	-e "s|@NETNS_ETC_DIR@|/etc/netns|g" \
#23 21.18 	-e "s|@NETNS_RUN_DIR@|/var/run/netns|g" \
#23 21.18 	-e "s|@SYSCONF_ETC_DIR@|/etc/iproute2|g" \
#23 21.18 	-e "s|@SYSCONF_USR_DIR@|/usr/share/iproute2|g" \
#23 21.18 	ip-link.8.in > ip-link.8
#23 21.18 sed \
#23 21.18 	-e "s|@NETNS_ETC_DIR@|/etc/netns|g" \
#23 21.18 	-e "s|@NETNS_RUN_DIR@|/var/run/netns|g" \
#23 21.18 	-e "s|@SYSCONF_ETC_DIR@|/etc/iproute2|g" \
#23 21.18 	-e "s|@SYSCONF_USR_DIR@|/usr/share/iproute2|g" \
#23 21.18 	ip-netns.8.in > ip-netns.8
#23 21.18 sed \
#23 21.18 	-e "s|@NETNS_ETC_DIR@|/etc/netns|g" \
#23 21.18 	-e "s|@NETNS_RUN_DIR@|/var/run/netns|g" \
#23 21.18 	-e "s|@SYSCONF_ETC_DIR@|/etc/iproute2|g" \
#23 21.18 	-e "s|@SYSCONF_USR_DIR@|/usr/share/iproute2|g" \
#23 21.18 	ip-route.8.in > ip-route.8
#23 21.19 
#23 21.19 tipc
#23 21.19     CC       bearer.o
#23 21.38     CC       cmdl.o
#23 21.41     CC       link.o
#23 21.61     CC       media.o
#23 21.67     CC       misc.o
#23 21.72     CC       msg.o
#23 21.74     CC       nametable.o
#23 21.78     CC       node.o
#23 21.87     CC       socket.o
#23 21.90     CC       peer.o
#23 21.94     CC       tipc.o
#23 21.97     LINK     tipc
#23 21.98 
#23 21.98 devlink
#23 21.99     CC       devlink.o
#23 23.64     CC       mnlg.o
#23 23.66 In file included from mnlg.c:16:
#23 23.66 ../include/libnetlink.h: In function 'rta_getattr_be64':
#23 23.66 ../include/libnetlink.h:280:16: warning: implicit declaration of function 'htobe64' [-Wimplicit-function-declaration]
#23 23.66   280 |         return htobe64(rta_getattr_u64(rta));
#23 23.66       |                ^~~~~~~
#23 23.69     LINK     devlink
#23 23.70 
#23 23.70 rdma
#23 23.70     CC       rdma.o
#23 23.72 rdma.c: In function 'main':
#23 23.72 rdma.c:110:20: warning: implicit declaration of function 'basename'; did you mean 'rename'? [-Wimplicit-function-declaration]
#23 23.72   110 |         filename = basename(argv[0]);
#23 23.72       |                    ^~~~~~~~
#23 23.72       |                    rename
#23 23.72 rdma.c:110:18: warning: assignment to 'char *' from 'int' makes pointer from integer without a cast [-Wint-conversion]
#23 23.72   110 |         filename = basename(argv[0]);
#23 23.72       |                  ^
#23 23.75     CC       utils.o
#23 23.93     CC       dev.o
#23 24.01     CC       link.o
#23 24.10     CC       res.o
#23 24.23     CC       res-pd.o
#23 24.27     CC       res-mr.o
#23 24.32     CC       res-cq.o
#23 24.36     CC       res-cmid.o
#23 24.42     CC       res-qp.o
#23 24.48     CC       sys.o
#23 24.53     CC       stat.o
#23 24.75     CC       stat-mr.o
#23 24.79     CC       res-ctx.o
#23 24.83     CC       res-srq.o
#23 24.90     LINK     rdma
#23 24.92 
#23 24.92 dcb
#23 24.92     CC       dcb.o
#23 24.93 In file included from ../include/namespace.h:10,
#23 24.93                  from dcb.c:11:
#23 24.93 ../include/libnetlink.h: In function 'rta_getattr_be64':
#23 24.93 ../include/libnetlink.h:280:16: warning: implicit declaration of function 'htobe64' [-Wimplicit-function-declaration]
#23 24.93   280 |         return htobe64(rta_getattr_u64(rta));
#23 24.93       |                ^~~~~~~
#23 25.04     CC       dcb_app.o
#23 25.23     CC       dcb_buffer.o
#23 25.29     CC       dcb_dcbx.o
#23 25.34     CC       dcb_ets.o
#23 25.42     CC       dcb_maxrate.o
#23 25.47     CC       dcb_pfc.o
#23 25.53     CC       dcb_apptrust.o
#23 25.59     CC       dcb_rewr.o
#23 25.68     LINK     dcb
#23 25.70 
#23 25.70 vdpa
#23 25.70     CC       vdpa.o
#23 25.86     LINK     vdpa
#23 DONE 25.9s

#24 [20/22] RUN git clone --no-single-branch --depth=1 https://github.com/linux-netdev/testing.git /nipa-data/kernel
#24 0.434 Cloning into '/nipa-data/kernel'...
#24 25.49 Updating files:  15% (13307/83283)Updating files:  16% (13326/83283)Updating files:  17% (14159/83283)Updating files:  18% (14991/83283)Updating files:  19% (15824/83283)Updating files:  20% (16657/83283)Updating files:  21% (17490/83283)Updating files:  22% (18323/83283)Updating files:  23% (19156/83283)Updating files:  24% (19988/83283)Updating files:  25% (20821/83283)Updating files:  26% (21654/83283)Updating files:  27% (22487/83283)Updating files:  28% (23320/83283)Updating files:  29% (24153/83283)Updating files:  30% (24985/83283)Updating files:  31% (25818/83283)Updating files:  32% (26651/83283)Updating files:  32% (27039/83283)Updating files:  33% (27484/83283)Updating files:  34% (28317/83283)Updating files:  35% (29150/83283)Updating files:  36% (29982/83283)Updating files:  37% (30815/83283)Updating files:  38% (31648/83283)Updating files:  39% (32481/83283)Updating files:  40% (33314/83283)Updating files:  40% (33494/83283)Updating files:  41% (34147/83283)Updating files:  42% (34979/83283)Updating files:  43% (35812/83283)Updating files:  44% (36645/83283)Updating files:  45% (37478/83283)Updating files:  46% (38311/83283)Updating files:  47% (39144/83283)Updating files:  47% (39809/83283)Updating files:  48% (39976/83283)Updating files:  49% (40809/83283)Updating files:  50% (41642/83283)Updating files:  51% (42475/83283)Updating files:  52% (43308/83283)Updating files:  53% (44140/83283)Updating files:  54% (44973/83283)Updating files:  55% (45806/83283)Updating files:  56% (46639/83283)Updating files:  57% (47472/83283)Updating files:  58% (48305/83283)Updating files:  59% (49137/83283)Updating files:  60% (49970/83283)Updating files:  61% (50803/83283)Updating files:  61% (51509/83283)Updating files:  62% (51636/83283)Updating files:  63% (52469/83283)Updating files:  64% (53302/83283)Updating files:  65% (54134/83283)Updating files:  66% (54967/83283)Updating files:  67% (55800/83283)Updating files:  68% (56633/83283)Updating files:  69% (57466/83283)Updating files:  70% (58299/83283)Updating files:  71% (59131/83283)Updating files:  72% (59964/83283)Updating files:  73% (60797/83283)Updating files:  74% (61630/83283)Updating files:  75% (62463/83283)Updating files:  76% (63296/83283)Updating files:  77% (64128/83283)Updating files:  78% (64961/83283)Updating files:  79% (65794/83283)Updating files:  79% (65923/83283)Updating files:  80% (66627/83283)Updating files:  81% (67460/83283)Updating files:  82% (68293/83283)Updating files:  83% (69125/83283)Updating files:  84% (69958/83283)Updating files:  85% (70791/83283)Updating files:  86% (71624/83283)Updating files:  87% (72457/83283)Updating files:  88% (73290/83283)Updating files:  89% (74122/83283)Updating files:  90% (74955/83283)Updating files:  91% (75788/83283)Updating files:  92% (76621/83283)Updating files:  93% (77454/83283)Updating files:  94% (78287/83283)Updating files:  95% (79119/83283)Updating files:  96% (79952/83283)Updating files:  97% (80785/83283)Updating files:  98% (81618/83283)Updating files:  99% (82451/83283)Updating files:  99% (82620/83283)Updating files: 100% (83283/83283)Updating files: 100% (83283/83283), done.
#24 DONE 33.3s

#25 [21/22] RUN git clone --depth=1 -b main https://github.com/p4tc-dev/new-nipa.git nipa
#25 0.338 Cloning into 'nipa'...
#25 DONE 0.6s

#26 [22/22] COPY entrypoint.sh /entrypoint.sh
#26 DONE 0.0s

#27 exporting to image
#27 exporting layers
#27 exporting layers 6.1s done
#27 writing image sha256:b70862b3dde14f1fad3dc848a4eaef9e847a85177ae4a89c84e6147e6fc53c51 0.1s done
#27 naming to docker.io/library/nipa-executor
#27 naming to docker.io/library/nipa-executor 0.3s done
#27 DONE 6.5s
=== >>> DEBUG KERNEL <<< ===
NIPA version: 1b9c21a (ui: set canvas background color to stand out, 2024-03-28)
INFO: Last run date: 2024-07-03 06:00:17.093515+00:00
Testing  {'branch': 'net-next-2024-07-03--09-00', 'date': '2024-07-03T09:00:09.335911+00:00', 'base': '3ab977eb38e65e81886c670e9841832db02001d2', 'url': 'https://github.com/linux-netdev/testing.git net-next-2024-07-03--09-00'}
Updating files: 100% (22353/22353), done.
branch 'net-next-2024-07-03--09-00' set up to track 'origin/net-next-2024-07-03--09-00'.
Switched to a new branch 'net-next-2024-07-03--09-00'
error: No valid patches in input (allow with "--allow-empty")
Checking patch tools/testing/selftests/tc-testing/tdc_config.py...
Applied patch tools/testing/selftests/tc-testing/tdc_config.py cleanly.
Run at 2024-07-03 09:24:27.411217
INFO: building kernel
INFO: starting VM 0
INFO: thr0-0 VM starting: vng -v -r arch/x86/boot/bzImage --user root --rwdir=/nipa-data/kernel/
INFO: thr0-0 expecting prompt: '/nipa-data/kernel# '
INFO: thr0-0 reached initial prompt
INFO: thr-0 testing == tdc.sh
INFO: thr-0 tdc.sh >> retcode: 0 result: pass found {'fail': False, 'skip': False, 'pass': True}
INFO: thr-0 has no more work, exiting
INFO: thr0-0 VM stopped
Done at 2024-07-03 09:29:15.223369
NIPA quitting!
/
~/nipa/tc-executor/tc-executor-storage /
sort: write failed: 'standard output': Broken pipe
sort: write error
