~/nipa/tc-executor/tc-executor-storage /
Switched to branch 'storage'
Your branch is ahead of 'origin/storage' by 504 commits.
  (use "git push" to publish your local commits)
/
~/nipa/tc-executor /
Error response from daemon: No such image: nipa-executor:latest
#0 building with "default" instance using docker driver

#1 [internal] load build definition from Dockerfile
#1 transferring dockerfile: 2.05kB done
#1 DONE 0.0s

#2 [internal] load .dockerignore
#2 transferring context: 2B done
#2 DONE 0.0s

#3 [internal] load metadata for docker.io/library/alpine:edge
#3 DONE 0.0s

#4 [ 1/22] FROM docker.io/library/alpine:edge
#4 CACHED

#5 [internal] load build context
#5 transferring context: 3.02kB done
#5 DONE 0.0s

#6 [ 2/22] RUN echo false > debug-mode
#6 DONE 0.6s

#7 [ 3/22] RUN addgroup -g 1001 hostuser
#7 DONE 0.4s

#8 [ 4/22] RUN adduser -u 1001 -G hostuser -H -D -s /bin/ash hostuser
#8 DONE 0.4s

#9 [ 5/22] RUN echo '@testing http://dl-cdn.alpinelinux.org/alpine/edge/testing' >> /etc/apk/repositories
#9 DONE 0.4s

#10 [ 6/22] RUN echo '@community http://dl-cdn.alpinelinux.org/alpine/edge/community' >> /etc/apk/repositories
#10 DONE 0.4s

#11 [ 7/22] RUN apk update && apk add --no-cache    virtme-ng@testing    git    py3-requests    py3-psutil    py3-setuptools    py3-pyroute2    py3-argcomplete    qemu-system-x86_64@community    scapy@community    make    gcc    musl-dev    flex    bison    linux-headers    elfutils-dev    util-linux    coreutils    diffutils    findutils    file    bash    kmod    perl    iptables-dev    libcap-dev    libmnl-dev    iproute2     jq    libbpf-dev    rsync    openssl-dev
#11 0.395 fetch https://dl-cdn.alpinelinux.org/alpine/edge/main/x86_64/APKINDEX.tar.gz
#11 0.617 fetch https://dl-cdn.alpinelinux.org/alpine/edge/community/x86_64/APKINDEX.tar.gz
#11 0.816 fetch http://dl-cdn.alpinelinux.org/alpine/edge/testing/x86_64/APKINDEX.tar.gz
#11 1.022 fetch http://dl-cdn.alpinelinux.org/alpine/edge/community/x86_64/APKINDEX.tar.gz
#11 1.258 v20240329-2012-g05cfd758937 [https://dl-cdn.alpinelinux.org/alpine/edge/main]
#11 1.258 v20240329-1930-g4ade08a7778 [https://dl-cdn.alpinelinux.org/alpine/edge/community]
#11 1.258 v20240329-1902-g0f9b6048881 [http://dl-cdn.alpinelinux.org/alpine/edge/testing]
#11 1.258 v20240329-1930-g4ade08a7778 [http://dl-cdn.alpinelinux.org/alpine/edge/community]
#11 1.258 OK: 31124 distinct packages available
#11 1.317 fetch https://dl-cdn.alpinelinux.org/alpine/edge/main/x86_64/APKINDEX.tar.gz
#11 1.421 fetch https://dl-cdn.alpinelinux.org/alpine/edge/community/x86_64/APKINDEX.tar.gz
#11 1.508 fetch http://dl-cdn.alpinelinux.org/alpine/edge/testing/x86_64/APKINDEX.tar.gz
#11 1.603 fetch http://dl-cdn.alpinelinux.org/alpine/edge/community/x86_64/APKINDEX.tar.gz
#11 1.834 (1/176) Upgrading musl (1.2.4_git20230717-r5 -> 1.2.5-r0)
#11 1.851 (2/176) Upgrading libcrypto3 (3.1.4-r2 -> 3.3.0-r1)
#11 1.888 (3/176) Upgrading libssl3 (3.1.4-r2 -> 3.3.0-r1)
#11 1.906 (4/176) Upgrading zlib (1.3-r2 -> 1.3.1-r1)
#11 1.918 (5/176) Installing ncurses-terminfo-base (6.4_p20240330-r0)
#11 1.932 (6/176) Installing libncursesw (6.4_p20240330-r0)
#11 1.953 (7/176) Installing readline (8.2.10-r0)
#11 1.969 (8/176) Installing bash (5.2.26-r0)
#11 1.989 Executing bash-5.2.26-r0.post-install
#11 1.991 (9/176) Installing m4 (1.4.19-r3)
#11 2.006 (10/176) Installing bison (3.8.2-r1)
#11 2.027 (11/176) Installing coreutils-env (9.5-r1)
#11 2.039 (12/176) Installing coreutils-fmt (9.5-r1)
#11 2.051 (13/176) Installing coreutils-sha512sum (9.5-r1)
#11 2.064 (14/176) Installing libacl (2.3.2-r0)
#11 2.075 (15/176) Installing libattr (2.5.2-r0)
#11 2.087 (16/176) Installing skalibs (2.14.1.1-r0)
#11 2.101 (17/176) Installing utmps-libs (0.1.2.2-r1)
#11 2.113 (18/176) Installing coreutils (9.5-r1)
#11 2.137 (19/176) Installing diffutils (3.10-r0)
#11 2.151 (20/176) Installing zstd-libs (1.5.6-r0)
#11 2.168 (21/176) Installing libelf (0.191-r0)
#11 2.181 (22/176) Installing libbz2 (1.0.8-r6)
#11 2.260 (23/176) Installing musl-fts (1.2.7-r6)
#11 2.272 (24/176) Installing xz-libs (5.6.1-r3)
#11 2.286 (25/176) Installing libdw (0.191-r0)
#11 2.301 (26/176) Installing libasm (0.191-r0)
#11 2.313 (27/176) Installing xz (5.6.1-r3)
#11 2.328 (28/176) Installing pkgconf (2.2.0-r0)
#11 2.341 (29/176) Installing xz-dev (5.6.1-r3)
#11 2.354 (30/176) Installing libgcc (13.2.1_git20240309-r0)
#11 2.368 (31/176) Installing libstdc++ (13.2.1_git20240309-r0)
#11 2.392 (32/176) Installing zstd (1.5.6-r0)
#11 2.407 (33/176) Installing zstd-dev (1.5.6-r0)
#11 2.420 (34/176) Installing zlib-dev (1.3.1-r1)
#11 2.433 (35/176) Installing elfutils-dev (0.191-r0)
#11 2.454 (36/176) Installing libmagic (5.45-r1)
#11 2.492 (37/176) Installing file (5.45-r1)
#11 2.504 (38/176) Installing findutils (4.9.0-r5)
#11 2.519 (39/176) Installing flex (2.6.4-r6)
#11 2.533 (40/176) Installing jansson (2.14-r4)
#11 2.545 (41/176) Installing binutils (2.42-r0)
#11 2.602 (42/176) Installing libgomp (13.2.1_git20240309-r0)
#11 2.617 (43/176) Installing libatomic (13.2.1_git20240309-r0)
#11 2.629 (44/176) Installing gmp (6.3.0-r0)
#11 2.644 (45/176) Installing isl26 (0.26-r1)
#11 2.669 (46/176) Installing mpfr4 (4.2.1-r0)
#11 2.685 (47/176) Installing mpc1 (1.3.1-r1)
#11 2.697 (48/176) Installing gcc (13.2.1_git20240309-r0)
#11 3.159 (49/176) Installing ca-certificates (20240226-r0)
#11 3.182 (50/176) Installing brotli-libs (1.1.0-r2)
#11 3.204 (51/176) Installing c-ares (1.28.1-r0)
#11 3.217 (52/176) Installing libunistring (1.2-r0)
#11 3.237 (53/176) Installing libidn2 (2.3.7-r0)
#11 3.251 (54/176) Installing nghttp2-libs (1.61.0-r0)
#11 3.265 (55/176) Installing libpsl (0.21.5-r1)
#11 3.283 (56/176) Installing libcurl (8.7.1-r0)
#11 3.300 (57/176) Installing libexpat (2.6.2-r0)
#11 3.313 (58/176) Installing pcre2 (10.43-r0)
#11 3.330 (59/176) Installing git (2.44.0-r2)
#11 3.386 (60/176) Installing git-init-template (2.44.0-r2)
#11 3.399 (61/176) Installing libcap2 (2.69-r1)
#11 3.412 (62/176) Installing libmnl (1.0.5-r2)
#11 3.423 (63/176) Installing iproute2-minimal (6.8.0-r0)
#11 3.440 (64/176) Installing libxtables (1.8.10-r3)
#11 3.453 (65/176) Installing iproute2-tc (6.8.0-r0)
#11 3.469 (66/176) Installing iproute2-ss (6.8.0-r0)
#11 3.482 (67/176) Installing iproute2 (6.8.0-r0)
#11 3.498 Executing iproute2-6.8.0-r0.post-install
#11 3.502 (68/176) Installing linux-headers (6.6-r0)
#11 3.598 (69/176) Installing libip4tc (1.8.10-r3)
#11 3.625 (70/176) Installing libip6tc (1.8.10-r3)
#11 3.639 (71/176) Installing libipq (1.8.10-r3)
#11 3.651 (72/176) Installing iptables-dev (1.8.10-r3)
#11 3.665 (73/176) Installing oniguruma (6.9.9-r0)
#11 3.680 (74/176) Installing jq (1.7.1-r0)
#11 3.698 (75/176) Installing kmod (32-r0)
#11 3.715 (76/176) Installing libbpf (1.4.0-r0)
#11 3.729 (77/176) Installing libbpf-dev (1.4.0-r0)
#11 3.748 (78/176) Installing libcap-dev (2.69-r1)
#11 3.760 (79/176) Installing libmnl-dev (1.0.5-r2)
#11 3.772 (80/176) Installing make (4.4.1-r2)
#11 3.787 (81/176) Installing musl-dev (1.2.5-r0)
#11 3.852 (82/176) Installing openssl-dev (3.3.0-r1)
#11 3.881 (83/176) Installing perl (5.38.2-r0)
#11 4.105 (84/176) Installing perl-error (0.17029-r2)
#11 4.117 (85/176) Installing perl-git (2.44.0-r2)
#11 4.130 (86/176) Installing git-perl (2.44.0-r2)
#11 4.142 (87/176) Installing libffi (3.4.6-r0)
#11 4.155 (88/176) Installing gdbm (1.23-r1)
#11 4.167 (89/176) Installing mpdecimal (4.0.0-r0)
#11 4.181 (90/176) Installing libpanelw (6.4_p20240330-r0)
#11 4.193 (91/176) Installing sqlite-libs (3.45.3-r0)
#11 4.215 (92/176) Installing python3 (3.12.3-r1)
#11 4.367 (93/176) Installing python3-pycache-pyc0 (3.12.3-r1)
#11 4.472 (94/176) Installing pyc (3.12.3-r1)
#11 4.483 (95/176) Installing py3-argcomplete-pyc (3.3.0-r0)
#11 4.497 (96/176) Installing python3-pyc (3.12.3-r1)
#11 4.508 (97/176) Installing py3-argcomplete (3.3.0-r0)
#11 4.522 (98/176) Installing py3-psutil (5.9.8-r1)
#11 4.538 (99/176) Installing py3-psutil-pyc (5.9.8-r1)
#11 4.560 (100/176) Installing py3-pyroute2 (0.7.12-r1)
#11 4.594 (101/176) Installing py3-pyroute2-pyc (0.7.12-r1)
#11 4.632 (102/176) Installing py3-certifi (2024.2.2-r1)
#11 4.645 (103/176) Installing py3-certifi-pyc (2024.2.2-r1)
#11 4.656 (104/176) Installing py3-charset-normalizer (3.3.2-r1)
#11 4.671 (105/176) Installing py3-charset-normalizer-pyc (3.3.2-r1)
#11 4.685 (106/176) Installing py3-idna (3.7-r0)
#11 4.699 (107/176) Installing py3-idna-pyc (3.7-r0)
#11 4.714 (108/176) Installing py3-urllib3 (1.26.18-r1)
#11 4.731 (109/176) Installing py3-urllib3-pyc (1.26.18-r1)
#11 4.750 (110/176) Installing py3-requests (2.31.0-r2)
#11 4.765 (111/176) Installing py3-requests-pyc (2.31.0-r2)
#11 4.779 (112/176) Installing py3-parsing (3.1.2-r1)
#11 4.794 (113/176) Installing py3-parsing-pyc (3.1.2-r1)
#11 4.811 (114/176) Installing py3-packaging (24.0-r1)
#11 4.824 (115/176) Installing py3-packaging-pyc (24.0-r1)
#11 4.838 (116/176) Installing py3-setuptools (69.5.1-r0)
#11 4.877 (117/176) Installing py3-setuptools-pyc (69.5.1-r0)
#11 4.921 (118/176) Installing libcap-ng (0.8.4-r0)
#11 4.933 (119/176) Installing libintl (0.22.5-r0)
#11 4.946 (120/176) Installing libeconf (0.6.2-r0)
#11 4.959 (121/176) Installing libblkid (2.40-r2)
#11 4.975 (122/176) Installing libmount (2.40-r2)
#11 4.989 (123/176) Installing glib (2.80.0-r3)
#11 5.033 (124/176) Installing numactl (2.0.18-r0)
#11 5.045 (125/176) Installing qemu (8.2.2-r0)
#11 5.060 Executing qemu-8.2.2-r0.pre-install
#11 5.126 Executing qemu-8.2.2-r0.post-install
#11 5.129 *
#11 5.129 * If you want to run VM as unprivileged user and let Qemu create tunX devices,
#11 5.129 * then you must add that user to the group "qemu".
#11 5.129 * If you use KVM for hardware-assisted virtualization, then you may also need
#11 5.129 * to add that user to the group "kvm".
#11 5.129 *
#11 5.129 (126/176) Installing qemu-bridge-helper (8.2.2-r0)
#11 5.146 (127/176) Installing libaio (0.3.113-r2)
#11 5.157 (128/176) Installing capstone (5.0.1-r4)
#11 5.197 (129/176) Installing nettle (3.9.1-r0)
#11 5.214 (130/176) Installing libtasn1 (4.19.0-r2)
#11 5.226 (131/176) Installing p11-kit (0.25.3-r0)
#11 5.245 (132/176) Installing gnutls (3.8.3-r0)
#11 5.268 (133/176) Installing libjpeg-turbo (3.0.2-r0)
#11 5.285 (134/176) Installing lzo (2.10-r5)
#11 5.299 (135/176) Installing pixman (0.43.2-r0)
#11 5.315 (136/176) Installing libpng (1.6.43-r0)
#11 5.329 (137/176) Installing libsasl (2.1.28-r6)
#11 5.342 (138/176) Installing libseccomp (2.5.5-r1)
#11 5.355 (139/176) Installing libslirp (4.7.0-r0)
#11 5.368 (140/176) Installing snappy (1.1.10-r2)
#11 5.380 (141/176) Installing liburing (2.5-r1)
#11 5.392 (142/176) Installing vde2-libs (2.3.3-r3)
#11 5.404 (143/176) Installing qemu-system-x86_64 (8.2.2-r0)
#11 5.520 (144/176) Installing lz4-libs (1.9.4-r5)
#11 5.533 (145/176) Installing popt (1.19-r3)
#11 5.545 (146/176) Installing libxxhash (0.8.2-r2)
#11 5.557 (147/176) Installing rsync (3.3.0-r0)
#11 5.573 (148/176) Installing scapy (2.5.0-r3)
#11 5.622 Executing scapy-2.5.0-r3.post-install
#11 5.624 *
#11 5.624 * Certain optional features of scapy also depend on the following packages:
#11 5.624 *     py3-matplotlib graphviz imagemagick py3-cryptography sox
#11 5.624 * And the following unpackaged dependencies:
#11 5.624 *     pyxi vpython-jupyter nmap<v4.23
#11 5.624 * More information can be found at https://scapy.readthedocs.io/en/latest/installation.html#optional-dependencies
#11 5.624 *
#11 5.624 (149/176) Installing scapy-pyc (2.5.0-r3)
#11 5.687 (150/176) Installing util-linux (2.40-r2)
#11 5.699 (151/176) Installing setarch (2.40-r2)
#11 5.710 (152/176) Installing libuuid (2.40-r2)
#11 5.722 (153/176) Installing libfdisk (2.40-r2)
#11 5.737 (154/176) Installing libsmartcols (2.40-r2)
#11 5.749 (155/176) Installing util-linux-misc (2.40-r2)
#11 5.779 (156/176) Installing linux-pam (1.6.0-r0)
#11 5.799 (157/176) Installing runuser (2.40-r2)
#11 5.812 (158/176) Installing mount (2.40-r2)
#11 5.824 (159/176) Installing losetup (2.40-r2)
#11 5.839 (160/176) Installing hexdump (2.40-r2)
#11 5.852 (161/176) Installing uuidgen (2.40-r2)
#11 5.864 (162/176) Installing blkid (2.40-r2)
#11 5.876 (163/176) Installing sfdisk (2.40-r2)
#11 5.889 (164/176) Installing mcookie (2.40-r2)
#11 5.900 (165/176) Installing agetty (2.40-r2)
#11 5.912 (166/176) Installing wipefs (2.40-r2)
#11 5.924 (167/176) Installing cfdisk (2.40-r2)
#11 5.936 (168/176) Installing umount (2.40-r2)
#11 5.948 (169/176) Installing flock (2.40-r2)
#11 5.959 (170/176) Installing lsblk (2.40-r2)
#11 5.972 (171/176) Installing setpriv (2.40-r2)
#11 5.984 (172/176) Installing logger (2.40-r2)
#11 5.995 (173/176) Installing partx (2.40-r2)
#11 6.010 (174/176) Installing fstrim (2.40-r2)
#11 6.022 (175/176) Installing findmnt (2.40-r2)
#11 6.036 (176/176) Installing virtme-ng@testing (1.23-r1)
#11 6.089 Executing busybox-1.36.1-r17.trigger
#11 6.093 Executing ca-certificates-20240226-r0.trigger
#11 6.116 Executing glib-2.80.0-r3.trigger
#11 6.123 OK: 383 MiB in 187 packages
#11 DONE 6.5s

#12 [ 8/22] RUN mkdir -p /tmp/kernel-patches &&     mkdir -p /tmp/iproute2-patches
#12 DONE 0.4s

#13 [ 9/22] COPY tdc.config /tmp
#13 DONE 0.0s

#14 [10/22] COPY tdc-debug.config /tmp
#14 DONE 0.1s

#15 [11/22] COPY kernel-patches /tmp/kernel-patches/
#15 DONE 0.0s

#16 [12/22] COPY iproute2-patches /tmp/iproute2-patches/
#16 DONE 0.0s

#17 [13/22] COPY configs /tmp/configs/
#17 DONE 0.0s

#18 [14/22] RUN git config --global user.email foo@bar.com
#18 DONE 0.3s

#19 [15/22] RUN git config --global user.name foo@bar.com
#19 DONE 0.4s

#20 [16/22] RUN git clone https://git.kernel.org/pub/scm/network/iproute2/iproute2-next.git /nipa-data/iproute2
#20 0.443 Cloning into '/nipa-data/iproute2'...
#20 DONE 1.9s

#21 [17/22] RUN cd /nipa-data/iproute2 && 	git remote add stable https://git.kernel.org/pub/scm/network/iproute2/iproute2.git && 	git fetch --all && 	git merge stable/main
#21 0.406 Fetching origin
#21 0.684 Fetching stable
#21 1.131 From https://git.kernel.org/pub/scm/network/iproute2/iproute2
#21 1.131  * [new branch]        codeql         -> stable/codeql
#21 1.131  * [new branch]        iproute2-4.1.x -> stable/iproute2-4.1.x
#21 1.131  * [new branch]        main           -> stable/main
#21 1.164 Auto-merging ip/iplink.c
#21 1.164 Auto-merging man/man8/ip-link.8.in
#21 1.178 Merge made by the 'ort' strategy.
#21 1.181  ip/iplink.c           | 2 +-
#21 1.181  man/man8/ip-link.8.in | 2 +-
#21 1.181  2 files changed, 2 insertions(+), 2 deletions(-)
#21 DONE 1.2s

#22 [18/22] RUN if [ "$(find /tmp/iproute2-patches/ -name *.patch)" ]; then  	cd /nipa-data/iproute2; 	git apply /tmp/iproute2-patches/*.patch;     fi
#22 DONE 0.4s

#23 [19/22] RUN cd /nipa-data/iproute2/ &&     ./configure &&     make
#23 0.354 TC schedulers
#23 0.356  IPT	using xtables
#23 0.383  IPSET  yes
#23 0.404 
#23 0.405 lib directory: /usr/lib
#23 0.405 libc has setns: yes
#23 0.425 libc has name_to_handle_at: yes
#23 0.447 SELinux support: no
#23 0.448 libtirpc support: no
#23 0.449 libbpf support: yes
#23 0.515 	libbpf version 1.4.0
#23 0.515 ELF support: yes
#23 0.517 libmnl support: yes
#23 0.518 Berkeley DB: no
#23 0.529 need for strlcpy: no
#23 0.550 libcap support: yes
#23 0.552 color output: never
#23 0.554 
#23 0.554 lib
#23 0.556     CC       libgenl.o
#23 0.597     CC       libnetlink.o
#23 0.901     CC       mnl_utils.o
#23 0.984     AR       libnetlink.a
#23 0.987     CC       utils.o
#23 1.371     CC       utils_math.o
#23 1.410     CC       rt_names.o
#23 1.571     CC       ll_map.o
#23 1.659     CC       ll_types.o
#23 1.671 In file included from ll_types.c:20:
#23 1.671 ../include/uapi/linux/sockios.h:42: warning: "SIOCGSTAMP" redefined
#23 1.671    42 | #define SIOCGSTAMP      SIOCGSTAMP_OLD
#23 1.671       | 
#23 1.671 In file included from /usr/include/sys/ioctl.h:10,
#23 1.671                  from ll_types.c:12:
#23 1.671 /usr/include/bits/ioctl.h:111: note: this is the location of the previous definition
#23 1.671   111 | #define SIOCGSTAMP      0x8906
#23 1.671       | 
#23 1.671 ../include/uapi/linux/sockios.h:43: warning: "SIOCGSTAMPNS" redefined
#23 1.671    43 | #define SIOCGSTAMPNS    SIOCGSTAMPNS_OLD
#23 1.671       | 
#23 1.671 /usr/include/bits/ioctl.h:112: note: this is the location of the previous definition
#23 1.671   112 | #define SIOCGSTAMPNS    0x8907
#23 1.671       | 
#23 1.686     CC       ll_proto.o
#23 1.698 In file included from ll_proto.c:21:
#23 1.698 ../include/uapi/linux/sockios.h:42: warning: "SIOCGSTAMP" redefined
#23 1.698    42 | #define SIOCGSTAMP      SIOCGSTAMP_OLD
#23 1.698       | 
#23 1.698 In file included from /usr/include/sys/ioctl.h:10,
#23 1.698                  from ll_proto.c:13:
#23 1.698 /usr/include/bits/ioctl.h:111: note: this is the location of the previous definition
#23 1.698   111 | #define SIOCGSTAMP      0x8906
#23 1.698       | 
#23 1.698 ../include/uapi/linux/sockios.h:43: warning: "SIOCGSTAMPNS" redefined
#23 1.698    43 | #define SIOCGSTAMPNS    SIOCGSTAMPNS_OLD
#23 1.698       | 
#23 1.698 /usr/include/bits/ioctl.h:112: note: this is the location of the previous definition
#23 1.698   112 | #define SIOCGSTAMPNS    0x8907
#23 1.698       | 
#23 1.712     CC       ll_addr.o
#23 1.724 In file included from ll_addr.c:20:
#23 1.724 ../include/uapi/linux/sockios.h:42: warning: "SIOCGSTAMP" redefined
#23 1.724    42 | #define SIOCGSTAMP      SIOCGSTAMP_OLD
#23 1.724       | 
#23 1.724 In file included from /usr/include/sys/ioctl.h:10,
#23 1.724                  from ll_addr.c:12:
#23 1.724 /usr/include/bits/ioctl.h:111: note: this is the location of the previous definition
#23 1.724   111 | #define SIOCGSTAMP      0x8906
#23 1.724       | 
#23 1.724 ../include/uapi/linux/sockios.h:43: warning: "SIOCGSTAMPNS" redefined
#23 1.724    43 | #define SIOCGSTAMPNS    SIOCGSTAMPNS_OLD
#23 1.724       | 
#23 1.724 /usr/include/bits/ioctl.h:112: note: this is the location of the previous definition
#23 1.724   112 | #define SIOCGSTAMPNS    0x8907
#23 1.724       | 
#23 1.751     CC       inet_proto.o
#23 1.788     CC       namespace.o
#23 1.839     CC       json_writer.o
#23 1.929     CC       json_print.o
#23 2.076     CC       json_print_math.o
#23 2.112     CC       names.o
#23 2.156     CC       color.o
#23 2.195     CC       bpf_legacy.o
#23 2.570     CC       bpf_glue.o
#23 2.605     CC       exec.o
#23 2.636     CC       fs.o
#23 2.708     CC       cg_map.o
#23 2.744     CC       ppp_proto.o
#23 2.773     CC       bpf_libbpf.o
#23 2.846     CC       selinux.o
#23 2.865     CC       ax25_ntop.o
#23 2.892     CC       rose_ntop.o
#23 2.905 In file included from rose_ntop.c:16:
#23 2.905 ../include/uapi/linux/sockios.h:42: warning: "SIOCGSTAMP" redefined
#23 2.905    42 | #define SIOCGSTAMP      SIOCGSTAMP_OLD
#23 2.905       | 
#23 2.905 In file included from /usr/include/sys/ioctl.h:10,
#23 2.905                  from rose_ntop.c:7:
#23 2.905 /usr/include/bits/ioctl.h:111: note: this is the location of the previous definition
#23 2.905   111 | #define SIOCGSTAMP      0x8906
#23 2.905       | 
#23 2.905 ../include/uapi/linux/sockios.h:43: warning: "SIOCGSTAMPNS" redefined
#23 2.905    43 | #define SIOCGSTAMPNS    SIOCGSTAMPNS_OLD
#23 2.905       | 
#23 2.905 /usr/include/bits/ioctl.h:112: note: this is the location of the previous definition
#23 2.905   112 | #define SIOCGSTAMPNS    0x8907
#23 2.905       | 
#23 2.920     CC       mpls_ntop.o
#23 2.949     CC       mpls_pton.o
#23 2.975     CC       netrom_ntop.o
#23 2.999     AR       libutil.a
#23 3.004 
#23 3.004 ip
#23 3.006     CC       ip.o
#23 3.083     CC       ipaddress.o
#23 3.096 In file included from ipaddress.c:26:
#23 3.096 ../include/uapi/linux/sockios.h:42: warning: "SIOCGSTAMP" redefined
#23 3.096    42 | #define SIOCGSTAMP      SIOCGSTAMP_OLD
#23 3.096       | 
#23 3.096 In file included from /usr/include/sys/ioctl.h:10,
#23 3.096                  from ipaddress.c:14:
#23 3.096 /usr/include/bits/ioctl.h:111: note: this is the location of the previous definition
#23 3.096   111 | #define SIOCGSTAMP      0x8906
#23 3.096       | 
#23 3.096 ../include/uapi/linux/sockios.h:43: warning: "SIOCGSTAMPNS" redefined
#23 3.096    43 | #define SIOCGSTAMPNS    SIOCGSTAMPNS_OLD
#23 3.096       | 
#23 3.096 /usr/include/bits/ioctl.h:112: note: this is the location of the previous definition
#23 3.096   112 | #define SIOCGSTAMPNS    0x8907
#23 3.096       | 
#23 3.507     CC       ipaddrlabel.o
#23 3.567     CC       iproute.o
#23 4.049     CC       iprule.o
#23 4.243     CC       ipnetns.o
#23 4.435     CC       rtm_map.o
#23 4.468     CC       iptunnel.o
#23 4.481 In file included from ../include/uapi/linux/if_tunnel.h:6,
#23 4.481                  from iptunnel.c:19:
#23 4.481 ../include/uapi/linux/if.h:134: warning: "IFF_VOLATILE" redefined
#23 4.481   134 | #define IFF_VOLATILE    (IFF_LOOPBACK|IFF_POINTOPOINT|IFF_BROADCAST|IFF_ECHO|\
#23 4.481       | 
#23 4.481 In file included from iptunnel.c:16:
#23 4.481 /usr/include/net/if.h:48: note: this is the location of the previous definition
#23 4.481    48 | #define IFF_VOLATILE (IFF_LOOPBACK|IFF_POINTOPOINT|IFF_BROADCAST| \
#23 4.481       | 
#23 4.624     CC       ip6tunnel.o
#23 4.732     CC       tunnel.o
#23 4.832     CC       ipneigh.o
#23 4.989     CC       ipntable.o
#23 5.099     CC       iplink.o
#23 5.395     CC       ipmaddr.o
#23 5.410 In file included from ipmaddr.c:21:
#23 5.410 ../include/uapi/linux/sockios.h:42: warning: "SIOCGSTAMP" redefined
#23 5.410    42 | #define SIOCGSTAMP      SIOCGSTAMP_OLD
#23 5.410       | 
#23 5.410 In file included from /usr/include/sys/ioctl.h:10,
#23 5.410                  from ipmaddr.c:12:
#23 5.410 /usr/include/bits/ioctl.h:111: note: this is the location of the previous definition
#23 5.410   111 | #define SIOCGSTAMP      0x8906
#23 5.410       | 
#23 5.410 ../include/uapi/linux/sockios.h:43: warning: "SIOCGSTAMPNS" redefined
#23 5.410    43 | #define SIOCGSTAMPNS    SIOCGSTAMPNS_OLD
#23 5.410       | 
#23 5.410 /usr/include/bits/ioctl.h:112: note: this is the location of the previous definition
#23 5.410   112 | #define SIOCGSTAMPNS    0x8907
#23 5.410       | 
#23 5.489     CC       ipmonitor.o
#23 5.574     CC       ipmroute.o
#23 5.586 In file included from ipmroute.c:22:
#23 5.586 ../include/uapi/linux/sockios.h:42: warning: "SIOCGSTAMP" redefined
#23 5.586    42 | #define SIOCGSTAMP      SIOCGSTAMP_OLD
#23 5.586       | 
#23 5.586 In file included from /usr/include/sys/ioctl.h:10,
#23 5.586                  from ipmroute.c:13:
#23 5.586 /usr/include/bits/ioctl.h:111: note: this is the location of the previous definition
#23 5.586   111 | #define SIOCGSTAMP      0x8906
#23 5.586       | 
#23 5.586 ../include/uapi/linux/sockios.h:43: warning: "SIOCGSTAMPNS" redefined
#23 5.586    43 | #define SIOCGSTAMPNS    SIOCGSTAMPNS_OLD
#23 5.586       | 
#23 5.586 /usr/include/bits/ioctl.h:112: note: this is the location of the previous definition
#23 5.586   112 | #define SIOCGSTAMPNS    0x8907
#23 5.586       | 
#23 5.645     CC       ipprefix.o
#23 5.675     CC       iptuntap.o
#23 5.778     CC       iptoken.o
#23 5.830     CC       ipxfrm.o
#23 6.120     CC       xfrm_state.o
#23 6.396     CC       xfrm_policy.o
#23 6.636     CC       xfrm_monitor.o
#23 6.713     CC       iplink_dummy.o
#23 6.735     CC       iplink_ifb.o
#23 6.756     CC       iplink_nlmon.o
#23 6.779     CC       iplink_team.o
#23 6.801     CC       iplink_vcan.o
#23 6.823     CC       iplink_vxcan.o
#23 6.851     CC       iplink_vlan.o
#23 6.933     CC       link_veth.o
#23 6.961     CC       link_gre.o
#23 6.972 In file included from ../include/uapi/linux/if_tunnel.h:6,
#23 6.972                  from link_gre.c:15:
#23 6.972 ../include/uapi/linux/if.h:134: warning: "IFF_VOLATILE" redefined
#23 6.972   134 | #define IFF_VOLATILE    (IFF_LOOPBACK|IFF_POINTOPOINT|IFF_BROADCAST|IFF_ECHO|\
#23 6.972       | 
#23 6.972 In file included from link_gre.c:9:
#23 6.972 /usr/include/net/if.h:48: note: this is the location of the previous definition
#23 6.972    48 | #define IFF_VOLATILE (IFF_LOOPBACK|IFF_POINTOPOINT|IFF_BROADCAST| \
#23 6.972       | 
#23 7.096     CC       iplink_can.o
#23 7.268     CC       iplink_xdp.o
#23 7.325     CC       iplink_macvlan.o
#23 7.393     CC       ipl2tp.o
#23 7.547     CC       link_vti.o
#23 7.558 In file included from ../include/uapi/linux/if_tunnel.h:6,
#23 7.558                  from link_vti.c:16:
#23 7.558 ../include/uapi/linux/if.h:134: warning: "IFF_VOLATILE" redefined
#23 7.558   134 | #define IFF_VOLATILE    (IFF_LOOPBACK|IFF_POINTOPOINT|IFF_BROADCAST|IFF_ECHO|\
#23 7.558       | 
#23 7.558 In file included from link_vti.c:10:
#23 7.558 /usr/include/net/if.h:48: note: this is the location of the previous definition
#23 7.558    48 | #define IFF_VOLATILE (IFF_LOOPBACK|IFF_POINTOPOINT|IFF_BROADCAST| \
#23 7.558       | 
#23 7.603     CC       link_vti6.o
#23 7.616 In file included from ../include/uapi/linux/if_tunnel.h:6,
#23 7.616                  from link_vti6.c:17:
#23 7.616 ../include/uapi/linux/if.h:134: warning: "IFF_VOLATILE" redefined
#23 7.616   134 | #define IFF_VOLATILE    (IFF_LOOPBACK|IFF_POINTOPOINT|IFF_BROADCAST|IFF_ECHO|\
#23 7.616       | 
#23 7.616 In file included from link_vti6.c:11:
#23 7.616 /usr/include/net/if.h:48: note: this is the location of the previous definition
#23 7.616    48 | #define IFF_VOLATILE (IFF_LOOPBACK|IFF_POINTOPOINT|IFF_BROADCAST| \
#23 7.616       | 
#23 7.674     CC       link_xfrm.o
#23 7.710     CC       iplink_vxlan.o
#23 7.868     CC       tcp_metrics.o
#23 7.975     CC       iplink_ipoib.o
#23 8.023     CC       ipnetconf.o
#23 8.075     CC       link_ip6tnl.o
#23 8.086 In file included from ../include/uapi/linux/if_tunnel.h:6,
#23 8.086                  from link_ip6tnl.c:15:
#23 8.086 ../include/uapi/linux/if.h:134: warning: "IFF_VOLATILE" redefined
#23 8.086   134 | #define IFF_VOLATILE    (IFF_LOOPBACK|IFF_POINTOPOINT|IFF_BROADCAST|IFF_ECHO|\
#23 8.086       | 
#23 8.086 In file included from link_ip6tnl.c:9:
#23 8.086 /usr/include/net/if.h:48: note: this is the location of the previous definition
#23 8.086    48 | #define IFF_VOLATILE (IFF_LOOPBACK|IFF_POINTOPOINT|IFF_BROADCAST| \
#23 8.086       | 
#23 8.171     CC       link_iptnl.o
#23 8.181 In file included from ../include/uapi/linux/if_tunnel.h:6,
#23 8.181                  from link_iptnl.c:16:
#23 8.181 ../include/uapi/linux/if.h:134: warning: "IFF_VOLATILE" redefined
#23 8.181   134 | #define IFF_VOLATILE    (IFF_LOOPBACK|IFF_POINTOPOINT|IFF_BROADCAST|IFF_ECHO|\
#23 8.181       | 
#23 8.181 In file included from link_iptnl.c:9:
#23 8.181 /usr/include/net/if.h:48: note: this is the location of the previous definition
#23 8.181    48 | #define IFF_VOLATILE (IFF_LOOPBACK|IFF_POINTOPOINT|IFF_BROADCAST| \
#23 8.181       | 
#23 8.267     CC       link_gre6.o
#23 8.278 In file included from ../include/uapi/linux/if_tunnel.h:6,
#23 8.278                  from link_gre6.c:15:
#23 8.278 ../include/uapi/linux/if.h:134: warning: "IFF_VOLATILE" redefined
#23 8.278   134 | #define IFF_VOLATILE    (IFF_LOOPBACK|IFF_POINTOPOINT|IFF_BROADCAST|IFF_ECHO|\
#23 8.278       | 
#23 8.278 In file included from link_gre6.c:9:
#23 8.278 /usr/include/net/if.h:48: note: this is the location of the previous definition
#23 8.278    48 | #define IFF_VOLATILE (IFF_LOOPBACK|IFF_POINTOPOINT|IFF_BROADCAST| \
#23 8.278       | 
#23 8.414     CC       iplink_bond.o
#23 8.601     CC       iplink_bond_slave.o
#23 8.654     CC       iplink_hsr.o
#23 8.700     CC       iplink_bridge.o
#23 8.866     CC       iplink_bridge_slave.o
#23 8.963     CC       iplink_dsa.o
#23 8.997     CC       ipfou.o
#23 9.089     CC       iplink_ipvlan.o
#23 9.134     CC       iplink_geneve.o
#23 9.234     CC       iplink_vrf.o
#23 9.282     CC       iproute_lwtunnel.o
#23 9.688     CC       ipmacsec.o
#23 9.945     CC       ipila.o
#23 10.03     CC       ipvrf.o
#23 10.15     CC       iplink_xstats.o
#23 10.18     CC       ipseg6.o
#23 10.23     CC       iplink_netdevsim.o
#23 10.25     CC       iplink_rmnet.o
#23 10.29     CC       ipnexthop.o
#23 10.53     CC       ipmptcp.o
#23 10.66     CC       iplink_bareudp.o
#23 10.70     CC       iplink_wwan.o
#23 10.73     CC       ipioam6.o
#23 10.80     CC       iplink_amt.o
#23 10.85     CC       iplink_batadv.o
#23 10.88     CC       iplink_gtp.o
#23 10.92     CC       iplink_virt_wifi.o
#23 10.94     CC       iplink_netkit.o
#23 10.98     CC       ipstats.o
#23 11.17     LINK     ip
#23 11.20     CC       rtmon.o
#23 11.25     LINK     rtmon
#23 11.27 
#23 11.27 tc
#23 11.27     CC       tc.o
#23 11.36     CC       tc_qdisc.o
#23 11.47     CC       tc_class.o
#23 11.59     CC       tc_filter.o
#23 11.74     CC       tc_util.o
#23 11.92     CC       tc_monitor.o
#23 11.96     CC       tc_exec.o
#23 12.01     CC       m_police.o
#23 12.09     CC       m_estimator.o
#23 12.12     CC       m_action.o
#23 12.30     CC       m_ematch.o
#23 12.41     YACC     emp_ematch.tab.c
#23 12.47     CC       emp_ematch.tab.o
#23 12.58     LEX      emp_ematch.lex.c
#23 12.59     CC       emp_ematch.lex.o
#23 12.75     CC       q_fifo.o
#23 12.79     CC       q_sfq.o
#23 12.86     CC       q_red.o
#23 12.93     CC       q_prio.o
#23 12.97     CC       q_skbprio.o
#23 13.02     CC       q_tbf.o
#23 13.10     CC       q_multiq.o
#23 13.14     CC       q_netem.o
#23 13.34     CC       q_choke.o
#23 13.41     CC       q_sfb.o
#23 13.47     CC       f_u32.o
#23 13.72     CC       f_route.o
#23 13.78     CC       f_fw.o
#23 13.83     CC       f_basic.o
#23 13.87     CC       f_bpf.o
#23 13.95     CC       f_flow.o
#23 14.04     CC       f_cgroup.o
#23 14.08     CC       f_flower.o
#23 14.09 In file included from ../include/uapi/linux/netdevice.h:29,
#23 14.09                  from ../include/uapi/linux/if_arp.h:27,
#23 14.09                  from f_flower.c:14:
#23 14.09 ../include/uapi/linux/if.h:134: warning: "IFF_VOLATILE" redefined
#23 14.09   134 | #define IFF_VOLATILE    (IFF_LOOPBACK|IFF_POINTOPOINT|IFF_BROADCAST|IFF_ECHO|\
#23 14.09       | 
#23 14.09 In file included from f_flower.c:12:
#23 14.09 /usr/include/net/if.h:48: note: this is the location of the previous definition
#23 14.09    48 | #define IFF_VOLATILE (IFF_LOOPBACK|IFF_POINTOPOINT|IFF_BROADCAST| \
#23 14.09       | 
#23 14.58     CC       q_gred.o
#23 14.69     CC       q_ingress.o
#23 14.71     CC       q_hfsc.o
#23 14.80     CC       q_htb.o
#23 14.90     CC       q_drr.o
#23 14.94     CC       q_qfq.o
#23 14.97     CC       m_gact.o
#23 15.02     CC       m_mirred.o
#23 15.11     CC       m_mpls.o
#23 15.18     CC       m_nat.o
#23 15.23     CC       m_pedit.o
#23 15.37     CC       m_ife.o
#23 15.45     CC       m_skbedit.o
#23 15.51     CC       m_skbmod.o
#23 15.57     CC       m_csum.o
#23 15.63     CC       m_simple.o
#23 15.67     CC       m_vlan.o
#23 15.74     CC       m_connmark.o
#23 15.78     CC       m_ctinfo.o
#23 15.83     CC       m_bpf.o
#23 15.89     CC       m_tunnel_key.o
#23 16.02     CC       m_sample.o
#23 16.06     CC       m_ct.o
#23 16.17     CC       m_gate.o
#23 16.26     CC       p_ip.o
#23 16.30     CC       p_ip6.o
#23 16.33     CC       p_icmp.o
#23 16.36     CC       p_eth.o
#23 16.39     CC       p_tcp.o
#23 16.42     CC       p_udp.o
#23 16.45     CC       em_nbyte.o
#23 16.49     CC       em_cmp.o
#23 16.55     CC       em_u32.o
#23 16.61     CC       em_canid.o
#23 16.66     CC       em_meta.o
#23 16.77     CC       q_mqprio.o
#23 16.89     CC       q_codel.o
#23 16.94     CC       q_fq_codel.o
#23 17.02     CC       q_fq.o
#23 17.14     CC       q_pie.o
#23 17.21     CC       q_fq_pie.o
#23 17.27     CC       q_cake.o
#23 17.45     CC       q_hhf.o
#23 17.51     CC       q_clsact.o
#23 17.53     CC       e_bpf.o
#23 17.59     CC       f_matchall.o
#23 17.64     CC       q_cbs.o
#23 17.68     CC       q_etf.o
#23 17.73     CC       q_taprio.o
#23 17.85     CC       q_plug.o
#23 17.88     CC       q_ets.o
#23 17.96     CC       em_ipt.o
#23 17.98 In file included from tc_util.h:7,
#23 17.98                  from m_ematch.h:11,
#23 17.98                  from em_ipt.c:13:
#23 17.98 ../include/uapi/linux/if.h:134: warning: "IFF_VOLATILE" redefined
#23 17.98   134 | #define IFF_VOLATILE    (IFF_LOOPBACK|IFF_POINTOPOINT|IFF_BROADCAST|IFF_ECHO|\
#23 17.98       | 
#23 17.98 In file included from ../include/xtables.h:17,
#23 17.98                  from em_ipt.c:12:
#23 17.98 /usr/include/net/if.h:48: note: this is the location of the previous definition
#23 17.98    48 | #define IFF_VOLATILE (IFF_LOOPBACK|IFF_POINTOPOINT|IFF_BROADCAST| \
#23 17.98       | 
#23 18.01     CC       em_ipset.o
#23 18.04 In file included from tc_util.h:7,
#23 18.04                  from m_ematch.h:11,
#23 18.04                  from em_ipset.c:39:
#23 18.04 ../include/uapi/linux/if.h:134: warning: "IFF_VOLATILE" redefined
#23 18.04   134 | #define IFF_VOLATILE    (IFF_LOOPBACK|IFF_POINTOPOINT|IFF_BROADCAST|IFF_ECHO|\
#23 18.04       | 
#23 18.04 In file included from ../include/xtables.h:17,
#23 18.04                  from em_ipset.c:23:
#23 18.04 /usr/include/net/if.h:48: note: this is the location of the previous definition
#23 18.04    48 | #define IFF_VOLATILE (IFF_LOOPBACK|IFF_POINTOPOINT|IFF_BROADCAST| \
#23 18.04       | 
#23 18.07     CC       tc_core.o
#23 18.14     CC       tc_red.o
#23 18.19     CC       tc_estimator.o
#23 18.22     CC       tc_stab.o
#23 18.28     CC       tc_qevent.o
#23 18.34     AR       libtc.a
#23 18.34     LINK     tc
#23 18.38 rm emp_ematch.lex.c
#23 18.38 
#23 18.38 bridge
#23 18.38     CC       bridge.o
#23 18.43     CC       fdb.o
#23 18.61     CC       monitor.o
#23 18.65     CC       link.o
#23 18.81     CC       mdb.o
#23 19.00     CC       vlan.o
#23 19.02 In file included from vlan.c:14:
#23 19.02 ../include/json_print.h:80:30: warning: 'struct timeval' declared inside parameter list will not be visible outside of this definition or declaration
#23 19.02    80 | _PRINT_FUNC(tv, const struct timeval *)
#23 19.02       |                              ^~~~~~~
#23 19.02 ../include/json_print.h:50:37: note: in definition of macro '_PRINT_FUNC'
#23 19.02    50 |                                     type value);                        \
#23 19.02       |                                     ^~~~
#23 19.02 ../include/json_print.h:80:30: warning: 'struct timeval' declared inside parameter list will not be visible outside of this definition or declaration
#23 19.02    80 | _PRINT_FUNC(tv, const struct timeval *)
#23 19.02       |                              ^~~~~~~
#23 19.02 ../include/json_print.h:55:45: note: in definition of macro '_PRINT_FUNC'
#23 19.02    55 |                                             type value)                 \
#23 19.02       |                                             ^~~~
#23 19.02 ../include/json_print.h: In function 'print_tv':
#23 19.02 ../include/json_print.h:58:48: warning: passing argument 5 of 'print_color_tv' from incompatible pointer type [-Wincompatible-pointer-types]
#23 19.02    58 |                                                value);                  \
#23 19.02       |                                                ^~~~~
#23 19.02       |                                                |
#23 19.02       |                                                const struct timeval *
#23 19.02 ../include/json_print.h:80:1: note: in expansion of macro '_PRINT_FUNC'
#23 19.02    80 | _PRINT_FUNC(tv, const struct timeval *)
#23 19.02       | ^~~~~~~~~~~
#23 19.02 ../include/json_print.h:50:42: note: expected 'const struct timeval *' but argument is of type 'const struct timeval *'
#23 19.02    50 |                                     type value);                        \
#23 19.02       |                                          ^
#23 19.02 ../include/json_print.h:80:1: note: in expansion of macro '_PRINT_FUNC'
#23 19.02    80 | _PRINT_FUNC(tv, const struct timeval *)
#23 19.02       | ^~~~~~~~~~~
#23 19.25     CC       vni.o
#23 19.26 In file included from vni.c:19:
#23 19.26 ../include/json_print.h:80:30: warning: 'struct timeval' declared inside parameter list will not be visible outside of this definition or declaration
#23 19.26    80 | _PRINT_FUNC(tv, const struct timeval *)
#23 19.26       |                              ^~~~~~~
#23 19.26 ../include/json_print.h:50:37: note: in definition of macro '_PRINT_FUNC'
#23 19.26    50 |                                     type value);                        \
#23 19.26       |                                     ^~~~
#23 19.26 ../include/json_print.h:80:30: warning: 'struct timeval' declared inside parameter list will not be visible outside of this definition or declaration
#23 19.26    80 | _PRINT_FUNC(tv, const struct timeval *)
#23 19.26       |                              ^~~~~~~
#23 19.26 ../include/json_print.h:55:45: note: in definition of macro '_PRINT_FUNC'
#23 19.26    55 |                                             type value)                 \
#23 19.26       |                                             ^~~~
#23 19.26 ../include/json_print.h: In function 'print_tv':
#23 19.26 ../include/json_print.h:58:48: warning: passing argument 5 of 'print_color_tv' from incompatible pointer type [-Wincompatible-pointer-types]
#23 19.26    58 |                                                value);                  \
#23 19.26       |                                                ^~~~~
#23 19.26       |                                                |
#23 19.26       |                                                const struct timeval *
#23 19.26 ../include/json_print.h:80:1: note: in expansion of macro '_PRINT_FUNC'
#23 19.26    80 | _PRINT_FUNC(tv, const struct timeval *)
#23 19.26       | ^~~~~~~~~~~
#23 19.26 ../include/json_print.h:50:42: note: expected 'const struct timeval *' but argument is of type 'const struct timeval *'
#23 19.26    50 |                                     type value);                        \
#23 19.26       |                                          ^
#23 19.26 ../include/json_print.h:80:1: note: in expansion of macro '_PRINT_FUNC'
#23 19.26    80 | _PRINT_FUNC(tv, const struct timeval *)
#23 19.26       | ^~~~~~~~~~~
#23 19.34     LINK     bridge
#23 19.36 
#23 19.36 misc
#23 19.36     CC       ss.o
#23 19.38 In file included from ../include/uapi/linux/tipc.h:42,
#23 19.38                  from ss.c:49:
#23 19.38 ../include/uapi/linux/sockios.h:42: warning: "SIOCGSTAMP" redefined
#23 19.38    42 | #define SIOCGSTAMP      SIOCGSTAMP_OLD
#23 19.38       | 
#23 19.38 In file included from /usr/include/sys/ioctl.h:10,
#23 19.38                  from ss.c:12:
#23 19.38 /usr/include/bits/ioctl.h:111: note: this is the location of the previous definition
#23 19.38   111 | #define SIOCGSTAMP      0x8906
#23 19.38       | 
#23 19.38 ../include/uapi/linux/sockios.h:43: warning: "SIOCGSTAMPNS" redefined
#23 19.38    43 | #define SIOCGSTAMPNS    SIOCGSTAMPNS_OLD
#23 19.38       | 
#23 19.38 /usr/include/bits/ioctl.h:112: note: this is the location of the previous definition
#23 19.38   112 | #define SIOCGSTAMPNS    0x8907
#23 19.38       | 
#23 20.25     CC       ssfilter_check.o
#23 20.28     YACC     ssfilter.tab.c
#23 20.35     CC       ssfilter.tab.o
#23 20.46     LINK     ss
#23 20.47     CC       nstat
#23 20.48 In file included from nstat.c:20:
#23 20.48 /usr/include/sys/poll.h:1:2: warning: #warning redirecting incorrect #include <sys/poll.h> to <poll.h> [-Wcpp]
#23 20.48     1 | #warning redirecting incorrect #include <sys/poll.h> to <poll.h>
#23 20.48       |  ^~~~~~~
#23 20.61     CC       ifstat
#23 20.62 In file included from ifstat.c:20:
#23 20.62 /usr/include/sys/poll.h:1:2: warning: #warning redirecting incorrect #include <sys/poll.h> to <poll.h> [-Wcpp]
#23 20.62     1 | #warning redirecting incorrect #include <sys/poll.h> to <poll.h>
#23 20.62       |  ^~~~~~~
#23 20.79     CC       rtacct
#23 20.80 In file included from rtacct.c:19:
#23 20.80 /usr/include/sys/poll.h:1:2: warning: #warning redirecting incorrect #include <sys/poll.h> to <poll.h> [-Wcpp]
#23 20.80     1 | #warning redirecting incorrect #include <sys/poll.h> to <poll.h>
#23 20.80       |  ^~~~~~~
#23 20.91     CC       lnstat.o
#23 20.98     CC       lnstat_util.o
#23 21.04     LINK     lnstat
#23 21.05 
#23 21.05 netem
#23 21.05 gcc  -I../include -o maketable maketable.c -lm
#23 21.09 gcc  -I../include -o normal normal.c -lm
#23 21.11 gcc  -I../include -o pareto pareto.c -lm
#23 21.14 gcc  -I../include -o paretonormal paretonormal.c -lm
#23 21.16 ./normal > normal.dist
#23 21.17 ./pareto > pareto.dist
#23 21.17 ./paretonormal > paretonormal.dist
#23 21.18 ./maketable experimental.dat > experimental.dist
#23 21.19 
#23 21.19 genl
#23 21.19     CC       genl.o
#23 21.23     CC       ctrl.o
#23 21.30     LINK     genl
#23 21.31 
#23 21.31 man
#23 21.31 make[2]: Nothing to be done for 'all'.
#23 21.31 make[2]: Nothing to be done for 'all'.
#23 21.31 sed \
#23 21.31 	-e "s|@NETNS_ETC_DIR@|/etc/netns|g" \
#23 21.31 	-e "s|@NETNS_RUN_DIR@|/var/run/netns|g" \
#23 21.31 	-e "s|@SYSCONF_ETC_DIR@|/etc/iproute2|g" \
#23 21.31 	-e "s|@SYSCONF_USR_DIR@|/usr/share/iproute2|g" \
#23 21.31 	ip-address.8.in > ip-address.8
#23 21.32 sed \
#23 21.32 	-e "s|@NETNS_ETC_DIR@|/etc/netns|g" \
#23 21.32 	-e "s|@NETNS_RUN_DIR@|/var/run/netns|g" \
#23 21.32 	-e "s|@SYSCONF_ETC_DIR@|/etc/iproute2|g" \
#23 21.32 	-e "s|@SYSCONF_USR_DIR@|/usr/share/iproute2|g" \
#23 21.32 	ip-link.8.in > ip-link.8
#23 21.32 sed \
#23 21.32 	-e "s|@NETNS_ETC_DIR@|/etc/netns|g" \
#23 21.32 	-e "s|@NETNS_RUN_DIR@|/var/run/netns|g" \
#23 21.32 	-e "s|@SYSCONF_ETC_DIR@|/etc/iproute2|g" \
#23 21.32 	-e "s|@SYSCONF_USR_DIR@|/usr/share/iproute2|g" \
#23 21.32 	ip-netns.8.in > ip-netns.8
#23 21.32 sed \
#23 21.32 	-e "s|@NETNS_ETC_DIR@|/etc/netns|g" \
#23 21.32 	-e "s|@NETNS_RUN_DIR@|/var/run/netns|g" \
#23 21.32 	-e "s|@SYSCONF_ETC_DIR@|/etc/iproute2|g" \
#23 21.32 	-e "s|@SYSCONF_USR_DIR@|/usr/share/iproute2|g" \
#23 21.32 	ip-route.8.in > ip-route.8
#23 21.33 
#23 21.33 tipc
#23 21.33     CC       bearer.o
#23 21.50     CC       cmdl.o
#23 21.54     CC       link.o
#23 21.74     CC       media.o
#23 21.79     CC       misc.o
#23 21.84     CC       msg.o
#23 21.86     CC       nametable.o
#23 21.91     CC       node.o
#23 21.99     CC       socket.o
#23 22.02     CC       peer.o
#23 22.05     CC       tipc.o
#23 22.08     LINK     tipc
#23 22.10 
#23 22.10 devlink
#23 22.10     CC       devlink.o
#23 23.72     CC       mnlg.o
#23 23.76     LINK     devlink
#23 23.77 
#23 23.77 rdma
#23 23.77     CC       rdma.o
#23 23.79 rdma.c: In function 'main':
#23 23.79 rdma.c:110:20: warning: implicit declaration of function 'basename'; did you mean 'rename'? [-Wimplicit-function-declaration]
#23 23.79   110 |         filename = basename(argv[0]);
#23 23.79       |                    ^~~~~~~~
#23 23.79       |                    rename
#23 23.79 rdma.c:110:18: warning: assignment to 'char *' from 'int' makes pointer from integer without a cast [-Wint-conversion]
#23 23.79   110 |         filename = basename(argv[0]);
#23 23.79       |                  ^
#23 23.82     CC       utils.o
#23 23.99     CC       dev.o
#23 24.06     CC       link.o
#23 24.13     CC       res.o
#23 24.25     CC       res-pd.o
#23 24.29     CC       res-mr.o
#23 24.33     CC       res-cq.o
#23 24.38     CC       res-cmid.o
#23 24.44     CC       res-qp.o
#23 24.49     CC       sys.o
#23 24.54     CC       stat.o
#23 24.75     CC       stat-mr.o
#23 24.78     CC       res-ctx.o
#23 24.82     CC       res-srq.o
#23 24.89     LINK     rdma
#23 24.90 
#23 24.90 dcb
#23 24.90     CC       dcb.o
#23 25.01     CC       dcb_app.o
#23 25.21     CC       dcb_buffer.o
#23 25.27     CC       dcb_dcbx.o
#23 25.33     CC       dcb_ets.o
#23 25.40     CC       dcb_maxrate.o
#23 25.45     CC       dcb_pfc.o
#23 25.53     CC       dcb_apptrust.o
#23 25.59     CC       dcb_rewr.o
#23 25.67     LINK     dcb
#23 25.69 
#23 25.69 vdpa
#23 25.69     CC       vdpa.o
#23 25.70 In file included from vdpa.c:19:
#23 25.70 ../include/json_print.h:80:30: warning: 'struct timeval' declared inside parameter list will not be visible outside of this definition or declaration
#23 25.70    80 | _PRINT_FUNC(tv, const struct timeval *)
#23 25.70       |                              ^~~~~~~
#23 25.70 ../include/json_print.h:50:37: note: in definition of macro '_PRINT_FUNC'
#23 25.70    50 |                                     type value);                        \
#23 25.70       |                                     ^~~~
#23 25.70 ../include/json_print.h:80:30: warning: 'struct timeval' declared inside parameter list will not be visible outside of this definition or declaration
#23 25.70    80 | _PRINT_FUNC(tv, const struct timeval *)
#23 25.70       |                              ^~~~~~~
#23 25.70 ../include/json_print.h:55:45: note: in definition of macro '_PRINT_FUNC'
#23 25.70    55 |                                             type value)                 \
#23 25.70       |                                             ^~~~
#23 25.70 ../include/json_print.h: In function 'print_tv':
#23 25.70 ../include/json_print.h:58:48: warning: passing argument 5 of 'print_color_tv' from incompatible pointer type [-Wincompatible-pointer-types]
#23 25.70    58 |                                                value);                  \
#23 25.70       |                                                ^~~~~
#23 25.70       |                                                |
#23 25.70       |                                                const struct timeval *
#23 25.70 ../include/json_print.h:80:1: note: in expansion of macro '_PRINT_FUNC'
#23 25.70    80 | _PRINT_FUNC(tv, const struct timeval *)
#23 25.70       | ^~~~~~~~~~~
#23 25.70 ../include/json_print.h:50:42: note: expected 'const struct timeval *' but argument is of type 'const struct timeval *'
#23 25.70    50 |                                     type value);                        \
#23 25.70       |                                          ^
#23 25.70 ../include/json_print.h:80:1: note: in expansion of macro '_PRINT_FUNC'
#23 25.70    80 | _PRINT_FUNC(tv, const struct timeval *)
#23 25.70       | ^~~~~~~~~~~
#23 25.86     LINK     vdpa
#23 DONE 25.9s

#24 [20/22] RUN git clone --no-single-branch --depth=1 https://github.com/linux-netdev/testing.git /nipa-data/kernel
#24 0.391 Cloning into '/nipa-data/kernel'...
#24 18.12 Updating files:  17% (14730/83283)Updating files:  18% (14991/83283)Updating files:  19% (15824/83283)Updating files:  20% (16657/83283)Updating files:  21% (17490/83283)Updating files:  22% (18323/83283)Updating files:  23% (19156/83283)Updating files:  24% (19988/83283)Updating files:  25% (20821/83283)Updating files:  26% (21654/83283)Updating files:  27% (22487/83283)Updating files:  28% (23320/83283)Updating files:  29% (24153/83283)Updating files:  30% (24985/83283)Updating files:  31% (25818/83283)Updating files:  32% (26651/83283)Updating files:  33% (27484/83283)Updating files:  34% (28317/83283)Updating files:  35% (29150/83283)Updating files:  36% (29982/83283)Updating files:  36% (30328/83283)Updating files:  37% (30815/83283)Updating files:  38% (31648/83283)Updating files:  39% (32481/83283)Updating files:  40% (33314/83283)Updating files:  40% (33619/83283)Updating files:  41% (34147/83283)Updating files:  42% (34979/83283)Updating files:  43% (35812/83283)Updating files:  44% (36645/83283)Updating files:  45% (37478/83283)Updating files:  46% (38311/83283)Updating files:  47% (39144/83283)Updating files:  48% (39976/83283)Updating files:  49% (40809/83283)Updating files:  50% (41642/83283)Updating files:  51% (42475/83283)Updating files:  52% (43308/83283)Updating files:  52% (43627/83283)Updating files:  53% (44140/83283)Updating files:  54% (44973/83283)Updating files:  55% (45806/83283)Updating files:  56% (46639/83283)Updating files:  57% (47472/83283)Updating files:  58% (48305/83283)Updating files:  59% (49137/83283)Updating files:  60% (49970/83283)Updating files:  61% (50803/83283)Updating files:  62% (51636/83283)Updating files:  63% (52469/83283)Updating files:  64% (53302/83283)Updating files:  65% (54134/83283)Updating files:  66% (54967/83283)Updating files:  66% (55163/83283)Updating files:  67% (55800/83283)Updating files:  68% (56633/83283)Updating files:  69% (57466/83283)Updating files:  70% (58299/83283)Updating files:  71% (59131/83283)Updating files:  72% (59964/83283)Updating files:  73% (60797/83283)Updating files:  74% (61630/83283)Updating files:  75% (62463/83283)Updating files:  76% (63296/83283)Updating files:  77% (64128/83283)Updating files:  78% (64961/83283)Updating files:  79% (65794/83283)Updating files:  80% (66627/83283)Updating files:  81% (67460/83283)Updating files:  82% (68293/83283)Updating files:  83% (69125/83283)Updating files:  84% (69958/83283)Updating files:  84% (70083/83283)Updating files:  85% (70791/83283)Updating files:  86% (71624/83283)Updating files:  87% (72457/83283)Updating files:  88% (73290/83283)Updating files:  89% (74122/83283)Updating files:  90% (74955/83283)Updating files:  91% (75788/83283)Updating files:  92% (76621/83283)Updating files:  93% (77454/83283)Updating files:  94% (78287/83283)Updating files:  95% (79119/83283)Updating files:  96% (79952/83283)Updating files:  97% (80785/83283)Updating files:  98% (81618/83283)Updating files:  99% (82451/83283)Updating files: 100% (83283/83283)Updating files: 100% (83283/83283), done.
#24 DONE 26.6s

#25 [21/22] RUN git clone --depth=1 -b main https://github.com/p4tc-dev/new-nipa.git nipa
#25 0.824 Cloning into 'nipa'...
#25 DONE 1.9s

#26 [22/22] COPY entrypoint.sh /entrypoint.sh
#26 DONE 0.5s

#27 exporting to image
#27 exporting layers
#27 exporting layers 7.7s done
#27 writing image sha256:13ea0c0215f5b70fac9517052c873e05d9425158f2ddc1509fb65fd1e4c6aab3 0.0s done
#27 naming to docker.io/library/nipa-executor
#27 naming to docker.io/library/nipa-executor 0.1s done
#27 DONE 7.8s
NIPA version: 1b9c21a (ui: set canvas background color to stand out, 2024-03-28)
INFO: Last run date: 2024-04-21 09:00:20.604425+00:00
Testing  {'branch': 'net-next-2024-04-21--12-00', 'date': '2024-04-21T12:00:17.267503+00:00', 'base': 'd0f968982363e4d7050cdc9d7fb88d6b7337637b', 'url': 'https://github.com/linux-netdev/testing.git net-next-2024-04-21--12-00'}
Updating files:  42% (6375/14909)Updating files:  43% (6411/14909)Updating files:  44% (6560/14909)Updating files:  45% (6710/14909)Updating files:  46% (6859/14909)Updating files:  47% (7008/14909)Updating files:  48% (7157/14909)Updating files:  49% (7306/14909)Updating files:  50% (7455/14909)Updating files:  51% (7604/14909)Updating files:  52% (7753/14909)Updating files:  53% (7902/14909)Updating files:  54% (8051/14909)Updating files:  55% (8200/14909)Updating files:  56% (8350/14909)Updating files:  57% (8499/14909)Updating files:  58% (8648/14909)Updating files:  59% (8797/14909)Updating files:  60% (8946/14909)Updating files:  61% (9095/14909)Updating files:  62% (9244/14909)Updating files:  63% (9393/14909)Updating files:  64% (9542/14909)Updating files:  65% (9691/14909)Updating files:  66% (9840/14909)Updating files:  67% (9990/14909)Updating files:  68% (10139/14909)Updating files:  69% (10288/14909)Updating files:  70% (10437/14909)Updating files:  71% (10586/14909)Updating files:  72% (10735/14909)Updating files:  73% (10884/14909)Updating files:  74% (11033/14909)Updating files:  75% (11182/14909)Updating files:  76% (11331/14909)Updating files:  77% (11480/14909)Updating files:  78% (11630/14909)Updating files:  79% (11779/14909)Updating files:  80% (11928/14909)Updating files:  81% (12077/14909)Updating files:  82% (12226/14909)Updating files:  83% (12375/14909)Updating files:  84% (12524/14909)Updating files:  85% (12673/14909)Updating files:  85% (12796/14909)Updating files:  86% (12822/14909)Updating files:  87% (12971/14909)Updating files:  88% (13120/14909)Updating files:  89% (13270/14909)Updating files:  90% (13419/14909)Updating files:  91% (13568/14909)Updating files:  92% (13717/14909)Updating files:  93% (13866/14909)Updating files:  94% (14015/14909)Updating files:  95% (14164/14909)Updating files:  96% (14313/14909)Updating files:  97% (14462/14909)Updating files:  98% (14611/14909)Updating files:  99% (14760/14909)Updating files: 100% (14909/14909)Updating files: 100% (14909/14909), done.
branch 'net-next-2024-04-21--12-00' set up to track 'origin/net-next-2024-04-21--12-00'.
Switched to a new branch 'net-next-2024-04-21--12-00'
error: No valid patches in input (allow with "--allow-empty")
Checking patch tools/testing/selftests/tc-testing/tdc_config.py...
Applied patch tools/testing/selftests/tc-testing/tdc_config.py cleanly.
Run at 2024-04-21 12:03:38.044403
INFO: building kernel
INFO: starting VM 0
INFO: thr0-0 VM starting: vng -v -r arch/x86/boot/bzImage --user root --rwdir=/nipa-data/kernel/
INFO: thr0-0 expecting prompt: '/nipa-data/kernel# '
INFO: thr0-0 reached initial prompt
INFO: thr-0 testing == tdc.sh
INFO: thr-0 tdc.sh >> retcode: 0 result: pass found {'fail': False, 'skip': False, 'pass': True}
INFO: thr-0 has no more work, exiting
INFO: thr0-0 VM stopped
Done at 2024-04-21 12:07:05.700357
NIPA quitting!
/
~/nipa/tc-executor/tc-executor-storage /
sort: write failed: 'standard output': Broken pipe
sort: write error
