~/nipa/tc-executor/tc-executor-storage /
Switched to branch 'storage-dbg'
Your branch is ahead of 'origin/storage-dbg' by 730 commits.
  (use "git push" to publish your local commits)
/
~/nipa/tc-executor /
Error response from daemon: No such image: nipa-executor:latest
#0 building with "default" instance using docker driver

#1 [internal] load build definition from Dockerfile
#1 transferring dockerfile: 2.05kB done
#1 DONE 0.0s

#2 [internal] load .dockerignore
#2 transferring context: 2B done
#2 DONE 0.0s

#3 [internal] load metadata for docker.io/library/alpine:edge
#3 DONE 0.0s

#4 [ 1/22] FROM docker.io/library/alpine:edge
#4 CACHED

#5 [internal] load build context
#5 transferring context: 3.02kB done
#5 DONE 0.0s

#6 [ 2/22] RUN echo true > debug-mode
#6 DONE 0.7s

#7 [ 3/22] RUN addgroup -g 1001 hostuser
#7 DONE 0.4s

#8 [ 4/22] RUN adduser -u 1001 -G hostuser -H -D -s /bin/ash hostuser
#8 DONE 0.4s

#9 [ 5/22] RUN echo '@testing http://dl-cdn.alpinelinux.org/alpine/edge/testing' >> /etc/apk/repositories
#9 DONE 0.4s

#10 [ 6/22] RUN echo '@community http://dl-cdn.alpinelinux.org/alpine/edge/community' >> /etc/apk/repositories
#10 DONE 0.4s

#11 [ 7/22] RUN apk update && apk add --no-cache    virtme-ng@testing    git    py3-requests    py3-psutil    py3-setuptools    py3-pyroute2    py3-argcomplete    qemu-system-x86_64@community    scapy@community    make    gcc    musl-dev    flex    bison    linux-headers    elfutils-dev    util-linux    coreutils    diffutils    findutils    file    bash    kmod    perl    iptables-dev    libcap-dev    libmnl-dev    iproute2     jq    libbpf-dev    rsync    openssl-dev
#11 0.458 fetch https://dl-cdn.alpinelinux.org/alpine/edge/main/x86_64/APKINDEX.tar.gz
#11 0.671 fetch https://dl-cdn.alpinelinux.org/alpine/edge/community/x86_64/APKINDEX.tar.gz
#11 0.879 fetch http://dl-cdn.alpinelinux.org/alpine/edge/testing/x86_64/APKINDEX.tar.gz
#11 1.102 fetch http://dl-cdn.alpinelinux.org/alpine/edge/community/x86_64/APKINDEX.tar.gz
#11 1.400 v3.20.0_rc1-131-g43d1e3f9c2b [https://dl-cdn.alpinelinux.org/alpine/edge/main]
#11 1.400 v3.20.0_rc1-163-gdb80f495a6d [https://dl-cdn.alpinelinux.org/alpine/edge/community]
#11 1.400 v3.20.0_rc1-162-gc58036dc64b [http://dl-cdn.alpinelinux.org/alpine/edge/testing]
#11 1.400 v3.20.0_rc1-163-gdb80f495a6d [http://dl-cdn.alpinelinux.org/alpine/edge/community]
#11 1.400 OK: 31435 distinct packages available
#11 1.473 fetch https://dl-cdn.alpinelinux.org/alpine/edge/main/x86_64/APKINDEX.tar.gz
#11 1.574 fetch https://dl-cdn.alpinelinux.org/alpine/edge/community/x86_64/APKINDEX.tar.gz
#11 1.678 fetch http://dl-cdn.alpinelinux.org/alpine/edge/testing/x86_64/APKINDEX.tar.gz
#11 1.777 fetch http://dl-cdn.alpinelinux.org/alpine/edge/community/x86_64/APKINDEX.tar.gz
#11 2.004 (1/176) Upgrading musl (1.2.4_git20230717-r5 -> 1.2.5-r0)
#11 2.030 (2/176) Upgrading libcrypto3 (3.1.4-r2 -> 3.3.0-r2)
#11 2.069 (3/176) Upgrading libssl3 (3.1.4-r2 -> 3.3.0-r2)
#11 2.086 (4/176) Upgrading zlib (1.3-r2 -> 1.3.1-r1)
#11 2.099 (5/176) Installing ncurses-terminfo-base (6.4_p20240420-r0)
#11 2.113 (6/176) Installing libncursesw (6.4_p20240420-r0)
#11 2.129 (7/176) Installing readline (8.2.10-r0)
#11 2.143 (8/176) Installing bash (5.2.26-r0)
#11 2.163 Executing bash-5.2.26-r0.post-install
#11 2.166 (9/176) Installing m4 (1.4.19-r3)
#11 2.182 (10/176) Installing bison (3.8.2-r1)
#11 2.203 (11/176) Installing coreutils-env (9.5-r1)
#11 2.215 (12/176) Installing coreutils-fmt (9.5-r1)
#11 2.227 (13/176) Installing coreutils-sha512sum (9.5-r1)
#11 2.239 (14/176) Installing libacl (2.3.2-r0)
#11 2.251 (15/176) Installing libattr (2.5.2-r0)
#11 2.263 (16/176) Installing skalibs (2.14.1.1-r0)
#11 2.278 (17/176) Installing utmps-libs (0.1.2.2-r1)
#11 2.290 (18/176) Installing coreutils (9.5-r1)
#11 2.315 (19/176) Installing diffutils (3.10-r0)
#11 2.330 (20/176) Installing zstd-libs (1.5.6-r0)
#11 2.347 (21/176) Installing libelf (0.191-r0)
#11 2.362 (22/176) Installing libbz2 (1.0.8-r6)
#11 2.375 (23/176) Installing musl-fts (1.2.7-r6)
#11 2.387 (24/176) Installing xz-libs (5.6.1-r3)
#11 2.401 (25/176) Installing libdw (0.191-r0)
#11 2.418 (26/176) Installing libasm (0.191-r0)
#11 2.430 (27/176) Installing xz (5.6.1-r3)
#11 2.445 (28/176) Installing pkgconf (2.2.0-r0)
#11 2.458 (29/176) Installing xz-dev (5.6.1-r3)
#11 2.471 (30/176) Installing libgcc (13.2.1_git20240309-r0)
#11 2.484 (31/176) Installing libstdc++ (13.2.1_git20240309-r0)
#11 2.510 (32/176) Installing zstd (1.5.6-r0)
#11 2.524 (33/176) Installing zstd-dev (1.5.6-r0)
#11 2.537 (34/176) Installing zlib-dev (1.3.1-r1)
#11 2.550 (35/176) Installing elfutils-dev (0.191-r0)
#11 2.572 (36/176) Installing libmagic (5.45-r1)
#11 2.604 (37/176) Installing file (5.45-r1)
#11 2.616 (38/176) Installing findutils (4.9.0-r5)
#11 2.631 (39/176) Installing flex (2.6.4-r6)
#11 2.645 (40/176) Installing jansson (2.14-r4)
#11 2.657 (41/176) Installing binutils (2.42-r0)
#11 2.719 (42/176) Installing libgomp (13.2.1_git20240309-r0)
#11 2.735 (43/176) Installing libatomic (13.2.1_git20240309-r0)
#11 2.747 (44/176) Installing gmp (6.3.0-r0)
#11 2.763 (45/176) Installing isl26 (0.26-r1)
#11 2.788 (46/176) Installing mpfr4 (4.2.1-r0)
#11 2.805 (47/176) Installing mpc1 (1.3.1-r1)
#11 2.818 (48/176) Installing gcc (13.2.1_git20240309-r0)
#11 3.328 (49/176) Installing ca-certificates (20240226-r0)
#11 3.351 (50/176) Installing brotli-libs (1.1.0-r2)
#11 3.368 (51/176) Installing c-ares (1.28.1-r0)
#11 3.381 (52/176) Installing libunistring (1.2-r0)
#11 3.402 (53/176) Installing libidn2 (2.3.7-r0)
#11 3.416 (54/176) Installing nghttp2-libs (1.61.0-r0)
#11 3.428 (55/176) Installing libpsl (0.21.5-r1)
#11 3.442 (56/176) Installing libcurl (8.7.1-r0)
#11 3.458 (57/176) Installing libexpat (2.6.2-r0)
#11 3.470 (58/176) Installing pcre2 (10.43-r0)
#11 3.487 (59/176) Installing git (2.45.1-r0)
#11 3.539 (60/176) Installing git-init-template (2.45.1-r0)
#11 3.551 (61/176) Installing libcap2 (2.69-r1)
#11 3.564 (62/176) Installing libmnl (1.0.5-r2)
#11 3.576 (63/176) Installing iproute2-minimal (6.9.0-r0)
#11 3.592 (64/176) Installing libxtables (1.8.10-r3)
#11 3.604 (65/176) Installing iproute2-tc (6.9.0-r0)
#11 3.621 (66/176) Installing iproute2-ss (6.9.0-r0)
#11 3.633 (67/176) Installing iproute2 (6.9.0-r0)
#11 3.648 Executing iproute2-6.9.0-r0.post-install
#11 3.651 (68/176) Installing linux-headers (6.6-r0)
#11 3.737 (69/176) Installing libip4tc (1.8.10-r3)
#11 3.749 (70/176) Installing libip6tc (1.8.10-r3)
#11 3.761 (71/176) Installing libipq (1.8.10-r3)
#11 3.773 (72/176) Installing iptables-dev (1.8.10-r3)
#11 3.786 (73/176) Installing oniguruma (6.9.9-r0)
#11 3.801 (74/176) Installing jq (1.7.1-r0)
#11 3.817 (75/176) Installing kmod (32-r0)
#11 3.831 (76/176) Installing libbpf (1.4.2-r0)
#11 3.847 (77/176) Installing libbpf-dev (1.4.2-r0)
#11 3.865 (78/176) Installing libcap-dev (2.69-r1)
#11 3.878 (79/176) Installing libmnl-dev (1.0.5-r2)
#11 3.889 (80/176) Installing make (4.4.1-r2)
#11 3.903 (81/176) Installing musl-dev (1.2.5-r0)
#11 3.965 (82/176) Installing openssl-dev (3.3.0-r2)
#11 3.991 (83/176) Installing perl (5.38.2-r0)
#11 4.176 (84/176) Installing perl-error (0.17029-r2)
#11 4.188 (85/176) Installing perl-git (2.45.1-r0)
#11 4.209 (86/176) Installing git-perl (2.45.1-r0)
#11 4.231 (87/176) Installing libffi (3.4.6-r0)
#11 4.243 (88/176) Installing gdbm (1.23-r1)
#11 4.256 (89/176) Installing mpdecimal (4.0.0-r0)
#11 4.268 (90/176) Installing libpanelw (6.4_p20240420-r0)
#11 4.281 (91/176) Installing sqlite-libs (3.45.3-r0)
#11 4.305 (92/176) Installing python3 (3.12.3-r1)
#11 4.428 (93/176) Installing python3-pycache-pyc0 (3.12.3-r1)
#11 4.515 (94/176) Installing pyc (3.12.3-r1)
#11 4.528 (95/176) Installing py3-argcomplete-pyc (3.3.0-r0)
#11 4.540 (96/176) Installing python3-pyc (3.12.3-r1)
#11 4.552 (97/176) Installing py3-argcomplete (3.3.0-r0)
#11 4.566 (98/176) Installing py3-psutil (5.9.8-r1)
#11 4.581 (99/176) Installing py3-psutil-pyc (5.9.8-r1)
#11 4.596 (100/176) Installing py3-pyroute2 (0.7.12-r1)
#11 4.626 (101/176) Installing py3-pyroute2-pyc (0.7.12-r1)
#11 4.664 (102/176) Installing py3-certifi (2024.2.2-r1)
#11 4.676 (103/176) Installing py3-certifi-pyc (2024.2.2-r1)
#11 4.688 (104/176) Installing py3-charset-normalizer (3.3.2-r1)
#11 4.702 (105/176) Installing py3-charset-normalizer-pyc (3.3.2-r1)
#11 4.716 (106/176) Installing py3-idna (3.7-r0)
#11 4.730 (107/176) Installing py3-idna-pyc (3.7-r0)
#11 4.744 (108/176) Installing py3-urllib3 (1.26.18-r1)
#11 4.761 (109/176) Installing py3-urllib3-pyc (1.26.18-r1)
#11 4.780 (110/176) Installing py3-requests (2.31.0-r2)
#11 4.794 (111/176) Installing py3-requests-pyc (2.31.0-r2)
#11 4.808 (112/176) Installing py3-parsing (3.1.2-r1)
#11 4.823 (113/176) Installing py3-parsing-pyc (3.1.2-r1)
#11 4.839 (114/176) Installing py3-packaging (24.0-r1)
#11 4.852 (115/176) Installing py3-packaging-pyc (24.0-r1)
#11 4.866 (116/176) Installing py3-setuptools (69.5.1-r0)
#11 4.908 (117/176) Installing py3-setuptools-pyc (69.5.1-r0)
#11 4.950 (118/176) Installing libcap-ng (0.8.5-r0)
#11 4.963 (119/176) Installing libintl (0.22.5-r0)
#11 4.975 (120/176) Installing libeconf (0.6.3-r0)
#11 4.988 (121/176) Installing libblkid (2.40.1-r0)
#11 5.013 (122/176) Installing libmount (2.40.1-r0)
#11 5.034 (123/176) Installing glib (2.80.2-r0)
#11 5.071 (124/176) Installing numactl (2.0.18-r0)
#11 5.083 (125/176) Installing qemu (9.0.0-r0)
#11 5.099 Executing qemu-9.0.0-r0.pre-install
#11 5.166 Executing qemu-9.0.0-r0.post-install
#11 5.169 *
#11 5.169 * If you want to run VM as unprivileged user and let Qemu create tunX devices,
#11 5.169 * then you must add that user to the group "qemu".
#11 5.169 * If you use KVM for hardware-assisted virtualization, then you may also need
#11 5.169 * to add that user to the group "kvm".
#11 5.169 *
#11 5.169 (126/176) Installing qemu-bridge-helper (9.0.0-r0)
#11 5.186 (127/176) Installing libaio (0.3.113-r2)
#11 5.198 (128/176) Installing capstone (5.0.1-r4)
#11 5.232 (129/176) Installing nettle (3.9.1-r0)
#11 5.249 (130/176) Installing libtasn1 (4.19.0-r2)
#11 5.261 (131/176) Installing p11-kit (0.25.3-r0)
#11 5.280 (132/176) Installing gnutls (3.8.5-r0)
#11 5.302 (133/176) Installing libjpeg-turbo (3.0.3-r0)
#11 5.323 (134/176) Installing lzo (2.10-r5)
#11 5.336 (135/176) Installing pixman (0.43.2-r0)
#11 5.352 (136/176) Installing libpng (1.6.43-r0)
#11 5.365 (137/176) Installing libsasl (2.1.28-r6)
#11 5.379 (138/176) Installing libseccomp (2.5.5-r1)
#11 5.391 (139/176) Installing libslirp (4.8.0-r0)
#11 5.403 (140/176) Installing snappy (1.1.10-r2)
#11 5.416 (141/176) Installing liburing (2.6-r0)
#11 5.428 (142/176) Installing vde2-libs (2.3.3-r3)
#11 5.441 (143/176) Installing qemu-system-x86_64 (9.0.0-r0)
#11 5.544 (144/176) Installing lz4-libs (1.9.4-r5)
#11 5.557 (145/176) Installing popt (1.19-r3)
#11 5.569 (146/176) Installing libxxhash (0.8.2-r2)
#11 5.581 (147/176) Installing rsync (3.3.0-r0)
#11 5.596 (148/176) Installing scapy (2.5.0-r3)
#11 5.647 Executing scapy-2.5.0-r3.post-install
#11 5.649 *
#11 5.649 * Certain optional features of scapy also depend on the following packages:
#11 5.649 *     py3-matplotlib graphviz imagemagick py3-cryptography sox
#11 5.649 * And the following unpackaged dependencies:
#11 5.649 *     pyxi vpython-jupyter nmap<v4.23
#11 5.649 * More information can be found at https://scapy.readthedocs.io/en/latest/installation.html#optional-dependencies
#11 5.649 *
#11 5.650 (149/176) Installing scapy-pyc (2.5.0-r3)
#11 5.714 (150/176) Installing util-linux (2.40.1-r0)
#11 5.727 (151/176) Installing setarch (2.40.1-r0)
#11 5.738 (152/176) Installing libuuid (2.40.1-r0)
#11 5.750 (153/176) Installing libfdisk (2.40.1-r0)
#11 5.765 (154/176) Installing libsmartcols (2.40.1-r0)
#11 5.779 (155/176) Installing util-linux-misc (2.40.1-r0)
#11 5.809 (156/176) Installing linux-pam (1.6.0-r0)
#11 5.829 (157/176) Installing runuser (2.40.1-r0)
#11 5.841 (158/176) Installing mount (2.40.1-r0)
#11 5.853 (159/176) Installing losetup (2.40.1-r0)
#11 5.865 (160/176) Installing hexdump (2.40.1-r0)
#11 5.877 (161/176) Installing uuidgen (2.40.1-r0)
#11 5.888 (162/176) Installing blkid (2.40.1-r0)
#11 5.900 (163/176) Installing sfdisk (2.40.1-r0)
#11 5.912 (164/176) Installing mcookie (2.40.1-r0)
#11 5.925 (165/176) Installing agetty (2.40.1-r0)
#11 5.937 (166/176) Installing wipefs (2.40.1-r0)
#11 5.949 (167/176) Installing cfdisk (2.40.1-r0)
#11 5.962 (168/176) Installing umount (2.40.1-r0)
#11 5.974 (169/176) Installing flock (2.40.1-r0)
#11 5.985 (170/176) Installing lsblk (2.40.1-r0)
#11 5.998 (171/176) Installing setpriv (2.40.1-r0)
#11 6.010 (172/176) Installing logger (2.40.1-r0)
#11 6.022 (173/176) Installing partx (2.40.1-r0)
#11 6.035 (174/176) Installing fstrim (2.40.1-r0)
#11 6.047 (175/176) Installing findmnt (2.40.1-r0)
#11 6.059 (176/176) Installing virtme-ng@testing (1.24-r0)
#11 6.118 Executing busybox-1.36.1-r17.trigger
#11 6.122 Executing ca-certificates-20240226-r0.trigger
#11 6.143 Executing glib-2.80.2-r0.trigger
#11 6.150 OK: 385 MiB in 187 packages
#11 DONE 6.5s

#12 [ 8/22] RUN mkdir -p /tmp/kernel-patches &&     mkdir -p /tmp/iproute2-patches
#12 DONE 0.4s

#13 [ 9/22] COPY tdc.config /tmp
#13 DONE 0.0s

#14 [10/22] COPY tdc-debug.config /tmp
#14 DONE 0.1s

#15 [11/22] COPY kernel-patches /tmp/kernel-patches/
#15 DONE 0.0s

#16 [12/22] COPY iproute2-patches /tmp/iproute2-patches/
#16 DONE 0.0s

#17 [13/22] COPY configs /tmp/configs/
#17 DONE 0.0s

#18 [14/22] RUN git config --global user.email foo@bar.com
#18 DONE 0.3s

#19 [15/22] RUN git config --global user.name foo@bar.com
#19 DONE 0.4s

#20 [16/22] RUN git clone https://git.kernel.org/pub/scm/network/iproute2/iproute2-next.git /nipa-data/iproute2
#20 0.441 Cloning into '/nipa-data/iproute2'...
#20 DONE 1.9s

#21 [17/22] RUN cd /nipa-data/iproute2 && 	git remote add stable https://git.kernel.org/pub/scm/network/iproute2/iproute2.git && 	git fetch --all && 	git merge stable/main
#21 0.364 Fetching origin
#21 0.690 Fetching stable
#21 1.238 From https://git.kernel.org/pub/scm/network/iproute2/iproute2
#21 1.238  * [new branch]        codeql         -> stable/codeql
#21 1.238  * [new branch]        iproute2-4.1.x -> stable/iproute2-4.1.x
#21 1.238  * [new branch]        main           -> stable/main
#21 1.246  * [new tag]           v6.9.0         -> v6.9.0
#21 1.249 Updating 977d51cf..3cd62286
#21 1.289 Fast-forward
#21 1.294  bridge/vlan.c             |  1 +
#21 1.294  bridge/vni.c              |  1 +
#21 1.294  include/uapi/linux/xfrm.h |  2 +-
#21 1.294  include/version.h         |  2 +-
#21 1.294  ip/iproute.c              |  6 ++++--
#21 1.294  ip/rtmon.c                |  4 ++--
#21 1.294  man/man8/ip-route.8.in    | 16 ++++++++++++----
#21 1.294  man/man8/rtmon.8          | 31 +++++++++++++++++++++++++------
#21 1.294  man/man8/tc-mirred.8      |  2 +-
#21 1.294  vdpa/vdpa.c               |  1 +
#21 1.294  10 files changed, 49 insertions(+), 17 deletions(-)
#21 DONE 1.3s

#22 [18/22] RUN if [ "$(find /tmp/iproute2-patches/ -name *.patch)" ]; then  	cd /nipa-data/iproute2; 	git apply /tmp/iproute2-patches/*.patch;     fi
#22 DONE 0.4s

#23 [19/22] RUN cd /nipa-data/iproute2/ &&     ./configure &&     make
#23 0.405 TC schedulers
#23 0.406  IPT	using xtables
#23 0.434  IPSET  yes
#23 0.454 
#23 0.454 lib directory: /usr/lib
#23 0.454 libc has setns: yes
#23 0.474 libc has name_to_handle_at: yes
#23 0.495 SELinux support: no
#23 0.496 libtirpc support: no
#23 0.497 libbpf support: yes
#23 0.561 	libbpf version 1.4.2
#23 0.561 ELF support: yes
#23 0.563 libmnl support: yes
#23 0.564 Berkeley DB: no
#23 0.574 need for strlcpy: no
#23 0.594 libcap support: yes
#23 0.596 color output: never
#23 0.598 
#23 0.598 lib
#23 0.600     CC       libgenl.o
#23 0.613 In file included from ../include/libgenl.h:5,
#23 0.613                  from libgenl.c:12:
#23 0.613 ../include/libnetlink.h: In function 'rta_getattr_be64':
#23 0.613 ../include/libnetlink.h:280:16: warning: implicit declaration of function 'htobe64' [-Wimplicit-function-declaration]
#23 0.613   280 |         return htobe64(rta_getattr_u64(rta));
#23 0.613       |                ^~~~~~~
#23 0.640     CC       libnetlink.o
#23 0.942     CC       mnl_utils.o
#23 0.954 In file included from mnl_utils.c:12:
#23 0.954 ../include/libnetlink.h: In function 'rta_getattr_be64':
#23 0.954 ../include/libnetlink.h:280:16: warning: implicit declaration of function 'htobe64' [-Wimplicit-function-declaration]
#23 0.954   280 |         return htobe64(rta_getattr_u64(rta));
#23 0.954       |                ^~~~~~~
#23 1.017     AR       libnetlink.a
#23 1.019     CC       utils.o
#23 1.406     CC       utils_math.o
#23 1.449     CC       rt_names.o
#23 1.615     CC       ll_map.o
#23 1.629 In file included from ll_map.c:17:
#23 1.629 ../include/libnetlink.h: In function 'rta_getattr_be64':
#23 1.629 ../include/libnetlink.h:280:16: warning: implicit declaration of function 'htobe64' [-Wimplicit-function-declaration]
#23 1.629   280 |         return htobe64(rta_getattr_u64(rta));
#23 1.629       |                ^~~~~~~
#23 1.714     CC       ll_types.o
#23 1.727 In file included from ll_types.c:20:
#23 1.727 ../include/uapi/linux/sockios.h:42: warning: "SIOCGSTAMP" redefined
#23 1.727    42 | #define SIOCGSTAMP      SIOCGSTAMP_OLD
#23 1.727       | 
#23 1.727 In file included from /usr/include/sys/ioctl.h:10,
#23 1.727                  from ll_types.c:12:
#23 1.727 /usr/include/bits/ioctl.h:111: note: this is the location of the previous definition
#23 1.727   111 | #define SIOCGSTAMP      0x8906
#23 1.727       | 
#23 1.727 ../include/uapi/linux/sockios.h:43: warning: "SIOCGSTAMPNS" redefined
#23 1.727    43 | #define SIOCGSTAMPNS    SIOCGSTAMPNS_OLD
#23 1.727       | 
#23 1.727 /usr/include/bits/ioctl.h:112: note: this is the location of the previous definition
#23 1.727   112 | #define SIOCGSTAMPNS    0x8907
#23 1.727       | 
#23 1.742     CC       ll_proto.o
#23 1.755 In file included from ll_proto.c:21:
#23 1.755 ../include/uapi/linux/sockios.h:42: warning: "SIOCGSTAMP" redefined
#23 1.755    42 | #define SIOCGSTAMP      SIOCGSTAMP_OLD
#23 1.755       | 
#23 1.755 In file included from /usr/include/sys/ioctl.h:10,
#23 1.755                  from ll_proto.c:13:
#23 1.755 /usr/include/bits/ioctl.h:111: note: this is the location of the previous definition
#23 1.755   111 | #define SIOCGSTAMP      0x8906
#23 1.755       | 
#23 1.755 ../include/uapi/linux/sockios.h:43: warning: "SIOCGSTAMPNS" redefined
#23 1.755    43 | #define SIOCGSTAMPNS    SIOCGSTAMPNS_OLD
#23 1.755       | 
#23 1.755 /usr/include/bits/ioctl.h:112: note: this is the location of the previous definition
#23 1.755   112 | #define SIOCGSTAMPNS    0x8907
#23 1.755       | 
#23 1.769     CC       ll_addr.o
#23 1.781 In file included from ll_addr.c:20:
#23 1.781 ../include/uapi/linux/sockios.h:42: warning: "SIOCGSTAMP" redefined
#23 1.781    42 | #define SIOCGSTAMP      SIOCGSTAMP_OLD
#23 1.781       | 
#23 1.781 In file included from /usr/include/sys/ioctl.h:10,
#23 1.781                  from ll_addr.c:12:
#23 1.781 /usr/include/bits/ioctl.h:111: note: this is the location of the previous definition
#23 1.781   111 | #define SIOCGSTAMP      0x8906
#23 1.781       | 
#23 1.781 ../include/uapi/linux/sockios.h:43: warning: "SIOCGSTAMPNS" redefined
#23 1.781    43 | #define SIOCGSTAMPNS    SIOCGSTAMPNS_OLD
#23 1.781       | 
#23 1.781 /usr/include/bits/ioctl.h:112: note: this is the location of the previous definition
#23 1.781   112 | #define SIOCGSTAMPNS    0x8907
#23 1.781       | 
#23 1.809     CC       inet_proto.o
#23 1.846     CC       namespace.o
#23 1.897     CC       json_writer.o
#23 1.974     CC       json_print.o
#23 2.093     CC       json_print_math.o
#23 2.124     CC       names.o
#23 2.167     CC       color.o
#23 2.206     CC       bpf_legacy.o
#23 2.554     CC       bpf_glue.o
#23 2.589     CC       exec.o
#23 2.622     CC       fs.o
#23 2.685     CC       cg_map.o
#23 2.724     CC       ppp_proto.o
#23 2.747     CC       bpf_libbpf.o
#23 2.819     CC       selinux.o
#23 2.838     CC       ax25_ntop.o
#23 2.865     CC       rose_ntop.o
#23 2.878 In file included from rose_ntop.c:16:
#23 2.878 ../include/uapi/linux/sockios.h:42: warning: "SIOCGSTAMP" redefined
#23 2.878    42 | #define SIOCGSTAMP      SIOCGSTAMP_OLD
#23 2.878       | 
#23 2.878 In file included from /usr/include/sys/ioctl.h:10,
#23 2.878                  from rose_ntop.c:7:
#23 2.878 /usr/include/bits/ioctl.h:111: note: this is the location of the previous definition
#23 2.878   111 | #define SIOCGSTAMP      0x8906
#23 2.878       | 
#23 2.878 ../include/uapi/linux/sockios.h:43: warning: "SIOCGSTAMPNS" redefined
#23 2.878    43 | #define SIOCGSTAMPNS    SIOCGSTAMPNS_OLD
#23 2.878       | 
#23 2.878 /usr/include/bits/ioctl.h:112: note: this is the location of the previous definition
#23 2.878   112 | #define SIOCGSTAMPNS    0x8907
#23 2.878       | 
#23 2.893     CC       mpls_ntop.o
#23 2.921     CC       mpls_pton.o
#23 2.955     CC       netrom_ntop.o
#23 2.978     AR       libutil.a
#23 2.982 
#23 2.982 ip
#23 2.984     CC       ip.o
#23 3.054     CC       ipaddress.o
#23 3.067 In file included from ipaddress.c:26:
#23 3.067 ../include/uapi/linux/sockios.h:42: warning: "SIOCGSTAMP" redefined
#23 3.067    42 | #define SIOCGSTAMP      SIOCGSTAMP_OLD
#23 3.067       | 
#23 3.067 In file included from /usr/include/sys/ioctl.h:10,
#23 3.067                  from ipaddress.c:14:
#23 3.067 /usr/include/bits/ioctl.h:111: note: this is the location of the previous definition
#23 3.067   111 | #define SIOCGSTAMP      0x8906
#23 3.067       | 
#23 3.067 ../include/uapi/linux/sockios.h:43: warning: "SIOCGSTAMPNS" redefined
#23 3.067    43 | #define SIOCGSTAMPNS    SIOCGSTAMPNS_OLD
#23 3.067       | 
#23 3.067 /usr/include/bits/ioctl.h:112: note: this is the location of the previous definition
#23 3.067   112 | #define SIOCGSTAMPNS    0x8907
#23 3.067       | 
#23 3.552     CC       ipaddrlabel.o
#23 3.611     CC       iproute.o
#23 4.144     CC       iprule.o
#23 4.335     CC       ipnetns.o
#23 4.531     CC       rtm_map.o
#23 4.566     CC       iptunnel.o
#23 4.578 In file included from ../include/uapi/linux/if_tunnel.h:6,
#23 4.578                  from iptunnel.c:19:
#23 4.578 ../include/uapi/linux/if.h:134: warning: "IFF_VOLATILE" redefined
#23 4.578   134 | #define IFF_VOLATILE    (IFF_LOOPBACK|IFF_POINTOPOINT|IFF_BROADCAST|IFF_ECHO|\
#23 4.578       | 
#23 4.578 In file included from iptunnel.c:16:
#23 4.578 /usr/include/net/if.h:48: note: this is the location of the previous definition
#23 4.578    48 | #define IFF_VOLATILE (IFF_LOOPBACK|IFF_POINTOPOINT|IFF_BROADCAST| \
#23 4.578       | 
#23 4.717     CC       ip6tunnel.o
#23 4.834     CC       tunnel.o
#23 4.923     CC       ipneigh.o
#23 5.096     CC       ipntable.o
#23 5.198     CC       iplink.o
#23 5.469     CC       ipmaddr.o
#23 5.481 In file included from ipmaddr.c:21:
#23 5.481 ../include/uapi/linux/sockios.h:42: warning: "SIOCGSTAMP" redefined
#23 5.481    42 | #define SIOCGSTAMP      SIOCGSTAMP_OLD
#23 5.481       | 
#23 5.481 In file included from /usr/include/sys/ioctl.h:10,
#23 5.481                  from ipmaddr.c:12:
#23 5.481 /usr/include/bits/ioctl.h:111: note: this is the location of the previous definition
#23 5.481   111 | #define SIOCGSTAMP      0x8906
#23 5.481       | 
#23 5.481 ../include/uapi/linux/sockios.h:43: warning: "SIOCGSTAMPNS" redefined
#23 5.481    43 | #define SIOCGSTAMPNS    SIOCGSTAMPNS_OLD
#23 5.481       | 
#23 5.481 /usr/include/bits/ioctl.h:112: note: this is the location of the previous definition
#23 5.481   112 | #define SIOCGSTAMPNS    0x8907
#23 5.481       | 
#23 5.555     CC       ipmonitor.o
#23 5.626     CC       ipmroute.o
#23 5.638 In file included from ipmroute.c:22:
#23 5.638 ../include/uapi/linux/sockios.h:42: warning: "SIOCGSTAMP" redefined
#23 5.638    42 | #define SIOCGSTAMP      SIOCGSTAMP_OLD
#23 5.638       | 
#23 5.638 In file included from /usr/include/sys/ioctl.h:10,
#23 5.638                  from ipmroute.c:13:
#23 5.638 /usr/include/bits/ioctl.h:111: note: this is the location of the previous definition
#23 5.638   111 | #define SIOCGSTAMP      0x8906
#23 5.638       | 
#23 5.638 ../include/uapi/linux/sockios.h:43: warning: "SIOCGSTAMPNS" redefined
#23 5.638    43 | #define SIOCGSTAMPNS    SIOCGSTAMPNS_OLD
#23 5.638       | 
#23 5.638 /usr/include/bits/ioctl.h:112: note: this is the location of the previous definition
#23 5.638   112 | #define SIOCGSTAMPNS    0x8907
#23 5.638       | 
#23 5.698     CC       ipprefix.o
#23 5.728     CC       iptuntap.o
#23 5.841     CC       iptoken.o
#23 5.893     CC       ipxfrm.o
#23 6.196     CC       xfrm_state.o
#23 6.474     CC       xfrm_policy.o
#23 6.703     CC       xfrm_monitor.o
#23 6.780     CC       iplink_dummy.o
#23 6.802     CC       iplink_ifb.o
#23 6.824     CC       iplink_nlmon.o
#23 6.847     CC       iplink_team.o
#23 6.871     CC       iplink_vcan.o
#23 6.894     CC       iplink_vxcan.o
#23 6.921     CC       iplink_vlan.o
#23 6.994     CC       link_veth.o
#23 7.022     CC       link_gre.o
#23 7.032 In file included from ../include/uapi/linux/if_tunnel.h:6,
#23 7.032                  from link_gre.c:15:
#23 7.032 ../include/uapi/linux/if.h:134: warning: "IFF_VOLATILE" redefined
#23 7.032   134 | #define IFF_VOLATILE    (IFF_LOOPBACK|IFF_POINTOPOINT|IFF_BROADCAST|IFF_ECHO|\
#23 7.032       | 
#23 7.032 In file included from link_gre.c:9:
#23 7.032 /usr/include/net/if.h:48: note: this is the location of the previous definition
#23 7.032    48 | #define IFF_VOLATILE (IFF_LOOPBACK|IFF_POINTOPOINT|IFF_BROADCAST| \
#23 7.032       | 
#23 7.139     CC       iplink_can.o
#23 7.303     CC       iplink_xdp.o
#23 7.362     CC       iplink_macvlan.o
#23 7.431     CC       ipl2tp.o
#23 7.585     CC       link_vti.o
#23 7.596 In file included from ../include/uapi/linux/if_tunnel.h:6,
#23 7.596                  from link_vti.c:16:
#23 7.596 ../include/uapi/linux/if.h:134: warning: "IFF_VOLATILE" redefined
#23 7.596   134 | #define IFF_VOLATILE    (IFF_LOOPBACK|IFF_POINTOPOINT|IFF_BROADCAST|IFF_ECHO|\
#23 7.596       | 
#23 7.596 In file included from link_vti.c:10:
#23 7.596 /usr/include/net/if.h:48: note: this is the location of the previous definition
#23 7.596    48 | #define IFF_VOLATILE (IFF_LOOPBACK|IFF_POINTOPOINT|IFF_BROADCAST| \
#23 7.596       | 
#23 7.649     CC       link_vti6.o
#23 7.660 In file included from ../include/uapi/linux/if_tunnel.h:6,
#23 7.660                  from link_vti6.c:17:
#23 7.660 ../include/uapi/linux/if.h:134: warning: "IFF_VOLATILE" redefined
#23 7.660   134 | #define IFF_VOLATILE    (IFF_LOOPBACK|IFF_POINTOPOINT|IFF_BROADCAST|IFF_ECHO|\
#23 7.660       | 
#23 7.660 In file included from link_vti6.c:11:
#23 7.660 /usr/include/net/if.h:48: note: this is the location of the previous definition
#23 7.660    48 | #define IFF_VOLATILE (IFF_LOOPBACK|IFF_POINTOPOINT|IFF_BROADCAST| \
#23 7.660       | 
#23 7.705     CC       link_xfrm.o
#23 7.742     CC       iplink_vxlan.o
#23 7.901     CC       tcp_metrics.o
#23 8.005     CC       iplink_ipoib.o
#23 8.054     CC       ipnetconf.o
#23 8.114     CC       link_ip6tnl.o
#23 8.124 In file included from ../include/uapi/linux/if_tunnel.h:6,
#23 8.124                  from link_ip6tnl.c:15:
#23 8.124 ../include/uapi/linux/if.h:134: warning: "IFF_VOLATILE" redefined
#23 8.124   134 | #define IFF_VOLATILE    (IFF_LOOPBACK|IFF_POINTOPOINT|IFF_BROADCAST|IFF_ECHO|\
#23 8.124       | 
#23 8.124 In file included from link_ip6tnl.c:9:
#23 8.124 /usr/include/net/if.h:48: note: this is the location of the previous definition
#23 8.124    48 | #define IFF_VOLATILE (IFF_LOOPBACK|IFF_POINTOPOINT|IFF_BROADCAST| \
#23 8.124       | 
#23 8.213     CC       link_iptnl.o
#23 8.224 In file included from ../include/uapi/linux/if_tunnel.h:6,
#23 8.224                  from link_iptnl.c:16:
#23 8.224 ../include/uapi/linux/if.h:134: warning: "IFF_VOLATILE" redefined
#23 8.224   134 | #define IFF_VOLATILE    (IFF_LOOPBACK|IFF_POINTOPOINT|IFF_BROADCAST|IFF_ECHO|\
#23 8.224       | 
#23 8.224 In file included from link_iptnl.c:9:
#23 8.224 /usr/include/net/if.h:48: note: this is the location of the previous definition
#23 8.224    48 | #define IFF_VOLATILE (IFF_LOOPBACK|IFF_POINTOPOINT|IFF_BROADCAST| \
#23 8.224       | 
#23 8.311     CC       link_gre6.o
#23 8.321 In file included from ../include/uapi/linux/if_tunnel.h:6,
#23 8.321                  from link_gre6.c:15:
#23 8.321 ../include/uapi/linux/if.h:134: warning: "IFF_VOLATILE" redefined
#23 8.321   134 | #define IFF_VOLATILE    (IFF_LOOPBACK|IFF_POINTOPOINT|IFF_BROADCAST|IFF_ECHO|\
#23 8.321       | 
#23 8.321 In file included from link_gre6.c:9:
#23 8.321 /usr/include/net/if.h:48: note: this is the location of the previous definition
#23 8.321    48 | #define IFF_VOLATILE (IFF_LOOPBACK|IFF_POINTOPOINT|IFF_BROADCAST| \
#23 8.321       | 
#23 8.444     CC       iplink_bond.o
#23 8.622     CC       iplink_bond_slave.o
#23 8.676     CC       iplink_hsr.o
#23 8.726     CC       iplink_bridge.o
#23 8.873     CC       iplink_bridge_slave.o
#23 8.973     CC       iplink_dsa.o
#23 9.005     CC       ipfou.o
#23 9.019 In file included from ../include/libgenl.h:5,
#23 9.019                  from ipfou.c:18:
#23 9.019 ../include/libnetlink.h: In function 'rta_getattr_be64':
#23 9.019 ../include/libnetlink.h:280:16: warning: implicit declaration of function 'htobe64' [-Wimplicit-function-declaration]
#23 9.019   280 |         return htobe64(rta_getattr_u64(rta));
#23 9.019       |                ^~~~~~~
#23 9.087     CC       iplink_ipvlan.o
#23 9.127     CC       iplink_geneve.o
#23 9.235     CC       iplink_vrf.o
#23 9.283     CC       iproute_lwtunnel.o
#23 9.703     CC       ipmacsec.o
#23 9.941     CC       ipila.o
#23 9.953 In file included from ../include/libgenl.h:5,
#23 9.953                  from ipila.c:18:
#23 9.953 ../include/libnetlink.h: In function 'rta_getattr_be64':
#23 9.954 ../include/libnetlink.h:280:16: warning: implicit declaration of function 'htobe64' [-Wimplicit-function-declaration]
#23 9.954   280 |         return htobe64(rta_getattr_u64(rta));
#23 9.954       |                ^~~~~~~
#23 10.02     CC       ipvrf.o
#23 10.13     CC       iplink_xstats.o
#23 10.16     CC       ipseg6.o
#23 10.21     CC       iplink_netdevsim.o
#23 10.23     CC       iplink_rmnet.o
#23 10.26     CC       ipnexthop.o
#23 10.51     CC       ipmptcp.o
#23 10.63     CC       iplink_bareudp.o
#23 10.64 In file included from iplink_bareudp.c:9:
#23 10.64 ../include/libnetlink.h: In function 'rta_getattr_be64':
#23 10.64 ../include/libnetlink.h:280:16: warning: implicit declaration of function 'htobe64' [-Wimplicit-function-declaration]
#23 10.64   280 |         return htobe64(rta_getattr_u64(rta));
#23 10.64       |                ^~~~~~~
#23 10.67     CC       iplink_wwan.o
#23 10.71     CC       ipioam6.o
#23 10.79     CC       iplink_amt.o
#23 10.85     CC       iplink_batadv.o
#23 10.88     CC       iplink_gtp.o
#23 10.92     CC       iplink_virt_wifi.o
#23 10.94     CC       iplink_netkit.o
#23 10.98     CC       ipstats.o
#23 11.19     LINK     ip
#23 11.22     CC       rtmon.o
#23 11.27     LINK     rtmon
#23 11.28 
#23 11.28 tc
#23 11.29     CC       tc.o
#23 11.37     CC       tc_qdisc.o
#23 11.48     CC       tc_class.o
#23 11.59     CC       tc_filter.o
#23 11.75     CC       tc_util.o
#23 11.94     CC       tc_monitor.o
#23 11.98     CC       tc_exec.o
#23 12.02     CC       m_police.o
#23 12.11     CC       m_estimator.o
#23 12.14     CC       m_action.o
#23 12.29     CC       m_ematch.o
#23 12.40     YACC     emp_ematch.tab.c
#23 12.46     CC       emp_ematch.tab.o
#23 12.58     LEX      emp_ematch.lex.c
#23 12.59     CC       emp_ematch.lex.o
#23 12.77     CC       q_fifo.o
#23 12.80     CC       q_sfq.o
#23 12.87     CC       q_red.o
#23 12.94     CC       q_prio.o
#23 12.99     CC       q_skbprio.o
#23 13.02     CC       q_tbf.o
#23 13.11     CC       q_multiq.o
#23 13.14     CC       q_netem.o
#23 13.34     CC       q_choke.o
#23 13.40     CC       q_sfb.o
#23 13.47     CC       f_u32.o
#23 13.73     CC       f_route.o
#23 13.79     CC       f_fw.o
#23 13.83     CC       f_basic.o
#23 13.88     CC       f_bpf.o
#23 13.95     CC       f_flow.o
#23 14.04     CC       f_cgroup.o
#23 14.08     CC       f_flower.o
#23 14.09 In file included from ../include/uapi/linux/netdevice.h:29,
#23 14.09                  from ../include/uapi/linux/if_arp.h:27,
#23 14.09                  from f_flower.c:14:
#23 14.09 ../include/uapi/linux/if.h:134: warning: "IFF_VOLATILE" redefined
#23 14.09   134 | #define IFF_VOLATILE    (IFF_LOOPBACK|IFF_POINTOPOINT|IFF_BROADCAST|IFF_ECHO|\
#23 14.09       | 
#23 14.09 In file included from f_flower.c:12:
#23 14.09 /usr/include/net/if.h:48: note: this is the location of the previous definition
#23 14.09    48 | #define IFF_VOLATILE (IFF_LOOPBACK|IFF_POINTOPOINT|IFF_BROADCAST| \
#23 14.09       | 
#23 14.57     CC       q_gred.o
#23 14.67     CC       q_ingress.o
#23 14.70     CC       q_hfsc.o
#23 14.79     CC       q_htb.o
#23 14.89     CC       q_drr.o
#23 14.93     CC       q_qfq.o
#23 14.97     CC       m_gact.o
#23 15.02     CC       m_mirred.o
#23 15.10     CC       m_mpls.o
#23 15.17     CC       m_nat.o
#23 15.23     CC       m_pedit.o
#23 15.37     CC       m_ife.o
#23 15.44     CC       m_skbedit.o
#23 15.50     CC       m_skbmod.o
#23 15.57     CC       m_csum.o
#23 15.63     CC       m_simple.o
#23 15.68     CC       m_vlan.o
#23 15.74     CC       m_connmark.o
#23 15.78     CC       m_ctinfo.o
#23 15.84     CC       m_bpf.o
#23 15.89     CC       m_tunnel_key.o
#23 16.01     CC       m_sample.o
#23 16.06     CC       m_ct.o
#23 16.16     CC       m_gate.o
#23 16.25     CC       p_ip.o
#23 16.29     CC       p_ip6.o
#23 16.32     CC       p_icmp.o
#23 16.35     CC       p_eth.o
#23 16.38     CC       p_tcp.o
#23 16.41     CC       p_udp.o
#23 16.44     CC       em_nbyte.o
#23 16.49     CC       em_cmp.o
#23 16.54     CC       em_u32.o
#23 16.59     CC       em_canid.o
#23 16.64     CC       em_meta.o
#23 16.74     CC       q_mqprio.o
#23 16.86     CC       q_codel.o
#23 16.91     CC       q_fq_codel.o
#23 16.99     CC       q_fq.o
#23 17.11     CC       q_pie.o
#23 17.18     CC       q_fq_pie.o
#23 17.25     CC       q_cake.o
#23 17.44     CC       q_hhf.o
#23 17.49     CC       q_clsact.o
#23 17.52     CC       e_bpf.o
#23 17.57     CC       f_matchall.o
#23 17.62     CC       q_cbs.o
#23 17.67     CC       q_etf.o
#23 17.71     CC       q_taprio.o
#23 17.83     CC       q_plug.o
#23 17.86     CC       q_ets.o
#23 17.94     CC       em_ipt.o
#23 17.96 In file included from tc_util.h:7,
#23 17.96                  from m_ematch.h:11,
#23 17.96                  from em_ipt.c:13:
#23 17.96 ../include/uapi/linux/if.h:134: warning: "IFF_VOLATILE" redefined
#23 17.96   134 | #define IFF_VOLATILE    (IFF_LOOPBACK|IFF_POINTOPOINT|IFF_BROADCAST|IFF_ECHO|\
#23 17.96       | 
#23 17.96 In file included from ../include/xtables.h:17,
#23 17.96                  from em_ipt.c:12:
#23 17.96 /usr/include/net/if.h:48: note: this is the location of the previous definition
#23 17.96    48 | #define IFF_VOLATILE (IFF_LOOPBACK|IFF_POINTOPOINT|IFF_BROADCAST| \
#23 17.96       | 
#23 17.99     CC       em_ipset.o
#23 18.01 In file included from tc_util.h:7,
#23 18.01                  from m_ematch.h:11,
#23 18.01                  from em_ipset.c:39:
#23 18.01 ../include/uapi/linux/if.h:134: warning: "IFF_VOLATILE" redefined
#23 18.01   134 | #define IFF_VOLATILE    (IFF_LOOPBACK|IFF_POINTOPOINT|IFF_BROADCAST|IFF_ECHO|\
#23 18.01       | 
#23 18.01 In file included from ../include/xtables.h:17,
#23 18.01                  from em_ipset.c:23:
#23 18.01 /usr/include/net/if.h:48: note: this is the location of the previous definition
#23 18.01    48 | #define IFF_VOLATILE (IFF_LOOPBACK|IFF_POINTOPOINT|IFF_BROADCAST| \
#23 18.01       | 
#23 18.04     CC       tc_core.o
#23 18.12     CC       tc_red.o
#23 18.16     CC       tc_estimator.o
#23 18.19     CC       tc_stab.o
#23 18.25     CC       tc_qevent.o
#23 18.26 In file included from tc_qevent.h:7,
#23 18.26                  from tc_qevent.c:10:
#23 18.26 ../include/libnetlink.h: In function 'rta_getattr_be64':
#23 18.26 ../include/libnetlink.h:280:16: warning: implicit declaration of function 'htobe64' [-Wimplicit-function-declaration]
#23 18.26   280 |         return htobe64(rta_getattr_u64(rta));
#23 18.26       |                ^~~~~~~
#23 18.30     AR       libtc.a
#23 18.31     LINK     tc
#23 18.34 rm emp_ematch.lex.c
#23 18.34 
#23 18.34 bridge
#23 18.34     CC       bridge.o
#23 18.39     CC       fdb.o
#23 18.40 In file included from fdb.c:28:
#23 18.40 ../include/libnetlink.h: In function 'rta_getattr_be64':
#23 18.40 ../include/libnetlink.h:280:16: warning: implicit declaration of function 'htobe64' [-Wimplicit-function-declaration]
#23 18.40   280 |         return htobe64(rta_getattr_u64(rta));
#23 18.40       |                ^~~~~~~
#23 18.57     CC       monitor.o
#23 18.61     CC       link.o
#23 18.63 In file included from link.c:16:
#23 18.63 ../include/libnetlink.h: In function 'rta_getattr_be64':
#23 18.63 ../include/libnetlink.h:280:16: warning: implicit declaration of function 'htobe64' [-Wimplicit-function-declaration]
#23 18.63   280 |         return htobe64(rta_getattr_u64(rta));
#23 18.63       |                ^~~~~~~
#23 18.77     CC       mdb.o
#23 18.78 In file included from mdb.c:20:
#23 18.78 ../include/libnetlink.h: In function 'rta_getattr_be64':
#23 18.78 ../include/libnetlink.h:280:16: warning: implicit declaration of function 'htobe64' [-Wimplicit-function-declaration]
#23 18.78   280 |         return htobe64(rta_getattr_u64(rta));
#23 18.78       |                ^~~~~~~
#23 18.96     CC       vlan.o
#23 18.98 In file included from vlan.c:16:
#23 18.98 ../include/libnetlink.h: In function 'rta_getattr_be64':
#23 18.98 ../include/libnetlink.h:280:16: warning: implicit declaration of function 'htobe64' [-Wimplicit-function-declaration]
#23 18.98   280 |         return htobe64(rta_getattr_u64(rta));
#23 18.98       |                ^~~~~~~
#23 19.19     CC       vni.o
#23 19.20 In file included from vni.c:21:
#23 19.20 ../include/libnetlink.h: In function 'rta_getattr_be64':
#23 19.20 ../include/libnetlink.h:280:16: warning: implicit declaration of function 'htobe64' [-Wimplicit-function-declaration]
#23 19.20   280 |         return htobe64(rta_getattr_u64(rta));
#23 19.20       |                ^~~~~~~
#23 19.27     LINK     bridge
#23 19.29 
#23 19.29 misc
#23 19.29     CC       ss.o
#23 19.31 In file included from ../include/uapi/linux/tipc.h:42,
#23 19.31                  from ss.c:49:
#23 19.31 ../include/uapi/linux/sockios.h:42: warning: "SIOCGSTAMP" redefined
#23 19.31    42 | #define SIOCGSTAMP      SIOCGSTAMP_OLD
#23 19.31       | 
#23 19.31 In file included from /usr/include/sys/ioctl.h:10,
#23 19.31                  from ss.c:12:
#23 19.31 /usr/include/bits/ioctl.h:111: note: this is the location of the previous definition
#23 19.31   111 | #define SIOCGSTAMP      0x8906
#23 19.31       | 
#23 19.31 ../include/uapi/linux/sockios.h:43: warning: "SIOCGSTAMPNS" redefined
#23 19.31    43 | #define SIOCGSTAMPNS    SIOCGSTAMPNS_OLD
#23 19.31       | 
#23 19.31 /usr/include/bits/ioctl.h:112: note: this is the location of the previous definition
#23 19.31   112 | #define SIOCGSTAMPNS    0x8907
#23 19.31       | 
#23 20.22     CC       ssfilter_check.o
#23 20.24 In file included from ssfilter_check.c:6:
#23 20.24 ../include/libnetlink.h: In function 'rta_getattr_be64':
#23 20.24 ../include/libnetlink.h:280:16: warning: implicit declaration of function 'htobe64' [-Wimplicit-function-declaration]
#23 20.24   280 |         return htobe64(rta_getattr_u64(rta));
#23 20.24       |                ^~~~~~~
#23 20.26     YACC     ssfilter.tab.c
#23 20.32     CC       ssfilter.tab.o
#23 20.43     LINK     ss
#23 20.44     CC       nstat
#23 20.45 In file included from nstat.c:20:
#23 20.45 /usr/include/sys/poll.h:1:2: warning: #warning redirecting incorrect #include <sys/poll.h> to <poll.h> [-Wcpp]
#23 20.45     1 | #warning redirecting incorrect #include <sys/poll.h> to <poll.h>
#23 20.45       |  ^~~~~~~
#23 20.58     CC       ifstat
#23 20.59 In file included from ifstat.c:20:
#23 20.59 /usr/include/sys/poll.h:1:2: warning: #warning redirecting incorrect #include <sys/poll.h> to <poll.h> [-Wcpp]
#23 20.59     1 | #warning redirecting incorrect #include <sys/poll.h> to <poll.h>
#23 20.59       |  ^~~~~~~
#23 20.60 In file included from ifstat.c:30:
#23 20.60 ../include/libnetlink.h: In function 'rta_getattr_be64':
#23 20.60 ../include/libnetlink.h:280:16: warning: implicit declaration of function 'htobe64' [-Wimplicit-function-declaration]
#23 20.60   280 |         return htobe64(rta_getattr_u64(rta));
#23 20.60       |                ^~~~~~~
#23 20.77     CC       rtacct
#23 20.78 In file included from rtacct.c:19:
#23 20.78 /usr/include/sys/poll.h:1:2: warning: #warning redirecting incorrect #include <sys/poll.h> to <poll.h> [-Wcpp]
#23 20.78     1 | #warning redirecting incorrect #include <sys/poll.h> to <poll.h>
#23 20.78       |  ^~~~~~~
#23 20.91     CC       lnstat.o
#23 20.97     CC       lnstat_util.o
#23 21.03     LINK     lnstat
#23 21.04 
#23 21.04 netem
#23 21.05 gcc  -I../include -o maketable maketable.c -lm
#23 21.08 gcc  -I../include -o normal normal.c -lm
#23 21.10 gcc  -I../include -o pareto pareto.c -lm
#23 21.13 gcc  -I../include -o paretonormal paretonormal.c -lm
#23 21.15 ./normal > normal.dist
#23 21.16 ./pareto > pareto.dist
#23 21.16 ./paretonormal > paretonormal.dist
#23 21.17 ./maketable experimental.dat > experimental.dist
#23 21.18 
#23 21.18 genl
#23 21.18     CC       genl.o
#23 21.22     CC       ctrl.o
#23 21.29     LINK     genl
#23 21.31 
#23 21.31 man
#23 21.31 make[2]: Nothing to be done for 'all'.
#23 21.31 make[2]: Nothing to be done for 'all'.
#23 21.31 sed \
#23 21.31 	-e "s|@NETNS_ETC_DIR@|/etc/netns|g" \
#23 21.31 	-e "s|@NETNS_RUN_DIR@|/var/run/netns|g" \
#23 21.31 	-e "s|@SYSCONF_ETC_DIR@|/etc/iproute2|g" \
#23 21.31 	-e "s|@SYSCONF_USR_DIR@|/usr/share/iproute2|g" \
#23 21.31 	ip-address.8.in > ip-address.8
#23 21.31 sed \
#23 21.31 	-e "s|@NETNS_ETC_DIR@|/etc/netns|g" \
#23 21.31 	-e "s|@NETNS_RUN_DIR@|/var/run/netns|g" \
#23 21.31 	-e "s|@SYSCONF_ETC_DIR@|/etc/iproute2|g" \
#23 21.31 	-e "s|@SYSCONF_USR_DIR@|/usr/share/iproute2|g" \
#23 21.31 	ip-link.8.in > ip-link.8
#23 21.32 sed \
#23 21.32 	-e "s|@NETNS_ETC_DIR@|/etc/netns|g" \
#23 21.32 	-e "s|@NETNS_RUN_DIR@|/var/run/netns|g" \
#23 21.32 	-e "s|@SYSCONF_ETC_DIR@|/etc/iproute2|g" \
#23 21.32 	-e "s|@SYSCONF_USR_DIR@|/usr/share/iproute2|g" \
#23 21.32 	ip-netns.8.in > ip-netns.8
#23 21.32 sed \
#23 21.32 	-e "s|@NETNS_ETC_DIR@|/etc/netns|g" \
#23 21.32 	-e "s|@NETNS_RUN_DIR@|/var/run/netns|g" \
#23 21.32 	-e "s|@SYSCONF_ETC_DIR@|/etc/iproute2|g" \
#23 21.32 	-e "s|@SYSCONF_USR_DIR@|/usr/share/iproute2|g" \
#23 21.32 	ip-route.8.in > ip-route.8
#23 21.32 
#23 21.32 tipc
#23 21.33     CC       bearer.o
#23 21.51     CC       cmdl.o
#23 21.55     CC       link.o
#23 21.74     CC       media.o
#23 21.79     CC       misc.o
#23 21.85     CC       msg.o
#23 21.87     CC       nametable.o
#23 21.91     CC       node.o
#23 22.00     CC       socket.o
#23 22.04     CC       peer.o
#23 22.08     CC       tipc.o
#23 22.11     LINK     tipc
#23 22.13 
#23 22.13 devlink
#23 22.13     CC       devlink.o
#23 23.87     CC       mnlg.o
#23 23.88 In file included from mnlg.c:16:
#23 23.88 ../include/libnetlink.h: In function 'rta_getattr_be64':
#23 23.88 ../include/libnetlink.h:280:16: warning: implicit declaration of function 'htobe64' [-Wimplicit-function-declaration]
#23 23.88   280 |         return htobe64(rta_getattr_u64(rta));
#23 23.88       |                ^~~~~~~
#23 23.91     LINK     devlink
#23 23.92 
#23 23.92 rdma
#23 23.93     CC       rdma.o
#23 23.94 rdma.c: In function 'main':
#23 23.94 rdma.c:110:20: warning: implicit declaration of function 'basename'; did you mean 'rename'? [-Wimplicit-function-declaration]
#23 23.94   110 |         filename = basename(argv[0]);
#23 23.94       |                    ^~~~~~~~
#23 23.94       |                    rename
#23 23.94 rdma.c:110:18: warning: assignment to 'char *' from 'int' makes pointer from integer without a cast [-Wint-conversion]
#23 23.94   110 |         filename = basename(argv[0]);
#23 23.94       |                  ^
#23 23.97     CC       utils.o
#23 24.15     CC       dev.o
#23 24.22     CC       link.o
#23 24.29     CC       res.o
#23 24.40     CC       res-pd.o
#23 24.45     CC       res-mr.o
#23 24.50     CC       res-cq.o
#23 24.55     CC       res-cmid.o
#23 24.61     CC       res-qp.o
#23 24.67     CC       sys.o
#23 24.72     CC       stat.o
#23 24.93     CC       stat-mr.o
#23 24.97     CC       res-ctx.o
#23 25.01     CC       res-srq.o
#23 25.09     LINK     rdma
#23 25.10 
#23 25.10 dcb
#23 25.10     CC       dcb.o
#23 25.12 In file included from ../include/namespace.h:10,
#23 25.12                  from dcb.c:11:
#23 25.12 ../include/libnetlink.h: In function 'rta_getattr_be64':
#23 25.12 ../include/libnetlink.h:280:16: warning: implicit declaration of function 'htobe64' [-Wimplicit-function-declaration]
#23 25.12   280 |         return htobe64(rta_getattr_u64(rta));
#23 25.12       |                ^~~~~~~
#23 25.22     CC       dcb_app.o
#23 25.42     CC       dcb_buffer.o
#23 25.48     CC       dcb_dcbx.o
#23 25.53     CC       dcb_ets.o
#23 25.61     CC       dcb_maxrate.o
#23 25.66     CC       dcb_pfc.o
#23 25.72     CC       dcb_apptrust.o
#23 25.78     CC       dcb_rewr.o
#23 25.85     LINK     dcb
#23 25.87 
#23 25.87 vdpa
#23 25.87     CC       vdpa.o
#23 26.03     LINK     vdpa
#23 DONE 26.1s

#24 [20/22] RUN git clone --no-single-branch --depth=1 https://github.com/linux-netdev/testing.git /nipa-data/kernel
#24 0.385 Cloning into '/nipa-data/kernel'...
#24 21.74 Updating files:  16% (13881/83283)Updating files:  17% (14159/83283)Updating files:  18% (14991/83283)Updating files:  19% (15824/83283)Updating files:  20% (16657/83283)Updating files:  21% (17490/83283)Updating files:  22% (18323/83283)Updating files:  23% (19156/83283)Updating files:  24% (19988/83283)Updating files:  25% (20821/83283)Updating files:  26% (21654/83283)Updating files:  27% (22487/83283)Updating files:  28% (23320/83283)Updating files:  29% (24153/83283)Updating files:  30% (24985/83283)Updating files:  31% (25818/83283)Updating files:  32% (26651/83283)Updating files:  33% (27484/83283)Updating files:  33% (27868/83283)Updating files:  34% (28317/83283)Updating files:  35% (29150/83283)Updating files:  36% (29982/83283)Updating files:  37% (30815/83283)Updating files:  38% (31648/83283)Updating files:  39% (32481/83283)Updating files:  40% (33314/83283)Updating files:  40% (33545/83283)Updating files:  41% (34147/83283)Updating files:  42% (34979/83283)Updating files:  43% (35812/83283)Updating files:  44% (36645/83283)Updating files:  45% (37478/83283)Updating files:  46% (38311/83283)Updating files:  47% (39144/83283)Updating files:  48% (39976/83283)Updating files:  48% (40681/83283)Updating files:  49% (40809/83283)Updating files:  50% (41642/83283)Updating files:  51% (42475/83283)Updating files:  52% (43308/83283)Updating files:  53% (44140/83283)Updating files:  54% (44973/83283)Updating files:  55% (45806/83283)Updating files:  56% (46639/83283)Updating files:  57% (47472/83283)Updating files:  58% (48305/83283)Updating files:  59% (49137/83283)Updating files:  60% (49970/83283)Updating files:  61% (50803/83283)Updating files:  62% (51636/83283)Updating files:  62% (51769/83283)Updating files:  63% (52469/83283)Updating files:  64% (53302/83283)Updating files:  65% (54134/83283)Updating files:  66% (54967/83283)Updating files:  67% (55800/83283)Updating files:  68% (56633/83283)Updating files:  69% (57466/83283)Updating files:  70% (58299/83283)Updating files:  71% (59131/83283)Updating files:  72% (59964/83283)Updating files:  73% (60797/83283)Updating files:  74% (61630/83283)Updating files:  75% (62463/83283)Updating files:  76% (63296/83283)Updating files:  77% (64128/83283)Updating files:  78% (64961/83283)Updating files:  78% (65577/83283)Updating files:  79% (65794/83283)Updating files:  80% (66627/83283)Updating files:  81% (67460/83283)Updating files:  82% (68293/83283)Updating files:  83% (69125/83283)Updating files:  84% (69958/83283)Updating files:  85% (70791/83283)Updating files:  86% (71624/83283)Updating files:  87% (72457/83283)Updating files:  88% (73290/83283)Updating files:  89% (74122/83283)Updating files:  90% (74955/83283)Updating files:  91% (75788/83283)Updating files:  92% (76621/83283)Updating files:  93% (77454/83283)Updating files:  94% (78287/83283)Updating files:  95% (79119/83283)Updating files:  96% (79952/83283)Updating files:  97% (80785/83283)Updating files:  98% (81618/83283)Updating files:  98% (81778/83283)Updating files:  99% (82451/83283)Updating files: 100% (83283/83283)Updating files: 100% (83283/83283), done.
#24 DONE 29.6s

#25 [21/22] RUN git clone --depth=1 -b main https://github.com/p4tc-dev/new-nipa.git nipa
#25 0.334 Cloning into 'nipa'...
#25 DONE 0.6s

#26 [22/22] COPY entrypoint.sh /entrypoint.sh
#26 DONE 0.0s

#27 exporting to image
#27 exporting layers
#27 exporting layers 7.5s done
#27 writing image sha256:d6cdc541e7942c95d278843d8ad4d8b63560c8899236c3c260e9e78832fe9488 0.0s done
#27 naming to docker.io/library/nipa-executor
#27 naming to docker.io/library/nipa-executor 0.1s done
#27 DONE 7.7s
=== >>> DEBUG KERNEL <<< ===
NIPA version: 1b9c21a (ui: set canvas background color to stand out, 2024-03-28)
INFO: Last run date: 2024-05-19 15:00:10.033238+00:00
Testing  {'branch': 'net-next-2024-05-19--18-00', 'date': '2024-05-19T18:00:07.849242+00:00', 'base': '4b377b4868ef17b040065bd468668c707d2477a5', 'url': 'https://github.com/linux-netdev/testing.git net-next-2024-05-19--18-00'}
Updating files:  35% (6931/19698)Updating files:  36% (7092/19698)Updating files:  37% (7289/19698)Updating files:  38% (7486/19698)Updating files:  39% (7683/19698)Updating files:  40% (7880/19698)Updating files:  41% (8077/19698)Updating files:  42% (8274/19698)Updating files:  43% (8471/19698)Updating files:  44% (8668/19698)Updating files:  45% (8865/19698)Updating files:  46% (9062/19698)Updating files:  47% (9259/19698)Updating files:  48% (9456/19698)Updating files:  49% (9653/19698)Updating files:  50% (9849/19698)Updating files:  51% (10046/19698)Updating files:  52% (10243/19698)Updating files:  53% (10440/19698)Updating files:  54% (10637/19698)Updating files:  55% (10834/19698)Updating files:  56% (11031/19698)Updating files:  57% (11228/19698)Updating files:  58% (11425/19698)Updating files:  59% (11622/19698)Updating files:  60% (11819/19698)Updating files:  61% (12016/19698)Updating files:  62% (12213/19698)Updating files:  63% (12410/19698)Updating files:  64% (12607/19698)Updating files:  65% (12804/19698)Updating files:  66% (13001/19698)Updating files:  66% (13089/19698)Updating files:  67% (13198/19698)Updating files:  68% (13395/19698)Updating files:  69% (13592/19698)Updating files:  70% (13789/19698)Updating files:  71% (13986/19698)Updating files:  72% (14183/19698)Updating files:  73% (14380/19698)Updating files:  74% (14577/19698)Updating files:  75% (14774/19698)Updating files:  76% (14971/19698)Updating files:  77% (15168/19698)Updating files:  78% (15365/19698)Updating files:  79% (15562/19698)Updating files:  80% (15759/19698)Updating files:  81% (15956/19698)Updating files:  82% (16153/19698)Updating files:  83% (16350/19698)Updating files:  84% (16547/19698)Updating files:  85% (16744/19698)Updating files:  86% (16941/19698)Updating files:  87% (17138/19698)Updating files:  88% (17335/19698)Updating files:  89% (17532/19698)Updating files:  90% (17729/19698)Updating files:  91% (17926/19698)Updating files:  92% (18123/19698)Updating files:  93% (18320/19698)Updating files:  94% (18517/19698)Updating files:  95% (18714/19698)Updating files:  96% (18911/19698)Updating files:  97% (19108/19698)Updating files:  98% (19305/19698)Updating files:  99% (19502/19698)Updating files: 100% (19698/19698)Updating files: 100% (19698/19698), done.
branch 'net-next-2024-05-19--18-00' set up to track 'origin/net-next-2024-05-19--18-00'.
Switched to a new branch 'net-next-2024-05-19--18-00'
error: No valid patches in input (allow with "--allow-empty")
Checking patch tools/testing/selftests/tc-testing/tdc_config.py...
Applied patch tools/testing/selftests/tc-testing/tdc_config.py cleanly.
Run at 2024-05-19 18:23:30.996110
INFO: building kernel
INFO: starting VM 0
INFO: thr0-0 VM starting: vng -v -r arch/x86/boot/bzImage --user root --rwdir=/nipa-data/kernel/
INFO: thr0-0 expecting prompt: '/nipa-data/kernel# '
INFO: thr0-0 reached initial prompt
INFO: thr-0 testing == tdc.sh
INFO: thr-0 tdc.sh >> retcode: 0 result: pass found {'fail': False, 'skip': False, 'pass': True}
INFO: thr-0 has no more work, exiting
INFO: thr0-0 VM stopped
Done at 2024-05-19 18:28:14.603714
NIPA quitting!
/
~/nipa/tc-executor/tc-executor-storage /
sort: write failed: 'standard output': Broken pipe
sort: write error
