~/nipa/tc-executor/tc-executor-storage /
Switched to branch 'storage'
Your branch is ahead of 'origin/storage' by 321 commits.
  (use "git push" to publish your local commits)
/
~/nipa/tc-executor /
Error response from daemon: No such image: nipa-executor:latest
#0 building with "default" instance using docker driver

#1 [internal] load .dockerignore
#1 transferring context: 2B done
#1 DONE 0.0s

#2 [internal] load build definition from Dockerfile
#2 transferring dockerfile: 2.05kB done
#2 DONE 0.0s

#3 [internal] load metadata for docker.io/library/alpine:edge
#3 DONE 0.0s

#4 [ 1/22] FROM docker.io/library/alpine:edge
#4 CACHED

#5 [internal] load build context
#5 transferring context: 3.02kB done
#5 DONE 0.0s

#6 [ 2/22] RUN echo false > debug-mode
#6 DONE 0.5s

#7 [ 3/22] RUN addgroup -g 1001 hostuser
#7 DONE 0.4s

#8 [ 4/22] RUN adduser -u 1001 -G hostuser -H -D -s /bin/ash hostuser
#8 DONE 0.4s

#9 [ 5/22] RUN echo '@testing http://dl-cdn.alpinelinux.org/alpine/edge/testing' >> /etc/apk/repositories
#9 DONE 0.4s

#10 [ 6/22] RUN echo '@community http://dl-cdn.alpinelinux.org/alpine/edge/community' >> /etc/apk/repositories
#10 DONE 0.4s

#11 [ 7/22] RUN apk update && apk add --no-cache    virtme-ng@testing    git    py3-requests    py3-psutil    py3-setuptools    py3-pyroute2    py3-argcomplete    qemu-system-x86_64@community    scapy@community    make    gcc    musl-dev    flex    bison    linux-headers    elfutils-dev    util-linux    coreutils    diffutils    findutils    file    bash    kmod    perl    iptables-dev    libcap-dev    libmnl-dev    iproute2     jq    libbpf-dev    rsync    openssl-dev
#11 0.351 fetch https://dl-cdn.alpinelinux.org/alpine/edge/main/x86_64/APKINDEX.tar.gz
#11 0.986 fetch https://dl-cdn.alpinelinux.org/alpine/edge/community/x86_64/APKINDEX.tar.gz
#11 1.394 fetch http://dl-cdn.alpinelinux.org/alpine/edge/testing/x86_64/APKINDEX.tar.gz
#11 1.563 fetch http://dl-cdn.alpinelinux.org/alpine/edge/community/x86_64/APKINDEX.tar.gz
#11 1.811 v20240315-747-gcdd1dd38c42 [https://dl-cdn.alpinelinux.org/alpine/edge/main]
#11 1.811 v20240315-751-gd8955f97225 [https://dl-cdn.alpinelinux.org/alpine/edge/community]
#11 1.811 v20240315-736-g58f167db989 [http://dl-cdn.alpinelinux.org/alpine/edge/testing]
#11 1.811 v20240315-751-gd8955f97225 [http://dl-cdn.alpinelinux.org/alpine/edge/community]
#11 1.811 OK: 30777 distinct packages available
#11 1.875 fetch https://dl-cdn.alpinelinux.org/alpine/edge/main/x86_64/APKINDEX.tar.gz
#11 1.946 fetch https://dl-cdn.alpinelinux.org/alpine/edge/community/x86_64/APKINDEX.tar.gz
#11 2.036 fetch http://dl-cdn.alpinelinux.org/alpine/edge/testing/x86_64/APKINDEX.tar.gz
#11 2.103 fetch http://dl-cdn.alpinelinux.org/alpine/edge/community/x86_64/APKINDEX.tar.gz
#11 2.328 (1/176) Upgrading musl (1.2.4_git20230717-r5 -> 1.2.5-r0)
#11 2.340 (2/176) Upgrading libcrypto3 (3.1.4-r2 -> 3.2.1-r1)
#11 2.369 (3/176) Upgrading libssl3 (3.1.4-r2 -> 3.2.1-r1)
#11 2.381 (4/176) Upgrading zlib (1.3-r2 -> 1.3.1-r0)
#11 2.388 (5/176) Installing ncurses-terminfo-base (6.4_p20240309-r0)
#11 2.397 (6/176) Installing libncursesw (6.4_p20240309-r0)
#11 2.406 (7/176) Installing readline (8.2.10-r0)
#11 2.415 (8/176) Installing bash (5.2.26-r0)
#11 2.430 Executing bash-5.2.26-r0.post-install
#11 2.434 (9/176) Installing m4 (1.4.19-r3)
#11 2.445 (10/176) Installing bison (3.8.2-r1)
#11 2.462 (11/176) Installing coreutils-env (9.4-r2)
#11 2.469 (12/176) Installing coreutils-fmt (9.4-r2)
#11 2.475 (13/176) Installing coreutils-sha512sum (9.4-r2)
#11 2.482 (14/176) Installing libacl (2.3.2-r0)
#11 2.488 (15/176) Installing libattr (2.5.2-r0)
#11 2.494 (16/176) Installing skalibs (2.14.1.1-r0)
#11 2.502 (17/176) Installing utmps-libs (0.1.2.2-r0)
#11 2.508 (18/176) Installing coreutils (9.4-r2)
#11 2.585 (19/176) Installing diffutils (3.10-r0)
#11 2.594 (20/176) Installing zstd-libs (1.5.5-r9)
#11 2.606 (21/176) Installing libelf (0.191-r0)
#11 2.614 (22/176) Installing libbz2 (1.0.8-r6)
#11 2.620 (23/176) Installing musl-fts (1.2.7-r6)
#11 2.626 (24/176) Installing xz-libs (5.6.1-r1)
#11 2.635 (25/176) Installing libdw (0.191-r0)
#11 2.648 (26/176) Installing libasm (0.191-r0)
#11 2.655 (27/176) Installing xz (5.6.1-r1)
#11 2.664 (28/176) Installing pkgconf (2.1.1-r0)
#11 2.673 (29/176) Installing xz-dev (5.6.1-r1)
#11 2.681 (30/176) Installing libgcc (13.2.1_git20240309-r0)
#11 2.689 (31/176) Installing libstdc++ (13.2.1_git20240309-r0)
#11 2.711 (32/176) Installing zstd (1.5.5-r9)
#11 2.721 (33/176) Installing zstd-dev (1.5.5-r9)
#11 2.728 (34/176) Installing zlib-dev (1.3.1-r0)
#11 2.736 (35/176) Installing elfutils-dev (0.191-r0)
#11 2.750 (36/176) Installing libmagic (5.45-r1)
#11 2.772 (37/176) Installing file (5.45-r1)
#11 2.779 (38/176) Installing findutils (4.9.0-r5)
#11 2.788 (39/176) Installing flex (2.6.4-r6)
#11 2.797 (40/176) Installing jansson (2.14-r4)
#11 2.803 (41/176) Installing binutils (2.42-r0)
#11 2.853 (42/176) Installing libgomp (13.2.1_git20240309-r0)
#11 2.861 (43/176) Installing libatomic (13.2.1_git20240309-r0)
#11 2.867 (44/176) Installing gmp (6.3.0-r0)
#11 2.877 (45/176) Installing isl26 (0.26-r1)
#11 2.898 (46/176) Installing mpfr4 (4.2.1-r0)
#11 2.910 (47/176) Installing mpc1 (1.3.1-r1)
#11 2.916 (48/176) Installing gcc (13.2.1_git20240309-r0)
#11 3.427 (49/176) Installing ca-certificates (20240226-r0)
#11 3.444 (50/176) Installing brotli-libs (1.1.0-r1)
#11 3.456 (51/176) Installing c-ares (1.26.0-r0)
#11 3.464 (52/176) Installing libunistring (1.2-r0)
#11 3.478 (53/176) Installing libidn2 (2.3.7-r0)
#11 3.486 (54/176) Installing nghttp2-libs (1.60.0-r0)
#11 3.493 (55/176) Installing libpsl (0.21.5-r1)
#11 3.500 (56/176) Installing libcurl (8.6.0-r0)
#11 3.512 (57/176) Installing libexpat (2.6.2-r0)
#11 3.519 (58/176) Installing pcre2 (10.43-r0)
#11 3.532 (59/176) Installing git (2.44.0-r0)
#11 3.577 (60/176) Installing git-init-template (2.44.0-r0)
#11 3.584 (61/176) Installing libcap2 (2.69-r1)
#11 3.591 (62/176) Installing libmnl (1.0.5-r2)
#11 3.598 (63/176) Installing iproute2-minimal (6.8.0-r0)
#11 3.610 (64/176) Installing libxtables (1.8.10-r3)
#11 3.617 (65/176) Installing iproute2-tc (6.8.0-r0)
#11 3.627 (66/176) Installing iproute2-ss (6.8.0-r0)
#11 3.634 (67/176) Installing iproute2 (6.8.0-r0)
#11 3.644 Executing iproute2-6.8.0-r0.post-install
#11 3.649 (68/176) Installing linux-headers (6.6-r0)
#11 3.728 (69/176) Installing libip4tc (1.8.10-r3)
#11 3.735 (70/176) Installing libip6tc (1.8.10-r3)
#11 3.741 (71/176) Installing libipq (1.8.10-r3)
#11 3.747 (72/176) Installing iptables-dev (1.8.10-r3)
#11 3.754 (73/176) Installing oniguruma (6.9.9-r0)
#11 3.765 (74/176) Installing jq (1.7.1-r0)
#11 3.778 (75/176) Installing kmod (31-r4)
#11 3.787 (76/176) Installing libbpf (1.3.0-r0)
#11 3.796 (77/176) Installing libbpf-dev (1.3.0-r0)
#11 3.810 (78/176) Installing libcap-dev (2.69-r1)
#11 3.816 (79/176) Installing libmnl-dev (1.0.5-r2)
#11 3.822 (80/176) Installing make (4.4.1-r2)
#11 3.830 (81/176) Installing musl-dev (1.2.5-r0)
#11 3.886 (82/176) Installing openssl-dev (3.2.1-r1)
#11 3.909 (83/176) Installing perl (5.38.2-r0)
#11 4.106 (84/176) Installing perl-error (0.17029-r2)
#11 4.113 (85/176) Installing perl-git (2.44.0-r0)
#11 4.121 (86/176) Installing git-perl (2.44.0-r0)
#11 4.127 (87/176) Installing libffi (3.4.6-r0)
#11 4.133 (88/176) Installing gdbm (1.23-r1)
#11 4.139 (89/176) Installing mpdecimal (4.0.0-r0)
#11 4.147 (90/176) Installing libpanelw (6.4_p20240309-r0)
#11 4.153 (91/176) Installing sqlite-libs (3.45.2-r0)
#11 4.168 (92/176) Installing python3 (3.11.8-r0)
#11 4.290 (93/176) Installing python3-pycache-pyc0 (3.11.8-r0)
#11 4.372 (94/176) Installing pyc (3.11.8-r0)
#11 4.378 (95/176) Installing py3-argcomplete-pyc (3.2.3-r0)
#11 4.387 (96/176) Installing python3-pyc (3.11.8-r0)
#11 4.393 (97/176) Installing py3-argcomplete (3.2.3-r0)
#11 4.401 (98/176) Installing py3-psutil (5.9.8-r0)
#11 4.411 (99/176) Installing py3-psutil-pyc (5.9.8-r0)
#11 4.459 (100/176) Installing py3-pyroute2 (0.7.12-r0)
#11 4.483 (101/176) Installing py3-pyroute2-pyc (0.7.12-r0)
#11 4.510 (102/176) Installing py3-certifi (2024.2.2-r0)
#11 4.517 (103/176) Installing py3-certifi-pyc (2024.2.2-r0)
#11 4.523 (104/176) Installing py3-charset-normalizer (3.3.2-r0)
#11 4.532 (105/176) Installing py3-charset-normalizer-pyc (3.3.2-r0)
#11 4.541 (106/176) Installing py3-idna (3.6-r0)
#11 4.549 (107/176) Installing py3-idna-pyc (3.6-r0)
#11 4.556 (108/176) Installing py3-urllib3 (1.26.18-r0)
#11 4.568 (109/176) Installing py3-urllib3-pyc (1.26.18-r0)
#11 4.579 (110/176) Installing py3-requests (2.31.0-r1)
#11 4.587 (111/176) Installing py3-requests-pyc (2.31.0-r1)
#11 4.596 (112/176) Installing py3-parsing (3.1.2-r0)
#11 4.604 (113/176) Installing py3-parsing-pyc (3.1.2-r0)
#11 4.616 (114/176) Installing py3-packaging (24.0-r0)
#11 4.625 (115/176) Installing py3-packaging-pyc (24.0-r0)
#11 4.634 (116/176) Installing py3-setuptools (69.2.0-r0)
#11 4.663 (117/176) Installing py3-setuptools-pyc (69.2.0-r0)
#11 4.697 (118/176) Installing libcap-ng (0.8.4-r0)
#11 4.703 (119/176) Installing libintl (0.22.4-r0)
#11 4.711 (120/176) Installing libblkid (2.39.3-r1)
#11 4.719 (121/176) Installing libmount (2.39.3-r1)
#11 4.728 (122/176) Installing glib (2.78.4-r1)
#11 4.806 (123/176) Installing numactl (2.0.18-r0)
#11 4.813 (124/176) Installing qemu (8.2.2-r0)
#11 4.822 Executing qemu-8.2.2-r0.pre-install
#11 4.901 Executing qemu-8.2.2-r0.post-install
#11 4.903 *
#11 4.903 * If you want to run VM as unprivileged user and let Qemu create tunX devices,
#11 4.903 * then you must add that user to the group "qemu".
#11 4.903 * If you use KVM for hardware-assisted virtualization, then you may also need
#11 4.903 * to add that user to the group "kvm".
#11 4.903 *
#11 4.904 (125/176) Installing qemu-bridge-helper (8.2.2-r0)
#11 4.917 (126/176) Installing libaio (0.3.113-r2)
#11 4.923 (127/176) Installing capstone (5.0.1-r3)
#11 4.947 (128/176) Installing nettle (3.9.1-r0)
#11 4.962 (129/176) Installing libtasn1 (4.19.0-r2)
#11 4.969 (130/176) Installing p11-kit (0.25.3-r0)
#11 4.981 (131/176) Installing gnutls (3.8.3-r0)
#11 5.001 (132/176) Installing libjpeg-turbo (3.0.2-r0)
#11 5.011 (133/176) Installing lzo (2.10-r5)
#11 5.019 (134/176) Installing pixman (0.43.2-r0)
#11 5.029 (135/176) Installing libpng (1.6.43-r0)
#11 5.039 (136/176) Installing libsasl (2.1.28-r6)
#11 5.046 (137/176) Installing libseccomp (2.5.5-r0)
#11 5.054 (138/176) Installing libslirp (4.7.0-r0)
#11 5.061 (139/176) Installing snappy (1.1.10-r2)
#11 5.069 (140/176) Installing liburing (2.5-r1)
#11 5.075 (141/176) Installing vde2-libs (2.3.3-r1)
#11 5.083 (142/176) Installing qemu-system-x86_64 (8.2.2-r0)
#11 5.196 (143/176) Installing lz4-libs (1.9.4-r5)
#11 5.204 (144/176) Installing popt (1.19-r3)
#11 5.215 (145/176) Installing libxxhash (0.8.2-r2)
#11 5.221 (146/176) Installing rsync (3.2.7-r4)
#11 5.232 (147/176) Installing scapy (2.5.0-r1)
#11 5.284 Executing scapy-2.5.0-r1.post-install
#11 5.286 *
#11 5.286 * Certain optional features of scapy also depend on the following packages:
#11 5.286 *     py3-matplotlib graphviz imagemagick py3-cryptography sox
#11 5.286 * And the following unpackaged dependencies:
#11 5.286 *     pyxi vpython-jupyter nmap<v4.23
#11 5.286 * More information can be found at https://scapy.readthedocs.io/en/latest/installation.html#optional-dependencies
#11 5.286 *
#11 5.286 (148/176) Installing scapy-pyc (2.5.0-r1)
#11 5.349 (149/176) Installing util-linux (2.39.3-r1)
#11 5.355 (150/176) Installing setarch (2.39.3-r1)
#11 5.361 (151/176) Installing libuuid (2.39.3-r1)
#11 5.367 (152/176) Installing libfdisk (2.39.3-r1)
#11 5.376 (153/176) Installing libsmartcols (2.39.3-r1)
#11 5.383 (154/176) Installing util-linux-misc (2.39.3-r1)
#11 5.404 (155/176) Installing libeconf (0.6.2-r0)
#11 5.410 (156/176) Installing linux-pam (1.5.3-r8)
#11 5.423 (157/176) Installing runuser (2.39.3-r1)
#11 5.432 (158/176) Installing mount (2.39.3-r1)
#11 5.438 (159/176) Installing losetup (2.39.3-r1)
#11 5.445 (160/176) Installing hexdump (2.39.3-r1)
#11 5.451 (161/176) Installing uuidgen (2.39.3-r1)
#11 5.457 (162/176) Installing blkid (2.39.3-r1)
#11 5.463 (163/176) Installing sfdisk (2.39.3-r1)
#11 5.470 (164/176) Installing mcookie (2.39.3-r1)
#11 5.476 (165/176) Installing agetty (2.39.3-r1)
#11 5.483 (166/176) Installing wipefs (2.39.3-r1)
#11 5.489 (167/176) Installing cfdisk (2.39.3-r1)
#11 5.495 (168/176) Installing umount (2.39.3-r1)
#11 5.502 (169/176) Installing flock (2.39.3-r1)
#11 5.508 (170/176) Installing lsblk (2.39.3-r1)
#11 5.515 (171/176) Installing setpriv (2.39.3-r1)
#11 5.522 (172/176) Installing logger (2.39.3-r1)
#11 5.531 (173/176) Installing partx (2.39.3-r1)
#11 5.538 (174/176) Installing fstrim (2.39.3-r1)
#11 5.544 (175/176) Installing findmnt (2.39.3-r1)
#11 5.551 (176/176) Installing virtme-ng@testing (1.22-r0)
#11 5.587 Executing busybox-1.36.1-r17.trigger
#11 5.591 Executing ca-certificates-20240226-r0.trigger
#11 5.611 Executing glib-2.78.4-r1.trigger
#11 5.617 OK: 384 MiB in 187 packages
#11 DONE 6.0s

#12 [ 8/22] RUN mkdir -p /tmp/kernel-patches &&     mkdir -p /tmp/iproute2-patches
#12 DONE 0.4s

#13 [ 9/22] COPY tdc.config /tmp
#13 DONE 0.0s

#14 [10/22] COPY tdc-debug.config /tmp
#14 DONE 0.1s

#15 [11/22] COPY kernel-patches /tmp/kernel-patches/
#15 DONE 0.0s

#16 [12/22] COPY iproute2-patches /tmp/iproute2-patches/
#16 DONE 0.0s

#17 [13/22] COPY configs /tmp/configs/
#17 DONE 0.0s

#18 [14/22] RUN git config --global user.email foo@bar.com
#18 DONE 0.3s

#19 [15/22] RUN git config --global user.name foo@bar.com
#19 DONE 0.4s

#20 [16/22] RUN git clone https://git.kernel.org/pub/scm/network/iproute2/iproute2-next.git /nipa-data/iproute2
#20 0.369 Cloning into '/nipa-data/iproute2'...
#20 DONE 2.0s

#21 [17/22] RUN cd /nipa-data/iproute2 && 	git remote add stable https://git.kernel.org/pub/scm/network/iproute2/iproute2.git && 	git fetch --all && 	git merge stable/main
#21 0.438 Fetching origin
#21 0.790 Fetching stable
#21 1.608 From https://git.kernel.org/pub/scm/network/iproute2/iproute2
#21 1.608  * [new branch]        codeql         -> stable/codeql
#21 1.608  * [new branch]        iproute2-4.1.x -> stable/iproute2-4.1.x
#21 1.608  * [new branch]        main           -> stable/main
#21 1.615  * [new tag]           v6.8.0         -> v6.8.0
#21 1.676 Merge made by the 'ort' strategy.
#21 1.697  README               | 13 ++++++++
#21 1.697  include/version.h    |  2 +-
#21 1.697  ip/iptuntap.c        |  5 ++-
#21 1.697  lib/rt_names.c       | 43 +++++++++++++-------------
#21 1.697  man/man8/ip.8        | 33 ++++++++++++++++++--
#21 1.697  man/man8/tc-mirred.8 |  2 +-
#21 1.697  man/man8/tc-simple.8 | 12 ++++----
#21 1.697  misc/ifstat.c        | 11 +++++--
#21 1.697  misc/ss.c            | 17 ++++++++++-
#21 1.697  tc/e_bpf.c           |  2 +-
#21 1.697  tc/f_basic.c         |  4 +--
#21 1.697  tc/f_bpf.c           |  4 +--
#21 1.697  tc/f_cgroup.c        |  4 +--
#21 1.697  tc/f_flow.c          |  4 +--
#21 1.697  tc/f_flower.c        |  4 +--
#21 1.697  tc/f_fw.c            |  4 +--
#21 1.697  tc/f_matchall.c      |  4 +--
#21 1.697  tc/f_route.c         |  4 +--
#21 1.697  tc/f_u32.c           |  6 ++--
#21 1.697  tc/m_action.c        |  6 ++--
#21 1.697  tc/m_bpf.c           |  4 +--
#21 1.697  tc/m_connmark.c      |  4 +--
#21 1.697  tc/m_csum.c          |  4 +--
#21 1.697  tc/m_ct.c            |  4 +--
#21 1.697  tc/m_ctinfo.c        |  4 +--
#21 1.697  tc/m_gact.c          |  4 +--
#21 1.697  tc/m_gate.c          |  8 ++---
#21 1.697  tc/m_ife.c           |  4 +--
#21 1.697  tc/m_mirred.c        |  6 ++--
#21 1.697  tc/m_mpls.c          |  4 +--
#21 1.697  tc/m_nat.c           |  4 +--
#21 1.697  tc/m_pedit.c         | 10 +++---
#21 1.697  tc/m_police.c        |  8 ++---
#21 1.697  tc/m_sample.c        |  4 +--
#21 1.697  tc/m_simple.c        | 12 +++++---
#21 1.697  tc/m_skbedit.c       |  4 +--
#21 1.697  tc/m_skbmod.c        | 41 ++++++++++++++-----------
#21 1.697  tc/m_tunnel_key.c    |  4 +--
#21 1.697  tc/m_vlan.c          |  4 +--
#21 1.697  tc/q_cake.c          |  6 ++--
#21 1.697  tc/q_cbs.c           |  4 +--
#21 1.697  tc/q_choke.c         |  6 ++--
#21 1.697  tc/q_clsact.c        |  4 +--
#21 1.697  tc/q_codel.c         |  6 ++--
#21 1.697  tc/q_drr.c           |  8 ++---
#21 1.697  tc/q_etf.c           |  4 +--
#21 1.697  tc/q_ets.c           |  8 ++---
#21 1.697  tc/q_fifo.c          |  4 +--
#21 1.697  tc/q_fq.c            |  6 ++--
#21 1.697  tc/q_fq_codel.c      |  6 ++--
#21 1.697  tc/q_fq_pie.c        |  6 ++--
#21 1.697  tc/q_gred.c          |  6 ++--
#21 1.697  tc/q_hfsc.c          | 10 +++---
#21 1.697  tc/q_hhf.c           |  6 ++--
#21 1.697  tc/q_htb.c           |  8 ++---
#21 1.697  tc/q_ingress.c       |  4 +--
#21 1.697  tc/q_mqprio.c        |  4 +--
#21 1.697  tc/q_multiq.c        |  4 +--
#21 1.697  tc/q_netem.c         | 86 +++++++++++++++++++++++++++++-----------------------
#21 1.697  tc/q_pie.c           |  6 ++--
#21 1.697  tc/q_plug.c          |  4 +--
#21 1.697  tc/q_prio.c          |  4 +--
#21 1.697  tc/q_qfq.c           |  6 ++--
#21 1.697  tc/q_red.c           |  8 ++---
#21 1.697  tc/q_sfb.c           |  6 ++--
#21 1.697  tc/q_sfq.c           |  6 ++--
#21 1.697  tc/q_skbprio.c       |  4 +--
#21 1.697  tc/q_taprio.c        |  6 ++--
#21 1.697  tc/q_tbf.c           |  4 +--
#21 1.697  tc/tc.c              | 12 ++++----
#21 1.697  tc/tc_class.c        |  6 ++--
#21 1.697  tc/tc_core.c         | 15 ++-------
#21 1.697  tc/tc_core.h         |  2 --
#21 1.697  tc/tc_exec.c         |  2 +-
#21 1.697  tc/tc_filter.c       |  6 ++--
#21 1.697  tc/tc_qdisc.c        |  6 ++--
#21 1.697  tc/tc_util.c         | 33 +++++++++-----------
#21 1.697  tc/tc_util.h         | 36 +++++++++++-----------
#21 1.697  78 files changed, 377 insertions(+), 312 deletions(-)
#21 DONE 1.7s

#22 [18/22] RUN if [ "$(find /tmp/iproute2-patches/ -name *.patch)" ]; then  	cd /nipa-data/iproute2; 	git apply /tmp/iproute2-patches/*.patch;     fi
#22 DONE 0.4s

#23 [19/22] RUN cd /nipa-data/iproute2/ &&     ./configure &&     make
#23 0.381 TC schedulers
#23 0.382  IPT	using xtables
#23 0.409  IPSET  yes
#23 0.433 
#23 0.434 lib directory: /usr/lib
#23 0.434 libc has setns: yes
#23 0.454 libc has name_to_handle_at: yes
#23 0.476 SELinux support: no
#23 0.477 libtirpc support: no
#23 0.478 libbpf support: yes
#23 0.545 	libbpf version 1.3.0
#23 0.545 ELF support: yes
#23 0.547 libmnl support: yes
#23 0.549 Berkeley DB: no
#23 0.559 need for strlcpy: no
#23 0.579 libcap support: yes
#23 0.581 color output: never
#23 0.583 
#23 0.583 lib
#23 0.585     CC       libgenl.o
#23 0.625     CC       libnetlink.o
#23 0.918     CC       mnl_utils.o
#23 0.999     AR       libnetlink.a
#23 1.001     CC       utils.o
#23 1.362     CC       utils_math.o
#23 1.400     CC       rt_names.o
#23 1.556     CC       ll_map.o
#23 1.641     CC       ll_types.o
#23 1.653 In file included from ll_types.c:20:
#23 1.653 ../include/uapi/linux/sockios.h:42: warning: "SIOCGSTAMP" redefined
#23 1.653    42 | #define SIOCGSTAMP      SIOCGSTAMP_OLD
#23 1.653       | 
#23 1.653 In file included from /usr/include/sys/ioctl.h:10,
#23 1.653                  from ll_types.c:12:
#23 1.653 /usr/include/bits/ioctl.h:111: note: this is the location of the previous definition
#23 1.653   111 | #define SIOCGSTAMP      0x8906
#23 1.653       | 
#23 1.653 ../include/uapi/linux/sockios.h:43: warning: "SIOCGSTAMPNS" redefined
#23 1.653    43 | #define SIOCGSTAMPNS    SIOCGSTAMPNS_OLD
#23 1.653       | 
#23 1.653 /usr/include/bits/ioctl.h:112: note: this is the location of the previous definition
#23 1.653   112 | #define SIOCGSTAMPNS    0x8907
#23 1.653       | 
#23 1.667     CC       ll_proto.o
#23 1.679 In file included from ll_proto.c:21:
#23 1.679 ../include/uapi/linux/sockios.h:42: warning: "SIOCGSTAMP" redefined
#23 1.679    42 | #define SIOCGSTAMP      SIOCGSTAMP_OLD
#23 1.679       | 
#23 1.679 In file included from /usr/include/sys/ioctl.h:10,
#23 1.679                  from ll_proto.c:13:
#23 1.679 /usr/include/bits/ioctl.h:111: note: this is the location of the previous definition
#23 1.679   111 | #define SIOCGSTAMP      0x8906
#23 1.679       | 
#23 1.679 ../include/uapi/linux/sockios.h:43: warning: "SIOCGSTAMPNS" redefined
#23 1.679    43 | #define SIOCGSTAMPNS    SIOCGSTAMPNS_OLD
#23 1.679       | 
#23 1.679 /usr/include/bits/ioctl.h:112: note: this is the location of the previous definition
#23 1.679   112 | #define SIOCGSTAMPNS    0x8907
#23 1.679       | 
#23 1.692     CC       ll_addr.o
#23 1.703 In file included from ll_addr.c:20:
#23 1.703 ../include/uapi/linux/sockios.h:42: warning: "SIOCGSTAMP" redefined
#23 1.703    42 | #define SIOCGSTAMP      SIOCGSTAMP_OLD
#23 1.703       | 
#23 1.703 In file included from /usr/include/sys/ioctl.h:10,
#23 1.703                  from ll_addr.c:12:
#23 1.703 /usr/include/bits/ioctl.h:111: note: this is the location of the previous definition
#23 1.703   111 | #define SIOCGSTAMP      0x8906
#23 1.703       | 
#23 1.703 ../include/uapi/linux/sockios.h:43: warning: "SIOCGSTAMPNS" redefined
#23 1.703    43 | #define SIOCGSTAMPNS    SIOCGSTAMPNS_OLD
#23 1.703       | 
#23 1.703 /usr/include/bits/ioctl.h:112: note: this is the location of the previous definition
#23 1.703   112 | #define SIOCGSTAMPNS    0x8907
#23 1.703       | 
#23 1.729     CC       inet_proto.o
#23 1.756     CC       namespace.o
#23 1.804     CC       json_writer.o
#23 1.878     CC       json_print.o
#23 1.994     CC       json_print_math.o
#23 2.033     CC       names.o
#23 2.075     CC       color.o
#23 2.113     CC       bpf_legacy.o
#23 2.451     CC       bpf_glue.o
#23 2.490     CC       exec.o
#23 2.519     CC       fs.o
#23 2.580     CC       cg_map.o
#23 2.612     CC       ppp_proto.o
#23 2.633     CC       bpf_libbpf.o
#23 2.710     CC       selinux.o
#23 2.729     CC       ax25_ntop.o
#23 2.756     CC       rose_ntop.o
#23 2.770 In file included from rose_ntop.c:16:
#23 2.770 ../include/uapi/linux/sockios.h:42: warning: "SIOCGSTAMP" redefined
#23 2.770    42 | #define SIOCGSTAMP      SIOCGSTAMP_OLD
#23 2.770       | 
#23 2.770 In file included from /usr/include/sys/ioctl.h:10,
#23 2.770                  from rose_ntop.c:7:
#23 2.770 /usr/include/bits/ioctl.h:111: note: this is the location of the previous definition
#23 2.770   111 | #define SIOCGSTAMP      0x8906
#23 2.770       | 
#23 2.770 ../include/uapi/linux/sockios.h:43: warning: "SIOCGSTAMPNS" redefined
#23 2.770    43 | #define SIOCGSTAMPNS    SIOCGSTAMPNS_OLD
#23 2.770       | 
#23 2.770 /usr/include/bits/ioctl.h:112: note: this is the location of the previous definition
#23 2.770   112 | #define SIOCGSTAMPNS    0x8907
#23 2.770       | 
#23 2.786     CC       mpls_ntop.o
#23 2.814     CC       mpls_pton.o
#23 2.841     CC       netrom_ntop.o
#23 2.862     AR       libutil.a
#23 2.867 
#23 2.867 ip
#23 2.869     CC       ip.o
#23 2.936     CC       ipaddress.o
#23 2.949 In file included from ipaddress.c:26:
#23 2.949 ../include/uapi/linux/sockios.h:42: warning: "SIOCGSTAMP" redefined
#23 2.949    42 | #define SIOCGSTAMP      SIOCGSTAMP_OLD
#23 2.949       | 
#23 2.949 In file included from /usr/include/sys/ioctl.h:10,
#23 2.949                  from ipaddress.c:14:
#23 2.949 /usr/include/bits/ioctl.h:111: note: this is the location of the previous definition
#23 2.949   111 | #define SIOCGSTAMP      0x8906
#23 2.949       | 
#23 2.949 ../include/uapi/linux/sockios.h:43: warning: "SIOCGSTAMPNS" redefined
#23 2.949    43 | #define SIOCGSTAMPNS    SIOCGSTAMPNS_OLD
#23 2.949       | 
#23 2.949 /usr/include/bits/ioctl.h:112: note: this is the location of the previous definition
#23 2.949   112 | #define SIOCGSTAMPNS    0x8907
#23 2.949       | 
#23 3.389     CC       ipaddrlabel.o
#23 3.457     CC       iproute.o
#23 3.958     CC       iprule.o
#23 4.136     CC       ipnetns.o
#23 4.332     CC       rtm_map.o
#23 4.366     CC       iptunnel.o
#23 4.378 In file included from ../include/uapi/linux/if_tunnel.h:6,
#23 4.378                  from iptunnel.c:19:
#23 4.378 ../include/uapi/linux/if.h:134: warning: "IFF_VOLATILE" redefined
#23 4.378   134 | #define IFF_VOLATILE    (IFF_LOOPBACK|IFF_POINTOPOINT|IFF_BROADCAST|IFF_ECHO|\
#23 4.378       | 
#23 4.378 In file included from iptunnel.c:16:
#23 4.378 /usr/include/net/if.h:48: note: this is the location of the previous definition
#23 4.378    48 | #define IFF_VOLATILE (IFF_LOOPBACK|IFF_POINTOPOINT|IFF_BROADCAST| \
#23 4.378       | 
#23 4.506     CC       ip6tunnel.o
#23 4.610     CC       tunnel.o
#23 4.696     CC       ipneigh.o
#23 4.859     CC       ipntable.o
#23 4.962     CC       iplink.o
#23 5.227     CC       ipmaddr.o
#23 5.239 In file included from ipmaddr.c:21:
#23 5.239 ../include/uapi/linux/sockios.h:42: warning: "SIOCGSTAMP" redefined
#23 5.239    42 | #define SIOCGSTAMP      SIOCGSTAMP_OLD
#23 5.239       | 
#23 5.239 In file included from /usr/include/sys/ioctl.h:10,
#23 5.239                  from ipmaddr.c:12:
#23 5.239 /usr/include/bits/ioctl.h:111: note: this is the location of the previous definition
#23 5.239   111 | #define SIOCGSTAMP      0x8906
#23 5.239       | 
#23 5.239 ../include/uapi/linux/sockios.h:43: warning: "SIOCGSTAMPNS" redefined
#23 5.239    43 | #define SIOCGSTAMPNS    SIOCGSTAMPNS_OLD
#23 5.239       | 
#23 5.239 /usr/include/bits/ioctl.h:112: note: this is the location of the previous definition
#23 5.239   112 | #define SIOCGSTAMPNS    0x8907
#23 5.239       | 
#23 5.315     CC       ipmonitor.o
#23 5.394     CC       ipmroute.o
#23 5.407 In file included from ipmroute.c:22:
#23 5.407 ../include/uapi/linux/sockios.h:42: warning: "SIOCGSTAMP" redefined
#23 5.407    42 | #define SIOCGSTAMP      SIOCGSTAMP_OLD
#23 5.407       | 
#23 5.407 In file included from /usr/include/sys/ioctl.h:10,
#23 5.407                  from ipmroute.c:13:
#23 5.407 /usr/include/bits/ioctl.h:111: note: this is the location of the previous definition
#23 5.407   111 | #define SIOCGSTAMP      0x8906
#23 5.407       | 
#23 5.407 ../include/uapi/linux/sockios.h:43: warning: "SIOCGSTAMPNS" redefined
#23 5.407    43 | #define SIOCGSTAMPNS    SIOCGSTAMPNS_OLD
#23 5.407       | 
#23 5.407 /usr/include/bits/ioctl.h:112: note: this is the location of the previous definition
#23 5.407   112 | #define SIOCGSTAMPNS    0x8907
#23 5.407       | 
#23 5.473     CC       ipprefix.o
#23 5.504     CC       iptuntap.o
#23 5.620     CC       iptoken.o
#23 5.673     CC       ipxfrm.o
#23 5.986     CC       xfrm_state.o
#23 6.270     CC       xfrm_policy.o
#23 6.500     CC       xfrm_monitor.o
#23 6.576     CC       iplink_dummy.o
#23 6.598     CC       iplink_ifb.o
#23 6.621     CC       iplink_nlmon.o
#23 6.646     CC       iplink_team.o
#23 6.670     CC       iplink_vcan.o
#23 6.693     CC       iplink_vxcan.o
#23 6.720     CC       iplink_vlan.o
#23 6.789     CC       link_veth.o
#23 6.817     CC       link_gre.o
#23 6.828 In file included from ../include/uapi/linux/if_tunnel.h:6,
#23 6.828                  from link_gre.c:15:
#23 6.828 ../include/uapi/linux/if.h:134: warning: "IFF_VOLATILE" redefined
#23 6.828   134 | #define IFF_VOLATILE    (IFF_LOOPBACK|IFF_POINTOPOINT|IFF_BROADCAST|IFF_ECHO|\
#23 6.828       | 
#23 6.828 In file included from link_gre.c:9:
#23 6.828 /usr/include/net/if.h:48: note: this is the location of the previous definition
#23 6.828    48 | #define IFF_VOLATILE (IFF_LOOPBACK|IFF_POINTOPOINT|IFF_BROADCAST| \
#23 6.828       | 
#23 6.950     CC       iplink_can.o
#23 7.111     CC       iplink_xdp.o
#23 7.170     CC       iplink_macvlan.o
#23 7.238     CC       ipl2tp.o
#23 7.398     CC       link_vti.o
#23 7.408 In file included from ../include/uapi/linux/if_tunnel.h:6,
#23 7.408                  from link_vti.c:16:
#23 7.408 ../include/uapi/linux/if.h:134: warning: "IFF_VOLATILE" redefined
#23 7.408   134 | #define IFF_VOLATILE    (IFF_LOOPBACK|IFF_POINTOPOINT|IFF_BROADCAST|IFF_ECHO|\
#23 7.408       | 
#23 7.408 In file included from link_vti.c:10:
#23 7.408 /usr/include/net/if.h:48: note: this is the location of the previous definition
#23 7.408    48 | #define IFF_VOLATILE (IFF_LOOPBACK|IFF_POINTOPOINT|IFF_BROADCAST| \
#23 7.408       | 
#23 7.451     CC       link_vti6.o
#23 7.463 In file included from ../include/uapi/linux/if_tunnel.h:6,
#23 7.463                  from link_vti6.c:17:
#23 7.463 ../include/uapi/linux/if.h:134: warning: "IFF_VOLATILE" redefined
#23 7.463   134 | #define IFF_VOLATILE    (IFF_LOOPBACK|IFF_POINTOPOINT|IFF_BROADCAST|IFF_ECHO|\
#23 7.463       | 
#23 7.463 In file included from link_vti6.c:11:
#23 7.463 /usr/include/net/if.h:48: note: this is the location of the previous definition
#23 7.463    48 | #define IFF_VOLATILE (IFF_LOOPBACK|IFF_POINTOPOINT|IFF_BROADCAST| \
#23 7.463       | 
#23 7.508     CC       link_xfrm.o
#23 7.544     CC       iplink_vxlan.o
#23 7.697     CC       tcp_metrics.o
#23 7.801     CC       iplink_ipoib.o
#23 7.843     CC       ipnetconf.o
#23 7.905     CC       link_ip6tnl.o
#23 7.916 In file included from ../include/uapi/linux/if_tunnel.h:6,
#23 7.916                  from link_ip6tnl.c:15:
#23 7.916 ../include/uapi/linux/if.h:134: warning: "IFF_VOLATILE" redefined
#23 7.916   134 | #define IFF_VOLATILE    (IFF_LOOPBACK|IFF_POINTOPOINT|IFF_BROADCAST|IFF_ECHO|\
#23 7.916       | 
#23 7.916 In file included from link_ip6tnl.c:9:
#23 7.916 /usr/include/net/if.h:48: note: this is the location of the previous definition
#23 7.916    48 | #define IFF_VOLATILE (IFF_LOOPBACK|IFF_POINTOPOINT|IFF_BROADCAST| \
#23 7.916       | 
#23 8.016     CC       link_iptnl.o
#23 8.026 In file included from ../include/uapi/linux/if_tunnel.h:6,
#23 8.026                  from link_iptnl.c:16:
#23 8.026 ../include/uapi/linux/if.h:134: warning: "IFF_VOLATILE" redefined
#23 8.026   134 | #define IFF_VOLATILE    (IFF_LOOPBACK|IFF_POINTOPOINT|IFF_BROADCAST|IFF_ECHO|\
#23 8.026       | 
#23 8.026 In file included from link_iptnl.c:9:
#23 8.026 /usr/include/net/if.h:48: note: this is the location of the previous definition
#23 8.026    48 | #define IFF_VOLATILE (IFF_LOOPBACK|IFF_POINTOPOINT|IFF_BROADCAST| \
#23 8.026       | 
#23 8.111     CC       link_gre6.o
#23 8.121 In file included from ../include/uapi/linux/if_tunnel.h:6,
#23 8.121                  from link_gre6.c:15:
#23 8.121 ../include/uapi/linux/if.h:134: warning: "IFF_VOLATILE" redefined
#23 8.121   134 | #define IFF_VOLATILE    (IFF_LOOPBACK|IFF_POINTOPOINT|IFF_BROADCAST|IFF_ECHO|\
#23 8.121       | 
#23 8.121 In file included from link_gre6.c:9:
#23 8.121 /usr/include/net/if.h:48: note: this is the location of the previous definition
#23 8.121    48 | #define IFF_VOLATILE (IFF_LOOPBACK|IFF_POINTOPOINT|IFF_BROADCAST| \
#23 8.121       | 
#23 8.238     CC       iplink_bond.o
#23 8.407     CC       iplink_bond_slave.o
#23 8.459     CC       iplink_hsr.o
#23 8.506     CC       iplink_bridge.o
#23 8.648     CC       iplink_bridge_slave.o
#23 8.741     CC       iplink_dsa.o
#23 8.772     CC       ipfou.o
#23 8.845     CC       iplink_ipvlan.o
#23 8.882     CC       iplink_geneve.o
#23 8.969     CC       iplink_vrf.o
#23 9.015     CC       iproute_lwtunnel.o
#23 9.395     CC       ipmacsec.o
#23 9.668     CC       ipila.o
#23 9.742     CC       ipvrf.o
#23 9.854     CC       iplink_xstats.o
#23 9.883     CC       ipseg6.o
#23 9.936     CC       iplink_netdevsim.o
#23 9.958     CC       iplink_rmnet.o
#23 9.990     CC       ipnexthop.o
#23 10.24     CC       ipmptcp.o
#23 10.36     CC       iplink_bareudp.o
#23 10.40     CC       iplink_wwan.o
#23 10.43     CC       ipioam6.o
#23 10.51     CC       iplink_amt.o
#23 10.56     CC       iplink_batadv.o
#23 10.59     CC       iplink_gtp.o
#23 10.62     CC       iplink_virt_wifi.o
#23 10.65     CC       iplink_netkit.o
#23 10.69     CC       ipstats.o
#23 10.90     LINK     ip
#23 10.93     CC       rtmon.o
#23 10.99     LINK     rtmon
#23 11.00 
#23 11.00 tc
#23 11.00     CC       tc.o
#23 11.09     CC       tc_qdisc.o
#23 11.20     CC       tc_class.o
#23 11.30     CC       tc_filter.o
#23 11.46     CC       tc_util.o
#23 11.66     CC       tc_monitor.o
#23 11.69     CC       tc_exec.o
#23 11.73     CC       m_police.o
#23 11.81     CC       m_estimator.o
#23 11.84     CC       m_action.o
#23 12.01     CC       m_ematch.o
#23 12.12     YACC     emp_ematch.tab.c
#23 12.18     CC       emp_ematch.tab.o
#23 12.28     LEX      emp_ematch.lex.c
#23 12.29     CC       emp_ematch.lex.o
#23 12.45     CC       q_fifo.o
#23 12.49     CC       q_sfq.o
#23 12.57     CC       q_red.o
#23 12.64     CC       q_prio.o
#23 12.68     CC       q_skbprio.o
#23 12.72     CC       q_tbf.o
#23 12.80     CC       q_multiq.o
#23 12.84     CC       q_netem.o
#23 13.06     CC       q_choke.o
#23 13.13     CC       q_sfb.o
#23 13.20     CC       f_u32.o
#23 13.45     CC       f_route.o
#23 13.50     CC       f_fw.o
#23 13.55     CC       f_basic.o
#23 13.59     CC       f_bpf.o
#23 13.66     CC       f_flow.o
#23 13.74     CC       f_cgroup.o
#23 13.78     CC       f_flower.o
#23 13.79 In file included from ../include/uapi/linux/netdevice.h:29,
#23 13.79                  from ../include/uapi/linux/if_arp.h:27,
#23 13.79                  from f_flower.c:14:
#23 13.79 ../include/uapi/linux/if.h:134: warning: "IFF_VOLATILE" redefined
#23 13.79   134 | #define IFF_VOLATILE    (IFF_LOOPBACK|IFF_POINTOPOINT|IFF_BROADCAST|IFF_ECHO|\
#23 13.79       | 
#23 13.79 In file included from f_flower.c:12:
#23 13.79 /usr/include/net/if.h:48: note: this is the location of the previous definition
#23 13.79    48 | #define IFF_VOLATILE (IFF_LOOPBACK|IFF_POINTOPOINT|IFF_BROADCAST| \
#23 13.79       | 
#23 14.27     CC       q_gred.o
#23 14.37     CC       q_ingress.o
#23 14.39     CC       q_hfsc.o
#23 14.48     CC       q_htb.o
#23 14.58     CC       q_drr.o
#23 14.63     CC       q_qfq.o
#23 14.67     CC       m_gact.o
#23 14.72     CC       m_mirred.o
#23 14.79     CC       m_mpls.o
#23 14.86     CC       m_nat.o
#23 14.90     CC       m_pedit.o
#23 15.04     CC       m_ife.o
#23 15.11     CC       m_skbedit.o
#23 15.17     CC       m_skbmod.o
#23 15.23     CC       m_csum.o
#23 15.29     CC       m_simple.o
#23 15.33     CC       m_vlan.o
#23 15.40     CC       m_connmark.o
#23 15.45     CC       m_ctinfo.o
#23 15.50     CC       m_bpf.o
#23 15.57     CC       m_tunnel_key.o
#23 15.68     CC       m_sample.o
#23 15.74     CC       m_ct.o
#23 15.84     CC       m_gate.o
#23 15.94     CC       p_ip.o
#23 15.99     CC       p_ip6.o
#23 16.03     CC       p_icmp.o
#23 16.06     CC       p_eth.o
#23 16.09     CC       p_tcp.o
#23 16.12     CC       p_udp.o
#23 16.15     CC       em_nbyte.o
#23 16.20     CC       em_cmp.o
#23 16.26     CC       em_u32.o
#23 16.31     CC       em_canid.o
#23 16.36     CC       em_meta.o
#23 16.47     CC       q_mqprio.o
#23 16.58     CC       q_codel.o
#23 16.64     CC       q_fq_codel.o
#23 16.71     CC       q_fq.o
#23 16.84     CC       q_pie.o
#23 16.90     CC       q_fq_pie.o
#23 16.97     CC       q_cake.o
#23 17.15     CC       q_hhf.o
#23 17.22     CC       q_clsact.o
#23 17.24     CC       e_bpf.o
#23 17.30     CC       f_matchall.o
#23 17.35     CC       q_cbs.o
#23 17.40     CC       q_etf.o
#23 17.45     CC       q_taprio.o
#23 17.57     CC       q_plug.o
#23 17.60     CC       q_ets.o
#23 17.68     CC       em_ipt.o
#23 17.70 In file included from tc_util.h:7,
#23 17.70                  from m_ematch.h:11,
#23 17.70                  from em_ipt.c:13:
#23 17.70 ../include/uapi/linux/if.h:134: warning: "IFF_VOLATILE" redefined
#23 17.70   134 | #define IFF_VOLATILE    (IFF_LOOPBACK|IFF_POINTOPOINT|IFF_BROADCAST|IFF_ECHO|\
#23 17.70       | 
#23 17.70 In file included from ../include/xtables.h:17,
#23 17.70                  from em_ipt.c:12:
#23 17.70 /usr/include/net/if.h:48: note: this is the location of the previous definition
#23 17.70    48 | #define IFF_VOLATILE (IFF_LOOPBACK|IFF_POINTOPOINT|IFF_BROADCAST| \
#23 17.70       | 
#23 17.73     CC       em_ipset.o
#23 17.75 In file included from tc_util.h:7,
#23 17.75                  from m_ematch.h:11,
#23 17.75                  from em_ipset.c:39:
#23 17.75 ../include/uapi/linux/if.h:134: warning: "IFF_VOLATILE" redefined
#23 17.75   134 | #define IFF_VOLATILE    (IFF_LOOPBACK|IFF_POINTOPOINT|IFF_BROADCAST|IFF_ECHO|\
#23 17.75       | 
#23 17.75 In file included from ../include/xtables.h:17,
#23 17.75                  from em_ipset.c:23:
#23 17.75 /usr/include/net/if.h:48: note: this is the location of the previous definition
#23 17.75    48 | #define IFF_VOLATILE (IFF_LOOPBACK|IFF_POINTOPOINT|IFF_BROADCAST| \
#23 17.75       | 
#23 17.78     CC       tc_core.o
#23 17.85     CC       tc_red.o
#23 17.90     CC       tc_estimator.o
#23 17.93     CC       tc_stab.o
#23 17.98     CC       tc_qevent.o
#23 18.04     AR       libtc.a
#23 18.04     LINK     tc
#23 18.07 rm emp_ematch.lex.c
#23 18.07 
#23 18.07 bridge
#23 18.07     CC       bridge.o
#23 18.12     CC       fdb.o
#23 18.31     CC       monitor.o
#23 18.35     CC       link.o
#23 18.51     CC       mdb.o
#23 18.72     CC       vlan.o
#23 18.73 In file included from vlan.c:14:
#23 18.73 ../include/json_print.h:80:30: warning: 'struct timeval' declared inside parameter list will not be visible outside of this definition or declaration
#23 18.73    80 | _PRINT_FUNC(tv, const struct timeval *)
#23 18.73       |                              ^~~~~~~
#23 18.73 ../include/json_print.h:50:37: note: in definition of macro '_PRINT_FUNC'
#23 18.73    50 |                                     type value);                        \
#23 18.73       |                                     ^~~~
#23 18.73 ../include/json_print.h:80:30: warning: 'struct timeval' declared inside parameter list will not be visible outside of this definition or declaration
#23 18.73    80 | _PRINT_FUNC(tv, const struct timeval *)
#23 18.73       |                              ^~~~~~~
#23 18.73 ../include/json_print.h:55:45: note: in definition of macro '_PRINT_FUNC'
#23 18.73    55 |                                             type value)                 \
#23 18.73       |                                             ^~~~
#23 18.73 ../include/json_print.h: In function 'print_tv':
#23 18.73 ../include/json_print.h:58:48: warning: passing argument 5 of 'print_color_tv' from incompatible pointer type [-Wincompatible-pointer-types]
#23 18.73    58 |                                                value);                  \
#23 18.73       |                                                ^~~~~
#23 18.73       |                                                |
#23 18.73       |                                                const struct timeval *
#23 18.73 ../include/json_print.h:80:1: note: in expansion of macro '_PRINT_FUNC'
#23 18.73    80 | _PRINT_FUNC(tv, const struct timeval *)
#23 18.73       | ^~~~~~~~~~~
#23 18.73 ../include/json_print.h:50:42: note: expected 'const struct timeval *' but argument is of type 'const struct timeval *'
#23 18.73    50 |                                     type value);                        \
#23 18.73       |                                          ^
#23 18.73 ../include/json_print.h:80:1: note: in expansion of macro '_PRINT_FUNC'
#23 18.73    80 | _PRINT_FUNC(tv, const struct timeval *)
#23 18.73       | ^~~~~~~~~~~
#23 18.97     CC       vni.o
#23 18.98 In file included from vni.c:19:
#23 18.98 ../include/json_print.h:80:30: warning: 'struct timeval' declared inside parameter list will not be visible outside of this definition or declaration
#23 18.98    80 | _PRINT_FUNC(tv, const struct timeval *)
#23 18.98       |                              ^~~~~~~
#23 18.98 ../include/json_print.h:50:37: note: in definition of macro '_PRINT_FUNC'
#23 18.98    50 |                                     type value);                        \
#23 18.98       |                                     ^~~~
#23 18.98 ../include/json_print.h:80:30: warning: 'struct timeval' declared inside parameter list will not be visible outside of this definition or declaration
#23 18.98    80 | _PRINT_FUNC(tv, const struct timeval *)
#23 18.98       |                              ^~~~~~~
#23 18.98 ../include/json_print.h:55:45: note: in definition of macro '_PRINT_FUNC'
#23 18.98    55 |                                             type value)                 \
#23 18.98       |                                             ^~~~
#23 18.98 ../include/json_print.h: In function 'print_tv':
#23 18.98 ../include/json_print.h:58:48: warning: passing argument 5 of 'print_color_tv' from incompatible pointer type [-Wincompatible-pointer-types]
#23 18.98    58 |                                                value);                  \
#23 18.98       |                                                ^~~~~
#23 18.98       |                                                |
#23 18.98       |                                                const struct timeval *
#23 18.98 ../include/json_print.h:80:1: note: in expansion of macro '_PRINT_FUNC'
#23 18.98    80 | _PRINT_FUNC(tv, const struct timeval *)
#23 18.98       | ^~~~~~~~~~~
#23 18.98 ../include/json_print.h:50:42: note: expected 'const struct timeval *' but argument is of type 'const struct timeval *'
#23 18.98    50 |                                     type value);                        \
#23 18.98       |                                          ^
#23 18.98 ../include/json_print.h:80:1: note: in expansion of macro '_PRINT_FUNC'
#23 18.98    80 | _PRINT_FUNC(tv, const struct timeval *)
#23 18.98       | ^~~~~~~~~~~
#23 19.05     LINK     bridge
#23 19.07 
#23 19.07 misc
#23 19.07     CC       ss.o
#23 19.09 In file included from ../include/uapi/linux/tipc.h:42,
#23 19.09                  from ss.c:49:
#23 19.09 ../include/uapi/linux/sockios.h:42: warning: "SIOCGSTAMP" redefined
#23 19.09    42 | #define SIOCGSTAMP      SIOCGSTAMP_OLD
#23 19.09       | 
#23 19.09 In file included from /usr/include/sys/ioctl.h:10,
#23 19.09                  from ss.c:12:
#23 19.09 /usr/include/bits/ioctl.h:111: note: this is the location of the previous definition
#23 19.09   111 | #define SIOCGSTAMP      0x8906
#23 19.09       | 
#23 19.09 ../include/uapi/linux/sockios.h:43: warning: "SIOCGSTAMPNS" redefined
#23 19.09    43 | #define SIOCGSTAMPNS    SIOCGSTAMPNS_OLD
#23 19.09       | 
#23 19.09 /usr/include/bits/ioctl.h:112: note: this is the location of the previous definition
#23 19.09   112 | #define SIOCGSTAMPNS    0x8907
#23 19.09       | 
#23 19.96     CC       ssfilter_check.o
#23 19.99     YACC     ssfilter.tab.c
#23 20.05     CC       ssfilter.tab.o
#23 20.15     LINK     ss
#23 20.17     CC       nstat
#23 20.18 In file included from nstat.c:20:
#23 20.18 /usr/include/sys/poll.h:1:2: warning: #warning redirecting incorrect #include <sys/poll.h> to <poll.h> [-Wcpp]
#23 20.18     1 | #warning redirecting incorrect #include <sys/poll.h> to <poll.h>
#23 20.18       |  ^~~~~~~
#23 20.31     CC       ifstat
#23 20.32 In file included from ifstat.c:20:
#23 20.32 /usr/include/sys/poll.h:1:2: warning: #warning redirecting incorrect #include <sys/poll.h> to <poll.h> [-Wcpp]
#23 20.32     1 | #warning redirecting incorrect #include <sys/poll.h> to <poll.h>
#23 20.32       |  ^~~~~~~
#23 20.49     CC       rtacct
#23 20.50 In file included from rtacct.c:19:
#23 20.50 /usr/include/sys/poll.h:1:2: warning: #warning redirecting incorrect #include <sys/poll.h> to <poll.h> [-Wcpp]
#23 20.50     1 | #warning redirecting incorrect #include <sys/poll.h> to <poll.h>
#23 20.50       |  ^~~~~~~
#23 20.62     CC       lnstat.o
#23 20.69     CC       lnstat_util.o
#23 20.75     LINK     lnstat
#23 20.76 
#23 20.76 netem
#23 20.76 gcc  -I../include -o maketable maketable.c -lm
#23 20.79 gcc  -I../include -o normal normal.c -lm
#23 20.82 gcc  -I../include -o pareto pareto.c -lm
#23 20.84 gcc  -I../include -o paretonormal paretonormal.c -lm
#23 20.87 ./normal > normal.dist
#23 20.88 ./pareto > pareto.dist
#23 20.88 ./paretonormal > paretonormal.dist
#23 20.89 ./maketable experimental.dat > experimental.dist
#23 20.89 
#23 20.89 genl
#23 20.89     CC       genl.o
#23 20.94     CC       ctrl.o
#23 21.01     LINK     genl
#23 21.02 
#23 21.02 man
#23 21.03 make[2]: Nothing to be done for 'all'.
#23 21.03 make[2]: Nothing to be done for 'all'.
#23 21.03 sed \
#23 21.03 	-e "s|@NETNS_ETC_DIR@|/etc/netns|g" \
#23 21.03 	-e "s|@NETNS_RUN_DIR@|/var/run/netns|g" \
#23 21.03 	-e "s|@SYSCONF_ETC_DIR@|/etc/iproute2|g" \
#23 21.03 	-e "s|@SYSCONF_USR_DIR@|/usr/share/iproute2|g" \
#23 21.03 	ip-address.8.in > ip-address.8
#23 21.03 sed \
#23 21.03 	-e "s|@NETNS_ETC_DIR@|/etc/netns|g" \
#23 21.03 	-e "s|@NETNS_RUN_DIR@|/var/run/netns|g" \
#23 21.03 	-e "s|@SYSCONF_ETC_DIR@|/etc/iproute2|g" \
#23 21.03 	-e "s|@SYSCONF_USR_DIR@|/usr/share/iproute2|g" \
#23 21.03 	ip-link.8.in > ip-link.8
#23 21.04 sed \
#23 21.04 	-e "s|@NETNS_ETC_DIR@|/etc/netns|g" \
#23 21.04 	-e "s|@NETNS_RUN_DIR@|/var/run/netns|g" \
#23 21.04 	-e "s|@SYSCONF_ETC_DIR@|/etc/iproute2|g" \
#23 21.04 	-e "s|@SYSCONF_USR_DIR@|/usr/share/iproute2|g" \
#23 21.04 	ip-netns.8.in > ip-netns.8
#23 21.04 sed \
#23 21.04 	-e "s|@NETNS_ETC_DIR@|/etc/netns|g" \
#23 21.04 	-e "s|@NETNS_RUN_DIR@|/var/run/netns|g" \
#23 21.04 	-e "s|@SYSCONF_ETC_DIR@|/etc/iproute2|g" \
#23 21.04 	-e "s|@SYSCONF_USR_DIR@|/usr/share/iproute2|g" \
#23 21.04 	ip-route.8.in > ip-route.8
#23 21.04 
#23 21.04 tipc
#23 21.04     CC       bearer.o
#23 21.23     CC       cmdl.o
#23 21.27     CC       link.o
#23 21.50     CC       media.o
#23 21.55     CC       misc.o
#23 21.60     CC       msg.o
#23 21.62     CC       nametable.o
#23 21.66     CC       node.o
#23 21.75     CC       socket.o
#23 21.78     CC       peer.o
#23 21.82     CC       tipc.o
#23 21.86     LINK     tipc
#23 21.87 
#23 21.87 devlink
#23 21.87     CC       devlink.o
#23 23.57     CC       mnlg.o
#23 23.61     LINK     devlink
#23 23.63 
#23 23.63 rdma
#23 23.63     CC       rdma.o
#23 23.65 rdma.c: In function 'main':
#23 23.65 rdma.c:110:20: warning: implicit declaration of function 'basename'; did you mean 'rename'? [-Wimplicit-function-declaration]
#23 23.65   110 |         filename = basename(argv[0]);
#23 23.65       |                    ^~~~~~~~
#23 23.65       |                    rename
#23 23.65 rdma.c:110:18: warning: assignment to 'char *' from 'int' makes pointer from integer without a cast [-Wint-conversion]
#23 23.65   110 |         filename = basename(argv[0]);
#23 23.65       |                  ^
#23 23.68     CC       utils.o
#23 23.86     CC       dev.o
#23 23.94     CC       link.o
#23 24.01     CC       res.o
#23 24.13     CC       res-pd.o
#23 24.17     CC       res-mr.o
#23 24.22     CC       res-cq.o
#23 24.27     CC       res-cmid.o
#23 24.33     CC       res-qp.o
#23 24.39     CC       sys.o
#23 24.44     CC       stat.o
#23 24.65     CC       stat-mr.o
#23 24.69     CC       res-ctx.o
#23 24.73     CC       res-srq.o
#23 24.80     LINK     rdma
#23 24.81 
#23 24.81 dcb
#23 24.82     CC       dcb.o
#23 24.93     CC       dcb_app.o
#23 25.14     CC       dcb_buffer.o
#23 25.20     CC       dcb_dcbx.o
#23 25.26     CC       dcb_ets.o
#23 25.34     CC       dcb_maxrate.o
#23 25.38     CC       dcb_pfc.o
#23 25.45     CC       dcb_apptrust.o
#23 25.51     CC       dcb_rewr.o
#23 25.58     LINK     dcb
#23 25.59 
#23 25.59 vdpa
#23 25.60     CC       vdpa.o
#23 25.61 In file included from vdpa.c:19:
#23 25.61 ../include/json_print.h:80:30: warning: 'struct timeval' declared inside parameter list will not be visible outside of this definition or declaration
#23 25.61    80 | _PRINT_FUNC(tv, const struct timeval *)
#23 25.61       |                              ^~~~~~~
#23 25.61 ../include/json_print.h:50:37: note: in definition of macro '_PRINT_FUNC'
#23 25.61    50 |                                     type value);                        \
#23 25.61       |                                     ^~~~
#23 25.61 ../include/json_print.h:80:30: warning: 'struct timeval' declared inside parameter list will not be visible outside of this definition or declaration
#23 25.61    80 | _PRINT_FUNC(tv, const struct timeval *)
#23 25.61       |                              ^~~~~~~
#23 25.61 ../include/json_print.h:55:45: note: in definition of macro '_PRINT_FUNC'
#23 25.61    55 |                                             type value)                 \
#23 25.61       |                                             ^~~~
#23 25.61 ../include/json_print.h: In function 'print_tv':
#23 25.61 ../include/json_print.h:58:48: warning: passing argument 5 of 'print_color_tv' from incompatible pointer type [-Wincompatible-pointer-types]
#23 25.61    58 |                                                value);                  \
#23 25.61       |                                                ^~~~~
#23 25.61       |                                                |
#23 25.61       |                                                const struct timeval *
#23 25.61 ../include/json_print.h:80:1: note: in expansion of macro '_PRINT_FUNC'
#23 25.61    80 | _PRINT_FUNC(tv, const struct timeval *)
#23 25.61       | ^~~~~~~~~~~
#23 25.61 ../include/json_print.h:50:42: note: expected 'const struct timeval *' but argument is of type 'const struct timeval *'
#23 25.61    50 |                                     type value);                        \
#23 25.61       |                                          ^
#23 25.61 ../include/json_print.h:80:1: note: in expansion of macro '_PRINT_FUNC'
#23 25.61    80 | _PRINT_FUNC(tv, const struct timeval *)
#23 25.61       | ^~~~~~~~~~~
#23 25.75     LINK     vdpa
#23 DONE 25.8s

#24 [20/22] RUN git clone --no-single-branch --depth=1 https://github.com/linux-netdev/testing.git /nipa-data/kernel
#24 0.409 Cloning into '/nipa-data/kernel'...
#24 56.85 Updating files:  16% (13584/83283)Updating files:  17% (14159/83283)Updating files:  18% (14991/83283)Updating files:  19% (15824/83283)Updating files:  20% (16657/83283)Updating files:  21% (17490/83283)Updating files:  22% (18323/83283)Updating files:  23% (19156/83283)Updating files:  24% (19988/83283)Updating files:  25% (20821/83283)Updating files:  26% (21654/83283)Updating files:  27% (22487/83283)Updating files:  28% (23320/83283)Updating files:  29% (24153/83283)Updating files:  30% (24985/83283)Updating files:  31% (25818/83283)Updating files:  32% (26651/83283)Updating files:  33% (27484/83283)Updating files:  34% (28317/83283)Updating files:  34% (28525/83283)Updating files:  35% (29150/83283)Updating files:  36% (29982/83283)Updating files:  37% (30815/83283)Updating files:  38% (31648/83283)Updating files:  39% (32481/83283)Updating files:  40% (33314/83283)Updating files:  40% (33571/83283)Updating files:  41% (34147/83283)Updating files:  42% (34979/83283)Updating files:  43% (35812/83283)Updating files:  44% (36645/83283)Updating files:  45% (37478/83283)Updating files:  46% (38311/83283)Updating files:  47% (39144/83283)Updating files:  48% (39976/83283)Updating files:  49% (40809/83283)Updating files:  49% (41348/83283)Updating files:  50% (41642/83283)Updating files:  51% (42475/83283)Updating files:  52% (43308/83283)Updating files:  53% (44140/83283)Updating files:  54% (44973/83283)Updating files:  55% (45806/83283)Updating files:  56% (46639/83283)Updating files:  57% (47472/83283)Updating files:  58% (48305/83283)Updating files:  59% (49137/83283)Updating files:  60% (49970/83283)Updating files:  61% (50803/83283)Updating files:  62% (51636/83283)Updating files:  62% (52243/83283)Updating files:  63% (52469/83283)Updating files:  64% (53302/83283)Updating files:  65% (54134/83283)Updating files:  66% (54967/83283)Updating files:  67% (55800/83283)Updating files:  68% (56633/83283)Updating files:  69% (57466/83283)Updating files:  70% (58299/83283)Updating files:  71% (59131/83283)Updating files:  72% (59964/83283)Updating files:  73% (60797/83283)Updating files:  74% (61630/83283)Updating files:  75% (62463/83283)Updating files:  76% (63296/83283)Updating files:  77% (64128/83283)Updating files:  78% (64961/83283)Updating files:  78% (65696/83283)Updating files:  79% (65794/83283)Updating files:  80% (66627/83283)Updating files:  81% (67460/83283)Updating files:  82% (68293/83283)Updating files:  83% (69125/83283)Updating files:  84% (69958/83283)Updating files:  85% (70791/83283)Updating files:  86% (71624/83283)Updating files:  87% (72457/83283)Updating files:  88% (73290/83283)Updating files:  89% (74122/83283)Updating files:  90% (74955/83283)Updating files:  91% (75788/83283)Updating files:  92% (76621/83283)Updating files:  93% (77454/83283)Updating files:  94% (78287/83283)Updating files:  95% (79119/83283)Updating files:  96% (79952/83283)Updating files:  97% (80785/83283)Updating files:  97% (80895/83283)Updating files:  98% (81618/83283)Updating files:  99% (82451/83283)Updating files: 100% (83283/83283)Updating files: 100% (83283/83283), done.
#24 DONE 64.7s

#25 [21/22] RUN git clone --depth=1 -b dev https://github.com/p4tc-dev/new-nipa.git nipa
#25 0.332 Cloning into 'nipa'...
#25 DONE 0.7s

#26 [22/22] COPY entrypoint.sh /entrypoint.sh
#26 DONE 0.0s

#27 exporting to image
#27 exporting layers
#27 exporting layers 8.4s done
#27 writing image sha256:316495b98d7ca6b80680d4c817240347cf1b6b9d62429ce0974dec9bb9d61005 0.1s done
#27 naming to docker.io/library/nipa-executor
#27 naming to docker.io/library/nipa-executor 0.2s done
#27 DONE 8.7s
NIPA version: 9d4ceb4 (fetcher: support local kernel patches, 2024-02-05)
INFO: Last run date: 2024-03-24 09:00:13.959388+00:00
Testing  {'branch': 'net-next-2024-03-24--12-00', 'date': '2024-03-24T12:00:08.861966+00:00', 'base': 'c2b86fb992f3afadc2d80758d3a663a1ba3fdddd', 'url': 'https://github.com/linux-netdev/testing.git net-next-2024-03-24--12-00'}
Updating files:  51% (6997/13709)Updating files:  52% (7129/13709)Updating files:  53% (7266/13709)Updating files:  54% (7403/13709)Updating files:  55% (7540/13709)Updating files:  56% (7678/13709)Updating files:  57% (7815/13709)Updating files:  58% (7952/13709)Updating files:  59% (8089/13709)Updating files:  60% (8226/13709)Updating files:  61% (8363/13709)Updating files:  62% (8500/13709)Updating files:  63% (8637/13709)Updating files:  64% (8774/13709)Updating files:  65% (8911/13709)Updating files:  66% (9048/13709)Updating files:  67% (9186/13709)Updating files:  68% (9323/13709)Updating files:  69% (9460/13709)Updating files:  70% (9597/13709)Updating files:  71% (9734/13709)Updating files:  72% (9871/13709)Updating files:  73% (10008/13709)Updating files:  74% (10145/13709)Updating files:  75% (10282/13709)Updating files:  76% (10419/13709)Updating files:  77% (10556/13709)Updating files:  78% (10694/13709)Updating files:  79% (10831/13709)Updating files:  80% (10968/13709)Updating files:  81% (11105/13709)Updating files:  82% (11242/13709)Updating files:  83% (11379/13709)Updating files:  84% (11516/13709)Updating files:  85% (11653/13709)Updating files:  86% (11790/13709)Updating files:  87% (11927/13709)Updating files:  88% (12064/13709)Updating files:  89% (12202/13709)Updating files:  90% (12339/13709)Updating files:  91% (12476/13709)Updating files:  92% (12613/13709)Updating files:  93% (12750/13709)Updating files:  94% (12887/13709)Updating files:  95% (13024/13709)Updating files:  96% (13161/13709)Updating files:  97% (13298/13709)Updating files:  98% (13435/13709)Updating files:  99% (13572/13709)Updating files: 100% (13709/13709)Updating files: 100% (13709/13709), done.
branch 'net-next-2024-03-24--12-00' set up to track 'origin/net-next-2024-03-24--12-00'.
Switched to a new branch 'net-next-2024-03-24--12-00'
error: No valid patches in input (allow with "--allow-empty")
Checking patch tools/testing/selftests/tc-testing/tdc_config.py...
Applied patch tools/testing/selftests/tc-testing/tdc_config.py cleanly.
Run at 2024-03-24 12:04:26.389215
INFO: building kernel
INFO: starting VM 0
INFO: thr0-1 VM starting: vng -v -r arch/x86/boot/bzImage --user root --rwdir=/nipa-data/kernel/
INFO: thr0-1 expecting prompt: '/nipa-data/kernel# '
WARN: thr0-1 TIMEOUT retcode: None waited: 25.02000000000019 total: 26.61000000000025
WARN: thr0-1 VM did not start, retrying 1/4
WARN: thr0-1 process did not exit, sending a KILL to 40464 [psutil.Process(pid=40465, name='virtme-run', status='sleeping', started='12:07:28'), psutil.Process(pid=40807, name='qemu-system-x86_64', status='sleeping', started='12:07:29'), psutil.Process(pid=40464, name='vng', status='sleeping', started='12:07:28')]
INFO: thr0-1 VM stopped
INFO: thr0-1 VM starting: vng -v -r arch/x86/boot/bzImage --user root --rwdir=/nipa-data/kernel/
INFO: thr0-1 expecting prompt: '/nipa-data/kernel# '
WARN: thr0-1 TIMEOUT retcode: None waited: 25.02000000000019 total: 26.250000000000238
WARN: thr0-1 VM did not start, retrying 2/4
WARN: thr0-1 process did not exit, sending a KILL to 40845 [psutil.Process(pid=40846, name='virtme-run', status='sleeping', started='12:07:58'), psutil.Process(pid=40862, name='qemu-system-x86_64', status='sleeping', started='12:07:58'), psutil.Process(pid=40845, name='vng', status='sleeping', started='12:07:58')]
INFO: thr0-1 VM stopped
INFO: thr0-1 VM starting: vng -v -r arch/x86/boot/bzImage --user root --rwdir=/nipa-data/kernel/
INFO: thr0-1 expecting prompt: '/nipa-data/kernel# '
WARN: thr0-1 TIMEOUT retcode: None waited: 25.02000000000019 total: 26.31000000000024
WARN: thr0-1 VM did not start, retrying 3/4
WARN: thr0-1 process did not exit, sending a KILL to 40899 [psutil.Process(pid=40900, name='virtme-run', status='sleeping', started='12:08:28'), psutil.Process(pid=40916, name='qemu-system-x86_64', status='sleeping', started='12:08:28'), psutil.Process(pid=40899, name='vng', status='sleeping', started='12:08:28')]
INFO: thr0-1 VM stopped
INFO: thr0-1 VM starting: vng -v -r arch/x86/boot/bzImage --user root --rwdir=/nipa-data/kernel/
INFO: thr0-1 expecting prompt: '/nipa-data/kernel# '
WARN: thr0-1 TIMEOUT retcode: None waited: 25.02000000000019 total: 26.31000000000024
WARN: thr0-1 VM did not start, retrying 4/4
WARN: thr0-1 process did not exit, sending a KILL to 40954 [psutil.Process(pid=40955, name='virtme-run', status='sleeping', started='12:08:57'), psutil.Process(pid=40971, name='qemu-system-x86_64', status='sleeping', started='12:08:57'), psutil.Process(pid=40954, name='vng', status='sleeping', started='12:08:57')]
INFO: thr0-1 VM stopped
INFO: thr0-1 VM starting: vng -v -r arch/x86/boot/bzImage --user root --rwdir=/nipa-data/kernel/
INFO: thr0-1 expecting prompt: '/nipa-data/kernel# '
WARN: thr0-1 TIMEOUT retcode: None waited: 25.02000000000019 total: 26.28000000000024
ERROR: thr-0 has crashed
Exception in thread Thread-1 (vm_thread):
Traceback (most recent call last):
  File "/usr/lib/python3.11/threading.py", line 1045, in _bootstrap_inner
    self.run()
  File "/usr/lib/python3.11/threading.py", line 982, in run
    self._target(*self._args, **self._kwargs)
  File "//./nipa/contest/remote/vmksft-p.py", line 202, in vm_thread
    _vm_thread(config, results_path, thr_id, in_queue, out_queue)
  File "//./nipa/contest/remote/vmksft-p.py", line 127, in _vm_thread
    vm_id, vm = new_vm(results_path, vm_id, config=config, thr=thr_id)
                ^^^^^^^^^^^^^^^^^^^^^^^^^^^^^^^^^^^^^^^^^^^^^^^^^^^^^^
  File "/nipa/contest/remote/lib/vm.py", line 409, in new_vm
    vm.start(cwd=cwd)
  File "/nipa/contest/remote/lib/vm.py", line 192, in start
    self.drain_to_prompt(prompt=init_prompt, dump_after=self.cfg_boot_to)
  File "/nipa/contest/remote/lib/vm.py", line 310, in drain_to_prompt
    raise TimeoutError(stderr, stdout)
TimeoutError: [Errno [    0.412123] loop: module loaded
[    0.412820] scsi host0: ata_piix
[    0.412977] scsi host1: ata_piix
[    0.413018] ata1: PATA max MWDMA2 cmd 0x1f0 ctl 0x3f6 bmdma 0xc0c0 irq 14 lpm-pol 0
[    0.413065] ata2: PATA max MWDMA2 cmd 0x170 ctl 0x376 bmdma 0xc0c8 irq 15 lpm-pol 0
[    0.413323] i8042: PNP: PS/2 Controller [PNP0303:KBD,PNP0f13:MOU] at 0x60,0x64 irq 1,12
[    0.413938] serio: i8042 KBD port at 0x60,0x64 irq 1
[    0.413973] serio: i8042 AUX port at 0x60,0x64 irq 12
[    0.414100] rtc_cmos 00:04: RTC can wake from S4
[    0.414430] rtc_cmos 00:04: registered as rtc0
[    0.414569] rtc_cmos 00:04: setting system clock to 2024-03-24T12:09:28 UTC (1711282168)
[    0.414719] rtc_cmos 00:04: alarms up to one day, y3k, 242 bytes nvram, hpet irqs
[    0.414761] input: AT Translated Set 2 keyboard as /devices/platform/i8042/serio0/input/input1
[    0.414956] i6300ESB timer 0000:00:04.0: initialized. heartbeat=30 sec (nowayout=0)
[    0.415065] device-mapper: ioctl: 4.48.0-ioctl (2023-03-01) initialised: dm-devel@lists.linux.dev
[    0.415513] NET: Registered PF_PACKET protocol family
[    0.415563] 9pnet: Installing 9P2000 support
[    0.416980] Key type dns_resolver registered
[    0.417177] input: ImExPS/2 Generic Explorer Mouse as /devices/platform/i8042/serio1/input/input3
[    0.418617] IPI shorthand broadcast: enabled
[    0.420629] sched_clock: Marking stable (418001249, 1730809)->(441094375, -21362317)
[    0.420867] Timer migration: 2 hierarchy levels; 8 children per group; 2 crossnode level
[    0.421619] registered taskstats version 1
[    0.421713] Loading compiled-in X.509 certificates
[    0.422702] PM:   Magic number: 0:673:178
[    0.422773] acpi device:0e: hash matches
[    0.422810]  platform: hash matches
[    0.422844] printk: legacy console [netcon0] enabled
[    0.422882] netconsole: network logging started
[    0.422963] ALSA device list:
[    0.422996]   No soundcards found.
[    0.569013] ata2: found unknown device (class 0)
[    0.569689] ata2.00: ATAPI: QEMU DVD-ROM, 2.5+, max UDMA/100
[    0.570836] scsi 1:0:0:0: CD-ROM            QEMU     QEMU DVD-ROM     2.5+ PQ: 0 ANSI: 5
[    0.588206] scsi 1:0:0:0: Attached scsi generic sg0 type 5
[    0.588361] md: Skipping autodetection of RAID arrays. (raid=autodetect will force)
[    0.588449] 9pnet_virtio: no channels available for device 
[    0.589029] VFS: Mounted root (9p filesystem) readonly on device 0:20.
[    0.589250] devtmpfs: mounted
[    0.590084] Freeing unused kernel image (initmem) memory: 3048K
[    0.590131] Write protecting the kernel read-only data: 22528k
[    0.590507] Freeing unused kernel image (rodata/data gap) memory: 48K
[    0.621272] x86/mm: Checked W+X mappings: passed, no W+X pages found.
[    0.621335] Run /usr/lib/python3.11/site-packages/virtme/guest/virtme-init as init process
[    0.646983] mount (206) used greatest stack depth: 13488 bytes left
[    0.669786] mkdir (215) used greatest stack depth: 12928 bytes left
[    0.731162] virtme-init: basic initialization done
[    0.735283] virtme-init: udevd not found
[    0.778511] virtme-init: Setting hostname to virtme-ng...
[    0.787677] ip (300) used greatest stack depth: 12368 bytes left
] 
Done at 2024-03-24 12:09:54.216888
NIPA quitting!
/
~/nipa/tc-executor/tc-executor-storage /
sort: write failed: 'standard output': Broken pipe
sort: write error
