~/nipa/tc-executor/tc-executor-storage /
Switched to branch 'storage-dbg'
Your branch is ahead of 'origin/storage-dbg' by 649 commits.
  (use "git push" to publish your local commits)
/
~/nipa/tc-executor /
Error response from daemon: No such image: nipa-executor:latest
#0 building with "default" instance using docker driver

#1 [internal] load .dockerignore
#1 transferring context: 2B done
#1 DONE 0.0s

#2 [internal] load build definition from Dockerfile
#2 transferring dockerfile: 2.05kB done
#2 DONE 0.0s

#3 [internal] load metadata for docker.io/library/alpine:edge
#3 DONE 0.0s

#4 [ 1/22] FROM docker.io/library/alpine:edge
#4 CACHED

#5 [internal] load build context
#5 transferring context: 3.02kB done
#5 DONE 0.0s

#6 [ 2/22] RUN echo true > debug-mode
#6 DONE 0.6s

#7 [ 3/22] RUN addgroup -g 1001 hostuser
#7 DONE 0.4s

#8 [ 4/22] RUN adduser -u 1001 -G hostuser -H -D -s /bin/ash hostuser
#8 DONE 0.4s

#9 [ 5/22] RUN echo '@testing http://dl-cdn.alpinelinux.org/alpine/edge/testing' >> /etc/apk/repositories
#9 DONE 0.4s

#10 [ 6/22] RUN echo '@community http://dl-cdn.alpinelinux.org/alpine/edge/community' >> /etc/apk/repositories
#10 DONE 0.4s

#11 [ 7/22] RUN apk update && apk add --no-cache    virtme-ng@testing    git    py3-requests    py3-psutil    py3-setuptools    py3-pyroute2    py3-argcomplete    qemu-system-x86_64@community    scapy@community    make    gcc    musl-dev    flex    bison    linux-headers    elfutils-dev    util-linux    coreutils    diffutils    findutils    file    bash    kmod    perl    iptables-dev    libcap-dev    libmnl-dev    iproute2     jq    libbpf-dev    rsync    openssl-dev
#11 0.351 fetch https://dl-cdn.alpinelinux.org/alpine/edge/main/x86_64/APKINDEX.tar.gz
#11 0.579 fetch https://dl-cdn.alpinelinux.org/alpine/edge/community/x86_64/APKINDEX.tar.gz
#11 0.797 fetch http://dl-cdn.alpinelinux.org/alpine/edge/testing/x86_64/APKINDEX.tar.gz
#11 0.999 fetch http://dl-cdn.alpinelinux.org/alpine/edge/community/x86_64/APKINDEX.tar.gz
#11 1.231 v20240329-3595-gca578e30941 [https://dl-cdn.alpinelinux.org/alpine/edge/main]
#11 1.231 v20240329-3600-g35ee7e31648 [https://dl-cdn.alpinelinux.org/alpine/edge/community]
#11 1.231 v20240329-3597-g9eee64a3c27 [http://dl-cdn.alpinelinux.org/alpine/edge/testing]
#11 1.231 v20240329-3600-g35ee7e31648 [http://dl-cdn.alpinelinux.org/alpine/edge/community]
#11 1.231 OK: 31335 distinct packages available
#11 1.288 fetch https://dl-cdn.alpinelinux.org/alpine/edge/main/x86_64/APKINDEX.tar.gz
#11 1.386 fetch https://dl-cdn.alpinelinux.org/alpine/edge/community/x86_64/APKINDEX.tar.gz
#11 1.473 fetch http://dl-cdn.alpinelinux.org/alpine/edge/testing/x86_64/APKINDEX.tar.gz
#11 1.565 fetch http://dl-cdn.alpinelinux.org/alpine/edge/community/x86_64/APKINDEX.tar.gz
#11 1.790 (1/176) Upgrading musl (1.2.4_git20230717-r5 -> 1.2.5-r0)
#11 1.806 (2/176) Upgrading libcrypto3 (3.1.4-r2 -> 3.3.0-r1)
#11 1.839 (3/176) Upgrading libssl3 (3.1.4-r2 -> 3.3.0-r1)
#11 1.856 (4/176) Upgrading zlib (1.3-r2 -> 1.3.1-r1)
#11 1.868 (5/176) Installing ncurses-terminfo-base (6.4_p20240420-r0)
#11 1.882 (6/176) Installing libncursesw (6.4_p20240420-r0)
#11 1.896 (7/176) Installing readline (8.2.10-r0)
#11 1.910 (8/176) Installing bash (5.2.26-r0)
#11 1.932 Executing bash-5.2.26-r0.post-install
#11 1.935 (9/176) Installing m4 (1.4.19-r3)
#11 1.949 (10/176) Installing bison (3.8.2-r1)
#11 1.974 (11/176) Installing coreutils-env (9.5-r1)
#11 1.986 (12/176) Installing coreutils-fmt (9.5-r1)
#11 1.998 (13/176) Installing coreutils-sha512sum (9.5-r1)
#11 2.010 (14/176) Installing libacl (2.3.2-r0)
#11 2.022 (15/176) Installing libattr (2.5.2-r0)
#11 2.034 (16/176) Installing skalibs (2.14.1.1-r0)
#11 2.064 (17/176) Installing utmps-libs (0.1.2.2-r1)
#11 2.076 (18/176) Installing coreutils (9.5-r1)
#11 2.099 (19/176) Installing diffutils (3.10-r0)
#11 2.122 (20/176) Installing zstd-libs (1.5.6-r0)
#11 2.139 (21/176) Installing libelf (0.191-r0)
#11 2.152 (22/176) Installing libbz2 (1.0.8-r6)
#11 2.164 (23/176) Installing musl-fts (1.2.7-r6)
#11 2.176 (24/176) Installing xz-libs (5.6.1-r3)
#11 2.190 (25/176) Installing libdw (0.191-r0)
#11 2.206 (26/176) Installing libasm (0.191-r0)
#11 2.218 (27/176) Installing xz (5.6.1-r3)
#11 2.232 (28/176) Installing pkgconf (2.2.0-r0)
#11 2.245 (29/176) Installing xz-dev (5.6.1-r3)
#11 2.259 (30/176) Installing libgcc (13.2.1_git20240309-r0)
#11 2.271 (31/176) Installing libstdc++ (13.2.1_git20240309-r0)
#11 2.295 (32/176) Installing zstd (1.5.6-r0)
#11 2.309 (33/176) Installing zstd-dev (1.5.6-r0)
#11 2.325 (34/176) Installing zlib-dev (1.3.1-r1)
#11 2.338 (35/176) Installing elfutils-dev (0.191-r0)
#11 2.360 (36/176) Installing libmagic (5.45-r1)
#11 2.392 (37/176) Installing file (5.45-r1)
#11 2.404 (38/176) Installing findutils (4.9.0-r5)
#11 2.418 (39/176) Installing flex (2.6.4-r6)
#11 2.435 (40/176) Installing jansson (2.14-r4)
#11 2.447 (41/176) Installing binutils (2.42-r0)
#11 2.508 (42/176) Installing libgomp (13.2.1_git20240309-r0)
#11 2.523 (43/176) Installing libatomic (13.2.1_git20240309-r0)
#11 2.535 (44/176) Installing gmp (6.3.0-r0)
#11 2.551 (45/176) Installing isl26 (0.26-r1)
#11 2.576 (46/176) Installing mpfr4 (4.2.1-r0)
#11 2.593 (47/176) Installing mpc1 (1.3.1-r1)
#11 2.606 (48/176) Installing gcc (13.2.1_git20240309-r0)
#11 3.096 (49/176) Installing ca-certificates (20240226-r0)
#11 3.120 (50/176) Installing brotli-libs (1.1.0-r2)
#11 3.138 (51/176) Installing c-ares (1.28.1-r0)
#11 3.150 (52/176) Installing libunistring (1.2-r0)
#11 3.171 (53/176) Installing libidn2 (2.3.7-r0)
#11 3.190 (54/176) Installing nghttp2-libs (1.61.0-r0)
#11 3.203 (55/176) Installing libpsl (0.21.5-r1)
#11 3.216 (56/176) Installing libcurl (8.7.1-r0)
#11 3.233 (57/176) Installing libexpat (2.6.2-r0)
#11 3.247 (58/176) Installing pcre2 (10.43-r0)
#11 3.263 (59/176) Installing git (2.45.0-r0)
#11 3.322 (60/176) Installing git-init-template (2.45.0-r0)
#11 3.335 (61/176) Installing libcap2 (2.69-r1)
#11 3.347 (62/176) Installing libmnl (1.0.5-r2)
#11 3.359 (63/176) Installing iproute2-minimal (6.8.0-r0)
#11 3.376 (64/176) Installing libxtables (1.8.10-r3)
#11 3.387 (65/176) Installing iproute2-tc (6.8.0-r0)
#11 3.403 (66/176) Installing iproute2-ss (6.8.0-r0)
#11 3.422 (67/176) Installing iproute2 (6.8.0-r0)
#11 3.438 Executing iproute2-6.8.0-r0.post-install
#11 3.441 (68/176) Installing linux-headers (6.6-r0)
#11 3.530 (69/176) Installing libip4tc (1.8.10-r3)
#11 3.548 (70/176) Installing libip6tc (1.8.10-r3)
#11 3.560 (71/176) Installing libipq (1.8.10-r3)
#11 3.572 (72/176) Installing iptables-dev (1.8.10-r3)
#11 3.584 (73/176) Installing oniguruma (6.9.9-r0)
#11 3.600 (74/176) Installing jq (1.7.1-r0)
#11 3.616 (75/176) Installing kmod (32-r0)
#11 3.633 (76/176) Installing libbpf (1.4.1-r0)
#11 3.647 (77/176) Installing libbpf-dev (1.4.1-r0)
#11 3.665 (78/176) Installing libcap-dev (2.69-r1)
#11 3.678 (79/176) Installing libmnl-dev (1.0.5-r2)
#11 3.691 (80/176) Installing make (4.4.1-r2)
#11 3.705 (81/176) Installing musl-dev (1.2.5-r0)
#11 3.771 (82/176) Installing openssl-dev (3.3.0-r1)
#11 3.797 (83/176) Installing perl (5.38.2-r0)
#11 3.989 (84/176) Installing perl-error (0.17029-r2)
#11 4.000 (85/176) Installing perl-git (2.45.0-r0)
#11 4.014 (86/176) Installing git-perl (2.45.0-r0)
#11 4.026 (87/176) Installing libffi (3.4.6-r0)
#11 4.038 (88/176) Installing gdbm (1.23-r1)
#11 4.050 (89/176) Installing mpdecimal (4.0.0-r0)
#11 4.066 (90/176) Installing libpanelw (6.4_p20240420-r0)
#11 4.077 (91/176) Installing sqlite-libs (3.45.3-r0)
#11 4.099 (92/176) Installing python3 (3.12.3-r1)
#11 4.229 (93/176) Installing python3-pycache-pyc0 (3.12.3-r1)
#11 4.316 (94/176) Installing pyc (3.12.3-r1)
#11 4.328 (95/176) Installing py3-argcomplete-pyc (3.3.0-r0)
#11 4.341 (96/176) Installing python3-pyc (3.12.3-r1)
#11 4.352 (97/176) Installing py3-argcomplete (3.3.0-r0)
#11 4.365 (98/176) Installing py3-psutil (5.9.8-r1)
#11 4.380 (99/176) Installing py3-psutil-pyc (5.9.8-r1)
#11 4.395 (100/176) Installing py3-pyroute2 (0.7.12-r1)
#11 4.428 (101/176) Installing py3-pyroute2-pyc (0.7.12-r1)
#11 4.466 (102/176) Installing py3-certifi (2024.2.2-r1)
#11 4.478 (103/176) Installing py3-certifi-pyc (2024.2.2-r1)
#11 4.489 (104/176) Installing py3-charset-normalizer (3.3.2-r1)
#11 4.504 (105/176) Installing py3-charset-normalizer-pyc (3.3.2-r1)
#11 4.517 (106/176) Installing py3-idna (3.7-r0)
#11 4.532 (107/176) Installing py3-idna-pyc (3.7-r0)
#11 4.547 (108/176) Installing py3-urllib3 (1.26.18-r1)
#11 4.565 (109/176) Installing py3-urllib3-pyc (1.26.18-r1)
#11 4.582 (110/176) Installing py3-requests (2.31.0-r2)
#11 4.597 (111/176) Installing py3-requests-pyc (2.31.0-r2)
#11 4.612 (112/176) Installing py3-parsing (3.1.2-r1)
#11 4.627 (113/176) Installing py3-parsing-pyc (3.1.2-r1)
#11 4.643 (114/176) Installing py3-packaging (24.0-r1)
#11 4.657 (115/176) Installing py3-packaging-pyc (24.0-r1)
#11 4.671 (116/176) Installing py3-setuptools (69.5.1-r0)
#11 4.707 (117/176) Installing py3-setuptools-pyc (69.5.1-r0)
#11 4.752 (118/176) Installing libcap-ng (0.8.5-r0)
#11 4.764 (119/176) Installing libintl (0.22.5-r0)
#11 4.776 (120/176) Installing libeconf (0.6.3-r0)
#11 4.790 (121/176) Installing libblkid (2.40.1-r0)
#11 4.804 (122/176) Installing libmount (2.40.1-r0)
#11 4.821 (123/176) Installing glib (2.80.1-r0)
#11 4.863 (124/176) Installing numactl (2.0.18-r0)
#11 4.876 (125/176) Installing qemu (9.0.0-r0)
#11 4.892 Executing qemu-9.0.0-r0.pre-install
#11 4.978 Executing qemu-9.0.0-r0.post-install
#11 4.982 *
#11 4.982 * If you want to run VM as unprivileged user and let Qemu create tunX devices,
#11 4.982 * then you must add that user to the group "qemu".
#11 4.982 * If you use KVM for hardware-assisted virtualization, then you may also need
#11 4.982 * to add that user to the group "kvm".
#11 4.982 *
#11 4.983 (126/176) Installing qemu-bridge-helper (9.0.0-r0)
#11 5.000 (127/176) Installing libaio (0.3.113-r2)
#11 5.015 (128/176) Installing capstone (5.0.1-r4)
#11 5.048 (129/176) Installing nettle (3.9.1-r0)
#11 5.064 (130/176) Installing libtasn1 (4.19.0-r2)
#11 5.077 (131/176) Installing p11-kit (0.25.3-r0)
#11 5.096 (132/176) Installing gnutls (3.8.3-r0)
#11 5.120 (133/176) Installing libjpeg-turbo (3.0.3-r0)
#11 5.136 (134/176) Installing lzo (2.10-r5)
#11 5.150 (135/176) Installing pixman (0.43.2-r0)
#11 5.167 (136/176) Installing libpng (1.6.43-r0)
#11 5.180 (137/176) Installing libsasl (2.1.28-r6)
#11 5.194 (138/176) Installing libseccomp (2.5.5-r1)
#11 5.206 (139/176) Installing libslirp (4.7.0-r0)
#11 5.220 (140/176) Installing snappy (1.1.10-r2)
#11 5.232 (141/176) Installing liburing (2.6-r0)
#11 5.243 (142/176) Installing vde2-libs (2.3.3-r3)
#11 5.256 (143/176) Installing qemu-system-x86_64 (9.0.0-r0)
#11 5.363 (144/176) Installing lz4-libs (1.9.4-r5)
#11 5.376 (145/176) Installing popt (1.19-r3)
#11 5.388 (146/176) Installing libxxhash (0.8.2-r2)
#11 5.400 (147/176) Installing rsync (3.3.0-r0)
#11 5.416 (148/176) Installing scapy (2.5.0-r3)
#11 5.464 Executing scapy-2.5.0-r3.post-install
#11 5.465 *
#11 5.465 * Certain optional features of scapy also depend on the following packages:
#11 5.465 *     py3-matplotlib graphviz imagemagick py3-cryptography sox
#11 5.465 * And the following unpackaged dependencies:
#11 5.465 *     pyxi vpython-jupyter nmap<v4.23
#11 5.465 * More information can be found at https://scapy.readthedocs.io/en/latest/installation.html#optional-dependencies
#11 5.465 *
#11 5.466 (149/176) Installing scapy-pyc (2.5.0-r3)
#11 5.526 (150/176) Installing util-linux (2.40.1-r0)
#11 5.539 (151/176) Installing setarch (2.40.1-r0)
#11 5.550 (152/176) Installing libuuid (2.40.1-r0)
#11 5.562 (153/176) Installing libfdisk (2.40.1-r0)
#11 5.576 (154/176) Installing libsmartcols (2.40.1-r0)
#11 5.589 (155/176) Installing util-linux-misc (2.40.1-r0)
#11 5.620 (156/176) Installing linux-pam (1.6.0-r0)
#11 5.640 (157/176) Installing runuser (2.40.1-r0)
#11 5.652 (158/176) Installing mount (2.40.1-r0)
#11 5.664 (159/176) Installing losetup (2.40.1-r0)
#11 5.676 (160/176) Installing hexdump (2.40.1-r0)
#11 5.689 (161/176) Installing uuidgen (2.40.1-r0)
#11 5.700 (162/176) Installing blkid (2.40.1-r0)
#11 5.712 (163/176) Installing sfdisk (2.40.1-r0)
#11 5.725 (164/176) Installing mcookie (2.40.1-r0)
#11 5.740 (165/176) Installing agetty (2.40.1-r0)
#11 5.753 (166/176) Installing wipefs (2.40.1-r0)
#11 5.766 (167/176) Installing cfdisk (2.40.1-r0)
#11 5.778 (168/176) Installing umount (2.40.1-r0)
#11 5.790 (169/176) Installing flock (2.40.1-r0)
#11 5.801 (170/176) Installing lsblk (2.40.1-r0)
#11 5.814 (171/176) Installing setpriv (2.40.1-r0)
#11 5.826 (172/176) Installing logger (2.40.1-r0)
#11 5.837 (173/176) Installing partx (2.40.1-r0)
#11 5.852 (174/176) Installing fstrim (2.40.1-r0)
#11 5.865 (175/176) Installing findmnt (2.40.1-r0)
#11 5.878 (176/176) Installing virtme-ng@testing (1.24-r0)
#11 5.933 Executing busybox-1.36.1-r17.trigger
#11 5.937 Executing ca-certificates-20240226-r0.trigger
#11 5.961 Executing glib-2.80.1-r0.trigger
#11 5.967 OK: 384 MiB in 187 packages
#11 DONE 6.3s

#12 [ 8/22] RUN mkdir -p /tmp/kernel-patches &&     mkdir -p /tmp/iproute2-patches
#12 DONE 0.4s

#13 [ 9/22] COPY tdc.config /tmp
#13 DONE 0.0s

#14 [10/22] COPY tdc-debug.config /tmp
#14 DONE 0.1s

#15 [11/22] COPY kernel-patches /tmp/kernel-patches/
#15 DONE 0.0s

#16 [12/22] COPY iproute2-patches /tmp/iproute2-patches/
#16 DONE 0.0s

#17 [13/22] COPY configs /tmp/configs/
#17 DONE 0.0s

#18 [14/22] RUN git config --global user.email foo@bar.com
#18 DONE 0.3s

#19 [15/22] RUN git config --global user.name foo@bar.com
#19 DONE 0.4s

#20 [16/22] RUN git clone https://git.kernel.org/pub/scm/network/iproute2/iproute2-next.git /nipa-data/iproute2
#20 0.388 Cloning into '/nipa-data/iproute2'...
#20 DONE 1.9s

#21 [17/22] RUN cd /nipa-data/iproute2 && 	git remote add stable https://git.kernel.org/pub/scm/network/iproute2/iproute2.git && 	git fetch --all && 	git merge stable/main
#21 0.393 Fetching origin
#21 0.671 Fetching stable
#21 1.120 From https://git.kernel.org/pub/scm/network/iproute2/iproute2
#21 1.120  * [new branch]        codeql         -> stable/codeql
#21 1.120  * [new branch]        iproute2-4.1.x -> stable/iproute2-4.1.x
#21 1.120  * [new branch]        main           -> stable/main
#21 1.158 Merge made by the 'ort' strategy.
#21 1.175  ip/iproute.c           |  6 ++++--
#21 1.175  man/man8/ip-route.8.in | 16 ++++++++++++----
#21 1.175  man/man8/tc-mirred.8   |  2 +-
#21 1.175  3 files changed, 17 insertions(+), 7 deletions(-)
#21 DONE 1.2s

#22 [18/22] RUN if [ "$(find /tmp/iproute2-patches/ -name *.patch)" ]; then  	cd /nipa-data/iproute2; 	git apply /tmp/iproute2-patches/*.patch;     fi
#22 DONE 0.4s

#23 [19/22] RUN cd /nipa-data/iproute2/ &&     ./configure &&     make
#23 0.428 TC schedulers
#23 0.429  IPT	using xtables
#23 0.457  IPSET  yes
#23 0.479 
#23 0.480 lib directory: /usr/lib
#23 0.480 libc has setns: yes
#23 0.500 libc has name_to_handle_at: yes
#23 0.523 SELinux support: no
#23 0.524 libtirpc support: no
#23 0.525 libbpf support: yes
#23 0.592 	libbpf version 1.4.1
#23 0.592 ELF support: yes
#23 0.594 libmnl support: yes
#23 0.596 Berkeley DB: no
#23 0.606 need for strlcpy: no
#23 0.628 libcap support: yes
#23 0.629 color output: never
#23 0.632 
#23 0.632 lib
#23 0.634     CC       libgenl.o
#23 0.647 In file included from ../include/libgenl.h:5,
#23 0.647                  from libgenl.c:12:
#23 0.647 ../include/libnetlink.h: In function 'rta_getattr_be64':
#23 0.647 ../include/libnetlink.h:280:16: warning: implicit declaration of function 'htobe64' [-Wimplicit-function-declaration]
#23 0.647   280 |         return htobe64(rta_getattr_u64(rta));
#23 0.647       |                ^~~~~~~
#23 0.675     CC       libnetlink.o
#23 0.981     CC       mnl_utils.o
#23 0.993 In file included from mnl_utils.c:12:
#23 0.993 ../include/libnetlink.h: In function 'rta_getattr_be64':
#23 0.993 ../include/libnetlink.h:280:16: warning: implicit declaration of function 'htobe64' [-Wimplicit-function-declaration]
#23 0.993   280 |         return htobe64(rta_getattr_u64(rta));
#23 0.993       |                ^~~~~~~
#23 1.055     AR       libnetlink.a
#23 1.057     CC       utils.o
#23 1.421     CC       utils_math.o
#23 1.461     CC       rt_names.o
#23 1.624     CC       ll_map.o
#23 1.636 In file included from ll_map.c:17:
#23 1.636 ../include/libnetlink.h: In function 'rta_getattr_be64':
#23 1.636 ../include/libnetlink.h:280:16: warning: implicit declaration of function 'htobe64' [-Wimplicit-function-declaration]
#23 1.636   280 |         return htobe64(rta_getattr_u64(rta));
#23 1.636       |                ^~~~~~~
#23 1.728     CC       ll_types.o
#23 1.741 In file included from ll_types.c:20:
#23 1.741 ../include/uapi/linux/sockios.h:42: warning: "SIOCGSTAMP" redefined
#23 1.741    42 | #define SIOCGSTAMP      SIOCGSTAMP_OLD
#23 1.741       | 
#23 1.741 In file included from /usr/include/sys/ioctl.h:10,
#23 1.741                  from ll_types.c:12:
#23 1.741 /usr/include/bits/ioctl.h:111: note: this is the location of the previous definition
#23 1.741   111 | #define SIOCGSTAMP      0x8906
#23 1.741       | 
#23 1.741 ../include/uapi/linux/sockios.h:43: warning: "SIOCGSTAMPNS" redefined
#23 1.741    43 | #define SIOCGSTAMPNS    SIOCGSTAMPNS_OLD
#23 1.741       | 
#23 1.741 /usr/include/bits/ioctl.h:112: note: this is the location of the previous definition
#23 1.741   112 | #define SIOCGSTAMPNS    0x8907
#23 1.741       | 
#23 1.760     CC       ll_proto.o
#23 1.775 In file included from ll_proto.c:21:
#23 1.775 ../include/uapi/linux/sockios.h:42: warning: "SIOCGSTAMP" redefined
#23 1.775    42 | #define SIOCGSTAMP      SIOCGSTAMP_OLD
#23 1.775       | 
#23 1.775 In file included from /usr/include/sys/ioctl.h:10,
#23 1.775                  from ll_proto.c:13:
#23 1.775 /usr/include/bits/ioctl.h:111: note: this is the location of the previous definition
#23 1.775   111 | #define SIOCGSTAMP      0x8906
#23 1.775       | 
#23 1.775 ../include/uapi/linux/sockios.h:43: warning: "SIOCGSTAMPNS" redefined
#23 1.775    43 | #define SIOCGSTAMPNS    SIOCGSTAMPNS_OLD
#23 1.775       | 
#23 1.775 /usr/include/bits/ioctl.h:112: note: this is the location of the previous definition
#23 1.775   112 | #define SIOCGSTAMPNS    0x8907
#23 1.775       | 
#23 1.794     CC       ll_addr.o
#23 1.807 In file included from ll_addr.c:20:
#23 1.807 ../include/uapi/linux/sockios.h:42: warning: "SIOCGSTAMP" redefined
#23 1.807    42 | #define SIOCGSTAMP      SIOCGSTAMP_OLD
#23 1.807       | 
#23 1.807 In file included from /usr/include/sys/ioctl.h:10,
#23 1.807                  from ll_addr.c:12:
#23 1.807 /usr/include/bits/ioctl.h:111: note: this is the location of the previous definition
#23 1.807   111 | #define SIOCGSTAMP      0x8906
#23 1.807       | 
#23 1.807 ../include/uapi/linux/sockios.h:43: warning: "SIOCGSTAMPNS" redefined
#23 1.807    43 | #define SIOCGSTAMPNS    SIOCGSTAMPNS_OLD
#23 1.807       | 
#23 1.807 /usr/include/bits/ioctl.h:112: note: this is the location of the previous definition
#23 1.807   112 | #define SIOCGSTAMPNS    0x8907
#23 1.807       | 
#23 1.833     CC       inet_proto.o
#23 1.861     CC       namespace.o
#23 1.918     CC       json_writer.o
#23 1.993     CC       json_print.o
#23 2.137     CC       json_print_math.o
#23 2.169     CC       names.o
#23 2.212     CC       color.o
#23 2.249     CC       bpf_legacy.o
#23 2.587     CC       bpf_glue.o
#23 2.623     CC       exec.o
#23 2.652     CC       fs.o
#23 2.715     CC       cg_map.o
#23 2.748     CC       ppp_proto.o
#23 2.771     CC       bpf_libbpf.o
#23 2.842     CC       selinux.o
#23 2.861     CC       ax25_ntop.o
#23 2.886     CC       rose_ntop.o
#23 2.899 In file included from rose_ntop.c:16:
#23 2.899 ../include/uapi/linux/sockios.h:42: warning: "SIOCGSTAMP" redefined
#23 2.899    42 | #define SIOCGSTAMP      SIOCGSTAMP_OLD
#23 2.899       | 
#23 2.899 In file included from /usr/include/sys/ioctl.h:10,
#23 2.899                  from rose_ntop.c:7:
#23 2.899 /usr/include/bits/ioctl.h:111: note: this is the location of the previous definition
#23 2.899   111 | #define SIOCGSTAMP      0x8906
#23 2.899       | 
#23 2.899 ../include/uapi/linux/sockios.h:43: warning: "SIOCGSTAMPNS" redefined
#23 2.899    43 | #define SIOCGSTAMPNS    SIOCGSTAMPNS_OLD
#23 2.899       | 
#23 2.899 /usr/include/bits/ioctl.h:112: note: this is the location of the previous definition
#23 2.899   112 | #define SIOCGSTAMPNS    0x8907
#23 2.899       | 
#23 2.915     CC       mpls_ntop.o
#23 2.949     CC       mpls_pton.o
#23 2.977     CC       netrom_ntop.o
#23 2.998     AR       libutil.a
#23 3.003 
#23 3.003 ip
#23 3.005     CC       ip.o
#23 3.076     CC       ipaddress.o
#23 3.089 In file included from ipaddress.c:26:
#23 3.089 ../include/uapi/linux/sockios.h:42: warning: "SIOCGSTAMP" redefined
#23 3.089    42 | #define SIOCGSTAMP      SIOCGSTAMP_OLD
#23 3.089       | 
#23 3.090 In file included from /usr/include/sys/ioctl.h:10,
#23 3.090                  from ipaddress.c:14:
#23 3.090 /usr/include/bits/ioctl.h:111: note: this is the location of the previous definition
#23 3.090   111 | #define SIOCGSTAMP      0x8906
#23 3.090       | 
#23 3.090 ../include/uapi/linux/sockios.h:43: warning: "SIOCGSTAMPNS" redefined
#23 3.090    43 | #define SIOCGSTAMPNS    SIOCGSTAMPNS_OLD
#23 3.090       | 
#23 3.090 /usr/include/bits/ioctl.h:112: note: this is the location of the previous definition
#23 3.090   112 | #define SIOCGSTAMPNS    0x8907
#23 3.090       | 
#23 3.529     CC       ipaddrlabel.o
#23 3.588     CC       iproute.o
#23 4.139     CC       iprule.o
#23 4.333     CC       ipnetns.o
#23 4.511     CC       rtm_map.o
#23 4.547     CC       iptunnel.o
#23 4.560 In file included from ../include/uapi/linux/if_tunnel.h:6,
#23 4.560                  from iptunnel.c:19:
#23 4.560 ../include/uapi/linux/if.h:134: warning: "IFF_VOLATILE" redefined
#23 4.560   134 | #define IFF_VOLATILE    (IFF_LOOPBACK|IFF_POINTOPOINT|IFF_BROADCAST|IFF_ECHO|\
#23 4.560       | 
#23 4.560 In file included from iptunnel.c:16:
#23 4.560 /usr/include/net/if.h:48: note: this is the location of the previous definition
#23 4.560    48 | #define IFF_VOLATILE (IFF_LOOPBACK|IFF_POINTOPOINT|IFF_BROADCAST| \
#23 4.560       | 
#23 4.714     CC       ip6tunnel.o
#23 4.822     CC       tunnel.o
#23 4.913     CC       ipneigh.o
#23 5.080     CC       ipntable.o
#23 5.195     CC       iplink.o
#23 5.459     CC       ipmaddr.o
#23 5.473 In file included from ipmaddr.c:21:
#23 5.473 ../include/uapi/linux/sockios.h:42: warning: "SIOCGSTAMP" redefined
#23 5.473    42 | #define SIOCGSTAMP      SIOCGSTAMP_OLD
#23 5.473       | 
#23 5.473 In file included from /usr/include/sys/ioctl.h:10,
#23 5.473                  from ipmaddr.c:12:
#23 5.473 /usr/include/bits/ioctl.h:111: note: this is the location of the previous definition
#23 5.473   111 | #define SIOCGSTAMP      0x8906
#23 5.473       | 
#23 5.473 ../include/uapi/linux/sockios.h:43: warning: "SIOCGSTAMPNS" redefined
#23 5.473    43 | #define SIOCGSTAMPNS    SIOCGSTAMPNS_OLD
#23 5.473       | 
#23 5.473 /usr/include/bits/ioctl.h:112: note: this is the location of the previous definition
#23 5.473   112 | #define SIOCGSTAMPNS    0x8907
#23 5.473       | 
#23 5.548     CC       ipmonitor.o
#23 5.619     CC       ipmroute.o
#23 5.636 In file included from ipmroute.c:22:
#23 5.636 ../include/uapi/linux/sockios.h:42: warning: "SIOCGSTAMP" redefined
#23 5.636    42 | #define SIOCGSTAMP      SIOCGSTAMP_OLD
#23 5.636       | 
#23 5.636 In file included from /usr/include/sys/ioctl.h:10,
#23 5.636                  from ipmroute.c:13:
#23 5.636 /usr/include/bits/ioctl.h:111: note: this is the location of the previous definition
#23 5.636   111 | #define SIOCGSTAMP      0x8906
#23 5.636       | 
#23 5.636 ../include/uapi/linux/sockios.h:43: warning: "SIOCGSTAMPNS" redefined
#23 5.636    43 | #define SIOCGSTAMPNS    SIOCGSTAMPNS_OLD
#23 5.636       | 
#23 5.636 /usr/include/bits/ioctl.h:112: note: this is the location of the previous definition
#23 5.636   112 | #define SIOCGSTAMPNS    0x8907
#23 5.636       | 
#23 5.702     CC       ipprefix.o
#23 5.735     CC       iptuntap.o
#23 5.844     CC       iptoken.o
#23 5.898     CC       ipxfrm.o
#23 6.181     CC       xfrm_state.o
#23 6.428     CC       xfrm_policy.o
#23 6.659     CC       xfrm_monitor.o
#23 6.736     CC       iplink_dummy.o
#23 6.759     CC       iplink_ifb.o
#23 6.780     CC       iplink_nlmon.o
#23 6.803     CC       iplink_team.o
#23 6.827     CC       iplink_vcan.o
#23 6.848     CC       iplink_vxcan.o
#23 6.875     CC       iplink_vlan.o
#23 6.947     CC       link_veth.o
#23 6.974     CC       link_gre.o
#23 6.984 In file included from ../include/uapi/linux/if_tunnel.h:6,
#23 6.984                  from link_gre.c:15:
#23 6.984 ../include/uapi/linux/if.h:134: warning: "IFF_VOLATILE" redefined
#23 6.984   134 | #define IFF_VOLATILE    (IFF_LOOPBACK|IFF_POINTOPOINT|IFF_BROADCAST|IFF_ECHO|\
#23 6.984       | 
#23 6.984 In file included from link_gre.c:9:
#23 6.984 /usr/include/net/if.h:48: note: this is the location of the previous definition
#23 6.984    48 | #define IFF_VOLATILE (IFF_LOOPBACK|IFF_POINTOPOINT|IFF_BROADCAST| \
#23 6.984       | 
#23 7.100     CC       iplink_can.o
#23 7.262     CC       iplink_xdp.o
#23 7.325     CC       iplink_macvlan.o
#23 7.396     CC       ipl2tp.o
#23 7.561     CC       link_vti.o
#23 7.572 In file included from ../include/uapi/linux/if_tunnel.h:6,
#23 7.572                  from link_vti.c:16:
#23 7.572 ../include/uapi/linux/if.h:134: warning: "IFF_VOLATILE" redefined
#23 7.572   134 | #define IFF_VOLATILE    (IFF_LOOPBACK|IFF_POINTOPOINT|IFF_BROADCAST|IFF_ECHO|\
#23 7.572       | 
#23 7.572 In file included from link_vti.c:10:
#23 7.572 /usr/include/net/if.h:48: note: this is the location of the previous definition
#23 7.572    48 | #define IFF_VOLATILE (IFF_LOOPBACK|IFF_POINTOPOINT|IFF_BROADCAST| \
#23 7.572       | 
#23 7.617     CC       link_vti6.o
#23 7.627 In file included from ../include/uapi/linux/if_tunnel.h:6,
#23 7.627                  from link_vti6.c:17:
#23 7.627 ../include/uapi/linux/if.h:134: warning: "IFF_VOLATILE" redefined
#23 7.627   134 | #define IFF_VOLATILE    (IFF_LOOPBACK|IFF_POINTOPOINT|IFF_BROADCAST|IFF_ECHO|\
#23 7.627       | 
#23 7.627 In file included from link_vti6.c:11:
#23 7.627 /usr/include/net/if.h:48: note: this is the location of the previous definition
#23 7.627    48 | #define IFF_VOLATILE (IFF_LOOPBACK|IFF_POINTOPOINT|IFF_BROADCAST| \
#23 7.627       | 
#23 7.672     CC       link_xfrm.o
#23 7.707     CC       iplink_vxlan.o
#23 7.875     CC       tcp_metrics.o
#23 7.981     CC       iplink_ipoib.o
#23 8.023     CC       ipnetconf.o
#23 8.087     CC       link_ip6tnl.o
#23 8.098 In file included from ../include/uapi/linux/if_tunnel.h:6,
#23 8.098                  from link_ip6tnl.c:15:
#23 8.098 ../include/uapi/linux/if.h:134: warning: "IFF_VOLATILE" redefined
#23 8.098   134 | #define IFF_VOLATILE    (IFF_LOOPBACK|IFF_POINTOPOINT|IFF_BROADCAST|IFF_ECHO|\
#23 8.098       | 
#23 8.098 In file included from link_ip6tnl.c:9:
#23 8.098 /usr/include/net/if.h:48: note: this is the location of the previous definition
#23 8.098    48 | #define IFF_VOLATILE (IFF_LOOPBACK|IFF_POINTOPOINT|IFF_BROADCAST| \
#23 8.098       | 
#23 8.192     CC       link_iptnl.o
#23 8.204 In file included from ../include/uapi/linux/if_tunnel.h:6,
#23 8.204                  from link_iptnl.c:16:
#23 8.204 ../include/uapi/linux/if.h:134: warning: "IFF_VOLATILE" redefined
#23 8.204   134 | #define IFF_VOLATILE    (IFF_LOOPBACK|IFF_POINTOPOINT|IFF_BROADCAST|IFF_ECHO|\
#23 8.204       | 
#23 8.204 In file included from link_iptnl.c:9:
#23 8.204 /usr/include/net/if.h:48: note: this is the location of the previous definition
#23 8.204    48 | #define IFF_VOLATILE (IFF_LOOPBACK|IFF_POINTOPOINT|IFF_BROADCAST| \
#23 8.204       | 
#23 8.296     CC       link_gre6.o
#23 8.307 In file included from ../include/uapi/linux/if_tunnel.h:6,
#23 8.307                  from link_gre6.c:15:
#23 8.307 ../include/uapi/linux/if.h:134: warning: "IFF_VOLATILE" redefined
#23 8.307   134 | #define IFF_VOLATILE    (IFF_LOOPBACK|IFF_POINTOPOINT|IFF_BROADCAST|IFF_ECHO|\
#23 8.307       | 
#23 8.307 In file included from link_gre6.c:9:
#23 8.307 /usr/include/net/if.h:48: note: this is the location of the previous definition
#23 8.307    48 | #define IFF_VOLATILE (IFF_LOOPBACK|IFF_POINTOPOINT|IFF_BROADCAST| \
#23 8.307       | 
#23 8.439     CC       iplink_bond.o
#23 8.616     CC       iplink_bond_slave.o
#23 8.666     CC       iplink_hsr.o
#23 8.714     CC       iplink_bridge.o
#23 8.875     CC       iplink_bridge_slave.o
#23 8.976     CC       iplink_dsa.o
#23 9.009     CC       ipfou.o
#23 9.021 In file included from ../include/libgenl.h:5,
#23 9.021                  from ipfou.c:18:
#23 9.021 ../include/libnetlink.h: In function 'rta_getattr_be64':
#23 9.022 ../include/libnetlink.h:280:16: warning: implicit declaration of function 'htobe64' [-Wimplicit-function-declaration]
#23 9.022   280 |         return htobe64(rta_getattr_u64(rta));
#23 9.022       |                ^~~~~~~
#23 9.086     CC       iplink_ipvlan.o
#23 9.124     CC       iplink_geneve.o
#23 9.210     CC       iplink_vrf.o
#23 9.257     CC       iproute_lwtunnel.o
#23 9.636     CC       ipmacsec.o
#23 9.867     CC       ipila.o
#23 9.880 In file included from ../include/libgenl.h:5,
#23 9.880                  from ipila.c:18:
#23 9.880 ../include/libnetlink.h: In function 'rta_getattr_be64':
#23 9.880 ../include/libnetlink.h:280:16: warning: implicit declaration of function 'htobe64' [-Wimplicit-function-declaration]
#23 9.880   280 |         return htobe64(rta_getattr_u64(rta));
#23 9.880       |                ^~~~~~~
#23 9.942     CC       ipvrf.o
#23 10.05     CC       iplink_xstats.o
#23 10.08     CC       ipseg6.o
#23 10.13     CC       iplink_netdevsim.o
#23 10.15     CC       iplink_rmnet.o
#23 10.18     CC       ipnexthop.o
#23 10.43     CC       ipmptcp.o
#23 10.54     CC       iplink_bareudp.o
#23 10.55 In file included from iplink_bareudp.c:9:
#23 10.55 ../include/libnetlink.h: In function 'rta_getattr_be64':
#23 10.55 ../include/libnetlink.h:280:16: warning: implicit declaration of function 'htobe64' [-Wimplicit-function-declaration]
#23 10.55   280 |         return htobe64(rta_getattr_u64(rta));
#23 10.55       |                ^~~~~~~
#23 10.59     CC       iplink_wwan.o
#23 10.62     CC       ipioam6.o
#23 10.71     CC       iplink_amt.o
#23 10.76     CC       iplink_batadv.o
#23 10.79     CC       iplink_gtp.o
#23 10.83     CC       iplink_virt_wifi.o
#23 10.85     CC       iplink_netkit.o
#23 10.90     CC       ipstats.o
#23 11.11     LINK     ip
#23 11.14     CC       rtmon.o
#23 11.19     LINK     rtmon
#23 11.20 
#23 11.20 tc
#23 11.21     CC       tc.o
#23 11.30     CC       tc_qdisc.o
#23 11.40     CC       tc_class.o
#23 11.52     CC       tc_filter.o
#23 11.68     CC       tc_util.o
#23 11.86     CC       tc_monitor.o
#23 11.90     CC       tc_exec.o
#23 11.93     CC       m_police.o
#23 12.01     CC       m_estimator.o
#23 12.04     CC       m_action.o
#23 12.19     CC       m_ematch.o
#23 12.31     YACC     emp_ematch.tab.c
#23 12.37     CC       emp_ematch.tab.o
#23 12.47     LEX      emp_ematch.lex.c
#23 12.48     CC       emp_ematch.lex.o
#23 12.64     CC       q_fifo.o
#23 12.68     CC       q_sfq.o
#23 12.75     CC       q_red.o
#23 12.82     CC       q_prio.o
#23 12.87     CC       q_skbprio.o
#23 12.91     CC       q_tbf.o
#23 13.00     CC       q_multiq.o
#23 13.03     CC       q_netem.o
#23 13.23     CC       q_choke.o
#23 13.31     CC       q_sfb.o
#23 13.37     CC       f_u32.o
#23 13.62     CC       f_route.o
#23 13.68     CC       f_fw.o
#23 13.73     CC       f_basic.o
#23 13.77     CC       f_bpf.o
#23 13.84     CC       f_flow.o
#23 13.92     CC       f_cgroup.o
#23 13.96     CC       f_flower.o
#23 13.97 In file included from ../include/uapi/linux/netdevice.h:29,
#23 13.97                  from ../include/uapi/linux/if_arp.h:27,
#23 13.97                  from f_flower.c:14:
#23 13.97 ../include/uapi/linux/if.h:134: warning: "IFF_VOLATILE" redefined
#23 13.97   134 | #define IFF_VOLATILE    (IFF_LOOPBACK|IFF_POINTOPOINT|IFF_BROADCAST|IFF_ECHO|\
#23 13.97       | 
#23 13.97 In file included from f_flower.c:12:
#23 13.97 /usr/include/net/if.h:48: note: this is the location of the previous definition
#23 13.97    48 | #define IFF_VOLATILE (IFF_LOOPBACK|IFF_POINTOPOINT|IFF_BROADCAST| \
#23 13.97       | 
#23 14.47     CC       q_gred.o
#23 14.58     CC       q_ingress.o
#23 14.62     CC       q_hfsc.o
#23 14.70     CC       q_htb.o
#23 14.80     CC       q_drr.o
#23 14.84     CC       q_qfq.o
#23 14.88     CC       m_gact.o
#23 14.93     CC       m_mirred.o
#23 15.00     CC       m_mpls.o
#23 15.08     CC       m_nat.o
#23 15.13     CC       m_pedit.o
#23 15.26     CC       m_ife.o
#23 15.34     CC       m_skbedit.o
#23 15.41     CC       m_skbmod.o
#23 15.47     CC       m_csum.o
#23 15.53     CC       m_simple.o
#23 15.57     CC       m_vlan.o
#23 15.64     CC       m_connmark.o
#23 15.68     CC       m_ctinfo.o
#23 15.74     CC       m_bpf.o
#23 15.80     CC       m_tunnel_key.o
#23 15.91     CC       m_sample.o
#23 15.96     CC       m_ct.o
#23 16.07     CC       m_gate.o
#23 16.16     CC       p_ip.o
#23 16.21     CC       p_ip6.o
#23 16.25     CC       p_icmp.o
#23 16.27     CC       p_eth.o
#23 16.31     CC       p_tcp.o
#23 16.34     CC       p_udp.o
#23 16.37     CC       em_nbyte.o
#23 16.42     CC       em_cmp.o
#23 16.47     CC       em_u32.o
#23 16.53     CC       em_canid.o
#23 16.58     CC       em_meta.o
#23 16.69     CC       q_mqprio.o
#23 16.81     CC       q_codel.o
#23 16.86     CC       q_fq_codel.o
#23 16.94     CC       q_fq.o
#23 17.05     CC       q_pie.o
#23 17.12     CC       q_fq_pie.o
#23 17.18     CC       q_cake.o
#23 17.39     CC       q_hhf.o
#23 17.45     CC       q_clsact.o
#23 17.48     CC       e_bpf.o
#23 17.53     CC       f_matchall.o
#23 17.57     CC       q_cbs.o
#23 17.62     CC       q_etf.o
#23 17.66     CC       q_taprio.o
#23 17.79     CC       q_plug.o
#23 17.82     CC       q_ets.o
#23 17.89     CC       em_ipt.o
#23 17.91 In file included from tc_util.h:7,
#23 17.91                  from m_ematch.h:11,
#23 17.91                  from em_ipt.c:13:
#23 17.91 ../include/uapi/linux/if.h:134: warning: "IFF_VOLATILE" redefined
#23 17.91   134 | #define IFF_VOLATILE    (IFF_LOOPBACK|IFF_POINTOPOINT|IFF_BROADCAST|IFF_ECHO|\
#23 17.91       | 
#23 17.91 In file included from ../include/xtables.h:17,
#23 17.91                  from em_ipt.c:12:
#23 17.91 /usr/include/net/if.h:48: note: this is the location of the previous definition
#23 17.91    48 | #define IFF_VOLATILE (IFF_LOOPBACK|IFF_POINTOPOINT|IFF_BROADCAST| \
#23 17.91       | 
#23 17.94     CC       em_ipset.o
#23 17.96 In file included from tc_util.h:7,
#23 17.96                  from m_ematch.h:11,
#23 17.96                  from em_ipset.c:39:
#23 17.96 ../include/uapi/linux/if.h:134: warning: "IFF_VOLATILE" redefined
#23 17.96   134 | #define IFF_VOLATILE    (IFF_LOOPBACK|IFF_POINTOPOINT|IFF_BROADCAST|IFF_ECHO|\
#23 17.96       | 
#23 17.96 In file included from ../include/xtables.h:17,
#23 17.96                  from em_ipset.c:23:
#23 17.96 /usr/include/net/if.h:48: note: this is the location of the previous definition
#23 17.96    48 | #define IFF_VOLATILE (IFF_LOOPBACK|IFF_POINTOPOINT|IFF_BROADCAST| \
#23 17.96       | 
#23 18.00     CC       tc_core.o
#23 18.07     CC       tc_red.o
#23 18.11     CC       tc_estimator.o
#23 18.14     CC       tc_stab.o
#23 18.19     CC       tc_qevent.o
#23 18.21 In file included from tc_qevent.h:7,
#23 18.21                  from tc_qevent.c:10:
#23 18.21 ../include/libnetlink.h: In function 'rta_getattr_be64':
#23 18.21 ../include/libnetlink.h:280:16: warning: implicit declaration of function 'htobe64' [-Wimplicit-function-declaration]
#23 18.21   280 |         return htobe64(rta_getattr_u64(rta));
#23 18.21       |                ^~~~~~~
#23 18.26     AR       libtc.a
#23 18.26     LINK     tc
#23 18.29 rm emp_ematch.lex.c
#23 18.29 
#23 18.29 bridge
#23 18.29     CC       bridge.o
#23 18.34     CC       fdb.o
#23 18.35 In file included from fdb.c:28:
#23 18.35 ../include/libnetlink.h: In function 'rta_getattr_be64':
#23 18.35 ../include/libnetlink.h:280:16: warning: implicit declaration of function 'htobe64' [-Wimplicit-function-declaration]
#23 18.35   280 |         return htobe64(rta_getattr_u64(rta));
#23 18.35       |                ^~~~~~~
#23 18.51     CC       monitor.o
#23 18.55     CC       link.o
#23 18.57 In file included from link.c:16:
#23 18.57 ../include/libnetlink.h: In function 'rta_getattr_be64':
#23 18.57 ../include/libnetlink.h:280:16: warning: implicit declaration of function 'htobe64' [-Wimplicit-function-declaration]
#23 18.57   280 |         return htobe64(rta_getattr_u64(rta));
#23 18.57       |                ^~~~~~~
#23 18.70     CC       mdb.o
#23 18.72 In file included from mdb.c:20:
#23 18.72 ../include/libnetlink.h: In function 'rta_getattr_be64':
#23 18.72 ../include/libnetlink.h:280:16: warning: implicit declaration of function 'htobe64' [-Wimplicit-function-declaration]
#23 18.72   280 |         return htobe64(rta_getattr_u64(rta));
#23 18.72       |                ^~~~~~~
#23 18.89     CC       vlan.o
#23 18.90 In file included from vlan.c:14:
#23 18.90 ../include/json_print.h:80:30: warning: 'struct timeval' declared inside parameter list will not be visible outside of this definition or declaration
#23 18.90    80 | _PRINT_FUNC(tv, const struct timeval *)
#23 18.90       |                              ^~~~~~~
#23 18.90 ../include/json_print.h:50:37: note: in definition of macro '_PRINT_FUNC'
#23 18.90    50 |                                     type value);                        \
#23 18.90       |                                     ^~~~
#23 18.90 ../include/json_print.h:80:30: warning: 'struct timeval' declared inside parameter list will not be visible outside of this definition or declaration
#23 18.90    80 | _PRINT_FUNC(tv, const struct timeval *)
#23 18.90       |                              ^~~~~~~
#23 18.90 ../include/json_print.h:55:45: note: in definition of macro '_PRINT_FUNC'
#23 18.90    55 |                                             type value)                 \
#23 18.90       |                                             ^~~~
#23 18.90 ../include/json_print.h: In function 'print_tv':
#23 18.90 ../include/json_print.h:58:48: warning: passing argument 5 of 'print_color_tv' from incompatible pointer type [-Wincompatible-pointer-types]
#23 18.90    58 |                                                value);                  \
#23 18.90       |                                                ^~~~~
#23 18.90       |                                                |
#23 18.90       |                                                const struct timeval *
#23 18.90 ../include/json_print.h:80:1: note: in expansion of macro '_PRINT_FUNC'
#23 18.90    80 | _PRINT_FUNC(tv, const struct timeval *)
#23 18.90       | ^~~~~~~~~~~
#23 18.90 ../include/json_print.h:50:42: note: expected 'const struct timeval *' but argument is of type 'const struct timeval *'
#23 18.90    50 |                                     type value);                        \
#23 18.90       |                                          ^
#23 18.90 ../include/json_print.h:80:1: note: in expansion of macro '_PRINT_FUNC'
#23 18.90    80 | _PRINT_FUNC(tv, const struct timeval *)
#23 18.90       | ^~~~~~~~~~~
#23 18.91 In file included from vlan.c:15:
#23 18.91 ../include/libnetlink.h: In function 'rta_getattr_be64':
#23 18.91 ../include/libnetlink.h:280:16: warning: implicit declaration of function 'htobe64' [-Wimplicit-function-declaration]
#23 18.91   280 |         return htobe64(rta_getattr_u64(rta));
#23 18.91       |                ^~~~~~~
#23 19.12     CC       vni.o
#23 19.13 In file included from vni.c:19:
#23 19.13 ../include/json_print.h:80:30: warning: 'struct timeval' declared inside parameter list will not be visible outside of this definition or declaration
#23 19.13    80 | _PRINT_FUNC(tv, const struct timeval *)
#23 19.13       |                              ^~~~~~~
#23 19.13 ../include/json_print.h:50:37: note: in definition of macro '_PRINT_FUNC'
#23 19.13    50 |                                     type value);                        \
#23 19.13       |                                     ^~~~
#23 19.13 ../include/json_print.h:80:30: warning: 'struct timeval' declared inside parameter list will not be visible outside of this definition or declaration
#23 19.13    80 | _PRINT_FUNC(tv, const struct timeval *)
#23 19.13       |                              ^~~~~~~
#23 19.13 ../include/json_print.h:55:45: note: in definition of macro '_PRINT_FUNC'
#23 19.13    55 |                                             type value)                 \
#23 19.13       |                                             ^~~~
#23 19.13 ../include/json_print.h: In function 'print_tv':
#23 19.13 ../include/json_print.h:58:48: warning: passing argument 5 of 'print_color_tv' from incompatible pointer type [-Wincompatible-pointer-types]
#23 19.13    58 |                                                value);                  \
#23 19.13       |                                                ^~~~~
#23 19.13       |                                                |
#23 19.13       |                                                const struct timeval *
#23 19.13 ../include/json_print.h:80:1: note: in expansion of macro '_PRINT_FUNC'
#23 19.13    80 | _PRINT_FUNC(tv, const struct timeval *)
#23 19.13       | ^~~~~~~~~~~
#23 19.13 ../include/json_print.h:50:42: note: expected 'const struct timeval *' but argument is of type 'const struct timeval *'
#23 19.13    50 |                                     type value);                        \
#23 19.13       |                                          ^
#23 19.13 ../include/json_print.h:80:1: note: in expansion of macro '_PRINT_FUNC'
#23 19.13    80 | _PRINT_FUNC(tv, const struct timeval *)
#23 19.13       | ^~~~~~~~~~~
#23 19.13 In file included from vni.c:20:
#23 19.13 ../include/libnetlink.h: In function 'rta_getattr_be64':
#23 19.14 ../include/libnetlink.h:280:16: warning: implicit declaration of function 'htobe64' [-Wimplicit-function-declaration]
#23 19.14   280 |         return htobe64(rta_getattr_u64(rta));
#23 19.14       |                ^~~~~~~
#23 19.21     LINK     bridge
#23 19.22 
#23 19.22 misc
#23 19.22     CC       ss.o
#23 19.25 In file included from ../include/uapi/linux/tipc.h:42,
#23 19.25                  from ss.c:49:
#23 19.25 ../include/uapi/linux/sockios.h:42: warning: "SIOCGSTAMP" redefined
#23 19.25    42 | #define SIOCGSTAMP      SIOCGSTAMP_OLD
#23 19.25       | 
#23 19.25 In file included from /usr/include/sys/ioctl.h:10,
#23 19.25                  from ss.c:12:
#23 19.25 /usr/include/bits/ioctl.h:111: note: this is the location of the previous definition
#23 19.25   111 | #define SIOCGSTAMP      0x8906
#23 19.25       | 
#23 19.25 ../include/uapi/linux/sockios.h:43: warning: "SIOCGSTAMPNS" redefined
#23 19.25    43 | #define SIOCGSTAMPNS    SIOCGSTAMPNS_OLD
#23 19.25       | 
#23 19.25 /usr/include/bits/ioctl.h:112: note: this is the location of the previous definition
#23 19.25   112 | #define SIOCGSTAMPNS    0x8907
#23 19.25       | 
#23 20.14     CC       ssfilter_check.o
#23 20.15 In file included from ssfilter_check.c:6:
#23 20.15 ../include/libnetlink.h: In function 'rta_getattr_be64':
#23 20.15 ../include/libnetlink.h:280:16: warning: implicit declaration of function 'htobe64' [-Wimplicit-function-declaration]
#23 20.15   280 |         return htobe64(rta_getattr_u64(rta));
#23 20.15       |                ^~~~~~~
#23 20.17     YACC     ssfilter.tab.c
#23 20.23     CC       ssfilter.tab.o
#23 20.33     LINK     ss
#23 20.35     CC       nstat
#23 20.36 In file included from nstat.c:20:
#23 20.36 /usr/include/sys/poll.h:1:2: warning: #warning redirecting incorrect #include <sys/poll.h> to <poll.h> [-Wcpp]
#23 20.36     1 | #warning redirecting incorrect #include <sys/poll.h> to <poll.h>
#23 20.36       |  ^~~~~~~
#23 20.49     CC       ifstat
#23 20.50 In file included from ifstat.c:20:
#23 20.50 /usr/include/sys/poll.h:1:2: warning: #warning redirecting incorrect #include <sys/poll.h> to <poll.h> [-Wcpp]
#23 20.50     1 | #warning redirecting incorrect #include <sys/poll.h> to <poll.h>
#23 20.50       |  ^~~~~~~
#23 20.51 In file included from ifstat.c:30:
#23 20.51 ../include/libnetlink.h: In function 'rta_getattr_be64':
#23 20.51 ../include/libnetlink.h:280:16: warning: implicit declaration of function 'htobe64' [-Wimplicit-function-declaration]
#23 20.51   280 |         return htobe64(rta_getattr_u64(rta));
#23 20.51       |                ^~~~~~~
#23 20.67     CC       rtacct
#23 20.68 In file included from rtacct.c:19:
#23 20.68 /usr/include/sys/poll.h:1:2: warning: #warning redirecting incorrect #include <sys/poll.h> to <poll.h> [-Wcpp]
#23 20.68     1 | #warning redirecting incorrect #include <sys/poll.h> to <poll.h>
#23 20.68       |  ^~~~~~~
#23 20.80     CC       lnstat.o
#23 20.87     CC       lnstat_util.o
#23 20.92     LINK     lnstat
#23 20.93 
#23 20.93 netem
#23 20.94 gcc  -I../include -o maketable maketable.c -lm
#23 20.97 gcc  -I../include -o normal normal.c -lm
#23 20.99 gcc  -I../include -o pareto pareto.c -lm
#23 21.01 gcc  -I../include -o paretonormal paretonormal.c -lm
#23 21.04 ./normal > normal.dist
#23 21.05 ./pareto > pareto.dist
#23 21.05 ./paretonormal > paretonormal.dist
#23 21.06 ./maketable experimental.dat > experimental.dist
#23 21.06 
#23 21.06 genl
#23 21.07     CC       genl.o
#23 21.10     CC       ctrl.o
#23 21.17     LINK     genl
#23 21.18 
#23 21.18 man
#23 21.18 make[2]: Nothing to be done for 'all'.
#23 21.19 make[2]: Nothing to be done for 'all'.
#23 21.19 sed \
#23 21.19 	-e "s|@NETNS_ETC_DIR@|/etc/netns|g" \
#23 21.19 	-e "s|@NETNS_RUN_DIR@|/var/run/netns|g" \
#23 21.19 	-e "s|@SYSCONF_ETC_DIR@|/etc/iproute2|g" \
#23 21.19 	-e "s|@SYSCONF_USR_DIR@|/usr/share/iproute2|g" \
#23 21.19 	ip-address.8.in > ip-address.8
#23 21.19 sed \
#23 21.19 	-e "s|@NETNS_ETC_DIR@|/etc/netns|g" \
#23 21.19 	-e "s|@NETNS_RUN_DIR@|/var/run/netns|g" \
#23 21.19 	-e "s|@SYSCONF_ETC_DIR@|/etc/iproute2|g" \
#23 21.19 	-e "s|@SYSCONF_USR_DIR@|/usr/share/iproute2|g" \
#23 21.19 	ip-link.8.in > ip-link.8
#23 21.19 sed \
#23 21.19 	-e "s|@NETNS_ETC_DIR@|/etc/netns|g" \
#23 21.19 	-e "s|@NETNS_RUN_DIR@|/var/run/netns|g" \
#23 21.19 	-e "s|@SYSCONF_ETC_DIR@|/etc/iproute2|g" \
#23 21.19 	-e "s|@SYSCONF_USR_DIR@|/usr/share/iproute2|g" \
#23 21.19 	ip-netns.8.in > ip-netns.8
#23 21.20 sed \
#23 21.20 	-e "s|@NETNS_ETC_DIR@|/etc/netns|g" \
#23 21.20 	-e "s|@NETNS_RUN_DIR@|/var/run/netns|g" \
#23 21.20 	-e "s|@SYSCONF_ETC_DIR@|/etc/iproute2|g" \
#23 21.20 	-e "s|@SYSCONF_USR_DIR@|/usr/share/iproute2|g" \
#23 21.20 	ip-route.8.in > ip-route.8
#23 21.20 
#23 21.20 tipc
#23 21.20     CC       bearer.o
#23 21.38     CC       cmdl.o
#23 21.41     CC       link.o
#23 21.61     CC       media.o
#23 21.65     CC       misc.o
#23 21.71     CC       msg.o
#23 21.73     CC       nametable.o
#23 21.76     CC       node.o
#23 21.85     CC       socket.o
#23 21.88     CC       peer.o
#23 21.91     CC       tipc.o
#23 21.94     LINK     tipc
#23 21.96 
#23 21.96 devlink
#23 21.96     CC       devlink.o
#23 23.57     CC       mnlg.o
#23 23.58 In file included from mnlg.c:16:
#23 23.58 ../include/libnetlink.h: In function 'rta_getattr_be64':
#23 23.58 ../include/libnetlink.h:280:16: warning: implicit declaration of function 'htobe64' [-Wimplicit-function-declaration]
#23 23.58   280 |         return htobe64(rta_getattr_u64(rta));
#23 23.58       |                ^~~~~~~
#23 23.61     LINK     devlink
#23 23.63 
#23 23.63 rdma
#23 23.63     CC       rdma.o
#23 23.65 rdma.c: In function 'main':
#23 23.65 rdma.c:110:20: warning: implicit declaration of function 'basename'; did you mean 'rename'? [-Wimplicit-function-declaration]
#23 23.65   110 |         filename = basename(argv[0]);
#23 23.65       |                    ^~~~~~~~
#23 23.65       |                    rename
#23 23.65 rdma.c:110:18: warning: assignment to 'char *' from 'int' makes pointer from integer without a cast [-Wint-conversion]
#23 23.65   110 |         filename = basename(argv[0]);
#23 23.65       |                  ^
#23 23.67     CC       utils.o
#23 23.85     CC       dev.o
#23 23.93     CC       link.o
#23 24.00     CC       res.o
#23 24.12     CC       res-pd.o
#23 24.16     CC       res-mr.o
#23 24.21     CC       res-cq.o
#23 24.26     CC       res-cmid.o
#23 24.32     CC       res-qp.o
#23 24.38     CC       sys.o
#23 24.44     CC       stat.o
#23 24.66     CC       stat-mr.o
#23 24.69     CC       res-ctx.o
#23 24.73     CC       res-srq.o
#23 24.80     LINK     rdma
#23 24.82 
#23 24.82 dcb
#23 24.82     CC       dcb.o
#23 24.84 In file included from ../include/namespace.h:10,
#23 24.84                  from dcb.c:11:
#23 24.84 ../include/libnetlink.h: In function 'rta_getattr_be64':
#23 24.84 ../include/libnetlink.h:280:16: warning: implicit declaration of function 'htobe64' [-Wimplicit-function-declaration]
#23 24.84   280 |         return htobe64(rta_getattr_u64(rta));
#23 24.84       |                ^~~~~~~
#23 24.94     CC       dcb_app.o
#23 25.13     CC       dcb_buffer.o
#23 25.19     CC       dcb_dcbx.o
#23 25.24     CC       dcb_ets.o
#23 25.32     CC       dcb_maxrate.o
#23 25.37     CC       dcb_pfc.o
#23 25.43     CC       dcb_apptrust.o
#23 25.49     CC       dcb_rewr.o
#23 25.57     LINK     dcb
#23 25.58 
#23 25.58 vdpa
#23 25.59     CC       vdpa.o
#23 25.60 In file included from vdpa.c:19:
#23 25.60 ../include/json_print.h:80:30: warning: 'struct timeval' declared inside parameter list will not be visible outside of this definition or declaration
#23 25.60    80 | _PRINT_FUNC(tv, const struct timeval *)
#23 25.60       |                              ^~~~~~~
#23 25.60 ../include/json_print.h:50:37: note: in definition of macro '_PRINT_FUNC'
#23 25.60    50 |                                     type value);                        \
#23 25.60       |                                     ^~~~
#23 25.60 ../include/json_print.h:80:30: warning: 'struct timeval' declared inside parameter list will not be visible outside of this definition or declaration
#23 25.60    80 | _PRINT_FUNC(tv, const struct timeval *)
#23 25.60       |                              ^~~~~~~
#23 25.60 ../include/json_print.h:55:45: note: in definition of macro '_PRINT_FUNC'
#23 25.60    55 |                                             type value)                 \
#23 25.60       |                                             ^~~~
#23 25.60 ../include/json_print.h: In function 'print_tv':
#23 25.60 ../include/json_print.h:58:48: warning: passing argument 5 of 'print_color_tv' from incompatible pointer type [-Wincompatible-pointer-types]
#23 25.60    58 |                                                value);                  \
#23 25.60       |                                                ^~~~~
#23 25.60       |                                                |
#23 25.60       |                                                const struct timeval *
#23 25.60 ../include/json_print.h:80:1: note: in expansion of macro '_PRINT_FUNC'
#23 25.60    80 | _PRINT_FUNC(tv, const struct timeval *)
#23 25.60       | ^~~~~~~~~~~
#23 25.60 ../include/json_print.h:50:42: note: expected 'const struct timeval *' but argument is of type 'const struct timeval *'
#23 25.60    50 |                                     type value);                        \
#23 25.60       |                                          ^
#23 25.60 ../include/json_print.h:80:1: note: in expansion of macro '_PRINT_FUNC'
#23 25.60    80 | _PRINT_FUNC(tv, const struct timeval *)
#23 25.60       | ^~~~~~~~~~~
#23 25.75     LINK     vdpa
#23 DONE 25.8s

#24 [20/22] RUN git clone --no-single-branch --depth=1 https://github.com/linux-netdev/testing.git /nipa-data/kernel
#24 0.369 Cloning into '/nipa-data/kernel'...
#24 19.07 Updating files:  17% (14527/83283)Updating files:  18% (14991/83283)Updating files:  19% (15824/83283)Updating files:  20% (16657/83283)Updating files:  21% (17490/83283)Updating files:  22% (18323/83283)Updating files:  23% (19156/83283)Updating files:  24% (19988/83283)Updating files:  25% (20821/83283)Updating files:  26% (21654/83283)Updating files:  27% (22487/83283)Updating files:  28% (23320/83283)Updating files:  29% (24153/83283)Updating files:  30% (24985/83283)Updating files:  31% (25818/83283)Updating files:  32% (26651/83283)Updating files:  33% (27484/83283)Updating files:  34% (28317/83283)Updating files:  34% (28390/83283)Updating files:  35% (29150/83283)Updating files:  36% (29982/83283)Updating files:  37% (30815/83283)Updating files:  38% (31648/83283)Updating files:  39% (32481/83283)Updating files:  40% (33314/83283)Updating files:  40% (33593/83283)Updating files:  41% (34147/83283)Updating files:  42% (34979/83283)Updating files:  43% (35812/83283)Updating files:  44% (36645/83283)Updating files:  45% (37478/83283)Updating files:  46% (38311/83283)Updating files:  47% (39144/83283)Updating files:  48% (39976/83283)Updating files:  49% (40809/83283)Updating files:  49% (41382/83283)Updating files:  50% (41642/83283)Updating files:  51% (42475/83283)Updating files:  52% (43308/83283)Updating files:  53% (44140/83283)Updating files:  54% (44973/83283)Updating files:  55% (45806/83283)Updating files:  56% (46639/83283)Updating files:  57% (47472/83283)Updating files:  58% (48305/83283)Updating files:  59% (49137/83283)Updating files:  60% (49970/83283)Updating files:  61% (50803/83283)Updating files:  62% (51636/83283)Updating files:  63% (52469/83283)Updating files:  63% (52565/83283)Updating files:  64% (53302/83283)Updating files:  65% (54134/83283)Updating files:  66% (54967/83283)Updating files:  67% (55800/83283)Updating files:  68% (56633/83283)Updating files:  69% (57466/83283)Updating files:  70% (58299/83283)Updating files:  71% (59131/83283)Updating files:  72% (59964/83283)Updating files:  73% (60797/83283)Updating files:  74% (61630/83283)Updating files:  75% (62463/83283)Updating files:  76% (63296/83283)Updating files:  77% (64128/83283)Updating files:  78% (64961/83283)Updating files:  79% (65794/83283)Updating files:  80% (66627/83283)Updating files:  81% (67460/83283)Updating files:  81% (67567/83283)Updating files:  82% (68293/83283)Updating files:  83% (69125/83283)Updating files:  84% (69958/83283)Updating files:  85% (70791/83283)Updating files:  86% (71624/83283)Updating files:  87% (72457/83283)Updating files:  88% (73290/83283)Updating files:  89% (74122/83283)Updating files:  90% (74955/83283)Updating files:  91% (75788/83283)Updating files:  92% (76621/83283)Updating files:  93% (77454/83283)Updating files:  94% (78287/83283)Updating files:  95% (79119/83283)Updating files:  96% (79952/83283)Updating files:  97% (80785/83283)Updating files:  98% (81618/83283)Updating files:  99% (82451/83283)Updating files: 100% (83283/83283)Updating files: 100% (83283/83283), done.
#24 DONE 30.2s

#25 [21/22] RUN git clone --depth=1 -b main https://github.com/p4tc-dev/new-nipa.git nipa
#25 0.729 Cloning into 'nipa'...
#25 DONE 1.7s

#26 [22/22] COPY entrypoint.sh /entrypoint.sh
#26 DONE 0.5s

#27 exporting to image
#27 exporting layers
#27 exporting layers 9.1s done
#27 writing image sha256:b45454e71cc14bf606b9165ed4f5a87ee940c0250a8d1b448d68b21a153bbf5d 0.1s done
#27 naming to docker.io/library/nipa-executor
#27 naming to docker.io/library/nipa-executor 0.2s done
#27 DONE 9.4s
=== >>> DEBUG KERNEL <<< ===
NIPA version: 1b9c21a (ui: set canvas background color to stand out, 2024-03-28)
INFO: Last run date: 2024-05-09 12:00:16.638085+00:00
Testing  {'branch': 'net-next-2024-05-09--15-00', 'date': '2024-05-09T15:00:13.085934+00:00', 'base': '37c9f2816a83076e5218d53b9175e174a130d1b1', 'url': 'https://github.com/linux-netdev/testing.git net-next-2024-05-09--15-00'}
Updating files:  44% (6943/15498)Updating files:  45% (6975/15498)Updating files:  46% (7130/15498)Updating files:  47% (7285/15498)Updating files:  48% (7440/15498)Updating files:  49% (7595/15498)Updating files:  50% (7749/15498)Updating files:  51% (7904/15498)Updating files:  52% (8059/15498)Updating files:  53% (8214/15498)Updating files:  54% (8369/15498)Updating files:  55% (8524/15498)Updating files:  56% (8679/15498)Updating files:  57% (8834/15498)Updating files:  58% (8989/15498)Updating files:  59% (9144/15498)Updating files:  60% (9299/15498)Updating files:  61% (9454/15498)Updating files:  62% (9609/15498)Updating files:  63% (9764/15498)Updating files:  64% (9919/15498)Updating files:  65% (10074/15498)Updating files:  66% (10229/15498)Updating files:  67% (10384/15498)Updating files:  68% (10539/15498)Updating files:  69% (10694/15498)Updating files:  70% (10849/15498)Updating files:  71% (11004/15498)Updating files:  72% (11159/15498)Updating files:  73% (11314/15498)Updating files:  74% (11469/15498)Updating files:  75% (11624/15498)Updating files:  76% (11779/15498)Updating files:  77% (11934/15498)Updating files:  78% (12089/15498)Updating files:  79% (12244/15498)Updating files:  80% (12399/15498)Updating files:  81% (12554/15498)Updating files:  82% (12709/15498)Updating files:  83% (12864/15498)Updating files:  84% (13019/15498)Updating files:  84% (13045/15498)Updating files:  85% (13174/15498)Updating files:  86% (13329/15498)Updating files:  87% (13484/15498)Updating files:  88% (13639/15498)Updating files:  89% (13794/15498)Updating files:  90% (13949/15498)Updating files:  91% (14104/15498)Updating files:  92% (14259/15498)Updating files:  93% (14414/15498)Updating files:  94% (14569/15498)Updating files:  95% (14724/15498)Updating files:  96% (14879/15498)Updating files:  97% (15034/15498)Updating files:  98% (15189/15498)Updating files:  99% (15344/15498)Updating files: 100% (15498/15498)Updating files: 100% (15498/15498), done.
branch 'net-next-2024-05-09--15-00' set up to track 'origin/net-next-2024-05-09--15-00'.
Switched to a new branch 'net-next-2024-05-09--15-00'
error: No valid patches in input (allow with "--allow-empty")
Checking patch tools/testing/selftests/tc-testing/tdc_config.py...
Applied patch tools/testing/selftests/tc-testing/tdc_config.py cleanly.
Run at 2024-05-09 15:23:34.884573
INFO: building kernel
INFO: starting VM 0
INFO: thr0-0 VM starting: vng -v -r arch/x86/boot/bzImage --user root --rwdir=/nipa-data/kernel/
INFO: thr0-0 expecting prompt: '/nipa-data/kernel# '
INFO: thr0-0 reached initial prompt
INFO: thr-0 testing == tdc.sh
INFO: thr-0 tdc.sh >> retcode: 0 result: pass found {'fail': False, 'skip': False, 'pass': True}
INFO: thr-0 has no more work, exiting
INFO: thr0-0 VM stopped
Done at 2024-05-09 15:28:16.519939
NIPA quitting!
/
~/nipa/tc-executor/tc-executor-storage /
sort: write failed: 'standard output': Broken pipe
sort: write error
