~/nipa/tc-executor/tc-executor-storage /
Switched to branch 'storage-dbg'
Your branch is ahead of 'origin/storage-dbg' by 459 commits.
  (use "git push" to publish your local commits)
/
~/nipa/tc-executor /
Error response from daemon: No such image: nipa-executor:latest
#0 building with "default" instance using docker driver

#1 [internal] load build definition from Dockerfile
#1 transferring dockerfile: 2.22kB done
#1 DONE 0.0s

#2 [internal] load .dockerignore
#2 transferring context: 2B done
#2 DONE 0.0s

#3 [internal] load metadata for docker.io/library/alpine:edge
#3 DONE 0.0s

#4 [ 1/23] FROM docker.io/library/alpine:edge
#4 CACHED

#5 [internal] load build context
#5 transferring context: 3.02kB done
#5 DONE 0.0s

#6 [ 2/23] RUN echo true > debug-mode
#6 DONE 0.5s

#7 [ 3/23] RUN addgroup -g 1001 hostuser
#7 DONE 0.4s

#8 [ 4/23] RUN adduser -u 1001 -G hostuser -H -D -s /bin/ash hostuser
#8 DONE 0.4s

#9 [ 5/23] RUN echo '@testing http://dl-cdn.alpinelinux.org/alpine/edge/testing' >> /etc/apk/repositories
#9 DONE 0.5s

#10 [ 6/23] RUN echo '@community http://dl-cdn.alpinelinux.org/alpine/edge/community' >> /etc/apk/repositories
#10 DONE 0.4s

#11 [ 7/23] RUN apk update && apk add --no-cache    virtme-ng@testing    git    py3-requests    py3-psutil    py3-setuptools    py3-pyroute2    py3-argcomplete    qemu-system-x86_64@community    scapy@community    make    gcc    musl-dev    flex    bison    linux-headers    elfutils-dev    util-linux    coreutils    diffutils    findutils    file    bash    kmod    perl    iptables-dev    libcap-dev    libmnl-dev    iproute2    jq    libbpf-dev    rsync    openssl-dev
#11 0.445 fetch https://dl-cdn.alpinelinux.org/alpine/edge/main/x86_64/APKINDEX.tar.gz
#11 0.670 fetch https://dl-cdn.alpinelinux.org/alpine/edge/community/x86_64/APKINDEX.tar.gz
#11 0.895 fetch http://dl-cdn.alpinelinux.org/alpine/edge/testing/x86_64/APKINDEX.tar.gz
#11 1.099 fetch http://dl-cdn.alpinelinux.org/alpine/edge/community/x86_64/APKINDEX.tar.gz
#11 1.331 v20240329-966-g3353d625e0b [https://dl-cdn.alpinelinux.org/alpine/edge/main]
#11 1.331 v20240329-968-g1c13b3d3359 [https://dl-cdn.alpinelinux.org/alpine/edge/community]
#11 1.331 v20240329-960-g332b739381f [http://dl-cdn.alpinelinux.org/alpine/edge/testing]
#11 1.331 v20240329-968-g1c13b3d3359 [http://dl-cdn.alpinelinux.org/alpine/edge/community]
#11 1.331 OK: 30919 distinct packages available
#11 1.390 fetch https://dl-cdn.alpinelinux.org/alpine/edge/main/x86_64/APKINDEX.tar.gz
#11 1.490 fetch https://dl-cdn.alpinelinux.org/alpine/edge/community/x86_64/APKINDEX.tar.gz
#11 1.580 fetch http://dl-cdn.alpinelinux.org/alpine/edge/testing/x86_64/APKINDEX.tar.gz
#11 1.672 fetch http://dl-cdn.alpinelinux.org/alpine/edge/community/x86_64/APKINDEX.tar.gz
#11 1.891 (1/176) Upgrading musl (1.2.4_git20230717-r5 -> 1.2.5-r0)
#11 1.910 (2/176) Upgrading libcrypto3 (3.1.4-r2 -> 3.2.1-r2)
#11 1.952 (3/176) Upgrading libssl3 (3.1.4-r2 -> 3.2.1-r2)
#11 1.969 (4/176) Upgrading zlib (1.3-r2 -> 1.3.1-r0)
#11 1.982 (5/176) Installing ncurses-terminfo-base (6.4_p20240309-r0)
#11 1.996 (6/176) Installing libncursesw (6.4_p20240309-r0)
#11 2.011 (7/176) Installing readline (8.2.10-r0)
#11 2.025 (8/176) Installing bash (5.2.26-r0)
#11 2.045 Executing bash-5.2.26-r0.post-install
#11 2.048 (9/176) Installing m4 (1.4.19-r3)
#11 2.062 (10/176) Installing bison (3.8.2-r1)
#11 2.082 (11/176) Installing coreutils-env (9.5-r0)
#11 2.094 (12/176) Installing coreutils-fmt (9.5-r0)
#11 2.106 (13/176) Installing coreutils-sha512sum (9.5-r0)
#11 2.118 (14/176) Installing libacl (2.3.2-r0)
#11 2.129 (15/176) Installing libattr (2.5.2-r0)
#11 2.146 (16/176) Installing skalibs (2.14.1.1-r0)
#11 2.160 (17/176) Installing utmps-libs (0.1.2.2-r1)
#11 2.177 (18/176) Installing coreutils (9.5-r0)
#11 2.200 (19/176) Installing diffutils (3.10-r0)
#11 2.214 (20/176) Installing zstd-libs (1.5.6-r0)
#11 2.232 (21/176) Installing libelf (0.191-r0)
#11 2.244 (22/176) Installing libbz2 (1.0.8-r6)
#11 2.257 (23/176) Installing musl-fts (1.2.7-r6)
#11 2.268 (24/176) Installing xz-libs (5.6.1-r2)
#11 2.282 (25/176) Installing libdw (0.191-r0)
#11 2.297 (26/176) Installing libasm (0.191-r0)
#11 2.314 (27/176) Installing libintl (0.22.5-r0)
#11 2.327 (28/176) Installing xz (5.6.1-r2)
#11 2.348 (29/176) Installing pkgconf (2.2.0-r0)
#11 2.361 (30/176) Installing xz-dev (5.6.1-r2)
#11 2.375 (31/176) Installing libgcc (13.2.1_git20240309-r0)
#11 2.389 (32/176) Installing libstdc++ (13.2.1_git20240309-r0)
#11 2.413 (33/176) Installing zstd (1.5.6-r0)
#11 2.427 (34/176) Installing zstd-dev (1.5.6-r0)
#11 2.441 (35/176) Installing zlib-dev (1.3.1-r0)
#11 2.454 (36/176) Installing elfutils-dev (0.191-r0)
#11 2.475 (37/176) Installing libmagic (5.45-r1)
#11 2.512 (38/176) Installing file (5.45-r1)
#11 2.524 (39/176) Installing findutils (4.9.0-r5)
#11 2.539 (40/176) Installing flex (2.6.4-r6)
#11 2.553 (41/176) Installing jansson (2.14-r4)
#11 2.565 (42/176) Installing binutils (2.42-r0)
#11 2.626 (43/176) Installing libgomp (13.2.1_git20240309-r0)
#11 2.641 (44/176) Installing libatomic (13.2.1_git20240309-r0)
#11 2.653 (45/176) Installing gmp (6.3.0-r0)
#11 2.669 (46/176) Installing isl26 (0.26-r1)
#11 2.692 (47/176) Installing mpfr4 (4.2.1-r0)
#11 2.708 (48/176) Installing mpc1 (1.3.1-r1)
#11 2.721 (49/176) Installing gcc (13.2.1_git20240309-r0)
#11 3.220 (50/176) Installing ca-certificates (20240226-r0)
#11 3.243 (51/176) Installing brotli-libs (1.1.0-r1)
#11 3.261 (52/176) Installing c-ares (1.28.1-r0)
#11 3.278 (53/176) Installing libunistring (1.2-r0)
#11 3.299 (54/176) Installing libidn2 (2.3.7-r0)
#11 3.313 (55/176) Installing nghttp2-libs (1.61.0-r0)
#11 3.325 (56/176) Installing libpsl (0.21.5-r1)
#11 3.338 (57/176) Installing libcurl (8.7.1-r0)
#11 3.354 (58/176) Installing libexpat (2.6.2-r0)
#11 3.367 (59/176) Installing pcre2 (10.43-r0)
#11 3.384 (60/176) Installing git (2.44.0-r1)
#11 3.435 (61/176) Installing git-init-template (2.44.0-r1)
#11 3.448 (62/176) Installing libcap2 (2.69-r1)
#11 3.460 (63/176) Installing libmnl (1.0.5-r2)
#11 3.473 (64/176) Installing iproute2-minimal (6.8.0-r0)
#11 3.490 (65/176) Installing libxtables (1.8.10-r3)
#11 3.503 (66/176) Installing iproute2-tc (6.8.0-r0)
#11 3.519 (67/176) Installing iproute2-ss (6.8.0-r0)
#11 3.531 (68/176) Installing iproute2 (6.8.0-r0)
#11 3.546 Executing iproute2-6.8.0-r0.post-install
#11 3.549 (69/176) Installing linux-headers (6.6-r0)
#11 3.641 (70/176) Installing libip4tc (1.8.10-r3)
#11 3.653 (71/176) Installing libip6tc (1.8.10-r3)
#11 3.665 (72/176) Installing libipq (1.8.10-r3)
#11 3.676 (73/176) Installing iptables-dev (1.8.10-r3)
#11 3.689 (74/176) Installing oniguruma (6.9.9-r0)
#11 3.706 (75/176) Installing jq (1.7.1-r0)
#11 3.723 (76/176) Installing kmod (31-r4)
#11 3.736 (77/176) Installing libbpf (1.4.0-r0)
#11 3.751 (78/176) Installing libbpf-dev (1.4.0-r0)
#11 3.770 (79/176) Installing libcap-dev (2.69-r1)
#11 3.783 (80/176) Installing libmnl-dev (1.0.5-r2)
#11 3.795 (81/176) Installing make (4.4.1-r2)
#11 3.809 (82/176) Installing musl-dev (1.2.5-r0)
#11 3.861 (83/176) Installing openssl-dev (3.2.1-r2)
#11 3.890 (84/176) Installing perl (5.38.2-r0)
#11 4.087 (85/176) Installing perl-error (0.17029-r2)
#11 4.099 (86/176) Installing perl-git (2.44.0-r1)
#11 4.112 (87/176) Installing git-perl (2.44.0-r1)
#11 4.124 (88/176) Installing libffi (3.4.6-r0)
#11 4.136 (89/176) Installing gdbm (1.23-r1)
#11 4.149 (90/176) Installing mpdecimal (4.0.0-r0)
#11 4.162 (91/176) Installing libpanelw (6.4_p20240309-r0)
#11 4.174 (92/176) Installing sqlite-libs (3.45.2-r0)
#11 4.197 (93/176) Installing python3 (3.11.8-r0)
#11 4.335 (94/176) Installing python3-pycache-pyc0 (3.11.8-r0)
#11 4.433 (95/176) Installing pyc (3.11.8-r0)
#11 4.444 (96/176) Installing py3-argcomplete-pyc (3.2.3-r0)
#11 4.457 (97/176) Installing python3-pyc (3.11.8-r0)
#11 4.468 (98/176) Installing py3-argcomplete (3.2.3-r0)
#11 4.482 (99/176) Installing py3-psutil (5.9.8-r0)
#11 4.497 (100/176) Installing py3-psutil-pyc (5.9.8-r0)
#11 4.513 (101/176) Installing py3-pyroute2 (0.7.12-r0)
#11 4.543 (102/176) Installing py3-pyroute2-pyc (0.7.12-r0)
#11 4.580 (103/176) Installing py3-certifi (2024.2.2-r0)
#11 4.592 (104/176) Installing py3-certifi-pyc (2024.2.2-r0)
#11 4.604 (105/176) Installing py3-charset-normalizer (3.3.2-r0)
#11 4.618 (106/176) Installing py3-charset-normalizer-pyc (3.3.2-r0)
#11 4.636 (107/176) Installing py3-idna (3.6-r0)
#11 4.650 (108/176) Installing py3-idna-pyc (3.6-r0)
#11 4.664 (109/176) Installing py3-urllib3 (1.26.18-r0)
#11 4.681 (110/176) Installing py3-urllib3-pyc (1.26.18-r0)
#11 4.700 (111/176) Installing py3-requests (2.31.0-r1)
#11 4.715 (112/176) Installing py3-requests-pyc (2.31.0-r1)
#11 4.730 (113/176) Installing py3-parsing (3.1.2-r0)
#11 4.745 (114/176) Installing py3-parsing-pyc (3.1.2-r0)
#11 4.761 (115/176) Installing py3-packaging (24.0-r0)
#11 4.775 (116/176) Installing py3-packaging-pyc (24.0-r0)
#11 4.789 (117/176) Installing py3-setuptools (69.2.0-r0)
#11 4.825 (118/176) Installing py3-setuptools-pyc (69.2.0-r0)
#11 4.870 (119/176) Installing libcap-ng (0.8.4-r0)
#11 4.884 (120/176) Installing libblkid (2.39.3-r1)
#11 4.897 (121/176) Installing libmount (2.39.3-r1)
#11 4.912 (122/176) Installing glib (2.80.0-r2)
#11 4.951 (123/176) Installing numactl (2.0.18-r0)
#11 4.962 (124/176) Installing qemu (8.2.2-r0)
#11 4.977 Executing qemu-8.2.2-r0.pre-install
#11 5.062 Executing qemu-8.2.2-r0.post-install
#11 5.067 *
#11 5.067 * If you want to run VM as unprivileged user and let Qemu create tunX devices,
#11 5.067 * then you must add that user to the group "qemu".
#11 5.067 * If you use KVM for hardware-assisted virtualization, then you may also need
#11 5.067 * to add that user to the group "kvm".
#11 5.067 *
#11 5.067 (125/176) Installing qemu-bridge-helper (8.2.2-r0)
#11 5.085 (126/176) Installing libaio (0.3.113-r2)
#11 5.097 (127/176) Installing capstone (5.0.1-r3)
#11 5.130 (128/176) Installing nettle (3.9.1-r0)
#11 5.146 (129/176) Installing libtasn1 (4.19.0-r2)
#11 5.158 (130/176) Installing p11-kit (0.25.3-r0)
#11 5.176 (131/176) Installing gnutls (3.8.3-r0)
#11 5.199 (132/176) Installing libjpeg-turbo (3.0.2-r0)
#11 5.215 (133/176) Installing lzo (2.10-r5)
#11 5.229 (134/176) Installing pixman (0.43.2-r0)
#11 5.245 (135/176) Installing libpng (1.6.43-r0)
#11 5.258 (136/176) Installing libsasl (2.1.28-r6)
#11 5.272 (137/176) Installing libseccomp (2.5.5-r0)
#11 5.285 (138/176) Installing libslirp (4.7.0-r0)
#11 5.298 (139/176) Installing snappy (1.1.10-r2)
#11 5.311 (140/176) Installing liburing (2.5-r1)
#11 5.323 (141/176) Installing vde2-libs (2.3.3-r2)
#11 5.336 (142/176) Installing qemu-system-x86_64 (8.2.2-r0)
#11 5.448 (143/176) Installing lz4-libs (1.9.4-r5)
#11 5.462 (144/176) Installing popt (1.19-r3)
#11 5.474 (145/176) Installing libxxhash (0.8.2-r2)
#11 5.486 (146/176) Installing rsync (3.3.0-r0)
#11 5.502 (147/176) Installing scapy (2.5.0-r1)
#11 5.559 Executing scapy-2.5.0-r1.post-install
#11 5.561 *
#11 5.561 * Certain optional features of scapy also depend on the following packages:
#11 5.561 *     py3-matplotlib graphviz imagemagick py3-cryptography sox
#11 5.561 * And the following unpackaged dependencies:
#11 5.561 *     pyxi vpython-jupyter nmap<v4.23
#11 5.561 * More information can be found at https://scapy.readthedocs.io/en/latest/installation.html#optional-dependencies
#11 5.561 *
#11 5.561 (148/176) Installing scapy-pyc (2.5.0-r1)
#11 5.627 (149/176) Installing util-linux (2.39.3-r1)
#11 5.638 (150/176) Installing setarch (2.39.3-r1)
#11 5.650 (151/176) Installing libuuid (2.39.3-r1)
#11 5.662 (152/176) Installing libfdisk (2.39.3-r1)
#11 5.677 (153/176) Installing libsmartcols (2.39.3-r1)
#11 5.690 (154/176) Installing util-linux-misc (2.39.3-r1)
#11 5.716 (155/176) Installing libeconf (0.6.2-r0)
#11 5.728 (156/176) Installing linux-pam (1.6.0-r0)
#11 5.748 (157/176) Installing runuser (2.39.3-r1)
#11 5.760 (158/176) Installing mount (2.39.3-r1)
#11 5.772 (159/176) Installing losetup (2.39.3-r1)
#11 5.784 (160/176) Installing hexdump (2.39.3-r1)
#11 5.797 (161/176) Installing uuidgen (2.39.3-r1)
#11 5.808 (162/176) Installing blkid (2.39.3-r1)
#11 5.820 (163/176) Installing sfdisk (2.39.3-r1)
#11 5.833 (164/176) Installing mcookie (2.39.3-r1)
#11 5.847 (165/176) Installing agetty (2.39.3-r1)
#11 5.859 (166/176) Installing wipefs (2.39.3-r1)
#11 5.871 (167/176) Installing cfdisk (2.39.3-r1)
#11 5.883 (168/176) Installing umount (2.39.3-r1)
#11 5.894 (169/176) Installing flock (2.39.3-r1)
#11 5.906 (170/176) Installing lsblk (2.39.3-r1)
#11 5.919 (171/176) Installing setpriv (2.39.3-r1)
#11 5.931 (172/176) Installing logger (2.39.3-r1)
#11 5.943 (173/176) Installing partx (2.39.3-r1)
#11 5.955 (174/176) Installing fstrim (2.39.3-r1)
#11 5.968 (175/176) Installing findmnt (2.39.3-r1)
#11 5.980 (176/176) Installing virtme-ng@testing (1.23-r0)
#11 6.036 Executing busybox-1.36.1-r17.trigger
#11 6.039 Executing ca-certificates-20240226-r0.trigger
#11 6.059 Executing glib-2.80.0-r2.trigger
#11 6.064 OK: 386 MiB in 187 packages
#11 DONE 6.4s

#12 [ 8/23] RUN mkdir -p /tmp/kernel-patches &&     mkdir -p /tmp/iproute2-patches
#12 DONE 0.5s

#13 [ 9/23] COPY tdc.config /tmp
#13 DONE 0.0s

#14 [10/23] COPY tdc-debug.config /tmp
#14 DONE 0.1s

#15 [11/23] COPY kernel-patches /tmp/kernel-patches/
#15 DONE 0.0s

#16 [12/23] COPY iproute2-patches /tmp/iproute2-patches/
#16 DONE 0.0s

#17 [13/23] COPY configs /tmp/configs/
#17 DONE 0.0s

#18 [14/23] RUN git config --global user.email foo@bar.com
#18 DONE 0.3s

#19 [15/23] RUN git config --global user.name foo@bar.com
#19 DONE 0.4s

#20 [16/23] RUN git clone https://git.kernel.org/pub/scm/network/iproute2/iproute2-next.git /nipa-data/iproute2
#20 0.312 Cloning into '/nipa-data/iproute2'...
#20 DONE 1.8s

#21 [17/23] RUN cd /nipa-data/iproute2 && 	git remote add stable https://git.kernel.org/pub/scm/network/iproute2/iproute2.git && 	git fetch --all && 	git merge stable/main
#21 0.402 Fetching origin
#21 0.679 Fetching stable
#21 1.222 From https://git.kernel.org/pub/scm/network/iproute2/iproute2
#21 1.222  * [new branch]        codeql         -> stable/codeql
#21 1.222  * [new branch]        iproute2-4.1.x -> stable/iproute2-4.1.x
#21 1.222  * [new branch]        main           -> stable/main
#21 1.229  * [new tag]           v6.8.0         -> v6.8.0
#21 1.288 Merge made by the 'ort' strategy.
#21 1.308  Makefile                       |  2 +-
#21 1.308  README                         | 13 +++++++
#21 1.308  bridge/bridge.c                |  2 +-
#21 1.308  include/version.h              |  2 +-
#21 1.308  ip/ipila.c                     |  4 +-
#21 1.308  ip/iptuntap.c                  |  5 +--
#21 1.308  lib/rt_names.c                 | 43 ++++++++++-----------
#21 1.308  man/man8/bridge.8              |  6 +++
#21 1.308  man/man8/ip-netns.8.in         |  2 +-
#21 1.308  man/man8/ip.8                  | 33 +++++++++++++++-
#21 1.308  man/man8/tc-mirred.8           |  2 +-
#21 1.308  man/man8/tc-simple.8           | 12 +++---
#21 1.308  misc/arpd.c                    | 11 +++++-
#21 1.308  misc/ifstat.c                  | 11 ++++--
#21 1.308  misc/ss.c                      | 17 ++++++++-
#21 1.308  tc/e_bpf.c                     |  2 +-
#21 1.308  tc/f_basic.c                   |  4 +-
#21 1.308  tc/f_bpf.c                     |  4 +-
#21 1.308  tc/f_cgroup.c                  |  4 +-
#21 1.308  tc/f_flow.c                    |  4 +-
#21 1.308  tc/f_flower.c                  |  4 +-
#21 1.308  tc/f_fw.c                      |  4 +-
#21 1.308  tc/f_matchall.c                |  4 +-
#21 1.308  tc/f_route.c                   |  4 +-
#21 1.308  tc/f_u32.c                     |  6 +--
#21 1.308  tc/m_action.c                  |  6 +--
#21 1.308  tc/m_bpf.c                     |  4 +-
#21 1.308  tc/m_connmark.c                |  4 +-
#21 1.308  tc/m_csum.c                    |  4 +-
#21 1.308  tc/m_ct.c                      |  4 +-
#21 1.308  tc/m_ctinfo.c                  |  4 +-
#21 1.308  tc/m_gact.c                    |  4 +-
#21 1.308  tc/m_gate.c                    |  8 ++--
#21 1.308  tc/m_ife.c                     |  4 +-
#21 1.308  tc/m_mirred.c                  |  6 +--
#21 1.308  tc/m_mpls.c                    |  4 +-
#21 1.308  tc/m_nat.c                     |  4 +-
#21 1.308  tc/m_pedit.c                   | 10 ++---
#21 1.308  tc/m_police.c                  |  8 ++--
#21 1.308  tc/m_sample.c                  |  4 +-
#21 1.308  tc/m_simple.c                  | 12 +++---
#21 1.308  tc/m_skbedit.c                 |  4 +-
#21 1.308  tc/m_skbmod.c                  | 41 +++++++++++---------
#21 1.308  tc/m_tunnel_key.c              |  4 +-
#21 1.308  tc/m_vlan.c                    |  4 +-
#21 1.308  tc/q_cake.c                    |  6 +--
#21 1.308  tc/q_cbs.c                     |  4 +-
#21 1.308  tc/q_choke.c                   |  6 +--
#21 1.308  tc/q_clsact.c                  |  4 +-
#21 1.308  tc/q_codel.c                   |  6 +--
#21 1.308  tc/q_drr.c                     |  8 ++--
#21 1.308  tc/q_etf.c                     |  4 +-
#21 1.308  tc/q_ets.c                     |  8 ++--
#21 1.308  tc/q_fifo.c                    |  4 +-
#21 1.308  tc/q_fq.c                      |  6 +--
#21 1.308  tc/q_fq_codel.c                |  6 +--
#21 1.308  tc/q_fq_pie.c                  |  6 +--
#21 1.308  tc/q_gred.c                    |  6 +--
#21 1.308  tc/q_hfsc.c                    | 10 ++---
#21 1.308  tc/q_hhf.c                     |  6 +--
#21 1.308  tc/q_htb.c                     |  8 ++--
#21 1.308  tc/q_ingress.c                 |  4 +-
#21 1.308  tc/q_mqprio.c                  |  4 +-
#21 1.308  tc/q_multiq.c                  |  4 +-
#21 1.308  tc/q_netem.c                   | 86 +++++++++++++++++++++++-------------------
#21 1.308  tc/q_pie.c                     |  6 +--
#21 1.308  tc/q_plug.c                    |  4 +-
#21 1.308  tc/q_prio.c                    |  4 +-
#21 1.308  tc/q_qfq.c                     |  6 +--
#21 1.308  tc/q_red.c                     |  8 ++--
#21 1.308  tc/q_sfb.c                     |  6 +--
#21 1.308  tc/q_sfq.c                     |  6 +--
#21 1.308  tc/q_skbprio.c                 |  4 +-
#21 1.308  tc/q_taprio.c                  |  6 +--
#21 1.308  tc/q_tbf.c                     |  4 +-
#21 1.308  tc/tc.c                        | 12 +++---
#21 1.308  tc/tc_class.c                  |  6 +--
#21 1.308  tc/tc_core.c                   | 15 ++------
#21 1.308  tc/tc_core.h                   |  2 -
#21 1.308  tc/tc_exec.c                   |  2 +-
#21 1.308  tc/tc_filter.c                 |  6 +--
#21 1.308  tc/tc_qdisc.c                  |  6 +--
#21 1.308  tc/tc_util.c                   | 33 ++++++++--------
#21 1.308  tc/tc_util.h                   | 36 +++++++++---------
#21 1.308  vdpa/include/uapi/linux/vdpa.h | 17 +++++++++
#21 1.308  85 files changed, 416 insertions(+), 317 deletions(-)
#21 DONE 1.3s

#22 [18/23] RUN if [ "$(find /tmp/iproute2-patches/ -name *.patch)" ]; then  	cd /nipa-data/iproute2; 	git apply /tmp/iproute2-patches/*.patch;     fi
#22 DONE 0.4s

#23 [19/23] RUN cd /nipa-data/iproute2/ &&     ./configure &&     make
#23 0.408 TC schedulers
#23 0.409  IPT	using xtables
#23 0.437  IPSET  yes
#23 0.458 
#23 0.458 lib directory: /usr/lib
#23 0.458 libc has setns: yes
#23 0.479 libc has name_to_handle_at: yes
#23 0.502 SELinux support: no
#23 0.503 libtirpc support: no
#23 0.504 libbpf support: yes
#23 0.571 	libbpf version 1.4.0
#23 0.571 ELF support: yes
#23 0.573 libmnl support: yes
#23 0.575 Berkeley DB: no
#23 0.584 need for strlcpy: no
#23 0.606 libcap support: yes
#23 0.608 color output: never
#23 0.610 
#23 0.610 lib
#23 0.612     CC       libgenl.o
#23 0.652     CC       libnetlink.o
#23 0.954     CC       mnl_utils.o
#23 1.032     AR       libnetlink.a
#23 1.034     CC       utils.o
#23 1.434     CC       utils_math.o
#23 1.475     CC       rt_names.o
#23 1.636     CC       ll_map.o
#23 1.725     CC       ll_types.o
#23 1.738 In file included from ll_types.c:20:
#23 1.738 ../include/uapi/linux/sockios.h:42: warning: "SIOCGSTAMP" redefined
#23 1.738    42 | #define SIOCGSTAMP      SIOCGSTAMP_OLD
#23 1.738       | 
#23 1.738 In file included from /usr/include/sys/ioctl.h:10,
#23 1.738                  from ll_types.c:12:
#23 1.738 /usr/include/bits/ioctl.h:111: note: this is the location of the previous definition
#23 1.738   111 | #define SIOCGSTAMP      0x8906
#23 1.738       | 
#23 1.738 ../include/uapi/linux/sockios.h:43: warning: "SIOCGSTAMPNS" redefined
#23 1.738    43 | #define SIOCGSTAMPNS    SIOCGSTAMPNS_OLD
#23 1.738       | 
#23 1.738 /usr/include/bits/ioctl.h:112: note: this is the location of the previous definition
#23 1.738   112 | #define SIOCGSTAMPNS    0x8907
#23 1.738       | 
#23 1.753     CC       ll_proto.o
#23 1.766 In file included from ll_proto.c:21:
#23 1.766 ../include/uapi/linux/sockios.h:42: warning: "SIOCGSTAMP" redefined
#23 1.766    42 | #define SIOCGSTAMP      SIOCGSTAMP_OLD
#23 1.766       | 
#23 1.766 In file included from /usr/include/sys/ioctl.h:10,
#23 1.766                  from ll_proto.c:13:
#23 1.766 /usr/include/bits/ioctl.h:111: note: this is the location of the previous definition
#23 1.766   111 | #define SIOCGSTAMP      0x8906
#23 1.766       | 
#23 1.766 ../include/uapi/linux/sockios.h:43: warning: "SIOCGSTAMPNS" redefined
#23 1.766    43 | #define SIOCGSTAMPNS    SIOCGSTAMPNS_OLD
#23 1.766       | 
#23 1.766 /usr/include/bits/ioctl.h:112: note: this is the location of the previous definition
#23 1.766   112 | #define SIOCGSTAMPNS    0x8907
#23 1.766       | 
#23 1.781     CC       ll_addr.o
#23 1.797 In file included from ll_addr.c:20:
#23 1.797 ../include/uapi/linux/sockios.h:42: warning: "SIOCGSTAMP" redefined
#23 1.797    42 | #define SIOCGSTAMP      SIOCGSTAMP_OLD
#23 1.797       | 
#23 1.797 In file included from /usr/include/sys/ioctl.h:10,
#23 1.797                  from ll_addr.c:12:
#23 1.797 /usr/include/bits/ioctl.h:111: note: this is the location of the previous definition
#23 1.797   111 | #define SIOCGSTAMP      0x8906
#23 1.797       | 
#23 1.797 ../include/uapi/linux/sockios.h:43: warning: "SIOCGSTAMPNS" redefined
#23 1.797    43 | #define SIOCGSTAMPNS    SIOCGSTAMPNS_OLD
#23 1.797       | 
#23 1.797 /usr/include/bits/ioctl.h:112: note: this is the location of the previous definition
#23 1.797   112 | #define SIOCGSTAMPNS    0x8907
#23 1.797       | 
#23 1.833     CC       inet_proto.o
#23 1.862     CC       namespace.o
#23 1.915     CC       json_writer.o
#23 1.992     CC       json_print.o
#23 2.112     CC       json_print_math.o
#23 2.152     CC       names.o
#23 2.206     CC       color.o
#23 2.252     CC       bpf_legacy.o
#23 2.616     CC       bpf_glue.o
#23 2.654     CC       exec.o
#23 2.690     CC       fs.o
#23 2.754     CC       cg_map.o
#23 2.788     CC       ppp_proto.o
#23 2.811     CC       bpf_libbpf.o
#23 2.885     CC       selinux.o
#23 2.904     CC       ax25_ntop.o
#23 2.934     CC       rose_ntop.o
#23 2.946 In file included from rose_ntop.c:16:
#23 2.946 ../include/uapi/linux/sockios.h:42: warning: "SIOCGSTAMP" redefined
#23 2.946    42 | #define SIOCGSTAMP      SIOCGSTAMP_OLD
#23 2.946       | 
#23 2.946 In file included from /usr/include/sys/ioctl.h:10,
#23 2.946                  from rose_ntop.c:7:
#23 2.946 /usr/include/bits/ioctl.h:111: note: this is the location of the previous definition
#23 2.946   111 | #define SIOCGSTAMP      0x8906
#23 2.946       | 
#23 2.946 ../include/uapi/linux/sockios.h:43: warning: "SIOCGSTAMPNS" redefined
#23 2.946    43 | #define SIOCGSTAMPNS    SIOCGSTAMPNS_OLD
#23 2.946       | 
#23 2.946 /usr/include/bits/ioctl.h:112: note: this is the location of the previous definition
#23 2.946   112 | #define SIOCGSTAMPNS    0x8907
#23 2.946       | 
#23 2.962     CC       mpls_ntop.o
#23 2.989     CC       mpls_pton.o
#23 3.017     CC       netrom_ntop.o
#23 3.038     AR       libutil.a
#23 3.043 
#23 3.043 ip
#23 3.045     CC       ip.o
#23 3.114     CC       ipaddress.o
#23 3.127 In file included from ipaddress.c:26:
#23 3.127 ../include/uapi/linux/sockios.h:42: warning: "SIOCGSTAMP" redefined
#23 3.127    42 | #define SIOCGSTAMP      SIOCGSTAMP_OLD
#23 3.127       | 
#23 3.127 In file included from /usr/include/sys/ioctl.h:10,
#23 3.127                  from ipaddress.c:14:
#23 3.127 /usr/include/bits/ioctl.h:111: note: this is the location of the previous definition
#23 3.127   111 | #define SIOCGSTAMP      0x8906
#23 3.127       | 
#23 3.127 ../include/uapi/linux/sockios.h:43: warning: "SIOCGSTAMPNS" redefined
#23 3.127    43 | #define SIOCGSTAMPNS    SIOCGSTAMPNS_OLD
#23 3.127       | 
#23 3.127 /usr/include/bits/ioctl.h:112: note: this is the location of the previous definition
#23 3.127   112 | #define SIOCGSTAMPNS    0x8907
#23 3.127       | 
#23 3.565     CC       ipaddrlabel.o
#23 3.622     CC       iproute.o
#23 4.118     CC       iprule.o
#23 4.301     CC       ipnetns.o
#23 4.482     CC       rtm_map.o
#23 4.520     CC       iptunnel.o
#23 4.533 In file included from ../include/uapi/linux/if_tunnel.h:6,
#23 4.533                  from iptunnel.c:19:
#23 4.533 ../include/uapi/linux/if.h:134: warning: "IFF_VOLATILE" redefined
#23 4.533   134 | #define IFF_VOLATILE    (IFF_LOOPBACK|IFF_POINTOPOINT|IFF_BROADCAST|IFF_ECHO|\
#23 4.533       | 
#23 4.533 In file included from iptunnel.c:16:
#23 4.533 /usr/include/net/if.h:48: note: this is the location of the previous definition
#23 4.533    48 | #define IFF_VOLATILE (IFF_LOOPBACK|IFF_POINTOPOINT|IFF_BROADCAST| \
#23 4.533       | 
#23 4.672     CC       ip6tunnel.o
#23 4.781     CC       tunnel.o
#23 4.867     CC       ipneigh.o
#23 5.027     CC       ipntable.o
#23 5.134     CC       iplink.o
#23 5.409     CC       ipmaddr.o
#23 5.421 In file included from ipmaddr.c:21:
#23 5.421 ../include/uapi/linux/sockios.h:42: warning: "SIOCGSTAMP" redefined
#23 5.421    42 | #define SIOCGSTAMP      SIOCGSTAMP_OLD
#23 5.421       | 
#23 5.421 In file included from /usr/include/sys/ioctl.h:10,
#23 5.421                  from ipmaddr.c:12:
#23 5.421 /usr/include/bits/ioctl.h:111: note: this is the location of the previous definition
#23 5.421   111 | #define SIOCGSTAMP      0x8906
#23 5.421       | 
#23 5.421 ../include/uapi/linux/sockios.h:43: warning: "SIOCGSTAMPNS" redefined
#23 5.421    43 | #define SIOCGSTAMPNS    SIOCGSTAMPNS_OLD
#23 5.421       | 
#23 5.421 /usr/include/bits/ioctl.h:112: note: this is the location of the previous definition
#23 5.421   112 | #define SIOCGSTAMPNS    0x8907
#23 5.421       | 
#23 5.493     CC       ipmonitor.o
#23 5.562     CC       ipmroute.o
#23 5.574 In file included from ipmroute.c:22:
#23 5.574 ../include/uapi/linux/sockios.h:42: warning: "SIOCGSTAMP" redefined
#23 5.574    42 | #define SIOCGSTAMP      SIOCGSTAMP_OLD
#23 5.574       | 
#23 5.574 In file included from /usr/include/sys/ioctl.h:10,
#23 5.574                  from ipmroute.c:13:
#23 5.574 /usr/include/bits/ioctl.h:111: note: this is the location of the previous definition
#23 5.574   111 | #define SIOCGSTAMP      0x8906
#23 5.574       | 
#23 5.574 ../include/uapi/linux/sockios.h:43: warning: "SIOCGSTAMPNS" redefined
#23 5.574    43 | #define SIOCGSTAMPNS    SIOCGSTAMPNS_OLD
#23 5.574       | 
#23 5.574 /usr/include/bits/ioctl.h:112: note: this is the location of the previous definition
#23 5.574   112 | #define SIOCGSTAMPNS    0x8907
#23 5.574       | 
#23 5.632     CC       ipprefix.o
#23 5.661     CC       iptuntap.o
#23 5.762     CC       iptoken.o
#23 5.814     CC       ipxfrm.o
#23 6.097     CC       xfrm_state.o
#23 6.355     CC       xfrm_policy.o
#23 6.574     CC       xfrm_monitor.o
#23 6.660     CC       iplink_dummy.o
#23 6.681     CC       iplink_ifb.o
#23 6.702     CC       iplink_nlmon.o
#23 6.724     CC       iplink_team.o
#23 6.747     CC       iplink_vcan.o
#23 6.771     CC       iplink_vxcan.o
#23 6.797     CC       iplink_vlan.o
#23 6.873     CC       link_veth.o
#23 6.900     CC       link_gre.o
#23 6.910 In file included from ../include/uapi/linux/if_tunnel.h:6,
#23 6.910                  from link_gre.c:15:
#23 6.910 ../include/uapi/linux/if.h:134: warning: "IFF_VOLATILE" redefined
#23 6.910   134 | #define IFF_VOLATILE    (IFF_LOOPBACK|IFF_POINTOPOINT|IFF_BROADCAST|IFF_ECHO|\
#23 6.910       | 
#23 6.910 In file included from link_gre.c:9:
#23 6.910 /usr/include/net/if.h:48: note: this is the location of the previous definition
#23 6.910    48 | #define IFF_VOLATILE (IFF_LOOPBACK|IFF_POINTOPOINT|IFF_BROADCAST| \
#23 6.910       | 
#23 7.013     CC       iplink_can.o
#23 7.151     CC       iplink_xdp.o
#23 7.209     CC       iplink_macvlan.o
#23 7.275     CC       ipl2tp.o
#23 7.433     CC       link_vti.o
#23 7.443 In file included from ../include/uapi/linux/if_tunnel.h:6,
#23 7.443                  from link_vti.c:16:
#23 7.443 ../include/uapi/linux/if.h:134: warning: "IFF_VOLATILE" redefined
#23 7.443   134 | #define IFF_VOLATILE    (IFF_LOOPBACK|IFF_POINTOPOINT|IFF_BROADCAST|IFF_ECHO|\
#23 7.443       | 
#23 7.443 In file included from link_vti.c:10:
#23 7.443 /usr/include/net/if.h:48: note: this is the location of the previous definition
#23 7.443    48 | #define IFF_VOLATILE (IFF_LOOPBACK|IFF_POINTOPOINT|IFF_BROADCAST| \
#23 7.443       | 
#23 7.487     CC       link_vti6.o
#23 7.498 In file included from ../include/uapi/linux/if_tunnel.h:6,
#23 7.498                  from link_vti6.c:17:
#23 7.498 ../include/uapi/linux/if.h:134: warning: "IFF_VOLATILE" redefined
#23 7.498   134 | #define IFF_VOLATILE    (IFF_LOOPBACK|IFF_POINTOPOINT|IFF_BROADCAST|IFF_ECHO|\
#23 7.498       | 
#23 7.498 In file included from link_vti6.c:11:
#23 7.498 /usr/include/net/if.h:48: note: this is the location of the previous definition
#23 7.498    48 | #define IFF_VOLATILE (IFF_LOOPBACK|IFF_POINTOPOINT|IFF_BROADCAST| \
#23 7.498       | 
#23 7.542     CC       link_xfrm.o
#23 7.577     CC       iplink_vxlan.o
#23 7.725     CC       tcp_metrics.o
#23 7.830     CC       iplink_ipoib.o
#23 7.876     CC       ipnetconf.o
#23 7.928     CC       link_ip6tnl.o
#23 7.939 In file included from ../include/uapi/linux/if_tunnel.h:6,
#23 7.939                  from link_ip6tnl.c:15:
#23 7.939 ../include/uapi/linux/if.h:134: warning: "IFF_VOLATILE" redefined
#23 7.939   134 | #define IFF_VOLATILE    (IFF_LOOPBACK|IFF_POINTOPOINT|IFF_BROADCAST|IFF_ECHO|\
#23 7.939       | 
#23 7.939 In file included from link_ip6tnl.c:9:
#23 7.939 /usr/include/net/if.h:48: note: this is the location of the previous definition
#23 7.939    48 | #define IFF_VOLATILE (IFF_LOOPBACK|IFF_POINTOPOINT|IFF_BROADCAST| \
#23 7.939       | 
#23 8.023     CC       link_iptnl.o
#23 8.034 In file included from ../include/uapi/linux/if_tunnel.h:6,
#23 8.034                  from link_iptnl.c:16:
#23 8.034 ../include/uapi/linux/if.h:134: warning: "IFF_VOLATILE" redefined
#23 8.034   134 | #define IFF_VOLATILE    (IFF_LOOPBACK|IFF_POINTOPOINT|IFF_BROADCAST|IFF_ECHO|\
#23 8.034       | 
#23 8.034 In file included from link_iptnl.c:9:
#23 8.034 /usr/include/net/if.h:48: note: this is the location of the previous definition
#23 8.034    48 | #define IFF_VOLATILE (IFF_LOOPBACK|IFF_POINTOPOINT|IFF_BROADCAST| \
#23 8.034       | 
#23 8.121     CC       link_gre6.o
#23 8.131 In file included from ../include/uapi/linux/if_tunnel.h:6,
#23 8.131                  from link_gre6.c:15:
#23 8.131 ../include/uapi/linux/if.h:134: warning: "IFF_VOLATILE" redefined
#23 8.131   134 | #define IFF_VOLATILE    (IFF_LOOPBACK|IFF_POINTOPOINT|IFF_BROADCAST|IFF_ECHO|\
#23 8.131       | 
#23 8.131 In file included from link_gre6.c:9:
#23 8.131 /usr/include/net/if.h:48: note: this is the location of the previous definition
#23 8.131    48 | #define IFF_VOLATILE (IFF_LOOPBACK|IFF_POINTOPOINT|IFF_BROADCAST| \
#23 8.131       | 
#23 8.246     CC       iplink_bond.o
#23 8.429     CC       iplink_bond_slave.o
#23 8.492     CC       iplink_hsr.o
#23 8.543     CC       iplink_bridge.o
#23 8.686     CC       iplink_bridge_slave.o
#23 8.784     CC       iplink_dsa.o
#23 8.815     CC       ipfou.o
#23 8.890     CC       iplink_ipvlan.o
#23 8.929     CC       iplink_geneve.o
#23 9.015     CC       iplink_vrf.o
#23 9.077     CC       iproute_lwtunnel.o
#23 9.469     CC       ipmacsec.o
#23 9.708     CC       ipila.o
#23 9.780     CC       ipvrf.o
#23 9.889     CC       iplink_xstats.o
#23 9.918     CC       ipseg6.o
#23 9.969     CC       iplink_netdevsim.o
#23 9.990     CC       iplink_rmnet.o
#23 10.04     CC       ipnexthop.o
#23 10.27     CC       ipmptcp.o
#23 10.38     CC       iplink_bareudp.o
#23 10.43     CC       iplink_wwan.o
#23 10.46     CC       ipioam6.o
#23 10.53     CC       iplink_amt.o
#23 10.58     CC       iplink_batadv.o
#23 10.61     CC       iplink_gtp.o
#23 10.65     CC       iplink_virt_wifi.o
#23 10.68     CC       iplink_netkit.o
#23 10.72     CC       ipstats.o
#23 10.91     LINK     ip
#23 10.94     CC       rtmon.o
#23 10.99     LINK     rtmon
#23 11.01 
#23 11.01 tc
#23 11.01     CC       tc.o
#23 11.09     CC       tc_qdisc.o
#23 11.21     CC       tc_class.o
#23 11.32     CC       tc_filter.o
#23 11.48     CC       tc_util.o
#23 11.66     CC       tc_monitor.o
#23 11.69     CC       tc_exec.o
#23 11.74     CC       m_police.o
#23 11.82     CC       m_estimator.o
#23 11.85     CC       m_action.o
#23 12.01     CC       m_ematch.o
#23 12.12     YACC     emp_ematch.tab.c
#23 12.18     CC       emp_ematch.tab.o
#23 12.28     LEX      emp_ematch.lex.c
#23 12.29     CC       emp_ematch.lex.o
#23 12.45     CC       q_fifo.o
#23 12.49     CC       q_sfq.o
#23 12.56     CC       q_red.o
#23 12.63     CC       q_prio.o
#23 12.67     CC       q_skbprio.o
#23 12.70     CC       q_tbf.o
#23 12.79     CC       q_multiq.o
#23 12.82     CC       q_netem.o
#23 13.06     CC       q_choke.o
#23 13.12     CC       q_sfb.o
#23 13.18     CC       f_u32.o
#23 13.43     CC       f_route.o
#23 13.48     CC       f_fw.o
#23 13.53     CC       f_basic.o
#23 13.57     CC       f_bpf.o
#23 13.64     CC       f_flow.o
#23 13.72     CC       f_cgroup.o
#23 13.76     CC       f_flower.o
#23 13.77 In file included from ../include/uapi/linux/netdevice.h:29,
#23 13.77                  from ../include/uapi/linux/if_arp.h:27,
#23 13.77                  from f_flower.c:14:
#23 13.77 ../include/uapi/linux/if.h:134: warning: "IFF_VOLATILE" redefined
#23 13.77   134 | #define IFF_VOLATILE    (IFF_LOOPBACK|IFF_POINTOPOINT|IFF_BROADCAST|IFF_ECHO|\
#23 13.77       | 
#23 13.77 In file included from f_flower.c:12:
#23 13.77 /usr/include/net/if.h:48: note: this is the location of the previous definition
#23 13.77    48 | #define IFF_VOLATILE (IFF_LOOPBACK|IFF_POINTOPOINT|IFF_BROADCAST| \
#23 13.77       | 
#23 14.24     CC       q_gred.o
#23 14.34     CC       q_ingress.o
#23 14.37     CC       q_hfsc.o
#23 14.46     CC       q_htb.o
#23 14.56     CC       q_drr.o
#23 14.60     CC       q_qfq.o
#23 14.64     CC       m_gact.o
#23 14.68     CC       m_mirred.o
#23 14.75     CC       m_mpls.o
#23 14.82     CC       m_nat.o
#23 14.87     CC       m_pedit.o
#23 15.00     CC       m_ife.o
#23 15.09     CC       m_skbedit.o
#23 15.16     CC       m_skbmod.o
#23 15.22     CC       m_csum.o
#23 15.28     CC       m_simple.o
#23 15.32     CC       m_vlan.o
#23 15.39     CC       m_connmark.o
#23 15.43     CC       m_ctinfo.o
#23 15.48     CC       m_bpf.o
#23 15.54     CC       m_tunnel_key.o
#23 15.66     CC       m_sample.o
#23 15.71     CC       m_ct.o
#23 15.82     CC       m_gate.o
#23 15.91     CC       p_ip.o
#23 15.96     CC       p_ip6.o
#23 15.99     CC       p_icmp.o
#23 16.02     CC       p_eth.o
#23 16.05     CC       p_tcp.o
#23 16.09     CC       p_udp.o
#23 16.12     CC       em_nbyte.o
#23 16.16     CC       em_cmp.o
#23 16.22     CC       em_u32.o
#23 16.27     CC       em_canid.o
#23 16.32     CC       em_meta.o
#23 16.42     CC       q_mqprio.o
#23 16.54     CC       q_codel.o
#23 16.61     CC       q_fq_codel.o
#23 16.69     CC       q_fq.o
#23 16.80     CC       q_pie.o
#23 16.87     CC       q_fq_pie.o
#23 16.94     CC       q_cake.o
#23 17.13     CC       q_hhf.o
#23 17.20     CC       q_clsact.o
#23 17.23     CC       e_bpf.o
#23 17.28     CC       f_matchall.o
#23 17.33     CC       q_cbs.o
#23 17.38     CC       q_etf.o
#23 17.43     CC       q_taprio.o
#23 17.55     CC       q_plug.o
#23 17.59     CC       q_ets.o
#23 17.66     CC       em_ipt.o
#23 17.68 In file included from tc_util.h:7,
#23 17.68                  from m_ematch.h:11,
#23 17.68                  from em_ipt.c:13:
#23 17.68 ../include/uapi/linux/if.h:134: warning: "IFF_VOLATILE" redefined
#23 17.68   134 | #define IFF_VOLATILE    (IFF_LOOPBACK|IFF_POINTOPOINT|IFF_BROADCAST|IFF_ECHO|\
#23 17.68       | 
#23 17.68 In file included from ../include/xtables.h:17,
#23 17.68                  from em_ipt.c:12:
#23 17.68 /usr/include/net/if.h:48: note: this is the location of the previous definition
#23 17.68    48 | #define IFF_VOLATILE (IFF_LOOPBACK|IFF_POINTOPOINT|IFF_BROADCAST| \
#23 17.68       | 
#23 17.71     CC       em_ipset.o
#23 17.73 In file included from tc_util.h:7,
#23 17.73                  from m_ematch.h:11,
#23 17.73                  from em_ipset.c:39:
#23 17.73 ../include/uapi/linux/if.h:134: warning: "IFF_VOLATILE" redefined
#23 17.73   134 | #define IFF_VOLATILE    (IFF_LOOPBACK|IFF_POINTOPOINT|IFF_BROADCAST|IFF_ECHO|\
#23 17.73       | 
#23 17.73 In file included from ../include/xtables.h:17,
#23 17.73                  from em_ipset.c:23:
#23 17.73 /usr/include/net/if.h:48: note: this is the location of the previous definition
#23 17.73    48 | #define IFF_VOLATILE (IFF_LOOPBACK|IFF_POINTOPOINT|IFF_BROADCAST| \
#23 17.73       | 
#23 17.77     CC       tc_core.o
#23 17.84     CC       tc_red.o
#23 17.88     CC       tc_estimator.o
#23 17.91     CC       tc_stab.o
#23 17.97     CC       tc_qevent.o
#23 18.03     AR       libtc.a
#23 18.03     LINK     tc
#23 18.06 rm emp_ematch.lex.c
#23 18.06 
#23 18.06 bridge
#23 18.06     CC       bridge.o
#23 18.11     CC       fdb.o
#23 18.30     CC       monitor.o
#23 18.34     CC       link.o
#23 18.50     CC       mdb.o
#23 18.71     CC       vlan.o
#23 18.72 In file included from vlan.c:14:
#23 18.72 ../include/json_print.h:80:30: warning: 'struct timeval' declared inside parameter list will not be visible outside of this definition or declaration
#23 18.72    80 | _PRINT_FUNC(tv, const struct timeval *)
#23 18.72       |                              ^~~~~~~
#23 18.72 ../include/json_print.h:50:37: note: in definition of macro '_PRINT_FUNC'
#23 18.72    50 |                                     type value);                        \
#23 18.72       |                                     ^~~~
#23 18.72 ../include/json_print.h:80:30: warning: 'struct timeval' declared inside parameter list will not be visible outside of this definition or declaration
#23 18.72    80 | _PRINT_FUNC(tv, const struct timeval *)
#23 18.72       |                              ^~~~~~~
#23 18.72 ../include/json_print.h:55:45: note: in definition of macro '_PRINT_FUNC'
#23 18.72    55 |                                             type value)                 \
#23 18.72       |                                             ^~~~
#23 18.72 ../include/json_print.h: In function 'print_tv':
#23 18.72 ../include/json_print.h:58:48: warning: passing argument 5 of 'print_color_tv' from incompatible pointer type [-Wincompatible-pointer-types]
#23 18.72    58 |                                                value);                  \
#23 18.72       |                                                ^~~~~
#23 18.72       |                                                |
#23 18.72       |                                                const struct timeval *
#23 18.72 ../include/json_print.h:80:1: note: in expansion of macro '_PRINT_FUNC'
#23 18.72    80 | _PRINT_FUNC(tv, const struct timeval *)
#23 18.72       | ^~~~~~~~~~~
#23 18.72 ../include/json_print.h:50:42: note: expected 'const struct timeval *' but argument is of type 'const struct timeval *'
#23 18.72    50 |                                     type value);                        \
#23 18.72       |                                          ^
#23 18.72 ../include/json_print.h:80:1: note: in expansion of macro '_PRINT_FUNC'
#23 18.72    80 | _PRINT_FUNC(tv, const struct timeval *)
#23 18.72       | ^~~~~~~~~~~
#23 18.94     CC       vni.o
#23 18.96 In file included from vni.c:19:
#23 18.96 ../include/json_print.h:80:30: warning: 'struct timeval' declared inside parameter list will not be visible outside of this definition or declaration
#23 18.96    80 | _PRINT_FUNC(tv, const struct timeval *)
#23 18.96       |                              ^~~~~~~
#23 18.96 ../include/json_print.h:50:37: note: in definition of macro '_PRINT_FUNC'
#23 18.96    50 |                                     type value);                        \
#23 18.96       |                                     ^~~~
#23 18.96 ../include/json_print.h:80:30: warning: 'struct timeval' declared inside parameter list will not be visible outside of this definition or declaration
#23 18.96    80 | _PRINT_FUNC(tv, const struct timeval *)
#23 18.96       |                              ^~~~~~~
#23 18.96 ../include/json_print.h:55:45: note: in definition of macro '_PRINT_FUNC'
#23 18.96    55 |                                             type value)                 \
#23 18.96       |                                             ^~~~
#23 18.96 ../include/json_print.h: In function 'print_tv':
#23 18.96 ../include/json_print.h:58:48: warning: passing argument 5 of 'print_color_tv' from incompatible pointer type [-Wincompatible-pointer-types]
#23 18.96    58 |                                                value);                  \
#23 18.96       |                                                ^~~~~
#23 18.96       |                                                |
#23 18.96       |                                                const struct timeval *
#23 18.96 ../include/json_print.h:80:1: note: in expansion of macro '_PRINT_FUNC'
#23 18.96    80 | _PRINT_FUNC(tv, const struct timeval *)
#23 18.96       | ^~~~~~~~~~~
#23 18.96 ../include/json_print.h:50:42: note: expected 'const struct timeval *' but argument is of type 'const struct timeval *'
#23 18.96    50 |                                     type value);                        \
#23 18.96       |                                          ^
#23 18.96 ../include/json_print.h:80:1: note: in expansion of macro '_PRINT_FUNC'
#23 18.96    80 | _PRINT_FUNC(tv, const struct timeval *)
#23 18.96       | ^~~~~~~~~~~
#23 19.04     LINK     bridge
#23 19.05 
#23 19.05 misc
#23 19.05     CC       ss.o
#23 19.08 In file included from ../include/uapi/linux/tipc.h:42,
#23 19.08                  from ss.c:49:
#23 19.08 ../include/uapi/linux/sockios.h:42: warning: "SIOCGSTAMP" redefined
#23 19.08    42 | #define SIOCGSTAMP      SIOCGSTAMP_OLD
#23 19.08       | 
#23 19.08 In file included from /usr/include/sys/ioctl.h:10,
#23 19.08                  from ss.c:12:
#23 19.08 /usr/include/bits/ioctl.h:111: note: this is the location of the previous definition
#23 19.08   111 | #define SIOCGSTAMP      0x8906
#23 19.08       | 
#23 19.08 ../include/uapi/linux/sockios.h:43: warning: "SIOCGSTAMPNS" redefined
#23 19.08    43 | #define SIOCGSTAMPNS    SIOCGSTAMPNS_OLD
#23 19.08       | 
#23 19.08 /usr/include/bits/ioctl.h:112: note: this is the location of the previous definition
#23 19.08   112 | #define SIOCGSTAMPNS    0x8907
#23 19.08       | 
#23 19.97     CC       ssfilter_check.o
#23 20.00     YACC     ssfilter.tab.c
#23 20.06     CC       ssfilter.tab.o
#23 20.17     LINK     ss
#23 20.20     CC       nstat
#23 20.21 In file included from nstat.c:20:
#23 20.21 /usr/include/sys/poll.h:1:2: warning: #warning redirecting incorrect #include <sys/poll.h> to <poll.h> [-Wcpp]
#23 20.21     1 | #warning redirecting incorrect #include <sys/poll.h> to <poll.h>
#23 20.21       |  ^~~~~~~
#23 20.34     CC       ifstat
#23 20.35 In file included from ifstat.c:20:
#23 20.35 /usr/include/sys/poll.h:1:2: warning: #warning redirecting incorrect #include <sys/poll.h> to <poll.h> [-Wcpp]
#23 20.35     1 | #warning redirecting incorrect #include <sys/poll.h> to <poll.h>
#23 20.35       |  ^~~~~~~
#23 20.51     CC       rtacct
#23 20.52 In file included from rtacct.c:19:
#23 20.52 /usr/include/sys/poll.h:1:2: warning: #warning redirecting incorrect #include <sys/poll.h> to <poll.h> [-Wcpp]
#23 20.52     1 | #warning redirecting incorrect #include <sys/poll.h> to <poll.h>
#23 20.52       |  ^~~~~~~
#23 20.64     CC       lnstat.o
#23 20.71     CC       lnstat_util.o
#23 20.77     LINK     lnstat
#23 20.78 
#23 20.78 netem
#23 20.78 gcc  -I../include -o maketable maketable.c -lm
#23 20.81 gcc  -I../include -o normal normal.c -lm
#23 20.84 gcc  -I../include -o pareto pareto.c -lm
#23 20.86 gcc  -I../include -o paretonormal paretonormal.c -lm
#23 20.89 ./normal > normal.dist
#23 20.90 ./pareto > pareto.dist
#23 20.90 ./paretonormal > paretonormal.dist
#23 20.91 ./maketable experimental.dat > experimental.dist
#23 20.92 
#23 20.92 genl
#23 20.92     CC       genl.o
#23 20.96     CC       ctrl.o
#23 21.03     LINK     genl
#23 21.04 
#23 21.04 man
#23 21.04 make[2]: Nothing to be done for 'all'.
#23 21.04 make[2]: Nothing to be done for 'all'.
#23 21.05 sed \
#23 21.05 	-e "s|@NETNS_ETC_DIR@|/etc/netns|g" \
#23 21.05 	-e "s|@NETNS_RUN_DIR@|/var/run/netns|g" \
#23 21.05 	-e "s|@SYSCONF_ETC_DIR@|/etc/iproute2|g" \
#23 21.05 	-e "s|@SYSCONF_USR_DIR@|/usr/share/iproute2|g" \
#23 21.05 	ip-address.8.in > ip-address.8
#23 21.05 sed \
#23 21.05 	-e "s|@NETNS_ETC_DIR@|/etc/netns|g" \
#23 21.05 	-e "s|@NETNS_RUN_DIR@|/var/run/netns|g" \
#23 21.05 	-e "s|@SYSCONF_ETC_DIR@|/etc/iproute2|g" \
#23 21.05 	-e "s|@SYSCONF_USR_DIR@|/usr/share/iproute2|g" \
#23 21.05 	ip-link.8.in > ip-link.8
#23 21.05 sed \
#23 21.05 	-e "s|@NETNS_ETC_DIR@|/etc/netns|g" \
#23 21.05 	-e "s|@NETNS_RUN_DIR@|/var/run/netns|g" \
#23 21.05 	-e "s|@SYSCONF_ETC_DIR@|/etc/iproute2|g" \
#23 21.05 	-e "s|@SYSCONF_USR_DIR@|/usr/share/iproute2|g" \
#23 21.05 	ip-netns.8.in > ip-netns.8
#23 21.06 sed \
#23 21.06 	-e "s|@NETNS_ETC_DIR@|/etc/netns|g" \
#23 21.06 	-e "s|@NETNS_RUN_DIR@|/var/run/netns|g" \
#23 21.06 	-e "s|@SYSCONF_ETC_DIR@|/etc/iproute2|g" \
#23 21.06 	-e "s|@SYSCONF_USR_DIR@|/usr/share/iproute2|g" \
#23 21.06 	ip-route.8.in > ip-route.8
#23 21.06 
#23 21.06 tipc
#23 21.06     CC       bearer.o
#23 21.23     CC       cmdl.o
#23 21.27     CC       link.o
#23 21.46     CC       media.o
#23 21.51     CC       misc.o
#23 21.57     CC       msg.o
#23 21.59     CC       nametable.o
#23 21.63     CC       node.o
#23 21.73     CC       socket.o
#23 21.76     CC       peer.o
#23 21.79     CC       tipc.o
#23 21.82     LINK     tipc
#23 21.84 
#23 21.84 devlink
#23 21.84     CC       devlink.o
#23 23.53     CC       mnlg.o
#23 23.58     LINK     devlink
#23 23.59 
#23 23.59 rdma
#23 23.59     CC       rdma.o
#23 23.61 rdma.c: In function 'main':
#23 23.61 rdma.c:110:20: warning: implicit declaration of function 'basename'; did you mean 'rename'? [-Wimplicit-function-declaration]
#23 23.61   110 |         filename = basename(argv[0]);
#23 23.61       |                    ^~~~~~~~
#23 23.61       |                    rename
#23 23.61 rdma.c:110:18: warning: assignment to 'char *' from 'int' makes pointer from integer without a cast [-Wint-conversion]
#23 23.61   110 |         filename = basename(argv[0]);
#23 23.61       |                  ^
#23 23.64     CC       utils.o
#23 23.81     CC       dev.o
#23 23.88     CC       link.o
#23 23.95     CC       res.o
#23 24.07     CC       res-pd.o
#23 24.11     CC       res-mr.o
#23 24.16     CC       res-cq.o
#23 24.20     CC       res-cmid.o
#23 24.26     CC       res-qp.o
#23 24.32     CC       sys.o
#23 24.38     CC       stat.o
#23 24.59     CC       stat-mr.o
#23 24.63     CC       res-ctx.o
#23 24.67     CC       res-srq.o
#23 24.74     LINK     rdma
#23 24.76 
#23 24.76 dcb
#23 24.76     CC       dcb.o
#23 24.87     CC       dcb_app.o
#23 25.06     CC       dcb_buffer.o
#23 25.11     CC       dcb_dcbx.o
#23 25.16     CC       dcb_ets.o
#23 25.24     CC       dcb_maxrate.o
#23 25.29     CC       dcb_pfc.o
#23 25.35     CC       dcb_apptrust.o
#23 25.42     CC       dcb_rewr.o
#23 25.51     LINK     dcb
#23 25.52 
#23 25.52 vdpa
#23 25.52     CC       vdpa.o
#23 25.54 In file included from vdpa.c:19:
#23 25.54 ../include/json_print.h:80:30: warning: 'struct timeval' declared inside parameter list will not be visible outside of this definition or declaration
#23 25.54    80 | _PRINT_FUNC(tv, const struct timeval *)
#23 25.54       |                              ^~~~~~~
#23 25.54 ../include/json_print.h:50:37: note: in definition of macro '_PRINT_FUNC'
#23 25.54    50 |                                     type value);                        \
#23 25.54       |                                     ^~~~
#23 25.54 ../include/json_print.h:80:30: warning: 'struct timeval' declared inside parameter list will not be visible outside of this definition or declaration
#23 25.54    80 | _PRINT_FUNC(tv, const struct timeval *)
#23 25.54       |                              ^~~~~~~
#23 25.54 ../include/json_print.h:55:45: note: in definition of macro '_PRINT_FUNC'
#23 25.54    55 |                                             type value)                 \
#23 25.54       |                                             ^~~~
#23 25.54 ../include/json_print.h: In function 'print_tv':
#23 25.54 ../include/json_print.h:58:48: warning: passing argument 5 of 'print_color_tv' from incompatible pointer type [-Wincompatible-pointer-types]
#23 25.54    58 |                                                value);                  \
#23 25.54       |                                                ^~~~~
#23 25.54       |                                                |
#23 25.54       |                                                const struct timeval *
#23 25.54 ../include/json_print.h:80:1: note: in expansion of macro '_PRINT_FUNC'
#23 25.54    80 | _PRINT_FUNC(tv, const struct timeval *)
#23 25.54       | ^~~~~~~~~~~
#23 25.54 ../include/json_print.h:50:42: note: expected 'const struct timeval *' but argument is of type 'const struct timeval *'
#23 25.54    50 |                                     type value);                        \
#23 25.54       |                                          ^
#23 25.54 ../include/json_print.h:80:1: note: in expansion of macro '_PRINT_FUNC'
#23 25.54    80 | _PRINT_FUNC(tv, const struct timeval *)
#23 25.54       | ^~~~~~~~~~~
#23 25.70     LINK     vdpa
#23 DONE 25.7s

#24 [20/23] RUN git clone --no-single-branch --depth=1 https://github.com/linux-netdev/testing.git /nipa-data/kernel
#24 0.415 Cloning into '/nipa-data/kernel'...
#24 18.42 Updating files:  15% (13077/83283)Updating files:  16% (13326/83283)Updating files:  17% (14159/83283)Updating files:  18% (14991/83283)Updating files:  19% (15824/83283)Updating files:  20% (16657/83283)Updating files:  21% (17490/83283)Updating files:  22% (18323/83283)Updating files:  23% (19156/83283)Updating files:  24% (19988/83283)Updating files:  25% (20821/83283)Updating files:  26% (21654/83283)Updating files:  27% (22487/83283)Updating files:  28% (23320/83283)Updating files:  29% (24153/83283)Updating files:  30% (24985/83283)Updating files:  31% (25818/83283)Updating files:  32% (26651/83283)Updating files:  33% (27484/83283)Updating files:  33% (27854/83283)Updating files:  34% (28317/83283)Updating files:  35% (29150/83283)Updating files:  36% (29982/83283)Updating files:  37% (30815/83283)Updating files:  38% (31648/83283)Updating files:  39% (32481/83283)Updating files:  40% (33314/83283)Updating files:  40% (33593/83283)Updating files:  41% (34147/83283)Updating files:  42% (34979/83283)Updating files:  43% (35812/83283)Updating files:  44% (36645/83283)Updating files:  45% (37478/83283)Updating files:  46% (38311/83283)Updating files:  47% (39144/83283)Updating files:  48% (39976/83283)Updating files:  49% (40809/83283)Updating files:  49% (41637/83283)Updating files:  50% (41642/83283)Updating files:  51% (42475/83283)Updating files:  52% (43308/83283)Updating files:  53% (44140/83283)Updating files:  54% (44973/83283)Updating files:  55% (45806/83283)Updating files:  56% (46639/83283)Updating files:  57% (47472/83283)Updating files:  58% (48305/83283)Updating files:  59% (49137/83283)Updating files:  60% (49970/83283)Updating files:  61% (50803/83283)Updating files:  62% (51636/83283)Updating files:  63% (52469/83283)Updating files:  63% (52686/83283)Updating files:  64% (53302/83283)Updating files:  65% (54134/83283)Updating files:  66% (54967/83283)Updating files:  67% (55800/83283)Updating files:  68% (56633/83283)Updating files:  69% (57466/83283)Updating files:  70% (58299/83283)Updating files:  71% (59131/83283)Updating files:  72% (59964/83283)Updating files:  73% (60797/83283)Updating files:  74% (61630/83283)Updating files:  75% (62463/83283)Updating files:  76% (63296/83283)Updating files:  77% (64128/83283)Updating files:  78% (64961/83283)Updating files:  79% (65794/83283)Updating files:  80% (66627/83283)Updating files:  80% (67113/83283)Updating files:  81% (67460/83283)Updating files:  82% (68293/83283)Updating files:  83% (69125/83283)Updating files:  84% (69958/83283)Updating files:  85% (70791/83283)Updating files:  86% (71624/83283)Updating files:  87% (72457/83283)Updating files:  88% (73290/83283)Updating files:  89% (74122/83283)Updating files:  90% (74955/83283)Updating files:  91% (75788/83283)Updating files:  92% (76621/83283)Updating files:  93% (77454/83283)Updating files:  94% (78287/83283)Updating files:  95% (79119/83283)Updating files:  96% (79952/83283)Updating files:  97% (80785/83283)Updating files:  98% (81618/83283)Updating files:  98% (81924/83283)Updating files:  99% (82451/83283)Updating files: 100% (83283/83283)Updating files: 100% (83283/83283), done.
#24 DONE 26.6s

#25 [21/23] RUN git clone --depth=1 -b main https://github.com/p4tc-dev/new-nipa.git nipa
#25 0.926 Cloning into 'nipa'...
#25 DONE 1.5s

#26 [22/23] COPY entrypoint.sh /entrypoint.sh
#26 DONE 0.4s

#27 [23/23] RUN sed -i '/\["-serial", "none"\]/d' /usr/lib/python3.11/site-packages/virtme/commands/run.py
#27 DONE 0.9s

#28 exporting to image
#28 exporting layers
#28 exporting layers 7.6s done
#28 writing image sha256:2f40707017f3e004e3b490cc7e49c978c0b0fde881aa41c104ac7e3522e38ffe 0.0s done
#28 naming to docker.io/library/nipa-executor 0.1s done
#28 DONE 7.7s
=== >>> DEBUG KERNEL <<< ===
NIPA version: 1b9c21a (ui: set canvas background color to stand out, 2024-03-28)
INFO: Last run date: 2024-04-10 09:00:07.233381+00:00
Testing  {'branch': 'net-next-2024-04-10--12-00', 'date': '2024-04-10T12:00:03.453037+00:00', 'base': '8e3c5629aca9653cf07ff5270604320cf4962d7a', 'url': 'https://github.com/linux-netdev/testing.git net-next-2024-04-10--12-00'}
Updating files:  42% (6205/14491)Updating files:  43% (6232/14491)Updating files:  44% (6377/14491)Updating files:  45% (6521/14491)Updating files:  46% (6666/14491)Updating files:  47% (6811/14491)Updating files:  48% (6956/14491)Updating files:  49% (7101/14491)Updating files:  50% (7246/14491)Updating files:  51% (7391/14491)Updating files:  52% (7536/14491)Updating files:  53% (7681/14491)Updating files:  54% (7826/14491)Updating files:  55% (7971/14491)Updating files:  56% (8115/14491)Updating files:  57% (8260/14491)Updating files:  58% (8405/14491)Updating files:  59% (8550/14491)Updating files:  60% (8695/14491)Updating files:  61% (8840/14491)Updating files:  62% (8985/14491)Updating files:  63% (9130/14491)Updating files:  64% (9275/14491)Updating files:  65% (9420/14491)Updating files:  66% (9565/14491)Updating files:  67% (9709/14491)Updating files:  68% (9854/14491)Updating files:  69% (9999/14491)Updating files:  70% (10144/14491)Updating files:  71% (10289/14491)Updating files:  72% (10434/14491)Updating files:  73% (10579/14491)Updating files:  74% (10724/14491)Updating files:  75% (10869/14491)Updating files:  76% (11014/14491)Updating files:  77% (11159/14491)Updating files:  78% (11303/14491)Updating files:  79% (11448/14491)Updating files:  80% (11593/14491)Updating files:  81% (11738/14491)Updating files:  82% (11883/14491)Updating files:  83% (12028/14491)Updating files:  84% (12173/14491)Updating files:  84% (12315/14491)Updating files:  85% (12318/14491)Updating files:  86% (12463/14491)Updating files:  87% (12608/14491)Updating files:  88% (12753/14491)Updating files:  89% (12897/14491)Updating files:  90% (13042/14491)Updating files:  91% (13187/14491)Updating files:  92% (13332/14491)Updating files:  93% (13477/14491)Updating files:  94% (13622/14491)Updating files:  95% (13767/14491)Updating files:  96% (13912/14491)Updating files:  97% (14057/14491)Updating files:  98% (14202/14491)Updating files:  99% (14347/14491)Updating files: 100% (14491/14491)Updating files: 100% (14491/14491), done.
branch 'net-next-2024-04-10--12-00' set up to track 'origin/net-next-2024-04-10--12-00'.
Switched to a new branch 'net-next-2024-04-10--12-00'
error: No valid patches in input (allow with "--allow-empty")
Checking patch tools/testing/selftests/tc-testing/tdc_config.py...
Applied patch tools/testing/selftests/tc-testing/tdc_config.py cleanly.
Run at 2024-04-10 12:23:24.634435
INFO: building kernel
INFO: starting VM 0
INFO: thr0-0 VM starting: vng -v -r arch/x86/boot/bzImage --user root --rwdir=/nipa-data/kernel/
INFO: thr0-0 expecting prompt: '/nipa-data/kernel# '
INFO: thr0-0 reached initial prompt
INFO: thr-0 testing == tdc.sh
INFO: thr-0 tdc.sh >> retcode: 0 result: pass found {'fail': False, 'skip': False, 'pass': True}
INFO: thr-0 has no more work, exiting
INFO: thr0-0 VM stopped
Done at 2024-04-10 12:28:06.094485
NIPA quitting!
/
~/nipa/tc-executor/tc-executor-storage /
sort: write failed: 'standard output': Broken pipe
sort: write error
