~/nipa/tc-executor/tc-executor-storage /
Switched to branch 'storage'
Your branch is ahead of 'origin/storage' by 460 commits.
  (use "git push" to publish your local commits)
/
~/nipa/tc-executor /
Error response from daemon: No such image: nipa-executor:latest
#0 building with "default" instance using docker driver

#1 [internal] load build definition from Dockerfile
#1 transferring dockerfile: 2.22kB done
#1 DONE 0.0s

#2 [internal] load .dockerignore
#2 transferring context: 2B done
#2 DONE 0.0s

#3 [internal] load metadata for docker.io/library/alpine:edge
#3 DONE 0.0s

#4 [ 1/23] FROM docker.io/library/alpine:edge
#4 CACHED

#5 [internal] load build context
#5 transferring context: 3.02kB done
#5 DONE 0.0s

#6 [ 2/23] RUN echo false > debug-mode
#6 DONE 0.6s

#7 [ 3/23] RUN addgroup -g 1001 hostuser
#7 DONE 0.4s

#8 [ 4/23] RUN adduser -u 1001 -G hostuser -H -D -s /bin/ash hostuser
#8 DONE 0.4s

#9 [ 5/23] RUN echo '@testing http://dl-cdn.alpinelinux.org/alpine/edge/testing' >> /etc/apk/repositories
#9 DONE 0.4s

#10 [ 6/23] RUN echo '@community http://dl-cdn.alpinelinux.org/alpine/edge/community' >> /etc/apk/repositories
#10 DONE 0.4s

#11 [ 7/23] RUN apk update && apk add --no-cache    virtme-ng@testing    git    py3-requests    py3-psutil    py3-setuptools    py3-pyroute2    py3-argcomplete    qemu-system-x86_64@community    scapy@community    make    gcc    musl-dev    flex    bison    linux-headers    elfutils-dev    util-linux    coreutils    diffutils    findutils    file    bash    kmod    perl    iptables-dev    libcap-dev    libmnl-dev    iproute2    jq    libbpf-dev    rsync    openssl-dev
#11 0.373 fetch https://dl-cdn.alpinelinux.org/alpine/edge/main/x86_64/APKINDEX.tar.gz
#11 0.497 fetch https://dl-cdn.alpinelinux.org/alpine/edge/community/x86_64/APKINDEX.tar.gz
#11 0.622 fetch http://dl-cdn.alpinelinux.org/alpine/edge/testing/x86_64/APKINDEX.tar.gz
#11 0.825 fetch http://dl-cdn.alpinelinux.org/alpine/edge/community/x86_64/APKINDEX.tar.gz
#11 1.048 v20240329-1002-gced62c72c19 [https://dl-cdn.alpinelinux.org/alpine/edge/main]
#11 1.048 v20240329-1009-g066825b6d9b [https://dl-cdn.alpinelinux.org/alpine/edge/community]
#11 1.048 v20240329-1001-g02c84a9d508 [http://dl-cdn.alpinelinux.org/alpine/edge/testing]
#11 1.048 v20240329-1009-g066825b6d9b [http://dl-cdn.alpinelinux.org/alpine/edge/community]
#11 1.048 OK: 30918 distinct packages available
#11 1.106 fetch https://dl-cdn.alpinelinux.org/alpine/edge/main/x86_64/APKINDEX.tar.gz
#11 1.210 fetch https://dl-cdn.alpinelinux.org/alpine/edge/community/x86_64/APKINDEX.tar.gz
#11 1.315 fetch http://dl-cdn.alpinelinux.org/alpine/edge/testing/x86_64/APKINDEX.tar.gz
#11 1.415 fetch http://dl-cdn.alpinelinux.org/alpine/edge/community/x86_64/APKINDEX.tar.gz
#11 1.671 (1/176) Upgrading musl (1.2.4_git20230717-r5 -> 1.2.5-r0)
#11 1.800 (2/176) Upgrading libcrypto3 (3.1.4-r2 -> 3.2.1-r2)
#11 1.834 (3/176) Upgrading libssl3 (3.1.4-r2 -> 3.2.1-r2)
#11 1.850 (4/176) Upgrading zlib (1.3-r2 -> 1.3.1-r0)
#11 1.863 (5/176) Installing ncurses-terminfo-base (6.4_p20240309-r0)
#11 1.878 (6/176) Installing libncursesw (6.4_p20240309-r0)
#11 1.893 (7/176) Installing readline (8.2.10-r0)
#11 1.907 (8/176) Installing bash (5.2.26-r0)
#11 1.942 Executing bash-5.2.26-r0.post-install
#11 1.944 (9/176) Installing m4 (1.4.19-r3)
#11 1.958 (10/176) Installing bison (3.8.2-r1)
#11 1.979 (11/176) Installing coreutils-env (9.5-r0)
#11 1.992 (12/176) Installing coreutils-fmt (9.5-r0)
#11 2.004 (13/176) Installing coreutils-sha512sum (9.5-r0)
#11 2.016 (14/176) Installing libacl (2.3.2-r0)
#11 2.028 (15/176) Installing libattr (2.5.2-r0)
#11 2.040 (16/176) Installing skalibs (2.14.1.1-r0)
#11 2.054 (17/176) Installing utmps-libs (0.1.2.2-r1)
#11 2.066 (18/176) Installing coreutils (9.5-r0)
#11 2.090 (19/176) Installing diffutils (3.10-r0)
#11 2.105 (20/176) Installing zstd-libs (1.5.6-r0)
#11 2.122 (21/176) Installing libelf (0.191-r0)
#11 2.135 (22/176) Installing libbz2 (1.0.8-r6)
#11 2.148 (23/176) Installing musl-fts (1.2.7-r6)
#11 2.160 (24/176) Installing xz-libs (5.6.1-r2)
#11 2.174 (25/176) Installing libdw (0.191-r0)
#11 2.191 (26/176) Installing libasm (0.191-r0)
#11 2.205 (27/176) Installing libintl (0.22.5-r0)
#11 2.218 (28/176) Installing xz (5.6.1-r2)
#11 2.238 (29/176) Installing pkgconf (2.2.0-r0)
#11 2.251 (30/176) Installing xz-dev (5.6.1-r2)
#11 2.265 (31/176) Installing libgcc (13.2.1_git20240309-r0)
#11 2.278 (32/176) Installing libstdc++ (13.2.1_git20240309-r0)
#11 2.303 (33/176) Installing zstd (1.5.6-r0)
#11 2.318 (34/176) Installing zstd-dev (1.5.6-r0)
#11 2.349 (35/176) Installing zlib-dev (1.3.1-r0)
#11 2.361 (36/176) Installing elfutils-dev (0.191-r0)
#11 2.393 (37/176) Installing libmagic (5.45-r1)
#11 2.420 (38/176) Installing file (5.45-r1)
#11 2.432 (39/176) Installing findutils (4.9.0-r5)
#11 2.446 (40/176) Installing flex (2.6.4-r6)
#11 2.460 (41/176) Installing jansson (2.14-r4)
#11 2.472 (42/176) Installing binutils (2.42-r0)
#11 2.533 (43/176) Installing libgomp (13.2.1_git20240309-r0)
#11 2.547 (44/176) Installing libatomic (13.2.1_git20240309-r0)
#11 2.560 (45/176) Installing gmp (6.3.0-r0)
#11 2.577 (46/176) Installing isl26 (0.26-r1)
#11 2.600 (47/176) Installing mpfr4 (4.2.1-r0)
#11 2.617 (48/176) Installing mpc1 (1.3.1-r1)
#11 2.681 (49/176) Installing gcc (13.2.1_git20240309-r0)
#11 3.211 (50/176) Installing ca-certificates (20240226-r0)
#11 3.235 (51/176) Installing brotli-libs (1.1.0-r1)
#11 3.253 (52/176) Installing c-ares (1.28.1-r0)
#11 3.266 (53/176) Installing libunistring (1.2-r0)
#11 3.286 (54/176) Installing libidn2 (2.3.7-r0)
#11 3.299 (55/176) Installing nghttp2-libs (1.61.0-r0)
#11 3.312 (56/176) Installing libpsl (0.21.5-r1)
#11 3.325 (57/176) Installing libcurl (8.7.1-r0)
#11 3.341 (58/176) Installing libexpat (2.6.2-r0)
#11 3.353 (59/176) Installing pcre2 (10.43-r0)
#11 3.370 (60/176) Installing git (2.44.0-r1)
#11 3.419 (61/176) Installing git-init-template (2.44.0-r1)
#11 3.432 (62/176) Installing libcap2 (2.69-r1)
#11 3.446 (63/176) Installing libmnl (1.0.5-r2)
#11 3.458 (64/176) Installing iproute2-minimal (6.8.0-r0)
#11 3.475 (65/176) Installing libxtables (1.8.10-r3)
#11 3.487 (66/176) Installing iproute2-tc (6.8.0-r0)
#11 3.503 (67/176) Installing iproute2-ss (6.8.0-r0)
#11 3.516 (68/176) Installing iproute2 (6.8.0-r0)
#11 3.532 Executing iproute2-6.8.0-r0.post-install
#11 3.536 (69/176) Installing linux-headers (6.6-r0)
#11 3.641 (70/176) Installing libip4tc (1.8.10-r3)
#11 3.653 (71/176) Installing libip6tc (1.8.10-r3)
#11 3.665 (72/176) Installing libipq (1.8.10-r3)
#11 3.677 (73/176) Installing iptables-dev (1.8.10-r3)
#11 3.689 (74/176) Installing oniguruma (6.9.9-r0)
#11 3.706 (75/176) Installing jq (1.7.1-r0)
#11 3.723 (76/176) Installing kmod (31-r4)
#11 3.738 (77/176) Installing libbpf (1.4.0-r0)
#11 3.753 (78/176) Installing libbpf-dev (1.4.0-r0)
#11 3.771 (79/176) Installing libcap-dev (2.69-r1)
#11 3.784 (80/176) Installing libmnl-dev (1.0.5-r2)
#11 3.796 (81/176) Installing make (4.4.1-r2)
#11 3.810 (82/176) Installing musl-dev (1.2.5-r0)
#11 3.867 (83/176) Installing openssl-dev (3.2.1-r2)
#11 3.895 (84/176) Installing perl (5.38.2-r0)
#11 4.094 (85/176) Installing perl-error (0.17029-r2)
#11 4.109 (86/176) Installing perl-git (2.44.0-r1)
#11 4.123 (87/176) Installing git-perl (2.44.0-r1)
#11 4.136 (88/176) Installing libffi (3.4.6-r0)
#11 4.148 (89/176) Installing gdbm (1.23-r1)
#11 4.162 (90/176) Installing mpdecimal (4.0.0-r0)
#11 4.175 (91/176) Installing libpanelw (6.4_p20240309-r0)
#11 4.186 (92/176) Installing sqlite-libs (3.45.2-r0)
#11 4.210 (93/176) Installing python3 (3.11.8-r0)
#11 4.351 (94/176) Installing python3-pycache-pyc0 (3.11.8-r0)
#11 4.443 (95/176) Installing pyc (3.11.8-r0)
#11 4.455 (96/176) Installing py3-argcomplete-pyc (3.2.3-r0)
#11 4.469 (97/176) Installing python3-pyc (3.11.8-r0)
#11 4.480 (98/176) Installing py3-argcomplete (3.2.3-r0)
#11 4.496 (99/176) Installing py3-psutil (5.9.8-r0)
#11 4.511 (100/176) Installing py3-psutil-pyc (5.9.8-r0)
#11 4.528 (101/176) Installing py3-pyroute2 (0.7.12-r0)
#11 4.558 (102/176) Installing py3-pyroute2-pyc (0.7.12-r0)
#11 4.591 (103/176) Installing py3-certifi (2024.2.2-r0)
#11 4.605 (104/176) Installing py3-certifi-pyc (2024.2.2-r0)
#11 4.617 (105/176) Installing py3-charset-normalizer (3.3.2-r0)
#11 4.632 (106/176) Installing py3-charset-normalizer-pyc (3.3.2-r0)
#11 4.646 (107/176) Installing py3-idna (3.6-r0)
#11 4.660 (108/176) Installing py3-idna-pyc (3.6-r0)
#11 4.674 (109/176) Installing py3-urllib3 (1.26.18-r0)
#11 4.694 (110/176) Installing py3-urllib3-pyc (1.26.18-r0)
#11 4.712 (111/176) Installing py3-requests (2.31.0-r1)
#11 4.727 (112/176) Installing py3-requests-pyc (2.31.0-r1)
#11 4.742 (113/176) Installing py3-parsing (3.1.2-r0)
#11 4.757 (114/176) Installing py3-parsing-pyc (3.1.2-r0)
#11 4.773 (115/176) Installing py3-packaging (24.0-r0)
#11 4.793 (116/176) Installing py3-packaging-pyc (24.0-r0)
#11 4.807 (117/176) Installing py3-setuptools (69.2.0-r0)
#11 4.845 (118/176) Installing py3-setuptools-pyc (69.2.0-r0)
#11 4.889 (119/176) Installing libcap-ng (0.8.4-r0)
#11 4.901 (120/176) Installing libblkid (2.39.3-r1)
#11 4.916 (121/176) Installing libmount (2.39.3-r1)
#11 4.931 (122/176) Installing glib (2.80.0-r2)
#11 4.972 (123/176) Installing numactl (2.0.18-r0)
#11 4.992 (124/176) Installing qemu (8.2.2-r0)
#11 5.007 Executing qemu-8.2.2-r0.pre-install
#11 5.079 Executing qemu-8.2.2-r0.post-install
#11 5.083 *
#11 5.083 * If you want to run VM as unprivileged user and let Qemu create tunX devices,
#11 5.083 * then you must add that user to the group "qemu".
#11 5.083 * If you use KVM for hardware-assisted virtualization, then you may also need
#11 5.083 * to add that user to the group "kvm".
#11 5.083 *
#11 5.083 (125/176) Installing qemu-bridge-helper (8.2.2-r0)
#11 5.100 (126/176) Installing libaio (0.3.113-r2)
#11 5.112 (127/176) Installing capstone (5.0.1-r3)
#11 5.152 (128/176) Installing nettle (3.9.1-r0)
#11 5.169 (129/176) Installing libtasn1 (4.19.0-r2)
#11 5.182 (130/176) Installing p11-kit (0.25.3-r0)
#11 5.199 (131/176) Installing gnutls (3.8.3-r0)
#11 5.222 (132/176) Installing libjpeg-turbo (3.0.2-r0)
#11 5.242 (133/176) Installing lzo (2.10-r5)
#11 5.257 (134/176) Installing pixman (0.43.2-r0)
#11 5.273 (135/176) Installing libpng (1.6.43-r0)
#11 5.286 (136/176) Installing libsasl (2.1.28-r6)
#11 5.299 (137/176) Installing libseccomp (2.5.5-r0)
#11 5.312 (138/176) Installing libslirp (4.7.0-r0)
#11 5.326 (139/176) Installing snappy (1.1.10-r2)
#11 5.338 (140/176) Installing liburing (2.5-r1)
#11 5.350 (141/176) Installing vde2-libs (2.3.3-r2)
#11 5.363 (142/176) Installing qemu-system-x86_64 (8.2.2-r0)
#11 5.480 (143/176) Installing lz4-libs (1.9.4-r5)
#11 5.493 (144/176) Installing popt (1.19-r3)
#11 5.506 (145/176) Installing libxxhash (0.8.2-r2)
#11 5.518 (146/176) Installing rsync (3.3.0-r0)
#11 5.533 (147/176) Installing scapy (2.5.0-r1)
#11 5.583 Executing scapy-2.5.0-r1.post-install
#11 5.586 *
#11 5.586 * Certain optional features of scapy also depend on the following packages:
#11 5.586 *     py3-matplotlib graphviz imagemagick py3-cryptography sox
#11 5.586 * And the following unpackaged dependencies:
#11 5.586 *     pyxi vpython-jupyter nmap<v4.23
#11 5.586 * More information can be found at https://scapy.readthedocs.io/en/latest/installation.html#optional-dependencies
#11 5.586 *
#11 5.586 (148/176) Installing scapy-pyc (2.5.0-r1)
#11 5.656 (149/176) Installing util-linux (2.39.3-r1)
#11 5.668 (150/176) Installing setarch (2.39.3-r1)
#11 5.679 (151/176) Installing libuuid (2.39.3-r1)
#11 5.691 (152/176) Installing libfdisk (2.39.3-r1)
#11 5.709 (153/176) Installing libsmartcols (2.39.3-r1)
#11 5.721 (154/176) Installing util-linux-misc (2.39.3-r1)
#11 5.750 (155/176) Installing libeconf (0.6.2-r0)
#11 5.763 (156/176) Installing linux-pam (1.6.0-r0)
#11 5.793 (157/176) Installing runuser (2.39.3-r1)
#11 5.806 (158/176) Installing mount (2.39.3-r1)
#11 5.819 (159/176) Installing losetup (2.39.3-r1)
#11 5.831 (160/176) Installing hexdump (2.39.3-r1)
#11 5.843 (161/176) Installing uuidgen (2.39.3-r1)
#11 5.946 (162/176) Installing blkid (2.39.3-r1)
#11 5.958 (163/176) Installing sfdisk (2.39.3-r1)
#11 5.970 (164/176) Installing mcookie (2.39.3-r1)
#11 5.982 (165/176) Installing agetty (2.39.3-r1)
#11 5.994 (166/176) Installing wipefs (2.39.3-r1)
#11 6.006 (167/176) Installing cfdisk (2.39.3-r1)
#11 6.019 (168/176) Installing umount (2.39.3-r1)
#11 6.031 (169/176) Installing flock (2.39.3-r1)
#11 6.044 (170/176) Installing lsblk (2.39.3-r1)
#11 6.060 (171/176) Installing setpriv (2.39.3-r1)
#11 6.072 (172/176) Installing logger (2.39.3-r1)
#11 6.084 (173/176) Installing partx (2.39.3-r1)
#11 6.097 (174/176) Installing fstrim (2.39.3-r1)
#11 6.109 (175/176) Installing findmnt (2.39.3-r1)
#11 6.121 (176/176) Installing virtme-ng@testing (1.23-r0)
#11 6.175 Executing busybox-1.36.1-r17.trigger
#11 6.180 Executing ca-certificates-20240226-r0.trigger
#11 6.203 Executing glib-2.80.0-r2.trigger
#11 6.211 OK: 386 MiB in 187 packages
#11 DONE 6.6s

#12 [ 8/23] RUN mkdir -p /tmp/kernel-patches &&     mkdir -p /tmp/iproute2-patches
#12 DONE 0.4s

#13 [ 9/23] COPY tdc.config /tmp
#13 DONE 0.1s

#14 [10/23] COPY tdc-debug.config /tmp
#14 DONE 0.0s

#15 [11/23] COPY kernel-patches /tmp/kernel-patches/
#15 DONE 0.1s

#16 [12/23] COPY iproute2-patches /tmp/iproute2-patches/
#16 DONE 0.0s

#17 [13/23] COPY configs /tmp/configs/
#17 DONE 0.0s

#18 [14/23] RUN git config --global user.email foo@bar.com
#18 DONE 0.3s

#19 [15/23] RUN git config --global user.name foo@bar.com
#19 DONE 0.4s

#20 [16/23] RUN git clone https://git.kernel.org/pub/scm/network/iproute2/iproute2-next.git /nipa-data/iproute2
#20 0.378 Cloning into '/nipa-data/iproute2'...
#20 DONE 1.8s

#21 [17/23] RUN cd /nipa-data/iproute2 && 	git remote add stable https://git.kernel.org/pub/scm/network/iproute2/iproute2.git && 	git fetch --all && 	git merge stable/main
#21 0.389 Fetching origin
#21 0.666 Fetching stable
#21 1.194 From https://git.kernel.org/pub/scm/network/iproute2/iproute2
#21 1.194  * [new branch]        codeql         -> stable/codeql
#21 1.194  * [new branch]        iproute2-4.1.x -> stable/iproute2-4.1.x
#21 1.194  * [new branch]        main           -> stable/main
#21 1.202  * [new tag]           v6.8.0         -> v6.8.0
#21 1.260 Merge made by the 'ort' strategy.
#21 1.283  Makefile                       |  2 +-
#21 1.283  README                         | 13 +++++++
#21 1.283  bridge/bridge.c                |  2 +-
#21 1.283  include/version.h              |  2 +-
#21 1.283  ip/ipila.c                     |  4 +-
#21 1.283  ip/iptuntap.c                  |  5 +--
#21 1.283  lib/rt_names.c                 | 43 ++++++++++-----------
#21 1.283  man/man8/bridge.8              |  6 +++
#21 1.283  man/man8/ip-netns.8.in         |  2 +-
#21 1.283  man/man8/ip.8                  | 33 +++++++++++++++-
#21 1.283  man/man8/tc-mirred.8           |  2 +-
#21 1.283  man/man8/tc-simple.8           | 12 +++---
#21 1.283  misc/arpd.c                    | 11 +++++-
#21 1.283  misc/ifstat.c                  | 11 ++++--
#21 1.283  misc/ss.c                      | 17 ++++++++-
#21 1.283  tc/e_bpf.c                     |  2 +-
#21 1.283  tc/f_basic.c                   |  4 +-
#21 1.283  tc/f_bpf.c                     |  4 +-
#21 1.283  tc/f_cgroup.c                  |  4 +-
#21 1.283  tc/f_flow.c                    |  4 +-
#21 1.283  tc/f_flower.c                  |  4 +-
#21 1.283  tc/f_fw.c                      |  4 +-
#21 1.283  tc/f_matchall.c                |  4 +-
#21 1.283  tc/f_route.c                   |  4 +-
#21 1.283  tc/f_u32.c                     |  6 +--
#21 1.283  tc/m_action.c                  |  6 +--
#21 1.283  tc/m_bpf.c                     |  4 +-
#21 1.283  tc/m_connmark.c                |  4 +-
#21 1.283  tc/m_csum.c                    |  4 +-
#21 1.283  tc/m_ct.c                      |  4 +-
#21 1.283  tc/m_ctinfo.c                  |  4 +-
#21 1.283  tc/m_gact.c                    |  4 +-
#21 1.283  tc/m_gate.c                    |  8 ++--
#21 1.283  tc/m_ife.c                     |  4 +-
#21 1.283  tc/m_mirred.c                  |  6 +--
#21 1.283  tc/m_mpls.c                    |  4 +-
#21 1.283  tc/m_nat.c                     |  4 +-
#21 1.283  tc/m_pedit.c                   | 10 ++---
#21 1.283  tc/m_police.c                  |  8 ++--
#21 1.283  tc/m_sample.c                  |  4 +-
#21 1.283  tc/m_simple.c                  | 12 +++---
#21 1.283  tc/m_skbedit.c                 |  4 +-
#21 1.283  tc/m_skbmod.c                  | 41 +++++++++++---------
#21 1.283  tc/m_tunnel_key.c              |  4 +-
#21 1.283  tc/m_vlan.c                    |  4 +-
#21 1.283  tc/q_cake.c                    |  6 +--
#21 1.283  tc/q_cbs.c                     |  4 +-
#21 1.283  tc/q_choke.c                   |  6 +--
#21 1.283  tc/q_clsact.c                  |  4 +-
#21 1.283  tc/q_codel.c                   |  6 +--
#21 1.283  tc/q_drr.c                     |  8 ++--
#21 1.283  tc/q_etf.c                     |  4 +-
#21 1.283  tc/q_ets.c                     |  8 ++--
#21 1.283  tc/q_fifo.c                    |  4 +-
#21 1.283  tc/q_fq.c                      |  6 +--
#21 1.283  tc/q_fq_codel.c                |  6 +--
#21 1.283  tc/q_fq_pie.c                  |  6 +--
#21 1.283  tc/q_gred.c                    |  6 +--
#21 1.283  tc/q_hfsc.c                    | 10 ++---
#21 1.283  tc/q_hhf.c                     |  6 +--
#21 1.283  tc/q_htb.c                     |  8 ++--
#21 1.283  tc/q_ingress.c                 |  4 +-
#21 1.283  tc/q_mqprio.c                  |  4 +-
#21 1.283  tc/q_multiq.c                  |  4 +-
#21 1.283  tc/q_netem.c                   | 86 +++++++++++++++++++++++-------------------
#21 1.283  tc/q_pie.c                     |  6 +--
#21 1.283  tc/q_plug.c                    |  4 +-
#21 1.283  tc/q_prio.c                    |  4 +-
#21 1.283  tc/q_qfq.c                     |  6 +--
#21 1.283  tc/q_red.c                     |  8 ++--
#21 1.283  tc/q_sfb.c                     |  6 +--
#21 1.283  tc/q_sfq.c                     |  6 +--
#21 1.283  tc/q_skbprio.c                 |  4 +-
#21 1.283  tc/q_taprio.c                  |  6 +--
#21 1.283  tc/q_tbf.c                     |  4 +-
#21 1.284  tc/tc.c                        | 12 +++---
#21 1.284  tc/tc_class.c                  |  6 +--
#21 1.284  tc/tc_core.c                   | 15 ++------
#21 1.284  tc/tc_core.h                   |  2 -
#21 1.284  tc/tc_exec.c                   |  2 +-
#21 1.284  tc/tc_filter.c                 |  6 +--
#21 1.284  tc/tc_qdisc.c                  |  6 +--
#21 1.284  tc/tc_util.c                   | 33 ++++++++--------
#21 1.284  tc/tc_util.h                   | 36 +++++++++---------
#21 1.284  vdpa/include/uapi/linux/vdpa.h | 17 +++++++++
#21 1.284  85 files changed, 416 insertions(+), 317 deletions(-)
#21 DONE 1.3s

#22 [18/23] RUN if [ "$(find /tmp/iproute2-patches/ -name *.patch)" ]; then  	cd /nipa-data/iproute2; 	git apply /tmp/iproute2-patches/*.patch;     fi
#22 DONE 0.3s

#23 [19/23] RUN cd /nipa-data/iproute2/ &&     ./configure &&     make
#23 0.367 TC schedulers
#23 0.368  IPT	using xtables
#23 0.396  IPSET  yes
#23 0.417 
#23 0.418 lib directory: /usr/lib
#23 0.418 libc has setns: yes
#23 0.438 libc has name_to_handle_at: yes
#23 0.460 SELinux support: no
#23 0.460 libtirpc support: no
#23 0.461 libbpf support: yes
#23 0.536 	libbpf version 1.4.0
#23 0.536 ELF support: yes
#23 0.538 libmnl support: yes
#23 0.539 Berkeley DB: no
#23 0.549 need for strlcpy: no
#23 0.572 libcap support: yes
#23 0.574 color output: never
#23 0.577 
#23 0.577 lib
#23 0.579     CC       libgenl.o
#23 0.619     CC       libnetlink.o
#23 0.924     CC       mnl_utils.o
#23 1.000     AR       libnetlink.a
#23 1.003     CC       utils.o
#23 1.384     CC       utils_math.o
#23 1.425     CC       rt_names.o
#23 1.585     CC       ll_map.o
#23 1.673     CC       ll_types.o
#23 1.685 In file included from ll_types.c:20:
#23 1.685 ../include/uapi/linux/sockios.h:42: warning: "SIOCGSTAMP" redefined
#23 1.685    42 | #define SIOCGSTAMP      SIOCGSTAMP_OLD
#23 1.685       | 
#23 1.685 In file included from /usr/include/sys/ioctl.h:10,
#23 1.685                  from ll_types.c:12:
#23 1.685 /usr/include/bits/ioctl.h:111: note: this is the location of the previous definition
#23 1.685   111 | #define SIOCGSTAMP      0x8906
#23 1.685       | 
#23 1.685 ../include/uapi/linux/sockios.h:43: warning: "SIOCGSTAMPNS" redefined
#23 1.685    43 | #define SIOCGSTAMPNS    SIOCGSTAMPNS_OLD
#23 1.685       | 
#23 1.685 /usr/include/bits/ioctl.h:112: note: this is the location of the previous definition
#23 1.685   112 | #define SIOCGSTAMPNS    0x8907
#23 1.685       | 
#23 1.700     CC       ll_proto.o
#23 1.713 In file included from ll_proto.c:21:
#23 1.713 ../include/uapi/linux/sockios.h:42: warning: "SIOCGSTAMP" redefined
#23 1.713    42 | #define SIOCGSTAMP      SIOCGSTAMP_OLD
#23 1.713       | 
#23 1.713 In file included from /usr/include/sys/ioctl.h:10,
#23 1.713                  from ll_proto.c:13:
#23 1.713 /usr/include/bits/ioctl.h:111: note: this is the location of the previous definition
#23 1.713   111 | #define SIOCGSTAMP      0x8906
#23 1.713       | 
#23 1.713 ../include/uapi/linux/sockios.h:43: warning: "SIOCGSTAMPNS" redefined
#23 1.713    43 | #define SIOCGSTAMPNS    SIOCGSTAMPNS_OLD
#23 1.713       | 
#23 1.713 /usr/include/bits/ioctl.h:112: note: this is the location of the previous definition
#23 1.713   112 | #define SIOCGSTAMPNS    0x8907
#23 1.713       | 
#23 1.726     CC       ll_addr.o
#23 1.739 In file included from ll_addr.c:20:
#23 1.739 ../include/uapi/linux/sockios.h:42: warning: "SIOCGSTAMP" redefined
#23 1.739    42 | #define SIOCGSTAMP      SIOCGSTAMP_OLD
#23 1.739       | 
#23 1.739 In file included from /usr/include/sys/ioctl.h:10,
#23 1.739                  from ll_addr.c:12:
#23 1.739 /usr/include/bits/ioctl.h:111: note: this is the location of the previous definition
#23 1.739   111 | #define SIOCGSTAMP      0x8906
#23 1.739       | 
#23 1.739 ../include/uapi/linux/sockios.h:43: warning: "SIOCGSTAMPNS" redefined
#23 1.739    43 | #define SIOCGSTAMPNS    SIOCGSTAMPNS_OLD
#23 1.739       | 
#23 1.739 /usr/include/bits/ioctl.h:112: note: this is the location of the previous definition
#23 1.739   112 | #define SIOCGSTAMPNS    0x8907
#23 1.739       | 
#23 1.766     CC       inet_proto.o
#23 1.795     CC       namespace.o
#23 1.847     CC       json_writer.o
#23 1.929     CC       json_print.o
#23 2.048     CC       json_print_math.o
#23 2.079     CC       names.o
#23 2.123     CC       color.o
#23 2.168     CC       bpf_legacy.o
#23 2.518     CC       bpf_glue.o
#23 2.562     CC       exec.o
#23 2.595     CC       fs.o
#23 2.668     CC       cg_map.o
#23 2.703     CC       ppp_proto.o
#23 2.731     CC       bpf_libbpf.o
#23 2.806     CC       selinux.o
#23 2.825     CC       ax25_ntop.o
#23 2.856     CC       rose_ntop.o
#23 2.869 In file included from rose_ntop.c:16:
#23 2.869 ../include/uapi/linux/sockios.h:42: warning: "SIOCGSTAMP" redefined
#23 2.869    42 | #define SIOCGSTAMP      SIOCGSTAMP_OLD
#23 2.869       | 
#23 2.869 In file included from /usr/include/sys/ioctl.h:10,
#23 2.869                  from rose_ntop.c:7:
#23 2.869 /usr/include/bits/ioctl.h:111: note: this is the location of the previous definition
#23 2.869   111 | #define SIOCGSTAMP      0x8906
#23 2.869       | 
#23 2.869 ../include/uapi/linux/sockios.h:43: warning: "SIOCGSTAMPNS" redefined
#23 2.869    43 | #define SIOCGSTAMPNS    SIOCGSTAMPNS_OLD
#23 2.869       | 
#23 2.869 /usr/include/bits/ioctl.h:112: note: this is the location of the previous definition
#23 2.869   112 | #define SIOCGSTAMPNS    0x8907
#23 2.869       | 
#23 2.885     CC       mpls_ntop.o
#23 2.911     CC       mpls_pton.o
#23 2.937     CC       netrom_ntop.o
#23 2.960     AR       libutil.a
#23 2.964 
#23 2.964 ip
#23 2.966     CC       ip.o
#23 3.035     CC       ipaddress.o
#23 3.049 In file included from ipaddress.c:26:
#23 3.049 ../include/uapi/linux/sockios.h:42: warning: "SIOCGSTAMP" redefined
#23 3.049    42 | #define SIOCGSTAMP      SIOCGSTAMP_OLD
#23 3.049       | 
#23 3.049 In file included from /usr/include/sys/ioctl.h:10,
#23 3.049                  from ipaddress.c:14:
#23 3.049 /usr/include/bits/ioctl.h:111: note: this is the location of the previous definition
#23 3.049   111 | #define SIOCGSTAMP      0x8906
#23 3.049       | 
#23 3.049 ../include/uapi/linux/sockios.h:43: warning: "SIOCGSTAMPNS" redefined
#23 3.049    43 | #define SIOCGSTAMPNS    SIOCGSTAMPNS_OLD
#23 3.049       | 
#23 3.049 /usr/include/bits/ioctl.h:112: note: this is the location of the previous definition
#23 3.049   112 | #define SIOCGSTAMPNS    0x8907
#23 3.049       | 
#23 3.493     CC       ipaddrlabel.o
#23 3.549     CC       iproute.o
#23 4.088     CC       iprule.o
#23 4.266     CC       ipnetns.o
#23 4.455     CC       rtm_map.o
#23 4.490     CC       iptunnel.o
#23 4.501 In file included from ../include/uapi/linux/if_tunnel.h:6,
#23 4.501                  from iptunnel.c:19:
#23 4.501 ../include/uapi/linux/if.h:134: warning: "IFF_VOLATILE" redefined
#23 4.501   134 | #define IFF_VOLATILE    (IFF_LOOPBACK|IFF_POINTOPOINT|IFF_BROADCAST|IFF_ECHO|\
#23 4.501       | 
#23 4.501 In file included from iptunnel.c:16:
#23 4.501 /usr/include/net/if.h:48: note: this is the location of the previous definition
#23 4.501    48 | #define IFF_VOLATILE (IFF_LOOPBACK|IFF_POINTOPOINT|IFF_BROADCAST| \
#23 4.501       | 
#23 4.625     CC       ip6tunnel.o
#23 4.729     CC       tunnel.o
#23 4.815     CC       ipneigh.o
#23 4.960     CC       ipntable.o
#23 5.059     CC       iplink.o
#23 5.323     CC       ipmaddr.o
#23 5.334 In file included from ipmaddr.c:21:
#23 5.334 ../include/uapi/linux/sockios.h:42: warning: "SIOCGSTAMP" redefined
#23 5.334    42 | #define SIOCGSTAMP      SIOCGSTAMP_OLD
#23 5.334       | 
#23 5.334 In file included from /usr/include/sys/ioctl.h:10,
#23 5.334                  from ipmaddr.c:12:
#23 5.334 /usr/include/bits/ioctl.h:111: note: this is the location of the previous definition
#23 5.334   111 | #define SIOCGSTAMP      0x8906
#23 5.334       | 
#23 5.334 ../include/uapi/linux/sockios.h:43: warning: "SIOCGSTAMPNS" redefined
#23 5.334    43 | #define SIOCGSTAMPNS    SIOCGSTAMPNS_OLD
#23 5.334       | 
#23 5.334 /usr/include/bits/ioctl.h:112: note: this is the location of the previous definition
#23 5.334   112 | #define SIOCGSTAMPNS    0x8907
#23 5.334       | 
#23 5.405     CC       ipmonitor.o
#23 5.473     CC       ipmroute.o
#23 5.484 In file included from ipmroute.c:22:
#23 5.484 ../include/uapi/linux/sockios.h:42: warning: "SIOCGSTAMP" redefined
#23 5.484    42 | #define SIOCGSTAMP      SIOCGSTAMP_OLD
#23 5.484       | 
#23 5.484 In file included from /usr/include/sys/ioctl.h:10,
#23 5.484                  from ipmroute.c:13:
#23 5.484 /usr/include/bits/ioctl.h:111: note: this is the location of the previous definition
#23 5.484   111 | #define SIOCGSTAMP      0x8906
#23 5.484       | 
#23 5.484 ../include/uapi/linux/sockios.h:43: warning: "SIOCGSTAMPNS" redefined
#23 5.484    43 | #define SIOCGSTAMPNS    SIOCGSTAMPNS_OLD
#23 5.484       | 
#23 5.484 /usr/include/bits/ioctl.h:112: note: this is the location of the previous definition
#23 5.484   112 | #define SIOCGSTAMPNS    0x8907
#23 5.484       | 
#23 5.543     CC       ipprefix.o
#23 5.572     CC       iptuntap.o
#23 5.678     CC       iptoken.o
#23 5.730     CC       ipxfrm.o
#23 6.028     CC       xfrm_state.o
#23 6.283     CC       xfrm_policy.o
#23 6.501     CC       xfrm_monitor.o
#23 6.575     CC       iplink_dummy.o
#23 6.598     CC       iplink_ifb.o
#23 6.621     CC       iplink_nlmon.o
#23 6.642     CC       iplink_team.o
#23 6.664     CC       iplink_vcan.o
#23 6.685     CC       iplink_vxcan.o
#23 6.713     CC       iplink_vlan.o
#23 6.783     CC       link_veth.o
#23 6.810     CC       link_gre.o
#23 6.821 In file included from ../include/uapi/linux/if_tunnel.h:6,
#23 6.821                  from link_gre.c:15:
#23 6.821 ../include/uapi/linux/if.h:134: warning: "IFF_VOLATILE" redefined
#23 6.821   134 | #define IFF_VOLATILE    (IFF_LOOPBACK|IFF_POINTOPOINT|IFF_BROADCAST|IFF_ECHO|\
#23 6.821       | 
#23 6.821 In file included from link_gre.c:9:
#23 6.821 /usr/include/net/if.h:48: note: this is the location of the previous definition
#23 6.821    48 | #define IFF_VOLATILE (IFF_LOOPBACK|IFF_POINTOPOINT|IFF_BROADCAST| \
#23 6.821       | 
#23 6.925     CC       iplink_can.o
#23 7.070     CC       iplink_xdp.o
#23 7.129     CC       iplink_macvlan.o
#23 7.199     CC       ipl2tp.o
#23 7.358     CC       link_vti.o
#23 7.370 In file included from ../include/uapi/linux/if_tunnel.h:6,
#23 7.370                  from link_vti.c:16:
#23 7.370 ../include/uapi/linux/if.h:134: warning: "IFF_VOLATILE" redefined
#23 7.370   134 | #define IFF_VOLATILE    (IFF_LOOPBACK|IFF_POINTOPOINT|IFF_BROADCAST|IFF_ECHO|\
#23 7.370       | 
#23 7.370 In file included from link_vti.c:10:
#23 7.370 /usr/include/net/if.h:48: note: this is the location of the previous definition
#23 7.370    48 | #define IFF_VOLATILE (IFF_LOOPBACK|IFF_POINTOPOINT|IFF_BROADCAST| \
#23 7.370       | 
#23 7.416     CC       link_vti6.o
#23 7.427 In file included from ../include/uapi/linux/if_tunnel.h:6,
#23 7.427                  from link_vti6.c:17:
#23 7.427 ../include/uapi/linux/if.h:134: warning: "IFF_VOLATILE" redefined
#23 7.427   134 | #define IFF_VOLATILE    (IFF_LOOPBACK|IFF_POINTOPOINT|IFF_BROADCAST|IFF_ECHO|\
#23 7.427       | 
#23 7.427 In file included from link_vti6.c:11:
#23 7.427 /usr/include/net/if.h:48: note: this is the location of the previous definition
#23 7.427    48 | #define IFF_VOLATILE (IFF_LOOPBACK|IFF_POINTOPOINT|IFF_BROADCAST| \
#23 7.427       | 
#23 7.472     CC       link_xfrm.o
#23 7.508     CC       iplink_vxlan.o
#23 7.659     CC       tcp_metrics.o
#23 7.762     CC       iplink_ipoib.o
#23 7.805     CC       ipnetconf.o
#23 7.861     CC       link_ip6tnl.o
#23 7.873 In file included from ../include/uapi/linux/if_tunnel.h:6,
#23 7.873                  from link_ip6tnl.c:15:
#23 7.873 ../include/uapi/linux/if.h:134: warning: "IFF_VOLATILE" redefined
#23 7.873   134 | #define IFF_VOLATILE    (IFF_LOOPBACK|IFF_POINTOPOINT|IFF_BROADCAST|IFF_ECHO|\
#23 7.873       | 
#23 7.873 In file included from link_ip6tnl.c:9:
#23 7.873 /usr/include/net/if.h:48: note: this is the location of the previous definition
#23 7.873    48 | #define IFF_VOLATILE (IFF_LOOPBACK|IFF_POINTOPOINT|IFF_BROADCAST| \
#23 7.873       | 
#23 7.969     CC       link_iptnl.o
#23 7.979 In file included from ../include/uapi/linux/if_tunnel.h:6,
#23 7.979                  from link_iptnl.c:16:
#23 7.979 ../include/uapi/linux/if.h:134: warning: "IFF_VOLATILE" redefined
#23 7.979   134 | #define IFF_VOLATILE    (IFF_LOOPBACK|IFF_POINTOPOINT|IFF_BROADCAST|IFF_ECHO|\
#23 7.979       | 
#23 7.979 In file included from link_iptnl.c:9:
#23 7.979 /usr/include/net/if.h:48: note: this is the location of the previous definition
#23 7.979    48 | #define IFF_VOLATILE (IFF_LOOPBACK|IFF_POINTOPOINT|IFF_BROADCAST| \
#23 7.979       | 
#23 8.066     CC       link_gre6.o
#23 8.076 In file included from ../include/uapi/linux/if_tunnel.h:6,
#23 8.076                  from link_gre6.c:15:
#23 8.076 ../include/uapi/linux/if.h:134: warning: "IFF_VOLATILE" redefined
#23 8.076   134 | #define IFF_VOLATILE    (IFF_LOOPBACK|IFF_POINTOPOINT|IFF_BROADCAST|IFF_ECHO|\
#23 8.076       | 
#23 8.076 In file included from link_gre6.c:9:
#23 8.076 /usr/include/net/if.h:48: note: this is the location of the previous definition
#23 8.076    48 | #define IFF_VOLATILE (IFF_LOOPBACK|IFF_POINTOPOINT|IFF_BROADCAST| \
#23 8.076       | 
#23 8.198     CC       iplink_bond.o
#23 8.395     CC       iplink_bond_slave.o
#23 8.448     CC       iplink_hsr.o
#23 8.494     CC       iplink_bridge.o
#23 8.644     CC       iplink_bridge_slave.o
#23 8.741     CC       iplink_dsa.o
#23 8.773     CC       ipfou.o
#23 8.851     CC       iplink_ipvlan.o
#23 8.890     CC       iplink_geneve.o
#23 8.989     CC       iplink_vrf.o
#23 9.037     CC       iproute_lwtunnel.o
#23 9.438     CC       ipmacsec.o
#23 9.678     CC       ipila.o
#23 9.753     CC       ipvrf.o
#23 9.859     CC       iplink_xstats.o
#23 9.890     CC       ipseg6.o
#23 9.954     CC       iplink_netdevsim.o
#23 9.975     CC       iplink_rmnet.o
#23 10.01     CC       ipnexthop.o
#23 10.26     CC       ipmptcp.o
#23 10.38     CC       iplink_bareudp.o
#23 10.43     CC       iplink_wwan.o
#23 10.46     CC       ipioam6.o
#23 10.53     CC       iplink_amt.o
#23 10.59     CC       iplink_batadv.o
#23 10.61     CC       iplink_gtp.o
#23 10.66     CC       iplink_virt_wifi.o
#23 10.68     CC       iplink_netkit.o
#23 10.72     CC       ipstats.o
#23 10.95     LINK     ip
#23 10.98     CC       rtmon.o
#23 11.04     LINK     rtmon
#23 11.05 
#23 11.05 tc
#23 11.05     CC       tc.o
#23 11.15     CC       tc_qdisc.o
#23 11.26     CC       tc_class.o
#23 11.38     CC       tc_filter.o
#23 11.53     CC       tc_util.o
#23 11.72     CC       tc_monitor.o
#23 11.75     CC       tc_exec.o
#23 11.79     CC       m_police.o
#23 11.87     CC       m_estimator.o
#23 11.90     CC       m_action.o
#23 12.07     CC       m_ematch.o
#23 12.18     YACC     emp_ematch.tab.c
#23 12.24     CC       emp_ematch.tab.o
#23 12.34     LEX      emp_ematch.lex.c
#23 12.35     CC       emp_ematch.lex.o
#23 12.52     CC       q_fifo.o
#23 12.55     CC       q_sfq.o
#23 12.64     CC       q_red.o
#23 12.71     CC       q_prio.o
#23 12.75     CC       q_skbprio.o
#23 12.79     CC       q_tbf.o
#23 12.89     CC       q_multiq.o
#23 12.92     CC       q_netem.o
#23 13.14     CC       q_choke.o
#23 13.22     CC       q_sfb.o
#23 13.29     CC       f_u32.o
#23 13.54     CC       f_route.o
#23 13.59     CC       f_fw.o
#23 13.64     CC       f_basic.o
#23 13.68     CC       f_bpf.o
#23 13.76     CC       f_flow.o
#23 13.85     CC       f_cgroup.o
#23 13.90     CC       f_flower.o
#23 13.91 In file included from ../include/uapi/linux/netdevice.h:29,
#23 13.91                  from ../include/uapi/linux/if_arp.h:27,
#23 13.91                  from f_flower.c:14:
#23 13.91 ../include/uapi/linux/if.h:134: warning: "IFF_VOLATILE" redefined
#23 13.91   134 | #define IFF_VOLATILE    (IFF_LOOPBACK|IFF_POINTOPOINT|IFF_BROADCAST|IFF_ECHO|\
#23 13.91       | 
#23 13.91 In file included from f_flower.c:12:
#23 13.91 /usr/include/net/if.h:48: note: this is the location of the previous definition
#23 13.91    48 | #define IFF_VOLATILE (IFF_LOOPBACK|IFF_POINTOPOINT|IFF_BROADCAST| \
#23 13.91       | 
#23 14.39     CC       q_gred.o
#23 14.51     CC       q_ingress.o
#23 14.54     CC       q_hfsc.o
#23 14.63     CC       q_htb.o
#23 14.72     CC       q_drr.o
#23 14.76     CC       q_qfq.o
#23 14.81     CC       m_gact.o
#23 14.87     CC       m_mirred.o
#23 14.94     CC       m_mpls.o
#23 15.01     CC       m_nat.o
#23 15.06     CC       m_pedit.o
#23 15.19     CC       m_ife.o
#23 15.26     CC       m_skbedit.o
#23 15.34     CC       m_skbmod.o
#23 15.39     CC       m_csum.o
#23 15.45     CC       m_simple.o
#23 15.50     CC       m_vlan.o
#23 15.56     CC       m_connmark.o
#23 15.60     CC       m_ctinfo.o
#23 15.66     CC       m_bpf.o
#23 15.72     CC       m_tunnel_key.o
#23 15.83     CC       m_sample.o
#23 15.88     CC       m_ct.o
#23 15.99     CC       m_gate.o
#23 16.08     CC       p_ip.o
#23 16.14     CC       p_ip6.o
#23 16.17     CC       p_icmp.o
#23 16.19     CC       p_eth.o
#23 16.22     CC       p_tcp.o
#23 16.25     CC       p_udp.o
#23 16.28     CC       em_nbyte.o
#23 16.33     CC       em_cmp.o
#23 16.39     CC       em_u32.o
#23 16.44     CC       em_canid.o
#23 16.48     CC       em_meta.o
#23 16.60     CC       q_mqprio.o
#23 16.71     CC       q_codel.o
#23 16.76     CC       q_fq_codel.o
#23 16.84     CC       q_fq.o
#23 16.96     CC       q_pie.o
#23 17.03     CC       q_fq_pie.o
#23 17.11     CC       q_cake.o
#23 17.29     CC       q_hhf.o
#23 17.35     CC       q_clsact.o
#23 17.37     CC       e_bpf.o
#23 17.45     CC       f_matchall.o
#23 17.49     CC       q_cbs.o
#23 17.54     CC       q_etf.o
#23 17.60     CC       q_taprio.o
#23 17.74     CC       q_plug.o
#23 17.78     CC       q_ets.o
#23 17.85     CC       em_ipt.o
#23 17.87 In file included from tc_util.h:7,
#23 17.87                  from m_ematch.h:11,
#23 17.87                  from em_ipt.c:13:
#23 17.87 ../include/uapi/linux/if.h:134: warning: "IFF_VOLATILE" redefined
#23 17.87   134 | #define IFF_VOLATILE    (IFF_LOOPBACK|IFF_POINTOPOINT|IFF_BROADCAST|IFF_ECHO|\
#23 17.87       | 
#23 17.87 In file included from ../include/xtables.h:17,
#23 17.87                  from em_ipt.c:12:
#23 17.87 /usr/include/net/if.h:48: note: this is the location of the previous definition
#23 17.87    48 | #define IFF_VOLATILE (IFF_LOOPBACK|IFF_POINTOPOINT|IFF_BROADCAST| \
#23 17.87       | 
#23 17.90     CC       em_ipset.o
#23 17.92 In file included from tc_util.h:7,
#23 17.92                  from m_ematch.h:11,
#23 17.92                  from em_ipset.c:39:
#23 17.92 ../include/uapi/linux/if.h:134: warning: "IFF_VOLATILE" redefined
#23 17.92   134 | #define IFF_VOLATILE    (IFF_LOOPBACK|IFF_POINTOPOINT|IFF_BROADCAST|IFF_ECHO|\
#23 17.92       | 
#23 17.92 In file included from ../include/xtables.h:17,
#23 17.92                  from em_ipset.c:23:
#23 17.92 /usr/include/net/if.h:48: note: this is the location of the previous definition
#23 17.92    48 | #define IFF_VOLATILE (IFF_LOOPBACK|IFF_POINTOPOINT|IFF_BROADCAST| \
#23 17.92       | 
#23 17.95     CC       tc_core.o
#23 18.03     CC       tc_red.o
#23 18.07     CC       tc_estimator.o
#23 18.10     CC       tc_stab.o
#23 18.15     CC       tc_qevent.o
#23 18.22     AR       libtc.a
#23 18.22     LINK     tc
#23 18.25 rm emp_ematch.lex.c
#23 18.25 
#23 18.25 bridge
#23 18.25     CC       bridge.o
#23 18.31     CC       fdb.o
#23 18.51     CC       monitor.o
#23 18.55     CC       link.o
#23 18.73     CC       mdb.o
#23 18.95     CC       vlan.o
#23 18.97 In file included from vlan.c:14:
#23 18.97 ../include/json_print.h:80:30: warning: 'struct timeval' declared inside parameter list will not be visible outside of this definition or declaration
#23 18.97    80 | _PRINT_FUNC(tv, const struct timeval *)
#23 18.97       |                              ^~~~~~~
#23 18.97 ../include/json_print.h:50:37: note: in definition of macro '_PRINT_FUNC'
#23 18.97    50 |                                     type value);                        \
#23 18.97       |                                     ^~~~
#23 18.97 ../include/json_print.h:80:30: warning: 'struct timeval' declared inside parameter list will not be visible outside of this definition or declaration
#23 18.97    80 | _PRINT_FUNC(tv, const struct timeval *)
#23 18.97       |                              ^~~~~~~
#23 18.97 ../include/json_print.h:55:45: note: in definition of macro '_PRINT_FUNC'
#23 18.97    55 |                                             type value)                 \
#23 18.97       |                                             ^~~~
#23 18.97 ../include/json_print.h: In function 'print_tv':
#23 18.97 ../include/json_print.h:58:48: warning: passing argument 5 of 'print_color_tv' from incompatible pointer type [-Wincompatible-pointer-types]
#23 18.97    58 |                                                value);                  \
#23 18.97       |                                                ^~~~~
#23 18.97       |                                                |
#23 18.97       |                                                const struct timeval *
#23 18.97 ../include/json_print.h:80:1: note: in expansion of macro '_PRINT_FUNC'
#23 18.97    80 | _PRINT_FUNC(tv, const struct timeval *)
#23 18.97       | ^~~~~~~~~~~
#23 18.97 ../include/json_print.h:50:42: note: expected 'const struct timeval *' but argument is of type 'const struct timeval *'
#23 18.97    50 |                                     type value);                        \
#23 18.97       |                                          ^
#23 18.97 ../include/json_print.h:80:1: note: in expansion of macro '_PRINT_FUNC'
#23 18.97    80 | _PRINT_FUNC(tv, const struct timeval *)
#23 18.97       | ^~~~~~~~~~~
#23 19.19     CC       vni.o
#23 19.20 In file included from vni.c:19:
#23 19.20 ../include/json_print.h:80:30: warning: 'struct timeval' declared inside parameter list will not be visible outside of this definition or declaration
#23 19.20    80 | _PRINT_FUNC(tv, const struct timeval *)
#23 19.20       |                              ^~~~~~~
#23 19.20 ../include/json_print.h:50:37: note: in definition of macro '_PRINT_FUNC'
#23 19.20    50 |                                     type value);                        \
#23 19.20       |                                     ^~~~
#23 19.20 ../include/json_print.h:80:30: warning: 'struct timeval' declared inside parameter list will not be visible outside of this definition or declaration
#23 19.20    80 | _PRINT_FUNC(tv, const struct timeval *)
#23 19.20       |                              ^~~~~~~
#23 19.20 ../include/json_print.h:55:45: note: in definition of macro '_PRINT_FUNC'
#23 19.20    55 |                                             type value)                 \
#23 19.20       |                                             ^~~~
#23 19.20 ../include/json_print.h: In function 'print_tv':
#23 19.20 ../include/json_print.h:58:48: warning: passing argument 5 of 'print_color_tv' from incompatible pointer type [-Wincompatible-pointer-types]
#23 19.20    58 |                                                value);                  \
#23 19.20       |                                                ^~~~~
#23 19.20       |                                                |
#23 19.20       |                                                const struct timeval *
#23 19.20 ../include/json_print.h:80:1: note: in expansion of macro '_PRINT_FUNC'
#23 19.20    80 | _PRINT_FUNC(tv, const struct timeval *)
#23 19.20       | ^~~~~~~~~~~
#23 19.20 ../include/json_print.h:50:42: note: expected 'const struct timeval *' but argument is of type 'const struct timeval *'
#23 19.20    50 |                                     type value);                        \
#23 19.20       |                                          ^
#23 19.20 ../include/json_print.h:80:1: note: in expansion of macro '_PRINT_FUNC'
#23 19.20    80 | _PRINT_FUNC(tv, const struct timeval *)
#23 19.20       | ^~~~~~~~~~~
#23 19.27     LINK     bridge
#23 19.28 
#23 19.28 misc
#23 19.29     CC       ss.o
#23 19.31 In file included from ../include/uapi/linux/tipc.h:42,
#23 19.31                  from ss.c:49:
#23 19.31 ../include/uapi/linux/sockios.h:42: warning: "SIOCGSTAMP" redefined
#23 19.31    42 | #define SIOCGSTAMP      SIOCGSTAMP_OLD
#23 19.31       | 
#23 19.31 In file included from /usr/include/sys/ioctl.h:10,
#23 19.31                  from ss.c:12:
#23 19.31 /usr/include/bits/ioctl.h:111: note: this is the location of the previous definition
#23 19.31   111 | #define SIOCGSTAMP      0x8906
#23 19.31       | 
#23 19.31 ../include/uapi/linux/sockios.h:43: warning: "SIOCGSTAMPNS" redefined
#23 19.31    43 | #define SIOCGSTAMPNS    SIOCGSTAMPNS_OLD
#23 19.31       | 
#23 19.31 /usr/include/bits/ioctl.h:112: note: this is the location of the previous definition
#23 19.31   112 | #define SIOCGSTAMPNS    0x8907
#23 19.31       | 
#23 20.24     CC       ssfilter_check.o
#23 20.27     YACC     ssfilter.tab.c
#23 20.33     CC       ssfilter.tab.o
#23 20.44     LINK     ss
#23 20.46     CC       nstat
#23 20.47 In file included from nstat.c:20:
#23 20.47 /usr/include/sys/poll.h:1:2: warning: #warning redirecting incorrect #include <sys/poll.h> to <poll.h> [-Wcpp]
#23 20.47     1 | #warning redirecting incorrect #include <sys/poll.h> to <poll.h>
#23 20.47       |  ^~~~~~~
#23 20.60     CC       ifstat
#23 20.61 In file included from ifstat.c:20:
#23 20.61 /usr/include/sys/poll.h:1:2: warning: #warning redirecting incorrect #include <sys/poll.h> to <poll.h> [-Wcpp]
#23 20.61     1 | #warning redirecting incorrect #include <sys/poll.h> to <poll.h>
#23 20.61       |  ^~~~~~~
#23 20.81     CC       rtacct
#23 20.82 In file included from rtacct.c:19:
#23 20.82 /usr/include/sys/poll.h:1:2: warning: #warning redirecting incorrect #include <sys/poll.h> to <poll.h> [-Wcpp]
#23 20.82     1 | #warning redirecting incorrect #include <sys/poll.h> to <poll.h>
#23 20.82       |  ^~~~~~~
#23 20.94     CC       lnstat.o
#23 21.00     CC       lnstat_util.o
#23 21.07     LINK     lnstat
#23 21.08 
#23 21.08 netem
#23 21.08 gcc  -I../include -o maketable maketable.c -lm
#23 21.11 gcc  -I../include -o normal normal.c -lm
#23 21.14 gcc  -I../include -o pareto pareto.c -lm
#23 21.16 gcc  -I../include -o paretonormal paretonormal.c -lm
#23 21.19 ./normal > normal.dist
#23 21.20 ./pareto > pareto.dist
#23 21.20 ./paretonormal > paretonormal.dist
#23 21.21 ./maketable experimental.dat > experimental.dist
#23 21.22 
#23 21.22 genl
#23 21.22     CC       genl.o
#23 21.26     CC       ctrl.o
#23 21.33     LINK     genl
#23 21.34 
#23 21.34 man
#23 21.35 make[2]: Nothing to be done for 'all'.
#23 21.35 make[2]: Nothing to be done for 'all'.
#23 21.35 sed \
#23 21.35 	-e "s|@NETNS_ETC_DIR@|/etc/netns|g" \
#23 21.35 	-e "s|@NETNS_RUN_DIR@|/var/run/netns|g" \
#23 21.35 	-e "s|@SYSCONF_ETC_DIR@|/etc/iproute2|g" \
#23 21.35 	-e "s|@SYSCONF_USR_DIR@|/usr/share/iproute2|g" \
#23 21.35 	ip-address.8.in > ip-address.8
#23 21.35 sed \
#23 21.35 	-e "s|@NETNS_ETC_DIR@|/etc/netns|g" \
#23 21.35 	-e "s|@NETNS_RUN_DIR@|/var/run/netns|g" \
#23 21.35 	-e "s|@SYSCONF_ETC_DIR@|/etc/iproute2|g" \
#23 21.35 	-e "s|@SYSCONF_USR_DIR@|/usr/share/iproute2|g" \
#23 21.35 	ip-link.8.in > ip-link.8
#23 21.36 sed \
#23 21.36 	-e "s|@NETNS_ETC_DIR@|/etc/netns|g" \
#23 21.36 	-e "s|@NETNS_RUN_DIR@|/var/run/netns|g" \
#23 21.36 	-e "s|@SYSCONF_ETC_DIR@|/etc/iproute2|g" \
#23 21.36 	-e "s|@SYSCONF_USR_DIR@|/usr/share/iproute2|g" \
#23 21.36 	ip-netns.8.in > ip-netns.8
#23 21.36 sed \
#23 21.36 	-e "s|@NETNS_ETC_DIR@|/etc/netns|g" \
#23 21.36 	-e "s|@NETNS_RUN_DIR@|/var/run/netns|g" \
#23 21.36 	-e "s|@SYSCONF_ETC_DIR@|/etc/iproute2|g" \
#23 21.36 	-e "s|@SYSCONF_USR_DIR@|/usr/share/iproute2|g" \
#23 21.36 	ip-route.8.in > ip-route.8
#23 21.36 
#23 21.36 tipc
#23 21.36     CC       bearer.o
#23 21.55     CC       cmdl.o
#23 21.59     CC       link.o
#23 21.81     CC       media.o
#23 21.86     CC       misc.o
#23 21.92     CC       msg.o
#23 21.94     CC       nametable.o
#23 21.98     CC       node.o
#23 22.07     CC       socket.o
#23 22.11     CC       peer.o
#23 22.14     CC       tipc.o
#23 22.17     LINK     tipc
#23 22.19 
#23 22.19 devlink
#23 22.19     CC       devlink.o
#23 23.87     CC       mnlg.o
#23 23.92     LINK     devlink
#23 23.93 
#23 23.93 rdma
#23 23.93     CC       rdma.o
#23 23.95 rdma.c: In function 'main':
#23 23.95 rdma.c:110:20: warning: implicit declaration of function 'basename'; did you mean 'rename'? [-Wimplicit-function-declaration]
#23 23.95   110 |         filename = basename(argv[0]);
#23 23.95       |                    ^~~~~~~~
#23 23.95       |                    rename
#23 23.95 rdma.c:110:18: warning: assignment to 'char *' from 'int' makes pointer from integer without a cast [-Wint-conversion]
#23 23.95   110 |         filename = basename(argv[0]);
#23 23.95       |                  ^
#23 23.99     CC       utils.o
#23 24.17     CC       dev.o
#23 24.24     CC       link.o
#23 24.33     CC       res.o
#23 24.45     CC       res-pd.o
#23 24.50     CC       res-mr.o
#23 24.54     CC       res-cq.o
#23 24.59     CC       res-cmid.o
#23 24.65     CC       res-qp.o
#23 24.71     CC       sys.o
#23 24.76     CC       stat.o
#23 24.98     CC       stat-mr.o
#23 25.02     CC       res-ctx.o
#23 25.06     CC       res-srq.o
#23 25.14     LINK     rdma
#23 25.16 
#23 25.16 dcb
#23 25.16     CC       dcb.o
#23 25.28     CC       dcb_app.o
#23 25.48     CC       dcb_buffer.o
#23 25.54     CC       dcb_dcbx.o
#23 25.59     CC       dcb_ets.o
#23 25.67     CC       dcb_maxrate.o
#23 25.72     CC       dcb_pfc.o
#23 25.79     CC       dcb_apptrust.o
#23 25.86     CC       dcb_rewr.o
#23 25.93     LINK     dcb
#23 25.95 
#23 25.95 vdpa
#23 25.95     CC       vdpa.o
#23 25.96 In file included from vdpa.c:19:
#23 25.96 ../include/json_print.h:80:30: warning: 'struct timeval' declared inside parameter list will not be visible outside of this definition or declaration
#23 25.96    80 | _PRINT_FUNC(tv, const struct timeval *)
#23 25.96       |                              ^~~~~~~
#23 25.96 ../include/json_print.h:50:37: note: in definition of macro '_PRINT_FUNC'
#23 25.96    50 |                                     type value);                        \
#23 25.96       |                                     ^~~~
#23 25.96 ../include/json_print.h:80:30: warning: 'struct timeval' declared inside parameter list will not be visible outside of this definition or declaration
#23 25.96    80 | _PRINT_FUNC(tv, const struct timeval *)
#23 25.96       |                              ^~~~~~~
#23 25.96 ../include/json_print.h:55:45: note: in definition of macro '_PRINT_FUNC'
#23 25.96    55 |                                             type value)                 \
#23 25.96       |                                             ^~~~
#23 25.96 ../include/json_print.h: In function 'print_tv':
#23 25.96 ../include/json_print.h:58:48: warning: passing argument 5 of 'print_color_tv' from incompatible pointer type [-Wincompatible-pointer-types]
#23 25.96    58 |                                                value);                  \
#23 25.96       |                                                ^~~~~
#23 25.96       |                                                |
#23 25.96       |                                                const struct timeval *
#23 25.96 ../include/json_print.h:80:1: note: in expansion of macro '_PRINT_FUNC'
#23 25.96    80 | _PRINT_FUNC(tv, const struct timeval *)
#23 25.96       | ^~~~~~~~~~~
#23 25.96 ../include/json_print.h:50:42: note: expected 'const struct timeval *' but argument is of type 'const struct timeval *'
#23 25.96    50 |                                     type value);                        \
#23 25.96       |                                          ^
#23 25.96 ../include/json_print.h:80:1: note: in expansion of macro '_PRINT_FUNC'
#23 25.96    80 | _PRINT_FUNC(tv, const struct timeval *)
#23 25.96       | ^~~~~~~~~~~
#23 26.10     LINK     vdpa
#23 DONE 26.1s

#24 [20/23] RUN git clone --no-single-branch --depth=1 https://github.com/linux-netdev/testing.git /nipa-data/kernel
#24 0.387 Cloning into '/nipa-data/kernel'...
#24 19.21 Updating files:  16% (14022/83283)Updating files:  17% (14159/83283)Updating files:  18% (14991/83283)Updating files:  19% (15824/83283)Updating files:  20% (16657/83283)Updating files:  21% (17490/83283)Updating files:  22% (18323/83283)Updating files:  23% (19156/83283)Updating files:  24% (19988/83283)Updating files:  25% (20821/83283)Updating files:  26% (21654/83283)Updating files:  27% (22487/83283)Updating files:  28% (23320/83283)Updating files:  29% (24153/83283)Updating files:  30% (24985/83283)Updating files:  31% (25818/83283)Updating files:  32% (26651/83283)Updating files:  33% (27484/83283)Updating files:  34% (28317/83283)Updating files:  34% (29047/83283)Updating files:  35% (29150/83283)Updating files:  36% (29982/83283)Updating files:  37% (30815/83283)Updating files:  38% (31648/83283)Updating files:  39% (32481/83283)Updating files:  40% (33314/83283)Updating files:  40% (33605/83283)Updating files:  41% (34147/83283)Updating files:  42% (34979/83283)Updating files:  43% (35812/83283)Updating files:  44% (36645/83283)Updating files:  45% (37478/83283)Updating files:  46% (38311/83283)Updating files:  47% (39144/83283)Updating files:  48% (39976/83283)Updating files:  49% (40809/83283)Updating files:  50% (41642/83283)Updating files:  50% (42268/83283)Updating files:  51% (42475/83283)Updating files:  52% (43308/83283)Updating files:  53% (44140/83283)Updating files:  54% (44973/83283)Updating files:  55% (45806/83283)Updating files:  56% (46639/83283)Updating files:  57% (47472/83283)Updating files:  58% (48305/83283)Updating files:  59% (49137/83283)Updating files:  60% (49970/83283)Updating files:  61% (50803/83283)Updating files:  62% (51636/83283)Updating files:  63% (52469/83283)Updating files:  64% (53302/83283)Updating files:  64% (53691/83283)Updating files:  65% (54134/83283)Updating files:  66% (54967/83283)Updating files:  67% (55800/83283)Updating files:  68% (56633/83283)Updating files:  69% (57466/83283)Updating files:  70% (58299/83283)Updating files:  71% (59131/83283)Updating files:  72% (59964/83283)Updating files:  73% (60797/83283)Updating files:  74% (61630/83283)Updating files:  75% (62463/83283)Updating files:  76% (63296/83283)Updating files:  77% (64128/83283)Updating files:  78% (64961/83283)Updating files:  79% (65794/83283)Updating files:  80% (66627/83283)Updating files:  81% (67460/83283)Updating files:  82% (68293/83283)Updating files:  82% (68671/83283)Updating files:  83% (69125/83283)Updating files:  84% (69958/83283)Updating files:  85% (70791/83283)Updating files:  86% (71624/83283)Updating files:  87% (72457/83283)Updating files:  88% (73290/83283)Updating files:  89% (74122/83283)Updating files:  90% (74955/83283)Updating files:  91% (75788/83283)Updating files:  92% (76621/83283)Updating files:  93% (77454/83283)Updating files:  94% (78287/83283)Updating files:  95% (79119/83283)Updating files:  96% (79952/83283)Updating files:  97% (80785/83283)Updating files:  98% (81618/83283)Updating files:  99% (82451/83283)Updating files: 100% (83283/83283)Updating files: 100% (83283/83283), done.
#24 DONE 26.9s

#25 [21/23] RUN git clone --depth=1 -b main https://github.com/p4tc-dev/new-nipa.git nipa
#25 0.326 Cloning into 'nipa'...
#25 DONE 0.7s

#26 [22/23] COPY entrypoint.sh /entrypoint.sh
#26 DONE 0.0s

#27 [23/23] RUN sed -i '/\["-serial", "none"\]/d' /usr/lib/python3.11/site-packages/virtme/commands/run.py
#27 DONE 0.5s

#28 exporting to image
#28 exporting layers
#28 exporting layers 7.5s done
#28 writing image sha256:3b2d1358bfd621faeb6a70698d553994957efb634728c538b8dcff2199ec5999 0.0s done
#28 naming to docker.io/library/nipa-executor 0.0s done
#28 DONE 7.6s
NIPA version: 1b9c21a (ui: set canvas background color to stand out, 2024-03-28)
INFO: Last run date: 2024-04-10 18:00:04.022184+00:00
Testing  {'branch': 'net-next-2024-04-10--21-00', 'date': '2024-04-10T21:00:04.474138+00:00', 'base': 'd997bf989866482b4bf55b13868de46aa372850d', 'url': 'https://github.com/linux-netdev/testing.git net-next-2024-04-10--21-00'}
Updating files:  45% (6628/14495)Updating files:  46% (6668/14495)Updating files:  47% (6813/14495)Updating files:  48% (6958/14495)Updating files:  49% (7103/14495)Updating files:  50% (7248/14495)Updating files:  51% (7393/14495)Updating files:  52% (7538/14495)Updating files:  53% (7683/14495)Updating files:  54% (7828/14495)Updating files:  55% (7973/14495)Updating files:  56% (8118/14495)Updating files:  57% (8263/14495)Updating files:  58% (8408/14495)Updating files:  59% (8553/14495)Updating files:  60% (8697/14495)Updating files:  61% (8842/14495)Updating files:  62% (8987/14495)Updating files:  63% (9132/14495)Updating files:  64% (9277/14495)Updating files:  65% (9422/14495)Updating files:  66% (9567/14495)Updating files:  67% (9712/14495)Updating files:  68% (9857/14495)Updating files:  69% (10002/14495)Updating files:  70% (10147/14495)Updating files:  71% (10292/14495)Updating files:  72% (10437/14495)Updating files:  73% (10582/14495)Updating files:  74% (10727/14495)Updating files:  75% (10872/14495)Updating files:  76% (11017/14495)Updating files:  77% (11162/14495)Updating files:  78% (11307/14495)Updating files:  79% (11452/14495)Updating files:  80% (11596/14495)Updating files:  81% (11741/14495)Updating files:  82% (11886/14495)Updating files:  83% (12031/14495)Updating files:  84% (12176/14495)Updating files:  85% (12321/14495)Updating files:  86% (12466/14495)Updating files:  87% (12611/14495)Updating files:  88% (12756/14495)Updating files:  89% (12901/14495)Updating files:  89% (12913/14495)Updating files:  90% (13046/14495)Updating files:  91% (13191/14495)Updating files:  92% (13336/14495)Updating files:  93% (13481/14495)Updating files:  94% (13626/14495)Updating files:  95% (13771/14495)Updating files:  96% (13916/14495)Updating files:  97% (14061/14495)Updating files:  98% (14206/14495)Updating files:  99% (14351/14495)Updating files: 100% (14495/14495)Updating files: 100% (14495/14495), done.
branch 'net-next-2024-04-10--21-00' set up to track 'origin/net-next-2024-04-10--21-00'.
Switched to a new branch 'net-next-2024-04-10--21-00'
error: No valid patches in input (allow with "--allow-empty")
Checking patch tools/testing/selftests/tc-testing/tdc_config.py...
Applied patch tools/testing/selftests/tc-testing/tdc_config.py cleanly.
Run at 2024-04-10 21:03:23.506852
INFO: building kernel
INFO: starting VM 0
INFO: thr0-0 VM starting: vng -v -r arch/x86/boot/bzImage --user root --rwdir=/nipa-data/kernel/
INFO: thr0-0 expecting prompt: '/nipa-data/kernel# '
INFO: thr0-0 reached initial prompt
INFO: thr-0 testing == tdc.sh
INFO: thr-0 tdc.sh >> retcode: 0 result: pass found {'fail': False, 'skip': False, 'pass': True}
INFO: thr-0 has no more work, exiting
INFO: thr0-0 VM stopped
Done at 2024-04-10 21:06:55.606597
NIPA quitting!
/
~/nipa/tc-executor/tc-executor-storage /
sort: write failed: 'standard output': Broken pipe
sort: write error
