~/nipa/tc-executor/tc-executor-storage /
Switched to branch 'storage'
Your branch is ahead of 'origin/storage' by 161 commits.
  (use "git push" to publish your local commits)
/
~/nipa/tc-executor /
Error response from daemon: No such image: nipa-executor:latest
#0 building with "default" instance using docker driver

#1 [internal] load .dockerignore
#1 transferring context: 2B done
#1 DONE 0.0s

#2 [internal] load build definition from Dockerfile
#2 transferring dockerfile: 2.03kB done
#2 DONE 0.0s

#3 [internal] load metadata for docker.io/library/alpine:edge
#3 DONE 0.0s

#4 [ 1/22] FROM docker.io/library/alpine:edge
#4 CACHED

#5 [internal] load build context
#5 transferring context: 3.02kB done
#5 DONE 0.0s

#6 [ 2/22] RUN echo false > debug-mode
#6 DONE 0.4s

#7 [ 3/22] RUN addgroup -g 1001 hostuser
#7 DONE 0.4s

#8 [ 4/22] RUN adduser -u 1001 -G hostuser -H -D -s /bin/ash hostuser
#8 DONE 0.4s

#9 [ 5/22] RUN echo '@testing http://dl-cdn.alpinelinux.org/alpine/edge/testing' >> /etc/apk/repositories
#9 DONE 0.5s

#10 [ 6/22] RUN echo '@community http://dl-cdn.alpinelinux.org/alpine/edge/community' >> /etc/apk/repositories
#10 DONE 0.5s

#11 [ 7/22] RUN apk update && apk add --no-cache    virtme-ng@testing    git    py3-requests    py3-psutil    py3-setuptools    py3-pyroute2    py3-argcomplete    qemu-system-x86_64@community    scapy@community    make    gcc    musl-dev    flex    bison    linux-headers    elfutils-dev    util-linux    coreutils    diffutils    findutils    file    bash    kmod    perl    iptables-dev    libcap-dev    libmnl-dev    iproute2     jq    libbpf-dev    rsync
#11 0.329 fetch https://dl-cdn.alpinelinux.org/alpine/edge/main/x86_64/APKINDEX.tar.gz
#11 0.573 fetch https://dl-cdn.alpinelinux.org/alpine/edge/community/x86_64/APKINDEX.tar.gz
#11 0.774 fetch http://dl-cdn.alpinelinux.org/alpine/edge/testing/x86_64/APKINDEX.tar.gz
#11 0.970 fetch http://dl-cdn.alpinelinux.org/alpine/edge/community/x86_64/APKINDEX.tar.gz
#11 1.179 v20231219-4760-ge5f8015a7f4 [https://dl-cdn.alpinelinux.org/alpine/edge/main]
#11 1.179 v20231219-4825-gbb189115134 [https://dl-cdn.alpinelinux.org/alpine/edge/community]
#11 1.179 v20231219-4813-g7b64e3a759e [http://dl-cdn.alpinelinux.org/alpine/edge/testing]
#11 1.179 v20231219-4825-gbb189115134 [http://dl-cdn.alpinelinux.org/alpine/edge/community]
#11 1.179 OK: 30601 distinct packages available
#11 1.245 fetch https://dl-cdn.alpinelinux.org/alpine/edge/main/x86_64/APKINDEX.tar.gz
#11 1.348 fetch https://dl-cdn.alpinelinux.org/alpine/edge/community/x86_64/APKINDEX.tar.gz
#11 1.439 fetch http://dl-cdn.alpinelinux.org/alpine/edge/testing/x86_64/APKINDEX.tar.gz
#11 1.526 fetch http://dl-cdn.alpinelinux.org/alpine/edge/community/x86_64/APKINDEX.tar.gz
#11 1.718 (1/175) Upgrading musl (1.2.4_git20230717-r5 -> 1.2.5-r0)
#11 1.738 (2/175) Upgrading zlib (1.3-r2 -> 1.3.1-r0)
#11 1.757 (3/175) Installing ncurses-terminfo-base (6.4_p20231125-r0)
#11 1.772 (4/175) Installing libncursesw (6.4_p20231125-r0)
#11 1.787 (5/175) Installing readline (8.2.10-r0)
#11 1.806 (6/175) Installing bash (5.2.26-r0)
#11 1.830 Executing bash-5.2.26-r0.post-install
#11 1.833 (7/175) Installing m4 (1.4.19-r3)
#11 1.851 (8/175) Installing bison (3.8.2-r1)
#11 1.872 (9/175) Installing coreutils-env (9.4-r2)
#11 1.912 (10/175) Installing coreutils-fmt (9.4-r2)
#11 1.931 (11/175) Installing coreutils-sha512sum (9.4-r2)
#11 1.951 (12/175) Installing libacl (2.3.2-r0)
#11 1.968 (13/175) Installing libattr (2.5.2-r0)
#11 1.983 (14/175) Installing skalibs (2.14.1.1-r0)
#11 1.996 (15/175) Installing utmps-libs (0.1.2.2-r0)
#11 2.009 (16/175) Installing coreutils (9.4-r2)
#11 2.033 (17/175) Installing diffutils (3.10-r0)
#11 2.048 (18/175) Installing zstd-libs (1.5.5-r8)
#11 2.065 (19/175) Installing libelf (0.190-r1)
#11 2.078 (20/175) Installing libbz2 (1.0.8-r6)
#11 2.092 (21/175) Installing musl-fts (1.2.7-r6)
#11 2.104 (22/175) Installing xz-libs (5.4.6-r0)
#11 2.120 (23/175) Installing libdw (0.190-r1)
#11 2.142 (24/175) Installing libasm (0.190-r1)
#11 2.158 (25/175) Installing xz (5.4.6-r0)
#11 2.173 (26/175) Installing pkgconf (2.1.1-r0)
#11 2.187 (27/175) Installing xz-dev (5.4.6-r0)
#11 2.205 (28/175) Installing libgcc (13.2.1_git20231014-r1)
#11 2.219 (29/175) Installing libstdc++ (13.2.1_git20231014-r1)
#11 2.249 (30/175) Installing zstd (1.5.5-r8)
#11 2.263 (31/175) Installing zstd-dev (1.5.5-r8)
#11 2.277 (32/175) Installing zlib-dev (1.3.1-r0)
#11 2.290 (33/175) Installing elfutils-dev (0.190-r1)
#11 2.313 (34/175) Installing libmagic (5.45-r1)
#11 2.348 (35/175) Installing file (5.45-r1)
#11 2.370 (36/175) Installing findutils (4.9.0-r5)
#11 2.386 (37/175) Installing flex (2.6.4-r6)
#11 2.400 (38/175) Installing jansson (2.14-r4)
#11 2.413 (39/175) Installing binutils (2.42-r0)
#11 2.472 (40/175) Installing libgomp (13.2.1_git20231014-r1)
#11 2.493 (41/175) Installing libatomic (13.2.1_git20231014-r1)
#11 2.505 (42/175) Installing gmp (6.3.0-r0)
#11 2.521 (43/175) Installing isl26 (0.26-r1)
#11 2.546 (44/175) Installing mpfr4 (4.2.1-r0)
#11 2.564 (45/175) Installing mpc1 (1.3.1-r1)
#11 2.577 (46/175) Installing gcc (13.2.1_git20231014-r1)
#11 3.076 (47/175) Installing ca-certificates (20240226-r0)
#11 3.099 (48/175) Installing brotli-libs (1.1.0-r1)
#11 3.117 (49/175) Installing c-ares (1.26.0-r0)
#11 3.138 (50/175) Installing libunistring (1.2-r0)
#11 3.158 (51/175) Installing libidn2 (2.3.7-r0)
#11 3.177 (52/175) Installing nghttp2-libs (1.59.0-r0)
#11 3.190 (53/175) Installing libpsl (0.21.5-r1)
#11 3.203 (54/175) Installing libcurl (8.6.0-r0)
#11 3.220 (55/175) Installing libexpat (2.6.0-r0)
#11 3.234 (56/175) Installing pcre2 (10.43-r0)
#11 3.254 (57/175) Installing git (2.44.0-r0)
#11 3.304 (58/175) Installing git-init-template (2.44.0-r0)
#11 3.317 (59/175) Installing libcap2 (2.69-r1)
#11 3.330 (60/175) Installing libmnl (1.0.5-r2)
#11 3.342 (61/175) Installing iproute2-minimal (6.7.0-r0)
#11 3.362 (62/175) Installing libxtables (1.8.10-r3)
#11 3.375 (63/175) Installing iproute2-tc (6.7.0-r0)
#11 3.395 (64/175) Installing iproute2-ss (6.7.0-r0)
#11 3.417 (65/175) Installing iproute2 (6.7.0-r0)
#11 3.440 Executing iproute2-6.7.0-r0.post-install
#11 3.443 (66/175) Installing linux-headers (6.6-r0)
#11 3.531 (67/175) Installing libip4tc (1.8.10-r3)
#11 3.543 (68/175) Installing libip6tc (1.8.10-r3)
#11 3.563 (69/175) Installing libipq (1.8.10-r3)
#11 3.576 (70/175) Installing iptables-dev (1.8.10-r3)
#11 3.593 (71/175) Installing oniguruma (6.9.9-r0)
#11 3.611 (72/175) Installing jq (1.7.1-r0)
#11 3.633 (73/175) Installing kmod (31-r4)
#11 3.649 (74/175) Installing libbpf (1.3.0-r0)
#11 3.665 (75/175) Installing libbpf-dev (1.3.0-r0)
#11 3.686 (76/175) Installing libcap-dev (2.69-r1)
#11 3.701 (77/175) Installing libmnl-dev (1.0.5-r2)
#11 3.716 (78/175) Installing make (4.4.1-r2)
#11 3.738 (79/175) Installing musl-dev (1.2.5-r0)
#11 3.792 (80/175) Installing perl (5.38.2-r0)
#11 3.984 (81/175) Installing perl-error (0.17029-r2)
#11 3.996 (82/175) Installing perl-git (2.44.0-r0)
#11 4.016 (83/175) Installing git-perl (2.44.0-r0)
#11 4.030 (84/175) Installing libffi (3.4.6-r0)
#11 4.043 (85/175) Installing gdbm (1.23-r1)
#11 4.056 (86/175) Installing mpdecimal (4.0.0-r0)
#11 4.073 (87/175) Installing libpanelw (6.4_p20231125-r0)
#11 4.085 (88/175) Installing sqlite-libs (3.45.1-r0)
#11 4.107 (89/175) Installing python3 (3.11.8-r0)
#11 4.255 (90/175) Installing python3-pycache-pyc0 (3.11.8-r0)
#11 4.354 (91/175) Installing pyc (3.11.8-r0)
#11 4.366 (92/175) Installing py3-argcomplete-pyc (3.2.2-r0)
#11 4.380 (93/175) Installing python3-pyc (3.11.8-r0)
#11 4.393 (94/175) Installing py3-argcomplete (3.2.2-r0)
#11 4.408 (95/175) Installing py3-psutil (5.9.8-r0)
#11 4.429 (96/175) Installing py3-psutil-pyc (5.9.8-r0)
#11 4.446 (97/175) Installing py3-pyroute2 (0.7.10-r0)
#11 4.477 (98/175) Installing py3-pyroute2-pyc (0.7.10-r0)
#11 4.515 (99/175) Installing py3-certifi (2023.11.17-r0)
#11 4.531 (100/175) Installing py3-certifi-pyc (2023.11.17-r0)
#11 4.543 (101/175) Installing py3-charset-normalizer (3.3.2-r0)
#11 4.557 (102/175) Installing py3-charset-normalizer-pyc (3.3.2-r0)
#11 4.581 (103/175) Installing py3-idna (3.6-r0)
#11 4.603 (104/175) Installing py3-idna-pyc (3.6-r0)
#11 4.623 (105/175) Installing py3-urllib3 (1.26.18-r0)
#11 4.640 (106/175) Installing py3-urllib3-pyc (1.26.18-r0)
#11 4.660 (107/175) Installing py3-requests (2.31.0-r1)
#11 4.680 (108/175) Installing py3-requests-pyc (2.31.0-r1)
#11 4.698 (109/175) Installing py3-parsing (3.1.1-r0)
#11 4.716 (110/175) Installing py3-parsing-pyc (3.1.1-r0)
#11 4.732 (111/175) Installing py3-packaging (23.2-r0)
#11 4.746 (112/175) Installing py3-packaging-pyc (23.2-r0)
#11 4.770 (113/175) Installing py3-setuptools (69.1.1-r0)
#11 4.814 (114/175) Installing py3-setuptools-pyc (69.1.1-r0)
#11 4.866 (115/175) Installing libcap-ng (0.8.4-r0)
#11 4.880 (116/175) Installing libintl (0.22.4-r0)
#11 4.898 (117/175) Installing libblkid (2.39.3-r0)
#11 4.912 (118/175) Installing libmount (2.39.3-r0)
#11 4.928 (119/175) Installing glib (2.78.4-r0)
#11 4.960 (120/175) Installing numactl (2.0.18-r0)
#11 4.973 (121/175) Installing qemu (8.2.1-r0)
#11 5.099 Executing qemu-8.2.1-r0.pre-install
#11 5.159 Executing qemu-8.2.1-r0.post-install
#11 5.161 *
#11 5.161 * If you want to run VM as unprivileged user and let Qemu create tunX devices,
#11 5.161 * then you must add that user to the group "qemu".
#11 5.161 * If you use KVM for hardware-assisted virtualization, then you may also need
#11 5.161 * to add that user to the group "kvm".
#11 5.161 *
#11 5.162 (122/175) Installing qemu-bridge-helper (8.2.1-r0)
#11 5.180 (123/175) Installing libaio (0.3.113-r2)
#11 5.192 (124/175) Installing capstone (5.0.1-r2)
#11 5.224 (125/175) Installing py3-capstone (5.0.1-r2)
#11 5.261 (126/175) Installing py3-capstone-pyc (5.0.1-r2)
#11 5.274 (127/175) Installing nettle (3.9.1-r0)
#11 5.293 (128/175) Installing libtasn1 (4.19.0-r2)
#11 5.307 (129/175) Installing p11-kit (0.25.3-r0)
#11 5.326 (130/175) Installing gnutls (3.8.3-r0)
#11 5.351 (131/175) Installing libjpeg-turbo (3.0.2-r0)
#11 5.370 (132/175) Installing lzo (2.10-r5)
#11 5.386 (133/175) Installing pixman (0.43.2-r0)
#11 5.412 (134/175) Installing libpng (1.6.43-r0)
#11 5.429 (135/175) Installing libsasl (2.1.28-r6)
#11 5.447 (136/175) Installing libseccomp (2.5.5-r0)
#11 5.463 (137/175) Installing libslirp (4.7.0-r0)
#11 5.479 (138/175) Installing snappy (1.1.10-r2)
#11 5.500 (139/175) Installing liburing (2.5-r1)
#11 5.520 (140/175) Installing vde2-libs (2.3.3-r1)
#11 5.533 (141/175) Installing qemu-system-x86_64 (8.2.1-r0)
#11 5.652 (142/175) Installing lz4-libs (1.9.4-r5)
#11 5.673 (143/175) Installing popt (1.19-r3)
#11 5.686 (144/175) Installing libxxhash (0.8.2-r2)
#11 5.709 (145/175) Installing rsync (3.2.7-r4)
#11 5.726 (146/175) Installing scapy (2.5.0-r1)
#11 5.782 Executing scapy-2.5.0-r1.post-install
#11 5.784 *
#11 5.784 * Certain optional features of scapy also depend on the following packages:
#11 5.784 *     py3-matplotlib graphviz imagemagick py3-cryptography sox
#11 5.784 * And the following unpackaged dependencies:
#11 5.784 *     pyxi vpython-jupyter nmap<v4.23
#11 5.784 * More information can be found at https://scapy.readthedocs.io/en/latest/installation.html#optional-dependencies
#11 5.784 *
#11 5.784 (147/175) Installing scapy-pyc (2.5.0-r1)
#11 5.847 (148/175) Installing util-linux (2.39.3-r0)
#11 5.866 (149/175) Installing setarch (2.39.3-r0)
#11 5.880 (150/175) Installing libuuid (2.39.3-r0)
#11 5.894 (151/175) Installing libfdisk (2.39.3-r0)
#11 5.912 (152/175) Installing libsmartcols (2.39.3-r0)
#11 5.931 (153/175) Installing util-linux-misc (2.39.3-r0)
#11 5.961 (154/175) Installing libeconf (0.5.2-r2)
#11 5.973 (155/175) Installing linux-pam (1.5.3-r7)
#11 5.997 (156/175) Installing runuser (2.39.3-r0)
#11 6.020 (157/175) Installing mount (2.39.3-r0)
#11 6.037 (158/175) Installing losetup (2.39.3-r0)
#11 6.057 (159/175) Installing hexdump (2.39.3-r0)
#11 6.072 (160/175) Installing uuidgen (2.39.3-r0)
#11 6.087 (161/175) Installing blkid (2.39.3-r0)
#11 6.099 (162/175) Installing sfdisk (2.39.3-r0)
#11 6.113 (163/175) Installing mcookie (2.39.3-r0)
#11 6.128 (164/175) Installing agetty (2.39.3-r0)
#11 6.142 (165/175) Installing wipefs (2.39.3-r0)
#11 6.155 (166/175) Installing cfdisk (2.39.3-r0)
#11 6.176 (167/175) Installing umount (2.39.3-r0)
#11 6.193 (168/175) Installing flock (2.39.3-r0)
#11 6.205 (169/175) Installing lsblk (2.39.3-r0)
#11 6.219 (170/175) Installing setpriv (2.39.3-r0)
#11 6.236 (171/175) Installing logger (2.39.3-r0)
#11 6.250 (172/175) Installing partx (2.39.3-r0)
#11 6.263 (173/175) Installing fstrim (2.39.3-r0)
#11 6.275 (174/175) Installing findmnt (2.39.3-r0)
#11 6.295 (175/175) Installing virtme-ng@testing (1.20-r0)
#11 6.367 Executing busybox-1.36.1-r17.trigger
#11 6.370 Executing ca-certificates-20240226-r0.trigger
#11 6.393 Executing glib-2.78.4-r0.trigger
#11 6.398 OK: 385 MiB in 188 packages
#11 DONE 6.7s

#12 [ 8/22] RUN mkdir -p /tmp/kernel-patches &&     mkdir -p /tmp/iproute2-patches
#12 DONE 0.4s

#13 [ 9/22] COPY tdc.config /tmp
#13 DONE 0.0s

#14 [10/22] COPY tdc-debug.config /tmp
#14 DONE 0.1s

#15 [11/22] COPY kernel-patches /tmp/kernel-patches/
#15 DONE 0.0s

#16 [12/22] COPY iproute2-patches /tmp/iproute2-patches/
#16 DONE 0.0s

#17 [13/22] COPY configs /tmp/configs/
#17 DONE 0.0s

#18 [14/22] RUN git config --global user.email foo@bar.com
#18 DONE 0.3s

#19 [15/22] RUN git config --global user.name foo@bar.com
#19 DONE 0.4s

#20 [16/22] RUN git clone https://git.kernel.org/pub/scm/network/iproute2/iproute2-next.git /nipa-data/iproute2
#20 0.357 Cloning into '/nipa-data/iproute2'...
#20 DONE 1.9s

#21 [17/22] RUN cd /nipa-data/iproute2 && 	git remote add stable https://git.kernel.org/pub/scm/network/iproute2/iproute2.git && 	git fetch --all && 	git merge stable/main
#21 0.422 Fetching origin
#21 0.707 Fetching stable
#21 1.287 From https://git.kernel.org/pub/scm/network/iproute2/iproute2
#21 1.287  * [new branch]        codeql         -> stable/codeql
#21 1.287  * [new branch]        color-opt      -> stable/color-opt
#21 1.287  * [new branch]        flag-names     -> stable/flag-names
#21 1.287  * [new branch]        iproute2-4.1.x -> stable/iproute2-4.1.x
#21 1.287  * [new branch]        json1          -> stable/json1
#21 1.287  * [new branch]        main           -> stable/main
#21 1.288  * [new branch]        net-next       -> stable/net-next
#21 1.288  * [new branch]        warnings       -> stable/warnings
#21 1.369 Auto-merging misc/ifstat.c
#21 1.373 Merge made by the 'ort' strategy.
#21 1.376  ip/iptuntap.c |  5 ++---
#21 1.376  man/man8/ip.8 | 33 +++++++++++++++++++++++++++++++--
#21 1.376  misc/ifstat.c |  6 ++++--
#21 1.376  3 files changed, 37 insertions(+), 7 deletions(-)
#21 DONE 1.4s

#22 [18/22] RUN if [ "$(find /tmp/iproute2-patches/ -name *.patch)" ]; then  	cd /nipa-data/iproute2; 	git apply /tmp/iproute2-patches/*.patch;     fi
#22 DONE 0.4s

#23 [19/22] RUN cd /nipa-data/iproute2/ &&     ./configure &&     make
#23 0.360 TC schedulers
#23 0.361  IPT	using xtables
#23 0.388  IPSET  yes
#23 0.408 
#23 0.409 lib directory: /usr/lib
#23 0.409 libc has setns: yes
#23 0.433 libc has name_to_handle_at: yes
#23 0.456 SELinux support: no
#23 0.457 libtirpc support: no
#23 0.457 libbpf support: yes
#23 0.524 	libbpf version 1.3.0
#23 0.524 ELF support: yes
#23 0.526 libmnl support: yes
#23 0.527 Berkeley DB: no
#23 0.537 need for strlcpy: no
#23 0.557 libcap support: yes
#23 0.559 color output: never
#23 0.561 
#23 0.561 lib
#23 0.563     CC       libgenl.o
#23 0.604     CC       libnetlink.o
#23 0.903     CC       mnl_utils.o
#23 0.980     AR       libnetlink.a
#23 0.982     CC       utils.o
#23 1.348     CC       utils_math.o
#23 1.388     CC       rt_names.o
#23 1.545     CC       ll_map.o
#23 1.634     CC       ll_types.o
#23 1.646 In file included from ll_types.c:20:
#23 1.646 ../include/uapi/linux/sockios.h:42: warning: "SIOCGSTAMP" redefined
#23 1.646    42 | #define SIOCGSTAMP      SIOCGSTAMP_OLD
#23 1.646       | 
#23 1.646 In file included from /usr/include/sys/ioctl.h:10,
#23 1.646                  from ll_types.c:12:
#23 1.646 /usr/include/bits/ioctl.h:111: note: this is the location of the previous definition
#23 1.646   111 | #define SIOCGSTAMP      0x8906
#23 1.646       | 
#23 1.646 ../include/uapi/linux/sockios.h:43: warning: "SIOCGSTAMPNS" redefined
#23 1.646    43 | #define SIOCGSTAMPNS    SIOCGSTAMPNS_OLD
#23 1.646       | 
#23 1.646 /usr/include/bits/ioctl.h:112: note: this is the location of the previous definition
#23 1.646   112 | #define SIOCGSTAMPNS    0x8907
#23 1.646       | 
#23 1.661     CC       ll_proto.o
#23 1.673 In file included from ll_proto.c:21:
#23 1.673 ../include/uapi/linux/sockios.h:42: warning: "SIOCGSTAMP" redefined
#23 1.673    42 | #define SIOCGSTAMP      SIOCGSTAMP_OLD
#23 1.673       | 
#23 1.673 In file included from /usr/include/sys/ioctl.h:10,
#23 1.673                  from ll_proto.c:13:
#23 1.673 /usr/include/bits/ioctl.h:111: note: this is the location of the previous definition
#23 1.673   111 | #define SIOCGSTAMP      0x8906
#23 1.673       | 
#23 1.673 ../include/uapi/linux/sockios.h:43: warning: "SIOCGSTAMPNS" redefined
#23 1.673    43 | #define SIOCGSTAMPNS    SIOCGSTAMPNS_OLD
#23 1.673       | 
#23 1.673 /usr/include/bits/ioctl.h:112: note: this is the location of the previous definition
#23 1.673   112 | #define SIOCGSTAMPNS    0x8907
#23 1.673       | 
#23 1.686     CC       ll_addr.o
#23 1.702 In file included from ll_addr.c:20:
#23 1.702 ../include/uapi/linux/sockios.h:42: warning: "SIOCGSTAMP" redefined
#23 1.702    42 | #define SIOCGSTAMP      SIOCGSTAMP_OLD
#23 1.702       | 
#23 1.702 In file included from /usr/include/sys/ioctl.h:10,
#23 1.702                  from ll_addr.c:12:
#23 1.702 /usr/include/bits/ioctl.h:111: note: this is the location of the previous definition
#23 1.702   111 | #define SIOCGSTAMP      0x8906
#23 1.702       | 
#23 1.702 ../include/uapi/linux/sockios.h:43: warning: "SIOCGSTAMPNS" redefined
#23 1.702    43 | #define SIOCGSTAMPNS    SIOCGSTAMPNS_OLD
#23 1.702       | 
#23 1.702 /usr/include/bits/ioctl.h:112: note: this is the location of the previous definition
#23 1.702   112 | #define SIOCGSTAMPNS    0x8907
#23 1.702       | 
#23 1.737     CC       inet_proto.o
#23 1.766     CC       namespace.o
#23 1.818     CC       json_writer.o
#23 1.896     CC       json_print.o
#23 2.014     CC       json_print_math.o
#23 2.043     CC       names.o
#23 2.086     CC       color.o
#23 2.128     CC       bpf_legacy.o
#23 2.480     CC       bpf_glue.o
#23 2.527     CC       exec.o
#23 2.563     CC       fs.o
#23 2.633     CC       cg_map.o
#23 2.668     CC       ppp_proto.o
#23 2.690     CC       bpf_libbpf.o
#23 2.764     CC       selinux.o
#23 2.785     CC       ax25_ntop.o
#23 2.811     CC       rose_ntop.o
#23 2.824 In file included from rose_ntop.c:16:
#23 2.824 ../include/uapi/linux/sockios.h:42: warning: "SIOCGSTAMP" redefined
#23 2.824    42 | #define SIOCGSTAMP      SIOCGSTAMP_OLD
#23 2.824       | 
#23 2.824 In file included from /usr/include/sys/ioctl.h:10,
#23 2.824                  from rose_ntop.c:7:
#23 2.824 /usr/include/bits/ioctl.h:111: note: this is the location of the previous definition
#23 2.824   111 | #define SIOCGSTAMP      0x8906
#23 2.824       | 
#23 2.824 ../include/uapi/linux/sockios.h:43: warning: "SIOCGSTAMPNS" redefined
#23 2.824    43 | #define SIOCGSTAMPNS    SIOCGSTAMPNS_OLD
#23 2.824       | 
#23 2.824 /usr/include/bits/ioctl.h:112: note: this is the location of the previous definition
#23 2.824   112 | #define SIOCGSTAMPNS    0x8907
#23 2.824       | 
#23 2.841     CC       mpls_ntop.o
#23 2.867     CC       mpls_pton.o
#23 2.894     CC       netrom_ntop.o
#23 2.915     AR       libutil.a
#23 2.920 
#23 2.920 ip
#23 2.922     CC       ip.o
#23 2.990     CC       ipaddress.o
#23 3.003 In file included from ipaddress.c:26:
#23 3.003 ../include/uapi/linux/sockios.h:42: warning: "SIOCGSTAMP" redefined
#23 3.003    42 | #define SIOCGSTAMP      SIOCGSTAMP_OLD
#23 3.003       | 
#23 3.003 In file included from /usr/include/sys/ioctl.h:10,
#23 3.003                  from ipaddress.c:14:
#23 3.003 /usr/include/bits/ioctl.h:111: note: this is the location of the previous definition
#23 3.003   111 | #define SIOCGSTAMP      0x8906
#23 3.003       | 
#23 3.003 ../include/uapi/linux/sockios.h:43: warning: "SIOCGSTAMPNS" redefined
#23 3.003    43 | #define SIOCGSTAMPNS    SIOCGSTAMPNS_OLD
#23 3.003       | 
#23 3.003 /usr/include/bits/ioctl.h:112: note: this is the location of the previous definition
#23 3.003   112 | #define SIOCGSTAMPNS    0x8907
#23 3.003       | 
#23 3.430     CC       ipaddrlabel.o
#23 3.489     CC       iproute.o
#23 3.975     CC       iprule.o
#23 4.162     CC       ipnetns.o
#23 4.344     CC       rtm_map.o
#23 4.383     CC       iptunnel.o
#23 4.395 In file included from ../include/uapi/linux/if_tunnel.h:6,
#23 4.395                  from iptunnel.c:19:
#23 4.395 ../include/uapi/linux/if.h:134: warning: "IFF_VOLATILE" redefined
#23 4.395   134 | #define IFF_VOLATILE    (IFF_LOOPBACK|IFF_POINTOPOINT|IFF_BROADCAST|IFF_ECHO|\
#23 4.395       | 
#23 4.395 In file included from iptunnel.c:16:
#23 4.395 /usr/include/net/if.h:48: note: this is the location of the previous definition
#23 4.395    48 | #define IFF_VOLATILE (IFF_LOOPBACK|IFF_POINTOPOINT|IFF_BROADCAST| \
#23 4.395       | 
#23 4.526     CC       ip6tunnel.o
#23 4.635     CC       tunnel.o
#23 4.743     CC       ipneigh.o
#23 4.899     CC       ipntable.o
#23 5.005     CC       iplink.o
#23 5.291     CC       ipmaddr.o
#23 5.304 In file included from ipmaddr.c:21:
#23 5.304 ../include/uapi/linux/sockios.h:42: warning: "SIOCGSTAMP" redefined
#23 5.304    42 | #define SIOCGSTAMP      SIOCGSTAMP_OLD
#23 5.304       | 
#23 5.304 In file included from /usr/include/sys/ioctl.h:10,
#23 5.304                  from ipmaddr.c:12:
#23 5.304 /usr/include/bits/ioctl.h:111: note: this is the location of the previous definition
#23 5.304   111 | #define SIOCGSTAMP      0x8906
#23 5.304       | 
#23 5.304 ../include/uapi/linux/sockios.h:43: warning: "SIOCGSTAMPNS" redefined
#23 5.304    43 | #define SIOCGSTAMPNS    SIOCGSTAMPNS_OLD
#23 5.304       | 
#23 5.304 /usr/include/bits/ioctl.h:112: note: this is the location of the previous definition
#23 5.304   112 | #define SIOCGSTAMPNS    0x8907
#23 5.304       | 
#23 5.382     CC       ipmonitor.o
#23 5.455     CC       ipmroute.o
#23 5.467 In file included from ipmroute.c:22:
#23 5.467 ../include/uapi/linux/sockios.h:42: warning: "SIOCGSTAMP" redefined
#23 5.467    42 | #define SIOCGSTAMP      SIOCGSTAMP_OLD
#23 5.467       | 
#23 5.467 In file included from /usr/include/sys/ioctl.h:10,
#23 5.467                  from ipmroute.c:13:
#23 5.467 /usr/include/bits/ioctl.h:111: note: this is the location of the previous definition
#23 5.467   111 | #define SIOCGSTAMP      0x8906
#23 5.467       | 
#23 5.467 ../include/uapi/linux/sockios.h:43: warning: "SIOCGSTAMPNS" redefined
#23 5.467    43 | #define SIOCGSTAMPNS    SIOCGSTAMPNS_OLD
#23 5.467       | 
#23 5.467 /usr/include/bits/ioctl.h:112: note: this is the location of the previous definition
#23 5.467   112 | #define SIOCGSTAMPNS    0x8907
#23 5.467       | 
#23 5.528     CC       ipprefix.o
#23 5.560     CC       iptuntap.o
#23 5.667     CC       iptoken.o
#23 5.722     CC       ipxfrm.o
#23 6.019     CC       xfrm_state.o
#23 6.275     CC       xfrm_policy.o
#23 6.506     CC       xfrm_monitor.o
#23 6.583     CC       iplink_dummy.o
#23 6.605     CC       iplink_ifb.o
#23 6.627     CC       iplink_nlmon.o
#23 6.648     CC       iplink_team.o
#23 6.671     CC       iplink_vcan.o
#23 6.694     CC       iplink_vxcan.o
#23 6.722     CC       iplink_vlan.o
#23 6.793     CC       link_veth.o
#23 6.821     CC       link_gre.o
#23 6.832 In file included from ../include/uapi/linux/if_tunnel.h:6,
#23 6.832                  from link_gre.c:15:
#23 6.832 ../include/uapi/linux/if.h:134: warning: "IFF_VOLATILE" redefined
#23 6.832   134 | #define IFF_VOLATILE    (IFF_LOOPBACK|IFF_POINTOPOINT|IFF_BROADCAST|IFF_ECHO|\
#23 6.832       | 
#23 6.832 In file included from link_gre.c:9:
#23 6.832 /usr/include/net/if.h:48: note: this is the location of the previous definition
#23 6.832    48 | #define IFF_VOLATILE (IFF_LOOPBACK|IFF_POINTOPOINT|IFF_BROADCAST| \
#23 6.832       | 
#23 6.937     CC       iplink_can.o
#23 7.078     CC       iplink_xdp.o
#23 7.137     CC       iplink_macvlan.o
#23 7.206     CC       ipl2tp.o
#23 7.359     CC       link_vti.o
#23 7.370 In file included from ../include/uapi/linux/if_tunnel.h:6,
#23 7.370                  from link_vti.c:16:
#23 7.370 ../include/uapi/linux/if.h:134: warning: "IFF_VOLATILE" redefined
#23 7.370   134 | #define IFF_VOLATILE    (IFF_LOOPBACK|IFF_POINTOPOINT|IFF_BROADCAST|IFF_ECHO|\
#23 7.370       | 
#23 7.370 In file included from link_vti.c:10:
#23 7.370 /usr/include/net/if.h:48: note: this is the location of the previous definition
#23 7.370    48 | #define IFF_VOLATILE (IFF_LOOPBACK|IFF_POINTOPOINT|IFF_BROADCAST| \
#23 7.370       | 
#23 7.414     CC       link_vti6.o
#23 7.425 In file included from ../include/uapi/linux/if_tunnel.h:6,
#23 7.425                  from link_vti6.c:17:
#23 7.425 ../include/uapi/linux/if.h:134: warning: "IFF_VOLATILE" redefined
#23 7.425   134 | #define IFF_VOLATILE    (IFF_LOOPBACK|IFF_POINTOPOINT|IFF_BROADCAST|IFF_ECHO|\
#23 7.425       | 
#23 7.425 In file included from link_vti6.c:11:
#23 7.425 /usr/include/net/if.h:48: note: this is the location of the previous definition
#23 7.425    48 | #define IFF_VOLATILE (IFF_LOOPBACK|IFF_POINTOPOINT|IFF_BROADCAST| \
#23 7.425       | 
#23 7.469     CC       link_xfrm.o
#23 7.504     CC       iplink_vxlan.o
#23 7.655     CC       tcp_metrics.o
#23 7.764     CC       iplink_ipoib.o
#23 7.805     CC       ipnetconf.o
#23 7.858     CC       link_ip6tnl.o
#23 7.871 In file included from ../include/uapi/linux/if_tunnel.h:6,
#23 7.871                  from link_ip6tnl.c:15:
#23 7.871 ../include/uapi/linux/if.h:134: warning: "IFF_VOLATILE" redefined
#23 7.871   134 | #define IFF_VOLATILE    (IFF_LOOPBACK|IFF_POINTOPOINT|IFF_BROADCAST|IFF_ECHO|\
#23 7.871       | 
#23 7.871 In file included from link_ip6tnl.c:9:
#23 7.871 /usr/include/net/if.h:48: note: this is the location of the previous definition
#23 7.871    48 | #define IFF_VOLATILE (IFF_LOOPBACK|IFF_POINTOPOINT|IFF_BROADCAST| \
#23 7.871       | 
#23 7.959     CC       link_iptnl.o
#23 7.969 In file included from ../include/uapi/linux/if_tunnel.h:6,
#23 7.969                  from link_iptnl.c:16:
#23 7.969 ../include/uapi/linux/if.h:134: warning: "IFF_VOLATILE" redefined
#23 7.969   134 | #define IFF_VOLATILE    (IFF_LOOPBACK|IFF_POINTOPOINT|IFF_BROADCAST|IFF_ECHO|\
#23 7.969       | 
#23 7.969 In file included from link_iptnl.c:9:
#23 7.969 /usr/include/net/if.h:48: note: this is the location of the previous definition
#23 7.969    48 | #define IFF_VOLATILE (IFF_LOOPBACK|IFF_POINTOPOINT|IFF_BROADCAST| \
#23 7.969       | 
#23 8.068     CC       link_gre6.o
#23 8.080 In file included from ../include/uapi/linux/if_tunnel.h:6,
#23 8.080                  from link_gre6.c:15:
#23 8.080 ../include/uapi/linux/if.h:134: warning: "IFF_VOLATILE" redefined
#23 8.080   134 | #define IFF_VOLATILE    (IFF_LOOPBACK|IFF_POINTOPOINT|IFF_BROADCAST|IFF_ECHO|\
#23 8.080       | 
#23 8.080 In file included from link_gre6.c:9:
#23 8.080 /usr/include/net/if.h:48: note: this is the location of the previous definition
#23 8.080    48 | #define IFF_VOLATILE (IFF_LOOPBACK|IFF_POINTOPOINT|IFF_BROADCAST| \
#23 8.080       | 
#23 8.201     CC       iplink_bond.o
#23 8.378     CC       iplink_bond_slave.o
#23 8.433     CC       iplink_hsr.o
#23 8.488     CC       iplink_bridge.o
#23 8.652     CC       iplink_bridge_slave.o
#23 8.754     CC       iplink_dsa.o
#23 8.787     CC       ipfou.o
#23 8.865     CC       iplink_ipvlan.o
#23 8.910     CC       iplink_geneve.o
#23 9.000     CC       iplink_vrf.o
#23 9.050     CC       iproute_lwtunnel.o
#23 9.436     CC       ipmacsec.o
#23 9.670     CC       ipila.o
#23 9.745     CC       ipvrf.o
#23 9.857     CC       iplink_xstats.o
#23 9.887     CC       ipseg6.o
#23 9.938     CC       iplink_netdevsim.o
#23 9.961     CC       iplink_rmnet.o
#23 10.00     CC       ipnexthop.o
#23 10.22     CC       ipmptcp.o
#23 10.34     CC       iplink_bareudp.o
#23 10.39     CC       iplink_wwan.o
#23 10.42     CC       ipioam6.o
#23 10.49     CC       iplink_amt.o
#23 10.55     CC       iplink_batadv.o
#23 10.58     CC       iplink_gtp.o
#23 10.62     CC       iplink_virt_wifi.o
#23 10.64     CC       iplink_netkit.o
#23 10.68     CC       ipstats.o
#23 10.89     LINK     ip
#23 10.92     CC       rtmon.o
#23 10.97     LINK     rtmon
#23 10.99 
#23 10.99 tc
#23 10.99     CC       tc.o
#23 11.07     CC       tc_qdisc.o
#23 11.20     CC       tc_class.o
#23 11.32     CC       tc_filter.o
#23 11.49     CC       tc_util.o
#23 11.68     CC       tc_monitor.o
#23 11.72     CC       tc_exec.o
#23 11.76     CC       m_police.o
#23 11.84     CC       m_estimator.o
#23 11.87     CC       m_action.o
#23 12.04     CC       m_ematch.o
#23 12.15     YACC     emp_ematch.tab.c
#23 12.21     CC       emp_ematch.tab.o
#23 12.32     LEX      emp_ematch.lex.c
#23 12.32     CC       emp_ematch.lex.o
#23 12.49     CC       q_fifo.o
#23 12.53     CC       q_sfq.o
#23 12.60     CC       q_red.o
#23 12.67     CC       q_prio.o
#23 12.72     CC       q_skbprio.o
#23 12.75     CC       q_tbf.o
#23 12.84     CC       q_multiq.o
#23 12.87     CC       q_netem.o
#23 13.07     CC       q_choke.o
#23 13.13     CC       q_sfb.o
#23 13.19     CC       f_u32.o
#23 13.44     CC       f_route.o
#23 13.50     CC       f_fw.o
#23 13.54     CC       f_basic.o
#23 13.59     CC       f_bpf.o
#23 13.66     CC       f_flow.o
#23 13.76     CC       f_cgroup.o
#23 13.79     CC       f_flower.o
#23 13.80 In file included from ../include/uapi/linux/netdevice.h:29,
#23 13.80                  from ../include/uapi/linux/if_arp.h:27,
#23 13.80                  from f_flower.c:14:
#23 13.80 ../include/uapi/linux/if.h:134: warning: "IFF_VOLATILE" redefined
#23 13.80   134 | #define IFF_VOLATILE    (IFF_LOOPBACK|IFF_POINTOPOINT|IFF_BROADCAST|IFF_ECHO|\
#23 13.80       | 
#23 13.80 In file included from f_flower.c:12:
#23 13.80 /usr/include/net/if.h:48: note: this is the location of the previous definition
#23 13.80    48 | #define IFF_VOLATILE (IFF_LOOPBACK|IFF_POINTOPOINT|IFF_BROADCAST| \
#23 13.80       | 
#23 14.31     CC       q_gred.o
#23 14.42     CC       q_ingress.o
#23 14.44     CC       q_hfsc.o
#23 14.53     CC       q_htb.o
#23 14.62     CC       q_drr.o
#23 14.67     CC       q_qfq.o
#23 14.71     CC       m_gact.o
#23 14.76     CC       m_mirred.o
#23 14.83     CC       m_mpls.o
#23 14.90     CC       m_nat.o
#23 14.95     CC       m_pedit.o
#23 15.09     CC       m_ife.o
#23 15.16     CC       m_skbedit.o
#23 15.24     CC       m_skbmod.o
#23 15.30     CC       m_csum.o
#23 15.36     CC       m_simple.o
#23 15.41     CC       m_vlan.o
#23 15.47     CC       m_connmark.o
#23 15.51     CC       m_ctinfo.o
#23 15.56     CC       m_bpf.o
#23 15.62     CC       m_tunnel_key.o
#23 15.73     CC       m_sample.o
#23 15.78     CC       m_ct.o
#23 15.89     CC       m_gate.o
#23 15.98     CC       p_ip.o
#23 16.02     CC       p_ip6.o
#23 16.06     CC       p_icmp.o
#23 16.08     CC       p_eth.o
#23 16.12     CC       p_tcp.o
#23 16.15     CC       p_udp.o
#23 16.19     CC       em_nbyte.o
#23 16.24     CC       em_cmp.o
#23 16.30     CC       em_u32.o
#23 16.35     CC       em_canid.o
#23 16.40     CC       em_meta.o
#23 16.51     CC       q_mqprio.o
#23 16.62     CC       q_codel.o
#23 16.67     CC       q_fq_codel.o
#23 16.74     CC       q_fq.o
#23 16.86     CC       q_pie.o
#23 16.92     CC       q_fq_pie.o
#23 17.02     CC       q_cake.o
#23 17.21     CC       q_hhf.o
#23 17.26     CC       q_clsact.o
#23 17.29     CC       e_bpf.o
#23 17.35     CC       f_matchall.o
#23 17.40     CC       q_cbs.o
#23 17.44     CC       q_etf.o
#23 17.49     CC       q_taprio.o
#23 17.61     CC       q_plug.o
#23 17.64     CC       q_ets.o
#23 17.72     CC       em_ipt.o
#23 17.74 In file included from tc_util.h:7,
#23 17.74                  from m_ematch.h:11,
#23 17.74                  from em_ipt.c:13:
#23 17.74 ../include/uapi/linux/if.h:134: warning: "IFF_VOLATILE" redefined
#23 17.74   134 | #define IFF_VOLATILE    (IFF_LOOPBACK|IFF_POINTOPOINT|IFF_BROADCAST|IFF_ECHO|\
#23 17.74       | 
#23 17.74 In file included from ../include/xtables.h:17,
#23 17.74                  from em_ipt.c:12:
#23 17.74 /usr/include/net/if.h:48: note: this is the location of the previous definition
#23 17.74    48 | #define IFF_VOLATILE (IFF_LOOPBACK|IFF_POINTOPOINT|IFF_BROADCAST| \
#23 17.74       | 
#23 17.77     CC       em_ipset.o
#23 17.79 In file included from tc_util.h:7,
#23 17.79                  from m_ematch.h:11,
#23 17.79                  from em_ipset.c:39:
#23 17.79 ../include/uapi/linux/if.h:134: warning: "IFF_VOLATILE" redefined
#23 17.79   134 | #define IFF_VOLATILE    (IFF_LOOPBACK|IFF_POINTOPOINT|IFF_BROADCAST|IFF_ECHO|\
#23 17.79       | 
#23 17.79 In file included from ../include/xtables.h:17,
#23 17.79                  from em_ipset.c:23:
#23 17.79 /usr/include/net/if.h:48: note: this is the location of the previous definition
#23 17.79    48 | #define IFF_VOLATILE (IFF_LOOPBACK|IFF_POINTOPOINT|IFF_BROADCAST| \
#23 17.79       | 
#23 17.82     CC       tc_core.o
#23 17.90     CC       tc_red.o
#23 17.94     CC       tc_estimator.o
#23 17.97     CC       tc_stab.o
#23 18.03     CC       tc_qevent.o
#23 18.09     AR       libtc.a
#23 18.09     LINK     tc
#23 18.13 rm emp_ematch.lex.c
#23 18.13 
#23 18.13 bridge
#23 18.13     CC       bridge.o
#23 18.18     CC       fdb.o
#23 18.37     CC       monitor.o
#23 18.42     CC       link.o
#23 18.58     CC       mdb.o
#23 18.78     CC       vlan.o
#23 18.79 In file included from vlan.c:14:
#23 18.79 ../include/json_print.h:80:30: warning: 'struct timeval' declared inside parameter list will not be visible outside of this definition or declaration
#23 18.79    80 | _PRINT_FUNC(tv, const struct timeval *)
#23 18.79       |                              ^~~~~~~
#23 18.79 ../include/json_print.h:50:37: note: in definition of macro '_PRINT_FUNC'
#23 18.79    50 |                                     type value);                        \
#23 18.79       |                                     ^~~~
#23 18.79 ../include/json_print.h:80:30: warning: 'struct timeval' declared inside parameter list will not be visible outside of this definition or declaration
#23 18.79    80 | _PRINT_FUNC(tv, const struct timeval *)
#23 18.79       |                              ^~~~~~~
#23 18.79 ../include/json_print.h:55:45: note: in definition of macro '_PRINT_FUNC'
#23 18.79    55 |                                             type value)                 \
#23 18.79       |                                             ^~~~
#23 18.79 ../include/json_print.h: In function 'print_tv':
#23 18.79 ../include/json_print.h:58:48: warning: passing argument 5 of 'print_color_tv' from incompatible pointer type [-Wincompatible-pointer-types]
#23 18.79    58 |                                                value);                  \
#23 18.79       |                                                ^~~~~
#23 18.79       |                                                |
#23 18.79       |                                                const struct timeval *
#23 18.79 ../include/json_print.h:80:1: note: in expansion of macro '_PRINT_FUNC'
#23 18.79    80 | _PRINT_FUNC(tv, const struct timeval *)
#23 18.79       | ^~~~~~~~~~~
#23 18.79 ../include/json_print.h:50:42: note: expected 'const struct timeval *' but argument is of type 'const struct timeval *'
#23 18.79    50 |                                     type value);                        \
#23 18.79       |                                          ^
#23 18.79 ../include/json_print.h:80:1: note: in expansion of macro '_PRINT_FUNC'
#23 18.79    80 | _PRINT_FUNC(tv, const struct timeval *)
#23 18.79       | ^~~~~~~~~~~
#23 19.00     CC       vni.o
#23 19.02 In file included from vni.c:19:
#23 19.02 ../include/json_print.h:80:30: warning: 'struct timeval' declared inside parameter list will not be visible outside of this definition or declaration
#23 19.02    80 | _PRINT_FUNC(tv, const struct timeval *)
#23 19.02       |                              ^~~~~~~
#23 19.02 ../include/json_print.h:50:37: note: in definition of macro '_PRINT_FUNC'
#23 19.02    50 |                                     type value);                        \
#23 19.02       |                                     ^~~~
#23 19.02 ../include/json_print.h:80:30: warning: 'struct timeval' declared inside parameter list will not be visible outside of this definition or declaration
#23 19.02    80 | _PRINT_FUNC(tv, const struct timeval *)
#23 19.02       |                              ^~~~~~~
#23 19.02 ../include/json_print.h:55:45: note: in definition of macro '_PRINT_FUNC'
#23 19.02    55 |                                             type value)                 \
#23 19.02       |                                             ^~~~
#23 19.02 ../include/json_print.h: In function 'print_tv':
#23 19.02 ../include/json_print.h:58:48: warning: passing argument 5 of 'print_color_tv' from incompatible pointer type [-Wincompatible-pointer-types]
#23 19.02    58 |                                                value);                  \
#23 19.02       |                                                ^~~~~
#23 19.02       |                                                |
#23 19.02       |                                                const struct timeval *
#23 19.02 ../include/json_print.h:80:1: note: in expansion of macro '_PRINT_FUNC'
#23 19.02    80 | _PRINT_FUNC(tv, const struct timeval *)
#23 19.02       | ^~~~~~~~~~~
#23 19.02 ../include/json_print.h:50:42: note: expected 'const struct timeval *' but argument is of type 'const struct timeval *'
#23 19.02    50 |                                     type value);                        \
#23 19.02       |                                          ^
#23 19.02 ../include/json_print.h:80:1: note: in expansion of macro '_PRINT_FUNC'
#23 19.02    80 | _PRINT_FUNC(tv, const struct timeval *)
#23 19.02       | ^~~~~~~~~~~
#23 19.09     LINK     bridge
#23 19.10 
#23 19.10 misc
#23 19.10     CC       ss.o
#23 19.12 In file included from ../include/uapi/linux/tipc.h:42,
#23 19.12                  from ss.c:48:
#23 19.12 ../include/uapi/linux/sockios.h:42: warning: "SIOCGSTAMP" redefined
#23 19.12    42 | #define SIOCGSTAMP      SIOCGSTAMP_OLD
#23 19.12       | 
#23 19.12 In file included from /usr/include/sys/ioctl.h:10,
#23 19.12                  from ss.c:12:
#23 19.12 /usr/include/bits/ioctl.h:111: note: this is the location of the previous definition
#23 19.12   111 | #define SIOCGSTAMP      0x8906
#23 19.12       | 
#23 19.12 ../include/uapi/linux/sockios.h:43: warning: "SIOCGSTAMPNS" redefined
#23 19.12    43 | #define SIOCGSTAMPNS    SIOCGSTAMPNS_OLD
#23 19.12       | 
#23 19.12 /usr/include/bits/ioctl.h:112: note: this is the location of the previous definition
#23 19.12   112 | #define SIOCGSTAMPNS    0x8907
#23 19.12       | 
#23 19.98     CC       ssfilter_check.o
#23 20.01     YACC     ssfilter.tab.c
#23 20.07     CC       ssfilter.tab.o
#23 20.18     LINK     ss
#23 20.20     CC       nstat
#23 20.21 In file included from nstat.c:20:
#23 20.21 /usr/include/sys/poll.h:1:2: warning: #warning redirecting incorrect #include <sys/poll.h> to <poll.h> [-Wcpp]
#23 20.21     1 | #warning redirecting incorrect #include <sys/poll.h> to <poll.h>
#23 20.21       |  ^~~~~~~
#23 20.34     CC       ifstat
#23 20.35 In file included from ifstat.c:20:
#23 20.35 /usr/include/sys/poll.h:1:2: warning: #warning redirecting incorrect #include <sys/poll.h> to <poll.h> [-Wcpp]
#23 20.35     1 | #warning redirecting incorrect #include <sys/poll.h> to <poll.h>
#23 20.35       |  ^~~~~~~
#23 20.51     CC       rtacct
#23 20.52 In file included from rtacct.c:19:
#23 20.52 /usr/include/sys/poll.h:1:2: warning: #warning redirecting incorrect #include <sys/poll.h> to <poll.h> [-Wcpp]
#23 20.52     1 | #warning redirecting incorrect #include <sys/poll.h> to <poll.h>
#23 20.52       |  ^~~~~~~
#23 20.65     CC       lnstat.o
#23 20.72     CC       lnstat_util.o
#23 20.78     LINK     lnstat
#23 20.79 
#23 20.79 netem
#23 20.79 gcc  -I../include -o maketable maketable.c -lm
#23 20.82 gcc  -I../include -o normal normal.c -lm
#23 20.85 gcc  -I../include -o pareto pareto.c -lm
#23 20.87 gcc  -I../include -o paretonormal paretonormal.c -lm
#23 20.90 ./normal > normal.dist
#23 20.91 ./pareto > pareto.dist
#23 20.91 ./paretonormal > paretonormal.dist
#23 20.92 ./maketable experimental.dat > experimental.dist
#23 20.92 
#23 20.92 genl
#23 20.93     CC       genl.o
#23 20.96     CC       ctrl.o
#23 21.03     LINK     genl
#23 21.04 
#23 21.04 man
#23 21.05 make[2]: Nothing to be done for 'all'.
#23 21.05 make[2]: Nothing to be done for 'all'.
#23 21.05 sed \
#23 21.05 	-e "s|@NETNS_ETC_DIR@|/etc/netns|g" \
#23 21.05 	-e "s|@NETNS_RUN_DIR@|/var/run/netns|g" \
#23 21.05 	-e "s|@SYSCONF_ETC_DIR@|/etc/iproute2|g" \
#23 21.05 	-e "s|@SYSCONF_USR_DIR@|/usr/share/iproute2|g" \
#23 21.05 	ip-address.8.in > ip-address.8
#23 21.05 sed \
#23 21.05 	-e "s|@NETNS_ETC_DIR@|/etc/netns|g" \
#23 21.05 	-e "s|@NETNS_RUN_DIR@|/var/run/netns|g" \
#23 21.05 	-e "s|@SYSCONF_ETC_DIR@|/etc/iproute2|g" \
#23 21.05 	-e "s|@SYSCONF_USR_DIR@|/usr/share/iproute2|g" \
#23 21.05 	ip-link.8.in > ip-link.8
#23 21.06 sed \
#23 21.06 	-e "s|@NETNS_ETC_DIR@|/etc/netns|g" \
#23 21.06 	-e "s|@NETNS_RUN_DIR@|/var/run/netns|g" \
#23 21.06 	-e "s|@SYSCONF_ETC_DIR@|/etc/iproute2|g" \
#23 21.06 	-e "s|@SYSCONF_USR_DIR@|/usr/share/iproute2|g" \
#23 21.06 	ip-netns.8.in > ip-netns.8
#23 21.06 sed \
#23 21.06 	-e "s|@NETNS_ETC_DIR@|/etc/netns|g" \
#23 21.06 	-e "s|@NETNS_RUN_DIR@|/var/run/netns|g" \
#23 21.06 	-e "s|@SYSCONF_ETC_DIR@|/etc/iproute2|g" \
#23 21.06 	-e "s|@SYSCONF_USR_DIR@|/usr/share/iproute2|g" \
#23 21.06 	ip-route.8.in > ip-route.8
#23 21.06 
#23 21.06 tipc
#23 21.06     CC       bearer.o
#23 21.23     CC       cmdl.o
#23 21.27     CC       link.o
#23 21.47     CC       media.o
#23 21.52     CC       misc.o
#23 21.58     CC       msg.o
#23 21.60     CC       nametable.o
#23 21.64     CC       node.o
#23 21.73     CC       socket.o
#23 21.76     CC       peer.o
#23 21.79     CC       tipc.o
#23 21.83     LINK     tipc
#23 21.85 
#23 21.85 devlink
#23 21.85     CC       devlink.o
#23 23.57     CC       mnlg.o
#23 23.61     LINK     devlink
#23 23.63 
#23 23.63 rdma
#23 23.63     CC       rdma.o
#23 23.65 rdma.c: In function 'main':
#23 23.65 rdma.c:110:20: warning: implicit declaration of function 'basename'; did you mean 'rename'? [-Wimplicit-function-declaration]
#23 23.65   110 |         filename = basename(argv[0]);
#23 23.65       |                    ^~~~~~~~
#23 23.65       |                    rename
#23 23.65 rdma.c:110:18: warning: assignment to 'char *' from 'int' makes pointer from integer without a cast [-Wint-conversion]
#23 23.65   110 |         filename = basename(argv[0]);
#23 23.65       |                  ^
#23 23.67     CC       utils.o
#23 23.85     CC       dev.o
#23 23.92     CC       link.o
#23 23.99     CC       res.o
#23 24.11     CC       res-pd.o
#23 24.15     CC       res-mr.o
#23 24.20     CC       res-cq.o
#23 24.25     CC       res-cmid.o
#23 24.31     CC       res-qp.o
#23 24.36     CC       sys.o
#23 24.41     CC       stat.o
#23 24.62     CC       stat-mr.o
#23 24.66     CC       res-ctx.o
#23 24.70     CC       res-srq.o
#23 24.77     LINK     rdma
#23 24.78 
#23 24.78 dcb
#23 24.78     CC       dcb.o
#23 24.91     CC       dcb_app.o
#23 25.10     CC       dcb_buffer.o
#23 25.17     CC       dcb_dcbx.o
#23 25.22     CC       dcb_ets.o
#23 25.30     CC       dcb_maxrate.o
#23 25.35     CC       dcb_pfc.o
#23 25.42     CC       dcb_apptrust.o
#23 25.48     CC       dcb_rewr.o
#23 25.56     LINK     dcb
#23 25.57 
#23 25.57 vdpa
#23 25.57     CC       vdpa.o
#23 25.58 In file included from vdpa.c:19:
#23 25.58 ../include/json_print.h:80:30: warning: 'struct timeval' declared inside parameter list will not be visible outside of this definition or declaration
#23 25.58    80 | _PRINT_FUNC(tv, const struct timeval *)
#23 25.58       |                              ^~~~~~~
#23 25.58 ../include/json_print.h:50:37: note: in definition of macro '_PRINT_FUNC'
#23 25.58    50 |                                     type value);                        \
#23 25.58       |                                     ^~~~
#23 25.58 ../include/json_print.h:80:30: warning: 'struct timeval' declared inside parameter list will not be visible outside of this definition or declaration
#23 25.58    80 | _PRINT_FUNC(tv, const struct timeval *)
#23 25.58       |                              ^~~~~~~
#23 25.58 ../include/json_print.h:55:45: note: in definition of macro '_PRINT_FUNC'
#23 25.58    55 |                                             type value)                 \
#23 25.58       |                                             ^~~~
#23 25.58 ../include/json_print.h: In function 'print_tv':
#23 25.58 ../include/json_print.h:58:48: warning: passing argument 5 of 'print_color_tv' from incompatible pointer type [-Wincompatible-pointer-types]
#23 25.58    58 |                                                value);                  \
#23 25.58       |                                                ^~~~~
#23 25.58       |                                                |
#23 25.58       |                                                const struct timeval *
#23 25.58 ../include/json_print.h:80:1: note: in expansion of macro '_PRINT_FUNC'
#23 25.58    80 | _PRINT_FUNC(tv, const struct timeval *)
#23 25.58       | ^~~~~~~~~~~
#23 25.58 ../include/json_print.h:50:42: note: expected 'const struct timeval *' but argument is of type 'const struct timeval *'
#23 25.58    50 |                                     type value);                        \
#23 25.58       |                                          ^
#23 25.58 ../include/json_print.h:80:1: note: in expansion of macro '_PRINT_FUNC'
#23 25.58    80 | _PRINT_FUNC(tv, const struct timeval *)
#23 25.58       | ^~~~~~~~~~~
#23 25.73     LINK     vdpa
#23 DONE 25.8s

#24 [20/22] RUN git clone --no-single-branch --depth=1 https://github.com/linux-netdev/testing.git /nipa-data/kernel
#24 0.372 Cloning into '/nipa-data/kernel'...
#24 32.16 Updating files:  16% (13424/83283)Updating files:  17% (14159/83283)Updating files:  18% (14991/83283)Updating files:  19% (15824/83283)Updating files:  20% (16657/83283)Updating files:  21% (17490/83283)Updating files:  22% (18323/83283)Updating files:  23% (19156/83283)Updating files:  24% (19988/83283)Updating files:  25% (20821/83283)Updating files:  26% (21654/83283)Updating files:  27% (22487/83283)Updating files:  28% (23320/83283)Updating files:  29% (24153/83283)Updating files:  30% (24985/83283)Updating files:  31% (25818/83283)Updating files:  32% (26651/83283)Updating files:  32% (26971/83283)Updating files:  33% (27484/83283)Updating files:  34% (28317/83283)Updating files:  35% (29150/83283)Updating files:  36% (29982/83283)Updating files:  37% (30815/83283)Updating files:  38% (31648/83283)Updating files:  39% (32481/83283)Updating files:  40% (33314/83283)Updating files:  40% (33486/83283)Updating files:  41% (34147/83283)Updating files:  42% (34979/83283)Updating files:  43% (35812/83283)Updating files:  44% (36645/83283)Updating files:  45% (37478/83283)Updating files:  46% (38311/83283)Updating files:  47% (39144/83283)Updating files:  47% (39572/83283)Updating files:  48% (39976/83283)Updating files:  49% (40809/83283)Updating files:  50% (41642/83283)Updating files:  51% (42475/83283)Updating files:  52% (43308/83283)Updating files:  53% (44140/83283)Updating files:  54% (44973/83283)Updating files:  55% (45806/83283)Updating files:  56% (46639/83283)Updating files:  57% (47472/83283)Updating files:  58% (48305/83283)Updating files:  59% (49137/83283)Updating files:  60% (49970/83283)Updating files:  60% (50072/83283)Updating files:  61% (50803/83283)Updating files:  62% (51636/83283)Updating files:  63% (52469/83283)Updating files:  64% (53302/83283)Updating files:  65% (54134/83283)Updating files:  66% (54967/83283)Updating files:  67% (55800/83283)Updating files:  68% (56633/83283)Updating files:  69% (57466/83283)Updating files:  70% (58299/83283)Updating files:  71% (59131/83283)Updating files:  72% (59964/83283)Updating files:  73% (60797/83283)Updating files:  74% (61630/83283)Updating files:  74% (61951/83283)Updating files:  75% (62463/83283)Updating files:  76% (63296/83283)Updating files:  77% (64128/83283)Updating files:  78% (64961/83283)Updating files:  79% (65794/83283)Updating files:  80% (66627/83283)Updating files:  81% (67460/83283)Updating files:  82% (68293/83283)Updating files:  83% (69125/83283)Updating files:  84% (69958/83283)Updating files:  85% (70791/83283)Updating files:  86% (71624/83283)Updating files:  87% (72457/83283)Updating files:  88% (73290/83283)Updating files:  89% (74122/83283)Updating files:  90% (74955/83283)Updating files:  91% (75788/83283)Updating files:  92% (76621/83283)Updating files:  92% (76850/83283)Updating files:  93% (77454/83283)Updating files:  94% (78287/83283)Updating files:  95% (79119/83283)Updating files:  96% (79952/83283)Updating files:  97% (80785/83283)Updating files:  98% (81618/83283)Updating files:  99% (82451/83283)Updating files: 100% (83283/83283)Updating files: 100% (83283/83283), done.
#24 DONE 40.2s

#25 [21/22] RUN git clone --depth=1 -b dev https://github.com/p4tc-dev/new-nipa.git nipa
#25 0.365 Cloning into 'nipa'...
#25 DONE 1.0s

#26 [22/22] COPY entrypoint.sh /entrypoint.sh
#26 DONE 0.0s

#27 exporting to image
#27 exporting layers
#27 exporting layers 7.0s done
#27 writing image sha256:1c353acf50c53c83897461aad14483484914cfaa4b26509a268470c8e37464af done
#27 naming to docker.io/library/nipa-executor done
#27 DONE 7.0s
NIPA version: 9d4ceb4 (fetcher: support local kernel patches, 2024-02-05)
INFO: Last run date: 2024-03-03 15:00:10.187705+00:00
Testing  {'branch': 'net-next-2024-03-04--03-00', 'date': '2024-03-04T03:00:17.821898+00:00', 'base': '99ab6bede0ecf792ad1166acefd8beabd482284f', 'url': 'https://github.com/linux-netdev/testing.git net-next-2024-03-04--03-00'}
branch 'net-next-2024-03-04--03-00' set up to track 'origin/net-next-2024-03-04--03-00'.
Switched to a new branch 'net-next-2024-03-04--03-00'
error: No valid patches in input (allow with "--allow-empty")
Checking patch tools/testing/selftests/tc-testing/tdc_config.py...
Applied patch tools/testing/selftests/tc-testing/tdc_config.py cleanly.
Run at 2024-03-04 03:03:35.419757
INFO: building kernel
INFO: starting VM 0
INFO: thr0-1 VM starting: vng -v -r arch/x86/boot/bzImage --user root --rwdir=/nipa-data/kernel/
INFO: thr0-1 expecting prompt: '/nipa-data/kernel# '
INFO: thr0-1 reached initial prompt
INFO: thr-0 testing == tdc.sh
INFO: thr-0 tdc.sh >> retcode: 0 result: pass found {'fail': False, 'skip': False, 'pass': True}
INFO: thr-0 has no more work, exiting
INFO: thr0-1 VM stopped
Done at 2024-03-04 03:06:58.348463
NIPA quitting!
/
~/nipa/tc-executor/tc-executor-storage /
sort: write failed: 'standard output': Broken pipe
sort: write error
