~/nipa/tc-executor/tc-executor-storage /
Switched to branch 'storage-dbg'
Your branch is ahead of 'origin/storage-dbg' by 1079 commits.
  (use "git push" to publish your local commits)
/
~/nipa/tc-executor /
Error response from daemon: No such image: nipa-executor:latest
#0 building with "default" instance using docker driver

#1 [internal] load build definition from Dockerfile
#1 transferring dockerfile: 2.05kB done
#1 DONE 0.0s

#2 [internal] load .dockerignore
#2 transferring context: 2B done
#2 DONE 0.0s

#3 [internal] load metadata for docker.io/library/alpine:edge
#3 DONE 0.0s

#4 [ 1/22] FROM docker.io/library/alpine:edge
#4 CACHED

#5 [internal] load build context
#5 transferring context: 3.04kB done
#5 DONE 0.0s

#6 [ 2/22] RUN echo true > debug-mode
#6 DONE 0.9s

#7 [ 3/22] RUN addgroup -g 1001 hostuser
#7 DONE 0.5s

#8 [ 4/22] RUN adduser -u 1001 -G hostuser -H -D -s /bin/ash hostuser
#8 DONE 0.4s

#9 [ 5/22] RUN echo '@testing http://dl-cdn.alpinelinux.org/alpine/edge/testing' >> /etc/apk/repositories
#9 DONE 0.5s

#10 [ 6/22] RUN echo '@community http://dl-cdn.alpinelinux.org/alpine/edge/community' >> /etc/apk/repositories
#10 DONE 0.4s

#11 [ 7/22] RUN apk update && apk add --no-cache    virtme-ng@testing    git    py3-requests    py3-psutil    py3-setuptools    py3-pyroute2    py3-argcomplete    qemu-system-x86_64@community    scapy@community    make    gcc    musl-dev    flex    bison    linux-headers    elfutils-dev    util-linux    coreutils    diffutils    findutils    file    bash    kmod    perl    iptables-dev    libcap-dev    libmnl-dev    iproute2     jq    libbpf-dev    rsync    openssl-dev
#11 0.346 fetch https://dl-cdn.alpinelinux.org/alpine/edge/main/x86_64/APKINDEX.tar.gz
#11 0.568 fetch https://dl-cdn.alpinelinux.org/alpine/edge/community/x86_64/APKINDEX.tar.gz
#11 0.800 fetch http://dl-cdn.alpinelinux.org/alpine/edge/testing/x86_64/APKINDEX.tar.gz
#11 1.017 fetch http://dl-cdn.alpinelinux.org/alpine/edge/community/x86_64/APKINDEX.tar.gz
#11 1.298 v20240606-1670-gf9c72de540e [https://dl-cdn.alpinelinux.org/alpine/edge/main]
#11 1.298 v20240606-1698-g6e5a6b62a2c [https://dl-cdn.alpinelinux.org/alpine/edge/community]
#11 1.298 v20240606-1704-g593ade1074e [http://dl-cdn.alpinelinux.org/alpine/edge/testing]
#11 1.298 v20240606-1698-g6e5a6b62a2c [http://dl-cdn.alpinelinux.org/alpine/edge/community]
#11 1.298 OK: 31732 distinct packages available
#11 1.360 fetch https://dl-cdn.alpinelinux.org/alpine/edge/main/x86_64/APKINDEX.tar.gz
#11 1.461 fetch https://dl-cdn.alpinelinux.org/alpine/edge/community/x86_64/APKINDEX.tar.gz
#11 1.573 fetch http://dl-cdn.alpinelinux.org/alpine/edge/testing/x86_64/APKINDEX.tar.gz
#11 1.668 fetch http://dl-cdn.alpinelinux.org/alpine/edge/community/x86_64/APKINDEX.tar.gz
#11 1.910 (1/176) Upgrading musl (1.2.4_git20230717-r5 -> 1.2.5-r1)
#11 1.926 (2/176) Upgrading libcrypto3 (3.1.4-r2 -> 3.3.1-r1)
#11 1.958 (3/176) Upgrading libssl3 (3.1.4-r2 -> 3.3.1-r1)
#11 1.974 (4/176) Upgrading zlib (1.3-r2 -> 1.3.1-r1)
#11 1.987 (5/176) Installing ncurses-terminfo-base (6.4_p20240420-r0)
#11 2.001 (6/176) Installing libncursesw (6.4_p20240420-r0)
#11 2.016 (7/176) Installing readline (8.2.10-r0)
#11 2.030 (8/176) Installing bash (5.2.26-r0)
#11 2.051 Executing bash-5.2.26-r0.post-install
#11 2.053 (9/176) Installing m4 (1.4.19-r3)
#11 2.099 (10/176) Installing bison (3.8.2-r1)
#11 2.121 (11/176) Installing coreutils-env (9.5-r1)
#11 2.133 (12/176) Installing coreutils-fmt (9.5-r1)
#11 2.144 (13/176) Installing coreutils-sha512sum (9.5-r1)
#11 2.156 (14/176) Installing libacl (2.3.2-r0)
#11 2.168 (15/176) Installing libattr (2.5.2-r0)
#11 2.180 (16/176) Installing skalibs (2.14.2.0-r0)
#11 2.194 (17/176) Installing utmps-libs (0.1.2.2-r1)
#11 2.206 (18/176) Installing coreutils (9.5-r1)
#11 2.230 (19/176) Installing diffutils (3.10-r0)
#11 2.245 (20/176) Installing zstd-libs (1.5.6-r0)
#11 2.262 (21/176) Installing libelf (0.191-r0)
#11 2.278 (22/176) Installing libbz2 (1.0.8-r6)
#11 2.291 (23/176) Installing musl-fts (1.2.7-r6)
#11 2.303 (24/176) Installing xz-libs (5.6.2-r0)
#11 2.407 (25/176) Installing libdw (0.191-r0)
#11 2.423 (26/176) Installing libasm (0.191-r0)
#11 2.435 (27/176) Installing xz (5.6.2-r0)
#11 2.449 (28/176) Installing pkgconf (2.2.0-r0)
#11 2.462 (29/176) Installing xz-dev (5.6.2-r0)
#11 2.475 (30/176) Installing libgcc (13.2.1_git20240309-r0)
#11 2.488 (31/176) Installing libstdc++ (13.2.1_git20240309-r0)
#11 2.511 (32/176) Installing zstd (1.5.6-r0)
#11 2.526 (33/176) Installing zstd-dev (1.5.6-r0)
#11 2.538 (34/176) Installing zlib-dev (1.3.1-r1)
#11 2.551 (35/176) Installing elfutils-dev (0.191-r0)
#11 2.571 (36/176) Installing libmagic (5.45-r1)
#11 2.598 (37/176) Installing file (5.45-r1)
#11 2.610 (38/176) Installing findutils (4.9.0-r5)
#11 2.624 (39/176) Installing flex (2.6.4-r6)
#11 2.638 (40/176) Installing jansson (2.14-r4)
#11 2.651 (41/176) Installing binutils (2.42-r0)
#11 2.713 (42/176) Installing libgomp (13.2.1_git20240309-r0)
#11 2.727 (43/176) Installing libatomic (13.2.1_git20240309-r0)
#11 2.739 (44/176) Installing gmp (6.3.0-r1)
#11 2.756 (45/176) Installing isl26 (0.26-r1)
#11 2.779 (46/176) Installing mpfr4 (4.2.1-r0)
#11 2.796 (47/176) Installing mpc1 (1.3.1-r1)
#11 2.809 (48/176) Installing gcc (13.2.1_git20240309-r0)
#11 3.300 (49/176) Installing ca-certificates (20240226-r0)
#11 3.322 (50/176) Installing brotli-libs (1.1.0-r2)
#11 3.340 (51/176) Installing c-ares (1.31.0-r0)
#11 3.354 (52/176) Installing libunistring (1.2-r0)
#11 3.373 (53/176) Installing libidn2 (2.3.7-r0)
#11 3.387 (54/176) Installing nghttp2-libs (1.62.1-r0)
#11 3.402 (55/176) Installing libpsl (0.21.5-r2)
#11 3.414 (56/176) Installing libcurl (8.8.0-r0)
#11 3.437 (57/176) Installing libexpat (2.6.2-r0)
#11 3.450 (58/176) Installing pcre2 (10.43-r0)
#11 3.476 (59/176) Installing git (2.45.2-r1)
#11 3.526 (60/176) Installing git-init-template (2.45.2-r1)
#11 3.539 (61/176) Installing libcap2 (2.70-r0)
#11 3.551 (62/176) Installing libmnl (1.0.5-r2)
#11 3.563 (63/176) Installing iproute2-minimal (6.9.0-r0)
#11 3.579 (64/176) Installing libxtables (1.8.10-r3)
#11 3.591 (65/176) Installing iproute2-tc (6.9.0-r0)
#11 3.607 (66/176) Installing iproute2-ss (6.9.0-r0)
#11 3.620 (67/176) Installing iproute2 (6.9.0-r0)
#11 3.635 Executing iproute2-6.9.0-r0.post-install
#11 3.638 (68/176) Installing linux-headers (6.6-r0)
#11 3.723 (69/176) Installing libip4tc (1.8.10-r3)
#11 3.735 (70/176) Installing libip6tc (1.8.10-r3)
#11 3.747 (71/176) Installing libipq (1.8.10-r3)
#11 3.759 (72/176) Installing iptables-dev (1.8.10-r3)
#11 3.772 (73/176) Installing oniguruma (6.9.9-r0)
#11 3.787 (74/176) Installing jq (1.7.1-r0)
#11 3.803 (75/176) Installing kmod (32-r0)
#11 3.818 (76/176) Installing libbpf (1.4.3-r0)
#11 3.832 (77/176) Installing libbpf-dev (1.4.3-r0)
#11 3.851 (78/176) Installing libcap-dev (2.70-r0)
#11 3.863 (79/176) Installing libmnl-dev (1.0.5-r2)
#11 3.875 (80/176) Installing make (4.4.1-r2)
#11 3.889 (81/176) Installing musl-dev (1.2.5-r1)
#11 3.946 (82/176) Installing openssl-dev (3.3.1-r1)
#11 3.975 (83/176) Installing perl (5.40.0-r1)
#11 4.172 (84/176) Installing perl-error (0.17029-r2)
#11 4.184 (85/176) Installing perl-git (2.45.2-r1)
#11 4.196 (86/176) Installing git-perl (2.45.2-r1)
#11 4.208 (87/176) Installing libffi (3.4.6-r0)
#11 4.219 (88/176) Installing gdbm (1.23-r1)
#11 4.232 (89/176) Installing mpdecimal (4.0.0-r0)
#11 4.245 (90/176) Installing libpanelw (6.4_p20240420-r0)
#11 4.257 (91/176) Installing sqlite-libs (3.46.0-r0)
#11 4.280 (92/176) Installing python3 (3.12.3-r1)
#11 4.412 (93/176) Installing python3-pycache-pyc0 (3.12.3-r1)
#11 4.555 (94/176) Installing pyc (3.12.3-r1)
#11 4.566 (95/176) Installing py3-argcomplete-pyc (3.4.0-r0)
#11 4.579 (96/176) Installing python3-pyc (3.12.3-r1)
#11 4.590 (97/176) Installing py3-argcomplete (3.4.0-r0)
#11 4.605 (98/176) Installing py3-psutil (5.9.8-r1)
#11 4.621 (99/176) Installing py3-psutil-pyc (5.9.8-r1)
#11 4.636 (100/176) Installing py3-pyroute2 (0.7.12-r1)
#11 4.666 (101/176) Installing py3-pyroute2-pyc (0.7.12-r1)
#11 4.698 (102/176) Installing py3-certifi (2024.2.2-r1)
#11 4.711 (103/176) Installing py3-certifi-pyc (2024.2.2-r1)
#11 4.723 (104/176) Installing py3-charset-normalizer (3.3.2-r1)
#11 4.736 (105/176) Installing py3-charset-normalizer-pyc (3.3.2-r1)
#11 4.844 (106/176) Installing py3-idna (3.7-r0)
#11 4.860 (107/176) Installing py3-idna-pyc (3.7-r0)
#11 4.874 (108/176) Installing py3-urllib3 (1.26.18-r1)
#11 4.890 (109/176) Installing py3-urllib3-pyc (1.26.18-r1)
#11 4.907 (110/176) Installing py3-requests (2.32.3-r0)
#11 4.921 (111/176) Installing py3-requests-pyc (2.32.3-r0)
#11 4.936 (112/176) Installing py3-parsing (3.1.2-r1)
#11 4.952 (113/176) Installing py3-parsing-pyc (3.1.2-r1)
#11 4.968 (114/176) Installing py3-packaging (24.1-r0)
#11 4.982 (115/176) Installing py3-packaging-pyc (24.1-r0)
#11 4.995 (116/176) Installing py3-setuptools (70.1.1-r0)
#11 5.106 (117/176) Installing py3-setuptools-pyc (70.1.1-r0)
#11 5.148 (118/176) Installing libcap-ng (0.8.5-r0)
#11 5.161 (119/176) Installing libintl (0.22.5-r0)
#11 5.173 (120/176) Installing libeconf (0.6.3-r0)
#11 5.185 (121/176) Installing libblkid (2.40.1-r1)
#11 5.199 (122/176) Installing libmount (2.40.1-r1)
#11 5.213 (123/176) Installing glib (2.80.3-r0)
#11 5.247 (124/176) Installing numactl (2.0.18-r0)
#11 5.347 (125/176) Installing qemu (9.0.1-r0)
#11 5.362 Executing qemu-9.0.1-r0.pre-install
#11 6.593 Executing qemu-9.0.1-r0.post-install
#11 6.597 *
#11 6.597 * If you want to run VM as unprivileged user and let Qemu create tunX devices,
#11 6.597 * then you must add that user to the group "qemu".
#11 6.597 * If you use KVM for hardware-assisted virtualization, then you may also need
#11 6.597 * to add that user to the group "kvm".
#11 6.597 *
#11 6.597 (126/176) Installing qemu-bridge-helper (9.0.1-r0)
#11 6.613 (127/176) Installing libaio (0.3.113-r2)
#11 6.625 (128/176) Installing capstone (5.0.1-r4)
#11 6.658 (129/176) Installing nettle (3.10-r0)
#11 6.675 (130/176) Installing libtasn1 (4.19.0-r2)
#11 6.687 (131/176) Installing p11-kit (0.25.3-r0)
#11 6.706 (132/176) Installing gnutls (3.8.5-r0)
#11 6.728 (133/176) Installing libjpeg-turbo (3.0.3-r0)
#11 6.744 (134/176) Installing lzo (2.10-r5)
#11 6.757 (135/176) Installing pixman (0.43.2-r0)
#11 6.773 (136/176) Installing libpng (1.6.43-r0)
#11 6.787 (137/176) Installing libsasl (2.1.28-r7)
#11 6.800 (138/176) Installing libseccomp (2.5.5-r1)
#11 6.813 (139/176) Installing libslirp (4.8.0-r0)
#11 6.826 (140/176) Installing snappy (1.1.10-r2)
#11 6.840 (141/176) Installing vde2-libs (2.3.3-r3)
#11 6.853 (142/176) Installing qemu-system-x86_64 (9.0.1-r0)
#11 6.974 (143/176) Installing lz4-libs (1.9.4-r5)
#11 6.987 (144/176) Installing popt (1.19-r3)
#11 7.000 (145/176) Installing libxxhash (0.8.2-r2)
#11 7.013 (146/176) Installing rsync (3.3.0-r0)
#11 7.028 (147/176) Installing scapy (2.5.0-r3)
#11 7.078 Executing scapy-2.5.0-r3.post-install
#11 7.081 *
#11 7.081 * Certain optional features of scapy also depend on the following packages:
#11 7.081 *     py3-matplotlib graphviz imagemagick py3-cryptography sox
#11 7.081 * And the following unpackaged dependencies:
#11 7.081 *     pyxi vpython-jupyter nmap<v4.23
#11 7.081 * More information can be found at https://scapy.readthedocs.io/en/latest/installation.html#optional-dependencies
#11 7.081 *
#11 7.081 (148/176) Installing scapy-pyc (2.5.0-r3)
#11 7.139 (149/176) Installing util-linux (2.40.1-r1)
#11 7.151 (150/176) Installing dmesg (2.40.1-r1)
#11 7.162 (151/176) Installing setarch (2.40.1-r1)
#11 7.174 (152/176) Installing libuuid (2.40.1-r1)
#11 7.186 (153/176) Installing libfdisk (2.40.1-r1)
#11 7.200 (154/176) Installing libsmartcols (2.40.1-r1)
#11 7.213 (155/176) Installing util-linux-misc (2.40.1-r1)
#11 7.239 (156/176) Installing linux-pam (1.6.0-r0)
#11 7.259 (157/176) Installing runuser (2.40.1-r1)
#11 7.271 (158/176) Installing mount (2.40.1-r1)
#11 7.283 (159/176) Installing losetup (2.40.1-r1)
#11 7.295 (160/176) Installing hexdump (2.40.1-r1)
#11 7.307 (161/176) Installing uuidgen (2.40.1-r1)
#11 7.319 (162/176) Installing blkid (2.40.1-r1)
#11 7.331 (163/176) Installing sfdisk (2.40.1-r1)
#11 7.343 (164/176) Installing mcookie (2.40.1-r1)
#11 7.357 (165/176) Installing agetty (2.40.1-r1)
#11 7.369 (166/176) Installing wipefs (2.40.1-r1)
#11 7.381 (167/176) Installing cfdisk (2.40.1-r1)
#11 7.394 (168/176) Installing umount (2.40.1-r1)
#11 7.405 (169/176) Installing flock (2.40.1-r1)
#11 7.417 (170/176) Installing lsblk (2.40.1-r1)
#11 7.430 (171/176) Installing setpriv (2.40.1-r1)
#11 7.442 (172/176) Installing logger (2.40.1-r1)
#11 7.454 (173/176) Installing partx (2.40.1-r1)
#11 7.560 (174/176) Installing fstrim (2.40.1-r1)
#11 7.573 (175/176) Installing findmnt (2.40.1-r1)
#11 7.584 (176/176) Installing virtme-ng@testing (1.25-r0)
#11 7.639 Executing busybox-1.36.1-r17.trigger
#11 7.644 Executing ca-certificates-20240226-r0.trigger
#11 7.667 Executing glib-2.80.3-r0.trigger
#11 7.674 OK: 385 MiB in 187 packages
#11 DONE 12.2s

#12 [ 8/22] RUN mkdir -p /tmp/kernel-patches &&     mkdir -p /tmp/iproute2-patches
#12 DONE 1.5s

#13 [ 9/22] COPY tdc.config /tmp
#13 DONE 0.0s

#14 [10/22] COPY tdc-debug.config /tmp
#14 DONE 0.1s

#15 [11/22] COPY kernel-patches /tmp/kernel-patches/
#15 DONE 0.0s

#16 [12/22] COPY iproute2-patches /tmp/iproute2-patches/
#16 DONE 0.0s

#17 [13/22] COPY configs /tmp/configs/
#17 DONE 0.0s

#18 [14/22] RUN git config --global user.email foo@bar.com
#18 DONE 0.3s

#19 [15/22] RUN git config --global user.name foo@bar.com
#19 DONE 0.4s

#20 [16/22] RUN git clone https://git.kernel.org/pub/scm/network/iproute2/iproute2-next.git /nipa-data/iproute2
#20 0.429 Cloning into '/nipa-data/iproute2'...
#20 DONE 2.3s

#21 [17/22] RUN cd /nipa-data/iproute2 && 	git remote add stable https://git.kernel.org/pub/scm/network/iproute2/iproute2.git && 	git fetch --all && 	git merge stable/main
#21 0.885 Fetching origin
#21 1.162 Fetching stable
#21 1.767 From https://git.kernel.org/pub/scm/network/iproute2/iproute2
#21 1.767  * [new branch]        codeql         -> stable/codeql
#21 1.767  * [new branch]        iproute2-4.1.x -> stable/iproute2-4.1.x
#21 1.767  * [new branch]        main           -> stable/main
#21 1.802 Auto-merging misc/ss.c
#21 1.849 Merge made by the 'ort' strategy.
#21 1.854  devlink/devlink.c | 4 ++--
#21 1.854  misc/ss.c         | 2 ++
#21 1.854  2 files changed, 4 insertions(+), 2 deletions(-)
#21 DONE 2.0s

#22 [18/22] RUN if [ "$(find /tmp/iproute2-patches/ -name *.patch)" ]; then  	cd /nipa-data/iproute2; 	git apply /tmp/iproute2-patches/*.patch;     fi
#22 DONE 0.9s

#23 [19/22] RUN cd /nipa-data/iproute2/ &&     ./configure &&     make
#23 0.793 TC schedulers
#23 0.794  IPT	using xtables
#23 0.821  IPSET  yes
#23 0.840 
#23 0.841 lib directory: /usr/lib
#23 0.841 libc has setns: yes
#23 0.860 libc has name_to_handle_at: yes
#23 0.879 SELinux support: no
#23 0.880 libtirpc support: no
#23 0.881 libbpf support: yes
#23 0.948 	libbpf version 1.4.3
#23 0.948 ELF support: yes
#23 0.950 libmnl support: yes
#23 0.952 Berkeley DB: no
#23 0.963 need for strlcpy: no
#23 0.983 libcap support: yes
#23 0.984 color output: never
#23 0.986 
#23 0.986 lib
#23 0.988     CC       libgenl.o
#23 0.999 In file included from ../include/libgenl.h:5,
#23 0.999                  from libgenl.c:12:
#23 0.999 ../include/libnetlink.h: In function 'rta_getattr_be64':
#23 1.000 ../include/libnetlink.h:280:16: warning: implicit declaration of function 'htobe64' [-Wimplicit-function-declaration]
#23 1.000   280 |         return htobe64(rta_getattr_u64(rta));
#23 1.000       |                ^~~~~~~
#23 1.026     CC       libnetlink.o
#23 1.337     CC       mnl_utils.o
#23 1.349 In file included from mnl_utils.c:12:
#23 1.349 ../include/libnetlink.h: In function 'rta_getattr_be64':
#23 1.349 ../include/libnetlink.h:280:16: warning: implicit declaration of function 'htobe64' [-Wimplicit-function-declaration]
#23 1.349   280 |         return htobe64(rta_getattr_u64(rta));
#23 1.349       |                ^~~~~~~
#23 1.409     AR       libnetlink.a
#23 1.411     CC       utils.o
#23 1.780     CC       utils_math.o
#23 1.829     CC       rt_names.o
#23 1.983     CC       ll_map.o
#23 1.994 In file included from ll_map.c:17:
#23 1.994 ../include/libnetlink.h: In function 'rta_getattr_be64':
#23 1.994 ../include/libnetlink.h:280:16: warning: implicit declaration of function 'htobe64' [-Wimplicit-function-declaration]
#23 1.994   280 |         return htobe64(rta_getattr_u64(rta));
#23 1.994       |                ^~~~~~~
#23 2.068     CC       ll_types.o
#23 2.080 In file included from ll_types.c:20:
#23 2.080 ../include/uapi/linux/sockios.h:42: warning: "SIOCGSTAMP" redefined
#23 2.080    42 | #define SIOCGSTAMP      SIOCGSTAMP_OLD
#23 2.080       | 
#23 2.080 In file included from /usr/include/sys/ioctl.h:10,
#23 2.080                  from ll_types.c:12:
#23 2.080 /usr/include/bits/ioctl.h:111: note: this is the location of the previous definition
#23 2.080   111 | #define SIOCGSTAMP      0x8906
#23 2.080       | 
#23 2.080 ../include/uapi/linux/sockios.h:43: warning: "SIOCGSTAMPNS" redefined
#23 2.080    43 | #define SIOCGSTAMPNS    SIOCGSTAMPNS_OLD
#23 2.080       | 
#23 2.080 /usr/include/bits/ioctl.h:112: note: this is the location of the previous definition
#23 2.080   112 | #define SIOCGSTAMPNS    0x8907
#23 2.080       | 
#23 2.094     CC       ll_proto.o
#23 2.106 In file included from ll_proto.c:21:
#23 2.106 ../include/uapi/linux/sockios.h:42: warning: "SIOCGSTAMP" redefined
#23 2.106    42 | #define SIOCGSTAMP      SIOCGSTAMP_OLD
#23 2.106       | 
#23 2.106 In file included from /usr/include/sys/ioctl.h:10,
#23 2.106                  from ll_proto.c:13:
#23 2.106 /usr/include/bits/ioctl.h:111: note: this is the location of the previous definition
#23 2.106   111 | #define SIOCGSTAMP      0x8906
#23 2.106       | 
#23 2.106 ../include/uapi/linux/sockios.h:43: warning: "SIOCGSTAMPNS" redefined
#23 2.106    43 | #define SIOCGSTAMPNS    SIOCGSTAMPNS_OLD
#23 2.106       | 
#23 2.106 /usr/include/bits/ioctl.h:112: note: this is the location of the previous definition
#23 2.106   112 | #define SIOCGSTAMPNS    0x8907
#23 2.106       | 
#23 2.119     CC       ll_addr.o
#23 2.130 In file included from ll_addr.c:20:
#23 2.130 ../include/uapi/linux/sockios.h:42: warning: "SIOCGSTAMP" redefined
#23 2.130    42 | #define SIOCGSTAMP      SIOCGSTAMP_OLD
#23 2.130       | 
#23 2.130 In file included from /usr/include/sys/ioctl.h:10,
#23 2.130                  from ll_addr.c:12:
#23 2.130 /usr/include/bits/ioctl.h:111: note: this is the location of the previous definition
#23 2.130   111 | #define SIOCGSTAMP      0x8906
#23 2.130       | 
#23 2.130 ../include/uapi/linux/sockios.h:43: warning: "SIOCGSTAMPNS" redefined
#23 2.130    43 | #define SIOCGSTAMPNS    SIOCGSTAMPNS_OLD
#23 2.130       | 
#23 2.130 /usr/include/bits/ioctl.h:112: note: this is the location of the previous definition
#23 2.130   112 | #define SIOCGSTAMPNS    0x8907
#23 2.130       | 
#23 2.156     CC       inet_proto.o
#23 2.182     CC       namespace.o
#23 2.231     CC       json_writer.o
#23 2.305     CC       json_print.o
#23 2.429     CC       json_print_math.o
#23 2.458     CC       names.o
#23 2.500     CC       color.o
#23 2.539     CC       bpf_legacy.o
#23 2.914     CC       bpf_glue.o
#23 2.955     CC       exec.o
#23 2.983     CC       fs.o
#23 3.044     CC       cg_map.o
#23 3.079     CC       ppp_proto.o
#23 3.100     CC       bpf_libbpf.o
#23 3.186     CC       selinux.o
#23 3.203     CC       ax25_ntop.o
#23 3.229     CC       rose_ntop.o
#23 3.241 In file included from rose_ntop.c:16:
#23 3.241 ../include/uapi/linux/sockios.h:42: warning: "SIOCGSTAMP" redefined
#23 3.241    42 | #define SIOCGSTAMP      SIOCGSTAMP_OLD
#23 3.241       | 
#23 3.241 In file included from /usr/include/sys/ioctl.h:10,
#23 3.241                  from rose_ntop.c:7:
#23 3.241 /usr/include/bits/ioctl.h:111: note: this is the location of the previous definition
#23 3.241   111 | #define SIOCGSTAMP      0x8906
#23 3.241       | 
#23 3.241 ../include/uapi/linux/sockios.h:43: warning: "SIOCGSTAMPNS" redefined
#23 3.241    43 | #define SIOCGSTAMPNS    SIOCGSTAMPNS_OLD
#23 3.241       | 
#23 3.241 /usr/include/bits/ioctl.h:112: note: this is the location of the previous definition
#23 3.241   112 | #define SIOCGSTAMPNS    0x8907
#23 3.241       | 
#23 3.256     CC       mpls_ntop.o
#23 3.283     CC       mpls_pton.o
#23 3.311     CC       netrom_ntop.o
#23 3.332     AR       libutil.a
#23 3.336 
#23 3.336 ip
#23 3.338     CC       ip.o
#23 3.410     CC       ipaddress.o
#23 3.424 In file included from ipaddress.c:26:
#23 3.424 ../include/uapi/linux/sockios.h:42: warning: "SIOCGSTAMP" redefined
#23 3.424    42 | #define SIOCGSTAMP      SIOCGSTAMP_OLD
#23 3.424       | 
#23 3.424 In file included from /usr/include/sys/ioctl.h:10,
#23 3.424                  from ipaddress.c:14:
#23 3.424 /usr/include/bits/ioctl.h:111: note: this is the location of the previous definition
#23 3.424   111 | #define SIOCGSTAMP      0x8906
#23 3.424       | 
#23 3.424 ../include/uapi/linux/sockios.h:43: warning: "SIOCGSTAMPNS" redefined
#23 3.424    43 | #define SIOCGSTAMPNS    SIOCGSTAMPNS_OLD
#23 3.424       | 
#23 3.424 /usr/include/bits/ioctl.h:112: note: this is the location of the previous definition
#23 3.424   112 | #define SIOCGSTAMPNS    0x8907
#23 3.424       | 
#23 3.841     CC       ipaddrlabel.o
#23 3.896     CC       iproute.o
#23 4.471     CC       iprule.o
#23 4.661     CC       ipnetns.o
#23 4.851     CC       rtm_map.o
#23 4.887     CC       iptunnel.o
#23 4.899 In file included from ../include/uapi/linux/if_tunnel.h:6,
#23 4.899                  from iptunnel.c:19:
#23 4.899 ../include/uapi/linux/if.h:134: warning: "IFF_VOLATILE" redefined
#23 4.899   134 | #define IFF_VOLATILE    (IFF_LOOPBACK|IFF_POINTOPOINT|IFF_BROADCAST|IFF_ECHO|\
#23 4.899       | 
#23 4.899 In file included from iptunnel.c:16:
#23 4.899 /usr/include/net/if.h:48: note: this is the location of the previous definition
#23 4.899    48 | #define IFF_VOLATILE (IFF_LOOPBACK|IFF_POINTOPOINT|IFF_BROADCAST| \
#23 4.899       | 
#23 5.035     CC       ip6tunnel.o
#23 5.152     CC       tunnel.o
#23 5.243     CC       ipneigh.o
#23 5.392     CC       ipntable.o
#23 5.493     CC       iplink.o
#23 5.765     CC       ipmaddr.o
#23 5.781 In file included from ipmaddr.c:21:
#23 5.781 ../include/uapi/linux/sockios.h:42: warning: "SIOCGSTAMP" redefined
#23 5.781    42 | #define SIOCGSTAMP      SIOCGSTAMP_OLD
#23 5.781       | 
#23 5.781 In file included from /usr/include/sys/ioctl.h:10,
#23 5.781                  from ipmaddr.c:12:
#23 5.781 /usr/include/bits/ioctl.h:111: note: this is the location of the previous definition
#23 5.781   111 | #define SIOCGSTAMP      0x8906
#23 5.781       | 
#23 5.781 ../include/uapi/linux/sockios.h:43: warning: "SIOCGSTAMPNS" redefined
#23 5.781    43 | #define SIOCGSTAMPNS    SIOCGSTAMPNS_OLD
#23 5.781       | 
#23 5.781 /usr/include/bits/ioctl.h:112: note: this is the location of the previous definition
#23 5.781   112 | #define SIOCGSTAMPNS    0x8907
#23 5.781       | 
#23 5.866     CC       ipmonitor.o
#23 5.937     CC       ipmroute.o
#23 5.949 In file included from ipmroute.c:22:
#23 5.949 ../include/uapi/linux/sockios.h:42: warning: "SIOCGSTAMP" redefined
#23 5.949    42 | #define SIOCGSTAMP      SIOCGSTAMP_OLD
#23 5.949       | 
#23 5.949 In file included from /usr/include/sys/ioctl.h:10,
#23 5.949                  from ipmroute.c:13:
#23 5.949 /usr/include/bits/ioctl.h:111: note: this is the location of the previous definition
#23 5.949   111 | #define SIOCGSTAMP      0x8906
#23 5.949       | 
#23 5.949 ../include/uapi/linux/sockios.h:43: warning: "SIOCGSTAMPNS" redefined
#23 5.949    43 | #define SIOCGSTAMPNS    SIOCGSTAMPNS_OLD
#23 5.949       | 
#23 5.949 /usr/include/bits/ioctl.h:112: note: this is the location of the previous definition
#23 5.949   112 | #define SIOCGSTAMPNS    0x8907
#23 5.949       | 
#23 6.023     CC       ipprefix.o
#23 6.059     CC       iptuntap.o
#23 6.162     CC       iptoken.o
#23 6.215     CC       ipxfrm.o
#23 6.501     CC       xfrm_state.o
#23 6.779     CC       xfrm_policy.o
#23 7.009     CC       xfrm_monitor.o
#23 7.095     CC       iplink_dummy.o
#23 7.117     CC       iplink_ifb.o
#23 7.139     CC       iplink_nlmon.o
#23 7.161     CC       iplink_team.o
#23 7.185     CC       iplink_vcan.o
#23 7.208     CC       iplink_vxcan.o
#23 7.235     CC       iplink_vlan.o
#23 7.303     CC       link_veth.o
#23 7.331     CC       link_gre.o
#23 7.342 In file included from ../include/uapi/linux/if_tunnel.h:6,
#23 7.342                  from link_gre.c:15:
#23 7.342 ../include/uapi/linux/if.h:134: warning: "IFF_VOLATILE" redefined
#23 7.342   134 | #define IFF_VOLATILE    (IFF_LOOPBACK|IFF_POINTOPOINT|IFF_BROADCAST|IFF_ECHO|\
#23 7.342       | 
#23 7.342 In file included from link_gre.c:9:
#23 7.342 /usr/include/net/if.h:48: note: this is the location of the previous definition
#23 7.342    48 | #define IFF_VOLATILE (IFF_LOOPBACK|IFF_POINTOPOINT|IFF_BROADCAST| \
#23 7.342       | 
#23 7.448     CC       iplink_can.o
#23 7.597     CC       iplink_xdp.o
#23 7.656     CC       iplink_macvlan.o
#23 7.724     CC       ipl2tp.o
#23 7.892     CC       link_vti.o
#23 7.902 In file included from ../include/uapi/linux/if_tunnel.h:6,
#23 7.902                  from link_vti.c:16:
#23 7.902 ../include/uapi/linux/if.h:134: warning: "IFF_VOLATILE" redefined
#23 7.902   134 | #define IFF_VOLATILE    (IFF_LOOPBACK|IFF_POINTOPOINT|IFF_BROADCAST|IFF_ECHO|\
#23 7.902       | 
#23 7.902 In file included from link_vti.c:10:
#23 7.902 /usr/include/net/if.h:48: note: this is the location of the previous definition
#23 7.902    48 | #define IFF_VOLATILE (IFF_LOOPBACK|IFF_POINTOPOINT|IFF_BROADCAST| \
#23 7.902       | 
#23 7.948     CC       link_vti6.o
#23 7.958 In file included from ../include/uapi/linux/if_tunnel.h:6,
#23 7.958                  from link_vti6.c:17:
#23 7.958 ../include/uapi/linux/if.h:134: warning: "IFF_VOLATILE" redefined
#23 7.958   134 | #define IFF_VOLATILE    (IFF_LOOPBACK|IFF_POINTOPOINT|IFF_BROADCAST|IFF_ECHO|\
#23 7.958       | 
#23 7.958 In file included from link_vti6.c:11:
#23 7.958 /usr/include/net/if.h:48: note: this is the location of the previous definition
#23 7.958    48 | #define IFF_VOLATILE (IFF_LOOPBACK|IFF_POINTOPOINT|IFF_BROADCAST| \
#23 7.958       | 
#23 8.006     CC       link_xfrm.o
#23 8.042     CC       iplink_vxlan.o
#23 8.193     CC       tcp_metrics.o
#23 8.311     CC       iplink_ipoib.o
#23 8.352     CC       ipnetconf.o
#23 8.405     CC       link_ip6tnl.o
#23 8.415 In file included from ../include/uapi/linux/if_tunnel.h:6,
#23 8.415                  from link_ip6tnl.c:15:
#23 8.415 ../include/uapi/linux/if.h:134: warning: "IFF_VOLATILE" redefined
#23 8.415   134 | #define IFF_VOLATILE    (IFF_LOOPBACK|IFF_POINTOPOINT|IFF_BROADCAST|IFF_ECHO|\
#23 8.415       | 
#23 8.415 In file included from link_ip6tnl.c:9:
#23 8.415 /usr/include/net/if.h:48: note: this is the location of the previous definition
#23 8.415    48 | #define IFF_VOLATILE (IFF_LOOPBACK|IFF_POINTOPOINT|IFF_BROADCAST| \
#23 8.415       | 
#23 8.501     CC       link_iptnl.o
#23 8.511 In file included from ../include/uapi/linux/if_tunnel.h:6,
#23 8.511                  from link_iptnl.c:16:
#23 8.511 ../include/uapi/linux/if.h:134: warning: "IFF_VOLATILE" redefined
#23 8.511   134 | #define IFF_VOLATILE    (IFF_LOOPBACK|IFF_POINTOPOINT|IFF_BROADCAST|IFF_ECHO|\
#23 8.511       | 
#23 8.511 In file included from link_iptnl.c:9:
#23 8.511 /usr/include/net/if.h:48: note: this is the location of the previous definition
#23 8.511    48 | #define IFF_VOLATILE (IFF_LOOPBACK|IFF_POINTOPOINT|IFF_BROADCAST| \
#23 8.511       | 
#23 8.599     CC       link_gre6.o
#23 8.609 In file included from ../include/uapi/linux/if_tunnel.h:6,
#23 8.609                  from link_gre6.c:15:
#23 8.609 ../include/uapi/linux/if.h:134: warning: "IFF_VOLATILE" redefined
#23 8.609   134 | #define IFF_VOLATILE    (IFF_LOOPBACK|IFF_POINTOPOINT|IFF_BROADCAST|IFF_ECHO|\
#23 8.609       | 
#23 8.609 In file included from link_gre6.c:9:
#23 8.609 /usr/include/net/if.h:48: note: this is the location of the previous definition
#23 8.609    48 | #define IFF_VOLATILE (IFF_LOOPBACK|IFF_POINTOPOINT|IFF_BROADCAST| \
#23 8.609       | 
#23 8.727     CC       iplink_bond.o
#23 8.915     CC       iplink_bond_slave.o
#23 8.968     CC       iplink_hsr.o
#23 9.020     CC       iplink_bridge.o
#23 9.186     CC       iplink_bridge_slave.o
#23 9.285     CC       iplink_dsa.o
#23 9.317     CC       ipfou.o
#23 9.330 In file included from ../include/libgenl.h:5,
#23 9.330                  from ipfou.c:18:
#23 9.330 ../include/libnetlink.h: In function 'rta_getattr_be64':
#23 9.330 ../include/libnetlink.h:280:16: warning: implicit declaration of function 'htobe64' [-Wimplicit-function-declaration]
#23 9.330   280 |         return htobe64(rta_getattr_u64(rta));
#23 9.330       |                ^~~~~~~
#23 9.402     CC       iplink_ipvlan.o
#23 9.442     CC       iplink_geneve.o
#23 9.535     CC       iplink_vrf.o
#23 9.583     CC       iproute_lwtunnel.o
#23 9.977     CC       ipmacsec.o
#23 10.22     CC       ipila.o
#23 10.24 In file included from ../include/libgenl.h:5,
#23 10.24                  from ipila.c:18:
#23 10.24 ../include/libnetlink.h: In function 'rta_getattr_be64':
#23 10.24 ../include/libnetlink.h:280:16: warning: implicit declaration of function 'htobe64' [-Wimplicit-function-declaration]
#23 10.24   280 |         return htobe64(rta_getattr_u64(rta));
#23 10.24       |                ^~~~~~~
#23 10.30     CC       ipvrf.o
#23 10.42     CC       iplink_xstats.o
#23 10.44     CC       ipseg6.o
#23 10.50     CC       iplink_netdevsim.o
#23 10.52     CC       iplink_rmnet.o
#23 10.56     CC       ipnexthop.o
#23 10.82     CC       ipmptcp.o
#23 10.94     CC       iplink_bareudp.o
#23 10.95 In file included from iplink_bareudp.c:9:
#23 10.95 ../include/libnetlink.h: In function 'rta_getattr_be64':
#23 10.95 ../include/libnetlink.h:280:16: warning: implicit declaration of function 'htobe64' [-Wimplicit-function-declaration]
#23 10.95   280 |         return htobe64(rta_getattr_u64(rta));
#23 10.95       |                ^~~~~~~
#23 10.99     CC       iplink_wwan.o
#23 11.02     CC       ipioam6.o
#23 11.10     CC       iplink_amt.o
#23 11.16     CC       iplink_batadv.o
#23 11.19     CC       iplink_gtp.o
#23 11.23     CC       iplink_virt_wifi.o
#23 11.25     CC       iplink_netkit.o
#23 11.29     CC       ipstats.o
#23 11.51     LINK     ip
#23 11.54     CC       rtmon.o
#23 11.60     LINK     rtmon
#23 11.62 
#23 11.62 tc
#23 11.62     CC       tc.o
#23 11.70     CC       tc_qdisc.o
#23 11.82     CC       tc_class.o
#23 11.93     CC       tc_filter.o
#23 12.11     CC       tc_util.o
#23 12.29     CC       tc_monitor.o
#23 12.33     CC       tc_exec.o
#23 12.37     CC       m_police.o
#23 12.45     CC       m_estimator.o
#23 12.48     CC       m_action.o
#23 12.67     CC       m_ematch.o
#23 12.80     YACC     emp_ematch.tab.c
#23 12.86     CC       emp_ematch.tab.o
#23 12.97     LEX      emp_ematch.lex.c
#23 12.98     CC       emp_ematch.lex.o
#23 13.14     CC       q_fifo.o
#23 13.19     CC       q_sfq.o
#23 13.26     CC       q_red.o
#23 13.33     CC       q_prio.o
#23 13.38     CC       q_skbprio.o
#23 13.41     CC       q_tbf.o
#23 13.51     CC       q_multiq.o
#23 13.54     CC       q_netem.o
#23 13.75     CC       q_choke.o
#23 13.81     CC       q_sfb.o
#23 13.88     CC       f_u32.o
#23 14.13     CC       f_route.o
#23 14.19     CC       f_fw.o
#23 14.24     CC       f_basic.o
#23 14.28     CC       f_bpf.o
#23 14.35     CC       f_flow.o
#23 14.44     CC       f_cgroup.o
#23 14.47     CC       f_flower.o
#23 14.48 In file included from ../include/uapi/linux/netdevice.h:29,
#23 14.48                  from ../include/uapi/linux/if_arp.h:27,
#23 14.48                  from f_flower.c:14:
#23 14.48 ../include/uapi/linux/if.h:134: warning: "IFF_VOLATILE" redefined
#23 14.48   134 | #define IFF_VOLATILE    (IFF_LOOPBACK|IFF_POINTOPOINT|IFF_BROADCAST|IFF_ECHO|\
#23 14.48       | 
#23 14.48 In file included from f_flower.c:12:
#23 14.48 /usr/include/net/if.h:48: note: this is the location of the previous definition
#23 14.48    48 | #define IFF_VOLATILE (IFF_LOOPBACK|IFF_POINTOPOINT|IFF_BROADCAST| \
#23 14.48       | 
#23 14.98     CC       q_gred.o
#23 15.10     CC       q_ingress.o
#23 15.12     CC       q_hfsc.o
#23 15.21     CC       q_htb.o
#23 15.30     CC       q_drr.o
#23 15.34     CC       q_qfq.o
#23 15.38     CC       m_gact.o
#23 15.44     CC       m_mirred.o
#23 15.51     CC       m_mpls.o
#23 15.58     CC       m_nat.o
#23 15.63     CC       m_pedit.o
#23 15.78     CC       m_ife.o
#23 15.85     CC       m_skbedit.o
#23 15.91     CC       m_skbmod.o
#23 15.97     CC       m_csum.o
#23 16.03     CC       m_simple.o
#23 16.07     CC       m_vlan.o
#23 16.14     CC       m_connmark.o
#23 16.18     CC       m_ctinfo.o
#23 16.24     CC       m_bpf.o
#23 16.29     CC       m_tunnel_key.o
#23 16.41     CC       m_sample.o
#23 16.46     CC       m_ct.o
#23 16.57     CC       m_gate.o
#23 16.67     CC       p_ip.o
#23 16.72     CC       p_ip6.o
#23 16.75     CC       p_icmp.o
#23 16.78     CC       p_eth.o
#23 16.81     CC       p_tcp.o
#23 16.84     CC       p_udp.o
#23 16.87     CC       em_nbyte.o
#23 16.92     CC       em_cmp.o
#23 16.97     CC       em_u32.o
#23 17.02     CC       em_canid.o
#23 17.07     CC       em_meta.o
#23 17.18     CC       q_mqprio.o
#23 17.30     CC       q_codel.o
#23 17.36     CC       q_fq_codel.o
#23 17.44     CC       q_fq.o
#23 17.56     CC       q_pie.o
#23 17.62     CC       q_fq_pie.o
#23 17.69     CC       q_cake.o
#23 17.90     CC       q_hhf.o
#23 17.96     CC       q_clsact.o
#23 17.98     CC       e_bpf.o
#23 18.04     CC       f_matchall.o
#23 18.08     CC       q_cbs.o
#23 18.13     CC       q_etf.o
#23 18.18     CC       q_taprio.o
#23 18.30     CC       q_plug.o
#23 18.33     CC       q_ets.o
#23 18.41     CC       em_ipt.o
#23 18.44 In file included from tc_util.h:7,
#23 18.44                  from m_ematch.h:11,
#23 18.44                  from em_ipt.c:13:
#23 18.44 ../include/uapi/linux/if.h:134: warning: "IFF_VOLATILE" redefined
#23 18.44   134 | #define IFF_VOLATILE    (IFF_LOOPBACK|IFF_POINTOPOINT|IFF_BROADCAST|IFF_ECHO|\
#23 18.44       | 
#23 18.44 In file included from ../include/xtables.h:17,
#23 18.44                  from em_ipt.c:12:
#23 18.44 /usr/include/net/if.h:48: note: this is the location of the previous definition
#23 18.44    48 | #define IFF_VOLATILE (IFF_LOOPBACK|IFF_POINTOPOINT|IFF_BROADCAST| \
#23 18.44       | 
#23 18.47     CC       em_ipset.o
#23 18.49 In file included from tc_util.h:7,
#23 18.49                  from m_ematch.h:11,
#23 18.49                  from em_ipset.c:39:
#23 18.49 ../include/uapi/linux/if.h:134: warning: "IFF_VOLATILE" redefined
#23 18.49   134 | #define IFF_VOLATILE    (IFF_LOOPBACK|IFF_POINTOPOINT|IFF_BROADCAST|IFF_ECHO|\
#23 18.49       | 
#23 18.49 In file included from ../include/xtables.h:17,
#23 18.49                  from em_ipset.c:23:
#23 18.49 /usr/include/net/if.h:48: note: this is the location of the previous definition
#23 18.49    48 | #define IFF_VOLATILE (IFF_LOOPBACK|IFF_POINTOPOINT|IFF_BROADCAST| \
#23 18.49       | 
#23 18.52     CC       tc_core.o
#23 18.59     CC       tc_red.o
#23 18.63     CC       tc_estimator.o
#23 18.67     CC       tc_stab.o
#23 18.72     CC       tc_qevent.o
#23 18.73 In file included from tc_qevent.h:7,
#23 18.73                  from tc_qevent.c:10:
#23 18.73 ../include/libnetlink.h: In function 'rta_getattr_be64':
#23 18.73 ../include/libnetlink.h:280:16: warning: implicit declaration of function 'htobe64' [-Wimplicit-function-declaration]
#23 18.73   280 |         return htobe64(rta_getattr_u64(rta));
#23 18.73       |                ^~~~~~~
#23 18.78     AR       libtc.a
#23 18.78     LINK     tc
#23 18.81 rm emp_ematch.lex.c
#23 18.81 
#23 18.81 bridge
#23 18.82     CC       bridge.o
#23 18.87     CC       fdb.o
#23 18.88 In file included from fdb.c:28:
#23 18.88 ../include/libnetlink.h: In function 'rta_getattr_be64':
#23 18.88 ../include/libnetlink.h:280:16: warning: implicit declaration of function 'htobe64' [-Wimplicit-function-declaration]
#23 18.88   280 |         return htobe64(rta_getattr_u64(rta));
#23 18.88       |                ^~~~~~~
#23 19.06     CC       monitor.o
#23 19.10     CC       link.o
#23 19.12 In file included from link.c:16:
#23 19.12 ../include/libnetlink.h: In function 'rta_getattr_be64':
#23 19.12 ../include/libnetlink.h:280:16: warning: implicit declaration of function 'htobe64' [-Wimplicit-function-declaration]
#23 19.12   280 |         return htobe64(rta_getattr_u64(rta));
#23 19.12       |                ^~~~~~~
#23 19.26     CC       mdb.o
#23 19.27 In file included from mdb.c:20:
#23 19.27 ../include/libnetlink.h: In function 'rta_getattr_be64':
#23 19.27 ../include/libnetlink.h:280:16: warning: implicit declaration of function 'htobe64' [-Wimplicit-function-declaration]
#23 19.27   280 |         return htobe64(rta_getattr_u64(rta));
#23 19.27       |                ^~~~~~~
#23 19.47     CC       vlan.o
#23 19.49 In file included from vlan.c:16:
#23 19.49 ../include/libnetlink.h: In function 'rta_getattr_be64':
#23 19.49 ../include/libnetlink.h:280:16: warning: implicit declaration of function 'htobe64' [-Wimplicit-function-declaration]
#23 19.49   280 |         return htobe64(rta_getattr_u64(rta));
#23 19.49       |                ^~~~~~~
#23 19.75     CC       vni.o
#23 19.76 In file included from vni.c:21:
#23 19.76 ../include/libnetlink.h: In function 'rta_getattr_be64':
#23 19.76 ../include/libnetlink.h:280:16: warning: implicit declaration of function 'htobe64' [-Wimplicit-function-declaration]
#23 19.76   280 |         return htobe64(rta_getattr_u64(rta));
#23 19.76       |                ^~~~~~~
#23 19.83     LINK     bridge
#23 19.85 
#23 19.85 misc
#23 19.85     CC       ss.o
#23 19.87 In file included from ../include/uapi/linux/tipc.h:42,
#23 19.87                  from ss.c:49:
#23 19.87 ../include/uapi/linux/sockios.h:42: warning: "SIOCGSTAMP" redefined
#23 19.87    42 | #define SIOCGSTAMP      SIOCGSTAMP_OLD
#23 19.87       | 
#23 19.87 In file included from /usr/include/sys/ioctl.h:10,
#23 19.87                  from ss.c:12:
#23 19.87 /usr/include/bits/ioctl.h:111: note: this is the location of the previous definition
#23 19.87   111 | #define SIOCGSTAMP      0x8906
#23 19.87       | 
#23 19.87 ../include/uapi/linux/sockios.h:43: warning: "SIOCGSTAMPNS" redefined
#23 19.87    43 | #define SIOCGSTAMPNS    SIOCGSTAMPNS_OLD
#23 19.87       | 
#23 19.87 /usr/include/bits/ioctl.h:112: note: this is the location of the previous definition
#23 19.87   112 | #define SIOCGSTAMPNS    0x8907
#23 19.87       | 
#23 20.79     CC       ssfilter_check.o
#23 20.80 In file included from ssfilter_check.c:6:
#23 20.80 ../include/libnetlink.h: In function 'rta_getattr_be64':
#23 20.80 ../include/libnetlink.h:280:16: warning: implicit declaration of function 'htobe64' [-Wimplicit-function-declaration]
#23 20.80   280 |         return htobe64(rta_getattr_u64(rta));
#23 20.80       |                ^~~~~~~
#23 20.82     YACC     ssfilter.tab.c
#23 20.88     CC       ssfilter.tab.o
#23 20.99     LINK     ss
#23 21.00     CC       nstat
#23 21.15     CC       ifstat
#23 21.17 In file included from ifstat.c:30:
#23 21.17 ../include/libnetlink.h: In function 'rta_getattr_be64':
#23 21.17 ../include/libnetlink.h:280:16: warning: implicit declaration of function 'htobe64' [-Wimplicit-function-declaration]
#23 21.17   280 |         return htobe64(rta_getattr_u64(rta));
#23 21.17       |                ^~~~~~~
#23 21.33     CC       rtacct
#23 21.46     CC       lnstat.o
#23 21.53     CC       lnstat_util.o
#23 21.60     LINK     lnstat
#23 21.61 
#23 21.61 netem
#23 21.61 gcc  -I../include -o maketable maketable.c -lm
#23 21.64 gcc  -I../include -o normal normal.c -lm
#23 21.67 gcc  -I../include -o pareto pareto.c -lm
#23 21.69 gcc  -I../include -o paretonormal paretonormal.c -lm
#23 21.72 ./normal > normal.dist
#23 21.73 ./pareto > pareto.dist
#23 21.73 ./paretonormal > paretonormal.dist
#23 21.74 ./maketable experimental.dat > experimental.dist
#23 21.74 
#23 21.74 genl
#23 21.75     CC       genl.o
#23 21.79     CC       ctrl.o
#23 21.86     LINK     genl
#23 21.87 
#23 21.87 man
#23 21.88 make[2]: Nothing to be done for 'all'.
#23 21.88 make[2]: Nothing to be done for 'all'.
#23 21.88 sed \
#23 21.88 	-e "s|@NETNS_ETC_DIR@|/etc/netns|g" \
#23 21.88 	-e "s|@NETNS_RUN_DIR@|/var/run/netns|g" \
#23 21.88 	-e "s|@SYSCONF_ETC_DIR@|/etc/iproute2|g" \
#23 21.88 	-e "s|@SYSCONF_USR_DIR@|/usr/share/iproute2|g" \
#23 21.88 	ip-address.8.in > ip-address.8
#23 21.88 sed \
#23 21.88 	-e "s|@NETNS_ETC_DIR@|/etc/netns|g" \
#23 21.88 	-e "s|@NETNS_RUN_DIR@|/var/run/netns|g" \
#23 21.88 	-e "s|@SYSCONF_ETC_DIR@|/etc/iproute2|g" \
#23 21.88 	-e "s|@SYSCONF_USR_DIR@|/usr/share/iproute2|g" \
#23 21.88 	ip-link.8.in > ip-link.8
#23 21.89 sed \
#23 21.89 	-e "s|@NETNS_ETC_DIR@|/etc/netns|g" \
#23 21.89 	-e "s|@NETNS_RUN_DIR@|/var/run/netns|g" \
#23 21.89 	-e "s|@SYSCONF_ETC_DIR@|/etc/iproute2|g" \
#23 21.89 	-e "s|@SYSCONF_USR_DIR@|/usr/share/iproute2|g" \
#23 21.89 	ip-netns.8.in > ip-netns.8
#23 21.89 sed \
#23 21.89 	-e "s|@NETNS_ETC_DIR@|/etc/netns|g" \
#23 21.89 	-e "s|@NETNS_RUN_DIR@|/var/run/netns|g" \
#23 21.89 	-e "s|@SYSCONF_ETC_DIR@|/etc/iproute2|g" \
#23 21.89 	-e "s|@SYSCONF_USR_DIR@|/usr/share/iproute2|g" \
#23 21.89 	ip-route.8.in > ip-route.8
#23 21.89 
#23 21.89 tipc
#23 21.89     CC       bearer.o
#23 22.08     CC       cmdl.o
#23 22.12     CC       link.o
#23 22.32     CC       media.o
#23 22.37     CC       misc.o
#23 22.43     CC       msg.o
#23 22.45     CC       nametable.o
#23 22.49     CC       node.o
#23 22.57     CC       socket.o
#23 22.60     CC       peer.o
#23 22.64     CC       tipc.o
#23 22.67     LINK     tipc
#23 22.68 
#23 22.68 devlink
#23 22.69     CC       devlink.o
#23 24.31     CC       mnlg.o
#23 24.32 In file included from mnlg.c:16:
#23 24.32 ../include/libnetlink.h: In function 'rta_getattr_be64':
#23 24.32 ../include/libnetlink.h:280:16: warning: implicit declaration of function 'htobe64' [-Wimplicit-function-declaration]
#23 24.32   280 |         return htobe64(rta_getattr_u64(rta));
#23 24.32       |                ^~~~~~~
#23 24.35     LINK     devlink
#23 24.36 
#23 24.36 rdma
#23 24.37     CC       rdma.o
#23 24.38 rdma.c: In function 'main':
#23 24.38 rdma.c:110:20: warning: implicit declaration of function 'basename'; did you mean 'rename'? [-Wimplicit-function-declaration]
#23 24.38   110 |         filename = basename(argv[0]);
#23 24.38       |                    ^~~~~~~~
#23 24.38       |                    rename
#23 24.38 rdma.c:110:18: warning: assignment to 'char *' from 'int' makes pointer from integer without a cast [-Wint-conversion]
#23 24.38   110 |         filename = basename(argv[0]);
#23 24.38       |                  ^
#23 24.41     CC       utils.o
#23 24.58     CC       dev.o
#23 24.65     CC       link.o
#23 24.72     CC       res.o
#23 24.84     CC       res-pd.o
#23 24.88     CC       res-mr.o
#23 24.93     CC       res-cq.o
#23 24.98     CC       res-cmid.o
#23 25.03     CC       res-qp.o
#23 25.09     CC       sys.o
#23 25.14     CC       stat.o
#23 25.34     CC       stat-mr.o
#23 25.38     CC       res-ctx.o
#23 25.41     CC       res-srq.o
#23 25.49     LINK     rdma
#23 25.51 
#23 25.51 dcb
#23 25.51     CC       dcb.o
#23 25.52 In file included from ../include/namespace.h:10,
#23 25.52                  from dcb.c:11:
#23 25.52 ../include/libnetlink.h: In function 'rta_getattr_be64':
#23 25.52 ../include/libnetlink.h:280:16: warning: implicit declaration of function 'htobe64' [-Wimplicit-function-declaration]
#23 25.52   280 |         return htobe64(rta_getattr_u64(rta));
#23 25.52       |                ^~~~~~~
#23 25.62     CC       dcb_app.o
#23 25.82     CC       dcb_buffer.o
#23 25.89     CC       dcb_dcbx.o
#23 25.94     CC       dcb_ets.o
#23 26.02     CC       dcb_maxrate.o
#23 26.07     CC       dcb_pfc.o
#23 26.13     CC       dcb_apptrust.o
#23 26.19     CC       dcb_rewr.o
#23 26.27     LINK     dcb
#23 26.28 
#23 26.28 vdpa
#23 26.28     CC       vdpa.o
#23 26.44     LINK     vdpa
#23 DONE 26.5s

#24 [20/22] RUN git clone --no-single-branch --depth=1 https://github.com/linux-netdev/testing.git /nipa-data/kernel
#24 0.408 Cloning into '/nipa-data/kernel'...
#24 25.35 Updating files:  16% (14019/83283)Updating files:  17% (14159/83283)Updating files:  18% (14991/83283)Updating files:  19% (15824/83283)Updating files:  20% (16657/83283)Updating files:  21% (17490/83283)Updating files:  22% (18323/83283)Updating files:  23% (19156/83283)Updating files:  24% (19988/83283)Updating files:  25% (20821/83283)Updating files:  26% (21654/83283)Updating files:  27% (22487/83283)Updating files:  28% (23320/83283)Updating files:  29% (24153/83283)Updating files:  30% (24985/83283)Updating files:  31% (25818/83283)Updating files:  32% (26651/83283)Updating files:  33% (27484/83283)Updating files:  33% (27633/83283)Updating files:  34% (28317/83283)Updating files:  35% (29150/83283)Updating files:  36% (29982/83283)Updating files:  37% (30815/83283)Updating files:  38% (31648/83283)Updating files:  39% (32481/83283)Updating files:  40% (33314/83283)Updating files:  40% (33543/83283)Updating files:  41% (34147/83283)Updating files:  42% (34979/83283)Updating files:  43% (35812/83283)Updating files:  44% (36645/83283)Updating files:  45% (37478/83283)Updating files:  46% (38311/83283)Updating files:  47% (39144/83283)Updating files:  48% (39976/83283)Updating files:  49% (40809/83283)Updating files:  49% (41150/83283)Updating files:  50% (41642/83283)Updating files:  51% (42475/83283)Updating files:  52% (43308/83283)Updating files:  53% (44140/83283)Updating files:  54% (44973/83283)Updating files:  55% (45806/83283)Updating files:  56% (46639/83283)Updating files:  57% (47472/83283)Updating files:  58% (48305/83283)Updating files:  59% (49137/83283)Updating files:  60% (49970/83283)Updating files:  61% (50803/83283)Updating files:  62% (51636/83283)Updating files:  62% (52378/83283)Updating files:  63% (52469/83283)Updating files:  64% (53302/83283)Updating files:  65% (54134/83283)Updating files:  66% (54967/83283)Updating files:  67% (55800/83283)Updating files:  68% (56633/83283)Updating files:  69% (57466/83283)Updating files:  70% (58299/83283)Updating files:  71% (59131/83283)Updating files:  72% (59964/83283)Updating files:  73% (60797/83283)Updating files:  74% (61630/83283)Updating files:  75% (62463/83283)Updating files:  76% (63296/83283)Updating files:  77% (64128/83283)Updating files:  78% (64961/83283)Updating files:  79% (65794/83283)Updating files:  79% (66189/83283)Updating files:  80% (66627/83283)Updating files:  81% (67460/83283)Updating files:  82% (68293/83283)Updating files:  83% (69125/83283)Updating files:  84% (69958/83283)Updating files:  85% (70791/83283)Updating files:  86% (71624/83283)Updating files:  87% (72457/83283)Updating files:  88% (73290/83283)Updating files:  89% (74122/83283)Updating files:  90% (74955/83283)Updating files:  91% (75788/83283)Updating files:  92% (76621/83283)Updating files:  93% (77454/83283)Updating files:  94% (78287/83283)Updating files:  95% (79119/83283)Updating files:  96% (79952/83283)Updating files:  97% (80785/83283)Updating files:  98% (81618/83283)Updating files:  98% (82321/83283)Updating files:  99% (82451/83283)Updating files: 100% (83283/83283)Updating files: 100% (83283/83283), done.
#24 DONE 33.2s

#25 [21/22] RUN git clone --depth=1 -b main https://github.com/p4tc-dev/new-nipa.git nipa
#25 0.342 Cloning into 'nipa'...
#25 DONE 0.6s

#26 [22/22] COPY entrypoint.sh /entrypoint.sh
#26 DONE 0.0s

#27 exporting to image
#27 exporting layers
#27 exporting layers 5.1s done
#27 writing image sha256:1ec912bd8ba56677518a0368ab3d8c07091f5ca6de91479648b730e12b7bc790 0.0s done
#27 naming to docker.io/library/nipa-executor 0.1s done
#27 DONE 5.2s
=== >>> DEBUG KERNEL <<< ===
NIPA version: 1b9c21a (ui: set canvas background color to stand out, 2024-03-28)
INFO: Last run date: 2024-07-02 09:00:18.937720+00:00
Testing  {'branch': 'net-next-2024-07-02--12-00', 'date': '2024-07-02T12:00:06.926399+00:00', 'base': 'e2dd0d0593c17f32c7263e9d6f7554ecaabb0baf', 'url': 'https://github.com/linux-netdev/testing.git net-next-2024-07-02--12-00'}
Updating files: 100% (22346/22346), done.
branch 'net-next-2024-07-02--12-00' set up to track 'origin/net-next-2024-07-02--12-00'.
Switched to a new branch 'net-next-2024-07-02--12-00'
error: No valid patches in input (allow with "--allow-empty")
Checking patch tools/testing/selftests/tc-testing/tdc_config.py...
Applied patch tools/testing/selftests/tc-testing/tdc_config.py cleanly.
Run at 2024-07-02 12:23:42.377581
INFO: building kernel
INFO: starting VM 0
INFO: thr0-0 VM starting: vng -v -r arch/x86/boot/bzImage --user root --rwdir=/nipa-data/kernel/
INFO: thr0-0 expecting prompt: '/nipa-data/kernel# '
INFO: thr0-0 reached initial prompt
INFO: thr-0 testing == tdc.sh
INFO: thr-0 tdc.sh >> retcode: 0 result: pass found {'fail': False, 'skip': False, 'pass': True}
INFO: thr-0 has no more work, exiting
INFO: thr0-0 VM stopped
Done at 2024-07-02 12:28:29.626374
NIPA quitting!
/
~/nipa/tc-executor/tc-executor-storage /
sort: write failed: 'standard output': Broken pipe
sort: write error
