~/nipa/tc-executor/tc-executor-storage /
Switched to branch 'storage-dbg'
Your branch is ahead of 'origin/storage-dbg' by 1019 commits.
  (use "git push" to publish your local commits)
/
~/nipa/tc-executor /
Error response from daemon: No such image: nipa-executor:latest
#0 building with "default" instance using docker driver

#1 [internal] load .dockerignore
#1 transferring context: 2B done
#1 DONE 0.0s

#2 [internal] load build definition from Dockerfile
#2 transferring dockerfile: 2.05kB done
#2 DONE 0.0s

#3 [internal] load metadata for docker.io/library/alpine:edge
#3 DONE 0.0s

#4 [ 1/22] FROM docker.io/library/alpine:edge
#4 CACHED

#5 [internal] load build context
#5 transferring context: 3.02kB done
#5 DONE 0.0s

#6 [ 2/22] RUN echo true > debug-mode
#6 DONE 0.8s

#7 [ 3/22] RUN addgroup -g 1001 hostuser
#7 DONE 0.3s

#8 [ 4/22] RUN adduser -u 1001 -G hostuser -H -D -s /bin/ash hostuser
#8 DONE 0.4s

#9 [ 5/22] RUN echo '@testing http://dl-cdn.alpinelinux.org/alpine/edge/testing' >> /etc/apk/repositories
#9 DONE 0.5s

#10 [ 6/22] RUN echo '@community http://dl-cdn.alpinelinux.org/alpine/edge/community' >> /etc/apk/repositories
#10 DONE 0.4s

#11 [ 7/22] RUN apk update && apk add --no-cache    virtme-ng@testing    git    py3-requests    py3-psutil    py3-setuptools    py3-pyroute2    py3-argcomplete    qemu-system-x86_64@community    scapy@community    make    gcc    musl-dev    flex    bison    linux-headers    elfutils-dev    util-linux    coreutils    diffutils    findutils    file    bash    kmod    perl    iptables-dev    libcap-dev    libmnl-dev    iproute2     jq    libbpf-dev    rsync    openssl-dev
#11 0.349 fetch https://dl-cdn.alpinelinux.org/alpine/edge/main/x86_64/APKINDEX.tar.gz
#11 0.564 fetch https://dl-cdn.alpinelinux.org/alpine/edge/community/x86_64/APKINDEX.tar.gz
#11 0.760 fetch http://dl-cdn.alpinelinux.org/alpine/edge/testing/x86_64/APKINDEX.tar.gz
#11 0.962 fetch http://dl-cdn.alpinelinux.org/alpine/edge/community/x86_64/APKINDEX.tar.gz
#11 1.202 v20240606-1197-gefa27cc3e17 [https://dl-cdn.alpinelinux.org/alpine/edge/main]
#11 1.202 v20240606-1202-g6ccfb253b7f [https://dl-cdn.alpinelinux.org/alpine/edge/community]
#11 1.202 v20240606-1199-g194708ee3c2 [http://dl-cdn.alpinelinux.org/alpine/edge/testing]
#11 1.202 v20240606-1202-g6ccfb253b7f [http://dl-cdn.alpinelinux.org/alpine/edge/community]
#11 1.202 OK: 31622 distinct packages available
#11 1.255 fetch https://dl-cdn.alpinelinux.org/alpine/edge/main/x86_64/APKINDEX.tar.gz
#11 1.356 fetch https://dl-cdn.alpinelinux.org/alpine/edge/community/x86_64/APKINDEX.tar.gz
#11 1.497 fetch http://dl-cdn.alpinelinux.org/alpine/edge/testing/x86_64/APKINDEX.tar.gz
#11 1.581 fetch http://dl-cdn.alpinelinux.org/alpine/edge/community/x86_64/APKINDEX.tar.gz
#11 1.788 (1/176) Upgrading musl (1.2.4_git20230717-r5 -> 1.2.5-r1)
#11 1.804 (2/176) Upgrading libcrypto3 (3.1.4-r2 -> 3.3.1-r0)
#11 1.838 (3/176) Upgrading libssl3 (3.1.4-r2 -> 3.3.1-r0)
#11 1.855 (4/176) Upgrading zlib (1.3-r2 -> 1.3.1-r1)
#11 1.871 (5/176) Installing ncurses-terminfo-base (6.4_p20240420-r0)
#11 1.886 (6/176) Installing libncursesw (6.4_p20240420-r0)
#11 1.900 (7/176) Installing readline (8.2.10-r0)
#11 1.914 (8/176) Installing bash (5.2.26-r0)
#11 1.934 Executing bash-5.2.26-r0.post-install
#11 1.937 (9/176) Installing m4 (1.4.19-r3)
#11 1.951 (10/176) Installing bison (3.8.2-r1)
#11 1.971 (11/176) Installing coreutils-env (9.5-r1)
#11 2.027 (12/176) Installing coreutils-fmt (9.5-r1)
#11 2.040 (13/176) Installing coreutils-sha512sum (9.5-r1)
#11 2.053 (14/176) Installing libacl (2.3.2-r0)
#11 2.065 (15/176) Installing libattr (2.5.2-r0)
#11 2.077 (16/176) Installing skalibs (2.14.2.0-r0)
#11 2.102 (17/176) Installing utmps-libs (0.1.2.2-r1)
#11 2.115 (18/176) Installing coreutils (9.5-r1)
#11 2.139 (19/176) Installing diffutils (3.10-r0)
#11 2.155 (20/176) Installing zstd-libs (1.5.6-r0)
#11 2.176 (21/176) Installing libelf (0.191-r0)
#11 2.190 (22/176) Installing libbz2 (1.0.8-r6)
#11 2.202 (23/176) Installing musl-fts (1.2.7-r6)
#11 2.216 (24/176) Installing xz-libs (5.6.2-r0)
#11 2.230 (25/176) Installing libdw (0.191-r0)
#11 2.246 (26/176) Installing libasm (0.191-r0)
#11 2.258 (27/176) Installing xz (5.6.2-r0)
#11 2.272 (28/176) Installing pkgconf (2.2.0-r0)
#11 2.285 (29/176) Installing xz-dev (5.6.2-r0)
#11 2.299 (30/176) Installing libgcc (13.2.1_git20240309-r0)
#11 2.313 (31/176) Installing libstdc++ (13.2.1_git20240309-r0)
#11 2.336 (32/176) Installing zstd (1.5.6-r0)
#11 2.352 (33/176) Installing zstd-dev (1.5.6-r0)
#11 2.377 (34/176) Installing zlib-dev (1.3.1-r1)
#11 2.391 (35/176) Installing elfutils-dev (0.191-r0)
#11 2.412 (36/176) Installing libmagic (5.45-r1)
#11 2.441 (37/176) Installing file (5.45-r1)
#11 2.452 (38/176) Installing findutils (4.9.0-r5)
#11 2.466 (39/176) Installing flex (2.6.4-r6)
#11 2.480 (40/176) Installing jansson (2.14-r4)
#11 2.492 (41/176) Installing binutils (2.42-r0)
#11 2.542 (42/176) Installing libgomp (13.2.1_git20240309-r0)
#11 2.556 (43/176) Installing libatomic (13.2.1_git20240309-r0)
#11 2.568 (44/176) Installing gmp (6.3.0-r1)
#11 2.583 (45/176) Installing isl26 (0.26-r1)
#11 2.606 (46/176) Installing mpfr4 (4.2.1-r0)
#11 2.623 (47/176) Installing mpc1 (1.3.1-r1)
#11 2.638 (48/176) Installing gcc (13.2.1_git20240309-r0)
#11 3.072 (49/176) Installing ca-certificates (20240226-r0)
#11 3.094 (50/176) Installing brotli-libs (1.1.0-r2)
#11 3.117 (51/176) Installing c-ares (1.31.0-r0)
#11 3.132 (52/176) Installing libunistring (1.2-r0)
#11 3.151 (53/176) Installing libidn2 (2.3.7-r0)
#11 3.165 (54/176) Installing nghttp2-libs (1.62.1-r0)
#11 3.179 (55/176) Installing libpsl (0.21.5-r1)
#11 3.192 (56/176) Installing libcurl (8.8.0-r0)
#11 3.209 (57/176) Installing libexpat (2.6.2-r0)
#11 3.222 (58/176) Installing pcre2 (10.43-r0)
#11 3.239 (59/176) Installing git (2.45.2-r1)
#11 3.287 (60/176) Installing git-init-template (2.45.2-r1)
#11 3.300 (61/176) Installing libcap2 (2.70-r0)
#11 3.313 (62/176) Installing libmnl (1.0.5-r2)
#11 3.325 (63/176) Installing iproute2-minimal (6.9.0-r0)
#11 3.341 (64/176) Installing libxtables (1.8.10-r3)
#11 3.354 (65/176) Installing iproute2-tc (6.9.0-r0)
#11 3.371 (66/176) Installing iproute2-ss (6.9.0-r0)
#11 3.383 (67/176) Installing iproute2 (6.9.0-r0)
#11 3.399 Executing iproute2-6.9.0-r0.post-install
#11 3.403 (68/176) Installing linux-headers (6.6-r0)
#11 3.480 (69/176) Installing libip4tc (1.8.10-r3)
#11 3.493 (70/176) Installing libip6tc (1.8.10-r3)
#11 3.504 (71/176) Installing libipq (1.8.10-r3)
#11 3.518 (72/176) Installing iptables-dev (1.8.10-r3)
#11 3.531 (73/176) Installing oniguruma (6.9.9-r0)
#11 3.546 (74/176) Installing jq (1.7.1-r0)
#11 3.564 (75/176) Installing kmod (32-r0)
#11 3.578 (76/176) Installing libbpf (1.4.3-r0)
#11 3.592 (77/176) Installing libbpf-dev (1.4.3-r0)
#11 3.611 (78/176) Installing libcap-dev (2.70-r0)
#11 3.623 (79/176) Installing libmnl-dev (1.0.5-r2)
#11 3.637 (80/176) Installing make (4.4.1-r2)
#11 3.653 (81/176) Installing musl-dev (1.2.5-r1)
#11 3.702 (82/176) Installing openssl-dev (3.3.1-r0)
#11 3.728 (83/176) Installing perl (5.40.0-r0)
#11 3.924 (84/176) Installing perl-error (0.17029-r2)
#11 3.936 (85/176) Installing perl-git (2.45.2-r1)
#11 3.950 (86/176) Installing git-perl (2.45.2-r1)
#11 3.963 (87/176) Installing libffi (3.4.6-r0)
#11 3.975 (88/176) Installing gdbm (1.23-r1)
#11 3.987 (89/176) Installing mpdecimal (4.0.0-r0)
#11 4.007 (90/176) Installing libpanelw (6.4_p20240420-r0)
#11 4.022 (91/176) Installing sqlite-libs (3.46.0-r0)
#11 4.043 (92/176) Installing python3 (3.12.3-r1)
#11 4.169 (93/176) Installing python3-pycache-pyc0 (3.12.3-r1)
#11 4.245 (94/176) Installing pyc (3.12.3-r1)
#11 4.256 (95/176) Installing py3-argcomplete-pyc (3.4.0-r0)
#11 4.270 (96/176) Installing python3-pyc (3.12.3-r1)
#11 4.282 (97/176) Installing py3-argcomplete (3.4.0-r0)
#11 4.296 (98/176) Installing py3-psutil (5.9.8-r1)
#11 4.311 (99/176) Installing py3-psutil-pyc (5.9.8-r1)
#11 4.326 (100/176) Installing py3-pyroute2 (0.7.12-r1)
#11 4.357 (101/176) Installing py3-pyroute2-pyc (0.7.12-r1)
#11 4.389 (102/176) Installing py3-certifi (2024.2.2-r1)
#11 4.403 (103/176) Installing py3-certifi-pyc (2024.2.2-r1)
#11 4.415 (104/176) Installing py3-charset-normalizer (3.3.2-r1)
#11 4.432 (105/176) Installing py3-charset-normalizer-pyc (3.3.2-r1)
#11 4.446 (106/176) Installing py3-idna (3.7-r0)
#11 4.461 (107/176) Installing py3-idna-pyc (3.7-r0)
#11 4.475 (108/176) Installing py3-urllib3 (1.26.18-r1)
#11 4.492 (109/176) Installing py3-urllib3-pyc (1.26.18-r1)
#11 4.511 (110/176) Installing py3-requests (2.32.3-r0)
#11 4.524 (111/176) Installing py3-requests-pyc (2.32.3-r0)
#11 4.539 (112/176) Installing py3-parsing (3.1.2-r1)
#11 4.553 (113/176) Installing py3-parsing-pyc (3.1.2-r1)
#11 4.569 (114/176) Installing py3-packaging (24.1-r0)
#11 4.583 (115/176) Installing py3-packaging-pyc (24.1-r0)
#11 4.597 (116/176) Installing py3-setuptools (70.1.0-r0)
#11 4.631 (117/176) Installing py3-setuptools-pyc (70.1.0-r0)
#11 4.670 (118/176) Installing libcap-ng (0.8.5-r0)
#11 4.683 (119/176) Installing libintl (0.22.5-r0)
#11 4.695 (120/176) Installing libeconf (0.6.3-r0)
#11 4.708 (121/176) Installing libblkid (2.40.1-r1)
#11 4.722 (122/176) Installing libmount (2.40.1-r1)
#11 4.737 (123/176) Installing glib (2.80.3-r0)
#11 4.785 (124/176) Installing numactl (2.0.18-r0)
#11 4.797 (125/176) Installing qemu (9.0.1-r0)
#11 4.814 Executing qemu-9.0.1-r0.pre-install
#11 4.884 Executing qemu-9.0.1-r0.post-install
#11 4.888 *
#11 4.888 * If you want to run VM as unprivileged user and let Qemu create tunX devices,
#11 4.888 * then you must add that user to the group "qemu".
#11 4.888 * If you use KVM for hardware-assisted virtualization, then you may also need
#11 4.888 * to add that user to the group "kvm".
#11 4.888 *
#11 4.888 (126/176) Installing qemu-bridge-helper (9.0.1-r0)
#11 4.905 (127/176) Installing libaio (0.3.113-r2)
#11 4.917 (128/176) Installing capstone (5.0.1-r4)
#11 4.952 (129/176) Installing nettle (3.10-r0)
#11 4.969 (130/176) Installing libtasn1 (4.19.0-r2)
#11 4.982 (131/176) Installing p11-kit (0.25.3-r0)
#11 4.999 (132/176) Installing gnutls (3.8.5-r0)
#11 5.022 (133/176) Installing libjpeg-turbo (3.0.3-r0)
#11 5.038 (134/176) Installing lzo (2.10-r5)
#11 5.104 (135/176) Installing pixman (0.43.2-r0)
#11 5.120 (136/176) Installing libpng (1.6.43-r0)
#11 5.133 (137/176) Installing libsasl (2.1.28-r7)
#11 5.147 (138/176) Installing libseccomp (2.5.5-r1)
#11 5.160 (139/176) Installing libslirp (4.8.0-r0)
#11 5.173 (140/176) Installing snappy (1.1.10-r2)
#11 5.186 (141/176) Installing vde2-libs (2.3.3-r3)
#11 5.199 (142/176) Installing qemu-system-x86_64 (9.0.1-r0)
#11 5.301 (143/176) Installing lz4-libs (1.9.4-r5)
#11 5.314 (144/176) Installing popt (1.19-r3)
#11 5.327 (145/176) Installing libxxhash (0.8.2-r2)
#11 5.341 (146/176) Installing rsync (3.3.0-r0)
#11 5.356 (147/176) Installing scapy (2.5.0-r3)
#11 5.402 Executing scapy-2.5.0-r3.post-install
#11 5.405 *
#11 5.405 * Certain optional features of scapy also depend on the following packages:
#11 5.405 *     py3-matplotlib graphviz imagemagick py3-cryptography sox
#11 5.405 * And the following unpackaged dependencies:
#11 5.405 *     pyxi vpython-jupyter nmap<v4.23
#11 5.405 * More information can be found at https://scapy.readthedocs.io/en/latest/installation.html#optional-dependencies
#11 5.405 *
#11 5.405 (148/176) Installing scapy-pyc (2.5.0-r3)
#11 5.460 (149/176) Installing util-linux (2.40.1-r1)
#11 5.478 (150/176) Installing dmesg (2.40.1-r1)
#11 5.491 (151/176) Installing setarch (2.40.1-r1)
#11 5.503 (152/176) Installing libuuid (2.40.1-r1)
#11 5.522 (153/176) Installing libfdisk (2.40.1-r1)
#11 5.537 (154/176) Installing libsmartcols (2.40.1-r1)
#11 5.549 (155/176) Installing util-linux-misc (2.40.1-r1)
#11 5.575 (156/176) Installing linux-pam (1.6.0-r0)
#11 5.595 (157/176) Installing runuser (2.40.1-r1)
#11 5.608 (158/176) Installing mount (2.40.1-r1)
#11 5.629 (159/176) Installing losetup (2.40.1-r1)
#11 5.641 (160/176) Installing hexdump (2.40.1-r1)
#11 5.654 (161/176) Installing uuidgen (2.40.1-r1)
#11 5.666 (162/176) Installing blkid (2.40.1-r1)
#11 5.678 (163/176) Installing sfdisk (2.40.1-r1)
#11 5.691 (164/176) Installing mcookie (2.40.1-r1)
#11 5.703 (165/176) Installing agetty (2.40.1-r1)
#11 5.715 (166/176) Installing wipefs (2.40.1-r1)
#11 5.728 (167/176) Installing cfdisk (2.40.1-r1)
#11 5.743 (168/176) Installing umount (2.40.1-r1)
#11 5.759 (169/176) Installing flock (2.40.1-r1)
#11 5.773 (170/176) Installing lsblk (2.40.1-r1)
#11 5.786 (171/176) Installing setpriv (2.40.1-r1)
#11 5.798 (172/176) Installing logger (2.40.1-r1)
#11 5.809 (173/176) Installing partx (2.40.1-r1)
#11 5.823 (174/176) Installing fstrim (2.40.1-r1)
#11 5.841 (175/176) Installing findmnt (2.40.1-r1)
#11 5.854 (176/176) Installing virtme-ng@testing (1.25-r0)
#11 5.906 Executing busybox-1.36.1-r17.trigger
#11 5.911 Executing ca-certificates-20240226-r0.trigger
#11 5.932 Executing glib-2.80.3-r0.trigger
#11 5.938 OK: 385 MiB in 187 packages
#11 DONE 6.3s

#12 [ 8/22] RUN mkdir -p /tmp/kernel-patches &&     mkdir -p /tmp/iproute2-patches
#12 DONE 0.4s

#13 [ 9/22] COPY tdc.config /tmp
#13 DONE 0.0s

#14 [10/22] COPY tdc-debug.config /tmp
#14 DONE 0.0s

#15 [11/22] COPY kernel-patches /tmp/kernel-patches/
#15 DONE 0.0s

#16 [12/22] COPY iproute2-patches /tmp/iproute2-patches/
#16 DONE 0.0s

#17 [13/22] COPY configs /tmp/configs/
#17 DONE 0.0s

#18 [14/22] RUN git config --global user.email foo@bar.com
#18 DONE 0.2s

#19 [15/22] RUN git config --global user.name foo@bar.com
#19 DONE 0.4s

#20 [16/22] RUN git clone https://git.kernel.org/pub/scm/network/iproute2/iproute2-next.git /nipa-data/iproute2
#20 0.367 Cloning into '/nipa-data/iproute2'...
#20 DONE 2.0s

#21 [17/22] RUN cd /nipa-data/iproute2 && 	git remote add stable https://git.kernel.org/pub/scm/network/iproute2/iproute2.git && 	git fetch --all && 	git merge stable/main
#21 0.323 Fetching origin
#21 0.650 Fetching stable
#21 1.120 From https://git.kernel.org/pub/scm/network/iproute2/iproute2
#21 1.120  * [new branch]        codeql         -> stable/codeql
#21 1.120  * [new branch]        iproute2-4.1.x -> stable/iproute2-4.1.x
#21 1.120  * [new branch]        main           -> stable/main
#21 1.147 Merge made by the 'ort' strategy.
#21 1.165  devlink/devlink.c | 4 ++--
#21 1.165  1 file changed, 2 insertions(+), 2 deletions(-)
#21 DONE 1.2s

#22 [18/22] RUN if [ "$(find /tmp/iproute2-patches/ -name *.patch)" ]; then  	cd /nipa-data/iproute2; 	git apply /tmp/iproute2-patches/*.patch;     fi
#22 DONE 0.4s

#23 [19/22] RUN cd /nipa-data/iproute2/ &&     ./configure &&     make
#23 0.361 TC schedulers
#23 0.362  IPT	using xtables
#23 0.389  IPSET  yes
#23 0.408 
#23 0.409 lib directory: /usr/lib
#23 0.409 libc has setns: yes
#23 0.429 libc has name_to_handle_at: yes
#23 0.448 SELinux support: no
#23 0.449 libtirpc support: no
#23 0.450 libbpf support: yes
#23 0.510 	libbpf version 1.4.3
#23 0.510 ELF support: yes
#23 0.512 libmnl support: yes
#23 0.514 Berkeley DB: no
#23 0.523 need for strlcpy: no
#23 0.542 libcap support: yes
#23 0.543 color output: never
#23 0.546 
#23 0.546 lib
#23 0.548     CC       libgenl.o
#23 0.559 In file included from ../include/libgenl.h:5,
#23 0.559                  from libgenl.c:12:
#23 0.559 ../include/libnetlink.h: In function 'rta_getattr_be64':
#23 0.559 ../include/libnetlink.h:280:16: warning: implicit declaration of function 'htobe64' [-Wimplicit-function-declaration]
#23 0.559   280 |         return htobe64(rta_getattr_u64(rta));
#23 0.559       |                ^~~~~~~
#23 0.585     CC       libnetlink.o
#23 0.861     CC       mnl_utils.o
#23 0.872 In file included from mnl_utils.c:12:
#23 0.872 ../include/libnetlink.h: In function 'rta_getattr_be64':
#23 0.872 ../include/libnetlink.h:280:16: warning: implicit declaration of function 'htobe64' [-Wimplicit-function-declaration]
#23 0.872   280 |         return htobe64(rta_getattr_u64(rta));
#23 0.872       |                ^~~~~~~
#23 0.928     AR       libnetlink.a
#23 0.930     CC       utils.o
#23 1.277     CC       utils_math.o
#23 1.314     CC       rt_names.o
#23 1.458     CC       ll_map.o
#23 1.470 In file included from ll_map.c:17:
#23 1.470 ../include/libnetlink.h: In function 'rta_getattr_be64':
#23 1.470 ../include/libnetlink.h:280:16: warning: implicit declaration of function 'htobe64' [-Wimplicit-function-declaration]
#23 1.470   280 |         return htobe64(rta_getattr_u64(rta));
#23 1.470       |                ^~~~~~~
#23 1.543     CC       ll_types.o
#23 1.555 In file included from ll_types.c:20:
#23 1.555 ../include/uapi/linux/sockios.h:42: warning: "SIOCGSTAMP" redefined
#23 1.555    42 | #define SIOCGSTAMP      SIOCGSTAMP_OLD
#23 1.555       | 
#23 1.555 In file included from /usr/include/sys/ioctl.h:10,
#23 1.555                  from ll_types.c:12:
#23 1.555 /usr/include/bits/ioctl.h:111: note: this is the location of the previous definition
#23 1.555   111 | #define SIOCGSTAMP      0x8906
#23 1.555       | 
#23 1.555 ../include/uapi/linux/sockios.h:43: warning: "SIOCGSTAMPNS" redefined
#23 1.555    43 | #define SIOCGSTAMPNS    SIOCGSTAMPNS_OLD
#23 1.555       | 
#23 1.555 /usr/include/bits/ioctl.h:112: note: this is the location of the previous definition
#23 1.555   112 | #define SIOCGSTAMPNS    0x8907
#23 1.555       | 
#23 1.568     CC       ll_proto.o
#23 1.580 In file included from ll_proto.c:21:
#23 1.580 ../include/uapi/linux/sockios.h:42: warning: "SIOCGSTAMP" redefined
#23 1.580    42 | #define SIOCGSTAMP      SIOCGSTAMP_OLD
#23 1.580       | 
#23 1.580 In file included from /usr/include/sys/ioctl.h:10,
#23 1.580                  from ll_proto.c:13:
#23 1.580 /usr/include/bits/ioctl.h:111: note: this is the location of the previous definition
#23 1.580   111 | #define SIOCGSTAMP      0x8906
#23 1.580       | 
#23 1.580 ../include/uapi/linux/sockios.h:43: warning: "SIOCGSTAMPNS" redefined
#23 1.580    43 | #define SIOCGSTAMPNS    SIOCGSTAMPNS_OLD
#23 1.580       | 
#23 1.580 /usr/include/bits/ioctl.h:112: note: this is the location of the previous definition
#23 1.580   112 | #define SIOCGSTAMPNS    0x8907
#23 1.580       | 
#23 1.593     CC       ll_addr.o
#23 1.604 In file included from ll_addr.c:20:
#23 1.604 ../include/uapi/linux/sockios.h:42: warning: "SIOCGSTAMP" redefined
#23 1.604    42 | #define SIOCGSTAMP      SIOCGSTAMP_OLD
#23 1.604       | 
#23 1.604 In file included from /usr/include/sys/ioctl.h:10,
#23 1.604                  from ll_addr.c:12:
#23 1.604 /usr/include/bits/ioctl.h:111: note: this is the location of the previous definition
#23 1.604   111 | #define SIOCGSTAMP      0x8906
#23 1.604       | 
#23 1.604 ../include/uapi/linux/sockios.h:43: warning: "SIOCGSTAMPNS" redefined
#23 1.604    43 | #define SIOCGSTAMPNS    SIOCGSTAMPNS_OLD
#23 1.604       | 
#23 1.604 /usr/include/bits/ioctl.h:112: note: this is the location of the previous definition
#23 1.604   112 | #define SIOCGSTAMPNS    0x8907
#23 1.604       | 
#23 1.629     CC       inet_proto.o
#23 1.654     CC       namespace.o
#23 1.701     CC       json_writer.o
#23 1.771     CC       json_print.o
#23 1.878     CC       json_print_math.o
#23 1.906     CC       names.o
#23 1.947     CC       color.o
#23 1.983     CC       bpf_legacy.o
#23 2.307     CC       bpf_glue.o
#23 2.339     CC       exec.o
#23 2.365     CC       fs.o
#23 2.423     CC       cg_map.o
#23 2.454     CC       ppp_proto.o
#23 2.474     CC       bpf_libbpf.o
#23 2.541     CC       selinux.o
#23 2.558     CC       ax25_ntop.o
#23 2.582     CC       rose_ntop.o
#23 2.593 In file included from rose_ntop.c:16:
#23 2.593 ../include/uapi/linux/sockios.h:42: warning: "SIOCGSTAMP" redefined
#23 2.593    42 | #define SIOCGSTAMP      SIOCGSTAMP_OLD
#23 2.593       | 
#23 2.593 In file included from /usr/include/sys/ioctl.h:10,
#23 2.593                  from rose_ntop.c:7:
#23 2.593 /usr/include/bits/ioctl.h:111: note: this is the location of the previous definition
#23 2.593   111 | #define SIOCGSTAMP      0x8906
#23 2.593       | 
#23 2.593 ../include/uapi/linux/sockios.h:43: warning: "SIOCGSTAMPNS" redefined
#23 2.593    43 | #define SIOCGSTAMPNS    SIOCGSTAMPNS_OLD
#23 2.593       | 
#23 2.593 /usr/include/bits/ioctl.h:112: note: this is the location of the previous definition
#23 2.593   112 | #define SIOCGSTAMPNS    0x8907
#23 2.593       | 
#23 2.607     CC       mpls_ntop.o
#23 2.632     CC       mpls_pton.o
#23 2.656     CC       netrom_ntop.o
#23 2.676     AR       libutil.a
#23 2.680 
#23 2.680 ip
#23 2.682     CC       ip.o
#23 2.747     CC       ipaddress.o
#23 2.759 In file included from ipaddress.c:26:
#23 2.759 ../include/uapi/linux/sockios.h:42: warning: "SIOCGSTAMP" redefined
#23 2.759    42 | #define SIOCGSTAMP      SIOCGSTAMP_OLD
#23 2.759       | 
#23 2.759 In file included from /usr/include/sys/ioctl.h:10,
#23 2.759                  from ipaddress.c:14:
#23 2.759 /usr/include/bits/ioctl.h:111: note: this is the location of the previous definition
#23 2.759   111 | #define SIOCGSTAMP      0x8906
#23 2.759       | 
#23 2.759 ../include/uapi/linux/sockios.h:43: warning: "SIOCGSTAMPNS" redefined
#23 2.759    43 | #define SIOCGSTAMPNS    SIOCGSTAMPNS_OLD
#23 2.759       | 
#23 2.759 /usr/include/bits/ioctl.h:112: note: this is the location of the previous definition
#23 2.759   112 | #define SIOCGSTAMPNS    0x8907
#23 2.759       | 
#23 3.154     CC       ipaddrlabel.o
#23 3.206     CC       iproute.o
#23 3.661     CC       iprule.o
#23 3.829     CC       ipnetns.o
#23 3.997     CC       rtm_map.o
#23 4.029     CC       iptunnel.o
#23 4.041 In file included from ../include/uapi/linux/if_tunnel.h:6,
#23 4.041                  from iptunnel.c:19:
#23 4.041 ../include/uapi/linux/if.h:134: warning: "IFF_VOLATILE" redefined
#23 4.041   134 | #define IFF_VOLATILE    (IFF_LOOPBACK|IFF_POINTOPOINT|IFF_BROADCAST|IFF_ECHO|\
#23 4.041       | 
#23 4.041 In file included from iptunnel.c:16:
#23 4.041 /usr/include/net/if.h:48: note: this is the location of the previous definition
#23 4.041    48 | #define IFF_VOLATILE (IFF_LOOPBACK|IFF_POINTOPOINT|IFF_BROADCAST| \
#23 4.041       | 
#23 4.165     CC       ip6tunnel.o
#23 4.264     CC       tunnel.o
#23 4.346     CC       ipneigh.o
#23 4.482     CC       ipntable.o
#23 4.577     CC       iplink.o
#23 4.828     CC       ipmaddr.o
#23 4.840 In file included from ipmaddr.c:21:
#23 4.840 ../include/uapi/linux/sockios.h:42: warning: "SIOCGSTAMP" redefined
#23 4.840    42 | #define SIOCGSTAMP      SIOCGSTAMP_OLD
#23 4.840       | 
#23 4.840 In file included from /usr/include/sys/ioctl.h:10,
#23 4.840                  from ipmaddr.c:12:
#23 4.840 /usr/include/bits/ioctl.h:111: note: this is the location of the previous definition
#23 4.840   111 | #define SIOCGSTAMP      0x8906
#23 4.840       | 
#23 4.840 ../include/uapi/linux/sockios.h:43: warning: "SIOCGSTAMPNS" redefined
#23 4.840    43 | #define SIOCGSTAMPNS    SIOCGSTAMPNS_OLD
#23 4.840       | 
#23 4.840 /usr/include/bits/ioctl.h:112: note: this is the location of the previous definition
#23 4.840   112 | #define SIOCGSTAMPNS    0x8907
#23 4.840       | 
#23 4.909     CC       ipmonitor.o
#23 4.974     CC       ipmroute.o
#23 4.985 In file included from ipmroute.c:22:
#23 4.985 ../include/uapi/linux/sockios.h:42: warning: "SIOCGSTAMP" redefined
#23 4.985    42 | #define SIOCGSTAMP      SIOCGSTAMP_OLD
#23 4.985       | 
#23 4.985 In file included from /usr/include/sys/ioctl.h:10,
#23 4.985                  from ipmroute.c:13:
#23 4.985 /usr/include/bits/ioctl.h:111: note: this is the location of the previous definition
#23 4.985   111 | #define SIOCGSTAMP      0x8906
#23 4.985       | 
#23 4.985 ../include/uapi/linux/sockios.h:43: warning: "SIOCGSTAMPNS" redefined
#23 4.985    43 | #define SIOCGSTAMPNS    SIOCGSTAMPNS_OLD
#23 4.985       | 
#23 4.985 /usr/include/bits/ioctl.h:112: note: this is the location of the previous definition
#23 4.985   112 | #define SIOCGSTAMPNS    0x8907
#23 4.985       | 
#23 5.050     CC       ipprefix.o
#23 5.078     CC       iptuntap.o
#23 5.176     CC       iptoken.o
#23 5.224     CC       ipxfrm.o
#23 5.485     CC       xfrm_state.o
#23 5.728     CC       xfrm_policy.o
#23 5.933     CC       xfrm_monitor.o
#23 6.005     CC       iplink_dummy.o
#23 6.025     CC       iplink_ifb.o
#23 6.045     CC       iplink_nlmon.o
#23 6.064     CC       iplink_team.o
#23 6.085     CC       iplink_vcan.o
#23 6.107     CC       iplink_vxcan.o
#23 6.133     CC       iplink_vlan.o
#23 6.197     CC       link_veth.o
#23 6.223     CC       link_gre.o
#23 6.233 In file included from ../include/uapi/linux/if_tunnel.h:6,
#23 6.233                  from link_gre.c:15:
#23 6.233 ../include/uapi/linux/if.h:134: warning: "IFF_VOLATILE" redefined
#23 6.233   134 | #define IFF_VOLATILE    (IFF_LOOPBACK|IFF_POINTOPOINT|IFF_BROADCAST|IFF_ECHO|\
#23 6.233       | 
#23 6.233 In file included from link_gre.c:9:
#23 6.233 /usr/include/net/if.h:48: note: this is the location of the previous definition
#23 6.233    48 | #define IFF_VOLATILE (IFF_LOOPBACK|IFF_POINTOPOINT|IFF_BROADCAST| \
#23 6.233       | 
#23 6.333     CC       iplink_can.o
#23 6.464     CC       iplink_xdp.o
#23 6.519     CC       iplink_macvlan.o
#23 6.583     CC       ipl2tp.o
#23 6.722     CC       link_vti.o
#23 6.732 In file included from ../include/uapi/linux/if_tunnel.h:6,
#23 6.732                  from link_vti.c:16:
#23 6.732 ../include/uapi/linux/if.h:134: warning: "IFF_VOLATILE" redefined
#23 6.732   134 | #define IFF_VOLATILE    (IFF_LOOPBACK|IFF_POINTOPOINT|IFF_BROADCAST|IFF_ECHO|\
#23 6.732       | 
#23 6.732 In file included from link_vti.c:10:
#23 6.732 /usr/include/net/if.h:48: note: this is the location of the previous definition
#23 6.732    48 | #define IFF_VOLATILE (IFF_LOOPBACK|IFF_POINTOPOINT|IFF_BROADCAST| \
#23 6.732       | 
#23 6.772     CC       link_vti6.o
#23 6.783 In file included from ../include/uapi/linux/if_tunnel.h:6,
#23 6.783                  from link_vti6.c:17:
#23 6.783 ../include/uapi/linux/if.h:134: warning: "IFF_VOLATILE" redefined
#23 6.783   134 | #define IFF_VOLATILE    (IFF_LOOPBACK|IFF_POINTOPOINT|IFF_BROADCAST|IFF_ECHO|\
#23 6.783       | 
#23 6.783 In file included from link_vti6.c:11:
#23 6.783 /usr/include/net/if.h:48: note: this is the location of the previous definition
#23 6.783    48 | #define IFF_VOLATILE (IFF_LOOPBACK|IFF_POINTOPOINT|IFF_BROADCAST| \
#23 6.783       | 
#23 6.826     CC       link_xfrm.o
#23 6.859     CC       iplink_vxlan.o
#23 6.997     CC       tcp_metrics.o
#23 7.094     CC       iplink_ipoib.o
#23 7.133     CC       ipnetconf.o
#23 7.181     CC       link_ip6tnl.o
#23 7.192 In file included from ../include/uapi/linux/if_tunnel.h:6,
#23 7.192                  from link_ip6tnl.c:15:
#23 7.192 ../include/uapi/linux/if.h:134: warning: "IFF_VOLATILE" redefined
#23 7.192   134 | #define IFF_VOLATILE    (IFF_LOOPBACK|IFF_POINTOPOINT|IFF_BROADCAST|IFF_ECHO|\
#23 7.192       | 
#23 7.192 In file included from link_ip6tnl.c:9:
#23 7.192 /usr/include/net/if.h:48: note: this is the location of the previous definition
#23 7.192    48 | #define IFF_VOLATILE (IFF_LOOPBACK|IFF_POINTOPOINT|IFF_BROADCAST| \
#23 7.192       | 
#23 7.272     CC       link_iptnl.o
#23 7.282 In file included from ../include/uapi/linux/if_tunnel.h:6,
#23 7.282                  from link_iptnl.c:16:
#23 7.282 ../include/uapi/linux/if.h:134: warning: "IFF_VOLATILE" redefined
#23 7.282   134 | #define IFF_VOLATILE    (IFF_LOOPBACK|IFF_POINTOPOINT|IFF_BROADCAST|IFF_ECHO|\
#23 7.282       | 
#23 7.282 In file included from link_iptnl.c:9:
#23 7.282 /usr/include/net/if.h:48: note: this is the location of the previous definition
#23 7.282    48 | #define IFF_VOLATILE (IFF_LOOPBACK|IFF_POINTOPOINT|IFF_BROADCAST| \
#23 7.282       | 
#23 7.362     CC       link_gre6.o
#23 7.372 In file included from ../include/uapi/linux/if_tunnel.h:6,
#23 7.372                  from link_gre6.c:15:
#23 7.372 ../include/uapi/linux/if.h:134: warning: "IFF_VOLATILE" redefined
#23 7.372   134 | #define IFF_VOLATILE    (IFF_LOOPBACK|IFF_POINTOPOINT|IFF_BROADCAST|IFF_ECHO|\
#23 7.372       | 
#23 7.372 In file included from link_gre6.c:9:
#23 7.372 /usr/include/net/if.h:48: note: this is the location of the previous definition
#23 7.372    48 | #define IFF_VOLATILE (IFF_LOOPBACK|IFF_POINTOPOINT|IFF_BROADCAST| \
#23 7.372       | 
#23 7.478     CC       iplink_bond.o
#23 7.633     CC       iplink_bond_slave.o
#23 7.679     CC       iplink_hsr.o
#23 7.723     CC       iplink_bridge.o
#23 7.857     CC       iplink_bridge_slave.o
#23 7.944     CC       iplink_dsa.o
#23 7.974     CC       ipfou.o
#23 7.987 In file included from ../include/libgenl.h:5,
#23 7.987                  from ipfou.c:18:
#23 7.987 ../include/libnetlink.h: In function 'rta_getattr_be64':
#23 7.987 ../include/libnetlink.h:280:16: warning: implicit declaration of function 'htobe64' [-Wimplicit-function-declaration]
#23 7.987   280 |         return htobe64(rta_getattr_u64(rta));
#23 7.987       |                ^~~~~~~
#23 8.049     CC       iplink_ipvlan.o
#23 8.086     CC       iplink_geneve.o
#23 8.169     CC       iplink_vrf.o
#23 8.214     CC       iproute_lwtunnel.o
#23 8.565     CC       ipmacsec.o
#23 8.786     CC       ipila.o
#23 8.799 In file included from ../include/libgenl.h:5,
#23 8.799                  from ipila.c:18:
#23 8.799 ../include/libnetlink.h: In function 'rta_getattr_be64':
#23 8.799 ../include/libnetlink.h:280:16: warning: implicit declaration of function 'htobe64' [-Wimplicit-function-declaration]
#23 8.799   280 |         return htobe64(rta_getattr_u64(rta));
#23 8.799       |                ^~~~~~~
#23 8.857     CC       ipvrf.o
#23 8.952     CC       iplink_xstats.o
#23 8.978     CC       ipseg6.o
#23 9.024     CC       iplink_netdevsim.o
#23 9.043     CC       iplink_rmnet.o
#23 9.073     CC       ipnexthop.o
#23 9.288     CC       ipmptcp.o
#23 9.395     CC       iplink_bareudp.o
#23 9.406 In file included from iplink_bareudp.c:9:
#23 9.406 ../include/libnetlink.h: In function 'rta_getattr_be64':
#23 9.406 ../include/libnetlink.h:280:16: warning: implicit declaration of function 'htobe64' [-Wimplicit-function-declaration]
#23 9.406   280 |         return htobe64(rta_getattr_u64(rta));
#23 9.406       |                ^~~~~~~
#23 9.437     CC       iplink_wwan.o
#23 9.466     CC       ipioam6.o
#23 9.532     CC       iplink_amt.o
#23 9.580     CC       iplink_batadv.o
#23 9.605     CC       iplink_gtp.o
#23 9.641     CC       iplink_virt_wifi.o
#23 9.661     CC       iplink_netkit.o
#23 9.700     CC       ipstats.o
#23 9.885     LINK     ip
#23 9.913     CC       rtmon.o
#23 9.959     LINK     rtmon
#23 9.972 
#23 9.972 tc
#23 9.974     CC       tc.o
#23 10.06     CC       tc_qdisc.o
#23 10.16     CC       tc_class.o
#23 10.26     CC       tc_filter.o
#23 10.41     CC       tc_util.o
#23 10.58     CC       tc_monitor.o
#23 10.61     CC       tc_exec.o
#23 10.64     CC       m_police.o
#23 10.72     CC       m_estimator.o
#23 10.75     CC       m_action.o
#23 10.89     CC       m_ematch.o
#23 10.99     YACC     emp_ematch.tab.c
#23 11.05     CC       emp_ematch.tab.o
#23 11.15     LEX      emp_ematch.lex.c
#23 11.15     CC       emp_ematch.lex.o
#23 11.30     CC       q_fifo.o
#23 11.33     CC       q_sfq.o
#23 11.40     CC       q_red.o
#23 11.46     CC       q_prio.o
#23 11.50     CC       q_skbprio.o
#23 11.53     CC       q_tbf.o
#23 11.61     CC       q_multiq.o
#23 11.64     CC       q_netem.o
#23 11.82     CC       q_choke.o
#23 11.88     CC       q_sfb.o
#23 11.94     CC       f_u32.o
#23 12.16     CC       f_route.o
#23 12.21     CC       f_fw.o
#23 12.26     CC       f_basic.o
#23 12.30     CC       f_bpf.o
#23 12.36     CC       f_flow.o
#23 12.44     CC       f_cgroup.o
#23 12.47     CC       f_flower.o
#23 12.48 In file included from ../include/uapi/linux/netdevice.h:29,
#23 12.48                  from ../include/uapi/linux/if_arp.h:27,
#23 12.48                  from f_flower.c:14:
#23 12.48 ../include/uapi/linux/if.h:134: warning: "IFF_VOLATILE" redefined
#23 12.48   134 | #define IFF_VOLATILE    (IFF_LOOPBACK|IFF_POINTOPOINT|IFF_BROADCAST|IFF_ECHO|\
#23 12.48       | 
#23 12.48 In file included from f_flower.c:12:
#23 12.48 /usr/include/net/if.h:48: note: this is the location of the previous definition
#23 12.48    48 | #define IFF_VOLATILE (IFF_LOOPBACK|IFF_POINTOPOINT|IFF_BROADCAST| \
#23 12.48       | 
#23 12.94     CC       q_gred.o
#23 13.04     CC       q_ingress.o
#23 13.06     CC       q_hfsc.o
#23 13.14     CC       q_htb.o
#23 13.23     CC       q_drr.o
#23 13.27     CC       q_qfq.o
#23 13.30     CC       m_gact.o
#23 13.35     CC       m_mirred.o
#23 13.41     CC       m_mpls.o
#23 13.48     CC       m_nat.o
#23 13.52     CC       m_pedit.o
#23 13.65     CC       m_ife.o
#23 13.72     CC       m_skbedit.o
#23 13.77     CC       m_skbmod.o
#23 13.83     CC       m_csum.o
#23 13.88     CC       m_simple.o
#23 13.92     CC       m_vlan.o
#23 13.98     CC       m_connmark.o
#23 14.02     CC       m_ctinfo.o
#23 14.07     CC       m_bpf.o
#23 14.12     CC       m_tunnel_key.o
#23 14.22     CC       m_sample.o
#23 14.27     CC       m_ct.o
#23 14.36     CC       m_gate.o
#23 14.45     CC       p_ip.o
#23 14.49     CC       p_ip6.o
#23 14.52     CC       p_icmp.o
#23 14.54     CC       p_eth.o
#23 14.57     CC       p_tcp.o
#23 14.59     CC       p_udp.o
#23 14.62     CC       em_nbyte.o
#23 14.66     CC       em_cmp.o
#23 14.71     CC       em_u32.o
#23 14.75     CC       em_canid.o
#23 14.79     CC       em_meta.o
#23 14.89     CC       q_mqprio.o
#23 14.99     CC       q_codel.o
#23 15.04     CC       q_fq_codel.o
#23 15.12     CC       q_fq.o
#23 15.22     CC       q_pie.o
#23 15.28     CC       q_fq_pie.o
#23 15.34     CC       q_cake.o
#23 15.50     CC       q_hhf.o
#23 15.55     CC       q_clsact.o
#23 15.58     CC       e_bpf.o
#23 15.63     CC       f_matchall.o
#23 15.67     CC       q_cbs.o
#23 15.71     CC       q_etf.o
#23 15.75     CC       q_taprio.o
#23 15.86     CC       q_plug.o
#23 15.89     CC       q_ets.o
#23 15.96     CC       em_ipt.o
#23 15.98 In file included from tc_util.h:7,
#23 15.98                  from m_ematch.h:11,
#23 15.98                  from em_ipt.c:13:
#23 15.98 ../include/uapi/linux/if.h:134: warning: "IFF_VOLATILE" redefined
#23 15.98   134 | #define IFF_VOLATILE    (IFF_LOOPBACK|IFF_POINTOPOINT|IFF_BROADCAST|IFF_ECHO|\
#23 15.98       | 
#23 15.98 In file included from ../include/xtables.h:17,
#23 15.98                  from em_ipt.c:12:
#23 15.98 /usr/include/net/if.h:48: note: this is the location of the previous definition
#23 15.98    48 | #define IFF_VOLATILE (IFF_LOOPBACK|IFF_POINTOPOINT|IFF_BROADCAST| \
#23 15.98       | 
#23 16.01     CC       em_ipset.o
#23 16.02 In file included from tc_util.h:7,
#23 16.02                  from m_ematch.h:11,
#23 16.02                  from em_ipset.c:39:
#23 16.02 ../include/uapi/linux/if.h:134: warning: "IFF_VOLATILE" redefined
#23 16.02   134 | #define IFF_VOLATILE    (IFF_LOOPBACK|IFF_POINTOPOINT|IFF_BROADCAST|IFF_ECHO|\
#23 16.02       | 
#23 16.02 In file included from ../include/xtables.h:17,
#23 16.02                  from em_ipset.c:23:
#23 16.02 /usr/include/net/if.h:48: note: this is the location of the previous definition
#23 16.02    48 | #define IFF_VOLATILE (IFF_LOOPBACK|IFF_POINTOPOINT|IFF_BROADCAST| \
#23 16.02       | 
#23 16.06     CC       tc_core.o
#23 16.12     CC       tc_red.o
#23 16.16     CC       tc_estimator.o
#23 16.19     CC       tc_stab.o
#23 16.24     CC       tc_qevent.o
#23 16.25 In file included from tc_qevent.h:7,
#23 16.25                  from tc_qevent.c:10:
#23 16.25 ../include/libnetlink.h: In function 'rta_getattr_be64':
#23 16.25 ../include/libnetlink.h:280:16: warning: implicit declaration of function 'htobe64' [-Wimplicit-function-declaration]
#23 16.25   280 |         return htobe64(rta_getattr_u64(rta));
#23 16.25       |                ^~~~~~~
#23 16.29     AR       libtc.a
#23 16.29     LINK     tc
#23 16.32 rm emp_ematch.lex.c
#23 16.32 
#23 16.32 bridge
#23 16.33     CC       bridge.o
#23 16.37     CC       fdb.o
#23 16.39 In file included from fdb.c:28:
#23 16.39 ../include/libnetlink.h: In function 'rta_getattr_be64':
#23 16.39 ../include/libnetlink.h:280:16: warning: implicit declaration of function 'htobe64' [-Wimplicit-function-declaration]
#23 16.39   280 |         return htobe64(rta_getattr_u64(rta));
#23 16.39       |                ^~~~~~~
#23 16.54     CC       monitor.o
#23 16.58     CC       link.o
#23 16.59 In file included from link.c:16:
#23 16.59 ../include/libnetlink.h: In function 'rta_getattr_be64':
#23 16.59 ../include/libnetlink.h:280:16: warning: implicit declaration of function 'htobe64' [-Wimplicit-function-declaration]
#23 16.59   280 |         return htobe64(rta_getattr_u64(rta));
#23 16.59       |                ^~~~~~~
#23 16.72     CC       mdb.o
#23 16.73 In file included from mdb.c:20:
#23 16.73 ../include/libnetlink.h: In function 'rta_getattr_be64':
#23 16.73 ../include/libnetlink.h:280:16: warning: implicit declaration of function 'htobe64' [-Wimplicit-function-declaration]
#23 16.73   280 |         return htobe64(rta_getattr_u64(rta));
#23 16.73       |                ^~~~~~~
#23 16.89     CC       vlan.o
#23 16.90 In file included from vlan.c:16:
#23 16.90 ../include/libnetlink.h: In function 'rta_getattr_be64':
#23 16.90 ../include/libnetlink.h:280:16: warning: implicit declaration of function 'htobe64' [-Wimplicit-function-declaration]
#23 16.90   280 |         return htobe64(rta_getattr_u64(rta));
#23 16.90       |                ^~~~~~~
#23 17.10     CC       vni.o
#23 17.12 In file included from vni.c:21:
#23 17.12 ../include/libnetlink.h: In function 'rta_getattr_be64':
#23 17.12 ../include/libnetlink.h:280:16: warning: implicit declaration of function 'htobe64' [-Wimplicit-function-declaration]
#23 17.12   280 |         return htobe64(rta_getattr_u64(rta));
#23 17.12       |                ^~~~~~~
#23 17.18     LINK     bridge
#23 17.19 
#23 17.19 misc
#23 17.20     CC       ss.o
#23 17.22 In file included from ../include/uapi/linux/tipc.h:42,
#23 17.22                  from ss.c:49:
#23 17.22 ../include/uapi/linux/sockios.h:42: warning: "SIOCGSTAMP" redefined
#23 17.22    42 | #define SIOCGSTAMP      SIOCGSTAMP_OLD
#23 17.22       | 
#23 17.22 In file included from /usr/include/sys/ioctl.h:10,
#23 17.22                  from ss.c:12:
#23 17.22 /usr/include/bits/ioctl.h:111: note: this is the location of the previous definition
#23 17.22   111 | #define SIOCGSTAMP      0x8906
#23 17.22       | 
#23 17.22 ../include/uapi/linux/sockios.h:43: warning: "SIOCGSTAMPNS" redefined
#23 17.22    43 | #define SIOCGSTAMPNS    SIOCGSTAMPNS_OLD
#23 17.22       | 
#23 17.22 /usr/include/bits/ioctl.h:112: note: this is the location of the previous definition
#23 17.22   112 | #define SIOCGSTAMPNS    0x8907
#23 17.22       | 
#23 18.00     CC       ssfilter_check.o
#23 18.02 In file included from ssfilter_check.c:6:
#23 18.02 ../include/libnetlink.h: In function 'rta_getattr_be64':
#23 18.02 ../include/libnetlink.h:280:16: warning: implicit declaration of function 'htobe64' [-Wimplicit-function-declaration]
#23 18.02   280 |         return htobe64(rta_getattr_u64(rta));
#23 18.02       |                ^~~~~~~
#23 18.03     YACC     ssfilter.tab.c
#23 18.09     CC       ssfilter.tab.o
#23 18.19     LINK     ss
#23 18.20     CC       nstat
#23 18.33     CC       ifstat
#23 18.35 In file included from ifstat.c:30:
#23 18.35 ../include/libnetlink.h: In function 'rta_getattr_be64':
#23 18.35 ../include/libnetlink.h:280:16: warning: implicit declaration of function 'htobe64' [-Wimplicit-function-declaration]
#23 18.35   280 |         return htobe64(rta_getattr_u64(rta));
#23 18.35       |                ^~~~~~~
#23 18.50     CC       rtacct
#23 18.62     CC       lnstat.o
#23 18.68     CC       lnstat_util.o
#23 18.74     LINK     lnstat
#23 18.75 
#23 18.75 netem
#23 18.75 gcc  -I../include -o maketable maketable.c -lm
#23 18.78 gcc  -I../include -o normal normal.c -lm
#23 18.80 gcc  -I../include -o pareto pareto.c -lm
#23 18.83 gcc  -I../include -o paretonormal paretonormal.c -lm
#23 18.85 ./normal > normal.dist
#23 18.86 ./pareto > pareto.dist
#23 18.86 ./paretonormal > paretonormal.dist
#23 18.87 ./maketable experimental.dat > experimental.dist
#23 18.88 
#23 18.88 genl
#23 18.88     CC       genl.o
#23 18.91     CC       ctrl.o
#23 18.98     LINK     genl
#23 18.99 
#23 18.99 man
#23 18.99 make[2]: Nothing to be done for 'all'.
#23 18.99 make[2]: Nothing to be done for 'all'.
#23 18.99 sed \
#23 18.99 	-e "s|@NETNS_ETC_DIR@|/etc/netns|g" \
#23 18.99 	-e "s|@NETNS_RUN_DIR@|/var/run/netns|g" \
#23 18.99 	-e "s|@SYSCONF_ETC_DIR@|/etc/iproute2|g" \
#23 18.99 	-e "s|@SYSCONF_USR_DIR@|/usr/share/iproute2|g" \
#23 18.99 	ip-address.8.in > ip-address.8
#23 19.00 sed \
#23 19.00 	-e "s|@NETNS_ETC_DIR@|/etc/netns|g" \
#23 19.00 	-e "s|@NETNS_RUN_DIR@|/var/run/netns|g" \
#23 19.00 	-e "s|@SYSCONF_ETC_DIR@|/etc/iproute2|g" \
#23 19.00 	-e "s|@SYSCONF_USR_DIR@|/usr/share/iproute2|g" \
#23 19.00 	ip-link.8.in > ip-link.8
#23 19.00 sed \
#23 19.00 	-e "s|@NETNS_ETC_DIR@|/etc/netns|g" \
#23 19.00 	-e "s|@NETNS_RUN_DIR@|/var/run/netns|g" \
#23 19.00 	-e "s|@SYSCONF_ETC_DIR@|/etc/iproute2|g" \
#23 19.00 	-e "s|@SYSCONF_USR_DIR@|/usr/share/iproute2|g" \
#23 19.00 	ip-netns.8.in > ip-netns.8
#23 19.00 sed \
#23 19.00 	-e "s|@NETNS_ETC_DIR@|/etc/netns|g" \
#23 19.00 	-e "s|@NETNS_RUN_DIR@|/var/run/netns|g" \
#23 19.00 	-e "s|@SYSCONF_ETC_DIR@|/etc/iproute2|g" \
#23 19.00 	-e "s|@SYSCONF_USR_DIR@|/usr/share/iproute2|g" \
#23 19.00 	ip-route.8.in > ip-route.8
#23 19.01 
#23 19.01 tipc
#23 19.01     CC       bearer.o
#23 19.17     CC       cmdl.o
#23 19.21     CC       link.o
#23 19.38     CC       media.o
#23 19.43     CC       misc.o
#23 19.48     CC       msg.o
#23 19.50     CC       nametable.o
#23 19.54     CC       node.o
#23 19.62     CC       socket.o
#23 19.65     CC       peer.o
#23 19.68     CC       tipc.o
#23 19.71     LINK     tipc
#23 19.72 
#23 19.72 devlink
#23 19.72     CC       devlink.o
#23 21.24     CC       mnlg.o
#23 21.25 In file included from mnlg.c:16:
#23 21.25 ../include/libnetlink.h: In function 'rta_getattr_be64':
#23 21.25 ../include/libnetlink.h:280:16: warning: implicit declaration of function 'htobe64' [-Wimplicit-function-declaration]
#23 21.25   280 |         return htobe64(rta_getattr_u64(rta));
#23 21.25       |                ^~~~~~~
#23 21.28     LINK     devlink
#23 21.29 
#23 21.29 rdma
#23 21.29     CC       rdma.o
#23 21.31 rdma.c: In function 'main':
#23 21.31 rdma.c:110:20: warning: implicit declaration of function 'basename'; did you mean 'rename'? [-Wimplicit-function-declaration]
#23 21.31   110 |         filename = basename(argv[0]);
#23 21.31       |                    ^~~~~~~~
#23 21.31       |                    rename
#23 21.31 rdma.c:110:18: warning: assignment to 'char *' from 'int' makes pointer from integer without a cast [-Wint-conversion]
#23 21.31   110 |         filename = basename(argv[0]);
#23 21.31       |                  ^
#23 21.34     CC       utils.o
#23 21.50     CC       dev.o
#23 21.56     CC       link.o
#23 21.63     CC       res.o
#23 21.73     CC       res-pd.o
#23 21.77     CC       res-mr.o
#23 21.81     CC       res-cq.o
#23 21.86     CC       res-cmid.o
#23 21.91     CC       res-qp.o
#23 21.96     CC       sys.o
#23 22.01     CC       stat.o
#23 22.21     CC       stat-mr.o
#23 22.24     CC       res-ctx.o
#23 22.28     CC       res-srq.o
#23 22.34     LINK     rdma
#23 22.35 
#23 22.35 dcb
#23 22.36     CC       dcb.o
#23 22.37 In file included from ../include/namespace.h:10,
#23 22.37                  from dcb.c:11:
#23 22.37 ../include/libnetlink.h: In function 'rta_getattr_be64':
#23 22.37 ../include/libnetlink.h:280:16: warning: implicit declaration of function 'htobe64' [-Wimplicit-function-declaration]
#23 22.37   280 |         return htobe64(rta_getattr_u64(rta));
#23 22.37       |                ^~~~~~~
#23 22.46     CC       dcb_app.o
#23 22.63     CC       dcb_buffer.o
#23 22.69     CC       dcb_dcbx.o
#23 22.73     CC       dcb_ets.o
#23 22.80     CC       dcb_maxrate.o
#23 22.85     CC       dcb_pfc.o
#23 22.90     CC       dcb_apptrust.o
#23 22.96     CC       dcb_rewr.o
#23 23.03     LINK     dcb
#23 23.04 
#23 23.04 vdpa
#23 23.04     CC       vdpa.o
#23 23.19     LINK     vdpa
#23 DONE 23.2s

#24 [20/22] RUN git clone --no-single-branch --depth=1 https://github.com/linux-netdev/testing.git /nipa-data/kernel
#24 0.315 Cloning into '/nipa-data/kernel'...
#24 24.65 Updating files:  18% (15149/83283)Updating files:  19% (15824/83283)Updating files:  20% (16657/83283)Updating files:  21% (17490/83283)Updating files:  22% (18323/83283)Updating files:  23% (19156/83283)Updating files:  24% (19988/83283)Updating files:  25% (20821/83283)Updating files:  26% (21654/83283)Updating files:  27% (22487/83283)Updating files:  28% (23320/83283)Updating files:  29% (24153/83283)Updating files:  30% (24985/83283)Updating files:  31% (25818/83283)Updating files:  32% (26651/83283)Updating files:  33% (27484/83283)Updating files:  34% (28317/83283)Updating files:  35% (29150/83283)Updating files:  36% (29982/83283)Updating files:  37% (30815/83283)Updating files:  37% (31029/83283)Updating files:  38% (31648/83283)Updating files:  39% (32481/83283)Updating files:  40% (33314/83283)Updating files:  40% (33912/83283)Updating files:  41% (34147/83283)Updating files:  42% (34979/83283)Updating files:  43% (35812/83283)Updating files:  44% (36645/83283)Updating files:  45% (37478/83283)Updating files:  46% (38311/83283)Updating files:  47% (39144/83283)Updating files:  48% (39976/83283)Updating files:  49% (40809/83283)Updating files:  50% (41642/83283)Updating files:  51% (42475/83283)Updating files:  52% (43308/83283)Updating files:  53% (44140/83283)Updating files:  54% (44973/83283)Updating files:  55% (45806/83283)Updating files:  56% (46639/83283)Updating files:  56% (46793/83283)Updating files:  57% (47472/83283)Updating files:  58% (48305/83283)Updating files:  59% (49137/83283)Updating files:  60% (49970/83283)Updating files:  61% (50803/83283)Updating files:  62% (51636/83283)Updating files:  63% (52469/83283)Updating files:  64% (53302/83283)Updating files:  65% (54134/83283)Updating files:  66% (54967/83283)Updating files:  67% (55800/83283)Updating files:  68% (56633/83283)Updating files:  69% (57466/83283)Updating files:  70% (58299/83283)Updating files:  71% (59131/83283)Updating files:  71% (59905/83283)Updating files:  72% (59964/83283)Updating files:  73% (60797/83283)Updating files:  74% (61630/83283)Updating files:  75% (62463/83283)Updating files:  76% (63296/83283)Updating files:  77% (64128/83283)Updating files:  78% (64961/83283)Updating files:  79% (65794/83283)Updating files:  80% (66627/83283)Updating files:  81% (67460/83283)Updating files:  82% (68293/83283)Updating files:  83% (69125/83283)Updating files:  84% (69958/83283)Updating files:  85% (70791/83283)Updating files:  86% (71624/83283)Updating files:  87% (72457/83283)Updating files:  88% (73290/83283)Updating files:  89% (74122/83283)Updating files:  90% (74955/83283)Updating files:  91% (75788/83283)Updating files:  92% (76621/83283)Updating files:  92% (76924/83283)Updating files:  93% (77454/83283)Updating files:  94% (78287/83283)Updating files:  95% (79119/83283)Updating files:  96% (79952/83283)Updating files:  97% (80785/83283)Updating files:  98% (81618/83283)Updating files:  99% (82451/83283)Updating files: 100% (83283/83283)Updating files: 100% (83283/83283), done.
#24 DONE 31.7s

#25 [21/22] RUN git clone --depth=1 -b main https://github.com/p4tc-dev/new-nipa.git nipa
#25 0.305 Cloning into 'nipa'...
#25 DONE 0.6s

#26 [22/22] COPY entrypoint.sh /entrypoint.sh
#26 DONE 0.0s

#27 exporting to image
#27 exporting layers
#27 exporting layers 5.9s done
#27 writing image sha256:2a62ae2ac79d47fe59c7b262241743dd562a9d0e33ae5f8028988048e7cdf7be 0.1s done
#27 naming to docker.io/library/nipa-executor
#27 naming to docker.io/library/nipa-executor 0.2s done
#27 DONE 6.2s
=== >>> DEBUG KERNEL <<< ===
NIPA version: 1b9c21a (ui: set canvas background color to stand out, 2024-03-28)
INFO: Last run date: 2024-06-24 21:00:06.148681+00:00
Testing  {'branch': 'net-next-2024-06-25--00-00', 'date': '2024-06-25T00:00:18.102501+00:00', 'base': '50892e153e3776e00a914baeb3355f54a8ae9a97', 'url': 'https://github.com/linux-netdev/testing.git net-next-2024-06-25--00-00'}
Updating files:  35% (7783/22215)Updating files:  36% (7998/22215)Updating files:  37% (8220/22215)Updating files:  38% (8442/22215)Updating files:  39% (8664/22215)Updating files:  40% (8886/22215)Updating files:  41% (9109/22215)Updating files:  42% (9331/22215)Updating files:  43% (9553/22215)Updating files:  44% (9775/22215)Updating files:  45% (9997/22215)Updating files:  46% (10219/22215)Updating files:  47% (10442/22215)Updating files:  48% (10664/22215)Updating files:  49% (10886/22215)Updating files:  50% (11108/22215)Updating files:  51% (11330/22215)Updating files:  52% (11552/22215)Updating files:  53% (11774/22215)Updating files:  54% (11997/22215)Updating files:  55% (12219/22215)Updating files:  56% (12441/22215)Updating files:  57% (12663/22215)Updating files:  58% (12885/22215)Updating files:  59% (13107/22215)Updating files:  60% (13329/22215)Updating files:  61% (13552/22215)Updating files:  62% (13774/22215)Updating files:  63% (13996/22215)Updating files:  64% (14218/22215)Updating files:  65% (14440/22215)Updating files:  66% (14662/22215)Updating files:  67% (14885/22215)Updating files:  68% (15107/22215)Updating files:  69% (15329/22215)Updating files:  69% (15394/22215)Updating files:  70% (15551/22215)Updating files:  71% (15773/22215)Updating files:  72% (15995/22215)Updating files:  73% (16217/22215)Updating files:  74% (16440/22215)Updating files:  75% (16662/22215)Updating files:  76% (16884/22215)Updating files:  77% (17106/22215)Updating files:  78% (17328/22215)Updating files:  79% (17550/22215)Updating files:  80% (17772/22215)Updating files:  81% (17995/22215)Updating files:  82% (18217/22215)Updating files:  83% (18439/22215)Updating files:  84% (18661/22215)Updating files:  85% (18883/22215)Updating files:  86% (19105/22215)Updating files:  87% (19328/22215)Updating files:  88% (19550/22215)Updating files:  89% (19772/22215)Updating files:  90% (19994/22215)Updating files:  91% (20216/22215)Updating files:  92% (20438/22215)Updating files:  93% (20660/22215)Updating files:  94% (20883/22215)Updating files:  95% (21105/22215)Updating files:  96% (21327/22215)Updating files:  97% (21549/22215)Updating files:  98% (21771/22215)Updating files:  99% (21993/22215)Updating files: 100% (22215/22215)Updating files: 100% (22215/22215), done.
branch 'net-next-2024-06-25--00-00' set up to track 'origin/net-next-2024-06-25--00-00'.
Switched to a new branch 'net-next-2024-06-25--00-00'
error: No valid patches in input (allow with "--allow-empty")
Checking patch tools/testing/selftests/tc-testing/tdc_config.py...
Applied patch tools/testing/selftests/tc-testing/tdc_config.py cleanly.
Run at 2024-06-25 00:23:32.668303
INFO: building kernel
INFO: starting VM 0
INFO: thr0-0 VM starting: vng -v -r arch/x86/boot/bzImage --user root --rwdir=/nipa-data/kernel/
INFO: thr0-0 expecting prompt: '/nipa-data/kernel# '
INFO: thr0-0 reached initial prompt
INFO: thr-0 testing == tdc.sh
INFO: thr-0 tdc.sh >> retcode: 0 result: pass found {'fail': False, 'skip': False, 'pass': True}
INFO: thr-0 has no more work, exiting
INFO: thr0-0 VM stopped
Done at 2024-06-25 00:27:09.122545
NIPA quitting!
/
~/nipa/tc-executor/tc-executor-storage /
sort: write failed: 'standard output': Broken pipe
sort: write error
