~/nipa/tc-executor/tc-executor-storage /
Switched to branch 'storage-dbg'
Your branch is ahead of 'origin/storage-dbg' by 702 commits.
  (use "git push" to publish your local commits)
/
~/nipa/tc-executor /
Error response from daemon: No such image: nipa-executor:latest
#0 building with "default" instance using docker driver

#1 [internal] load build definition from Dockerfile
#1 transferring dockerfile: 2.05kB done
#1 DONE 0.0s

#2 [internal] load .dockerignore
#2 transferring context: 2B done
#2 DONE 0.0s

#3 [internal] load metadata for docker.io/library/alpine:edge
#3 DONE 0.0s

#4 [ 1/22] FROM docker.io/library/alpine:edge
#4 CACHED

#5 [internal] load build context
#5 transferring context: 3.02kB done
#5 DONE 0.0s

#6 [ 2/22] RUN echo true > debug-mode
#6 DONE 0.6s

#7 [ 3/22] RUN addgroup -g 1001 hostuser
#7 DONE 0.4s

#8 [ 4/22] RUN adduser -u 1001 -G hostuser -H -D -s /bin/ash hostuser
#8 DONE 0.4s

#9 [ 5/22] RUN echo '@testing http://dl-cdn.alpinelinux.org/alpine/edge/testing' >> /etc/apk/repositories
#9 DONE 0.4s

#10 [ 6/22] RUN echo '@community http://dl-cdn.alpinelinux.org/alpine/edge/community' >> /etc/apk/repositories
#10 DONE 0.5s

#11 [ 7/22] RUN apk update && apk add --no-cache    virtme-ng@testing    git    py3-requests    py3-psutil    py3-setuptools    py3-pyroute2    py3-argcomplete    qemu-system-x86_64@community    scapy@community    make    gcc    musl-dev    flex    bison    linux-headers    elfutils-dev    util-linux    coreutils    diffutils    findutils    file    bash    kmod    perl    iptables-dev    libcap-dev    libmnl-dev    iproute2     jq    libbpf-dev    rsync    openssl-dev
#11 0.448 fetch https://dl-cdn.alpinelinux.org/alpine/edge/main/x86_64/APKINDEX.tar.gz
#11 0.672 fetch https://dl-cdn.alpinelinux.org/alpine/edge/community/x86_64/APKINDEX.tar.gz
#11 1.046 fetch http://dl-cdn.alpinelinux.org/alpine/edge/testing/x86_64/APKINDEX.tar.gz
#11 1.251 fetch http://dl-cdn.alpinelinux.org/alpine/edge/community/x86_64/APKINDEX.tar.gz
#11 1.514 v20240329-4044-g80023217524 [https://dl-cdn.alpinelinux.org/alpine/edge/main]
#11 1.514 v20240329-3989-g4735dec39fc [https://dl-cdn.alpinelinux.org/alpine/edge/community]
#11 1.514 v20240329-3986-g1e94d22a65c [http://dl-cdn.alpinelinux.org/alpine/edge/testing]
#11 1.514 v20240329-3989-g4735dec39fc [http://dl-cdn.alpinelinux.org/alpine/edge/community]
#11 1.514 OK: 31366 distinct packages available
#11 1.578 fetch https://dl-cdn.alpinelinux.org/alpine/edge/main/x86_64/APKINDEX.tar.gz
#11 1.677 fetch https://dl-cdn.alpinelinux.org/alpine/edge/community/x86_64/APKINDEX.tar.gz
#11 1.763 fetch http://dl-cdn.alpinelinux.org/alpine/edge/testing/x86_64/APKINDEX.tar.gz
#11 1.853 fetch http://dl-cdn.alpinelinux.org/alpine/edge/community/x86_64/APKINDEX.tar.gz
#11 2.085 (1/176) Upgrading musl (1.2.4_git20230717-r5 -> 1.2.5-r0)
#11 2.103 (2/176) Upgrading libcrypto3 (3.1.4-r2 -> 3.3.0-r1)
#11 2.136 (3/176) Upgrading libssl3 (3.1.4-r2 -> 3.3.0-r1)
#11 2.153 (4/176) Upgrading zlib (1.3-r2 -> 1.3.1-r1)
#11 2.166 (5/176) Installing ncurses-terminfo-base (6.4_p20240420-r0)
#11 2.179 (6/176) Installing libncursesw (6.4_p20240420-r0)
#11 2.195 (7/176) Installing readline (8.2.10-r0)
#11 2.209 (8/176) Installing bash (5.2.26-r0)
#11 2.229 Executing bash-5.2.26-r0.post-install
#11 2.233 (9/176) Installing m4 (1.4.19-r3)
#11 2.249 (10/176) Installing bison (3.8.2-r1)
#11 2.269 (11/176) Installing coreutils-env (9.5-r1)
#11 2.281 (12/176) Installing coreutils-fmt (9.5-r1)
#11 2.293 (13/176) Installing coreutils-sha512sum (9.5-r1)
#11 2.305 (14/176) Installing libacl (2.3.2-r0)
#11 2.317 (15/176) Installing libattr (2.5.2-r0)
#11 2.329 (16/176) Installing skalibs (2.14.1.1-r0)
#11 2.366 (17/176) Installing utmps-libs (0.1.2.2-r1)
#11 2.379 (18/176) Installing coreutils (9.5-r1)
#11 2.402 (19/176) Installing diffutils (3.10-r0)
#11 2.416 (20/176) Installing zstd-libs (1.5.6-r0)
#11 2.433 (21/176) Installing libelf (0.191-r0)
#11 2.446 (22/176) Installing libbz2 (1.0.8-r6)
#11 2.458 (23/176) Installing musl-fts (1.2.7-r6)
#11 2.470 (24/176) Installing xz-libs (5.6.1-r3)
#11 2.483 (25/176) Installing libdw (0.191-r0)
#11 2.499 (26/176) Installing libasm (0.191-r0)
#11 2.511 (27/176) Installing xz (5.6.1-r3)
#11 2.526 (28/176) Installing pkgconf (2.2.0-r0)
#11 2.540 (29/176) Installing xz-dev (5.6.1-r3)
#11 2.554 (30/176) Installing libgcc (13.2.1_git20240309-r0)
#11 2.567 (31/176) Installing libstdc++ (13.2.1_git20240309-r0)
#11 2.592 (32/176) Installing zstd (1.5.6-r0)
#11 2.606 (33/176) Installing zstd-dev (1.5.6-r0)
#11 2.620 (34/176) Installing zlib-dev (1.3.1-r1)
#11 2.633 (35/176) Installing elfutils-dev (0.191-r0)
#11 2.654 (36/176) Installing libmagic (5.45-r1)
#11 2.685 (37/176) Installing file (5.45-r1)
#11 2.696 (38/176) Installing findutils (4.9.0-r5)
#11 2.711 (39/176) Installing flex (2.6.4-r6)
#11 2.725 (40/176) Installing jansson (2.14-r4)
#11 2.737 (41/176) Installing binutils (2.42-r0)
#11 2.795 (42/176) Installing libgomp (13.2.1_git20240309-r0)
#11 2.810 (43/176) Installing libatomic (13.2.1_git20240309-r0)
#11 2.822 (44/176) Installing gmp (6.3.0-r0)
#11 2.837 (45/176) Installing isl26 (0.26-r1)
#11 2.860 (46/176) Installing mpfr4 (4.2.1-r0)
#11 2.878 (47/176) Installing mpc1 (1.3.1-r1)
#11 2.890 (48/176) Installing gcc (13.2.1_git20240309-r0)
#11 3.414 (49/176) Installing ca-certificates (20240226-r0)
#11 3.436 (50/176) Installing brotli-libs (1.1.0-r2)
#11 3.455 (51/176) Installing c-ares (1.28.1-r0)
#11 3.468 (52/176) Installing libunistring (1.2-r0)
#11 3.487 (53/176) Installing libidn2 (2.3.7-r0)
#11 3.501 (54/176) Installing nghttp2-libs (1.61.0-r0)
#11 3.513 (55/176) Installing libpsl (0.21.5-r1)
#11 3.526 (56/176) Installing libcurl (8.7.1-r0)
#11 3.548 (57/176) Installing libexpat (2.6.2-r0)
#11 3.562 (58/176) Installing pcre2 (10.43-r0)
#11 3.579 (59/176) Installing git (2.45.1-r0)
#11 3.634 (60/176) Installing git-init-template (2.45.1-r0)
#11 3.646 (61/176) Installing libcap2 (2.69-r1)
#11 3.657 (62/176) Installing libmnl (1.0.5-r2)
#11 3.669 (63/176) Installing iproute2-minimal (6.9.0-r0)
#11 3.685 (64/176) Installing libxtables (1.8.10-r3)
#11 3.698 (65/176) Installing iproute2-tc (6.9.0-r0)
#11 3.715 (66/176) Installing iproute2-ss (6.9.0-r0)
#11 3.728 (67/176) Installing iproute2 (6.9.0-r0)
#11 3.743 Executing iproute2-6.9.0-r0.post-install
#11 3.748 (68/176) Installing linux-headers (6.6-r0)
#11 3.842 (69/176) Installing libip4tc (1.8.10-r3)
#11 3.853 (70/176) Installing libip6tc (1.8.10-r3)
#11 3.865 (71/176) Installing libipq (1.8.10-r3)
#11 3.876 (72/176) Installing iptables-dev (1.8.10-r3)
#11 3.889 (73/176) Installing oniguruma (6.9.9-r0)
#11 3.904 (74/176) Installing jq (1.7.1-r0)
#11 3.921 (75/176) Installing kmod (32-r0)
#11 3.935 (76/176) Installing libbpf (1.4.2-r0)
#11 3.950 (77/176) Installing libbpf-dev (1.4.2-r0)
#11 3.968 (78/176) Installing libcap-dev (2.69-r1)
#11 3.980 (79/176) Installing libmnl-dev (1.0.5-r2)
#11 3.992 (80/176) Installing make (4.4.1-r2)
#11 4.007 (81/176) Installing musl-dev (1.2.5-r0)
#11 4.066 (82/176) Installing openssl-dev (3.3.0-r1)
#11 4.092 (83/176) Installing perl (5.38.2-r0)
#11 4.288 (84/176) Installing perl-error (0.17029-r2)
#11 4.302 (85/176) Installing perl-git (2.45.1-r0)
#11 4.325 (86/176) Installing git-perl (2.45.1-r0)
#11 4.338 (87/176) Installing libffi (3.4.6-r0)
#11 4.350 (88/176) Installing gdbm (1.23-r1)
#11 4.362 (89/176) Installing mpdecimal (4.0.0-r0)
#11 4.376 (90/176) Installing libpanelw (6.4_p20240420-r0)
#11 4.387 (91/176) Installing sqlite-libs (3.45.3-r0)
#11 4.409 (92/176) Installing python3 (3.12.3-r1)
#11 4.546 (93/176) Installing python3-pycache-pyc0 (3.12.3-r1)
#11 4.640 (94/176) Installing pyc (3.12.3-r1)
#11 4.651 (95/176) Installing py3-argcomplete-pyc (3.3.0-r0)
#11 4.664 (96/176) Installing python3-pyc (3.12.3-r1)
#11 4.675 (97/176) Installing py3-argcomplete (3.3.0-r0)
#11 4.689 (98/176) Installing py3-psutil (5.9.8-r1)
#11 4.704 (99/176) Installing py3-psutil-pyc (5.9.8-r1)
#11 4.729 (100/176) Installing py3-pyroute2 (0.7.12-r1)
#11 4.761 (101/176) Installing py3-pyroute2-pyc (0.7.12-r1)
#11 4.795 (102/176) Installing py3-certifi (2024.2.2-r1)
#11 4.807 (103/176) Installing py3-certifi-pyc (2024.2.2-r1)
#11 4.818 (104/176) Installing py3-charset-normalizer (3.3.2-r1)
#11 4.833 (105/176) Installing py3-charset-normalizer-pyc (3.3.2-r1)
#11 4.847 (106/176) Installing py3-idna (3.7-r0)
#11 4.861 (107/176) Installing py3-idna-pyc (3.7-r0)
#11 4.874 (108/176) Installing py3-urllib3 (1.26.18-r1)
#11 4.890 (109/176) Installing py3-urllib3-pyc (1.26.18-r1)
#11 4.908 (110/176) Installing py3-requests (2.31.0-r2)
#11 4.924 (111/176) Installing py3-requests-pyc (2.31.0-r2)
#11 4.940 (112/176) Installing py3-parsing (3.1.2-r1)
#11 4.955 (113/176) Installing py3-parsing-pyc (3.1.2-r1)
#11 4.994 (114/176) Installing py3-packaging (24.0-r1)
#11 5.009 (115/176) Installing py3-packaging-pyc (24.0-r1)
#11 5.023 (116/176) Installing py3-setuptools (69.5.1-r0)
#11 5.065 (117/176) Installing py3-setuptools-pyc (69.5.1-r0)
#11 5.105 (118/176) Installing libcap-ng (0.8.5-r0)
#11 5.117 (119/176) Installing libintl (0.22.5-r0)
#11 5.129 (120/176) Installing libeconf (0.6.3-r0)
#11 5.141 (121/176) Installing libblkid (2.40.1-r0)
#11 5.154 (122/176) Installing libmount (2.40.1-r0)
#11 5.168 (123/176) Installing glib (2.80.2-r0)
#11 5.207 (124/176) Installing numactl (2.0.18-r0)
#11 5.219 (125/176) Installing qemu (9.0.0-r0)
#11 5.235 Executing qemu-9.0.0-r0.pre-install
#11 5.303 Executing qemu-9.0.0-r0.post-install
#11 5.306 *
#11 5.306 * If you want to run VM as unprivileged user and let Qemu create tunX devices,
#11 5.306 * then you must add that user to the group "qemu".
#11 5.306 * If you use KVM for hardware-assisted virtualization, then you may also need
#11 5.306 * to add that user to the group "kvm".
#11 5.306 *
#11 5.306 (126/176) Installing qemu-bridge-helper (9.0.0-r0)
#11 5.323 (127/176) Installing libaio (0.3.113-r2)
#11 5.335 (128/176) Installing capstone (5.0.1-r4)
#11 5.369 (129/176) Installing nettle (3.9.1-r0)
#11 5.386 (130/176) Installing libtasn1 (4.19.0-r2)
#11 5.398 (131/176) Installing p11-kit (0.25.3-r0)
#11 5.417 (132/176) Installing gnutls (3.8.5-r0)
#11 5.441 (133/176) Installing libjpeg-turbo (3.0.3-r0)
#11 5.457 (134/176) Installing lzo (2.10-r5)
#11 5.470 (135/176) Installing pixman (0.43.2-r0)
#11 5.487 (136/176) Installing libpng (1.6.43-r0)
#11 5.501 (137/176) Installing libsasl (2.1.28-r6)
#11 5.515 (138/176) Installing libseccomp (2.5.5-r1)
#11 5.527 (139/176) Installing libslirp (4.7.0-r0)
#11 5.540 (140/176) Installing snappy (1.1.10-r2)
#11 5.553 (141/176) Installing liburing (2.6-r0)
#11 5.564 (142/176) Installing vde2-libs (2.3.3-r3)
#11 5.579 (143/176) Installing qemu-system-x86_64 (9.0.0-r0)
#11 5.685 (144/176) Installing lz4-libs (1.9.4-r5)
#11 5.698 (145/176) Installing popt (1.19-r3)
#11 5.711 (146/176) Installing libxxhash (0.8.2-r2)
#11 5.723 (147/176) Installing rsync (3.3.0-r0)
#11 5.738 (148/176) Installing scapy (2.5.0-r3)
#11 5.797 Executing scapy-2.5.0-r3.post-install
#11 5.801 *
#11 5.801 * Certain optional features of scapy also depend on the following packages:
#11 5.801 *     py3-matplotlib graphviz imagemagick py3-cryptography sox
#11 5.801 * And the following unpackaged dependencies:
#11 5.801 *     pyxi vpython-jupyter nmap<v4.23
#11 5.801 * More information can be found at https://scapy.readthedocs.io/en/latest/installation.html#optional-dependencies
#11 5.801 *
#11 5.801 (149/176) Installing scapy-pyc (2.5.0-r3)
#11 5.862 (150/176) Installing util-linux (2.40.1-r0)
#11 5.874 (151/176) Installing setarch (2.40.1-r0)
#11 5.886 (152/176) Installing libuuid (2.40.1-r0)
#11 5.898 (153/176) Installing libfdisk (2.40.1-r0)
#11 5.912 (154/176) Installing libsmartcols (2.40.1-r0)
#11 5.925 (155/176) Installing util-linux-misc (2.40.1-r0)
#11 6.195 (156/176) Installing linux-pam (1.6.0-r0)
#11 6.220 (157/176) Installing runuser (2.40.1-r0)
#11 6.232 (158/176) Installing mount (2.40.1-r0)
#11 6.244 (159/176) Installing losetup (2.40.1-r0)
#11 6.256 (160/176) Installing hexdump (2.40.1-r0)
#11 6.267 (161/176) Installing uuidgen (2.40.1-r0)
#11 6.279 (162/176) Installing blkid (2.40.1-r0)
#11 6.291 (163/176) Installing sfdisk (2.40.1-r0)
#11 6.303 (164/176) Installing mcookie (2.40.1-r0)
#11 6.314 (165/176) Installing agetty (2.40.1-r0)
#11 6.333 (166/176) Installing wipefs (2.40.1-r0)
#11 6.345 (167/176) Installing cfdisk (2.40.1-r0)
#11 6.357 (168/176) Installing umount (2.40.1-r0)
#11 6.369 (169/176) Installing flock (2.40.1-r0)
#11 6.381 (170/176) Installing lsblk (2.40.1-r0)
#11 6.397 (171/176) Installing setpriv (2.40.1-r0)
#11 6.409 (172/176) Installing logger (2.40.1-r0)
#11 6.421 (173/176) Installing partx (2.40.1-r0)
#11 6.434 (174/176) Installing fstrim (2.40.1-r0)
#11 6.445 (175/176) Installing findmnt (2.40.1-r0)
#11 6.458 (176/176) Installing virtme-ng@testing (1.24-r0)
#11 6.514 Executing busybox-1.36.1-r17.trigger
#11 6.519 Executing ca-certificates-20240226-r0.trigger
#11 6.542 Executing glib-2.80.2-r0.trigger
#11 6.549 OK: 385 MiB in 187 packages
#11 DONE 6.9s

#12 [ 8/22] RUN mkdir -p /tmp/kernel-patches &&     mkdir -p /tmp/iproute2-patches
#12 DONE 0.3s

#13 [ 9/22] COPY tdc.config /tmp
#13 DONE 0.0s

#14 [10/22] COPY tdc-debug.config /tmp
#14 DONE 0.0s

#15 [11/22] COPY kernel-patches /tmp/kernel-patches/
#15 DONE 0.1s

#16 [12/22] COPY iproute2-patches /tmp/iproute2-patches/
#16 DONE 0.0s

#17 [13/22] COPY configs /tmp/configs/
#17 DONE 0.1s

#18 [14/22] RUN git config --global user.email foo@bar.com
#18 DONE 0.3s

#19 [15/22] RUN git config --global user.name foo@bar.com
#19 DONE 0.4s

#20 [16/22] RUN git clone https://git.kernel.org/pub/scm/network/iproute2/iproute2-next.git /nipa-data/iproute2
#20 0.409 Cloning into '/nipa-data/iproute2'...
#20 DONE 2.3s

#21 [17/22] RUN cd /nipa-data/iproute2 && 	git remote add stable https://git.kernel.org/pub/scm/network/iproute2/iproute2.git && 	git fetch --all && 	git merge stable/main
#21 0.818 Fetching origin
#21 1.106 Fetching stable
#21 1.592 From https://git.kernel.org/pub/scm/network/iproute2/iproute2
#21 1.592  * [new branch]        codeql         -> stable/codeql
#21 1.592  * [new branch]        iproute2-4.1.x -> stable/iproute2-4.1.x
#21 1.592  * [new branch]        main           -> stable/main
#21 1.599  * [new tag]           v6.9.0         -> v6.9.0
#21 1.603 Updating 977d51cf..3cd62286
#21 1.703 Fast-forward
#21 1.708  bridge/vlan.c             |  1 +
#21 1.708  bridge/vni.c              |  1 +
#21 1.708  include/uapi/linux/xfrm.h |  2 +-
#21 1.708  include/version.h         |  2 +-
#21 1.708  ip/iproute.c              |  6 ++++--
#21 1.708  ip/rtmon.c                |  4 ++--
#21 1.708  man/man8/ip-route.8.in    | 16 ++++++++++++----
#21 1.708  man/man8/rtmon.8          | 31 +++++++++++++++++++++++++------
#21 1.708  man/man8/tc-mirred.8      |  2 +-
#21 1.708  vdpa/vdpa.c               |  1 +
#21 1.708  10 files changed, 49 insertions(+), 17 deletions(-)
#21 DONE 1.9s

#22 [18/22] RUN if [ "$(find /tmp/iproute2-patches/ -name *.patch)" ]; then  	cd /nipa-data/iproute2; 	git apply /tmp/iproute2-patches/*.patch;     fi
#22 DONE 1.0s

#23 [19/22] RUN cd /nipa-data/iproute2/ &&     ./configure &&     make
#23 0.722 TC schedulers
#23 0.723  IPT	using xtables
#23 0.751  IPSET  yes
#23 0.771 
#23 0.772 lib directory: /usr/lib
#23 0.772 libc has setns: yes
#23 0.791 libc has name_to_handle_at: yes
#23 0.812 SELinux support: no
#23 0.812 libtirpc support: no
#23 0.813 libbpf support: yes
#23 0.880 	libbpf version 1.4.2
#23 0.880 ELF support: yes
#23 0.882 libmnl support: yes
#23 0.884 Berkeley DB: no
#23 0.895 need for strlcpy: no
#23 0.918 libcap support: yes
#23 0.920 color output: never
#23 0.922 
#23 0.922 lib
#23 0.924     CC       libgenl.o
#23 0.936 In file included from ../include/libgenl.h:5,
#23 0.936                  from libgenl.c:12:
#23 0.936 ../include/libnetlink.h: In function 'rta_getattr_be64':
#23 0.936 ../include/libnetlink.h:280:16: warning: implicit declaration of function 'htobe64' [-Wimplicit-function-declaration]
#23 0.936   280 |         return htobe64(rta_getattr_u64(rta));
#23 0.936       |                ^~~~~~~
#23 0.963     CC       libnetlink.o
#23 1.279     CC       mnl_utils.o
#23 1.291 In file included from mnl_utils.c:12:
#23 1.291 ../include/libnetlink.h: In function 'rta_getattr_be64':
#23 1.291 ../include/libnetlink.h:280:16: warning: implicit declaration of function 'htobe64' [-Wimplicit-function-declaration]
#23 1.291   280 |         return htobe64(rta_getattr_u64(rta));
#23 1.291       |                ^~~~~~~
#23 1.352     AR       libnetlink.a
#23 1.354     CC       utils.o
#23 1.731     CC       utils_math.o
#23 1.771     CC       rt_names.o
#23 1.941     CC       ll_map.o
#23 1.955 In file included from ll_map.c:17:
#23 1.955 ../include/libnetlink.h: In function 'rta_getattr_be64':
#23 1.955 ../include/libnetlink.h:280:16: warning: implicit declaration of function 'htobe64' [-Wimplicit-function-declaration]
#23 1.955   280 |         return htobe64(rta_getattr_u64(rta));
#23 1.955       |                ^~~~~~~
#23 2.047     CC       ll_types.o
#23 2.060 In file included from ll_types.c:20:
#23 2.060 ../include/uapi/linux/sockios.h:42: warning: "SIOCGSTAMP" redefined
#23 2.060    42 | #define SIOCGSTAMP      SIOCGSTAMP_OLD
#23 2.060       | 
#23 2.060 In file included from /usr/include/sys/ioctl.h:10,
#23 2.060                  from ll_types.c:12:
#23 2.060 /usr/include/bits/ioctl.h:111: note: this is the location of the previous definition
#23 2.060   111 | #define SIOCGSTAMP      0x8906
#23 2.060       | 
#23 2.060 ../include/uapi/linux/sockios.h:43: warning: "SIOCGSTAMPNS" redefined
#23 2.060    43 | #define SIOCGSTAMPNS    SIOCGSTAMPNS_OLD
#23 2.060       | 
#23 2.060 /usr/include/bits/ioctl.h:112: note: this is the location of the previous definition
#23 2.060   112 | #define SIOCGSTAMPNS    0x8907
#23 2.060       | 
#23 2.076     CC       ll_proto.o
#23 2.089 In file included from ll_proto.c:21:
#23 2.089 ../include/uapi/linux/sockios.h:42: warning: "SIOCGSTAMP" redefined
#23 2.089    42 | #define SIOCGSTAMP      SIOCGSTAMP_OLD
#23 2.089       | 
#23 2.089 In file included from /usr/include/sys/ioctl.h:10,
#23 2.089                  from ll_proto.c:13:
#23 2.089 /usr/include/bits/ioctl.h:111: note: this is the location of the previous definition
#23 2.089   111 | #define SIOCGSTAMP      0x8906
#23 2.089       | 
#23 2.089 ../include/uapi/linux/sockios.h:43: warning: "SIOCGSTAMPNS" redefined
#23 2.089    43 | #define SIOCGSTAMPNS    SIOCGSTAMPNS_OLD
#23 2.089       | 
#23 2.089 /usr/include/bits/ioctl.h:112: note: this is the location of the previous definition
#23 2.089   112 | #define SIOCGSTAMPNS    0x8907
#23 2.089       | 
#23 2.102     CC       ll_addr.o
#23 2.114 In file included from ll_addr.c:20:
#23 2.114 ../include/uapi/linux/sockios.h:42: warning: "SIOCGSTAMP" redefined
#23 2.114    42 | #define SIOCGSTAMP      SIOCGSTAMP_OLD
#23 2.114       | 
#23 2.114 In file included from /usr/include/sys/ioctl.h:10,
#23 2.114                  from ll_addr.c:12:
#23 2.114 /usr/include/bits/ioctl.h:111: note: this is the location of the previous definition
#23 2.114   111 | #define SIOCGSTAMP      0x8906
#23 2.114       | 
#23 2.114 ../include/uapi/linux/sockios.h:43: warning: "SIOCGSTAMPNS" redefined
#23 2.114    43 | #define SIOCGSTAMPNS    SIOCGSTAMPNS_OLD
#23 2.114       | 
#23 2.114 /usr/include/bits/ioctl.h:112: note: this is the location of the previous definition
#23 2.114   112 | #define SIOCGSTAMPNS    0x8907
#23 2.114       | 
#23 2.140     CC       inet_proto.o
#23 2.169     CC       namespace.o
#23 2.218     CC       json_writer.o
#23 2.293     CC       json_print.o
#23 2.407     CC       json_print_math.o
#23 2.436     CC       names.o
#23 2.488     CC       color.o
#23 2.527     CC       bpf_legacy.o
#23 2.901     CC       bpf_glue.o
#23 2.943     CC       exec.o
#23 2.972     CC       fs.o
#23 3.035     CC       cg_map.o
#23 3.075     CC       ppp_proto.o
#23 3.098     CC       bpf_libbpf.o
#23 3.173     CC       selinux.o
#23 3.191     CC       ax25_ntop.o
#23 3.216     CC       rose_ntop.o
#23 3.231 In file included from rose_ntop.c:16:
#23 3.231 ../include/uapi/linux/sockios.h:42: warning: "SIOCGSTAMP" redefined
#23 3.231    42 | #define SIOCGSTAMP      SIOCGSTAMP_OLD
#23 3.231       | 
#23 3.231 In file included from /usr/include/sys/ioctl.h:10,
#23 3.231                  from rose_ntop.c:7:
#23 3.231 /usr/include/bits/ioctl.h:111: note: this is the location of the previous definition
#23 3.231   111 | #define SIOCGSTAMP      0x8906
#23 3.231       | 
#23 3.231 ../include/uapi/linux/sockios.h:43: warning: "SIOCGSTAMPNS" redefined
#23 3.231    43 | #define SIOCGSTAMPNS    SIOCGSTAMPNS_OLD
#23 3.231       | 
#23 3.231 /usr/include/bits/ioctl.h:112: note: this is the location of the previous definition
#23 3.231   112 | #define SIOCGSTAMPNS    0x8907
#23 3.231       | 
#23 3.249     CC       mpls_ntop.o
#23 3.274     CC       mpls_pton.o
#23 3.300     CC       netrom_ntop.o
#23 3.321     AR       libutil.a
#23 3.325 
#23 3.325 ip
#23 3.327     CC       ip.o
#23 3.396     CC       ipaddress.o
#23 3.409 In file included from ipaddress.c:26:
#23 3.409 ../include/uapi/linux/sockios.h:42: warning: "SIOCGSTAMP" redefined
#23 3.409    42 | #define SIOCGSTAMP      SIOCGSTAMP_OLD
#23 3.409       | 
#23 3.409 In file included from /usr/include/sys/ioctl.h:10,
#23 3.409                  from ipaddress.c:14:
#23 3.409 /usr/include/bits/ioctl.h:111: note: this is the location of the previous definition
#23 3.409   111 | #define SIOCGSTAMP      0x8906
#23 3.409       | 
#23 3.409 ../include/uapi/linux/sockios.h:43: warning: "SIOCGSTAMPNS" redefined
#23 3.409    43 | #define SIOCGSTAMPNS    SIOCGSTAMPNS_OLD
#23 3.409       | 
#23 3.409 /usr/include/bits/ioctl.h:112: note: this is the location of the previous definition
#23 3.409   112 | #define SIOCGSTAMPNS    0x8907
#23 3.409       | 
#23 3.827     CC       ipaddrlabel.o
#23 3.883     CC       iproute.o
#23 4.393     CC       iprule.o
#23 4.575     CC       ipnetns.o
#23 4.759     CC       rtm_map.o
#23 4.794     CC       iptunnel.o
#23 4.805 In file included from ../include/uapi/linux/if_tunnel.h:6,
#23 4.805                  from iptunnel.c:19:
#23 4.805 ../include/uapi/linux/if.h:134: warning: "IFF_VOLATILE" redefined
#23 4.805   134 | #define IFF_VOLATILE    (IFF_LOOPBACK|IFF_POINTOPOINT|IFF_BROADCAST|IFF_ECHO|\
#23 4.805       | 
#23 4.805 In file included from iptunnel.c:16:
#23 4.805 /usr/include/net/if.h:48: note: this is the location of the previous definition
#23 4.805    48 | #define IFF_VOLATILE (IFF_LOOPBACK|IFF_POINTOPOINT|IFF_BROADCAST| \
#23 4.805       | 
#23 4.937     CC       ip6tunnel.o
#23 5.045     CC       tunnel.o
#23 5.132     CC       ipneigh.o
#23 5.282     CC       ipntable.o
#23 5.382     CC       iplink.o
#23 5.661     CC       ipmaddr.o
#23 5.673 In file included from ipmaddr.c:21:
#23 5.673 ../include/uapi/linux/sockios.h:42: warning: "SIOCGSTAMP" redefined
#23 5.673    42 | #define SIOCGSTAMP      SIOCGSTAMP_OLD
#23 5.673       | 
#23 5.673 In file included from /usr/include/sys/ioctl.h:10,
#23 5.673                  from ipmaddr.c:12:
#23 5.673 /usr/include/bits/ioctl.h:111: note: this is the location of the previous definition
#23 5.673   111 | #define SIOCGSTAMP      0x8906
#23 5.673       | 
#23 5.673 ../include/uapi/linux/sockios.h:43: warning: "SIOCGSTAMPNS" redefined
#23 5.673    43 | #define SIOCGSTAMPNS    SIOCGSTAMPNS_OLD
#23 5.673       | 
#23 5.673 /usr/include/bits/ioctl.h:112: note: this is the location of the previous definition
#23 5.673   112 | #define SIOCGSTAMPNS    0x8907
#23 5.673       | 
#23 5.747     CC       ipmonitor.o
#23 5.819     CC       ipmroute.o
#23 5.835 In file included from ipmroute.c:22:
#23 5.835 ../include/uapi/linux/sockios.h:42: warning: "SIOCGSTAMP" redefined
#23 5.835    42 | #define SIOCGSTAMP      SIOCGSTAMP_OLD
#23 5.835       | 
#23 5.835 In file included from /usr/include/sys/ioctl.h:10,
#23 5.835                  from ipmroute.c:13:
#23 5.835 /usr/include/bits/ioctl.h:111: note: this is the location of the previous definition
#23 5.835   111 | #define SIOCGSTAMP      0x8906
#23 5.835       | 
#23 5.835 ../include/uapi/linux/sockios.h:43: warning: "SIOCGSTAMPNS" redefined
#23 5.835    43 | #define SIOCGSTAMPNS    SIOCGSTAMPNS_OLD
#23 5.835       | 
#23 5.835 /usr/include/bits/ioctl.h:112: note: this is the location of the previous definition
#23 5.835   112 | #define SIOCGSTAMPNS    0x8907
#23 5.835       | 
#23 5.907     CC       ipprefix.o
#23 5.939     CC       iptuntap.o
#23 6.049     CC       iptoken.o
#23 6.101     CC       ipxfrm.o
#23 6.384     CC       xfrm_state.o
#23 6.650     CC       xfrm_policy.o
#23 6.872     CC       xfrm_monitor.o
#23 6.949     CC       iplink_dummy.o
#23 6.972     CC       iplink_ifb.o
#23 6.994     CC       iplink_nlmon.o
#23 7.015     CC       iplink_team.o
#23 7.040     CC       iplink_vcan.o
#23 7.063     CC       iplink_vxcan.o
#23 7.090     CC       iplink_vlan.o
#23 7.160     CC       link_veth.o
#23 7.187     CC       link_gre.o
#23 7.197 In file included from ../include/uapi/linux/if_tunnel.h:6,
#23 7.197                  from link_gre.c:15:
#23 7.197 ../include/uapi/linux/if.h:134: warning: "IFF_VOLATILE" redefined
#23 7.197   134 | #define IFF_VOLATILE    (IFF_LOOPBACK|IFF_POINTOPOINT|IFF_BROADCAST|IFF_ECHO|\
#23 7.197       | 
#23 7.197 In file included from link_gre.c:9:
#23 7.197 /usr/include/net/if.h:48: note: this is the location of the previous definition
#23 7.197    48 | #define IFF_VOLATILE (IFF_LOOPBACK|IFF_POINTOPOINT|IFF_BROADCAST| \
#23 7.197       | 
#23 7.304     CC       iplink_can.o
#23 7.447     CC       iplink_xdp.o
#23 7.506     CC       iplink_macvlan.o
#23 7.574     CC       ipl2tp.o
#23 7.742     CC       link_vti.o
#23 7.753 In file included from ../include/uapi/linux/if_tunnel.h:6,
#23 7.753                  from link_vti.c:16:
#23 7.753 ../include/uapi/linux/if.h:134: warning: "IFF_VOLATILE" redefined
#23 7.753   134 | #define IFF_VOLATILE    (IFF_LOOPBACK|IFF_POINTOPOINT|IFF_BROADCAST|IFF_ECHO|\
#23 7.753       | 
#23 7.753 In file included from link_vti.c:10:
#23 7.753 /usr/include/net/if.h:48: note: this is the location of the previous definition
#23 7.753    48 | #define IFF_VOLATILE (IFF_LOOPBACK|IFF_POINTOPOINT|IFF_BROADCAST| \
#23 7.753       | 
#23 7.798     CC       link_vti6.o
#23 7.811 In file included from ../include/uapi/linux/if_tunnel.h:6,
#23 7.811                  from link_vti6.c:17:
#23 7.811 ../include/uapi/linux/if.h:134: warning: "IFF_VOLATILE" redefined
#23 7.811   134 | #define IFF_VOLATILE    (IFF_LOOPBACK|IFF_POINTOPOINT|IFF_BROADCAST|IFF_ECHO|\
#23 7.811       | 
#23 7.811 In file included from link_vti6.c:11:
#23 7.811 /usr/include/net/if.h:48: note: this is the location of the previous definition
#23 7.811    48 | #define IFF_VOLATILE (IFF_LOOPBACK|IFF_POINTOPOINT|IFF_BROADCAST| \
#23 7.811       | 
#23 7.866     CC       link_xfrm.o
#23 7.902     CC       iplink_vxlan.o
#23 8.052     CC       tcp_metrics.o
#23 8.153     CC       iplink_ipoib.o
#23 8.198     CC       ipnetconf.o
#23 8.251     CC       link_ip6tnl.o
#23 8.262 In file included from ../include/uapi/linux/if_tunnel.h:6,
#23 8.262                  from link_ip6tnl.c:15:
#23 8.262 ../include/uapi/linux/if.h:134: warning: "IFF_VOLATILE" redefined
#23 8.262   134 | #define IFF_VOLATILE    (IFF_LOOPBACK|IFF_POINTOPOINT|IFF_BROADCAST|IFF_ECHO|\
#23 8.262       | 
#23 8.262 In file included from link_ip6tnl.c:9:
#23 8.262 /usr/include/net/if.h:48: note: this is the location of the previous definition
#23 8.262    48 | #define IFF_VOLATILE (IFF_LOOPBACK|IFF_POINTOPOINT|IFF_BROADCAST| \
#23 8.262       | 
#23 8.350     CC       link_iptnl.o
#23 8.361 In file included from ../include/uapi/linux/if_tunnel.h:6,
#23 8.361                  from link_iptnl.c:16:
#23 8.361 ../include/uapi/linux/if.h:134: warning: "IFF_VOLATILE" redefined
#23 8.361   134 | #define IFF_VOLATILE    (IFF_LOOPBACK|IFF_POINTOPOINT|IFF_BROADCAST|IFF_ECHO|\
#23 8.361       | 
#23 8.361 In file included from link_iptnl.c:9:
#23 8.361 /usr/include/net/if.h:48: note: this is the location of the previous definition
#23 8.361    48 | #define IFF_VOLATILE (IFF_LOOPBACK|IFF_POINTOPOINT|IFF_BROADCAST| \
#23 8.361       | 
#23 8.457     CC       link_gre6.o
#23 8.471 In file included from ../include/uapi/linux/if_tunnel.h:6,
#23 8.471                  from link_gre6.c:15:
#23 8.471 ../include/uapi/linux/if.h:134: warning: "IFF_VOLATILE" redefined
#23 8.471   134 | #define IFF_VOLATILE    (IFF_LOOPBACK|IFF_POINTOPOINT|IFF_BROADCAST|IFF_ECHO|\
#23 8.471       | 
#23 8.471 In file included from link_gre6.c:9:
#23 8.471 /usr/include/net/if.h:48: note: this is the location of the previous definition
#23 8.471    48 | #define IFF_VOLATILE (IFF_LOOPBACK|IFF_POINTOPOINT|IFF_BROADCAST| \
#23 8.471       | 
#23 8.601     CC       iplink_bond.o
#23 8.797     CC       iplink_bond_slave.o
#23 8.862     CC       iplink_hsr.o
#23 8.912     CC       iplink_bridge.o
#23 9.064     CC       iplink_bridge_slave.o
#23 9.192     CC       iplink_dsa.o
#23 9.234     CC       ipfou.o
#23 9.247 In file included from ../include/libgenl.h:5,
#23 9.247                  from ipfou.c:18:
#23 9.247 ../include/libnetlink.h: In function 'rta_getattr_be64':
#23 9.247 ../include/libnetlink.h:280:16: warning: implicit declaration of function 'htobe64' [-Wimplicit-function-declaration]
#23 9.247   280 |         return htobe64(rta_getattr_u64(rta));
#23 9.247       |                ^~~~~~~
#23 9.314     CC       iplink_ipvlan.o
#23 9.354     CC       iplink_geneve.o
#23 9.443     CC       iplink_vrf.o
#23 9.491     CC       iproute_lwtunnel.o
#23 9.883     CC       ipmacsec.o
#23 10.12     CC       ipila.o
#23 10.14 In file included from ../include/libgenl.h:5,
#23 10.14                  from ipila.c:18:
#23 10.14 ../include/libnetlink.h: In function 'rta_getattr_be64':
#23 10.14 ../include/libnetlink.h:280:16: warning: implicit declaration of function 'htobe64' [-Wimplicit-function-declaration]
#23 10.14   280 |         return htobe64(rta_getattr_u64(rta));
#23 10.14       |                ^~~~~~~
#23 10.20     CC       ipvrf.o
#23 10.31     CC       iplink_xstats.o
#23 10.35     CC       ipseg6.o
#23 10.40     CC       iplink_netdevsim.o
#23 10.42     CC       iplink_rmnet.o
#23 10.46     CC       ipnexthop.o
#23 10.70     CC       ipmptcp.o
#23 10.82     CC       iplink_bareudp.o
#23 10.83 In file included from iplink_bareudp.c:9:
#23 10.83 ../include/libnetlink.h: In function 'rta_getattr_be64':
#23 10.83 ../include/libnetlink.h:280:16: warning: implicit declaration of function 'htobe64' [-Wimplicit-function-declaration]
#23 10.83   280 |         return htobe64(rta_getattr_u64(rta));
#23 10.83       |                ^~~~~~~
#23 10.87     CC       iplink_wwan.o
#23 10.90     CC       ipioam6.o
#23 10.97     CC       iplink_amt.o
#23 11.03     CC       iplink_batadv.o
#23 11.06     CC       iplink_gtp.o
#23 11.10     CC       iplink_virt_wifi.o
#23 11.12     CC       iplink_netkit.o
#23 11.16     CC       ipstats.o
#23 11.37     LINK     ip
#23 11.41     CC       rtmon.o
#23 11.47     LINK     rtmon
#23 11.48 
#23 11.48 tc
#23 11.48     CC       tc.o
#23 11.58     CC       tc_qdisc.o
#23 11.69     CC       tc_class.o
#23 11.82     CC       tc_filter.o
#23 11.98     CC       tc_util.o
#23 12.16     CC       tc_monitor.o
#23 12.20     CC       tc_exec.o
#23 12.23     CC       m_police.o
#23 12.33     CC       m_estimator.o
#23 12.36     CC       m_action.o
#23 12.51     CC       m_ematch.o
#23 12.62     YACC     emp_ematch.tab.c
#23 12.69     CC       emp_ematch.tab.o
#23 12.79     LEX      emp_ematch.lex.c
#23 12.80     CC       emp_ematch.lex.o
#23 12.96     CC       q_fifo.o
#23 13.00     CC       q_sfq.o
#23 13.07     CC       q_red.o
#23 13.14     CC       q_prio.o
#23 13.18     CC       q_skbprio.o
#23 13.22     CC       q_tbf.o
#23 13.30     CC       q_multiq.o
#23 13.33     CC       q_netem.o
#23 13.54     CC       q_choke.o
#23 13.60     CC       q_sfb.o
#23 13.66     CC       f_u32.o
#23 13.93     CC       f_route.o
#23 13.99     CC       f_fw.o
#23 14.04     CC       f_basic.o
#23 14.09     CC       f_bpf.o
#23 14.16     CC       f_flow.o
#23 14.24     CC       f_cgroup.o
#23 14.29     CC       f_flower.o
#23 14.30 In file included from ../include/uapi/linux/netdevice.h:29,
#23 14.30                  from ../include/uapi/linux/if_arp.h:27,
#23 14.30                  from f_flower.c:14:
#23 14.30 ../include/uapi/linux/if.h:134: warning: "IFF_VOLATILE" redefined
#23 14.30   134 | #define IFF_VOLATILE    (IFF_LOOPBACK|IFF_POINTOPOINT|IFF_BROADCAST|IFF_ECHO|\
#23 14.30       | 
#23 14.30 In file included from f_flower.c:12:
#23 14.30 /usr/include/net/if.h:48: note: this is the location of the previous definition
#23 14.30    48 | #define IFF_VOLATILE (IFF_LOOPBACK|IFF_POINTOPOINT|IFF_BROADCAST| \
#23 14.30       | 
#23 14.87     CC       q_gred.o
#23 14.97     CC       q_ingress.o
#23 15.00     CC       q_hfsc.o
#23 15.09     CC       q_htb.o
#23 15.18     CC       q_drr.o
#23 15.22     CC       q_qfq.o
#23 15.26     CC       m_gact.o
#23 15.31     CC       m_mirred.o
#23 15.37     CC       m_mpls.o
#23 15.45     CC       m_nat.o
#23 15.50     CC       m_pedit.o
#23 15.64     CC       m_ife.o
#23 15.72     CC       m_skbedit.o
#23 15.79     CC       m_skbmod.o
#23 15.85     CC       m_csum.o
#23 15.91     CC       m_simple.o
#23 15.95     CC       m_vlan.o
#23 16.02     CC       m_connmark.o
#23 16.06     CC       m_ctinfo.o
#23 16.11     CC       m_bpf.o
#23 16.17     CC       m_tunnel_key.o
#23 16.28     CC       m_sample.o
#23 16.33     CC       m_ct.o
#23 16.43     CC       m_gate.o
#23 16.53     CC       p_ip.o
#23 16.57     CC       p_ip6.o
#23 16.61     CC       p_icmp.o
#23 16.63     CC       p_eth.o
#23 16.67     CC       p_tcp.o
#23 16.70     CC       p_udp.o
#23 16.73     CC       em_nbyte.o
#23 16.78     CC       em_cmp.o
#23 16.83     CC       em_u32.o
#23 16.88     CC       em_canid.o
#23 16.92     CC       em_meta.o
#23 17.03     CC       q_mqprio.o
#23 17.14     CC       q_codel.o
#23 17.19     CC       q_fq_codel.o
#23 17.28     CC       q_fq.o
#23 17.39     CC       q_pie.o
#23 17.45     CC       q_fq_pie.o
#23 17.52     CC       q_cake.o
#23 17.74     CC       q_hhf.o
#23 17.79     CC       q_clsact.o
#23 17.82     CC       e_bpf.o
#23 17.88     CC       f_matchall.o
#23 17.93     CC       q_cbs.o
#23 17.99     CC       q_etf.o
#23 18.04     CC       q_taprio.o
#23 18.15     CC       q_plug.o
#23 18.19     CC       q_ets.o
#23 18.27     CC       em_ipt.o
#23 18.29 In file included from tc_util.h:7,
#23 18.29                  from m_ematch.h:11,
#23 18.29                  from em_ipt.c:13:
#23 18.29 ../include/uapi/linux/if.h:134: warning: "IFF_VOLATILE" redefined
#23 18.29   134 | #define IFF_VOLATILE    (IFF_LOOPBACK|IFF_POINTOPOINT|IFF_BROADCAST|IFF_ECHO|\
#23 18.29       | 
#23 18.29 In file included from ../include/xtables.h:17,
#23 18.29                  from em_ipt.c:12:
#23 18.29 /usr/include/net/if.h:48: note: this is the location of the previous definition
#23 18.29    48 | #define IFF_VOLATILE (IFF_LOOPBACK|IFF_POINTOPOINT|IFF_BROADCAST| \
#23 18.29       | 
#23 18.31     CC       em_ipset.o
#23 18.33 In file included from tc_util.h:7,
#23 18.33                  from m_ematch.h:11,
#23 18.33                  from em_ipset.c:39:
#23 18.33 ../include/uapi/linux/if.h:134: warning: "IFF_VOLATILE" redefined
#23 18.33   134 | #define IFF_VOLATILE    (IFF_LOOPBACK|IFF_POINTOPOINT|IFF_BROADCAST|IFF_ECHO|\
#23 18.33       | 
#23 18.33 In file included from ../include/xtables.h:17,
#23 18.33                  from em_ipset.c:23:
#23 18.33 /usr/include/net/if.h:48: note: this is the location of the previous definition
#23 18.33    48 | #define IFF_VOLATILE (IFF_LOOPBACK|IFF_POINTOPOINT|IFF_BROADCAST| \
#23 18.33       | 
#23 18.37     CC       tc_core.o
#23 18.45     CC       tc_red.o
#23 18.50     CC       tc_estimator.o
#23 18.53     CC       tc_stab.o
#23 18.58     CC       tc_qevent.o
#23 18.59 In file included from tc_qevent.h:7,
#23 18.59                  from tc_qevent.c:10:
#23 18.59 ../include/libnetlink.h: In function 'rta_getattr_be64':
#23 18.59 ../include/libnetlink.h:280:16: warning: implicit declaration of function 'htobe64' [-Wimplicit-function-declaration]
#23 18.59   280 |         return htobe64(rta_getattr_u64(rta));
#23 18.59       |                ^~~~~~~
#23 18.64     AR       libtc.a
#23 18.64     LINK     tc
#23 18.68 rm emp_ematch.lex.c
#23 18.68 
#23 18.68 bridge
#23 18.68     CC       bridge.o
#23 18.73     CC       fdb.o
#23 18.74 In file included from fdb.c:28:
#23 18.74 ../include/libnetlink.h: In function 'rta_getattr_be64':
#23 18.74 ../include/libnetlink.h:280:16: warning: implicit declaration of function 'htobe64' [-Wimplicit-function-declaration]
#23 18.74   280 |         return htobe64(rta_getattr_u64(rta));
#23 18.74       |                ^~~~~~~
#23 18.91     CC       monitor.o
#23 18.96     CC       link.o
#23 18.97 In file included from link.c:16:
#23 18.97 ../include/libnetlink.h: In function 'rta_getattr_be64':
#23 18.97 ../include/libnetlink.h:280:16: warning: implicit declaration of function 'htobe64' [-Wimplicit-function-declaration]
#23 18.97   280 |         return htobe64(rta_getattr_u64(rta));
#23 18.97       |                ^~~~~~~
#23 19.11     CC       mdb.o
#23 19.13 In file included from mdb.c:20:
#23 19.13 ../include/libnetlink.h: In function 'rta_getattr_be64':
#23 19.13 ../include/libnetlink.h:280:16: warning: implicit declaration of function 'htobe64' [-Wimplicit-function-declaration]
#23 19.13   280 |         return htobe64(rta_getattr_u64(rta));
#23 19.13       |                ^~~~~~~
#23 19.32     CC       vlan.o
#23 19.34 In file included from vlan.c:16:
#23 19.34 ../include/libnetlink.h: In function 'rta_getattr_be64':
#23 19.34 ../include/libnetlink.h:280:16: warning: implicit declaration of function 'htobe64' [-Wimplicit-function-declaration]
#23 19.34   280 |         return htobe64(rta_getattr_u64(rta));
#23 19.34       |                ^~~~~~~
#23 19.57     CC       vni.o
#23 19.59 In file included from vni.c:21:
#23 19.59 ../include/libnetlink.h: In function 'rta_getattr_be64':
#23 19.59 ../include/libnetlink.h:280:16: warning: implicit declaration of function 'htobe64' [-Wimplicit-function-declaration]
#23 19.59   280 |         return htobe64(rta_getattr_u64(rta));
#23 19.59       |                ^~~~~~~
#23 19.66     LINK     bridge
#23 19.67 
#23 19.67 misc
#23 19.68     CC       ss.o
#23 19.70 In file included from ../include/uapi/linux/tipc.h:42,
#23 19.70                  from ss.c:49:
#23 19.70 ../include/uapi/linux/sockios.h:42: warning: "SIOCGSTAMP" redefined
#23 19.70    42 | #define SIOCGSTAMP      SIOCGSTAMP_OLD
#23 19.70       | 
#23 19.70 In file included from /usr/include/sys/ioctl.h:10,
#23 19.70                  from ss.c:12:
#23 19.70 /usr/include/bits/ioctl.h:111: note: this is the location of the previous definition
#23 19.70   111 | #define SIOCGSTAMP      0x8906
#23 19.70       | 
#23 19.70 ../include/uapi/linux/sockios.h:43: warning: "SIOCGSTAMPNS" redefined
#23 19.70    43 | #define SIOCGSTAMPNS    SIOCGSTAMPNS_OLD
#23 19.70       | 
#23 19.70 /usr/include/bits/ioctl.h:112: note: this is the location of the previous definition
#23 19.70   112 | #define SIOCGSTAMPNS    0x8907
#23 19.70       | 
#23 20.64     CC       ssfilter_check.o
#23 20.65 In file included from ssfilter_check.c:6:
#23 20.65 ../include/libnetlink.h: In function 'rta_getattr_be64':
#23 20.65 ../include/libnetlink.h:280:16: warning: implicit declaration of function 'htobe64' [-Wimplicit-function-declaration]
#23 20.65   280 |         return htobe64(rta_getattr_u64(rta));
#23 20.65       |                ^~~~~~~
#23 20.66     YACC     ssfilter.tab.c
#23 20.73     CC       ssfilter.tab.o
#23 20.83     LINK     ss
#23 20.85     CC       nstat
#23 20.86 In file included from nstat.c:20:
#23 20.86 /usr/include/sys/poll.h:1:2: warning: #warning redirecting incorrect #include <sys/poll.h> to <poll.h> [-Wcpp]
#23 20.86     1 | #warning redirecting incorrect #include <sys/poll.h> to <poll.h>
#23 20.86       |  ^~~~~~~
#23 21.00     CC       ifstat
#23 21.01 In file included from ifstat.c:20:
#23 21.01 /usr/include/sys/poll.h:1:2: warning: #warning redirecting incorrect #include <sys/poll.h> to <poll.h> [-Wcpp]
#23 21.01     1 | #warning redirecting incorrect #include <sys/poll.h> to <poll.h>
#23 21.01       |  ^~~~~~~
#23 21.02 In file included from ifstat.c:30:
#23 21.02 ../include/libnetlink.h: In function 'rta_getattr_be64':
#23 21.02 ../include/libnetlink.h:280:16: warning: implicit declaration of function 'htobe64' [-Wimplicit-function-declaration]
#23 21.02   280 |         return htobe64(rta_getattr_u64(rta));
#23 21.02       |                ^~~~~~~
#23 21.21     CC       rtacct
#23 21.22 In file included from rtacct.c:19:
#23 21.22 /usr/include/sys/poll.h:1:2: warning: #warning redirecting incorrect #include <sys/poll.h> to <poll.h> [-Wcpp]
#23 21.22     1 | #warning redirecting incorrect #include <sys/poll.h> to <poll.h>
#23 21.22       |  ^~~~~~~
#23 21.34     CC       lnstat.o
#23 21.41     CC       lnstat_util.o
#23 21.48     LINK     lnstat
#23 21.49 
#23 21.49 netem
#23 21.49 gcc  -I../include -o maketable maketable.c -lm
#23 21.53 gcc  -I../include -o normal normal.c -lm
#23 21.55 gcc  -I../include -o pareto pareto.c -lm
#23 21.57 gcc  -I../include -o paretonormal paretonormal.c -lm
#23 21.60 ./normal > normal.dist
#23 21.61 ./pareto > pareto.dist
#23 21.61 ./paretonormal > paretonormal.dist
#23 21.62 ./maketable experimental.dat > experimental.dist
#23 21.63 
#23 21.63 genl
#23 21.63     CC       genl.o
#23 21.67     CC       ctrl.o
#23 21.74     LINK     genl
#23 21.75 
#23 21.75 man
#23 21.75 make[2]: Nothing to be done for 'all'.
#23 21.75 make[2]: Nothing to be done for 'all'.
#23 21.75 sed \
#23 21.75 	-e "s|@NETNS_ETC_DIR@|/etc/netns|g" \
#23 21.75 	-e "s|@NETNS_RUN_DIR@|/var/run/netns|g" \
#23 21.75 	-e "s|@SYSCONF_ETC_DIR@|/etc/iproute2|g" \
#23 21.75 	-e "s|@SYSCONF_USR_DIR@|/usr/share/iproute2|g" \
#23 21.75 	ip-address.8.in > ip-address.8
#23 21.76 sed \
#23 21.76 	-e "s|@NETNS_ETC_DIR@|/etc/netns|g" \
#23 21.76 	-e "s|@NETNS_RUN_DIR@|/var/run/netns|g" \
#23 21.76 	-e "s|@SYSCONF_ETC_DIR@|/etc/iproute2|g" \
#23 21.76 	-e "s|@SYSCONF_USR_DIR@|/usr/share/iproute2|g" \
#23 21.76 	ip-link.8.in > ip-link.8
#23 21.76 sed \
#23 21.76 	-e "s|@NETNS_ETC_DIR@|/etc/netns|g" \
#23 21.76 	-e "s|@NETNS_RUN_DIR@|/var/run/netns|g" \
#23 21.76 	-e "s|@SYSCONF_ETC_DIR@|/etc/iproute2|g" \
#23 21.76 	-e "s|@SYSCONF_USR_DIR@|/usr/share/iproute2|g" \
#23 21.76 	ip-netns.8.in > ip-netns.8
#23 21.77 sed \
#23 21.77 	-e "s|@NETNS_ETC_DIR@|/etc/netns|g" \
#23 21.77 	-e "s|@NETNS_RUN_DIR@|/var/run/netns|g" \
#23 21.77 	-e "s|@SYSCONF_ETC_DIR@|/etc/iproute2|g" \
#23 21.77 	-e "s|@SYSCONF_USR_DIR@|/usr/share/iproute2|g" \
#23 21.77 	ip-route.8.in > ip-route.8
#23 21.77 
#23 21.77 tipc
#23 21.77     CC       bearer.o
#23 21.98     CC       cmdl.o
#23 22.02     CC       link.o
#23 22.23     CC       media.o
#23 22.28     CC       misc.o
#23 22.34     CC       msg.o
#23 22.36     CC       nametable.o
#23 22.40     CC       node.o
#23 22.49     CC       socket.o
#23 22.53     CC       peer.o
#23 22.56     CC       tipc.o
#23 22.60     LINK     tipc
#23 22.61 
#23 22.61 devlink
#23 22.61     CC       devlink.o
#23 24.37     CC       mnlg.o
#23 24.38 In file included from mnlg.c:16:
#23 24.38 ../include/libnetlink.h: In function 'rta_getattr_be64':
#23 24.38 ../include/libnetlink.h:280:16: warning: implicit declaration of function 'htobe64' [-Wimplicit-function-declaration]
#23 24.38   280 |         return htobe64(rta_getattr_u64(rta));
#23 24.38       |                ^~~~~~~
#23 24.41     LINK     devlink
#23 24.42 
#23 24.42 rdma
#23 24.43     CC       rdma.o
#23 24.44 rdma.c: In function 'main':
#23 24.44 rdma.c:110:20: warning: implicit declaration of function 'basename'; did you mean 'rename'? [-Wimplicit-function-declaration]
#23 24.44   110 |         filename = basename(argv[0]);
#23 24.44       |                    ^~~~~~~~
#23 24.44       |                    rename
#23 24.45 rdma.c:110:18: warning: assignment to 'char *' from 'int' makes pointer from integer without a cast [-Wint-conversion]
#23 24.45   110 |         filename = basename(argv[0]);
#23 24.45       |                  ^
#23 24.47     CC       utils.o
#23 24.66     CC       dev.o
#23 24.73     CC       link.o
#23 24.80     CC       res.o
#23 24.91     CC       res-pd.o
#23 24.96     CC       res-mr.o
#23 25.00     CC       res-cq.o
#23 25.05     CC       res-cmid.o
#23 25.12     CC       res-qp.o
#23 25.19     CC       sys.o
#23 25.24     CC       stat.o
#23 25.48     CC       stat-mr.o
#23 25.51     CC       res-ctx.o
#23 25.55     CC       res-srq.o
#23 25.62     LINK     rdma
#23 25.63 
#23 25.63 dcb
#23 25.63     CC       dcb.o
#23 25.65 In file included from ../include/namespace.h:10,
#23 25.65                  from dcb.c:11:
#23 25.65 ../include/libnetlink.h: In function 'rta_getattr_be64':
#23 25.65 ../include/libnetlink.h:280:16: warning: implicit declaration of function 'htobe64' [-Wimplicit-function-declaration]
#23 25.65   280 |         return htobe64(rta_getattr_u64(rta));
#23 25.65       |                ^~~~~~~
#23 25.76     CC       dcb_app.o
#23 25.94     CC       dcb_buffer.o
#23 25.99     CC       dcb_dcbx.o
#23 26.04     CC       dcb_ets.o
#23 26.12     CC       dcb_maxrate.o
#23 26.17     CC       dcb_pfc.o
#23 26.23     CC       dcb_apptrust.o
#23 26.29     CC       dcb_rewr.o
#23 26.36     LINK     dcb
#23 26.37 
#23 26.37 vdpa
#23 26.38     CC       vdpa.o
#23 26.53     LINK     vdpa
#23 DONE 26.6s

#24 [20/22] RUN git clone --no-single-branch --depth=1 https://github.com/linux-netdev/testing.git /nipa-data/kernel
#24 0.425 Cloning into '/nipa-data/kernel'...
#24 20.11 Updating files:  16% (14045/83283)Updating files:  17% (14159/83283)Updating files:  18% (14991/83283)Updating files:  19% (15824/83283)Updating files:  20% (16657/83283)Updating files:  21% (17490/83283)Updating files:  22% (18323/83283)Updating files:  23% (19156/83283)Updating files:  24% (19988/83283)Updating files:  25% (20821/83283)Updating files:  26% (21654/83283)Updating files:  27% (22487/83283)Updating files:  28% (23320/83283)Updating files:  29% (24153/83283)Updating files:  30% (24985/83283)Updating files:  31% (25818/83283)Updating files:  32% (26651/83283)Updating files:  33% (27484/83283)Updating files:  33% (28271/83283)Updating files:  34% (28317/83283)Updating files:  35% (29150/83283)Updating files:  36% (29982/83283)Updating files:  37% (30815/83283)Updating files:  38% (31648/83283)Updating files:  39% (32481/83283)Updating files:  40% (33314/83283)Updating files:  40% (33555/83283)Updating files:  41% (34147/83283)Updating files:  42% (34979/83283)Updating files:  43% (35812/83283)Updating files:  44% (36645/83283)Updating files:  45% (37478/83283)Updating files:  46% (38311/83283)Updating files:  47% (39144/83283)Updating files:  48% (39976/83283)Updating files:  48% (40504/83283)Updating files:  49% (40809/83283)Updating files:  50% (41642/83283)Updating files:  51% (42475/83283)Updating files:  52% (43308/83283)Updating files:  53% (44140/83283)Updating files:  54% (44973/83283)Updating files:  55% (45806/83283)Updating files:  56% (46639/83283)Updating files:  57% (47472/83283)Updating files:  58% (48305/83283)Updating files:  59% (49137/83283)Updating files:  60% (49970/83283)Updating files:  61% (50803/83283)Updating files:  61% (51314/83283)Updating files:  62% (51636/83283)Updating files:  63% (52469/83283)Updating files:  64% (53302/83283)Updating files:  65% (54134/83283)Updating files:  66% (54967/83283)Updating files:  67% (55800/83283)Updating files:  68% (56633/83283)Updating files:  69% (57466/83283)Updating files:  70% (58299/83283)Updating files:  71% (59131/83283)Updating files:  72% (59964/83283)Updating files:  73% (60797/83283)Updating files:  74% (61630/83283)Updating files:  75% (62463/83283)Updating files:  76% (63296/83283)Updating files:  77% (64128/83283)Updating files:  77% (64605/83283)Updating files:  78% (64961/83283)Updating files:  79% (65794/83283)Updating files:  80% (66627/83283)Updating files:  81% (67460/83283)Updating files:  82% (68293/83283)Updating files:  83% (69125/83283)Updating files:  84% (69958/83283)Updating files:  85% (70791/83283)Updating files:  86% (71624/83283)Updating files:  87% (72457/83283)Updating files:  88% (73290/83283)Updating files:  89% (74122/83283)Updating files:  90% (74955/83283)Updating files:  91% (75788/83283)Updating files:  92% (76621/83283)Updating files:  93% (77454/83283)Updating files:  94% (78287/83283)Updating files:  95% (79119/83283)Updating files:  96% (79952/83283)Updating files:  96% (80122/83283)Updating files:  97% (80785/83283)Updating files:  98% (81618/83283)Updating files:  99% (82451/83283)Updating files: 100% (83283/83283)Updating files: 100% (83283/83283), done.
#24 DONE 28.1s

#25 [21/22] RUN git clone --depth=1 -b main https://github.com/p4tc-dev/new-nipa.git nipa
#25 0.323 Cloning into 'nipa'...
#25 DONE 0.7s

#26 [22/22] COPY entrypoint.sh /entrypoint.sh
#26 DONE 0.0s

#27 exporting to image
#27 exporting layers
#27 exporting layers 7.1s done
#27 writing image sha256:e7d9e0aa570bca2bc0d29ee113eff1cffd5e506186bd65a6b4d4e4f44475cd11 done
#27 naming to docker.io/library/nipa-executor done
#27 DONE 7.1s
=== >>> DEBUG KERNEL <<< ===
NIPA version: 1b9c21a (ui: set canvas background color to stand out, 2024-03-28)
INFO: Last run date: 2024-05-16 03:00:08.332694+00:00
Testing  {'branch': 'net-next-2024-05-16--06-00', 'date': '2024-05-16T06:00:20.482086+00:00', 'base': '621cde16e49b3ecf7d59a8106a20aaebfb4a59a9', 'url': 'https://github.com/linux-netdev/testing.git net-next-2024-05-16--06-00'}
Updating files:  41% (7271/17419)Updating files:  42% (7316/17419)Updating files:  43% (7491/17419)Updating files:  44% (7665/17419)Updating files:  45% (7839/17419)Updating files:  46% (8013/17419)Updating files:  47% (8187/17419)Updating files:  48% (8362/17419)Updating files:  49% (8536/17419)Updating files:  50% (8710/17419)Updating files:  51% (8884/17419)Updating files:  52% (9058/17419)Updating files:  53% (9233/17419)Updating files:  54% (9407/17419)Updating files:  55% (9581/17419)Updating files:  56% (9755/17419)Updating files:  57% (9929/17419)Updating files:  58% (10104/17419)Updating files:  59% (10278/17419)Updating files:  60% (10452/17419)Updating files:  61% (10626/17419)Updating files:  62% (10800/17419)Updating files:  63% (10974/17419)Updating files:  64% (11149/17419)Updating files:  65% (11323/17419)Updating files:  66% (11497/17419)Updating files:  67% (11671/17419)Updating files:  68% (11845/17419)Updating files:  69% (12020/17419)Updating files:  70% (12194/17419)Updating files:  71% (12368/17419)Updating files:  72% (12542/17419)Updating files:  73% (12716/17419)Updating files:  74% (12891/17419)Updating files:  75% (13065/17419)Updating files:  76% (13239/17419)Updating files:  77% (13413/17419)Updating files:  78% (13587/17419)Updating files:  79% (13762/17419)Updating files:  80% (13936/17419)Updating files:  81% (14110/17419)Updating files:  82% (14284/17419)Updating files:  82% (14453/17419)Updating files:  83% (14458/17419)Updating files:  84% (14632/17419)Updating files:  85% (14807/17419)Updating files:  86% (14981/17419)Updating files:  87% (15155/17419)Updating files:  88% (15329/17419)Updating files:  89% (15503/17419)Updating files:  90% (15678/17419)Updating files:  91% (15852/17419)Updating files:  92% (16026/17419)Updating files:  93% (16200/17419)Updating files:  94% (16374/17419)Updating files:  95% (16549/17419)Updating files:  96% (16723/17419)Updating files:  97% (16897/17419)Updating files:  98% (17071/17419)Updating files:  99% (17245/17419)Updating files: 100% (17419/17419)Updating files: 100% (17419/17419), done.
branch 'net-next-2024-05-16--06-00' set up to track 'origin/net-next-2024-05-16--06-00'.
Switched to a new branch 'net-next-2024-05-16--06-00'
error: No valid patches in input (allow with "--allow-empty")
Checking patch tools/testing/selftests/tc-testing/tdc_config.py...
Applied patch tools/testing/selftests/tc-testing/tdc_config.py cleanly.
Run at 2024-05-16 06:23:47.591211
INFO: building kernel
INFO: starting VM 0
INFO: thr0-0 VM starting: vng -v -r arch/x86/boot/bzImage --user root --rwdir=/nipa-data/kernel/
INFO: thr0-0 expecting prompt: '/nipa-data/kernel# '
INFO: thr0-0 reached initial prompt
INFO: thr-0 testing == tdc.sh
INFO: thr-0 tdc.sh >> retcode: 0 result: pass found {'fail': False, 'skip': False, 'pass': True}
INFO: thr-0 has no more work, exiting
INFO: thr0-0 VM stopped
Done at 2024-05-16 06:28:32.990785
NIPA quitting!
/
~/nipa/tc-executor/tc-executor-storage /
sort: write failed: 'standard output': Broken pipe
sort: write error
