~/nipa/tc-executor/tc-executor-storage /
Switched to branch 'storage-dbg'
Your branch is ahead of 'origin/storage-dbg' by 528 commits.
  (use "git push" to publish your local commits)
/
~/nipa/tc-executor /
Error response from daemon: No such image: nipa-executor:latest
#0 building with "default" instance using docker driver

#1 [internal] load .dockerignore
#1 transferring context: 2B done
#1 DONE 0.0s

#2 [internal] load build definition from Dockerfile
#2 transferring dockerfile: 2.05kB done
#2 DONE 0.0s

#3 [internal] load metadata for docker.io/library/alpine:edge
#3 DONE 0.0s

#4 [ 1/22] FROM docker.io/library/alpine:edge
#4 CACHED

#5 [internal] load build context
#5 transferring context: 3.02kB done
#5 DONE 0.0s

#6 [ 2/22] RUN echo true > debug-mode
#6 DONE 0.5s

#7 [ 3/22] RUN addgroup -g 1001 hostuser
#7 DONE 0.4s

#8 [ 4/22] RUN adduser -u 1001 -G hostuser -H -D -s /bin/ash hostuser
#8 DONE 0.5s

#9 [ 5/22] RUN echo '@testing http://dl-cdn.alpinelinux.org/alpine/edge/testing' >> /etc/apk/repositories
#9 DONE 0.4s

#10 [ 6/22] RUN echo '@community http://dl-cdn.alpinelinux.org/alpine/edge/community' >> /etc/apk/repositories
#10 DONE 0.4s

#11 [ 7/22] RUN apk update && apk add --no-cache    virtme-ng@testing    git    py3-requests    py3-psutil    py3-setuptools    py3-pyroute2    py3-argcomplete    qemu-system-x86_64@community    scapy@community    make    gcc    musl-dev    flex    bison    linux-headers    elfutils-dev    util-linux    coreutils    diffutils    findutils    file    bash    kmod    perl    iptables-dev    libcap-dev    libmnl-dev    iproute2     jq    libbpf-dev    rsync    openssl-dev
#11 0.371 fetch https://dl-cdn.alpinelinux.org/alpine/edge/main/x86_64/APKINDEX.tar.gz
#11 0.657 fetch https://dl-cdn.alpinelinux.org/alpine/edge/community/x86_64/APKINDEX.tar.gz
#11 0.861 fetch http://dl-cdn.alpinelinux.org/alpine/edge/testing/x86_64/APKINDEX.tar.gz
#11 1.074 fetch http://dl-cdn.alpinelinux.org/alpine/edge/community/x86_64/APKINDEX.tar.gz
#11 1.306 v20240329-2336-g6771ce934f9 [https://dl-cdn.alpinelinux.org/alpine/edge/main]
#11 1.306 v20240329-2332-ga7c768a208e [https://dl-cdn.alpinelinux.org/alpine/edge/community]
#11 1.306 v20240329-2321-ga011b2ad29a [http://dl-cdn.alpinelinux.org/alpine/edge/testing]
#11 1.306 v20240329-2332-ga7c768a208e [http://dl-cdn.alpinelinux.org/alpine/edge/community]
#11 1.306 OK: 31185 distinct packages available
#11 1.361 fetch https://dl-cdn.alpinelinux.org/alpine/edge/main/x86_64/APKINDEX.tar.gz
#11 1.459 fetch https://dl-cdn.alpinelinux.org/alpine/edge/community/x86_64/APKINDEX.tar.gz
#11 1.542 fetch http://dl-cdn.alpinelinux.org/alpine/edge/testing/x86_64/APKINDEX.tar.gz
#11 1.642 fetch http://dl-cdn.alpinelinux.org/alpine/edge/community/x86_64/APKINDEX.tar.gz
#11 1.897 (1/176) Upgrading musl (1.2.4_git20230717-r5 -> 1.2.5-r0)
#11 1.924 (2/176) Upgrading libcrypto3 (3.1.4-r2 -> 3.3.0-r1)
#11 1.957 (3/176) Upgrading libssl3 (3.1.4-r2 -> 3.3.0-r1)
#11 1.975 (4/176) Upgrading zlib (1.3-r2 -> 1.3.1-r1)
#11 1.993 (5/176) Installing ncurses-terminfo-base (6.4_p20240330-r0)
#11 2.007 (6/176) Installing libncursesw (6.4_p20240330-r0)
#11 2.024 (7/176) Installing readline (8.2.10-r0)
#11 2.038 (8/176) Installing bash (5.2.26-r0)
#11 2.058 Executing bash-5.2.26-r0.post-install
#11 2.060 (9/176) Installing m4 (1.4.19-r3)
#11 2.076 (10/176) Installing bison (3.8.2-r1)
#11 2.096 (11/176) Installing coreutils-env (9.5-r1)
#11 2.108 (12/176) Installing coreutils-fmt (9.5-r1)
#11 2.120 (13/176) Installing coreutils-sha512sum (9.5-r1)
#11 2.132 (14/176) Installing libacl (2.3.2-r0)
#11 2.144 (15/176) Installing libattr (2.5.2-r0)
#11 2.155 (16/176) Installing skalibs (2.14.1.1-r0)
#11 2.168 (17/176) Installing utmps-libs (0.1.2.2-r1)
#11 2.180 (18/176) Installing coreutils (9.5-r1)
#11 2.205 (19/176) Installing diffutils (3.10-r0)
#11 2.219 (20/176) Installing zstd-libs (1.5.6-r0)
#11 2.237 (21/176) Installing libelf (0.191-r0)
#11 2.250 (22/176) Installing libbz2 (1.0.8-r6)
#11 2.262 (23/176) Installing musl-fts (1.2.7-r6)
#11 2.274 (24/176) Installing xz-libs (5.6.1-r3)
#11 2.287 (25/176) Installing libdw (0.191-r0)
#11 2.303 (26/176) Installing libasm (0.191-r0)
#11 2.315 (27/176) Installing xz (5.6.1-r3)
#11 2.329 (28/176) Installing pkgconf (2.2.0-r0)
#11 2.343 (29/176) Installing xz-dev (5.6.1-r3)
#11 2.357 (30/176) Installing libgcc (13.2.1_git20240309-r0)
#11 2.370 (31/176) Installing libstdc++ (13.2.1_git20240309-r0)
#11 2.392 (32/176) Installing zstd (1.5.6-r0)
#11 2.408 (33/176) Installing zstd-dev (1.5.6-r0)
#11 2.421 (34/176) Installing zlib-dev (1.3.1-r1)
#11 2.433 (35/176) Installing elfutils-dev (0.191-r0)
#11 2.456 (36/176) Installing libmagic (5.45-r1)
#11 2.486 (37/176) Installing file (5.45-r1)
#11 2.497 (38/176) Installing findutils (4.9.0-r5)
#11 2.512 (39/176) Installing flex (2.6.4-r6)
#11 2.526 (40/176) Installing jansson (2.14-r4)
#11 2.538 (41/176) Installing binutils (2.42-r0)
#11 2.591 (42/176) Installing libgomp (13.2.1_git20240309-r0)
#11 2.607 (43/176) Installing libatomic (13.2.1_git20240309-r0)
#11 2.618 (44/176) Installing gmp (6.3.0-r0)
#11 2.634 (45/176) Installing isl26 (0.26-r1)
#11 2.660 (46/176) Installing mpfr4 (4.2.1-r0)
#11 2.677 (47/176) Installing mpc1 (1.3.1-r1)
#11 2.690 (48/176) Installing gcc (13.2.1_git20240309-r0)
#11 3.166 (49/176) Installing ca-certificates (20240226-r0)
#11 3.188 (50/176) Installing brotli-libs (1.1.0-r2)
#11 3.207 (51/176) Installing c-ares (1.28.1-r0)
#11 3.219 (52/176) Installing libunistring (1.2-r0)
#11 3.239 (53/176) Installing libidn2 (2.3.7-r0)
#11 3.253 (54/176) Installing nghttp2-libs (1.61.0-r0)
#11 3.266 (55/176) Installing libpsl (0.21.5-r1)
#11 3.278 (56/176) Installing libcurl (8.7.1-r0)
#11 3.295 (57/176) Installing libexpat (2.6.2-r0)
#11 3.308 (58/176) Installing pcre2 (10.43-r0)
#11 3.324 (59/176) Installing git (2.44.0-r2)
#11 3.372 (60/176) Installing git-init-template (2.44.0-r2)
#11 3.384 (61/176) Installing libcap2 (2.69-r1)
#11 3.396 (62/176) Installing libmnl (1.0.5-r2)
#11 3.408 (63/176) Installing iproute2-minimal (6.8.0-r0)
#11 3.424 (64/176) Installing libxtables (1.8.10-r3)
#11 3.436 (65/176) Installing iproute2-tc (6.8.0-r0)
#11 3.452 (66/176) Installing iproute2-ss (6.8.0-r0)
#11 3.465 (67/176) Installing iproute2 (6.8.0-r0)
#11 3.479 Executing iproute2-6.8.0-r0.post-install
#11 3.483 (68/176) Installing linux-headers (6.6-r0)
#11 3.562 (69/176) Installing libip4tc (1.8.10-r3)
#11 3.575 (70/176) Installing libip6tc (1.8.10-r3)
#11 3.587 (71/176) Installing libipq (1.8.10-r3)
#11 3.599 (72/176) Installing iptables-dev (1.8.10-r3)
#11 3.612 (73/176) Installing oniguruma (6.9.9-r0)
#11 3.628 (74/176) Installing jq (1.7.1-r0)
#11 3.647 (75/176) Installing kmod (32-r0)
#11 3.660 (76/176) Installing libbpf (1.4.0-r0)
#11 3.677 (77/176) Installing libbpf-dev (1.4.0-r0)
#11 3.695 (78/176) Installing libcap-dev (2.69-r1)
#11 3.707 (79/176) Installing libmnl-dev (1.0.5-r2)
#11 3.719 (80/176) Installing make (4.4.1-r2)
#11 3.733 (81/176) Installing musl-dev (1.2.5-r0)
#11 3.786 (82/176) Installing openssl-dev (3.3.0-r1)
#11 3.812 (83/176) Installing perl (5.38.2-r0)
#11 4.005 (84/176) Installing perl-error (0.17029-r2)
#11 4.017 (85/176) Installing perl-git (2.44.0-r2)
#11 4.029 (86/176) Installing git-perl (2.44.0-r2)
#11 4.041 (87/176) Installing libffi (3.4.6-r0)
#11 4.053 (88/176) Installing gdbm (1.23-r1)
#11 4.066 (89/176) Installing mpdecimal (4.0.0-r0)
#11 4.081 (90/176) Installing libpanelw (6.4_p20240330-r0)
#11 4.093 (91/176) Installing sqlite-libs (3.45.3-r0)
#11 4.114 (92/176) Installing python3 (3.12.3-r1)
#11 4.242 (93/176) Installing python3-pycache-pyc0 (3.12.3-r1)
#11 4.330 (94/176) Installing pyc (3.12.3-r1)
#11 4.341 (95/176) Installing py3-argcomplete-pyc (3.3.0-r0)
#11 4.354 (96/176) Installing python3-pyc (3.12.3-r1)
#11 4.366 (97/176) Installing py3-argcomplete (3.3.0-r0)
#11 4.380 (98/176) Installing py3-psutil (5.9.8-r1)
#11 4.394 (99/176) Installing py3-psutil-pyc (5.9.8-r1)
#11 4.409 (100/176) Installing py3-pyroute2 (0.7.12-r1)
#11 4.440 (101/176) Installing py3-pyroute2-pyc (0.7.12-r1)
#11 4.474 (102/176) Installing py3-certifi (2024.2.2-r1)
#11 4.486 (103/176) Installing py3-certifi-pyc (2024.2.2-r1)
#11 4.497 (104/176) Installing py3-charset-normalizer (3.3.2-r1)
#11 4.511 (105/176) Installing py3-charset-normalizer-pyc (3.3.2-r1)
#11 4.525 (106/176) Installing py3-idna (3.7-r0)
#11 4.540 (107/176) Installing py3-idna-pyc (3.7-r0)
#11 4.554 (108/176) Installing py3-urllib3 (1.26.18-r1)
#11 4.571 (109/176) Installing py3-urllib3-pyc (1.26.18-r1)
#11 4.588 (110/176) Installing py3-requests (2.31.0-r2)
#11 4.602 (111/176) Installing py3-requests-pyc (2.31.0-r2)
#11 4.616 (112/176) Installing py3-parsing (3.1.2-r1)
#11 4.631 (113/176) Installing py3-parsing-pyc (3.1.2-r1)
#11 4.647 (114/176) Installing py3-packaging (24.0-r1)
#11 4.661 (115/176) Installing py3-packaging-pyc (24.0-r1)
#11 4.683 (116/176) Installing py3-setuptools (69.5.1-r0)
#11 4.722 (117/176) Installing py3-setuptools-pyc (69.5.1-r0)
#11 4.767 (118/176) Installing libcap-ng (0.8.4-r0)
#11 4.779 (119/176) Installing libintl (0.22.5-r0)
#11 4.791 (120/176) Installing libeconf (0.6.2-r0)
#11 4.803 (121/176) Installing libblkid (2.40-r2)
#11 4.817 (122/176) Installing libmount (2.40-r2)
#11 4.831 (123/176) Installing glib (2.80.0-r3)
#11 4.870 (124/176) Installing numactl (2.0.18-r0)
#11 4.882 (125/176) Installing qemu (8.2.2-r0)
#11 4.897 Executing qemu-8.2.2-r0.pre-install
#11 4.971 Executing qemu-8.2.2-r0.post-install
#11 4.973 *
#11 4.973 * If you want to run VM as unprivileged user and let Qemu create tunX devices,
#11 4.973 * then you must add that user to the group "qemu".
#11 4.973 * If you use KVM for hardware-assisted virtualization, then you may also need
#11 4.973 * to add that user to the group "kvm".
#11 4.973 *
#11 4.973 (126/176) Installing qemu-bridge-helper (8.2.2-r0)
#11 4.991 (127/176) Installing libaio (0.3.113-r2)
#11 5.002 (128/176) Installing capstone (5.0.1-r4)
#11 5.032 (129/176) Installing nettle (3.9.1-r0)
#11 5.048 (130/176) Installing libtasn1 (4.19.0-r2)
#11 5.061 (131/176) Installing p11-kit (0.25.3-r0)
#11 5.079 (132/176) Installing gnutls (3.8.3-r0)
#11 5.102 (133/176) Installing libjpeg-turbo (3.0.2-r0)
#11 5.118 (134/176) Installing lzo (2.10-r5)
#11 5.132 (135/176) Installing pixman (0.43.2-r0)
#11 5.147 (136/176) Installing libpng (1.6.43-r0)
#11 5.161 (137/176) Installing libsasl (2.1.28-r6)
#11 5.175 (138/176) Installing libseccomp (2.5.5-r1)
#11 5.190 (139/176) Installing libslirp (4.7.0-r0)
#11 5.203 (140/176) Installing snappy (1.1.10-r2)
#11 5.215 (141/176) Installing liburing (2.5-r1)
#11 5.227 (142/176) Installing vde2-libs (2.3.3-r3)
#11 5.239 (143/176) Installing qemu-system-x86_64 (8.2.2-r0)
#11 5.343 (144/176) Installing lz4-libs (1.9.4-r5)
#11 5.356 (145/176) Installing popt (1.19-r3)
#11 5.368 (146/176) Installing libxxhash (0.8.2-r2)
#11 5.380 (147/176) Installing rsync (3.3.0-r0)
#11 5.396 (148/176) Installing scapy (2.5.0-r3)
#11 5.447 Executing scapy-2.5.0-r3.post-install
#11 5.449 *
#11 5.449 * Certain optional features of scapy also depend on the following packages:
#11 5.449 *     py3-matplotlib graphviz imagemagick py3-cryptography sox
#11 5.449 * And the following unpackaged dependencies:
#11 5.449 *     pyxi vpython-jupyter nmap<v4.23
#11 5.449 * More information can be found at https://scapy.readthedocs.io/en/latest/installation.html#optional-dependencies
#11 5.449 *
#11 5.449 (149/176) Installing scapy-pyc (2.5.0-r3)
#11 5.511 (150/176) Installing util-linux (2.40-r2)
#11 5.523 (151/176) Installing setarch (2.40-r2)
#11 5.535 (152/176) Installing libuuid (2.40-r2)
#11 5.567 (153/176) Installing libfdisk (2.40-r2)
#11 5.581 (154/176) Installing libsmartcols (2.40-r2)
#11 5.594 (155/176) Installing util-linux-misc (2.40-r2)
#11 5.624 (156/176) Installing linux-pam (1.6.0-r0)
#11 5.643 (157/176) Installing runuser (2.40-r2)
#11 5.655 (158/176) Installing mount (2.40-r2)
#11 5.667 (159/176) Installing losetup (2.40-r2)
#11 5.679 (160/176) Installing hexdump (2.40-r2)
#11 5.693 (161/176) Installing uuidgen (2.40-r2)
#11 5.705 (162/176) Installing blkid (2.40-r2)
#11 5.717 (163/176) Installing sfdisk (2.40-r2)
#11 5.730 (164/176) Installing mcookie (2.40-r2)
#11 5.742 (165/176) Installing agetty (2.40-r2)
#11 5.754 (166/176) Installing wipefs (2.40-r2)
#11 5.766 (167/176) Installing cfdisk (2.40-r2)
#11 5.779 (168/176) Installing umount (2.40-r2)
#11 5.790 (169/176) Installing flock (2.40-r2)
#11 5.803 (170/176) Installing lsblk (2.40-r2)
#11 5.815 (171/176) Installing setpriv (2.40-r2)
#11 5.827 (172/176) Installing logger (2.40-r2)
#11 5.839 (173/176) Installing partx (2.40-r2)
#11 5.852 (174/176) Installing fstrim (2.40-r2)
#11 5.864 (175/176) Installing findmnt (2.40-r2)
#11 5.876 (176/176) Installing virtme-ng@testing (1.23-r1)
#11 5.931 Executing busybox-1.36.1-r17.trigger
#11 5.935 Executing ca-certificates-20240226-r0.trigger
#11 5.956 Executing glib-2.80.0-r3.trigger
#11 5.962 OK: 383 MiB in 187 packages
#11 DONE 6.3s

#12 [ 8/22] RUN mkdir -p /tmp/kernel-patches &&     mkdir -p /tmp/iproute2-patches
#12 DONE 0.4s

#13 [ 9/22] COPY tdc.config /tmp
#13 DONE 0.0s

#14 [10/22] COPY tdc-debug.config /tmp
#14 DONE 0.0s

#15 [11/22] COPY kernel-patches /tmp/kernel-patches/
#15 DONE 0.1s

#16 [12/22] COPY iproute2-patches /tmp/iproute2-patches/
#16 DONE 0.0s

#17 [13/22] COPY configs /tmp/configs/
#17 DONE 0.0s

#18 [14/22] RUN git config --global user.email foo@bar.com
#18 DONE 0.4s

#19 [15/22] RUN git config --global user.name foo@bar.com
#19 DONE 0.4s

#20 [16/22] RUN git clone https://git.kernel.org/pub/scm/network/iproute2/iproute2-next.git /nipa-data/iproute2
#20 0.408 Cloning into '/nipa-data/iproute2'...
#20 DONE 1.9s

#21 [17/22] RUN cd /nipa-data/iproute2 && 	git remote add stable https://git.kernel.org/pub/scm/network/iproute2/iproute2.git && 	git fetch --all && 	git merge stable/main
#21 0.373 Fetching origin
#21 0.658 Fetching stable
#21 1.124 From https://git.kernel.org/pub/scm/network/iproute2/iproute2
#21 1.124  * [new branch]        codeql         -> stable/codeql
#21 1.124  * [new branch]        iproute2-4.1.x -> stable/iproute2-4.1.x
#21 1.124  * [new branch]        main           -> stable/main
#21 1.157 Auto-merging ip/iplink.c
#21 1.157 Auto-merging man/man8/ip-link.8.in
#21 1.171 Merge made by the 'ort' strategy.
#21 1.174  ip/iplink.c           | 2 +-
#21 1.174  man/man8/ip-link.8.in | 2 +-
#21 1.174  2 files changed, 2 insertions(+), 2 deletions(-)
#21 DONE 1.2s

#22 [18/22] RUN if [ "$(find /tmp/iproute2-patches/ -name *.patch)" ]; then  	cd /nipa-data/iproute2; 	git apply /tmp/iproute2-patches/*.patch;     fi
#22 DONE 0.4s

#23 [19/22] RUN cd /nipa-data/iproute2/ &&     ./configure &&     make
#23 0.379 TC schedulers
#23 0.380  IPT	using xtables
#23 0.406  IPSET  yes
#23 0.426 
#23 0.427 lib directory: /usr/lib
#23 0.427 libc has setns: yes
#23 0.447 libc has name_to_handle_at: yes
#23 0.472 SELinux support: no
#23 0.473 libtirpc support: no
#23 0.474 libbpf support: yes
#23 0.537 	libbpf version 1.4.0
#23 0.537 ELF support: yes
#23 0.538 libmnl support: yes
#23 0.540 Berkeley DB: no
#23 0.550 need for strlcpy: no
#23 0.571 libcap support: yes
#23 0.572 color output: never
#23 0.575 
#23 0.575 lib
#23 0.576     CC       libgenl.o
#23 0.589 In file included from ../include/libgenl.h:5,
#23 0.589                  from libgenl.c:12:
#23 0.589 ../include/libnetlink.h: In function 'rta_getattr_be64':
#23 0.589 ../include/libnetlink.h:280:16: warning: implicit declaration of function 'htobe64' [-Wimplicit-function-declaration]
#23 0.589   280 |         return htobe64(rta_getattr_u64(rta));
#23 0.589       |                ^~~~~~~
#23 0.616     CC       libnetlink.o
#23 0.909     CC       mnl_utils.o
#23 0.922 In file included from mnl_utils.c:12:
#23 0.922 ../include/libnetlink.h: In function 'rta_getattr_be64':
#23 0.922 ../include/libnetlink.h:280:16: warning: implicit declaration of function 'htobe64' [-Wimplicit-function-declaration]
#23 0.922   280 |         return htobe64(rta_getattr_u64(rta));
#23 0.922       |                ^~~~~~~
#23 0.987     AR       libnetlink.a
#23 0.989     CC       utils.o
#23 1.353     CC       utils_math.o
#23 1.391     CC       rt_names.o
#23 1.555     CC       ll_map.o
#23 1.567 In file included from ll_map.c:17:
#23 1.567 ../include/libnetlink.h: In function 'rta_getattr_be64':
#23 1.567 ../include/libnetlink.h:280:16: warning: implicit declaration of function 'htobe64' [-Wimplicit-function-declaration]
#23 1.567   280 |         return htobe64(rta_getattr_u64(rta));
#23 1.567       |                ^~~~~~~
#23 1.642     CC       ll_types.o
#23 1.655 In file included from ll_types.c:20:
#23 1.655 ../include/uapi/linux/sockios.h:42: warning: "SIOCGSTAMP" redefined
#23 1.655    42 | #define SIOCGSTAMP      SIOCGSTAMP_OLD
#23 1.655       | 
#23 1.655 In file included from /usr/include/sys/ioctl.h:10,
#23 1.655                  from ll_types.c:12:
#23 1.655 /usr/include/bits/ioctl.h:111: note: this is the location of the previous definition
#23 1.655   111 | #define SIOCGSTAMP      0x8906
#23 1.655       | 
#23 1.655 ../include/uapi/linux/sockios.h:43: warning: "SIOCGSTAMPNS" redefined
#23 1.655    43 | #define SIOCGSTAMPNS    SIOCGSTAMPNS_OLD
#23 1.655       | 
#23 1.655 /usr/include/bits/ioctl.h:112: note: this is the location of the previous definition
#23 1.655   112 | #define SIOCGSTAMPNS    0x8907
#23 1.655       | 
#23 1.671     CC       ll_proto.o
#23 1.682 In file included from ll_proto.c:21:
#23 1.682 ../include/uapi/linux/sockios.h:42: warning: "SIOCGSTAMP" redefined
#23 1.682    42 | #define SIOCGSTAMP      SIOCGSTAMP_OLD
#23 1.682       | 
#23 1.682 In file included from /usr/include/sys/ioctl.h:10,
#23 1.682                  from ll_proto.c:13:
#23 1.682 /usr/include/bits/ioctl.h:111: note: this is the location of the previous definition
#23 1.682   111 | #define SIOCGSTAMP      0x8906
#23 1.682       | 
#23 1.682 ../include/uapi/linux/sockios.h:43: warning: "SIOCGSTAMPNS" redefined
#23 1.682    43 | #define SIOCGSTAMPNS    SIOCGSTAMPNS_OLD
#23 1.682       | 
#23 1.682 /usr/include/bits/ioctl.h:112: note: this is the location of the previous definition
#23 1.682   112 | #define SIOCGSTAMPNS    0x8907
#23 1.682       | 
#23 1.695     CC       ll_addr.o
#23 1.707 In file included from ll_addr.c:20:
#23 1.707 ../include/uapi/linux/sockios.h:42: warning: "SIOCGSTAMP" redefined
#23 1.707    42 | #define SIOCGSTAMP      SIOCGSTAMP_OLD
#23 1.707       | 
#23 1.707 In file included from /usr/include/sys/ioctl.h:10,
#23 1.707                  from ll_addr.c:12:
#23 1.707 /usr/include/bits/ioctl.h:111: note: this is the location of the previous definition
#23 1.707   111 | #define SIOCGSTAMP      0x8906
#23 1.707       | 
#23 1.707 ../include/uapi/linux/sockios.h:43: warning: "SIOCGSTAMPNS" redefined
#23 1.707    43 | #define SIOCGSTAMPNS    SIOCGSTAMPNS_OLD
#23 1.707       | 
#23 1.707 /usr/include/bits/ioctl.h:112: note: this is the location of the previous definition
#23 1.707   112 | #define SIOCGSTAMPNS    0x8907
#23 1.707       | 
#23 1.733     CC       inet_proto.o
#23 1.760     CC       namespace.o
#23 1.814     CC       json_writer.o
#23 1.892     CC       json_print.o
#23 2.004     CC       json_print_math.o
#23 2.035     CC       names.o
#23 2.078     CC       color.o
#23 2.115     CC       bpf_legacy.o
#23 2.449     CC       bpf_glue.o
#23 2.482     CC       exec.o
#23 2.509     CC       fs.o
#23 2.570     CC       cg_map.o
#23 2.602     CC       ppp_proto.o
#23 2.623     CC       bpf_libbpf.o
#23 2.698     CC       selinux.o
#23 2.716     CC       ax25_ntop.o
#23 2.746     CC       rose_ntop.o
#23 2.758 In file included from rose_ntop.c:16:
#23 2.758 ../include/uapi/linux/sockios.h:42: warning: "SIOCGSTAMP" redefined
#23 2.758    42 | #define SIOCGSTAMP      SIOCGSTAMP_OLD
#23 2.758       | 
#23 2.758 In file included from /usr/include/sys/ioctl.h:10,
#23 2.758                  from rose_ntop.c:7:
#23 2.758 /usr/include/bits/ioctl.h:111: note: this is the location of the previous definition
#23 2.758   111 | #define SIOCGSTAMP      0x8906
#23 2.758       | 
#23 2.758 ../include/uapi/linux/sockios.h:43: warning: "SIOCGSTAMPNS" redefined
#23 2.758    43 | #define SIOCGSTAMPNS    SIOCGSTAMPNS_OLD
#23 2.758       | 
#23 2.758 /usr/include/bits/ioctl.h:112: note: this is the location of the previous definition
#23 2.758   112 | #define SIOCGSTAMPNS    0x8907
#23 2.758       | 
#23 2.773     CC       mpls_ntop.o
#23 2.798     CC       mpls_pton.o
#23 2.824     CC       netrom_ntop.o
#23 2.850     AR       libutil.a
#23 2.854 
#23 2.854 ip
#23 2.856     CC       ip.o
#23 2.922     CC       ipaddress.o
#23 2.935 In file included from ipaddress.c:26:
#23 2.935 ../include/uapi/linux/sockios.h:42: warning: "SIOCGSTAMP" redefined
#23 2.935    42 | #define SIOCGSTAMP      SIOCGSTAMP_OLD
#23 2.935       | 
#23 2.935 In file included from /usr/include/sys/ioctl.h:10,
#23 2.935                  from ipaddress.c:14:
#23 2.935 /usr/include/bits/ioctl.h:111: note: this is the location of the previous definition
#23 2.935   111 | #define SIOCGSTAMP      0x8906
#23 2.935       | 
#23 2.935 ../include/uapi/linux/sockios.h:43: warning: "SIOCGSTAMPNS" redefined
#23 2.935    43 | #define SIOCGSTAMPNS    SIOCGSTAMPNS_OLD
#23 2.935       | 
#23 2.935 /usr/include/bits/ioctl.h:112: note: this is the location of the previous definition
#23 2.935   112 | #define SIOCGSTAMPNS    0x8907
#23 2.935       | 
#23 3.347     CC       ipaddrlabel.o
#23 3.410     CC       iproute.o
#23 3.891     CC       iprule.o
#23 4.080     CC       ipnetns.o
#23 4.286     CC       rtm_map.o
#23 4.320     CC       iptunnel.o
#23 4.332 In file included from ../include/uapi/linux/if_tunnel.h:6,
#23 4.332                  from iptunnel.c:19:
#23 4.332 ../include/uapi/linux/if.h:134: warning: "IFF_VOLATILE" redefined
#23 4.332   134 | #define IFF_VOLATILE    (IFF_LOOPBACK|IFF_POINTOPOINT|IFF_BROADCAST|IFF_ECHO|\
#23 4.332       | 
#23 4.332 In file included from iptunnel.c:16:
#23 4.332 /usr/include/net/if.h:48: note: this is the location of the previous definition
#23 4.332    48 | #define IFF_VOLATILE (IFF_LOOPBACK|IFF_POINTOPOINT|IFF_BROADCAST| \
#23 4.332       | 
#23 4.469     CC       ip6tunnel.o
#23 4.582     CC       tunnel.o
#23 4.677     CC       ipneigh.o
#23 4.821     CC       ipntable.o
#23 4.937     CC       iplink.o
#23 5.198     CC       ipmaddr.o
#23 5.210 In file included from ipmaddr.c:21:
#23 5.210 ../include/uapi/linux/sockios.h:42: warning: "SIOCGSTAMP" redefined
#23 5.210    42 | #define SIOCGSTAMP      SIOCGSTAMP_OLD
#23 5.210       | 
#23 5.210 In file included from /usr/include/sys/ioctl.h:10,
#23 5.210                  from ipmaddr.c:12:
#23 5.210 /usr/include/bits/ioctl.h:111: note: this is the location of the previous definition
#23 5.210   111 | #define SIOCGSTAMP      0x8906
#23 5.210       | 
#23 5.210 ../include/uapi/linux/sockios.h:43: warning: "SIOCGSTAMPNS" redefined
#23 5.210    43 | #define SIOCGSTAMPNS    SIOCGSTAMPNS_OLD
#23 5.210       | 
#23 5.210 /usr/include/bits/ioctl.h:112: note: this is the location of the previous definition
#23 5.210   112 | #define SIOCGSTAMPNS    0x8907
#23 5.210       | 
#23 5.289     CC       ipmonitor.o
#23 5.365     CC       ipmroute.o
#23 5.377 In file included from ipmroute.c:22:
#23 5.377 ../include/uapi/linux/sockios.h:42: warning: "SIOCGSTAMP" redefined
#23 5.377    42 | #define SIOCGSTAMP      SIOCGSTAMP_OLD
#23 5.377       | 
#23 5.377 In file included from /usr/include/sys/ioctl.h:10,
#23 5.377                  from ipmroute.c:13:
#23 5.377 /usr/include/bits/ioctl.h:111: note: this is the location of the previous definition
#23 5.377   111 | #define SIOCGSTAMP      0x8906
#23 5.377       | 
#23 5.377 ../include/uapi/linux/sockios.h:43: warning: "SIOCGSTAMPNS" redefined
#23 5.377    43 | #define SIOCGSTAMPNS    SIOCGSTAMPNS_OLD
#23 5.377       | 
#23 5.377 /usr/include/bits/ioctl.h:112: note: this is the location of the previous definition
#23 5.377   112 | #define SIOCGSTAMPNS    0x8907
#23 5.377       | 
#23 5.435     CC       ipprefix.o
#23 5.464     CC       iptuntap.o
#23 5.580     CC       iptoken.o
#23 5.633     CC       ipxfrm.o
#23 5.929     CC       xfrm_state.o
#23 6.176     CC       xfrm_policy.o
#23 6.393     CC       xfrm_monitor.o
#23 6.479     CC       iplink_dummy.o
#23 6.506     CC       iplink_ifb.o
#23 6.528     CC       iplink_nlmon.o
#23 6.550     CC       iplink_team.o
#23 6.574     CC       iplink_vcan.o
#23 6.601     CC       iplink_vxcan.o
#23 6.632     CC       iplink_vlan.o
#23 6.700     CC       link_veth.o
#23 6.734     CC       link_gre.o
#23 6.745 In file included from ../include/uapi/linux/if_tunnel.h:6,
#23 6.745                  from link_gre.c:15:
#23 6.745 ../include/uapi/linux/if.h:134: warning: "IFF_VOLATILE" redefined
#23 6.745   134 | #define IFF_VOLATILE    (IFF_LOOPBACK|IFF_POINTOPOINT|IFF_BROADCAST|IFF_ECHO|\
#23 6.745       | 
#23 6.745 In file included from link_gre.c:9:
#23 6.745 /usr/include/net/if.h:48: note: this is the location of the previous definition
#23 6.745    48 | #define IFF_VOLATILE (IFF_LOOPBACK|IFF_POINTOPOINT|IFF_BROADCAST| \
#23 6.745       | 
#23 6.860     CC       iplink_can.o
#23 7.011     CC       iplink_xdp.o
#23 7.068     CC       iplink_macvlan.o
#23 7.134     CC       ipl2tp.o
#23 7.312     CC       link_vti.o
#23 7.322 In file included from ../include/uapi/linux/if_tunnel.h:6,
#23 7.322                  from link_vti.c:16:
#23 7.322 ../include/uapi/linux/if.h:134: warning: "IFF_VOLATILE" redefined
#23 7.322   134 | #define IFF_VOLATILE    (IFF_LOOPBACK|IFF_POINTOPOINT|IFF_BROADCAST|IFF_ECHO|\
#23 7.322       | 
#23 7.322 In file included from link_vti.c:10:
#23 7.322 /usr/include/net/if.h:48: note: this is the location of the previous definition
#23 7.322    48 | #define IFF_VOLATILE (IFF_LOOPBACK|IFF_POINTOPOINT|IFF_BROADCAST| \
#23 7.322       | 
#23 7.369     CC       link_vti6.o
#23 7.380 In file included from ../include/uapi/linux/if_tunnel.h:6,
#23 7.380                  from link_vti6.c:17:
#23 7.380 ../include/uapi/linux/if.h:134: warning: "IFF_VOLATILE" redefined
#23 7.380   134 | #define IFF_VOLATILE    (IFF_LOOPBACK|IFF_POINTOPOINT|IFF_BROADCAST|IFF_ECHO|\
#23 7.380       | 
#23 7.380 In file included from link_vti6.c:11:
#23 7.380 /usr/include/net/if.h:48: note: this is the location of the previous definition
#23 7.380    48 | #define IFF_VOLATILE (IFF_LOOPBACK|IFF_POINTOPOINT|IFF_BROADCAST| \
#23 7.380       | 
#23 7.437     CC       link_xfrm.o
#23 7.473     CC       iplink_vxlan.o
#23 7.647     CC       tcp_metrics.o
#23 7.750     CC       iplink_ipoib.o
#23 7.793     CC       ipnetconf.o
#23 7.848     CC       link_ip6tnl.o
#23 7.859 In file included from ../include/uapi/linux/if_tunnel.h:6,
#23 7.859                  from link_ip6tnl.c:15:
#23 7.859 ../include/uapi/linux/if.h:134: warning: "IFF_VOLATILE" redefined
#23 7.859   134 | #define IFF_VOLATILE    (IFF_LOOPBACK|IFF_POINTOPOINT|IFF_BROADCAST|IFF_ECHO|\
#23 7.859       | 
#23 7.859 In file included from link_ip6tnl.c:9:
#23 7.859 /usr/include/net/if.h:48: note: this is the location of the previous definition
#23 7.859    48 | #define IFF_VOLATILE (IFF_LOOPBACK|IFF_POINTOPOINT|IFF_BROADCAST| \
#23 7.859       | 
#23 7.948     CC       link_iptnl.o
#23 7.958 In file included from ../include/uapi/linux/if_tunnel.h:6,
#23 7.958                  from link_iptnl.c:16:
#23 7.958 ../include/uapi/linux/if.h:134: warning: "IFF_VOLATILE" redefined
#23 7.958   134 | #define IFF_VOLATILE    (IFF_LOOPBACK|IFF_POINTOPOINT|IFF_BROADCAST|IFF_ECHO|\
#23 7.958       | 
#23 7.958 In file included from link_iptnl.c:9:
#23 7.958 /usr/include/net/if.h:48: note: this is the location of the previous definition
#23 7.958    48 | #define IFF_VOLATILE (IFF_LOOPBACK|IFF_POINTOPOINT|IFF_BROADCAST| \
#23 7.958       | 
#23 8.046     CC       link_gre6.o
#23 8.057 In file included from ../include/uapi/linux/if_tunnel.h:6,
#23 8.057                  from link_gre6.c:15:
#23 8.057 ../include/uapi/linux/if.h:134: warning: "IFF_VOLATILE" redefined
#23 8.057   134 | #define IFF_VOLATILE    (IFF_LOOPBACK|IFF_POINTOPOINT|IFF_BROADCAST|IFF_ECHO|\
#23 8.057       | 
#23 8.057 In file included from link_gre6.c:9:
#23 8.057 /usr/include/net/if.h:48: note: this is the location of the previous definition
#23 8.057    48 | #define IFF_VOLATILE (IFF_LOOPBACK|IFF_POINTOPOINT|IFF_BROADCAST| \
#23 8.057       | 
#23 8.191     CC       iplink_bond.o
#23 8.369     CC       iplink_bond_slave.o
#23 8.420     CC       iplink_hsr.o
#23 8.464     CC       iplink_bridge.o
#23 8.618     CC       iplink_bridge_slave.o
#23 8.717     CC       iplink_dsa.o
#23 8.749     CC       ipfou.o
#23 8.761 In file included from ../include/libgenl.h:5,
#23 8.761                  from ipfou.c:18:
#23 8.761 ../include/libnetlink.h: In function 'rta_getattr_be64':
#23 8.762 ../include/libnetlink.h:280:16: warning: implicit declaration of function 'htobe64' [-Wimplicit-function-declaration]
#23 8.762   280 |         return htobe64(rta_getattr_u64(rta));
#23 8.762       |                ^~~~~~~
#23 8.842     CC       iplink_ipvlan.o
#23 8.883     CC       iplink_geneve.o
#23 8.975     CC       iplink_vrf.o
#23 9.036     CC       iproute_lwtunnel.o
#23 9.449     CC       ipmacsec.o
#23 9.713     CC       ipila.o
#23 9.726 In file included from ../include/libgenl.h:5,
#23 9.726                  from ipila.c:18:
#23 9.726 ../include/libnetlink.h: In function 'rta_getattr_be64':
#23 9.727 ../include/libnetlink.h:280:16: warning: implicit declaration of function 'htobe64' [-Wimplicit-function-declaration]
#23 9.727   280 |         return htobe64(rta_getattr_u64(rta));
#23 9.727       |                ^~~~~~~
#23 9.790     CC       ipvrf.o
#23 9.899     CC       iplink_xstats.o
#23 9.928     CC       ipseg6.o
#23 9.979     CC       iplink_netdevsim.o
#23 10.00     CC       iplink_rmnet.o
#23 10.03     CC       ipnexthop.o
#23 10.29     CC       ipmptcp.o
#23 10.42     CC       iplink_bareudp.o
#23 10.43 In file included from iplink_bareudp.c:9:
#23 10.43 ../include/libnetlink.h: In function 'rta_getattr_be64':
#23 10.43 ../include/libnetlink.h:280:16: warning: implicit declaration of function 'htobe64' [-Wimplicit-function-declaration]
#23 10.43   280 |         return htobe64(rta_getattr_u64(rta));
#23 10.43       |                ^~~~~~~
#23 10.46     CC       iplink_wwan.o
#23 10.49     CC       ipioam6.o
#23 10.56     CC       iplink_amt.o
#23 10.62     CC       iplink_batadv.o
#23 10.64     CC       iplink_gtp.o
#23 10.69     CC       iplink_virt_wifi.o
#23 10.71     CC       iplink_netkit.o
#23 10.75     CC       ipstats.o
#23 10.95     LINK     ip
#23 10.99     CC       rtmon.o
#23 11.04     LINK     rtmon
#23 11.06 
#23 11.06 tc
#23 11.06     CC       tc.o
#23 11.14     CC       tc_qdisc.o
#23 11.25     CC       tc_class.o
#23 11.36     CC       tc_filter.o
#23 11.52     CC       tc_util.o
#23 11.70     CC       tc_monitor.o
#23 11.74     CC       tc_exec.o
#23 11.78     CC       m_police.o
#23 11.87     CC       m_estimator.o
#23 11.90     CC       m_action.o
#23 12.07     CC       m_ematch.o
#23 12.20     YACC     emp_ematch.tab.c
#23 12.27     CC       emp_ematch.tab.o
#23 12.38     LEX      emp_ematch.lex.c
#23 12.39     CC       emp_ematch.lex.o
#23 12.57     CC       q_fifo.o
#23 12.60     CC       q_sfq.o
#23 12.69     CC       q_red.o
#23 12.76     CC       q_prio.o
#23 12.80     CC       q_skbprio.o
#23 12.83     CC       q_tbf.o
#23 12.92     CC       q_multiq.o
#23 12.95     CC       q_netem.o
#23 13.16     CC       q_choke.o
#23 13.22     CC       q_sfb.o
#23 13.28     CC       f_u32.o
#23 13.54     CC       f_route.o
#23 13.59     CC       f_fw.o
#23 13.64     CC       f_basic.o
#23 13.69     CC       f_bpf.o
#23 13.77     CC       f_flow.o
#23 13.86     CC       f_cgroup.o
#23 13.90     CC       f_flower.o
#23 13.91 In file included from ../include/uapi/linux/netdevice.h:29,
#23 13.91                  from ../include/uapi/linux/if_arp.h:27,
#23 13.91                  from f_flower.c:14:
#23 13.91 ../include/uapi/linux/if.h:134: warning: "IFF_VOLATILE" redefined
#23 13.91   134 | #define IFF_VOLATILE    (IFF_LOOPBACK|IFF_POINTOPOINT|IFF_BROADCAST|IFF_ECHO|\
#23 13.91       | 
#23 13.91 In file included from f_flower.c:12:
#23 13.91 /usr/include/net/if.h:48: note: this is the location of the previous definition
#23 13.91    48 | #define IFF_VOLATILE (IFF_LOOPBACK|IFF_POINTOPOINT|IFF_BROADCAST| \
#23 13.91       | 
#23 14.41     CC       q_gred.o
#23 14.51     CC       q_ingress.o
#23 14.54     CC       q_hfsc.o
#23 14.63     CC       q_htb.o
#23 14.72     CC       q_drr.o
#23 14.76     CC       q_qfq.o
#23 14.80     CC       m_gact.o
#23 14.85     CC       m_mirred.o
#23 14.92     CC       m_mpls.o
#23 14.99     CC       m_nat.o
#23 15.05     CC       m_pedit.o
#23 15.18     CC       m_ife.o
#23 15.28     CC       m_skbedit.o
#23 15.34     CC       m_skbmod.o
#23 15.41     CC       m_csum.o
#23 15.47     CC       m_simple.o
#23 15.52     CC       m_vlan.o
#23 15.58     CC       m_connmark.o
#23 15.62     CC       m_ctinfo.o
#23 15.68     CC       m_bpf.o
#23 15.73     CC       m_tunnel_key.o
#23 15.86     CC       m_sample.o
#23 15.90     CC       m_ct.o
#23 16.01     CC       m_gate.o
#23 16.11     CC       p_ip.o
#23 16.15     CC       p_ip6.o
#23 16.18     CC       p_icmp.o
#23 16.21     CC       p_eth.o
#23 16.24     CC       p_tcp.o
#23 16.27     CC       p_udp.o
#23 16.31     CC       em_nbyte.o
#23 16.35     CC       em_cmp.o
#23 16.41     CC       em_u32.o
#23 16.45     CC       em_canid.o
#23 16.50     CC       em_meta.o
#23 16.63     CC       q_mqprio.o
#23 16.76     CC       q_codel.o
#23 16.81     CC       q_fq_codel.o
#23 16.88     CC       q_fq.o
#23 17.00     CC       q_pie.o
#23 17.06     CC       q_fq_pie.o
#23 17.12     CC       q_cake.o
#23 17.33     CC       q_hhf.o
#23 17.38     CC       q_clsact.o
#23 17.40     CC       e_bpf.o
#23 17.46     CC       f_matchall.o
#23 17.51     CC       q_cbs.o
#23 17.55     CC       q_etf.o
#23 17.60     CC       q_taprio.o
#23 17.72     CC       q_plug.o
#23 17.75     CC       q_ets.o
#23 17.82     CC       em_ipt.o
#23 17.84 In file included from tc_util.h:7,
#23 17.84                  from m_ematch.h:11,
#23 17.84                  from em_ipt.c:13:
#23 17.84 ../include/uapi/linux/if.h:134: warning: "IFF_VOLATILE" redefined
#23 17.84   134 | #define IFF_VOLATILE    (IFF_LOOPBACK|IFF_POINTOPOINT|IFF_BROADCAST|IFF_ECHO|\
#23 17.84       | 
#23 17.84 In file included from ../include/xtables.h:17,
#23 17.84                  from em_ipt.c:12:
#23 17.84 /usr/include/net/if.h:48: note: this is the location of the previous definition
#23 17.84    48 | #define IFF_VOLATILE (IFF_LOOPBACK|IFF_POINTOPOINT|IFF_BROADCAST| \
#23 17.84       | 
#23 17.87     CC       em_ipset.o
#23 17.89 In file included from tc_util.h:7,
#23 17.89                  from m_ematch.h:11,
#23 17.89                  from em_ipset.c:39:
#23 17.89 ../include/uapi/linux/if.h:134: warning: "IFF_VOLATILE" redefined
#23 17.89   134 | #define IFF_VOLATILE    (IFF_LOOPBACK|IFF_POINTOPOINT|IFF_BROADCAST|IFF_ECHO|\
#23 17.89       | 
#23 17.89 In file included from ../include/xtables.h:17,
#23 17.89                  from em_ipset.c:23:
#23 17.89 /usr/include/net/if.h:48: note: this is the location of the previous definition
#23 17.89    48 | #define IFF_VOLATILE (IFF_LOOPBACK|IFF_POINTOPOINT|IFF_BROADCAST| \
#23 17.89       | 
#23 17.92     CC       tc_core.o
#23 17.99     CC       tc_red.o
#23 18.03     CC       tc_estimator.o
#23 18.06     CC       tc_stab.o
#23 18.12     CC       tc_qevent.o
#23 18.14 In file included from tc_qevent.h:7,
#23 18.14                  from tc_qevent.c:10:
#23 18.14 ../include/libnetlink.h: In function 'rta_getattr_be64':
#23 18.14 ../include/libnetlink.h:280:16: warning: implicit declaration of function 'htobe64' [-Wimplicit-function-declaration]
#23 18.14   280 |         return htobe64(rta_getattr_u64(rta));
#23 18.14       |                ^~~~~~~
#23 18.18     AR       libtc.a
#23 18.19     LINK     tc
#23 18.22 rm emp_ematch.lex.c
#23 18.22 
#23 18.22 bridge
#23 18.22     CC       bridge.o
#23 18.27     CC       fdb.o
#23 18.28 In file included from fdb.c:28:
#23 18.28 ../include/libnetlink.h: In function 'rta_getattr_be64':
#23 18.28 ../include/libnetlink.h:280:16: warning: implicit declaration of function 'htobe64' [-Wimplicit-function-declaration]
#23 18.28   280 |         return htobe64(rta_getattr_u64(rta));
#23 18.28       |                ^~~~~~~
#23 18.45     CC       monitor.o
#23 18.49     CC       link.o
#23 18.51 In file included from link.c:16:
#23 18.51 ../include/libnetlink.h: In function 'rta_getattr_be64':
#23 18.51 ../include/libnetlink.h:280:16: warning: implicit declaration of function 'htobe64' [-Wimplicit-function-declaration]
#23 18.51   280 |         return htobe64(rta_getattr_u64(rta));
#23 18.51       |                ^~~~~~~
#23 18.64     CC       mdb.o
#23 18.66 In file included from mdb.c:20:
#23 18.66 ../include/libnetlink.h: In function 'rta_getattr_be64':
#23 18.66 ../include/libnetlink.h:280:16: warning: implicit declaration of function 'htobe64' [-Wimplicit-function-declaration]
#23 18.66   280 |         return htobe64(rta_getattr_u64(rta));
#23 18.66       |                ^~~~~~~
#23 18.84     CC       vlan.o
#23 18.86 In file included from vlan.c:14:
#23 18.86 ../include/json_print.h:80:30: warning: 'struct timeval' declared inside parameter list will not be visible outside of this definition or declaration
#23 18.86    80 | _PRINT_FUNC(tv, const struct timeval *)
#23 18.86       |                              ^~~~~~~
#23 18.86 ../include/json_print.h:50:37: note: in definition of macro '_PRINT_FUNC'
#23 18.86    50 |                                     type value);                        \
#23 18.86       |                                     ^~~~
#23 18.86 ../include/json_print.h:80:30: warning: 'struct timeval' declared inside parameter list will not be visible outside of this definition or declaration
#23 18.86    80 | _PRINT_FUNC(tv, const struct timeval *)
#23 18.86       |                              ^~~~~~~
#23 18.86 ../include/json_print.h:55:45: note: in definition of macro '_PRINT_FUNC'
#23 18.86    55 |                                             type value)                 \
#23 18.86       |                                             ^~~~
#23 18.86 ../include/json_print.h: In function 'print_tv':
#23 18.86 ../include/json_print.h:58:48: warning: passing argument 5 of 'print_color_tv' from incompatible pointer type [-Wincompatible-pointer-types]
#23 18.86    58 |                                                value);                  \
#23 18.86       |                                                ^~~~~
#23 18.86       |                                                |
#23 18.86       |                                                const struct timeval *
#23 18.86 ../include/json_print.h:80:1: note: in expansion of macro '_PRINT_FUNC'
#23 18.86    80 | _PRINT_FUNC(tv, const struct timeval *)
#23 18.86       | ^~~~~~~~~~~
#23 18.86 ../include/json_print.h:50:42: note: expected 'const struct timeval *' but argument is of type 'const struct timeval *'
#23 18.86    50 |                                     type value);                        \
#23 18.86       |                                          ^
#23 18.86 ../include/json_print.h:80:1: note: in expansion of macro '_PRINT_FUNC'
#23 18.86    80 | _PRINT_FUNC(tv, const struct timeval *)
#23 18.86       | ^~~~~~~~~~~
#23 18.86 In file included from vlan.c:15:
#23 18.86 ../include/libnetlink.h: In function 'rta_getattr_be64':
#23 18.86 ../include/libnetlink.h:280:16: warning: implicit declaration of function 'htobe64' [-Wimplicit-function-declaration]
#23 18.86   280 |         return htobe64(rta_getattr_u64(rta));
#23 18.86       |                ^~~~~~~
#23 19.08     CC       vni.o
#23 19.10 In file included from vni.c:19:
#23 19.10 ../include/json_print.h:80:30: warning: 'struct timeval' declared inside parameter list will not be visible outside of this definition or declaration
#23 19.10    80 | _PRINT_FUNC(tv, const struct timeval *)
#23 19.10       |                              ^~~~~~~
#23 19.10 ../include/json_print.h:50:37: note: in definition of macro '_PRINT_FUNC'
#23 19.10    50 |                                     type value);                        \
#23 19.10       |                                     ^~~~
#23 19.10 ../include/json_print.h:80:30: warning: 'struct timeval' declared inside parameter list will not be visible outside of this definition or declaration
#23 19.10    80 | _PRINT_FUNC(tv, const struct timeval *)
#23 19.10       |                              ^~~~~~~
#23 19.10 ../include/json_print.h:55:45: note: in definition of macro '_PRINT_FUNC'
#23 19.10    55 |                                             type value)                 \
#23 19.10       |                                             ^~~~
#23 19.10 ../include/json_print.h: In function 'print_tv':
#23 19.10 ../include/json_print.h:58:48: warning: passing argument 5 of 'print_color_tv' from incompatible pointer type [-Wincompatible-pointer-types]
#23 19.10    58 |                                                value);                  \
#23 19.10       |                                                ^~~~~
#23 19.10       |                                                |
#23 19.10       |                                                const struct timeval *
#23 19.10 ../include/json_print.h:80:1: note: in expansion of macro '_PRINT_FUNC'
#23 19.10    80 | _PRINT_FUNC(tv, const struct timeval *)
#23 19.10       | ^~~~~~~~~~~
#23 19.10 ../include/json_print.h:50:42: note: expected 'const struct timeval *' but argument is of type 'const struct timeval *'
#23 19.10    50 |                                     type value);                        \
#23 19.10       |                                          ^
#23 19.10 ../include/json_print.h:80:1: note: in expansion of macro '_PRINT_FUNC'
#23 19.10    80 | _PRINT_FUNC(tv, const struct timeval *)
#23 19.10       | ^~~~~~~~~~~
#23 19.10 In file included from vni.c:20:
#23 19.10 ../include/libnetlink.h: In function 'rta_getattr_be64':
#23 19.10 ../include/libnetlink.h:280:16: warning: implicit declaration of function 'htobe64' [-Wimplicit-function-declaration]
#23 19.10   280 |         return htobe64(rta_getattr_u64(rta));
#23 19.10       |                ^~~~~~~
#23 19.17     LINK     bridge
#23 19.18 
#23 19.18 misc
#23 19.19     CC       ss.o
#23 19.21 In file included from ../include/uapi/linux/tipc.h:42,
#23 19.21                  from ss.c:49:
#23 19.21 ../include/uapi/linux/sockios.h:42: warning: "SIOCGSTAMP" redefined
#23 19.21    42 | #define SIOCGSTAMP      SIOCGSTAMP_OLD
#23 19.21       | 
#23 19.21 In file included from /usr/include/sys/ioctl.h:10,
#23 19.21                  from ss.c:12:
#23 19.21 /usr/include/bits/ioctl.h:111: note: this is the location of the previous definition
#23 19.21   111 | #define SIOCGSTAMP      0x8906
#23 19.21       | 
#23 19.21 ../include/uapi/linux/sockios.h:43: warning: "SIOCGSTAMPNS" redefined
#23 19.21    43 | #define SIOCGSTAMPNS    SIOCGSTAMPNS_OLD
#23 19.21       | 
#23 19.21 /usr/include/bits/ioctl.h:112: note: this is the location of the previous definition
#23 19.21   112 | #define SIOCGSTAMPNS    0x8907
#23 19.21       | 
#23 20.11     CC       ssfilter_check.o
#23 20.13 In file included from ssfilter_check.c:6:
#23 20.13 ../include/libnetlink.h: In function 'rta_getattr_be64':
#23 20.13 ../include/libnetlink.h:280:16: warning: implicit declaration of function 'htobe64' [-Wimplicit-function-declaration]
#23 20.13   280 |         return htobe64(rta_getattr_u64(rta));
#23 20.13       |                ^~~~~~~
#23 20.14     YACC     ssfilter.tab.c
#23 20.21     CC       ssfilter.tab.o
#23 20.32     LINK     ss
#23 20.33     CC       nstat
#23 20.34 In file included from nstat.c:20:
#23 20.34 /usr/include/sys/poll.h:1:2: warning: #warning redirecting incorrect #include <sys/poll.h> to <poll.h> [-Wcpp]
#23 20.34     1 | #warning redirecting incorrect #include <sys/poll.h> to <poll.h>
#23 20.34       |  ^~~~~~~
#23 20.47     CC       ifstat
#23 20.48 In file included from ifstat.c:20:
#23 20.48 /usr/include/sys/poll.h:1:2: warning: #warning redirecting incorrect #include <sys/poll.h> to <poll.h> [-Wcpp]
#23 20.48     1 | #warning redirecting incorrect #include <sys/poll.h> to <poll.h>
#23 20.48       |  ^~~~~~~
#23 20.49 In file included from ifstat.c:30:
#23 20.49 ../include/libnetlink.h: In function 'rta_getattr_be64':
#23 20.49 ../include/libnetlink.h:280:16: warning: implicit declaration of function 'htobe64' [-Wimplicit-function-declaration]
#23 20.49   280 |         return htobe64(rta_getattr_u64(rta));
#23 20.49       |                ^~~~~~~
#23 20.65     CC       rtacct
#23 20.66 In file included from rtacct.c:19:
#23 20.66 /usr/include/sys/poll.h:1:2: warning: #warning redirecting incorrect #include <sys/poll.h> to <poll.h> [-Wcpp]
#23 20.66     1 | #warning redirecting incorrect #include <sys/poll.h> to <poll.h>
#23 20.66       |  ^~~~~~~
#23 20.80     CC       lnstat.o
#23 20.87     CC       lnstat_util.o
#23 20.93     LINK     lnstat
#23 20.94 
#23 20.94 netem
#23 20.94 gcc  -I../include -o maketable maketable.c -lm
#23 20.98 gcc  -I../include -o normal normal.c -lm
#23 21.00 gcc  -I../include -o pareto pareto.c -lm
#23 21.03 gcc  -I../include -o paretonormal paretonormal.c -lm
#23 21.06 ./normal > normal.dist
#23 21.07 ./pareto > pareto.dist
#23 21.07 ./paretonormal > paretonormal.dist
#23 21.08 ./maketable experimental.dat > experimental.dist
#23 21.08 
#23 21.08 genl
#23 21.08     CC       genl.o
#23 21.12     CC       ctrl.o
#23 21.20     LINK     genl
#23 21.21 
#23 21.21 man
#23 21.22 make[2]: Nothing to be done for 'all'.
#23 21.22 make[2]: Nothing to be done for 'all'.
#23 21.22 sed \
#23 21.22 	-e "s|@NETNS_ETC_DIR@|/etc/netns|g" \
#23 21.22 	-e "s|@NETNS_RUN_DIR@|/var/run/netns|g" \
#23 21.22 	-e "s|@SYSCONF_ETC_DIR@|/etc/iproute2|g" \
#23 21.22 	-e "s|@SYSCONF_USR_DIR@|/usr/share/iproute2|g" \
#23 21.22 	ip-address.8.in > ip-address.8
#23 21.22 sed \
#23 21.22 	-e "s|@NETNS_ETC_DIR@|/etc/netns|g" \
#23 21.22 	-e "s|@NETNS_RUN_DIR@|/var/run/netns|g" \
#23 21.22 	-e "s|@SYSCONF_ETC_DIR@|/etc/iproute2|g" \
#23 21.22 	-e "s|@SYSCONF_USR_DIR@|/usr/share/iproute2|g" \
#23 21.22 	ip-link.8.in > ip-link.8
#23 21.23 sed \
#23 21.23 	-e "s|@NETNS_ETC_DIR@|/etc/netns|g" \
#23 21.23 	-e "s|@NETNS_RUN_DIR@|/var/run/netns|g" \
#23 21.23 	-e "s|@SYSCONF_ETC_DIR@|/etc/iproute2|g" \
#23 21.23 	-e "s|@SYSCONF_USR_DIR@|/usr/share/iproute2|g" \
#23 21.23 	ip-netns.8.in > ip-netns.8
#23 21.23 sed \
#23 21.23 	-e "s|@NETNS_ETC_DIR@|/etc/netns|g" \
#23 21.23 	-e "s|@NETNS_RUN_DIR@|/var/run/netns|g" \
#23 21.23 	-e "s|@SYSCONF_ETC_DIR@|/etc/iproute2|g" \
#23 21.23 	-e "s|@SYSCONF_USR_DIR@|/usr/share/iproute2|g" \
#23 21.23 	ip-route.8.in > ip-route.8
#23 21.23 
#23 21.23 tipc
#23 21.23     CC       bearer.o
#23 21.42     CC       cmdl.o
#23 21.47     CC       link.o
#23 21.68     CC       media.o
#23 21.73     CC       misc.o
#23 21.80     CC       msg.o
#23 21.82     CC       nametable.o
#23 21.86     CC       node.o
#23 21.94     CC       socket.o
#23 21.98     CC       peer.o
#23 22.03     CC       tipc.o
#23 22.06     LINK     tipc
#23 22.07 
#23 22.07 devlink
#23 22.08     CC       devlink.o
#23 23.82     CC       mnlg.o
#23 23.83 In file included from mnlg.c:16:
#23 23.83 ../include/libnetlink.h: In function 'rta_getattr_be64':
#23 23.83 ../include/libnetlink.h:280:16: warning: implicit declaration of function 'htobe64' [-Wimplicit-function-declaration]
#23 23.83   280 |         return htobe64(rta_getattr_u64(rta));
#23 23.83       |                ^~~~~~~
#23 23.86     LINK     devlink
#23 23.88 
#23 23.88 rdma
#23 23.88     CC       rdma.o
#23 23.90 rdma.c: In function 'main':
#23 23.90 rdma.c:110:20: warning: implicit declaration of function 'basename'; did you mean 'rename'? [-Wimplicit-function-declaration]
#23 23.90   110 |         filename = basename(argv[0]);
#23 23.90       |                    ^~~~~~~~
#23 23.90       |                    rename
#23 23.90 rdma.c:110:18: warning: assignment to 'char *' from 'int' makes pointer from integer without a cast [-Wint-conversion]
#23 23.90   110 |         filename = basename(argv[0]);
#23 23.90       |                  ^
#23 23.92     CC       utils.o
#23 24.10     CC       dev.o
#23 24.17     CC       link.o
#23 24.24     CC       res.o
#23 24.35     CC       res-pd.o
#23 24.39     CC       res-mr.o
#23 24.44     CC       res-cq.o
#23 24.49     CC       res-cmid.o
#23 24.56     CC       res-qp.o
#23 24.62     CC       sys.o
#23 24.67     CC       stat.o
#23 24.92     CC       stat-mr.o
#23 24.96     CC       res-ctx.o
#23 25.00     CC       res-srq.o
#23 25.06     LINK     rdma
#23 25.08 
#23 25.08 dcb
#23 25.08     CC       dcb.o
#23 25.10 In file included from ../include/namespace.h:10,
#23 25.10                  from dcb.c:11:
#23 25.10 ../include/libnetlink.h: In function 'rta_getattr_be64':
#23 25.10 ../include/libnetlink.h:280:16: warning: implicit declaration of function 'htobe64' [-Wimplicit-function-declaration]
#23 25.10   280 |         return htobe64(rta_getattr_u64(rta));
#23 25.10       |                ^~~~~~~
#23 25.21     CC       dcb_app.o
#23 25.40     CC       dcb_buffer.o
#23 25.46     CC       dcb_dcbx.o
#23 25.50     CC       dcb_ets.o
#23 25.59     CC       dcb_maxrate.o
#23 25.64     CC       dcb_pfc.o
#23 25.70     CC       dcb_apptrust.o
#23 25.76     CC       dcb_rewr.o
#23 25.85     LINK     dcb
#23 25.86 
#23 25.86 vdpa
#23 25.86     CC       vdpa.o
#23 25.87 In file included from vdpa.c:19:
#23 25.87 ../include/json_print.h:80:30: warning: 'struct timeval' declared inside parameter list will not be visible outside of this definition or declaration
#23 25.87    80 | _PRINT_FUNC(tv, const struct timeval *)
#23 25.87       |                              ^~~~~~~
#23 25.87 ../include/json_print.h:50:37: note: in definition of macro '_PRINT_FUNC'
#23 25.87    50 |                                     type value);                        \
#23 25.87       |                                     ^~~~
#23 25.87 ../include/json_print.h:80:30: warning: 'struct timeval' declared inside parameter list will not be visible outside of this definition or declaration
#23 25.87    80 | _PRINT_FUNC(tv, const struct timeval *)
#23 25.87       |                              ^~~~~~~
#23 25.87 ../include/json_print.h:55:45: note: in definition of macro '_PRINT_FUNC'
#23 25.87    55 |                                             type value)                 \
#23 25.87       |                                             ^~~~
#23 25.87 ../include/json_print.h: In function 'print_tv':
#23 25.87 ../include/json_print.h:58:48: warning: passing argument 5 of 'print_color_tv' from incompatible pointer type [-Wincompatible-pointer-types]
#23 25.87    58 |                                                value);                  \
#23 25.87       |                                                ^~~~~
#23 25.87       |                                                |
#23 25.87       |                                                const struct timeval *
#23 25.87 ../include/json_print.h:80:1: note: in expansion of macro '_PRINT_FUNC'
#23 25.87    80 | _PRINT_FUNC(tv, const struct timeval *)
#23 25.87       | ^~~~~~~~~~~
#23 25.87 ../include/json_print.h:50:42: note: expected 'const struct timeval *' but argument is of type 'const struct timeval *'
#23 25.87    50 |                                     type value);                        \
#23 25.87       |                                          ^
#23 25.87 ../include/json_print.h:80:1: note: in expansion of macro '_PRINT_FUNC'
#23 25.87    80 | _PRINT_FUNC(tv, const struct timeval *)
#23 25.87       | ^~~~~~~~~~~
#23 26.02     LINK     vdpa
#23 DONE 26.1s

#24 [20/22] RUN git clone --no-single-branch --depth=1 https://github.com/linux-netdev/testing.git /nipa-data/kernel
#24 0.354 Cloning into '/nipa-data/kernel'...
#24 18.45 Updating files:  16% (13945/83283)Updating files:  17% (14159/83283)Updating files:  18% (14991/83283)Updating files:  19% (15824/83283)Updating files:  20% (16657/83283)Updating files:  21% (17490/83283)Updating files:  22% (18323/83283)Updating files:  23% (19156/83283)Updating files:  24% (19988/83283)Updating files:  25% (20821/83283)Updating files:  26% (21654/83283)Updating files:  27% (22487/83283)Updating files:  28% (23320/83283)Updating files:  29% (24153/83283)Updating files:  30% (24985/83283)Updating files:  31% (25818/83283)Updating files:  32% (26651/83283)Updating files:  33% (27484/83283)Updating files:  33% (28229/83283)Updating files:  34% (28317/83283)Updating files:  35% (29150/83283)Updating files:  36% (29982/83283)Updating files:  37% (30815/83283)Updating files:  38% (31648/83283)Updating files:  39% (32481/83283)Updating files:  40% (33314/83283)Updating files:  40% (33593/83283)Updating files:  41% (34147/83283)Updating files:  42% (34979/83283)Updating files:  43% (35812/83283)Updating files:  44% (36645/83283)Updating files:  45% (37478/83283)Updating files:  46% (38311/83283)Updating files:  47% (39144/83283)Updating files:  48% (39976/83283)Updating files:  49% (40809/83283)Updating files:  50% (41642/83283)Updating files:  50% (41788/83283)Updating files:  51% (42475/83283)Updating files:  52% (43308/83283)Updating files:  53% (44140/83283)Updating files:  54% (44973/83283)Updating files:  55% (45806/83283)Updating files:  56% (46639/83283)Updating files:  57% (47472/83283)Updating files:  58% (48305/83283)Updating files:  59% (49137/83283)Updating files:  60% (49970/83283)Updating files:  61% (50803/83283)Updating files:  62% (51636/83283)Updating files:  63% (52469/83283)Updating files:  63% (52857/83283)Updating files:  64% (53302/83283)Updating files:  65% (54134/83283)Updating files:  66% (54967/83283)Updating files:  67% (55800/83283)Updating files:  68% (56633/83283)Updating files:  69% (57466/83283)Updating files:  70% (58299/83283)Updating files:  71% (59131/83283)Updating files:  72% (59964/83283)Updating files:  73% (60797/83283)Updating files:  74% (61630/83283)Updating files:  75% (62463/83283)Updating files:  76% (63296/83283)Updating files:  77% (64128/83283)Updating files:  78% (64961/83283)Updating files:  79% (65794/83283)Updating files:  80% (66627/83283)Updating files:  80% (67400/83283)Updating files:  81% (67460/83283)Updating files:  82% (68293/83283)Updating files:  83% (69125/83283)Updating files:  84% (69958/83283)Updating files:  85% (70791/83283)Updating files:  86% (71624/83283)Updating files:  87% (72457/83283)Updating files:  88% (73290/83283)Updating files:  89% (74122/83283)Updating files:  90% (74955/83283)Updating files:  91% (75788/83283)Updating files:  92% (76621/83283)Updating files:  93% (77454/83283)Updating files:  94% (78287/83283)Updating files:  95% (79119/83283)Updating files:  96% (79952/83283)Updating files:  97% (80785/83283)Updating files:  98% (81618/83283)Updating files:  99% (82451/83283)Updating files: 100% (83283/83283)Updating files: 100% (83283/83283), done.
#24 DONE 26.2s

#25 [21/22] RUN git clone --depth=1 -b main https://github.com/p4tc-dev/new-nipa.git nipa
#25 0.338 Cloning into 'nipa'...
#25 DONE 0.7s

#26 [22/22] COPY entrypoint.sh /entrypoint.sh
#26 DONE 0.0s

#27 exporting to image
#27 exporting layers
#27 exporting layers 7.8s done
#27 writing image sha256:03a9f9effe9d592068b7c5df93eec5279efec7a591bd999324d43d5da28e9a51 0.0s done
#27 naming to docker.io/library/nipa-executor 0.0s done
#27 DONE 7.9s
=== >>> DEBUG KERNEL <<< ===
NIPA version: 1b9c21a (ui: set canvas background color to stand out, 2024-03-28)
INFO: Last run date: 2024-04-24 03:00:13.446152+00:00
Testing  {'branch': 'net-next-2024-04-24--06-00', 'date': '2024-04-24T06:00:16.012184+00:00', 'base': '25ecabb2d3c886a5e1debd0a228f91777ee95bec', 'url': 'https://github.com/linux-netdev/testing.git net-next-2024-04-24--06-00'}
Updating files:  42% (6309/14984)Updating files:  43% (6444/14984)Updating files:  44% (6593/14984)Updating files:  45% (6743/14984)Updating files:  46% (6893/14984)Updating files:  47% (7043/14984)Updating files:  48% (7193/14984)Updating files:  49% (7343/14984)Updating files:  50% (7492/14984)Updating files:  51% (7642/14984)Updating files:  52% (7792/14984)Updating files:  53% (7942/14984)Updating files:  54% (8092/14984)Updating files:  55% (8242/14984)Updating files:  56% (8392/14984)Updating files:  57% (8541/14984)Updating files:  58% (8691/14984)Updating files:  59% (8841/14984)Updating files:  60% (8991/14984)Updating files:  61% (9141/14984)Updating files:  62% (9291/14984)Updating files:  63% (9440/14984)Updating files:  64% (9590/14984)Updating files:  65% (9740/14984)Updating files:  66% (9890/14984)Updating files:  67% (10040/14984)Updating files:  68% (10190/14984)Updating files:  69% (10339/14984)Updating files:  70% (10489/14984)Updating files:  71% (10639/14984)Updating files:  72% (10789/14984)Updating files:  73% (10939/14984)Updating files:  74% (11089/14984)Updating files:  75% (11238/14984)Updating files:  76% (11388/14984)Updating files:  77% (11538/14984)Updating files:  78% (11688/14984)Updating files:  79% (11838/14984)Updating files:  80% (11988/14984)Updating files:  81% (12138/14984)Updating files:  82% (12287/14984)Updating files:  82% (12433/14984)Updating files:  83% (12437/14984)Updating files:  84% (12587/14984)Updating files:  85% (12737/14984)Updating files:  86% (12887/14984)Updating files:  87% (13037/14984)Updating files:  88% (13186/14984)Updating files:  89% (13336/14984)Updating files:  90% (13486/14984)Updating files:  91% (13636/14984)Updating files:  92% (13786/14984)Updating files:  93% (13936/14984)Updating files:  94% (14085/14984)Updating files:  95% (14235/14984)Updating files:  96% (14385/14984)Updating files:  97% (14535/14984)Updating files:  98% (14685/14984)Updating files:  99% (14835/14984)Updating files: 100% (14984/14984)Updating files: 100% (14984/14984), done.
branch 'net-next-2024-04-24--06-00' set up to track 'origin/net-next-2024-04-24--06-00'.
Switched to a new branch 'net-next-2024-04-24--06-00'
error: No valid patches in input (allow with "--allow-empty")
Checking patch tools/testing/selftests/tc-testing/tdc_config.py...
Applied patch tools/testing/selftests/tc-testing/tdc_config.py cleanly.
Run at 2024-04-24 06:23:24.424062
INFO: building kernel
INFO: starting VM 0
INFO: thr0-0 VM starting: vng -v -r arch/x86/boot/bzImage --user root --rwdir=/nipa-data/kernel/
INFO: thr0-0 expecting prompt: '/nipa-data/kernel# '
INFO: thr0-0 reached initial prompt
INFO: thr-0 testing == tdc.sh
INFO: thr-0 tdc.sh >> retcode: 0 result: pass found {'fail': False, 'skip': False, 'pass': True}
INFO: thr-0 has no more work, exiting
INFO: thr0-0 VM stopped
Done at 2024-04-24 06:28:09.603305
NIPA quitting!
/
~/nipa/tc-executor/tc-executor-storage /
sort: write failed: 'standard output': Broken pipe
sort: write error
