~/nipa/tc-executor/tc-executor-storage /
Switched to branch 'storage-dbg'
Your branch is ahead of 'origin/storage-dbg' by 513 commits.
  (use "git push" to publish your local commits)
/
~/nipa/tc-executor /
Error response from daemon: No such image: nipa-executor:latest
#0 building with "default" instance using docker driver

#1 [internal] load .dockerignore
#1 transferring context: 2B done
#1 DONE 0.0s

#2 [internal] load build definition from Dockerfile
#2 transferring dockerfile: 2.05kB done
#2 DONE 0.0s

#3 [internal] load metadata for docker.io/library/alpine:edge
#3 DONE 0.0s

#4 [ 1/22] FROM docker.io/library/alpine:edge
#4 CACHED

#5 [internal] load build context
#5 transferring context: 3.02kB done
#5 DONE 0.0s

#6 [ 2/22] RUN echo true > debug-mode
#6 DONE 0.5s

#7 [ 3/22] RUN addgroup -g 1001 hostuser
#7 DONE 0.5s

#8 [ 4/22] RUN adduser -u 1001 -G hostuser -H -D -s /bin/ash hostuser
#8 DONE 0.4s

#9 [ 5/22] RUN echo '@testing http://dl-cdn.alpinelinux.org/alpine/edge/testing' >> /etc/apk/repositories
#9 DONE 0.4s

#10 [ 6/22] RUN echo '@community http://dl-cdn.alpinelinux.org/alpine/edge/community' >> /etc/apk/repositories
#10 DONE 0.4s

#11 [ 7/22] RUN apk update && apk add --no-cache    virtme-ng@testing    git    py3-requests    py3-psutil    py3-setuptools    py3-pyroute2    py3-argcomplete    qemu-system-x86_64@community    scapy@community    make    gcc    musl-dev    flex    bison    linux-headers    elfutils-dev    util-linux    coreutils    diffutils    findutils    file    bash    kmod    perl    iptables-dev    libcap-dev    libmnl-dev    iproute2     jq    libbpf-dev    rsync    openssl-dev
#11 0.344 fetch https://dl-cdn.alpinelinux.org/alpine/edge/main/x86_64/APKINDEX.tar.gz
#11 0.774 fetch https://dl-cdn.alpinelinux.org/alpine/edge/community/x86_64/APKINDEX.tar.gz
#11 1.175 fetch http://dl-cdn.alpinelinux.org/alpine/edge/testing/x86_64/APKINDEX.tar.gz
#11 1.386 fetch http://dl-cdn.alpinelinux.org/alpine/edge/community/x86_64/APKINDEX.tar.gz
#11 1.613 v20240329-2057-g6a5de8e3909 [https://dl-cdn.alpinelinux.org/alpine/edge/main]
#11 1.613 v20240329-2026-g6b829097859 [https://dl-cdn.alpinelinux.org/alpine/edge/community]
#11 1.613 v20240329-2026-g6b829097859 [http://dl-cdn.alpinelinux.org/alpine/edge/testing]
#11 1.613 v20240329-2026-g6b829097859 [http://dl-cdn.alpinelinux.org/alpine/edge/community]
#11 1.613 OK: 31127 distinct packages available
#11 1.670 fetch https://dl-cdn.alpinelinux.org/alpine/edge/main/x86_64/APKINDEX.tar.gz
#11 1.774 fetch https://dl-cdn.alpinelinux.org/alpine/edge/community/x86_64/APKINDEX.tar.gz
#11 1.879 fetch http://dl-cdn.alpinelinux.org/alpine/edge/testing/x86_64/APKINDEX.tar.gz
#11 1.969 fetch http://dl-cdn.alpinelinux.org/alpine/edge/community/x86_64/APKINDEX.tar.gz
#11 2.185 (1/176) Upgrading musl (1.2.4_git20230717-r5 -> 1.2.5-r0)
#11 2.202 (2/176) Upgrading libcrypto3 (3.1.4-r2 -> 3.3.0-r1)
#11 2.236 (3/176) Upgrading libssl3 (3.1.4-r2 -> 3.3.0-r1)
#11 2.252 (4/176) Upgrading zlib (1.3-r2 -> 1.3.1-r1)
#11 2.265 (5/176) Installing ncurses-terminfo-base (6.4_p20240330-r0)
#11 2.278 (6/176) Installing libncursesw (6.4_p20240330-r0)
#11 2.293 (7/176) Installing readline (8.2.10-r0)
#11 2.307 (8/176) Installing bash (5.2.26-r0)
#11 2.330 Executing bash-5.2.26-r0.post-install
#11 2.332 (9/176) Installing m4 (1.4.19-r3)
#11 2.346 (10/176) Installing bison (3.8.2-r1)
#11 2.366 (11/176) Installing coreutils-env (9.5-r1)
#11 2.378 (12/176) Installing coreutils-fmt (9.5-r1)
#11 2.390 (13/176) Installing coreutils-sha512sum (9.5-r1)
#11 2.401 (14/176) Installing libacl (2.3.2-r0)
#11 2.413 (15/176) Installing libattr (2.5.2-r0)
#11 2.424 (16/176) Installing skalibs (2.14.1.1-r0)
#11 2.438 (17/176) Installing utmps-libs (0.1.2.2-r1)
#11 2.449 (18/176) Installing coreutils (9.5-r1)
#11 2.473 (19/176) Installing diffutils (3.10-r0)
#11 2.487 (20/176) Installing zstd-libs (1.5.6-r0)
#11 2.504 (21/176) Installing libelf (0.191-r0)
#11 2.517 (22/176) Installing libbz2 (1.0.8-r6)
#11 2.529 (23/176) Installing musl-fts (1.2.7-r6)
#11 2.540 (24/176) Installing xz-libs (5.6.1-r3)
#11 2.554 (25/176) Installing libdw (0.191-r0)
#11 2.569 (26/176) Installing libasm (0.191-r0)
#11 2.581 (27/176) Installing xz (5.6.1-r3)
#11 2.594 (28/176) Installing pkgconf (2.2.0-r0)
#11 2.607 (29/176) Installing xz-dev (5.6.1-r3)
#11 2.621 (30/176) Installing libgcc (13.2.1_git20240309-r0)
#11 2.633 (31/176) Installing libstdc++ (13.2.1_git20240309-r0)
#11 2.659 (32/176) Installing zstd (1.5.6-r0)
#11 2.674 (33/176) Installing zstd-dev (1.5.6-r0)
#11 2.687 (34/176) Installing zlib-dev (1.3.1-r1)
#11 2.700 (35/176) Installing elfutils-dev (0.191-r0)
#11 2.721 (36/176) Installing libmagic (5.45-r1)
#11 2.747 (37/176) Installing file (5.45-r1)
#11 2.759 (38/176) Installing findutils (4.9.0-r5)
#11 2.774 (39/176) Installing flex (2.6.4-r6)
#11 2.788 (40/176) Installing jansson (2.14-r4)
#11 2.800 (41/176) Installing binutils (2.42-r0)
#11 2.875 (42/176) Installing libgomp (13.2.1_git20240309-r0)
#11 2.890 (43/176) Installing libatomic (13.2.1_git20240309-r0)
#11 2.901 (44/176) Installing gmp (6.3.0-r0)
#11 2.918 (45/176) Installing isl26 (0.26-r1)
#11 2.941 (46/176) Installing mpfr4 (4.2.1-r0)
#11 2.958 (47/176) Installing mpc1 (1.3.1-r1)
#11 2.970 (48/176) Installing gcc (13.2.1_git20240309-r0)
#11 3.432 (49/176) Installing ca-certificates (20240226-r0)
#11 3.455 (50/176) Installing brotli-libs (1.1.0-r2)
#11 3.473 (51/176) Installing c-ares (1.28.1-r0)
#11 3.485 (52/176) Installing libunistring (1.2-r0)
#11 3.505 (53/176) Installing libidn2 (2.3.7-r0)
#11 3.519 (54/176) Installing nghttp2-libs (1.61.0-r0)
#11 3.531 (55/176) Installing libpsl (0.21.5-r1)
#11 3.546 (56/176) Installing libcurl (8.7.1-r0)
#11 3.563 (57/176) Installing libexpat (2.6.2-r0)
#11 3.575 (58/176) Installing pcre2 (10.43-r0)
#11 3.592 (59/176) Installing git (2.44.0-r2)
#11 3.642 (60/176) Installing git-init-template (2.44.0-r2)
#11 3.654 (61/176) Installing libcap2 (2.69-r1)
#11 3.666 (62/176) Installing libmnl (1.0.5-r2)
#11 3.677 (63/176) Installing iproute2-minimal (6.8.0-r0)
#11 3.694 (64/176) Installing libxtables (1.8.10-r3)
#11 3.707 (65/176) Installing iproute2-tc (6.8.0-r0)
#11 3.723 (66/176) Installing iproute2-ss (6.8.0-r0)
#11 3.735 (67/176) Installing iproute2 (6.8.0-r0)
#11 3.750 Executing iproute2-6.8.0-r0.post-install
#11 3.753 (68/176) Installing linux-headers (6.6-r0)
#11 3.839 (69/176) Installing libip4tc (1.8.10-r3)
#11 3.851 (70/176) Installing libip6tc (1.8.10-r3)
#11 3.863 (71/176) Installing libipq (1.8.10-r3)
#11 3.875 (72/176) Installing iptables-dev (1.8.10-r3)
#11 3.888 (73/176) Installing oniguruma (6.9.9-r0)
#11 3.903 (74/176) Installing jq (1.7.1-r0)
#11 3.920 (75/176) Installing kmod (32-r0)
#11 3.933 (76/176) Installing libbpf (1.4.0-r0)
#11 3.947 (77/176) Installing libbpf-dev (1.4.0-r0)
#11 3.966 (78/176) Installing libcap-dev (2.69-r1)
#11 3.978 (79/176) Installing libmnl-dev (1.0.5-r2)
#11 3.989 (80/176) Installing make (4.4.1-r2)
#11 4.003 (81/176) Installing musl-dev (1.2.5-r0)
#11 4.062 (82/176) Installing openssl-dev (3.3.0-r1)
#11 4.087 (83/176) Installing perl (5.38.2-r0)
#11 4.269 (84/176) Installing perl-error (0.17029-r2)
#11 4.281 (85/176) Installing perl-git (2.44.0-r2)
#11 4.294 (86/176) Installing git-perl (2.44.0-r2)
#11 4.305 (87/176) Installing libffi (3.4.6-r0)
#11 4.317 (88/176) Installing gdbm (1.23-r1)
#11 4.330 (89/176) Installing mpdecimal (4.0.0-r0)
#11 4.343 (90/176) Installing libpanelw (6.4_p20240330-r0)
#11 4.354 (91/176) Installing sqlite-libs (3.45.3-r0)
#11 4.376 (92/176) Installing python3 (3.12.3-r1)
#11 4.500 (93/176) Installing python3-pycache-pyc0 (3.12.3-r1)
#11 4.585 (94/176) Installing pyc (3.12.3-r1)
#11 4.596 (95/176) Installing py3-argcomplete-pyc (3.3.0-r0)
#11 4.609 (96/176) Installing python3-pyc (3.12.3-r1)
#11 4.620 (97/176) Installing py3-argcomplete (3.3.0-r0)
#11 4.633 (98/176) Installing py3-psutil (5.9.8-r1)
#11 4.648 (99/176) Installing py3-psutil-pyc (5.9.8-r1)
#11 4.663 (100/176) Installing py3-pyroute2 (0.7.12-r1)
#11 4.693 (101/176) Installing py3-pyroute2-pyc (0.7.12-r1)
#11 4.725 (102/176) Installing py3-certifi (2024.2.2-r1)
#11 4.739 (103/176) Installing py3-certifi-pyc (2024.2.2-r1)
#11 4.750 (104/176) Installing py3-charset-normalizer (3.3.2-r1)
#11 4.763 (105/176) Installing py3-charset-normalizer-pyc (3.3.2-r1)
#11 4.783 (106/176) Installing py3-idna (3.7-r0)
#11 4.797 (107/176) Installing py3-idna-pyc (3.7-r0)
#11 4.812 (108/176) Installing py3-urllib3 (1.26.18-r1)
#11 4.829 (109/176) Installing py3-urllib3-pyc (1.26.18-r1)
#11 4.846 (110/176) Installing py3-requests (2.31.0-r2)
#11 4.861 (111/176) Installing py3-requests-pyc (2.31.0-r2)
#11 4.875 (112/176) Installing py3-parsing (3.1.2-r1)
#11 4.890 (113/176) Installing py3-parsing-pyc (3.1.2-r1)
#11 4.906 (114/176) Installing py3-packaging (24.0-r1)
#11 4.920 (115/176) Installing py3-packaging-pyc (24.0-r1)
#11 4.933 (116/176) Installing py3-setuptools (69.5.1-r0)
#11 4.976 (117/176) Installing py3-setuptools-pyc (69.5.1-r0)
#11 5.028 (118/176) Installing libcap-ng (0.8.4-r0)
#11 5.040 (119/176) Installing libintl (0.22.5-r0)
#11 5.052 (120/176) Installing libeconf (0.6.2-r0)
#11 5.064 (121/176) Installing libblkid (2.40-r2)
#11 5.078 (122/176) Installing libmount (2.40-r2)
#11 5.092 (123/176) Installing glib (2.80.0-r3)
#11 5.129 (124/176) Installing numactl (2.0.18-r0)
#11 5.141 (125/176) Installing qemu (8.2.2-r0)
#11 5.156 Executing qemu-8.2.2-r0.pre-install
#11 5.227 Executing qemu-8.2.2-r0.post-install
#11 5.230 *
#11 5.230 * If you want to run VM as unprivileged user and let Qemu create tunX devices,
#11 5.230 * then you must add that user to the group "qemu".
#11 5.230 * If you use KVM for hardware-assisted virtualization, then you may also need
#11 5.230 * to add that user to the group "kvm".
#11 5.230 *
#11 5.230 (126/176) Installing qemu-bridge-helper (8.2.2-r0)
#11 5.247 (127/176) Installing libaio (0.3.113-r2)
#11 5.258 (128/176) Installing capstone (5.0.1-r4)
#11 5.292 (129/176) Installing nettle (3.9.1-r0)
#11 5.309 (130/176) Installing libtasn1 (4.19.0-r2)
#11 5.321 (131/176) Installing p11-kit (0.25.3-r0)
#11 5.341 (132/176) Installing gnutls (3.8.3-r0)
#11 5.364 (133/176) Installing libjpeg-turbo (3.0.2-r0)
#11 5.380 (134/176) Installing lzo (2.10-r5)
#11 5.393 (135/176) Installing pixman (0.43.2-r0)
#11 5.409 (136/176) Installing libpng (1.6.43-r0)
#11 5.423 (137/176) Installing libsasl (2.1.28-r6)
#11 5.437 (138/176) Installing libseccomp (2.5.5-r1)
#11 5.449 (139/176) Installing libslirp (4.7.0-r0)
#11 5.461 (140/176) Installing snappy (1.1.10-r2)
#11 5.474 (141/176) Installing liburing (2.5-r1)
#11 5.485 (142/176) Installing vde2-libs (2.3.3-r3)
#11 5.498 (143/176) Installing qemu-system-x86_64 (8.2.2-r0)
#11 5.596 (144/176) Installing lz4-libs (1.9.4-r5)
#11 5.609 (145/176) Installing popt (1.19-r3)
#11 5.620 (146/176) Installing libxxhash (0.8.2-r2)
#11 5.632 (147/176) Installing rsync (3.3.0-r0)
#11 5.647 (148/176) Installing scapy (2.5.0-r3)
#11 5.697 Executing scapy-2.5.0-r3.post-install
#11 5.699 *
#11 5.699 * Certain optional features of scapy also depend on the following packages:
#11 5.699 *     py3-matplotlib graphviz imagemagick py3-cryptography sox
#11 5.699 * And the following unpackaged dependencies:
#11 5.699 *     pyxi vpython-jupyter nmap<v4.23
#11 5.699 * More information can be found at https://scapy.readthedocs.io/en/latest/installation.html#optional-dependencies
#11 5.699 *
#11 5.699 (149/176) Installing scapy-pyc (2.5.0-r3)
#11 5.759 (150/176) Installing util-linux (2.40-r2)
#11 5.771 (151/176) Installing setarch (2.40-r2)
#11 5.782 (152/176) Installing libuuid (2.40-r2)
#11 5.794 (153/176) Installing libfdisk (2.40-r2)
#11 5.808 (154/176) Installing libsmartcols (2.40-r2)
#11 5.821 (155/176) Installing util-linux-misc (2.40-r2)
#11 5.850 (156/176) Installing linux-pam (1.6.0-r0)
#11 5.869 (157/176) Installing runuser (2.40-r2)
#11 5.881 (158/176) Installing mount (2.40-r2)
#11 5.893 (159/176) Installing losetup (2.40-r2)
#11 5.905 (160/176) Installing hexdump (2.40-r2)
#11 5.916 (161/176) Installing uuidgen (2.40-r2)
#11 5.928 (162/176) Installing blkid (2.40-r2)
#11 5.940 (163/176) Installing sfdisk (2.40-r2)
#11 5.952 (164/176) Installing mcookie (2.40-r2)
#11 5.963 (165/176) Installing agetty (2.40-r2)
#11 5.975 (166/176) Installing wipefs (2.40-r2)
#11 5.987 (167/176) Installing cfdisk (2.40-r2)
#11 5.999 (168/176) Installing umount (2.40-r2)
#11 6.010 (169/176) Installing flock (2.40-r2)
#11 6.022 (170/176) Installing lsblk (2.40-r2)
#11 6.035 (171/176) Installing setpriv (2.40-r2)
#11 6.046 (172/176) Installing logger (2.40-r2)
#11 6.058 (173/176) Installing partx (2.40-r2)
#11 6.070 (174/176) Installing fstrim (2.40-r2)
#11 6.081 (175/176) Installing findmnt (2.40-r2)
#11 6.093 (176/176) Installing virtme-ng@testing (1.23-r1)
#11 6.150 Executing busybox-1.36.1-r17.trigger
#11 6.153 Executing ca-certificates-20240226-r0.trigger
#11 6.174 Executing glib-2.80.0-r3.trigger
#11 6.180 OK: 383 MiB in 187 packages
#11 DONE 6.5s

#12 [ 8/22] RUN mkdir -p /tmp/kernel-patches &&     mkdir -p /tmp/iproute2-patches
#12 DONE 0.4s

#13 [ 9/22] COPY tdc.config /tmp
#13 DONE 0.0s

#14 [10/22] COPY tdc-debug.config /tmp
#14 DONE 0.1s

#15 [11/22] COPY kernel-patches /tmp/kernel-patches/
#15 DONE 0.0s

#16 [12/22] COPY iproute2-patches /tmp/iproute2-patches/
#16 DONE 0.0s

#17 [13/22] COPY configs /tmp/configs/
#17 DONE 0.0s

#18 [14/22] RUN git config --global user.email foo@bar.com
#18 DONE 0.3s

#19 [15/22] RUN git config --global user.name foo@bar.com
#19 DONE 0.3s

#20 [16/22] RUN git clone https://git.kernel.org/pub/scm/network/iproute2/iproute2-next.git /nipa-data/iproute2
#20 0.422 Cloning into '/nipa-data/iproute2'...
#20 DONE 1.9s

#21 [17/22] RUN cd /nipa-data/iproute2 && 	git remote add stable https://git.kernel.org/pub/scm/network/iproute2/iproute2.git && 	git fetch --all && 	git merge stable/main
#21 0.322 Fetching origin
#21 0.600 Fetching stable
#21 1.061 From https://git.kernel.org/pub/scm/network/iproute2/iproute2
#21 1.061  * [new branch]        codeql         -> stable/codeql
#21 1.061  * [new branch]        iproute2-4.1.x -> stable/iproute2-4.1.x
#21 1.061  * [new branch]        main           -> stable/main
#21 1.095 Auto-merging ip/iplink.c
#21 1.095 Auto-merging man/man8/ip-link.8.in
#21 1.108 Merge made by the 'ort' strategy.
#21 1.111  ip/iplink.c           | 2 +-
#21 1.111  man/man8/ip-link.8.in | 2 +-
#21 1.111  2 files changed, 2 insertions(+), 2 deletions(-)
#21 DONE 1.1s

#22 [18/22] RUN if [ "$(find /tmp/iproute2-patches/ -name *.patch)" ]; then  	cd /nipa-data/iproute2; 	git apply /tmp/iproute2-patches/*.patch;     fi
#22 DONE 0.4s

#23 [19/22] RUN cd /nipa-data/iproute2/ &&     ./configure &&     make
#23 0.451 TC schedulers
#23 0.452  IPT	using xtables
#23 0.479  IPSET  yes
#23 0.500 
#23 0.500 lib directory: /usr/lib
#23 0.500 libc has setns: yes
#23 0.520 libc has name_to_handle_at: yes
#23 0.541 SELinux support: no
#23 0.542 libtirpc support: no
#23 0.543 libbpf support: yes
#23 0.610 	libbpf version 1.4.0
#23 0.610 ELF support: yes
#23 0.612 libmnl support: yes
#23 0.614 Berkeley DB: no
#23 0.625 need for strlcpy: no
#23 0.646 libcap support: yes
#23 0.648 color output: never
#23 0.650 
#23 0.650 lib
#23 0.652     CC       libgenl.o
#23 0.697     CC       libnetlink.o
#23 1.026     CC       mnl_utils.o
#23 1.108     AR       libnetlink.a
#23 1.111     CC       utils.o
#23 1.476     CC       utils_math.o
#23 1.515     CC       rt_names.o
#23 1.685     CC       ll_map.o
#23 1.771     CC       ll_types.o
#23 1.788 In file included from ll_types.c:20:
#23 1.788 ../include/uapi/linux/sockios.h:42: warning: "SIOCGSTAMP" redefined
#23 1.788    42 | #define SIOCGSTAMP      SIOCGSTAMP_OLD
#23 1.788       | 
#23 1.788 In file included from /usr/include/sys/ioctl.h:10,
#23 1.788                  from ll_types.c:12:
#23 1.788 /usr/include/bits/ioctl.h:111: note: this is the location of the previous definition
#23 1.788   111 | #define SIOCGSTAMP      0x8906
#23 1.788       | 
#23 1.788 ../include/uapi/linux/sockios.h:43: warning: "SIOCGSTAMPNS" redefined
#23 1.788    43 | #define SIOCGSTAMPNS    SIOCGSTAMPNS_OLD
#23 1.788       | 
#23 1.788 /usr/include/bits/ioctl.h:112: note: this is the location of the previous definition
#23 1.788   112 | #define SIOCGSTAMPNS    0x8907
#23 1.788       | 
#23 1.809     CC       ll_proto.o
#23 1.821 In file included from ll_proto.c:21:
#23 1.821 ../include/uapi/linux/sockios.h:42: warning: "SIOCGSTAMP" redefined
#23 1.821    42 | #define SIOCGSTAMP      SIOCGSTAMP_OLD
#23 1.821       | 
#23 1.821 In file included from /usr/include/sys/ioctl.h:10,
#23 1.821                  from ll_proto.c:13:
#23 1.821 /usr/include/bits/ioctl.h:111: note: this is the location of the previous definition
#23 1.821   111 | #define SIOCGSTAMP      0x8906
#23 1.821       | 
#23 1.821 ../include/uapi/linux/sockios.h:43: warning: "SIOCGSTAMPNS" redefined
#23 1.821    43 | #define SIOCGSTAMPNS    SIOCGSTAMPNS_OLD
#23 1.821       | 
#23 1.821 /usr/include/bits/ioctl.h:112: note: this is the location of the previous definition
#23 1.821   112 | #define SIOCGSTAMPNS    0x8907
#23 1.821       | 
#23 1.835     CC       ll_addr.o
#23 1.846 In file included from ll_addr.c:20:
#23 1.846 ../include/uapi/linux/sockios.h:42: warning: "SIOCGSTAMP" redefined
#23 1.846    42 | #define SIOCGSTAMP      SIOCGSTAMP_OLD
#23 1.846       | 
#23 1.846 In file included from /usr/include/sys/ioctl.h:10,
#23 1.846                  from ll_addr.c:12:
#23 1.846 /usr/include/bits/ioctl.h:111: note: this is the location of the previous definition
#23 1.846   111 | #define SIOCGSTAMP      0x8906
#23 1.846       | 
#23 1.846 ../include/uapi/linux/sockios.h:43: warning: "SIOCGSTAMPNS" redefined
#23 1.846    43 | #define SIOCGSTAMPNS    SIOCGSTAMPNS_OLD
#23 1.846       | 
#23 1.846 /usr/include/bits/ioctl.h:112: note: this is the location of the previous definition
#23 1.846   112 | #define SIOCGSTAMPNS    0x8907
#23 1.846       | 
#23 1.873     CC       inet_proto.o
#23 1.900     CC       namespace.o
#23 1.953     CC       json_writer.o
#23 2.029     CC       json_print.o
#23 2.143     CC       json_print_math.o
#23 2.171     CC       names.o
#23 2.220     CC       color.o
#23 2.257     CC       bpf_legacy.o
#23 2.629     CC       bpf_glue.o
#23 2.665     CC       exec.o
#23 2.697     CC       fs.o
#23 2.760     CC       cg_map.o
#23 2.792     CC       ppp_proto.o
#23 2.813     CC       bpf_libbpf.o
#23 2.889     CC       selinux.o
#23 2.907     CC       ax25_ntop.o
#23 2.934     CC       rose_ntop.o
#23 2.946 In file included from rose_ntop.c:16:
#23 2.946 ../include/uapi/linux/sockios.h:42: warning: "SIOCGSTAMP" redefined
#23 2.946    42 | #define SIOCGSTAMP      SIOCGSTAMP_OLD
#23 2.946       | 
#23 2.946 In file included from /usr/include/sys/ioctl.h:10,
#23 2.946                  from rose_ntop.c:7:
#23 2.946 /usr/include/bits/ioctl.h:111: note: this is the location of the previous definition
#23 2.946   111 | #define SIOCGSTAMP      0x8906
#23 2.946       | 
#23 2.946 ../include/uapi/linux/sockios.h:43: warning: "SIOCGSTAMPNS" redefined
#23 2.946    43 | #define SIOCGSTAMPNS    SIOCGSTAMPNS_OLD
#23 2.946       | 
#23 2.946 /usr/include/bits/ioctl.h:112: note: this is the location of the previous definition
#23 2.946   112 | #define SIOCGSTAMPNS    0x8907
#23 2.946       | 
#23 2.965     CC       mpls_ntop.o
#23 2.997     CC       mpls_pton.o
#23 3.026     CC       netrom_ntop.o
#23 3.053     AR       libutil.a
#23 3.058 
#23 3.058 ip
#23 3.060     CC       ip.o
#23 3.129     CC       ipaddress.o
#23 3.143 In file included from ipaddress.c:26:
#23 3.143 ../include/uapi/linux/sockios.h:42: warning: "SIOCGSTAMP" redefined
#23 3.143    42 | #define SIOCGSTAMP      SIOCGSTAMP_OLD
#23 3.143       | 
#23 3.143 In file included from /usr/include/sys/ioctl.h:10,
#23 3.143                  from ipaddress.c:14:
#23 3.143 /usr/include/bits/ioctl.h:111: note: this is the location of the previous definition
#23 3.143   111 | #define SIOCGSTAMP      0x8906
#23 3.143       | 
#23 3.143 ../include/uapi/linux/sockios.h:43: warning: "SIOCGSTAMPNS" redefined
#23 3.143    43 | #define SIOCGSTAMPNS    SIOCGSTAMPNS_OLD
#23 3.143       | 
#23 3.143 /usr/include/bits/ioctl.h:112: note: this is the location of the previous definition
#23 3.143   112 | #define SIOCGSTAMPNS    0x8907
#23 3.143       | 
#23 3.577     CC       ipaddrlabel.o
#23 3.643     CC       iproute.o
#23 4.158     CC       iprule.o
#23 4.363     CC       ipnetns.o
#23 4.572     CC       rtm_map.o
#23 4.606     CC       iptunnel.o
#23 4.619 In file included from ../include/uapi/linux/if_tunnel.h:6,
#23 4.619                  from iptunnel.c:19:
#23 4.619 ../include/uapi/linux/if.h:134: warning: "IFF_VOLATILE" redefined
#23 4.619   134 | #define IFF_VOLATILE    (IFF_LOOPBACK|IFF_POINTOPOINT|IFF_BROADCAST|IFF_ECHO|\
#23 4.619       | 
#23 4.619 In file included from iptunnel.c:16:
#23 4.619 /usr/include/net/if.h:48: note: this is the location of the previous definition
#23 4.619    48 | #define IFF_VOLATILE (IFF_LOOPBACK|IFF_POINTOPOINT|IFF_BROADCAST| \
#23 4.619       | 
#23 4.750     CC       ip6tunnel.o
#23 4.858     CC       tunnel.o
#23 4.946     CC       ipneigh.o
#23 5.118     CC       ipntable.o
#23 5.220     CC       iplink.o
#23 5.488     CC       ipmaddr.o
#23 5.500 In file included from ipmaddr.c:21:
#23 5.500 ../include/uapi/linux/sockios.h:42: warning: "SIOCGSTAMP" redefined
#23 5.500    42 | #define SIOCGSTAMP      SIOCGSTAMP_OLD
#23 5.500       | 
#23 5.500 In file included from /usr/include/sys/ioctl.h:10,
#23 5.500                  from ipmaddr.c:12:
#23 5.500 /usr/include/bits/ioctl.h:111: note: this is the location of the previous definition
#23 5.500   111 | #define SIOCGSTAMP      0x8906
#23 5.500       | 
#23 5.500 ../include/uapi/linux/sockios.h:43: warning: "SIOCGSTAMPNS" redefined
#23 5.500    43 | #define SIOCGSTAMPNS    SIOCGSTAMPNS_OLD
#23 5.500       | 
#23 5.500 /usr/include/bits/ioctl.h:112: note: this is the location of the previous definition
#23 5.500   112 | #define SIOCGSTAMPNS    0x8907
#23 5.500       | 
#23 5.574     CC       ipmonitor.o
#23 5.651     CC       ipmroute.o
#23 5.663 In file included from ipmroute.c:22:
#23 5.663 ../include/uapi/linux/sockios.h:42: warning: "SIOCGSTAMP" redefined
#23 5.663    42 | #define SIOCGSTAMP      SIOCGSTAMP_OLD
#23 5.663       | 
#23 5.663 In file included from /usr/include/sys/ioctl.h:10,
#23 5.663                  from ipmroute.c:13:
#23 5.663 /usr/include/bits/ioctl.h:111: note: this is the location of the previous definition
#23 5.663   111 | #define SIOCGSTAMP      0x8906
#23 5.663       | 
#23 5.663 ../include/uapi/linux/sockios.h:43: warning: "SIOCGSTAMPNS" redefined
#23 5.663    43 | #define SIOCGSTAMPNS    SIOCGSTAMPNS_OLD
#23 5.663       | 
#23 5.663 /usr/include/bits/ioctl.h:112: note: this is the location of the previous definition
#23 5.663   112 | #define SIOCGSTAMPNS    0x8907
#23 5.663       | 
#23 5.723     CC       ipprefix.o
#23 5.753     CC       iptuntap.o
#23 5.856     CC       iptoken.o
#23 5.908     CC       ipxfrm.o
#23 6.199     CC       xfrm_state.o
#23 6.471     CC       xfrm_policy.o
#23 6.703     CC       xfrm_monitor.o
#23 6.792     CC       iplink_dummy.o
#23 6.814     CC       iplink_ifb.o
#23 6.836     CC       iplink_nlmon.o
#23 6.858     CC       iplink_team.o
#23 6.880     CC       iplink_vcan.o
#23 6.901     CC       iplink_vxcan.o
#23 6.930     CC       iplink_vlan.o
#23 7.001     CC       link_veth.o
#23 7.028     CC       link_gre.o
#23 7.038 In file included from ../include/uapi/linux/if_tunnel.h:6,
#23 7.038                  from link_gre.c:15:
#23 7.038 ../include/uapi/linux/if.h:134: warning: "IFF_VOLATILE" redefined
#23 7.038   134 | #define IFF_VOLATILE    (IFF_LOOPBACK|IFF_POINTOPOINT|IFF_BROADCAST|IFF_ECHO|\
#23 7.038       | 
#23 7.038 In file included from link_gre.c:9:
#23 7.038 /usr/include/net/if.h:48: note: this is the location of the previous definition
#23 7.038    48 | #define IFF_VOLATILE (IFF_LOOPBACK|IFF_POINTOPOINT|IFF_BROADCAST| \
#23 7.038       | 
#23 7.157     CC       iplink_can.o
#23 7.297     CC       iplink_xdp.o
#23 7.354     CC       iplink_macvlan.o
#23 7.424     CC       ipl2tp.o
#23 7.582     CC       link_vti.o
#23 7.592 In file included from ../include/uapi/linux/if_tunnel.h:6,
#23 7.592                  from link_vti.c:16:
#23 7.592 ../include/uapi/linux/if.h:134: warning: "IFF_VOLATILE" redefined
#23 7.592   134 | #define IFF_VOLATILE    (IFF_LOOPBACK|IFF_POINTOPOINT|IFF_BROADCAST|IFF_ECHO|\
#23 7.592       | 
#23 7.592 In file included from link_vti.c:10:
#23 7.592 /usr/include/net/if.h:48: note: this is the location of the previous definition
#23 7.592    48 | #define IFF_VOLATILE (IFF_LOOPBACK|IFF_POINTOPOINT|IFF_BROADCAST| \
#23 7.592       | 
#23 7.638     CC       link_vti6.o
#23 7.649 In file included from ../include/uapi/linux/if_tunnel.h:6,
#23 7.649                  from link_vti6.c:17:
#23 7.649 ../include/uapi/linux/if.h:134: warning: "IFF_VOLATILE" redefined
#23 7.649   134 | #define IFF_VOLATILE    (IFF_LOOPBACK|IFF_POINTOPOINT|IFF_BROADCAST|IFF_ECHO|\
#23 7.649       | 
#23 7.649 In file included from link_vti6.c:11:
#23 7.649 /usr/include/net/if.h:48: note: this is the location of the previous definition
#23 7.649    48 | #define IFF_VOLATILE (IFF_LOOPBACK|IFF_POINTOPOINT|IFF_BROADCAST| \
#23 7.649       | 
#23 7.695     CC       link_xfrm.o
#23 7.730     CC       iplink_vxlan.o
#23 7.884     CC       tcp_metrics.o
#23 8.000     CC       iplink_ipoib.o
#23 8.050     CC       ipnetconf.o
#23 8.103     CC       link_ip6tnl.o
#23 8.115 In file included from ../include/uapi/linux/if_tunnel.h:6,
#23 8.115                  from link_ip6tnl.c:15:
#23 8.115 ../include/uapi/linux/if.h:134: warning: "IFF_VOLATILE" redefined
#23 8.115   134 | #define IFF_VOLATILE    (IFF_LOOPBACK|IFF_POINTOPOINT|IFF_BROADCAST|IFF_ECHO|\
#23 8.115       | 
#23 8.115 In file included from link_ip6tnl.c:9:
#23 8.115 /usr/include/net/if.h:48: note: this is the location of the previous definition
#23 8.115    48 | #define IFF_VOLATILE (IFF_LOOPBACK|IFF_POINTOPOINT|IFF_BROADCAST| \
#23 8.115       | 
#23 8.223     CC       link_iptnl.o
#23 8.234 In file included from ../include/uapi/linux/if_tunnel.h:6,
#23 8.234                  from link_iptnl.c:16:
#23 8.234 ../include/uapi/linux/if.h:134: warning: "IFF_VOLATILE" redefined
#23 8.234   134 | #define IFF_VOLATILE    (IFF_LOOPBACK|IFF_POINTOPOINT|IFF_BROADCAST|IFF_ECHO|\
#23 8.234       | 
#23 8.234 In file included from link_iptnl.c:9:
#23 8.234 /usr/include/net/if.h:48: note: this is the location of the previous definition
#23 8.234    48 | #define IFF_VOLATILE (IFF_LOOPBACK|IFF_POINTOPOINT|IFF_BROADCAST| \
#23 8.234       | 
#23 8.321     CC       link_gre6.o
#23 8.332 In file included from ../include/uapi/linux/if_tunnel.h:6,
#23 8.332                  from link_gre6.c:15:
#23 8.332 ../include/uapi/linux/if.h:134: warning: "IFF_VOLATILE" redefined
#23 8.332   134 | #define IFF_VOLATILE    (IFF_LOOPBACK|IFF_POINTOPOINT|IFF_BROADCAST|IFF_ECHO|\
#23 8.332       | 
#23 8.332 In file included from link_gre6.c:9:
#23 8.332 /usr/include/net/if.h:48: note: this is the location of the previous definition
#23 8.332    48 | #define IFF_VOLATILE (IFF_LOOPBACK|IFF_POINTOPOINT|IFF_BROADCAST| \
#23 8.332       | 
#23 8.457     CC       iplink_bond.o
#23 8.629     CC       iplink_bond_slave.o
#23 8.679     CC       iplink_hsr.o
#23 8.722     CC       iplink_bridge.o
#23 8.871     CC       iplink_bridge_slave.o
#23 8.964     CC       iplink_dsa.o
#23 8.995     CC       ipfou.o
#23 9.069     CC       iplink_ipvlan.o
#23 9.107     CC       iplink_geneve.o
#23 9.193     CC       iplink_vrf.o
#23 9.239     CC       iproute_lwtunnel.o
#23 9.627     CC       ipmacsec.o
#23 9.866     CC       ipila.o
#23 9.951     CC       ipvrf.o
#23 10.07     CC       iplink_xstats.o
#23 10.11     CC       ipseg6.o
#23 10.17     CC       iplink_netdevsim.o
#23 10.20     CC       iplink_rmnet.o
#23 10.23     CC       ipnexthop.o
#23 10.48     CC       ipmptcp.o
#23 10.60     CC       iplink_bareudp.o
#23 10.65     CC       iplink_wwan.o
#23 10.68     CC       ipioam6.o
#23 10.76     CC       iplink_amt.o
#23 10.82     CC       iplink_batadv.o
#23 10.85     CC       iplink_gtp.o
#23 10.89     CC       iplink_virt_wifi.o
#23 10.91     CC       iplink_netkit.o
#23 10.95     CC       ipstats.o
#23 11.15     LINK     ip
#23 11.19     CC       rtmon.o
#23 11.24     LINK     rtmon
#23 11.25 
#23 11.25 tc
#23 11.26     CC       tc.o
#23 11.34     CC       tc_qdisc.o
#23 11.45     CC       tc_class.o
#23 11.57     CC       tc_filter.o
#23 11.73     CC       tc_util.o
#23 11.91     CC       tc_monitor.o
#23 11.95     CC       tc_exec.o
#23 11.98     CC       m_police.o
#23 12.07     CC       m_estimator.o
#23 12.10     CC       m_action.o
#23 12.25     CC       m_ematch.o
#23 12.36     YACC     emp_ematch.tab.c
#23 12.43     CC       emp_ematch.tab.o
#23 12.56     LEX      emp_ematch.lex.c
#23 12.57     CC       emp_ematch.lex.o
#23 12.74     CC       q_fifo.o
#23 12.78     CC       q_sfq.o
#23 12.85     CC       q_red.o
#23 12.93     CC       q_prio.o
#23 12.98     CC       q_skbprio.o
#23 13.02     CC       q_tbf.o
#23 13.10     CC       q_multiq.o
#23 13.13     CC       q_netem.o
#23 13.35     CC       q_choke.o
#23 13.43     CC       q_sfb.o
#23 13.50     CC       f_u32.o
#23 13.76     CC       f_route.o
#23 13.82     CC       f_fw.o
#23 13.87     CC       f_basic.o
#23 13.92     CC       f_bpf.o
#23 14.00     CC       f_flow.o
#23 14.09     CC       f_cgroup.o
#23 14.13     CC       f_flower.o
#23 14.14 In file included from ../include/uapi/linux/netdevice.h:29,
#23 14.14                  from ../include/uapi/linux/if_arp.h:27,
#23 14.14                  from f_flower.c:14:
#23 14.14 ../include/uapi/linux/if.h:134: warning: "IFF_VOLATILE" redefined
#23 14.14   134 | #define IFF_VOLATILE    (IFF_LOOPBACK|IFF_POINTOPOINT|IFF_BROADCAST|IFF_ECHO|\
#23 14.14       | 
#23 14.14 In file included from f_flower.c:12:
#23 14.14 /usr/include/net/if.h:48: note: this is the location of the previous definition
#23 14.14    48 | #define IFF_VOLATILE (IFF_LOOPBACK|IFF_POINTOPOINT|IFF_BROADCAST| \
#23 14.14       | 
#23 14.64     CC       q_gred.o
#23 14.77     CC       q_ingress.o
#23 14.80     CC       q_hfsc.o
#23 14.90     CC       q_htb.o
#23 14.99     CC       q_drr.o
#23 15.04     CC       q_qfq.o
#23 15.07     CC       m_gact.o
#23 15.12     CC       m_mirred.o
#23 15.20     CC       m_mpls.o
#23 15.28     CC       m_nat.o
#23 15.32     CC       m_pedit.o
#23 15.46     CC       m_ife.o
#23 15.54     CC       m_skbedit.o
#23 15.60     CC       m_skbmod.o
#23 15.67     CC       m_csum.o
#23 15.73     CC       m_simple.o
#23 15.78     CC       m_vlan.o
#23 15.85     CC       m_connmark.o
#23 15.89     CC       m_ctinfo.o
#23 15.94     CC       m_bpf.o
#23 16.00     CC       m_tunnel_key.o
#23 16.11     CC       m_sample.o
#23 16.16     CC       m_ct.o
#23 16.26     CC       m_gate.o
#23 16.35     CC       p_ip.o
#23 16.39     CC       p_ip6.o
#23 16.43     CC       p_icmp.o
#23 16.45     CC       p_eth.o
#23 16.48     CC       p_tcp.o
#23 16.51     CC       p_udp.o
#23 16.54     CC       em_nbyte.o
#23 16.59     CC       em_cmp.o
#23 16.64     CC       em_u32.o
#23 16.69     CC       em_canid.o
#23 16.74     CC       em_meta.o
#23 16.86     CC       q_mqprio.o
#23 16.96     CC       q_codel.o
#23 17.02     CC       q_fq_codel.o
#23 17.09     CC       q_fq.o
#23 17.20     CC       q_pie.o
#23 17.26     CC       q_fq_pie.o
#23 17.33     CC       q_cake.o
#23 17.51     CC       q_hhf.o
#23 17.56     CC       q_clsact.o
#23 17.59     CC       e_bpf.o
#23 17.65     CC       f_matchall.o
#23 17.71     CC       q_cbs.o
#23 17.75     CC       q_etf.o
#23 17.80     CC       q_taprio.o
#23 17.92     CC       q_plug.o
#23 17.95     CC       q_ets.o
#23 18.04     CC       em_ipt.o
#23 18.06 In file included from tc_util.h:7,
#23 18.06                  from m_ematch.h:11,
#23 18.06                  from em_ipt.c:13:
#23 18.06 ../include/uapi/linux/if.h:134: warning: "IFF_VOLATILE" redefined
#23 18.06   134 | #define IFF_VOLATILE    (IFF_LOOPBACK|IFF_POINTOPOINT|IFF_BROADCAST|IFF_ECHO|\
#23 18.06       | 
#23 18.06 In file included from ../include/xtables.h:17,
#23 18.06                  from em_ipt.c:12:
#23 18.06 /usr/include/net/if.h:48: note: this is the location of the previous definition
#23 18.06    48 | #define IFF_VOLATILE (IFF_LOOPBACK|IFF_POINTOPOINT|IFF_BROADCAST| \
#23 18.06       | 
#23 18.08     CC       em_ipset.o
#23 18.10 In file included from tc_util.h:7,
#23 18.10                  from m_ematch.h:11,
#23 18.10                  from em_ipset.c:39:
#23 18.10 ../include/uapi/linux/if.h:134: warning: "IFF_VOLATILE" redefined
#23 18.10   134 | #define IFF_VOLATILE    (IFF_LOOPBACK|IFF_POINTOPOINT|IFF_BROADCAST|IFF_ECHO|\
#23 18.10       | 
#23 18.10 In file included from ../include/xtables.h:17,
#23 18.10                  from em_ipset.c:23:
#23 18.10 /usr/include/net/if.h:48: note: this is the location of the previous definition
#23 18.10    48 | #define IFF_VOLATILE (IFF_LOOPBACK|IFF_POINTOPOINT|IFF_BROADCAST| \
#23 18.10       | 
#23 18.13     CC       tc_core.o
#23 18.21     CC       tc_red.o
#23 18.25     CC       tc_estimator.o
#23 18.28     CC       tc_stab.o
#23 18.33     CC       tc_qevent.o
#23 18.39     AR       libtc.a
#23 18.39     LINK     tc
#23 18.42 rm emp_ematch.lex.c
#23 18.42 
#23 18.42 bridge
#23 18.43     CC       bridge.o
#23 18.47     CC       fdb.o
#23 18.67     CC       monitor.o
#23 18.71     CC       link.o
#23 18.87     CC       mdb.o
#23 19.07     CC       vlan.o
#23 19.08 In file included from vlan.c:14:
#23 19.08 ../include/json_print.h:80:30: warning: 'struct timeval' declared inside parameter list will not be visible outside of this definition or declaration
#23 19.08    80 | _PRINT_FUNC(tv, const struct timeval *)
#23 19.08       |                              ^~~~~~~
#23 19.08 ../include/json_print.h:50:37: note: in definition of macro '_PRINT_FUNC'
#23 19.08    50 |                                     type value);                        \
#23 19.08       |                                     ^~~~
#23 19.08 ../include/json_print.h:80:30: warning: 'struct timeval' declared inside parameter list will not be visible outside of this definition or declaration
#23 19.08    80 | _PRINT_FUNC(tv, const struct timeval *)
#23 19.08       |                              ^~~~~~~
#23 19.08 ../include/json_print.h:55:45: note: in definition of macro '_PRINT_FUNC'
#23 19.08    55 |                                             type value)                 \
#23 19.08       |                                             ^~~~
#23 19.08 ../include/json_print.h: In function 'print_tv':
#23 19.08 ../include/json_print.h:58:48: warning: passing argument 5 of 'print_color_tv' from incompatible pointer type [-Wincompatible-pointer-types]
#23 19.08    58 |                                                value);                  \
#23 19.08       |                                                ^~~~~
#23 19.08       |                                                |
#23 19.08       |                                                const struct timeval *
#23 19.08 ../include/json_print.h:80:1: note: in expansion of macro '_PRINT_FUNC'
#23 19.08    80 | _PRINT_FUNC(tv, const struct timeval *)
#23 19.08       | ^~~~~~~~~~~
#23 19.08 ../include/json_print.h:50:42: note: expected 'const struct timeval *' but argument is of type 'const struct timeval *'
#23 19.08    50 |                                     type value);                        \
#23 19.08       |                                          ^
#23 19.08 ../include/json_print.h:80:1: note: in expansion of macro '_PRINT_FUNC'
#23 19.08    80 | _PRINT_FUNC(tv, const struct timeval *)
#23 19.08       | ^~~~~~~~~~~
#23 19.31     CC       vni.o
#23 19.33 In file included from vni.c:19:
#23 19.33 ../include/json_print.h:80:30: warning: 'struct timeval' declared inside parameter list will not be visible outside of this definition or declaration
#23 19.33    80 | _PRINT_FUNC(tv, const struct timeval *)
#23 19.33       |                              ^~~~~~~
#23 19.33 ../include/json_print.h:50:37: note: in definition of macro '_PRINT_FUNC'
#23 19.33    50 |                                     type value);                        \
#23 19.33       |                                     ^~~~
#23 19.33 ../include/json_print.h:80:30: warning: 'struct timeval' declared inside parameter list will not be visible outside of this definition or declaration
#23 19.33    80 | _PRINT_FUNC(tv, const struct timeval *)
#23 19.33       |                              ^~~~~~~
#23 19.33 ../include/json_print.h:55:45: note: in definition of macro '_PRINT_FUNC'
#23 19.33    55 |                                             type value)                 \
#23 19.33       |                                             ^~~~
#23 19.33 ../include/json_print.h: In function 'print_tv':
#23 19.33 ../include/json_print.h:58:48: warning: passing argument 5 of 'print_color_tv' from incompatible pointer type [-Wincompatible-pointer-types]
#23 19.33    58 |                                                value);                  \
#23 19.33       |                                                ^~~~~
#23 19.33       |                                                |
#23 19.33       |                                                const struct timeval *
#23 19.33 ../include/json_print.h:80:1: note: in expansion of macro '_PRINT_FUNC'
#23 19.33    80 | _PRINT_FUNC(tv, const struct timeval *)
#23 19.33       | ^~~~~~~~~~~
#23 19.33 ../include/json_print.h:50:42: note: expected 'const struct timeval *' but argument is of type 'const struct timeval *'
#23 19.33    50 |                                     type value);                        \
#23 19.33       |                                          ^
#23 19.33 ../include/json_print.h:80:1: note: in expansion of macro '_PRINT_FUNC'
#23 19.33    80 | _PRINT_FUNC(tv, const struct timeval *)
#23 19.33       | ^~~~~~~~~~~
#23 19.41     LINK     bridge
#23 19.43 
#23 19.43 misc
#23 19.43     CC       ss.o
#23 19.46 In file included from ../include/uapi/linux/tipc.h:42,
#23 19.46                  from ss.c:49:
#23 19.46 ../include/uapi/linux/sockios.h:42: warning: "SIOCGSTAMP" redefined
#23 19.46    42 | #define SIOCGSTAMP      SIOCGSTAMP_OLD
#23 19.46       | 
#23 19.46 In file included from /usr/include/sys/ioctl.h:10,
#23 19.46                  from ss.c:12:
#23 19.46 /usr/include/bits/ioctl.h:111: note: this is the location of the previous definition
#23 19.46   111 | #define SIOCGSTAMP      0x8906
#23 19.46       | 
#23 19.46 ../include/uapi/linux/sockios.h:43: warning: "SIOCGSTAMPNS" redefined
#23 19.46    43 | #define SIOCGSTAMPNS    SIOCGSTAMPNS_OLD
#23 19.46       | 
#23 19.46 /usr/include/bits/ioctl.h:112: note: this is the location of the previous definition
#23 19.46   112 | #define SIOCGSTAMPNS    0x8907
#23 19.46       | 
#23 20.33     CC       ssfilter_check.o
#23 20.36     YACC     ssfilter.tab.c
#23 20.42     CC       ssfilter.tab.o
#23 20.53     LINK     ss
#23 20.55     CC       nstat
#23 20.56 In file included from nstat.c:20:
#23 20.56 /usr/include/sys/poll.h:1:2: warning: #warning redirecting incorrect #include <sys/poll.h> to <poll.h> [-Wcpp]
#23 20.56     1 | #warning redirecting incorrect #include <sys/poll.h> to <poll.h>
#23 20.56       |  ^~~~~~~
#23 20.70     CC       ifstat
#23 20.71 In file included from ifstat.c:20:
#23 20.71 /usr/include/sys/poll.h:1:2: warning: #warning redirecting incorrect #include <sys/poll.h> to <poll.h> [-Wcpp]
#23 20.71     1 | #warning redirecting incorrect #include <sys/poll.h> to <poll.h>
#23 20.71       |  ^~~~~~~
#23 20.88     CC       rtacct
#23 20.89 In file included from rtacct.c:19:
#23 20.89 /usr/include/sys/poll.h:1:2: warning: #warning redirecting incorrect #include <sys/poll.h> to <poll.h> [-Wcpp]
#23 20.89     1 | #warning redirecting incorrect #include <sys/poll.h> to <poll.h>
#23 20.89       |  ^~~~~~~
#23 21.02     CC       lnstat.o
#23 21.08     CC       lnstat_util.o
#23 21.14     LINK     lnstat
#23 21.15 
#23 21.15 netem
#23 21.15 gcc  -I../include -o maketable maketable.c -lm
#23 21.19 gcc  -I../include -o normal normal.c -lm
#23 21.21 gcc  -I../include -o pareto pareto.c -lm
#23 21.24 gcc  -I../include -o paretonormal paretonormal.c -lm
#23 21.27 ./normal > normal.dist
#23 21.28 ./pareto > pareto.dist
#23 21.28 ./paretonormal > paretonormal.dist
#23 21.29 ./maketable experimental.dat > experimental.dist
#23 21.29 
#23 21.29 genl
#23 21.30     CC       genl.o
#23 21.33     CC       ctrl.o
#23 21.41     LINK     genl
#23 21.42 
#23 21.42 man
#23 21.42 make[2]: Nothing to be done for 'all'.
#23 21.42 make[2]: Nothing to be done for 'all'.
#23 21.42 sed \
#23 21.42 	-e "s|@NETNS_ETC_DIR@|/etc/netns|g" \
#23 21.42 	-e "s|@NETNS_RUN_DIR@|/var/run/netns|g" \
#23 21.42 	-e "s|@SYSCONF_ETC_DIR@|/etc/iproute2|g" \
#23 21.42 	-e "s|@SYSCONF_USR_DIR@|/usr/share/iproute2|g" \
#23 21.42 	ip-address.8.in > ip-address.8
#23 21.43 sed \
#23 21.43 	-e "s|@NETNS_ETC_DIR@|/etc/netns|g" \
#23 21.43 	-e "s|@NETNS_RUN_DIR@|/var/run/netns|g" \
#23 21.43 	-e "s|@SYSCONF_ETC_DIR@|/etc/iproute2|g" \
#23 21.43 	-e "s|@SYSCONF_USR_DIR@|/usr/share/iproute2|g" \
#23 21.43 	ip-link.8.in > ip-link.8
#23 21.43 sed \
#23 21.43 	-e "s|@NETNS_ETC_DIR@|/etc/netns|g" \
#23 21.43 	-e "s|@NETNS_RUN_DIR@|/var/run/netns|g" \
#23 21.43 	-e "s|@SYSCONF_ETC_DIR@|/etc/iproute2|g" \
#23 21.43 	-e "s|@SYSCONF_USR_DIR@|/usr/share/iproute2|g" \
#23 21.43 	ip-netns.8.in > ip-netns.8
#23 21.43 sed \
#23 21.43 	-e "s|@NETNS_ETC_DIR@|/etc/netns|g" \
#23 21.43 	-e "s|@NETNS_RUN_DIR@|/var/run/netns|g" \
#23 21.43 	-e "s|@SYSCONF_ETC_DIR@|/etc/iproute2|g" \
#23 21.43 	-e "s|@SYSCONF_USR_DIR@|/usr/share/iproute2|g" \
#23 21.43 	ip-route.8.in > ip-route.8
#23 21.44 
#23 21.44 tipc
#23 21.44     CC       bearer.o
#23 21.63     CC       cmdl.o
#23 21.67     CC       link.o
#23 21.88     CC       media.o
#23 21.93     CC       misc.o
#23 21.98     CC       msg.o
#23 22.00     CC       nametable.o
#23 22.04     CC       node.o
#23 22.13     CC       socket.o
#23 22.16     CC       peer.o
#23 22.20     CC       tipc.o
#23 22.23     LINK     tipc
#23 22.25 
#23 22.25 devlink
#23 22.25     CC       devlink.o
#23 24.08     CC       mnlg.o
#23 24.12     LINK     devlink
#23 24.13 
#23 24.13 rdma
#23 24.14     CC       rdma.o
#23 24.16 rdma.c: In function 'main':
#23 24.16 rdma.c:110:20: warning: implicit declaration of function 'basename'; did you mean 'rename'? [-Wimplicit-function-declaration]
#23 24.16   110 |         filename = basename(argv[0]);
#23 24.16       |                    ^~~~~~~~
#23 24.16       |                    rename
#23 24.16 rdma.c:110:18: warning: assignment to 'char *' from 'int' makes pointer from integer without a cast [-Wint-conversion]
#23 24.16   110 |         filename = basename(argv[0]);
#23 24.16       |                  ^
#23 24.18     CC       utils.o
#23 24.39     CC       dev.o
#23 24.46     CC       link.o
#23 24.55     CC       res.o
#23 24.66     CC       res-pd.o
#23 24.70     CC       res-mr.o
#23 24.75     CC       res-cq.o
#23 24.80     CC       res-cmid.o
#23 24.87     CC       res-qp.o
#23 24.94     CC       sys.o
#23 24.99     CC       stat.o
#23 25.21     CC       stat-mr.o
#23 25.25     CC       res-ctx.o
#23 25.29     CC       res-srq.o
#23 25.36     LINK     rdma
#23 25.38 
#23 25.38 dcb
#23 25.38     CC       dcb.o
#23 25.50     CC       dcb_app.o
#23 25.69     CC       dcb_buffer.o
#23 25.76     CC       dcb_dcbx.o
#23 25.81     CC       dcb_ets.o
#23 25.91     CC       dcb_maxrate.o
#23 25.96     CC       dcb_pfc.o
#23 26.02     CC       dcb_apptrust.o
#23 26.08     CC       dcb_rewr.o
#23 26.15     LINK     dcb
#23 26.17 
#23 26.17 vdpa
#23 26.17     CC       vdpa.o
#23 26.18 In file included from vdpa.c:19:
#23 26.18 ../include/json_print.h:80:30: warning: 'struct timeval' declared inside parameter list will not be visible outside of this definition or declaration
#23 26.18    80 | _PRINT_FUNC(tv, const struct timeval *)
#23 26.18       |                              ^~~~~~~
#23 26.18 ../include/json_print.h:50:37: note: in definition of macro '_PRINT_FUNC'
#23 26.18    50 |                                     type value);                        \
#23 26.18       |                                     ^~~~
#23 26.18 ../include/json_print.h:80:30: warning: 'struct timeval' declared inside parameter list will not be visible outside of this definition or declaration
#23 26.18    80 | _PRINT_FUNC(tv, const struct timeval *)
#23 26.18       |                              ^~~~~~~
#23 26.18 ../include/json_print.h:55:45: note: in definition of macro '_PRINT_FUNC'
#23 26.18    55 |                                             type value)                 \
#23 26.18       |                                             ^~~~
#23 26.18 ../include/json_print.h: In function 'print_tv':
#23 26.18 ../include/json_print.h:58:48: warning: passing argument 5 of 'print_color_tv' from incompatible pointer type [-Wincompatible-pointer-types]
#23 26.18    58 |                                                value);                  \
#23 26.18       |                                                ^~~~~
#23 26.18       |                                                |
#23 26.18       |                                                const struct timeval *
#23 26.18 ../include/json_print.h:80:1: note: in expansion of macro '_PRINT_FUNC'
#23 26.18    80 | _PRINT_FUNC(tv, const struct timeval *)
#23 26.18       | ^~~~~~~~~~~
#23 26.18 ../include/json_print.h:50:42: note: expected 'const struct timeval *' but argument is of type 'const struct timeval *'
#23 26.18    50 |                                     type value);                        \
#23 26.18       |                                          ^
#23 26.18 ../include/json_print.h:80:1: note: in expansion of macro '_PRINT_FUNC'
#23 26.18    80 | _PRINT_FUNC(tv, const struct timeval *)
#23 26.18       | ^~~~~~~~~~~
#23 26.34     LINK     vdpa
#23 DONE 26.4s

#24 [20/22] RUN git clone --no-single-branch --depth=1 https://github.com/linux-netdev/testing.git /nipa-data/kernel
#24 0.414 Cloning into '/nipa-data/kernel'...
#24 18.40 Updating files:  15% (13005/83283)Updating files:  16% (13326/83283)Updating files:  17% (14159/83283)Updating files:  18% (14991/83283)Updating files:  19% (15824/83283)Updating files:  20% (16657/83283)Updating files:  21% (17490/83283)Updating files:  22% (18323/83283)Updating files:  23% (19156/83283)Updating files:  24% (19988/83283)Updating files:  25% (20821/83283)Updating files:  26% (21654/83283)Updating files:  27% (22487/83283)Updating files:  28% (23320/83283)Updating files:  29% (24153/83283)Updating files:  30% (24985/83283)Updating files:  31% (25818/83283)Updating files:  32% (26651/83283)Updating files:  33% (27484/83283)Updating files:  33% (28096/83283)Updating files:  34% (28317/83283)Updating files:  35% (29150/83283)Updating files:  36% (29982/83283)Updating files:  37% (30815/83283)Updating files:  38% (31648/83283)Updating files:  39% (32481/83283)Updating files:  40% (33314/83283)Updating files:  40% (33600/83283)Updating files:  41% (34147/83283)Updating files:  42% (34979/83283)Updating files:  43% (35812/83283)Updating files:  44% (36645/83283)Updating files:  45% (37478/83283)Updating files:  46% (38311/83283)Updating files:  47% (39144/83283)Updating files:  48% (39976/83283)Updating files:  49% (40809/83283)Updating files:  50% (41642/83283)Updating files:  50% (41956/83283)Updating files:  51% (42475/83283)Updating files:  52% (43308/83283)Updating files:  53% (44140/83283)Updating files:  54% (44973/83283)Updating files:  55% (45806/83283)Updating files:  56% (46639/83283)Updating files:  57% (47472/83283)Updating files:  58% (48305/83283)Updating files:  59% (49137/83283)Updating files:  60% (49970/83283)Updating files:  61% (50803/83283)Updating files:  62% (51636/83283)Updating files:  63% (52469/83283)Updating files:  63% (53003/83283)Updating files:  64% (53302/83283)Updating files:  65% (54134/83283)Updating files:  66% (54967/83283)Updating files:  67% (55800/83283)Updating files:  68% (56633/83283)Updating files:  69% (57466/83283)Updating files:  70% (58299/83283)Updating files:  71% (59131/83283)Updating files:  72% (59964/83283)Updating files:  73% (60797/83283)Updating files:  74% (61630/83283)Updating files:  75% (62463/83283)Updating files:  76% (63296/83283)Updating files:  77% (64128/83283)Updating files:  78% (64961/83283)Updating files:  79% (65794/83283)Updating files:  80% (66627/83283)Updating files:  81% (67460/83283)Updating files:  81% (67897/83283)Updating files:  82% (68293/83283)Updating files:  83% (69125/83283)Updating files:  84% (69958/83283)Updating files:  85% (70791/83283)Updating files:  86% (71624/83283)Updating files:  87% (72457/83283)Updating files:  88% (73290/83283)Updating files:  89% (74122/83283)Updating files:  90% (74955/83283)Updating files:  91% (75788/83283)Updating files:  92% (76621/83283)Updating files:  93% (77454/83283)Updating files:  94% (78287/83283)Updating files:  95% (79119/83283)Updating files:  96% (79952/83283)Updating files:  97% (80785/83283)Updating files:  98% (81618/83283)Updating files:  99% (82451/83283)Updating files: 100% (83283/83283)Updating files: 100% (83283/83283), done.
#24 DONE 26.2s

#25 [21/22] RUN git clone --depth=1 -b main https://github.com/p4tc-dev/new-nipa.git nipa
#25 0.349 Cloning into 'nipa'...
#25 DONE 0.7s

#26 [22/22] COPY entrypoint.sh /entrypoint.sh
#26 DONE 0.0s

#27 exporting to image
#27 exporting layers
#27 exporting layers 9.8s done
#27 writing image sha256:0a713518816ee71138a97d39121dbc7a53b8f3a8bcfa42294b6b9f245f038d7f
#27 writing image sha256:0a713518816ee71138a97d39121dbc7a53b8f3a8bcfa42294b6b9f245f038d7f 0.1s done
#27 naming to docker.io/library/nipa-executor
#27 naming to docker.io/library/nipa-executor 0.2s done
#27 DONE 10.1s
=== >>> DEBUG KERNEL <<< ===
NIPA version: 1b9c21a (ui: set canvas background color to stand out, 2024-03-28)
INFO: Last run date: 2024-04-22 06:00:14.673817+00:00
Testing  {'branch': 'net-next-2024-04-22--09-00', 'date': '2024-04-22T09:00:02.482717+00:00', 'base': '55f92449fbab8c310f1f7ee227be376b8b7a62c9', 'url': 'https://github.com/linux-netdev/testing.git net-next-2024-04-22--09-00'}
Updating files:  46% (6949/14929)Updating files:  47% (7017/14929)Updating files:  48% (7166/14929)Updating files:  49% (7316/14929)Updating files:  50% (7465/14929)Updating files:  51% (7614/14929)Updating files:  52% (7764/14929)Updating files:  53% (7913/14929)Updating files:  54% (8062/14929)Updating files:  55% (8211/14929)Updating files:  56% (8361/14929)Updating files:  57% (8510/14929)Updating files:  58% (8659/14929)Updating files:  59% (8809/14929)Updating files:  60% (8958/14929)Updating files:  61% (9107/14929)Updating files:  62% (9256/14929)Updating files:  63% (9406/14929)Updating files:  64% (9555/14929)Updating files:  65% (9704/14929)Updating files:  66% (9854/14929)Updating files:  67% (10003/14929)Updating files:  68% (10152/14929)Updating files:  69% (10302/14929)Updating files:  70% (10451/14929)Updating files:  71% (10600/14929)Updating files:  72% (10749/14929)Updating files:  73% (10899/14929)Updating files:  74% (11048/14929)Updating files:  75% (11197/14929)Updating files:  76% (11347/14929)Updating files:  77% (11496/14929)Updating files:  78% (11645/14929)Updating files:  79% (11794/14929)Updating files:  80% (11944/14929)Updating files:  81% (12093/14929)Updating files:  82% (12242/14929)Updating files:  83% (12392/14929)Updating files:  84% (12541/14929)Updating files:  85% (12690/14929)Updating files:  86% (12839/14929)Updating files:  87% (12989/14929)Updating files:  88% (13138/14929)Updating files:  89% (13287/14929)Updating files:  89% (13343/14929)Updating files:  90% (13437/14929)Updating files:  91% (13586/14929)Updating files:  92% (13735/14929)Updating files:  93% (13884/14929)Updating files:  94% (14034/14929)Updating files:  95% (14183/14929)Updating files:  96% (14332/14929)Updating files:  97% (14482/14929)Updating files:  98% (14631/14929)Updating files:  99% (14780/14929)Updating files: 100% (14929/14929)Updating files: 100% (14929/14929), done.
branch 'net-next-2024-04-22--09-00' set up to track 'origin/net-next-2024-04-22--09-00'.
Switched to a new branch 'net-next-2024-04-22--09-00'
error: No valid patches in input (allow with "--allow-empty")
Checking patch tools/testing/selftests/tc-testing/tdc_config.py...
Applied patch tools/testing/selftests/tc-testing/tdc_config.py cleanly.
Run at 2024-04-22 09:23:28.378189
INFO: building kernel
INFO: starting VM 0
INFO: thr0-0 VM starting: vng -v -r arch/x86/boot/bzImage --user root --rwdir=/nipa-data/kernel/
INFO: thr0-0 expecting prompt: '/nipa-data/kernel# '
INFO: thr0-0 reached initial prompt
INFO: thr-0 testing == tdc.sh
INFO: thr-0 tdc.sh >> retcode: 0 result: pass found {'fail': False, 'skip': False, 'pass': True}
INFO: thr-0 has no more work, exiting
INFO: thr0-0 VM stopped
Done at 2024-04-22 09:28:05.315848
NIPA quitting!
/
~/nipa/tc-executor/tc-executor-storage /
sort: write failed: 'standard output': Broken pipe
sort: write error
