~/nipa/tc-executor/tc-executor-storage /
Switched to branch 'storage'
Your branch is ahead of 'origin/storage' by 576 commits.
  (use "git push" to publish your local commits)
/
~/nipa/tc-executor /
Error response from daemon: No such image: nipa-executor:latest
#0 building with "default" instance using docker driver

#1 [internal] load build definition from Dockerfile
#1 transferring dockerfile: 2.05kB done
#1 DONE 0.0s

#2 [internal] load .dockerignore
#2 transferring context: 2B done
#2 DONE 0.0s

#3 [internal] load metadata for docker.io/library/alpine:edge
#3 DONE 0.0s

#4 [ 1/22] FROM docker.io/library/alpine:edge
#4 CACHED

#5 [internal] load build context
#5 transferring context: 3.02kB done
#5 DONE 0.0s

#6 [ 2/22] RUN echo false > debug-mode
#6 DONE 0.7s

#7 [ 3/22] RUN addgroup -g 1001 hostuser
#7 DONE 0.5s

#8 [ 4/22] RUN adduser -u 1001 -G hostuser -H -D -s /bin/ash hostuser
#8 DONE 0.4s

#9 [ 5/22] RUN echo '@testing http://dl-cdn.alpinelinux.org/alpine/edge/testing' >> /etc/apk/repositories
#9 DONE 0.5s

#10 [ 6/22] RUN echo '@community http://dl-cdn.alpinelinux.org/alpine/edge/community' >> /etc/apk/repositories
#10 DONE 0.4s

#11 [ 7/22] RUN apk update && apk add --no-cache    virtme-ng@testing    git    py3-requests    py3-psutil    py3-setuptools    py3-pyroute2    py3-argcomplete    qemu-system-x86_64@community    scapy@community    make    gcc    musl-dev    flex    bison    linux-headers    elfutils-dev    util-linux    coreutils    diffutils    findutils    file    bash    kmod    perl    iptables-dev    libcap-dev    libmnl-dev    iproute2     jq    libbpf-dev    rsync    openssl-dev
#11 0.394 fetch https://dl-cdn.alpinelinux.org/alpine/edge/main/x86_64/APKINDEX.tar.gz
#11 0.610 fetch https://dl-cdn.alpinelinux.org/alpine/edge/community/x86_64/APKINDEX.tar.gz
#11 0.815 fetch http://dl-cdn.alpinelinux.org/alpine/edge/testing/x86_64/APKINDEX.tar.gz
#11 1.013 fetch http://dl-cdn.alpinelinux.org/alpine/edge/community/x86_64/APKINDEX.tar.gz
#11 1.265 v20240329-2859-gfee7a754416 [https://dl-cdn.alpinelinux.org/alpine/edge/main]
#11 1.265 v20240329-2862-gc08e31b8781 [https://dl-cdn.alpinelinux.org/alpine/edge/community]
#11 1.265 v20240329-2855-ge26b26b1e3a [http://dl-cdn.alpinelinux.org/alpine/edge/testing]
#11 1.265 v20240329-2862-gc08e31b8781 [http://dl-cdn.alpinelinux.org/alpine/edge/community]
#11 1.265 OK: 31279 distinct packages available
#11 1.324 fetch https://dl-cdn.alpinelinux.org/alpine/edge/main/x86_64/APKINDEX.tar.gz
#11 1.422 fetch https://dl-cdn.alpinelinux.org/alpine/edge/community/x86_64/APKINDEX.tar.gz
#11 1.512 fetch http://dl-cdn.alpinelinux.org/alpine/edge/testing/x86_64/APKINDEX.tar.gz
#11 1.603 fetch http://dl-cdn.alpinelinux.org/alpine/edge/community/x86_64/APKINDEX.tar.gz
#11 1.840 (1/176) Upgrading musl (1.2.4_git20230717-r5 -> 1.2.5-r0)
#11 1.857 (2/176) Upgrading libcrypto3 (3.1.4-r2 -> 3.3.0-r1)
#11 1.890 (3/176) Upgrading libssl3 (3.1.4-r2 -> 3.3.0-r1)
#11 1.910 (4/176) Upgrading zlib (1.3-r2 -> 1.3.1-r1)
#11 1.923 (5/176) Installing ncurses-terminfo-base (6.4_p20240330-r0)
#11 1.936 (6/176) Installing libncursesw (6.4_p20240330-r0)
#11 1.952 (7/176) Installing readline (8.2.10-r0)
#11 1.966 (8/176) Installing bash (5.2.26-r0)
#11 1.987 Executing bash-5.2.26-r0.post-install
#11 1.990 (9/176) Installing m4 (1.4.19-r3)
#11 2.004 (10/176) Installing bison (3.8.2-r1)
#11 2.025 (11/176) Installing coreutils-env (9.5-r1)
#11 2.037 (12/176) Installing coreutils-fmt (9.5-r1)
#11 2.049 (13/176) Installing coreutils-sha512sum (9.5-r1)
#11 2.061 (14/176) Installing libacl (2.3.2-r0)
#11 2.073 (15/176) Installing libattr (2.5.2-r0)
#11 2.085 (16/176) Installing skalibs (2.14.1.1-r0)
#11 2.099 (17/176) Installing utmps-libs (0.1.2.2-r1)
#11 2.110 (18/176) Installing coreutils (9.5-r1)
#11 2.134 (19/176) Installing diffutils (3.10-r0)
#11 2.148 (20/176) Installing zstd-libs (1.5.6-r0)
#11 2.163 (21/176) Installing libelf (0.191-r0)
#11 2.176 (22/176) Installing libbz2 (1.0.8-r6)
#11 2.188 (23/176) Installing musl-fts (1.2.7-r6)
#11 2.200 (24/176) Installing xz-libs (5.6.1-r3)
#11 2.213 (25/176) Installing libdw (0.191-r0)
#11 2.228 (26/176) Installing libasm (0.191-r0)
#11 2.240 (27/176) Installing xz (5.6.1-r3)
#11 2.255 (28/176) Installing pkgconf (2.2.0-r0)
#11 2.268 (29/176) Installing xz-dev (5.6.1-r3)
#11 2.282 (30/176) Installing libgcc (13.2.1_git20240309-r0)
#11 2.394 (31/176) Installing libstdc++ (13.2.1_git20240309-r0)
#11 2.418 (32/176) Installing zstd (1.5.6-r0)
#11 2.432 (33/176) Installing zstd-dev (1.5.6-r0)
#11 2.445 (34/176) Installing zlib-dev (1.3.1-r1)
#11 2.457 (35/176) Installing elfutils-dev (0.191-r0)
#11 2.479 (36/176) Installing libmagic (5.45-r1)
#11 2.506 (37/176) Installing file (5.45-r1)
#11 2.518 (38/176) Installing findutils (4.9.0-r5)
#11 2.532 (39/176) Installing flex (2.6.4-r6)
#11 2.547 (40/176) Installing jansson (2.14-r4)
#11 2.559 (41/176) Installing binutils (2.42-r0)
#11 2.617 (42/176) Installing libgomp (13.2.1_git20240309-r0)
#11 2.632 (43/176) Installing libatomic (13.2.1_git20240309-r0)
#11 2.644 (44/176) Installing gmp (6.3.0-r0)
#11 2.662 (45/176) Installing isl26 (0.26-r1)
#11 2.687 (46/176) Installing mpfr4 (4.2.1-r0)
#11 2.703 (47/176) Installing mpc1 (1.3.1-r1)
#11 2.717 (48/176) Installing gcc (13.2.1_git20240309-r0)
#11 3.204 (49/176) Installing ca-certificates (20240226-r0)
#11 3.226 (50/176) Installing brotli-libs (1.1.0-r2)
#11 3.244 (51/176) Installing c-ares (1.28.1-r0)
#11 3.258 (52/176) Installing libunistring (1.2-r0)
#11 3.280 (53/176) Installing libidn2 (2.3.7-r0)
#11 3.294 (54/176) Installing nghttp2-libs (1.61.0-r0)
#11 3.307 (55/176) Installing libpsl (0.21.5-r1)
#11 3.320 (56/176) Installing libcurl (8.7.1-r0)
#11 3.336 (57/176) Installing libexpat (2.6.2-r0)
#11 3.348 (58/176) Installing pcre2 (10.43-r0)
#11 3.364 (59/176) Installing git (2.45.0-r0)
#11 3.416 (60/176) Installing git-init-template (2.45.0-r0)
#11 3.428 (61/176) Installing libcap2 (2.69-r1)
#11 3.440 (62/176) Installing libmnl (1.0.5-r2)
#11 3.452 (63/176) Installing iproute2-minimal (6.8.0-r0)
#11 3.470 (64/176) Installing libxtables (1.8.10-r3)
#11 3.482 (65/176) Installing iproute2-tc (6.8.0-r0)
#11 3.498 (66/176) Installing iproute2-ss (6.8.0-r0)
#11 3.511 (67/176) Installing iproute2 (6.8.0-r0)
#11 3.526 Executing iproute2-6.8.0-r0.post-install
#11 3.529 (68/176) Installing linux-headers (6.6-r0)
#11 3.619 (69/176) Installing libip4tc (1.8.10-r3)
#11 3.719 (70/176) Installing libip6tc (1.8.10-r3)
#11 3.734 (71/176) Installing libipq (1.8.10-r3)
#11 3.746 (72/176) Installing iptables-dev (1.8.10-r3)
#11 3.758 (73/176) Installing oniguruma (6.9.9-r0)
#11 3.774 (74/176) Installing jq (1.7.1-r0)
#11 3.791 (75/176) Installing kmod (32-r0)
#11 3.805 (76/176) Installing libbpf (1.4.0-r0)
#11 3.820 (77/176) Installing libbpf-dev (1.4.0-r0)
#11 3.839 (78/176) Installing libcap-dev (2.69-r1)
#11 3.939 (79/176) Installing libmnl-dev (1.0.5-r2)
#11 3.950 (80/176) Installing make (4.4.1-r2)
#11 3.965 (81/176) Installing musl-dev (1.2.5-r0)
#11 4.028 (82/176) Installing openssl-dev (3.3.0-r1)
#11 4.056 (83/176) Installing perl (5.38.2-r0)
#11 4.255 (84/176) Installing perl-error (0.17029-r2)
#11 4.355 (85/176) Installing perl-git (2.45.0-r0)
#11 4.455 (86/176) Installing git-perl (2.45.0-r0)
#11 4.468 (87/176) Installing libffi (3.4.6-r0)
#11 4.480 (88/176) Installing gdbm (1.23-r1)
#11 4.492 (89/176) Installing mpdecimal (4.0.0-r0)
#11 4.505 (90/176) Installing libpanelw (6.4_p20240330-r0)
#11 4.517 (91/176) Installing sqlite-libs (3.45.3-r0)
#11 4.719 (92/176) Installing python3 (3.12.3-r1)
#11 4.842 (93/176) Installing python3-pycache-pyc0 (3.12.3-r1)
#11 4.925 (94/176) Installing pyc (3.12.3-r1)
#11 5.025 (95/176) Installing py3-argcomplete-pyc (3.3.0-r0)
#11 5.039 (96/176) Installing python3-pyc (3.12.3-r1)
#11 5.138 (97/176) Installing py3-argcomplete (3.3.0-r0)
#11 5.152 (98/176) Installing py3-psutil (5.9.8-r1)
#11 5.168 (99/176) Installing py3-psutil-pyc (5.9.8-r1)
#11 5.184 (100/176) Installing py3-pyroute2 (0.7.12-r1)
#11 5.220 (101/176) Installing py3-pyroute2-pyc (0.7.12-r1)
#11 5.259 (102/176) Installing py3-certifi (2024.2.2-r1)
#11 5.271 (103/176) Installing py3-certifi-pyc (2024.2.2-r1)
#11 5.286 (104/176) Installing py3-charset-normalizer (3.3.2-r1)
#11 5.301 (105/176) Installing py3-charset-normalizer-pyc (3.3.2-r1)
#11 5.314 (106/176) Installing py3-idna (3.7-r0)
#11 5.328 (107/176) Installing py3-idna-pyc (3.7-r0)
#11 5.342 (108/176) Installing py3-urllib3 (1.26.18-r1)
#11 5.360 (109/176) Installing py3-urllib3-pyc (1.26.18-r1)
#11 5.378 (110/176) Installing py3-requests (2.31.0-r2)
#11 5.480 (111/176) Installing py3-requests-pyc (2.31.0-r2)
#11 5.494 (112/176) Installing py3-parsing (3.1.2-r1)
#11 5.509 (113/176) Installing py3-parsing-pyc (3.1.2-r1)
#11 5.527 (114/176) Installing py3-packaging (24.0-r1)
#11 5.541 (115/176) Installing py3-packaging-pyc (24.0-r1)
#11 5.560 (116/176) Installing py3-setuptools (69.5.1-r0)
#11 5.596 (117/176) Installing py3-setuptools-pyc (69.5.1-r0)
#11 5.642 (118/176) Installing libcap-ng (0.8.4-r0)
#11 5.657 (119/176) Installing libintl (0.22.5-r0)
#11 5.669 (120/176) Installing libeconf (0.6.2-r0)
#11 5.680 (121/176) Installing libblkid (2.40-r2)
#11 5.694 (122/176) Installing libmount (2.40-r2)
#11 5.710 (123/176) Installing glib (2.80.0-r3)
#11 5.746 (124/176) Installing numactl (2.0.18-r0)
#11 5.758 (125/176) Installing qemu (9.0.0-r0)
#11 5.775 Executing qemu-9.0.0-r0.pre-install
#11 5.853 Executing qemu-9.0.0-r0.post-install
#11 5.856 *
#11 5.856 * If you want to run VM as unprivileged user and let Qemu create tunX devices,
#11 5.856 * then you must add that user to the group "qemu".
#11 5.856 * If you use KVM for hardware-assisted virtualization, then you may also need
#11 5.856 * to add that user to the group "kvm".
#11 5.856 *
#11 5.856 (126/176) Installing qemu-bridge-helper (9.0.0-r0)
#11 5.873 (127/176) Installing libaio (0.3.113-r2)
#11 5.884 (128/176) Installing capstone (5.0.1-r4)
#11 6.007 (129/176) Installing nettle (3.9.1-r0)
#11 6.024 (130/176) Installing libtasn1 (4.19.0-r2)
#11 6.036 (131/176) Installing p11-kit (0.25.3-r0)
#11 6.058 (132/176) Installing gnutls (3.8.3-r0)
#11 6.081 (133/176) Installing libjpeg-turbo (3.0.2-r0)
#11 6.097 (134/176) Installing lzo (2.10-r5)
#11 6.111 (135/176) Installing pixman (0.43.2-r0)
#11 6.127 (136/176) Installing libpng (1.6.43-r0)
#11 6.140 (137/176) Installing libsasl (2.1.28-r6)
#11 6.154 (138/176) Installing libseccomp (2.5.5-r1)
#11 6.167 (139/176) Installing libslirp (4.7.0-r0)
#11 6.180 (140/176) Installing snappy (1.1.10-r2)
#11 6.193 (141/176) Installing liburing (2.5-r1)
#11 6.205 (142/176) Installing vde2-libs (2.3.3-r3)
#11 6.218 (143/176) Installing qemu-system-x86_64 (9.0.0-r0)
#11 6.325 (144/176) Installing lz4-libs (1.9.4-r5)
#11 6.339 (145/176) Installing popt (1.19-r3)
#11 6.351 (146/176) Installing libxxhash (0.8.2-r2)
#11 6.363 (147/176) Installing rsync (3.3.0-r0)
#11 6.379 (148/176) Installing scapy (2.5.0-r3)
#11 6.428 Executing scapy-2.5.0-r3.post-install
#11 6.430 *
#11 6.430 * Certain optional features of scapy also depend on the following packages:
#11 6.430 *     py3-matplotlib graphviz imagemagick py3-cryptography sox
#11 6.430 * And the following unpackaged dependencies:
#11 6.430 *     pyxi vpython-jupyter nmap<v4.23
#11 6.430 * More information can be found at https://scapy.readthedocs.io/en/latest/installation.html#optional-dependencies
#11 6.430 *
#11 6.430 (149/176) Installing scapy-pyc (2.5.0-r3)
#11 6.494 (150/176) Installing util-linux (2.40-r2)
#11 6.507 (151/176) Installing setarch (2.40-r2)
#11 6.518 (152/176) Installing libuuid (2.40-r2)
#11 6.530 (153/176) Installing libfdisk (2.40-r2)
#11 6.544 (154/176) Installing libsmartcols (2.40-r2)
#11 6.557 (155/176) Installing util-linux-misc (2.40-r2)
#11 6.587 (156/176) Installing linux-pam (1.6.0-r0)
#11 6.608 (157/176) Installing runuser (2.40-r2)
#11 6.620 (158/176) Installing mount (2.40-r2)
#11 6.632 (159/176) Installing losetup (2.40-r2)
#11 6.647 (160/176) Installing hexdump (2.40-r2)
#11 6.659 (161/176) Installing uuidgen (2.40-r2)
#11 6.672 (162/176) Installing blkid (2.40-r2)
#11 6.684 (163/176) Installing sfdisk (2.40-r2)
#11 6.697 (164/176) Installing mcookie (2.40-r2)
#11 6.708 (165/176) Installing agetty (2.40-r2)
#11 6.808 (166/176) Installing wipefs (2.40-r2)
#11 6.820 (167/176) Installing cfdisk (2.40-r2)
#11 6.832 (168/176) Installing umount (2.40-r2)
#11 6.844 (169/176) Installing flock (2.40-r2)
#11 6.855 (170/176) Installing lsblk (2.40-r2)
#11 6.868 (171/176) Installing setpriv (2.40-r2)
#11 6.880 (172/176) Installing logger (2.40-r2)
#11 6.891 (173/176) Installing partx (2.40-r2)
#11 6.903 (174/176) Installing fstrim (2.40-r2)
#11 6.915 (175/176) Installing findmnt (2.40-r2)
#11 6.927 (176/176) Installing virtme-ng@testing (1.23-r1)
#11 6.980 Executing busybox-1.36.1-r17.trigger
#11 6.983 Executing ca-certificates-20240226-r0.trigger
#11 7.003 Executing glib-2.80.0-r3.trigger
#11 7.008 OK: 384 MiB in 187 packages
#11 DONE 7.3s

#12 [ 8/22] RUN mkdir -p /tmp/kernel-patches &&     mkdir -p /tmp/iproute2-patches
#12 DONE 0.3s

#13 [ 9/22] COPY tdc.config /tmp
#13 DONE 0.0s

#14 [10/22] COPY tdc-debug.config /tmp
#14 DONE 0.0s

#15 [11/22] COPY kernel-patches /tmp/kernel-patches/
#15 DONE 0.1s

#16 [12/22] COPY iproute2-patches /tmp/iproute2-patches/
#16 DONE 0.0s

#17 [13/22] COPY configs /tmp/configs/
#17 DONE 0.0s

#18 [14/22] RUN git config --global user.email foo@bar.com
#18 DONE 0.3s

#19 [15/22] RUN git config --global user.name foo@bar.com
#19 DONE 0.5s

#20 [16/22] RUN git clone https://git.kernel.org/pub/scm/network/iproute2/iproute2-next.git /nipa-data/iproute2
#20 0.418 Cloning into '/nipa-data/iproute2'...
#20 DONE 2.0s

#21 [17/22] RUN cd /nipa-data/iproute2 && 	git remote add stable https://git.kernel.org/pub/scm/network/iproute2/iproute2.git && 	git fetch --all && 	git merge stable/main
#21 0.338 Fetching origin
#21 0.615 Fetching stable
#21 1.091 From https://git.kernel.org/pub/scm/network/iproute2/iproute2
#21 1.091  * [new branch]        codeql         -> stable/codeql
#21 1.091  * [new branch]        iproute2-4.1.x -> stable/iproute2-4.1.x
#21 1.091  * [new branch]        main           -> stable/main
#21 1.128 Auto-merging ip/iplink.c
#21 1.128 Auto-merging man/man8/ip-link.8.in
#21 1.128 Auto-merging tc/f_u32.c
#21 1.128 Auto-merging tc/m_sample.c
#21 1.142 Merge made by the 'ort' strategy.
#21 1.147  ip/ip.c                        | 10 +++++-----
#21 1.147  ip/iplink.c                    |  2 +-
#21 1.147  ip/iproute_lwtunnel.c          |  7 ++-----
#21 1.147  ip/rtmon.c                     |  4 ++--
#21 1.147  lib/exec.c                     |  7 ++++++-
#21 1.147  man/man8/ip-link.8.in          |  2 +-
#21 1.147  tc/f_u32.c                     |  2 +-
#21 1.147  tc/m_sample.c                  |  7 ++-----
#21 1.147  tc/tc.c                        |  2 +-
#21 1.147  vdpa/include/uapi/linux/vdpa.h |  6 +++---
#21 1.147  10 files changed, 24 insertions(+), 25 deletions(-)
#21 DONE 1.2s

#22 [18/22] RUN if [ "$(find /tmp/iproute2-patches/ -name *.patch)" ]; then  	cd /nipa-data/iproute2; 	git apply /tmp/iproute2-patches/*.patch;     fi
#22 DONE 0.4s

#23 [19/22] RUN cd /nipa-data/iproute2/ &&     ./configure &&     make
#23 0.383 TC schedulers
#23 0.384  IPT	using xtables
#23 0.417  IPSET  yes
#23 0.438 
#23 0.439 lib directory: /usr/lib
#23 0.439 libc has setns: yes
#23 0.463 libc has name_to_handle_at: yes
#23 0.486 SELinux support: no
#23 0.487 libtirpc support: no
#23 0.488 libbpf support: yes
#23 0.558 	libbpf version 1.4.0
#23 0.558 ELF support: yes
#23 0.560 libmnl support: yes
#23 0.561 Berkeley DB: no
#23 0.571 need for strlcpy: no
#23 0.592 libcap support: yes
#23 0.593 color output: never
#23 0.596 
#23 0.596 lib
#23 0.597     CC       libgenl.o
#23 0.610 In file included from ../include/libgenl.h:5,
#23 0.610                  from libgenl.c:12:
#23 0.610 ../include/libnetlink.h: In function 'rta_getattr_be64':
#23 0.610 ../include/libnetlink.h:280:16: warning: implicit declaration of function 'htobe64' [-Wimplicit-function-declaration]
#23 0.610   280 |         return htobe64(rta_getattr_u64(rta));
#23 0.610       |                ^~~~~~~
#23 0.637     CC       libnetlink.o
#23 0.967     CC       mnl_utils.o
#23 0.979 In file included from mnl_utils.c:12:
#23 0.979 ../include/libnetlink.h: In function 'rta_getattr_be64':
#23 0.979 ../include/libnetlink.h:280:16: warning: implicit declaration of function 'htobe64' [-Wimplicit-function-declaration]
#23 0.979   280 |         return htobe64(rta_getattr_u64(rta));
#23 0.979       |                ^~~~~~~
#23 1.045     AR       libnetlink.a
#23 1.047     CC       utils.o
#23 1.425     CC       utils_math.o
#23 1.469     CC       rt_names.o
#23 1.631     CC       ll_map.o
#23 1.644 In file included from ll_map.c:17:
#23 1.644 ../include/libnetlink.h: In function 'rta_getattr_be64':
#23 1.644 ../include/libnetlink.h:280:16: warning: implicit declaration of function 'htobe64' [-Wimplicit-function-declaration]
#23 1.644   280 |         return htobe64(rta_getattr_u64(rta));
#23 1.644       |                ^~~~~~~
#23 1.719     CC       ll_types.o
#23 1.732 In file included from ll_types.c:20:
#23 1.732 ../include/uapi/linux/sockios.h:42: warning: "SIOCGSTAMP" redefined
#23 1.732    42 | #define SIOCGSTAMP      SIOCGSTAMP_OLD
#23 1.732       | 
#23 1.732 In file included from /usr/include/sys/ioctl.h:10,
#23 1.732                  from ll_types.c:12:
#23 1.732 /usr/include/bits/ioctl.h:111: note: this is the location of the previous definition
#23 1.732   111 | #define SIOCGSTAMP      0x8906
#23 1.732       | 
#23 1.732 ../include/uapi/linux/sockios.h:43: warning: "SIOCGSTAMPNS" redefined
#23 1.732    43 | #define SIOCGSTAMPNS    SIOCGSTAMPNS_OLD
#23 1.732       | 
#23 1.732 /usr/include/bits/ioctl.h:112: note: this is the location of the previous definition
#23 1.732   112 | #define SIOCGSTAMPNS    0x8907
#23 1.732       | 
#23 1.747     CC       ll_proto.o
#23 1.762 In file included from ll_proto.c:21:
#23 1.762 ../include/uapi/linux/sockios.h:42: warning: "SIOCGSTAMP" redefined
#23 1.762    42 | #define SIOCGSTAMP      SIOCGSTAMP_OLD
#23 1.762       | 
#23 1.762 In file included from /usr/include/sys/ioctl.h:10,
#23 1.762                  from ll_proto.c:13:
#23 1.762 /usr/include/bits/ioctl.h:111: note: this is the location of the previous definition
#23 1.762   111 | #define SIOCGSTAMP      0x8906
#23 1.762       | 
#23 1.762 ../include/uapi/linux/sockios.h:43: warning: "SIOCGSTAMPNS" redefined
#23 1.762    43 | #define SIOCGSTAMPNS    SIOCGSTAMPNS_OLD
#23 1.762       | 
#23 1.762 /usr/include/bits/ioctl.h:112: note: this is the location of the previous definition
#23 1.762   112 | #define SIOCGSTAMPNS    0x8907
#23 1.762       | 
#23 1.781     CC       ll_addr.o
#23 1.794 In file included from ll_addr.c:20:
#23 1.794 ../include/uapi/linux/sockios.h:42: warning: "SIOCGSTAMP" redefined
#23 1.794    42 | #define SIOCGSTAMP      SIOCGSTAMP_OLD
#23 1.794       | 
#23 1.794 In file included from /usr/include/sys/ioctl.h:10,
#23 1.794                  from ll_addr.c:12:
#23 1.794 /usr/include/bits/ioctl.h:111: note: this is the location of the previous definition
#23 1.794   111 | #define SIOCGSTAMP      0x8906
#23 1.794       | 
#23 1.794 ../include/uapi/linux/sockios.h:43: warning: "SIOCGSTAMPNS" redefined
#23 1.794    43 | #define SIOCGSTAMPNS    SIOCGSTAMPNS_OLD
#23 1.794       | 
#23 1.794 /usr/include/bits/ioctl.h:112: note: this is the location of the previous definition
#23 1.794   112 | #define SIOCGSTAMPNS    0x8907
#23 1.794       | 
#23 1.821     CC       inet_proto.o
#23 1.850     CC       namespace.o
#23 1.901     CC       json_writer.o
#23 1.989     CC       json_print.o
#23 2.109     CC       json_print_math.o
#23 2.140     CC       names.o
#23 2.184     CC       color.o
#23 2.225     CC       bpf_legacy.o
#23 2.593     CC       bpf_glue.o
#23 2.628     CC       exec.o
#23 2.657     CC       fs.o
#23 2.719     CC       cg_map.o
#23 2.752     CC       ppp_proto.o
#23 2.775     CC       bpf_libbpf.o
#23 2.852     CC       selinux.o
#23 2.872     CC       ax25_ntop.o
#23 2.899     CC       rose_ntop.o
#23 2.912 In file included from rose_ntop.c:16:
#23 2.912 ../include/uapi/linux/sockios.h:42: warning: "SIOCGSTAMP" redefined
#23 2.912    42 | #define SIOCGSTAMP      SIOCGSTAMP_OLD
#23 2.912       | 
#23 2.912 In file included from /usr/include/sys/ioctl.h:10,
#23 2.912                  from rose_ntop.c:7:
#23 2.912 /usr/include/bits/ioctl.h:111: note: this is the location of the previous definition
#23 2.912   111 | #define SIOCGSTAMP      0x8906
#23 2.912       | 
#23 2.912 ../include/uapi/linux/sockios.h:43: warning: "SIOCGSTAMPNS" redefined
#23 2.912    43 | #define SIOCGSTAMPNS    SIOCGSTAMPNS_OLD
#23 2.912       | 
#23 2.912 /usr/include/bits/ioctl.h:112: note: this is the location of the previous definition
#23 2.912   112 | #define SIOCGSTAMPNS    0x8907
#23 2.912       | 
#23 2.932     CC       mpls_ntop.o
#23 2.961     CC       mpls_pton.o
#23 2.989     CC       netrom_ntop.o
#23 3.011     AR       libutil.a
#23 3.016 
#23 3.016 ip
#23 3.018     CC       ip.o
#23 3.090     CC       ipaddress.o
#23 3.104 In file included from ipaddress.c:26:
#23 3.104 ../include/uapi/linux/sockios.h:42: warning: "SIOCGSTAMP" redefined
#23 3.104    42 | #define SIOCGSTAMP      SIOCGSTAMP_OLD
#23 3.104       | 
#23 3.104 In file included from /usr/include/sys/ioctl.h:10,
#23 3.104                  from ipaddress.c:14:
#23 3.104 /usr/include/bits/ioctl.h:111: note: this is the location of the previous definition
#23 3.104   111 | #define SIOCGSTAMP      0x8906
#23 3.104       | 
#23 3.104 ../include/uapi/linux/sockios.h:43: warning: "SIOCGSTAMPNS" redefined
#23 3.104    43 | #define SIOCGSTAMPNS    SIOCGSTAMPNS_OLD
#23 3.104       | 
#23 3.104 /usr/include/bits/ioctl.h:112: note: this is the location of the previous definition
#23 3.104   112 | #define SIOCGSTAMPNS    0x8907
#23 3.104       | 
#23 3.563     CC       ipaddrlabel.o
#23 3.620     CC       iproute.o
#23 4.131     CC       iprule.o
#23 4.327     CC       ipnetns.o
#23 4.517     CC       rtm_map.o
#23 4.564     CC       iptunnel.o
#23 4.577 In file included from ../include/uapi/linux/if_tunnel.h:6,
#23 4.577                  from iptunnel.c:19:
#23 4.577 ../include/uapi/linux/if.h:134: warning: "IFF_VOLATILE" redefined
#23 4.577   134 | #define IFF_VOLATILE    (IFF_LOOPBACK|IFF_POINTOPOINT|IFF_BROADCAST|IFF_ECHO|\
#23 4.577       | 
#23 4.577 In file included from iptunnel.c:16:
#23 4.577 /usr/include/net/if.h:48: note: this is the location of the previous definition
#23 4.577    48 | #define IFF_VOLATILE (IFF_LOOPBACK|IFF_POINTOPOINT|IFF_BROADCAST| \
#23 4.577       | 
#23 4.708     CC       ip6tunnel.o
#23 4.817     CC       tunnel.o
#23 4.907     CC       ipneigh.o
#23 5.077     CC       ipntable.o
#23 5.196     CC       iplink.o
#23 5.469     CC       ipmaddr.o
#23 5.482 In file included from ipmaddr.c:21:
#23 5.482 ../include/uapi/linux/sockios.h:42: warning: "SIOCGSTAMP" redefined
#23 5.482    42 | #define SIOCGSTAMP      SIOCGSTAMP_OLD
#23 5.482       | 
#23 5.482 In file included from /usr/include/sys/ioctl.h:10,
#23 5.482                  from ipmaddr.c:12:
#23 5.482 /usr/include/bits/ioctl.h:111: note: this is the location of the previous definition
#23 5.482   111 | #define SIOCGSTAMP      0x8906
#23 5.482       | 
#23 5.482 ../include/uapi/linux/sockios.h:43: warning: "SIOCGSTAMPNS" redefined
#23 5.482    43 | #define SIOCGSTAMPNS    SIOCGSTAMPNS_OLD
#23 5.482       | 
#23 5.482 /usr/include/bits/ioctl.h:112: note: this is the location of the previous definition
#23 5.482   112 | #define SIOCGSTAMPNS    0x8907
#23 5.482       | 
#23 5.556     CC       ipmonitor.o
#23 5.625     CC       ipmroute.o
#23 5.638 In file included from ipmroute.c:22:
#23 5.638 ../include/uapi/linux/sockios.h:42: warning: "SIOCGSTAMP" redefined
#23 5.638    42 | #define SIOCGSTAMP      SIOCGSTAMP_OLD
#23 5.638       | 
#23 5.638 In file included from /usr/include/sys/ioctl.h:10,
#23 5.638                  from ipmroute.c:13:
#23 5.638 /usr/include/bits/ioctl.h:111: note: this is the location of the previous definition
#23 5.638   111 | #define SIOCGSTAMP      0x8906
#23 5.638       | 
#23 5.638 ../include/uapi/linux/sockios.h:43: warning: "SIOCGSTAMPNS" redefined
#23 5.638    43 | #define SIOCGSTAMPNS    SIOCGSTAMPNS_OLD
#23 5.638       | 
#23 5.638 /usr/include/bits/ioctl.h:112: note: this is the location of the previous definition
#23 5.638   112 | #define SIOCGSTAMPNS    0x8907
#23 5.638       | 
#23 5.699     CC       ipprefix.o
#23 5.729     CC       iptuntap.o
#23 5.841     CC       iptoken.o
#23 5.892     CC       ipxfrm.o
#23 6.180     CC       xfrm_state.o
#23 6.436     CC       xfrm_policy.o
#23 6.660     CC       xfrm_monitor.o
#23 6.734     CC       iplink_dummy.o
#23 6.754     CC       iplink_ifb.o
#23 6.775     CC       iplink_nlmon.o
#23 6.796     CC       iplink_team.o
#23 6.818     CC       iplink_vcan.o
#23 6.839     CC       iplink_vxcan.o
#23 6.865     CC       iplink_vlan.o
#23 6.933     CC       link_veth.o
#23 6.959     CC       link_gre.o
#23 6.969 In file included from ../include/uapi/linux/if_tunnel.h:6,
#23 6.969                  from link_gre.c:15:
#23 6.969 ../include/uapi/linux/if.h:134: warning: "IFF_VOLATILE" redefined
#23 6.969   134 | #define IFF_VOLATILE    (IFF_LOOPBACK|IFF_POINTOPOINT|IFF_BROADCAST|IFF_ECHO|\
#23 6.969       | 
#23 6.969 In file included from link_gre.c:9:
#23 6.969 /usr/include/net/if.h:48: note: this is the location of the previous definition
#23 6.969    48 | #define IFF_VOLATILE (IFF_LOOPBACK|IFF_POINTOPOINT|IFF_BROADCAST| \
#23 6.969       | 
#23 7.072     CC       iplink_can.o
#23 7.208     CC       iplink_xdp.o
#23 7.262     CC       iplink_macvlan.o
#23 7.327     CC       ipl2tp.o
#23 7.473     CC       link_vti.o
#23 7.484 In file included from ../include/uapi/linux/if_tunnel.h:6,
#23 7.484                  from link_vti.c:16:
#23 7.484 ../include/uapi/linux/if.h:134: warning: "IFF_VOLATILE" redefined
#23 7.484   134 | #define IFF_VOLATILE    (IFF_LOOPBACK|IFF_POINTOPOINT|IFF_BROADCAST|IFF_ECHO|\
#23 7.484       | 
#23 7.484 In file included from link_vti.c:10:
#23 7.484 /usr/include/net/if.h:48: note: this is the location of the previous definition
#23 7.484    48 | #define IFF_VOLATILE (IFF_LOOPBACK|IFF_POINTOPOINT|IFF_BROADCAST| \
#23 7.484       | 
#23 7.527     CC       link_vti6.o
#23 7.537 In file included from ../include/uapi/linux/if_tunnel.h:6,
#23 7.537                  from link_vti6.c:17:
#23 7.537 ../include/uapi/linux/if.h:134: warning: "IFF_VOLATILE" redefined
#23 7.537   134 | #define IFF_VOLATILE    (IFF_LOOPBACK|IFF_POINTOPOINT|IFF_BROADCAST|IFF_ECHO|\
#23 7.537       | 
#23 7.537 In file included from link_vti6.c:11:
#23 7.537 /usr/include/net/if.h:48: note: this is the location of the previous definition
#23 7.537    48 | #define IFF_VOLATILE (IFF_LOOPBACK|IFF_POINTOPOINT|IFF_BROADCAST| \
#23 7.537       | 
#23 7.581     CC       link_xfrm.o
#23 7.614     CC       iplink_vxlan.o
#23 7.760     CC       tcp_metrics.o
#23 7.859     CC       iplink_ipoib.o
#23 7.900     CC       ipnetconf.o
#23 7.954     CC       link_ip6tnl.o
#23 7.964 In file included from ../include/uapi/linux/if_tunnel.h:6,
#23 7.964                  from link_ip6tnl.c:15:
#23 7.964 ../include/uapi/linux/if.h:134: warning: "IFF_VOLATILE" redefined
#23 7.964   134 | #define IFF_VOLATILE    (IFF_LOOPBACK|IFF_POINTOPOINT|IFF_BROADCAST|IFF_ECHO|\
#23 7.964       | 
#23 7.964 In file included from link_ip6tnl.c:9:
#23 7.964 /usr/include/net/if.h:48: note: this is the location of the previous definition
#23 7.964    48 | #define IFF_VOLATILE (IFF_LOOPBACK|IFF_POINTOPOINT|IFF_BROADCAST| \
#23 7.964       | 
#23 8.049     CC       link_iptnl.o
#23 8.059 In file included from ../include/uapi/linux/if_tunnel.h:6,
#23 8.059                  from link_iptnl.c:16:
#23 8.059 ../include/uapi/linux/if.h:134: warning: "IFF_VOLATILE" redefined
#23 8.059   134 | #define IFF_VOLATILE    (IFF_LOOPBACK|IFF_POINTOPOINT|IFF_BROADCAST|IFF_ECHO|\
#23 8.059       | 
#23 8.059 In file included from link_iptnl.c:9:
#23 8.059 /usr/include/net/if.h:48: note: this is the location of the previous definition
#23 8.059    48 | #define IFF_VOLATILE (IFF_LOOPBACK|IFF_POINTOPOINT|IFF_BROADCAST| \
#23 8.059       | 
#23 8.142     CC       link_gre6.o
#23 8.152 In file included from ../include/uapi/linux/if_tunnel.h:6,
#23 8.152                  from link_gre6.c:15:
#23 8.152 ../include/uapi/linux/if.h:134: warning: "IFF_VOLATILE" redefined
#23 8.152   134 | #define IFF_VOLATILE    (IFF_LOOPBACK|IFF_POINTOPOINT|IFF_BROADCAST|IFF_ECHO|\
#23 8.152       | 
#23 8.152 In file included from link_gre6.c:9:
#23 8.152 /usr/include/net/if.h:48: note: this is the location of the previous definition
#23 8.152    48 | #define IFF_VOLATILE (IFF_LOOPBACK|IFF_POINTOPOINT|IFF_BROADCAST| \
#23 8.152       | 
#23 8.262     CC       iplink_bond.o
#23 8.431     CC       iplink_bond_slave.o
#23 8.483     CC       iplink_hsr.o
#23 8.527     CC       iplink_bridge.o
#23 8.670     CC       iplink_bridge_slave.o
#23 8.762     CC       iplink_dsa.o
#23 8.793     CC       ipfou.o
#23 8.806 In file included from ../include/libgenl.h:5,
#23 8.806                  from ipfou.c:18:
#23 8.806 ../include/libnetlink.h: In function 'rta_getattr_be64':
#23 8.806 ../include/libnetlink.h:280:16: warning: implicit declaration of function 'htobe64' [-Wimplicit-function-declaration]
#23 8.806   280 |         return htobe64(rta_getattr_u64(rta));
#23 8.806       |                ^~~~~~~
#23 8.871     CC       iplink_ipvlan.o
#23 8.908     CC       iplink_geneve.o
#23 8.994     CC       iplink_vrf.o
#23 9.040     CC       iproute_lwtunnel.o
#23 9.415     CC       ipmacsec.o
#23 9.657     CC       ipila.o
#23 9.671 In file included from ../include/libgenl.h:5,
#23 9.671                  from ipila.c:18:
#23 9.671 ../include/libnetlink.h: In function 'rta_getattr_be64':
#23 9.671 ../include/libnetlink.h:280:16: warning: implicit declaration of function 'htobe64' [-Wimplicit-function-declaration]
#23 9.671   280 |         return htobe64(rta_getattr_u64(rta));
#23 9.671       |                ^~~~~~~
#23 9.734     CC       ipvrf.o
#23 9.858     CC       iplink_xstats.o
#23 9.888     CC       ipseg6.o
#23 9.940     CC       iplink_netdevsim.o
#23 9.961     CC       iplink_rmnet.o
#23 9.990     CC       ipnexthop.o
#23 10.22     CC       ipmptcp.o
#23 10.33     CC       iplink_bareudp.o
#23 10.34 In file included from iplink_bareudp.c:9:
#23 10.34 ../include/libnetlink.h: In function 'rta_getattr_be64':
#23 10.34 ../include/libnetlink.h:280:16: warning: implicit declaration of function 'htobe64' [-Wimplicit-function-declaration]
#23 10.34   280 |         return htobe64(rta_getattr_u64(rta));
#23 10.34       |                ^~~~~~~
#23 10.38     CC       iplink_wwan.o
#23 10.41     CC       ipioam6.o
#23 10.50     CC       iplink_amt.o
#23 10.55     CC       iplink_batadv.o
#23 10.58     CC       iplink_gtp.o
#23 10.62     CC       iplink_virt_wifi.o
#23 10.64     CC       iplink_netkit.o
#23 10.69     CC       ipstats.o
#23 10.89     LINK     ip
#23 10.92     CC       rtmon.o
#23 10.97     LINK     rtmon
#23 10.99 
#23 10.99 tc
#23 10.99     CC       tc.o
#23 11.07     CC       tc_qdisc.o
#23 11.17     CC       tc_class.o
#23 11.28     CC       tc_filter.o
#23 11.44     CC       tc_util.o
#23 11.62     CC       tc_monitor.o
#23 11.65     CC       tc_exec.o
#23 11.69     CC       m_police.o
#23 11.78     CC       m_estimator.o
#23 11.81     CC       m_action.o
#23 11.96     CC       m_ematch.o
#23 12.07     YACC     emp_ematch.tab.c
#23 12.13     CC       emp_ematch.tab.o
#23 12.23     LEX      emp_ematch.lex.c
#23 12.24     CC       emp_ematch.lex.o
#23 12.41     CC       q_fifo.o
#23 12.44     CC       q_sfq.o
#23 12.51     CC       q_red.o
#23 12.57     CC       q_prio.o
#23 12.62     CC       q_skbprio.o
#23 12.65     CC       q_tbf.o
#23 12.73     CC       q_multiq.o
#23 12.76     CC       q_netem.o
#23 12.96     CC       q_choke.o
#23 13.02     CC       q_sfb.o
#23 13.08     CC       f_u32.o
#23 13.32     CC       f_route.o
#23 13.37     CC       f_fw.o
#23 13.42     CC       f_basic.o
#23 13.46     CC       f_bpf.o
#23 13.54     CC       f_flow.o
#23 13.62     CC       f_cgroup.o
#23 13.66     CC       f_flower.o
#23 13.67 In file included from ../include/uapi/linux/netdevice.h:29,
#23 13.67                  from ../include/uapi/linux/if_arp.h:27,
#23 13.67                  from f_flower.c:14:
#23 13.67 ../include/uapi/linux/if.h:134: warning: "IFF_VOLATILE" redefined
#23 13.67   134 | #define IFF_VOLATILE    (IFF_LOOPBACK|IFF_POINTOPOINT|IFF_BROADCAST|IFF_ECHO|\
#23 13.67       | 
#23 13.67 In file included from f_flower.c:12:
#23 13.67 /usr/include/net/if.h:48: note: this is the location of the previous definition
#23 13.67    48 | #define IFF_VOLATILE (IFF_LOOPBACK|IFF_POINTOPOINT|IFF_BROADCAST| \
#23 13.67       | 
#23 14.16     CC       q_gred.o
#23 14.26     CC       q_ingress.o
#23 14.28     CC       q_hfsc.o
#23 14.36     CC       q_htb.o
#23 14.46     CC       q_drr.o
#23 14.49     CC       q_qfq.o
#23 14.53     CC       m_gact.o
#23 14.58     CC       m_mirred.o
#23 14.64     CC       m_mpls.o
#23 14.71     CC       m_nat.o
#23 14.76     CC       m_pedit.o
#23 14.89     CC       m_ife.o
#23 14.96     CC       m_skbedit.o
#23 15.02     CC       m_skbmod.o
#23 15.08     CC       m_csum.o
#23 15.14     CC       m_simple.o
#23 15.18     CC       m_vlan.o
#23 15.25     CC       m_connmark.o
#23 15.29     CC       m_ctinfo.o
#23 15.34     CC       m_bpf.o
#23 15.39     CC       m_tunnel_key.o
#23 15.50     CC       m_sample.o
#23 15.55     CC       m_ct.o
#23 15.65     CC       m_gate.o
#23 15.74     CC       p_ip.o
#23 15.78     CC       p_ip6.o
#23 15.82     CC       p_icmp.o
#23 15.84     CC       p_eth.o
#23 15.87     CC       p_tcp.o
#23 15.90     CC       p_udp.o
#23 15.93     CC       em_nbyte.o
#23 15.97     CC       em_cmp.o
#23 16.03     CC       em_u32.o
#23 16.08     CC       em_canid.o
#23 16.13     CC       em_meta.o
#23 16.24     CC       q_mqprio.o
#23 16.35     CC       q_codel.o
#23 16.42     CC       q_fq_codel.o
#23 16.51     CC       q_fq.o
#23 16.62     CC       q_pie.o
#23 16.68     CC       q_fq_pie.o
#23 16.76     CC       q_cake.o
#23 16.94     CC       q_hhf.o
#23 16.99     CC       q_clsact.o
#23 17.02     CC       e_bpf.o
#23 17.08     CC       f_matchall.o
#23 17.13     CC       q_cbs.o
#23 17.17     CC       q_etf.o
#23 17.22     CC       q_taprio.o
#23 17.35     CC       q_plug.o
#23 17.38     CC       q_ets.o
#23 17.47     CC       em_ipt.o
#23 17.49 In file included from tc_util.h:7,
#23 17.49                  from m_ematch.h:11,
#23 17.49                  from em_ipt.c:13:
#23 17.49 ../include/uapi/linux/if.h:134: warning: "IFF_VOLATILE" redefined
#23 17.49   134 | #define IFF_VOLATILE    (IFF_LOOPBACK|IFF_POINTOPOINT|IFF_BROADCAST|IFF_ECHO|\
#23 17.49       | 
#23 17.49 In file included from ../include/xtables.h:17,
#23 17.49                  from em_ipt.c:12:
#23 17.49 /usr/include/net/if.h:48: note: this is the location of the previous definition
#23 17.49    48 | #define IFF_VOLATILE (IFF_LOOPBACK|IFF_POINTOPOINT|IFF_BROADCAST| \
#23 17.49       | 
#23 17.52     CC       em_ipset.o
#23 17.54 In file included from tc_util.h:7,
#23 17.54                  from m_ematch.h:11,
#23 17.54                  from em_ipset.c:39:
#23 17.54 ../include/uapi/linux/if.h:134: warning: "IFF_VOLATILE" redefined
#23 17.54   134 | #define IFF_VOLATILE    (IFF_LOOPBACK|IFF_POINTOPOINT|IFF_BROADCAST|IFF_ECHO|\
#23 17.54       | 
#23 17.54 In file included from ../include/xtables.h:17,
#23 17.54                  from em_ipset.c:23:
#23 17.54 /usr/include/net/if.h:48: note: this is the location of the previous definition
#23 17.54    48 | #define IFF_VOLATILE (IFF_LOOPBACK|IFF_POINTOPOINT|IFF_BROADCAST| \
#23 17.54       | 
#23 17.57     CC       tc_core.o
#23 17.64     CC       tc_red.o
#23 17.68     CC       tc_estimator.o
#23 17.71     CC       tc_stab.o
#23 17.76     CC       tc_qevent.o
#23 17.77 In file included from tc_qevent.h:7,
#23 17.77                  from tc_qevent.c:10:
#23 17.77 ../include/libnetlink.h: In function 'rta_getattr_be64':
#23 17.77 ../include/libnetlink.h:280:16: warning: implicit declaration of function 'htobe64' [-Wimplicit-function-declaration]
#23 17.77   280 |         return htobe64(rta_getattr_u64(rta));
#23 17.77       |                ^~~~~~~
#23 17.82     AR       libtc.a
#23 17.82     LINK     tc
#23 17.85 rm emp_ematch.lex.c
#23 17.85 
#23 17.85 bridge
#23 17.86     CC       bridge.o
#23 17.90     CC       fdb.o
#23 17.92 In file included from fdb.c:28:
#23 17.92 ../include/libnetlink.h: In function 'rta_getattr_be64':
#23 17.92 ../include/libnetlink.h:280:16: warning: implicit declaration of function 'htobe64' [-Wimplicit-function-declaration]
#23 17.92   280 |         return htobe64(rta_getattr_u64(rta));
#23 17.92       |                ^~~~~~~
#23 18.09     CC       monitor.o
#23 18.13     CC       link.o
#23 18.15 In file included from link.c:16:
#23 18.15 ../include/libnetlink.h: In function 'rta_getattr_be64':
#23 18.15 ../include/libnetlink.h:280:16: warning: implicit declaration of function 'htobe64' [-Wimplicit-function-declaration]
#23 18.15   280 |         return htobe64(rta_getattr_u64(rta));
#23 18.15       |                ^~~~~~~
#23 18.28     CC       mdb.o
#23 18.30 In file included from mdb.c:20:
#23 18.30 ../include/libnetlink.h: In function 'rta_getattr_be64':
#23 18.30 ../include/libnetlink.h:280:16: warning: implicit declaration of function 'htobe64' [-Wimplicit-function-declaration]
#23 18.30   280 |         return htobe64(rta_getattr_u64(rta));
#23 18.30       |                ^~~~~~~
#23 18.48     CC       vlan.o
#23 18.49 In file included from vlan.c:14:
#23 18.49 ../include/json_print.h:80:30: warning: 'struct timeval' declared inside parameter list will not be visible outside of this definition or declaration
#23 18.49    80 | _PRINT_FUNC(tv, const struct timeval *)
#23 18.49       |                              ^~~~~~~
#23 18.49 ../include/json_print.h:50:37: note: in definition of macro '_PRINT_FUNC'
#23 18.49    50 |                                     type value);                        \
#23 18.49       |                                     ^~~~
#23 18.49 ../include/json_print.h:80:30: warning: 'struct timeval' declared inside parameter list will not be visible outside of this definition or declaration
#23 18.49    80 | _PRINT_FUNC(tv, const struct timeval *)
#23 18.49       |                              ^~~~~~~
#23 18.49 ../include/json_print.h:55:45: note: in definition of macro '_PRINT_FUNC'
#23 18.49    55 |                                             type value)                 \
#23 18.49       |                                             ^~~~
#23 18.49 ../include/json_print.h: In function 'print_tv':
#23 18.49 ../include/json_print.h:58:48: warning: passing argument 5 of 'print_color_tv' from incompatible pointer type [-Wincompatible-pointer-types]
#23 18.49    58 |                                                value);                  \
#23 18.49       |                                                ^~~~~
#23 18.49       |                                                |
#23 18.49       |                                                const struct timeval *
#23 18.49 ../include/json_print.h:80:1: note: in expansion of macro '_PRINT_FUNC'
#23 18.49    80 | _PRINT_FUNC(tv, const struct timeval *)
#23 18.49       | ^~~~~~~~~~~
#23 18.49 ../include/json_print.h:50:42: note: expected 'const struct timeval *' but argument is of type 'const struct timeval *'
#23 18.49    50 |                                     type value);                        \
#23 18.49       |                                          ^
#23 18.49 ../include/json_print.h:80:1: note: in expansion of macro '_PRINT_FUNC'
#23 18.49    80 | _PRINT_FUNC(tv, const struct timeval *)
#23 18.49       | ^~~~~~~~~~~
#23 18.49 In file included from vlan.c:15:
#23 18.49 ../include/libnetlink.h: In function 'rta_getattr_be64':
#23 18.49 ../include/libnetlink.h:280:16: warning: implicit declaration of function 'htobe64' [-Wimplicit-function-declaration]
#23 18.49   280 |         return htobe64(rta_getattr_u64(rta));
#23 18.49       |                ^~~~~~~
#23 18.71     CC       vni.o
#23 18.73 In file included from vni.c:19:
#23 18.73 ../include/json_print.h:80:30: warning: 'struct timeval' declared inside parameter list will not be visible outside of this definition or declaration
#23 18.73    80 | _PRINT_FUNC(tv, const struct timeval *)
#23 18.73       |                              ^~~~~~~
#23 18.73 ../include/json_print.h:50:37: note: in definition of macro '_PRINT_FUNC'
#23 18.73    50 |                                     type value);                        \
#23 18.73       |                                     ^~~~
#23 18.73 ../include/json_print.h:80:30: warning: 'struct timeval' declared inside parameter list will not be visible outside of this definition or declaration
#23 18.73    80 | _PRINT_FUNC(tv, const struct timeval *)
#23 18.73       |                              ^~~~~~~
#23 18.73 ../include/json_print.h:55:45: note: in definition of macro '_PRINT_FUNC'
#23 18.73    55 |                                             type value)                 \
#23 18.73       |                                             ^~~~
#23 18.73 ../include/json_print.h: In function 'print_tv':
#23 18.73 ../include/json_print.h:58:48: warning: passing argument 5 of 'print_color_tv' from incompatible pointer type [-Wincompatible-pointer-types]
#23 18.73    58 |                                                value);                  \
#23 18.73       |                                                ^~~~~
#23 18.73       |                                                |
#23 18.73       |                                                const struct timeval *
#23 18.73 ../include/json_print.h:80:1: note: in expansion of macro '_PRINT_FUNC'
#23 18.73    80 | _PRINT_FUNC(tv, const struct timeval *)
#23 18.73       | ^~~~~~~~~~~
#23 18.73 ../include/json_print.h:50:42: note: expected 'const struct timeval *' but argument is of type 'const struct timeval *'
#23 18.73    50 |                                     type value);                        \
#23 18.73       |                                          ^
#23 18.73 ../include/json_print.h:80:1: note: in expansion of macro '_PRINT_FUNC'
#23 18.73    80 | _PRINT_FUNC(tv, const struct timeval *)
#23 18.73       | ^~~~~~~~~~~
#23 18.73 In file included from vni.c:20:
#23 18.73 ../include/libnetlink.h: In function 'rta_getattr_be64':
#23 18.73 ../include/libnetlink.h:280:16: warning: implicit declaration of function 'htobe64' [-Wimplicit-function-declaration]
#23 18.73   280 |         return htobe64(rta_getattr_u64(rta));
#23 18.73       |                ^~~~~~~
#23 18.81     LINK     bridge
#23 18.82 
#23 18.82 misc
#23 18.82     CC       ss.o
#23 18.85 In file included from ../include/uapi/linux/tipc.h:42,
#23 18.85                  from ss.c:49:
#23 18.85 ../include/uapi/linux/sockios.h:42: warning: "SIOCGSTAMP" redefined
#23 18.85    42 | #define SIOCGSTAMP      SIOCGSTAMP_OLD
#23 18.85       | 
#23 18.85 In file included from /usr/include/sys/ioctl.h:10,
#23 18.85                  from ss.c:12:
#23 18.85 /usr/include/bits/ioctl.h:111: note: this is the location of the previous definition
#23 18.85   111 | #define SIOCGSTAMP      0x8906
#23 18.85       | 
#23 18.85 ../include/uapi/linux/sockios.h:43: warning: "SIOCGSTAMPNS" redefined
#23 18.85    43 | #define SIOCGSTAMPNS    SIOCGSTAMPNS_OLD
#23 18.85       | 
#23 18.85 /usr/include/bits/ioctl.h:112: note: this is the location of the previous definition
#23 18.85   112 | #define SIOCGSTAMPNS    0x8907
#23 18.85       | 
#23 19.73     CC       ssfilter_check.o
#23 19.74 In file included from ssfilter_check.c:6:
#23 19.74 ../include/libnetlink.h: In function 'rta_getattr_be64':
#23 19.74 ../include/libnetlink.h:280:16: warning: implicit declaration of function 'htobe64' [-Wimplicit-function-declaration]
#23 19.74   280 |         return htobe64(rta_getattr_u64(rta));
#23 19.74       |                ^~~~~~~
#23 19.76     YACC     ssfilter.tab.c
#23 19.83     CC       ssfilter.tab.o
#23 19.95     LINK     ss
#23 19.96     CC       nstat
#23 19.97 In file included from nstat.c:20:
#23 19.97 /usr/include/sys/poll.h:1:2: warning: #warning redirecting incorrect #include <sys/poll.h> to <poll.h> [-Wcpp]
#23 19.97     1 | #warning redirecting incorrect #include <sys/poll.h> to <poll.h>
#23 19.97       |  ^~~~~~~
#23 20.11     CC       ifstat
#23 20.12 In file included from ifstat.c:20:
#23 20.12 /usr/include/sys/poll.h:1:2: warning: #warning redirecting incorrect #include <sys/poll.h> to <poll.h> [-Wcpp]
#23 20.12     1 | #warning redirecting incorrect #include <sys/poll.h> to <poll.h>
#23 20.12       |  ^~~~~~~
#23 20.13 In file included from ifstat.c:30:
#23 20.13 ../include/libnetlink.h: In function 'rta_getattr_be64':
#23 20.13 ../include/libnetlink.h:280:16: warning: implicit declaration of function 'htobe64' [-Wimplicit-function-declaration]
#23 20.13   280 |         return htobe64(rta_getattr_u64(rta));
#23 20.13       |                ^~~~~~~
#23 20.30     CC       rtacct
#23 20.31 In file included from rtacct.c:19:
#23 20.31 /usr/include/sys/poll.h:1:2: warning: #warning redirecting incorrect #include <sys/poll.h> to <poll.h> [-Wcpp]
#23 20.31     1 | #warning redirecting incorrect #include <sys/poll.h> to <poll.h>
#23 20.31       |  ^~~~~~~
#23 20.44     CC       lnstat.o
#23 20.52     CC       lnstat_util.o
#23 20.59     LINK     lnstat
#23 20.60 
#23 20.60 netem
#23 20.60 gcc  -I../include -o maketable maketable.c -lm
#23 20.63 gcc  -I../include -o normal normal.c -lm
#23 20.66 gcc  -I../include -o pareto pareto.c -lm
#23 20.68 gcc  -I../include -o paretonormal paretonormal.c -lm
#23 20.71 ./normal > normal.dist
#23 20.72 ./pareto > pareto.dist
#23 20.72 ./paretonormal > paretonormal.dist
#23 20.73 ./maketable experimental.dat > experimental.dist
#23 20.73 
#23 20.73 genl
#23 20.73     CC       genl.o
#23 20.77     CC       ctrl.o
#23 20.86     LINK     genl
#23 20.87 
#23 20.87 man
#23 20.87 make[2]: Nothing to be done for 'all'.
#23 20.87 make[2]: Nothing to be done for 'all'.
#23 20.88 sed \
#23 20.88 	-e "s|@NETNS_ETC_DIR@|/etc/netns|g" \
#23 20.88 	-e "s|@NETNS_RUN_DIR@|/var/run/netns|g" \
#23 20.88 	-e "s|@SYSCONF_ETC_DIR@|/etc/iproute2|g" \
#23 20.88 	-e "s|@SYSCONF_USR_DIR@|/usr/share/iproute2|g" \
#23 20.88 	ip-address.8.in > ip-address.8
#23 20.88 sed \
#23 20.88 	-e "s|@NETNS_ETC_DIR@|/etc/netns|g" \
#23 20.88 	-e "s|@NETNS_RUN_DIR@|/var/run/netns|g" \
#23 20.88 	-e "s|@SYSCONF_ETC_DIR@|/etc/iproute2|g" \
#23 20.88 	-e "s|@SYSCONF_USR_DIR@|/usr/share/iproute2|g" \
#23 20.88 	ip-link.8.in > ip-link.8
#23 20.88 sed \
#23 20.88 	-e "s|@NETNS_ETC_DIR@|/etc/netns|g" \
#23 20.88 	-e "s|@NETNS_RUN_DIR@|/var/run/netns|g" \
#23 20.88 	-e "s|@SYSCONF_ETC_DIR@|/etc/iproute2|g" \
#23 20.88 	-e "s|@SYSCONF_USR_DIR@|/usr/share/iproute2|g" \
#23 20.88 	ip-netns.8.in > ip-netns.8
#23 20.89 sed \
#23 20.89 	-e "s|@NETNS_ETC_DIR@|/etc/netns|g" \
#23 20.89 	-e "s|@NETNS_RUN_DIR@|/var/run/netns|g" \
#23 20.89 	-e "s|@SYSCONF_ETC_DIR@|/etc/iproute2|g" \
#23 20.89 	-e "s|@SYSCONF_USR_DIR@|/usr/share/iproute2|g" \
#23 20.89 	ip-route.8.in > ip-route.8
#23 20.89 
#23 20.89 tipc
#23 20.89     CC       bearer.o
#23 21.07     CC       cmdl.o
#23 21.11     CC       link.o
#23 21.30     CC       media.o
#23 21.36     CC       misc.o
#23 21.43     CC       msg.o
#23 21.45     CC       nametable.o
#23 21.49     CC       node.o
#23 21.58     CC       socket.o
#23 21.61     CC       peer.o
#23 21.64     CC       tipc.o
#23 21.67     LINK     tipc
#23 21.69 
#23 21.69 devlink
#23 21.69     CC       devlink.o
#23 23.38     CC       mnlg.o
#23 23.39 In file included from mnlg.c:16:
#23 23.39 ../include/libnetlink.h: In function 'rta_getattr_be64':
#23 23.39 ../include/libnetlink.h:280:16: warning: implicit declaration of function 'htobe64' [-Wimplicit-function-declaration]
#23 23.39   280 |         return htobe64(rta_getattr_u64(rta));
#23 23.39       |                ^~~~~~~
#23 23.42     LINK     devlink
#23 23.44 
#23 23.44 rdma
#23 23.44     CC       rdma.o
#23 23.46 rdma.c: In function 'main':
#23 23.46 rdma.c:110:20: warning: implicit declaration of function 'basename'; did you mean 'rename'? [-Wimplicit-function-declaration]
#23 23.46   110 |         filename = basename(argv[0]);
#23 23.46       |                    ^~~~~~~~
#23 23.46       |                    rename
#23 23.46 rdma.c:110:18: warning: assignment to 'char *' from 'int' makes pointer from integer without a cast [-Wint-conversion]
#23 23.46   110 |         filename = basename(argv[0]);
#23 23.46       |                  ^
#23 23.48     CC       utils.o
#23 23.67     CC       dev.o
#23 23.74     CC       link.o
#23 23.81     CC       res.o
#23 23.92     CC       res-pd.o
#23 23.97     CC       res-mr.o
#23 24.02     CC       res-cq.o
#23 24.07     CC       res-cmid.o
#23 24.13     CC       res-qp.o
#23 24.20     CC       sys.o
#23 24.25     CC       stat.o
#23 24.50     CC       stat-mr.o
#23 24.55     CC       res-ctx.o
#23 24.58     CC       res-srq.o
#23 24.65     LINK     rdma
#23 24.67 
#23 24.67 dcb
#23 24.67     CC       dcb.o
#23 24.68 In file included from ../include/namespace.h:10,
#23 24.68                  from dcb.c:11:
#23 24.68 ../include/libnetlink.h: In function 'rta_getattr_be64':
#23 24.68 ../include/libnetlink.h:280:16: warning: implicit declaration of function 'htobe64' [-Wimplicit-function-declaration]
#23 24.68   280 |         return htobe64(rta_getattr_u64(rta));
#23 24.68       |                ^~~~~~~
#23 24.78     CC       dcb_app.o
#23 24.97     CC       dcb_buffer.o
#23 25.03     CC       dcb_dcbx.o
#23 25.08     CC       dcb_ets.o
#23 25.17     CC       dcb_maxrate.o
#23 25.24     CC       dcb_pfc.o
#23 25.30     CC       dcb_apptrust.o
#23 25.36     CC       dcb_rewr.o
#23 25.43     LINK     dcb
#23 25.45 
#23 25.45 vdpa
#23 25.45     CC       vdpa.o
#23 25.46 In file included from vdpa.c:19:
#23 25.46 ../include/json_print.h:80:30: warning: 'struct timeval' declared inside parameter list will not be visible outside of this definition or declaration
#23 25.46    80 | _PRINT_FUNC(tv, const struct timeval *)
#23 25.46       |                              ^~~~~~~
#23 25.46 ../include/json_print.h:50:37: note: in definition of macro '_PRINT_FUNC'
#23 25.46    50 |                                     type value);                        \
#23 25.46       |                                     ^~~~
#23 25.46 ../include/json_print.h:80:30: warning: 'struct timeval' declared inside parameter list will not be visible outside of this definition or declaration
#23 25.46    80 | _PRINT_FUNC(tv, const struct timeval *)
#23 25.46       |                              ^~~~~~~
#23 25.46 ../include/json_print.h:55:45: note: in definition of macro '_PRINT_FUNC'
#23 25.46    55 |                                             type value)                 \
#23 25.46       |                                             ^~~~
#23 25.46 ../include/json_print.h: In function 'print_tv':
#23 25.46 ../include/json_print.h:58:48: warning: passing argument 5 of 'print_color_tv' from incompatible pointer type [-Wincompatible-pointer-types]
#23 25.46    58 |                                                value);                  \
#23 25.46       |                                                ^~~~~
#23 25.46       |                                                |
#23 25.46       |                                                const struct timeval *
#23 25.46 ../include/json_print.h:80:1: note: in expansion of macro '_PRINT_FUNC'
#23 25.46    80 | _PRINT_FUNC(tv, const struct timeval *)
#23 25.46       | ^~~~~~~~~~~
#23 25.46 ../include/json_print.h:50:42: note: expected 'const struct timeval *' but argument is of type 'const struct timeval *'
#23 25.46    50 |                                     type value);                        \
#23 25.46       |                                          ^
#23 25.46 ../include/json_print.h:80:1: note: in expansion of macro '_PRINT_FUNC'
#23 25.46    80 | _PRINT_FUNC(tv, const struct timeval *)
#23 25.46       | ^~~~~~~~~~~
#23 25.61     LINK     vdpa
#23 DONE 25.6s

#24 [20/22] RUN git clone --no-single-branch --depth=1 https://github.com/linux-netdev/testing.git /nipa-data/kernel
#24 0.376 Cloning into '/nipa-data/kernel'...
#24 18.33 Updating files:  17% (14505/83283)Updating files:  18% (14991/83283)Updating files:  19% (15824/83283)Updating files:  20% (16657/83283)Updating files:  21% (17490/83283)Updating files:  22% (18323/83283)Updating files:  23% (19156/83283)Updating files:  24% (19988/83283)Updating files:  25% (20821/83283)Updating files:  26% (21654/83283)Updating files:  27% (22487/83283)Updating files:  28% (23320/83283)Updating files:  29% (24153/83283)Updating files:  30% (24985/83283)Updating files:  31% (25818/83283)Updating files:  32% (26651/83283)Updating files:  33% (27484/83283)Updating files:  34% (28317/83283)Updating files:  35% (29150/83283)Updating files:  35% (29267/83283)Updating files:  36% (29982/83283)Updating files:  37% (30815/83283)Updating files:  38% (31648/83283)Updating files:  39% (32481/83283)Updating files:  40% (33314/83283)Updating files:  40% (33609/83283)Updating files:  41% (34147/83283)Updating files:  42% (34979/83283)Updating files:  43% (35812/83283)Updating files:  44% (36645/83283)Updating files:  45% (37478/83283)Updating files:  46% (38311/83283)Updating files:  47% (39144/83283)Updating files:  48% (39976/83283)Updating files:  49% (40809/83283)Updating files:  50% (41642/83283)Updating files:  51% (42475/83283)Updating files:  51% (42790/83283)Updating files:  52% (43308/83283)Updating files:  53% (44140/83283)Updating files:  54% (44973/83283)Updating files:  55% (45806/83283)Updating files:  56% (46639/83283)Updating files:  57% (47472/83283)Updating files:  58% (48305/83283)Updating files:  59% (49137/83283)Updating files:  60% (49970/83283)Updating files:  61% (50803/83283)Updating files:  62% (51636/83283)Updating files:  63% (52469/83283)Updating files:  64% (53302/83283)Updating files:  65% (54134/83283)Updating files:  65% (54554/83283)Updating files:  66% (54967/83283)Updating files:  67% (55800/83283)Updating files:  68% (56633/83283)Updating files:  69% (57466/83283)Updating files:  70% (58299/83283)Updating files:  71% (59131/83283)Updating files:  72% (59964/83283)Updating files:  73% (60797/83283)Updating files:  74% (61630/83283)Updating files:  75% (62463/83283)Updating files:  76% (63296/83283)Updating files:  77% (64128/83283)Updating files:  78% (64961/83283)Updating files:  79% (65794/83283)Updating files:  80% (66627/83283)Updating files:  81% (67460/83283)Updating files:  82% (68293/83283)Updating files:  82% (68623/83283)Updating files:  83% (69125/83283)Updating files:  84% (69958/83283)Updating files:  85% (70791/83283)Updating files:  86% (71624/83283)Updating files:  87% (72457/83283)Updating files:  88% (73290/83283)Updating files:  89% (74122/83283)Updating files:  90% (74955/83283)Updating files:  91% (75788/83283)Updating files:  92% (76621/83283)Updating files:  93% (77454/83283)Updating files:  94% (78287/83283)Updating files:  95% (79119/83283)Updating files:  96% (79952/83283)Updating files:  97% (80785/83283)Updating files:  98% (81618/83283)Updating files:  99% (82451/83283)Updating files: 100% (83283/83283)Updating files: 100% (83283/83283), done.
#24 DONE 26.0s

#25 [21/22] RUN git clone --depth=1 -b main https://github.com/p4tc-dev/new-nipa.git nipa
#25 0.327 Cloning into 'nipa'...
#25 DONE 0.7s

#26 [22/22] COPY entrypoint.sh /entrypoint.sh
#26 DONE 0.0s

#27 exporting to image
#27 exporting layers
#27 exporting layers 8.8s done
#27 writing image sha256:81f1a39efa2fdb95973f29a31f33b2dcdcf84b998f3e3bfd6923aa74f1167bee
#27 writing image sha256:81f1a39efa2fdb95973f29a31f33b2dcdcf84b998f3e3bfd6923aa74f1167bee 0.1s done
#27 naming to docker.io/library/nipa-executor
#27 naming to docker.io/library/nipa-executor 0.2s done
#27 DONE 9.1s
NIPA version: 1b9c21a (ui: set canvas background color to stand out, 2024-03-28)
INFO: Last run date: 2024-04-30 09:00:09.952984+00:00
Testing  {'branch': 'net-next-2024-04-30--12-00', 'date': '2024-04-30T12:00:19.259362+00:00', 'base': '3109c02d50613be0060d075137dac1ece77c649d', 'url': 'https://github.com/linux-netdev/testing.git net-next-2024-04-30--12-00'}
Updating files:  47% (7187/15182)Updating files:  48% (7288/15182)Updating files:  49% (7440/15182)Updating files:  50% (7591/15182)Updating files:  51% (7743/15182)Updating files:  52% (7895/15182)Updating files:  53% (8047/15182)Updating files:  54% (8199/15182)Updating files:  55% (8351/15182)Updating files:  56% (8502/15182)Updating files:  57% (8654/15182)Updating files:  58% (8806/15182)Updating files:  59% (8958/15182)Updating files:  60% (9110/15182)Updating files:  61% (9262/15182)Updating files:  62% (9413/15182)Updating files:  63% (9565/15182)Updating files:  64% (9717/15182)Updating files:  65% (9869/15182)Updating files:  66% (10021/15182)Updating files:  67% (10172/15182)Updating files:  68% (10324/15182)Updating files:  69% (10476/15182)Updating files:  70% (10628/15182)Updating files:  71% (10780/15182)Updating files:  72% (10932/15182)Updating files:  73% (11083/15182)Updating files:  74% (11235/15182)Updating files:  75% (11387/15182)Updating files:  76% (11539/15182)Updating files:  77% (11691/15182)Updating files:  78% (11842/15182)Updating files:  79% (11994/15182)Updating files:  80% (12146/15182)Updating files:  81% (12298/15182)Updating files:  82% (12450/15182)Updating files:  83% (12602/15182)Updating files:  84% (12753/15182)Updating files:  85% (12905/15182)Updating files:  86% (13057/15182)Updating files:  87% (13209/15182)Updating files:  87% (13314/15182)Updating files:  88% (13361/15182)Updating files:  89% (13512/15182)Updating files:  90% (13664/15182)Updating files:  91% (13816/15182)Updating files:  92% (13968/15182)Updating files:  93% (14120/15182)Updating files:  94% (14272/15182)Updating files:  95% (14423/15182)Updating files:  96% (14575/15182)Updating files:  97% (14727/15182)Updating files:  98% (14879/15182)Updating files:  99% (15031/15182)Updating files: 100% (15182/15182)Updating files: 100% (15182/15182), done.
branch 'net-next-2024-04-30--12-00' set up to track 'origin/net-next-2024-04-30--12-00'.
Switched to a new branch 'net-next-2024-04-30--12-00'
error: No valid patches in input (allow with "--allow-empty")
Checking patch tools/testing/selftests/tc-testing/tdc_config.py...
Applied patch tools/testing/selftests/tc-testing/tdc_config.py cleanly.
Run at 2024-04-30 12:03:30.985694
INFO: building kernel
INFO: starting VM 0
INFO: thr0-0 VM starting: vng -v -r arch/x86/boot/bzImage --user root --rwdir=/nipa-data/kernel/
INFO: thr0-0 expecting prompt: '/nipa-data/kernel# '
INFO: thr0-0 reached initial prompt
INFO: thr-0 testing == tdc.sh
INFO: thr-0 tdc.sh >> retcode: 0 result: pass found {'fail': False, 'skip': False, 'pass': True}
INFO: thr-0 has no more work, exiting
INFO: thr0-0 VM stopped
Done at 2024-04-30 12:07:00.915192
NIPA quitting!
/
~/nipa/tc-executor/tc-executor-storage /
sort: write failed: 'standard output': Broken pipe
sort: write error
