~/nipa/tc-executor/tc-executor-storage /
Switched to branch 'storage'
Your branch is ahead of 'origin/storage' by 884 commits.
  (use "git push" to publish your local commits)
/
~/nipa/tc-executor /
Error response from daemon: No such image: nipa-executor:latest
#0 building with "default" instance using docker driver

#1 [internal] load build definition from Dockerfile
#1 transferring dockerfile: 2.05kB done
#1 DONE 0.0s

#2 [internal] load .dockerignore
#2 transferring context: 2B done
#2 DONE 0.0s

#3 [internal] load metadata for docker.io/library/alpine:edge
#3 DONE 0.0s

#4 [ 1/22] FROM docker.io/library/alpine:edge
#4 CACHED

#5 [internal] load build context
#5 transferring context: 3.02kB done
#5 DONE 0.0s

#6 [ 2/22] RUN echo false > debug-mode
#6 DONE 0.9s

#7 [ 3/22] RUN addgroup -g 1001 hostuser
#7 DONE 0.4s

#8 [ 4/22] RUN adduser -u 1001 -G hostuser -H -D -s /bin/ash hostuser
#8 DONE 0.4s

#9 [ 5/22] RUN echo '@testing http://dl-cdn.alpinelinux.org/alpine/edge/testing' >> /etc/apk/repositories
#9 DONE 0.4s

#10 [ 6/22] RUN echo '@community http://dl-cdn.alpinelinux.org/alpine/edge/community' >> /etc/apk/repositories
#10 DONE 0.4s

#11 [ 7/22] RUN apk update && apk add --no-cache    virtme-ng@testing    git    py3-requests    py3-psutil    py3-setuptools    py3-pyroute2    py3-argcomplete    qemu-system-x86_64@community    scapy@community    make    gcc    musl-dev    flex    bison    linux-headers    elfutils-dev    util-linux    coreutils    diffutils    findutils    file    bash    kmod    perl    iptables-dev    libcap-dev    libmnl-dev    iproute2     jq    libbpf-dev    rsync    openssl-dev
#11 0.398 fetch https://dl-cdn.alpinelinux.org/alpine/edge/main/x86_64/APKINDEX.tar.gz
#11 0.687 fetch https://dl-cdn.alpinelinux.org/alpine/edge/community/x86_64/APKINDEX.tar.gz
#11 0.899 fetch http://dl-cdn.alpinelinux.org/alpine/edge/testing/x86_64/APKINDEX.tar.gz
#11 1.114 fetch http://dl-cdn.alpinelinux.org/alpine/edge/community/x86_64/APKINDEX.tar.gz
#11 1.413 v20240606-135-gfcf2cd27ecb [https://dl-cdn.alpinelinux.org/alpine/edge/main]
#11 1.413 v20240606-126-g458edd1f86b [https://dl-cdn.alpinelinux.org/alpine/edge/community]
#11 1.413 v20240606-136-gd124d9bcc32 [http://dl-cdn.alpinelinux.org/alpine/edge/testing]
#11 1.413 v20240606-126-g458edd1f86b [http://dl-cdn.alpinelinux.org/alpine/edge/community]
#11 1.413 OK: 31532 distinct packages available
#11 1.474 fetch https://dl-cdn.alpinelinux.org/alpine/edge/main/x86_64/APKINDEX.tar.gz
#11 1.579 fetch https://dl-cdn.alpinelinux.org/alpine/edge/community/x86_64/APKINDEX.tar.gz
#11 1.693 fetch http://dl-cdn.alpinelinux.org/alpine/edge/testing/x86_64/APKINDEX.tar.gz
#11 1.799 fetch http://dl-cdn.alpinelinux.org/alpine/edge/community/x86_64/APKINDEX.tar.gz
#11 2.061 (1/177) Upgrading musl (1.2.4_git20230717-r5 -> 1.2.5-r1)
#11 2.079 (2/177) Upgrading libcrypto3 (3.1.4-r2 -> 3.3.1-r0)
#11 2.115 (3/177) Upgrading libssl3 (3.1.4-r2 -> 3.3.1-r0)
#11 2.132 (4/177) Upgrading zlib (1.3-r2 -> 1.3.1-r1)
#11 2.146 (5/177) Installing ncurses-terminfo-base (6.4_p20240420-r0)
#11 2.161 (6/177) Installing libncursesw (6.4_p20240420-r0)
#11 2.176 (7/177) Installing readline (8.2.10-r0)
#11 2.190 (8/177) Installing bash (5.2.26-r0)
#11 2.210 Executing bash-5.2.26-r0.post-install
#11 2.213 (9/177) Installing m4 (1.4.19-r3)
#11 2.227 (10/177) Installing bison (3.8.2-r1)
#11 2.248 (11/177) Installing coreutils-env (9.5-r1)
#11 2.260 (12/177) Installing coreutils-fmt (9.5-r1)
#11 2.273 (13/177) Installing coreutils-sha512sum (9.5-r1)
#11 2.288 (14/177) Installing libacl (2.3.2-r0)
#11 2.300 (15/177) Installing libattr (2.5.2-r0)
#11 2.313 (16/177) Installing skalibs (2.14.2.0-r0)
#11 2.327 (17/177) Installing utmps-libs (0.1.2.2-r1)
#11 2.339 (18/177) Installing coreutils (9.5-r1)
#11 2.362 (19/177) Installing diffutils (3.10-r0)
#11 2.377 (20/177) Installing zstd-libs (1.5.6-r0)
#11 2.397 (21/177) Installing libelf (0.191-r0)
#11 2.439 (22/177) Installing libbz2 (1.0.8-r6)
#11 2.453 (23/177) Installing musl-fts (1.2.7-r6)
#11 2.466 (24/177) Installing xz-libs (5.6.2-r0)
#11 2.480 (25/177) Installing libdw (0.191-r0)
#11 2.496 (26/177) Installing libasm (0.191-r0)
#11 2.509 (27/177) Installing xz (5.6.2-r0)
#11 2.525 (28/177) Installing pkgconf (2.2.0-r0)
#11 2.538 (29/177) Installing xz-dev (5.6.2-r0)
#11 2.551 (30/177) Installing libgcc (13.2.1_git20240309-r0)
#11 2.564 (31/177) Installing libstdc++ (13.2.1_git20240309-r0)
#11 2.603 (32/177) Installing zstd (1.5.6-r0)
#11 2.618 (33/177) Installing zstd-dev (1.5.6-r0)
#11 2.631 (34/177) Installing zlib-dev (1.3.1-r1)
#11 2.644 (35/177) Installing elfutils-dev (0.191-r0)
#11 2.664 (36/177) Installing libmagic (5.45-r1)
#11 2.696 (37/177) Installing file (5.45-r1)
#11 2.709 (38/177) Installing findutils (4.9.0-r5)
#11 2.725 (39/177) Installing flex (2.6.4-r6)
#11 2.739 (40/177) Installing jansson (2.14-r4)
#11 2.762 (41/177) Installing binutils (2.42-r0)
#11 2.821 (42/177) Installing libgomp (13.2.1_git20240309-r0)
#11 2.836 (43/177) Installing libatomic (13.2.1_git20240309-r0)
#11 2.848 (44/177) Installing gmp (6.3.0-r1)
#11 2.868 (45/177) Installing isl26 (0.26-r1)
#11 2.909 (46/177) Installing mpfr4 (4.2.1-r0)
#11 2.926 (47/177) Installing mpc1 (1.3.1-r1)
#11 2.939 (48/177) Installing gcc (13.2.1_git20240309-r0)
#11 3.489 (49/177) Installing ca-certificates (20240226-r0)
#11 3.512 (50/177) Installing brotli-libs (1.1.0-r2)
#11 3.531 (51/177) Installing c-ares (1.28.1-r0)
#11 3.548 (52/177) Installing libunistring (1.2-r0)
#11 3.567 (53/177) Installing libidn2 (2.3.7-r0)
#11 3.582 (54/177) Installing nghttp2-libs (1.62.0-r0)
#11 3.654 (55/177) Installing libpsl (0.21.5-r1)
#11 3.679 (56/177) Installing libcurl (8.8.0-r0)
#11 3.713 (57/177) Installing libexpat (2.6.2-r0)
#11 3.726 (58/177) Installing pcre2 (10.43-r0)
#11 3.744 (59/177) Installing git (2.45.2-r0)
#11 3.811 (60/177) Installing git-init-template (2.45.2-r0)
#11 3.826 (61/177) Installing libcap2 (2.70-r0)
#11 3.839 (62/177) Installing libmnl (1.0.5-r2)
#11 3.851 (63/177) Installing iproute2-minimal (6.9.0-r0)
#11 3.872 (64/177) Installing libxtables (1.8.10-r3)
#11 3.886 (65/177) Installing iproute2-tc (6.9.0-r0)
#11 3.904 (66/177) Installing iproute2-ss (6.9.0-r0)
#11 3.924 (67/177) Installing iproute2 (6.9.0-r0)
#11 3.941 Executing iproute2-6.9.0-r0.post-install
#11 3.945 (68/177) Installing linux-headers (6.6-r0)
#11 4.044 (69/177) Installing libip4tc (1.8.10-r3)
#11 4.057 (70/177) Installing libip6tc (1.8.10-r3)
#11 4.070 (71/177) Installing libipq (1.8.10-r3)
#11 4.083 (72/177) Installing iptables-dev (1.8.10-r3)
#11 4.097 (73/177) Installing oniguruma (6.9.9-r0)
#11 4.114 (74/177) Installing jq (1.7.1-r0)
#11 4.133 (75/177) Installing kmod (32-r0)
#11 4.151 (76/177) Installing libbpf (1.4.3-r0)
#11 4.167 (77/177) Installing libbpf-dev (1.4.3-r0)
#11 4.187 (78/177) Installing libcap-dev (2.70-r0)
#11 4.205 (79/177) Installing libmnl-dev (1.0.5-r2)
#11 4.219 (80/177) Installing make (4.4.1-r2)
#11 4.237 (81/177) Installing musl-dev (1.2.5-r1)
#11 4.300 (82/177) Installing openssl-dev (3.3.1-r0)
#11 4.330 (83/177) Installing perl (5.38.2-r0)
#11 4.533 (84/177) Installing perl-error (0.17029-r2)
#11 4.546 (85/177) Installing perl-git (2.45.2-r0)
#11 4.559 (86/177) Installing git-perl (2.45.2-r0)
#11 4.575 (87/177) Installing libffi (3.4.6-r0)
#11 4.587 (88/177) Installing gdbm (1.23-r1)
#11 4.601 (89/177) Installing mpdecimal (4.0.0-r0)
#11 4.615 (90/177) Installing libpanelw (6.4_p20240420-r0)
#11 4.627 (91/177) Installing sqlite-libs (3.46.0-r0)
#11 4.649 (92/177) Installing python3 (3.12.3-r1)
#11 4.795 (93/177) Installing python3-pycache-pyc0 (3.12.3-r1)
#11 4.889 (94/177) Installing pyc (3.12.3-r1)
#11 4.901 (95/177) Installing py3-argcomplete-pyc (3.3.0-r0)
#11 4.914 (96/177) Installing python3-pyc (3.12.3-r1)
#11 4.926 (97/177) Installing py3-argcomplete (3.3.0-r0)
#11 4.982 (98/177) Installing py3-psutil (5.9.8-r1)
#11 4.998 (99/177) Installing py3-psutil-pyc (5.9.8-r1)
#11 5.015 (100/177) Installing py3-pyroute2 (0.7.12-r1)
#11 5.049 (101/177) Installing py3-pyroute2-pyc (0.7.12-r1)
#11 5.087 (102/177) Installing py3-certifi (2024.2.2-r1)
#11 5.100 (103/177) Installing py3-certifi-pyc (2024.2.2-r1)
#11 5.112 (104/177) Installing py3-charset-normalizer (3.3.2-r1)
#11 5.127 (105/177) Installing py3-charset-normalizer-pyc (3.3.2-r1)
#11 5.141 (106/177) Installing py3-idna (3.7-r0)
#11 5.155 (107/177) Installing py3-idna-pyc (3.7-r0)
#11 5.173 (108/177) Installing py3-urllib3 (1.26.18-r1)
#11 5.189 (109/177) Installing py3-urllib3-pyc (1.26.18-r1)
#11 5.207 (110/177) Installing py3-requests (2.32.3-r0)
#11 5.221 (111/177) Installing py3-requests-pyc (2.32.3-r0)
#11 5.239 (112/177) Installing py3-parsing (3.1.2-r1)
#11 5.259 (113/177) Installing py3-parsing-pyc (3.1.2-r1)
#11 5.276 (114/177) Installing py3-packaging (24.0-r1)
#11 5.295 (115/177) Installing py3-packaging-pyc (24.0-r1)
#11 5.308 (116/177) Installing py3-setuptools (69.5.1-r0)
#11 5.348 (117/177) Installing py3-setuptools-pyc (69.5.1-r0)
#11 5.390 (118/177) Installing libcap-ng (0.8.5-r0)
#11 5.403 (119/177) Installing libintl (0.22.5-r0)
#11 5.422 (120/177) Installing libeconf (0.6.3-r0)
#11 5.446 (121/177) Installing libblkid (2.40.1-r1)
#11 5.459 (122/177) Installing libmount (2.40.1-r1)
#11 5.474 (123/177) Installing glib (2.80.2-r0)
#11 5.510 (124/177) Installing numactl (2.0.18-r0)
#11 5.524 (125/177) Installing qemu (9.0.0-r0)
#11 5.542 Executing qemu-9.0.0-r0.pre-install
#11 5.775 Executing qemu-9.0.0-r0.post-install
#11 5.778 *
#11 5.778 * If you want to run VM as unprivileged user and let Qemu create tunX devices,
#11 5.778 * then you must add that user to the group "qemu".
#11 5.778 * If you use KVM for hardware-assisted virtualization, then you may also need
#11 5.778 * to add that user to the group "kvm".
#11 5.778 *
#11 5.778 (126/177) Installing qemu-bridge-helper (9.0.0-r0)
#11 5.795 (127/177) Installing libaio (0.3.113-r2)
#11 5.811 (128/177) Installing capstone (5.0.1-r4)
#11 5.844 (129/177) Installing nettle (3.9.1-r0)
#11 5.879 (130/177) Installing libtasn1 (4.19.0-r2)
#11 5.893 (131/177) Installing p11-kit (0.25.3-r0)
#11 5.912 (132/177) Installing gnutls (3.8.5-r0)
#11 5.939 (133/177) Installing libjpeg-turbo (3.0.3-r0)
#11 5.955 (134/177) Installing lzo (2.10-r5)
#11 5.989 (135/177) Installing pixman (0.43.2-r0)
#11 6.005 (136/177) Installing libpng (1.6.43-r0)
#11 6.018 (137/177) Installing libsasl (2.1.28-r6)
#11 6.033 (138/177) Installing libseccomp (2.5.5-r1)
#11 6.046 (139/177) Installing libslirp (4.8.0-r0)
#11 6.074 (140/177) Installing snappy (1.1.10-r2)
#11 6.086 (141/177) Installing liburing (2.6-r0)
#11 6.098 (142/177) Installing vde2-libs (2.3.3-r3)
#11 6.112 (143/177) Installing qemu-system-x86_64 (9.0.0-r0)
#11 6.220 (144/177) Installing lz4-libs (1.9.4-r5)
#11 6.233 (145/177) Installing popt (1.19-r3)
#11 6.246 (146/177) Installing libxxhash (0.8.2-r2)
#11 6.262 (147/177) Installing rsync (3.3.0-r0)
#11 6.278 (148/177) Installing scapy (2.5.0-r3)
#11 6.333 Executing scapy-2.5.0-r3.post-install
#11 6.336 *
#11 6.336 * Certain optional features of scapy also depend on the following packages:
#11 6.336 *     py3-matplotlib graphviz imagemagick py3-cryptography sox
#11 6.336 * And the following unpackaged dependencies:
#11 6.336 *     pyxi vpython-jupyter nmap<v4.23
#11 6.336 * More information can be found at https://scapy.readthedocs.io/en/latest/installation.html#optional-dependencies
#11 6.336 *
#11 6.336 (149/177) Installing scapy-pyc (2.5.0-r3)
#11 6.496 (150/177) Installing util-linux (2.40.1-r1)
#11 6.509 (151/177) Installing dmesg (2.40.1-r1)
#11 6.521 (152/177) Installing setarch (2.40.1-r1)
#11 6.534 (153/177) Installing libuuid (2.40.1-r1)
#11 6.547 (154/177) Installing libfdisk (2.40.1-r1)
#11 6.562 (155/177) Installing libsmartcols (2.40.1-r1)
#11 6.575 (156/177) Installing util-linux-misc (2.40.1-r1)
#11 6.604 (157/177) Installing linux-pam (1.6.0-r0)
#11 6.626 (158/177) Installing runuser (2.40.1-r1)
#11 6.639 (159/177) Installing mount (2.40.1-r1)
#11 6.652 (160/177) Installing losetup (2.40.1-r1)
#11 6.664 (161/177) Installing hexdump (2.40.1-r1)
#11 6.677 (162/177) Installing uuidgen (2.40.1-r1)
#11 6.688 (163/177) Installing blkid (2.40.1-r1)
#11 6.701 (164/177) Installing sfdisk (2.40.1-r1)
#11 6.713 (165/177) Installing mcookie (2.40.1-r1)
#11 6.732 (166/177) Installing agetty (2.40.1-r1)
#11 6.744 (167/177) Installing wipefs (2.40.1-r1)
#11 6.761 (168/177) Installing cfdisk (2.40.1-r1)
#11 6.775 (169/177) Installing umount (2.40.1-r1)
#11 6.790 (170/177) Installing flock (2.40.1-r1)
#11 6.801 (171/177) Installing lsblk (2.40.1-r1)
#11 6.817 (172/177) Installing setpriv (2.40.1-r1)
#11 6.830 (173/177) Installing logger (2.40.1-r1)
#11 6.842 (174/177) Installing partx (2.40.1-r1)
#11 6.854 (175/177) Installing fstrim (2.40.1-r1)
#11 6.866 (176/177) Installing findmnt (2.40.1-r1)
#11 6.879 (177/177) Installing virtme-ng@testing (1.25-r0)
#11 6.939 Executing busybox-1.36.1-r17.trigger
#11 6.944 Executing ca-certificates-20240226-r0.trigger
#11 6.967 Executing glib-2.80.2-r0.trigger
#11 6.974 OK: 385 MiB in 188 packages
#11 DONE 8.3s

#12 [ 8/22] RUN mkdir -p /tmp/kernel-patches &&     mkdir -p /tmp/iproute2-patches
#12 DONE 0.8s

#13 [ 9/22] COPY tdc.config /tmp
#13 DONE 0.5s

#14 [10/22] COPY tdc-debug.config /tmp
#14 DONE 0.4s

#15 [11/22] COPY kernel-patches /tmp/kernel-patches/
#15 DONE 0.4s

#16 [12/22] COPY iproute2-patches /tmp/iproute2-patches/
#16 DONE 0.4s

#17 [13/22] COPY configs /tmp/configs/
#17 DONE 0.4s

#18 [14/22] RUN git config --global user.email foo@bar.com
#18 DONE 2.5s

#19 [15/22] RUN git config --global user.name foo@bar.com
#19 DONE 0.4s

#20 [16/22] RUN git clone https://git.kernel.org/pub/scm/network/iproute2/iproute2-next.git /nipa-data/iproute2
#20 0.415 Cloning into '/nipa-data/iproute2'...
#20 DONE 2.3s

#21 [17/22] RUN cd /nipa-data/iproute2 && 	git remote add stable https://git.kernel.org/pub/scm/network/iproute2/iproute2.git && 	git fetch --all && 	git merge stable/main
#21 0.841 Fetching origin
#21 1.119 Fetching stable
#21 1.475 From https://git.kernel.org/pub/scm/network/iproute2/iproute2
#21 1.475  * [new branch]        codeql         -> stable/codeql
#21 1.475  * [new branch]        iproute2-4.1.x -> stable/iproute2-4.1.x
#21 1.475  * [new branch]        main           -> stable/main
#21 1.479 Already up to date.
#21 DONE 1.6s

#22 [18/22] RUN if [ "$(find /tmp/iproute2-patches/ -name *.patch)" ]; then  	cd /nipa-data/iproute2; 	git apply /tmp/iproute2-patches/*.patch;     fi
#22 DONE 0.9s

#23 [19/22] RUN cd /nipa-data/iproute2/ &&     ./configure &&     make
#23 0.739 TC schedulers
#23 0.740  IPT	using xtables
#23 0.768  IPSET  yes
#23 0.791 
#23 0.792 lib directory: /usr/lib
#23 0.792 libc has setns: yes
#23 0.812 libc has name_to_handle_at: yes
#23 0.834 SELinux support: no
#23 0.835 libtirpc support: no
#23 0.836 libbpf support: yes
#23 0.903 	libbpf version 1.4.3
#23 0.903 ELF support: yes
#23 0.905 libmnl support: yes
#23 0.907 Berkeley DB: no
#23 0.917 need for strlcpy: no
#23 0.938 libcap support: yes
#23 0.940 color output: never
#23 0.943 
#23 0.943 lib
#23 0.944     CC       libgenl.o
#23 0.957 In file included from ../include/libgenl.h:5,
#23 0.957                  from libgenl.c:12:
#23 0.957 ../include/libnetlink.h: In function 'rta_getattr_be64':
#23 0.957 ../include/libnetlink.h:280:16: warning: implicit declaration of function 'htobe64' [-Wimplicit-function-declaration]
#23 0.957   280 |         return htobe64(rta_getattr_u64(rta));
#23 0.957       |                ^~~~~~~
#23 0.985     CC       libnetlink.o
#23 1.309     CC       mnl_utils.o
#23 1.322 In file included from mnl_utils.c:12:
#23 1.322 ../include/libnetlink.h: In function 'rta_getattr_be64':
#23 1.322 ../include/libnetlink.h:280:16: warning: implicit declaration of function 'htobe64' [-Wimplicit-function-declaration]
#23 1.322   280 |         return htobe64(rta_getattr_u64(rta));
#23 1.322       |                ^~~~~~~
#23 1.385     AR       libnetlink.a
#23 1.387     CC       utils.o
#23 1.784     CC       utils_math.o
#23 1.832     CC       rt_names.o
#23 1.992     CC       ll_map.o
#23 2.004 In file included from ll_map.c:17:
#23 2.004 ../include/libnetlink.h: In function 'rta_getattr_be64':
#23 2.004 ../include/libnetlink.h:280:16: warning: implicit declaration of function 'htobe64' [-Wimplicit-function-declaration]
#23 2.004   280 |         return htobe64(rta_getattr_u64(rta));
#23 2.004       |                ^~~~~~~
#23 2.085     CC       ll_types.o
#23 2.098 In file included from ll_types.c:20:
#23 2.098 ../include/uapi/linux/sockios.h:42: warning: "SIOCGSTAMP" redefined
#23 2.098    42 | #define SIOCGSTAMP      SIOCGSTAMP_OLD
#23 2.098       | 
#23 2.098 In file included from /usr/include/sys/ioctl.h:10,
#23 2.098                  from ll_types.c:12:
#23 2.098 /usr/include/bits/ioctl.h:111: note: this is the location of the previous definition
#23 2.098   111 | #define SIOCGSTAMP      0x8906
#23 2.098       | 
#23 2.098 ../include/uapi/linux/sockios.h:43: warning: "SIOCGSTAMPNS" redefined
#23 2.098    43 | #define SIOCGSTAMPNS    SIOCGSTAMPNS_OLD
#23 2.098       | 
#23 2.098 /usr/include/bits/ioctl.h:112: note: this is the location of the previous definition
#23 2.098   112 | #define SIOCGSTAMPNS    0x8907
#23 2.098       | 
#23 2.113     CC       ll_proto.o
#23 2.125 In file included from ll_proto.c:21:
#23 2.125 ../include/uapi/linux/sockios.h:42: warning: "SIOCGSTAMP" redefined
#23 2.125    42 | #define SIOCGSTAMP      SIOCGSTAMP_OLD
#23 2.125       | 
#23 2.125 In file included from /usr/include/sys/ioctl.h:10,
#23 2.125                  from ll_proto.c:13:
#23 2.125 /usr/include/bits/ioctl.h:111: note: this is the location of the previous definition
#23 2.125   111 | #define SIOCGSTAMP      0x8906
#23 2.125       | 
#23 2.125 ../include/uapi/linux/sockios.h:43: warning: "SIOCGSTAMPNS" redefined
#23 2.125    43 | #define SIOCGSTAMPNS    SIOCGSTAMPNS_OLD
#23 2.125       | 
#23 2.125 /usr/include/bits/ioctl.h:112: note: this is the location of the previous definition
#23 2.125   112 | #define SIOCGSTAMPNS    0x8907
#23 2.125       | 
#23 2.139     CC       ll_addr.o
#23 2.152 In file included from ll_addr.c:20:
#23 2.152 ../include/uapi/linux/sockios.h:42: warning: "SIOCGSTAMP" redefined
#23 2.152    42 | #define SIOCGSTAMP      SIOCGSTAMP_OLD
#23 2.152       | 
#23 2.152 In file included from /usr/include/sys/ioctl.h:10,
#23 2.152                  from ll_addr.c:12:
#23 2.152 /usr/include/bits/ioctl.h:111: note: this is the location of the previous definition
#23 2.152   111 | #define SIOCGSTAMP      0x8906
#23 2.152       | 
#23 2.152 ../include/uapi/linux/sockios.h:43: warning: "SIOCGSTAMPNS" redefined
#23 2.152    43 | #define SIOCGSTAMPNS    SIOCGSTAMPNS_OLD
#23 2.152       | 
#23 2.152 /usr/include/bits/ioctl.h:112: note: this is the location of the previous definition
#23 2.152   112 | #define SIOCGSTAMPNS    0x8907
#23 2.152       | 
#23 2.180     CC       inet_proto.o
#23 2.208     CC       namespace.o
#23 2.259     CC       json_writer.o
#23 2.337     CC       json_print.o
#23 2.456     CC       json_print_math.o
#23 2.486     CC       names.o
#23 2.529     CC       color.o
#23 2.569     CC       bpf_legacy.o
#23 2.917     CC       bpf_glue.o
#23 2.952     CC       exec.o
#23 2.982     CC       fs.o
#23 3.045     CC       cg_map.o
#23 3.085     CC       ppp_proto.o
#23 3.106     CC       bpf_libbpf.o
#23 3.179     CC       selinux.o
#23 3.198     CC       ax25_ntop.o
#23 3.225     CC       rose_ntop.o
#23 3.239 In file included from rose_ntop.c:16:
#23 3.239 ../include/uapi/linux/sockios.h:42: warning: "SIOCGSTAMP" redefined
#23 3.239    42 | #define SIOCGSTAMP      SIOCGSTAMP_OLD
#23 3.239       | 
#23 3.239 In file included from /usr/include/sys/ioctl.h:10,
#23 3.239                  from rose_ntop.c:7:
#23 3.239 /usr/include/bits/ioctl.h:111: note: this is the location of the previous definition
#23 3.239   111 | #define SIOCGSTAMP      0x8906
#23 3.239       | 
#23 3.239 ../include/uapi/linux/sockios.h:43: warning: "SIOCGSTAMPNS" redefined
#23 3.239    43 | #define SIOCGSTAMPNS    SIOCGSTAMPNS_OLD
#23 3.239       | 
#23 3.239 /usr/include/bits/ioctl.h:112: note: this is the location of the previous definition
#23 3.239   112 | #define SIOCGSTAMPNS    0x8907
#23 3.239       | 
#23 3.255     CC       mpls_ntop.o
#23 3.280     CC       mpls_pton.o
#23 3.307     CC       netrom_ntop.o
#23 3.328     AR       libutil.a
#23 3.333 
#23 3.333 ip
#23 3.335     CC       ip.o
#23 3.405     CC       ipaddress.o
#23 3.419 In file included from ipaddress.c:26:
#23 3.419 ../include/uapi/linux/sockios.h:42: warning: "SIOCGSTAMP" redefined
#23 3.419    42 | #define SIOCGSTAMP      SIOCGSTAMP_OLD
#23 3.419       | 
#23 3.419 In file included from /usr/include/sys/ioctl.h:10,
#23 3.419                  from ipaddress.c:14:
#23 3.419 /usr/include/bits/ioctl.h:111: note: this is the location of the previous definition
#23 3.419   111 | #define SIOCGSTAMP      0x8906
#23 3.419       | 
#23 3.419 ../include/uapi/linux/sockios.h:43: warning: "SIOCGSTAMPNS" redefined
#23 3.419    43 | #define SIOCGSTAMPNS    SIOCGSTAMPNS_OLD
#23 3.419       | 
#23 3.419 /usr/include/bits/ioctl.h:112: note: this is the location of the previous definition
#23 3.419   112 | #define SIOCGSTAMPNS    0x8907
#23 3.419       | 
#23 3.839     CC       ipaddrlabel.o
#23 3.896     CC       iproute.o
#23 4.457     CC       iprule.o
#23 4.661     CC       ipnetns.o
#23 4.840     CC       rtm_map.o
#23 4.873     CC       iptunnel.o
#23 4.885 In file included from ../include/uapi/linux/if_tunnel.h:6,
#23 4.885                  from iptunnel.c:19:
#23 4.885 ../include/uapi/linux/if.h:134: warning: "IFF_VOLATILE" redefined
#23 4.885   134 | #define IFF_VOLATILE    (IFF_LOOPBACK|IFF_POINTOPOINT|IFF_BROADCAST|IFF_ECHO|\
#23 4.885       | 
#23 4.885 In file included from iptunnel.c:16:
#23 4.885 /usr/include/net/if.h:48: note: this is the location of the previous definition
#23 4.885    48 | #define IFF_VOLATILE (IFF_LOOPBACK|IFF_POINTOPOINT|IFF_BROADCAST| \
#23 4.885       | 
#23 5.011     CC       ip6tunnel.o
#23 5.118     CC       tunnel.o
#23 5.217     CC       ipneigh.o
#23 5.364     CC       ipntable.o
#23 5.488     CC       iplink.o
#23 5.778     CC       ipmaddr.o
#23 5.791 In file included from ipmaddr.c:21:
#23 5.791 ../include/uapi/linux/sockios.h:42: warning: "SIOCGSTAMP" redefined
#23 5.791    42 | #define SIOCGSTAMP      SIOCGSTAMP_OLD
#23 5.791       | 
#23 5.791 In file included from /usr/include/sys/ioctl.h:10,
#23 5.791                  from ipmaddr.c:12:
#23 5.791 /usr/include/bits/ioctl.h:111: note: this is the location of the previous definition
#23 5.791   111 | #define SIOCGSTAMP      0x8906
#23 5.791       | 
#23 5.791 ../include/uapi/linux/sockios.h:43: warning: "SIOCGSTAMPNS" redefined
#23 5.791    43 | #define SIOCGSTAMPNS    SIOCGSTAMPNS_OLD
#23 5.791       | 
#23 5.791 /usr/include/bits/ioctl.h:112: note: this is the location of the previous definition
#23 5.791   112 | #define SIOCGSTAMPNS    0x8907
#23 5.791       | 
#23 5.870     CC       ipmonitor.o
#23 5.943     CC       ipmroute.o
#23 5.957 In file included from ipmroute.c:22:
#23 5.957 ../include/uapi/linux/sockios.h:42: warning: "SIOCGSTAMP" redefined
#23 5.957    42 | #define SIOCGSTAMP      SIOCGSTAMP_OLD
#23 5.957       | 
#23 5.957 In file included from /usr/include/sys/ioctl.h:10,
#23 5.957                  from ipmroute.c:13:
#23 5.957 /usr/include/bits/ioctl.h:111: note: this is the location of the previous definition
#23 5.957   111 | #define SIOCGSTAMP      0x8906
#23 5.957       | 
#23 5.957 ../include/uapi/linux/sockios.h:43: warning: "SIOCGSTAMPNS" redefined
#23 5.957    43 | #define SIOCGSTAMPNS    SIOCGSTAMPNS_OLD
#23 5.957       | 
#23 5.957 /usr/include/bits/ioctl.h:112: note: this is the location of the previous definition
#23 5.957   112 | #define SIOCGSTAMPNS    0x8907
#23 5.957       | 
#23 6.019     CC       ipprefix.o
#23 6.049     CC       iptuntap.o
#23 6.159     CC       iptoken.o
#23 6.214     CC       ipxfrm.o
#23 6.500     CC       xfrm_state.o
#23 6.804     CC       xfrm_policy.o
#23 7.045     CC       xfrm_monitor.o
#23 7.123     CC       iplink_dummy.o
#23 7.145     CC       iplink_ifb.o
#23 7.166     CC       iplink_nlmon.o
#23 7.188     CC       iplink_team.o
#23 7.213     CC       iplink_vcan.o
#23 7.235     CC       iplink_vxcan.o
#23 7.264     CC       iplink_vlan.o
#23 7.333     CC       link_veth.o
#23 7.360     CC       link_gre.o
#23 7.372 In file included from ../include/uapi/linux/if_tunnel.h:6,
#23 7.372                  from link_gre.c:15:
#23 7.372 ../include/uapi/linux/if.h:134: warning: "IFF_VOLATILE" redefined
#23 7.372   134 | #define IFF_VOLATILE    (IFF_LOOPBACK|IFF_POINTOPOINT|IFF_BROADCAST|IFF_ECHO|\
#23 7.372       | 
#23 7.372 In file included from link_gre.c:9:
#23 7.372 /usr/include/net/if.h:48: note: this is the location of the previous definition
#23 7.372    48 | #define IFF_VOLATILE (IFF_LOOPBACK|IFF_POINTOPOINT|IFF_BROADCAST| \
#23 7.372       | 
#23 7.479     CC       iplink_can.o
#23 7.622     CC       iplink_xdp.o
#23 7.682     CC       iplink_macvlan.o
#23 7.748     CC       ipl2tp.o
#23 7.900     CC       link_vti.o
#23 7.911 In file included from ../include/uapi/linux/if_tunnel.h:6,
#23 7.911                  from link_vti.c:16:
#23 7.911 ../include/uapi/linux/if.h:134: warning: "IFF_VOLATILE" redefined
#23 7.911   134 | #define IFF_VOLATILE    (IFF_LOOPBACK|IFF_POINTOPOINT|IFF_BROADCAST|IFF_ECHO|\
#23 7.911       | 
#23 7.911 In file included from link_vti.c:10:
#23 7.911 /usr/include/net/if.h:48: note: this is the location of the previous definition
#23 7.911    48 | #define IFF_VOLATILE (IFF_LOOPBACK|IFF_POINTOPOINT|IFF_BROADCAST| \
#23 7.911       | 
#23 7.955     CC       link_vti6.o
#23 7.965 In file included from ../include/uapi/linux/if_tunnel.h:6,
#23 7.965                  from link_vti6.c:17:
#23 7.965 ../include/uapi/linux/if.h:134: warning: "IFF_VOLATILE" redefined
#23 7.965   134 | #define IFF_VOLATILE    (IFF_LOOPBACK|IFF_POINTOPOINT|IFF_BROADCAST|IFF_ECHO|\
#23 7.965       | 
#23 7.965 In file included from link_vti6.c:11:
#23 7.965 /usr/include/net/if.h:48: note: this is the location of the previous definition
#23 7.965    48 | #define IFF_VOLATILE (IFF_LOOPBACK|IFF_POINTOPOINT|IFF_BROADCAST| \
#23 7.965       | 
#23 8.009     CC       link_xfrm.o
#23 8.046     CC       iplink_vxlan.o
#23 8.210     CC       tcp_metrics.o
#23 8.311     CC       iplink_ipoib.o
#23 8.351     CC       ipnetconf.o
#23 8.411     CC       link_ip6tnl.o
#23 8.421 In file included from ../include/uapi/linux/if_tunnel.h:6,
#23 8.421                  from link_ip6tnl.c:15:
#23 8.421 ../include/uapi/linux/if.h:134: warning: "IFF_VOLATILE" redefined
#23 8.421   134 | #define IFF_VOLATILE    (IFF_LOOPBACK|IFF_POINTOPOINT|IFF_BROADCAST|IFF_ECHO|\
#23 8.421       | 
#23 8.421 In file included from link_ip6tnl.c:9:
#23 8.421 /usr/include/net/if.h:48: note: this is the location of the previous definition
#23 8.421    48 | #define IFF_VOLATILE (IFF_LOOPBACK|IFF_POINTOPOINT|IFF_BROADCAST| \
#23 8.421       | 
#23 8.516     CC       link_iptnl.o
#23 8.527 In file included from ../include/uapi/linux/if_tunnel.h:6,
#23 8.527                  from link_iptnl.c:16:
#23 8.527 ../include/uapi/linux/if.h:134: warning: "IFF_VOLATILE" redefined
#23 8.527   134 | #define IFF_VOLATILE    (IFF_LOOPBACK|IFF_POINTOPOINT|IFF_BROADCAST|IFF_ECHO|\
#23 8.527       | 
#23 8.527 In file included from link_iptnl.c:9:
#23 8.527 /usr/include/net/if.h:48: note: this is the location of the previous definition
#23 8.527    48 | #define IFF_VOLATILE (IFF_LOOPBACK|IFF_POINTOPOINT|IFF_BROADCAST| \
#23 8.527       | 
#23 8.611     CC       link_gre6.o
#23 8.622 In file included from ../include/uapi/linux/if_tunnel.h:6,
#23 8.622                  from link_gre6.c:15:
#23 8.622 ../include/uapi/linux/if.h:134: warning: "IFF_VOLATILE" redefined
#23 8.622   134 | #define IFF_VOLATILE    (IFF_LOOPBACK|IFF_POINTOPOINT|IFF_BROADCAST|IFF_ECHO|\
#23 8.622       | 
#23 8.622 In file included from link_gre6.c:9:
#23 8.622 /usr/include/net/if.h:48: note: this is the location of the previous definition
#23 8.622    48 | #define IFF_VOLATILE (IFF_LOOPBACK|IFF_POINTOPOINT|IFF_BROADCAST| \
#23 8.622       | 
#23 8.754     CC       iplink_bond.o
#23 8.925     CC       iplink_bond_slave.o
#23 8.977     CC       iplink_hsr.o
#23 9.026     CC       iplink_bridge.o
#23 9.207     CC       iplink_bridge_slave.o
#23 9.301     CC       iplink_dsa.o
#23 9.332     CC       ipfou.o
#23 9.345 In file included from ../include/libgenl.h:5,
#23 9.345                  from ipfou.c:18:
#23 9.345 ../include/libnetlink.h: In function 'rta_getattr_be64':
#23 9.345 ../include/libnetlink.h:280:16: warning: implicit declaration of function 'htobe64' [-Wimplicit-function-declaration]
#23 9.345   280 |         return htobe64(rta_getattr_u64(rta));
#23 9.345       |                ^~~~~~~
#23 9.409     CC       iplink_ipvlan.o
#23 9.458     CC       iplink_geneve.o
#23 9.550     CC       iplink_vrf.o
#23 9.598     CC       iproute_lwtunnel.o
#23 9.997     CC       ipmacsec.o
#23 10.25     CC       ipila.o
#23 10.27 In file included from ../include/libgenl.h:5,
#23 10.27                  from ipila.c:18:
#23 10.27 ../include/libnetlink.h: In function 'rta_getattr_be64':
#23 10.27 ../include/libnetlink.h:280:16: warning: implicit declaration of function 'htobe64' [-Wimplicit-function-declaration]
#23 10.27   280 |         return htobe64(rta_getattr_u64(rta));
#23 10.27       |                ^~~~~~~
#23 10.35     CC       ipvrf.o
#23 10.47     CC       iplink_xstats.o
#23 10.50     CC       ipseg6.o
#23 10.55     CC       iplink_netdevsim.o
#23 10.57     CC       iplink_rmnet.o
#23 10.60     CC       ipnexthop.o
#23 10.86     CC       ipmptcp.o
#23 10.98     CC       iplink_bareudp.o
#23 10.99 In file included from iplink_bareudp.c:9:
#23 10.99 ../include/libnetlink.h: In function 'rta_getattr_be64':
#23 10.99 ../include/libnetlink.h:280:16: warning: implicit declaration of function 'htobe64' [-Wimplicit-function-declaration]
#23 10.99   280 |         return htobe64(rta_getattr_u64(rta));
#23 10.99       |                ^~~~~~~
#23 11.02     CC       iplink_wwan.o
#23 11.05     CC       ipioam6.o
#23 11.13     CC       iplink_amt.o
#23 11.19     CC       iplink_batadv.o
#23 11.21     CC       iplink_gtp.o
#23 11.25     CC       iplink_virt_wifi.o
#23 11.28     CC       iplink_netkit.o
#23 11.32     CC       ipstats.o
#23 11.54     LINK     ip
#23 11.57     CC       rtmon.o
#23 11.62     LINK     rtmon
#23 11.64 
#23 11.64 tc
#23 11.64     CC       tc.o
#23 11.72     CC       tc_qdisc.o
#23 11.83     CC       tc_class.o
#23 11.98     CC       tc_filter.o
#23 12.13     CC       tc_util.o
#23 12.32     CC       tc_monitor.o
#23 12.35     CC       tc_exec.o
#23 12.39     CC       m_police.o
#23 12.47     CC       m_estimator.o
#23 12.50     CC       m_action.o
#23 12.66     CC       m_ematch.o
#23 12.78     YACC     emp_ematch.tab.c
#23 12.85     CC       emp_ematch.tab.o
#23 12.96     LEX      emp_ematch.lex.c
#23 12.97     CC       emp_ematch.lex.o
#23 13.14     CC       q_fifo.o
#23 13.18     CC       q_sfq.o
#23 13.25     CC       q_red.o
#23 13.32     CC       q_prio.o
#23 13.37     CC       q_skbprio.o
#23 13.40     CC       q_tbf.o
#23 13.51     CC       q_multiq.o
#23 13.54     CC       q_netem.o
#23 13.79     CC       q_choke.o
#23 13.86     CC       q_sfb.o
#23 13.92     CC       f_u32.o
#23 14.19     CC       f_route.o
#23 14.24     CC       f_fw.o
#23 14.30     CC       f_basic.o
#23 14.34     CC       f_bpf.o
#23 14.41     CC       f_flow.o
#23 14.50     CC       f_cgroup.o
#23 14.54     CC       f_flower.o
#23 14.55 In file included from ../include/uapi/linux/netdevice.h:29,
#23 14.55                  from ../include/uapi/linux/if_arp.h:27,
#23 14.55                  from f_flower.c:14:
#23 14.55 ../include/uapi/linux/if.h:134: warning: "IFF_VOLATILE" redefined
#23 14.55   134 | #define IFF_VOLATILE    (IFF_LOOPBACK|IFF_POINTOPOINT|IFF_BROADCAST|IFF_ECHO|\
#23 14.55       | 
#23 14.55 In file included from f_flower.c:12:
#23 14.55 /usr/include/net/if.h:48: note: this is the location of the previous definition
#23 14.55    48 | #define IFF_VOLATILE (IFF_LOOPBACK|IFF_POINTOPOINT|IFF_BROADCAST| \
#23 14.55       | 
#23 15.09     CC       q_gred.o
#23 15.22     CC       q_ingress.o
#23 15.25     CC       q_hfsc.o
#23 15.35     CC       q_htb.o
#23 15.45     CC       q_drr.o
#23 15.49     CC       q_qfq.o
#23 15.53     CC       m_gact.o
#23 15.59     CC       m_mirred.o
#23 15.66     CC       m_mpls.o
#23 15.75     CC       m_nat.o
#23 15.81     CC       m_pedit.o
#23 15.95     CC       m_ife.o
#23 16.03     CC       m_skbedit.o
#23 16.09     CC       m_skbmod.o
#23 16.15     CC       m_csum.o
#23 16.21     CC       m_simple.o
#23 16.25     CC       m_vlan.o
#23 16.32     CC       m_connmark.o
#23 16.35     CC       m_ctinfo.o
#23 16.41     CC       m_bpf.o
#23 16.48     CC       m_tunnel_key.o
#23 16.59     CC       m_sample.o
#23 16.64     CC       m_ct.o
#23 16.75     CC       m_gate.o
#23 16.83     CC       p_ip.o
#23 16.88     CC       p_ip6.o
#23 16.92     CC       p_icmp.o
#23 16.95     CC       p_eth.o
#23 16.98     CC       p_tcp.o
#23 17.02     CC       p_udp.o
#23 17.04     CC       em_nbyte.o
#23 17.09     CC       em_cmp.o
#23 17.15     CC       em_u32.o
#23 17.20     CC       em_canid.o
#23 17.24     CC       em_meta.o
#23 17.35     CC       q_mqprio.o
#23 17.46     CC       q_codel.o
#23 17.52     CC       q_fq_codel.o
#23 17.59     CC       q_fq.o
#23 17.70     CC       q_pie.o
#23 17.76     CC       q_fq_pie.o
#23 17.83     CC       q_cake.o
#23 18.02     CC       q_hhf.o
#23 18.07     CC       q_clsact.o
#23 18.10     CC       e_bpf.o
#23 18.15     CC       f_matchall.o
#23 18.19     CC       q_cbs.o
#23 18.25     CC       q_etf.o
#23 18.30     CC       q_taprio.o
#23 18.42     CC       q_plug.o
#23 18.45     CC       q_ets.o
#23 18.54     CC       em_ipt.o
#23 18.56 In file included from tc_util.h:7,
#23 18.56                  from m_ematch.h:11,
#23 18.56                  from em_ipt.c:13:
#23 18.56 ../include/uapi/linux/if.h:134: warning: "IFF_VOLATILE" redefined
#23 18.56   134 | #define IFF_VOLATILE    (IFF_LOOPBACK|IFF_POINTOPOINT|IFF_BROADCAST|IFF_ECHO|\
#23 18.56       | 
#23 18.56 In file included from ../include/xtables.h:17,
#23 18.56                  from em_ipt.c:12:
#23 18.56 /usr/include/net/if.h:48: note: this is the location of the previous definition
#23 18.56    48 | #define IFF_VOLATILE (IFF_LOOPBACK|IFF_POINTOPOINT|IFF_BROADCAST| \
#23 18.56       | 
#23 18.59     CC       em_ipset.o
#23 18.60 In file included from tc_util.h:7,
#23 18.60                  from m_ematch.h:11,
#23 18.60                  from em_ipset.c:39:
#23 18.60 ../include/uapi/linux/if.h:134: warning: "IFF_VOLATILE" redefined
#23 18.60   134 | #define IFF_VOLATILE    (IFF_LOOPBACK|IFF_POINTOPOINT|IFF_BROADCAST|IFF_ECHO|\
#23 18.60       | 
#23 18.60 In file included from ../include/xtables.h:17,
#23 18.60                  from em_ipset.c:23:
#23 18.60 /usr/include/net/if.h:48: note: this is the location of the previous definition
#23 18.60    48 | #define IFF_VOLATILE (IFF_LOOPBACK|IFF_POINTOPOINT|IFF_BROADCAST| \
#23 18.60       | 
#23 18.64     CC       tc_core.o
#23 18.71     CC       tc_red.o
#23 18.76     CC       tc_estimator.o
#23 18.79     CC       tc_stab.o
#23 18.84     CC       tc_qevent.o
#23 18.86 In file included from tc_qevent.h:7,
#23 18.86                  from tc_qevent.c:10:
#23 18.86 ../include/libnetlink.h: In function 'rta_getattr_be64':
#23 18.86 ../include/libnetlink.h:280:16: warning: implicit declaration of function 'htobe64' [-Wimplicit-function-declaration]
#23 18.86   280 |         return htobe64(rta_getattr_u64(rta));
#23 18.86       |                ^~~~~~~
#23 18.90     AR       libtc.a
#23 18.91     LINK     tc
#23 18.94 rm emp_ematch.lex.c
#23 18.94 
#23 18.94 bridge
#23 18.94     CC       bridge.o
#23 18.99     CC       fdb.o
#23 19.01 In file included from fdb.c:28:
#23 19.01 ../include/libnetlink.h: In function 'rta_getattr_be64':
#23 19.01 ../include/libnetlink.h:280:16: warning: implicit declaration of function 'htobe64' [-Wimplicit-function-declaration]
#23 19.01   280 |         return htobe64(rta_getattr_u64(rta));
#23 19.01       |                ^~~~~~~
#23 19.18     CC       monitor.o
#23 19.23     CC       link.o
#23 19.24 In file included from link.c:16:
#23 19.24 ../include/libnetlink.h: In function 'rta_getattr_be64':
#23 19.24 ../include/libnetlink.h:280:16: warning: implicit declaration of function 'htobe64' [-Wimplicit-function-declaration]
#23 19.24   280 |         return htobe64(rta_getattr_u64(rta));
#23 19.24       |                ^~~~~~~
#23 19.38     CC       mdb.o
#23 19.40 In file included from mdb.c:20:
#23 19.40 ../include/libnetlink.h: In function 'rta_getattr_be64':
#23 19.40 ../include/libnetlink.h:280:16: warning: implicit declaration of function 'htobe64' [-Wimplicit-function-declaration]
#23 19.40   280 |         return htobe64(rta_getattr_u64(rta));
#23 19.40       |                ^~~~~~~
#23 19.58     CC       vlan.o
#23 19.60 In file included from vlan.c:16:
#23 19.60 ../include/libnetlink.h: In function 'rta_getattr_be64':
#23 19.60 ../include/libnetlink.h:280:16: warning: implicit declaration of function 'htobe64' [-Wimplicit-function-declaration]
#23 19.60   280 |         return htobe64(rta_getattr_u64(rta));
#23 19.60       |                ^~~~~~~
#23 19.83     CC       vni.o
#23 19.85 In file included from vni.c:21:
#23 19.85 ../include/libnetlink.h: In function 'rta_getattr_be64':
#23 19.85 ../include/libnetlink.h:280:16: warning: implicit declaration of function 'htobe64' [-Wimplicit-function-declaration]
#23 19.85   280 |         return htobe64(rta_getattr_u64(rta));
#23 19.85       |                ^~~~~~~
#23 19.91     LINK     bridge
#23 19.93 
#23 19.93 misc
#23 19.93     CC       ss.o
#23 19.95 In file included from ../include/uapi/linux/tipc.h:42,
#23 19.95                  from ss.c:49:
#23 19.95 ../include/uapi/linux/sockios.h:42: warning: "SIOCGSTAMP" redefined
#23 19.95    42 | #define SIOCGSTAMP      SIOCGSTAMP_OLD
#23 19.95       | 
#23 19.95 In file included from /usr/include/sys/ioctl.h:10,
#23 19.95                  from ss.c:12:
#23 19.95 /usr/include/bits/ioctl.h:111: note: this is the location of the previous definition
#23 19.95   111 | #define SIOCGSTAMP      0x8906
#23 19.95       | 
#23 19.95 ../include/uapi/linux/sockios.h:43: warning: "SIOCGSTAMPNS" redefined
#23 19.95    43 | #define SIOCGSTAMPNS    SIOCGSTAMPNS_OLD
#23 19.95       | 
#23 19.95 /usr/include/bits/ioctl.h:112: note: this is the location of the previous definition
#23 19.95   112 | #define SIOCGSTAMPNS    0x8907
#23 19.95       | 
#23 20.82     CC       ssfilter_check.o
#23 20.83 In file included from ssfilter_check.c:6:
#23 20.83 ../include/libnetlink.h: In function 'rta_getattr_be64':
#23 20.83 ../include/libnetlink.h:280:16: warning: implicit declaration of function 'htobe64' [-Wimplicit-function-declaration]
#23 20.83   280 |         return htobe64(rta_getattr_u64(rta));
#23 20.83       |                ^~~~~~~
#23 20.85     YACC     ssfilter.tab.c
#23 20.91     CC       ssfilter.tab.o
#23 21.01     LINK     ss
#23 21.03     CC       nstat
#23 21.17     CC       ifstat
#23 21.19 In file included from ifstat.c:30:
#23 21.19 ../include/libnetlink.h: In function 'rta_getattr_be64':
#23 21.19 ../include/libnetlink.h:280:16: warning: implicit declaration of function 'htobe64' [-Wimplicit-function-declaration]
#23 21.19   280 |         return htobe64(rta_getattr_u64(rta));
#23 21.19       |                ^~~~~~~
#23 21.35     CC       rtacct
#23 21.48     CC       lnstat.o
#23 21.55     CC       lnstat_util.o
#23 21.61     LINK     lnstat
#23 21.62 
#23 21.62 netem
#23 21.62 gcc  -I../include -o maketable maketable.c -lm
#23 21.65 gcc  -I../include -o normal normal.c -lm
#23 21.68 gcc  -I../include -o pareto pareto.c -lm
#23 21.70 gcc  -I../include -o paretonormal paretonormal.c -lm
#23 21.73 ./normal > normal.dist
#23 21.74 ./pareto > pareto.dist
#23 21.74 ./paretonormal > paretonormal.dist
#23 21.75 ./maketable experimental.dat > experimental.dist
#23 21.75 
#23 21.75 genl
#23 21.75     CC       genl.o
#23 21.79     CC       ctrl.o
#23 21.87     LINK     genl
#23 21.88 
#23 21.88 man
#23 21.88 make[2]: Nothing to be done for 'all'.
#23 21.88 make[2]: Nothing to be done for 'all'.
#23 21.89 sed \
#23 21.89 	-e "s|@NETNS_ETC_DIR@|/etc/netns|g" \
#23 21.89 	-e "s|@NETNS_RUN_DIR@|/var/run/netns|g" \
#23 21.89 	-e "s|@SYSCONF_ETC_DIR@|/etc/iproute2|g" \
#23 21.89 	-e "s|@SYSCONF_USR_DIR@|/usr/share/iproute2|g" \
#23 21.89 	ip-address.8.in > ip-address.8
#23 21.89 sed \
#23 21.89 	-e "s|@NETNS_ETC_DIR@|/etc/netns|g" \
#23 21.89 	-e "s|@NETNS_RUN_DIR@|/var/run/netns|g" \
#23 21.89 	-e "s|@SYSCONF_ETC_DIR@|/etc/iproute2|g" \
#23 21.89 	-e "s|@SYSCONF_USR_DIR@|/usr/share/iproute2|g" \
#23 21.89 	ip-link.8.in > ip-link.8
#23 21.89 sed \
#23 21.89 	-e "s|@NETNS_ETC_DIR@|/etc/netns|g" \
#23 21.89 	-e "s|@NETNS_RUN_DIR@|/var/run/netns|g" \
#23 21.89 	-e "s|@SYSCONF_ETC_DIR@|/etc/iproute2|g" \
#23 21.89 	-e "s|@SYSCONF_USR_DIR@|/usr/share/iproute2|g" \
#23 21.89 	ip-netns.8.in > ip-netns.8
#23 21.90 sed \
#23 21.90 	-e "s|@NETNS_ETC_DIR@|/etc/netns|g" \
#23 21.90 	-e "s|@NETNS_RUN_DIR@|/var/run/netns|g" \
#23 21.90 	-e "s|@SYSCONF_ETC_DIR@|/etc/iproute2|g" \
#23 21.90 	-e "s|@SYSCONF_USR_DIR@|/usr/share/iproute2|g" \
#23 21.90 	ip-route.8.in > ip-route.8
#23 21.90 
#23 21.90 tipc
#23 21.90     CC       bearer.o
#23 22.08     CC       cmdl.o
#23 22.12     CC       link.o
#23 22.33     CC       media.o
#23 22.39     CC       misc.o
#23 22.44     CC       msg.o
#23 22.46     CC       nametable.o
#23 22.50     CC       node.o
#23 22.59     CC       socket.o
#23 22.62     CC       peer.o
#23 22.65     CC       tipc.o
#23 22.69     LINK     tipc
#23 22.70 
#23 22.70 devlink
#23 22.70     CC       devlink.o
#23 24.36     CC       mnlg.o
#23 24.37 In file included from mnlg.c:16:
#23 24.37 ../include/libnetlink.h: In function 'rta_getattr_be64':
#23 24.37 ../include/libnetlink.h:280:16: warning: implicit declaration of function 'htobe64' [-Wimplicit-function-declaration]
#23 24.37   280 |         return htobe64(rta_getattr_u64(rta));
#23 24.37       |                ^~~~~~~
#23 24.40     LINK     devlink
#23 24.42 
#23 24.42 rdma
#23 24.42     CC       rdma.o
#23 24.44 rdma.c: In function 'main':
#23 24.44 rdma.c:110:20: warning: implicit declaration of function 'basename'; did you mean 'rename'? [-Wimplicit-function-declaration]
#23 24.44   110 |         filename = basename(argv[0]);
#23 24.44       |                    ^~~~~~~~
#23 24.44       |                    rename
#23 24.44 rdma.c:110:18: warning: assignment to 'char *' from 'int' makes pointer from integer without a cast [-Wint-conversion]
#23 24.44   110 |         filename = basename(argv[0]);
#23 24.44       |                  ^
#23 24.47     CC       utils.o
#23 24.64     CC       dev.o
#23 24.72     CC       link.o
#23 24.79     CC       res.o
#23 24.92     CC       res-pd.o
#23 24.97     CC       res-mr.o
#23 25.01     CC       res-cq.o
#23 25.06     CC       res-cmid.o
#23 25.14     CC       res-qp.o
#23 25.20     CC       sys.o
#23 25.25     CC       stat.o
#23 25.46     CC       stat-mr.o
#23 25.50     CC       res-ctx.o
#23 25.54     CC       res-srq.o
#23 25.60     LINK     rdma
#23 25.62 
#23 25.62 dcb
#23 25.62     CC       dcb.o
#23 25.63 In file included from ../include/namespace.h:10,
#23 25.63                  from dcb.c:11:
#23 25.63 ../include/libnetlink.h: In function 'rta_getattr_be64':
#23 25.63 ../include/libnetlink.h:280:16: warning: implicit declaration of function 'htobe64' [-Wimplicit-function-declaration]
#23 25.63   280 |         return htobe64(rta_getattr_u64(rta));
#23 25.63       |                ^~~~~~~
#23 25.74     CC       dcb_app.o
#23 25.94     CC       dcb_buffer.o
#23 25.99     CC       dcb_dcbx.o
#23 26.04     CC       dcb_ets.o
#23 26.12     CC       dcb_maxrate.o
#23 26.17     CC       dcb_pfc.o
#23 26.23     CC       dcb_apptrust.o
#23 26.29     CC       dcb_rewr.o
#23 26.36     LINK     dcb
#23 26.38 
#23 26.38 vdpa
#23 26.38     CC       vdpa.o
#23 26.54     LINK     vdpa
#23 DONE 26.6s

#24 [20/22] RUN git clone --no-single-branch --depth=1 https://github.com/linux-netdev/testing.git /nipa-data/kernel
#24 0.362 Cloning into '/nipa-data/kernel'...
#24 24.68 Updating files:  17% (14362/83283)Updating files:  18% (14991/83283)Updating files:  19% (15824/83283)Updating files:  20% (16657/83283)Updating files:  21% (17490/83283)Updating files:  22% (18323/83283)Updating files:  23% (19156/83283)Updating files:  24% (19988/83283)Updating files:  25% (20821/83283)Updating files:  26% (21654/83283)Updating files:  27% (22487/83283)Updating files:  28% (23320/83283)Updating files:  29% (24153/83283)Updating files:  30% (24985/83283)Updating files:  31% (25818/83283)Updating files:  32% (26651/83283)Updating files:  33% (27484/83283)Updating files:  34% (28317/83283)Updating files:  34% (28466/83283)Updating files:  35% (29150/83283)Updating files:  36% (29982/83283)Updating files:  37% (30815/83283)Updating files:  38% (31648/83283)Updating files:  39% (32481/83283)Updating files:  40% (33314/83283)Updating files:  40% (33600/83283)Updating files:  41% (34147/83283)Updating files:  42% (34979/83283)Updating files:  43% (35812/83283)Updating files:  44% (36645/83283)Updating files:  45% (37478/83283)Updating files:  46% (38311/83283)Updating files:  47% (39144/83283)Updating files:  48% (39976/83283)Updating files:  49% (40809/83283)Updating files:  50% (41642/83283)Updating files:  51% (42475/83283)Updating files:  51% (42776/83283)Updating files:  52% (43308/83283)Updating files:  53% (44140/83283)Updating files:  54% (44973/83283)Updating files:  55% (45806/83283)Updating files:  56% (46639/83283)Updating files:  57% (47472/83283)Updating files:  58% (48305/83283)Updating files:  59% (49137/83283)Updating files:  60% (49970/83283)Updating files:  61% (50803/83283)Updating files:  62% (51636/83283)Updating files:  63% (52469/83283)Updating files:  64% (53302/83283)Updating files:  65% (54134/83283)Updating files:  65% (54276/83283)Updating files:  66% (54967/83283)Updating files:  67% (55800/83283)Updating files:  68% (56633/83283)Updating files:  69% (57466/83283)Updating files:  70% (58299/83283)Updating files:  71% (59131/83283)Updating files:  72% (59964/83283)Updating files:  73% (60797/83283)Updating files:  74% (61630/83283)Updating files:  75% (62463/83283)Updating files:  76% (63296/83283)Updating files:  77% (64128/83283)Updating files:  78% (64961/83283)Updating files:  79% (65794/83283)Updating files:  80% (66627/83283)Updating files:  81% (67460/83283)Updating files:  82% (68293/83283)Updating files:  83% (69125/83283)Updating files:  83% (69602/83283)Updating files:  84% (69958/83283)Updating files:  85% (70791/83283)Updating files:  86% (71624/83283)Updating files:  87% (72457/83283)Updating files:  88% (73290/83283)Updating files:  89% (74122/83283)Updating files:  90% (74955/83283)Updating files:  91% (75788/83283)Updating files:  92% (76621/83283)Updating files:  93% (77454/83283)Updating files:  94% (78287/83283)Updating files:  95% (79119/83283)Updating files:  96% (79952/83283)Updating files:  97% (80785/83283)Updating files:  98% (81618/83283)Updating files:  99% (82451/83283)Updating files: 100% (83283/83283)Updating files: 100% (83283/83283), done.
#24 DONE 32.4s

#25 [21/22] RUN git clone --depth=1 -b main https://github.com/p4tc-dev/new-nipa.git nipa
#25 0.325 Cloning into 'nipa'...
#25 DONE 0.6s

#26 [22/22] COPY entrypoint.sh /entrypoint.sh
#26 DONE 0.0s

#27 exporting to image
#27 exporting layers
#27 exporting layers 7.6s done
#27 writing image sha256:4f4ffb49befd8cf8d61d9673bd2724ddd3b8565708c91e679832a99ca0867846 0.0s done
#27 naming to docker.io/library/nipa-executor 0.0s done
#27 DONE 7.7s
NIPA version: 1b9c21a (ui: set canvas background color to stand out, 2024-03-28)
INFO: Last run date: 2024-06-07 21:00:12.213712+00:00
Testing  {'branch': 'net-next-2024-06-08--00-00', 'date': '2024-06-08T00:00:17.406340+00:00', 'base': '519038343fcd404e8193dad90776bcbc04ed2fbf', 'url': 'https://github.com/linux-netdev/testing.git net-next-2024-06-08--00-00'}
Updating files:  35% (7713/21881)Updating files:  36% (7878/21881)Updating files:  37% (8096/21881)Updating files:  38% (8315/21881)Updating files:  39% (8534/21881)Updating files:  40% (8753/21881)Updating files:  41% (8972/21881)Updating files:  42% (9191/21881)Updating files:  43% (9409/21881)Updating files:  44% (9628/21881)Updating files:  45% (9847/21881)Updating files:  46% (10066/21881)Updating files:  47% (10285/21881)Updating files:  48% (10503/21881)Updating files:  49% (10722/21881)Updating files:  50% (10941/21881)Updating files:  51% (11160/21881)Updating files:  52% (11379/21881)Updating files:  53% (11597/21881)Updating files:  54% (11816/21881)Updating files:  55% (12035/21881)Updating files:  56% (12254/21881)Updating files:  57% (12473/21881)Updating files:  58% (12691/21881)Updating files:  59% (12910/21881)Updating files:  60% (13129/21881)Updating files:  61% (13348/21881)Updating files:  62% (13567/21881)Updating files:  63% (13786/21881)Updating files:  63% (13996/21881)Updating files:  64% (14004/21881)Updating files:  65% (14223/21881)Updating files:  66% (14442/21881)Updating files:  67% (14661/21881)Updating files:  68% (14880/21881)Updating files:  69% (15098/21881)Updating files:  70% (15317/21881)Updating files:  71% (15536/21881)Updating files:  72% (15755/21881)Updating files:  73% (15974/21881)Updating files:  74% (16192/21881)Updating files:  75% (16411/21881)Updating files:  76% (16630/21881)Updating files:  77% (16849/21881)Updating files:  78% (17068/21881)Updating files:  79% (17286/21881)Updating files:  80% (17505/21881)Updating files:  81% (17724/21881)Updating files:  82% (17943/21881)Updating files:  83% (18162/21881)Updating files:  84% (18381/21881)Updating files:  85% (18599/21881)Updating files:  86% (18818/21881)Updating files:  87% (19037/21881)Updating files:  88% (19256/21881)Updating files:  89% (19475/21881)Updating files:  90% (19693/21881)Updating files:  91% (19912/21881)Updating files:  92% (20131/21881)Updating files:  93% (20350/21881)Updating files:  94% (20569/21881)Updating files:  95% (20787/21881)Updating files:  96% (21006/21881)Updating files:  97% (21225/21881)Updating files:  98% (21444/21881)Updating files:  99% (21663/21881)Updating files: 100% (21881/21881)Updating files: 100% (21881/21881), done.
branch 'net-next-2024-06-08--00-00' set up to track 'origin/net-next-2024-06-08--00-00'.
Switched to a new branch 'net-next-2024-06-08--00-00'
error: No valid patches in input (allow with "--allow-empty")
Checking patch tools/testing/selftests/tc-testing/tdc_config.py...
Applied patch tools/testing/selftests/tc-testing/tdc_config.py cleanly.
Run at 2024-06-08 00:03:51.560205
INFO: building kernel
INFO: starting VM 0
INFO: thr0-0 VM starting: vng -v -r arch/x86/boot/bzImage --user root --rwdir=/nipa-data/kernel/
INFO: thr0-0 expecting prompt: '/nipa-data/kernel# '
INFO: thr0-0 reached initial prompt
INFO: thr-0 testing == tdc.sh
INFO: thr-0 tdc.sh >> retcode: 0 result: pass found {'fail': False, 'skip': False, 'pass': True}
INFO: thr-0 has no more work, exiting
INFO: thr0-0 VM stopped
Done at 2024-06-08 00:07:25.431276
NIPA quitting!
/
~/nipa/tc-executor/tc-executor-storage /
sort: write failed: 'standard output': Broken pipe
sort: write error
