~/nipa/tc-executor/tc-executor-storage /
Switched to branch 'storage'
Your branch is ahead of 'origin/storage' by 89 commits.
  (use "git push" to publish your local commits)
/
~/nipa/tc-executor /
Error response from daemon: No such image: nipa-executor:latest
#0 building with "default" instance using docker driver

#1 [internal] load build definition from Dockerfile
#1 transferring dockerfile: 2.03kB done
#1 DONE 0.0s

#2 [internal] load .dockerignore
#2 transferring context: 2B done
#2 DONE 0.0s

#3 [internal] load metadata for docker.io/library/alpine:edge
#3 DONE 0.0s

#4 [ 1/22] FROM docker.io/library/alpine:edge
#4 CACHED

#5 [internal] load build context
#5 transferring context: 3.02kB done
#5 DONE 0.0s

#6 [ 2/22] RUN echo false > debug-mode
#6 DONE 0.4s

#7 [ 3/22] RUN addgroup -g 1001 hostuser
#7 DONE 0.4s

#8 [ 4/22] RUN adduser -u 1001 -G hostuser -H -D -s /bin/ash hostuser
#8 DONE 0.4s

#9 [ 5/22] RUN echo '@testing http://dl-cdn.alpinelinux.org/alpine/edge/testing' >> /etc/apk/repositories
#9 DONE 0.4s

#10 [ 6/22] RUN echo '@community http://dl-cdn.alpinelinux.org/alpine/edge/community' >> /etc/apk/repositories
#10 DONE 0.4s

#11 [ 7/22] RUN apk update && apk add --no-cache    virtme-ng@testing    git    py3-requests    py3-psutil    py3-setuptools    py3-pyroute2    py3-argcomplete    qemu-system-x86_64@community    scapy@community    make    gcc    musl-dev    flex    bison    linux-headers    elfutils-dev    util-linux    coreutils    diffutils    findutils    file    bash    kmod    perl    iptables-dev    libcap-dev    libmnl-dev    iproute2     jq    libbpf-dev    rsync
#11 0.381 fetch https://dl-cdn.alpinelinux.org/alpine/edge/main/x86_64/APKINDEX.tar.gz
#11 0.596 fetch https://dl-cdn.alpinelinux.org/alpine/edge/community/x86_64/APKINDEX.tar.gz
#11 0.798 fetch http://dl-cdn.alpinelinux.org/alpine/edge/testing/x86_64/APKINDEX.tar.gz
#11 1.001 fetch http://dl-cdn.alpinelinux.org/alpine/edge/community/x86_64/APKINDEX.tar.gz
#11 1.222 v20231219-4280-g6d1f4a28dfa [https://dl-cdn.alpinelinux.org/alpine/edge/main]
#11 1.222 v20231219-4303-g1c72192018f [https://dl-cdn.alpinelinux.org/alpine/edge/community]
#11 1.222 v20231219-4301-gea6a1177188 [http://dl-cdn.alpinelinux.org/alpine/edge/testing]
#11 1.222 v20231219-4303-g1c72192018f [http://dl-cdn.alpinelinux.org/alpine/edge/community]
#11 1.222 OK: 30398 distinct packages available
#11 1.275 fetch https://dl-cdn.alpinelinux.org/alpine/edge/main/x86_64/APKINDEX.tar.gz
#11 1.377 fetch https://dl-cdn.alpinelinux.org/alpine/edge/community/x86_64/APKINDEX.tar.gz
#11 1.472 fetch http://dl-cdn.alpinelinux.org/alpine/edge/testing/x86_64/APKINDEX.tar.gz
#11 1.559 fetch http://dl-cdn.alpinelinux.org/alpine/edge/community/x86_64/APKINDEX.tar.gz
#11 1.764 (1/175) Upgrading musl (1.2.4_git20230717-r5 -> 1.2.4_git20230717-r6)
#11 1.782 (2/175) Upgrading zlib (1.3-r2 -> 1.3.1-r0)
#11 1.795 (3/175) Installing ncurses-terminfo-base (6.4_p20231125-r0)
#11 1.810 (4/175) Installing libncursesw (6.4_p20231125-r0)
#11 1.824 (5/175) Installing readline (8.2.10-r0)
#11 1.841 (6/175) Installing bash (5.2.26-r0)
#11 1.862 Executing bash-5.2.26-r0.post-install
#11 1.865 (7/175) Installing m4 (1.4.19-r3)
#11 1.880 (8/175) Installing bison (3.8.2-r1)
#11 1.903 (9/175) Installing coreutils-env (9.4-r2)
#11 1.915 (10/175) Installing coreutils-fmt (9.4-r2)
#11 1.928 (11/175) Installing coreutils-sha512sum (9.4-r2)
#11 1.945 (12/175) Installing libacl (2.3.2-r0)
#11 1.957 (13/175) Installing libattr (2.5.2-r0)
#11 1.969 (14/175) Installing skalibs (2.14.1.0-r0)
#11 1.985 (15/175) Installing utmps-libs (0.1.2.2-r0)
#11 1.997 (16/175) Installing coreutils (9.4-r2)
#11 2.045 (17/175) Installing diffutils (3.10-r0)
#11 2.059 (18/175) Installing zstd-libs (1.5.5-r8)
#11 2.103 (19/175) Installing libelf (0.190-r1)
#11 2.118 (20/175) Installing libbz2 (1.0.8-r6)
#11 2.130 (21/175) Installing musl-fts (1.2.7-r6)
#11 2.142 (22/175) Installing xz-libs (5.4.6-r0)
#11 2.159 (23/175) Installing libdw (0.190-r1)
#11 2.175 (24/175) Installing libasm (0.190-r1)
#11 2.187 (25/175) Installing xz (5.4.6-r0)
#11 2.202 (26/175) Installing pkgconf (2.1.1-r0)
#11 2.215 (27/175) Installing xz-dev (5.4.6-r0)
#11 2.338 (28/175) Installing libgcc (13.2.1_git20231014-r1)
#11 2.356 (29/175) Installing libstdc++ (13.2.1_git20231014-r1)
#11 2.394 (30/175) Installing zstd (1.5.5-r8)
#11 2.408 (31/175) Installing zstd-dev (1.5.5-r8)
#11 2.422 (32/175) Installing zlib-dev (1.3.1-r0)
#11 2.439 (33/175) Installing elfutils-dev (0.190-r1)
#11 2.464 (34/175) Installing libmagic (5.45-r1)
#11 2.492 (35/175) Installing file (5.45-r1)
#11 2.547 (36/175) Installing findutils (4.9.0-r5)
#11 2.563 (37/175) Installing flex (2.6.4-r6)
#11 2.577 (38/175) Installing jansson (2.14-r4)
#11 2.591 (39/175) Installing binutils (2.42-r0)
#11 2.684 (40/175) Installing libgomp (13.2.1_git20231014-r1)
#11 2.710 (41/175) Installing libatomic (13.2.1_git20231014-r1)
#11 2.731 (42/175) Installing gmp (6.3.0-r0)
#11 2.750 (43/175) Installing isl26 (0.26-r1)
#11 2.793 (44/175) Installing mpfr4 (4.2.1-r0)
#11 2.815 (45/175) Installing mpc1 (1.3.1-r1)
#11 2.832 (46/175) Installing gcc (13.2.1_git20231014-r1)
#11 6.548 (47/175) Installing ca-certificates (20230506-r1)
#11 6.575 (48/175) Installing brotli-libs (1.1.0-r1)
#11 6.605 (49/175) Installing c-ares (1.26.0-r0)
#11 6.619 (50/175) Installing libunistring (1.1-r2)
#11 6.659 (51/175) Installing libidn2 (2.3.7-r0)
#11 6.674 (52/175) Installing nghttp2-libs (1.59.0-r0)
#11 6.688 (53/175) Installing libpsl (0.21.5-r1)
#11 6.702 (54/175) Installing libcurl (8.6.0-r0)
#11 6.726 (55/175) Installing libexpat (2.6.0-r0)
#11 6.740 (56/175) Installing pcre2 (10.43-r0)
#11 6.765 (57/175) Installing git (2.43.2-r0)
#11 6.915 (58/175) Installing git-init-template (2.43.2-r0)
#11 6.929 (59/175) Installing libcap2 (2.69-r1)
#11 6.943 (60/175) Installing libmnl (1.0.5-r2)
#11 6.955 (61/175) Installing iproute2-minimal (6.7.0-r0)
#11 6.979 (62/175) Installing libxtables (1.8.10-r3)
#11 6.991 (63/175) Installing iproute2-tc (6.7.0-r0)
#11 7.018 (64/175) Installing iproute2-ss (6.7.0-r0)
#11 7.033 (65/175) Installing iproute2 (6.7.0-r0)
#11 7.054 Executing iproute2-6.7.0-r0.post-install
#11 7.057 (66/175) Installing linux-headers (6.6-r0)
#11 7.172 (67/175) Installing libip4tc (1.8.10-r3)
#11 7.193 (68/175) Installing libip6tc (1.8.10-r3)
#11 7.205 (69/175) Installing libipq (1.8.10-r3)
#11 7.218 (70/175) Installing iptables-dev (1.8.10-r3)
#11 7.232 (71/175) Installing oniguruma (6.9.9-r0)
#11 7.250 (72/175) Installing jq (1.7.1-r0)
#11 7.274 (73/175) Installing kmod (31-r4)
#11 7.289 (74/175) Installing libbpf (1.3.0-r0)
#11 7.309 (75/175) Installing libbpf-dev (1.3.0-r0)
#11 7.335 (76/175) Installing libcap-dev (2.69-r1)
#11 7.347 (77/175) Installing libmnl-dev (1.0.5-r2)
#11 7.358 (78/175) Installing make (4.4.1-r2)
#11 7.375 (79/175) Installing musl-dev (1.2.4_git20230717-r6)
#11 7.544 (80/175) Installing perl (5.38.2-r0)
#11 7.963 (81/175) Installing perl-error (0.17029-r2)
#11 7.993 (82/175) Installing perl-git (2.43.2-r0)
#11 8.007 (83/175) Installing git-perl (2.43.2-r0)
#11 8.020 (84/175) Installing libffi (3.4.5-r0)
#11 8.033 (85/175) Installing gdbm (1.23-r1)
#11 8.048 (86/175) Installing mpdecimal (4.0.0-r0)
#11 8.063 (87/175) Installing libpanelw (6.4_p20231125-r0)
#11 8.075 (88/175) Installing sqlite-libs (3.45.1-r0)
#11 8.115 (89/175) Installing python3 (3.11.8-r0)
#11 8.463 (90/175) Installing python3-pycache-pyc0 (3.11.8-r0)
#11 8.647 (91/175) Installing pyc (3.11.8-r0)
#11 8.659 (92/175) Installing py3-argcomplete-pyc (3.2.2-r0)
#11 8.674 (93/175) Installing python3-pyc (3.11.8-r0)
#11 8.685 (94/175) Installing py3-argcomplete (3.2.2-r0)
#11 8.701 (95/175) Installing py3-psutil (5.9.8-r0)
#11 8.724 (96/175) Installing py3-psutil-pyc (5.9.8-r0)
#11 8.742 (97/175) Installing py3-pyroute2 (0.7.10-r0)
#11 8.778 (98/175) Installing py3-pyroute2-pyc (0.7.10-r0)
#11 8.825 (99/175) Installing py3-certifi (2023.11.17-r0)
#11 8.847 (100/175) Installing py3-certifi-pyc (2023.11.17-r0)
#11 8.865 (101/175) Installing py3-charset-normalizer (3.3.2-r0)
#11 8.888 (102/175) Installing py3-charset-normalizer-pyc (3.3.2-r0)
#11 8.906 (103/175) Installing py3-idna (3.6-r0)
#11 8.924 (104/175) Installing py3-idna-pyc (3.6-r0)
#11 8.938 (105/175) Installing py3-urllib3 (1.26.18-r0)
#11 8.957 (106/175) Installing py3-urllib3-pyc (1.26.18-r0)
#11 8.977 (107/175) Installing py3-requests (2.31.0-r1)
#11 8.991 (108/175) Installing py3-requests-pyc (2.31.0-r1)
#11 9.018 (109/175) Installing py3-parsing (3.1.1-r0)
#11 9.034 (110/175) Installing py3-parsing-pyc (3.1.1-r0)
#11 9.053 (111/175) Installing py3-packaging (23.2-r0)
#11 9.071 (112/175) Installing py3-packaging-pyc (23.2-r0)
#11 9.087 (113/175) Installing py3-setuptools (69.1.0-r0)
#11 9.141 (114/175) Installing py3-setuptools-pyc (69.1.0-r0)
#11 9.205 (115/175) Installing libcap-ng (0.8.4-r0)
#11 9.218 (116/175) Installing libintl (0.22.4-r0)
#11 9.234 (117/175) Installing libblkid (2.39.3-r0)
#11 9.250 (118/175) Installing libmount (2.39.3-r0)
#11 9.265 (119/175) Installing glib (2.78.4-r0)
#11 9.328 (120/175) Installing numactl (2.0.18-r0)
#11 9.341 (121/175) Installing qemu (8.2.1-r0)
#11 9.360 Executing qemu-8.2.1-r0.pre-install
#11 9.534 Executing qemu-8.2.1-r0.post-install
#11 9.537 *
#11 9.537 * If you want to run VM as unprivileged user and let Qemu create tunX devices,
#11 9.537 * then you must add that user to the group "qemu".
#11 9.537 * If you use KVM for hardware-assisted virtualization, then you may also need
#11 9.537 * to add that user to the group "kvm".
#11 9.537 *
#11 9.537 (122/175) Installing qemu-bridge-helper (8.2.1-r0)
#11 9.568 (123/175) Installing libaio (0.3.113-r2)
#11 9.583 (124/175) Installing capstone (5.0.1-r2)
#11 9.628 (125/175) Installing py3-capstone (5.0.1-r2)
#11 9.678 (126/175) Installing py3-capstone-pyc (5.0.1-r2)
#11 9.691 (127/175) Installing nettle (3.9.1-r0)
#11 9.801 (128/175) Installing libtasn1 (4.19.0-r2)
#11 9.813 (129/175) Installing p11-kit (0.25.3-r0)
#11 9.846 (130/175) Installing gnutls (3.8.3-r0)
#11 9.923 (131/175) Installing libjpeg-turbo (3.0.2-r0)
#11 9.944 (132/175) Installing lzo (2.10-r5)
#11 9.990 (133/175) Installing pixman (0.43.2-r0)
#11 10.04 (134/175) Installing libpng (1.6.42-r0)
#11 10.06 (135/175) Installing libsasl (2.1.28-r5)
#11 10.08 (136/175) Installing libseccomp (2.5.5-r0)
#11 10.09 (137/175) Installing libslirp (4.7.0-r0)
#11 10.11 (138/175) Installing snappy (1.1.10-r2)
#11 10.13 (139/175) Installing liburing (2.5-r1)
#11 10.14 (140/175) Installing vde2-libs (2.3.3-r1)
#11 10.15 (141/175) Installing qemu-system-x86_64 (8.2.1-r0)
#11 12.50 (142/175) Installing lz4-libs (1.9.4-r5)
#11 12.52 (143/175) Installing popt (1.19-r3)
#11 12.53 (144/175) Installing libxxhash (0.8.2-r2)
#11 12.55 (145/175) Installing rsync (3.2.7-r4)
#11 12.58 (146/175) Installing scapy (2.5.0-r1)
#11 12.74 Executing scapy-2.5.0-r1.post-install
#11 12.74 *
#11 12.74 * Certain optional features of scapy also depend on the following packages:
#11 12.74 *     py3-matplotlib graphviz imagemagick py3-cryptography sox
#11 12.74 * And the following unpackaged dependencies:
#11 12.74 *     pyxi vpython-jupyter nmap<v4.23
#11 12.74 * More information can be found at https://scapy.readthedocs.io/en/latest/installation.html#optional-dependencies
#11 12.74 *
#11 12.74 (147/175) Installing scapy-pyc (2.5.0-r1)
#11 13.01 (148/175) Installing util-linux (2.39.3-r0)
#11 13.03 (149/175) Installing setarch (2.39.3-r0)
#11 13.04 (150/175) Installing libuuid (2.39.3-r0)
#11 13.06 (151/175) Installing libfdisk (2.39.3-r0)
#11 13.08 (152/175) Installing libsmartcols (2.39.3-r0)
#11 13.10 (153/175) Installing util-linux-misc (2.39.3-r0)
#11 13.17 (154/175) Installing libeconf (0.5.2-r2)
#11 13.18 (155/175) Installing linux-pam (1.5.3-r7)
#11 13.21 (156/175) Installing runuser (2.39.3-r0)
#11 13.23 (157/175) Installing mount (2.39.3-r0)
#11 13.24 (158/175) Installing losetup (2.39.3-r0)
#11 13.25 (159/175) Installing hexdump (2.39.3-r0)
#11 13.26 (160/175) Installing uuidgen (2.39.3-r0)
#11 13.28 (161/175) Installing blkid (2.39.3-r0)
#11 13.29 (162/175) Installing sfdisk (2.39.3-r0)
#11 13.31 (163/175) Installing mcookie (2.39.3-r0)
#11 13.32 (164/175) Installing agetty (2.39.3-r0)
#11 13.34 (165/175) Installing wipefs (2.39.3-r0)
#11 13.35 (166/175) Installing cfdisk (2.39.3-r0)
#11 13.36 (167/175) Installing umount (2.39.3-r0)
#11 13.37 (168/175) Installing flock (2.39.3-r0)
#11 13.39 (169/175) Installing lsblk (2.39.3-r0)
#11 13.40 (170/175) Installing setpriv (2.39.3-r0)
#11 13.41 (171/175) Installing logger (2.39.3-r0)
#11 13.43 (172/175) Installing partx (2.39.3-r0)
#11 13.44 (173/175) Installing fstrim (2.39.3-r0)
#11 13.45 (174/175) Installing findmnt (2.39.3-r0)
#11 13.47 (175/175) Installing virtme-ng@testing (1.20-r0)
#11 13.54 Executing busybox-1.36.1-r17.trigger
#11 13.54 Executing ca-certificates-20230506-r1.trigger
#11 13.57 Executing glib-2.78.4-r0.trigger
#11 13.58 OK: 385 MiB in 188 packages
#11 DONE 13.9s

#12 [ 8/22] RUN mkdir -p /tmp/kernel-patches &&     mkdir -p /tmp/iproute2-patches
#12 DONE 0.3s

#13 [ 9/22] COPY tdc.config /tmp
#13 DONE 0.0s

#14 [10/22] COPY tdc-debug.config /tmp
#14 DONE 0.0s

#15 [11/22] COPY kernel-patches /tmp/kernel-patches/
#15 DONE 0.1s

#16 [12/22] COPY iproute2-patches /tmp/iproute2-patches/
#16 DONE 0.0s

#17 [13/22] COPY configs /tmp/configs/
#17 DONE 0.0s

#18 [14/22] RUN git config --global user.email foo@bar.com
#18 DONE 0.4s

#19 [15/22] RUN git config --global user.name foo@bar.com
#19 DONE 0.5s

#20 [16/22] RUN git clone https://git.kernel.org/pub/scm/network/iproute2/iproute2-next.git /nipa-data/iproute2
#20 0.402 Cloning into '/nipa-data/iproute2'...
#20 DONE 3.0s

#21 [17/22] RUN cd /nipa-data/iproute2 && 	git remote add stable https://git.kernel.org/pub/scm/network/iproute2/iproute2.git && 	git fetch --all && 	git merge stable/main
#21 0.429 Fetching origin
#21 1.080 Fetching stable
#21 2.149 From https://git.kernel.org/pub/scm/network/iproute2/iproute2
#21 2.149  * [new branch]        codeql         -> stable/codeql
#21 2.149  * [new branch]        color-opt      -> stable/color-opt
#21 2.149  * [new branch]        flag-names     -> stable/flag-names
#21 2.149  * [new branch]        iproute2-4.1.x -> stable/iproute2-4.1.x
#21 2.149  * [new branch]        json1          -> stable/json1
#21 2.149  * [new branch]        main           -> stable/main
#21 2.150  * [new branch]        net-next       -> stable/net-next
#21 2.150  * [new branch]        warnings       -> stable/warnings
#21 2.181 Merge made by the 'ort' strategy.
#21 2.198  man/man8/ip-link.8.in |  5 ++++
#21 2.198  man/man8/ip.8         | 10 ++++----
#21 2.198  tc/f_cgroup.c         |  4 ++--
#21 2.198  tc/f_flow.c           | 64 +++++++++++++++++++++++++++++----------------------
#21 2.198  tc/f_fw.c             | 12 +++++-----
#21 2.198  tc/f_route.c          | 16 ++++++++-----
#21 2.198  6 files changed, 65 insertions(+), 46 deletions(-)
#21 DONE 2.2s

#22 [18/22] RUN if [ "$(find /tmp/iproute2-patches/ -name *.patch)" ]; then  	cd /nipa-data/iproute2; 	git apply /tmp/iproute2-patches/*.patch;     fi
#22 DONE 0.4s

#23 [19/22] RUN cd /nipa-data/iproute2/ &&     ./configure &&     make
#23 0.480 TC schedulers
#23 0.481  IPT	using xtables
#23 0.510  IPSET  yes
#23 0.529 
#23 0.530 lib directory: /usr/lib
#23 0.530 libc has setns: yes
#23 0.549 libc has name_to_handle_at: yes
#23 0.570 SELinux support: no
#23 0.571 libtirpc support: no
#23 0.572 libbpf support: yes
#23 0.638 	libbpf version 1.3.0
#23 0.638 ELF support: yes
#23 0.640 libmnl support: yes
#23 0.642 Berkeley DB: no
#23 0.652 need for strlcpy: no
#23 0.672 libcap support: yes
#23 0.673 color output: never
#23 0.676 
#23 0.676 lib
#23 0.677     CC       libgenl.o
#23 0.718     CC       libnetlink.o
#23 1.025     CC       mnl_utils.o
#23 1.103     AR       libnetlink.a
#23 1.105     CC       utils.o
#23 1.476     CC       utils_math.o
#23 1.519     CC       rt_names.o
#23 1.676     CC       ll_map.o
#23 1.763     CC       ll_types.o
#23 1.776 In file included from ll_types.c:20:
#23 1.776 ../include/uapi/linux/sockios.h:42: warning: "SIOCGSTAMP" redefined
#23 1.776    42 | #define SIOCGSTAMP      SIOCGSTAMP_OLD
#23 1.776       | 
#23 1.776 In file included from /usr/include/sys/ioctl.h:10,
#23 1.776                  from ll_types.c:12:
#23 1.776 /usr/include/bits/ioctl.h:111: note: this is the location of the previous definition
#23 1.776   111 | #define SIOCGSTAMP      0x8906
#23 1.776       | 
#23 1.776 ../include/uapi/linux/sockios.h:43: warning: "SIOCGSTAMPNS" redefined
#23 1.776    43 | #define SIOCGSTAMPNS    SIOCGSTAMPNS_OLD
#23 1.776       | 
#23 1.776 /usr/include/bits/ioctl.h:112: note: this is the location of the previous definition
#23 1.776   112 | #define SIOCGSTAMPNS    0x8907
#23 1.776       | 
#23 1.790     CC       ll_proto.o
#23 1.802 In file included from ll_proto.c:21:
#23 1.802 ../include/uapi/linux/sockios.h:42: warning: "SIOCGSTAMP" redefined
#23 1.802    42 | #define SIOCGSTAMP      SIOCGSTAMP_OLD
#23 1.802       | 
#23 1.802 In file included from /usr/include/sys/ioctl.h:10,
#23 1.802                  from ll_proto.c:13:
#23 1.802 /usr/include/bits/ioctl.h:111: note: this is the location of the previous definition
#23 1.802   111 | #define SIOCGSTAMP      0x8906
#23 1.802       | 
#23 1.802 ../include/uapi/linux/sockios.h:43: warning: "SIOCGSTAMPNS" redefined
#23 1.802    43 | #define SIOCGSTAMPNS    SIOCGSTAMPNS_OLD
#23 1.802       | 
#23 1.802 /usr/include/bits/ioctl.h:112: note: this is the location of the previous definition
#23 1.802   112 | #define SIOCGSTAMPNS    0x8907
#23 1.802       | 
#23 1.816     CC       ll_addr.o
#23 1.828 In file included from ll_addr.c:20:
#23 1.828 ../include/uapi/linux/sockios.h:42: warning: "SIOCGSTAMP" redefined
#23 1.828    42 | #define SIOCGSTAMP      SIOCGSTAMP_OLD
#23 1.828       | 
#23 1.828 In file included from /usr/include/sys/ioctl.h:10,
#23 1.828                  from ll_addr.c:12:
#23 1.828 /usr/include/bits/ioctl.h:111: note: this is the location of the previous definition
#23 1.828   111 | #define SIOCGSTAMP      0x8906
#23 1.828       | 
#23 1.828 ../include/uapi/linux/sockios.h:43: warning: "SIOCGSTAMPNS" redefined
#23 1.828    43 | #define SIOCGSTAMPNS    SIOCGSTAMPNS_OLD
#23 1.828       | 
#23 1.828 /usr/include/bits/ioctl.h:112: note: this is the location of the previous definition
#23 1.828   112 | #define SIOCGSTAMPNS    0x8907
#23 1.828       | 
#23 1.855     CC       inet_proto.o
#23 1.883     CC       namespace.o
#23 1.940     CC       json_writer.o
#23 2.016     CC       json_print.o
#23 2.134     CC       json_print_math.o
#23 2.164     CC       names.o
#23 2.208     CC       color.o
#23 2.248     CC       bpf_legacy.o
#23 2.646     CC       bpf_glue.o
#23 2.682     CC       exec.o
#23 2.710     CC       fs.o
#23 2.785     CC       cg_map.o
#23 2.818     CC       ppp_proto.o
#23 2.840     CC       bpf_libbpf.o
#23 2.922     CC       selinux.o
#23 2.941     CC       ax25_ntop.o
#23 2.968     CC       rose_ntop.o
#23 2.981 In file included from rose_ntop.c:16:
#23 2.981 ../include/uapi/linux/sockios.h:42: warning: "SIOCGSTAMP" redefined
#23 2.981    42 | #define SIOCGSTAMP      SIOCGSTAMP_OLD
#23 2.981       | 
#23 2.981 In file included from /usr/include/sys/ioctl.h:10,
#23 2.981                  from rose_ntop.c:7:
#23 2.981 /usr/include/bits/ioctl.h:111: note: this is the location of the previous definition
#23 2.981   111 | #define SIOCGSTAMP      0x8906
#23 2.981       | 
#23 2.981 ../include/uapi/linux/sockios.h:43: warning: "SIOCGSTAMPNS" redefined
#23 2.981    43 | #define SIOCGSTAMPNS    SIOCGSTAMPNS_OLD
#23 2.981       | 
#23 2.981 /usr/include/bits/ioctl.h:112: note: this is the location of the previous definition
#23 2.981   112 | #define SIOCGSTAMPNS    0x8907
#23 2.981       | 
#23 2.999     CC       mpls_ntop.o
#23 3.033     CC       mpls_pton.o
#23 3.061     CC       netrom_ntop.o
#23 3.082     AR       libutil.a
#23 3.087 
#23 3.087 ip
#23 3.089     CC       ip.o
#23 3.160     CC       ipaddress.o
#23 3.174 In file included from ipaddress.c:26:
#23 3.174 ../include/uapi/linux/sockios.h:42: warning: "SIOCGSTAMP" redefined
#23 3.174    42 | #define SIOCGSTAMP      SIOCGSTAMP_OLD
#23 3.174       | 
#23 3.174 In file included from /usr/include/sys/ioctl.h:10,
#23 3.174                  from ipaddress.c:14:
#23 3.174 /usr/include/bits/ioctl.h:111: note: this is the location of the previous definition
#23 3.174   111 | #define SIOCGSTAMP      0x8906
#23 3.174       | 
#23 3.174 ../include/uapi/linux/sockios.h:43: warning: "SIOCGSTAMPNS" redefined
#23 3.174    43 | #define SIOCGSTAMPNS    SIOCGSTAMPNS_OLD
#23 3.174       | 
#23 3.174 /usr/include/bits/ioctl.h:112: note: this is the location of the previous definition
#23 3.174   112 | #define SIOCGSTAMPNS    0x8907
#23 3.174       | 
#23 3.622     CC       ipaddrlabel.o
#23 3.680     CC       iproute.o
#23 4.196     CC       iprule.o
#23 4.391     CC       ipnetns.o
#23 4.571     CC       rtm_map.o
#23 4.606     CC       iptunnel.o
#23 4.617 In file included from ../include/uapi/linux/if_tunnel.h:6,
#23 4.617                  from iptunnel.c:19:
#23 4.617 ../include/uapi/linux/if.h:134: warning: "IFF_VOLATILE" redefined
#23 4.617   134 | #define IFF_VOLATILE    (IFF_LOOPBACK|IFF_POINTOPOINT|IFF_BROADCAST|IFF_ECHO|\
#23 4.617       | 
#23 4.617 In file included from iptunnel.c:16:
#23 4.617 /usr/include/net/if.h:48: note: this is the location of the previous definition
#23 4.617    48 | #define IFF_VOLATILE (IFF_LOOPBACK|IFF_POINTOPOINT|IFF_BROADCAST| \
#23 4.617       | 
#23 4.744     CC       ip6tunnel.o
#23 4.856     CC       tunnel.o
#23 4.944     CC       ipneigh.o
#23 5.093     CC       ipntable.o
#23 5.194     CC       iplink.o
#23 5.461     CC       ipmaddr.o
#23 5.474 In file included from ipmaddr.c:21:
#23 5.474 ../include/uapi/linux/sockios.h:42: warning: "SIOCGSTAMP" redefined
#23 5.474    42 | #define SIOCGSTAMP      SIOCGSTAMP_OLD
#23 5.474       | 
#23 5.474 In file included from /usr/include/sys/ioctl.h:10,
#23 5.474                  from ipmaddr.c:12:
#23 5.474 /usr/include/bits/ioctl.h:111: note: this is the location of the previous definition
#23 5.474   111 | #define SIOCGSTAMP      0x8906
#23 5.474       | 
#23 5.474 ../include/uapi/linux/sockios.h:43: warning: "SIOCGSTAMPNS" redefined
#23 5.474    43 | #define SIOCGSTAMPNS    SIOCGSTAMPNS_OLD
#23 5.474       | 
#23 5.474 /usr/include/bits/ioctl.h:112: note: this is the location of the previous definition
#23 5.474   112 | #define SIOCGSTAMPNS    0x8907
#23 5.474       | 
#23 5.546     CC       ipmonitor.o
#23 5.630     CC       ipmroute.o
#23 5.642 In file included from ipmroute.c:22:
#23 5.642 ../include/uapi/linux/sockios.h:42: warning: "SIOCGSTAMP" redefined
#23 5.642    42 | #define SIOCGSTAMP      SIOCGSTAMP_OLD
#23 5.642       | 
#23 5.642 In file included from /usr/include/sys/ioctl.h:10,
#23 5.642                  from ipmroute.c:13:
#23 5.642 /usr/include/bits/ioctl.h:111: note: this is the location of the previous definition
#23 5.642   111 | #define SIOCGSTAMP      0x8906
#23 5.642       | 
#23 5.642 ../include/uapi/linux/sockios.h:43: warning: "SIOCGSTAMPNS" redefined
#23 5.642    43 | #define SIOCGSTAMPNS    SIOCGSTAMPNS_OLD
#23 5.642       | 
#23 5.642 /usr/include/bits/ioctl.h:112: note: this is the location of the previous definition
#23 5.642   112 | #define SIOCGSTAMPNS    0x8907
#23 5.642       | 
#23 5.702     CC       ipprefix.o
#23 5.736     CC       iptuntap.o
#23 5.837     CC       iptoken.o
#23 5.887     CC       ipxfrm.o
#23 6.201     CC       xfrm_state.o
#23 6.475     CC       xfrm_policy.o
#23 6.702     CC       xfrm_monitor.o
#23 6.790     CC       iplink_dummy.o
#23 6.815     CC       iplink_ifb.o
#23 6.844     CC       iplink_nlmon.o
#23 6.867     CC       iplink_team.o
#23 6.890     CC       iplink_vcan.o
#23 6.911     CC       iplink_vxcan.o
#23 6.940     CC       iplink_vlan.o
#23 7.023     CC       link_veth.o
#23 7.051     CC       link_gre.o
#23 7.061 In file included from ../include/uapi/linux/if_tunnel.h:6,
#23 7.061                  from link_gre.c:15:
#23 7.061 ../include/uapi/linux/if.h:134: warning: "IFF_VOLATILE" redefined
#23 7.061   134 | #define IFF_VOLATILE    (IFF_LOOPBACK|IFF_POINTOPOINT|IFF_BROADCAST|IFF_ECHO|\
#23 7.061       | 
#23 7.061 In file included from link_gre.c:9:
#23 7.061 /usr/include/net/if.h:48: note: this is the location of the previous definition
#23 7.061    48 | #define IFF_VOLATILE (IFF_LOOPBACK|IFF_POINTOPOINT|IFF_BROADCAST| \
#23 7.061       | 
#23 7.170     CC       iplink_can.o
#23 7.314     CC       iplink_xdp.o
#23 7.372     CC       iplink_macvlan.o
#23 7.444     CC       ipl2tp.o
#23 7.612     CC       link_vti.o
#23 7.623 In file included from ../include/uapi/linux/if_tunnel.h:6,
#23 7.623                  from link_vti.c:16:
#23 7.623 ../include/uapi/linux/if.h:134: warning: "IFF_VOLATILE" redefined
#23 7.623   134 | #define IFF_VOLATILE    (IFF_LOOPBACK|IFF_POINTOPOINT|IFF_BROADCAST|IFF_ECHO|\
#23 7.623       | 
#23 7.623 In file included from link_vti.c:10:
#23 7.623 /usr/include/net/if.h:48: note: this is the location of the previous definition
#23 7.623    48 | #define IFF_VOLATILE (IFF_LOOPBACK|IFF_POINTOPOINT|IFF_BROADCAST| \
#23 7.623       | 
#23 7.667     CC       link_vti6.o
#23 7.680 In file included from ../include/uapi/linux/if_tunnel.h:6,
#23 7.680                  from link_vti6.c:17:
#23 7.680 ../include/uapi/linux/if.h:134: warning: "IFF_VOLATILE" redefined
#23 7.680   134 | #define IFF_VOLATILE    (IFF_LOOPBACK|IFF_POINTOPOINT|IFF_BROADCAST|IFF_ECHO|\
#23 7.680       | 
#23 7.680 In file included from link_vti6.c:11:
#23 7.680 /usr/include/net/if.h:48: note: this is the location of the previous definition
#23 7.680    48 | #define IFF_VOLATILE (IFF_LOOPBACK|IFF_POINTOPOINT|IFF_BROADCAST| \
#23 7.680       | 
#23 7.740     CC       link_xfrm.o
#23 7.777     CC       iplink_vxlan.o
#23 7.933     CC       tcp_metrics.o
#23 8.047     CC       iplink_ipoib.o
#23 8.097     CC       ipnetconf.o
#23 8.153     CC       link_ip6tnl.o
#23 8.164 In file included from ../include/uapi/linux/if_tunnel.h:6,
#23 8.164                  from link_ip6tnl.c:15:
#23 8.164 ../include/uapi/linux/if.h:134: warning: "IFF_VOLATILE" redefined
#23 8.164   134 | #define IFF_VOLATILE    (IFF_LOOPBACK|IFF_POINTOPOINT|IFF_BROADCAST|IFF_ECHO|\
#23 8.164       | 
#23 8.164 In file included from link_ip6tnl.c:9:
#23 8.164 /usr/include/net/if.h:48: note: this is the location of the previous definition
#23 8.164    48 | #define IFF_VOLATILE (IFF_LOOPBACK|IFF_POINTOPOINT|IFF_BROADCAST| \
#23 8.164       | 
#23 8.249     CC       link_iptnl.o
#23 8.262 In file included from ../include/uapi/linux/if_tunnel.h:6,
#23 8.262                  from link_iptnl.c:16:
#23 8.262 ../include/uapi/linux/if.h:134: warning: "IFF_VOLATILE" redefined
#23 8.262   134 | #define IFF_VOLATILE    (IFF_LOOPBACK|IFF_POINTOPOINT|IFF_BROADCAST|IFF_ECHO|\
#23 8.262       | 
#23 8.262 In file included from link_iptnl.c:9:
#23 8.262 /usr/include/net/if.h:48: note: this is the location of the previous definition
#23 8.262    48 | #define IFF_VOLATILE (IFF_LOOPBACK|IFF_POINTOPOINT|IFF_BROADCAST| \
#23 8.262       | 
#23 8.367     CC       link_gre6.o
#23 8.378 In file included from ../include/uapi/linux/if_tunnel.h:6,
#23 8.378                  from link_gre6.c:15:
#23 8.378 ../include/uapi/linux/if.h:134: warning: "IFF_VOLATILE" redefined
#23 8.378   134 | #define IFF_VOLATILE    (IFF_LOOPBACK|IFF_POINTOPOINT|IFF_BROADCAST|IFF_ECHO|\
#23 8.378       | 
#23 8.378 In file included from link_gre6.c:9:
#23 8.378 /usr/include/net/if.h:48: note: this is the location of the previous definition
#23 8.378    48 | #define IFF_VOLATILE (IFF_LOOPBACK|IFF_POINTOPOINT|IFF_BROADCAST| \
#23 8.378       | 
#23 8.491     CC       iplink_bond.o
#23 8.661     CC       iplink_bond_slave.o
#23 8.723     CC       iplink_hsr.o
#23 8.769     CC       iplink_bridge.o
#23 8.915     CC       iplink_bridge_slave.o
#23 9.028     CC       iplink_dsa.o
#23 9.058     CC       ipfou.o
#23 9.133     CC       iplink_ipvlan.o
#23 9.171     CC       iplink_geneve.o
#23 9.275     CC       iplink_vrf.o
#23 9.333     CC       iproute_lwtunnel.o
#23 9.758     CC       ipmacsec.o
#23 9.988     CC       ipila.o
#23 10.07     CC       ipvrf.o
#23 10.18     CC       iplink_xstats.o
#23 10.21     CC       ipseg6.o
#23 10.27     CC       iplink_netdevsim.o
#23 10.29     CC       iplink_rmnet.o
#23 10.33     CC       ipnexthop.o
#23 10.55     CC       ipmptcp.o
#23 10.68     CC       iplink_bareudp.o
#23 10.72     CC       iplink_wwan.o
#23 10.75     CC       ipioam6.o
#23 10.82     CC       iplink_amt.o
#23 10.87     CC       iplink_batadv.o
#23 10.90     CC       iplink_gtp.o
#23 10.95     CC       iplink_virt_wifi.o
#23 10.97     CC       iplink_netkit.o
#23 11.01     CC       ipstats.o
#23 11.22     LINK     ip
#23 11.26     CC       rtmon.o
#23 11.31     LINK     rtmon
#23 11.32 
#23 11.32 tc
#23 11.32     CC       tc.o
#23 11.40     CC       tc_qdisc.o
#23 11.52     CC       tc_class.o
#23 11.64     CC       tc_filter.o
#23 11.80     CC       tc_util.o
#23 12.00     CC       tc_monitor.o
#23 12.04     CC       tc_exec.o
#23 12.08     CC       m_police.o
#23 12.17     CC       m_estimator.o
#23 12.20     CC       m_action.o
#23 12.35     CC       m_ematch.o
#23 12.46     YACC     emp_ematch.tab.c
#23 12.52     CC       emp_ematch.tab.o
#23 12.63     LEX      emp_ematch.lex.c
#23 12.64     CC       emp_ematch.lex.o
#23 12.81     CC       q_fifo.o
#23 12.85     CC       q_sfq.o
#23 12.93     CC       q_red.o
#23 13.01     CC       q_prio.o
#23 13.06     CC       q_skbprio.o
#23 13.09     CC       q_tbf.o
#23 13.18     CC       q_multiq.o
#23 13.22     CC       q_netem.o
#23 13.43     CC       q_choke.o
#23 13.49     CC       q_sfb.o
#23 13.56     CC       f_u32.o
#23 13.83     CC       f_route.o
#23 13.88     CC       f_fw.o
#23 13.94     CC       f_basic.o
#23 13.98     CC       f_bpf.o
#23 14.05     CC       f_flow.o
#23 14.14     CC       f_cgroup.o
#23 14.18     CC       f_flower.o
#23 14.19 In file included from ../include/uapi/linux/netdevice.h:29,
#23 14.19                  from ../include/uapi/linux/if_arp.h:27,
#23 14.19                  from f_flower.c:14:
#23 14.19 ../include/uapi/linux/if.h:134: warning: "IFF_VOLATILE" redefined
#23 14.19   134 | #define IFF_VOLATILE    (IFF_LOOPBACK|IFF_POINTOPOINT|IFF_BROADCAST|IFF_ECHO|\
#23 14.19       | 
#23 14.19 In file included from f_flower.c:12:
#23 14.19 /usr/include/net/if.h:48: note: this is the location of the previous definition
#23 14.19    48 | #define IFF_VOLATILE (IFF_LOOPBACK|IFF_POINTOPOINT|IFF_BROADCAST| \
#23 14.19       | 
#23 14.69     CC       q_gred.o
#23 14.79     CC       q_ingress.o
#23 14.82     CC       q_hfsc.o
#23 14.91     CC       q_htb.o
#23 15.00     CC       q_drr.o
#23 15.04     CC       q_qfq.o
#23 15.09     CC       m_gact.o
#23 15.14     CC       m_mirred.o
#23 15.21     CC       m_mpls.o
#23 15.28     CC       m_nat.o
#23 15.33     CC       m_pedit.o
#23 15.47     CC       m_ife.o
#23 15.55     CC       m_skbedit.o
#23 15.62     CC       m_skbmod.o
#23 15.69     CC       m_csum.o
#23 15.75     CC       m_simple.o
#23 15.79     CC       m_vlan.o
#23 15.86     CC       m_connmark.o
#23 15.90     CC       m_ctinfo.o
#23 15.95     CC       m_bpf.o
#23 16.01     CC       m_tunnel_key.o
#23 16.13     CC       m_sample.o
#23 16.18     CC       m_ct.o
#23 16.28     CC       m_gate.o
#23 16.38     CC       p_ip.o
#23 16.42     CC       p_ip6.o
#23 16.45     CC       p_icmp.o
#23 16.48     CC       p_eth.o
#23 16.51     CC       p_tcp.o
#23 16.54     CC       p_udp.o
#23 16.58     CC       em_nbyte.o
#23 16.63     CC       em_cmp.o
#23 16.69     CC       em_u32.o
#23 16.74     CC       em_canid.o
#23 16.78     CC       em_meta.o
#23 16.89     CC       q_mqprio.o
#23 17.00     CC       q_codel.o
#23 17.06     CC       q_fq_codel.o
#23 17.13     CC       q_fq.o
#23 17.24     CC       q_pie.o
#23 17.31     CC       q_fq_pie.o
#23 17.38     CC       q_cake.o
#23 17.57     CC       q_hhf.o
#23 17.62     CC       q_clsact.o
#23 17.64     CC       e_bpf.o
#23 17.70     CC       f_matchall.o
#23 17.75     CC       q_cbs.o
#23 17.79     CC       q_etf.o
#23 17.84     CC       q_taprio.o
#23 17.95     CC       q_plug.o
#23 17.99     CC       q_ets.o
#23 18.06     CC       em_ipt.o
#23 18.08 In file included from tc_util.h:7,
#23 18.08                  from m_ematch.h:11,
#23 18.08                  from em_ipt.c:13:
#23 18.08 ../include/uapi/linux/if.h:134: warning: "IFF_VOLATILE" redefined
#23 18.08   134 | #define IFF_VOLATILE    (IFF_LOOPBACK|IFF_POINTOPOINT|IFF_BROADCAST|IFF_ECHO|\
#23 18.08       | 
#23 18.08 In file included from ../include/xtables.h:17,
#23 18.08                  from em_ipt.c:12:
#23 18.08 /usr/include/net/if.h:48: note: this is the location of the previous definition
#23 18.08    48 | #define IFF_VOLATILE (IFF_LOOPBACK|IFF_POINTOPOINT|IFF_BROADCAST| \
#23 18.08       | 
#23 18.11     CC       em_ipset.o
#23 18.13 In file included from tc_util.h:7,
#23 18.13                  from m_ematch.h:11,
#23 18.13                  from em_ipset.c:39:
#23 18.13 ../include/uapi/linux/if.h:134: warning: "IFF_VOLATILE" redefined
#23 18.13   134 | #define IFF_VOLATILE    (IFF_LOOPBACK|IFF_POINTOPOINT|IFF_BROADCAST|IFF_ECHO|\
#23 18.13       | 
#23 18.13 In file included from ../include/xtables.h:17,
#23 18.13                  from em_ipset.c:23:
#23 18.13 /usr/include/net/if.h:48: note: this is the location of the previous definition
#23 18.13    48 | #define IFF_VOLATILE (IFF_LOOPBACK|IFF_POINTOPOINT|IFF_BROADCAST| \
#23 18.13       | 
#23 18.16     CC       tc_core.o
#23 18.23     CC       tc_red.o
#23 18.28     CC       tc_estimator.o
#23 18.31     CC       tc_stab.o
#23 18.36     CC       tc_qevent.o
#23 18.42     AR       libtc.a
#23 18.42     LINK     tc
#23 18.45 rm emp_ematch.lex.c
#23 18.45 
#23 18.45 bridge
#23 18.45     CC       bridge.o
#23 18.50     CC       fdb.o
#23 18.70     CC       monitor.o
#23 18.74     CC       link.o
#23 18.91     CC       mdb.o
#23 19.10     CC       vlan.o
#23 19.11 In file included from vlan.c:14:
#23 19.11 ../include/json_print.h:80:30: warning: 'struct timeval' declared inside parameter list will not be visible outside of this definition or declaration
#23 19.11    80 | _PRINT_FUNC(tv, const struct timeval *)
#23 19.11       |                              ^~~~~~~
#23 19.11 ../include/json_print.h:50:37: note: in definition of macro '_PRINT_FUNC'
#23 19.11    50 |                                     type value);                        \
#23 19.11       |                                     ^~~~
#23 19.11 ../include/json_print.h:80:30: warning: 'struct timeval' declared inside parameter list will not be visible outside of this definition or declaration
#23 19.11    80 | _PRINT_FUNC(tv, const struct timeval *)
#23 19.11       |                              ^~~~~~~
#23 19.11 ../include/json_print.h:55:45: note: in definition of macro '_PRINT_FUNC'
#23 19.11    55 |                                             type value)                 \
#23 19.11       |                                             ^~~~
#23 19.11 ../include/json_print.h: In function 'print_tv':
#23 19.11 ../include/json_print.h:58:48: warning: passing argument 5 of 'print_color_tv' from incompatible pointer type [-Wincompatible-pointer-types]
#23 19.11    58 |                                                value);                  \
#23 19.11       |                                                ^~~~~
#23 19.11       |                                                |
#23 19.11       |                                                const struct timeval *
#23 19.11 ../include/json_print.h:80:1: note: in expansion of macro '_PRINT_FUNC'
#23 19.11    80 | _PRINT_FUNC(tv, const struct timeval *)
#23 19.11       | ^~~~~~~~~~~
#23 19.11 ../include/json_print.h:50:42: note: expected 'const struct timeval *' but argument is of type 'const struct timeval *'
#23 19.11    50 |                                     type value);                        \
#23 19.11       |                                          ^
#23 19.11 ../include/json_print.h:80:1: note: in expansion of macro '_PRINT_FUNC'
#23 19.11    80 | _PRINT_FUNC(tv, const struct timeval *)
#23 19.11       | ^~~~~~~~~~~
#23 19.36     CC       vni.o
#23 19.38 In file included from vni.c:19:
#23 19.38 ../include/json_print.h:80:30: warning: 'struct timeval' declared inside parameter list will not be visible outside of this definition or declaration
#23 19.38    80 | _PRINT_FUNC(tv, const struct timeval *)
#23 19.38       |                              ^~~~~~~
#23 19.38 ../include/json_print.h:50:37: note: in definition of macro '_PRINT_FUNC'
#23 19.38    50 |                                     type value);                        \
#23 19.38       |                                     ^~~~
#23 19.38 ../include/json_print.h:80:30: warning: 'struct timeval' declared inside parameter list will not be visible outside of this definition or declaration
#23 19.38    80 | _PRINT_FUNC(tv, const struct timeval *)
#23 19.38       |                              ^~~~~~~
#23 19.38 ../include/json_print.h:55:45: note: in definition of macro '_PRINT_FUNC'
#23 19.38    55 |                                             type value)                 \
#23 19.38       |                                             ^~~~
#23 19.38 ../include/json_print.h: In function 'print_tv':
#23 19.38 ../include/json_print.h:58:48: warning: passing argument 5 of 'print_color_tv' from incompatible pointer type [-Wincompatible-pointer-types]
#23 19.38    58 |                                                value);                  \
#23 19.38       |                                                ^~~~~
#23 19.38       |                                                |
#23 19.38       |                                                const struct timeval *
#23 19.38 ../include/json_print.h:80:1: note: in expansion of macro '_PRINT_FUNC'
#23 19.38    80 | _PRINT_FUNC(tv, const struct timeval *)
#23 19.38       | ^~~~~~~~~~~
#23 19.38 ../include/json_print.h:50:42: note: expected 'const struct timeval *' but argument is of type 'const struct timeval *'
#23 19.38    50 |                                     type value);                        \
#23 19.38       |                                          ^
#23 19.38 ../include/json_print.h:80:1: note: in expansion of macro '_PRINT_FUNC'
#23 19.38    80 | _PRINT_FUNC(tv, const struct timeval *)
#23 19.38       | ^~~~~~~~~~~
#23 19.46     LINK     bridge
#23 19.48 
#23 19.48 misc
#23 19.48     CC       ss.o
#23 19.50 In file included from ../include/uapi/linux/tipc.h:42,
#23 19.50                  from ss.c:48:
#23 19.50 ../include/uapi/linux/sockios.h:42: warning: "SIOCGSTAMP" redefined
#23 19.50    42 | #define SIOCGSTAMP      SIOCGSTAMP_OLD
#23 19.50       | 
#23 19.50 In file included from /usr/include/sys/ioctl.h:10,
#23 19.50                  from ss.c:12:
#23 19.50 /usr/include/bits/ioctl.h:111: note: this is the location of the previous definition
#23 19.50   111 | #define SIOCGSTAMP      0x8906
#23 19.50       | 
#23 19.50 ../include/uapi/linux/sockios.h:43: warning: "SIOCGSTAMPNS" redefined
#23 19.50    43 | #define SIOCGSTAMPNS    SIOCGSTAMPNS_OLD
#23 19.50       | 
#23 19.50 /usr/include/bits/ioctl.h:112: note: this is the location of the previous definition
#23 19.50   112 | #define SIOCGSTAMPNS    0x8907
#23 19.50       | 
#23 20.42     CC       ssfilter_check.o
#23 20.44     YACC     ssfilter.tab.c
#23 20.51     CC       ssfilter.tab.o
#23 20.61     LINK     ss
#23 20.63     CC       nstat
#23 20.64 In file included from nstat.c:20:
#23 20.64 /usr/include/sys/poll.h:1:2: warning: #warning redirecting incorrect #include <sys/poll.h> to <poll.h> [-Wcpp]
#23 20.64     1 | #warning redirecting incorrect #include <sys/poll.h> to <poll.h>
#23 20.64       |  ^~~~~~~
#23 20.78     CC       ifstat
#23 20.79 In file included from ifstat.c:20:
#23 20.79 /usr/include/sys/poll.h:1:2: warning: #warning redirecting incorrect #include <sys/poll.h> to <poll.h> [-Wcpp]
#23 20.79     1 | #warning redirecting incorrect #include <sys/poll.h> to <poll.h>
#23 20.79       |  ^~~~~~~
#23 20.96     CC       rtacct
#23 20.97 In file included from rtacct.c:19:
#23 20.97 /usr/include/sys/poll.h:1:2: warning: #warning redirecting incorrect #include <sys/poll.h> to <poll.h> [-Wcpp]
#23 20.97     1 | #warning redirecting incorrect #include <sys/poll.h> to <poll.h>
#23 20.97       |  ^~~~~~~
#23 21.09     CC       lnstat.o
#23 21.16     CC       lnstat_util.o
#23 21.22     LINK     lnstat
#23 21.23 
#23 21.23 netem
#23 21.23 gcc  -I../include -o maketable maketable.c -lm
#23 21.26 gcc  -I../include -o normal normal.c -lm
#23 21.29 gcc  -I../include -o pareto pareto.c -lm
#23 21.31 gcc  -I../include -o paretonormal paretonormal.c -lm
#23 21.34 ./normal > normal.dist
#23 21.35 ./pareto > pareto.dist
#23 21.35 ./paretonormal > paretonormal.dist
#23 21.36 ./maketable experimental.dat > experimental.dist
#23 21.36 
#23 21.36 genl
#23 21.37     CC       genl.o
#23 21.41     CC       ctrl.o
#23 21.48     LINK     genl
#23 21.49 
#23 21.49 man
#23 21.49 make[2]: Nothing to be done for 'all'.
#23 21.49 make[2]: Nothing to be done for 'all'.
#23 21.49 sed \
#23 21.49 	-e "s|@NETNS_ETC_DIR@|/etc/netns|g" \
#23 21.49 	-e "s|@NETNS_RUN_DIR@|/var/run/netns|g" \
#23 21.49 	-e "s|@SYSCONF_ETC_DIR@|/etc/iproute2|g" \
#23 21.49 	-e "s|@SYSCONF_USR_DIR@|/usr/share/iproute2|g" \
#23 21.49 	ip-address.8.in > ip-address.8
#23 21.49 sed \
#23 21.49 	-e "s|@NETNS_ETC_DIR@|/etc/netns|g" \
#23 21.49 	-e "s|@NETNS_RUN_DIR@|/var/run/netns|g" \
#23 21.49 	-e "s|@SYSCONF_ETC_DIR@|/etc/iproute2|g" \
#23 21.49 	-e "s|@SYSCONF_USR_DIR@|/usr/share/iproute2|g" \
#23 21.49 	ip-link.8.in > ip-link.8
#23 21.50 sed \
#23 21.50 	-e "s|@NETNS_ETC_DIR@|/etc/netns|g" \
#23 21.50 	-e "s|@NETNS_RUN_DIR@|/var/run/netns|g" \
#23 21.50 	-e "s|@SYSCONF_ETC_DIR@|/etc/iproute2|g" \
#23 21.50 	-e "s|@SYSCONF_USR_DIR@|/usr/share/iproute2|g" \
#23 21.50 	ip-netns.8.in > ip-netns.8
#23 21.50 sed \
#23 21.50 	-e "s|@NETNS_ETC_DIR@|/etc/netns|g" \
#23 21.50 	-e "s|@NETNS_RUN_DIR@|/var/run/netns|g" \
#23 21.50 	-e "s|@SYSCONF_ETC_DIR@|/etc/iproute2|g" \
#23 21.50 	-e "s|@SYSCONF_USR_DIR@|/usr/share/iproute2|g" \
#23 21.50 	ip-route.8.in > ip-route.8
#23 21.50 
#23 21.50 tipc
#23 21.51     CC       bearer.o
#23 21.68     CC       cmdl.o
#23 21.72     CC       link.o
#23 21.95     CC       media.o
#23 22.00     CC       misc.o
#23 22.06     CC       msg.o
#23 22.08     CC       nametable.o
#23 22.13     CC       node.o
#23 22.21     CC       socket.o
#23 22.24     CC       peer.o
#23 22.29     CC       tipc.o
#23 22.32     LINK     tipc
#23 22.33 
#23 22.33 devlink
#23 22.34     CC       devlink.o
#23 24.00     CC       mnlg.o
#23 24.04     LINK     devlink
#23 24.06 
#23 24.06 rdma
#23 24.06     CC       rdma.o
#23 24.08 rdma.c: In function 'main':
#23 24.08 rdma.c:110:20: warning: implicit declaration of function 'basename'; did you mean 'rename'? [-Wimplicit-function-declaration]
#23 24.08   110 |         filename = basename(argv[0]);
#23 24.08       |                    ^~~~~~~~
#23 24.08       |                    rename
#23 24.08 rdma.c:110:18: warning: assignment to 'char *' from 'int' makes pointer from integer without a cast [-Wint-conversion]
#23 24.08   110 |         filename = basename(argv[0]);
#23 24.08       |                  ^
#23 24.10     CC       utils.o
#23 24.29     CC       dev.o
#23 24.37     CC       link.o
#23 24.44     CC       res.o
#23 24.56     CC       res-pd.o
#23 24.61     CC       res-mr.o
#23 24.66     CC       res-cq.o
#23 24.71     CC       res-cmid.o
#23 24.79     CC       res-qp.o
#23 24.84     CC       sys.o
#23 24.91     CC       stat.o
#23 25.12     CC       stat-mr.o
#23 25.16     CC       res-ctx.o
#23 25.20     CC       res-srq.o
#23 25.27     LINK     rdma
#23 25.29 
#23 25.29 dcb
#23 25.29     CC       dcb.o
#23 25.41     CC       dcb_app.o
#23 25.61     CC       dcb_buffer.o
#23 25.67     CC       dcb_dcbx.o
#23 25.72     CC       dcb_ets.o
#23 25.80     CC       dcb_maxrate.o
#23 25.85     CC       dcb_pfc.o
#23 25.91     CC       dcb_apptrust.o
#23 25.97     CC       dcb_rewr.o
#23 26.05     LINK     dcb
#23 26.07 
#23 26.07 vdpa
#23 26.07     CC       vdpa.o
#23 26.08 In file included from vdpa.c:19:
#23 26.08 ../include/json_print.h:80:30: warning: 'struct timeval' declared inside parameter list will not be visible outside of this definition or declaration
#23 26.08    80 | _PRINT_FUNC(tv, const struct timeval *)
#23 26.08       |                              ^~~~~~~
#23 26.08 ../include/json_print.h:50:37: note: in definition of macro '_PRINT_FUNC'
#23 26.08    50 |                                     type value);                        \
#23 26.08       |                                     ^~~~
#23 26.08 ../include/json_print.h:80:30: warning: 'struct timeval' declared inside parameter list will not be visible outside of this definition or declaration
#23 26.08    80 | _PRINT_FUNC(tv, const struct timeval *)
#23 26.08       |                              ^~~~~~~
#23 26.08 ../include/json_print.h:55:45: note: in definition of macro '_PRINT_FUNC'
#23 26.08    55 |                                             type value)                 \
#23 26.08       |                                             ^~~~
#23 26.08 ../include/json_print.h: In function 'print_tv':
#23 26.08 ../include/json_print.h:58:48: warning: passing argument 5 of 'print_color_tv' from incompatible pointer type [-Wincompatible-pointer-types]
#23 26.08    58 |                                                value);                  \
#23 26.08       |                                                ^~~~~
#23 26.08       |                                                |
#23 26.08       |                                                const struct timeval *
#23 26.08 ../include/json_print.h:80:1: note: in expansion of macro '_PRINT_FUNC'
#23 26.08    80 | _PRINT_FUNC(tv, const struct timeval *)
#23 26.08       | ^~~~~~~~~~~
#23 26.08 ../include/json_print.h:50:42: note: expected 'const struct timeval *' but argument is of type 'const struct timeval *'
#23 26.08    50 |                                     type value);                        \
#23 26.08       |                                          ^
#23 26.08 ../include/json_print.h:80:1: note: in expansion of macro '_PRINT_FUNC'
#23 26.08    80 | _PRINT_FUNC(tv, const struct timeval *)
#23 26.08       | ^~~~~~~~~~~
#23 26.23     LINK     vdpa
#23 DONE 26.3s

#24 [20/22] RUN git clone --no-single-branch --depth=1 https://github.com/linux-netdev/testing.git /nipa-data/kernel
#24 0.353 Cloning into '/nipa-data/kernel'...
#24 49.52 Updating files:  16% (13419/83283)Updating files:  17% (14159/83283)Updating files:  18% (14991/83283)Updating files:  19% (15824/83283)Updating files:  20% (16657/83283)Updating files:  21% (17490/83283)Updating files:  22% (18323/83283)Updating files:  23% (19156/83283)Updating files:  24% (19988/83283)Updating files:  25% (20821/83283)Updating files:  26% (21654/83283)Updating files:  27% (22487/83283)Updating files:  28% (23320/83283)Updating files:  29% (24153/83283)Updating files:  30% (24985/83283)Updating files:  31% (25818/83283)Updating files:  32% (26651/83283)Updating files:  32% (26950/83283)Updating files:  33% (27484/83283)Updating files:  34% (28317/83283)Updating files:  35% (29150/83283)Updating files:  36% (29982/83283)Updating files:  37% (30815/83283)Updating files:  38% (31648/83283)Updating files:  39% (32481/83283)Updating files:  40% (33314/83283)Updating files:  40% (33479/83283)Updating files:  41% (34147/83283)Updating files:  42% (34979/83283)Updating files:  43% (35812/83283)Updating files:  44% (36645/83283)Updating files:  45% (37478/83283)Updating files:  45% (38025/83283)Updating files:  46% (38311/83283)Updating files:  47% (39144/83283)Updating files:  48% (39976/83283)Updating files:  49% (40809/83283)Updating files:  50% (41642/83283)Updating files:  51% (42475/83283)Updating files:  52% (43308/83283)Updating files:  53% (44140/83283)Updating files:  54% (44973/83283)Updating files:  55% (45806/83283)Updating files:  56% (46639/83283)Updating files:  57% (47472/83283)Updating files:  57% (48189/83283)Updating files:  58% (48305/83283)Updating files:  59% (49137/83283)Updating files:  60% (49970/83283)Updating files:  61% (50803/83283)Updating files:  62% (51636/83283)Updating files:  63% (52469/83283)Updating files:  64% (53302/83283)Updating files:  65% (54134/83283)Updating files:  66% (54967/83283)Updating files:  67% (55800/83283)Updating files:  68% (56633/83283)Updating files:  69% (57466/83283)Updating files:  70% (58299/83283)Updating files:  71% (59131/83283)Updating files:  71% (59458/83283)Updating files:  72% (59964/83283)Updating files:  73% (60797/83283)Updating files:  74% (61630/83283)Updating files:  75% (62463/83283)Updating files:  76% (63296/83283)Updating files:  77% (64128/83283)Updating files:  78% (64961/83283)Updating files:  79% (65794/83283)Updating files:  80% (66627/83283)Updating files:  81% (67460/83283)Updating files:  82% (68293/83283)Updating files:  83% (69125/83283)Updating files:  84% (69958/83283)Updating files:  85% (70791/83283)Updating files:  86% (71624/83283)Updating files:  87% (72457/83283)Updating files:  88% (73290/83283)Updating files:  88% (73654/83283)Updating files:  89% (74122/83283)Updating files:  90% (74955/83283)Updating files:  91% (75788/83283)Updating files:  92% (76621/83283)Updating files:  93% (77454/83283)Updating files:  94% (78287/83283)Updating files:  95% (79119/83283)Updating files:  96% (79952/83283)Updating files:  97% (80785/83283)Updating files:  98% (81618/83283)Updating files:  99% (82451/83283)Updating files: 100% (83283/83283)Updating files: 100% (83283/83283), done.
#24 DONE 57.9s

#25 [21/22] RUN git clone --depth=1 -b dev https://github.com/p4tc-dev/new-nipa.git nipa
#25 0.347 Cloning into 'nipa'...
#25 DONE 1.0s

#26 [22/22] COPY entrypoint.sh /entrypoint.sh
#26 DONE 0.0s

#27 exporting to image
#27 exporting layers
#27 exporting layers 7.1s done
#27 writing image sha256:5e95e628855c63246bf345c58579f706607b496c7f9dd002be8ee069828c2d96 done
#27 naming to docker.io/library/nipa-executor done
#27 DONE 7.1s
NIPA version: 9d4ceb4 (fetcher: support local kernel patches, 2024-02-05)
INFO: Last run date: 2024-02-23 21:00:05.722727+00:00
Testing  {'branch': 'net-next-2024-02-24--00-00', 'date': '2024-02-24T00:00:16.348863+00:00', 'base': '86527498b8e5b29ef70205c8ddcb088d44b6b09b', 'url': 'https://github.com/linux-netdev/testing.git net-next-2024-02-24--00-00'}
branch 'net-next-2024-02-24--00-00' set up to track 'origin/net-next-2024-02-24--00-00'.
Switched to a new branch 'net-next-2024-02-24--00-00'
error: No valid patches in input (allow with "--allow-empty")
Checking patch tools/testing/selftests/tc-testing/tdc_config.py...
Applied patch tools/testing/selftests/tc-testing/tdc_config.py cleanly.
Run at 2024-02-24 00:04:02.137755
INFO: building kernel
INFO: starting VM 0
INFO: thr0-1 VM starting: vng -v -r arch/x86/boot/bzImage --user root --rwdir=/nipa-data/kernel/
INFO: thr0-1 expecting prompt: '/nipa-data/kernel# '
INFO: thr0-1 reached initial prompt
INFO: thr-0 testing == tdc.sh
INFO: thr-0 tdc.sh >> retcode: 0 result: pass found {'fail': False, 'skip': False, 'pass': True}
INFO: thr-0 has no more work, exiting
INFO: thr0-1 VM stopped
Done at 2024-02-24 00:07:26.625125
NIPA quitting!
/
~/nipa/tc-executor/tc-executor-storage /
sort: fflush failed: 'standard output': Broken pipe
sort: write error
