~/nipa/tc-executor/tc-executor-storage /
Switched to branch 'storage'
Your branch is ahead of 'origin/storage' by 1074 commits.
  (use "git push" to publish your local commits)
/
~/nipa/tc-executor /
Error response from daemon: No such image: nipa-executor:latest
#0 building with "default" instance using docker driver

#1 [internal] load build definition from Dockerfile
#1 transferring dockerfile: 2.05kB done
#1 DONE 0.0s

#2 [internal] load .dockerignore
#2 transferring context: 2B done
#2 DONE 0.0s

#3 [internal] load metadata for docker.io/library/alpine:edge
#3 DONE 0.0s

#4 [ 1/22] FROM docker.io/library/alpine:edge
#4 CACHED

#5 [internal] load build context
#5 transferring context: 3.04kB done
#5 DONE 0.0s

#6 [ 2/22] RUN echo false > debug-mode
#6 DONE 1.0s

#7 [ 3/22] RUN addgroup -g 1001 hostuser
#7 DONE 0.4s

#8 [ 4/22] RUN adduser -u 1001 -G hostuser -H -D -s /bin/ash hostuser
#8 DONE 0.4s

#9 [ 5/22] RUN echo '@testing http://dl-cdn.alpinelinux.org/alpine/edge/testing' >> /etc/apk/repositories
#9 DONE 0.4s

#10 [ 6/22] RUN echo '@community http://dl-cdn.alpinelinux.org/alpine/edge/community' >> /etc/apk/repositories
#10 DONE 0.4s

#11 [ 7/22] RUN apk update && apk add --no-cache    virtme-ng@testing    git    py3-requests    py3-psutil    py3-setuptools    py3-pyroute2    py3-argcomplete    qemu-system-x86_64@community    scapy@community    make    gcc    musl-dev    flex    bison    linux-headers    elfutils-dev    util-linux    coreutils    diffutils    findutils    file    bash    kmod    perl    iptables-dev    libcap-dev    libmnl-dev    iproute2     jq    libbpf-dev    rsync    openssl-dev
#11 0.383 fetch https://dl-cdn.alpinelinux.org/alpine/edge/main/x86_64/APKINDEX.tar.gz
#11 0.595 fetch https://dl-cdn.alpinelinux.org/alpine/edge/community/x86_64/APKINDEX.tar.gz
#11 0.809 fetch http://dl-cdn.alpinelinux.org/alpine/edge/testing/x86_64/APKINDEX.tar.gz
#11 1.011 fetch http://dl-cdn.alpinelinux.org/alpine/edge/community/x86_64/APKINDEX.tar.gz
#11 1.285 v20240606-1644-g2988f464302 [https://dl-cdn.alpinelinux.org/alpine/edge/main]
#11 1.285 v20240606-1657-g86607b478c4 [https://dl-cdn.alpinelinux.org/alpine/edge/community]
#11 1.285 v20240606-1652-gba2b1aa1361 [http://dl-cdn.alpinelinux.org/alpine/edge/testing]
#11 1.285 v20240606-1657-g86607b478c4 [http://dl-cdn.alpinelinux.org/alpine/edge/community]
#11 1.285 OK: 31725 distinct packages available
#11 1.347 fetch https://dl-cdn.alpinelinux.org/alpine/edge/main/x86_64/APKINDEX.tar.gz
#11 1.450 fetch https://dl-cdn.alpinelinux.org/alpine/edge/community/x86_64/APKINDEX.tar.gz
#11 1.550 fetch http://dl-cdn.alpinelinux.org/alpine/edge/testing/x86_64/APKINDEX.tar.gz
#11 1.644 fetch http://dl-cdn.alpinelinux.org/alpine/edge/community/x86_64/APKINDEX.tar.gz
#11 1.916 (1/176) Upgrading musl (1.2.4_git20230717-r5 -> 1.2.5-r1)
#11 1.933 (2/176) Upgrading libcrypto3 (3.1.4-r2 -> 3.3.1-r1)
#11 1.966 (3/176) Upgrading libssl3 (3.1.4-r2 -> 3.3.1-r1)
#11 1.983 (4/176) Upgrading zlib (1.3-r2 -> 1.3.1-r1)
#11 1.996 (5/176) Installing ncurses-terminfo-base (6.4_p20240420-r0)
#11 2.013 (6/176) Installing libncursesw (6.4_p20240420-r0)
#11 2.027 (7/176) Installing readline (8.2.10-r0)
#11 2.043 (8/176) Installing bash (5.2.26-r0)
#11 2.064 Executing bash-5.2.26-r0.post-install
#11 2.068 (9/176) Installing m4 (1.4.19-r3)
#11 2.084 (10/176) Installing bison (3.8.2-r1)
#11 2.106 (11/176) Installing coreutils-env (9.5-r1)
#11 2.119 (12/176) Installing coreutils-fmt (9.5-r1)
#11 2.132 (13/176) Installing coreutils-sha512sum (9.5-r1)
#11 2.146 (14/176) Installing libacl (2.3.2-r0)
#11 2.158 (15/176) Installing libattr (2.5.2-r0)
#11 2.180 (16/176) Installing skalibs (2.14.2.0-r0)
#11 2.194 (17/176) Installing utmps-libs (0.1.2.2-r1)
#11 2.206 (18/176) Installing coreutils (9.5-r1)
#11 2.230 (19/176) Installing diffutils (3.10-r0)
#11 2.245 (20/176) Installing zstd-libs (1.5.6-r0)
#11 2.263 (21/176) Installing libelf (0.191-r0)
#11 2.278 (22/176) Installing libbz2 (1.0.8-r6)
#11 2.290 (23/176) Installing musl-fts (1.2.7-r6)
#11 2.302 (24/176) Installing xz-libs (5.6.2-r0)
#11 2.317 (25/176) Installing libdw (0.191-r0)
#11 2.333 (26/176) Installing libasm (0.191-r0)
#11 2.344 (27/176) Installing xz (5.6.2-r0)
#11 2.360 (28/176) Installing pkgconf (2.2.0-r0)
#11 2.373 (29/176) Installing xz-dev (5.6.2-r0)
#11 2.387 (30/176) Installing libgcc (13.2.1_git20240309-r0)
#11 2.401 (31/176) Installing libstdc++ (13.2.1_git20240309-r0)
#11 2.427 (32/176) Installing zstd (1.5.6-r0)
#11 2.446 (33/176) Installing zstd-dev (1.5.6-r0)
#11 2.460 (34/176) Installing zlib-dev (1.3.1-r1)
#11 2.474 (35/176) Installing elfutils-dev (0.191-r0)
#11 2.497 (36/176) Installing libmagic (5.45-r1)
#11 2.529 (37/176) Installing file (5.45-r1)
#11 2.544 (38/176) Installing findutils (4.9.0-r5)
#11 2.559 (39/176) Installing flex (2.6.4-r6)
#11 2.573 (40/176) Installing jansson (2.14-r4)
#11 2.586 (41/176) Installing binutils (2.42-r0)
#11 2.648 (42/176) Installing libgomp (13.2.1_git20240309-r0)
#11 2.664 (43/176) Installing libatomic (13.2.1_git20240309-r0)
#11 2.676 (44/176) Installing gmp (6.3.0-r1)
#11 2.692 (45/176) Installing isl26 (0.26-r1)
#11 2.714 (46/176) Installing mpfr4 (4.2.1-r0)
#11 2.731 (47/176) Installing mpc1 (1.3.1-r1)
#11 2.744 (48/176) Installing gcc (13.2.1_git20240309-r0)
#11 3.269 (49/176) Installing ca-certificates (20240226-r0)
#11 3.292 (50/176) Installing brotli-libs (1.1.0-r2)
#11 3.311 (51/176) Installing c-ares (1.31.0-r0)
#11 3.326 (52/176) Installing libunistring (1.2-r0)
#11 3.348 (53/176) Installing libidn2 (2.3.7-r0)
#11 3.363 (54/176) Installing nghttp2-libs (1.62.1-r0)
#11 3.378 (55/176) Installing libpsl (0.21.5-r2)
#11 3.391 (56/176) Installing libcurl (8.8.0-r0)
#11 3.408 (57/176) Installing libexpat (2.6.2-r0)
#11 3.421 (58/176) Installing pcre2 (10.43-r0)
#11 3.439 (59/176) Installing git (2.45.2-r1)
#11 3.493 (60/176) Installing git-init-template (2.45.2-r1)
#11 3.506 (61/176) Installing libcap2 (2.70-r0)
#11 3.519 (62/176) Installing libmnl (1.0.5-r2)
#11 3.532 (63/176) Installing iproute2-minimal (6.9.0-r0)
#11 3.556 (64/176) Installing libxtables (1.8.10-r3)
#11 3.569 (65/176) Installing iproute2-tc (6.9.0-r0)
#11 3.585 (66/176) Installing iproute2-ss (6.9.0-r0)
#11 3.601 (67/176) Installing iproute2 (6.9.0-r0)
#11 3.616 Executing iproute2-6.9.0-r0.post-install
#11 3.619 (68/176) Installing linux-headers (6.6-r0)
#11 3.707 (69/176) Installing libip4tc (1.8.10-r3)
#11 3.725 (70/176) Installing libip6tc (1.8.10-r3)
#11 3.737 (71/176) Installing libipq (1.8.10-r3)
#11 3.749 (72/176) Installing iptables-dev (1.8.10-r3)
#11 3.763 (73/176) Installing oniguruma (6.9.9-r0)
#11 3.779 (74/176) Installing jq (1.7.1-r0)
#11 3.799 (75/176) Installing kmod (32-r0)
#11 3.813 (76/176) Installing libbpf (1.4.3-r0)
#11 3.829 (77/176) Installing libbpf-dev (1.4.3-r0)
#11 3.850 (78/176) Installing libcap-dev (2.70-r0)
#11 3.864 (79/176) Installing libmnl-dev (1.0.5-r2)
#11 3.876 (80/176) Installing make (4.4.1-r2)
#11 3.891 (81/176) Installing musl-dev (1.2.5-r1)
#11 3.954 (82/176) Installing openssl-dev (3.3.1-r1)
#11 3.979 (83/176) Installing perl (5.40.0-r1)
#11 4.195 (84/176) Installing perl-error (0.17029-r2)
#11 4.207 (85/176) Installing perl-git (2.45.2-r1)
#11 4.222 (86/176) Installing git-perl (2.45.2-r1)
#11 4.234 (87/176) Installing libffi (3.4.6-r0)
#11 4.249 (88/176) Installing gdbm (1.23-r1)
#11 4.264 (89/176) Installing mpdecimal (4.0.0-r0)
#11 4.277 (90/176) Installing libpanelw (6.4_p20240420-r0)
#11 4.290 (91/176) Installing sqlite-libs (3.46.0-r0)
#11 4.312 (92/176) Installing python3 (3.12.3-r1)
#11 5.266 (93/176) Installing python3-pycache-pyc0 (3.12.3-r1)
#11 5.356 (94/176) Installing pyc (3.12.3-r1)
#11 5.368 (95/176) Installing py3-argcomplete-pyc (3.4.0-r0)
#11 5.386 (96/176) Installing python3-pyc (3.12.3-r1)
#11 5.397 (97/176) Installing py3-argcomplete (3.4.0-r0)
#11 5.411 (98/176) Installing py3-psutil (5.9.8-r1)
#11 5.427 (99/176) Installing py3-psutil-pyc (5.9.8-r1)
#11 5.442 (100/176) Installing py3-pyroute2 (0.7.12-r1)
#11 5.475 (101/176) Installing py3-pyroute2-pyc (0.7.12-r1)
#11 5.511 (102/176) Installing py3-certifi (2024.2.2-r1)
#11 5.523 (103/176) Installing py3-certifi-pyc (2024.2.2-r1)
#11 5.535 (104/176) Installing py3-charset-normalizer (3.3.2-r1)
#11 5.577 (105/176) Installing py3-charset-normalizer-pyc (3.3.2-r1)
#11 5.590 (106/176) Installing py3-idna (3.7-r0)
#11 5.605 (107/176) Installing py3-idna-pyc (3.7-r0)
#11 5.620 (108/176) Installing py3-urllib3 (1.26.18-r1)
#11 5.637 (109/176) Installing py3-urllib3-pyc (1.26.18-r1)
#11 5.654 (110/176) Installing py3-requests (2.32.3-r0)
#11 5.669 (111/176) Installing py3-requests-pyc (2.32.3-r0)
#11 5.683 (112/176) Installing py3-parsing (3.1.2-r1)
#11 5.699 (113/176) Installing py3-parsing-pyc (3.1.2-r1)
#11 5.715 (114/176) Installing py3-packaging (24.1-r0)
#11 5.730 (115/176) Installing py3-packaging-pyc (24.1-r0)
#11 5.744 (116/176) Installing py3-setuptools (70.1.1-r0)
#11 5.782 (117/176) Installing py3-setuptools-pyc (70.1.1-r0)
#11 5.824 (118/176) Installing libcap-ng (0.8.5-r0)
#11 5.836 (119/176) Installing libintl (0.22.5-r0)
#11 5.850 (120/176) Installing libeconf (0.6.3-r0)
#11 5.862 (121/176) Installing libblkid (2.40.1-r1)
#11 5.879 (122/176) Installing libmount (2.40.1-r1)
#11 5.895 (123/176) Installing glib (2.80.3-r0)
#11 5.933 (124/176) Installing numactl (2.0.18-r0)
#11 5.946 (125/176) Installing qemu (9.0.1-r0)
#11 5.962 Executing qemu-9.0.1-r0.pre-install
#11 6.716 Executing qemu-9.0.1-r0.post-install
#11 6.719 *
#11 6.719 * If you want to run VM as unprivileged user and let Qemu create tunX devices,
#11 6.719 * then you must add that user to the group "qemu".
#11 6.719 * If you use KVM for hardware-assisted virtualization, then you may also need
#11 6.719 * to add that user to the group "kvm".
#11 6.719 *
#11 6.719 (126/176) Installing qemu-bridge-helper (9.0.1-r0)
#11 6.737 (127/176) Installing libaio (0.3.113-r2)
#11 6.749 (128/176) Installing capstone (5.0.1-r4)
#11 6.783 (129/176) Installing nettle (3.10-r0)
#11 6.799 (130/176) Installing libtasn1 (4.19.0-r2)
#11 6.812 (131/176) Installing p11-kit (0.25.3-r0)
#11 6.830 (132/176) Installing gnutls (3.8.5-r0)
#11 6.853 (133/176) Installing libjpeg-turbo (3.0.3-r0)
#11 6.869 (134/176) Installing lzo (2.10-r5)
#11 6.883 (135/176) Installing pixman (0.43.2-r0)
#11 6.899 (136/176) Installing libpng (1.6.43-r0)
#11 6.913 (137/176) Installing libsasl (2.1.28-r7)
#11 6.929 (138/176) Installing libseccomp (2.5.5-r1)
#11 6.941 (139/176) Installing libslirp (4.8.0-r0)
#11 6.954 (140/176) Installing snappy (1.1.10-r2)
#11 6.966 (141/176) Installing vde2-libs (2.3.3-r3)
#11 6.979 (142/176) Installing qemu-system-x86_64 (9.0.1-r0)
#11 7.085 (143/176) Installing lz4-libs (1.9.4-r5)
#11 7.102 (144/176) Installing popt (1.19-r3)
#11 7.117 (145/176) Installing libxxhash (0.8.2-r2)
#11 7.129 (146/176) Installing rsync (3.3.0-r0)
#11 7.145 (147/176) Installing scapy (2.5.0-r3)
#11 7.194 Executing scapy-2.5.0-r3.post-install
#11 7.197 *
#11 7.197 * Certain optional features of scapy also depend on the following packages:
#11 7.197 *     py3-matplotlib graphviz imagemagick py3-cryptography sox
#11 7.197 * And the following unpackaged dependencies:
#11 7.197 *     pyxi vpython-jupyter nmap<v4.23
#11 7.197 * More information can be found at https://scapy.readthedocs.io/en/latest/installation.html#optional-dependencies
#11 7.197 *
#11 7.197 (148/176) Installing scapy-pyc (2.5.0-r3)
#11 7.256 (149/176) Installing util-linux (2.40.1-r1)
#11 7.269 (150/176) Installing dmesg (2.40.1-r1)
#11 7.282 (151/176) Installing setarch (2.40.1-r1)
#11 7.294 (152/176) Installing libuuid (2.40.1-r1)
#11 7.306 (153/176) Installing libfdisk (2.40.1-r1)
#11 7.320 (154/176) Installing libsmartcols (2.40.1-r1)
#11 7.334 (155/176) Installing util-linux-misc (2.40.1-r1)
#11 7.360 (156/176) Installing linux-pam (1.6.0-r0)
#11 7.380 (157/176) Installing runuser (2.40.1-r1)
#11 7.392 (158/176) Installing mount (2.40.1-r1)
#11 7.404 (159/176) Installing losetup (2.40.1-r1)
#11 7.418 (160/176) Installing hexdump (2.40.1-r1)
#11 7.432 (161/176) Installing uuidgen (2.40.1-r1)
#11 7.458 (162/176) Installing blkid (2.40.1-r1)
#11 7.470 (163/176) Installing sfdisk (2.40.1-r1)
#11 7.483 (164/176) Installing mcookie (2.40.1-r1)
#11 7.495 (165/176) Installing agetty (2.40.1-r1)
#11 7.509 (166/176) Installing wipefs (2.40.1-r1)
#11 7.521 (167/176) Installing cfdisk (2.40.1-r1)
#11 7.533 (168/176) Installing umount (2.40.1-r1)
#11 7.546 (169/176) Installing flock (2.40.1-r1)
#11 7.558 (170/176) Installing lsblk (2.40.1-r1)
#11 7.573 (171/176) Installing setpriv (2.40.1-r1)
#11 7.585 (172/176) Installing logger (2.40.1-r1)
#11 7.598 (173/176) Installing partx (2.40.1-r1)
#11 7.610 (174/176) Installing fstrim (2.40.1-r1)
#11 7.622 (175/176) Installing findmnt (2.40.1-r1)
#11 7.640 (176/176) Installing virtme-ng@testing (1.25-r0)
#11 7.695 Executing busybox-1.36.1-r17.trigger
#11 7.700 Executing ca-certificates-20240226-r0.trigger
#11 7.723 Executing glib-2.80.3-r0.trigger
#11 7.728 OK: 385 MiB in 187 packages
#11 DONE 12.6s

#12 [ 8/22] RUN mkdir -p /tmp/kernel-patches &&     mkdir -p /tmp/iproute2-patches
#12 DONE 2.5s

#13 [ 9/22] COPY tdc.config /tmp
#13 DONE 0.0s

#14 [10/22] COPY tdc-debug.config /tmp
#14 DONE 0.1s

#15 [11/22] COPY kernel-patches /tmp/kernel-patches/
#15 DONE 0.0s

#16 [12/22] COPY iproute2-patches /tmp/iproute2-patches/
#16 DONE 0.0s

#17 [13/22] COPY configs /tmp/configs/
#17 DONE 0.0s

#18 [14/22] RUN git config --global user.email foo@bar.com
#18 DONE 0.2s

#19 [15/22] RUN git config --global user.name foo@bar.com
#19 DONE 0.5s

#20 [16/22] RUN git clone https://git.kernel.org/pub/scm/network/iproute2/iproute2-next.git /nipa-data/iproute2
#20 0.371 Cloning into '/nipa-data/iproute2'...
#20 DONE 2.3s

#21 [17/22] RUN cd /nipa-data/iproute2 && 	git remote add stable https://git.kernel.org/pub/scm/network/iproute2/iproute2.git && 	git fetch --all && 	git merge stable/main
#21 0.954 Fetching origin
#21 1.249 Fetching stable
#21 1.765 From https://git.kernel.org/pub/scm/network/iproute2/iproute2
#21 1.765  * [new branch]        codeql         -> stable/codeql
#21 1.765  * [new branch]        iproute2-4.1.x -> stable/iproute2-4.1.x
#21 1.765  * [new branch]        main           -> stable/main
#21 1.801 Auto-merging misc/ss.c
#21 1.853 Merge made by the 'ort' strategy.
#21 1.860  devlink/devlink.c | 4 ++--
#21 1.860  misc/ss.c         | 2 ++
#21 1.860  2 files changed, 4 insertions(+), 2 deletions(-)
#21 DONE 2.0s

#22 [18/22] RUN if [ "$(find /tmp/iproute2-patches/ -name *.patch)" ]; then  	cd /nipa-data/iproute2; 	git apply /tmp/iproute2-patches/*.patch;     fi
#22 DONE 1.0s

#23 [19/22] RUN cd /nipa-data/iproute2/ &&     ./configure &&     make
#23 0.761 TC schedulers
#23 0.762  IPT	using xtables
#23 0.789  IPSET  yes
#23 0.809 
#23 0.810 lib directory: /usr/lib
#23 0.810 libc has setns: yes
#23 0.830 libc has name_to_handle_at: yes
#23 0.852 SELinux support: no
#23 0.853 libtirpc support: no
#23 0.854 libbpf support: yes
#23 0.921 	libbpf version 1.4.3
#23 0.921 ELF support: yes
#23 0.923 libmnl support: yes
#23 0.925 Berkeley DB: no
#23 0.935 need for strlcpy: no
#23 0.957 libcap support: yes
#23 0.959 color output: never
#23 0.961 
#23 0.961 lib
#23 0.963     CC       libgenl.o
#23 0.975 In file included from ../include/libgenl.h:5,
#23 0.975                  from libgenl.c:12:
#23 0.975 ../include/libnetlink.h: In function 'rta_getattr_be64':
#23 0.975 ../include/libnetlink.h:280:16: warning: implicit declaration of function 'htobe64' [-Wimplicit-function-declaration]
#23 0.975   280 |         return htobe64(rta_getattr_u64(rta));
#23 0.975       |                ^~~~~~~
#23 1.002     CC       libnetlink.o
#23 1.316     CC       mnl_utils.o
#23 1.328 In file included from mnl_utils.c:12:
#23 1.328 ../include/libnetlink.h: In function 'rta_getattr_be64':
#23 1.328 ../include/libnetlink.h:280:16: warning: implicit declaration of function 'htobe64' [-Wimplicit-function-declaration]
#23 1.328   280 |         return htobe64(rta_getattr_u64(rta));
#23 1.328       |                ^~~~~~~
#23 1.390     AR       libnetlink.a
#23 1.392     CC       utils.o
#23 1.768     CC       utils_math.o
#23 1.813     CC       rt_names.o
#23 1.972     CC       ll_map.o
#23 1.985 In file included from ll_map.c:17:
#23 1.985 ../include/libnetlink.h: In function 'rta_getattr_be64':
#23 1.985 ../include/libnetlink.h:280:16: warning: implicit declaration of function 'htobe64' [-Wimplicit-function-declaration]
#23 1.985   280 |         return htobe64(rta_getattr_u64(rta));
#23 1.985       |                ^~~~~~~
#23 2.064     CC       ll_types.o
#23 2.076 In file included from ll_types.c:20:
#23 2.076 ../include/uapi/linux/sockios.h:42: warning: "SIOCGSTAMP" redefined
#23 2.076    42 | #define SIOCGSTAMP      SIOCGSTAMP_OLD
#23 2.076       | 
#23 2.076 In file included from /usr/include/sys/ioctl.h:10,
#23 2.076                  from ll_types.c:12:
#23 2.076 /usr/include/bits/ioctl.h:111: note: this is the location of the previous definition
#23 2.076   111 | #define SIOCGSTAMP      0x8906
#23 2.076       | 
#23 2.076 ../include/uapi/linux/sockios.h:43: warning: "SIOCGSTAMPNS" redefined
#23 2.076    43 | #define SIOCGSTAMPNS    SIOCGSTAMPNS_OLD
#23 2.076       | 
#23 2.076 /usr/include/bits/ioctl.h:112: note: this is the location of the previous definition
#23 2.076   112 | #define SIOCGSTAMPNS    0x8907
#23 2.076       | 
#23 2.090     CC       ll_proto.o
#23 2.102 In file included from ll_proto.c:21:
#23 2.102 ../include/uapi/linux/sockios.h:42: warning: "SIOCGSTAMP" redefined
#23 2.102    42 | #define SIOCGSTAMP      SIOCGSTAMP_OLD
#23 2.102       | 
#23 2.102 In file included from /usr/include/sys/ioctl.h:10,
#23 2.102                  from ll_proto.c:13:
#23 2.102 /usr/include/bits/ioctl.h:111: note: this is the location of the previous definition
#23 2.102   111 | #define SIOCGSTAMP      0x8906
#23 2.102       | 
#23 2.102 ../include/uapi/linux/sockios.h:43: warning: "SIOCGSTAMPNS" redefined
#23 2.102    43 | #define SIOCGSTAMPNS    SIOCGSTAMPNS_OLD
#23 2.102       | 
#23 2.102 /usr/include/bits/ioctl.h:112: note: this is the location of the previous definition
#23 2.102   112 | #define SIOCGSTAMPNS    0x8907
#23 2.102       | 
#23 2.114     CC       ll_addr.o
#23 2.126 In file included from ll_addr.c:20:
#23 2.126 ../include/uapi/linux/sockios.h:42: warning: "SIOCGSTAMP" redefined
#23 2.126    42 | #define SIOCGSTAMP      SIOCGSTAMP_OLD
#23 2.126       | 
#23 2.126 In file included from /usr/include/sys/ioctl.h:10,
#23 2.126                  from ll_addr.c:12:
#23 2.126 /usr/include/bits/ioctl.h:111: note: this is the location of the previous definition
#23 2.126   111 | #define SIOCGSTAMP      0x8906
#23 2.126       | 
#23 2.126 ../include/uapi/linux/sockios.h:43: warning: "SIOCGSTAMPNS" redefined
#23 2.126    43 | #define SIOCGSTAMPNS    SIOCGSTAMPNS_OLD
#23 2.126       | 
#23 2.126 /usr/include/bits/ioctl.h:112: note: this is the location of the previous definition
#23 2.126   112 | #define SIOCGSTAMPNS    0x8907
#23 2.126       | 
#23 2.153     CC       inet_proto.o
#23 2.181     CC       namespace.o
#23 2.233     CC       json_writer.o
#23 2.320     CC       json_print.o
#23 2.461     CC       json_print_math.o
#23 2.491     CC       names.o
#23 2.533     CC       color.o
#23 2.573     CC       bpf_legacy.o
#23 2.914     CC       bpf_glue.o
#23 2.948     CC       exec.o
#23 2.976     CC       fs.o
#23 3.049     CC       cg_map.o
#23 3.080     CC       ppp_proto.o
#23 3.101     CC       bpf_libbpf.o
#23 3.172     CC       selinux.o
#23 3.191     CC       ax25_ntop.o
#23 3.218     CC       rose_ntop.o
#23 3.231 In file included from rose_ntop.c:16:
#23 3.231 ../include/uapi/linux/sockios.h:42: warning: "SIOCGSTAMP" redefined
#23 3.231    42 | #define SIOCGSTAMP      SIOCGSTAMP_OLD
#23 3.231       | 
#23 3.231 In file included from /usr/include/sys/ioctl.h:10,
#23 3.231                  from rose_ntop.c:7:
#23 3.231 /usr/include/bits/ioctl.h:111: note: this is the location of the previous definition
#23 3.231   111 | #define SIOCGSTAMP      0x8906
#23 3.231       | 
#23 3.231 ../include/uapi/linux/sockios.h:43: warning: "SIOCGSTAMPNS" redefined
#23 3.231    43 | #define SIOCGSTAMPNS    SIOCGSTAMPNS_OLD
#23 3.231       | 
#23 3.231 /usr/include/bits/ioctl.h:112: note: this is the location of the previous definition
#23 3.231   112 | #define SIOCGSTAMPNS    0x8907
#23 3.231       | 
#23 3.248     CC       mpls_ntop.o
#23 3.273     CC       mpls_pton.o
#23 3.300     CC       netrom_ntop.o
#23 3.320     AR       libutil.a
#23 3.325 
#23 3.325 ip
#23 3.327     CC       ip.o
#23 3.394     CC       ipaddress.o
#23 3.407 In file included from ipaddress.c:26:
#23 3.407 ../include/uapi/linux/sockios.h:42: warning: "SIOCGSTAMP" redefined
#23 3.407    42 | #define SIOCGSTAMP      SIOCGSTAMP_OLD
#23 3.407       | 
#23 3.407 In file included from /usr/include/sys/ioctl.h:10,
#23 3.407                  from ipaddress.c:14:
#23 3.407 /usr/include/bits/ioctl.h:111: note: this is the location of the previous definition
#23 3.407   111 | #define SIOCGSTAMP      0x8906
#23 3.407       | 
#23 3.407 ../include/uapi/linux/sockios.h:43: warning: "SIOCGSTAMPNS" redefined
#23 3.407    43 | #define SIOCGSTAMPNS    SIOCGSTAMPNS_OLD
#23 3.407       | 
#23 3.407 /usr/include/bits/ioctl.h:112: note: this is the location of the previous definition
#23 3.407   112 | #define SIOCGSTAMPNS    0x8907
#23 3.407       | 
#23 3.824     CC       ipaddrlabel.o
#23 3.878     CC       iproute.o
#23 4.360     CC       iprule.o
#23 4.544     CC       ipnetns.o
#23 4.729     CC       rtm_map.o
#23 4.763     CC       iptunnel.o
#23 4.776 In file included from ../include/uapi/linux/if_tunnel.h:6,
#23 4.776                  from iptunnel.c:19:
#23 4.776 ../include/uapi/linux/if.h:134: warning: "IFF_VOLATILE" redefined
#23 4.776   134 | #define IFF_VOLATILE    (IFF_LOOPBACK|IFF_POINTOPOINT|IFF_BROADCAST|IFF_ECHO|\
#23 4.776       | 
#23 4.776 In file included from iptunnel.c:16:
#23 4.776 /usr/include/net/if.h:48: note: this is the location of the previous definition
#23 4.776    48 | #define IFF_VOLATILE (IFF_LOOPBACK|IFF_POINTOPOINT|IFF_BROADCAST| \
#23 4.776       | 
#23 4.932     CC       ip6tunnel.o
#23 5.040     CC       tunnel.o
#23 5.130     CC       ipneigh.o
#23 5.278     CC       ipntable.o
#23 5.424     CC       iplink.o
#23 5.710     CC       ipmaddr.o
#23 5.723 In file included from ipmaddr.c:21:
#23 5.723 ../include/uapi/linux/sockios.h:42: warning: "SIOCGSTAMP" redefined
#23 5.723    42 | #define SIOCGSTAMP      SIOCGSTAMP_OLD
#23 5.723       | 
#23 5.723 In file included from /usr/include/sys/ioctl.h:10,
#23 5.723                  from ipmaddr.c:12:
#23 5.723 /usr/include/bits/ioctl.h:111: note: this is the location of the previous definition
#23 5.723   111 | #define SIOCGSTAMP      0x8906
#23 5.723       | 
#23 5.723 ../include/uapi/linux/sockios.h:43: warning: "SIOCGSTAMPNS" redefined
#23 5.723    43 | #define SIOCGSTAMPNS    SIOCGSTAMPNS_OLD
#23 5.723       | 
#23 5.723 /usr/include/bits/ioctl.h:112: note: this is the location of the previous definition
#23 5.723   112 | #define SIOCGSTAMPNS    0x8907
#23 5.723       | 
#23 5.796     CC       ipmonitor.o
#23 5.872     CC       ipmroute.o
#23 5.887 In file included from ipmroute.c:22:
#23 5.887 ../include/uapi/linux/sockios.h:42: warning: "SIOCGSTAMP" redefined
#23 5.887    42 | #define SIOCGSTAMP      SIOCGSTAMP_OLD
#23 5.887       | 
#23 5.887 In file included from /usr/include/sys/ioctl.h:10,
#23 5.887                  from ipmroute.c:13:
#23 5.887 /usr/include/bits/ioctl.h:111: note: this is the location of the previous definition
#23 5.887   111 | #define SIOCGSTAMP      0x8906
#23 5.887       | 
#23 5.887 ../include/uapi/linux/sockios.h:43: warning: "SIOCGSTAMPNS" redefined
#23 5.887    43 | #define SIOCGSTAMPNS    SIOCGSTAMPNS_OLD
#23 5.887       | 
#23 5.887 /usr/include/bits/ioctl.h:112: note: this is the location of the previous definition
#23 5.887   112 | #define SIOCGSTAMPNS    0x8907
#23 5.887       | 
#23 5.949     CC       ipprefix.o
#23 5.979     CC       iptuntap.o
#23 6.083     CC       iptoken.o
#23 6.136     CC       ipxfrm.o
#23 6.452     CC       xfrm_state.o
#23 6.719     CC       xfrm_policy.o
#23 6.945     CC       xfrm_monitor.o
#23 7.021     CC       iplink_dummy.o
#23 7.043     CC       iplink_ifb.o
#23 7.066     CC       iplink_nlmon.o
#23 7.086     CC       iplink_team.o
#23 7.109     CC       iplink_vcan.o
#23 7.133     CC       iplink_vxcan.o
#23 7.159     CC       iplink_vlan.o
#23 7.229     CC       link_veth.o
#23 7.258     CC       link_gre.o
#23 7.268 In file included from ../include/uapi/linux/if_tunnel.h:6,
#23 7.268                  from link_gre.c:15:
#23 7.268 ../include/uapi/linux/if.h:134: warning: "IFF_VOLATILE" redefined
#23 7.268   134 | #define IFF_VOLATILE    (IFF_LOOPBACK|IFF_POINTOPOINT|IFF_BROADCAST|IFF_ECHO|\
#23 7.268       | 
#23 7.268 In file included from link_gre.c:9:
#23 7.268 /usr/include/net/if.h:48: note: this is the location of the previous definition
#23 7.268    48 | #define IFF_VOLATILE (IFF_LOOPBACK|IFF_POINTOPOINT|IFF_BROADCAST| \
#23 7.268       | 
#23 7.376     CC       iplink_can.o
#23 7.528     CC       iplink_xdp.o
#23 7.587     CC       iplink_macvlan.o
#23 7.660     CC       ipl2tp.o
#23 7.831     CC       link_vti.o
#23 7.843 In file included from ../include/uapi/linux/if_tunnel.h:6,
#23 7.843                  from link_vti.c:16:
#23 7.843 ../include/uapi/linux/if.h:134: warning: "IFF_VOLATILE" redefined
#23 7.843   134 | #define IFF_VOLATILE    (IFF_LOOPBACK|IFF_POINTOPOINT|IFF_BROADCAST|IFF_ECHO|\
#23 7.843       | 
#23 7.843 In file included from link_vti.c:10:
#23 7.843 /usr/include/net/if.h:48: note: this is the location of the previous definition
#23 7.843    48 | #define IFF_VOLATILE (IFF_LOOPBACK|IFF_POINTOPOINT|IFF_BROADCAST| \
#23 7.843       | 
#23 7.894     CC       link_vti6.o
#23 7.905 In file included from ../include/uapi/linux/if_tunnel.h:6,
#23 7.905                  from link_vti6.c:17:
#23 7.905 ../include/uapi/linux/if.h:134: warning: "IFF_VOLATILE" redefined
#23 7.905   134 | #define IFF_VOLATILE    (IFF_LOOPBACK|IFF_POINTOPOINT|IFF_BROADCAST|IFF_ECHO|\
#23 7.905       | 
#23 7.905 In file included from link_vti6.c:11:
#23 7.905 /usr/include/net/if.h:48: note: this is the location of the previous definition
#23 7.905    48 | #define IFF_VOLATILE (IFF_LOOPBACK|IFF_POINTOPOINT|IFF_BROADCAST| \
#23 7.905       | 
#23 7.949     CC       link_xfrm.o
#23 7.983     CC       iplink_vxlan.o
#23 8.142     CC       tcp_metrics.o
#23 8.257     CC       iplink_ipoib.o
#23 8.306     CC       ipnetconf.o
#23 8.360     CC       link_ip6tnl.o
#23 8.370 In file included from ../include/uapi/linux/if_tunnel.h:6,
#23 8.370                  from link_ip6tnl.c:15:
#23 8.370 ../include/uapi/linux/if.h:134: warning: "IFF_VOLATILE" redefined
#23 8.370   134 | #define IFF_VOLATILE    (IFF_LOOPBACK|IFF_POINTOPOINT|IFF_BROADCAST|IFF_ECHO|\
#23 8.370       | 
#23 8.370 In file included from link_ip6tnl.c:9:
#23 8.370 /usr/include/net/if.h:48: note: this is the location of the previous definition
#23 8.370    48 | #define IFF_VOLATILE (IFF_LOOPBACK|IFF_POINTOPOINT|IFF_BROADCAST| \
#23 8.370       | 
#23 8.455     CC       link_iptnl.o
#23 8.468 In file included from ../include/uapi/linux/if_tunnel.h:6,
#23 8.468                  from link_iptnl.c:16:
#23 8.468 ../include/uapi/linux/if.h:134: warning: "IFF_VOLATILE" redefined
#23 8.468   134 | #define IFF_VOLATILE    (IFF_LOOPBACK|IFF_POINTOPOINT|IFF_BROADCAST|IFF_ECHO|\
#23 8.468       | 
#23 8.468 In file included from link_iptnl.c:9:
#23 8.468 /usr/include/net/if.h:48: note: this is the location of the previous definition
#23 8.468    48 | #define IFF_VOLATILE (IFF_LOOPBACK|IFF_POINTOPOINT|IFF_BROADCAST| \
#23 8.468       | 
#23 8.564     CC       link_gre6.o
#23 8.575 In file included from ../include/uapi/linux/if_tunnel.h:6,
#23 8.575                  from link_gre6.c:15:
#23 8.575 ../include/uapi/linux/if.h:134: warning: "IFF_VOLATILE" redefined
#23 8.575   134 | #define IFF_VOLATILE    (IFF_LOOPBACK|IFF_POINTOPOINT|IFF_BROADCAST|IFF_ECHO|\
#23 8.575       | 
#23 8.575 In file included from link_gre6.c:9:
#23 8.575 /usr/include/net/if.h:48: note: this is the location of the previous definition
#23 8.575    48 | #define IFF_VOLATILE (IFF_LOOPBACK|IFF_POINTOPOINT|IFF_BROADCAST| \
#23 8.575       | 
#23 8.704     CC       iplink_bond.o
#23 8.881     CC       iplink_bond_slave.o
#23 8.941     CC       iplink_hsr.o
#23 8.992     CC       iplink_bridge.o
#23 9.142     CC       iplink_bridge_slave.o
#23 9.239     CC       iplink_dsa.o
#23 9.278     CC       ipfou.o
#23 9.294 In file included from ../include/libgenl.h:5,
#23 9.294                  from ipfou.c:18:
#23 9.294 ../include/libnetlink.h: In function 'rta_getattr_be64':
#23 9.295 ../include/libnetlink.h:280:16: warning: implicit declaration of function 'htobe64' [-Wimplicit-function-declaration]
#23 9.295   280 |         return htobe64(rta_getattr_u64(rta));
#23 9.295       |                ^~~~~~~
#23 9.379     CC       iplink_ipvlan.o
#23 9.418     CC       iplink_geneve.o
#23 9.506     CC       iplink_vrf.o
#23 9.563     CC       iproute_lwtunnel.o
#23 9.967     CC       ipmacsec.o
#23 10.22     CC       ipila.o
#23 10.23 In file included from ../include/libgenl.h:5,
#23 10.23                  from ipila.c:18:
#23 10.23 ../include/libnetlink.h: In function 'rta_getattr_be64':
#23 10.23 ../include/libnetlink.h:280:16: warning: implicit declaration of function 'htobe64' [-Wimplicit-function-declaration]
#23 10.23   280 |         return htobe64(rta_getattr_u64(rta));
#23 10.23       |                ^~~~~~~
#23 10.30     CC       ipvrf.o
#23 10.43     CC       iplink_xstats.o
#23 10.46     CC       ipseg6.o
#23 10.53     CC       iplink_netdevsim.o
#23 10.56     CC       iplink_rmnet.o
#23 10.59     CC       ipnexthop.o
#23 10.86     CC       ipmptcp.o
#23 10.99     CC       iplink_bareudp.o
#23 11.00 In file included from iplink_bareudp.c:9:
#23 11.00 ../include/libnetlink.h: In function 'rta_getattr_be64':
#23 11.00 ../include/libnetlink.h:280:16: warning: implicit declaration of function 'htobe64' [-Wimplicit-function-declaration]
#23 11.00   280 |         return htobe64(rta_getattr_u64(rta));
#23 11.00       |                ^~~~~~~
#23 11.04     CC       iplink_wwan.o
#23 11.07     CC       ipioam6.o
#23 11.14     CC       iplink_amt.o
#23 11.19     CC       iplink_batadv.o
#23 11.22     CC       iplink_gtp.o
#23 11.26     CC       iplink_virt_wifi.o
#23 11.29     CC       iplink_netkit.o
#23 11.34     CC       ipstats.o
#23 11.57     LINK     ip
#23 11.60     CC       rtmon.o
#23 11.65     LINK     rtmon
#23 11.66 
#23 11.66 tc
#23 11.66     CC       tc.o
#23 11.74     CC       tc_qdisc.o
#23 11.86     CC       tc_class.o
#23 11.97     CC       tc_filter.o
#23 12.12     CC       tc_util.o
#23 12.30     CC       tc_monitor.o
#23 12.34     CC       tc_exec.o
#23 12.37     CC       m_police.o
#23 12.45     CC       m_estimator.o
#23 12.48     CC       m_action.o
#23 12.64     CC       m_ematch.o
#23 12.75     YACC     emp_ematch.tab.c
#23 12.81     CC       emp_ematch.tab.o
#23 12.91     LEX      emp_ematch.lex.c
#23 12.92     CC       emp_ematch.lex.o
#23 13.08     CC       q_fifo.o
#23 13.12     CC       q_sfq.o
#23 13.20     CC       q_red.o
#23 13.27     CC       q_prio.o
#23 13.31     CC       q_skbprio.o
#23 13.35     CC       q_tbf.o
#23 13.44     CC       q_multiq.o
#23 13.47     CC       q_netem.o
#23 13.68     CC       q_choke.o
#23 13.74     CC       q_sfb.o
#23 13.81     CC       f_u32.o
#23 14.05     CC       f_route.o
#23 14.10     CC       f_fw.o
#23 14.15     CC       f_basic.o
#23 14.19     CC       f_bpf.o
#23 14.26     CC       f_flow.o
#23 14.34     CC       f_cgroup.o
#23 14.38     CC       f_flower.o
#23 14.39 In file included from ../include/uapi/linux/netdevice.h:29,
#23 14.39                  from ../include/uapi/linux/if_arp.h:27,
#23 14.39                  from f_flower.c:14:
#23 14.39 ../include/uapi/linux/if.h:134: warning: "IFF_VOLATILE" redefined
#23 14.39   134 | #define IFF_VOLATILE    (IFF_LOOPBACK|IFF_POINTOPOINT|IFF_BROADCAST|IFF_ECHO|\
#23 14.39       | 
#23 14.39 In file included from f_flower.c:12:
#23 14.39 /usr/include/net/if.h:48: note: this is the location of the previous definition
#23 14.39    48 | #define IFF_VOLATILE (IFF_LOOPBACK|IFF_POINTOPOINT|IFF_BROADCAST| \
#23 14.39       | 
#23 14.88     CC       q_gred.o
#23 14.98     CC       q_ingress.o
#23 15.01     CC       q_hfsc.o
#23 15.09     CC       q_htb.o
#23 15.20     CC       q_drr.o
#23 15.23     CC       q_qfq.o
#23 15.27     CC       m_gact.o
#23 15.32     CC       m_mirred.o
#23 15.39     CC       m_mpls.o
#23 15.46     CC       m_nat.o
#23 15.53     CC       m_pedit.o
#23 15.66     CC       m_ife.o
#23 15.73     CC       m_skbedit.o
#23 15.80     CC       m_skbmod.o
#23 15.85     CC       m_csum.o
#23 15.91     CC       m_simple.o
#23 15.96     CC       m_vlan.o
#23 16.03     CC       m_connmark.o
#23 16.06     CC       m_ctinfo.o
#23 16.12     CC       m_bpf.o
#23 16.17     CC       m_tunnel_key.o
#23 16.29     CC       m_sample.o
#23 16.33     CC       m_ct.o
#23 16.44     CC       m_gate.o
#23 16.54     CC       p_ip.o
#23 16.58     CC       p_ip6.o
#23 16.61     CC       p_icmp.o
#23 16.64     CC       p_eth.o
#23 16.67     CC       p_tcp.o
#23 16.70     CC       p_udp.o
#23 16.72     CC       em_nbyte.o
#23 16.77     CC       em_cmp.o
#23 16.82     CC       em_u32.o
#23 16.88     CC       em_canid.o
#23 16.93     CC       em_meta.o
#23 17.04     CC       q_mqprio.o
#23 17.14     CC       q_codel.o
#23 17.20     CC       q_fq_codel.o
#23 17.27     CC       q_fq.o
#23 17.39     CC       q_pie.o
#23 17.45     CC       q_fq_pie.o
#23 17.52     CC       q_cake.o
#23 17.70     CC       q_hhf.o
#23 17.76     CC       q_clsact.o
#23 17.78     CC       e_bpf.o
#23 17.84     CC       f_matchall.o
#23 17.89     CC       q_cbs.o
#23 17.95     CC       q_etf.o
#23 18.00     CC       q_taprio.o
#23 18.13     CC       q_plug.o
#23 18.17     CC       q_ets.o
#23 18.25     CC       em_ipt.o
#23 18.27 In file included from tc_util.h:7,
#23 18.27                  from m_ematch.h:11,
#23 18.27                  from em_ipt.c:13:
#23 18.27 ../include/uapi/linux/if.h:134: warning: "IFF_VOLATILE" redefined
#23 18.27   134 | #define IFF_VOLATILE    (IFF_LOOPBACK|IFF_POINTOPOINT|IFF_BROADCAST|IFF_ECHO|\
#23 18.27       | 
#23 18.27 In file included from ../include/xtables.h:17,
#23 18.27                  from em_ipt.c:12:
#23 18.27 /usr/include/net/if.h:48: note: this is the location of the previous definition
#23 18.27    48 | #define IFF_VOLATILE (IFF_LOOPBACK|IFF_POINTOPOINT|IFF_BROADCAST| \
#23 18.27       | 
#23 18.29     CC       em_ipset.o
#23 18.31 In file included from tc_util.h:7,
#23 18.31                  from m_ematch.h:11,
#23 18.31                  from em_ipset.c:39:
#23 18.31 ../include/uapi/linux/if.h:134: warning: "IFF_VOLATILE" redefined
#23 18.31   134 | #define IFF_VOLATILE    (IFF_LOOPBACK|IFF_POINTOPOINT|IFF_BROADCAST|IFF_ECHO|\
#23 18.31       | 
#23 18.31 In file included from ../include/xtables.h:17,
#23 18.31                  from em_ipset.c:23:
#23 18.31 /usr/include/net/if.h:48: note: this is the location of the previous definition
#23 18.31    48 | #define IFF_VOLATILE (IFF_LOOPBACK|IFF_POINTOPOINT|IFF_BROADCAST| \
#23 18.31       | 
#23 18.35     CC       tc_core.o
#23 18.42     CC       tc_red.o
#23 18.47     CC       tc_estimator.o
#23 18.50     CC       tc_stab.o
#23 18.55     CC       tc_qevent.o
#23 18.56 In file included from tc_qevent.h:7,
#23 18.56                  from tc_qevent.c:10:
#23 18.56 ../include/libnetlink.h: In function 'rta_getattr_be64':
#23 18.56 ../include/libnetlink.h:280:16: warning: implicit declaration of function 'htobe64' [-Wimplicit-function-declaration]
#23 18.56   280 |         return htobe64(rta_getattr_u64(rta));
#23 18.56       |                ^~~~~~~
#23 18.61     AR       libtc.a
#23 18.62     LINK     tc
#23 18.65 rm emp_ematch.lex.c
#23 18.65 
#23 18.65 bridge
#23 18.65     CC       bridge.o
#23 18.70     CC       fdb.o
#23 18.72 In file included from fdb.c:28:
#23 18.72 ../include/libnetlink.h: In function 'rta_getattr_be64':
#23 18.72 ../include/libnetlink.h:280:16: warning: implicit declaration of function 'htobe64' [-Wimplicit-function-declaration]
#23 18.72   280 |         return htobe64(rta_getattr_u64(rta));
#23 18.72       |                ^~~~~~~
#23 18.89     CC       monitor.o
#23 18.93     CC       link.o
#23 18.95 In file included from link.c:16:
#23 18.95 ../include/libnetlink.h: In function 'rta_getattr_be64':
#23 18.95 ../include/libnetlink.h:280:16: warning: implicit declaration of function 'htobe64' [-Wimplicit-function-declaration]
#23 18.95   280 |         return htobe64(rta_getattr_u64(rta));
#23 18.95       |                ^~~~~~~
#23 19.09     CC       mdb.o
#23 19.10 In file included from mdb.c:20:
#23 19.10 ../include/libnetlink.h: In function 'rta_getattr_be64':
#23 19.10 ../include/libnetlink.h:280:16: warning: implicit declaration of function 'htobe64' [-Wimplicit-function-declaration]
#23 19.10   280 |         return htobe64(rta_getattr_u64(rta));
#23 19.10       |                ^~~~~~~
#23 19.31     CC       vlan.o
#23 19.32 In file included from vlan.c:16:
#23 19.32 ../include/libnetlink.h: In function 'rta_getattr_be64':
#23 19.32 ../include/libnetlink.h:280:16: warning: implicit declaration of function 'htobe64' [-Wimplicit-function-declaration]
#23 19.32   280 |         return htobe64(rta_getattr_u64(rta));
#23 19.32       |                ^~~~~~~
#23 19.54     CC       vni.o
#23 19.55 In file included from vni.c:21:
#23 19.55 ../include/libnetlink.h: In function 'rta_getattr_be64':
#23 19.55 ../include/libnetlink.h:280:16: warning: implicit declaration of function 'htobe64' [-Wimplicit-function-declaration]
#23 19.55   280 |         return htobe64(rta_getattr_u64(rta));
#23 19.55       |                ^~~~~~~
#23 19.64     LINK     bridge
#23 19.65 
#23 19.65 misc
#23 19.65     CC       ss.o
#23 19.67 In file included from ../include/uapi/linux/tipc.h:42,
#23 19.67                  from ss.c:49:
#23 19.67 ../include/uapi/linux/sockios.h:42: warning: "SIOCGSTAMP" redefined
#23 19.67    42 | #define SIOCGSTAMP      SIOCGSTAMP_OLD
#23 19.67       | 
#23 19.67 In file included from /usr/include/sys/ioctl.h:10,
#23 19.67                  from ss.c:12:
#23 19.67 /usr/include/bits/ioctl.h:111: note: this is the location of the previous definition
#23 19.67   111 | #define SIOCGSTAMP      0x8906
#23 19.67       | 
#23 19.67 ../include/uapi/linux/sockios.h:43: warning: "SIOCGSTAMPNS" redefined
#23 19.67    43 | #define SIOCGSTAMPNS    SIOCGSTAMPNS_OLD
#23 19.67       | 
#23 19.67 /usr/include/bits/ioctl.h:112: note: this is the location of the previous definition
#23 19.67   112 | #define SIOCGSTAMPNS    0x8907
#23 19.67       | 
#23 20.55     CC       ssfilter_check.o
#23 20.57 In file included from ssfilter_check.c:6:
#23 20.57 ../include/libnetlink.h: In function 'rta_getattr_be64':
#23 20.57 ../include/libnetlink.h:280:16: warning: implicit declaration of function 'htobe64' [-Wimplicit-function-declaration]
#23 20.57   280 |         return htobe64(rta_getattr_u64(rta));
#23 20.57       |                ^~~~~~~
#23 20.59     YACC     ssfilter.tab.c
#23 20.65     CC       ssfilter.tab.o
#23 20.77     LINK     ss
#23 20.79     CC       nstat
#23 20.93     CC       ifstat
#23 20.95 In file included from ifstat.c:30:
#23 20.95 ../include/libnetlink.h: In function 'rta_getattr_be64':
#23 20.95 ../include/libnetlink.h:280:16: warning: implicit declaration of function 'htobe64' [-Wimplicit-function-declaration]
#23 20.95   280 |         return htobe64(rta_getattr_u64(rta));
#23 20.95       |                ^~~~~~~
#23 21.13     CC       rtacct
#23 21.25     CC       lnstat.o
#23 21.31     CC       lnstat_util.o
#23 21.37     LINK     lnstat
#23 21.38 
#23 21.38 netem
#23 21.39 gcc  -I../include -o maketable maketable.c -lm
#23 21.42 gcc  -I../include -o normal normal.c -lm
#23 21.44 gcc  -I../include -o pareto pareto.c -lm
#23 21.47 gcc  -I../include -o paretonormal paretonormal.c -lm
#23 21.49 ./normal > normal.dist
#23 21.50 ./pareto > pareto.dist
#23 21.50 ./paretonormal > paretonormal.dist
#23 21.51 ./maketable experimental.dat > experimental.dist
#23 21.52 
#23 21.52 genl
#23 21.52     CC       genl.o
#23 21.55     CC       ctrl.o
#23 21.62     LINK     genl
#23 21.63 
#23 21.63 man
#23 21.64 make[2]: Nothing to be done for 'all'.
#23 21.64 make[2]: Nothing to be done for 'all'.
#23 21.64 sed \
#23 21.64 	-e "s|@NETNS_ETC_DIR@|/etc/netns|g" \
#23 21.64 	-e "s|@NETNS_RUN_DIR@|/var/run/netns|g" \
#23 21.64 	-e "s|@SYSCONF_ETC_DIR@|/etc/iproute2|g" \
#23 21.64 	-e "s|@SYSCONF_USR_DIR@|/usr/share/iproute2|g" \
#23 21.64 	ip-address.8.in > ip-address.8
#23 21.64 sed \
#23 21.64 	-e "s|@NETNS_ETC_DIR@|/etc/netns|g" \
#23 21.64 	-e "s|@NETNS_RUN_DIR@|/var/run/netns|g" \
#23 21.64 	-e "s|@SYSCONF_ETC_DIR@|/etc/iproute2|g" \
#23 21.64 	-e "s|@SYSCONF_USR_DIR@|/usr/share/iproute2|g" \
#23 21.64 	ip-link.8.in > ip-link.8
#23 21.65 sed \
#23 21.65 	-e "s|@NETNS_ETC_DIR@|/etc/netns|g" \
#23 21.65 	-e "s|@NETNS_RUN_DIR@|/var/run/netns|g" \
#23 21.65 	-e "s|@SYSCONF_ETC_DIR@|/etc/iproute2|g" \
#23 21.65 	-e "s|@SYSCONF_USR_DIR@|/usr/share/iproute2|g" \
#23 21.65 	ip-netns.8.in > ip-netns.8
#23 21.65 sed \
#23 21.65 	-e "s|@NETNS_ETC_DIR@|/etc/netns|g" \
#23 21.65 	-e "s|@NETNS_RUN_DIR@|/var/run/netns|g" \
#23 21.65 	-e "s|@SYSCONF_ETC_DIR@|/etc/iproute2|g" \
#23 21.65 	-e "s|@SYSCONF_USR_DIR@|/usr/share/iproute2|g" \
#23 21.65 	ip-route.8.in > ip-route.8
#23 21.65 
#23 21.65 tipc
#23 21.65     CC       bearer.o
#23 21.83     CC       cmdl.o
#23 21.86     CC       link.o
#23 22.05     CC       media.o
#23 22.10     CC       misc.o
#23 22.16     CC       msg.o
#23 22.17     CC       nametable.o
#23 22.21     CC       node.o
#23 22.30     CC       socket.o
#23 22.33     CC       peer.o
#23 22.37     CC       tipc.o
#23 22.40     LINK     tipc
#23 22.42 
#23 22.42 devlink
#23 22.42     CC       devlink.o
#23 24.03     CC       mnlg.o
#23 24.04 In file included from mnlg.c:16:
#23 24.04 ../include/libnetlink.h: In function 'rta_getattr_be64':
#23 24.04 ../include/libnetlink.h:280:16: warning: implicit declaration of function 'htobe64' [-Wimplicit-function-declaration]
#23 24.04   280 |         return htobe64(rta_getattr_u64(rta));
#23 24.04       |                ^~~~~~~
#23 24.07     LINK     devlink
#23 24.09 
#23 24.09 rdma
#23 24.09     CC       rdma.o
#23 24.11 rdma.c: In function 'main':
#23 24.11 rdma.c:110:20: warning: implicit declaration of function 'basename'; did you mean 'rename'? [-Wimplicit-function-declaration]
#23 24.11   110 |         filename = basename(argv[0]);
#23 24.11       |                    ^~~~~~~~
#23 24.11       |                    rename
#23 24.11 rdma.c:110:18: warning: assignment to 'char *' from 'int' makes pointer from integer without a cast [-Wint-conversion]
#23 24.11   110 |         filename = basename(argv[0]);
#23 24.11       |                  ^
#23 24.13     CC       utils.o
#23 24.32     CC       dev.o
#23 24.39     CC       link.o
#23 24.47     CC       res.o
#23 24.60     CC       res-pd.o
#23 24.64     CC       res-mr.o
#23 24.68     CC       res-cq.o
#23 24.73     CC       res-cmid.o
#23 24.80     CC       res-qp.o
#23 24.85     CC       sys.o
#23 24.90     CC       stat.o
#23 25.13     CC       stat-mr.o
#23 25.17     CC       res-ctx.o
#23 25.21     CC       res-srq.o
#23 25.28     LINK     rdma
#23 25.30 
#23 25.30 dcb
#23 25.30     CC       dcb.o
#23 25.31 In file included from ../include/namespace.h:10,
#23 25.31                  from dcb.c:11:
#23 25.31 ../include/libnetlink.h: In function 'rta_getattr_be64':
#23 25.31 ../include/libnetlink.h:280:16: warning: implicit declaration of function 'htobe64' [-Wimplicit-function-declaration]
#23 25.31   280 |         return htobe64(rta_getattr_u64(rta));
#23 25.31       |                ^~~~~~~
#23 25.41     CC       dcb_app.o
#23 25.60     CC       dcb_buffer.o
#23 25.66     CC       dcb_dcbx.o
#23 25.71     CC       dcb_ets.o
#23 25.79     CC       dcb_maxrate.o
#23 25.85     CC       dcb_pfc.o
#23 25.91     CC       dcb_apptrust.o
#23 25.98     CC       dcb_rewr.o
#23 26.05     LINK     dcb
#23 26.07 
#23 26.07 vdpa
#23 26.07     CC       vdpa.o
#23 26.22     LINK     vdpa
#23 DONE 26.3s

#24 [20/22] RUN git clone --no-single-branch --depth=1 https://github.com/linux-netdev/testing.git /nipa-data/kernel
#24 0.385 Cloning into '/nipa-data/kernel'...
#24 25.03 Updating files:  16% (13970/83283)Updating files:  17% (14159/83283)Updating files:  18% (14991/83283)Updating files:  19% (15824/83283)Updating files:  20% (16657/83283)Updating files:  21% (17490/83283)Updating files:  22% (18323/83283)Updating files:  23% (19156/83283)Updating files:  24% (19988/83283)Updating files:  25% (20821/83283)Updating files:  26% (21654/83283)Updating files:  27% (22487/83283)Updating files:  28% (23320/83283)Updating files:  29% (24153/83283)Updating files:  30% (24985/83283)Updating files:  31% (25818/83283)Updating files:  32% (26651/83283)Updating files:  33% (27484/83283)Updating files:  33% (27870/83283)Updating files:  34% (28317/83283)Updating files:  35% (29150/83283)Updating files:  36% (29982/83283)Updating files:  37% (30815/83283)Updating files:  38% (31648/83283)Updating files:  39% (32481/83283)Updating files:  40% (33314/83283)Updating files:  40% (33593/83283)Updating files:  41% (34147/83283)Updating files:  42% (34979/83283)Updating files:  43% (35812/83283)Updating files:  44% (36645/83283)Updating files:  45% (37478/83283)Updating files:  46% (38311/83283)Updating files:  47% (39144/83283)Updating files:  48% (39976/83283)Updating files:  49% (40809/83283)Updating files:  50% (41642/83283)Updating files:  50% (42154/83283)Updating files:  51% (42475/83283)Updating files:  52% (43308/83283)Updating files:  53% (44140/83283)Updating files:  54% (44973/83283)Updating files:  55% (45806/83283)Updating files:  56% (46639/83283)Updating files:  57% (47472/83283)Updating files:  58% (48305/83283)Updating files:  59% (49137/83283)Updating files:  60% (49970/83283)Updating files:  61% (50803/83283)Updating files:  62% (51636/83283)Updating files:  63% (52469/83283)Updating files:  63% (52998/83283)Updating files:  64% (53302/83283)Updating files:  65% (54134/83283)Updating files:  66% (54967/83283)Updating files:  67% (55800/83283)Updating files:  68% (56633/83283)Updating files:  69% (57466/83283)Updating files:  70% (58299/83283)Updating files:  71% (59131/83283)Updating files:  72% (59964/83283)Updating files:  73% (60797/83283)Updating files:  74% (61630/83283)Updating files:  75% (62463/83283)Updating files:  76% (63296/83283)Updating files:  77% (64128/83283)Updating files:  78% (64961/83283)Updating files:  79% (65794/83283)Updating files:  80% (66627/83283)Updating files:  81% (67460/83283)Updating files:  81% (67531/83283)Updating files:  82% (68293/83283)Updating files:  83% (69125/83283)Updating files:  84% (69958/83283)Updating files:  85% (70791/83283)Updating files:  86% (71624/83283)Updating files:  87% (72457/83283)Updating files:  88% (73290/83283)Updating files:  89% (74122/83283)Updating files:  90% (74955/83283)Updating files:  91% (75788/83283)Updating files:  92% (76621/83283)Updating files:  93% (77454/83283)Updating files:  94% (78287/83283)Updating files:  95% (79119/83283)Updating files:  96% (79952/83283)Updating files:  97% (80785/83283)Updating files:  98% (81618/83283)Updating files:  99% (82451/83283)Updating files:  99% (83134/83283)Updating files: 100% (83283/83283)Updating files: 100% (83283/83283), done.
#24 DONE 32.8s

#25 [21/22] RUN git clone --depth=1 -b main https://github.com/p4tc-dev/new-nipa.git nipa
#25 0.317 Cloning into 'nipa'...
#25 DONE 0.6s

#26 [22/22] COPY entrypoint.sh /entrypoint.sh
#26 DONE 0.0s

#27 exporting to image
#27 exporting layers
#27 exporting layers 4.8s done
#27 writing image sha256:f484b55e3a0abf394cfbfc72d81441146458e976c3ae7634c835c2d8a32322c4 0.0s done
#27 naming to docker.io/library/nipa-executor 0.0s done
#27 DONE 4.9s
NIPA version: 1b9c21a (ui: set canvas background color to stand out, 2024-03-28)
INFO: Last run date: 2024-07-01 18:00:11.388733+00:00
Testing  {'branch': 'net-next-2024-07-01--21-00', 'date': '2024-07-01T21:00:09.465675+00:00', 'base': '74d6529b78f7a440a10aa7f4904ca9f27d1d2f3c', 'url': 'https://github.com/linux-netdev/testing.git net-next-2024-07-01--21-00'}
Updating files: 100% (22355/22355), done.
branch 'net-next-2024-07-01--21-00' set up to track 'origin/net-next-2024-07-01--21-00'.
Switched to a new branch 'net-next-2024-07-01--21-00'
error: No valid patches in input (allow with "--allow-empty")
Checking patch tools/testing/selftests/tc-testing/tdc_config.py...
Applied patch tools/testing/selftests/tc-testing/tdc_config.py cleanly.
Run at 2024-07-01 21:03:42.932243
INFO: building kernel
INFO: starting VM 0
INFO: thr0-0 VM starting: vng -v -r arch/x86/boot/bzImage --user root --rwdir=/nipa-data/kernel/
INFO: thr0-0 expecting prompt: '/nipa-data/kernel# '
INFO: thr0-0 reached initial prompt
INFO: thr-0 testing == tdc.sh
INFO: thr-0 tdc.sh >> retcode: 0 result: pass found {'fail': False, 'skip': False, 'pass': True}
INFO: thr-0 has no more work, exiting
INFO: thr0-0 VM stopped
Done at 2024-07-01 21:07:13.889226
NIPA quitting!
/
~/nipa/tc-executor/tc-executor-storage /
sort: write failed: 'standard output': Broken pipe
sort: write error
