~/nipa/tc-executor/tc-executor-storage /
Switched to branch 'storage-dbg'
Your branch is ahead of 'origin/storage-dbg' by 697 commits.
  (use "git push" to publish your local commits)
/
~/nipa/tc-executor /
Error response from daemon: No such image: nipa-executor:latest
#0 building with "default" instance using docker driver

#1 [internal] load build definition from Dockerfile
#1 transferring dockerfile: 2.05kB done
#1 DONE 0.0s

#2 [internal] load .dockerignore
#2 transferring context: 2B done
#2 DONE 0.0s

#3 [internal] load metadata for docker.io/library/alpine:edge
#3 DONE 0.0s

#4 [ 1/22] FROM docker.io/library/alpine:edge
#4 CACHED

#5 [internal] load build context
#5 transferring context: 3.02kB done
#5 DONE 0.0s

#6 [ 2/22] RUN echo true > debug-mode
#6 DONE 0.6s

#7 [ 3/22] RUN addgroup -g 1001 hostuser
#7 DONE 0.4s

#8 [ 4/22] RUN adduser -u 1001 -G hostuser -H -D -s /bin/ash hostuser
#8 DONE 0.4s

#9 [ 5/22] RUN echo '@testing http://dl-cdn.alpinelinux.org/alpine/edge/testing' >> /etc/apk/repositories
#9 DONE 0.5s

#10 [ 6/22] RUN echo '@community http://dl-cdn.alpinelinux.org/alpine/edge/community' >> /etc/apk/repositories
#10 DONE 0.4s

#11 [ 7/22] RUN apk update && apk add --no-cache    virtme-ng@testing    git    py3-requests    py3-psutil    py3-setuptools    py3-pyroute2    py3-argcomplete    qemu-system-x86_64@community    scapy@community    make    gcc    musl-dev    flex    bison    linux-headers    elfutils-dev    util-linux    coreutils    diffutils    findutils    file    bash    kmod    perl    iptables-dev    libcap-dev    libmnl-dev    iproute2     jq    libbpf-dev    rsync    openssl-dev
#11 0.410 fetch https://dl-cdn.alpinelinux.org/alpine/edge/main/x86_64/APKINDEX.tar.gz
#11 0.630 fetch https://dl-cdn.alpinelinux.org/alpine/edge/community/x86_64/APKINDEX.tar.gz
#11 0.845 fetch http://dl-cdn.alpinelinux.org/alpine/edge/testing/x86_64/APKINDEX.tar.gz
#11 1.053 fetch http://dl-cdn.alpinelinux.org/alpine/edge/community/x86_64/APKINDEX.tar.gz
#11 1.284 v20240329-3948-gfa3f69a9f09 [https://dl-cdn.alpinelinux.org/alpine/edge/main]
#11 1.284 v20240329-3988-g5eea368b5a1 [https://dl-cdn.alpinelinux.org/alpine/edge/community]
#11 1.284 v20240329-3986-g1e94d22a65c [http://dl-cdn.alpinelinux.org/alpine/edge/testing]
#11 1.284 v20240329-3988-g5eea368b5a1 [http://dl-cdn.alpinelinux.org/alpine/edge/community]
#11 1.284 OK: 31365 distinct packages available
#11 1.341 fetch https://dl-cdn.alpinelinux.org/alpine/edge/main/x86_64/APKINDEX.tar.gz
#11 1.442 fetch https://dl-cdn.alpinelinux.org/alpine/edge/community/x86_64/APKINDEX.tar.gz
#11 1.543 fetch http://dl-cdn.alpinelinux.org/alpine/edge/testing/x86_64/APKINDEX.tar.gz
#11 1.637 fetch http://dl-cdn.alpinelinux.org/alpine/edge/community/x86_64/APKINDEX.tar.gz
#11 1.863 (1/176) Upgrading musl (1.2.4_git20230717-r5 -> 1.2.5-r0)
#11 1.880 (2/176) Upgrading libcrypto3 (3.1.4-r2 -> 3.3.0-r1)
#11 1.918 (3/176) Upgrading libssl3 (3.1.4-r2 -> 3.3.0-r1)
#11 1.935 (4/176) Upgrading zlib (1.3-r2 -> 1.3.1-r1)
#11 1.948 (5/176) Installing ncurses-terminfo-base (6.4_p20240420-r0)
#11 1.963 (6/176) Installing libncursesw (6.4_p20240420-r0)
#11 2.009 (7/176) Installing readline (8.2.10-r0)
#11 2.024 (8/176) Installing bash (5.2.26-r0)
#11 2.045 Executing bash-5.2.26-r0.post-install
#11 2.047 (9/176) Installing m4 (1.4.19-r3)
#11 2.061 (10/176) Installing bison (3.8.2-r1)
#11 2.084 (11/176) Installing coreutils-env (9.5-r1)
#11 2.096 (12/176) Installing coreutils-fmt (9.5-r1)
#11 2.107 (13/176) Installing coreutils-sha512sum (9.5-r1)
#11 2.119 (14/176) Installing libacl (2.3.2-r0)
#11 2.131 (15/176) Installing libattr (2.5.2-r0)
#11 2.143 (16/176) Installing skalibs (2.14.1.1-r0)
#11 2.158 (17/176) Installing utmps-libs (0.1.2.2-r1)
#11 2.170 (18/176) Installing coreutils (9.5-r1)
#11 2.194 (19/176) Installing diffutils (3.10-r0)
#11 2.209 (20/176) Installing zstd-libs (1.5.6-r0)
#11 2.227 (21/176) Installing libelf (0.191-r0)
#11 2.238 (22/176) Installing libbz2 (1.0.8-r6)
#11 2.251 (23/176) Installing musl-fts (1.2.7-r6)
#11 2.263 (24/176) Installing xz-libs (5.6.1-r3)
#11 2.277 (25/176) Installing libdw (0.191-r0)
#11 2.293 (26/176) Installing libasm (0.191-r0)
#11 2.305 (27/176) Installing xz (5.6.1-r3)
#11 2.321 (28/176) Installing pkgconf (2.2.0-r0)
#11 2.335 (29/176) Installing xz-dev (5.6.1-r3)
#11 2.348 (30/176) Installing libgcc (13.2.1_git20240309-r0)
#11 2.361 (31/176) Installing libstdc++ (13.2.1_git20240309-r0)
#11 2.387 (32/176) Installing zstd (1.5.6-r0)
#11 2.403 (33/176) Installing zstd-dev (1.5.6-r0)
#11 2.417 (34/176) Installing zlib-dev (1.3.1-r1)
#11 2.429 (35/176) Installing elfutils-dev (0.191-r0)
#11 2.450 (36/176) Installing libmagic (5.45-r1)
#11 2.481 (37/176) Installing file (5.45-r1)
#11 2.493 (38/176) Installing findutils (4.9.0-r5)
#11 2.508 (39/176) Installing flex (2.6.4-r6)
#11 2.522 (40/176) Installing jansson (2.14-r4)
#11 2.534 (41/176) Installing binutils (2.42-r0)
#11 2.596 (42/176) Installing libgomp (13.2.1_git20240309-r0)
#11 2.611 (43/176) Installing libatomic (13.2.1_git20240309-r0)
#11 2.623 (44/176) Installing gmp (6.3.0-r0)
#11 2.640 (45/176) Installing isl26 (0.26-r1)
#11 2.665 (46/176) Installing mpfr4 (4.2.1-r0)
#11 2.684 (47/176) Installing mpc1 (1.3.1-r1)
#11 2.699 (48/176) Installing gcc (13.2.1_git20240309-r0)
#11 3.217 (49/176) Installing ca-certificates (20240226-r0)
#11 3.240 (50/176) Installing brotli-libs (1.1.0-r2)
#11 3.258 (51/176) Installing c-ares (1.28.1-r0)
#11 3.271 (52/176) Installing libunistring (1.2-r0)
#11 3.292 (53/176) Installing libidn2 (2.3.7-r0)
#11 3.307 (54/176) Installing nghttp2-libs (1.61.0-r0)
#11 3.321 (55/176) Installing libpsl (0.21.5-r1)
#11 3.333 (56/176) Installing libcurl (8.7.1-r0)
#11 3.350 (57/176) Installing libexpat (2.6.2-r0)
#11 3.363 (58/176) Installing pcre2 (10.43-r0)
#11 3.379 (59/176) Installing git (2.45.0-r0)
#11 3.436 (60/176) Installing git-init-template (2.45.0-r0)
#11 3.448 (61/176) Installing libcap2 (2.69-r1)
#11 3.461 (62/176) Installing libmnl (1.0.5-r2)
#11 3.472 (63/176) Installing iproute2-minimal (6.9.0-r0)
#11 3.490 (64/176) Installing libxtables (1.8.10-r3)
#11 3.503 (65/176) Installing iproute2-tc (6.9.0-r0)
#11 3.518 (66/176) Installing iproute2-ss (6.9.0-r0)
#11 3.532 (67/176) Installing iproute2 (6.9.0-r0)
#11 3.547 Executing iproute2-6.9.0-r0.post-install
#11 3.550 (68/176) Installing linux-headers (6.6-r0)
#11 3.627 (69/176) Installing libip4tc (1.8.10-r3)
#11 3.639 (70/176) Installing libip6tc (1.8.10-r3)
#11 3.650 (71/176) Installing libipq (1.8.10-r3)
#11 3.663 (72/176) Installing iptables-dev (1.8.10-r3)
#11 3.677 (73/176) Installing oniguruma (6.9.9-r0)
#11 3.693 (74/176) Installing jq (1.7.1-r0)
#11 3.710 (75/176) Installing kmod (32-r0)
#11 3.724 (76/176) Installing libbpf (1.4.2-r0)
#11 3.739 (77/176) Installing libbpf-dev (1.4.2-r0)
#11 3.758 (78/176) Installing libcap-dev (2.69-r1)
#11 3.769 (79/176) Installing libmnl-dev (1.0.5-r2)
#11 3.781 (80/176) Installing make (4.4.1-r2)
#11 3.795 (81/176) Installing musl-dev (1.2.5-r0)
#11 3.848 (82/176) Installing openssl-dev (3.3.0-r1)
#11 3.875 (83/176) Installing perl (5.38.2-r0)
#11 4.058 (84/176) Installing perl-error (0.17029-r2)
#11 4.070 (85/176) Installing perl-git (2.45.0-r0)
#11 4.083 (86/176) Installing git-perl (2.45.0-r0)
#11 4.096 (87/176) Installing libffi (3.4.6-r0)
#11 4.108 (88/176) Installing gdbm (1.23-r1)
#11 4.120 (89/176) Installing mpdecimal (4.0.0-r0)
#11 4.134 (90/176) Installing libpanelw (6.4_p20240420-r0)
#11 4.145 (91/176) Installing sqlite-libs (3.45.3-r0)
#11 4.169 (92/176) Installing python3 (3.12.3-r1)
#11 4.300 (93/176) Installing python3-pycache-pyc0 (3.12.3-r1)
#11 4.392 (94/176) Installing pyc (3.12.3-r1)
#11 4.403 (95/176) Installing py3-argcomplete-pyc (3.3.0-r0)
#11 4.416 (96/176) Installing python3-pyc (3.12.3-r1)
#11 4.427 (97/176) Installing py3-argcomplete (3.3.0-r0)
#11 4.441 (98/176) Installing py3-psutil (5.9.8-r1)
#11 4.457 (99/176) Installing py3-psutil-pyc (5.9.8-r1)
#11 4.472 (100/176) Installing py3-pyroute2 (0.7.12-r1)
#11 4.507 (101/176) Installing py3-pyroute2-pyc (0.7.12-r1)
#11 4.542 (102/176) Installing py3-certifi (2024.2.2-r1)
#11 4.554 (103/176) Installing py3-certifi-pyc (2024.2.2-r1)
#11 4.566 (104/176) Installing py3-charset-normalizer (3.3.2-r1)
#11 4.585 (105/176) Installing py3-charset-normalizer-pyc (3.3.2-r1)
#11 4.599 (106/176) Installing py3-idna (3.7-r0)
#11 4.613 (107/176) Installing py3-idna-pyc (3.7-r0)
#11 4.628 (108/176) Installing py3-urllib3 (1.26.18-r1)
#11 4.645 (109/176) Installing py3-urllib3-pyc (1.26.18-r1)
#11 4.662 (110/176) Installing py3-requests (2.31.0-r2)
#11 4.676 (111/176) Installing py3-requests-pyc (2.31.0-r2)
#11 4.693 (112/176) Installing py3-parsing (3.1.2-r1)
#11 4.708 (113/176) Installing py3-parsing-pyc (3.1.2-r1)
#11 4.724 (114/176) Installing py3-packaging (24.0-r1)
#11 4.738 (115/176) Installing py3-packaging-pyc (24.0-r1)
#11 4.751 (116/176) Installing py3-setuptools (69.5.1-r0)
#11 4.791 (117/176) Installing py3-setuptools-pyc (69.5.1-r0)
#11 4.830 (118/176) Installing libcap-ng (0.8.5-r0)
#11 4.843 (119/176) Installing libintl (0.22.5-r0)
#11 4.855 (120/176) Installing libeconf (0.6.3-r0)
#11 4.867 (121/176) Installing libblkid (2.40.1-r0)
#11 4.884 (122/176) Installing libmount (2.40.1-r0)
#11 4.899 (123/176) Installing glib (2.80.2-r0)
#11 4.933 (124/176) Installing numactl (2.0.18-r0)
#11 4.945 (125/176) Installing qemu (9.0.0-r0)
#11 4.968 Executing qemu-9.0.0-r0.pre-install
#11 6.154 Executing qemu-9.0.0-r0.post-install
#11 6.156 *
#11 6.156 * If you want to run VM as unprivileged user and let Qemu create tunX devices,
#11 6.156 * then you must add that user to the group "qemu".
#11 6.156 * If you use KVM for hardware-assisted virtualization, then you may also need
#11 6.156 * to add that user to the group "kvm".
#11 6.156 *
#11 6.157 (126/176) Installing qemu-bridge-helper (9.0.0-r0)
#11 6.173 (127/176) Installing libaio (0.3.113-r2)
#11 6.185 (128/176) Installing capstone (5.0.1-r4)
#11 6.215 (129/176) Installing nettle (3.9.1-r0)
#11 6.230 (130/176) Installing libtasn1 (4.19.0-r2)
#11 6.331 (131/176) Installing p11-kit (0.25.3-r0)
#11 6.349 (132/176) Installing gnutls (3.8.3-r0)
#11 6.373 (133/176) Installing libjpeg-turbo (3.0.3-r0)
#11 6.392 (134/176) Installing lzo (2.10-r5)
#11 6.405 (135/176) Installing pixman (0.43.2-r0)
#11 6.422 (136/176) Installing libpng (1.6.43-r0)
#11 6.437 (137/176) Installing libsasl (2.1.28-r6)
#11 6.450 (138/176) Installing libseccomp (2.5.5-r1)
#11 6.464 (139/176) Installing libslirp (4.7.0-r0)
#11 6.479 (140/176) Installing snappy (1.1.10-r2)
#11 6.491 (141/176) Installing liburing (2.6-r0)
#11 6.502 (142/176) Installing vde2-libs (2.3.3-r3)
#11 6.515 (143/176) Installing qemu-system-x86_64 (9.0.0-r0)
#11 6.623 (144/176) Installing lz4-libs (1.9.4-r5)
#11 6.636 (145/176) Installing popt (1.19-r3)
#11 6.649 (146/176) Installing libxxhash (0.8.2-r2)
#11 6.662 (147/176) Installing rsync (3.3.0-r0)
#11 6.677 (148/176) Installing scapy (2.5.0-r3)
#11 6.728 Executing scapy-2.5.0-r3.post-install
#11 6.731 *
#11 6.731 * Certain optional features of scapy also depend on the following packages:
#11 6.731 *     py3-matplotlib graphviz imagemagick py3-cryptography sox
#11 6.731 * And the following unpackaged dependencies:
#11 6.731 *     pyxi vpython-jupyter nmap<v4.23
#11 6.731 * More information can be found at https://scapy.readthedocs.io/en/latest/installation.html#optional-dependencies
#11 6.731 *
#11 6.731 (149/176) Installing scapy-pyc (2.5.0-r3)
#11 6.789 (150/176) Installing util-linux (2.40.1-r0)
#11 6.801 (151/176) Installing setarch (2.40.1-r0)
#11 6.812 (152/176) Installing libuuid (2.40.1-r0)
#11 6.824 (153/176) Installing libfdisk (2.40.1-r0)
#11 6.840 (154/176) Installing libsmartcols (2.40.1-r0)
#11 6.854 (155/176) Installing util-linux-misc (2.40.1-r0)
#11 6.884 (156/176) Installing linux-pam (1.6.0-r0)
#11 6.903 (157/176) Installing runuser (2.40.1-r0)
#11 6.915 (158/176) Installing mount (2.40.1-r0)
#11 6.927 (159/176) Installing losetup (2.40.1-r0)
#11 6.940 (160/176) Installing hexdump (2.40.1-r0)
#11 6.951 (161/176) Installing uuidgen (2.40.1-r0)
#11 6.963 (162/176) Installing blkid (2.40.1-r0)
#11 6.975 (163/176) Installing sfdisk (2.40.1-r0)
#11 6.987 (164/176) Installing mcookie (2.40.1-r0)
#11 6.998 (165/176) Installing agetty (2.40.1-r0)
#11 7.010 (166/176) Installing wipefs (2.40.1-r0)
#11 7.024 (167/176) Installing cfdisk (2.40.1-r0)
#11 7.038 (168/176) Installing umount (2.40.1-r0)
#11 7.050 (169/176) Installing flock (2.40.1-r0)
#11 7.061 (170/176) Installing lsblk (2.40.1-r0)
#11 7.074 (171/176) Installing setpriv (2.40.1-r0)
#11 7.086 (172/176) Installing logger (2.40.1-r0)
#11 7.103 (173/176) Installing partx (2.40.1-r0)
#11 7.115 (174/176) Installing fstrim (2.40.1-r0)
#11 7.127 (175/176) Installing findmnt (2.40.1-r0)
#11 7.139 (176/176) Installing virtme-ng@testing (1.24-r0)
#11 7.198 Executing busybox-1.36.1-r17.trigger
#11 7.202 Executing ca-certificates-20240226-r0.trigger
#11 7.226 Executing glib-2.80.2-r0.trigger
#11 7.233 OK: 384 MiB in 187 packages
#11 DONE 11.8s

#12 [ 8/22] RUN mkdir -p /tmp/kernel-patches &&     mkdir -p /tmp/iproute2-patches
#12 DONE 1.9s

#13 [ 9/22] COPY tdc.config /tmp
#13 DONE 0.0s

#14 [10/22] COPY tdc-debug.config /tmp
#14 DONE 0.1s

#15 [11/22] COPY kernel-patches /tmp/kernel-patches/
#15 DONE 0.0s

#16 [12/22] COPY iproute2-patches /tmp/iproute2-patches/
#16 DONE 0.0s

#17 [13/22] COPY configs /tmp/configs/
#17 DONE 0.0s

#18 [14/22] RUN git config --global user.email foo@bar.com
#18 DONE 0.3s

#19 [15/22] RUN git config --global user.name foo@bar.com
#19 DONE 0.4s

#20 [16/22] RUN git clone https://git.kernel.org/pub/scm/network/iproute2/iproute2-next.git /nipa-data/iproute2
#20 0.363 Cloning into '/nipa-data/iproute2'...
#20 DONE 2.2s

#21 [17/22] RUN cd /nipa-data/iproute2 && 	git remote add stable https://git.kernel.org/pub/scm/network/iproute2/iproute2.git && 	git fetch --all && 	git merge stable/main
#21 0.721 Fetching origin
#21 0.997 Fetching stable
#21 1.475 From https://git.kernel.org/pub/scm/network/iproute2/iproute2
#21 1.475  * [new branch]        codeql         -> stable/codeql
#21 1.475  * [new branch]        iproute2-4.1.x -> stable/iproute2-4.1.x
#21 1.475  * [new branch]        main           -> stable/main
#21 1.482  * [new tag]           v6.9.0         -> v6.9.0
#21 1.485 Updating 977d51cf..3cd62286
#21 1.576 Fast-forward
#21 1.582  bridge/vlan.c             |  1 +
#21 1.582  bridge/vni.c              |  1 +
#21 1.582  include/uapi/linux/xfrm.h |  2 +-
#21 1.582  include/version.h         |  2 +-
#21 1.582  ip/iproute.c              |  6 ++++--
#21 1.582  ip/rtmon.c                |  4 ++--
#21 1.582  man/man8/ip-route.8.in    | 16 ++++++++++++----
#21 1.582  man/man8/rtmon.8          | 31 +++++++++++++++++++++++++------
#21 1.582  man/man8/tc-mirred.8      |  2 +-
#21 1.582  vdpa/vdpa.c               |  1 +
#21 1.582  10 files changed, 49 insertions(+), 17 deletions(-)
#21 DONE 1.7s

#22 [18/22] RUN if [ "$(find /tmp/iproute2-patches/ -name *.patch)" ]; then  	cd /nipa-data/iproute2; 	git apply /tmp/iproute2-patches/*.patch;     fi
#22 DONE 0.8s

#23 [19/22] RUN cd /nipa-data/iproute2/ &&     ./configure &&     make
#23 0.726 TC schedulers
#23 0.727  IPT	using xtables
#23 0.753  IPSET  yes
#23 0.772 
#23 0.773 lib directory: /usr/lib
#23 0.773 libc has setns: yes
#23 0.793 libc has name_to_handle_at: yes
#23 0.813 SELinux support: no
#23 0.814 libtirpc support: no
#23 0.815 libbpf support: yes
#23 0.879 	libbpf version 1.4.2
#23 0.879 ELF support: yes
#23 0.881 libmnl support: yes
#23 0.882 Berkeley DB: no
#23 0.893 need for strlcpy: no
#23 0.913 libcap support: yes
#23 0.914 color output: never
#23 0.917 
#23 0.917 lib
#23 0.919     CC       libgenl.o
#23 0.931 In file included from ../include/libgenl.h:5,
#23 0.931                  from libgenl.c:12:
#23 0.931 ../include/libnetlink.h: In function 'rta_getattr_be64':
#23 0.931 ../include/libnetlink.h:280:16: warning: implicit declaration of function 'htobe64' [-Wimplicit-function-declaration]
#23 0.931   280 |         return htobe64(rta_getattr_u64(rta));
#23 0.931       |                ^~~~~~~
#23 0.958     CC       libnetlink.o
#23 1.278     CC       mnl_utils.o
#23 1.291 In file included from mnl_utils.c:12:
#23 1.291 ../include/libnetlink.h: In function 'rta_getattr_be64':
#23 1.291 ../include/libnetlink.h:280:16: warning: implicit declaration of function 'htobe64' [-Wimplicit-function-declaration]
#23 1.291   280 |         return htobe64(rta_getattr_u64(rta));
#23 1.291       |                ^~~~~~~
#23 1.354     AR       libnetlink.a
#23 1.356     CC       utils.o
#23 1.740     CC       utils_math.o
#23 1.780     CC       rt_names.o
#23 1.934     CC       ll_map.o
#23 1.946 In file included from ll_map.c:17:
#23 1.946 ../include/libnetlink.h: In function 'rta_getattr_be64':
#23 1.946 ../include/libnetlink.h:280:16: warning: implicit declaration of function 'htobe64' [-Wimplicit-function-declaration]
#23 1.946   280 |         return htobe64(rta_getattr_u64(rta));
#23 1.946       |                ^~~~~~~
#23 2.021     CC       ll_types.o
#23 2.032 In file included from ll_types.c:20:
#23 2.032 ../include/uapi/linux/sockios.h:42: warning: "SIOCGSTAMP" redefined
#23 2.032    42 | #define SIOCGSTAMP      SIOCGSTAMP_OLD
#23 2.032       | 
#23 2.032 In file included from /usr/include/sys/ioctl.h:10,
#23 2.032                  from ll_types.c:12:
#23 2.032 /usr/include/bits/ioctl.h:111: note: this is the location of the previous definition
#23 2.032   111 | #define SIOCGSTAMP      0x8906
#23 2.032       | 
#23 2.032 ../include/uapi/linux/sockios.h:43: warning: "SIOCGSTAMPNS" redefined
#23 2.032    43 | #define SIOCGSTAMPNS    SIOCGSTAMPNS_OLD
#23 2.032       | 
#23 2.032 /usr/include/bits/ioctl.h:112: note: this is the location of the previous definition
#23 2.032   112 | #define SIOCGSTAMPNS    0x8907
#23 2.032       | 
#23 2.047     CC       ll_proto.o
#23 2.058 In file included from ll_proto.c:21:
#23 2.058 ../include/uapi/linux/sockios.h:42: warning: "SIOCGSTAMP" redefined
#23 2.058    42 | #define SIOCGSTAMP      SIOCGSTAMP_OLD
#23 2.058       | 
#23 2.058 In file included from /usr/include/sys/ioctl.h:10,
#23 2.058                  from ll_proto.c:13:
#23 2.058 /usr/include/bits/ioctl.h:111: note: this is the location of the previous definition
#23 2.058   111 | #define SIOCGSTAMP      0x8906
#23 2.058       | 
#23 2.058 ../include/uapi/linux/sockios.h:43: warning: "SIOCGSTAMPNS" redefined
#23 2.058    43 | #define SIOCGSTAMPNS    SIOCGSTAMPNS_OLD
#23 2.058       | 
#23 2.058 /usr/include/bits/ioctl.h:112: note: this is the location of the previous definition
#23 2.058   112 | #define SIOCGSTAMPNS    0x8907
#23 2.058       | 
#23 2.071     CC       ll_addr.o
#23 2.083 In file included from ll_addr.c:20:
#23 2.083 ../include/uapi/linux/sockios.h:42: warning: "SIOCGSTAMP" redefined
#23 2.083    42 | #define SIOCGSTAMP      SIOCGSTAMP_OLD
#23 2.083       | 
#23 2.083 In file included from /usr/include/sys/ioctl.h:10,
#23 2.083                  from ll_addr.c:12:
#23 2.083 /usr/include/bits/ioctl.h:111: note: this is the location of the previous definition
#23 2.083   111 | #define SIOCGSTAMP      0x8906
#23 2.083       | 
#23 2.083 ../include/uapi/linux/sockios.h:43: warning: "SIOCGSTAMPNS" redefined
#23 2.083    43 | #define SIOCGSTAMPNS    SIOCGSTAMPNS_OLD
#23 2.083       | 
#23 2.083 /usr/include/bits/ioctl.h:112: note: this is the location of the previous definition
#23 2.083   112 | #define SIOCGSTAMPNS    0x8907
#23 2.083       | 
#23 2.109     CC       inet_proto.o
#23 2.137     CC       namespace.o
#23 2.185     CC       json_writer.o
#23 2.260     CC       json_print.o
#23 2.372     CC       json_print_math.o
#23 2.402     CC       names.o
#23 2.445     CC       color.o
#23 2.484     CC       bpf_legacy.o
#23 2.838     CC       bpf_glue.o
#23 2.872     CC       exec.o
#23 2.900     CC       fs.o
#23 2.961     CC       cg_map.o
#23 2.994     CC       ppp_proto.o
#23 3.021     CC       bpf_libbpf.o
#23 3.093     CC       selinux.o
#23 3.112     CC       ax25_ntop.o
#23 3.141     CC       rose_ntop.o
#23 3.154 In file included from rose_ntop.c:16:
#23 3.154 ../include/uapi/linux/sockios.h:42: warning: "SIOCGSTAMP" redefined
#23 3.154    42 | #define SIOCGSTAMP      SIOCGSTAMP_OLD
#23 3.154       | 
#23 3.154 In file included from /usr/include/sys/ioctl.h:10,
#23 3.154                  from rose_ntop.c:7:
#23 3.154 /usr/include/bits/ioctl.h:111: note: this is the location of the previous definition
#23 3.154   111 | #define SIOCGSTAMP      0x8906
#23 3.154       | 
#23 3.154 ../include/uapi/linux/sockios.h:43: warning: "SIOCGSTAMPNS" redefined
#23 3.154    43 | #define SIOCGSTAMPNS    SIOCGSTAMPNS_OLD
#23 3.154       | 
#23 3.154 /usr/include/bits/ioctl.h:112: note: this is the location of the previous definition
#23 3.154   112 | #define SIOCGSTAMPNS    0x8907
#23 3.154       | 
#23 3.172     CC       mpls_ntop.o
#23 3.200     CC       mpls_pton.o
#23 3.227     CC       netrom_ntop.o
#23 3.249     AR       libutil.a
#23 3.254 
#23 3.254 ip
#23 3.255     CC       ip.o
#23 3.328     CC       ipaddress.o
#23 3.341 In file included from ipaddress.c:26:
#23 3.341 ../include/uapi/linux/sockios.h:42: warning: "SIOCGSTAMP" redefined
#23 3.341    42 | #define SIOCGSTAMP      SIOCGSTAMP_OLD
#23 3.341       | 
#23 3.341 In file included from /usr/include/sys/ioctl.h:10,
#23 3.341                  from ipaddress.c:14:
#23 3.341 /usr/include/bits/ioctl.h:111: note: this is the location of the previous definition
#23 3.341   111 | #define SIOCGSTAMP      0x8906
#23 3.341       | 
#23 3.341 ../include/uapi/linux/sockios.h:43: warning: "SIOCGSTAMPNS" redefined
#23 3.341    43 | #define SIOCGSTAMPNS    SIOCGSTAMPNS_OLD
#23 3.341       | 
#23 3.341 /usr/include/bits/ioctl.h:112: note: this is the location of the previous definition
#23 3.341   112 | #define SIOCGSTAMPNS    0x8907
#23 3.341       | 
#23 3.784     CC       ipaddrlabel.o
#23 3.840     CC       iproute.o
#23 4.359     CC       iprule.o
#23 4.558     CC       ipnetns.o
#23 4.747     CC       rtm_map.o
#23 4.781     CC       iptunnel.o
#23 4.794 In file included from ../include/uapi/linux/if_tunnel.h:6,
#23 4.794                  from iptunnel.c:19:
#23 4.794 ../include/uapi/linux/if.h:134: warning: "IFF_VOLATILE" redefined
#23 4.794   134 | #define IFF_VOLATILE    (IFF_LOOPBACK|IFF_POINTOPOINT|IFF_BROADCAST|IFF_ECHO|\
#23 4.794       | 
#23 4.794 In file included from iptunnel.c:16:
#23 4.794 /usr/include/net/if.h:48: note: this is the location of the previous definition
#23 4.794    48 | #define IFF_VOLATILE (IFF_LOOPBACK|IFF_POINTOPOINT|IFF_BROADCAST| \
#23 4.794       | 
#23 4.935     CC       ip6tunnel.o
#23 5.040     CC       tunnel.o
#23 5.127     CC       ipneigh.o
#23 5.271     CC       ipntable.o
#23 5.380     CC       iplink.o
#23 5.643     CC       ipmaddr.o
#23 5.660 In file included from ipmaddr.c:21:
#23 5.660 ../include/uapi/linux/sockios.h:42: warning: "SIOCGSTAMP" redefined
#23 5.660    42 | #define SIOCGSTAMP      SIOCGSTAMP_OLD
#23 5.660       | 
#23 5.660 In file included from /usr/include/sys/ioctl.h:10,
#23 5.660                  from ipmaddr.c:12:
#23 5.660 /usr/include/bits/ioctl.h:111: note: this is the location of the previous definition
#23 5.660   111 | #define SIOCGSTAMP      0x8906
#23 5.660       | 
#23 5.660 ../include/uapi/linux/sockios.h:43: warning: "SIOCGSTAMPNS" redefined
#23 5.660    43 | #define SIOCGSTAMPNS    SIOCGSTAMPNS_OLD
#23 5.660       | 
#23 5.661 /usr/include/bits/ioctl.h:112: note: this is the location of the previous definition
#23 5.661   112 | #define SIOCGSTAMPNS    0x8907
#23 5.661       | 
#23 5.745     CC       ipmonitor.o
#23 5.821     CC       ipmroute.o
#23 5.833 In file included from ipmroute.c:22:
#23 5.833 ../include/uapi/linux/sockios.h:42: warning: "SIOCGSTAMP" redefined
#23 5.833    42 | #define SIOCGSTAMP      SIOCGSTAMP_OLD
#23 5.833       | 
#23 5.833 In file included from /usr/include/sys/ioctl.h:10,
#23 5.833                  from ipmroute.c:13:
#23 5.833 /usr/include/bits/ioctl.h:111: note: this is the location of the previous definition
#23 5.833   111 | #define SIOCGSTAMP      0x8906
#23 5.833       | 
#23 5.833 ../include/uapi/linux/sockios.h:43: warning: "SIOCGSTAMPNS" redefined
#23 5.833    43 | #define SIOCGSTAMPNS    SIOCGSTAMPNS_OLD
#23 5.833       | 
#23 5.833 /usr/include/bits/ioctl.h:112: note: this is the location of the previous definition
#23 5.833   112 | #define SIOCGSTAMPNS    0x8907
#23 5.833       | 
#23 5.893     CC       ipprefix.o
#23 5.928     CC       iptuntap.o
#23 6.039     CC       iptoken.o
#23 6.094     CC       ipxfrm.o
#23 6.390     CC       xfrm_state.o
#23 6.648     CC       xfrm_policy.o
#23 6.890     CC       xfrm_monitor.o
#23 6.967     CC       iplink_dummy.o
#23 6.991     CC       iplink_ifb.o
#23 7.013     CC       iplink_nlmon.o
#23 7.034     CC       iplink_team.o
#23 7.057     CC       iplink_vcan.o
#23 7.079     CC       iplink_vxcan.o
#23 7.106     CC       iplink_vlan.o
#23 7.175     CC       link_veth.o
#23 7.202     CC       link_gre.o
#23 7.213 In file included from ../include/uapi/linux/if_tunnel.h:6,
#23 7.213                  from link_gre.c:15:
#23 7.213 ../include/uapi/linux/if.h:134: warning: "IFF_VOLATILE" redefined
#23 7.213   134 | #define IFF_VOLATILE    (IFF_LOOPBACK|IFF_POINTOPOINT|IFF_BROADCAST|IFF_ECHO|\
#23 7.213       | 
#23 7.213 In file included from link_gre.c:9:
#23 7.213 /usr/include/net/if.h:48: note: this is the location of the previous definition
#23 7.213    48 | #define IFF_VOLATILE (IFF_LOOPBACK|IFF_POINTOPOINT|IFF_BROADCAST| \
#23 7.213       | 
#23 7.320     CC       iplink_can.o
#23 7.485     CC       iplink_xdp.o
#23 7.544     CC       iplink_macvlan.o
#23 7.611     CC       ipl2tp.o
#23 7.775     CC       link_vti.o
#23 7.787 In file included from ../include/uapi/linux/if_tunnel.h:6,
#23 7.787                  from link_vti.c:16:
#23 7.787 ../include/uapi/linux/if.h:134: warning: "IFF_VOLATILE" redefined
#23 7.787   134 | #define IFF_VOLATILE    (IFF_LOOPBACK|IFF_POINTOPOINT|IFF_BROADCAST|IFF_ECHO|\
#23 7.787       | 
#23 7.787 In file included from link_vti.c:10:
#23 7.787 /usr/include/net/if.h:48: note: this is the location of the previous definition
#23 7.787    48 | #define IFF_VOLATILE (IFF_LOOPBACK|IFF_POINTOPOINT|IFF_BROADCAST| \
#23 7.787       | 
#23 7.836     CC       link_vti6.o
#23 7.850 In file included from ../include/uapi/linux/if_tunnel.h:6,
#23 7.850                  from link_vti6.c:17:
#23 7.850 ../include/uapi/linux/if.h:134: warning: "IFF_VOLATILE" redefined
#23 7.850   134 | #define IFF_VOLATILE    (IFF_LOOPBACK|IFF_POINTOPOINT|IFF_BROADCAST|IFF_ECHO|\
#23 7.850       | 
#23 7.850 In file included from link_vti6.c:11:
#23 7.850 /usr/include/net/if.h:48: note: this is the location of the previous definition
#23 7.850    48 | #define IFF_VOLATILE (IFF_LOOPBACK|IFF_POINTOPOINT|IFF_BROADCAST| \
#23 7.850       | 
#23 7.910     CC       link_xfrm.o
#23 7.945     CC       iplink_vxlan.o
#23 8.130     CC       tcp_metrics.o
#23 8.233     CC       iplink_ipoib.o
#23 8.275     CC       ipnetconf.o
#23 8.328     CC       link_ip6tnl.o
#23 8.339 In file included from ../include/uapi/linux/if_tunnel.h:6,
#23 8.339                  from link_ip6tnl.c:15:
#23 8.339 ../include/uapi/linux/if.h:134: warning: "IFF_VOLATILE" redefined
#23 8.339   134 | #define IFF_VOLATILE    (IFF_LOOPBACK|IFF_POINTOPOINT|IFF_BROADCAST|IFF_ECHO|\
#23 8.339       | 
#23 8.339 In file included from link_ip6tnl.c:9:
#23 8.339 /usr/include/net/if.h:48: note: this is the location of the previous definition
#23 8.339    48 | #define IFF_VOLATILE (IFF_LOOPBACK|IFF_POINTOPOINT|IFF_BROADCAST| \
#23 8.339       | 
#23 8.425     CC       link_iptnl.o
#23 8.436 In file included from ../include/uapi/linux/if_tunnel.h:6,
#23 8.436                  from link_iptnl.c:16:
#23 8.436 ../include/uapi/linux/if.h:134: warning: "IFF_VOLATILE" redefined
#23 8.436   134 | #define IFF_VOLATILE    (IFF_LOOPBACK|IFF_POINTOPOINT|IFF_BROADCAST|IFF_ECHO|\
#23 8.436       | 
#23 8.436 In file included from link_iptnl.c:9:
#23 8.436 /usr/include/net/if.h:48: note: this is the location of the previous definition
#23 8.436    48 | #define IFF_VOLATILE (IFF_LOOPBACK|IFF_POINTOPOINT|IFF_BROADCAST| \
#23 8.436       | 
#23 8.522     CC       link_gre6.o
#23 8.533 In file included from ../include/uapi/linux/if_tunnel.h:6,
#23 8.533                  from link_gre6.c:15:
#23 8.533 ../include/uapi/linux/if.h:134: warning: "IFF_VOLATILE" redefined
#23 8.533   134 | #define IFF_VOLATILE    (IFF_LOOPBACK|IFF_POINTOPOINT|IFF_BROADCAST|IFF_ECHO|\
#23 8.533       | 
#23 8.533 In file included from link_gre6.c:9:
#23 8.533 /usr/include/net/if.h:48: note: this is the location of the previous definition
#23 8.533    48 | #define IFF_VOLATILE (IFF_LOOPBACK|IFF_POINTOPOINT|IFF_BROADCAST| \
#23 8.533       | 
#23 8.660     CC       iplink_bond.o
#23 8.835     CC       iplink_bond_slave.o
#23 8.887     CC       iplink_hsr.o
#23 8.936     CC       iplink_bridge.o
#23 9.085     CC       iplink_bridge_slave.o
#23 9.182     CC       iplink_dsa.o
#23 9.215     CC       ipfou.o
#23 9.229 In file included from ../include/libgenl.h:5,
#23 9.229                  from ipfou.c:18:
#23 9.229 ../include/libnetlink.h: In function 'rta_getattr_be64':
#23 9.229 ../include/libnetlink.h:280:16: warning: implicit declaration of function 'htobe64' [-Wimplicit-function-declaration]
#23 9.229   280 |         return htobe64(rta_getattr_u64(rta));
#23 9.229       |                ^~~~~~~
#23 9.296     CC       iplink_ipvlan.o
#23 9.336     CC       iplink_geneve.o
#23 9.426     CC       iplink_vrf.o
#23 9.474     CC       iproute_lwtunnel.o
#23 9.878     CC       ipmacsec.o
#23 10.12     CC       ipila.o
#23 10.13 In file included from ../include/libgenl.h:5,
#23 10.13                  from ipila.c:18:
#23 10.13 ../include/libnetlink.h: In function 'rta_getattr_be64':
#23 10.13 ../include/libnetlink.h:280:16: warning: implicit declaration of function 'htobe64' [-Wimplicit-function-declaration]
#23 10.13   280 |         return htobe64(rta_getattr_u64(rta));
#23 10.13       |                ^~~~~~~
#23 10.19     CC       ipvrf.o
#23 10.30     CC       iplink_xstats.o
#23 10.33     CC       ipseg6.o
#23 10.38     CC       iplink_netdevsim.o
#23 10.41     CC       iplink_rmnet.o
#23 10.44     CC       ipnexthop.o
#23 10.69     CC       ipmptcp.o
#23 10.81     CC       iplink_bareudp.o
#23 10.82 In file included from iplink_bareudp.c:9:
#23 10.82 ../include/libnetlink.h: In function 'rta_getattr_be64':
#23 10.82 ../include/libnetlink.h:280:16: warning: implicit declaration of function 'htobe64' [-Wimplicit-function-declaration]
#23 10.82   280 |         return htobe64(rta_getattr_u64(rta));
#23 10.82       |                ^~~~~~~
#23 10.85     CC       iplink_wwan.o
#23 10.88     CC       ipioam6.o
#23 10.96     CC       iplink_amt.o
#23 11.01     CC       iplink_batadv.o
#23 11.04     CC       iplink_gtp.o
#23 11.08     CC       iplink_virt_wifi.o
#23 11.10     CC       iplink_netkit.o
#23 11.15     CC       ipstats.o
#23 11.35     LINK     ip
#23 11.39     CC       rtmon.o
#23 11.44     LINK     rtmon
#23 11.45 
#23 11.45 tc
#23 11.45     CC       tc.o
#23 11.54     CC       tc_qdisc.o
#23 11.64     CC       tc_class.o
#23 11.77     CC       tc_filter.o
#23 11.93     CC       tc_util.o
#23 12.11     CC       tc_monitor.o
#23 12.14     CC       tc_exec.o
#23 12.18     CC       m_police.o
#23 12.27     CC       m_estimator.o
#23 12.30     CC       m_action.o
#23 12.47     CC       m_ematch.o
#23 12.58     YACC     emp_ematch.tab.c
#23 12.64     CC       emp_ematch.tab.o
#23 12.75     LEX      emp_ematch.lex.c
#23 12.76     CC       emp_ematch.lex.o
#23 12.93     CC       q_fifo.o
#23 12.96     CC       q_sfq.o
#23 13.03     CC       q_red.o
#23 13.11     CC       q_prio.o
#23 13.16     CC       q_skbprio.o
#23 13.19     CC       q_tbf.o
#23 13.28     CC       q_multiq.o
#23 13.32     CC       q_netem.o
#23 13.52     CC       q_choke.o
#23 13.58     CC       q_sfb.o
#23 13.64     CC       f_u32.o
#23 13.90     CC       f_route.o
#23 13.95     CC       f_fw.o
#23 14.00     CC       f_basic.o
#23 14.05     CC       f_bpf.o
#23 14.12     CC       f_flow.o
#23 14.20     CC       f_cgroup.o
#23 14.25     CC       f_flower.o
#23 14.26 In file included from ../include/uapi/linux/netdevice.h:29,
#23 14.26                  from ../include/uapi/linux/if_arp.h:27,
#23 14.26                  from f_flower.c:14:
#23 14.26 ../include/uapi/linux/if.h:134: warning: "IFF_VOLATILE" redefined
#23 14.26   134 | #define IFF_VOLATILE    (IFF_LOOPBACK|IFF_POINTOPOINT|IFF_BROADCAST|IFF_ECHO|\
#23 14.26       | 
#23 14.26 In file included from f_flower.c:12:
#23 14.26 /usr/include/net/if.h:48: note: this is the location of the previous definition
#23 14.26    48 | #define IFF_VOLATILE (IFF_LOOPBACK|IFF_POINTOPOINT|IFF_BROADCAST| \
#23 14.26       | 
#23 14.76     CC       q_gred.o
#23 14.86     CC       q_ingress.o
#23 14.90     CC       q_hfsc.o
#23 14.99     CC       q_htb.o
#23 15.09     CC       q_drr.o
#23 15.13     CC       q_qfq.o
#23 15.16     CC       m_gact.o
#23 15.22     CC       m_mirred.o
#23 15.29     CC       m_mpls.o
#23 15.36     CC       m_nat.o
#23 15.41     CC       m_pedit.o
#23 15.54     CC       m_ife.o
#23 15.62     CC       m_skbedit.o
#23 15.69     CC       m_skbmod.o
#23 15.75     CC       m_csum.o
#23 15.82     CC       m_simple.o
#23 15.86     CC       m_vlan.o
#23 15.93     CC       m_connmark.o
#23 15.97     CC       m_ctinfo.o
#23 16.02     CC       m_bpf.o
#23 16.08     CC       m_tunnel_key.o
#23 16.19     CC       m_sample.o
#23 16.25     CC       m_ct.o
#23 16.35     CC       m_gate.o
#23 16.46     CC       p_ip.o
#23 16.52     CC       p_ip6.o
#23 16.56     CC       p_icmp.o
#23 16.58     CC       p_eth.o
#23 16.61     CC       p_tcp.o
#23 16.65     CC       p_udp.o
#23 16.68     CC       em_nbyte.o
#23 16.72     CC       em_cmp.o
#23 16.79     CC       em_u32.o
#23 16.84     CC       em_canid.o
#23 16.89     CC       em_meta.o
#23 17.00     CC       q_mqprio.o
#23 17.11     CC       q_codel.o
#23 17.16     CC       q_fq_codel.o
#23 17.24     CC       q_fq.o
#23 17.36     CC       q_pie.o
#23 17.43     CC       q_fq_pie.o
#23 17.50     CC       q_cake.o
#23 17.68     CC       q_hhf.o
#23 17.73     CC       q_clsact.o
#23 17.76     CC       e_bpf.o
#23 17.81     CC       f_matchall.o
#23 17.86     CC       q_cbs.o
#23 17.91     CC       q_etf.o
#23 17.97     CC       q_taprio.o
#23 18.09     CC       q_plug.o
#23 18.12     CC       q_ets.o
#23 18.21     CC       em_ipt.o
#23 18.23 In file included from tc_util.h:7,
#23 18.23                  from m_ematch.h:11,
#23 18.23                  from em_ipt.c:13:
#23 18.23 ../include/uapi/linux/if.h:134: warning: "IFF_VOLATILE" redefined
#23 18.23   134 | #define IFF_VOLATILE    (IFF_LOOPBACK|IFF_POINTOPOINT|IFF_BROADCAST|IFF_ECHO|\
#23 18.23       | 
#23 18.23 In file included from ../include/xtables.h:17,
#23 18.23                  from em_ipt.c:12:
#23 18.23 /usr/include/net/if.h:48: note: this is the location of the previous definition
#23 18.23    48 | #define IFF_VOLATILE (IFF_LOOPBACK|IFF_POINTOPOINT|IFF_BROADCAST| \
#23 18.23       | 
#23 18.27     CC       em_ipset.o
#23 18.29 In file included from tc_util.h:7,
#23 18.29                  from m_ematch.h:11,
#23 18.29                  from em_ipset.c:39:
#23 18.29 ../include/uapi/linux/if.h:134: warning: "IFF_VOLATILE" redefined
#23 18.29   134 | #define IFF_VOLATILE    (IFF_LOOPBACK|IFF_POINTOPOINT|IFF_BROADCAST|IFF_ECHO|\
#23 18.29       | 
#23 18.29 In file included from ../include/xtables.h:17,
#23 18.29                  from em_ipset.c:23:
#23 18.29 /usr/include/net/if.h:48: note: this is the location of the previous definition
#23 18.29    48 | #define IFF_VOLATILE (IFF_LOOPBACK|IFF_POINTOPOINT|IFF_BROADCAST| \
#23 18.29       | 
#23 18.32     CC       tc_core.o
#23 18.39     CC       tc_red.o
#23 18.45     CC       tc_estimator.o
#23 18.48     CC       tc_stab.o
#23 18.54     CC       tc_qevent.o
#23 18.55 In file included from tc_qevent.h:7,
#23 18.55                  from tc_qevent.c:10:
#23 18.55 ../include/libnetlink.h: In function 'rta_getattr_be64':
#23 18.55 ../include/libnetlink.h:280:16: warning: implicit declaration of function 'htobe64' [-Wimplicit-function-declaration]
#23 18.55   280 |         return htobe64(rta_getattr_u64(rta));
#23 18.55       |                ^~~~~~~
#23 18.59     AR       libtc.a
#23 18.60     LINK     tc
#23 18.63 rm emp_ematch.lex.c
#23 18.63 
#23 18.63 bridge
#23 18.63     CC       bridge.o
#23 18.69     CC       fdb.o
#23 18.70 In file included from fdb.c:28:
#23 18.70 ../include/libnetlink.h: In function 'rta_getattr_be64':
#23 18.70 ../include/libnetlink.h:280:16: warning: implicit declaration of function 'htobe64' [-Wimplicit-function-declaration]
#23 18.70   280 |         return htobe64(rta_getattr_u64(rta));
#23 18.70       |                ^~~~~~~
#23 18.87     CC       monitor.o
#23 18.92     CC       link.o
#23 18.93 In file included from link.c:16:
#23 18.93 ../include/libnetlink.h: In function 'rta_getattr_be64':
#23 18.93 ../include/libnetlink.h:280:16: warning: implicit declaration of function 'htobe64' [-Wimplicit-function-declaration]
#23 18.93   280 |         return htobe64(rta_getattr_u64(rta));
#23 18.93       |                ^~~~~~~
#23 19.07     CC       mdb.o
#23 19.08 In file included from mdb.c:20:
#23 19.08 ../include/libnetlink.h: In function 'rta_getattr_be64':
#23 19.09 ../include/libnetlink.h:280:16: warning: implicit declaration of function 'htobe64' [-Wimplicit-function-declaration]
#23 19.09   280 |         return htobe64(rta_getattr_u64(rta));
#23 19.09       |                ^~~~~~~
#23 19.26     CC       vlan.o
#23 19.28 In file included from vlan.c:16:
#23 19.28 ../include/libnetlink.h: In function 'rta_getattr_be64':
#23 19.28 ../include/libnetlink.h:280:16: warning: implicit declaration of function 'htobe64' [-Wimplicit-function-declaration]
#23 19.28   280 |         return htobe64(rta_getattr_u64(rta));
#23 19.28       |                ^~~~~~~
#23 19.51     CC       vni.o
#23 19.52 In file included from vni.c:21:
#23 19.52 ../include/libnetlink.h: In function 'rta_getattr_be64':
#23 19.52 ../include/libnetlink.h:280:16: warning: implicit declaration of function 'htobe64' [-Wimplicit-function-declaration]
#23 19.52   280 |         return htobe64(rta_getattr_u64(rta));
#23 19.52       |                ^~~~~~~
#23 19.59     LINK     bridge
#23 19.61 
#23 19.61 misc
#23 19.61     CC       ss.o
#23 19.63 In file included from ../include/uapi/linux/tipc.h:42,
#23 19.63                  from ss.c:49:
#23 19.63 ../include/uapi/linux/sockios.h:42: warning: "SIOCGSTAMP" redefined
#23 19.63    42 | #define SIOCGSTAMP      SIOCGSTAMP_OLD
#23 19.63       | 
#23 19.63 In file included from /usr/include/sys/ioctl.h:10,
#23 19.63                  from ss.c:12:
#23 19.63 /usr/include/bits/ioctl.h:111: note: this is the location of the previous definition
#23 19.63   111 | #define SIOCGSTAMP      0x8906
#23 19.63       | 
#23 19.63 ../include/uapi/linux/sockios.h:43: warning: "SIOCGSTAMPNS" redefined
#23 19.63    43 | #define SIOCGSTAMPNS    SIOCGSTAMPNS_OLD
#23 19.63       | 
#23 19.63 /usr/include/bits/ioctl.h:112: note: this is the location of the previous definition
#23 19.63   112 | #define SIOCGSTAMPNS    0x8907
#23 19.63       | 
#23 20.56     CC       ssfilter_check.o
#23 20.57 In file included from ssfilter_check.c:6:
#23 20.57 ../include/libnetlink.h: In function 'rta_getattr_be64':
#23 20.57 ../include/libnetlink.h:280:16: warning: implicit declaration of function 'htobe64' [-Wimplicit-function-declaration]
#23 20.57   280 |         return htobe64(rta_getattr_u64(rta));
#23 20.57       |                ^~~~~~~
#23 20.59     YACC     ssfilter.tab.c
#23 20.65     CC       ssfilter.tab.o
#23 20.76     LINK     ss
#23 20.78     CC       nstat
#23 20.79 In file included from nstat.c:20:
#23 20.79 /usr/include/sys/poll.h:1:2: warning: #warning redirecting incorrect #include <sys/poll.h> to <poll.h> [-Wcpp]
#23 20.79     1 | #warning redirecting incorrect #include <sys/poll.h> to <poll.h>
#23 20.79       |  ^~~~~~~
#23 20.92     CC       ifstat
#23 20.94 In file included from ifstat.c:20:
#23 20.94 /usr/include/sys/poll.h:1:2: warning: #warning redirecting incorrect #include <sys/poll.h> to <poll.h> [-Wcpp]
#23 20.94     1 | #warning redirecting incorrect #include <sys/poll.h> to <poll.h>
#23 20.94       |  ^~~~~~~
#23 20.94 In file included from ifstat.c:30:
#23 20.94 ../include/libnetlink.h: In function 'rta_getattr_be64':
#23 20.94 ../include/libnetlink.h:280:16: warning: implicit declaration of function 'htobe64' [-Wimplicit-function-declaration]
#23 20.94   280 |         return htobe64(rta_getattr_u64(rta));
#23 20.94       |                ^~~~~~~
#23 21.11     CC       rtacct
#23 21.12 In file included from rtacct.c:19:
#23 21.12 /usr/include/sys/poll.h:1:2: warning: #warning redirecting incorrect #include <sys/poll.h> to <poll.h> [-Wcpp]
#23 21.12     1 | #warning redirecting incorrect #include <sys/poll.h> to <poll.h>
#23 21.12       |  ^~~~~~~
#23 21.24     CC       lnstat.o
#23 21.32     CC       lnstat_util.o
#23 21.38     LINK     lnstat
#23 21.39 
#23 21.39 netem
#23 21.39 gcc  -I../include -o maketable maketable.c -lm
#23 21.43 gcc  -I../include -o normal normal.c -lm
#23 21.45 gcc  -I../include -o pareto pareto.c -lm
#23 21.48 gcc  -I../include -o paretonormal paretonormal.c -lm
#23 21.51 ./normal > normal.dist
#23 21.51 ./pareto > pareto.dist
#23 21.52 ./paretonormal > paretonormal.dist
#23 21.53 ./maketable experimental.dat > experimental.dist
#23 21.53 
#23 21.53 genl
#23 21.53     CC       genl.o
#23 21.57     CC       ctrl.o
#23 21.64     LINK     genl
#23 21.66 
#23 21.66 man
#23 21.66 make[2]: Nothing to be done for 'all'.
#23 21.66 make[2]: Nothing to be done for 'all'.
#23 21.66 sed \
#23 21.66 	-e "s|@NETNS_ETC_DIR@|/etc/netns|g" \
#23 21.66 	-e "s|@NETNS_RUN_DIR@|/var/run/netns|g" \
#23 21.66 	-e "s|@SYSCONF_ETC_DIR@|/etc/iproute2|g" \
#23 21.66 	-e "s|@SYSCONF_USR_DIR@|/usr/share/iproute2|g" \
#23 21.66 	ip-address.8.in > ip-address.8
#23 21.67 sed \
#23 21.67 	-e "s|@NETNS_ETC_DIR@|/etc/netns|g" \
#23 21.67 	-e "s|@NETNS_RUN_DIR@|/var/run/netns|g" \
#23 21.67 	-e "s|@SYSCONF_ETC_DIR@|/etc/iproute2|g" \
#23 21.67 	-e "s|@SYSCONF_USR_DIR@|/usr/share/iproute2|g" \
#23 21.67 	ip-link.8.in > ip-link.8
#23 21.67 sed \
#23 21.67 	-e "s|@NETNS_ETC_DIR@|/etc/netns|g" \
#23 21.67 	-e "s|@NETNS_RUN_DIR@|/var/run/netns|g" \
#23 21.67 	-e "s|@SYSCONF_ETC_DIR@|/etc/iproute2|g" \
#23 21.67 	-e "s|@SYSCONF_USR_DIR@|/usr/share/iproute2|g" \
#23 21.67 	ip-netns.8.in > ip-netns.8
#23 21.67 sed \
#23 21.67 	-e "s|@NETNS_ETC_DIR@|/etc/netns|g" \
#23 21.67 	-e "s|@NETNS_RUN_DIR@|/var/run/netns|g" \
#23 21.67 	-e "s|@SYSCONF_ETC_DIR@|/etc/iproute2|g" \
#23 21.67 	-e "s|@SYSCONF_USR_DIR@|/usr/share/iproute2|g" \
#23 21.67 	ip-route.8.in > ip-route.8
#23 21.68 
#23 21.68 tipc
#23 21.68     CC       bearer.o
#23 21.85     CC       cmdl.o
#23 21.89     CC       link.o
#23 22.09     CC       media.o
#23 22.14     CC       misc.o
#23 22.19     CC       msg.o
#23 22.21     CC       nametable.o
#23 22.26     CC       node.o
#23 22.35     CC       socket.o
#23 22.38     CC       peer.o
#23 22.43     CC       tipc.o
#23 22.46     LINK     tipc
#23 22.47 
#23 22.47 devlink
#23 22.48     CC       devlink.o
#23 24.13     CC       mnlg.o
#23 24.14 In file included from mnlg.c:16:
#23 24.14 ../include/libnetlink.h: In function 'rta_getattr_be64':
#23 24.14 ../include/libnetlink.h:280:16: warning: implicit declaration of function 'htobe64' [-Wimplicit-function-declaration]
#23 24.14   280 |         return htobe64(rta_getattr_u64(rta));
#23 24.14       |                ^~~~~~~
#23 24.17     LINK     devlink
#23 24.18 
#23 24.18 rdma
#23 24.19     CC       rdma.o
#23 24.21 rdma.c: In function 'main':
#23 24.21 rdma.c:110:20: warning: implicit declaration of function 'basename'; did you mean 'rename'? [-Wimplicit-function-declaration]
#23 24.21   110 |         filename = basename(argv[0]);
#23 24.21       |                    ^~~~~~~~
#23 24.21       |                    rename
#23 24.21 rdma.c:110:18: warning: assignment to 'char *' from 'int' makes pointer from integer without a cast [-Wint-conversion]
#23 24.21   110 |         filename = basename(argv[0]);
#23 24.21       |                  ^
#23 24.24     CC       utils.o
#23 24.45     CC       dev.o
#23 24.52     CC       link.o
#23 24.59     CC       res.o
#23 24.70     CC       res-pd.o
#23 24.75     CC       res-mr.o
#23 24.80     CC       res-cq.o
#23 24.84     CC       res-cmid.o
#23 24.90     CC       res-qp.o
#23 24.97     CC       sys.o
#23 25.03     CC       stat.o
#23 25.25     CC       stat-mr.o
#23 25.29     CC       res-ctx.o
#23 25.33     CC       res-srq.o
#23 25.40     LINK     rdma
#23 25.41 
#23 25.41 dcb
#23 25.41     CC       dcb.o
#23 25.43 In file included from ../include/namespace.h:10,
#23 25.43                  from dcb.c:11:
#23 25.43 ../include/libnetlink.h: In function 'rta_getattr_be64':
#23 25.43 ../include/libnetlink.h:280:16: warning: implicit declaration of function 'htobe64' [-Wimplicit-function-declaration]
#23 25.43   280 |         return htobe64(rta_getattr_u64(rta));
#23 25.43       |                ^~~~~~~
#23 25.53     CC       dcb_app.o
#23 25.72     CC       dcb_buffer.o
#23 25.77     CC       dcb_dcbx.o
#23 25.82     CC       dcb_ets.o
#23 25.90     CC       dcb_maxrate.o
#23 25.94     CC       dcb_pfc.o
#23 26.01     CC       dcb_apptrust.o
#23 26.06     CC       dcb_rewr.o
#23 26.15     LINK     dcb
#23 26.16 
#23 26.16 vdpa
#23 26.16     CC       vdpa.o
#23 26.32     LINK     vdpa
#23 DONE 26.4s

#24 [20/22] RUN git clone --no-single-branch --depth=1 https://github.com/linux-netdev/testing.git /nipa-data/kernel
#24 0.376 Cloning into '/nipa-data/kernel'...
#24 20.26 Updating files:  16% (14123/83283)Updating files:  17% (14159/83283)Updating files:  18% (14991/83283)Updating files:  19% (15824/83283)Updating files:  20% (16657/83283)Updating files:  21% (17490/83283)Updating files:  22% (18323/83283)Updating files:  23% (19156/83283)Updating files:  24% (19988/83283)Updating files:  25% (20821/83283)Updating files:  26% (21654/83283)Updating files:  27% (22487/83283)Updating files:  28% (23320/83283)Updating files:  29% (24153/83283)Updating files:  30% (24985/83283)Updating files:  31% (25818/83283)Updating files:  32% (26651/83283)Updating files:  33% (27484/83283)Updating files:  33% (28316/83283)Updating files:  34% (28317/83283)Updating files:  35% (29150/83283)Updating files:  36% (29982/83283)Updating files:  37% (30815/83283)Updating files:  38% (31648/83283)Updating files:  39% (32481/83283)Updating files:  40% (33314/83283)Updating files:  40% (33568/83283)Updating files:  41% (34147/83283)Updating files:  42% (34979/83283)Updating files:  43% (35812/83283)Updating files:  44% (36645/83283)Updating files:  45% (37478/83283)Updating files:  46% (38311/83283)Updating files:  47% (39144/83283)Updating files:  48% (39976/83283)Updating files:  49% (40809/83283)Updating files:  50% (41642/83283)Updating files:  50% (41925/83283)Updating files:  51% (42475/83283)Updating files:  52% (43308/83283)Updating files:  53% (44140/83283)Updating files:  54% (44973/83283)Updating files:  55% (45806/83283)Updating files:  56% (46639/83283)Updating files:  57% (47472/83283)Updating files:  58% (48305/83283)Updating files:  59% (49137/83283)Updating files:  60% (49970/83283)Updating files:  61% (50803/83283)Updating files:  62% (51636/83283)Updating files:  63% (52469/83283)Updating files:  63% (53234/83283)Updating files:  64% (53302/83283)Updating files:  65% (54134/83283)Updating files:  66% (54967/83283)Updating files:  67% (55800/83283)Updating files:  68% (56633/83283)Updating files:  69% (57466/83283)Updating files:  70% (58299/83283)Updating files:  71% (59131/83283)Updating files:  72% (59964/83283)Updating files:  73% (60797/83283)Updating files:  74% (61630/83283)Updating files:  75% (62463/83283)Updating files:  76% (63296/83283)Updating files:  77% (64128/83283)Updating files:  78% (64961/83283)Updating files:  79% (65794/83283)Updating files:  80% (66627/83283)Updating files:  81% (67460/83283)Updating files:  81% (67589/83283)Updating files:  82% (68293/83283)Updating files:  83% (69125/83283)Updating files:  84% (69958/83283)Updating files:  85% (70791/83283)Updating files:  86% (71624/83283)Updating files:  87% (72457/83283)Updating files:  88% (73290/83283)Updating files:  89% (74122/83283)Updating files:  90% (74955/83283)Updating files:  91% (75788/83283)Updating files:  92% (76621/83283)Updating files:  93% (77454/83283)Updating files:  94% (78287/83283)Updating files:  95% (79119/83283)Updating files:  96% (79952/83283)Updating files:  97% (80785/83283)Updating files:  98% (81618/83283)Updating files:  99% (82451/83283)Updating files: 100% (83283/83283)Updating files: 100% (83283/83283), done.
#24 DONE 27.9s

#25 [21/22] RUN git clone --depth=1 -b main https://github.com/p4tc-dev/new-nipa.git nipa
#25 0.354 Cloning into 'nipa'...
#25 DONE 0.7s

#26 [22/22] COPY entrypoint.sh /entrypoint.sh
#26 DONE 0.0s

#27 exporting to image
#27 exporting layers
#27 exporting layers 7.2s done
#27 writing image sha256:c44f05c84f0558c2f7db02403cf8baf22bced582ec8b8575a93ec284fb28d88e done
#27 naming to docker.io/library/nipa-executor done
#27 DONE 7.2s
=== >>> DEBUG KERNEL <<< ===
NIPA version: 1b9c21a (ui: set canvas background color to stand out, 2024-03-28)
INFO: Last run date: 2024-05-15 12:00:13.998473+00:00
Testing  {'branch': 'net-next-2024-05-15--15-00', 'date': '2024-05-15T15:00:16.196203+00:00', 'base': '88fbe206eb99df5458f8009937b6f074df940382', 'url': 'https://github.com/linux-netdev/testing.git net-next-2024-05-15--15-00'}
Updating files:  39% (6825/17419)Updating files:  40% (6968/17419)Updating files:  41% (7142/17419)Updating files:  42% (7316/17419)Updating files:  43% (7491/17419)Updating files:  44% (7665/17419)Updating files:  45% (7839/17419)Updating files:  46% (8013/17419)Updating files:  47% (8187/17419)Updating files:  48% (8362/17419)Updating files:  49% (8536/17419)Updating files:  50% (8710/17419)Updating files:  51% (8884/17419)Updating files:  52% (9058/17419)Updating files:  53% (9233/17419)Updating files:  54% (9407/17419)Updating files:  55% (9581/17419)Updating files:  56% (9755/17419)Updating files:  57% (9929/17419)Updating files:  58% (10104/17419)Updating files:  59% (10278/17419)Updating files:  60% (10452/17419)Updating files:  61% (10626/17419)Updating files:  62% (10800/17419)Updating files:  63% (10974/17419)Updating files:  64% (11149/17419)Updating files:  65% (11323/17419)Updating files:  66% (11497/17419)Updating files:  67% (11671/17419)Updating files:  68% (11845/17419)Updating files:  69% (12020/17419)Updating files:  70% (12194/17419)Updating files:  71% (12368/17419)Updating files:  72% (12542/17419)Updating files:  73% (12716/17419)Updating files:  74% (12891/17419)Updating files:  75% (13065/17419)Updating files:  76% (13239/17419)Updating files:  77% (13413/17419)Updating files:  78% (13587/17419)Updating files:  79% (13762/17419)Updating files:  80% (13936/17419)Updating files:  81% (14110/17419)Updating files:  81% (14269/17419)Updating files:  82% (14284/17419)Updating files:  83% (14458/17419)Updating files:  84% (14632/17419)Updating files:  85% (14807/17419)Updating files:  86% (14981/17419)Updating files:  87% (15155/17419)Updating files:  88% (15329/17419)Updating files:  89% (15503/17419)Updating files:  90% (15678/17419)Updating files:  91% (15852/17419)Updating files:  92% (16026/17419)Updating files:  93% (16200/17419)Updating files:  94% (16374/17419)Updating files:  95% (16549/17419)Updating files:  96% (16723/17419)Updating files:  97% (16897/17419)Updating files:  98% (17071/17419)Updating files:  99% (17245/17419)Updating files: 100% (17419/17419)Updating files: 100% (17419/17419), done.
branch 'net-next-2024-05-15--15-00' set up to track 'origin/net-next-2024-05-15--15-00'.
Switched to a new branch 'net-next-2024-05-15--15-00'
error: No valid patches in input (allow with "--allow-empty")
Checking patch tools/testing/selftests/tc-testing/tdc_config.py...
Applied patch tools/testing/selftests/tc-testing/tdc_config.py cleanly.
Run at 2024-05-15 15:23:34.550361
INFO: building kernel
INFO: starting VM 0
INFO: thr0-0 VM starting: vng -v -r arch/x86/boot/bzImage --user root --rwdir=/nipa-data/kernel/
INFO: thr0-0 expecting prompt: '/nipa-data/kernel# '
INFO: thr0-0 reached initial prompt
INFO: thr-0 testing == tdc.sh
INFO: thr-0 tdc.sh >> retcode: 0 result: pass found {'fail': False, 'skip': False, 'pass': True}
INFO: thr-0 has no more work, exiting
INFO: thr0-0 VM stopped
Done at 2024-05-15 15:28:16.981640
NIPA quitting!
/
~/nipa/tc-executor/tc-executor-storage /
sort: write failed: 'standard output': Broken pipe
sort: write error
