~/nipa/tc-executor/tc-executor-storage /
Switched to branch 'storage'
Your branch is ahead of 'origin/storage' by 988 commits.
  (use "git push" to publish your local commits)
/
~/nipa/tc-executor /
Error response from daemon: No such image: nipa-executor:latest
#0 building with "default" instance using docker driver

#1 [internal] load .dockerignore
#1 transferring context: 2B done
#1 DONE 0.0s

#2 [internal] load build definition from Dockerfile
#2 transferring dockerfile: 2.05kB done
#2 DONE 0.0s

#3 [internal] load metadata for docker.io/library/alpine:edge
#3 DONE 0.0s

#4 [ 1/22] FROM docker.io/library/alpine:edge
#4 CACHED

#5 [internal] load build context
#5 transferring context: 3.02kB done
#5 DONE 0.0s

#6 [ 2/22] RUN echo false > debug-mode
#6 DONE 0.9s

#7 [ 3/22] RUN addgroup -g 1001 hostuser
#7 DONE 0.4s

#8 [ 4/22] RUN adduser -u 1001 -G hostuser -H -D -s /bin/ash hostuser
#8 DONE 0.4s

#9 [ 5/22] RUN echo '@testing http://dl-cdn.alpinelinux.org/alpine/edge/testing' >> /etc/apk/repositories
#9 DONE 0.3s

#10 [ 6/22] RUN echo '@community http://dl-cdn.alpinelinux.org/alpine/edge/community' >> /etc/apk/repositories
#10 DONE 0.3s

#11 [ 7/22] RUN apk update && apk add --no-cache    virtme-ng@testing    git    py3-requests    py3-psutil    py3-setuptools    py3-pyroute2    py3-argcomplete    qemu-system-x86_64@community    scapy@community    make    gcc    musl-dev    flex    bison    linux-headers    elfutils-dev    util-linux    coreutils    diffutils    findutils    file    bash    kmod    perl    iptables-dev    libcap-dev    libmnl-dev    iproute2     jq    libbpf-dev    rsync    openssl-dev
#11 0.443 fetch https://dl-cdn.alpinelinux.org/alpine/edge/main/x86_64/APKINDEX.tar.gz
#11 0.664 fetch https://dl-cdn.alpinelinux.org/alpine/edge/community/x86_64/APKINDEX.tar.gz
#11 0.903 fetch http://dl-cdn.alpinelinux.org/alpine/edge/testing/x86_64/APKINDEX.tar.gz
#11 1.116 fetch http://dl-cdn.alpinelinux.org/alpine/edge/community/x86_64/APKINDEX.tar.gz
#11 1.418 v20240606-929-gf9fd98251ac [https://dl-cdn.alpinelinux.org/alpine/edge/main]
#11 1.418 v20240606-963-ga6cb84d003c [https://dl-cdn.alpinelinux.org/alpine/edge/community]
#11 1.418 v20240606-962-g9c9a74ac94b [http://dl-cdn.alpinelinux.org/alpine/edge/testing]
#11 1.418 v20240606-963-ga6cb84d003c [http://dl-cdn.alpinelinux.org/alpine/edge/community]
#11 1.418 OK: 31602 distinct packages available
#11 1.489 fetch https://dl-cdn.alpinelinux.org/alpine/edge/main/x86_64/APKINDEX.tar.gz
#11 1.590 fetch https://dl-cdn.alpinelinux.org/alpine/edge/community/x86_64/APKINDEX.tar.gz
#11 1.687 fetch http://dl-cdn.alpinelinux.org/alpine/edge/testing/x86_64/APKINDEX.tar.gz
#11 1.780 fetch http://dl-cdn.alpinelinux.org/alpine/edge/community/x86_64/APKINDEX.tar.gz
#11 2.010 (1/176) Upgrading musl (1.2.4_git20230717-r5 -> 1.2.5-r1)
#11 2.030 (2/176) Upgrading libcrypto3 (3.1.4-r2 -> 3.3.1-r0)
#11 2.064 (3/176) Upgrading libssl3 (3.1.4-r2 -> 3.3.1-r0)
#11 2.083 (4/176) Upgrading zlib (1.3-r2 -> 1.3.1-r1)
#11 2.098 (5/176) Installing ncurses-terminfo-base (6.4_p20240420-r0)
#11 2.113 (6/176) Installing libncursesw (6.4_p20240420-r0)
#11 2.127 (7/176) Installing readline (8.2.10-r0)
#11 2.141 (8/176) Installing bash (5.2.26-r0)
#11 2.163 Executing bash-5.2.26-r0.post-install
#11 2.166 (9/176) Installing m4 (1.4.19-r3)
#11 2.180 (10/176) Installing bison (3.8.2-r1)
#11 2.200 (11/176) Installing coreutils-env (9.5-r1)
#11 2.212 (12/176) Installing coreutils-fmt (9.5-r1)
#11 2.225 (13/176) Installing coreutils-sha512sum (9.5-r1)
#11 2.238 (14/176) Installing libacl (2.3.2-r0)
#11 2.250 (15/176) Installing libattr (2.5.2-r0)
#11 2.262 (16/176) Installing skalibs (2.14.2.0-r0)
#11 2.276 (17/176) Installing utmps-libs (0.1.2.2-r1)
#11 2.287 (18/176) Installing coreutils (9.5-r1)
#11 2.310 (19/176) Installing diffutils (3.10-r0)
#11 2.329 (20/176) Installing zstd-libs (1.5.6-r0)
#11 2.347 (21/176) Installing libelf (0.191-r0)
#11 2.360 (22/176) Installing libbz2 (1.0.8-r6)
#11 2.373 (23/176) Installing musl-fts (1.2.7-r6)
#11 2.394 (24/176) Installing xz-libs (5.6.2-r0)
#11 2.409 (25/176) Installing libdw (0.191-r0)
#11 2.424 (26/176) Installing libasm (0.191-r0)
#11 2.436 (27/176) Installing xz (5.6.2-r0)
#11 2.450 (28/176) Installing pkgconf (2.2.0-r0)
#11 2.464 (29/176) Installing xz-dev (5.6.2-r0)
#11 2.479 (30/176) Installing libgcc (13.2.1_git20240309-r0)
#11 2.492 (31/176) Installing libstdc++ (13.2.1_git20240309-r0)
#11 2.523 (32/176) Installing zstd (1.5.6-r0)
#11 2.537 (33/176) Installing zstd-dev (1.5.6-r0)
#11 2.553 (34/176) Installing zlib-dev (1.3.1-r1)
#11 2.566 (35/176) Installing elfutils-dev (0.191-r0)
#11 2.589 (36/176) Installing libmagic (5.45-r1)
#11 2.618 (37/176) Installing file (5.45-r1)
#11 2.631 (38/176) Installing findutils (4.9.0-r5)
#11 2.645 (39/176) Installing flex (2.6.4-r6)
#11 2.660 (40/176) Installing jansson (2.14-r4)
#11 2.673 (41/176) Installing binutils (2.42-r0)
#11 2.735 (42/176) Installing libgomp (13.2.1_git20240309-r0)
#11 2.751 (43/176) Installing libatomic (13.2.1_git20240309-r0)
#11 2.763 (44/176) Installing gmp (6.3.0-r1)
#11 2.789 (45/176) Installing isl26 (0.26-r1)
#11 2.817 (46/176) Installing mpfr4 (4.2.1-r0)
#11 2.838 (47/176) Installing mpc1 (1.3.1-r1)
#11 2.851 (48/176) Installing gcc (13.2.1_git20240309-r0)
#11 3.340 (49/176) Installing ca-certificates (20240226-r0)
#11 3.365 (50/176) Installing brotli-libs (1.1.0-r2)
#11 3.384 (51/176) Installing c-ares (1.28.1-r0)
#11 3.398 (52/176) Installing libunistring (1.2-r0)
#11 3.430 (53/176) Installing libidn2 (2.3.7-r0)
#11 3.444 (54/176) Installing nghttp2-libs (1.62.1-r0)
#11 3.458 (55/176) Installing libpsl (0.21.5-r1)
#11 3.471 (56/176) Installing libcurl (8.8.0-r0)
#11 3.488 (57/176) Installing libexpat (2.6.2-r0)
#11 3.502 (58/176) Installing pcre2 (10.43-r0)
#11 3.520 (59/176) Installing git (2.45.2-r1)
#11 3.578 (60/176) Installing git-init-template (2.45.2-r1)
#11 3.591 (61/176) Installing libcap2 (2.70-r0)
#11 3.603 (62/176) Installing libmnl (1.0.5-r2)
#11 3.616 (63/176) Installing iproute2-minimal (6.9.0-r0)
#11 3.634 (64/176) Installing libxtables (1.8.10-r3)
#11 3.646 (65/176) Installing iproute2-tc (6.9.0-r0)
#11 3.662 (66/176) Installing iproute2-ss (6.9.0-r0)
#11 3.675 (67/176) Installing iproute2 (6.9.0-r0)
#11 3.690 Executing iproute2-6.9.0-r0.post-install
#11 3.693 (68/176) Installing linux-headers (6.6-r0)
#11 3.780 (69/176) Installing libip4tc (1.8.10-r3)
#11 3.794 (70/176) Installing libip6tc (1.8.10-r3)
#11 3.806 (71/176) Installing libipq (1.8.10-r3)
#11 3.818 (72/176) Installing iptables-dev (1.8.10-r3)
#11 3.831 (73/176) Installing oniguruma (6.9.9-r0)
#11 3.846 (74/176) Installing jq (1.7.1-r0)
#11 3.863 (75/176) Installing kmod (32-r0)
#11 3.877 (76/176) Installing libbpf (1.4.3-r0)
#11 3.892 (77/176) Installing libbpf-dev (1.4.3-r0)
#11 3.911 (78/176) Installing libcap-dev (2.70-r0)
#11 3.923 (79/176) Installing libmnl-dev (1.0.5-r2)
#11 3.935 (80/176) Installing make (4.4.1-r2)
#11 3.950 (81/176) Installing musl-dev (1.2.5-r1)
#11 4.025 (82/176) Installing openssl-dev (3.3.1-r0)
#11 4.054 (83/176) Installing perl (5.40.0-r0)
#11 4.265 (84/176) Installing perl-error (0.17029-r2)
#11 4.279 (85/176) Installing perl-git (2.45.2-r1)
#11 4.296 (86/176) Installing git-perl (2.45.2-r1)
#11 4.308 (87/176) Installing libffi (3.4.6-r0)
#11 4.320 (88/176) Installing gdbm (1.23-r1)
#11 4.333 (89/176) Installing mpdecimal (4.0.0-r0)
#11 4.356 (90/176) Installing libpanelw (6.4_p20240420-r0)
#11 4.368 (91/176) Installing sqlite-libs (3.46.0-r0)
#11 4.389 (92/176) Installing python3 (3.12.3-r1)
#11 4.522 (93/176) Installing python3-pycache-pyc0 (3.12.3-r1)
#11 4.612 (94/176) Installing pyc (3.12.3-r1)
#11 4.623 (95/176) Installing py3-argcomplete-pyc (3.3.0-r0)
#11 4.637 (96/176) Installing python3-pyc (3.12.3-r1)
#11 4.649 (97/176) Installing py3-argcomplete (3.3.0-r0)
#11 4.663 (98/176) Installing py3-psutil (5.9.8-r1)
#11 4.678 (99/176) Installing py3-psutil-pyc (5.9.8-r1)
#11 4.693 (100/176) Installing py3-pyroute2 (0.7.12-r1)
#11 4.727 (101/176) Installing py3-pyroute2-pyc (0.7.12-r1)
#11 4.762 (102/176) Installing py3-certifi (2024.2.2-r1)
#11 4.774 (103/176) Installing py3-certifi-pyc (2024.2.2-r1)
#11 4.786 (104/176) Installing py3-charset-normalizer (3.3.2-r1)
#11 4.800 (105/176) Installing py3-charset-normalizer-pyc (3.3.2-r1)
#11 4.815 (106/176) Installing py3-idna (3.7-r0)
#11 4.831 (107/176) Installing py3-idna-pyc (3.7-r0)
#11 4.845 (108/176) Installing py3-urllib3 (1.26.18-r1)
#11 4.862 (109/176) Installing py3-urllib3-pyc (1.26.18-r1)
#11 4.880 (110/176) Installing py3-requests (2.32.3-r0)
#11 4.895 (111/176) Installing py3-requests-pyc (2.32.3-r0)
#11 4.909 (112/176) Installing py3-parsing (3.1.2-r1)
#11 4.924 (113/176) Installing py3-parsing-pyc (3.1.2-r1)
#11 4.940 (114/176) Installing py3-packaging (24.1-r0)
#11 4.955 (115/176) Installing py3-packaging-pyc (24.1-r0)
#11 4.970 (116/176) Installing py3-setuptools (70.0.0-r0)
#11 5.017 (117/176) Installing py3-setuptools-pyc (70.0.0-r0)
#11 5.055 (118/176) Installing libcap-ng (0.8.5-r0)
#11 5.067 (119/176) Installing libintl (0.22.5-r0)
#11 5.080 (120/176) Installing libeconf (0.6.3-r0)
#11 5.092 (121/176) Installing libblkid (2.40.1-r1)
#11 5.109 (122/176) Installing libmount (2.40.1-r1)
#11 5.123 (123/176) Installing glib (2.80.3-r0)
#11 5.160 (124/176) Installing numactl (2.0.18-r0)
#11 5.172 (125/176) Installing qemu (9.0.1-r0)
#11 5.192 Executing qemu-9.0.1-r0.pre-install
#11 5.259 Executing qemu-9.0.1-r0.post-install
#11 5.262 *
#11 5.262 * If you want to run VM as unprivileged user and let Qemu create tunX devices,
#11 5.262 * then you must add that user to the group "qemu".
#11 5.262 * If you use KVM for hardware-assisted virtualization, then you may also need
#11 5.262 * to add that user to the group "kvm".
#11 5.262 *
#11 5.262 (126/176) Installing qemu-bridge-helper (9.0.1-r0)
#11 5.280 (127/176) Installing libaio (0.3.113-r2)
#11 5.292 (128/176) Installing capstone (5.0.1-r4)
#11 5.322 (129/176) Installing nettle (3.9.1-r0)
#11 5.380 (130/176) Installing libtasn1 (4.19.0-r2)
#11 5.400 (131/176) Installing p11-kit (0.25.3-r0)
#11 5.420 (132/176) Installing gnutls (3.8.5-r0)
#11 5.444 (133/176) Installing libjpeg-turbo (3.0.3-r0)
#11 5.460 (134/176) Installing lzo (2.10-r5)
#11 5.473 (135/176) Installing pixman (0.43.2-r0)
#11 5.491 (136/176) Installing libpng (1.6.43-r0)
#11 5.504 (137/176) Installing libsasl (2.1.28-r7)
#11 5.520 (138/176) Installing libseccomp (2.5.5-r1)
#11 5.535 (139/176) Installing libslirp (4.8.0-r0)
#11 5.548 (140/176) Installing snappy (1.1.10-r2)
#11 5.560 (141/176) Installing vde2-libs (2.3.3-r3)
#11 5.573 (142/176) Installing qemu-system-x86_64 (9.0.1-r0)
#11 5.685 (143/176) Installing lz4-libs (1.9.4-r5)
#11 5.699 (144/176) Installing popt (1.19-r3)
#11 5.717 (145/176) Installing libxxhash (0.8.2-r2)
#11 5.730 (146/176) Installing rsync (3.3.0-r0)
#11 5.746 (147/176) Installing scapy (2.5.0-r3)
#11 5.883 Executing scapy-2.5.0-r3.post-install
#11 5.885 *
#11 5.885 * Certain optional features of scapy also depend on the following packages:
#11 5.885 *     py3-matplotlib graphviz imagemagick py3-cryptography sox
#11 5.885 * And the following unpackaged dependencies:
#11 5.885 *     pyxi vpython-jupyter nmap<v4.23
#11 5.885 * More information can be found at https://scapy.readthedocs.io/en/latest/installation.html#optional-dependencies
#11 5.885 *
#11 5.885 (148/176) Installing scapy-pyc (2.5.0-r3)
#11 5.943 (149/176) Installing util-linux (2.40.1-r1)
#11 6.034 (150/176) Installing dmesg (2.40.1-r1)
#11 6.048 (151/176) Installing setarch (2.40.1-r1)
#11 6.060 (152/176) Installing libuuid (2.40.1-r1)
#11 6.072 (153/176) Installing libfdisk (2.40.1-r1)
#11 6.092 (154/176) Installing libsmartcols (2.40.1-r1)
#11 6.106 (155/176) Installing util-linux-misc (2.40.1-r1)
#11 6.142 (156/176) Installing linux-pam (1.6.0-r0)
#11 6.163 (157/176) Installing runuser (2.40.1-r1)
#11 6.177 (158/176) Installing mount (2.40.1-r1)
#11 6.189 (159/176) Installing losetup (2.40.1-r1)
#11 6.202 (160/176) Installing hexdump (2.40.1-r1)
#11 6.217 (161/176) Installing uuidgen (2.40.1-r1)
#11 6.229 (162/176) Installing blkid (2.40.1-r1)
#11 6.242 (163/176) Installing sfdisk (2.40.1-r1)
#11 6.255 (164/176) Installing mcookie (2.40.1-r1)
#11 6.267 (165/176) Installing agetty (2.40.1-r1)
#11 6.279 (166/176) Installing wipefs (2.40.1-r1)
#11 6.296 (167/176) Installing cfdisk (2.40.1-r1)
#11 6.310 (168/176) Installing umount (2.40.1-r1)
#11 6.321 (169/176) Installing flock (2.40.1-r1)
#11 6.336 (170/176) Installing lsblk (2.40.1-r1)
#11 6.349 (171/176) Installing setpriv (2.40.1-r1)
#11 6.364 (172/176) Installing logger (2.40.1-r1)
#11 6.376 (173/176) Installing partx (2.40.1-r1)
#11 6.388 (174/176) Installing fstrim (2.40.1-r1)
#11 6.400 (175/176) Installing findmnt (2.40.1-r1)
#11 6.412 (176/176) Installing virtme-ng@testing (1.25-r0)
#11 6.471 Executing busybox-1.36.1-r17.trigger
#11 6.476 Executing ca-certificates-20240226-r0.trigger
#11 6.499 Executing glib-2.80.3-r0.trigger
#11 6.506 OK: 385 MiB in 187 packages
#11 DONE 6.9s

#12 [ 8/22] RUN mkdir -p /tmp/kernel-patches &&     mkdir -p /tmp/iproute2-patches
#12 DONE 0.4s

#13 [ 9/22] COPY tdc.config /tmp
#13 DONE 0.0s

#14 [10/22] COPY tdc-debug.config /tmp
#14 DONE 0.1s

#15 [11/22] COPY kernel-patches /tmp/kernel-patches/
#15 DONE 0.0s

#16 [12/22] COPY iproute2-patches /tmp/iproute2-patches/
#16 DONE 0.1s

#17 [13/22] COPY configs /tmp/configs/
#17 DONE 0.0s

#18 [14/22] RUN git config --global user.email foo@bar.com
#18 DONE 0.2s

#19 [15/22] RUN git config --global user.name foo@bar.com
#19 DONE 0.4s

#20 [16/22] RUN git clone https://git.kernel.org/pub/scm/network/iproute2/iproute2-next.git /nipa-data/iproute2
#20 0.452 Cloning into '/nipa-data/iproute2'...
#20 DONE 2.3s

#21 [17/22] RUN cd /nipa-data/iproute2 && 	git remote add stable https://git.kernel.org/pub/scm/network/iproute2/iproute2.git && 	git fetch --all && 	git merge stable/main
#21 0.388 Fetching origin
#21 0.665 Fetching stable
#21 1.242 From https://git.kernel.org/pub/scm/network/iproute2/iproute2
#21 1.242  * [new branch]        codeql         -> stable/codeql
#21 1.242  * [new branch]        iproute2-4.1.x -> stable/iproute2-4.1.x
#21 1.242  * [new branch]        main           -> stable/main
#21 1.278 Merge made by the 'ort' strategy.
#21 1.295  devlink/devlink.c | 4 ++--
#21 1.295  1 file changed, 2 insertions(+), 2 deletions(-)
#21 DONE 1.3s

#22 [18/22] RUN if [ "$(find /tmp/iproute2-patches/ -name *.patch)" ]; then  	cd /nipa-data/iproute2; 	git apply /tmp/iproute2-patches/*.patch;     fi
#22 DONE 0.4s

#23 [19/22] RUN cd /nipa-data/iproute2/ &&     ./configure &&     make
#23 0.390 TC schedulers
#23 0.391  IPT	using xtables
#23 0.418  IPSET  yes
#23 0.437 
#23 0.438 lib directory: /usr/lib
#23 0.438 libc has setns: yes
#23 0.458 libc has name_to_handle_at: yes
#23 0.480 SELinux support: no
#23 0.481 libtirpc support: no
#23 0.482 libbpf support: yes
#23 0.547 	libbpf version 1.4.3
#23 0.547 ELF support: yes
#23 0.549 libmnl support: yes
#23 0.550 Berkeley DB: no
#23 0.559 need for strlcpy: no
#23 0.579 libcap support: yes
#23 0.581 color output: never
#23 0.583 
#23 0.583 lib
#23 0.585     CC       libgenl.o
#23 0.596 In file included from ../include/libgenl.h:5,
#23 0.596                  from libgenl.c:12:
#23 0.596 ../include/libnetlink.h: In function 'rta_getattr_be64':
#23 0.596 ../include/libnetlink.h:280:16: warning: implicit declaration of function 'htobe64' [-Wimplicit-function-declaration]
#23 0.596   280 |         return htobe64(rta_getattr_u64(rta));
#23 0.596       |                ^~~~~~~
#23 0.623     CC       libnetlink.o
#23 0.912     CC       mnl_utils.o
#23 0.923 In file included from mnl_utils.c:12:
#23 0.923 ../include/libnetlink.h: In function 'rta_getattr_be64':
#23 0.923 ../include/libnetlink.h:280:16: warning: implicit declaration of function 'htobe64' [-Wimplicit-function-declaration]
#23 0.923   280 |         return htobe64(rta_getattr_u64(rta));
#23 0.923       |                ^~~~~~~
#23 0.985     AR       libnetlink.a
#23 0.987     CC       utils.o
#23 1.357     CC       utils_math.o
#23 1.403     CC       rt_names.o
#23 1.563     CC       ll_map.o
#23 1.575 In file included from ll_map.c:17:
#23 1.575 ../include/libnetlink.h: In function 'rta_getattr_be64':
#23 1.575 ../include/libnetlink.h:280:16: warning: implicit declaration of function 'htobe64' [-Wimplicit-function-declaration]
#23 1.575   280 |         return htobe64(rta_getattr_u64(rta));
#23 1.575       |                ^~~~~~~
#23 1.667     CC       ll_types.o
#23 1.679 In file included from ll_types.c:20:
#23 1.679 ../include/uapi/linux/sockios.h:42: warning: "SIOCGSTAMP" redefined
#23 1.679    42 | #define SIOCGSTAMP      SIOCGSTAMP_OLD
#23 1.679       | 
#23 1.679 In file included from /usr/include/sys/ioctl.h:10,
#23 1.679                  from ll_types.c:12:
#23 1.679 /usr/include/bits/ioctl.h:111: note: this is the location of the previous definition
#23 1.679   111 | #define SIOCGSTAMP      0x8906
#23 1.679       | 
#23 1.679 ../include/uapi/linux/sockios.h:43: warning: "SIOCGSTAMPNS" redefined
#23 1.679    43 | #define SIOCGSTAMPNS    SIOCGSTAMPNS_OLD
#23 1.679       | 
#23 1.679 /usr/include/bits/ioctl.h:112: note: this is the location of the previous definition
#23 1.679   112 | #define SIOCGSTAMPNS    0x8907
#23 1.679       | 
#23 1.693     CC       ll_proto.o
#23 1.705 In file included from ll_proto.c:21:
#23 1.705 ../include/uapi/linux/sockios.h:42: warning: "SIOCGSTAMP" redefined
#23 1.705    42 | #define SIOCGSTAMP      SIOCGSTAMP_OLD
#23 1.705       | 
#23 1.705 In file included from /usr/include/sys/ioctl.h:10,
#23 1.705                  from ll_proto.c:13:
#23 1.705 /usr/include/bits/ioctl.h:111: note: this is the location of the previous definition
#23 1.705   111 | #define SIOCGSTAMP      0x8906
#23 1.705       | 
#23 1.705 ../include/uapi/linux/sockios.h:43: warning: "SIOCGSTAMPNS" redefined
#23 1.705    43 | #define SIOCGSTAMPNS    SIOCGSTAMPNS_OLD
#23 1.705       | 
#23 1.705 /usr/include/bits/ioctl.h:112: note: this is the location of the previous definition
#23 1.705   112 | #define SIOCGSTAMPNS    0x8907
#23 1.705       | 
#23 1.717     CC       ll_addr.o
#23 1.729 In file included from ll_addr.c:20:
#23 1.729 ../include/uapi/linux/sockios.h:42: warning: "SIOCGSTAMP" redefined
#23 1.729    42 | #define SIOCGSTAMP      SIOCGSTAMP_OLD
#23 1.729       | 
#23 1.729 In file included from /usr/include/sys/ioctl.h:10,
#23 1.729                  from ll_addr.c:12:
#23 1.729 /usr/include/bits/ioctl.h:111: note: this is the location of the previous definition
#23 1.729   111 | #define SIOCGSTAMP      0x8906
#23 1.729       | 
#23 1.729 ../include/uapi/linux/sockios.h:43: warning: "SIOCGSTAMPNS" redefined
#23 1.729    43 | #define SIOCGSTAMPNS    SIOCGSTAMPNS_OLD
#23 1.729       | 
#23 1.729 /usr/include/bits/ioctl.h:112: note: this is the location of the previous definition
#23 1.729   112 | #define SIOCGSTAMPNS    0x8907
#23 1.729       | 
#23 1.755     CC       inet_proto.o
#23 1.781     CC       namespace.o
#23 1.832     CC       json_writer.o
#23 1.907     CC       json_print.o
#23 2.020     CC       json_print_math.o
#23 2.049     CC       names.o
#23 2.091     CC       color.o
#23 2.129     CC       bpf_legacy.o
#23 2.509     CC       bpf_glue.o
#23 2.554     CC       exec.o
#23 2.582     CC       fs.o
#23 2.641     CC       cg_map.o
#23 2.674     CC       ppp_proto.o
#23 2.695     CC       bpf_libbpf.o
#23 2.778     CC       selinux.o
#23 2.797     CC       ax25_ntop.o
#23 2.825     CC       rose_ntop.o
#23 2.839 In file included from rose_ntop.c:16:
#23 2.839 ../include/uapi/linux/sockios.h:42: warning: "SIOCGSTAMP" redefined
#23 2.839    42 | #define SIOCGSTAMP      SIOCGSTAMP_OLD
#23 2.839       | 
#23 2.839 In file included from /usr/include/sys/ioctl.h:10,
#23 2.839                  from rose_ntop.c:7:
#23 2.839 /usr/include/bits/ioctl.h:111: note: this is the location of the previous definition
#23 2.839   111 | #define SIOCGSTAMP      0x8906
#23 2.839       | 
#23 2.839 ../include/uapi/linux/sockios.h:43: warning: "SIOCGSTAMPNS" redefined
#23 2.839    43 | #define SIOCGSTAMPNS    SIOCGSTAMPNS_OLD
#23 2.839       | 
#23 2.839 /usr/include/bits/ioctl.h:112: note: this is the location of the previous definition
#23 2.839   112 | #define SIOCGSTAMPNS    0x8907
#23 2.839       | 
#23 2.858     CC       mpls_ntop.o
#23 2.888     CC       mpls_pton.o
#23 2.916     CC       netrom_ntop.o
#23 2.936     AR       libutil.a
#23 2.941 
#23 2.941 ip
#23 2.943     CC       ip.o
#23 3.013     CC       ipaddress.o
#23 3.029 In file included from ipaddress.c:26:
#23 3.029 ../include/uapi/linux/sockios.h:42: warning: "SIOCGSTAMP" redefined
#23 3.029    42 | #define SIOCGSTAMP      SIOCGSTAMP_OLD
#23 3.029       | 
#23 3.030 In file included from /usr/include/sys/ioctl.h:10,
#23 3.030                  from ipaddress.c:14:
#23 3.030 /usr/include/bits/ioctl.h:111: note: this is the location of the previous definition
#23 3.030   111 | #define SIOCGSTAMP      0x8906
#23 3.030       | 
#23 3.030 ../include/uapi/linux/sockios.h:43: warning: "SIOCGSTAMPNS" redefined
#23 3.030    43 | #define SIOCGSTAMPNS    SIOCGSTAMPNS_OLD
#23 3.030       | 
#23 3.030 /usr/include/bits/ioctl.h:112: note: this is the location of the previous definition
#23 3.030   112 | #define SIOCGSTAMPNS    0x8907
#23 3.030       | 
#23 3.457     CC       ipaddrlabel.o
#23 3.520     CC       iproute.o
#23 4.030     CC       iprule.o
#23 4.219     CC       ipnetns.o
#23 4.400     CC       rtm_map.o
#23 4.435     CC       iptunnel.o
#23 4.446 In file included from ../include/uapi/linux/if_tunnel.h:6,
#23 4.446                  from iptunnel.c:19:
#23 4.446 ../include/uapi/linux/if.h:134: warning: "IFF_VOLATILE" redefined
#23 4.446   134 | #define IFF_VOLATILE    (IFF_LOOPBACK|IFF_POINTOPOINT|IFF_BROADCAST|IFF_ECHO|\
#23 4.446       | 
#23 4.446 In file included from iptunnel.c:16:
#23 4.446 /usr/include/net/if.h:48: note: this is the location of the previous definition
#23 4.446    48 | #define IFF_VOLATILE (IFF_LOOPBACK|IFF_POINTOPOINT|IFF_BROADCAST| \
#23 4.446       | 
#23 4.577     CC       ip6tunnel.o
#23 4.683     CC       tunnel.o
#23 4.771     CC       ipneigh.o
#23 4.933     CC       ipntable.o
#23 5.047     CC       iplink.o
#23 5.325     CC       ipmaddr.o
#23 5.342 In file included from ipmaddr.c:21:
#23 5.342 ../include/uapi/linux/sockios.h:42: warning: "SIOCGSTAMP" redefined
#23 5.342    42 | #define SIOCGSTAMP      SIOCGSTAMP_OLD
#23 5.342       | 
#23 5.342 In file included from /usr/include/sys/ioctl.h:10,
#23 5.342                  from ipmaddr.c:12:
#23 5.342 /usr/include/bits/ioctl.h:111: note: this is the location of the previous definition
#23 5.342   111 | #define SIOCGSTAMP      0x8906
#23 5.342       | 
#23 5.342 ../include/uapi/linux/sockios.h:43: warning: "SIOCGSTAMPNS" redefined
#23 5.342    43 | #define SIOCGSTAMPNS    SIOCGSTAMPNS_OLD
#23 5.342       | 
#23 5.342 /usr/include/bits/ioctl.h:112: note: this is the location of the previous definition
#23 5.342   112 | #define SIOCGSTAMPNS    0x8907
#23 5.342       | 
#23 5.425     CC       ipmonitor.o
#23 5.501     CC       ipmroute.o
#23 5.513 In file included from ipmroute.c:22:
#23 5.513 ../include/uapi/linux/sockios.h:42: warning: "SIOCGSTAMP" redefined
#23 5.513    42 | #define SIOCGSTAMP      SIOCGSTAMP_OLD
#23 5.513       | 
#23 5.513 In file included from /usr/include/sys/ioctl.h:10,
#23 5.513                  from ipmroute.c:13:
#23 5.513 /usr/include/bits/ioctl.h:111: note: this is the location of the previous definition
#23 5.513   111 | #define SIOCGSTAMP      0x8906
#23 5.513       | 
#23 5.513 ../include/uapi/linux/sockios.h:43: warning: "SIOCGSTAMPNS" redefined
#23 5.513    43 | #define SIOCGSTAMPNS    SIOCGSTAMPNS_OLD
#23 5.513       | 
#23 5.513 /usr/include/bits/ioctl.h:112: note: this is the location of the previous definition
#23 5.513   112 | #define SIOCGSTAMPNS    0x8907
#23 5.513       | 
#23 5.572     CC       ipprefix.o
#23 5.603     CC       iptuntap.o
#23 5.707     CC       iptoken.o
#23 5.760     CC       ipxfrm.o
#23 6.071     CC       xfrm_state.o
#23 6.342     CC       xfrm_policy.o
#23 6.569     CC       xfrm_monitor.o
#23 6.646     CC       iplink_dummy.o
#23 6.669     CC       iplink_ifb.o
#23 6.691     CC       iplink_nlmon.o
#23 6.714     CC       iplink_team.o
#23 6.737     CC       iplink_vcan.o
#23 6.759     CC       iplink_vxcan.o
#23 6.786     CC       iplink_vlan.o
#23 6.856     CC       link_veth.o
#23 6.887     CC       link_gre.o
#23 6.897 In file included from ../include/uapi/linux/if_tunnel.h:6,
#23 6.897                  from link_gre.c:15:
#23 6.897 ../include/uapi/linux/if.h:134: warning: "IFF_VOLATILE" redefined
#23 6.897   134 | #define IFF_VOLATILE    (IFF_LOOPBACK|IFF_POINTOPOINT|IFF_BROADCAST|IFF_ECHO|\
#23 6.897       | 
#23 6.897 In file included from link_gre.c:9:
#23 6.897 /usr/include/net/if.h:48: note: this is the location of the previous definition
#23 6.897    48 | #define IFF_VOLATILE (IFF_LOOPBACK|IFF_POINTOPOINT|IFF_BROADCAST| \
#23 6.897       | 
#23 7.015     CC       iplink_can.o
#23 7.170     CC       iplink_xdp.o
#23 7.242     CC       iplink_macvlan.o
#23 7.312     CC       ipl2tp.o
#23 7.469     CC       link_vti.o
#23 7.480 In file included from ../include/uapi/linux/if_tunnel.h:6,
#23 7.480                  from link_vti.c:16:
#23 7.480 ../include/uapi/linux/if.h:134: warning: "IFF_VOLATILE" redefined
#23 7.480   134 | #define IFF_VOLATILE    (IFF_LOOPBACK|IFF_POINTOPOINT|IFF_BROADCAST|IFF_ECHO|\
#23 7.480       | 
#23 7.480 In file included from link_vti.c:10:
#23 7.480 /usr/include/net/if.h:48: note: this is the location of the previous definition
#23 7.480    48 | #define IFF_VOLATILE (IFF_LOOPBACK|IFF_POINTOPOINT|IFF_BROADCAST| \
#23 7.480       | 
#23 7.526     CC       link_vti6.o
#23 7.536 In file included from ../include/uapi/linux/if_tunnel.h:6,
#23 7.536                  from link_vti6.c:17:
#23 7.536 ../include/uapi/linux/if.h:134: warning: "IFF_VOLATILE" redefined
#23 7.536   134 | #define IFF_VOLATILE    (IFF_LOOPBACK|IFF_POINTOPOINT|IFF_BROADCAST|IFF_ECHO|\
#23 7.536       | 
#23 7.536 In file included from link_vti6.c:11:
#23 7.536 /usr/include/net/if.h:48: note: this is the location of the previous definition
#23 7.536    48 | #define IFF_VOLATILE (IFF_LOOPBACK|IFF_POINTOPOINT|IFF_BROADCAST| \
#23 7.536       | 
#23 7.582     CC       link_xfrm.o
#23 7.618     CC       iplink_vxlan.o
#23 7.822     CC       tcp_metrics.o
#23 7.928     CC       iplink_ipoib.o
#23 7.975     CC       ipnetconf.o
#23 8.031     CC       link_ip6tnl.o
#23 8.042 In file included from ../include/uapi/linux/if_tunnel.h:6,
#23 8.042                  from link_ip6tnl.c:15:
#23 8.042 ../include/uapi/linux/if.h:134: warning: "IFF_VOLATILE" redefined
#23 8.042   134 | #define IFF_VOLATILE    (IFF_LOOPBACK|IFF_POINTOPOINT|IFF_BROADCAST|IFF_ECHO|\
#23 8.042       | 
#23 8.042 In file included from link_ip6tnl.c:9:
#23 8.042 /usr/include/net/if.h:48: note: this is the location of the previous definition
#23 8.042    48 | #define IFF_VOLATILE (IFF_LOOPBACK|IFF_POINTOPOINT|IFF_BROADCAST| \
#23 8.042       | 
#23 8.149     CC       link_iptnl.o
#23 8.160 In file included from ../include/uapi/linux/if_tunnel.h:6,
#23 8.160                  from link_iptnl.c:16:
#23 8.160 ../include/uapi/linux/if.h:134: warning: "IFF_VOLATILE" redefined
#23 8.160   134 | #define IFF_VOLATILE    (IFF_LOOPBACK|IFF_POINTOPOINT|IFF_BROADCAST|IFF_ECHO|\
#23 8.160       | 
#23 8.160 In file included from link_iptnl.c:9:
#23 8.160 /usr/include/net/if.h:48: note: this is the location of the previous definition
#23 8.160    48 | #define IFF_VOLATILE (IFF_LOOPBACK|IFF_POINTOPOINT|IFF_BROADCAST| \
#23 8.160       | 
#23 8.248     CC       link_gre6.o
#23 8.258 In file included from ../include/uapi/linux/if_tunnel.h:6,
#23 8.258                  from link_gre6.c:15:
#23 8.258 ../include/uapi/linux/if.h:134: warning: "IFF_VOLATILE" redefined
#23 8.258   134 | #define IFF_VOLATILE    (IFF_LOOPBACK|IFF_POINTOPOINT|IFF_BROADCAST|IFF_ECHO|\
#23 8.258       | 
#23 8.258 In file included from link_gre6.c:9:
#23 8.258 /usr/include/net/if.h:48: note: this is the location of the previous definition
#23 8.258    48 | #define IFF_VOLATILE (IFF_LOOPBACK|IFF_POINTOPOINT|IFF_BROADCAST| \
#23 8.258       | 
#23 8.375     CC       iplink_bond.o
#23 8.555     CC       iplink_bond_slave.o
#23 8.607     CC       iplink_hsr.o
#23 8.656     CC       iplink_bridge.o
#23 8.821     CC       iplink_bridge_slave.o
#23 8.918     CC       iplink_dsa.o
#23 8.950     CC       ipfou.o
#23 8.964 In file included from ../include/libgenl.h:5,
#23 8.964                  from ipfou.c:18:
#23 8.964 ../include/libnetlink.h: In function 'rta_getattr_be64':
#23 8.964 ../include/libnetlink.h:280:16: warning: implicit declaration of function 'htobe64' [-Wimplicit-function-declaration]
#23 8.964   280 |         return htobe64(rta_getattr_u64(rta));
#23 8.964       |                ^~~~~~~
#23 9.031     CC       iplink_ipvlan.o
#23 9.070     CC       iplink_geneve.o
#23 9.163     CC       iplink_vrf.o
#23 9.210     CC       iproute_lwtunnel.o
#23 9.601     CC       ipmacsec.o
#23 9.841     CC       ipila.o
#23 9.854 In file included from ../include/libgenl.h:5,
#23 9.854                  from ipila.c:18:
#23 9.854 ../include/libnetlink.h: In function 'rta_getattr_be64':
#23 9.854 ../include/libnetlink.h:280:16: warning: implicit declaration of function 'htobe64' [-Wimplicit-function-declaration]
#23 9.854   280 |         return htobe64(rta_getattr_u64(rta));
#23 9.854       |                ^~~~~~~
#23 9.918     CC       ipvrf.o
#23 10.02     CC       iplink_xstats.o
#23 10.06     CC       ipseg6.o
#23 10.11     CC       iplink_netdevsim.o
#23 10.14     CC       iplink_rmnet.o
#23 10.17     CC       ipnexthop.o
#23 10.41     CC       ipmptcp.o
#23 10.53     CC       iplink_bareudp.o
#23 10.54 In file included from iplink_bareudp.c:9:
#23 10.54 ../include/libnetlink.h: In function 'rta_getattr_be64':
#23 10.54 ../include/libnetlink.h:280:16: warning: implicit declaration of function 'htobe64' [-Wimplicit-function-declaration]
#23 10.54   280 |         return htobe64(rta_getattr_u64(rta));
#23 10.54       |                ^~~~~~~
#23 10.57     CC       iplink_wwan.o
#23 10.60     CC       ipioam6.o
#23 10.68     CC       iplink_amt.o
#23 10.73     CC       iplink_batadv.o
#23 10.76     CC       iplink_gtp.o
#23 10.80     CC       iplink_virt_wifi.o
#23 10.82     CC       iplink_netkit.o
#23 10.86     CC       ipstats.o
#23 11.07     LINK     ip
#23 11.10     CC       rtmon.o
#23 11.15     LINK     rtmon
#23 11.16 
#23 11.16 tc
#23 11.17     CC       tc.o
#23 11.26     CC       tc_qdisc.o
#23 11.37     CC       tc_class.o
#23 11.49     CC       tc_filter.o
#23 11.65     CC       tc_util.o
#23 11.83     CC       tc_monitor.o
#23 11.87     CC       tc_exec.o
#23 11.90     CC       m_police.o
#23 11.99     CC       m_estimator.o
#23 12.02     CC       m_action.o
#23 12.17     CC       m_ematch.o
#23 12.28     YACC     emp_ematch.tab.c
#23 12.34     CC       emp_ematch.tab.o
#23 12.47     LEX      emp_ematch.lex.c
#23 12.47     CC       emp_ematch.lex.o
#23 12.66     CC       q_fifo.o
#23 12.70     CC       q_sfq.o
#23 12.78     CC       q_red.o
#23 12.86     CC       q_prio.o
#23 12.91     CC       q_skbprio.o
#23 12.94     CC       q_tbf.o
#23 13.04     CC       q_multiq.o
#23 13.08     CC       q_netem.o
#23 13.29     CC       q_choke.o
#23 13.35     CC       q_sfb.o
#23 13.41     CC       f_u32.o
#23 13.71     CC       f_route.o
#23 13.76     CC       f_fw.o
#23 13.80     CC       f_basic.o
#23 13.85     CC       f_bpf.o
#23 13.92     CC       f_flow.o
#23 14.01     CC       f_cgroup.o
#23 14.05     CC       f_flower.o
#23 14.06 In file included from ../include/uapi/linux/netdevice.h:29,
#23 14.06                  from ../include/uapi/linux/if_arp.h:27,
#23 14.06                  from f_flower.c:14:
#23 14.06 ../include/uapi/linux/if.h:134: warning: "IFF_VOLATILE" redefined
#23 14.06   134 | #define IFF_VOLATILE    (IFF_LOOPBACK|IFF_POINTOPOINT|IFF_BROADCAST|IFF_ECHO|\
#23 14.06       | 
#23 14.06 In file included from f_flower.c:12:
#23 14.06 /usr/include/net/if.h:48: note: this is the location of the previous definition
#23 14.06    48 | #define IFF_VOLATILE (IFF_LOOPBACK|IFF_POINTOPOINT|IFF_BROADCAST| \
#23 14.06       | 
#23 14.63     CC       q_gred.o
#23 14.75     CC       q_ingress.o
#23 14.78     CC       q_hfsc.o
#23 14.88     CC       q_htb.o
#23 14.98     CC       q_drr.o
#23 15.02     CC       q_qfq.o
#23 15.06     CC       m_gact.o
#23 15.11     CC       m_mirred.o
#23 15.18     CC       m_mpls.o
#23 15.26     CC       m_nat.o
#23 15.32     CC       m_pedit.o
#23 15.46     CC       m_ife.o
#23 15.53     CC       m_skbedit.o
#23 15.59     CC       m_skbmod.o
#23 15.65     CC       m_csum.o
#23 15.71     CC       m_simple.o
#23 15.76     CC       m_vlan.o
#23 15.83     CC       m_connmark.o
#23 15.88     CC       m_ctinfo.o
#23 15.93     CC       m_bpf.o
#23 15.99     CC       m_tunnel_key.o
#23 16.10     CC       m_sample.o
#23 16.15     CC       m_ct.o
#23 16.26     CC       m_gate.o
#23 16.35     CC       p_ip.o
#23 16.40     CC       p_ip6.o
#23 16.43     CC       p_icmp.o
#23 16.45     CC       p_eth.o
#23 16.48     CC       p_tcp.o
#23 16.51     CC       p_udp.o
#23 16.54     CC       em_nbyte.o
#23 16.59     CC       em_cmp.o
#23 16.64     CC       em_u32.o
#23 16.69     CC       em_canid.o
#23 16.74     CC       em_meta.o
#23 16.84     CC       q_mqprio.o
#23 16.95     CC       q_codel.o
#23 17.00     CC       q_fq_codel.o
#23 17.08     CC       q_fq.o
#23 17.20     CC       q_pie.o
#23 17.26     CC       q_fq_pie.o
#23 17.32     CC       q_cake.o
#23 17.50     CC       q_hhf.o
#23 17.56     CC       q_clsact.o
#23 17.59     CC       e_bpf.o
#23 17.66     CC       f_matchall.o
#23 17.71     CC       q_cbs.o
#23 17.75     CC       q_etf.o
#23 17.81     CC       q_taprio.o
#23 17.93     CC       q_plug.o
#23 17.97     CC       q_ets.o
#23 18.05     CC       em_ipt.o
#23 18.07 In file included from tc_util.h:7,
#23 18.07                  from m_ematch.h:11,
#23 18.07                  from em_ipt.c:13:
#23 18.07 ../include/uapi/linux/if.h:134: warning: "IFF_VOLATILE" redefined
#23 18.07   134 | #define IFF_VOLATILE    (IFF_LOOPBACK|IFF_POINTOPOINT|IFF_BROADCAST|IFF_ECHO|\
#23 18.07       | 
#23 18.07 In file included from ../include/xtables.h:17,
#23 18.07                  from em_ipt.c:12:
#23 18.07 /usr/include/net/if.h:48: note: this is the location of the previous definition
#23 18.07    48 | #define IFF_VOLATILE (IFF_LOOPBACK|IFF_POINTOPOINT|IFF_BROADCAST| \
#23 18.07       | 
#23 18.10     CC       em_ipset.o
#23 18.12 In file included from tc_util.h:7,
#23 18.12                  from m_ematch.h:11,
#23 18.12                  from em_ipset.c:39:
#23 18.12 ../include/uapi/linux/if.h:134: warning: "IFF_VOLATILE" redefined
#23 18.12   134 | #define IFF_VOLATILE    (IFF_LOOPBACK|IFF_POINTOPOINT|IFF_BROADCAST|IFF_ECHO|\
#23 18.12       | 
#23 18.12 In file included from ../include/xtables.h:17,
#23 18.12                  from em_ipset.c:23:
#23 18.12 /usr/include/net/if.h:48: note: this is the location of the previous definition
#23 18.12    48 | #define IFF_VOLATILE (IFF_LOOPBACK|IFF_POINTOPOINT|IFF_BROADCAST| \
#23 18.12       | 
#23 18.15     CC       tc_core.o
#23 18.23     CC       tc_red.o
#23 18.27     CC       tc_estimator.o
#23 18.30     CC       tc_stab.o
#23 18.36     CC       tc_qevent.o
#23 18.37 In file included from tc_qevent.h:7,
#23 18.37                  from tc_qevent.c:10:
#23 18.37 ../include/libnetlink.h: In function 'rta_getattr_be64':
#23 18.37 ../include/libnetlink.h:280:16: warning: implicit declaration of function 'htobe64' [-Wimplicit-function-declaration]
#23 18.37   280 |         return htobe64(rta_getattr_u64(rta));
#23 18.37       |                ^~~~~~~
#23 18.41     AR       libtc.a
#23 18.42     LINK     tc
#23 18.45 rm emp_ematch.lex.c
#23 18.45 
#23 18.45 bridge
#23 18.45     CC       bridge.o
#23 18.50     CC       fdb.o
#23 18.51 In file included from fdb.c:28:
#23 18.51 ../include/libnetlink.h: In function 'rta_getattr_be64':
#23 18.51 ../include/libnetlink.h:280:16: warning: implicit declaration of function 'htobe64' [-Wimplicit-function-declaration]
#23 18.51   280 |         return htobe64(rta_getattr_u64(rta));
#23 18.51       |                ^~~~~~~
#23 18.68     CC       monitor.o
#23 18.72     CC       link.o
#23 18.74 In file included from link.c:16:
#23 18.74 ../include/libnetlink.h: In function 'rta_getattr_be64':
#23 18.74 ../include/libnetlink.h:280:16: warning: implicit declaration of function 'htobe64' [-Wimplicit-function-declaration]
#23 18.74   280 |         return htobe64(rta_getattr_u64(rta));
#23 18.74       |                ^~~~~~~
#23 18.90     CC       mdb.o
#23 18.91 In file included from mdb.c:20:
#23 18.91 ../include/libnetlink.h: In function 'rta_getattr_be64':
#23 18.91 ../include/libnetlink.h:280:16: warning: implicit declaration of function 'htobe64' [-Wimplicit-function-declaration]
#23 18.91   280 |         return htobe64(rta_getattr_u64(rta));
#23 18.91       |                ^~~~~~~
#23 19.12     CC       vlan.o
#23 19.13 In file included from vlan.c:16:
#23 19.13 ../include/libnetlink.h: In function 'rta_getattr_be64':
#23 19.13 ../include/libnetlink.h:280:16: warning: implicit declaration of function 'htobe64' [-Wimplicit-function-declaration]
#23 19.13   280 |         return htobe64(rta_getattr_u64(rta));
#23 19.13       |                ^~~~~~~
#23 19.34     CC       vni.o
#23 19.35 In file included from vni.c:21:
#23 19.35 ../include/libnetlink.h: In function 'rta_getattr_be64':
#23 19.35 ../include/libnetlink.h:280:16: warning: implicit declaration of function 'htobe64' [-Wimplicit-function-declaration]
#23 19.35   280 |         return htobe64(rta_getattr_u64(rta));
#23 19.35       |                ^~~~~~~
#23 19.42     LINK     bridge
#23 19.44 
#23 19.44 misc
#23 19.44     CC       ss.o
#23 19.46 In file included from ../include/uapi/linux/tipc.h:42,
#23 19.46                  from ss.c:49:
#23 19.46 ../include/uapi/linux/sockios.h:42: warning: "SIOCGSTAMP" redefined
#23 19.46    42 | #define SIOCGSTAMP      SIOCGSTAMP_OLD
#23 19.46       | 
#23 19.46 In file included from /usr/include/sys/ioctl.h:10,
#23 19.46                  from ss.c:12:
#23 19.46 /usr/include/bits/ioctl.h:111: note: this is the location of the previous definition
#23 19.46   111 | #define SIOCGSTAMP      0x8906
#23 19.46       | 
#23 19.46 ../include/uapi/linux/sockios.h:43: warning: "SIOCGSTAMPNS" redefined
#23 19.46    43 | #define SIOCGSTAMPNS    SIOCGSTAMPNS_OLD
#23 19.46       | 
#23 19.46 /usr/include/bits/ioctl.h:112: note: this is the location of the previous definition
#23 19.46   112 | #define SIOCGSTAMPNS    0x8907
#23 19.46       | 
#23 20.38     CC       ssfilter_check.o
#23 20.40 In file included from ssfilter_check.c:6:
#23 20.40 ../include/libnetlink.h: In function 'rta_getattr_be64':
#23 20.40 ../include/libnetlink.h:280:16: warning: implicit declaration of function 'htobe64' [-Wimplicit-function-declaration]
#23 20.40   280 |         return htobe64(rta_getattr_u64(rta));
#23 20.40       |                ^~~~~~~
#23 20.41     YACC     ssfilter.tab.c
#23 20.48     CC       ssfilter.tab.o
#23 20.60     LINK     ss
#23 20.62     CC       nstat
#23 20.77     CC       ifstat
#23 20.78 In file included from ifstat.c:30:
#23 20.78 ../include/libnetlink.h: In function 'rta_getattr_be64':
#23 20.78 ../include/libnetlink.h:280:16: warning: implicit declaration of function 'htobe64' [-Wimplicit-function-declaration]
#23 20.78   280 |         return htobe64(rta_getattr_u64(rta));
#23 20.78       |                ^~~~~~~
#23 20.96     CC       rtacct
#23 21.08     CC       lnstat.o
#23 21.15     CC       lnstat_util.o
#23 21.21     LINK     lnstat
#23 21.22 
#23 21.22 netem
#23 21.22 gcc  -I../include -o maketable maketable.c -lm
#23 21.26 gcc  -I../include -o normal normal.c -lm
#23 21.29 gcc  -I../include -o pareto pareto.c -lm
#23 21.31 gcc  -I../include -o paretonormal paretonormal.c -lm
#23 21.34 ./normal > normal.dist
#23 21.35 ./pareto > pareto.dist
#23 21.35 ./paretonormal > paretonormal.dist
#23 21.36 ./maketable experimental.dat > experimental.dist
#23 21.37 
#23 21.37 genl
#23 21.37     CC       genl.o
#23 21.41     CC       ctrl.o
#23 21.48     LINK     genl
#23 21.49 
#23 21.49 man
#23 21.49 make[2]: Nothing to be done for 'all'.
#23 21.50 make[2]: Nothing to be done for 'all'.
#23 21.50 sed \
#23 21.50 	-e "s|@NETNS_ETC_DIR@|/etc/netns|g" \
#23 21.50 	-e "s|@NETNS_RUN_DIR@|/var/run/netns|g" \
#23 21.50 	-e "s|@SYSCONF_ETC_DIR@|/etc/iproute2|g" \
#23 21.50 	-e "s|@SYSCONF_USR_DIR@|/usr/share/iproute2|g" \
#23 21.50 	ip-address.8.in > ip-address.8
#23 21.50 sed \
#23 21.50 	-e "s|@NETNS_ETC_DIR@|/etc/netns|g" \
#23 21.50 	-e "s|@NETNS_RUN_DIR@|/var/run/netns|g" \
#23 21.50 	-e "s|@SYSCONF_ETC_DIR@|/etc/iproute2|g" \
#23 21.50 	-e "s|@SYSCONF_USR_DIR@|/usr/share/iproute2|g" \
#23 21.50 	ip-link.8.in > ip-link.8
#23 21.50 sed \
#23 21.50 	-e "s|@NETNS_ETC_DIR@|/etc/netns|g" \
#23 21.50 	-e "s|@NETNS_RUN_DIR@|/var/run/netns|g" \
#23 21.50 	-e "s|@SYSCONF_ETC_DIR@|/etc/iproute2|g" \
#23 21.50 	-e "s|@SYSCONF_USR_DIR@|/usr/share/iproute2|g" \
#23 21.50 	ip-netns.8.in > ip-netns.8
#23 21.51 sed \
#23 21.51 	-e "s|@NETNS_ETC_DIR@|/etc/netns|g" \
#23 21.51 	-e "s|@NETNS_RUN_DIR@|/var/run/netns|g" \
#23 21.51 	-e "s|@SYSCONF_ETC_DIR@|/etc/iproute2|g" \
#23 21.51 	-e "s|@SYSCONF_USR_DIR@|/usr/share/iproute2|g" \
#23 21.51 	ip-route.8.in > ip-route.8
#23 21.51 
#23 21.51 tipc
#23 21.51     CC       bearer.o
#23 21.70     CC       cmdl.o
#23 21.74     CC       link.o
#23 21.95     CC       media.o
#23 22.00     CC       misc.o
#23 22.06     CC       msg.o
#23 22.08     CC       nametable.o
#23 22.12     CC       node.o
#23 22.21     CC       socket.o
#23 22.24     CC       peer.o
#23 22.28     CC       tipc.o
#23 22.31     LINK     tipc
#23 22.32 
#23 22.32 devlink
#23 22.33     CC       devlink.o
#23 24.02     CC       mnlg.o
#23 24.03 In file included from mnlg.c:16:
#23 24.03 ../include/libnetlink.h: In function 'rta_getattr_be64':
#23 24.03 ../include/libnetlink.h:280:16: warning: implicit declaration of function 'htobe64' [-Wimplicit-function-declaration]
#23 24.03   280 |         return htobe64(rta_getattr_u64(rta));
#23 24.03       |                ^~~~~~~
#23 24.06     LINK     devlink
#23 24.08 
#23 24.08 rdma
#23 24.08     CC       rdma.o
#23 24.10 rdma.c: In function 'main':
#23 24.10 rdma.c:110:20: warning: implicit declaration of function 'basename'; did you mean 'rename'? [-Wimplicit-function-declaration]
#23 24.10   110 |         filename = basename(argv[0]);
#23 24.10       |                    ^~~~~~~~
#23 24.10       |                    rename
#23 24.10 rdma.c:110:18: warning: assignment to 'char *' from 'int' makes pointer from integer without a cast [-Wint-conversion]
#23 24.10   110 |         filename = basename(argv[0]);
#23 24.10       |                  ^
#23 24.13     CC       utils.o
#23 24.32     CC       dev.o
#23 24.39     CC       link.o
#23 24.46     CC       res.o
#23 24.58     CC       res-pd.o
#23 24.62     CC       res-mr.o
#23 24.67     CC       res-cq.o
#23 24.71     CC       res-cmid.o
#23 24.78     CC       res-qp.o
#23 24.83     CC       sys.o
#23 24.88     CC       stat.o
#23 25.11     CC       stat-mr.o
#23 25.15     CC       res-ctx.o
#23 25.19     CC       res-srq.o
#23 25.25     LINK     rdma
#23 25.27 
#23 25.27 dcb
#23 25.27     CC       dcb.o
#23 25.28 In file included from ../include/namespace.h:10,
#23 25.28                  from dcb.c:11:
#23 25.28 ../include/libnetlink.h: In function 'rta_getattr_be64':
#23 25.28 ../include/libnetlink.h:280:16: warning: implicit declaration of function 'htobe64' [-Wimplicit-function-declaration]
#23 25.28   280 |         return htobe64(rta_getattr_u64(rta));
#23 25.28       |                ^~~~~~~
#23 25.38     CC       dcb_app.o
#23 25.58     CC       dcb_buffer.o
#23 25.65     CC       dcb_dcbx.o
#23 25.70     CC       dcb_ets.o
#23 25.78     CC       dcb_maxrate.o
#23 25.84     CC       dcb_pfc.o
#23 25.90     CC       dcb_apptrust.o
#23 25.96     CC       dcb_rewr.o
#23 26.04     LINK     dcb
#23 26.05 
#23 26.05 vdpa
#23 26.05     CC       vdpa.o
#23 26.23     LINK     vdpa
#23 DONE 26.3s

#24 [20/22] RUN git clone --no-single-branch --depth=1 https://github.com/linux-netdev/testing.git /nipa-data/kernel
#24 0.394 Cloning into '/nipa-data/kernel'...
#24 25.11 Updating files:  15% (12933/83283)Updating files:  16% (13326/83283)Updating files:  17% (14159/83283)Updating files:  18% (14991/83283)Updating files:  19% (15824/83283)Updating files:  20% (16657/83283)Updating files:  21% (17490/83283)Updating files:  22% (18323/83283)Updating files:  23% (19156/83283)Updating files:  24% (19988/83283)Updating files:  25% (20821/83283)Updating files:  26% (21654/83283)Updating files:  27% (22487/83283)Updating files:  28% (23320/83283)Updating files:  29% (24153/83283)Updating files:  30% (24985/83283)Updating files:  31% (25818/83283)Updating files:  32% (26651/83283)Updating files:  32% (27045/83283)Updating files:  33% (27484/83283)Updating files:  34% (28317/83283)Updating files:  35% (29150/83283)Updating files:  36% (29982/83283)Updating files:  37% (30815/83283)Updating files:  38% (31648/83283)Updating files:  39% (32481/83283)Updating files:  40% (33314/83283)Updating files:  40% (33498/83283)Updating files:  41% (34147/83283)Updating files:  42% (34979/83283)Updating files:  43% (35812/83283)Updating files:  44% (36645/83283)Updating files:  45% (37478/83283)Updating files:  46% (38311/83283)Updating files:  47% (39144/83283)Updating files:  48% (39976/83283)Updating files:  48% (40412/83283)Updating files:  49% (40809/83283)Updating files:  50% (41642/83283)Updating files:  51% (42475/83283)Updating files:  52% (43308/83283)Updating files:  53% (44140/83283)Updating files:  54% (44973/83283)Updating files:  55% (45806/83283)Updating files:  56% (46639/83283)Updating files:  57% (47472/83283)Updating files:  58% (48305/83283)Updating files:  59% (49137/83283)Updating files:  60% (49970/83283)Updating files:  60% (50711/83283)Updating files:  61% (50803/83283)Updating files:  62% (51636/83283)Updating files:  63% (52469/83283)Updating files:  64% (53302/83283)Updating files:  65% (54134/83283)Updating files:  66% (54967/83283)Updating files:  67% (55800/83283)Updating files:  68% (56633/83283)Updating files:  69% (57466/83283)Updating files:  70% (58299/83283)Updating files:  71% (59131/83283)Updating files:  72% (59964/83283)Updating files:  73% (60797/83283)Updating files:  74% (61630/83283)Updating files:  75% (62463/83283)Updating files:  76% (63296/83283)Updating files:  76% (63695/83283)Updating files:  77% (64128/83283)Updating files:  78% (64961/83283)Updating files:  79% (65794/83283)Updating files:  80% (66627/83283)Updating files:  81% (67460/83283)Updating files:  82% (68293/83283)Updating files:  83% (69125/83283)Updating files:  84% (69958/83283)Updating files:  85% (70791/83283)Updating files:  86% (71624/83283)Updating files:  87% (72457/83283)Updating files:  88% (73290/83283)Updating files:  89% (74122/83283)Updating files:  90% (74955/83283)Updating files:  91% (75788/83283)Updating files:  92% (76621/83283)Updating files:  93% (77454/83283)Updating files:  94% (78287/83283)Updating files:  95% (79119/83283)Updating files:  95% (79453/83283)Updating files:  96% (79952/83283)Updating files:  97% (80785/83283)Updating files:  98% (81618/83283)Updating files:  99% (82451/83283)Updating files: 100% (83283/83283)Updating files: 100% (83283/83283), done.
#24 DONE 33.1s

#25 [21/22] RUN git clone --depth=1 -b main https://github.com/p4tc-dev/new-nipa.git nipa
#25 0.356 Cloning into 'nipa'...
#25 DONE 0.7s

#26 [22/22] COPY entrypoint.sh /entrypoint.sh
#26 DONE 0.1s

#27 exporting to image
#27 exporting layers
#27 exporting layers 9.0s done
#27 writing image sha256:436fcf603ad6697453e6a6a398ddc8c24ff31b6e7f3008bceb25ccf5cdc59a98
#27 writing image sha256:436fcf603ad6697453e6a6a398ddc8c24ff31b6e7f3008bceb25ccf5cdc59a98 0.1s done
#27 naming to docker.io/library/nipa-executor
#27 naming to docker.io/library/nipa-executor 0.2s done
#27 DONE 9.3s
NIPA version: 1b9c21a (ui: set canvas background color to stand out, 2024-03-28)
INFO: Last run date: 2024-06-20 21:00:01.780010+00:00
Testing  {'branch': 'net-next-2024-06-21--00-00', 'date': '2024-06-21T00:00:03.514596+00:00', 'base': 'a6ec08beec9ea93f342d6daeac922208709694dc', 'url': 'https://github.com/linux-netdev/testing.git net-next-2024-06-21--00-00'}
remote: Enumerating objects: 1[Kremote: Enumerating objects: 264176[Kremote: Enumerating objects: 579647[Kremote: Enumerating objects: 872741[Kremote: Enumerating objects: 1169425[Kremote: Enumerating objects: 1375265[Kremote: Enumerating objects: 1553420[Kremote: Enumerating objects: 1657896[Kremote: Enumerating objects: 1739483[Kremote: Enumerating objects: 1823831[Kremote: Enumerating objects: 1912001[Kremote: Enumerating objects: 2037820[Kremote: Enumerating objects: 2122900[Kremote: Enumerating objects: 2228005[Kremote: Enumerating objects: 2314310[Kremote: Enumerating objects: 2386886[Kremote: Enumerating objects: 2477945[Kremote: Enumerating objects: 2574192[Kremote: Enumerating objects: 2706008[Kremote: Enumerating objects: 2789942[Kremote: Enumerating objects: 2880308[Kremote: Enumerating objects: 2965946[Kremote: Enumerating objects: 3050683[Kremote: Enumerating objects: 3132990[Kremote: Enumerating objects: 3215717[Kremote: Enumerating objects: 3293240[Kremote: Enumerating objects: 3396413[Kremote: Enumerating objects: 3486615[Kremote: Enumerating objects: 3572907[Kremote: Enumerating objects: 3648021[Kremote: Enumerating objects: 3743875[Kremote: Enumerating objects: 3831848[Kremote: Enumerating objects: 3927691[Kremote: Enumerating objects: 4017878[Kremote: Enumerating objects: 4105190[Kremote: Enumerating objects: 4191605[Kremote: Enumerating objects: 4277455[Kremote: Enumerating objects: 4367050[Kremote: Enumerating objects: 4447098[Kremote: Enumerating objects: 4534195[Kremote: Enumerating objects: 4653279[Kremote: Enumerating objects: 4745449[Kremote: Enumerating objects: 4834880[Kremote: Enumerating objects: 4936404[Kremote: Enumerating objects: 5025576[Kremote: Enumerating objects: 5118459[Kremote: Enumerating objects: 5213700[Kremote: Enumerating objects: 5275406[Kremote: Enumerating objects: 5364854[Kremote: Enumerating objects: 5453755[Kremote: Enumerating objects: 5541781[Kremote: Enumerating objects: 5641910[Kremote: Enumerating objects: 5749602[Kremote: Enumerating objects: 5840025[Kremote: Enumerating objects: 5945541[Kremote: Enumerating objects: 6033481[Kremote: Enumerating objects: 6124341[Kremote: Enumerating objects: 6215752[Kremote: Enumerating objects: 6319024[Kremote: Enumerating objects: 6400358[Kremote: Enumerating objects: 6489413[Kremote: Enumerating objects: 6576635[Kremote: Enumerating objects: 6672062[Kremote: Enumerating objects: 6764364[Kremote: Enumerating objects: 6857417[Kremote: Enumerating objects: 6947991[Kremote: Enumerating objects: 7035008[Kremote: Enumerating objects: 7136907[Kremote: Enumerating objects: 7227273[Kremote: Enumerating objects: 7320080[Kremote: Enumerating objects: 7415153[Kremote: Enumerating objects: 7517585[Kremote: Enumerating objects: 7611759[Kremote: Enumerating objects: 7707114[Kremote: Enumerating objects: 7799696[Kremote: Enumerating objects: 7896136[Kremote: Enumerating objects: 7994698[Kremote: Enumerating objects: 8093807[Kremote: Enumerating objects: 8190222[Kremote: Enumerating objects: 8287820[Kremote: Enumerating objects: 8385247[Kremote: Enumerating objects: 8483662[Kremote: Enumerating objects: 8588175[Kremote: Enumerating objects: 8685902[Kremote: Enumerating objects: 8777930[Kremote: Enumerating objects: 8876863[Kremote: Enumerating objects: 8980422[Kremote: Enumerating objects: 9081647[Kremote: Enumerating objects: 9180065[Kremote: Enumerating objects: 9295560[Kremote: Enumerating objects: 9400856[Kremote: Enumerating objects: 9503786[Kremote: Enumerating objects: 9598311[Kremote: Enumerating objects: 9696896[Kremote: Enumerating objects: 9795141[Kremote: Enumerating objects: 9891451[Kremote: Enumerating objects: 9988780[Kremote: Enumerating objects: 10089398[Kremote: Enumerating objects: 10196433[Kremote: Enumerating objects: 10303261[Kremote: Enumerating objects: 10403534[Kremote: Enumerating objects: 10510301[Kremote: Enumerating objects: 10619880[Kremote: Enumerating objects: 10732857[Kremote: Enumerating objects: 10779158, done.[K
remote: Counting objects:   0% (1/10200126)[Kremote: Counting objects:   1% (102002/10200126)[Kremote: Counting objects:   2% (204003/10200126)[Kremote: Counting objects:   3% (306004/10200126)[Kremote: Counting objects:   4% (408006/10200126)[Kremote: Counting objects:   5% (510007/10200126)[Kremote: Counting objects:   6% (612008/10200126)[Kremote: Counting objects:   7% (714009/10200126)[Kremote: Counting objects:   8% (816011/10200126)[Kremote: Counting objects:   8% (830760/10200126)[Kremote: Counting objects:   9% (918012/10200126)[Kremote: Counting objects:  10% (1020013/10200126)[Kremote: Counting objects:  11% (1122014/10200126)[Kremote: Counting objects:  12% (1224016/10200126)[Kremote: Counting objects:  13% (1326017/10200126)[Kremote: Counting objects:  14% (1428018/10200126)[Kremote: Counting objects:  15% (1530019/10200126)[Kremote: Counting objects:  16% (1632021/10200126)[Kremote: Counting objects:  17% (1734022/10200126)[Kremote: Counting objects:  18% (1836023/10200126)[Kremote: Counting objects:  19% (1938024/10200126)[Kremote: Counting objects:  20% (2040026/10200126)[Kremote: Counting objects:  21% (2142027/10200126)[Kremote: Counting objects:  22% (2244028/10200126)[Kremote: Counting objects:  22% (2283220/10200126)[Kremote: Counting objects:  23% (2346029/10200126)[Kremote: Counting objects:  24% (2448031/10200126)[Kremote: Counting objects:  25% (2550032/10200126)[Kremote: Counting objects:  26% (2652033/10200126)[Kremote: Counting objects:  27% (2754035/10200126)[Kremote: Counting objects:  28% (2856036/10200126)[Kremote: Counting objects:  29% (2958037/10200126)[Kremote: Counting objects:  30% (3060038/10200126)[Kremote: Counting objects:  30% (3155273/10200126)[Kremote: Counting objects:  31% (3162040/10200126)[Kremote: Counting objects:  32% (3264041/10200126)[Kremote: Counting objects:  33% (3366042/10200126)[Kremote: Counting objects:  34% (3468043/10200126)[Kremote: Counting objects:  35% (3570045/10200126)[Kremote: Counting objects:  36% (3672046/10200126)[Kremote: Counting objects:  37% (3774047/10200126)[Kremote: Counting objects:  38% (3876048/10200126)[Kremote: Counting objects:  38% (3967054/10200126)[Kremote: Counting objects:  39% (3978050/10200126)[Kremote: Counting objects:  40% (4080051/10200126)[Kremote: Counting objects:  41% (4182052/10200126)[Kremote: Counting objects:  42% (4284053/10200126)[Kremote: Counting objects:  43% (4386055/10200126)[Kremote: Counting objects:  44% (4488056/10200126)[Kremote: Counting objects:  45% (4590057/10200126)[Kremote: Counting objects:  46% (4692058/10200126)[Kremote: Counting objects:  47% (4794060/10200126)[Kremote: Counting objects:  47% (4853355/10200126)[Kremote: Counting objects:  48% (4896061/10200126)[Kremote: Counting objects:  49% (4998062/10200126)[Kremote: Counting objects:  50% (5100063/10200126)[Kremote: Counting objects:  51% (5202065/10200126)[Kremote: Counting objects:  52% (5304066/10200126)[Kremote: Counting objects:  53% (5406067/10200126)[Kremote: Counting objects:  54% (5508069/10200126)[Kremote: Counting objects:  55% (5610070/10200126)[Kremote: Counting objects:  56% (5712071/10200126)[Kremote: Counting objects:  57% (5814072/10200126)[Kremote: Counting objects:  57% (5841833/10200126)[Kremote: Counting objects:  58% (5916074/10200126)[Kremote: Counting objects:  59% (6018075/10200126)[Kremote: Counting objects:  60% (6120076/10200126)[Kremote: Counting objects:  61% (6222077/10200126)[Kremote: Counting objects:  62% (6324079/10200126)[Kremote: Counting objects:  63% (6426080/10200126)[Kremote: Counting objects:  64% (6528081/10200126)[Kremote: Counting objects:  65% (6630082/10200126)[Kremote: Counting objects:  66% (6732084/10200126)[Kremote: Counting objects:  67% (6834085/10200126)[Kremote: Counting objects:  68% (6936086/10200126)[Kremote: Counting objects:  69% (7038087/10200126)[Kremote: Counting objects:  69% (7079427/10200126)[Kremote: Counting objects:  70% (7140089/10200126)[Kremote: Counting objects:  71% (7242090/10200126)[Kremote: Counting objects:  72% (7344091/10200126)[Kremote: Counting objects:  73% (7446092/10200126)[Kremote: Counting objects:  74% (7548094/10200126)[Kremote: Counting objects:  75% (7650095/10200126)[Kremote: Counting objects:  76% (7752096/10200126)[Kremote: Counting objects:  77% (7854098/10200126)[Kremote: Counting objects:  78% (7956099/10200126)[Kremote: Counting objects:  79% (8058100/10200126)[Kremote: Counting objects:  80% (8160101/10200126)[Kremote: Counting objects:  81% (8262103/10200126)[Kremote: Counting objects:  82% (8364104/10200126)[Kremote: Counting objects:  83% (8466105/10200126)[Kremote: Counting objects:  83% (8491944/10200126)[Kremote: Counting objects:  84% (8568106/10200126)[Kremote: Counting objects:  85% (8670108/10200126)[Kremote: Counting objects:  86% (8772109/10200126)[Kremote: Counting objects:  87% (8874110/10200126)[Kremote: Counting objects:  88% (8976111/10200126)[Kremote: Counting objects:  89% (9078113/10200126)[Kremote: Counting objects:  90% (9180114/10200126)[Kremote: Counting objects:  91% (9282115/10200126)[Kremote: Counting objects:  92% (9384116/10200126)[Kremote: Counting objects:  93% (9486118/10200126)[Kremote: Counting objects:  94% (9588119/10200126)[Kremote: Counting objects:  95% (9690120/10200126)[Kremote: Counting objects:  95% (9780059/10200126)[Kremote: Counting objects:  96% (9792121/10200126)[Kremote: Counting objects:  97% (9894123/10200126)[Kremote: Counting objects:  98% (9996124/10200126)[Kremote: Counting objects:  99% (10098125/10200126)[Kremote: Counting objects: 100% (10200126/10200126)[Kremote: Counting objects: 100% (10200126/10200126), done.[K
remote: Compressing objects:   0% (1/1749745)[Kremote: Compressing objects:   0% (10279/1749745)[Kremote: Compressing objects:   1% (17498/1749745)[Kremote: Compressing objects:   1% (19200/1749745)[Kremote: Compressing objects:   1% (32819/1749745)[Kremote: Compressing objects:   2% (34995/1749745)[Kremote: Compressing objects:   2% (41716/1749745)[Kremote: Compressing objects:   3% (52493/1749745)[Kremote: Compressing objects:   3% (66735/1749745)[Kremote: Compressing objects:   4% (69990/1749745)[Kremote: Compressing objects:   4% (79782/1749745)[Kremote: Compressing objects:   4% (85477/1749745)[Kremote: Compressing objects:   5% (87488/1749745)[Kremote: Compressing objects:   5% (95550/1749745)[Kremote: Compressing objects:   6% (104985/1749745)[Kremote: Compressing objects:   6% (108284/1749745)[Kremote: Compressing objects:   6% (109932/1749745)[Kremote: Compressing objects:   6% (109960/1749745)[Kremote: Compressing objects:   6% (109967/1749745)[Kremote: Compressing objects:   6% (111392/1749745)[Kremote: Compressing objects:   7% (122483/1749745)[Kremote: Compressing objects:   7% (123605/1749745)[Kremote: Compressing objects:   7% (133761/1749745)[Kremote: Compressing objects:   8% (139980/1749745)[Kremote: Compressing objects:   8% (145422/1749745)[Kremote: Compressing objects:   8% (153576/1749745)[Kremote: Compressing objects:   9% (157478/1749745)[Kremote: Compressing objects:   9% (158331/1749745)[Kremote: Compressing objects:   9% (162222/1749745)[Kremote: Compressing objects:   9% (167477/1749745)[Kremote: Compressing objects:   9% (172087/1749745)[Kremote: Compressing objects:  10% (174975/1749745)[Kremote: Compressing objects:  10% (177924/1749745)[Kremote: Compressing objects:  10% (182376/1749745)[Kremote: Compressing objects:  10% (187679/1749745)[Kremote: Compressing objects:  11% (192472/1749745)[Kremote: Compressing objects:  11% (193120/1749745)[Kremote: Compressing objects:  11% (197582/1749745)[Kremote: Compressing objects:  11% (202572/1749745)[Kremote: Compressing objects:  11% (206792/1749745)[Kremote: Compressing objects:  12% (209970/1749745)[Kremote: Compressing objects:  12% (210983/1749745)[Kremote: Compressing objects:  12% (215413/1749745)[Kremote: Compressing objects:  12% (220680/1749745)[Kremote: Compressing objects:  12% (226584/1749745)[Kremote: Compressing objects:  13% (227467/1749745)[Kremote: Compressing objects:  13% (231308/1749745)[Kremote: Compressing objects:  13% (235301/1749745)[Kremote: Compressing objects:  13% (238226/1749745)[Kremote: Compressing objects:  13% (241311/1749745)[Kremote: Compressing objects:  14% (244965/1749745)[Kremote: Compressing objects:  14% (246184/1749745)[Kremote: Compressing objects:  14% (250868/1749745)[Kremote: Compressing objects:  14% (255404/1749745)[Kremote: Compressing objects:  14% (260080/1749745)[Kremote: Compressing objects:  15% (262462/1749745)[Kremote: Compressing objects:  15% (264617/1749745)[Kremote: Compressing objects:  15% (268555/1749745)[Kremote: Compressing objects:  15% (271683/1749745)[Kremote: Compressing objects:  15% (276847/1749745)[Kremote: Compressing objects:  16% (279960/1749745)[Kremote: Compressing objects:  16% (282188/1749745)[Kremote: Compressing objects:  16% (286225/1749745)[Kremote: Compressing objects:  16% (289996/1749745)[Kremote: Compressing objects:  16% (293595/1749745)[Kremote: Compressing objects:  17% (297457/1749745)[Kremote: Compressing objects:  17% (298060/1749745)[Kremote: Compressing objects:  17% (303135/1749745)[Kremote: Compressing objects:  17% (307886/1749745)[Kremote: Compressing objects:  17% (312453/1749745)[Kremote: Compressing objects:  18% (314955/1749745)[Kremote: Compressing objects:  18% (317925/1749745)[Kremote: Compressing objects:  18% (322416/1749745)[Kremote: Compressing objects:  18% (327126/1749745)[Kremote: Compressing objects:  18% (332381/1749745)[Kremote: Compressing objects:  19% (332452/1749745)[Kremote: Compressing objects:  19% (337070/1749745)[Kremote: Compressing objects:  19% (342356/1749745)[Kremote: Compressing objects:  20% (349949/1749745)[Kremote: Compressing objects:  21% (367447/1749745)[Kremote: Compressing objects:  22% (384944/1749745)[Kremote: Compressing objects:  23% (402442/1749745)[Kremote: Compressing objects:  23% (406233/1749745)[Kremote: Compressing objects:  24% (419939/1749745)[Kremote: Compressing objects:  25% (437437/1749745)[Kremote: Compressing objects:  26% (454934/1749745)[Kremote: Compressing objects:  27% (472432/1749745)[Kremote: Compressing objects:  28% (489929/1749745)[Kremote: Compressing objects:  29% (507427/1749745)[Kremote: Compressing objects:  30% (524924/1749745)[Kremote: Compressing objects:  31% (542421/1749745)[Kremote: Compressing objects:  32% (559919/1749745)[Kremote: Compressing objects:  33% (577416/1749745)[Kremote: Compressing objects:  33% (587909/1749745)[Kremote: Compressing objects:  34% (594914/1749745)[Kremote: Compressing objects:  35% (612411/1749745)[Kremote: Compressing objects:  36% (629909/1749745)[Kremote: Compressing objects:  37% (647406/1749745)[Kremote: Compressing objects:  38% (664904/1749745)[Kremote: Compressing objects:  39% (682401/1749745)[Kremote: Compressing objects:  40% (699898/1749745)[Kremote: Compressing objects:  41% (717396/1749745)[Kremote: Compressing objects:  42% (734893/1749745)[Kremote: Compressing objects:  43% (752391/1749745)[Kremote: Compressing objects:  44% (769888/1749745)[Kremote: Compressing objects:  45% (787386/1749745)[Kremote: Compressing objects:  46% (804883/1749745)[Kremote: Compressing objects:  47% (822381/1749745)[Kremote: Compressing objects:  48% (839878/1749745)[Kremote: Compressing objects:  49% (857376/1749745)[Kremote: Compressing objects:  50% (874873/1749745)[Kremote: Compressing objects:  51% (892370/1749745)[Kremote: Compressing objects:  52% (909868/1749745)[Kremote: Compressing objects:  53% (927365/1749745)[Kremote: Compressing objects:  54% (944863/1749745)[Kremote: Compressing objects:  55% (962360/1749745)[Kremote: Compressing objects:  56% (979858/1749745)[Kremote: Compressing objects:  57% (997355/1749745)[Kremote: Compressing objects:  58% (1014853/1749745)[Kremote: Compressing objects:  59% (1032350/1749745)[Kremote: Compressing objects:  60% (1049847/1749745)[Kremote: Compressing objects:  61% (1067345/1749745)[Kremote: Compressing objects:  62% (1084842/1749745)[Kremote: Compressing objects:  63% (1102340/1749745)[Kremote: Compressing objects:  64% (1119837/1749745)[Kremote: Compressing objects:  65% (1137335/1749745)[Kremote: Compressing objects:  66% (1154832/1749745)[Kremote: Compressing objects:  67% (1172330/1749745)[Kremote: Compressing objects:  68% (1189827/1749745)[Kremote: Compressing objects:  69% (1207325/1749745)[Kremote: Compressing objects:  70% (1224822/1749745)[Kremote: Compressing objects:  71% (1242319/1749745)[Kremote: Compressing objects:  72% (1259817/1749745)[Kremote: Compressing objects:  73% (1277314/1749745)[Kremote: Compressing objects:  74% (1294812/1749745)[Kremote: Compressing objects:  75% (1312309/1749745)[Kremote: Compressing objects:  76% (1329807/1749745)[Kremote: Compressing objects:  77% (1347304/1749745)[Kremote: Compressing objects:  78% (1364802/1749745)[Kremote: Compressing objects:  79% (1382299/1749745)[Kremote: Compressing objects:  80% (1399796/1749745)[Kremote: Compressing objects:  81% (1417294/1749745)[Kremote: Compressing objects:  82% (1434791/1749745)[Kremote: Compressing objects:  83% (1452289/1749745)[Kremote: Compressing objects:  84% (1469786/1749745)[Kremote: Compressing objects:  85% (1487284/1749745)[Kremote: Compressing objects:  86% (1504781/1749745)[Kremote: Compressing objects:  87% (1522279/1749745)[Kremote: Compressing objects:  88% (1539776/1749745)[Kremote: Compressing objects:  89% (1557274/1749745)[Kremote: Compressing objects:  90% (1574771/1749745)[Kremote: Compressing objects:  91% (1592268/1749745)[Kremote: Compressing objects:  92% (1609766/1749745)[Kremote: Compressing objects:  93% (1627263/1749745)[Kremote: Compressing objects:  94% (1644761/1749745)[Kremote: Compressing objects:  95% (1662258/1749745)[Kremote: Compressing objects:  96% (1679756/1749745)[Kremote: Compressing objects:  97% (1697253/1749745)[Kremote: Compressing objects:  98% (1714751/1749745)[Kremote: Compressing objects:  99% (1732248/1749745)[Kremote: Compressing objects: 100% (1749745/1749745)[Kremote: Compressing objects: 100% (1749745/1749745), done.[K
Receiving objects:   0% (1/10112849)Receiving objects:   0% (99648/10112849), 23.77 MiB | 47.54 MiB/sReceiving objects:   1% (101129/10112849), 52.57 MiB | 52.56 MiB/sReceiving objects:   2% (202257/10112849), 81.32 MiB | 54.24 MiB/sReceiving objects:   2% (211234/10112849), 81.32 MiB | 54.24 MiB/sReceiving objects:   3% (303386/10112849), 138.67 MiB | 55.49 MiB/sReceiving objects:   3% (324138/10112849), 138.67 MiB | 55.49 MiB/sReceiving objects:   4% (404514/10112849), 194.02 MiB | 55.45 MiB/sReceiving objects:   4% (432010/10112849), 194.02 MiB | 55.45 MiB/sReceiving objects:   5% (505643/10112849), 247.73 MiB | 55.06 MiB/sReceiving objects:   5% (547528/10112849), 247.73 MiB | 55.06 MiB/sReceiving objects:   6% (606771/10112849), 275.26 MiB | 55.90 MiB/sReceiving objects:   6% (672479/10112849), 303.10 MiB | 55.70 MiB/sReceiving objects:   7% (707900/10112849), 330.56 MiB | 55.40 MiB/sReceiving objects:   7% (793137/10112849), 356.37 MiB | 54.72 MiB/sReceiving objects:   8% (809028/10112849), 381.87 MiB | 54.06 MiB/sReceiving objects:   9% (910157/10112849), 407.52 MiB | 53.45 MiB/sReceiving objects:   9% (922447/10112849), 407.52 MiB | 53.45 MiB/sReceiving objects:  10% (1011285/10112849), 475.30 MiB | 56.72 MiB/sReceiving objects:  10% (1071383/10112849), 475.30 MiB | 56.72 MiB/sReceiving objects:  11% (1112414/10112849), 526.08 MiB | 61.87 MiB/sReceiving objects:  12% (1213542/10112849), 579.84 MiB | 67.70 MiB/sReceiving objects:  12% (1241852/10112849), 579.84 MiB | 67.70 MiB/sReceiving objects:  12% (1301575/10112849), 661.67 MiB | 73.58 MiB/sReceiving objects:  13% (1314671/10112849), 666.74 MiB | 68.97 MiB/sReceiving objects:  13% (1327980/10112849), 676.40 MiB | 65.20 MiB/sReceiving objects:  13% (1354126/10112849), 684.01 MiB | 55.48 MiB/sReceiving objects:  14% (1415799/10112849), 704.74 MiB | 39.52 MiB/sReceiving objects:  14% (1426412/10112849), 704.74 MiB | 39.52 MiB/sReceiving objects:  15% (1516928/10112849), 745.09 MiB | 25.02 MiB/sReceiving objects:  16% (1618056/10112849), 745.09 MiB | 25.02 MiB/sReceiving objects:  16% (1618825/10112849), 745.09 MiB | 25.02 MiB/sReceiving objects:  16% (1684032/10112849), 799.49 MiB | 27.19 MiB/sReceiving objects:  16% (1691417/10112849), 805.47 MiB | 27.60 MiB/sReceiving objects:  16% (1709246/10112849), 814.93 MiB | 26.94 MiB/sReceiving objects:  16% (1719106/10112849), 827.38 MiB | 24.06 MiB/sReceiving objects:  17% (1719185/10112849), 827.38 MiB | 24.06 MiB/sReceiving objects:  17% (1775264/10112849), 842.91 MiB | 14.69 MiB/sReceiving objects:  18% (1820313/10112849), 865.86 MiB | 14.74 MiB/sReceiving objects:  18% (1868383/10112849), 865.86 MiB | 14.74 MiB/sReceiving objects:  18% (1877506/10112849), 886.27 MiB | 16.91 MiB/sReceiving objects:  19% (1921442/10112849), 892.85 MiB | 17.30 MiB/sReceiving objects:  19% (2004839/10112849), 918.70 MiB | 21.38 MiB/sReceiving objects:  20% (2022570/10112849), 940.42 MiB | 25.10 MiB/sReceiving objects:  20% (2075643/10112849), 954.77 MiB | 27.21 MiB/sReceiving objects:  20% (2123412/10112849), 975.82 MiB | 27.11 MiB/sReceiving objects:  21% (2123699/10112849), 975.82 MiB | 27.11 MiB/sReceiving objects:  21% (2194880/10112849), 991.70 MiB | 24.41 MiB/sReceiving objects:  21% (2208303/10112849), 1017.63 MiB | 27.37 MiB/sReceiving objects:  21% (2219163/10112849), 1.00 GiB | 19.92 MiB/s   Receiving objects:  22% (2224827/10112849), 1.01 GiB | 17.97 MiB/sReceiving objects:  22% (2229895/10112849), 1.01 GiB | 18.37 MiB/sReceiving objects:  22% (2278725/10112849), 1.03 GiB | 16.08 MiB/sReceiving objects:  22% (2295187/10112849), 1.05 GiB | 14.45 MiB/sReceiving objects:  23% (2325956/10112849), 1.05 GiB | 13.72 MiB/sReceiving objects:  23% (2361476/10112849), 1.06 GiB | 14.82 MiB/sReceiving objects:  23% (2380596/10112849), 1.08 GiB | 17.39 MiB/sReceiving objects:  24% (2427084/10112849), 1.10 GiB | 18.83 MiB/sReceiving objects:  24% (2500322/10112849), 1.13 GiB | 24.20 MiB/sReceiving objects:  24% (2515680/10112849), 1.15 GiB | 25.46 MiB/sReceiving objects:  25% (2528213/10112849), 1.15 GiB | 25.46 MiB/sReceiving objects:  26% (2629341/10112849), 1.17 GiB | 29.07 MiB/sReceiving objects:  26% (2682516/10112849), 1.21 GiB | 37.06 MiB/sReceiving objects:  27% (2730470/10112849), 1.27 GiB | 43.20 MiB/sReceiving objects:  27% (2775649/10112849), 1.27 GiB | 43.20 MiB/sReceiving objects:  28% (2831598/10112849), 1.30 GiB | 49.58 MiB/sReceiving objects:  28% (2882199/10112849), 1.34 GiB | 55.61 MiB/sReceiving objects:  28% (2909549/10112849), 1.39 GiB | 56.12 MiB/sReceiving objects:  28% (2923211/10112849), 1.41 GiB | 53.06 MiB/sReceiving objects:  29% (2932727/10112849), 1.42 GiB | 47.15 MiB/sReceiving objects:  29% (2968972/10112849), 1.43 GiB | 41.09 MiB/sReceiving objects:  30% (3033855/10112849), 1.46 GiB | 44.32 MiB/sReceiving objects:  30% (3108592/10112849), 1.50 GiB | 44.94 MiB/sReceiving objects:  31% (3134984/10112849), 1.54 GiB | 44.28 MiB/sReceiving objects:  31% (3168911/10112849), 1.56 GiB | 42.68 MiB/sReceiving objects:  32% (3236112/10112849), 1.58 GiB | 43.70 MiB/sReceiving objects:  32% (3332306/10112849), 1.62 GiB | 50.27 MiB/sReceiving objects:  33% (3337241/10112849), 1.62 GiB | 50.27 MiB/sReceiving objects:  34% (3438369/10112849), 1.69 GiB | 62.34 MiB/sReceiving objects:  34% (3452545/10112849), 1.69 GiB | 62.34 MiB/sReceiving objects:  35% (3539498/10112849), 1.73 GiB | 68.55 MiB/sReceiving objects:  36% (3640626/10112849), 1.77 GiB | 70.61 MiB/sReceiving objects:  36% (3641148/10112849), 1.77 GiB | 70.61 MiB/sReceiving objects:  37% (3741755/10112849), 1.81 GiB | 70.84 MiB/sReceiving objects:  37% (3830811/10112849), 1.85 GiB | 71.39 MiB/sReceiving objects:  38% (3842883/10112849), 1.85 GiB | 71.39 MiB/sReceiving objects:  39% (3944012/10112849), 1.89 GiB | 73.96 MiB/sReceiving objects:  39% (3999866/10112849), 1.93 GiB | 78.10 MiB/sReceiving objects:  40% (4045140/10112849), 1.96 GiB | 77.65 MiB/sReceiving objects:  40% (4111335/10112849), 1.99 GiB | 76.70 MiB/sReceiving objects:  41% (4146269/10112849), 2.01 GiB | 71.93 MiB/sReceiving objects:  42% (4247397/10112849), 2.04 GiB | 70.62 MiB/sReceiving objects:  42% (4285924/10112849), 2.04 GiB | 70.62 MiB/sReceiving objects:  43% (4348526/10112849), 2.08 GiB | 69.82 MiB/sReceiving objects:  44% (4449654/10112849), 2.11 GiB | 69.12 MiB/sReceiving objects:  44% (4517356/10112849), 2.11 GiB | 69.12 MiB/sReceiving objects:  45% (4550783/10112849), 2.15 GiB | 68.99 MiB/sReceiving objects:  45% (4651638/10112849), 2.19 GiB | 67.92 MiB/sReceiving objects:  46% (4651911/10112849), 2.19 GiB | 67.92 MiB/sReceiving objects:  47% (4753040/10112849), 2.25 GiB | 65.06 MiB/sReceiving objects:  47% (4828450/10112849), 2.25 GiB | 65.06 MiB/sReceiving objects:  48% (4854168/10112849), 2.29 GiB | 66.77 MiB/sReceiving objects:  49% (4955297/10112849), 2.32 GiB | 71.60 MiB/sReceiving objects:  49% (5024538/10112849), 2.32 GiB | 71.60 MiB/sReceiving objects:  50% (5056425/10112849), 2.36 GiB | 72.58 MiB/sReceiving objects:  50% (5154185/10112849), 2.39 GiB | 71.58 MiB/sReceiving objects:  51% (5157553/10112849), 2.39 GiB | 71.58 MiB/sReceiving objects:  51% (5258277/10112849), 2.46 GiB | 70.94 MiB/sReceiving objects:  52% (5258682/10112849), 2.46 GiB | 70.94 MiB/sReceiving objects:  53% (5359810/10112849), 2.49 GiB | 68.61 MiB/sReceiving objects:  53% (5446304/10112849), 2.53 GiB | 71.41 MiB/sReceiving objects:  54% (5460939/10112849), 2.53 GiB | 71.41 MiB/sReceiving objects:  55% (5562067/10112849), 2.56 GiB | 72.21 MiB/sReceiving objects:  55% (5627363/10112849), 2.60 GiB | 71.91 MiB/sReceiving objects:  56% (5663196/10112849), 2.63 GiB | 70.69 MiB/sReceiving objects:  57% (5764324/10112849), 2.67 GiB | 70.43 MiB/sReceiving objects:  57% (5810695/10112849), 2.67 GiB | 70.43 MiB/sReceiving objects:  58% (5865453/10112849), 2.70 GiB | 71.02 MiB/sReceiving objects:  59% (5966581/10112849), 2.70 GiB | 71.02 MiB/sReceiving objects:  59% (6029260/10112849), 2.74 GiB | 71.34 MiB/sReceiving objects:  60% (6067710/10112849), 2.74 GiB | 71.34 MiB/sReceiving objects:  61% (6168838/10112849), 2.81 GiB | 73.41 MiB/sReceiving objects:  61% (6201146/10112849), 2.81 GiB | 73.41 MiB/sReceiving objects:  62% (6269967/10112849), 2.84 GiB | 71.69 MiB/sReceiving objects:  62% (6342966/10112849), 2.87 GiB | 70.00 MiB/sReceiving objects:  63% (6371095/10112849), 2.91 GiB | 68.95 MiB/sReceiving objects:  64% (6472224/10112849), 2.91 GiB | 68.95 MiB/sReceiving objects:  64% (6568306/10112849), 2.94 GiB | 70.61 MiB/sReceiving objects:  65% (6573352/10112849), 2.94 GiB | 70.61 MiB/sReceiving objects:  66% (6674481/10112849), 2.98 GiB | 71.25 MiB/sReceiving objects:  67% (6775609/10112849), 3.02 GiB | 71.56 MiB/sReceiving objects:  67% (6861344/10112849), 3.02 GiB | 71.56 MiB/sReceiving objects:  68% (6876738/10112849), 3.02 GiB | 71.56 MiB/sReceiving objects:  69% (6977866/10112849), 3.06 GiB | 71.30 MiB/sReceiving objects:  70% (7078995/10112849), 3.06 GiB | 71.30 MiB/sReceiving objects:  71% (7180123/10112849), 3.09 GiB | 71.49 MiB/sReceiving objects:  71% (7278268/10112849), 3.09 GiB | 71.49 MiB/sReceiving objects:  72% (7281252/10112849), 3.09 GiB | 71.49 MiB/sReceiving objects:  73% (7382380/10112849), 3.13 GiB | 71.95 MiB/sReceiving objects:  74% (7483509/10112849), 3.13 GiB | 71.95 MiB/sReceiving objects:  75% (7584637/10112849), 3.16 GiB | 72.53 MiB/sReceiving objects:  75% (7607071/10112849), 3.16 GiB | 72.53 MiB/sReceiving objects:  76% (7685766/10112849), 3.20 GiB | 73.70 MiB/sReceiving objects:  77% (7786894/10112849), 3.20 GiB | 73.70 MiB/sReceiving objects:  77% (7830610/10112849), 3.23 GiB | 73.47 MiB/sReceiving objects:  78% (7888023/10112849), 3.26 GiB | 70.91 MiB/sReceiving objects:  79% (7989151/10112849), 3.29 GiB | 70.17 MiB/sReceiving objects:  79% (8075424/10112849), 3.29 GiB | 70.17 MiB/sReceiving objects:  80% (8090280/10112849), 3.29 GiB | 70.17 MiB/sReceiving objects:  81% (8191408/10112849), 3.33 GiB | 70.25 MiB/sReceiving objects:  82% (8292537/10112849), 3.36 GiB | 69.12 MiB/sReceiving objects:  82% (8328821/10112849), 3.36 GiB | 69.12 MiB/sReceiving objects:  83% (8393665/10112849), 3.40 GiB | 68.87 MiB/sReceiving objects:  84% (8494794/10112849), 3.40 GiB | 68.87 MiB/sReceiving objects:  85% (8595922/10112849), 3.43 GiB | 68.92 MiB/sReceiving objects:  85% (8615486/10112849), 3.43 GiB | 68.92 MiB/sReceiving objects:  86% (8697051/10112849), 3.46 GiB | 68.26 MiB/sReceiving objects:  87% (8798179/10112849), 3.46 GiB | 68.26 MiB/sReceiving objects:  88% (8899308/10112849), 3.49 GiB | 67.79 MiB/sReceiving objects:  89% (9000436/10112849), 3.49 GiB | 67.79 MiB/sReceiving objects:  89% (9026168/10112849), 3.49 GiB | 67.79 MiB/sReceiving objects:  90% (9101565/10112849), 3.53 GiB | 68.19 MiB/sReceiving objects:  91% (9202693/10112849), 3.53 GiB | 68.19 MiB/sReceiving objects:  92% (9303822/10112849), 3.56 GiB | 69.16 MiB/sReceiving objects:  92% (9359723/10112849), 3.56 GiB | 69.16 MiB/sReceiving objects:  93% (9404950/10112849), 3.59 GiB | 68.49 MiB/sReceiving objects:  94% (9506079/10112849), 3.59 GiB | 68.49 MiB/sReceiving objects:  95% (9607207/10112849), 3.63 GiB | 67.87 MiB/sReceiving objects:  96% (9708336/10112849), 3.63 GiB | 67.87 MiB/sReceiving objects:  96% (9711176/10112849), 3.63 GiB | 67.87 MiB/sReceiving objects:  97% (9809464/10112849), 3.66 GiB | 67.97 MiB/sReceiving objects:  98% (9910593/10112849), 3.66 GiB | 67.97 MiB/sReceiving objects:  99% (10011721/10112849), 3.69 GiB | 67.14 MiB/sReceiving objects:  99% (10092748/10112849), 3.69 GiB | 67.14 MiB/sremote: Total 10112849 (delta 8542129), reused 9878266 (delta 8308275), pack-reused 0[K
Receiving objects: 100% (10112849/10112849), 3.72 GiB | 65.91 MiB/sReceiving objects: 100% (10112849/10112849), 3.72 GiB | 51.45 MiB/s, done.
Resolving deltas:   0% (0/8542129)Resolving deltas:   0% (38035/8542129)Resolving deltas:   0% (74801/8542129)Resolving deltas:   1% (85422/8542129)Resolving deltas:   1% (113398/8542129)Resolving deltas:   1% (153089/8542129)Resolving deltas:   2% (170844/8542129)Resolving deltas:   2% (215622/8542129)Resolving deltas:   3% (256265/8542129)Resolving deltas:   3% (282029/8542129)Resolving deltas:   4% (341689/8542129)Resolving deltas:   4% (366979/8542129)Resolving deltas:   5% (427107/8542129)Resolving deltas:   5% (434785/8542129)Resolving deltas:   5% (485073/8542129)Resolving deltas:   6% (512529/8542129)Resolving deltas:   6% (555072/8542129)Resolving deltas:   7% (597950/8542129)Resolving deltas:   7% (620606/8542129)Resolving deltas:   8% (683375/8542129)Resolving deltas:   8% (691224/8542129)Resolving deltas:   8% (761095/8542129)Resolving deltas:   9% (768795/8542129)Resolving deltas:   9% (823454/8542129)Resolving deltas:  10% (854213/8542129)Resolving deltas:  10% (866624/8542129)Resolving deltas:  11% (939636/8542129)Resolving deltas:  11% (963934/8542129)Resolving deltas:  12% (1025056/8542129)Resolving deltas:  12% (1072828/8542129)Resolving deltas:  13% (1110481/8542129)Resolving deltas:  13% (1173070/8542129)Resolving deltas:  14% (1195900/8542129)Resolving deltas:  15% (1281320/8542129)Resolving deltas:  15% (1282610/8542129)Resolving deltas:  16% (1366745/8542129)Resolving deltas:  16% (1382203/8542129)Resolving deltas:  16% (1425101/8542129)Resolving deltas:  17% (1452164/8542129)Resolving deltas:  17% (1474847/8542129)Resolving deltas:  17% (1508185/8542129)Resolving deltas:  18% (1537584/8542129)Resolving deltas:  18% (1605812/8542129)Resolving deltas:  19% (1623005/8542129)Resolving deltas:  20% (1708427/8542129)Resolving deltas:  20% (1729014/8542129)Resolving deltas:  21% (1793849/8542129)Resolving deltas:  21% (1835124/8542129)Resolving deltas:  22% (1879269/8542129)Resolving deltas:  22% (1940043/8542129)Resolving deltas:  23% (1964697/8542129)Resolving deltas:  24% (2050111/8542129)Resolving deltas:  24% (2053879/8542129)Resolving deltas:  25% (2135534/8542129)Resolving deltas:  25% (2153435/8542129)Resolving deltas:  26% (2220954/8542129)Resolving deltas:  26% (2226413/8542129)Resolving deltas:  27% (2306375/8542129)Resolving deltas:  27% (2349660/8542129)Resolving deltas:  28% (2391797/8542129)Resolving deltas:  28% (2405171/8542129)Resolving deltas:  29% (2477218/8542129)Resolving deltas:  29% (2522386/8542129)Resolving deltas:  30% (2562640/8542129)Resolving deltas:  30% (2584434/8542129)Resolving deltas:  31% (2648060/8542129)Resolving deltas:  31% (2686754/8542129)Resolving deltas:  32% (2733483/8542129)Resolving deltas:  32% (2767745/8542129)Resolving deltas:  33% (2818904/8542129)Resolving deltas:  33% (2845899/8542129)Resolving deltas:  34% (2904324/8542129)Resolving deltas:  34% (2966384/8542129)Resolving deltas:  35% (2989747/8542129)Resolving deltas:  36% (3075169/8542129)Resolving deltas:  36% (3086948/8542129)Resolving deltas:  37% (3160588/8542129)Resolving deltas:  37% (3191295/8542129)Resolving deltas:  38% (3246012/8542129)Resolving deltas:  38% (3287922/8542129)Resolving deltas:  39% (3331432/8542129)Resolving deltas:  39% (3380982/8542129)Resolving deltas:  40% (3416853/8542129)Resolving deltas:  40% (3473034/8542129)Resolving deltas:  41% (3502274/8542129)Resolving deltas:  41% (3569003/8542129)Resolving deltas:  42% (3587695/8542129)Resolving deltas:  42% (3670862/8542129)Resolving deltas:  43% (3673118/8542129)Resolving deltas:  44% (3758537/8542129)Resolving deltas:  44% (3780666/8542129)Resolving deltas:  45% (3843962/8542129)Resolving deltas:  45% (3898681/8542129)Resolving deltas:  46% (3929380/8542129)Resolving deltas:  46% (3987093/8542129)Resolving deltas:  47% (4014801/8542129)Resolving deltas:  47% (4060804/8542129)Resolving deltas:  48% (4100222/8542129)Resolving deltas:  48% (4122730/8542129)Resolving deltas:  48% (4180911/8542129)Resolving deltas:  49% (4185644/8542129)Resolving deltas:  50% (4271066/8542129)Resolving deltas:  50% (4302009/8542129)Resolving deltas:  51% (4356486/8542129)Resolving deltas:  51% (4433738/8542129)Resolving deltas:  52% (4441910/8542129)Resolving deltas:  53% (4527337/8542129)Resolving deltas:  53% (4558369/8542129)Resolving deltas:  54% (4612750/8542129)Resolving deltas:  54% (4692649/8542129)Resolving deltas:  55% (4698171/8542129)Resolving deltas:  56% (4783593/8542129)Resolving deltas:  56% (4832229/8542129)Resolving deltas:  57% (4869018/8542129)Resolving deltas:  57% (4922429/8542129)Resolving deltas:  58% (4954435/8542129)Resolving deltas:  58% (5032887/8542129)Resolving deltas:  59% (5039861/8542129)Resolving deltas:  60% (5125279/8542129)Resolving deltas:  60% (5155750/8542129)Resolving deltas:  61% (5210699/8542129)Resolving deltas:  61% (5266771/8542129)Resolving deltas:  62% (5296120/8542129)Resolving deltas:  62% (5318554/8542129)Resolving deltas:  63% (5381544/8542129)Resolving deltas:  63% (5382910/8542129)Resolving deltas:  64% (5466963/8542129)Resolving deltas:  64% (5507008/8542129)Resolving deltas:  65% (5552393/8542129)Resolving deltas:  65% (5601897/8542129)Resolving deltas:  66% (5637806/8542129)Resolving deltas:  66% (5689509/8542129)Resolving deltas:  67% (5723229/8542129)Resolving deltas:  67% (5789869/8542129)Resolving deltas:  68% (5808648/8542129)Resolving deltas:  68% (5886322/8542129)Resolving deltas:  69% (5894071/8542129)Resolving deltas:  70% (5979492/8542129)Resolving deltas:  70% (5980214/8542129)Resolving deltas:  71% (6064912/8542129)Resolving deltas:  71% (6132370/8542129)Resolving deltas:  72% (6150333/8542129)Resolving deltas:  72% (6234383/8542129)Resolving deltas:  73% (6235755/8542129)Resolving deltas:  74% (6321177/8542129)Resolving deltas:  74% (6347023/8542129)Resolving deltas:  75% (6406597/8542129)Resolving deltas:  75% (6465509/8542129)Resolving deltas:  76% (6492022/8542129)Resolving deltas:  76% (6566632/8542129)Resolving deltas:  77% (6577441/8542129)Resolving deltas:  78% (6662861/8542129)Resolving deltas:  78% (6689494/8542129)Resolving deltas:  79% (6748283/8542129)Resolving deltas:  79% (6816333/8542129)Resolving deltas:  80% (6833704/8542129)Resolving deltas:  80% (6875318/8542129)Resolving deltas:  80% (6884617/8542129)Resolving deltas:  80% (6889973/8542129)Resolving deltas:  80% (6895439/8542129)Resolving deltas:  80% (6902931/8542129)Resolving deltas:  80% (6907509/8542129)Resolving deltas:  80% (6913921/8542129)Resolving deltas:  81% (6919125/8542129)Resolving deltas:  81% (6920025/8542129)Resolving deltas:  81% (6921096/8542129)Resolving deltas:  81% (6922830/8542129)Resolving deltas:  81% (6924388/8542129)Resolving deltas:  81% (6925736/8542129)Resolving deltas:  81% (6926475/8542129)Resolving deltas:  81% (6927045/8542129)Resolving deltas:  81% (6927688/8542129)Resolving deltas:  81% (6928446/8542129)Resolving deltas:  81% (6929164/8542129)Resolving deltas:  81% (6929974/8542129)Resolving deltas:  81% (6930849/8542129)Resolving deltas:  81% (6931546/8542129)Resolving deltas:  81% (6932314/8542129)Resolving deltas:  81% (6933192/8542129)Resolving deltas:  81% (6934169/8542129)Resolving deltas:  81% (6935269/8542129)Resolving deltas:  81% (6939383/8542129)Resolving deltas:  81% (6953374/8542129)Resolving deltas:  81% (6968861/8542129)Resolving deltas:  81% (6974682/8542129)Resolving deltas:  81% (6982276/8542129)Resolving deltas:  81% (6988908/8542129)Resolving deltas:  81% (6993929/8542129)Resolving deltas:  82% (7004546/8542129)Resolving deltas:  82% (7008421/8542129)Resolving deltas:  82% (7015598/8542129)Resolving deltas:  82% (7032214/8542129)Resolving deltas:  82% (7042938/8542129)Resolving deltas:  82% (7047993/8542129)Resolving deltas:  82% (7056294/8542129)Resolving deltas:  82% (7066299/8542129)Resolving deltas:  82% (7077602/8542129)Resolving deltas:  82% (7086711/8542129)Resolving deltas:  83% (7089968/8542129)Resolving deltas:  83% (7104944/8542129)Resolving deltas:  83% (7116150/8542129)Resolving deltas:  83% (7124857/8542129)Resolving deltas:  83% (7131864/8542129)Resolving deltas:  83% (7139162/8542129)Resolving deltas:  83% (7150519/8542129)Resolving deltas:  83% (7156126/8542129)Resolving deltas:  83% (7163715/8542129)Resolving deltas:  83% (7170084/8542129)Resolving deltas:  84% (7175389/8542129)Resolving deltas:  84% (7178448/8542129)Resolving deltas:  84% (7180785/8542129)Resolving deltas:  84% (7182450/8542129)Resolving deltas:  84% (7187668/8542129)Resolving deltas:  84% (7193672/8542129)Resolving deltas:  84% (7199349/8542129)Resolving deltas:  84% (7209485/8542129)Resolving deltas:  84% (7218665/8542129)Resolving deltas:  84% (7224840/8542129)Resolving deltas:  84% (7232621/8542129)Resolving deltas:  84% (7238804/8542129)Resolving deltas:  84% (7251577/8542129)Resolving deltas:  84% (7258879/8542129)Resolving deltas:  85% (7260810/8542129)Resolving deltas:  85% (7264611/8542129)Resolving deltas:  85% (7274982/8542129)Resolving deltas:  85% (7291734/8542129)Resolving deltas:  85% (7299284/8542129)Resolving deltas:  85% (7301515/8542129)Resolving deltas:  85% (7312427/8542129)Resolving deltas:  85% (7317264/8542129)Resolving deltas:  85% (7321064/8542129)Resolving deltas:  85% (7332151/8542129)Resolving deltas:  85% (7339730/8542129)Resolving deltas:  85% (7341997/8542129)Resolving deltas:  85% (7343966/8542129)Resolving deltas:  86% (7346231/8542129)Resolving deltas:  86% (7348230/8542129)Resolving deltas:  86% (7356338/8542129)Resolving deltas:  86% (7368616/8542129)Resolving deltas:  86% (7377104/8542129)Resolving deltas:  86% (7381218/8542129)Resolving deltas:  86% (7387080/8542129)Resolving deltas:  86% (7395151/8542129)Resolving deltas:  86% (7399900/8542129)Resolving deltas:  86% (7404437/8542129)Resolving deltas:  86% (7409506/8542129)Resolving deltas:  86% (7415783/8542129)Resolving deltas:  86% (7417889/8542129)Resolving deltas:  86% (7421353/8542129)Resolving deltas:  86% (7430843/8542129)Resolving deltas:  87% (7431653/8542129)Resolving deltas:  87% (7437287/8542129)Resolving deltas:  87% (7441978/8542129)Resolving deltas:  87% (7448457/8542129)Resolving deltas:  87% (7460108/8542129)Resolving deltas:  87% (7487210/8542129)Resolving deltas:  87% (7508915/8542129)Resolving deltas:  88% (7517074/8542129)Resolving deltas:  88% (7529541/8542129)Resolving deltas:  88% (7538246/8542129)Resolving deltas:  88% (7552773/8542129)Resolving deltas:  88% (7568592/8542129)Resolving deltas:  88% (7577684/8542129)Resolving deltas:  88% (7589015/8542129)Resolving deltas:  89% (7602495/8542129)Resolving deltas:  89% (7608502/8542129)Resolving deltas:  89% (7622361/8542129)Resolving deltas:  89% (7633356/8542129)Resolving deltas:  89% (7645825/8542129)Resolving deltas:  89% (7657328/8542129)Resolving deltas:  89% (7673771/8542129)Resolving deltas:  89% (7686976/8542129)Resolving deltas:  90% (7687917/8542129)Resolving deltas:  90% (7695696/8542129)Resolving deltas:  90% (7706669/8542129)Resolving deltas:  90% (7716855/8542129)Resolving deltas:  90% (7726216/8542129)Resolving deltas:  90% (7737567/8542129)Resolving deltas:  90% (7749059/8542129)Resolving deltas:  90% (7765310/8542129)Resolving deltas:  91% (7773338/8542129)Resolving deltas:  91% (7774096/8542129)Resolving deltas:  91% (7781248/8542129)Resolving deltas:  91% (7791258/8542129)Resolving deltas:  91% (7801843/8542129)Resolving deltas:  91% (7813902/8542129)Resolving deltas:  91% (7827825/8542129)Resolving deltas:  91% (7838360/8542129)Resolving deltas:  91% (7843743/8542129)Resolving deltas:  91% (7856607/8542129)Resolving deltas:  92% (7858759/8542129)Resolving deltas:  92% (7879881/8542129)Resolving deltas:  92% (7891639/8542129)Resolving deltas:  92% (7904801/8542129)Resolving deltas:  92% (7914676/8542129)Resolving deltas:  92% (7930975/8542129)Resolving deltas:  93% (7944180/8542129)Resolving deltas:  93% (7945733/8542129)Resolving deltas:  93% (7957285/8542129)Resolving deltas:  93% (7972572/8542129)Resolving deltas:  93% (7988112/8542129)Resolving deltas:  93% (7995548/8542129)Resolving deltas:  93% (8008160/8542129)Resolving deltas:  93% (8016520/8542129)Resolving deltas:  94% (8029602/8542129)Resolving deltas:  94% (8030820/8542129)Resolving deltas:  94% (8042383/8542129)Resolving deltas:  94% (8058984/8542129)Resolving deltas:  94% (8065248/8542129)Resolving deltas:  94% (8077409/8542129)Resolving deltas:  94% (8083656/8542129)Resolving deltas:  94% (8092070/8542129)Resolving deltas:  94% (8104414/8542129)Resolving deltas:  95% (8115023/8542129)Resolving deltas:  95% (8123210/8542129)Resolving deltas:  95% (8140069/8542129)Resolving deltas:  95% (8150321/8542129)Resolving deltas:  95% (8161329/8542129)Resolving deltas:  95% (8175498/8542129)Resolving deltas:  95% (8194331/8542129)Resolving deltas:  96% (8200444/8542129)Resolving deltas:  96% (8211014/8542129)Resolving deltas:  96% (8236409/8542129)Resolving deltas:  96% (8250075/8542129)Resolving deltas:  96% (8271539/8542129)Resolving deltas:  97% (8285866/8542129)Resolving deltas:  97% (8286420/8542129)Resolving deltas:  97% (8313338/8542129)Resolving deltas:  97% (8330164/8542129)Resolving deltas:  97% (8341722/8542129)Resolving deltas:  97% (8355160/8542129)Resolving deltas:  98% (8371287/8542129)Resolving deltas:  98% (8376585/8542129)Resolving deltas:  98% (8395249/8542129)Resolving deltas:  98% (8409264/8542129)Resolving deltas:  98% (8424837/8542129)Resolving deltas:  98% (8441583/8542129)Resolving deltas:  99% (8456708/8542129)Resolving deltas:  99% (8463418/8542129)Resolving deltas:  99% (8481832/8542129)Resolving deltas:  99% (8506839/8542129)Resolving deltas:  99% (8527567/8542129)Resolving deltas:  99% (8539406/8542129)Resolving deltas: 100% (8542129/8542129)Resolving deltas: 100% (8542129/8542129), completed with 69482 local objects.
From https://github.com/linux-netdev/testing
 * [new branch]                net-next-2024-06-21--00-00 -> origin/net-next-2024-06-21--00-00
Updating files:  35% (7752/22124)Updating files:  36% (7965/22124)Updating files:  37% (8186/22124)Updating files:  38% (8408/22124)Updating files:  39% (8629/22124)Updating files:  40% (8850/22124)Updating files:  41% (9071/22124)Updating files:  42% (9293/22124)Updating files:  43% (9514/22124)Updating files:  44% (9735/22124)Updating files:  45% (9956/22124)Updating files:  46% (10178/22124)Updating files:  47% (10399/22124)Updating files:  48% (10620/22124)Updating files:  49% (10841/22124)Updating files:  50% (11062/22124)Updating files:  51% (11284/22124)Updating files:  52% (11505/22124)Updating files:  53% (11726/22124)Updating files:  54% (11947/22124)Updating files:  55% (12169/22124)Updating files:  56% (12390/22124)Updating files:  57% (12611/22124)Updating files:  58% (12832/22124)Updating files:  59% (13054/22124)Updating files:  60% (13275/22124)Updating files:  61% (13496/22124)Updating files:  62% (13717/22124)Updating files:  63% (13939/22124)Updating files:  63% (14150/22124)Updating files:  64% (14160/22124)Updating files:  65% (14381/22124)Updating files:  66% (14602/22124)Updating files:  67% (14824/22124)Updating files:  68% (15045/22124)Updating files:  69% (15266/22124)Updating files:  70% (15487/22124)Updating files:  71% (15709/22124)Updating files:  72% (15930/22124)Updating files:  73% (16151/22124)Updating files:  74% (16372/22124)Updating files:  75% (16593/22124)Updating files:  76% (16815/22124)Updating files:  77% (17036/22124)Updating files:  78% (17257/22124)Updating files:  79% (17478/22124)Updating files:  80% (17700/22124)Updating files:  81% (17921/22124)Updating files:  82% (18142/22124)Updating files:  83% (18363/22124)Updating files:  84% (18585/22124)Updating files:  85% (18806/22124)Updating files:  86% (19027/22124)Updating files:  87% (19248/22124)Updating files:  88% (19470/22124)Updating files:  89% (19691/22124)Updating files:  90% (19912/22124)Updating files:  91% (20133/22124)Updating files:  92% (20355/22124)Updating files:  93% (20576/22124)Updating files:  94% (20797/22124)Updating files:  95% (21018/22124)Updating files:  96% (21240/22124)Updating files:  97% (21461/22124)Updating files:  98% (21682/22124)Updating files:  99% (21903/22124)Updating files: 100% (22124/22124)Updating files: 100% (22124/22124), done.
branch 'net-next-2024-06-21--00-00' set up to track 'origin/net-next-2024-06-21--00-00'.
Switched to a new branch 'net-next-2024-06-21--00-00'
error: No valid patches in input (allow with "--allow-empty")
Checking patch tools/testing/selftests/tc-testing/tdc_config.py...
Applied patch tools/testing/selftests/tc-testing/tdc_config.py cleanly.
Run at 2024-06-21 00:15:00.721493
INFO: building kernel
INFO: starting VM 0
INFO: thr0-0 VM starting: vng -v -r arch/x86/boot/bzImage --user root --rwdir=/nipa-data/kernel/
INFO: thr0-0 expecting prompt: '/nipa-data/kernel# '
INFO: thr0-0 reached initial prompt
INFO: thr-0 testing == tdc.sh
INFO: thr-0 tdc.sh >> retcode: 0 result: pass found {'fail': False, 'skip': False, 'pass': True}
INFO: thr-0 has no more work, exiting
INFO: thr0-0 VM stopped
Done at 2024-06-21 00:18:34.757853
NIPA quitting!
/
~/nipa/tc-executor/tc-executor-storage /
sort: write failed: 'standard output': Broken pipe
sort: write error
