~/nipa/tc-executor/tc-executor-storage /
Switched to branch 'storage-dbg'
Your branch is ahead of 'origin/storage-dbg' by 896 commits.
  (use "git push" to publish your local commits)
/
~/nipa/tc-executor /
Error response from daemon: No such image: nipa-executor:latest
#0 building with "default" instance using docker driver

#1 [internal] load .dockerignore
#1 transferring context: 2B done
#1 DONE 0.0s

#2 [internal] load build definition from Dockerfile
#2 transferring dockerfile: 2.05kB done
#2 DONE 0.0s

#3 [internal] load metadata for docker.io/library/alpine:edge
#3 DONE 0.0s

#4 [ 1/22] FROM docker.io/library/alpine:edge
#4 CACHED

#5 [internal] load build context
#5 transferring context: 3.02kB done
#5 DONE 0.0s

#6 [ 2/22] RUN echo true > debug-mode
#6 DONE 0.8s

#7 [ 3/22] RUN addgroup -g 1001 hostuser
#7 DONE 0.4s

#8 [ 4/22] RUN adduser -u 1001 -G hostuser -H -D -s /bin/ash hostuser
#8 DONE 0.4s

#9 [ 5/22] RUN echo '@testing http://dl-cdn.alpinelinux.org/alpine/edge/testing' >> /etc/apk/repositories
#9 DONE 0.4s

#10 [ 6/22] RUN echo '@community http://dl-cdn.alpinelinux.org/alpine/edge/community' >> /etc/apk/repositories
#10 DONE 0.4s

#11 [ 7/22] RUN apk update && apk add --no-cache    virtme-ng@testing    git    py3-requests    py3-psutil    py3-setuptools    py3-pyroute2    py3-argcomplete    qemu-system-x86_64@community    scapy@community    make    gcc    musl-dev    flex    bison    linux-headers    elfutils-dev    util-linux    coreutils    diffutils    findutils    file    bash    kmod    perl    iptables-dev    libcap-dev    libmnl-dev    iproute2     jq    libbpf-dev    rsync    openssl-dev
#11 0.468 fetch https://dl-cdn.alpinelinux.org/alpine/edge/main/x86_64/APKINDEX.tar.gz
#11 0.688 fetch https://dl-cdn.alpinelinux.org/alpine/edge/community/x86_64/APKINDEX.tar.gz
#11 0.946 fetch http://dl-cdn.alpinelinux.org/alpine/edge/testing/x86_64/APKINDEX.tar.gz
#11 1.164 fetch http://dl-cdn.alpinelinux.org/alpine/edge/community/x86_64/APKINDEX.tar.gz
#11 1.415 v20240606-190-g1a2fc1772b2 [https://dl-cdn.alpinelinux.org/alpine/edge/main]
#11 1.415 v20240606-218-ga67e8cc82a0 [https://dl-cdn.alpinelinux.org/alpine/edge/community]
#11 1.415 v20240606-220-g7943a3d337a [http://dl-cdn.alpinelinux.org/alpine/edge/testing]
#11 1.415 v20240606-218-ga67e8cc82a0 [http://dl-cdn.alpinelinux.org/alpine/edge/community]
#11 1.415 OK: 31552 distinct packages available
#11 1.474 fetch https://dl-cdn.alpinelinux.org/alpine/edge/main/x86_64/APKINDEX.tar.gz
#11 1.573 fetch https://dl-cdn.alpinelinux.org/alpine/edge/community/x86_64/APKINDEX.tar.gz
#11 1.662 fetch http://dl-cdn.alpinelinux.org/alpine/edge/testing/x86_64/APKINDEX.tar.gz
#11 1.752 fetch http://dl-cdn.alpinelinux.org/alpine/edge/community/x86_64/APKINDEX.tar.gz
#11 1.979 (1/177) Upgrading musl (1.2.4_git20230717-r5 -> 1.2.5-r1)
#11 2.003 (2/177) Upgrading libcrypto3 (3.1.4-r2 -> 3.3.1-r0)
#11 2.038 (3/177) Upgrading libssl3 (3.1.4-r2 -> 3.3.1-r0)
#11 2.055 (4/177) Upgrading zlib (1.3-r2 -> 1.3.1-r1)
#11 2.069 (5/177) Installing ncurses-terminfo-base (6.4_p20240420-r0)
#11 2.083 (6/177) Installing libncursesw (6.4_p20240420-r0)
#11 2.098 (7/177) Installing readline (8.2.10-r0)
#11 2.112 (8/177) Installing bash (5.2.26-r0)
#11 2.133 Executing bash-5.2.26-r0.post-install
#11 2.136 (9/177) Installing m4 (1.4.19-r3)
#11 2.149 (10/177) Installing bison (3.8.2-r1)
#11 2.170 (11/177) Installing coreutils-env (9.5-r1)
#11 2.183 (12/177) Installing coreutils-fmt (9.5-r1)
#11 2.196 (13/177) Installing coreutils-sha512sum (9.5-r1)
#11 2.207 (14/177) Installing libacl (2.3.2-r0)
#11 2.219 (15/177) Installing libattr (2.5.2-r0)
#11 2.231 (16/177) Installing skalibs (2.14.2.0-r0)
#11 2.244 (17/177) Installing utmps-libs (0.1.2.2-r1)
#11 2.256 (18/177) Installing coreutils (9.5-r1)
#11 2.281 (19/177) Installing diffutils (3.10-r0)
#11 2.297 (20/177) Installing zstd-libs (1.5.6-r0)
#11 2.314 (21/177) Installing libelf (0.191-r0)
#11 2.328 (22/177) Installing libbz2 (1.0.8-r6)
#11 2.341 (23/177) Installing musl-fts (1.2.7-r6)
#11 2.352 (24/177) Installing xz-libs (5.6.2-r0)
#11 2.366 (25/177) Installing libdw (0.191-r0)
#11 2.383 (26/177) Installing libasm (0.191-r0)
#11 2.395 (27/177) Installing xz (5.6.2-r0)
#11 2.410 (28/177) Installing pkgconf (2.2.0-r0)
#11 2.422 (29/177) Installing xz-dev (5.6.2-r0)
#11 2.436 (30/177) Installing libgcc (13.2.1_git20240309-r0)
#11 2.450 (31/177) Installing libstdc++ (13.2.1_git20240309-r0)
#11 2.476 (32/177) Installing zstd (1.5.6-r0)
#11 2.492 (33/177) Installing zstd-dev (1.5.6-r0)
#11 2.505 (34/177) Installing zlib-dev (1.3.1-r1)
#11 2.519 (35/177) Installing elfutils-dev (0.191-r0)
#11 2.541 (36/177) Installing libmagic (5.45-r1)
#11 2.575 (37/177) Installing file (5.45-r1)
#11 2.588 (38/177) Installing findutils (4.9.0-r5)
#11 2.603 (39/177) Installing flex (2.6.4-r6)
#11 2.617 (40/177) Installing jansson (2.14-r4)
#11 2.629 (41/177) Installing binutils (2.42-r0)
#11 2.716 (42/177) Installing libgomp (13.2.1_git20240309-r0)
#11 2.731 (43/177) Installing libatomic (13.2.1_git20240309-r0)
#11 2.743 (44/177) Installing gmp (6.3.0-r1)
#11 2.759 (45/177) Installing isl26 (0.26-r1)
#11 2.782 (46/177) Installing mpfr4 (4.2.1-r0)
#11 2.801 (47/177) Installing mpc1 (1.3.1-r1)
#11 2.815 (48/177) Installing gcc (13.2.1_git20240309-r0)
#11 3.294 (49/177) Installing ca-certificates (20240226-r0)
#11 3.316 (50/177) Installing brotli-libs (1.1.0-r2)
#11 3.343 (51/177) Installing c-ares (1.28.1-r0)
#11 3.356 (52/177) Installing libunistring (1.2-r0)
#11 3.376 (53/177) Installing libidn2 (2.3.7-r0)
#11 3.396 (54/177) Installing nghttp2-libs (1.62.1-r0)
#11 3.409 (55/177) Installing libpsl (0.21.5-r1)
#11 3.425 (56/177) Installing libcurl (8.8.0-r0)
#11 3.442 (57/177) Installing libexpat (2.6.2-r0)
#11 3.456 (58/177) Installing pcre2 (10.43-r0)
#11 3.472 (59/177) Installing git (2.45.2-r0)
#11 3.527 (60/177) Installing git-init-template (2.45.2-r0)
#11 3.540 (61/177) Installing libcap2 (2.70-r0)
#11 3.553 (62/177) Installing libmnl (1.0.5-r2)
#11 3.568 (63/177) Installing iproute2-minimal (6.9.0-r0)
#11 3.585 (64/177) Installing libxtables (1.8.10-r3)
#11 3.597 (65/177) Installing iproute2-tc (6.9.0-r0)
#11 3.614 (66/177) Installing iproute2-ss (6.9.0-r0)
#11 3.628 (67/177) Installing iproute2 (6.9.0-r0)
#11 3.644 Executing iproute2-6.9.0-r0.post-install
#11 3.647 (68/177) Installing linux-headers (6.6-r0)
#11 3.733 (69/177) Installing libip4tc (1.8.10-r3)
#11 3.745 (70/177) Installing libip6tc (1.8.10-r3)
#11 3.757 (71/177) Installing libipq (1.8.10-r3)
#11 3.769 (72/177) Installing iptables-dev (1.8.10-r3)
#11 3.782 (73/177) Installing oniguruma (6.9.9-r0)
#11 3.797 (74/177) Installing jq (1.7.1-r0)
#11 3.813 (75/177) Installing kmod (32-r0)
#11 3.826 (76/177) Installing libbpf (1.4.3-r0)
#11 3.840 (77/177) Installing libbpf-dev (1.4.3-r0)
#11 3.859 (78/177) Installing libcap-dev (2.70-r0)
#11 3.871 (79/177) Installing libmnl-dev (1.0.5-r2)
#11 3.883 (80/177) Installing make (4.4.1-r2)
#11 3.897 (81/177) Installing musl-dev (1.2.5-r1)
#11 3.948 (82/177) Installing openssl-dev (3.3.1-r0)
#11 3.974 (83/177) Installing perl (5.38.2-r0)
#11 4.156 (84/177) Installing perl-error (0.17029-r2)
#11 4.168 (85/177) Installing perl-git (2.45.2-r0)
#11 4.181 (86/177) Installing git-perl (2.45.2-r0)
#11 4.196 (87/177) Installing libffi (3.4.6-r0)
#11 4.208 (88/177) Installing gdbm (1.23-r1)
#11 4.220 (89/177) Installing mpdecimal (4.0.0-r0)
#11 4.235 (90/177) Installing libpanelw (6.4_p20240420-r0)
#11 4.246 (91/177) Installing sqlite-libs (3.46.0-r0)
#11 4.269 (92/177) Installing python3 (3.12.3-r1)
#11 4.397 (93/177) Installing python3-pycache-pyc0 (3.12.3-r1)
#11 4.483 (94/177) Installing pyc (3.12.3-r1)
#11 4.494 (95/177) Installing py3-argcomplete-pyc (3.3.0-r0)
#11 4.507 (96/177) Installing python3-pyc (3.12.3-r1)
#11 4.518 (97/177) Installing py3-argcomplete (3.3.0-r0)
#11 4.532 (98/177) Installing py3-psutil (5.9.8-r1)
#11 4.547 (99/177) Installing py3-psutil-pyc (5.9.8-r1)
#11 4.562 (100/177) Installing py3-pyroute2 (0.7.12-r1)
#11 4.591 (101/177) Installing py3-pyroute2-pyc (0.7.12-r1)
#11 4.631 (102/177) Installing py3-certifi (2024.2.2-r1)
#11 4.643 (103/177) Installing py3-certifi-pyc (2024.2.2-r1)
#11 4.655 (104/177) Installing py3-charset-normalizer (3.3.2-r1)
#11 4.668 (105/177) Installing py3-charset-normalizer-pyc (3.3.2-r1)
#11 4.682 (106/177) Installing py3-idna (3.7-r0)
#11 4.695 (107/177) Installing py3-idna-pyc (3.7-r0)
#11 4.709 (108/177) Installing py3-urllib3 (1.26.18-r1)
#11 4.725 (109/177) Installing py3-urllib3-pyc (1.26.18-r1)
#11 4.742 (110/177) Installing py3-requests (2.32.3-r0)
#11 4.757 (111/177) Installing py3-requests-pyc (2.32.3-r0)
#11 4.771 (112/177) Installing py3-parsing (3.1.2-r1)
#11 4.785 (113/177) Installing py3-parsing-pyc (3.1.2-r1)
#11 4.800 (114/177) Installing py3-packaging (24.0-r1)
#11 4.814 (115/177) Installing py3-packaging-pyc (24.0-r1)
#11 4.828 (116/177) Installing py3-setuptools (69.5.1-r0)
#11 4.866 (117/177) Installing py3-setuptools-pyc (69.5.1-r0)
#11 4.906 (118/177) Installing libcap-ng (0.8.5-r0)
#11 4.922 (119/177) Installing libintl (0.22.5-r0)
#11 4.934 (120/177) Installing libeconf (0.6.3-r0)
#11 4.946 (121/177) Installing libblkid (2.40.1-r1)
#11 4.960 (122/177) Installing libmount (2.40.1-r1)
#11 4.975 (123/177) Installing glib (2.80.2-r0)
#11 5.021 (124/177) Installing numactl (2.0.18-r0)
#11 5.033 (125/177) Installing qemu (9.0.0-r0)
#11 5.050 Executing qemu-9.0.0-r0.pre-install
#11 5.112 Executing qemu-9.0.0-r0.post-install
#11 5.115 *
#11 5.115 * If you want to run VM as unprivileged user and let Qemu create tunX devices,
#11 5.115 * then you must add that user to the group "qemu".
#11 5.115 * If you use KVM for hardware-assisted virtualization, then you may also need
#11 5.115 * to add that user to the group "kvm".
#11 5.115 *
#11 5.115 (126/177) Installing qemu-bridge-helper (9.0.0-r0)
#11 5.133 (127/177) Installing libaio (0.3.113-r2)
#11 5.144 (128/177) Installing capstone (5.0.1-r4)
#11 5.179 (129/177) Installing nettle (3.9.1-r0)
#11 5.197 (130/177) Installing libtasn1 (4.19.0-r2)
#11 5.246 (131/177) Installing p11-kit (0.25.3-r0)
#11 5.266 (132/177) Installing gnutls (3.8.5-r0)
#11 5.292 (133/177) Installing libjpeg-turbo (3.0.3-r0)
#11 5.309 (134/177) Installing lzo (2.10-r5)
#11 5.331 (135/177) Installing pixman (0.43.2-r0)
#11 5.348 (136/177) Installing libpng (1.6.43-r0)
#11 5.362 (137/177) Installing libsasl (2.1.28-r6)
#11 5.376 (138/177) Installing libseccomp (2.5.5-r1)
#11 5.390 (139/177) Installing libslirp (4.8.0-r0)
#11 5.407 (140/177) Installing snappy (1.1.10-r2)
#11 5.419 (141/177) Installing liburing (2.6-r0)
#11 5.431 (142/177) Installing vde2-libs (2.3.3-r3)
#11 5.444 (143/177) Installing qemu-system-x86_64 (9.0.0-r0)
#11 5.574 (144/177) Installing lz4-libs (1.9.4-r5)
#11 5.587 (145/177) Installing popt (1.19-r3)
#11 5.599 (146/177) Installing libxxhash (0.8.2-r2)
#11 5.617 (147/177) Installing rsync (3.3.0-r0)
#11 5.634 (148/177) Installing scapy (2.5.0-r3)
#11 5.683 Executing scapy-2.5.0-r3.post-install
#11 5.685 *
#11 5.685 * Certain optional features of scapy also depend on the following packages:
#11 5.685 *     py3-matplotlib graphviz imagemagick py3-cryptography sox
#11 5.685 * And the following unpackaged dependencies:
#11 5.685 *     pyxi vpython-jupyter nmap<v4.23
#11 5.685 * More information can be found at https://scapy.readthedocs.io/en/latest/installation.html#optional-dependencies
#11 5.685 *
#11 5.685 (149/177) Installing scapy-pyc (2.5.0-r3)
#11 5.748 (150/177) Installing util-linux (2.40.1-r1)
#11 5.760 (151/177) Installing dmesg (2.40.1-r1)
#11 5.771 (152/177) Installing setarch (2.40.1-r1)
#11 5.783 (153/177) Installing libuuid (2.40.1-r1)
#11 5.794 (154/177) Installing libfdisk (2.40.1-r1)
#11 5.810 (155/177) Installing libsmartcols (2.40.1-r1)
#11 5.822 (156/177) Installing util-linux-misc (2.40.1-r1)
#11 5.851 (157/177) Installing linux-pam (1.6.0-r0)
#11 5.869 (158/177) Installing runuser (2.40.1-r1)
#11 5.881 (159/177) Installing mount (2.40.1-r1)
#11 5.893 (160/177) Installing losetup (2.40.1-r1)
#11 5.905 (161/177) Installing hexdump (2.40.1-r1)
#11 5.917 (162/177) Installing uuidgen (2.40.1-r1)
#11 5.929 (163/177) Installing blkid (2.40.1-r1)
#11 5.941 (164/177) Installing sfdisk (2.40.1-r1)
#11 5.953 (165/177) Installing mcookie (2.40.1-r1)
#11 5.965 (166/177) Installing agetty (2.40.1-r1)
#11 5.977 (167/177) Installing wipefs (2.40.1-r1)
#11 5.990 (168/177) Installing cfdisk (2.40.1-r1)
#11 6.002 (169/177) Installing umount (2.40.1-r1)
#11 6.014 (170/177) Installing flock (2.40.1-r1)
#11 6.026 (171/177) Installing lsblk (2.40.1-r1)
#11 6.038 (172/177) Installing setpriv (2.40.1-r1)
#11 6.050 (173/177) Installing logger (2.40.1-r1)
#11 6.062 (174/177) Installing partx (2.40.1-r1)
#11 6.075 (175/177) Installing fstrim (2.40.1-r1)
#11 6.087 (176/177) Installing findmnt (2.40.1-r1)
#11 6.099 (177/177) Installing virtme-ng@testing (1.25-r0)
#11 6.153 Executing busybox-1.36.1-r17.trigger
#11 6.156 Executing ca-certificates-20240226-r0.trigger
#11 6.177 Executing glib-2.80.2-r0.trigger
#11 6.184 OK: 385 MiB in 188 packages
#11 DONE 7.2s

#12 [ 8/22] RUN mkdir -p /tmp/kernel-patches &&     mkdir -p /tmp/iproute2-patches
#12 DONE 0.9s

#13 [ 9/22] COPY tdc.config /tmp
#13 DONE 0.5s

#14 [10/22] COPY tdc-debug.config /tmp
#14 DONE 0.4s

#15 [11/22] COPY kernel-patches /tmp/kernel-patches/
#15 DONE 0.4s

#16 [12/22] COPY iproute2-patches /tmp/iproute2-patches/
#16 DONE 0.4s

#17 [13/22] COPY configs /tmp/configs/
#17 DONE 0.4s

#18 [14/22] RUN git config --global user.email foo@bar.com
#18 DONE 0.8s

#19 [15/22] RUN git config --global user.name foo@bar.com
#19 DONE 0.9s

#20 [16/22] RUN git clone https://git.kernel.org/pub/scm/network/iproute2/iproute2-next.git /nipa-data/iproute2
#20 0.839 Cloning into '/nipa-data/iproute2'...
#20 DONE 2.9s

#21 [17/22] RUN cd /nipa-data/iproute2 && 	git remote add stable https://git.kernel.org/pub/scm/network/iproute2/iproute2.git && 	git fetch --all && 	git merge stable/main
#21 0.769 Fetching origin
#21 1.093 Fetching stable
#21 1.501 From https://git.kernel.org/pub/scm/network/iproute2/iproute2
#21 1.501  * [new branch]        codeql         -> stable/codeql
#21 1.501  * [new branch]        iproute2-4.1.x -> stable/iproute2-4.1.x
#21 1.501  * [new branch]        main           -> stable/main
#21 1.504 Already up to date.
#21 DONE 1.6s

#22 [18/22] RUN if [ "$(find /tmp/iproute2-patches/ -name *.patch)" ]; then  	cd /nipa-data/iproute2; 	git apply /tmp/iproute2-patches/*.patch;     fi
#22 DONE 1.0s

#23 [19/22] RUN cd /nipa-data/iproute2/ &&     ./configure &&     make
#23 0.712 TC schedulers
#23 0.713  IPT	using xtables
#23 0.741  IPSET  yes
#23 0.763 
#23 0.764 lib directory: /usr/lib
#23 0.764 libc has setns: yes
#23 0.784 libc has name_to_handle_at: yes
#23 0.806 SELinux support: no
#23 0.807 libtirpc support: no
#23 0.808 libbpf support: yes
#23 0.875 	libbpf version 1.4.3
#23 0.875 ELF support: yes
#23 0.878 libmnl support: yes
#23 0.879 Berkeley DB: no
#23 0.890 need for strlcpy: no
#23 0.910 libcap support: yes
#23 0.912 color output: never
#23 0.914 
#23 0.914 lib
#23 0.916     CC       libgenl.o
#23 0.928 In file included from ../include/libgenl.h:5,
#23 0.928                  from libgenl.c:12:
#23 0.928 ../include/libnetlink.h: In function 'rta_getattr_be64':
#23 0.929 ../include/libnetlink.h:280:16: warning: implicit declaration of function 'htobe64' [-Wimplicit-function-declaration]
#23 0.929   280 |         return htobe64(rta_getattr_u64(rta));
#23 0.929       |                ^~~~~~~
#23 0.957     CC       libnetlink.o
#23 1.286     CC       mnl_utils.o
#23 1.298 In file included from mnl_utils.c:12:
#23 1.298 ../include/libnetlink.h: In function 'rta_getattr_be64':
#23 1.298 ../include/libnetlink.h:280:16: warning: implicit declaration of function 'htobe64' [-Wimplicit-function-declaration]
#23 1.298   280 |         return htobe64(rta_getattr_u64(rta));
#23 1.298       |                ^~~~~~~
#23 1.369     AR       libnetlink.a
#23 1.371     CC       utils.o
#23 1.763     CC       utils_math.o
#23 1.806     CC       rt_names.o
#23 1.977     CC       ll_map.o
#23 1.989 In file included from ll_map.c:17:
#23 1.989 ../include/libnetlink.h: In function 'rta_getattr_be64':
#23 1.989 ../include/libnetlink.h:280:16: warning: implicit declaration of function 'htobe64' [-Wimplicit-function-declaration]
#23 1.989   280 |         return htobe64(rta_getattr_u64(rta));
#23 1.989       |                ^~~~~~~
#23 2.065     CC       ll_types.o
#23 2.077 In file included from ll_types.c:20:
#23 2.077 ../include/uapi/linux/sockios.h:42: warning: "SIOCGSTAMP" redefined
#23 2.077    42 | #define SIOCGSTAMP      SIOCGSTAMP_OLD
#23 2.077       | 
#23 2.077 In file included from /usr/include/sys/ioctl.h:10,
#23 2.077                  from ll_types.c:12:
#23 2.077 /usr/include/bits/ioctl.h:111: note: this is the location of the previous definition
#23 2.077   111 | #define SIOCGSTAMP      0x8906
#23 2.077       | 
#23 2.077 ../include/uapi/linux/sockios.h:43: warning: "SIOCGSTAMPNS" redefined
#23 2.077    43 | #define SIOCGSTAMPNS    SIOCGSTAMPNS_OLD
#23 2.077       | 
#23 2.077 /usr/include/bits/ioctl.h:112: note: this is the location of the previous definition
#23 2.077   112 | #define SIOCGSTAMPNS    0x8907
#23 2.077       | 
#23 2.091     CC       ll_proto.o
#23 2.103 In file included from ll_proto.c:21:
#23 2.103 ../include/uapi/linux/sockios.h:42: warning: "SIOCGSTAMP" redefined
#23 2.103    42 | #define SIOCGSTAMP      SIOCGSTAMP_OLD
#23 2.103       | 
#23 2.103 In file included from /usr/include/sys/ioctl.h:10,
#23 2.103                  from ll_proto.c:13:
#23 2.103 /usr/include/bits/ioctl.h:111: note: this is the location of the previous definition
#23 2.103   111 | #define SIOCGSTAMP      0x8906
#23 2.103       | 
#23 2.103 ../include/uapi/linux/sockios.h:43: warning: "SIOCGSTAMPNS" redefined
#23 2.103    43 | #define SIOCGSTAMPNS    SIOCGSTAMPNS_OLD
#23 2.103       | 
#23 2.103 /usr/include/bits/ioctl.h:112: note: this is the location of the previous definition
#23 2.103   112 | #define SIOCGSTAMPNS    0x8907
#23 2.103       | 
#23 2.116     CC       ll_addr.o
#23 2.128 In file included from ll_addr.c:20:
#23 2.128 ../include/uapi/linux/sockios.h:42: warning: "SIOCGSTAMP" redefined
#23 2.128    42 | #define SIOCGSTAMP      SIOCGSTAMP_OLD
#23 2.128       | 
#23 2.128 In file included from /usr/include/sys/ioctl.h:10,
#23 2.128                  from ll_addr.c:12:
#23 2.128 /usr/include/bits/ioctl.h:111: note: this is the location of the previous definition
#23 2.128   111 | #define SIOCGSTAMP      0x8906
#23 2.128       | 
#23 2.128 ../include/uapi/linux/sockios.h:43: warning: "SIOCGSTAMPNS" redefined
#23 2.128    43 | #define SIOCGSTAMPNS    SIOCGSTAMPNS_OLD
#23 2.128       | 
#23 2.128 /usr/include/bits/ioctl.h:112: note: this is the location of the previous definition
#23 2.128   112 | #define SIOCGSTAMPNS    0x8907
#23 2.128       | 
#23 2.159     CC       inet_proto.o
#23 2.192     CC       namespace.o
#23 2.241     CC       json_writer.o
#23 2.320     CC       json_print.o
#23 2.435     CC       json_print_math.o
#23 2.471     CC       names.o
#23 2.523     CC       color.o
#23 2.565     CC       bpf_legacy.o
#23 2.950     CC       bpf_glue.o
#23 2.984     CC       exec.o
#23 3.017     CC       fs.o
#23 3.080     CC       cg_map.o
#23 3.112     CC       ppp_proto.o
#23 3.134     CC       bpf_libbpf.o
#23 3.210     CC       selinux.o
#23 3.228     CC       ax25_ntop.o
#23 3.254     CC       rose_ntop.o
#23 3.266 In file included from rose_ntop.c:16:
#23 3.266 ../include/uapi/linux/sockios.h:42: warning: "SIOCGSTAMP" redefined
#23 3.266    42 | #define SIOCGSTAMP      SIOCGSTAMP_OLD
#23 3.266       | 
#23 3.266 In file included from /usr/include/sys/ioctl.h:10,
#23 3.266                  from rose_ntop.c:7:
#23 3.266 /usr/include/bits/ioctl.h:111: note: this is the location of the previous definition
#23 3.266   111 | #define SIOCGSTAMP      0x8906
#23 3.266       | 
#23 3.266 ../include/uapi/linux/sockios.h:43: warning: "SIOCGSTAMPNS" redefined
#23 3.266    43 | #define SIOCGSTAMPNS    SIOCGSTAMPNS_OLD
#23 3.266       | 
#23 3.266 /usr/include/bits/ioctl.h:112: note: this is the location of the previous definition
#23 3.266   112 | #define SIOCGSTAMPNS    0x8907
#23 3.266       | 
#23 3.282     CC       mpls_ntop.o
#23 3.308     CC       mpls_pton.o
#23 3.335     CC       netrom_ntop.o
#23 3.354     AR       libutil.a
#23 3.359 
#23 3.359 ip
#23 3.361     CC       ip.o
#23 3.429     CC       ipaddress.o
#23 3.441 In file included from ipaddress.c:26:
#23 3.441 ../include/uapi/linux/sockios.h:42: warning: "SIOCGSTAMP" redefined
#23 3.441    42 | #define SIOCGSTAMP      SIOCGSTAMP_OLD
#23 3.441       | 
#23 3.441 In file included from /usr/include/sys/ioctl.h:10,
#23 3.441                  from ipaddress.c:14:
#23 3.441 /usr/include/bits/ioctl.h:111: note: this is the location of the previous definition
#23 3.441   111 | #define SIOCGSTAMP      0x8906
#23 3.441       | 
#23 3.441 ../include/uapi/linux/sockios.h:43: warning: "SIOCGSTAMPNS" redefined
#23 3.441    43 | #define SIOCGSTAMPNS    SIOCGSTAMPNS_OLD
#23 3.441       | 
#23 3.441 /usr/include/bits/ioctl.h:112: note: this is the location of the previous definition
#23 3.441   112 | #define SIOCGSTAMPNS    0x8907
#23 3.441       | 
#23 3.853     CC       ipaddrlabel.o
#23 3.908     CC       iproute.o
#23 4.395     CC       iprule.o
#23 4.576     CC       ipnetns.o
#23 4.754     CC       rtm_map.o
#23 4.787     CC       iptunnel.o
#23 4.798 In file included from ../include/uapi/linux/if_tunnel.h:6,
#23 4.798                  from iptunnel.c:19:
#23 4.798 ../include/uapi/linux/if.h:134: warning: "IFF_VOLATILE" redefined
#23 4.798   134 | #define IFF_VOLATILE    (IFF_LOOPBACK|IFF_POINTOPOINT|IFF_BROADCAST|IFF_ECHO|\
#23 4.798       | 
#23 4.798 In file included from iptunnel.c:16:
#23 4.798 /usr/include/net/if.h:48: note: this is the location of the previous definition
#23 4.798    48 | #define IFF_VOLATILE (IFF_LOOPBACK|IFF_POINTOPOINT|IFF_BROADCAST| \
#23 4.798       | 
#23 4.928     CC       ip6tunnel.o
#23 5.049     CC       tunnel.o
#23 5.145     CC       ipneigh.o
#23 5.289     CC       ipntable.o
#23 5.388     CC       iplink.o
#23 5.651     CC       ipmaddr.o
#23 5.663 In file included from ipmaddr.c:21:
#23 5.663 ../include/uapi/linux/sockios.h:42: warning: "SIOCGSTAMP" redefined
#23 5.663    42 | #define SIOCGSTAMP      SIOCGSTAMP_OLD
#23 5.663       | 
#23 5.663 In file included from /usr/include/sys/ioctl.h:10,
#23 5.663                  from ipmaddr.c:12:
#23 5.663 /usr/include/bits/ioctl.h:111: note: this is the location of the previous definition
#23 5.663   111 | #define SIOCGSTAMP      0x8906
#23 5.663       | 
#23 5.663 ../include/uapi/linux/sockios.h:43: warning: "SIOCGSTAMPNS" redefined
#23 5.663    43 | #define SIOCGSTAMPNS    SIOCGSTAMPNS_OLD
#23 5.663       | 
#23 5.663 /usr/include/bits/ioctl.h:112: note: this is the location of the previous definition
#23 5.663   112 | #define SIOCGSTAMPNS    0x8907
#23 5.663       | 
#23 5.735     CC       ipmonitor.o
#23 5.810     CC       ipmroute.o
#23 5.823 In file included from ipmroute.c:22:
#23 5.823 ../include/uapi/linux/sockios.h:42: warning: "SIOCGSTAMP" redefined
#23 5.823    42 | #define SIOCGSTAMP      SIOCGSTAMP_OLD
#23 5.823       | 
#23 5.823 In file included from /usr/include/sys/ioctl.h:10,
#23 5.823                  from ipmroute.c:13:
#23 5.823 /usr/include/bits/ioctl.h:111: note: this is the location of the previous definition
#23 5.823   111 | #define SIOCGSTAMP      0x8906
#23 5.823       | 
#23 5.823 ../include/uapi/linux/sockios.h:43: warning: "SIOCGSTAMPNS" redefined
#23 5.823    43 | #define SIOCGSTAMPNS    SIOCGSTAMPNS_OLD
#23 5.823       | 
#23 5.823 /usr/include/bits/ioctl.h:112: note: this is the location of the previous definition
#23 5.823   112 | #define SIOCGSTAMPNS    0x8907
#23 5.823       | 
#23 5.884     CC       ipprefix.o
#23 5.913     CC       iptuntap.o
#23 6.018     CC       iptoken.o
#23 6.080     CC       ipxfrm.o
#23 6.372     CC       xfrm_state.o
#23 6.635     CC       xfrm_policy.o
#23 6.865     CC       xfrm_monitor.o
#23 6.945     CC       iplink_dummy.o
#23 6.967     CC       iplink_ifb.o
#23 6.988     CC       iplink_nlmon.o
#23 7.012     CC       iplink_team.o
#23 7.034     CC       iplink_vcan.o
#23 7.057     CC       iplink_vxcan.o
#23 7.087     CC       iplink_vlan.o
#23 7.155     CC       link_veth.o
#23 7.182     CC       link_gre.o
#23 7.192 In file included from ../include/uapi/linux/if_tunnel.h:6,
#23 7.192                  from link_gre.c:15:
#23 7.192 ../include/uapi/linux/if.h:134: warning: "IFF_VOLATILE" redefined
#23 7.192   134 | #define IFF_VOLATILE    (IFF_LOOPBACK|IFF_POINTOPOINT|IFF_BROADCAST|IFF_ECHO|\
#23 7.192       | 
#23 7.192 In file included from link_gre.c:9:
#23 7.192 /usr/include/net/if.h:48: note: this is the location of the previous definition
#23 7.192    48 | #define IFF_VOLATILE (IFF_LOOPBACK|IFF_POINTOPOINT|IFF_BROADCAST| \
#23 7.192       | 
#23 7.304     CC       iplink_can.o
#23 7.482     CC       iplink_xdp.o
#23 7.540     CC       iplink_macvlan.o
#23 7.616     CC       ipl2tp.o
#23 7.774     CC       link_vti.o
#23 7.785 In file included from ../include/uapi/linux/if_tunnel.h:6,
#23 7.785                  from link_vti.c:16:
#23 7.785 ../include/uapi/linux/if.h:134: warning: "IFF_VOLATILE" redefined
#23 7.785   134 | #define IFF_VOLATILE    (IFF_LOOPBACK|IFF_POINTOPOINT|IFF_BROADCAST|IFF_ECHO|\
#23 7.785       | 
#23 7.785 In file included from link_vti.c:10:
#23 7.785 /usr/include/net/if.h:48: note: this is the location of the previous definition
#23 7.785    48 | #define IFF_VOLATILE (IFF_LOOPBACK|IFF_POINTOPOINT|IFF_BROADCAST| \
#23 7.785       | 
#23 7.843     CC       link_vti6.o
#23 7.855 In file included from ../include/uapi/linux/if_tunnel.h:6,
#23 7.855                  from link_vti6.c:17:
#23 7.855 ../include/uapi/linux/if.h:134: warning: "IFF_VOLATILE" redefined
#23 7.855   134 | #define IFF_VOLATILE    (IFF_LOOPBACK|IFF_POINTOPOINT|IFF_BROADCAST|IFF_ECHO|\
#23 7.855       | 
#23 7.855 In file included from link_vti6.c:11:
#23 7.855 /usr/include/net/if.h:48: note: this is the location of the previous definition
#23 7.855    48 | #define IFF_VOLATILE (IFF_LOOPBACK|IFF_POINTOPOINT|IFF_BROADCAST| \
#23 7.855       | 
#23 7.905     CC       link_xfrm.o
#23 7.952     CC       iplink_vxlan.o
#23 8.113     CC       tcp_metrics.o
#23 8.212     CC       iplink_ipoib.o
#23 8.252     CC       ipnetconf.o
#23 8.304     CC       link_ip6tnl.o
#23 8.314 In file included from ../include/uapi/linux/if_tunnel.h:6,
#23 8.314                  from link_ip6tnl.c:15:
#23 8.314 ../include/uapi/linux/if.h:134: warning: "IFF_VOLATILE" redefined
#23 8.314   134 | #define IFF_VOLATILE    (IFF_LOOPBACK|IFF_POINTOPOINT|IFF_BROADCAST|IFF_ECHO|\
#23 8.314       | 
#23 8.314 In file included from link_ip6tnl.c:9:
#23 8.314 /usr/include/net/if.h:48: note: this is the location of the previous definition
#23 8.314    48 | #define IFF_VOLATILE (IFF_LOOPBACK|IFF_POINTOPOINT|IFF_BROADCAST| \
#23 8.314       | 
#23 8.396     CC       link_iptnl.o
#23 8.406 In file included from ../include/uapi/linux/if_tunnel.h:6,
#23 8.406                  from link_iptnl.c:16:
#23 8.406 ../include/uapi/linux/if.h:134: warning: "IFF_VOLATILE" redefined
#23 8.406   134 | #define IFF_VOLATILE    (IFF_LOOPBACK|IFF_POINTOPOINT|IFF_BROADCAST|IFF_ECHO|\
#23 8.406       | 
#23 8.406 In file included from link_iptnl.c:9:
#23 8.406 /usr/include/net/if.h:48: note: this is the location of the previous definition
#23 8.406    48 | #define IFF_VOLATILE (IFF_LOOPBACK|IFF_POINTOPOINT|IFF_BROADCAST| \
#23 8.406       | 
#23 8.491     CC       link_gre6.o
#23 8.501 In file included from ../include/uapi/linux/if_tunnel.h:6,
#23 8.501                  from link_gre6.c:15:
#23 8.501 ../include/uapi/linux/if.h:134: warning: "IFF_VOLATILE" redefined
#23 8.501   134 | #define IFF_VOLATILE    (IFF_LOOPBACK|IFF_POINTOPOINT|IFF_BROADCAST|IFF_ECHO|\
#23 8.501       | 
#23 8.501 In file included from link_gre6.c:9:
#23 8.501 /usr/include/net/if.h:48: note: this is the location of the previous definition
#23 8.501    48 | #define IFF_VOLATILE (IFF_LOOPBACK|IFF_POINTOPOINT|IFF_BROADCAST| \
#23 8.501       | 
#23 8.613     CC       iplink_bond.o
#23 8.791     CC       iplink_bond_slave.o
#23 8.841     CC       iplink_hsr.o
#23 8.889     CC       iplink_bridge.o
#23 9.031     CC       iplink_bridge_slave.o
#23 9.134     CC       iplink_dsa.o
#23 9.165     CC       ipfou.o
#23 9.178 In file included from ../include/libgenl.h:5,
#23 9.178                  from ipfou.c:18:
#23 9.178 ../include/libnetlink.h: In function 'rta_getattr_be64':
#23 9.178 ../include/libnetlink.h:280:16: warning: implicit declaration of function 'htobe64' [-Wimplicit-function-declaration]
#23 9.178   280 |         return htobe64(rta_getattr_u64(rta));
#23 9.178       |                ^~~~~~~
#23 9.243     CC       iplink_ipvlan.o
#23 9.284     CC       iplink_geneve.o
#23 9.371     CC       iplink_vrf.o
#23 9.424     CC       iproute_lwtunnel.o
#23 9.829     CC       ipmacsec.o
#23 10.07     CC       ipila.o
#23 10.09 In file included from ../include/libgenl.h:5,
#23 10.09                  from ipila.c:18:
#23 10.09 ../include/libnetlink.h: In function 'rta_getattr_be64':
#23 10.09 ../include/libnetlink.h:280:16: warning: implicit declaration of function 'htobe64' [-Wimplicit-function-declaration]
#23 10.09   280 |         return htobe64(rta_getattr_u64(rta));
#23 10.09       |                ^~~~~~~
#23 10.15     CC       ipvrf.o
#23 10.27     CC       iplink_xstats.o
#23 10.29     CC       ipseg6.o
#23 10.34     CC       iplink_netdevsim.o
#23 10.37     CC       iplink_rmnet.o
#23 10.40     CC       ipnexthop.o
#23 10.63     CC       ipmptcp.o
#23 10.75     CC       iplink_bareudp.o
#23 10.77 In file included from iplink_bareudp.c:9:
#23 10.77 ../include/libnetlink.h: In function 'rta_getattr_be64':
#23 10.77 ../include/libnetlink.h:280:16: warning: implicit declaration of function 'htobe64' [-Wimplicit-function-declaration]
#23 10.77   280 |         return htobe64(rta_getattr_u64(rta));
#23 10.77       |                ^~~~~~~
#23 10.81     CC       iplink_wwan.o
#23 10.84     CC       ipioam6.o
#23 10.92     CC       iplink_amt.o
#23 10.97     CC       iplink_batadv.o
#23 11.00     CC       iplink_gtp.o
#23 11.04     CC       iplink_virt_wifi.o
#23 11.06     CC       iplink_netkit.o
#23 11.10     CC       ipstats.o
#23 11.30     LINK     ip
#23 11.34     CC       rtmon.o
#23 11.39     LINK     rtmon
#23 11.40 
#23 11.40 tc
#23 11.41     CC       tc.o
#23 11.49     CC       tc_qdisc.o
#23 11.61     CC       tc_class.o
#23 11.73     CC       tc_filter.o
#23 11.88     CC       tc_util.o
#23 12.07     CC       tc_monitor.o
#23 12.12     CC       tc_exec.o
#23 12.15     CC       m_police.o
#23 12.24     CC       m_estimator.o
#23 12.27     CC       m_action.o
#23 12.42     CC       m_ematch.o
#23 12.54     YACC     emp_ematch.tab.c
#23 12.60     CC       emp_ematch.tab.o
#23 12.71     LEX      emp_ematch.lex.c
#23 12.72     CC       emp_ematch.lex.o
#23 12.88     CC       q_fifo.o
#23 12.92     CC       q_sfq.o
#23 13.00     CC       q_red.o
#23 13.07     CC       q_prio.o
#23 13.12     CC       q_skbprio.o
#23 13.15     CC       q_tbf.o
#23 13.24     CC       q_multiq.o
#23 13.28     CC       q_netem.o
#23 13.48     CC       q_choke.o
#23 13.54     CC       q_sfb.o
#23 13.60     CC       f_u32.o
#23 13.85     CC       f_route.o
#23 13.91     CC       f_fw.o
#23 13.95     CC       f_basic.o
#23 14.00     CC       f_bpf.o
#23 14.07     CC       f_flow.o
#23 14.15     CC       f_cgroup.o
#23 14.19     CC       f_flower.o
#23 14.20 In file included from ../include/uapi/linux/netdevice.h:29,
#23 14.20                  from ../include/uapi/linux/if_arp.h:27,
#23 14.20                  from f_flower.c:14:
#23 14.20 ../include/uapi/linux/if.h:134: warning: "IFF_VOLATILE" redefined
#23 14.20   134 | #define IFF_VOLATILE    (IFF_LOOPBACK|IFF_POINTOPOINT|IFF_BROADCAST|IFF_ECHO|\
#23 14.20       | 
#23 14.20 In file included from f_flower.c:12:
#23 14.20 /usr/include/net/if.h:48: note: this is the location of the previous definition
#23 14.20    48 | #define IFF_VOLATILE (IFF_LOOPBACK|IFF_POINTOPOINT|IFF_BROADCAST| \
#23 14.20       | 
#23 14.73     CC       q_gred.o
#23 14.83     CC       q_ingress.o
#23 14.86     CC       q_hfsc.o
#23 14.95     CC       q_htb.o
#23 15.05     CC       q_drr.o
#23 15.09     CC       q_qfq.o
#23 15.13     CC       m_gact.o
#23 15.18     CC       m_mirred.o
#23 15.25     CC       m_mpls.o
#23 15.32     CC       m_nat.o
#23 15.37     CC       m_pedit.o
#23 15.51     CC       m_ife.o
#23 15.58     CC       m_skbedit.o
#23 15.65     CC       m_skbmod.o
#23 15.70     CC       m_csum.o
#23 15.76     CC       m_simple.o
#23 15.81     CC       m_vlan.o
#23 15.87     CC       m_connmark.o
#23 15.91     CC       m_ctinfo.o
#23 15.97     CC       m_bpf.o
#23 16.02     CC       m_tunnel_key.o
#23 16.14     CC       m_sample.o
#23 16.19     CC       m_ct.o
#23 16.31     CC       m_gate.o
#23 16.40     CC       p_ip.o
#23 16.44     CC       p_ip6.o
#23 16.47     CC       p_icmp.o
#23 16.50     CC       p_eth.o
#23 16.53     CC       p_tcp.o
#23 16.56     CC       p_udp.o
#23 16.58     CC       em_nbyte.o
#23 16.63     CC       em_cmp.o
#23 16.68     CC       em_u32.o
#23 16.73     CC       em_canid.o
#23 16.78     CC       em_meta.o
#23 16.89     CC       q_mqprio.o
#23 17.00     CC       q_codel.o
#23 17.06     CC       q_fq_codel.o
#23 17.15     CC       q_fq.o
#23 17.27     CC       q_pie.o
#23 17.34     CC       q_fq_pie.o
#23 17.41     CC       q_cake.o
#23 17.59     CC       q_hhf.o
#23 17.65     CC       q_clsact.o
#23 17.67     CC       e_bpf.o
#23 17.73     CC       f_matchall.o
#23 17.78     CC       q_cbs.o
#23 17.82     CC       q_etf.o
#23 17.87     CC       q_taprio.o
#23 18.00     CC       q_plug.o
#23 18.04     CC       q_ets.o
#23 18.12     CC       em_ipt.o
#23 18.14 In file included from tc_util.h:7,
#23 18.14                  from m_ematch.h:11,
#23 18.14                  from em_ipt.c:13:
#23 18.14 ../include/uapi/linux/if.h:134: warning: "IFF_VOLATILE" redefined
#23 18.14   134 | #define IFF_VOLATILE    (IFF_LOOPBACK|IFF_POINTOPOINT|IFF_BROADCAST|IFF_ECHO|\
#23 18.14       | 
#23 18.14 In file included from ../include/xtables.h:17,
#23 18.14                  from em_ipt.c:12:
#23 18.14 /usr/include/net/if.h:48: note: this is the location of the previous definition
#23 18.14    48 | #define IFF_VOLATILE (IFF_LOOPBACK|IFF_POINTOPOINT|IFF_BROADCAST| \
#23 18.14       | 
#23 18.17     CC       em_ipset.o
#23 18.18 In file included from tc_util.h:7,
#23 18.18                  from m_ematch.h:11,
#23 18.18                  from em_ipset.c:39:
#23 18.18 ../include/uapi/linux/if.h:134: warning: "IFF_VOLATILE" redefined
#23 18.18   134 | #define IFF_VOLATILE    (IFF_LOOPBACK|IFF_POINTOPOINT|IFF_BROADCAST|IFF_ECHO|\
#23 18.18       | 
#23 18.18 In file included from ../include/xtables.h:17,
#23 18.18                  from em_ipset.c:23:
#23 18.18 /usr/include/net/if.h:48: note: this is the location of the previous definition
#23 18.18    48 | #define IFF_VOLATILE (IFF_LOOPBACK|IFF_POINTOPOINT|IFF_BROADCAST| \
#23 18.18       | 
#23 18.22     CC       tc_core.o
#23 18.29     CC       tc_red.o
#23 18.35     CC       tc_estimator.o
#23 18.37     CC       tc_stab.o
#23 18.43     CC       tc_qevent.o
#23 18.44 In file included from tc_qevent.h:7,
#23 18.44                  from tc_qevent.c:10:
#23 18.44 ../include/libnetlink.h: In function 'rta_getattr_be64':
#23 18.44 ../include/libnetlink.h:280:16: warning: implicit declaration of function 'htobe64' [-Wimplicit-function-declaration]
#23 18.44   280 |         return htobe64(rta_getattr_u64(rta));
#23 18.44       |                ^~~~~~~
#23 18.48     AR       libtc.a
#23 18.49     LINK     tc
#23 18.52 rm emp_ematch.lex.c
#23 18.52 
#23 18.52 bridge
#23 18.52     CC       bridge.o
#23 18.57     CC       fdb.o
#23 18.58 In file included from fdb.c:28:
#23 18.58 ../include/libnetlink.h: In function 'rta_getattr_be64':
#23 18.58 ../include/libnetlink.h:280:16: warning: implicit declaration of function 'htobe64' [-Wimplicit-function-declaration]
#23 18.58   280 |         return htobe64(rta_getattr_u64(rta));
#23 18.58       |                ^~~~~~~
#23 18.76     CC       monitor.o
#23 18.80     CC       link.o
#23 18.81 In file included from link.c:16:
#23 18.81 ../include/libnetlink.h: In function 'rta_getattr_be64':
#23 18.81 ../include/libnetlink.h:280:16: warning: implicit declaration of function 'htobe64' [-Wimplicit-function-declaration]
#23 18.81   280 |         return htobe64(rta_getattr_u64(rta));
#23 18.81       |                ^~~~~~~
#23 18.95     CC       mdb.o
#23 18.96 In file included from mdb.c:20:
#23 18.96 ../include/libnetlink.h: In function 'rta_getattr_be64':
#23 18.96 ../include/libnetlink.h:280:16: warning: implicit declaration of function 'htobe64' [-Wimplicit-function-declaration]
#23 18.96   280 |         return htobe64(rta_getattr_u64(rta));
#23 18.96       |                ^~~~~~~
#23 19.14     CC       vlan.o
#23 19.15 In file included from vlan.c:16:
#23 19.15 ../include/libnetlink.h: In function 'rta_getattr_be64':
#23 19.15 ../include/libnetlink.h:280:16: warning: implicit declaration of function 'htobe64' [-Wimplicit-function-declaration]
#23 19.15   280 |         return htobe64(rta_getattr_u64(rta));
#23 19.15       |                ^~~~~~~
#23 19.40     CC       vni.o
#23 19.41 In file included from vni.c:21:
#23 19.41 ../include/libnetlink.h: In function 'rta_getattr_be64':
#23 19.41 ../include/libnetlink.h:280:16: warning: implicit declaration of function 'htobe64' [-Wimplicit-function-declaration]
#23 19.41   280 |         return htobe64(rta_getattr_u64(rta));
#23 19.41       |                ^~~~~~~
#23 19.49     LINK     bridge
#23 19.50 
#23 19.50 misc
#23 19.50     CC       ss.o
#23 19.52 In file included from ../include/uapi/linux/tipc.h:42,
#23 19.52                  from ss.c:49:
#23 19.52 ../include/uapi/linux/sockios.h:42: warning: "SIOCGSTAMP" redefined
#23 19.52    42 | #define SIOCGSTAMP      SIOCGSTAMP_OLD
#23 19.52       | 
#23 19.52 In file included from /usr/include/sys/ioctl.h:10,
#23 19.52                  from ss.c:12:
#23 19.52 /usr/include/bits/ioctl.h:111: note: this is the location of the previous definition
#23 19.52   111 | #define SIOCGSTAMP      0x8906
#23 19.52       | 
#23 19.52 ../include/uapi/linux/sockios.h:43: warning: "SIOCGSTAMPNS" redefined
#23 19.52    43 | #define SIOCGSTAMPNS    SIOCGSTAMPNS_OLD
#23 19.52       | 
#23 19.52 /usr/include/bits/ioctl.h:112: note: this is the location of the previous definition
#23 19.52   112 | #define SIOCGSTAMPNS    0x8907
#23 19.52       | 
#23 20.37     CC       ssfilter_check.o
#23 20.39 In file included from ssfilter_check.c:6:
#23 20.39 ../include/libnetlink.h: In function 'rta_getattr_be64':
#23 20.39 ../include/libnetlink.h:280:16: warning: implicit declaration of function 'htobe64' [-Wimplicit-function-declaration]
#23 20.39   280 |         return htobe64(rta_getattr_u64(rta));
#23 20.39       |                ^~~~~~~
#23 20.41     YACC     ssfilter.tab.c
#23 20.47     CC       ssfilter.tab.o
#23 20.57     LINK     ss
#23 20.59     CC       nstat
#23 20.73     CC       ifstat
#23 20.75 In file included from ifstat.c:30:
#23 20.75 ../include/libnetlink.h: In function 'rta_getattr_be64':
#23 20.75 ../include/libnetlink.h:280:16: warning: implicit declaration of function 'htobe64' [-Wimplicit-function-declaration]
#23 20.75   280 |         return htobe64(rta_getattr_u64(rta));
#23 20.75       |                ^~~~~~~
#23 20.92     CC       rtacct
#23 21.04     CC       lnstat.o
#23 21.11     CC       lnstat_util.o
#23 21.17     LINK     lnstat
#23 21.18 
#23 21.18 netem
#23 21.18 gcc  -I../include -o maketable maketable.c -lm
#23 21.21 gcc  -I../include -o normal normal.c -lm
#23 21.24 gcc  -I../include -o pareto pareto.c -lm
#23 21.26 gcc  -I../include -o paretonormal paretonormal.c -lm
#23 21.29 ./normal > normal.dist
#23 21.30 ./pareto > pareto.dist
#23 21.30 ./paretonormal > paretonormal.dist
#23 21.31 ./maketable experimental.dat > experimental.dist
#23 21.31 
#23 21.31 genl
#23 21.31     CC       genl.o
#23 21.36     CC       ctrl.o
#23 21.42     LINK     genl
#23 21.44 
#23 21.44 man
#23 21.44 make[2]: Nothing to be done for 'all'.
#23 21.44 make[2]: Nothing to be done for 'all'.
#23 21.44 sed \
#23 21.44 	-e "s|@NETNS_ETC_DIR@|/etc/netns|g" \
#23 21.44 	-e "s|@NETNS_RUN_DIR@|/var/run/netns|g" \
#23 21.44 	-e "s|@SYSCONF_ETC_DIR@|/etc/iproute2|g" \
#23 21.44 	-e "s|@SYSCONF_USR_DIR@|/usr/share/iproute2|g" \
#23 21.44 	ip-address.8.in > ip-address.8
#23 21.44 sed \
#23 21.44 	-e "s|@NETNS_ETC_DIR@|/etc/netns|g" \
#23 21.44 	-e "s|@NETNS_RUN_DIR@|/var/run/netns|g" \
#23 21.44 	-e "s|@SYSCONF_ETC_DIR@|/etc/iproute2|g" \
#23 21.44 	-e "s|@SYSCONF_USR_DIR@|/usr/share/iproute2|g" \
#23 21.44 	ip-link.8.in > ip-link.8
#23 21.45 sed \
#23 21.45 	-e "s|@NETNS_ETC_DIR@|/etc/netns|g" \
#23 21.45 	-e "s|@NETNS_RUN_DIR@|/var/run/netns|g" \
#23 21.45 	-e "s|@SYSCONF_ETC_DIR@|/etc/iproute2|g" \
#23 21.45 	-e "s|@SYSCONF_USR_DIR@|/usr/share/iproute2|g" \
#23 21.45 	ip-netns.8.in > ip-netns.8
#23 21.45 sed \
#23 21.45 	-e "s|@NETNS_ETC_DIR@|/etc/netns|g" \
#23 21.45 	-e "s|@NETNS_RUN_DIR@|/var/run/netns|g" \
#23 21.45 	-e "s|@SYSCONF_ETC_DIR@|/etc/iproute2|g" \
#23 21.45 	-e "s|@SYSCONF_USR_DIR@|/usr/share/iproute2|g" \
#23 21.45 	ip-route.8.in > ip-route.8
#23 21.45 
#23 21.45 tipc
#23 21.46     CC       bearer.o
#23 21.63     CC       cmdl.o
#23 21.66     CC       link.o
#23 21.85     CC       media.o
#23 21.90     CC       misc.o
#23 21.95     CC       msg.o
#23 21.97     CC       nametable.o
#23 22.01     CC       node.o
#23 22.10     CC       socket.o
#23 22.14     CC       peer.o
#23 22.17     CC       tipc.o
#23 22.20     LINK     tipc
#23 22.22 
#23 22.22 devlink
#23 22.22     CC       devlink.o
#23 23.85     CC       mnlg.o
#23 23.86 In file included from mnlg.c:16:
#23 23.86 ../include/libnetlink.h: In function 'rta_getattr_be64':
#23 23.86 ../include/libnetlink.h:280:16: warning: implicit declaration of function 'htobe64' [-Wimplicit-function-declaration]
#23 23.86   280 |         return htobe64(rta_getattr_u64(rta));
#23 23.86       |                ^~~~~~~
#23 23.89     LINK     devlink
#23 23.90 
#23 23.90 rdma
#23 23.91     CC       rdma.o
#23 23.93 rdma.c: In function 'main':
#23 23.93 rdma.c:110:20: warning: implicit declaration of function 'basename'; did you mean 'rename'? [-Wimplicit-function-declaration]
#23 23.93   110 |         filename = basename(argv[0]);
#23 23.93       |                    ^~~~~~~~
#23 23.93       |                    rename
#23 23.93 rdma.c:110:18: warning: assignment to 'char *' from 'int' makes pointer from integer without a cast [-Wint-conversion]
#23 23.93   110 |         filename = basename(argv[0]);
#23 23.93       |                  ^
#23 23.95     CC       utils.o
#23 24.14     CC       dev.o
#23 24.21     CC       link.o
#23 24.28     CC       res.o
#23 24.39     CC       res-pd.o
#23 24.43     CC       res-mr.o
#23 24.47     CC       res-cq.o
#23 24.52     CC       res-cmid.o
#23 24.59     CC       res-qp.o
#23 24.65     CC       sys.o
#23 24.69     CC       stat.o
#23 24.91     CC       stat-mr.o
#23 24.95     CC       res-ctx.o
#23 24.98     CC       res-srq.o
#23 25.05     LINK     rdma
#23 25.06 
#23 25.06 dcb
#23 25.07     CC       dcb.o
#23 25.08 In file included from ../include/namespace.h:10,
#23 25.08                  from dcb.c:11:
#23 25.08 ../include/libnetlink.h: In function 'rta_getattr_be64':
#23 25.08 ../include/libnetlink.h:280:16: warning: implicit declaration of function 'htobe64' [-Wimplicit-function-declaration]
#23 25.08   280 |         return htobe64(rta_getattr_u64(rta));
#23 25.08       |                ^~~~~~~
#23 25.19     CC       dcb_app.o
#23 25.37     CC       dcb_buffer.o
#23 25.43     CC       dcb_dcbx.o
#23 25.48     CC       dcb_ets.o
#23 25.56     CC       dcb_maxrate.o
#23 25.61     CC       dcb_pfc.o
#23 25.67     CC       dcb_apptrust.o
#23 25.73     CC       dcb_rewr.o
#23 25.80     LINK     dcb
#23 25.82 
#23 25.82 vdpa
#23 25.82     CC       vdpa.o
#23 25.97     LINK     vdpa
#23 DONE 26.0s

#24 [20/22] RUN git clone --no-single-branch --depth=1 https://github.com/linux-netdev/testing.git /nipa-data/kernel
#24 0.398 Cloning into '/nipa-data/kernel'...
#24 24.40 Updating files:  17% (14213/83283)Updating files:  18% (14991/83283)Updating files:  19% (15824/83283)Updating files:  20% (16657/83283)Updating files:  21% (17490/83283)Updating files:  22% (18323/83283)Updating files:  23% (19156/83283)Updating files:  24% (19988/83283)Updating files:  25% (20821/83283)Updating files:  26% (21654/83283)Updating files:  27% (22487/83283)Updating files:  28% (23320/83283)Updating files:  29% (24153/83283)Updating files:  30% (24985/83283)Updating files:  31% (25818/83283)Updating files:  32% (26651/83283)Updating files:  33% (27484/83283)Updating files:  34% (28317/83283)Updating files:  34% (28447/83283)Updating files:  35% (29150/83283)Updating files:  36% (29982/83283)Updating files:  37% (30815/83283)Updating files:  38% (31648/83283)Updating files:  39% (32481/83283)Updating files:  40% (33314/83283)Updating files:  40% (33602/83283)Updating files:  41% (34147/83283)Updating files:  42% (34979/83283)Updating files:  43% (35812/83283)Updating files:  44% (36645/83283)Updating files:  45% (37478/83283)Updating files:  46% (38311/83283)Updating files:  47% (39144/83283)Updating files:  48% (39976/83283)Updating files:  49% (40809/83283)Updating files:  50% (41642/83283)Updating files:  50% (42387/83283)Updating files:  51% (42475/83283)Updating files:  52% (43308/83283)Updating files:  53% (44140/83283)Updating files:  54% (44973/83283)Updating files:  55% (45806/83283)Updating files:  56% (46639/83283)Updating files:  57% (47472/83283)Updating files:  58% (48305/83283)Updating files:  59% (49137/83283)Updating files:  60% (49970/83283)Updating files:  61% (50803/83283)Updating files:  62% (51636/83283)Updating files:  63% (52469/83283)Updating files:  64% (53302/83283)Updating files:  64% (53794/83283)Updating files:  65% (54134/83283)Updating files:  66% (54967/83283)Updating files:  67% (55800/83283)Updating files:  68% (56633/83283)Updating files:  69% (57466/83283)Updating files:  70% (58299/83283)Updating files:  71% (59131/83283)Updating files:  72% (59964/83283)Updating files:  73% (60797/83283)Updating files:  74% (61630/83283)Updating files:  75% (62463/83283)Updating files:  76% (63296/83283)Updating files:  77% (64128/83283)Updating files:  78% (64961/83283)Updating files:  79% (65794/83283)Updating files:  80% (66627/83283)Updating files:  81% (67460/83283)Updating files:  82% (68293/83283)Updating files:  82% (68665/83283)Updating files:  83% (69125/83283)Updating files:  84% (69958/83283)Updating files:  85% (70791/83283)Updating files:  86% (71624/83283)Updating files:  87% (72457/83283)Updating files:  88% (73290/83283)Updating files:  89% (74122/83283)Updating files:  90% (74955/83283)Updating files:  91% (75788/83283)Updating files:  92% (76621/83283)Updating files:  93% (77454/83283)Updating files:  94% (78287/83283)Updating files:  95% (79119/83283)Updating files:  96% (79952/83283)Updating files:  97% (80785/83283)Updating files:  98% (81618/83283)Updating files:  99% (82451/83283)Updating files: 100% (83283/83283)Updating files: 100% (83283/83283), done.
#24 DONE 32.1s

#25 [21/22] RUN git clone --depth=1 -b main https://github.com/p4tc-dev/new-nipa.git nipa
#25 0.358 Cloning into 'nipa'...
#25 DONE 0.6s

#26 [22/22] COPY entrypoint.sh /entrypoint.sh
#26 DONE 0.0s

#27 exporting to image
#27 exporting layers
#27 exporting layers 7.8s done
#27 writing image sha256:2cd8d5a8827fcd4d4598c71cfb9a6b879c3d32f891ddb2a7549a3ef674e66199 0.0s done
#27 naming to docker.io/library/nipa-executor 0.1s done
#27 DONE 7.8s
=== >>> DEBUG KERNEL <<< ===
NIPA version: 1b9c21a (ui: set canvas background color to stand out, 2024-03-28)
INFO: Last run date: 2024-06-09 09:00:07.736273+00:00
Testing  {'branch': 'net-next-2024-06-09--12-00', 'date': '2024-06-09T12:00:17.565308+00:00', 'base': '896fe7e1969c12a5ac7b6a8448bed0a364d95a34', 'url': 'https://github.com/linux-netdev/testing.git net-next-2024-06-09--12-00'}
Updating files:  35% (7713/21910)Updating files:  36% (7888/21910)Updating files:  37% (8107/21910)Updating files:  38% (8326/21910)Updating files:  39% (8545/21910)Updating files:  40% (8764/21910)Updating files:  41% (8984/21910)Updating files:  42% (9203/21910)Updating files:  43% (9422/21910)Updating files:  44% (9641/21910)Updating files:  45% (9860/21910)Updating files:  46% (10079/21910)Updating files:  47% (10298/21910)Updating files:  48% (10517/21910)Updating files:  49% (10736/21910)Updating files:  50% (10955/21910)Updating files:  51% (11175/21910)Updating files:  52% (11394/21910)Updating files:  53% (11613/21910)Updating files:  54% (11832/21910)Updating files:  55% (12051/21910)Updating files:  56% (12270/21910)Updating files:  57% (12489/21910)Updating files:  58% (12708/21910)Updating files:  59% (12927/21910)Updating files:  60% (13146/21910)Updating files:  61% (13366/21910)Updating files:  62% (13585/21910)Updating files:  63% (13804/21910)Updating files:  63% (14017/21910)Updating files:  64% (14023/21910)Updating files:  65% (14242/21910)Updating files:  66% (14461/21910)Updating files:  67% (14680/21910)Updating files:  68% (14899/21910)Updating files:  69% (15118/21910)Updating files:  70% (15337/21910)Updating files:  71% (15557/21910)Updating files:  72% (15776/21910)Updating files:  73% (15995/21910)Updating files:  74% (16214/21910)Updating files:  75% (16433/21910)Updating files:  76% (16652/21910)Updating files:  77% (16871/21910)Updating files:  78% (17090/21910)Updating files:  79% (17309/21910)Updating files:  80% (17528/21910)Updating files:  81% (17748/21910)Updating files:  82% (17967/21910)Updating files:  83% (18186/21910)Updating files:  84% (18405/21910)Updating files:  85% (18624/21910)Updating files:  86% (18843/21910)Updating files:  87% (19062/21910)Updating files:  88% (19281/21910)Updating files:  89% (19500/21910)Updating files:  90% (19719/21910)Updating files:  91% (19939/21910)Updating files:  92% (20158/21910)Updating files:  93% (20377/21910)Updating files:  94% (20596/21910)Updating files:  95% (20815/21910)Updating files:  96% (21034/21910)Updating files:  97% (21253/21910)Updating files:  98% (21472/21910)Updating files:  99% (21691/21910)Updating files: 100% (21910/21910)Updating files: 100% (21910/21910), done.
branch 'net-next-2024-06-09--12-00' set up to track 'origin/net-next-2024-06-09--12-00'.
Switched to a new branch 'net-next-2024-06-09--12-00'
error: No valid patches in input (allow with "--allow-empty")
Checking patch tools/testing/selftests/tc-testing/tdc_config.py...
Applied patch tools/testing/selftests/tc-testing/tdc_config.py cleanly.
Run at 2024-06-09 12:23:37.897890
INFO: building kernel
INFO: starting VM 0
INFO: thr0-0 VM starting: vng -v -r arch/x86/boot/bzImage --user root --rwdir=/nipa-data/kernel/
INFO: thr0-0 expecting prompt: '/nipa-data/kernel# '
INFO: thr0-0 reached initial prompt
INFO: thr-0 testing == tdc.sh
INFO: thr-0 tdc.sh >> retcode: 0 result: pass found {'fail': False, 'skip': False, 'pass': True}
INFO: thr-0 has no more work, exiting
INFO: thr0-0 VM stopped
Done at 2024-06-09 12:28:29.061172
NIPA quitting!
/
~/nipa/tc-executor/tc-executor-storage /
sort: write failed: 'standard output': Broken pipe
sort: write error
