~/nipa/tc-executor/tc-executor-storage /
Switched to branch 'storage'
Your branch is ahead of 'origin/storage' by 1052 commits.
  (use "git push" to publish your local commits)
/
~/nipa/tc-executor /
Error response from daemon: No such image: nipa-executor:latest
#0 building with "default" instance using docker driver

#1 [internal] load .dockerignore
#1 transferring context: 2B done
#1 DONE 0.0s

#2 [internal] load build definition from Dockerfile
#2 transferring dockerfile: 2.05kB done
#2 DONE 0.0s

#3 [internal] load metadata for docker.io/library/alpine:edge
#3 DONE 0.0s

#4 [ 1/22] FROM docker.io/library/alpine:edge
#4 CACHED

#5 [internal] load build context
#5 transferring context: 3.04kB done
#5 DONE 0.0s

#6 [ 2/22] RUN echo false > debug-mode
#6 DONE 1.0s

#7 [ 3/22] RUN addgroup -g 1001 hostuser
#7 DONE 0.4s

#8 [ 4/22] RUN adduser -u 1001 -G hostuser -H -D -s /bin/ash hostuser
#8 DONE 0.4s

#9 [ 5/22] RUN echo '@testing http://dl-cdn.alpinelinux.org/alpine/edge/testing' >> /etc/apk/repositories
#9 DONE 0.4s

#10 [ 6/22] RUN echo '@community http://dl-cdn.alpinelinux.org/alpine/edge/community' >> /etc/apk/repositories
#10 DONE 0.4s

#11 [ 7/22] RUN apk update && apk add --no-cache    virtme-ng@testing    git    py3-requests    py3-psutil    py3-setuptools    py3-pyroute2    py3-argcomplete    qemu-system-x86_64@community    scapy@community    make    gcc    musl-dev    flex    bison    linux-headers    elfutils-dev    util-linux    coreutils    diffutils    findutils    file    bash    kmod    perl    iptables-dev    libcap-dev    libmnl-dev    iproute2     jq    libbpf-dev    rsync    openssl-dev
#11 0.462 fetch https://dl-cdn.alpinelinux.org/alpine/edge/main/x86_64/APKINDEX.tar.gz
#11 0.689 fetch https://dl-cdn.alpinelinux.org/alpine/edge/community/x86_64/APKINDEX.tar.gz
#11 0.910 fetch http://dl-cdn.alpinelinux.org/alpine/edge/testing/x86_64/APKINDEX.tar.gz
#11 1.554 fetch http://dl-cdn.alpinelinux.org/alpine/edge/community/x86_64/APKINDEX.tar.gz
#11 1.827 v20240606-1503-gbfb16f7a93a [https://dl-cdn.alpinelinux.org/alpine/edge/main]
#11 1.827 v20240606-1547-g2bf50ee7532 [https://dl-cdn.alpinelinux.org/alpine/edge/community]
#11 1.827 v20240606-1539-g4d9cdcc2c65 [http://dl-cdn.alpinelinux.org/alpine/edge/testing]
#11 1.827 v20240606-1547-g2bf50ee7532 [http://dl-cdn.alpinelinux.org/alpine/edge/community]
#11 1.827 OK: 31702 distinct packages available
#11 1.886 fetch https://dl-cdn.alpinelinux.org/alpine/edge/main/x86_64/APKINDEX.tar.gz
#11 1.987 fetch https://dl-cdn.alpinelinux.org/alpine/edge/community/x86_64/APKINDEX.tar.gz
#11 2.082 fetch http://dl-cdn.alpinelinux.org/alpine/edge/testing/x86_64/APKINDEX.tar.gz
#11 2.175 fetch http://dl-cdn.alpinelinux.org/alpine/edge/community/x86_64/APKINDEX.tar.gz
#11 2.404 (1/176) Upgrading musl (1.2.4_git20230717-r5 -> 1.2.5-r1)
#11 2.421 (2/176) Upgrading libcrypto3 (3.1.4-r2 -> 3.3.1-r0)
#11 2.459 (3/176) Upgrading libssl3 (3.1.4-r2 -> 3.3.1-r0)
#11 2.479 (4/176) Upgrading zlib (1.3-r2 -> 1.3.1-r1)
#11 2.497 (5/176) Installing ncurses-terminfo-base (6.4_p20240420-r0)
#11 2.510 (6/176) Installing libncursesw (6.4_p20240420-r0)
#11 2.526 (7/176) Installing readline (8.2.10-r0)
#11 2.540 (8/176) Installing bash (5.2.26-r0)
#11 2.565 Executing bash-5.2.26-r0.post-install
#11 2.568 (9/176) Installing m4 (1.4.19-r3)
#11 2.582 (10/176) Installing bison (3.8.2-r1)
#11 2.605 (11/176) Installing coreutils-env (9.5-r1)
#11 2.617 (12/176) Installing coreutils-fmt (9.5-r1)
#11 2.630 (13/176) Installing coreutils-sha512sum (9.5-r1)
#11 2.644 (14/176) Installing libacl (2.3.2-r0)
#11 2.657 (15/176) Installing libattr (2.5.2-r0)
#11 2.669 (16/176) Installing skalibs (2.14.2.0-r0)
#11 2.683 (17/176) Installing utmps-libs (0.1.2.2-r1)
#11 2.695 (18/176) Installing coreutils (9.5-r1)
#11 2.717 (19/176) Installing diffutils (3.10-r0)
#11 2.732 (20/176) Installing zstd-libs (1.5.6-r0)
#11 2.749 (21/176) Installing libelf (0.191-r0)
#11 2.761 (22/176) Installing libbz2 (1.0.8-r6)
#11 2.774 (23/176) Installing musl-fts (1.2.7-r6)
#11 2.788 (24/176) Installing xz-libs (5.6.2-r0)
#11 2.802 (25/176) Installing libdw (0.191-r0)
#11 2.818 (26/176) Installing libasm (0.191-r0)
#11 2.834 (27/176) Installing xz (5.6.2-r0)
#11 2.848 (28/176) Installing pkgconf (2.2.0-r0)
#11 2.861 (29/176) Installing xz-dev (5.6.2-r0)
#11 2.875 (30/176) Installing libgcc (13.2.1_git20240309-r0)
#11 2.891 (31/176) Installing libstdc++ (13.2.1_git20240309-r0)
#11 2.915 (32/176) Installing zstd (1.5.6-r0)
#11 2.932 (33/176) Installing zstd-dev (1.5.6-r0)
#11 2.945 (34/176) Installing zlib-dev (1.3.1-r1)
#11 2.958 (35/176) Installing elfutils-dev (0.191-r0)
#11 2.979 (36/176) Installing libmagic (5.45-r1)
#11 3.010 (37/176) Installing file (5.45-r1)
#11 3.022 (38/176) Installing findutils (4.9.0-r5)
#11 3.037 (39/176) Installing flex (2.6.4-r6)
#11 3.051 (40/176) Installing jansson (2.14-r4)
#11 3.065 (41/176) Installing binutils (2.42-r0)
#11 3.168 (42/176) Installing libgomp (13.2.1_git20240309-r0)
#11 3.183 (43/176) Installing libatomic (13.2.1_git20240309-r0)
#11 3.197 (44/176) Installing gmp (6.3.0-r1)
#11 3.214 (45/176) Installing isl26 (0.26-r1)
#11 3.248 (46/176) Installing mpfr4 (4.2.1-r0)
#11 3.327 (47/176) Installing mpc1 (1.3.1-r1)
#11 3.341 (48/176) Installing gcc (13.2.1_git20240309-r0)
#11 4.611 (49/176) Installing ca-certificates (20240226-r0)
#11 4.636 (50/176) Installing brotli-libs (1.1.0-r2)
#11 4.657 (51/176) Installing c-ares (1.31.0-r0)
#11 4.670 (52/176) Installing libunistring (1.2-r0)
#11 4.691 (53/176) Installing libidn2 (2.3.7-r0)
#11 4.705 (54/176) Installing nghttp2-libs (1.62.1-r0)
#11 4.718 (55/176) Installing libpsl (0.21.5-r2)
#11 4.732 (56/176) Installing libcurl (8.8.0-r0)
#11 4.749 (57/176) Installing libexpat (2.6.2-r0)
#11 4.765 (58/176) Installing pcre2 (10.43-r0)
#11 4.781 (59/176) Installing git (2.45.2-r1)
#11 4.834 (60/176) Installing git-init-template (2.45.2-r1)
#11 4.848 (61/176) Installing libcap2 (2.70-r0)
#11 4.861 (62/176) Installing libmnl (1.0.5-r2)
#11 4.873 (63/176) Installing iproute2-minimal (6.9.0-r0)
#11 4.890 (64/176) Installing libxtables (1.8.10-r3)
#11 4.904 (65/176) Installing iproute2-tc (6.9.0-r0)
#11 4.920 (66/176) Installing iproute2-ss (6.9.0-r0)
#11 4.934 (67/176) Installing iproute2 (6.9.0-r0)
#11 4.960 Executing iproute2-6.9.0-r0.post-install
#11 4.963 (68/176) Installing linux-headers (6.6-r0)
#11 5.054 (69/176) Installing libip4tc (1.8.10-r3)
#11 5.067 (70/176) Installing libip6tc (1.8.10-r3)
#11 5.079 (71/176) Installing libipq (1.8.10-r3)
#11 5.093 (72/176) Installing iptables-dev (1.8.10-r3)
#11 5.110 (73/176) Installing oniguruma (6.9.9-r0)
#11 5.126 (74/176) Installing jq (1.7.1-r0)
#11 5.143 (75/176) Installing kmod (32-r0)
#11 5.199 (76/176) Installing libbpf (1.4.3-r0)
#11 5.213 (77/176) Installing libbpf-dev (1.4.3-r0)
#11 5.231 (78/176) Installing libcap-dev (2.70-r0)
#11 5.243 (79/176) Installing libmnl-dev (1.0.5-r2)
#11 5.255 (80/176) Installing make (4.4.1-r2)
#11 5.269 (81/176) Installing musl-dev (1.2.5-r1)
#11 5.333 (82/176) Installing openssl-dev (3.3.1-r0)
#11 5.453 (83/176) Installing perl (5.40.0-r1)
#11 5.813 (84/176) Installing perl-error (0.17029-r2)
#11 5.828 (85/176) Installing perl-git (2.45.2-r1)
#11 5.843 (86/176) Installing git-perl (2.45.2-r1)
#11 5.855 (87/176) Installing libffi (3.4.6-r0)
#11 5.868 (88/176) Installing gdbm (1.23-r1)
#11 5.881 (89/176) Installing mpdecimal (4.0.0-r0)
#11 5.894 (90/176) Installing libpanelw (6.4_p20240420-r0)
#11 5.906 (91/176) Installing sqlite-libs (3.46.0-r0)
#11 5.928 (92/176) Installing python3 (3.12.3-r1)
#11 6.058 (93/176) Installing python3-pycache-pyc0 (3.12.3-r1)
#11 6.140 (94/176) Installing pyc (3.12.3-r1)
#11 6.152 (95/176) Installing py3-argcomplete-pyc (3.4.0-r0)
#11 6.167 (96/176) Installing python3-pyc (3.12.3-r1)
#11 6.179 (97/176) Installing py3-argcomplete (3.4.0-r0)
#11 6.193 (98/176) Installing py3-psutil (5.9.8-r1)
#11 6.211 (99/176) Installing py3-psutil-pyc (5.9.8-r1)
#11 6.228 (100/176) Installing py3-pyroute2 (0.7.12-r1)
#11 6.258 (101/176) Installing py3-pyroute2-pyc (0.7.12-r1)
#11 6.292 (102/176) Installing py3-certifi (2024.2.2-r1)
#11 6.305 (103/176) Installing py3-certifi-pyc (2024.2.2-r1)
#11 6.317 (104/176) Installing py3-charset-normalizer (3.3.2-r1)
#11 6.333 (105/176) Installing py3-charset-normalizer-pyc (3.3.2-r1)
#11 6.347 (106/176) Installing py3-idna (3.7-r0)
#11 6.361 (107/176) Installing py3-idna-pyc (3.7-r0)
#11 6.375 (108/176) Installing py3-urllib3 (1.26.18-r1)
#11 6.396 (109/176) Installing py3-urllib3-pyc (1.26.18-r1)
#11 6.413 (110/176) Installing py3-requests (2.32.3-r0)
#11 6.428 (111/176) Installing py3-requests-pyc (2.32.3-r0)
#11 6.444 (112/176) Installing py3-parsing (3.1.2-r1)
#11 6.458 (113/176) Installing py3-parsing-pyc (3.1.2-r1)
#11 6.477 (114/176) Installing py3-packaging (24.1-r0)
#11 6.491 (115/176) Installing py3-packaging-pyc (24.1-r0)
#11 6.505 (116/176) Installing py3-setuptools (70.1.1-r0)
#11 6.547 (117/176) Installing py3-setuptools-pyc (70.1.1-r0)
#11 6.590 (118/176) Installing libcap-ng (0.8.5-r0)
#11 6.603 (119/176) Installing libintl (0.22.5-r0)
#11 6.615 (120/176) Installing libeconf (0.6.3-r0)
#11 6.629 (121/176) Installing libblkid (2.40.1-r1)
#11 6.643 (122/176) Installing libmount (2.40.1-r1)
#11 6.658 (123/176) Installing glib (2.80.3-r0)
#11 6.692 (124/176) Installing numactl (2.0.18-r0)
#11 6.704 (125/176) Installing qemu (9.0.1-r0)
#11 6.721 Executing qemu-9.0.1-r0.pre-install
#11 6.797 Executing qemu-9.0.1-r0.post-install
#11 6.800 *
#11 6.800 * If you want to run VM as unprivileged user and let Qemu create tunX devices,
#11 6.800 * then you must add that user to the group "qemu".
#11 6.800 * If you use KVM for hardware-assisted virtualization, then you may also need
#11 6.800 * to add that user to the group "kvm".
#11 6.800 *
#11 6.800 (126/176) Installing qemu-bridge-helper (9.0.1-r0)
#11 6.818 (127/176) Installing libaio (0.3.113-r2)
#11 6.829 (128/176) Installing capstone (5.0.1-r4)
#11 6.862 (129/176) Installing nettle (3.10-r0)
#11 6.881 (130/176) Installing libtasn1 (4.19.0-r2)
#11 6.899 (131/176) Installing p11-kit (0.25.3-r0)
#11 6.918 (132/176) Installing gnutls (3.8.5-r0)
#11 6.941 (133/176) Installing libjpeg-turbo (3.0.3-r0)
#11 6.957 (134/176) Installing lzo (2.10-r5)
#11 6.971 (135/176) Installing pixman (0.43.2-r0)
#11 6.989 (136/176) Installing libpng (1.6.43-r0)
#11 7.005 (137/176) Installing libsasl (2.1.28-r7)
#11 7.019 (138/176) Installing libseccomp (2.5.5-r1)
#11 7.033 (139/176) Installing libslirp (4.8.0-r0)
#11 7.045 (140/176) Installing snappy (1.1.10-r2)
#11 7.058 (141/176) Installing vde2-libs (2.3.3-r3)
#11 7.071 (142/176) Installing qemu-system-x86_64 (9.0.1-r0)
#11 7.176 (143/176) Installing lz4-libs (1.9.4-r5)
#11 7.190 (144/176) Installing popt (1.19-r3)
#11 7.206 (145/176) Installing libxxhash (0.8.2-r2)
#11 7.219 (146/176) Installing rsync (3.3.0-r0)
#11 7.234 (147/176) Installing scapy (2.5.0-r3)
#11 7.287 Executing scapy-2.5.0-r3.post-install
#11 7.288 *
#11 7.288 * Certain optional features of scapy also depend on the following packages:
#11 7.288 *     py3-matplotlib graphviz imagemagick py3-cryptography sox
#11 7.288 * And the following unpackaged dependencies:
#11 7.289 *     pyxi vpython-jupyter nmap<v4.23
#11 7.289 * More information can be found at https://scapy.readthedocs.io/en/latest/installation.html#optional-dependencies
#11 7.289 *
#11 7.289 (148/176) Installing scapy-pyc (2.5.0-r3)
#11 7.355 (149/176) Installing util-linux (2.40.1-r1)
#11 7.367 (150/176) Installing dmesg (2.40.1-r1)
#11 7.380 (151/176) Installing setarch (2.40.1-r1)
#11 7.395 (152/176) Installing libuuid (2.40.1-r1)
#11 7.407 (153/176) Installing libfdisk (2.40.1-r1)
#11 7.422 (154/176) Installing libsmartcols (2.40.1-r1)
#11 7.435 (155/176) Installing util-linux-misc (2.40.1-r1)
#11 7.465 (156/176) Installing linux-pam (1.6.0-r0)
#11 7.485 (157/176) Installing runuser (2.40.1-r1)
#11 7.498 (158/176) Installing mount (2.40.1-r1)
#11 7.511 (159/176) Installing losetup (2.40.1-r1)
#11 7.523 (160/176) Installing hexdump (2.40.1-r1)
#11 7.535 (161/176) Installing uuidgen (2.40.1-r1)
#11 7.548 (162/176) Installing blkid (2.40.1-r1)
#11 7.563 (163/176) Installing sfdisk (2.40.1-r1)
#11 7.576 (164/176) Installing mcookie (2.40.1-r1)
#11 7.587 (165/176) Installing agetty (2.40.1-r1)
#11 7.600 (166/176) Installing wipefs (2.40.1-r1)
#11 7.618 (167/176) Installing cfdisk (2.40.1-r1)
#11 7.630 (168/176) Installing umount (2.40.1-r1)
#11 7.645 (169/176) Installing flock (2.40.1-r1)
#11 7.657 (170/176) Installing lsblk (2.40.1-r1)
#11 7.670 (171/176) Installing setpriv (2.40.1-r1)
#11 7.682 (172/176) Installing logger (2.40.1-r1)
#11 7.695 (173/176) Installing partx (2.40.1-r1)
#11 7.707 (174/176) Installing fstrim (2.40.1-r1)
#11 7.719 (175/176) Installing findmnt (2.40.1-r1)
#11 7.732 (176/176) Installing virtme-ng@testing (1.25-r0)
#11 7.787 Executing busybox-1.36.1-r17.trigger
#11 7.792 Executing ca-certificates-20240226-r0.trigger
#11 7.814 Executing glib-2.80.3-r0.trigger
#11 7.821 OK: 385 MiB in 187 packages
#11 DONE 8.2s

#12 [ 8/22] RUN mkdir -p /tmp/kernel-patches &&     mkdir -p /tmp/iproute2-patches
#12 DONE 0.3s

#13 [ 9/22] COPY tdc.config /tmp
#13 DONE 0.0s

#14 [10/22] COPY tdc-debug.config /tmp
#14 DONE 0.1s

#15 [11/22] COPY kernel-patches /tmp/kernel-patches/
#15 DONE 0.0s

#16 [12/22] COPY iproute2-patches /tmp/iproute2-patches/
#16 DONE 0.0s

#17 [13/22] COPY configs /tmp/configs/
#17 DONE 0.0s

#18 [14/22] RUN git config --global user.email foo@bar.com
#18 DONE 0.4s

#19 [15/22] RUN git config --global user.name foo@bar.com
#19 DONE 0.4s

#20 [16/22] RUN git clone https://git.kernel.org/pub/scm/network/iproute2/iproute2-next.git /nipa-data/iproute2
#20 0.410 Cloning into '/nipa-data/iproute2'...
#20 DONE 2.2s

#21 [17/22] RUN cd /nipa-data/iproute2 && 	git remote add stable https://git.kernel.org/pub/scm/network/iproute2/iproute2.git && 	git fetch --all && 	git merge stable/main
#21 0.352 Fetching origin
#21 0.687 Fetching stable
#21 1.330 From https://git.kernel.org/pub/scm/network/iproute2/iproute2
#21 1.330  * [new branch]        codeql         -> stable/codeql
#21 1.330  * [new branch]        iproute2-4.1.x -> stable/iproute2-4.1.x
#21 1.331  * [new branch]        main           -> stable/main
#21 1.367 Auto-merging misc/ss.c
#21 1.381 Merge made by the 'ort' strategy.
#21 1.387  devlink/devlink.c | 4 ++--
#21 1.387  misc/ss.c         | 2 ++
#21 1.387  2 files changed, 4 insertions(+), 2 deletions(-)
#21 DONE 1.4s

#22 [18/22] RUN if [ "$(find /tmp/iproute2-patches/ -name *.patch)" ]; then  	cd /nipa-data/iproute2; 	git apply /tmp/iproute2-patches/*.patch;     fi
#22 DONE 0.4s

#23 [19/22] RUN cd /nipa-data/iproute2/ &&     ./configure &&     make
#23 0.364 TC schedulers
#23 0.365  IPT	using xtables
#23 0.393  IPSET  yes
#23 0.413 
#23 0.413 lib directory: /usr/lib
#23 0.413 libc has setns: yes
#23 0.433 libc has name_to_handle_at: yes
#23 0.452 SELinux support: no
#23 0.453 libtirpc support: no
#23 0.454 libbpf support: yes
#23 0.516 	libbpf version 1.4.3
#23 0.516 ELF support: yes
#23 0.518 libmnl support: yes
#23 0.520 Berkeley DB: no
#23 0.530 need for strlcpy: no
#23 0.549 libcap support: yes
#23 0.551 color output: never
#23 0.553 
#23 0.553 lib
#23 0.555     CC       libgenl.o
#23 0.567 In file included from ../include/libgenl.h:5,
#23 0.567                  from libgenl.c:12:
#23 0.567 ../include/libnetlink.h: In function 'rta_getattr_be64':
#23 0.567 ../include/libnetlink.h:280:16: warning: implicit declaration of function 'htobe64' [-Wimplicit-function-declaration]
#23 0.567   280 |         return htobe64(rta_getattr_u64(rta));
#23 0.567       |                ^~~~~~~
#23 0.593     CC       libnetlink.o
#23 0.886     CC       mnl_utils.o
#23 0.898 In file included from mnl_utils.c:12:
#23 0.898 ../include/libnetlink.h: In function 'rta_getattr_be64':
#23 0.898 ../include/libnetlink.h:280:16: warning: implicit declaration of function 'htobe64' [-Wimplicit-function-declaration]
#23 0.898   280 |         return htobe64(rta_getattr_u64(rta));
#23 0.898       |                ^~~~~~~
#23 0.959     AR       libnetlink.a
#23 0.961     CC       utils.o
#23 1.347     CC       utils_math.o
#23 1.387     CC       rt_names.o
#23 1.557     CC       ll_map.o
#23 1.569 In file included from ll_map.c:17:
#23 1.569 ../include/libnetlink.h: In function 'rta_getattr_be64':
#23 1.570 ../include/libnetlink.h:280:16: warning: implicit declaration of function 'htobe64' [-Wimplicit-function-declaration]
#23 1.570   280 |         return htobe64(rta_getattr_u64(rta));
#23 1.570       |                ^~~~~~~
#23 1.644     CC       ll_types.o
#23 1.657 In file included from ll_types.c:20:
#23 1.657 ../include/uapi/linux/sockios.h:42: warning: "SIOCGSTAMP" redefined
#23 1.657    42 | #define SIOCGSTAMP      SIOCGSTAMP_OLD
#23 1.657       | 
#23 1.657 In file included from /usr/include/sys/ioctl.h:10,
#23 1.657                  from ll_types.c:12:
#23 1.657 /usr/include/bits/ioctl.h:111: note: this is the location of the previous definition
#23 1.657   111 | #define SIOCGSTAMP      0x8906
#23 1.657       | 
#23 1.657 ../include/uapi/linux/sockios.h:43: warning: "SIOCGSTAMPNS" redefined
#23 1.657    43 | #define SIOCGSTAMPNS    SIOCGSTAMPNS_OLD
#23 1.657       | 
#23 1.657 /usr/include/bits/ioctl.h:112: note: this is the location of the previous definition
#23 1.657   112 | #define SIOCGSTAMPNS    0x8907
#23 1.657       | 
#23 1.678     CC       ll_proto.o
#23 1.690 In file included from ll_proto.c:21:
#23 1.690 ../include/uapi/linux/sockios.h:42: warning: "SIOCGSTAMP" redefined
#23 1.690    42 | #define SIOCGSTAMP      SIOCGSTAMP_OLD
#23 1.690       | 
#23 1.690 In file included from /usr/include/sys/ioctl.h:10,
#23 1.690                  from ll_proto.c:13:
#23 1.690 /usr/include/bits/ioctl.h:111: note: this is the location of the previous definition
#23 1.690   111 | #define SIOCGSTAMP      0x8906
#23 1.690       | 
#23 1.690 ../include/uapi/linux/sockios.h:43: warning: "SIOCGSTAMPNS" redefined
#23 1.690    43 | #define SIOCGSTAMPNS    SIOCGSTAMPNS_OLD
#23 1.690       | 
#23 1.690 /usr/include/bits/ioctl.h:112: note: this is the location of the previous definition
#23 1.690   112 | #define SIOCGSTAMPNS    0x8907
#23 1.690       | 
#23 1.704     CC       ll_addr.o
#23 1.717 In file included from ll_addr.c:20:
#23 1.717 ../include/uapi/linux/sockios.h:42: warning: "SIOCGSTAMP" redefined
#23 1.717    42 | #define SIOCGSTAMP      SIOCGSTAMP_OLD
#23 1.717       | 
#23 1.717 In file included from /usr/include/sys/ioctl.h:10,
#23 1.717                  from ll_addr.c:12:
#23 1.717 /usr/include/bits/ioctl.h:111: note: this is the location of the previous definition
#23 1.717   111 | #define SIOCGSTAMP      0x8906
#23 1.717       | 
#23 1.717 ../include/uapi/linux/sockios.h:43: warning: "SIOCGSTAMPNS" redefined
#23 1.717    43 | #define SIOCGSTAMPNS    SIOCGSTAMPNS_OLD
#23 1.717       | 
#23 1.717 /usr/include/bits/ioctl.h:112: note: this is the location of the previous definition
#23 1.717   112 | #define SIOCGSTAMPNS    0x8907
#23 1.717       | 
#23 1.745     CC       inet_proto.o
#23 1.773     CC       namespace.o
#23 1.842     CC       json_writer.o
#23 1.931     CC       json_print.o
#23 2.054     CC       json_print_math.o
#23 2.084     CC       names.o
#23 2.129     CC       color.o
#23 2.168     CC       bpf_legacy.o
#23 2.542     CC       bpf_glue.o
#23 2.576     CC       exec.o
#23 2.603     CC       fs.o
#23 2.664     CC       cg_map.o
#23 2.696     CC       ppp_proto.o
#23 2.717     CC       bpf_libbpf.o
#23 2.787     CC       selinux.o
#23 2.805     CC       ax25_ntop.o
#23 2.831     CC       rose_ntop.o
#23 2.843 In file included from rose_ntop.c:16:
#23 2.843 ../include/uapi/linux/sockios.h:42: warning: "SIOCGSTAMP" redefined
#23 2.843    42 | #define SIOCGSTAMP      SIOCGSTAMP_OLD
#23 2.843       | 
#23 2.843 In file included from /usr/include/sys/ioctl.h:10,
#23 2.843                  from rose_ntop.c:7:
#23 2.843 /usr/include/bits/ioctl.h:111: note: this is the location of the previous definition
#23 2.843   111 | #define SIOCGSTAMP      0x8906
#23 2.843       | 
#23 2.843 ../include/uapi/linux/sockios.h:43: warning: "SIOCGSTAMPNS" redefined
#23 2.843    43 | #define SIOCGSTAMPNS    SIOCGSTAMPNS_OLD
#23 2.843       | 
#23 2.843 /usr/include/bits/ioctl.h:112: note: this is the location of the previous definition
#23 2.843   112 | #define SIOCGSTAMPNS    0x8907
#23 2.843       | 
#23 2.858     CC       mpls_ntop.o
#23 2.884     CC       mpls_pton.o
#23 2.909     CC       netrom_ntop.o
#23 2.930     AR       libutil.a
#23 2.934 
#23 2.934 ip
#23 2.936     CC       ip.o
#23 3.003     CC       ipaddress.o
#23 3.016 In file included from ipaddress.c:26:
#23 3.016 ../include/uapi/linux/sockios.h:42: warning: "SIOCGSTAMP" redefined
#23 3.016    42 | #define SIOCGSTAMP      SIOCGSTAMP_OLD
#23 3.016       | 
#23 3.016 In file included from /usr/include/sys/ioctl.h:10,
#23 3.016                  from ipaddress.c:14:
#23 3.016 /usr/include/bits/ioctl.h:111: note: this is the location of the previous definition
#23 3.016   111 | #define SIOCGSTAMP      0x8906
#23 3.016       | 
#23 3.016 ../include/uapi/linux/sockios.h:43: warning: "SIOCGSTAMPNS" redefined
#23 3.016    43 | #define SIOCGSTAMPNS    SIOCGSTAMPNS_OLD
#23 3.016       | 
#23 3.016 /usr/include/bits/ioctl.h:112: note: this is the location of the previous definition
#23 3.016   112 | #define SIOCGSTAMPNS    0x8907
#23 3.016       | 
#23 3.430     CC       ipaddrlabel.o
#23 3.485     CC       iproute.o
#23 3.964     CC       iprule.o
#23 4.147     CC       ipnetns.o
#23 4.328     CC       rtm_map.o
#23 4.367     CC       iptunnel.o
#23 4.379 In file included from ../include/uapi/linux/if_tunnel.h:6,
#23 4.379                  from iptunnel.c:19:
#23 4.379 ../include/uapi/linux/if.h:134: warning: "IFF_VOLATILE" redefined
#23 4.379   134 | #define IFF_VOLATILE    (IFF_LOOPBACK|IFF_POINTOPOINT|IFF_BROADCAST|IFF_ECHO|\
#23 4.379       | 
#23 4.379 In file included from iptunnel.c:16:
#23 4.379 /usr/include/net/if.h:48: note: this is the location of the previous definition
#23 4.379    48 | #define IFF_VOLATILE (IFF_LOOPBACK|IFF_POINTOPOINT|IFF_BROADCAST| \
#23 4.379       | 
#23 4.511     CC       ip6tunnel.o
#23 4.620     CC       tunnel.o
#23 4.716     CC       ipneigh.o
#23 4.874     CC       ipntable.o
#23 4.987     CC       iplink.o
#23 5.273     CC       ipmaddr.o
#23 5.286 In file included from ipmaddr.c:21:
#23 5.286 ../include/uapi/linux/sockios.h:42: warning: "SIOCGSTAMP" redefined
#23 5.286    42 | #define SIOCGSTAMP      SIOCGSTAMP_OLD
#23 5.286       | 
#23 5.286 In file included from /usr/include/sys/ioctl.h:10,
#23 5.286                  from ipmaddr.c:12:
#23 5.286 /usr/include/bits/ioctl.h:111: note: this is the location of the previous definition
#23 5.286   111 | #define SIOCGSTAMP      0x8906
#23 5.286       | 
#23 5.286 ../include/uapi/linux/sockios.h:43: warning: "SIOCGSTAMPNS" redefined
#23 5.286    43 | #define SIOCGSTAMPNS    SIOCGSTAMPNS_OLD
#23 5.286       | 
#23 5.286 /usr/include/bits/ioctl.h:112: note: this is the location of the previous definition
#23 5.286   112 | #define SIOCGSTAMPNS    0x8907
#23 5.286       | 
#23 5.366     CC       ipmonitor.o
#23 5.445     CC       ipmroute.o
#23 5.458 In file included from ipmroute.c:22:
#23 5.458 ../include/uapi/linux/sockios.h:42: warning: "SIOCGSTAMP" redefined
#23 5.458    42 | #define SIOCGSTAMP      SIOCGSTAMP_OLD
#23 5.458       | 
#23 5.458 In file included from /usr/include/sys/ioctl.h:10,
#23 5.458                  from ipmroute.c:13:
#23 5.458 /usr/include/bits/ioctl.h:111: note: this is the location of the previous definition
#23 5.458   111 | #define SIOCGSTAMP      0x8906
#23 5.458       | 
#23 5.458 ../include/uapi/linux/sockios.h:43: warning: "SIOCGSTAMPNS" redefined
#23 5.458    43 | #define SIOCGSTAMPNS    SIOCGSTAMPNS_OLD
#23 5.458       | 
#23 5.458 /usr/include/bits/ioctl.h:112: note: this is the location of the previous definition
#23 5.458   112 | #define SIOCGSTAMPNS    0x8907
#23 5.458       | 
#23 5.518     CC       ipprefix.o
#23 5.549     CC       iptuntap.o
#23 5.660     CC       iptoken.o
#23 5.720     CC       ipxfrm.o
#23 6.023     CC       xfrm_state.o
#23 6.284     CC       xfrm_policy.o
#23 6.517     CC       xfrm_monitor.o
#23 6.595     CC       iplink_dummy.o
#23 6.616     CC       iplink_ifb.o
#23 6.644     CC       iplink_nlmon.o
#23 6.668     CC       iplink_team.o
#23 6.691     CC       iplink_vcan.o
#23 6.713     CC       iplink_vxcan.o
#23 6.741     CC       iplink_vlan.o
#23 6.810     CC       link_veth.o
#23 6.838     CC       link_gre.o
#23 6.849 In file included from ../include/uapi/linux/if_tunnel.h:6,
#23 6.849                  from link_gre.c:15:
#23 6.849 ../include/uapi/linux/if.h:134: warning: "IFF_VOLATILE" redefined
#23 6.849   134 | #define IFF_VOLATILE    (IFF_LOOPBACK|IFF_POINTOPOINT|IFF_BROADCAST|IFF_ECHO|\
#23 6.849       | 
#23 6.849 In file included from link_gre.c:9:
#23 6.849 /usr/include/net/if.h:48: note: this is the location of the previous definition
#23 6.849    48 | #define IFF_VOLATILE (IFF_LOOPBACK|IFF_POINTOPOINT|IFF_BROADCAST| \
#23 6.849       | 
#23 6.955     CC       iplink_can.o
#23 7.098     CC       iplink_xdp.o
#23 7.156     CC       iplink_macvlan.o
#23 7.227     CC       ipl2tp.o
#23 7.386     CC       link_vti.o
#23 7.399 In file included from ../include/uapi/linux/if_tunnel.h:6,
#23 7.399                  from link_vti.c:16:
#23 7.399 ../include/uapi/linux/if.h:134: warning: "IFF_VOLATILE" redefined
#23 7.399   134 | #define IFF_VOLATILE    (IFF_LOOPBACK|IFF_POINTOPOINT|IFF_BROADCAST|IFF_ECHO|\
#23 7.399       | 
#23 7.399 In file included from link_vti.c:10:
#23 7.399 /usr/include/net/if.h:48: note: this is the location of the previous definition
#23 7.399    48 | #define IFF_VOLATILE (IFF_LOOPBACK|IFF_POINTOPOINT|IFF_BROADCAST| \
#23 7.399       | 
#23 7.460     CC       link_vti6.o
#23 7.470 In file included from ../include/uapi/linux/if_tunnel.h:6,
#23 7.470                  from link_vti6.c:17:
#23 7.470 ../include/uapi/linux/if.h:134: warning: "IFF_VOLATILE" redefined
#23 7.470   134 | #define IFF_VOLATILE    (IFF_LOOPBACK|IFF_POINTOPOINT|IFF_BROADCAST|IFF_ECHO|\
#23 7.470       | 
#23 7.470 In file included from link_vti6.c:11:
#23 7.470 /usr/include/net/if.h:48: note: this is the location of the previous definition
#23 7.470    48 | #define IFF_VOLATILE (IFF_LOOPBACK|IFF_POINTOPOINT|IFF_BROADCAST| \
#23 7.470       | 
#23 7.515     CC       link_xfrm.o
#23 7.551     CC       iplink_vxlan.o
#23 7.739     CC       tcp_metrics.o
#23 7.851     CC       iplink_ipoib.o
#23 7.904     CC       ipnetconf.o
#23 7.957     CC       link_ip6tnl.o
#23 7.968 In file included from ../include/uapi/linux/if_tunnel.h:6,
#23 7.968                  from link_ip6tnl.c:15:
#23 7.968 ../include/uapi/linux/if.h:134: warning: "IFF_VOLATILE" redefined
#23 7.968   134 | #define IFF_VOLATILE    (IFF_LOOPBACK|IFF_POINTOPOINT|IFF_BROADCAST|IFF_ECHO|\
#23 7.968       | 
#23 7.968 In file included from link_ip6tnl.c:9:
#23 7.968 /usr/include/net/if.h:48: note: this is the location of the previous definition
#23 7.968    48 | #define IFF_VOLATILE (IFF_LOOPBACK|IFF_POINTOPOINT|IFF_BROADCAST| \
#23 7.968       | 
#23 8.061     CC       link_iptnl.o
#23 8.071 In file included from ../include/uapi/linux/if_tunnel.h:6,
#23 8.071                  from link_iptnl.c:16:
#23 8.071 ../include/uapi/linux/if.h:134: warning: "IFF_VOLATILE" redefined
#23 8.071   134 | #define IFF_VOLATILE    (IFF_LOOPBACK|IFF_POINTOPOINT|IFF_BROADCAST|IFF_ECHO|\
#23 8.071       | 
#23 8.071 In file included from link_iptnl.c:9:
#23 8.071 /usr/include/net/if.h:48: note: this is the location of the previous definition
#23 8.071    48 | #define IFF_VOLATILE (IFF_LOOPBACK|IFF_POINTOPOINT|IFF_BROADCAST| \
#23 8.071       | 
#23 8.158     CC       link_gre6.o
#23 8.169 In file included from ../include/uapi/linux/if_tunnel.h:6,
#23 8.169                  from link_gre6.c:15:
#23 8.169 ../include/uapi/linux/if.h:134: warning: "IFF_VOLATILE" redefined
#23 8.169   134 | #define IFF_VOLATILE    (IFF_LOOPBACK|IFF_POINTOPOINT|IFF_BROADCAST|IFF_ECHO|\
#23 8.169       | 
#23 8.169 In file included from link_gre6.c:9:
#23 8.169 /usr/include/net/if.h:48: note: this is the location of the previous definition
#23 8.169    48 | #define IFF_VOLATILE (IFF_LOOPBACK|IFF_POINTOPOINT|IFF_BROADCAST| \
#23 8.169       | 
#23 8.319     CC       iplink_bond.o
#23 8.493     CC       iplink_bond_slave.o
#23 8.546     CC       iplink_hsr.o
#23 8.596     CC       iplink_bridge.o
#23 8.748     CC       iplink_bridge_slave.o
#23 8.871     CC       iplink_dsa.o
#23 8.903     CC       ipfou.o
#23 8.918 In file included from ../include/libgenl.h:5,
#23 8.918                  from ipfou.c:18:
#23 8.918 ../include/libnetlink.h: In function 'rta_getattr_be64':
#23 8.918 ../include/libnetlink.h:280:16: warning: implicit declaration of function 'htobe64' [-Wimplicit-function-declaration]
#23 8.918   280 |         return htobe64(rta_getattr_u64(rta));
#23 8.918       |                ^~~~~~~
#23 9.005     CC       iplink_ipvlan.o
#23 9.044     CC       iplink_geneve.o
#23 9.135     CC       iplink_vrf.o
#23 9.192     CC       iproute_lwtunnel.o
#23 9.642     CC       ipmacsec.o
#23 9.911     CC       ipila.o
#23 9.924 In file included from ../include/libgenl.h:5,
#23 9.924                  from ipila.c:18:
#23 9.924 ../include/libnetlink.h: In function 'rta_getattr_be64':
#23 9.924 ../include/libnetlink.h:280:16: warning: implicit declaration of function 'htobe64' [-Wimplicit-function-declaration]
#23 9.924   280 |         return htobe64(rta_getattr_u64(rta));
#23 9.924       |                ^~~~~~~
#23 9.989     CC       ipvrf.o
#23 10.12     CC       iplink_xstats.o
#23 10.16     CC       ipseg6.o
#23 10.22     CC       iplink_netdevsim.o
#23 10.24     CC       iplink_rmnet.o
#23 10.29     CC       ipnexthop.o
#23 10.58     CC       ipmptcp.o
#23 10.72     CC       iplink_bareudp.o
#23 10.73 In file included from iplink_bareudp.c:9:
#23 10.73 ../include/libnetlink.h: In function 'rta_getattr_be64':
#23 10.73 ../include/libnetlink.h:280:16: warning: implicit declaration of function 'htobe64' [-Wimplicit-function-declaration]
#23 10.73   280 |         return htobe64(rta_getattr_u64(rta));
#23 10.73       |                ^~~~~~~
#23 10.78     CC       iplink_wwan.o
#23 10.81     CC       ipioam6.o
#23 10.88     CC       iplink_amt.o
#23 10.94     CC       iplink_batadv.o
#23 10.96     CC       iplink_gtp.o
#23 11.00     CC       iplink_virt_wifi.o
#23 11.02     CC       iplink_netkit.o
#23 11.06     CC       ipstats.o
#23 11.29     LINK     ip
#23 11.32     CC       rtmon.o
#23 11.37     LINK     rtmon
#23 11.38 
#23 11.38 tc
#23 11.38     CC       tc.o
#23 11.47     CC       tc_qdisc.o
#23 11.59     CC       tc_class.o
#23 11.70     CC       tc_filter.o
#23 11.85     CC       tc_util.o
#23 12.03     CC       tc_monitor.o
#23 12.07     CC       tc_exec.o
#23 12.10     CC       m_police.o
#23 12.18     CC       m_estimator.o
#23 12.21     CC       m_action.o
#23 12.36     CC       m_ematch.o
#23 12.47     YACC     emp_ematch.tab.c
#23 12.53     CC       emp_ematch.tab.o
#23 12.63     LEX      emp_ematch.lex.c
#23 12.63     CC       emp_ematch.lex.o
#23 12.80     CC       q_fifo.o
#23 12.83     CC       q_sfq.o
#23 12.90     CC       q_red.o
#23 12.97     CC       q_prio.o
#23 13.01     CC       q_skbprio.o
#23 13.05     CC       q_tbf.o
#23 13.14     CC       q_multiq.o
#23 13.17     CC       q_netem.o
#23 13.39     CC       q_choke.o
#23 13.46     CC       q_sfb.o
#23 13.53     CC       f_u32.o
#23 13.79     CC       f_route.o
#23 13.86     CC       f_fw.o
#23 13.91     CC       f_basic.o
#23 13.96     CC       f_bpf.o
#23 14.04     CC       f_flow.o
#23 14.13     CC       f_cgroup.o
#23 14.17     CC       f_flower.o
#23 14.18 In file included from ../include/uapi/linux/netdevice.h:29,
#23 14.18                  from ../include/uapi/linux/if_arp.h:27,
#23 14.18                  from f_flower.c:14:
#23 14.18 ../include/uapi/linux/if.h:134: warning: "IFF_VOLATILE" redefined
#23 14.18   134 | #define IFF_VOLATILE    (IFF_LOOPBACK|IFF_POINTOPOINT|IFF_BROADCAST|IFF_ECHO|\
#23 14.18       | 
#23 14.18 In file included from f_flower.c:12:
#23 14.18 /usr/include/net/if.h:48: note: this is the location of the previous definition
#23 14.18    48 | #define IFF_VOLATILE (IFF_LOOPBACK|IFF_POINTOPOINT|IFF_BROADCAST| \
#23 14.18       | 
#23 14.67     CC       q_gred.o
#23 14.78     CC       q_ingress.o
#23 14.80     CC       q_hfsc.o
#23 14.89     CC       q_htb.o
#23 14.98     CC       q_drr.o
#23 15.01     CC       q_qfq.o
#23 15.05     CC       m_gact.o
#23 15.10     CC       m_mirred.o
#23 15.17     CC       m_mpls.o
#23 15.23     CC       m_nat.o
#23 15.29     CC       m_pedit.o
#23 15.42     CC       m_ife.o
#23 15.50     CC       m_skbedit.o
#23 15.56     CC       m_skbmod.o
#23 15.61     CC       m_csum.o
#23 15.67     CC       m_simple.o
#23 15.72     CC       m_vlan.o
#23 15.80     CC       m_connmark.o
#23 15.84     CC       m_ctinfo.o
#23 15.89     CC       m_bpf.o
#23 15.95     CC       m_tunnel_key.o
#23 16.06     CC       m_sample.o
#23 16.11     CC       m_ct.o
#23 16.23     CC       m_gate.o
#23 16.32     CC       p_ip.o
#23 16.37     CC       p_ip6.o
#23 16.41     CC       p_icmp.o
#23 16.43     CC       p_eth.o
#23 16.46     CC       p_tcp.o
#23 16.49     CC       p_udp.o
#23 16.52     CC       em_nbyte.o
#23 16.57     CC       em_cmp.o
#23 16.63     CC       em_u32.o
#23 16.67     CC       em_canid.o
#23 16.73     CC       em_meta.o
#23 16.85     CC       q_mqprio.o
#23 16.98     CC       q_codel.o
#23 17.03     CC       q_fq_codel.o
#23 17.10     CC       q_fq.o
#23 17.22     CC       q_pie.o
#23 17.29     CC       q_fq_pie.o
#23 17.36     CC       q_cake.o
#23 17.54     CC       q_hhf.o
#23 17.60     CC       q_clsact.o
#23 17.62     CC       e_bpf.o
#23 17.68     CC       f_matchall.o
#23 17.73     CC       q_cbs.o
#23 17.78     CC       q_etf.o
#23 17.83     CC       q_taprio.o
#23 17.96     CC       q_plug.o
#23 18.00     CC       q_ets.o
#23 18.07     CC       em_ipt.o
#23 18.09 In file included from tc_util.h:7,
#23 18.09                  from m_ematch.h:11,
#23 18.09                  from em_ipt.c:13:
#23 18.09 ../include/uapi/linux/if.h:134: warning: "IFF_VOLATILE" redefined
#23 18.09   134 | #define IFF_VOLATILE    (IFF_LOOPBACK|IFF_POINTOPOINT|IFF_BROADCAST|IFF_ECHO|\
#23 18.09       | 
#23 18.09 In file included from ../include/xtables.h:17,
#23 18.09                  from em_ipt.c:12:
#23 18.09 /usr/include/net/if.h:48: note: this is the location of the previous definition
#23 18.09    48 | #define IFF_VOLATILE (IFF_LOOPBACK|IFF_POINTOPOINT|IFF_BROADCAST| \
#23 18.09       | 
#23 18.12     CC       em_ipset.o
#23 18.14 In file included from tc_util.h:7,
#23 18.14                  from m_ematch.h:11,
#23 18.14                  from em_ipset.c:39:
#23 18.14 ../include/uapi/linux/if.h:134: warning: "IFF_VOLATILE" redefined
#23 18.14   134 | #define IFF_VOLATILE    (IFF_LOOPBACK|IFF_POINTOPOINT|IFF_BROADCAST|IFF_ECHO|\
#23 18.14       | 
#23 18.14 In file included from ../include/xtables.h:17,
#23 18.14                  from em_ipset.c:23:
#23 18.14 /usr/include/net/if.h:48: note: this is the location of the previous definition
#23 18.14    48 | #define IFF_VOLATILE (IFF_LOOPBACK|IFF_POINTOPOINT|IFF_BROADCAST| \
#23 18.14       | 
#23 18.17     CC       tc_core.o
#23 18.25     CC       tc_red.o
#23 18.29     CC       tc_estimator.o
#23 18.32     CC       tc_stab.o
#23 18.37     CC       tc_qevent.o
#23 18.38 In file included from tc_qevent.h:7,
#23 18.38                  from tc_qevent.c:10:
#23 18.38 ../include/libnetlink.h: In function 'rta_getattr_be64':
#23 18.38 ../include/libnetlink.h:280:16: warning: implicit declaration of function 'htobe64' [-Wimplicit-function-declaration]
#23 18.38   280 |         return htobe64(rta_getattr_u64(rta));
#23 18.38       |                ^~~~~~~
#23 18.43     AR       libtc.a
#23 18.43     LINK     tc
#23 18.46 rm emp_ematch.lex.c
#23 18.46 
#23 18.46 bridge
#23 18.47     CC       bridge.o
#23 18.51     CC       fdb.o
#23 18.53 In file included from fdb.c:28:
#23 18.53 ../include/libnetlink.h: In function 'rta_getattr_be64':
#23 18.53 ../include/libnetlink.h:280:16: warning: implicit declaration of function 'htobe64' [-Wimplicit-function-declaration]
#23 18.53   280 |         return htobe64(rta_getattr_u64(rta));
#23 18.53       |                ^~~~~~~
#23 18.69     CC       monitor.o
#23 18.73     CC       link.o
#23 18.75 In file included from link.c:16:
#23 18.75 ../include/libnetlink.h: In function 'rta_getattr_be64':
#23 18.75 ../include/libnetlink.h:280:16: warning: implicit declaration of function 'htobe64' [-Wimplicit-function-declaration]
#23 18.75   280 |         return htobe64(rta_getattr_u64(rta));
#23 18.75       |                ^~~~~~~
#23 18.88     CC       mdb.o
#23 18.90 In file included from mdb.c:20:
#23 18.90 ../include/libnetlink.h: In function 'rta_getattr_be64':
#23 18.90 ../include/libnetlink.h:280:16: warning: implicit declaration of function 'htobe64' [-Wimplicit-function-declaration]
#23 18.90   280 |         return htobe64(rta_getattr_u64(rta));
#23 18.90       |                ^~~~~~~
#23 19.07     CC       vlan.o
#23 19.09 In file included from vlan.c:16:
#23 19.09 ../include/libnetlink.h: In function 'rta_getattr_be64':
#23 19.09 ../include/libnetlink.h:280:16: warning: implicit declaration of function 'htobe64' [-Wimplicit-function-declaration]
#23 19.09   280 |         return htobe64(rta_getattr_u64(rta));
#23 19.09       |                ^~~~~~~
#23 19.30     CC       vni.o
#23 19.32 In file included from vni.c:21:
#23 19.32 ../include/libnetlink.h: In function 'rta_getattr_be64':
#23 19.32 ../include/libnetlink.h:280:16: warning: implicit declaration of function 'htobe64' [-Wimplicit-function-declaration]
#23 19.32   280 |         return htobe64(rta_getattr_u64(rta));
#23 19.32       |                ^~~~~~~
#23 19.38     LINK     bridge
#23 19.40 
#23 19.40 misc
#23 19.40     CC       ss.o
#23 19.42 In file included from ../include/uapi/linux/tipc.h:42,
#23 19.42                  from ss.c:49:
#23 19.42 ../include/uapi/linux/sockios.h:42: warning: "SIOCGSTAMP" redefined
#23 19.42    42 | #define SIOCGSTAMP      SIOCGSTAMP_OLD
#23 19.42       | 
#23 19.42 In file included from /usr/include/sys/ioctl.h:10,
#23 19.42                  from ss.c:12:
#23 19.42 /usr/include/bits/ioctl.h:111: note: this is the location of the previous definition
#23 19.42   111 | #define SIOCGSTAMP      0x8906
#23 19.42       | 
#23 19.42 ../include/uapi/linux/sockios.h:43: warning: "SIOCGSTAMPNS" redefined
#23 19.42    43 | #define SIOCGSTAMPNS    SIOCGSTAMPNS_OLD
#23 19.42       | 
#23 19.42 /usr/include/bits/ioctl.h:112: note: this is the location of the previous definition
#23 19.42   112 | #define SIOCGSTAMPNS    0x8907
#23 19.42       | 
#23 20.31     CC       ssfilter_check.o
#23 20.33 In file included from ssfilter_check.c:6:
#23 20.33 ../include/libnetlink.h: In function 'rta_getattr_be64':
#23 20.33 ../include/libnetlink.h:280:16: warning: implicit declaration of function 'htobe64' [-Wimplicit-function-declaration]
#23 20.33   280 |         return htobe64(rta_getattr_u64(rta));
#23 20.33       |                ^~~~~~~
#23 20.34     YACC     ssfilter.tab.c
#23 20.40     CC       ssfilter.tab.o
#23 20.51     LINK     ss
#23 20.52     CC       nstat
#23 20.67     CC       ifstat
#23 20.69 In file included from ifstat.c:30:
#23 20.69 ../include/libnetlink.h: In function 'rta_getattr_be64':
#23 20.69 ../include/libnetlink.h:280:16: warning: implicit declaration of function 'htobe64' [-Wimplicit-function-declaration]
#23 20.69   280 |         return htobe64(rta_getattr_u64(rta));
#23 20.69       |                ^~~~~~~
#23 20.85     CC       rtacct
#23 20.97     CC       lnstat.o
#23 21.04     CC       lnstat_util.o
#23 21.10     LINK     lnstat
#23 21.11 
#23 21.11 netem
#23 21.11 gcc  -I../include -o maketable maketable.c -lm
#23 21.14 gcc  -I../include -o normal normal.c -lm
#23 21.16 gcc  -I../include -o pareto pareto.c -lm
#23 21.19 gcc  -I../include -o paretonormal paretonormal.c -lm
#23 21.22 ./normal > normal.dist
#23 21.23 ./pareto > pareto.dist
#23 21.23 ./paretonormal > paretonormal.dist
#23 21.24 ./maketable experimental.dat > experimental.dist
#23 21.24 
#23 21.24 genl
#23 21.24     CC       genl.o
#23 21.28     CC       ctrl.o
#23 21.35     LINK     genl
#23 21.36 
#23 21.36 man
#23 21.36 make[2]: Nothing to be done for 'all'.
#23 21.36 make[2]: Nothing to be done for 'all'.
#23 21.37 sed \
#23 21.37 	-e "s|@NETNS_ETC_DIR@|/etc/netns|g" \
#23 21.37 	-e "s|@NETNS_RUN_DIR@|/var/run/netns|g" \
#23 21.37 	-e "s|@SYSCONF_ETC_DIR@|/etc/iproute2|g" \
#23 21.37 	-e "s|@SYSCONF_USR_DIR@|/usr/share/iproute2|g" \
#23 21.37 	ip-address.8.in > ip-address.8
#23 21.37 sed \
#23 21.37 	-e "s|@NETNS_ETC_DIR@|/etc/netns|g" \
#23 21.37 	-e "s|@NETNS_RUN_DIR@|/var/run/netns|g" \
#23 21.37 	-e "s|@SYSCONF_ETC_DIR@|/etc/iproute2|g" \
#23 21.37 	-e "s|@SYSCONF_USR_DIR@|/usr/share/iproute2|g" \
#23 21.37 	ip-link.8.in > ip-link.8
#23 21.37 sed \
#23 21.37 	-e "s|@NETNS_ETC_DIR@|/etc/netns|g" \
#23 21.37 	-e "s|@NETNS_RUN_DIR@|/var/run/netns|g" \
#23 21.37 	-e "s|@SYSCONF_ETC_DIR@|/etc/iproute2|g" \
#23 21.37 	-e "s|@SYSCONF_USR_DIR@|/usr/share/iproute2|g" \
#23 21.37 	ip-netns.8.in > ip-netns.8
#23 21.37 sed \
#23 21.37 	-e "s|@NETNS_ETC_DIR@|/etc/netns|g" \
#23 21.37 	-e "s|@NETNS_RUN_DIR@|/var/run/netns|g" \
#23 21.37 	-e "s|@SYSCONF_ETC_DIR@|/etc/iproute2|g" \
#23 21.37 	-e "s|@SYSCONF_USR_DIR@|/usr/share/iproute2|g" \
#23 21.37 	ip-route.8.in > ip-route.8
#23 21.38 
#23 21.38 tipc
#23 21.38     CC       bearer.o
#23 21.56     CC       cmdl.o
#23 21.60     CC       link.o
#23 21.79     CC       media.o
#23 21.84     CC       misc.o
#23 21.89     CC       msg.o
#23 21.92     CC       nametable.o
#23 21.96     CC       node.o
#23 22.05     CC       socket.o
#23 22.08     CC       peer.o
#23 22.11     CC       tipc.o
#23 22.14     LINK     tipc
#23 22.16 
#23 22.16 devlink
#23 22.16     CC       devlink.o
#23 23.89     CC       mnlg.o
#23 23.90 In file included from mnlg.c:16:
#23 23.90 ../include/libnetlink.h: In function 'rta_getattr_be64':
#23 23.90 ../include/libnetlink.h:280:16: warning: implicit declaration of function 'htobe64' [-Wimplicit-function-declaration]
#23 23.90   280 |         return htobe64(rta_getattr_u64(rta));
#23 23.90       |                ^~~~~~~
#23 23.93     LINK     devlink
#23 23.95 
#23 23.95 rdma
#23 23.95     CC       rdma.o
#23 23.97 rdma.c: In function 'main':
#23 23.97 rdma.c:110:20: warning: implicit declaration of function 'basename'; did you mean 'rename'? [-Wimplicit-function-declaration]
#23 23.97   110 |         filename = basename(argv[0]);
#23 23.97       |                    ^~~~~~~~
#23 23.97       |                    rename
#23 23.97 rdma.c:110:18: warning: assignment to 'char *' from 'int' makes pointer from integer without a cast [-Wint-conversion]
#23 23.97   110 |         filename = basename(argv[0]);
#23 23.97       |                  ^
#23 23.99     CC       utils.o
#23 24.17     CC       dev.o
#23 24.24     CC       link.o
#23 24.32     CC       res.o
#23 24.43     CC       res-pd.o
#23 24.48     CC       res-mr.o
#23 24.53     CC       res-cq.o
#23 24.58     CC       res-cmid.o
#23 24.64     CC       res-qp.o
#23 24.70     CC       sys.o
#23 24.75     CC       stat.o
#23 24.96     CC       stat-mr.o
#23 25.00     CC       res-ctx.o
#23 25.04     CC       res-srq.o
#23 25.11     LINK     rdma
#23 25.13 
#23 25.13 dcb
#23 25.13     CC       dcb.o
#23 25.14 In file included from ../include/namespace.h:10,
#23 25.14                  from dcb.c:11:
#23 25.14 ../include/libnetlink.h: In function 'rta_getattr_be64':
#23 25.14 ../include/libnetlink.h:280:16: warning: implicit declaration of function 'htobe64' [-Wimplicit-function-declaration]
#23 25.14   280 |         return htobe64(rta_getattr_u64(rta));
#23 25.14       |                ^~~~~~~
#23 25.24     CC       dcb_app.o
#23 25.44     CC       dcb_buffer.o
#23 25.50     CC       dcb_dcbx.o
#23 25.55     CC       dcb_ets.o
#23 25.63     CC       dcb_maxrate.o
#23 25.69     CC       dcb_pfc.o
#23 25.75     CC       dcb_apptrust.o
#23 25.82     CC       dcb_rewr.o
#23 25.90     LINK     dcb
#23 25.92 
#23 25.92 vdpa
#23 25.92     CC       vdpa.o
#23 26.09     LINK     vdpa
#23 DONE 26.1s

#24 [20/22] RUN git clone --no-single-branch --depth=1 https://github.com/linux-netdev/testing.git /nipa-data/kernel
#24 0.343 Cloning into '/nipa-data/kernel'...
#24 24.87 Updating files:  17% (14365/83283)Updating files:  18% (14991/83283)Updating files:  19% (15824/83283)Updating files:  20% (16657/83283)Updating files:  21% (17490/83283)Updating files:  22% (18323/83283)Updating files:  23% (19156/83283)Updating files:  24% (19988/83283)Updating files:  25% (20821/83283)Updating files:  26% (21654/83283)Updating files:  27% (22487/83283)Updating files:  28% (23320/83283)Updating files:  29% (24153/83283)Updating files:  30% (24985/83283)Updating files:  31% (25818/83283)Updating files:  32% (26651/83283)Updating files:  33% (27484/83283)Updating files:  34% (28317/83283)Updating files:  34% (28886/83283)Updating files:  35% (29150/83283)Updating files:  36% (29982/83283)Updating files:  37% (30815/83283)Updating files:  38% (31648/83283)Updating files:  39% (32481/83283)Updating files:  40% (33314/83283)Updating files:  40% (33613/83283)Updating files:  41% (34147/83283)Updating files:  42% (34979/83283)Updating files:  43% (35812/83283)Updating files:  44% (36645/83283)Updating files:  45% (37478/83283)Updating files:  46% (38311/83283)Updating files:  47% (39144/83283)Updating files:  48% (39976/83283)Updating files:  49% (40809/83283)Updating files:  50% (41642/83283)Updating files:  51% (42475/83283)Updating files:  52% (43308/83283)Updating files:  52% (43990/83283)Updating files:  53% (44140/83283)Updating files:  54% (44973/83283)Updating files:  55% (45806/83283)Updating files:  56% (46639/83283)Updating files:  57% (47472/83283)Updating files:  58% (48305/83283)Updating files:  59% (49137/83283)Updating files:  60% (49970/83283)Updating files:  61% (50803/83283)Updating files:  62% (51636/83283)Updating files:  63% (52469/83283)Updating files:  64% (53302/83283)Updating files:  65% (54134/83283)Updating files:  66% (54967/83283)Updating files:  66% (55719/83283)Updating files:  67% (55800/83283)Updating files:  68% (56633/83283)Updating files:  69% (57466/83283)Updating files:  70% (58299/83283)Updating files:  71% (59131/83283)Updating files:  72% (59964/83283)Updating files:  73% (60797/83283)Updating files:  74% (61630/83283)Updating files:  75% (62463/83283)Updating files:  76% (63296/83283)Updating files:  77% (64128/83283)Updating files:  78% (64961/83283)Updating files:  79% (65794/83283)Updating files:  80% (66627/83283)Updating files:  81% (67460/83283)Updating files:  82% (68293/83283)Updating files:  83% (69125/83283)Updating files:  84% (69958/83283)Updating files:  85% (70791/83283)Updating files:  85% (71141/83283)Updating files:  86% (71624/83283)Updating files:  87% (72457/83283)Updating files:  88% (73290/83283)Updating files:  89% (74122/83283)Updating files:  90% (74955/83283)Updating files:  91% (75788/83283)Updating files:  92% (76621/83283)Updating files:  93% (77454/83283)Updating files:  94% (78287/83283)Updating files:  95% (79119/83283)Updating files:  96% (79952/83283)Updating files:  97% (80785/83283)Updating files:  98% (81618/83283)Updating files:  99% (82451/83283)Updating files: 100% (83283/83283)Updating files: 100% (83283/83283), done.
#24 DONE 35.7s

#25 [21/22] RUN git clone --depth=1 -b main https://github.com/p4tc-dev/new-nipa.git nipa
#25 0.810 Cloning into 'nipa'...
#25 DONE 1.7s

#26 [22/22] COPY entrypoint.sh /entrypoint.sh
#26 DONE 0.5s

#27 exporting to image
#27 exporting layers
#27 exporting layers 5.1s done
#27 writing image sha256:75a6c49190b59cebce41f9b4d9e7c539bdbf6ea2b4c5fc1cb244f4b6c21262e1 0.0s done
#27 naming to docker.io/library/nipa-executor 0.0s done
#27 DONE 5.2s
NIPA version: 1b9c21a (ui: set canvas background color to stand out, 2024-03-28)
INFO: Last run date: 2024-06-29 00:00:18.943403+00:00
Testing  {'branch': 'net-next-2024-06-29--03-00', 'date': '2024-06-29T03:00:03.011708+00:00', 'base': '30972a4ea092bacb9784fe251327571be6a99f9c', 'url': 'https://github.com/linux-netdev/testing.git net-next-2024-06-29--03-00'}
Updating files: 100% (22321/22321), done.
branch 'net-next-2024-06-29--03-00' set up to track 'origin/net-next-2024-06-29--03-00'.
Switched to a new branch 'net-next-2024-06-29--03-00'
error: No valid patches in input (allow with "--allow-empty")
Checking patch tools/testing/selftests/tc-testing/tdc_config.py...
Applied patch tools/testing/selftests/tc-testing/tdc_config.py cleanly.
Run at 2024-06-29 03:03:39.959743
INFO: building kernel
INFO: starting VM 0
INFO: thr0-0 VM starting: vng -v -r arch/x86/boot/bzImage --user root --rwdir=/nipa-data/kernel/
INFO: thr0-0 expecting prompt: '/nipa-data/kernel# '
INFO: thr0-0 reached initial prompt
INFO: thr-0 testing == tdc.sh
INFO: thr-0 tdc.sh >> retcode: 0 result: pass found {'fail': False, 'skip': False, 'pass': True}
INFO: thr-0 has no more work, exiting
INFO: thr0-0 VM stopped
Done at 2024-06-29 03:07:13.616495
NIPA quitting!
/
~/nipa/tc-executor/tc-executor-storage /
sort: write failed: 'standard output': Broken pipe
sort: write error
