~/nipa/tc-executor/tc-executor-storage /
Switched to branch 'storage-dbg'
Your branch is ahead of 'origin/storage-dbg' by 746 commits.
  (use "git push" to publish your local commits)
/
~/nipa/tc-executor /
Error response from daemon: No such image: nipa-executor:latest
#0 building with "default" instance using docker driver

#1 [internal] load .dockerignore
#1 transferring context: 2B done
#1 DONE 0.0s

#2 [internal] load build definition from Dockerfile
#2 transferring dockerfile: 2.05kB done
#2 DONE 0.0s

#3 [internal] load metadata for docker.io/library/alpine:edge
#3 DONE 0.0s

#4 [ 1/22] FROM docker.io/library/alpine:edge
#4 CACHED

#5 [internal] load build context
#5 transferring context: 3.02kB done
#5 DONE 0.0s

#6 [ 2/22] RUN echo true > debug-mode
#6 DONE 0.7s

#7 [ 3/22] RUN addgroup -g 1001 hostuser
#7 DONE 0.4s

#8 [ 4/22] RUN adduser -u 1001 -G hostuser -H -D -s /bin/ash hostuser
#8 DONE 0.4s

#9 [ 5/22] RUN echo '@testing http://dl-cdn.alpinelinux.org/alpine/edge/testing' >> /etc/apk/repositories
#9 DONE 0.4s

#10 [ 6/22] RUN echo '@community http://dl-cdn.alpinelinux.org/alpine/edge/community' >> /etc/apk/repositories
#10 DONE 0.4s

#11 [ 7/22] RUN apk update && apk add --no-cache    virtme-ng@testing    git    py3-requests    py3-psutil    py3-setuptools    py3-pyroute2    py3-argcomplete    qemu-system-x86_64@community    scapy@community    make    gcc    musl-dev    flex    bison    linux-headers    elfutils-dev    util-linux    coreutils    diffutils    findutils    file    bash    kmod    perl    iptables-dev    libcap-dev    libmnl-dev    iproute2     jq    libbpf-dev    rsync    openssl-dev
#11 0.403 fetch https://dl-cdn.alpinelinux.org/alpine/edge/main/x86_64/APKINDEX.tar.gz
#11 0.613 fetch https://dl-cdn.alpinelinux.org/alpine/edge/community/x86_64/APKINDEX.tar.gz
#11 0.811 fetch http://dl-cdn.alpinelinux.org/alpine/edge/testing/x86_64/APKINDEX.tar.gz
#11 1.014 fetch http://dl-cdn.alpinelinux.org/alpine/edge/community/x86_64/APKINDEX.tar.gz
#11 1.253 v3.20.0_rc2-52-g762b1d9e141 [https://dl-cdn.alpinelinux.org/alpine/edge/main]
#11 1.253 v3.20.0_rc2-68-g60c27716831 [https://dl-cdn.alpinelinux.org/alpine/edge/community]
#11 1.253 v3.20.0_rc2-69-g947e9007e43 [http://dl-cdn.alpinelinux.org/alpine/edge/testing]
#11 1.253 v3.20.0_rc2-68-g60c27716831 [http://dl-cdn.alpinelinux.org/alpine/edge/community]
#11 1.253 OK: 31446 distinct packages available
#11 1.314 fetch https://dl-cdn.alpinelinux.org/alpine/edge/main/x86_64/APKINDEX.tar.gz
#11 1.412 fetch https://dl-cdn.alpinelinux.org/alpine/edge/community/x86_64/APKINDEX.tar.gz
#11 1.506 fetch http://dl-cdn.alpinelinux.org/alpine/edge/testing/x86_64/APKINDEX.tar.gz
#11 1.600 fetch http://dl-cdn.alpinelinux.org/alpine/edge/community/x86_64/APKINDEX.tar.gz
#11 1.852 (1/177) Upgrading musl (1.2.4_git20230717-r5 -> 1.2.5-r0)
#11 1.870 (2/177) Upgrading libcrypto3 (3.1.4-r2 -> 3.3.0-r2)
#11 1.902 (3/177) Upgrading libssl3 (3.1.4-r2 -> 3.3.0-r2)
#11 1.920 (4/177) Upgrading zlib (1.3-r2 -> 1.3.1-r1)
#11 1.937 (5/177) Installing ncurses-terminfo-base (6.4_p20240420-r0)
#11 1.951 (6/177) Installing libncursesw (6.4_p20240420-r0)
#11 1.966 (7/177) Installing readline (8.2.10-r0)
#11 1.980 (8/177) Installing bash (5.2.26-r0)
#11 1.999 Executing bash-5.2.26-r0.post-install
#11 2.002 (9/177) Installing m4 (1.4.19-r3)
#11 2.016 (10/177) Installing bison (3.8.2-r1)
#11 2.038 (11/177) Installing coreutils-env (9.5-r1)
#11 2.052 (12/177) Installing coreutils-fmt (9.5-r1)
#11 2.063 (13/177) Installing coreutils-sha512sum (9.5-r1)
#11 2.076 (14/177) Installing libacl (2.3.2-r0)
#11 2.088 (15/177) Installing libattr (2.5.2-r0)
#11 2.100 (16/177) Installing skalibs (2.14.1.1-r0)
#11 2.113 (17/177) Installing utmps-libs (0.1.2.2-r1)
#11 2.125 (18/177) Installing coreutils (9.5-r1)
#11 2.149 (19/177) Installing diffutils (3.10-r0)
#11 2.166 (20/177) Installing zstd-libs (1.5.6-r0)
#11 2.183 (21/177) Installing libelf (0.191-r0)
#11 2.195 (22/177) Installing libbz2 (1.0.8-r6)
#11 2.207 (23/177) Installing musl-fts (1.2.7-r6)
#11 2.219 (24/177) Installing xz-libs (5.6.1-r3)
#11 2.234 (25/177) Installing libdw (0.191-r0)
#11 2.250 (26/177) Installing libasm (0.191-r0)
#11 2.262 (27/177) Installing xz (5.6.1-r3)
#11 2.276 (28/177) Installing pkgconf (2.2.0-r0)
#11 2.289 (29/177) Installing xz-dev (5.6.1-r3)
#11 2.303 (30/177) Installing libgcc (13.2.1_git20240309-r0)
#11 2.316 (31/177) Installing libstdc++ (13.2.1_git20240309-r0)
#11 2.342 (32/177) Installing zstd (1.5.6-r0)
#11 2.366 (33/177) Installing zstd-dev (1.5.6-r0)
#11 2.380 (34/177) Installing zlib-dev (1.3.1-r1)
#11 2.392 (35/177) Installing elfutils-dev (0.191-r0)
#11 2.414 (36/177) Installing libmagic (5.45-r1)
#11 2.465 (37/177) Installing file (5.45-r1)
#11 2.477 (38/177) Installing findutils (4.9.0-r5)
#11 2.492 (39/177) Installing flex (2.6.4-r6)
#11 2.506 (40/177) Installing jansson (2.14-r4)
#11 2.519 (41/177) Installing binutils (2.42-r0)
#11 2.573 (42/177) Installing libgomp (13.2.1_git20240309-r0)
#11 2.588 (43/177) Installing libatomic (13.2.1_git20240309-r0)
#11 2.600 (44/177) Installing gmp (6.3.0-r1)
#11 2.616 (45/177) Installing isl26 (0.26-r1)
#11 2.668 (46/177) Installing mpfr4 (4.2.1-r0)
#11 2.687 (47/177) Installing mpc1 (1.3.1-r1)
#11 2.702 (48/177) Installing gcc (13.2.1_git20240309-r0)
#11 3.235 (49/177) Installing ca-certificates (20240226-r0)
#11 3.258 (50/177) Installing brotli-libs (1.1.0-r2)
#11 3.276 (51/177) Installing c-ares (1.28.1-r0)
#11 3.291 (52/177) Installing libunistring (1.2-r0)
#11 3.311 (53/177) Installing libidn2 (2.3.7-r0)
#11 3.325 (54/177) Installing nghttp2-libs (1.62.0-r0)
#11 3.338 (55/177) Installing libpsl (0.21.5-r1)
#11 3.351 (56/177) Installing libcurl (8.7.1-r0)
#11 3.368 (57/177) Installing libexpat (2.6.2-r0)
#11 3.382 (58/177) Installing pcre2 (10.43-r0)
#11 3.401 (59/177) Installing git (2.45.1-r0)
#11 3.457 (60/177) Installing git-init-template (2.45.1-r0)
#11 3.470 (61/177) Installing libcap2 (2.70-r0)
#11 3.482 (62/177) Installing libmnl (1.0.5-r2)
#11 3.496 (63/177) Installing iproute2-minimal (6.9.0-r0)
#11 3.514 (64/177) Installing libxtables (1.8.10-r3)
#11 3.526 (65/177) Installing iproute2-tc (6.9.0-r0)
#11 3.543 (66/177) Installing iproute2-ss (6.9.0-r0)
#11 3.557 (67/177) Installing iproute2 (6.9.0-r0)
#11 3.572 Executing iproute2-6.9.0-r0.post-install
#11 3.575 (68/177) Installing linux-headers (6.6-r0)
#11 3.662 (69/177) Installing libip4tc (1.8.10-r3)
#11 3.717 (70/177) Installing libip6tc (1.8.10-r3)
#11 3.729 (71/177) Installing libipq (1.8.10-r3)
#11 3.741 (72/177) Installing iptables-dev (1.8.10-r3)
#11 3.753 (73/177) Installing oniguruma (6.9.9-r0)
#11 3.770 (74/177) Installing jq (1.7.1-r0)
#11 3.792 (75/177) Installing kmod (32-r0)
#11 3.806 (76/177) Installing libbpf (1.4.2-r0)
#11 3.822 (77/177) Installing libbpf-dev (1.4.2-r0)
#11 3.842 (78/177) Installing libcap-dev (2.70-r0)
#11 3.853 (79/177) Installing libmnl-dev (1.0.5-r2)
#11 3.865 (80/177) Installing make (4.4.1-r2)
#11 3.879 (81/177) Installing musl-dev (1.2.5-r0)
#11 3.936 (82/177) Installing openssl-dev (3.3.0-r2)
#11 3.963 (83/177) Installing perl (5.38.2-r0)
#11 4.148 (84/177) Installing perl-error (0.17029-r2)
#11 4.161 (85/177) Installing perl-git (2.45.1-r0)
#11 4.173 (86/177) Installing git-perl (2.45.1-r0)
#11 4.188 (87/177) Installing libffi (3.4.6-r0)
#11 4.201 (88/177) Installing gdbm (1.23-r1)
#11 4.213 (89/177) Installing mpdecimal (4.0.0-r0)
#11 4.228 (90/177) Installing libpanelw (6.4_p20240420-r0)
#11 4.239 (91/177) Installing sqlite-libs (3.45.3-r1)
#11 4.270 (92/177) Installing python3 (3.12.3-r1)
#11 4.410 (93/177) Installing python3-pycache-pyc0 (3.12.3-r1)
#11 4.496 (94/177) Installing pyc (3.12.3-r1)
#11 4.508 (95/177) Installing py3-argcomplete-pyc (3.3.0-r0)
#11 4.522 (96/177) Installing python3-pyc (3.12.3-r1)
#11 4.533 (97/177) Installing py3-argcomplete (3.3.0-r0)
#11 4.547 (98/177) Installing py3-psutil (5.9.8-r1)
#11 4.564 (99/177) Installing py3-psutil-pyc (5.9.8-r1)
#11 4.581 (100/177) Installing py3-pyroute2 (0.7.12-r1)
#11 4.616 (101/177) Installing py3-pyroute2-pyc (0.7.12-r1)
#11 4.655 (102/177) Installing py3-certifi (2024.2.2-r1)
#11 4.668 (103/177) Installing py3-certifi-pyc (2024.2.2-r1)
#11 4.680 (104/177) Installing py3-charset-normalizer (3.3.2-r1)
#11 4.694 (105/177) Installing py3-charset-normalizer-pyc (3.3.2-r1)
#11 4.708 (106/177) Installing py3-idna (3.7-r0)
#11 4.724 (107/177) Installing py3-idna-pyc (3.7-r0)
#11 4.739 (108/177) Installing py3-urllib3 (1.26.18-r1)
#11 4.757 (109/177) Installing py3-urllib3-pyc (1.26.18-r1)
#11 4.774 (110/177) Installing py3-requests (2.31.0-r2)
#11 4.789 (111/177) Installing py3-requests-pyc (2.31.0-r2)
#11 4.804 (112/177) Installing py3-parsing (3.1.2-r1)
#11 4.819 (113/177) Installing py3-parsing-pyc (3.1.2-r1)
#11 4.836 (114/177) Installing py3-packaging (24.0-r1)
#11 4.851 (115/177) Installing py3-packaging-pyc (24.0-r1)
#11 4.866 (116/177) Installing py3-setuptools (69.5.1-r0)
#11 4.907 (117/177) Installing py3-setuptools-pyc (69.5.1-r0)
#11 4.955 (118/177) Installing libcap-ng (0.8.5-r0)
#11 4.967 (119/177) Installing libintl (0.22.5-r0)
#11 4.979 (120/177) Installing libeconf (0.6.3-r0)
#11 4.992 (121/177) Installing libblkid (2.40.1-r1)
#11 5.005 (122/177) Installing libmount (2.40.1-r1)
#11 5.022 (123/177) Installing glib (2.80.2-r0)
#11 5.062 (124/177) Installing numactl (2.0.18-r0)
#11 5.074 (125/177) Installing qemu (9.0.0-r0)
#11 5.089 Executing qemu-9.0.0-r0.pre-install
#11 5.150 Executing qemu-9.0.0-r0.post-install
#11 5.154 *
#11 5.154 * If you want to run VM as unprivileged user and let Qemu create tunX devices,
#11 5.154 * then you must add that user to the group "qemu".
#11 5.154 * If you use KVM for hardware-assisted virtualization, then you may also need
#11 5.154 * to add that user to the group "kvm".
#11 5.154 *
#11 5.154 (126/177) Installing qemu-bridge-helper (9.0.0-r0)
#11 5.172 (127/177) Installing libaio (0.3.113-r2)
#11 5.184 (128/177) Installing capstone (5.0.1-r4)
#11 5.216 (129/177) Installing nettle (3.9.1-r0)
#11 5.234 (130/177) Installing libtasn1 (4.19.0-r2)
#11 5.246 (131/177) Installing p11-kit (0.25.3-r0)
#11 5.266 (132/177) Installing gnutls (3.8.5-r0)
#11 5.289 (133/177) Installing libjpeg-turbo (3.0.3-r0)
#11 5.306 (134/177) Installing lzo (2.10-r5)
#11 5.319 (135/177) Installing pixman (0.43.2-r0)
#11 5.337 (136/177) Installing libpng (1.6.43-r0)
#11 5.351 (137/177) Installing libsasl (2.1.28-r6)
#11 5.369 (138/177) Installing libseccomp (2.5.5-r1)
#11 5.382 (139/177) Installing libslirp (4.8.0-r0)
#11 5.395 (140/177) Installing snappy (1.1.10-r2)
#11 5.407 (141/177) Installing liburing (2.6-r0)
#11 5.419 (142/177) Installing vde2-libs (2.3.3-r3)
#11 5.432 (143/177) Installing qemu-system-x86_64 (9.0.0-r0)
#11 5.535 (144/177) Installing lz4-libs (1.9.4-r5)
#11 5.548 (145/177) Installing popt (1.19-r3)
#11 5.560 (146/177) Installing libxxhash (0.8.2-r2)
#11 5.572 (147/177) Installing rsync (3.3.0-r0)
#11 5.588 (148/177) Installing scapy (2.5.0-r3)
#11 5.644 Executing scapy-2.5.0-r3.post-install
#11 5.647 *
#11 5.647 * Certain optional features of scapy also depend on the following packages:
#11 5.647 *     py3-matplotlib graphviz imagemagick py3-cryptography sox
#11 5.647 * And the following unpackaged dependencies:
#11 5.647 *     pyxi vpython-jupyter nmap<v4.23
#11 5.647 * More information can be found at https://scapy.readthedocs.io/en/latest/installation.html#optional-dependencies
#11 5.647 *
#11 5.647 (149/177) Installing scapy-pyc (2.5.0-r3)
#11 5.707 (150/177) Installing util-linux (2.40.1-r1)
#11 5.718 (151/177) Installing dmesg (2.40.1-r1)
#11 5.732 (152/177) Installing setarch (2.40.1-r1)
#11 5.745 (153/177) Installing libuuid (2.40.1-r1)
#11 5.756 (154/177) Installing libfdisk (2.40.1-r1)
#11 5.770 (155/177) Installing libsmartcols (2.40.1-r1)
#11 5.783 (156/177) Installing util-linux-misc (2.40.1-r1)
#11 5.814 (157/177) Installing linux-pam (1.6.0-r0)
#11 5.835 (158/177) Installing runuser (2.40.1-r1)
#11 5.846 (159/177) Installing mount (2.40.1-r1)
#11 5.858 (160/177) Installing losetup (2.40.1-r1)
#11 5.870 (161/177) Installing hexdump (2.40.1-r1)
#11 5.882 (162/177) Installing uuidgen (2.40.1-r1)
#11 5.893 (163/177) Installing blkid (2.40.1-r1)
#11 5.906 (164/177) Installing sfdisk (2.40.1-r1)
#11 5.918 (165/177) Installing mcookie (2.40.1-r1)
#11 5.930 (166/177) Installing agetty (2.40.1-r1)
#11 5.942 (167/177) Installing wipefs (2.40.1-r1)
#11 5.954 (168/177) Installing cfdisk (2.40.1-r1)
#11 5.966 (169/177) Installing umount (2.40.1-r1)
#11 5.978 (170/177) Installing flock (2.40.1-r1)
#11 5.990 (171/177) Installing lsblk (2.40.1-r1)
#11 6.003 (172/177) Installing setpriv (2.40.1-r1)
#11 6.015 (173/177) Installing logger (2.40.1-r1)
#11 6.027 (174/177) Installing partx (2.40.1-r1)
#11 6.039 (175/177) Installing fstrim (2.40.1-r1)
#11 6.052 (176/177) Installing findmnt (2.40.1-r1)
#11 6.064 (177/177) Installing virtme-ng@testing (1.24-r0)
#11 6.122 Executing busybox-1.36.1-r17.trigger
#11 6.126 Executing ca-certificates-20240226-r0.trigger
#11 6.147 Executing glib-2.80.2-r0.trigger
#11 6.153 OK: 385 MiB in 188 packages
#11 DONE 6.5s

#12 [ 8/22] RUN mkdir -p /tmp/kernel-patches &&     mkdir -p /tmp/iproute2-patches
#12 DONE 0.3s

#13 [ 9/22] COPY tdc.config /tmp
#13 DONE 0.1s

#14 [10/22] COPY tdc-debug.config /tmp
#14 DONE 0.0s

#15 [11/22] COPY kernel-patches /tmp/kernel-patches/
#15 DONE 0.0s

#16 [12/22] COPY iproute2-patches /tmp/iproute2-patches/
#16 DONE 0.0s

#17 [13/22] COPY configs /tmp/configs/
#17 DONE 0.0s

#18 [14/22] RUN git config --global user.email foo@bar.com
#18 DONE 0.3s

#19 [15/22] RUN git config --global user.name foo@bar.com
#19 DONE 0.4s

#20 [16/22] RUN git clone https://git.kernel.org/pub/scm/network/iproute2/iproute2-next.git /nipa-data/iproute2
#20 0.371 Cloning into '/nipa-data/iproute2'...
#20 DONE 2.0s

#21 [17/22] RUN cd /nipa-data/iproute2 && 	git remote add stable https://git.kernel.org/pub/scm/network/iproute2/iproute2.git && 	git fetch --all && 	git merge stable/main
#21 0.374 Fetching origin
#21 0.650 Fetching stable
#21 1.262 From https://git.kernel.org/pub/scm/network/iproute2/iproute2
#21 1.262  * [new branch]        codeql         -> stable/codeql
#21 1.262  * [new branch]        iproute2-4.1.x -> stable/iproute2-4.1.x
#21 1.262  * [new branch]        main           -> stable/main
#21 1.269  * [new tag]           v6.9.0         -> v6.9.0
#21 1.273 Updating 977d51cf..39e4b6f5
#21 1.313 Fast-forward
#21 1.321  bridge/vlan.c                |  1 +
#21 1.321  bridge/vni.c                 |  1 +
#21 1.321  include/uapi/linux/bpf.h     |  1 +
#21 1.321  include/uapi/linux/icmpv6.h  |  1 +
#21 1.321  include/uapi/linux/if_link.h |  2 ++
#21 1.321  include/uapi/linux/magic.h   |  1 +
#21 1.321  include/uapi/linux/snmp.h    |  2 ++
#21 1.321  include/uapi/linux/stddef.h  |  8 ++++++++
#21 1.321  include/uapi/linux/tcp.h     |  2 ++
#21 1.321  include/uapi/linux/udp.h     |  2 +-
#21 1.321  include/uapi/linux/xfrm.h    |  8 +++++++-
#21 1.321  include/version.h            |  2 +-
#21 1.321  ip/iproute.c                 |  6 ++++--
#21 1.321  ip/rtmon.c                   |  4 ++--
#21 1.321  man/man8/ip-route.8.in       | 16 ++++++++++++----
#21 1.321  man/man8/rtmon.8             | 31 +++++++++++++++++++++++++------
#21 1.321  man/man8/tc-mirred.8         |  2 +-
#21 1.321  vdpa/vdpa.c                  |  1 +
#21 1.321  18 files changed, 73 insertions(+), 18 deletions(-)
#21 DONE 1.3s

#22 [18/22] RUN if [ "$(find /tmp/iproute2-patches/ -name *.patch)" ]; then  	cd /nipa-data/iproute2; 	git apply /tmp/iproute2-patches/*.patch;     fi
#22 DONE 0.4s

#23 [19/22] RUN cd /nipa-data/iproute2/ &&     ./configure &&     make
#23 0.390 TC schedulers
#23 0.391  IPT	using xtables
#23 0.419  IPSET  yes
#23 0.439 
#23 0.439 lib directory: /usr/lib
#23 0.439 libc has setns: yes
#23 0.459 libc has name_to_handle_at: yes
#23 0.481 SELinux support: no
#23 0.482 libtirpc support: no
#23 0.483 libbpf support: yes
#23 0.549 	libbpf version 1.4.2
#23 0.549 ELF support: yes
#23 0.550 libmnl support: yes
#23 0.552 Berkeley DB: no
#23 0.561 need for strlcpy: no
#23 0.585 libcap support: yes
#23 0.587 color output: never
#23 0.589 
#23 0.589 lib
#23 0.591     CC       libgenl.o
#23 0.603 In file included from ../include/libgenl.h:5,
#23 0.603                  from libgenl.c:12:
#23 0.603 ../include/libnetlink.h: In function 'rta_getattr_be64':
#23 0.603 ../include/libnetlink.h:280:16: warning: implicit declaration of function 'htobe64' [-Wimplicit-function-declaration]
#23 0.603   280 |         return htobe64(rta_getattr_u64(rta));
#23 0.603       |                ^~~~~~~
#23 0.630     CC       libnetlink.o
#23 0.943     CC       mnl_utils.o
#23 0.955 In file included from mnl_utils.c:12:
#23 0.955 ../include/libnetlink.h: In function 'rta_getattr_be64':
#23 0.956 ../include/libnetlink.h:280:16: warning: implicit declaration of function 'htobe64' [-Wimplicit-function-declaration]
#23 0.956   280 |         return htobe64(rta_getattr_u64(rta));
#23 0.956       |                ^~~~~~~
#23 1.029     AR       libnetlink.a
#23 1.031     CC       utils.o
#23 1.401     CC       utils_math.o
#23 1.441     CC       rt_names.o
#23 1.605     CC       ll_map.o
#23 1.621 In file included from ll_map.c:17:
#23 1.621 ../include/libnetlink.h: In function 'rta_getattr_be64':
#23 1.621 ../include/libnetlink.h:280:16: warning: implicit declaration of function 'htobe64' [-Wimplicit-function-declaration]
#23 1.621   280 |         return htobe64(rta_getattr_u64(rta));
#23 1.621       |                ^~~~~~~
#23 1.709     CC       ll_types.o
#23 1.722 In file included from ll_types.c:20:
#23 1.722 ../include/uapi/linux/sockios.h:42: warning: "SIOCGSTAMP" redefined
#23 1.722    42 | #define SIOCGSTAMP      SIOCGSTAMP_OLD
#23 1.722       | 
#23 1.722 In file included from /usr/include/sys/ioctl.h:10,
#23 1.722                  from ll_types.c:12:
#23 1.722 /usr/include/bits/ioctl.h:111: note: this is the location of the previous definition
#23 1.722   111 | #define SIOCGSTAMP      0x8906
#23 1.722       | 
#23 1.722 ../include/uapi/linux/sockios.h:43: warning: "SIOCGSTAMPNS" redefined
#23 1.722    43 | #define SIOCGSTAMPNS    SIOCGSTAMPNS_OLD
#23 1.722       | 
#23 1.722 /usr/include/bits/ioctl.h:112: note: this is the location of the previous definition
#23 1.722   112 | #define SIOCGSTAMPNS    0x8907
#23 1.722       | 
#23 1.741     CC       ll_proto.o
#23 1.753 In file included from ll_proto.c:21:
#23 1.753 ../include/uapi/linux/sockios.h:42: warning: "SIOCGSTAMP" redefined
#23 1.753    42 | #define SIOCGSTAMP      SIOCGSTAMP_OLD
#23 1.753       | 
#23 1.753 In file included from /usr/include/sys/ioctl.h:10,
#23 1.753                  from ll_proto.c:13:
#23 1.753 /usr/include/bits/ioctl.h:111: note: this is the location of the previous definition
#23 1.753   111 | #define SIOCGSTAMP      0x8906
#23 1.753       | 
#23 1.753 ../include/uapi/linux/sockios.h:43: warning: "SIOCGSTAMPNS" redefined
#23 1.753    43 | #define SIOCGSTAMPNS    SIOCGSTAMPNS_OLD
#23 1.753       | 
#23 1.753 /usr/include/bits/ioctl.h:112: note: this is the location of the previous definition
#23 1.753   112 | #define SIOCGSTAMPNS    0x8907
#23 1.753       | 
#23 1.766     CC       ll_addr.o
#23 1.777 In file included from ll_addr.c:20:
#23 1.777 ../include/uapi/linux/sockios.h:42: warning: "SIOCGSTAMP" redefined
#23 1.777    42 | #define SIOCGSTAMP      SIOCGSTAMP_OLD
#23 1.777       | 
#23 1.777 In file included from /usr/include/sys/ioctl.h:10,
#23 1.777                  from ll_addr.c:12:
#23 1.777 /usr/include/bits/ioctl.h:111: note: this is the location of the previous definition
#23 1.777   111 | #define SIOCGSTAMP      0x8906
#23 1.777       | 
#23 1.777 ../include/uapi/linux/sockios.h:43: warning: "SIOCGSTAMPNS" redefined
#23 1.777    43 | #define SIOCGSTAMPNS    SIOCGSTAMPNS_OLD
#23 1.777       | 
#23 1.777 /usr/include/bits/ioctl.h:112: note: this is the location of the previous definition
#23 1.777   112 | #define SIOCGSTAMPNS    0x8907
#23 1.777       | 
#23 1.803     CC       inet_proto.o
#23 1.829     CC       namespace.o
#23 1.882     CC       json_writer.o
#23 1.968     CC       json_print.o
#23 2.087     CC       json_print_math.o
#23 2.117     CC       names.o
#23 2.159     CC       color.o
#23 2.198     CC       bpf_legacy.o
#23 2.556     CC       bpf_glue.o
#23 2.591     CC       exec.o
#23 2.619     CC       fs.o
#23 2.681     CC       cg_map.o
#23 2.716     CC       ppp_proto.o
#23 2.738     CC       bpf_libbpf.o
#23 2.815     CC       selinux.o
#23 2.834     CC       ax25_ntop.o
#23 2.862     CC       rose_ntop.o
#23 2.875 In file included from rose_ntop.c:16:
#23 2.875 ../include/uapi/linux/sockios.h:42: warning: "SIOCGSTAMP" redefined
#23 2.875    42 | #define SIOCGSTAMP      SIOCGSTAMP_OLD
#23 2.875       | 
#23 2.875 In file included from /usr/include/sys/ioctl.h:10,
#23 2.875                  from rose_ntop.c:7:
#23 2.875 /usr/include/bits/ioctl.h:111: note: this is the location of the previous definition
#23 2.875   111 | #define SIOCGSTAMP      0x8906
#23 2.875       | 
#23 2.875 ../include/uapi/linux/sockios.h:43: warning: "SIOCGSTAMPNS" redefined
#23 2.875    43 | #define SIOCGSTAMPNS    SIOCGSTAMPNS_OLD
#23 2.875       | 
#23 2.875 /usr/include/bits/ioctl.h:112: note: this is the location of the previous definition
#23 2.875   112 | #define SIOCGSTAMPNS    0x8907
#23 2.875       | 
#23 2.890     CC       mpls_ntop.o
#23 2.918     CC       mpls_pton.o
#23 2.945     CC       netrom_ntop.o
#23 2.973     AR       libutil.a
#23 2.978 
#23 2.978 ip
#23 2.980     CC       ip.o
#23 3.050     CC       ipaddress.o
#23 3.064 In file included from ipaddress.c:26:
#23 3.064 ../include/uapi/linux/sockios.h:42: warning: "SIOCGSTAMP" redefined
#23 3.064    42 | #define SIOCGSTAMP      SIOCGSTAMP_OLD
#23 3.064       | 
#23 3.064 In file included from /usr/include/sys/ioctl.h:10,
#23 3.064                  from ipaddress.c:14:
#23 3.064 /usr/include/bits/ioctl.h:111: note: this is the location of the previous definition
#23 3.064   111 | #define SIOCGSTAMP      0x8906
#23 3.064       | 
#23 3.064 ../include/uapi/linux/sockios.h:43: warning: "SIOCGSTAMPNS" redefined
#23 3.064    43 | #define SIOCGSTAMPNS    SIOCGSTAMPNS_OLD
#23 3.064       | 
#23 3.064 /usr/include/bits/ioctl.h:112: note: this is the location of the previous definition
#23 3.064   112 | #define SIOCGSTAMPNS    0x8907
#23 3.064       | 
#23 3.537     CC       ipaddrlabel.o
#23 3.595     CC       iproute.o
#23 4.142     CC       iprule.o
#23 4.329     CC       ipnetns.o
#23 4.515     CC       rtm_map.o
#23 4.548     CC       iptunnel.o
#23 4.561 In file included from ../include/uapi/linux/if_tunnel.h:6,
#23 4.561                  from iptunnel.c:19:
#23 4.561 ../include/uapi/linux/if.h:134: warning: "IFF_VOLATILE" redefined
#23 4.561   134 | #define IFF_VOLATILE    (IFF_LOOPBACK|IFF_POINTOPOINT|IFF_BROADCAST|IFF_ECHO|\
#23 4.561       | 
#23 4.561 In file included from iptunnel.c:16:
#23 4.561 /usr/include/net/if.h:48: note: this is the location of the previous definition
#23 4.561    48 | #define IFF_VOLATILE (IFF_LOOPBACK|IFF_POINTOPOINT|IFF_BROADCAST| \
#23 4.561       | 
#23 4.698     CC       ip6tunnel.o
#23 4.801     CC       tunnel.o
#23 4.890     CC       ipneigh.o
#23 5.058     CC       ipntable.o
#23 5.171     CC       iplink.o
#23 5.434     CC       ipmaddr.o
#23 5.446 In file included from ipmaddr.c:21:
#23 5.446 ../include/uapi/linux/sockios.h:42: warning: "SIOCGSTAMP" redefined
#23 5.446    42 | #define SIOCGSTAMP      SIOCGSTAMP_OLD
#23 5.446       | 
#23 5.446 In file included from /usr/include/sys/ioctl.h:10,
#23 5.446                  from ipmaddr.c:12:
#23 5.446 /usr/include/bits/ioctl.h:111: note: this is the location of the previous definition
#23 5.446   111 | #define SIOCGSTAMP      0x8906
#23 5.446       | 
#23 5.446 ../include/uapi/linux/sockios.h:43: warning: "SIOCGSTAMPNS" redefined
#23 5.446    43 | #define SIOCGSTAMPNS    SIOCGSTAMPNS_OLD
#23 5.446       | 
#23 5.446 /usr/include/bits/ioctl.h:112: note: this is the location of the previous definition
#23 5.446   112 | #define SIOCGSTAMPNS    0x8907
#23 5.446       | 
#23 5.519     CC       ipmonitor.o
#23 5.588     CC       ipmroute.o
#23 5.601 In file included from ipmroute.c:22:
#23 5.601 ../include/uapi/linux/sockios.h:42: warning: "SIOCGSTAMP" redefined
#23 5.601    42 | #define SIOCGSTAMP      SIOCGSTAMP_OLD
#23 5.601       | 
#23 5.601 In file included from /usr/include/sys/ioctl.h:10,
#23 5.601                  from ipmroute.c:13:
#23 5.601 /usr/include/bits/ioctl.h:111: note: this is the location of the previous definition
#23 5.601   111 | #define SIOCGSTAMP      0x8906
#23 5.601       | 
#23 5.601 ../include/uapi/linux/sockios.h:43: warning: "SIOCGSTAMPNS" redefined
#23 5.601    43 | #define SIOCGSTAMPNS    SIOCGSTAMPNS_OLD
#23 5.601       | 
#23 5.601 /usr/include/bits/ioctl.h:112: note: this is the location of the previous definition
#23 5.601   112 | #define SIOCGSTAMPNS    0x8907
#23 5.601       | 
#23 5.661     CC       ipprefix.o
#23 5.690     CC       iptuntap.o
#23 5.798     CC       iptoken.o
#23 5.850     CC       ipxfrm.o
#23 6.142     CC       xfrm_state.o
#23 6.399     CC       xfrm_policy.o
#23 6.618     CC       xfrm_monitor.o
#23 6.691     CC       iplink_dummy.o
#23 6.721     CC       iplink_ifb.o
#23 6.743     CC       iplink_nlmon.o
#23 6.764     CC       iplink_team.o
#23 6.785     CC       iplink_vcan.o
#23 6.807     CC       iplink_vxcan.o
#23 6.840     CC       iplink_vlan.o
#23 6.911     CC       link_veth.o
#23 6.937     CC       link_gre.o
#23 6.947 In file included from ../include/uapi/linux/if_tunnel.h:6,
#23 6.947                  from link_gre.c:15:
#23 6.947 ../include/uapi/linux/if.h:134: warning: "IFF_VOLATILE" redefined
#23 6.947   134 | #define IFF_VOLATILE    (IFF_LOOPBACK|IFF_POINTOPOINT|IFF_BROADCAST|IFF_ECHO|\
#23 6.947       | 
#23 6.947 In file included from link_gre.c:9:
#23 6.947 /usr/include/net/if.h:48: note: this is the location of the previous definition
#23 6.947    48 | #define IFF_VOLATILE (IFF_LOOPBACK|IFF_POINTOPOINT|IFF_BROADCAST| \
#23 6.947       | 
#23 7.055     CC       iplink_can.o
#23 7.220     CC       iplink_xdp.o
#23 7.287     CC       iplink_macvlan.o
#23 7.357     CC       ipl2tp.o
#23 7.523     CC       link_vti.o
#23 7.536 In file included from ../include/uapi/linux/if_tunnel.h:6,
#23 7.536                  from link_vti.c:16:
#23 7.536 ../include/uapi/linux/if.h:134: warning: "IFF_VOLATILE" redefined
#23 7.536   134 | #define IFF_VOLATILE    (IFF_LOOPBACK|IFF_POINTOPOINT|IFF_BROADCAST|IFF_ECHO|\
#23 7.536       | 
#23 7.536 In file included from link_vti.c:10:
#23 7.536 /usr/include/net/if.h:48: note: this is the location of the previous definition
#23 7.536    48 | #define IFF_VOLATILE (IFF_LOOPBACK|IFF_POINTOPOINT|IFF_BROADCAST| \
#23 7.536       | 
#23 7.585     CC       link_vti6.o
#23 7.595 In file included from ../include/uapi/linux/if_tunnel.h:6,
#23 7.595                  from link_vti6.c:17:
#23 7.595 ../include/uapi/linux/if.h:134: warning: "IFF_VOLATILE" redefined
#23 7.595   134 | #define IFF_VOLATILE    (IFF_LOOPBACK|IFF_POINTOPOINT|IFF_BROADCAST|IFF_ECHO|\
#23 7.595       | 
#23 7.595 In file included from link_vti6.c:11:
#23 7.595 /usr/include/net/if.h:48: note: this is the location of the previous definition
#23 7.595    48 | #define IFF_VOLATILE (IFF_LOOPBACK|IFF_POINTOPOINT|IFF_BROADCAST| \
#23 7.595       | 
#23 7.640     CC       link_xfrm.o
#23 7.675     CC       iplink_vxlan.o
#23 7.821     CC       tcp_metrics.o
#23 7.921     CC       iplink_ipoib.o
#23 7.963     CC       ipnetconf.o
#23 8.015     CC       link_ip6tnl.o
#23 8.026 In file included from ../include/uapi/linux/if_tunnel.h:6,
#23 8.026                  from link_ip6tnl.c:15:
#23 8.026 ../include/uapi/linux/if.h:134: warning: "IFF_VOLATILE" redefined
#23 8.026   134 | #define IFF_VOLATILE    (IFF_LOOPBACK|IFF_POINTOPOINT|IFF_BROADCAST|IFF_ECHO|\
#23 8.026       | 
#23 8.026 In file included from link_ip6tnl.c:9:
#23 8.026 /usr/include/net/if.h:48: note: this is the location of the previous definition
#23 8.026    48 | #define IFF_VOLATILE (IFF_LOOPBACK|IFF_POINTOPOINT|IFF_BROADCAST| \
#23 8.026       | 
#23 8.117     CC       link_iptnl.o
#23 8.128 In file included from ../include/uapi/linux/if_tunnel.h:6,
#23 8.128                  from link_iptnl.c:16:
#23 8.128 ../include/uapi/linux/if.h:134: warning: "IFF_VOLATILE" redefined
#23 8.128   134 | #define IFF_VOLATILE    (IFF_LOOPBACK|IFF_POINTOPOINT|IFF_BROADCAST|IFF_ECHO|\
#23 8.128       | 
#23 8.128 In file included from link_iptnl.c:9:
#23 8.128 /usr/include/net/if.h:48: note: this is the location of the previous definition
#23 8.128    48 | #define IFF_VOLATILE (IFF_LOOPBACK|IFF_POINTOPOINT|IFF_BROADCAST| \
#23 8.128       | 
#23 8.227     CC       link_gre6.o
#23 8.237 In file included from ../include/uapi/linux/if_tunnel.h:6,
#23 8.237                  from link_gre6.c:15:
#23 8.237 ../include/uapi/linux/if.h:134: warning: "IFF_VOLATILE" redefined
#23 8.237   134 | #define IFF_VOLATILE    (IFF_LOOPBACK|IFF_POINTOPOINT|IFF_BROADCAST|IFF_ECHO|\
#23 8.237       | 
#23 8.237 In file included from link_gre6.c:9:
#23 8.237 /usr/include/net/if.h:48: note: this is the location of the previous definition
#23 8.237    48 | #define IFF_VOLATILE (IFF_LOOPBACK|IFF_POINTOPOINT|IFF_BROADCAST| \
#23 8.237       | 
#23 8.354     CC       iplink_bond.o
#23 8.542     CC       iplink_bond_slave.o
#23 8.602     CC       iplink_hsr.o
#23 8.650     CC       iplink_bridge.o
#23 8.808     CC       iplink_bridge_slave.o
#23 8.913     CC       iplink_dsa.o
#23 8.946     CC       ipfou.o
#23 8.960 In file included from ../include/libgenl.h:5,
#23 8.960                  from ipfou.c:18:
#23 8.960 ../include/libnetlink.h: In function 'rta_getattr_be64':
#23 8.960 ../include/libnetlink.h:280:16: warning: implicit declaration of function 'htobe64' [-Wimplicit-function-declaration]
#23 8.960   280 |         return htobe64(rta_getattr_u64(rta));
#23 8.960       |                ^~~~~~~
#23 9.032     CC       iplink_ipvlan.o
#23 9.072     CC       iplink_geneve.o
#23 9.158     CC       iplink_vrf.o
#23 9.204     CC       iproute_lwtunnel.o
#23 9.593     CC       ipmacsec.o
#23 9.822     CC       ipila.o
#23 9.834 In file included from ../include/libgenl.h:5,
#23 9.834                  from ipila.c:18:
#23 9.834 ../include/libnetlink.h: In function 'rta_getattr_be64':
#23 9.834 ../include/libnetlink.h:280:16: warning: implicit declaration of function 'htobe64' [-Wimplicit-function-declaration]
#23 9.834   280 |         return htobe64(rta_getattr_u64(rta));
#23 9.834       |                ^~~~~~~
#23 9.896     CC       ipvrf.o
#23 10.01     CC       iplink_xstats.o
#23 10.04     CC       ipseg6.o
#23 10.11     CC       iplink_netdevsim.o
#23 10.13     CC       iplink_rmnet.o
#23 10.16     CC       ipnexthop.o
#23 10.40     CC       ipmptcp.o
#23 10.52     CC       iplink_bareudp.o
#23 10.53 In file included from iplink_bareudp.c:9:
#23 10.53 ../include/libnetlink.h: In function 'rta_getattr_be64':
#23 10.53 ../include/libnetlink.h:280:16: warning: implicit declaration of function 'htobe64' [-Wimplicit-function-declaration]
#23 10.53   280 |         return htobe64(rta_getattr_u64(rta));
#23 10.53       |                ^~~~~~~
#23 10.57     CC       iplink_wwan.o
#23 10.60     CC       ipioam6.o
#23 10.68     CC       iplink_amt.o
#23 10.73     CC       iplink_batadv.o
#23 10.76     CC       iplink_gtp.o
#23 10.80     CC       iplink_virt_wifi.o
#23 10.83     CC       iplink_netkit.o
#23 10.87     CC       ipstats.o
#23 11.09     LINK     ip
#23 11.12     CC       rtmon.o
#23 11.18     LINK     rtmon
#23 11.20 
#23 11.20 tc
#23 11.20     CC       tc.o
#23 11.29     CC       tc_qdisc.o
#23 11.39     CC       tc_class.o
#23 11.50     CC       tc_filter.o
#23 11.66     CC       tc_util.o
#23 11.86     CC       tc_monitor.o
#23 11.89     CC       tc_exec.o
#23 11.93     CC       m_police.o
#23 12.01     CC       m_estimator.o
#23 12.04     CC       m_action.o
#23 12.18     CC       m_ematch.o
#23 12.30     YACC     emp_ematch.tab.c
#23 12.36     CC       emp_ematch.tab.o
#23 12.48     LEX      emp_ematch.lex.c
#23 12.49     CC       emp_ematch.lex.o
#23 12.66     CC       q_fifo.o
#23 12.69     CC       q_sfq.o
#23 12.76     CC       q_red.o
#23 12.84     CC       q_prio.o
#23 12.89     CC       q_skbprio.o
#23 12.92     CC       q_tbf.o
#23 13.01     CC       q_multiq.o
#23 13.04     CC       q_netem.o
#23 13.27     CC       q_choke.o
#23 13.33     CC       q_sfb.o
#23 13.41     CC       f_u32.o
#23 13.66     CC       f_route.o
#23 13.72     CC       f_fw.o
#23 13.77     CC       f_basic.o
#23 13.81     CC       f_bpf.o
#23 13.88     CC       f_flow.o
#23 13.97     CC       f_cgroup.o
#23 14.00     CC       f_flower.o
#23 14.01 In file included from ../include/uapi/linux/netdevice.h:29,
#23 14.01                  from ../include/uapi/linux/if_arp.h:27,
#23 14.01                  from f_flower.c:14:
#23 14.01 ../include/uapi/linux/if.h:134: warning: "IFF_VOLATILE" redefined
#23 14.01   134 | #define IFF_VOLATILE    (IFF_LOOPBACK|IFF_POINTOPOINT|IFF_BROADCAST|IFF_ECHO|\
#23 14.01       | 
#23 14.01 In file included from f_flower.c:12:
#23 14.01 /usr/include/net/if.h:48: note: this is the location of the previous definition
#23 14.01    48 | #define IFF_VOLATILE (IFF_LOOPBACK|IFF_POINTOPOINT|IFF_BROADCAST| \
#23 14.01       | 
#23 14.51     CC       q_gred.o
#23 14.61     CC       q_ingress.o
#23 14.64     CC       q_hfsc.o
#23 14.72     CC       q_htb.o
#23 14.82     CC       q_drr.o
#23 14.86     CC       q_qfq.o
#23 14.89     CC       m_gact.o
#23 14.95     CC       m_mirred.o
#23 15.02     CC       m_mpls.o
#23 15.09     CC       m_nat.o
#23 15.15     CC       m_pedit.o
#23 15.28     CC       m_ife.o
#23 15.35     CC       m_skbedit.o
#23 15.41     CC       m_skbmod.o
#23 15.48     CC       m_csum.o
#23 15.55     CC       m_simple.o
#23 15.59     CC       m_vlan.o
#23 15.67     CC       m_connmark.o
#23 15.71     CC       m_ctinfo.o
#23 15.76     CC       m_bpf.o
#23 15.81     CC       m_tunnel_key.o
#23 15.94     CC       m_sample.o
#23 15.99     CC       m_ct.o
#23 16.11     CC       m_gate.o
#23 16.20     CC       p_ip.o
#23 16.24     CC       p_ip6.o
#23 16.28     CC       p_icmp.o
#23 16.30     CC       p_eth.o
#23 16.33     CC       p_tcp.o
#23 16.36     CC       p_udp.o
#23 16.40     CC       em_nbyte.o
#23 16.44     CC       em_cmp.o
#23 16.50     CC       em_u32.o
#23 16.55     CC       em_canid.o
#23 16.60     CC       em_meta.o
#23 16.71     CC       q_mqprio.o
#23 16.81     CC       q_codel.o
#23 16.87     CC       q_fq_codel.o
#23 16.94     CC       q_fq.o
#23 17.05     CC       q_pie.o
#23 17.12     CC       q_fq_pie.o
#23 17.18     CC       q_cake.o
#23 17.35     CC       q_hhf.o
#23 17.41     CC       q_clsact.o
#23 17.44     CC       e_bpf.o
#23 17.49     CC       f_matchall.o
#23 17.54     CC       q_cbs.o
#23 17.59     CC       q_etf.o
#23 17.64     CC       q_taprio.o
#23 17.76     CC       q_plug.o
#23 17.79     CC       q_ets.o
#23 17.87     CC       em_ipt.o
#23 17.89 In file included from tc_util.h:7,
#23 17.89                  from m_ematch.h:11,
#23 17.89                  from em_ipt.c:13:
#23 17.89 ../include/uapi/linux/if.h:134: warning: "IFF_VOLATILE" redefined
#23 17.89   134 | #define IFF_VOLATILE    (IFF_LOOPBACK|IFF_POINTOPOINT|IFF_BROADCAST|IFF_ECHO|\
#23 17.89       | 
#23 17.89 In file included from ../include/xtables.h:17,
#23 17.89                  from em_ipt.c:12:
#23 17.89 /usr/include/net/if.h:48: note: this is the location of the previous definition
#23 17.89    48 | #define IFF_VOLATILE (IFF_LOOPBACK|IFF_POINTOPOINT|IFF_BROADCAST| \
#23 17.89       | 
#23 17.91     CC       em_ipset.o
#23 17.93 In file included from tc_util.h:7,
#23 17.93                  from m_ematch.h:11,
#23 17.93                  from em_ipset.c:39:
#23 17.93 ../include/uapi/linux/if.h:134: warning: "IFF_VOLATILE" redefined
#23 17.93   134 | #define IFF_VOLATILE    (IFF_LOOPBACK|IFF_POINTOPOINT|IFF_BROADCAST|IFF_ECHO|\
#23 17.93       | 
#23 17.93 In file included from ../include/xtables.h:17,
#23 17.93                  from em_ipset.c:23:
#23 17.93 /usr/include/net/if.h:48: note: this is the location of the previous definition
#23 17.93    48 | #define IFF_VOLATILE (IFF_LOOPBACK|IFF_POINTOPOINT|IFF_BROADCAST| \
#23 17.93       | 
#23 17.97     CC       tc_core.o
#23 18.05     CC       tc_red.o
#23 18.10     CC       tc_estimator.o
#23 18.13     CC       tc_stab.o
#23 18.18     CC       tc_qevent.o
#23 18.19 In file included from tc_qevent.h:7,
#23 18.19                  from tc_qevent.c:10:
#23 18.19 ../include/libnetlink.h: In function 'rta_getattr_be64':
#23 18.19 ../include/libnetlink.h:280:16: warning: implicit declaration of function 'htobe64' [-Wimplicit-function-declaration]
#23 18.19   280 |         return htobe64(rta_getattr_u64(rta));
#23 18.19       |                ^~~~~~~
#23 18.24     AR       libtc.a
#23 18.24     LINK     tc
#23 18.27 rm emp_ematch.lex.c
#23 18.28 
#23 18.28 bridge
#23 18.28     CC       bridge.o
#23 18.33     CC       fdb.o
#23 18.35 In file included from fdb.c:28:
#23 18.35 ../include/libnetlink.h: In function 'rta_getattr_be64':
#23 18.35 ../include/libnetlink.h:280:16: warning: implicit declaration of function 'htobe64' [-Wimplicit-function-declaration]
#23 18.35   280 |         return htobe64(rta_getattr_u64(rta));
#23 18.35       |                ^~~~~~~
#23 18.54     CC       monitor.o
#23 18.58     CC       link.o
#23 18.60 In file included from link.c:16:
#23 18.60 ../include/libnetlink.h: In function 'rta_getattr_be64':
#23 18.60 ../include/libnetlink.h:280:16: warning: implicit declaration of function 'htobe64' [-Wimplicit-function-declaration]
#23 18.60   280 |         return htobe64(rta_getattr_u64(rta));
#23 18.60       |                ^~~~~~~
#23 18.74     CC       mdb.o
#23 18.76 In file included from mdb.c:20:
#23 18.76 ../include/libnetlink.h: In function 'rta_getattr_be64':
#23 18.76 ../include/libnetlink.h:280:16: warning: implicit declaration of function 'htobe64' [-Wimplicit-function-declaration]
#23 18.76   280 |         return htobe64(rta_getattr_u64(rta));
#23 18.76       |                ^~~~~~~
#23 18.95     CC       vlan.o
#23 18.97 In file included from vlan.c:16:
#23 18.97 ../include/libnetlink.h: In function 'rta_getattr_be64':
#23 18.97 ../include/libnetlink.h:280:16: warning: implicit declaration of function 'htobe64' [-Wimplicit-function-declaration]
#23 18.97   280 |         return htobe64(rta_getattr_u64(rta));
#23 18.97       |                ^~~~~~~
#23 19.21     CC       vni.o
#23 19.22 In file included from vni.c:21:
#23 19.22 ../include/libnetlink.h: In function 'rta_getattr_be64':
#23 19.22 ../include/libnetlink.h:280:16: warning: implicit declaration of function 'htobe64' [-Wimplicit-function-declaration]
#23 19.22   280 |         return htobe64(rta_getattr_u64(rta));
#23 19.22       |                ^~~~~~~
#23 19.29     LINK     bridge
#23 19.30 
#23 19.30 misc
#23 19.30     CC       ss.o
#23 19.33 In file included from ../include/uapi/linux/tipc.h:42,
#23 19.33                  from ss.c:49:
#23 19.33 ../include/uapi/linux/sockios.h:42: warning: "SIOCGSTAMP" redefined
#23 19.33    42 | #define SIOCGSTAMP      SIOCGSTAMP_OLD
#23 19.33       | 
#23 19.33 In file included from /usr/include/sys/ioctl.h:10,
#23 19.33                  from ss.c:12:
#23 19.33 /usr/include/bits/ioctl.h:111: note: this is the location of the previous definition
#23 19.33   111 | #define SIOCGSTAMP      0x8906
#23 19.33       | 
#23 19.33 ../include/uapi/linux/sockios.h:43: warning: "SIOCGSTAMPNS" redefined
#23 19.33    43 | #define SIOCGSTAMPNS    SIOCGSTAMPNS_OLD
#23 19.33       | 
#23 19.33 /usr/include/bits/ioctl.h:112: note: this is the location of the previous definition
#23 19.33   112 | #define SIOCGSTAMPNS    0x8907
#23 19.33       | 
#23 20.20     CC       ssfilter_check.o
#23 20.22 In file included from ssfilter_check.c:6:
#23 20.22 ../include/libnetlink.h: In function 'rta_getattr_be64':
#23 20.22 ../include/libnetlink.h:280:16: warning: implicit declaration of function 'htobe64' [-Wimplicit-function-declaration]
#23 20.22   280 |         return htobe64(rta_getattr_u64(rta));
#23 20.22       |                ^~~~~~~
#23 20.24     YACC     ssfilter.tab.c
#23 20.30     CC       ssfilter.tab.o
#23 20.40     LINK     ss
#23 20.42     CC       nstat
#23 20.43 In file included from nstat.c:20:
#23 20.43 /usr/include/sys/poll.h:1:2: warning: #warning redirecting incorrect #include <sys/poll.h> to <poll.h> [-Wcpp]
#23 20.43     1 | #warning redirecting incorrect #include <sys/poll.h> to <poll.h>
#23 20.43       |  ^~~~~~~
#23 20.56     CC       ifstat
#23 20.57 In file included from ifstat.c:20:
#23 20.57 /usr/include/sys/poll.h:1:2: warning: #warning redirecting incorrect #include <sys/poll.h> to <poll.h> [-Wcpp]
#23 20.57     1 | #warning redirecting incorrect #include <sys/poll.h> to <poll.h>
#23 20.57       |  ^~~~~~~
#23 20.57 In file included from ifstat.c:30:
#23 20.57 ../include/libnetlink.h: In function 'rta_getattr_be64':
#23 20.57 ../include/libnetlink.h:280:16: warning: implicit declaration of function 'htobe64' [-Wimplicit-function-declaration]
#23 20.57   280 |         return htobe64(rta_getattr_u64(rta));
#23 20.57       |                ^~~~~~~
#23 20.74     CC       rtacct
#23 20.75 In file included from rtacct.c:19:
#23 20.75 /usr/include/sys/poll.h:1:2: warning: #warning redirecting incorrect #include <sys/poll.h> to <poll.h> [-Wcpp]
#23 20.75     1 | #warning redirecting incorrect #include <sys/poll.h> to <poll.h>
#23 20.75       |  ^~~~~~~
#23 20.89     CC       lnstat.o
#23 20.95     CC       lnstat_util.o
#23 21.02     LINK     lnstat
#23 21.03 
#23 21.03 netem
#23 21.03 gcc  -I../include -o maketable maketable.c -lm
#23 21.06 gcc  -I../include -o normal normal.c -lm
#23 21.09 gcc  -I../include -o pareto pareto.c -lm
#23 21.11 gcc  -I../include -o paretonormal paretonormal.c -lm
#23 21.14 ./normal > normal.dist
#23 21.15 ./pareto > pareto.dist
#23 21.15 ./paretonormal > paretonormal.dist
#23 21.16 ./maketable experimental.dat > experimental.dist
#23 21.16 
#23 21.16 genl
#23 21.16     CC       genl.o
#23 21.21     CC       ctrl.o
#23 21.28     LINK     genl
#23 21.30 
#23 21.30 man
#23 21.30 make[2]: Nothing to be done for 'all'.
#23 21.30 make[2]: Nothing to be done for 'all'.
#23 21.30 sed \
#23 21.30 	-e "s|@NETNS_ETC_DIR@|/etc/netns|g" \
#23 21.30 	-e "s|@NETNS_RUN_DIR@|/var/run/netns|g" \
#23 21.30 	-e "s|@SYSCONF_ETC_DIR@|/etc/iproute2|g" \
#23 21.30 	-e "s|@SYSCONF_USR_DIR@|/usr/share/iproute2|g" \
#23 21.30 	ip-address.8.in > ip-address.8
#23 21.30 sed \
#23 21.30 	-e "s|@NETNS_ETC_DIR@|/etc/netns|g" \
#23 21.30 	-e "s|@NETNS_RUN_DIR@|/var/run/netns|g" \
#23 21.30 	-e "s|@SYSCONF_ETC_DIR@|/etc/iproute2|g" \
#23 21.30 	-e "s|@SYSCONF_USR_DIR@|/usr/share/iproute2|g" \
#23 21.30 	ip-link.8.in > ip-link.8
#23 21.31 sed \
#23 21.31 	-e "s|@NETNS_ETC_DIR@|/etc/netns|g" \
#23 21.31 	-e "s|@NETNS_RUN_DIR@|/var/run/netns|g" \
#23 21.31 	-e "s|@SYSCONF_ETC_DIR@|/etc/iproute2|g" \
#23 21.31 	-e "s|@SYSCONF_USR_DIR@|/usr/share/iproute2|g" \
#23 21.31 	ip-netns.8.in > ip-netns.8
#23 21.31 sed \
#23 21.31 	-e "s|@NETNS_ETC_DIR@|/etc/netns|g" \
#23 21.31 	-e "s|@NETNS_RUN_DIR@|/var/run/netns|g" \
#23 21.31 	-e "s|@SYSCONF_ETC_DIR@|/etc/iproute2|g" \
#23 21.31 	-e "s|@SYSCONF_USR_DIR@|/usr/share/iproute2|g" \
#23 21.31 	ip-route.8.in > ip-route.8
#23 21.31 
#23 21.31 tipc
#23 21.32     CC       bearer.o
#23 21.50     CC       cmdl.o
#23 21.53     CC       link.o
#23 21.72     CC       media.o
#23 21.77     CC       misc.o
#23 21.82     CC       msg.o
#23 21.84     CC       nametable.o
#23 21.88     CC       node.o
#23 21.97     CC       socket.o
#23 22.00     CC       peer.o
#23 22.03     CC       tipc.o
#23 22.06     LINK     tipc
#23 22.08 
#23 22.08 devlink
#23 22.08     CC       devlink.o
#23 23.69     CC       mnlg.o
#23 23.70 In file included from mnlg.c:16:
#23 23.70 ../include/libnetlink.h: In function 'rta_getattr_be64':
#23 23.70 ../include/libnetlink.h:280:16: warning: implicit declaration of function 'htobe64' [-Wimplicit-function-declaration]
#23 23.70   280 |         return htobe64(rta_getattr_u64(rta));
#23 23.70       |                ^~~~~~~
#23 23.73     LINK     devlink
#23 23.74 
#23 23.74 rdma
#23 23.75     CC       rdma.o
#23 23.76 rdma.c: In function 'main':
#23 23.76 rdma.c:110:20: warning: implicit declaration of function 'basename'; did you mean 'rename'? [-Wimplicit-function-declaration]
#23 23.76   110 |         filename = basename(argv[0]);
#23 23.76       |                    ^~~~~~~~
#23 23.76       |                    rename
#23 23.76 rdma.c:110:18: warning: assignment to 'char *' from 'int' makes pointer from integer without a cast [-Wint-conversion]
#23 23.76   110 |         filename = basename(argv[0]);
#23 23.76       |                  ^
#23 23.79     CC       utils.o
#23 23.96     CC       dev.o
#23 24.03     CC       link.o
#23 24.10     CC       res.o
#23 24.20     CC       res-pd.o
#23 24.25     CC       res-mr.o
#23 24.30     CC       res-cq.o
#23 24.34     CC       res-cmid.o
#23 24.40     CC       res-qp.o
#23 24.46     CC       sys.o
#23 24.50     CC       stat.o
#23 24.72     CC       stat-mr.o
#23 24.77     CC       res-ctx.o
#23 24.81     CC       res-srq.o
#23 24.89     LINK     rdma
#23 24.90 
#23 24.90 dcb
#23 24.91     CC       dcb.o
#23 24.92 In file included from ../include/namespace.h:10,
#23 24.92                  from dcb.c:11:
#23 24.92 ../include/libnetlink.h: In function 'rta_getattr_be64':
#23 24.92 ../include/libnetlink.h:280:16: warning: implicit declaration of function 'htobe64' [-Wimplicit-function-declaration]
#23 24.92   280 |         return htobe64(rta_getattr_u64(rta));
#23 24.92       |                ^~~~~~~
#23 25.02     CC       dcb_app.o
#23 25.22     CC       dcb_buffer.o
#23 25.28     CC       dcb_dcbx.o
#23 25.34     CC       dcb_ets.o
#23 25.44     CC       dcb_maxrate.o
#23 25.48     CC       dcb_pfc.o
#23 25.55     CC       dcb_apptrust.o
#23 25.62     CC       dcb_rewr.o
#23 25.70     LINK     dcb
#23 25.71 
#23 25.71 vdpa
#23 25.71     CC       vdpa.o
#23 25.87     LINK     vdpa
#23 DONE 25.9s

#24 [20/22] RUN git clone --no-single-branch --depth=1 https://github.com/linux-netdev/testing.git /nipa-data/kernel
#24 0.398 Cloning into '/nipa-data/kernel'...
#24 22.90 Updating files:  17% (14472/83283)Updating files:  18% (14991/83283)Updating files:  19% (15824/83283)Updating files:  20% (16657/83283)Updating files:  21% (17490/83283)Updating files:  22% (18323/83283)Updating files:  23% (19156/83283)Updating files:  24% (19988/83283)Updating files:  25% (20821/83283)Updating files:  26% (21654/83283)Updating files:  27% (22487/83283)Updating files:  28% (23320/83283)Updating files:  29% (24153/83283)Updating files:  30% (24985/83283)Updating files:  31% (25818/83283)Updating files:  32% (26651/83283)Updating files:  33% (27484/83283)Updating files:  34% (28317/83283)Updating files:  34% (28672/83283)Updating files:  35% (29150/83283)Updating files:  36% (29982/83283)Updating files:  37% (30815/83283)Updating files:  38% (31648/83283)Updating files:  39% (32481/83283)Updating files:  40% (33314/83283)Updating files:  40% (33611/83283)Updating files:  41% (34147/83283)Updating files:  42% (34979/83283)Updating files:  43% (35812/83283)Updating files:  44% (36645/83283)Updating files:  45% (37478/83283)Updating files:  46% (38311/83283)Updating files:  47% (39144/83283)Updating files:  48% (39976/83283)Updating files:  49% (40809/83283)Updating files:  50% (41642/83283)Updating files:  51% (42475/83283)Updating files:  51% (43238/83283)Updating files:  52% (43308/83283)Updating files:  53% (44140/83283)Updating files:  54% (44973/83283)Updating files:  55% (45806/83283)Updating files:  56% (46639/83283)Updating files:  57% (47472/83283)Updating files:  58% (48305/83283)Updating files:  59% (49137/83283)Updating files:  60% (49970/83283)Updating files:  61% (50803/83283)Updating files:  62% (51636/83283)Updating files:  63% (52469/83283)Updating files:  64% (53302/83283)Updating files:  65% (54134/83283)Updating files:  65% (54936/83283)Updating files:  66% (54967/83283)Updating files:  67% (55800/83283)Updating files:  68% (56633/83283)Updating files:  69% (57466/83283)Updating files:  70% (58299/83283)Updating files:  71% (59131/83283)Updating files:  72% (59964/83283)Updating files:  73% (60797/83283)Updating files:  74% (61630/83283)Updating files:  75% (62463/83283)Updating files:  76% (63296/83283)Updating files:  77% (64128/83283)Updating files:  78% (64961/83283)Updating files:  79% (65794/83283)Updating files:  80% (66627/83283)Updating files:  81% (67460/83283)Updating files:  82% (68293/83283)Updating files:  83% (69125/83283)Updating files:  84% (69958/83283)Updating files:  84% (70068/83283)Updating files:  85% (70791/83283)Updating files:  86% (71624/83283)Updating files:  87% (72457/83283)Updating files:  88% (73290/83283)Updating files:  89% (74122/83283)Updating files:  90% (74955/83283)Updating files:  91% (75788/83283)Updating files:  92% (76621/83283)Updating files:  93% (77454/83283)Updating files:  94% (78287/83283)Updating files:  95% (79119/83283)Updating files:  96% (79952/83283)Updating files:  97% (80785/83283)Updating files:  98% (81618/83283)Updating files:  99% (82451/83283)Updating files: 100% (83283/83283)Updating files: 100% (83283/83283), done.
#24 DONE 30.5s

#25 [21/22] RUN git clone --depth=1 -b main https://github.com/p4tc-dev/new-nipa.git nipa
#25 0.369 Cloning into 'nipa'...
#25 DONE 0.7s

#26 [22/22] COPY entrypoint.sh /entrypoint.sh
#26 DONE 0.0s

#27 exporting to image
#27 exporting layers
#27 exporting layers 7.1s done
#27 writing image sha256:94d35eebafb83dd19ad2862873e4dee69bf801b6cbae494de3b0b94a11a9e6ca done
#27 naming to docker.io/library/nipa-executor done
#27 DONE 7.1s
=== >>> DEBUG KERNEL <<< ===
NIPA version: 1b9c21a (ui: set canvas background color to stand out, 2024-03-28)
INFO: Last run date: 2024-05-21 15:00:15.878827+00:00
Testing  {'branch': 'net-next-2024-05-21--18-00', 'date': '2024-05-21T18:00:17.216954+00:00', 'base': '30a92c9e3d6b073932762bef2ac66f4ee784c657', 'url': 'https://github.com/linux-netdev/testing.git net-next-2024-05-21--18-00'}
Updating files:  35% (6928/19702)Updating files:  36% (7093/19702)Updating files:  37% (7290/19702)Updating files:  38% (7487/19702)Updating files:  39% (7684/19702)Updating files:  40% (7881/19702)Updating files:  41% (8078/19702)Updating files:  42% (8275/19702)Updating files:  43% (8472/19702)Updating files:  44% (8669/19702)Updating files:  45% (8866/19702)Updating files:  46% (9063/19702)Updating files:  47% (9260/19702)Updating files:  48% (9457/19702)Updating files:  49% (9654/19702)Updating files:  50% (9851/19702)Updating files:  51% (10049/19702)Updating files:  52% (10246/19702)Updating files:  53% (10443/19702)Updating files:  54% (10640/19702)Updating files:  55% (10837/19702)Updating files:  56% (11034/19702)Updating files:  57% (11231/19702)Updating files:  58% (11428/19702)Updating files:  59% (11625/19702)Updating files:  60% (11822/19702)Updating files:  61% (12019/19702)Updating files:  62% (12216/19702)Updating files:  63% (12413/19702)Updating files:  64% (12610/19702)Updating files:  65% (12807/19702)Updating files:  65% (12910/19702)Updating files:  66% (13004/19702)Updating files:  67% (13201/19702)Updating files:  68% (13398/19702)Updating files:  69% (13595/19702)Updating files:  70% (13792/19702)Updating files:  71% (13989/19702)Updating files:  72% (14186/19702)Updating files:  73% (14383/19702)Updating files:  74% (14580/19702)Updating files:  75% (14777/19702)Updating files:  76% (14974/19702)Updating files:  77% (15171/19702)Updating files:  78% (15368/19702)Updating files:  79% (15565/19702)Updating files:  80% (15762/19702)Updating files:  81% (15959/19702)Updating files:  82% (16156/19702)Updating files:  83% (16353/19702)Updating files:  84% (16550/19702)Updating files:  85% (16747/19702)Updating files:  86% (16944/19702)Updating files:  87% (17141/19702)Updating files:  88% (17338/19702)Updating files:  89% (17535/19702)Updating files:  90% (17732/19702)Updating files:  91% (17929/19702)Updating files:  92% (18126/19702)Updating files:  93% (18323/19702)Updating files:  94% (18520/19702)Updating files:  95% (18717/19702)Updating files:  96% (18914/19702)Updating files:  97% (19111/19702)Updating files:  98% (19308/19702)Updating files:  99% (19505/19702)Updating files: 100% (19702/19702)Updating files: 100% (19702/19702), done.
branch 'net-next-2024-05-21--18-00' set up to track 'origin/net-next-2024-05-21--18-00'.
Switched to a new branch 'net-next-2024-05-21--18-00'
error: No valid patches in input (allow with "--allow-empty")
Checking patch tools/testing/selftests/tc-testing/tdc_config.py...
Applied patch tools/testing/selftests/tc-testing/tdc_config.py cleanly.
Run at 2024-05-21 18:23:30.556386
INFO: building kernel
INFO: starting VM 0
INFO: thr0-0 VM starting: vng -v -r arch/x86/boot/bzImage --user root --rwdir=/nipa-data/kernel/
INFO: thr0-0 expecting prompt: '/nipa-data/kernel# '
INFO: thr0-0 reached initial prompt
INFO: thr-0 testing == tdc.sh
INFO: thr-0 tdc.sh >> retcode: 0 result: pass found {'fail': False, 'skip': False, 'pass': True}
INFO: thr-0 has no more work, exiting
INFO: thr0-0 VM stopped
Done at 2024-05-21 18:28:13.865913
NIPA quitting!
/
~/nipa/tc-executor/tc-executor-storage /
sort: write failed: 'standard output': Broken pipe
sort: write error
