~/nipa/tc-executor/tc-executor-storage /
Switched to branch 'storage'
Your branch is ahead of 'origin/storage' by 16 commits.
  (use "git push" to publish your local commits)
/
~/nipa/tc-executor /
Error response from daemon: No such image: nipa-executor:latest
#0 building with "default" instance using docker driver

#1 [internal] load build definition from Dockerfile
#1 transferring dockerfile: 2.03kB done
#1 DONE 0.0s

#2 [internal] load .dockerignore
#2 transferring context: 2B done
#2 DONE 0.0s

#3 [internal] load metadata for docker.io/library/alpine:edge
#3 DONE 0.0s

#4 [ 1/22] FROM docker.io/library/alpine:edge
#4 CACHED

#5 [internal] load build context
#5 transferring context: 3.02kB done
#5 DONE 0.0s

#6 [ 2/22] RUN echo false > debug-mode
#6 DONE 0.4s

#7 [ 3/22] RUN addgroup -g 1001 hostuser
#7 DONE 0.4s

#8 [ 4/22] RUN adduser -u 1001 -G hostuser -H -D -s /bin/ash hostuser
#8 DONE 0.4s

#9 [ 5/22] RUN echo '@testing http://dl-cdn.alpinelinux.org/alpine/edge/testing' >> /etc/apk/repositories
#9 DONE 0.5s

#10 [ 6/22] RUN echo '@community http://dl-cdn.alpinelinux.org/alpine/edge/community' >> /etc/apk/repositories
#10 DONE 0.5s

#11 [ 7/22] RUN apk update && apk add --no-cache    virtme-ng@testing    git    py3-requests    py3-psutil    py3-setuptools    py3-pyroute2    py3-argcomplete    qemu-system-x86_64@community    scapy@community    make    gcc    musl-dev    flex    bison    linux-headers    elfutils-dev    util-linux    coreutils    diffutils    findutils    file    bash    kmod    perl    iptables-dev    libcap-dev    libmnl-dev    iproute2     jq    libbpf-dev    rsync
#11 0.370 fetch https://dl-cdn.alpinelinux.org/alpine/edge/main/x86_64/APKINDEX.tar.gz
#11 0.586 fetch https://dl-cdn.alpinelinux.org/alpine/edge/community/x86_64/APKINDEX.tar.gz
#11 0.797 fetch http://dl-cdn.alpinelinux.org/alpine/edge/testing/x86_64/APKINDEX.tar.gz
#11 0.897 fetch http://dl-cdn.alpinelinux.org/alpine/edge/community/x86_64/APKINDEX.tar.gz
#11 1.106 v20231219-3803-g139d55de73f [https://dl-cdn.alpinelinux.org/alpine/edge/main]
#11 1.106 v20231219-3775-g2ea3d0668c1 [https://dl-cdn.alpinelinux.org/alpine/edge/community]
#11 1.106 v20231219-3764-g31a5b61e54f [http://dl-cdn.alpinelinux.org/alpine/edge/testing]
#11 1.106 v20231219-3775-g2ea3d0668c1 [http://dl-cdn.alpinelinux.org/alpine/edge/community]
#11 1.106 OK: 30400 distinct packages available
#11 1.158 fetch https://dl-cdn.alpinelinux.org/alpine/edge/main/x86_64/APKINDEX.tar.gz
#11 1.257 fetch https://dl-cdn.alpinelinux.org/alpine/edge/community/x86_64/APKINDEX.tar.gz
#11 1.344 fetch http://dl-cdn.alpinelinux.org/alpine/edge/testing/x86_64/APKINDEX.tar.gz
#11 1.434 fetch http://dl-cdn.alpinelinux.org/alpine/edge/community/x86_64/APKINDEX.tar.gz
#11 1.610 (1/175) Upgrading musl (1.2.4_git20230717-r5 -> 1.2.4_git20230717-r6)
#11 1.627 (2/175) Upgrading zlib (1.3-r2 -> 1.3.1-r0)
#11 1.640 (3/175) Installing ncurses-terminfo-base (6.4_p20231125-r0)
#11 1.654 (4/175) Installing libncursesw (6.4_p20231125-r0)
#11 1.669 (5/175) Installing readline (8.2.10-r0)
#11 1.685 (6/175) Installing bash (5.2.26-r0)
#11 1.709 Executing bash-5.2.26-r0.post-install
#11 1.711 (7/175) Installing m4 (1.4.19-r3)
#11 1.726 (8/175) Installing bison (3.8.2-r1)
#11 1.749 (9/175) Installing coreutils-env (9.4-r2)
#11 1.761 (10/175) Installing coreutils-fmt (9.4-r2)
#11 1.773 (11/175) Installing coreutils-sha512sum (9.4-r2)
#11 1.785 (12/175) Installing libacl (2.3.2-r0)
#11 1.798 (13/175) Installing libattr (2.5.2-r0)
#11 1.815 (14/175) Installing skalibs (2.14.1.0-r0)
#11 1.830 (15/175) Installing utmps-libs (0.1.2.2-r0)
#11 1.843 (16/175) Installing coreutils (9.4-r2)
#11 1.868 (17/175) Installing diffutils (3.10-r0)
#11 1.886 (18/175) Installing zstd-libs (1.5.5-r8)
#11 1.904 (19/175) Installing libelf (0.190-r1)
#11 1.917 (20/175) Installing libbz2 (1.0.8-r6)
#11 1.930 (21/175) Installing musl-fts (1.2.7-r6)
#11 1.941 (22/175) Installing xz-libs (5.4.6-r0)
#11 1.955 (23/175) Installing libdw (0.190-r1)
#11 1.972 (24/175) Installing libasm (0.190-r1)
#11 1.986 (25/175) Installing xz (5.4.6-r0)
#11 2.001 (26/175) Installing pkgconf (2.1.1-r0)
#11 2.013 (27/175) Installing xz-dev (5.4.6-r0)
#11 2.036 (28/175) Installing libgcc (13.2.1_git20231014-r0)
#11 2.048 (29/175) Installing libstdc++ (13.2.1_git20231014-r0)
#11 2.073 (30/175) Installing zstd (1.5.5-r8)
#11 2.088 (31/175) Installing zstd-dev (1.5.5-r8)
#11 2.102 (32/175) Installing zlib-dev (1.3.1-r0)
#11 2.114 (33/175) Installing elfutils-dev (0.190-r1)
#11 2.136 (34/175) Installing libmagic (5.45-r1)
#11 2.166 (35/175) Installing file (5.45-r1)
#11 2.178 (36/175) Installing findutils (4.9.0-r5)
#11 2.192 (37/175) Installing flex (2.6.4-r6)
#11 2.206 (38/175) Installing jansson (2.14-r4)
#11 2.218 (39/175) Installing binutils (2.41-r0)
#11 2.269 (40/175) Installing libgomp (13.2.1_git20231014-r0)
#11 2.285 (41/175) Installing libatomic (13.2.1_git20231014-r0)
#11 2.296 (42/175) Installing gmp (6.3.0-r0)
#11 2.312 (43/175) Installing isl26 (0.26-r1)
#11 2.335 (44/175) Installing mpfr4 (4.2.1-r0)
#11 2.353 (45/175) Installing mpc1 (1.3.1-r1)
#11 2.366 (46/175) Installing gcc (13.2.1_git20231014-r0)
#11 2.868 (47/175) Installing ca-certificates (20230506-r1)
#11 2.893 (48/175) Installing brotli-libs (1.1.0-r1)
#11 2.912 (49/175) Installing c-ares (1.26.0-r0)
#11 2.925 (50/175) Installing libunistring (1.1-r2)
#11 2.945 (51/175) Installing libidn2 (2.3.7-r0)
#11 2.959 (52/175) Installing nghttp2-libs (1.59.0-r0)
#11 2.973 (53/175) Installing libpsl (0.21.5-r1)
#11 2.985 (54/175) Installing libcurl (8.6.0-r0)
#11 3.002 (55/175) Installing libexpat (2.6.0-r0)
#11 3.016 (56/175) Installing pcre2 (10.42-r3)
#11 3.032 (57/175) Installing git (2.43.1-r0)
#11 3.081 (58/175) Installing git-init-template (2.43.1-r0)
#11 3.099 (59/175) Installing libcap2 (2.69-r1)
#11 3.118 (60/175) Installing libmnl (1.0.5-r2)
#11 3.136 (61/175) Installing iproute2-minimal (6.7.0-r0)
#11 3.155 (62/175) Installing libxtables (1.8.10-r3)
#11 3.167 (63/175) Installing iproute2-tc (6.7.0-r0)
#11 3.185 (64/175) Installing iproute2-ss (6.7.0-r0)
#11 3.198 (65/175) Installing iproute2 (6.7.0-r0)
#11 3.214 Executing iproute2-6.7.0-r0.post-install
#11 3.217 (66/175) Installing linux-headers (6.6-r0)
#11 3.302 (67/175) Installing libip4tc (1.8.10-r3)
#11 3.314 (68/175) Installing libip6tc (1.8.10-r3)
#11 3.326 (69/175) Installing libipq (1.8.10-r3)
#11 3.337 (70/175) Installing iptables-dev (1.8.10-r3)
#11 3.351 (71/175) Installing oniguruma (6.9.9-r0)
#11 3.371 (72/175) Installing jq (1.7.1-r0)
#11 3.387 (73/175) Installing kmod (31-r2)
#11 3.404 (74/175) Installing libbpf (1.3.0-r0)
#11 3.429 (75/175) Installing libbpf-dev (1.3.0-r0)
#11 3.448 (76/175) Installing libcap-dev (2.69-r1)
#11 3.460 (77/175) Installing libmnl-dev (1.0.5-r2)
#11 3.472 (78/175) Installing make (4.4.1-r2)
#11 3.486 (79/175) Installing musl-dev (1.2.4_git20230717-r6)
#11 3.542 (80/175) Installing perl (5.38.2-r0)
#11 3.746 (81/175) Installing perl-error (0.17029-r2)
#11 3.763 (82/175) Installing perl-git (2.43.1-r0)
#11 3.776 (83/175) Installing git-perl (2.43.1-r0)
#11 3.789 (84/175) Installing libffi (3.4.4-r3)
#11 3.800 (85/175) Installing gdbm (1.23-r1)
#11 3.814 (86/175) Installing mpdecimal (4.0.0-r0)
#11 3.849 (87/175) Installing libpanelw (6.4_p20231125-r0)
#11 3.864 (88/175) Installing sqlite-libs (3.45.1-r0)
#11 3.887 (89/175) Installing python3 (3.11.7-r1)
#11 4.019 (90/175) Installing python3-pycache-pyc0 (3.11.7-r1)
#11 4.108 (91/175) Installing pyc (3.11.7-r1)
#11 4.120 (92/175) Installing py3-argcomplete-pyc (3.2.2-r0)
#11 4.132 (93/175) Installing python3-pyc (3.11.7-r1)
#11 4.145 (94/175) Installing py3-argcomplete (3.2.2-r0)
#11 4.160 (95/175) Installing py3-psutil (5.9.8-r0)
#11 4.174 (96/175) Installing py3-psutil-pyc (5.9.8-r0)
#11 4.195 (97/175) Installing py3-pyroute2 (0.7.10-r0)
#11 4.226 (98/175) Installing py3-pyroute2-pyc (0.7.10-r0)
#11 4.264 (99/175) Installing py3-certifi (2023.11.17-r0)
#11 4.276 (100/175) Installing py3-certifi-pyc (2023.11.17-r0)
#11 4.290 (101/175) Installing py3-charset-normalizer (3.3.2-r0)
#11 4.304 (102/175) Installing py3-charset-normalizer-pyc (3.3.2-r0)
#11 4.320 (103/175) Installing py3-idna (3.6-r0)
#11 4.333 (104/175) Installing py3-idna-pyc (3.6-r0)
#11 4.347 (105/175) Installing py3-urllib3 (1.26.18-r0)
#11 4.364 (106/175) Installing py3-urllib3-pyc (1.26.18-r0)
#11 4.381 (107/175) Installing py3-requests (2.31.0-r1)
#11 4.395 (108/175) Installing py3-requests-pyc (2.31.0-r1)
#11 4.409 (109/175) Installing py3-parsing (3.1.1-r0)
#11 4.424 (110/175) Installing py3-parsing-pyc (3.1.1-r0)
#11 4.449 (111/175) Installing py3-packaging (23.2-r0)
#11 4.462 (112/175) Installing py3-packaging-pyc (23.2-r0)
#11 4.476 (113/175) Installing py3-setuptools (69.1.0-r0)
#11 4.511 (114/175) Installing py3-setuptools-pyc (69.1.0-r0)
#11 4.551 (115/175) Installing libcap-ng (0.8.4-r0)
#11 4.571 (116/175) Installing libintl (0.22.4-r0)
#11 4.583 (117/175) Installing libblkid (2.39.3-r0)
#11 4.597 (118/175) Installing libmount (2.39.3-r0)
#11 4.612 (119/175) Installing glib (2.78.4-r0)
#11 4.643 (120/175) Installing numactl (2.0.18-r0)
#11 4.656 (121/175) Installing qemu (8.2.1-r0)
#11 4.674 Executing qemu-8.2.1-r0.pre-install
#11 4.749 Executing qemu-8.2.1-r0.post-install
#11 4.752 *
#11 4.752 * If you want to run VM as unprivileged user and let Qemu create tunX devices,
#11 4.752 * then you must add that user to the group "qemu".
#11 4.752 * If you use KVM for hardware-assisted virtualization, then you may also need
#11 4.752 * to add that user to the group "kvm".
#11 4.752 *
#11 4.752 (122/175) Installing qemu-bridge-helper (8.2.1-r0)
#11 4.770 (123/175) Installing libaio (0.3.113-r2)
#11 4.781 (124/175) Installing capstone (5.0.1-r2)
#11 4.814 (125/175) Installing py3-capstone (5.0.1-r2)
#11 4.844 (126/175) Installing py3-capstone-pyc (5.0.1-r2)
#11 4.857 (127/175) Installing nettle (3.9.1-r0)
#11 4.875 (128/175) Installing libtasn1 (4.19.0-r2)
#11 4.888 (129/175) Installing p11-kit (0.25.3-r0)
#11 4.908 (130/175) Installing gnutls (3.8.3-r0)
#11 4.931 (131/175) Installing libjpeg-turbo (3.0.2-r0)
#11 4.948 (132/175) Installing lzo (2.10-r5)
#11 4.963 (133/175) Installing pixman (0.43.2-r0)
#11 4.980 (134/175) Installing libpng (1.6.42-r0)
#11 4.994 (135/175) Installing libsasl (2.1.28-r5)
#11 5.008 (136/175) Installing libseccomp (2.5.5-r0)
#11 5.021 (137/175) Installing libslirp (4.7.0-r0)
#11 5.035 (138/175) Installing snappy (1.1.10-r2)
#11 5.047 (139/175) Installing liburing (2.5-r1)
#11 5.059 (140/175) Installing vde2-libs (2.3.3-r1)
#11 5.071 (141/175) Installing qemu-system-x86_64 (8.2.1-r0)
#11 5.172 (142/175) Installing lz4-libs (1.9.4-r5)
#11 5.186 (143/175) Installing popt (1.19-r3)
#11 5.198 (144/175) Installing libxxhash (0.8.2-r2)
#11 5.221 (145/175) Installing rsync (3.2.7-r4)
#11 5.242 (146/175) Installing scapy (2.5.0-r1)
#11 5.294 Executing scapy-2.5.0-r1.post-install
#11 5.297 *
#11 5.297 * Certain optional features of scapy also depend on the following packages:
#11 5.297 *     py3-matplotlib graphviz imagemagick py3-cryptography sox
#11 5.297 * And the following unpackaged dependencies:
#11 5.297 *     pyxi vpython-jupyter nmap<v4.23
#11 5.297 * More information can be found at https://scapy.readthedocs.io/en/latest/installation.html#optional-dependencies
#11 5.297 *
#11 5.297 (147/175) Installing scapy-pyc (2.5.0-r1)
#11 5.363 (148/175) Installing util-linux (2.39.3-r0)
#11 5.374 (149/175) Installing setarch (2.39.3-r0)
#11 5.386 (150/175) Installing libuuid (2.39.3-r0)
#11 5.399 (151/175) Installing libfdisk (2.39.3-r0)
#11 5.413 (152/175) Installing libsmartcols (2.39.3-r0)
#11 5.426 (153/175) Installing util-linux-misc (2.39.3-r0)
#11 5.453 (154/175) Installing libeconf (0.5.2-r2)
#11 5.470 (155/175) Installing linux-pam (1.5.3-r7)
#11 5.489 (156/175) Installing runuser (2.39.3-r0)
#11 5.501 (157/175) Installing mount (2.39.3-r0)
#11 5.513 (158/175) Installing losetup (2.39.3-r0)
#11 5.525 (159/175) Installing hexdump (2.39.3-r0)
#11 5.538 (160/175) Installing uuidgen (2.39.3-r0)
#11 5.549 (161/175) Installing blkid (2.39.3-r0)
#11 5.561 (162/175) Installing sfdisk (2.39.3-r0)
#11 5.573 (163/175) Installing mcookie (2.39.3-r0)
#11 5.585 (164/175) Installing agetty (2.39.3-r0)
#11 5.603 (165/175) Installing wipefs (2.39.3-r0)
#11 5.621 (166/175) Installing cfdisk (2.39.3-r0)
#11 5.634 (167/175) Installing umount (2.39.3-r0)
#11 5.648 (168/175) Installing flock (2.39.3-r0)
#11 5.664 (169/175) Installing lsblk (2.39.3-r0)
#11 5.678 (170/175) Installing setpriv (2.39.3-r0)
#11 5.689 (171/175) Installing logger (2.39.3-r0)
#11 5.701 (172/175) Installing partx (2.39.3-r0)
#11 5.716 (173/175) Installing fstrim (2.39.3-r0)
#11 5.728 (174/175) Installing findmnt (2.39.3-r0)
#11 5.746 (175/175) Installing virtme-ng@testing (1.19-r0)
#11 5.798 Executing busybox-1.36.1-r17.trigger
#11 5.802 Executing ca-certificates-20230506-r1.trigger
#11 5.825 Executing glib-2.78.4-r0.trigger
#11 5.832 OK: 385 MiB in 188 packages
#11 DONE 6.2s

#12 [ 8/22] RUN mkdir -p /tmp/kernel-patches &&     mkdir -p /tmp/iproute2-patches
#12 DONE 0.3s

#13 [ 9/22] COPY tdc.config /tmp
#13 DONE 0.0s

#14 [10/22] COPY tdc-debug.config /tmp
#14 DONE 0.0s

#15 [11/22] COPY kernel-patches /tmp/kernel-patches/
#15 DONE 0.1s

#16 [12/22] COPY iproute2-patches /tmp/iproute2-patches/
#16 DONE 0.0s

#17 [13/22] COPY configs /tmp/configs/
#17 DONE 0.0s

#18 [14/22] RUN git config --global user.email foo@bar.com
#18 DONE 0.4s

#19 [15/22] RUN git config --global user.name foo@bar.com
#19 DONE 0.4s

#20 [16/22] RUN git clone https://git.kernel.org/pub/scm/network/iproute2/iproute2-next.git /nipa-data/iproute2
#20 0.370 Cloning into '/nipa-data/iproute2'...
#20 DONE 1.8s

#21 [17/22] RUN cd /nipa-data/iproute2 && 	git remote add stable https://git.kernel.org/pub/scm/network/iproute2/iproute2.git && 	git fetch --all && 	git merge stable/main
#21 0.395 Fetching origin
#21 0.680 Fetching stable
#21 1.342 From https://git.kernel.org/pub/scm/network/iproute2/iproute2
#21 1.342  * [new branch]        codeql         -> stable/codeql
#21 1.342  * [new branch]        color-opt      -> stable/color-opt
#21 1.342  * [new branch]        flag-names     -> stable/flag-names
#21 1.342  * [new branch]        iproute2-4.1.x -> stable/iproute2-4.1.x
#21 1.342  * [new branch]        json1          -> stable/json1
#21 1.342  * [new branch]        main           -> stable/main
#21 1.342  * [new branch]        net-next       -> stable/net-next
#21 1.342  * [new branch]        warnings       -> stable/warnings
#21 1.395 Auto-merging tc/m_action.c
#21 1.400 Merge made by the 'ort' strategy.
#21 1.409  devlink/devlink.c         |  2 +-
#21 1.409  examples/bpf/README       |  2 +-
#21 1.409  genl/ctrl.c               |  7 ++++---
#21 1.409  include/bpf_api.h         |  2 +-
#21 1.409  include/xt-internal.h     |  2 +-
#21 1.409  ip/ip.c                   |  8 ++++----
#21 1.409  ip/ipnetconf.c            |  3 ++-
#21 1.409  ip/ipnetns.c              |  3 ++-
#21 1.409  lib/bpf_legacy.c          |  5 +++--
#21 1.409  lib/color.c               |  3 +++
#21 1.409  lib/json_print.c          |  2 +-
#21 1.409  lib/utils.c               |  2 +-
#21 1.409  man/man8/devlink-rate.8   |  2 +-
#21 1.409  man/man8/ip-l2tp.8        |  2 +-
#21 1.409  man/man8/tc-htb.8         |  2 +-
#21 1.409  man/man8/tc-sfb.8         |  2 +-
#21 1.409  man/man8/tipc-nametable.8 |  4 ++--
#21 1.409  misc/ifstat.c             | 24 ++++++++++++++++--------
#21 1.409  rdma/rdma.h               |  2 +-
#21 1.409  tc/em_canid.c             |  2 +-
#21 1.409  tc/f_fw.c                 | 22 +++++++++++++++-------
#21 1.409  tc/f_u32.c                |  4 ++--
#21 1.409  tc/m_action.c             |  2 +-
#21 1.409  tc/m_bpf.c                |  2 +-
#21 1.409  tc/m_gact.c               |  2 +-
#21 1.409  tc/q_htb.c                |  2 +-
#21 1.409  tc/q_netem.c              |  2 +-
#21 1.409  tc/tc_util.h              |  1 -
#21 1.409  tipc/README               |  4 ++--
#21 1.409  29 files changed, 72 insertions(+), 50 deletions(-)
#21 DONE 1.4s

#22 [18/22] RUN if [ "$(find /tmp/iproute2-patches/ -name *.patch)" ]; then  	cd /nipa-data/iproute2; 	git apply /tmp/iproute2-patches/*.patch;     fi
#22 DONE 0.4s

#23 [19/22] RUN cd /nipa-data/iproute2/ &&     ./configure &&     make
#23 0.396 TC schedulers
#23 0.397  IPT	using xtables
#23 0.426  IPSET  yes
#23 0.447 
#23 0.448 lib directory: /usr/lib
#23 0.448 libc has setns: yes
#23 0.468 libc has name_to_handle_at: yes
#23 0.491 SELinux support: no
#23 0.492 libtirpc support: no
#23 0.493 libbpf support: yes
#23 0.562 	libbpf version 1.3.0
#23 0.562 ELF support: yes
#23 0.563 libmnl support: yes
#23 0.565 Berkeley DB: no
#23 0.575 need for strlcpy: no
#23 0.595 libcap support: yes
#23 0.597 color output: never
#23 0.599 
#23 0.599 lib
#23 0.601     CC       libgenl.o
#23 0.639     CC       libnetlink.o
#23 0.943     CC       mnl_utils.o
#23 1.034     AR       libnetlink.a
#23 1.036     CC       utils.o
#23 1.407     CC       utils_math.o
#23 1.446     CC       rt_names.o
#23 1.605     CC       ll_map.o
#23 1.690     CC       ll_types.o
#23 1.702 In file included from ll_types.c:20:
#23 1.702 ../include/uapi/linux/sockios.h:42: warning: "SIOCGSTAMP" redefined
#23 1.702    42 | #define SIOCGSTAMP      SIOCGSTAMP_OLD
#23 1.702       | 
#23 1.702 In file included from /usr/include/sys/ioctl.h:10,
#23 1.702                  from ll_types.c:12:
#23 1.702 /usr/include/bits/ioctl.h:111: note: this is the location of the previous definition
#23 1.702   111 | #define SIOCGSTAMP      0x8906
#23 1.702       | 
#23 1.702 ../include/uapi/linux/sockios.h:43: warning: "SIOCGSTAMPNS" redefined
#23 1.702    43 | #define SIOCGSTAMPNS    SIOCGSTAMPNS_OLD
#23 1.702       | 
#23 1.702 /usr/include/bits/ioctl.h:112: note: this is the location of the previous definition
#23 1.702   112 | #define SIOCGSTAMPNS    0x8907
#23 1.702       | 
#23 1.717     CC       ll_proto.o
#23 1.729 In file included from ll_proto.c:21:
#23 1.729 ../include/uapi/linux/sockios.h:42: warning: "SIOCGSTAMP" redefined
#23 1.729    42 | #define SIOCGSTAMP      SIOCGSTAMP_OLD
#23 1.729       | 
#23 1.729 In file included from /usr/include/sys/ioctl.h:10,
#23 1.729                  from ll_proto.c:13:
#23 1.729 /usr/include/bits/ioctl.h:111: note: this is the location of the previous definition
#23 1.729   111 | #define SIOCGSTAMP      0x8906
#23 1.729       | 
#23 1.729 ../include/uapi/linux/sockios.h:43: warning: "SIOCGSTAMPNS" redefined
#23 1.729    43 | #define SIOCGSTAMPNS    SIOCGSTAMPNS_OLD
#23 1.729       | 
#23 1.729 /usr/include/bits/ioctl.h:112: note: this is the location of the previous definition
#23 1.729   112 | #define SIOCGSTAMPNS    0x8907
#23 1.729       | 
#23 1.742     CC       ll_addr.o
#23 1.755 In file included from ll_addr.c:20:
#23 1.755 ../include/uapi/linux/sockios.h:42: warning: "SIOCGSTAMP" redefined
#23 1.755    42 | #define SIOCGSTAMP      SIOCGSTAMP_OLD
#23 1.755       | 
#23 1.755 In file included from /usr/include/sys/ioctl.h:10,
#23 1.755                  from ll_addr.c:12:
#23 1.755 /usr/include/bits/ioctl.h:111: note: this is the location of the previous definition
#23 1.755   111 | #define SIOCGSTAMP      0x8906
#23 1.755       | 
#23 1.755 ../include/uapi/linux/sockios.h:43: warning: "SIOCGSTAMPNS" redefined
#23 1.755    43 | #define SIOCGSTAMPNS    SIOCGSTAMPNS_OLD
#23 1.755       | 
#23 1.755 /usr/include/bits/ioctl.h:112: note: this is the location of the previous definition
#23 1.755   112 | #define SIOCGSTAMPNS    0x8907
#23 1.755       | 
#23 1.782     CC       inet_proto.o
#23 1.808     CC       namespace.o
#23 1.860     CC       json_writer.o
#23 1.935     CC       json_print.o
#23 2.053     CC       json_print_math.o
#23 2.082     CC       names.o
#23 2.131     CC       color.o
#23 2.175     CC       bpf_legacy.o
#23 2.512     CC       bpf_glue.o
#23 2.546     CC       exec.o
#23 2.575     CC       fs.o
#23 2.638     CC       cg_map.o
#23 2.669     CC       ppp_proto.o
#23 2.691     CC       bpf_libbpf.o
#23 2.765     CC       selinux.o
#23 2.785     CC       ax25_ntop.o
#23 2.813     CC       rose_ntop.o
#23 2.826 In file included from rose_ntop.c:16:
#23 2.826 ../include/uapi/linux/sockios.h:42: warning: "SIOCGSTAMP" redefined
#23 2.826    42 | #define SIOCGSTAMP      SIOCGSTAMP_OLD
#23 2.826       | 
#23 2.826 In file included from /usr/include/sys/ioctl.h:10,
#23 2.826                  from rose_ntop.c:7:
#23 2.826 /usr/include/bits/ioctl.h:111: note: this is the location of the previous definition
#23 2.826   111 | #define SIOCGSTAMP      0x8906
#23 2.826       | 
#23 2.826 ../include/uapi/linux/sockios.h:43: warning: "SIOCGSTAMPNS" redefined
#23 2.826    43 | #define SIOCGSTAMPNS    SIOCGSTAMPNS_OLD
#23 2.826       | 
#23 2.826 /usr/include/bits/ioctl.h:112: note: this is the location of the previous definition
#23 2.826   112 | #define SIOCGSTAMPNS    0x8907
#23 2.826       | 
#23 2.841     CC       mpls_ntop.o
#23 2.867     CC       mpls_pton.o
#23 2.894     CC       netrom_ntop.o
#23 2.916     AR       libutil.a
#23 2.921 
#23 2.921 ip
#23 2.923     CC       ip.o
#23 2.994     CC       ipaddress.o
#23 3.007 In file included from ipaddress.c:26:
#23 3.007 ../include/uapi/linux/sockios.h:42: warning: "SIOCGSTAMP" redefined
#23 3.007    42 | #define SIOCGSTAMP      SIOCGSTAMP_OLD
#23 3.007       | 
#23 3.007 In file included from /usr/include/sys/ioctl.h:10,
#23 3.007                  from ipaddress.c:14:
#23 3.007 /usr/include/bits/ioctl.h:111: note: this is the location of the previous definition
#23 3.007   111 | #define SIOCGSTAMP      0x8906
#23 3.007       | 
#23 3.007 ../include/uapi/linux/sockios.h:43: warning: "SIOCGSTAMPNS" redefined
#23 3.007    43 | #define SIOCGSTAMPNS    SIOCGSTAMPNS_OLD
#23 3.007       | 
#23 3.007 /usr/include/bits/ioctl.h:112: note: this is the location of the previous definition
#23 3.007   112 | #define SIOCGSTAMPNS    0x8907
#23 3.007       | 
#23 3.435     CC       ipaddrlabel.o
#23 3.494     CC       iproute.o
#23 3.979     CC       iprule.o
#23 4.158     CC       ipnetns.o
#23 4.352     CC       rtm_map.o
#23 4.389     CC       iptunnel.o
#23 4.401 In file included from ../include/uapi/linux/if_tunnel.h:6,
#23 4.401                  from iptunnel.c:19:
#23 4.401 ../include/uapi/linux/if.h:134: warning: "IFF_VOLATILE" redefined
#23 4.401   134 | #define IFF_VOLATILE    (IFF_LOOPBACK|IFF_POINTOPOINT|IFF_BROADCAST|IFF_ECHO|\
#23 4.401       | 
#23 4.401 In file included from iptunnel.c:16:
#23 4.401 /usr/include/net/if.h:48: note: this is the location of the previous definition
#23 4.401    48 | #define IFF_VOLATILE (IFF_LOOPBACK|IFF_POINTOPOINT|IFF_BROADCAST| \
#23 4.401       | 
#23 4.547     CC       ip6tunnel.o
#23 4.662     CC       tunnel.o
#23 4.762     CC       ipneigh.o
#23 4.913     CC       ipntable.o
#23 5.016     CC       iplink.o
#23 5.293     CC       ipmaddr.o
#23 5.306 In file included from ipmaddr.c:21:
#23 5.306 ../include/uapi/linux/sockios.h:42: warning: "SIOCGSTAMP" redefined
#23 5.306    42 | #define SIOCGSTAMP      SIOCGSTAMP_OLD
#23 5.306       | 
#23 5.306 In file included from /usr/include/sys/ioctl.h:10,
#23 5.306                  from ipmaddr.c:12:
#23 5.306 /usr/include/bits/ioctl.h:111: note: this is the location of the previous definition
#23 5.306   111 | #define SIOCGSTAMP      0x8906
#23 5.306       | 
#23 5.306 ../include/uapi/linux/sockios.h:43: warning: "SIOCGSTAMPNS" redefined
#23 5.306    43 | #define SIOCGSTAMPNS    SIOCGSTAMPNS_OLD
#23 5.306       | 
#23 5.306 /usr/include/bits/ioctl.h:112: note: this is the location of the previous definition
#23 5.306   112 | #define SIOCGSTAMPNS    0x8907
#23 5.306       | 
#23 5.380     CC       ipmonitor.o
#23 5.457     CC       ipmroute.o
#23 5.470 In file included from ipmroute.c:22:
#23 5.470 ../include/uapi/linux/sockios.h:42: warning: "SIOCGSTAMP" redefined
#23 5.470    42 | #define SIOCGSTAMP      SIOCGSTAMP_OLD
#23 5.470       | 
#23 5.470 In file included from /usr/include/sys/ioctl.h:10,
#23 5.470                  from ipmroute.c:13:
#23 5.470 /usr/include/bits/ioctl.h:111: note: this is the location of the previous definition
#23 5.470   111 | #define SIOCGSTAMP      0x8906
#23 5.470       | 
#23 5.470 ../include/uapi/linux/sockios.h:43: warning: "SIOCGSTAMPNS" redefined
#23 5.470    43 | #define SIOCGSTAMPNS    SIOCGSTAMPNS_OLD
#23 5.470       | 
#23 5.470 /usr/include/bits/ioctl.h:112: note: this is the location of the previous definition
#23 5.470   112 | #define SIOCGSTAMPNS    0x8907
#23 5.470       | 
#23 5.529     CC       ipprefix.o
#23 5.558     CC       iptuntap.o
#23 5.668     CC       iptoken.o
#23 5.719     CC       ipxfrm.o
#23 6.014     CC       xfrm_state.o
#23 6.289     CC       xfrm_policy.o
#23 6.510     CC       xfrm_monitor.o
#23 6.582     CC       iplink_dummy.o
#23 6.604     CC       iplink_ifb.o
#23 6.625     CC       iplink_nlmon.o
#23 6.648     CC       iplink_team.o
#23 6.671     CC       iplink_vcan.o
#23 6.694     CC       iplink_vxcan.o
#23 6.725     CC       iplink_vlan.o
#23 6.793     CC       link_veth.o
#23 6.820     CC       link_gre.o
#23 6.830 In file included from ../include/uapi/linux/if_tunnel.h:6,
#23 6.830                  from link_gre.c:15:
#23 6.830 ../include/uapi/linux/if.h:134: warning: "IFF_VOLATILE" redefined
#23 6.830   134 | #define IFF_VOLATILE    (IFF_LOOPBACK|IFF_POINTOPOINT|IFF_BROADCAST|IFF_ECHO|\
#23 6.830       | 
#23 6.830 In file included from link_gre.c:9:
#23 6.830 /usr/include/net/if.h:48: note: this is the location of the previous definition
#23 6.830    48 | #define IFF_VOLATILE (IFF_LOOPBACK|IFF_POINTOPOINT|IFF_BROADCAST| \
#23 6.830       | 
#23 6.935     CC       iplink_can.o
#23 7.076     CC       iplink_xdp.o
#23 7.138     CC       iplink_macvlan.o
#23 7.204     CC       ipl2tp.o
#23 7.353     CC       link_vti.o
#23 7.363 In file included from ../include/uapi/linux/if_tunnel.h:6,
#23 7.363                  from link_vti.c:16:
#23 7.363 ../include/uapi/linux/if.h:134: warning: "IFF_VOLATILE" redefined
#23 7.363   134 | #define IFF_VOLATILE    (IFF_LOOPBACK|IFF_POINTOPOINT|IFF_BROADCAST|IFF_ECHO|\
#23 7.363       | 
#23 7.363 In file included from link_vti.c:10:
#23 7.363 /usr/include/net/if.h:48: note: this is the location of the previous definition
#23 7.363    48 | #define IFF_VOLATILE (IFF_LOOPBACK|IFF_POINTOPOINT|IFF_BROADCAST| \
#23 7.363       | 
#23 7.406     CC       link_vti6.o
#23 7.416 In file included from ../include/uapi/linux/if_tunnel.h:6,
#23 7.416                  from link_vti6.c:17:
#23 7.416 ../include/uapi/linux/if.h:134: warning: "IFF_VOLATILE" redefined
#23 7.416   134 | #define IFF_VOLATILE    (IFF_LOOPBACK|IFF_POINTOPOINT|IFF_BROADCAST|IFF_ECHO|\
#23 7.416       | 
#23 7.416 In file included from link_vti6.c:11:
#23 7.416 /usr/include/net/if.h:48: note: this is the location of the previous definition
#23 7.416    48 | #define IFF_VOLATILE (IFF_LOOPBACK|IFF_POINTOPOINT|IFF_BROADCAST| \
#23 7.416       | 
#23 7.459     CC       link_xfrm.o
#23 7.503     CC       iplink_vxlan.o
#23 7.650     CC       tcp_metrics.o
#23 7.749     CC       iplink_ipoib.o
#23 7.790     CC       ipnetconf.o
#23 7.841     CC       link_ip6tnl.o
#23 7.852 In file included from ../include/uapi/linux/if_tunnel.h:6,
#23 7.852                  from link_ip6tnl.c:15:
#23 7.852 ../include/uapi/linux/if.h:134: warning: "IFF_VOLATILE" redefined
#23 7.852   134 | #define IFF_VOLATILE    (IFF_LOOPBACK|IFF_POINTOPOINT|IFF_BROADCAST|IFF_ECHO|\
#23 7.852       | 
#23 7.852 In file included from link_ip6tnl.c:9:
#23 7.852 /usr/include/net/if.h:48: note: this is the location of the previous definition
#23 7.852    48 | #define IFF_VOLATILE (IFF_LOOPBACK|IFF_POINTOPOINT|IFF_BROADCAST| \
#23 7.852       | 
#23 7.936     CC       link_iptnl.o
#23 7.947 In file included from ../include/uapi/linux/if_tunnel.h:6,
#23 7.947                  from link_iptnl.c:16:
#23 7.947 ../include/uapi/linux/if.h:134: warning: "IFF_VOLATILE" redefined
#23 7.947   134 | #define IFF_VOLATILE    (IFF_LOOPBACK|IFF_POINTOPOINT|IFF_BROADCAST|IFF_ECHO|\
#23 7.947       | 
#23 7.947 In file included from link_iptnl.c:9:
#23 7.947 /usr/include/net/if.h:48: note: this is the location of the previous definition
#23 7.947    48 | #define IFF_VOLATILE (IFF_LOOPBACK|IFF_POINTOPOINT|IFF_BROADCAST| \
#23 7.947       | 
#23 8.047     CC       link_gre6.o
#23 8.057 In file included from ../include/uapi/linux/if_tunnel.h:6,
#23 8.057                  from link_gre6.c:15:
#23 8.057 ../include/uapi/linux/if.h:134: warning: "IFF_VOLATILE" redefined
#23 8.057   134 | #define IFF_VOLATILE    (IFF_LOOPBACK|IFF_POINTOPOINT|IFF_BROADCAST|IFF_ECHO|\
#23 8.057       | 
#23 8.057 In file included from link_gre6.c:9:
#23 8.057 /usr/include/net/if.h:48: note: this is the location of the previous definition
#23 8.057    48 | #define IFF_VOLATILE (IFF_LOOPBACK|IFF_POINTOPOINT|IFF_BROADCAST| \
#23 8.057       | 
#23 8.192     CC       iplink_bond.o
#23 8.385     CC       iplink_bond_slave.o
#23 8.439     CC       iplink_hsr.o
#23 8.492     CC       iplink_bridge.o
#23 8.641     CC       iplink_bridge_slave.o
#23 8.735     CC       iplink_dsa.o
#23 8.766     CC       ipfou.o
#23 8.858     CC       iplink_ipvlan.o
#23 8.902     CC       iplink_geneve.o
#23 8.991     CC       iplink_vrf.o
#23 9.037     CC       iproute_lwtunnel.o
#23 9.420     CC       ipmacsec.o
#23 9.667     CC       ipila.o
#23 9.752     CC       ipvrf.o
#23 9.860     CC       iplink_xstats.o
#23 9.890     CC       ipseg6.o
#23 9.951     CC       iplink_netdevsim.o
#23 9.977     CC       iplink_rmnet.o
#23 10.01     CC       ipnexthop.o
#23 10.25     CC       ipmptcp.o
#23 10.38     CC       iplink_bareudp.o
#23 10.43     CC       iplink_wwan.o
#23 10.46     CC       ipioam6.o
#23 10.52     CC       iplink_amt.o
#23 10.57     CC       iplink_batadv.o
#23 10.60     CC       iplink_gtp.o
#23 10.64     CC       iplink_virt_wifi.o
#23 10.66     CC       iplink_netkit.o
#23 10.71     CC       ipstats.o
#23 10.91     LINK     ip
#23 10.95     CC       rtmon.o
#23 11.00     LINK     rtmon
#23 11.01 
#23 11.01 tc
#23 11.01     CC       tc.o
#23 11.10     CC       tc_qdisc.o
#23 11.20     CC       tc_class.o
#23 11.32     CC       tc_filter.o
#23 11.47     CC       tc_util.o
#23 11.66     CC       tc_monitor.o
#23 11.69     CC       tc_exec.o
#23 11.73     CC       m_police.o
#23 11.81     CC       m_estimator.o
#23 11.84     CC       m_action.o
#23 11.99     CC       m_ematch.o
#23 12.10     YACC     emp_ematch.tab.c
#23 12.17     CC       emp_ematch.tab.o
#23 12.28     LEX      emp_ematch.lex.c
#23 12.28     CC       emp_ematch.lex.o
#23 12.45     CC       q_fifo.o
#23 12.49     CC       q_sfq.o
#23 12.56     CC       q_red.o
#23 12.63     CC       q_prio.o
#23 12.67     CC       q_skbprio.o
#23 12.71     CC       q_tbf.o
#23 12.79     CC       q_multiq.o
#23 12.83     CC       q_netem.o
#23 13.05     CC       q_choke.o
#23 13.12     CC       q_sfb.o
#23 13.18     CC       f_u32.o
#23 13.45     CC       f_route.o
#23 13.50     CC       f_fw.o
#23 13.56     CC       f_basic.o
#23 13.60     CC       f_bpf.o
#23 13.67     CC       f_flow.o
#23 13.75     CC       f_cgroup.o
#23 13.79     CC       f_flower.o
#23 13.80 In file included from ../include/uapi/linux/netdevice.h:29,
#23 13.80                  from ../include/uapi/linux/if_arp.h:27,
#23 13.80                  from f_flower.c:14:
#23 13.80 ../include/uapi/linux/if.h:134: warning: "IFF_VOLATILE" redefined
#23 13.80   134 | #define IFF_VOLATILE    (IFF_LOOPBACK|IFF_POINTOPOINT|IFF_BROADCAST|IFF_ECHO|\
#23 13.80       | 
#23 13.80 In file included from f_flower.c:12:
#23 13.80 /usr/include/net/if.h:48: note: this is the location of the previous definition
#23 13.80    48 | #define IFF_VOLATILE (IFF_LOOPBACK|IFF_POINTOPOINT|IFF_BROADCAST| \
#23 13.80       | 
#23 14.29     CC       q_gred.o
#23 14.40     CC       q_ingress.o
#23 14.43     CC       q_hfsc.o
#23 14.51     CC       q_htb.o
#23 14.62     CC       q_drr.o
#23 14.65     CC       q_qfq.o
#23 14.69     CC       m_gact.o
#23 14.74     CC       m_mirred.o
#23 14.81     CC       m_mpls.o
#23 14.88     CC       m_nat.o
#23 14.94     CC       m_pedit.o
#23 15.08     CC       m_ife.o
#23 15.15     CC       m_skbedit.o
#23 15.21     CC       m_skbmod.o
#23 15.27     CC       m_csum.o
#23 15.33     CC       m_simple.o
#23 15.37     CC       m_vlan.o
#23 15.45     CC       m_connmark.o
#23 15.49     CC       m_ctinfo.o
#23 15.55     CC       m_bpf.o
#23 15.60     CC       m_tunnel_key.o
#23 15.73     CC       m_sample.o
#23 15.77     CC       m_ct.o
#23 15.87     CC       m_gate.o
#23 15.98     CC       p_ip.o
#23 16.02     CC       p_ip6.o
#23 16.06     CC       p_icmp.o
#23 16.08     CC       p_eth.o
#23 16.11     CC       p_tcp.o
#23 16.14     CC       p_udp.o
#23 16.17     CC       em_nbyte.o
#23 16.21     CC       em_cmp.o
#23 16.27     CC       em_u32.o
#23 16.32     CC       em_canid.o
#23 16.36     CC       em_meta.o
#23 16.47     CC       q_mqprio.o
#23 16.58     CC       q_codel.o
#23 16.63     CC       q_fq_codel.o
#23 16.71     CC       q_fq.o
#23 16.83     CC       q_pie.o
#23 16.89     CC       q_fq_pie.o
#23 16.96     CC       q_cake.o
#23 17.14     CC       q_hhf.o
#23 17.19     CC       q_clsact.o
#23 17.22     CC       e_bpf.o
#23 17.27     CC       f_matchall.o
#23 17.32     CC       q_cbs.o
#23 17.36     CC       q_etf.o
#23 17.41     CC       q_taprio.o
#23 17.54     CC       q_plug.o
#23 17.58     CC       q_ets.o
#23 17.66     CC       em_ipt.o
#23 17.68 In file included from tc_util.h:7,
#23 17.68                  from m_ematch.h:11,
#23 17.68                  from em_ipt.c:13:
#23 17.68 ../include/uapi/linux/if.h:134: warning: "IFF_VOLATILE" redefined
#23 17.68   134 | #define IFF_VOLATILE    (IFF_LOOPBACK|IFF_POINTOPOINT|IFF_BROADCAST|IFF_ECHO|\
#23 17.68       | 
#23 17.68 In file included from ../include/xtables.h:17,
#23 17.68                  from em_ipt.c:12:
#23 17.68 /usr/include/net/if.h:48: note: this is the location of the previous definition
#23 17.68    48 | #define IFF_VOLATILE (IFF_LOOPBACK|IFF_POINTOPOINT|IFF_BROADCAST| \
#23 17.68       | 
#23 17.71     CC       em_ipset.o
#23 17.72 In file included from tc_util.h:7,
#23 17.72                  from m_ematch.h:11,
#23 17.72                  from em_ipset.c:39:
#23 17.72 ../include/uapi/linux/if.h:134: warning: "IFF_VOLATILE" redefined
#23 17.72   134 | #define IFF_VOLATILE    (IFF_LOOPBACK|IFF_POINTOPOINT|IFF_BROADCAST|IFF_ECHO|\
#23 17.72       | 
#23 17.72 In file included from ../include/xtables.h:17,
#23 17.72                  from em_ipset.c:23:
#23 17.72 /usr/include/net/if.h:48: note: this is the location of the previous definition
#23 17.72    48 | #define IFF_VOLATILE (IFF_LOOPBACK|IFF_POINTOPOINT|IFF_BROADCAST| \
#23 17.72       | 
#23 17.76     CC       tc_core.o
#23 17.83     CC       tc_red.o
#23 17.88     CC       tc_estimator.o
#23 17.91     CC       tc_stab.o
#23 17.96     CC       tc_qevent.o
#23 18.02     AR       libtc.a
#23 18.02     LINK     tc
#23 18.06 rm emp_ematch.lex.c
#23 18.06 
#23 18.06 bridge
#23 18.06     CC       bridge.o
#23 18.11     CC       fdb.o
#23 18.29     CC       monitor.o
#23 18.33     CC       link.o
#23 18.49     CC       mdb.o
#23 18.68     CC       vlan.o
#23 18.69 In file included from vlan.c:14:
#23 18.69 ../include/json_print.h:80:30: warning: 'struct timeval' declared inside parameter list will not be visible outside of this definition or declaration
#23 18.69    80 | _PRINT_FUNC(tv, const struct timeval *)
#23 18.69       |                              ^~~~~~~
#23 18.69 ../include/json_print.h:50:37: note: in definition of macro '_PRINT_FUNC'
#23 18.69    50 |                                     type value);                        \
#23 18.69       |                                     ^~~~
#23 18.69 ../include/json_print.h:80:30: warning: 'struct timeval' declared inside parameter list will not be visible outside of this definition or declaration
#23 18.69    80 | _PRINT_FUNC(tv, const struct timeval *)
#23 18.69       |                              ^~~~~~~
#23 18.69 ../include/json_print.h:55:45: note: in definition of macro '_PRINT_FUNC'
#23 18.69    55 |                                             type value)                 \
#23 18.69       |                                             ^~~~
#23 18.69 ../include/json_print.h: In function 'print_tv':
#23 18.69 ../include/json_print.h:58:48: warning: passing argument 5 of 'print_color_tv' from incompatible pointer type [-Wincompatible-pointer-types]
#23 18.69    58 |                                                value);                  \
#23 18.69       |                                                ^~~~~
#23 18.69       |                                                |
#23 18.69       |                                                const struct timeval *
#23 18.69 ../include/json_print.h:80:1: note: in expansion of macro '_PRINT_FUNC'
#23 18.69    80 | _PRINT_FUNC(tv, const struct timeval *)
#23 18.69       | ^~~~~~~~~~~
#23 18.69 ../include/json_print.h:50:42: note: expected 'const struct timeval *' but argument is of type 'const struct timeval *'
#23 18.69    50 |                                     type value);                        \
#23 18.69       |                                          ^
#23 18.69 ../include/json_print.h:80:1: note: in expansion of macro '_PRINT_FUNC'
#23 18.69    80 | _PRINT_FUNC(tv, const struct timeval *)
#23 18.69       | ^~~~~~~~~~~
#23 18.92     CC       vni.o
#23 18.93 In file included from vni.c:19:
#23 18.93 ../include/json_print.h:80:30: warning: 'struct timeval' declared inside parameter list will not be visible outside of this definition or declaration
#23 18.93    80 | _PRINT_FUNC(tv, const struct timeval *)
#23 18.93       |                              ^~~~~~~
#23 18.93 ../include/json_print.h:50:37: note: in definition of macro '_PRINT_FUNC'
#23 18.93    50 |                                     type value);                        \
#23 18.93       |                                     ^~~~
#23 18.93 ../include/json_print.h:80:30: warning: 'struct timeval' declared inside parameter list will not be visible outside of this definition or declaration
#23 18.93    80 | _PRINT_FUNC(tv, const struct timeval *)
#23 18.93       |                              ^~~~~~~
#23 18.93 ../include/json_print.h:55:45: note: in definition of macro '_PRINT_FUNC'
#23 18.93    55 |                                             type value)                 \
#23 18.93       |                                             ^~~~
#23 18.93 ../include/json_print.h: In function 'print_tv':
#23 18.93 ../include/json_print.h:58:48: warning: passing argument 5 of 'print_color_tv' from incompatible pointer type [-Wincompatible-pointer-types]
#23 18.93    58 |                                                value);                  \
#23 18.93       |                                                ^~~~~
#23 18.93       |                                                |
#23 18.93       |                                                const struct timeval *
#23 18.93 ../include/json_print.h:80:1: note: in expansion of macro '_PRINT_FUNC'
#23 18.93    80 | _PRINT_FUNC(tv, const struct timeval *)
#23 18.93       | ^~~~~~~~~~~
#23 18.93 ../include/json_print.h:50:42: note: expected 'const struct timeval *' but argument is of type 'const struct timeval *'
#23 18.93    50 |                                     type value);                        \
#23 18.93       |                                          ^
#23 18.93 ../include/json_print.h:80:1: note: in expansion of macro '_PRINT_FUNC'
#23 18.93    80 | _PRINT_FUNC(tv, const struct timeval *)
#23 18.93       | ^~~~~~~~~~~
#23 19.00     LINK     bridge
#23 19.01 
#23 19.01 misc
#23 19.02     CC       ss.o
#23 19.04 In file included from ../include/uapi/linux/tipc.h:42,
#23 19.04                  from ss.c:48:
#23 19.04 ../include/uapi/linux/sockios.h:42: warning: "SIOCGSTAMP" redefined
#23 19.04    42 | #define SIOCGSTAMP      SIOCGSTAMP_OLD
#23 19.04       | 
#23 19.04 In file included from /usr/include/sys/ioctl.h:10,
#23 19.04                  from ss.c:12:
#23 19.04 /usr/include/bits/ioctl.h:111: note: this is the location of the previous definition
#23 19.04   111 | #define SIOCGSTAMP      0x8906
#23 19.04       | 
#23 19.04 ../include/uapi/linux/sockios.h:43: warning: "SIOCGSTAMPNS" redefined
#23 19.04    43 | #define SIOCGSTAMPNS    SIOCGSTAMPNS_OLD
#23 19.04       | 
#23 19.04 /usr/include/bits/ioctl.h:112: note: this is the location of the previous definition
#23 19.04   112 | #define SIOCGSTAMPNS    0x8907
#23 19.04       | 
#23 19.87     CC       ssfilter_check.o
#23 19.90     YACC     ssfilter.tab.c
#23 19.96     CC       ssfilter.tab.o
#23 20.06     LINK     ss
#23 20.08     CC       nstat
#23 20.09 In file included from nstat.c:20:
#23 20.09 /usr/include/sys/poll.h:1:2: warning: #warning redirecting incorrect #include <sys/poll.h> to <poll.h> [-Wcpp]
#23 20.09     1 | #warning redirecting incorrect #include <sys/poll.h> to <poll.h>
#23 20.09       |  ^~~~~~~
#23 20.22     CC       ifstat
#23 20.23 In file included from ifstat.c:20:
#23 20.23 /usr/include/sys/poll.h:1:2: warning: #warning redirecting incorrect #include <sys/poll.h> to <poll.h> [-Wcpp]
#23 20.23     1 | #warning redirecting incorrect #include <sys/poll.h> to <poll.h>
#23 20.23       |  ^~~~~~~
#23 20.40     CC       rtacct
#23 20.41 In file included from rtacct.c:19:
#23 20.41 /usr/include/sys/poll.h:1:2: warning: #warning redirecting incorrect #include <sys/poll.h> to <poll.h> [-Wcpp]
#23 20.41     1 | #warning redirecting incorrect #include <sys/poll.h> to <poll.h>
#23 20.41       |  ^~~~~~~
#23 20.55     CC       lnstat.o
#23 20.61     CC       lnstat_util.o
#23 20.67     LINK     lnstat
#23 20.68 
#23 20.68 netem
#23 20.68 gcc  -I../include -o maketable maketable.c -lm
#23 20.72 gcc  -I../include -o normal normal.c -lm
#23 20.74 gcc  -I../include -o pareto pareto.c -lm
#23 20.76 gcc  -I../include -o paretonormal paretonormal.c -lm
#23 20.79 ./normal > normal.dist
#23 20.80 ./pareto > pareto.dist
#23 20.80 ./paretonormal > paretonormal.dist
#23 20.81 ./maketable experimental.dat > experimental.dist
#23 20.82 
#23 20.82 genl
#23 20.82     CC       genl.o
#23 20.86     CC       ctrl.o
#23 20.93     LINK     genl
#23 20.94 
#23 20.94 man
#23 20.94 make[2]: Nothing to be done for 'all'.
#23 20.94 make[2]: Nothing to be done for 'all'.
#23 20.94 sed \
#23 20.94 	-e "s|@NETNS_ETC_DIR@|/etc/netns|g" \
#23 20.94 	-e "s|@NETNS_RUN_DIR@|/var/run/netns|g" \
#23 20.94 	-e "s|@SYSCONF_ETC_DIR@|/etc/iproute2|g" \
#23 20.94 	-e "s|@SYSCONF_USR_DIR@|/usr/share/iproute2|g" \
#23 20.94 	ip-address.8.in > ip-address.8
#23 20.95 sed \
#23 20.95 	-e "s|@NETNS_ETC_DIR@|/etc/netns|g" \
#23 20.95 	-e "s|@NETNS_RUN_DIR@|/var/run/netns|g" \
#23 20.95 	-e "s|@SYSCONF_ETC_DIR@|/etc/iproute2|g" \
#23 20.95 	-e "s|@SYSCONF_USR_DIR@|/usr/share/iproute2|g" \
#23 20.95 	ip-link.8.in > ip-link.8
#23 20.95 sed \
#23 20.95 	-e "s|@NETNS_ETC_DIR@|/etc/netns|g" \
#23 20.95 	-e "s|@NETNS_RUN_DIR@|/var/run/netns|g" \
#23 20.95 	-e "s|@SYSCONF_ETC_DIR@|/etc/iproute2|g" \
#23 20.95 	-e "s|@SYSCONF_USR_DIR@|/usr/share/iproute2|g" \
#23 20.95 	ip-netns.8.in > ip-netns.8
#23 20.95 sed \
#23 20.95 	-e "s|@NETNS_ETC_DIR@|/etc/netns|g" \
#23 20.95 	-e "s|@NETNS_RUN_DIR@|/var/run/netns|g" \
#23 20.95 	-e "s|@SYSCONF_ETC_DIR@|/etc/iproute2|g" \
#23 20.95 	-e "s|@SYSCONF_USR_DIR@|/usr/share/iproute2|g" \
#23 20.95 	ip-route.8.in > ip-route.8
#23 20.95 
#23 20.95 tipc
#23 20.96     CC       bearer.o
#23 21.13     CC       cmdl.o
#23 21.17     CC       link.o
#23 21.37     CC       media.o
#23 21.43     CC       misc.o
#23 21.48     CC       msg.o
#23 21.50     CC       nametable.o
#23 21.54     CC       node.o
#23 21.63     CC       socket.o
#23 21.66     CC       peer.o
#23 21.70     CC       tipc.o
#23 21.73     LINK     tipc
#23 21.74 
#23 21.74 devlink
#23 21.74     CC       devlink.o
#23 23.42     CC       mnlg.o
#23 23.46     LINK     devlink
#23 23.48 
#23 23.48 rdma
#23 23.48     CC       rdma.o
#23 23.51 rdma.c: In function 'main':
#23 23.51 rdma.c:110:20: warning: implicit declaration of function 'basename'; did you mean 'rename'? [-Wimplicit-function-declaration]
#23 23.51   110 |         filename = basename(argv[0]);
#23 23.51       |                    ^~~~~~~~
#23 23.51       |                    rename
#23 23.51 rdma.c:110:18: warning: assignment to 'char *' from 'int' makes pointer from integer without a cast [-Wint-conversion]
#23 23.51   110 |         filename = basename(argv[0]);
#23 23.51       |                  ^
#23 23.54     CC       utils.o
#23 23.72     CC       dev.o
#23 23.79     CC       link.o
#23 23.86     CC       res.o
#23 23.96     CC       res-pd.o
#23 24.00     CC       res-mr.o
#23 24.05     CC       res-cq.o
#23 24.10     CC       res-cmid.o
#23 24.15     CC       res-qp.o
#23 24.21     CC       sys.o
#23 24.27     CC       stat.o
#23 24.49     CC       stat-mr.o
#23 24.52     CC       res-ctx.o
#23 24.56     CC       res-srq.o
#23 24.63     LINK     rdma
#23 24.64 
#23 24.64 dcb
#23 24.64     CC       dcb.o
#23 24.76     CC       dcb_app.o
#23 24.94     CC       dcb_buffer.o
#23 25.00     CC       dcb_dcbx.o
#23 25.05     CC       dcb_ets.o
#23 25.12     CC       dcb_maxrate.o
#23 25.17     CC       dcb_pfc.o
#23 25.24     CC       dcb_apptrust.o
#23 25.30     CC       dcb_rewr.o
#23 25.37     LINK     dcb
#23 25.39 
#23 25.39 vdpa
#23 25.39     CC       vdpa.o
#23 25.40 In file included from vdpa.c:19:
#23 25.40 ../include/json_print.h:80:30: warning: 'struct timeval' declared inside parameter list will not be visible outside of this definition or declaration
#23 25.40    80 | _PRINT_FUNC(tv, const struct timeval *)
#23 25.40       |                              ^~~~~~~
#23 25.40 ../include/json_print.h:50:37: note: in definition of macro '_PRINT_FUNC'
#23 25.40    50 |                                     type value);                        \
#23 25.40       |                                     ^~~~
#23 25.40 ../include/json_print.h:80:30: warning: 'struct timeval' declared inside parameter list will not be visible outside of this definition or declaration
#23 25.40    80 | _PRINT_FUNC(tv, const struct timeval *)
#23 25.40       |                              ^~~~~~~
#23 25.40 ../include/json_print.h:55:45: note: in definition of macro '_PRINT_FUNC'
#23 25.40    55 |                                             type value)                 \
#23 25.40       |                                             ^~~~
#23 25.40 ../include/json_print.h: In function 'print_tv':
#23 25.40 ../include/json_print.h:58:48: warning: passing argument 5 of 'print_color_tv' from incompatible pointer type [-Wincompatible-pointer-types]
#23 25.40    58 |                                                value);                  \
#23 25.40       |                                                ^~~~~
#23 25.40       |                                                |
#23 25.40       |                                                const struct timeval *
#23 25.40 ../include/json_print.h:80:1: note: in expansion of macro '_PRINT_FUNC'
#23 25.40    80 | _PRINT_FUNC(tv, const struct timeval *)
#23 25.40       | ^~~~~~~~~~~
#23 25.40 ../include/json_print.h:50:42: note: expected 'const struct timeval *' but argument is of type 'const struct timeval *'
#23 25.40    50 |                                     type value);                        \
#23 25.40       |                                          ^
#23 25.40 ../include/json_print.h:80:1: note: in expansion of macro '_PRINT_FUNC'
#23 25.40    80 | _PRINT_FUNC(tv, const struct timeval *)
#23 25.40       | ^~~~~~~~~~~
#23 25.55     LINK     vdpa
#23 DONE 25.6s

#24 [20/22] RUN git clone --no-single-branch --depth=1 https://github.com/linux-netdev/testing.git /nipa-data/kernel
#24 0.388 Cloning into '/nipa-data/kernel'...
#24 36.12 Updating files:  16% (13613/83283)Updating files:  17% (14159/83283)Updating files:  18% (14991/83283)Updating files:  19% (15824/83283)Updating files:  20% (16657/83283)Updating files:  21% (17490/83283)Updating files:  22% (18323/83283)Updating files:  23% (19156/83283)Updating files:  24% (19988/83283)Updating files:  25% (20821/83283)Updating files:  26% (21654/83283)Updating files:  27% (22487/83283)Updating files:  28% (23320/83283)Updating files:  29% (24153/83283)Updating files:  30% (24985/83283)Updating files:  31% (25818/83283)Updating files:  32% (26651/83283)Updating files:  33% (27484/83283)Updating files:  34% (28317/83283)Updating files:  34% (28693/83283)Updating files:  35% (29150/83283)Updating files:  36% (29982/83283)Updating files:  37% (30815/83283)Updating files:  38% (31648/83283)Updating files:  39% (32481/83283)Updating files:  40% (33314/83283)Updating files:  40% (33602/83283)Updating files:  41% (34147/83283)Updating files:  42% (34979/83283)Updating files:  43% (35812/83283)Updating files:  44% (36645/83283)Updating files:  45% (37478/83283)Updating files:  46% (38311/83283)Updating files:  47% (39144/83283)Updating files:  48% (39976/83283)Updating files:  49% (40809/83283)Updating files:  50% (41642/83283)Updating files:  51% (42475/83283)Updating files:  51% (42547/83283)Updating files:  52% (43308/83283)Updating files:  53% (44140/83283)Updating files:  54% (44973/83283)Updating files:  55% (45806/83283)Updating files:  56% (46639/83283)Updating files:  57% (47472/83283)Updating files:  58% (48305/83283)Updating files:  59% (49137/83283)Updating files:  60% (49970/83283)Updating files:  61% (50803/83283)Updating files:  62% (51636/83283)Updating files:  63% (52469/83283)Updating files:  63% (52723/83283)Updating files:  64% (53302/83283)Updating files:  65% (54134/83283)Updating files:  66% (54967/83283)Updating files:  67% (55800/83283)Updating files:  68% (56633/83283)Updating files:  69% (57466/83283)Updating files:  70% (58299/83283)Updating files:  71% (59131/83283)Updating files:  72% (59964/83283)Updating files:  73% (60797/83283)Updating files:  74% (61630/83283)Updating files:  75% (62463/83283)Updating files:  76% (63296/83283)Updating files:  77% (64128/83283)Updating files:  78% (64961/83283)Updating files:  79% (65794/83283)Updating files:  80% (66627/83283)Updating files:  80% (67024/83283)Updating files:  81% (67460/83283)Updating files:  82% (68293/83283)Updating files:  83% (69125/83283)Updating files:  84% (69958/83283)Updating files:  85% (70791/83283)Updating files:  86% (71624/83283)Updating files:  87% (72457/83283)Updating files:  88% (73290/83283)Updating files:  89% (74122/83283)Updating files:  90% (74955/83283)Updating files:  91% (75788/83283)Updating files:  92% (76621/83283)Updating files:  93% (77454/83283)Updating files:  94% (78287/83283)Updating files:  95% (79119/83283)Updating files:  96% (79952/83283)Updating files:  97% (80785/83283)Updating files:  98% (81618/83283)Updating files:  99% (82451/83283)Updating files: 100% (83283/83283)Updating files: 100% (83283/83283), done.
#24 DONE 43.9s

#25 [21/22] RUN git clone --depth=1 -b dev https://github.com/p4tc-dev/new-nipa.git nipa
#25 0.308 Cloning into 'nipa'...
#25 DONE 1.0s

#26 [22/22] COPY entrypoint.sh /entrypoint.sh
#26 DONE 0.0s

#27 exporting to image
#27 exporting layers
#27 exporting layers 7.2s done
#27 writing image sha256:bf691812a603a0a63af3dc61ca885cdd24224b8dad64f8d732d73b4db236fbd4 0.0s done
#27 naming to docker.io/library/nipa-executor 0.1s done
#27 DONE 7.3s
NIPA version: 9cd25f1 (fetcher: support local kernel patches, 2024-02-05)
INFO: Last run date: 2024-02-14 15:00:09.106456+00:00
Testing  {'branch': 'net-next-2024-02-14--18-00', 'date': '2024-02-14T18:00:04.983488+00:00', 'base': 'ae8d6cb4b5ca54280db87952ba0199e4343e4180', 'url': 'https://github.com/linux-netdev/testing.git net-next-2024-02-14--18-00'}
branch 'net-next-2024-02-14--18-00' set up to track 'origin/net-next-2024-02-14--18-00'.
Switched to a new branch 'net-next-2024-02-14--18-00'
Checking patch tools/testing/selftests/tc-testing/tdc_config.py...
Applied patch tools/testing/selftests/tc-testing/tdc_config.py cleanly.
error: No valid patches in input (allow with "--allow-empty")
Run at 2024-02-14 18:03:39.044457
INFO: building kernel
INFO: starting VM 0
INFO: thr0-1 VM starting: vng -v -r arch/x86/boot/bzImage --user root --rwdir=/nipa-data/kernel/
INFO: thr0-1 expecting prompt: '/nipa-data/kernel# '
INFO: thr0-1 reached initial prompt
INFO: thr-0 testing == tdc.sh
INFO: thr-0 tdc.sh >> retcode: 0 result: pass found {'fail': False, 'skip': False, 'pass': True}
INFO: thr-0 has no more work, exiting
INFO: thr0-1 VM stopped
Done at 2024-02-14 18:07:18.111661
NIPA quitting!
/
~/nipa/tc-executor/tc-executor-storage /
