~/nipa/tc-executor/tc-executor-storage /
Switched to branch 'storage'
Your branch is ahead of 'origin/storage' by 426 commits.
  (use "git push" to publish your local commits)
/
~/nipa/tc-executor /
Error response from daemon: No such image: nipa-executor:latest
#0 building with "default" instance using docker driver

#1 [internal] load build definition from Dockerfile
#1 transferring dockerfile: 2.22kB done
#1 DONE 0.0s

#2 [internal] load .dockerignore
#2 transferring context: 2B done
#2 DONE 0.0s

#3 [internal] load metadata for docker.io/library/alpine:edge
#3 DONE 0.0s

#4 [ 1/23] FROM docker.io/library/alpine:edge
#4 CACHED

#5 [internal] load build context
#5 transferring context: 3.02kB done
#5 DONE 0.0s

#6 [ 2/23] RUN echo false > debug-mode
#6 DONE 0.6s

#7 [ 3/23] RUN addgroup -g 1001 hostuser
#7 DONE 0.4s

#8 [ 4/23] RUN adduser -u 1001 -G hostuser -H -D -s /bin/ash hostuser
#8 DONE 0.4s

#9 [ 5/23] RUN echo '@testing http://dl-cdn.alpinelinux.org/alpine/edge/testing' >> /etc/apk/repositories
#9 DONE 0.4s

#10 [ 6/23] RUN echo '@community http://dl-cdn.alpinelinux.org/alpine/edge/community' >> /etc/apk/repositories
#10 DONE 0.4s

#11 [ 7/23] RUN apk update && apk add --no-cache    virtme-ng@testing    git    py3-requests    py3-psutil    py3-setuptools    py3-pyroute2    py3-argcomplete    qemu-system-x86_64@community    scapy@community    make    gcc    musl-dev    flex    bison    linux-headers    elfutils-dev    util-linux    coreutils    diffutils    findutils    file    bash    kmod    perl    iptables-dev    libcap-dev    libmnl-dev    iproute2    jq    libbpf-dev    rsync    openssl-dev
#11 0.440 fetch https://dl-cdn.alpinelinux.org/alpine/edge/main/x86_64/APKINDEX.tar.gz
#11 0.677 fetch https://dl-cdn.alpinelinux.org/alpine/edge/community/x86_64/APKINDEX.tar.gz
#11 0.884 fetch http://dl-cdn.alpinelinux.org/alpine/edge/testing/x86_64/APKINDEX.tar.gz
#11 1.088 fetch http://dl-cdn.alpinelinux.org/alpine/edge/community/x86_64/APKINDEX.tar.gz
#11 1.320 v20240329-661-g610eefa7c5e [https://dl-cdn.alpinelinux.org/alpine/edge/main]
#11 1.320 v20240329-658-g6761af060cb [https://dl-cdn.alpinelinux.org/alpine/edge/community]
#11 1.320 v20240329-650-gffbc261e230 [http://dl-cdn.alpinelinux.org/alpine/edge/testing]
#11 1.320 v20240329-658-g6761af060cb [http://dl-cdn.alpinelinux.org/alpine/edge/community]
#11 1.320 OK: 30900 distinct packages available
#11 1.378 fetch https://dl-cdn.alpinelinux.org/alpine/edge/main/x86_64/APKINDEX.tar.gz
#11 1.480 fetch https://dl-cdn.alpinelinux.org/alpine/edge/community/x86_64/APKINDEX.tar.gz
#11 1.564 fetch http://dl-cdn.alpinelinux.org/alpine/edge/testing/x86_64/APKINDEX.tar.gz
#11 1.654 fetch http://dl-cdn.alpinelinux.org/alpine/edge/community/x86_64/APKINDEX.tar.gz
#11 1.869 (1/176) Upgrading musl (1.2.4_git20230717-r5 -> 1.2.5-r0)
#11 1.887 (2/176) Upgrading libcrypto3 (3.1.4-r2 -> 3.2.1-r1)
#11 1.919 (3/176) Upgrading libssl3 (3.1.4-r2 -> 3.2.1-r1)
#11 1.936 (4/176) Upgrading zlib (1.3-r2 -> 1.3.1-r0)
#11 1.951 (5/176) Installing ncurses-terminfo-base (6.4_p20240309-r0)
#11 1.966 (6/176) Installing libncursesw (6.4_p20240309-r0)
#11 1.981 (7/176) Installing readline (8.2.10-r0)
#11 1.995 (8/176) Installing bash (5.2.26-r0)
#11 2.016 Executing bash-5.2.26-r0.post-install
#11 2.020 (9/176) Installing m4 (1.4.19-r3)
#11 2.034 (10/176) Installing bison (3.8.2-r1)
#11 2.056 (11/176) Installing coreutils-env (9.5-r0)
#11 2.068 (12/176) Installing coreutils-fmt (9.5-r0)
#11 2.080 (13/176) Installing coreutils-sha512sum (9.5-r0)
#11 2.093 (14/176) Installing libacl (2.3.2-r0)
#11 2.105 (15/176) Installing libattr (2.5.2-r0)
#11 2.119 (16/176) Installing skalibs (2.14.1.1-r0)
#11 2.132 (17/176) Installing utmps-libs (0.1.2.2-r1)
#11 2.144 (18/176) Installing coreutils (9.5-r0)
#11 2.168 (19/176) Installing diffutils (3.10-r0)
#11 2.183 (20/176) Installing zstd-libs (1.5.6-r0)
#11 2.201 (21/176) Installing libelf (0.191-r0)
#11 2.214 (22/176) Installing libbz2 (1.0.8-r6)
#11 2.226 (23/176) Installing musl-fts (1.2.7-r6)
#11 2.240 (24/176) Installing xz-libs (5.6.1-r2)
#11 2.256 (25/176) Installing libdw (0.191-r0)
#11 2.272 (26/176) Installing libasm (0.191-r0)
#11 2.284 (27/176) Installing libintl (0.22.5-r0)
#11 2.296 (28/176) Installing xz (5.6.1-r2)
#11 2.317 (29/176) Installing pkgconf (2.2.0-r0)
#11 2.330 (30/176) Installing xz-dev (5.6.1-r2)
#11 2.344 (31/176) Installing libgcc (13.2.1_git20240309-r0)
#11 2.357 (32/176) Installing libstdc++ (13.2.1_git20240309-r0)
#11 2.383 (33/176) Installing zstd (1.5.6-r0)
#11 2.398 (34/176) Installing zstd-dev (1.5.6-r0)
#11 2.412 (35/176) Installing zlib-dev (1.3.1-r0)
#11 2.425 (36/176) Installing elfutils-dev (0.191-r0)
#11 2.447 (37/176) Installing libmagic (5.45-r1)
#11 2.480 (38/176) Installing file (5.45-r1)
#11 2.492 (39/176) Installing findutils (4.9.0-r5)
#11 2.507 (40/176) Installing flex (2.6.4-r6)
#11 2.521 (41/176) Installing jansson (2.14-r4)
#11 2.534 (42/176) Installing binutils (2.42-r0)
#11 2.590 (43/176) Installing libgomp (13.2.1_git20240309-r0)
#11 2.605 (44/176) Installing libatomic (13.2.1_git20240309-r0)
#11 2.617 (45/176) Installing gmp (6.3.0-r0)
#11 2.632 (46/176) Installing isl26 (0.26-r1)
#11 2.656 (47/176) Installing mpfr4 (4.2.1-r0)
#11 2.674 (48/176) Installing mpc1 (1.3.1-r1)
#11 2.687 (49/176) Installing gcc (13.2.1_git20240309-r0)
#11 3.146 (50/176) Installing ca-certificates (20240226-r0)
#11 3.169 (51/176) Installing brotli-libs (1.1.0-r1)
#11 3.187 (52/176) Installing c-ares (1.27.0-r0)
#11 3.200 (53/176) Installing libunistring (1.2-r0)
#11 3.220 (54/176) Installing libidn2 (2.3.7-r0)
#11 3.234 (55/176) Installing nghttp2-libs (1.60.0-r0)
#11 3.247 (56/176) Installing libpsl (0.21.5-r1)
#11 3.259 (57/176) Installing libcurl (8.7.1-r0)
#11 3.276 (58/176) Installing libexpat (2.6.2-r0)
#11 3.289 (59/176) Installing pcre2 (10.43-r0)
#11 3.307 (60/176) Installing git (2.44.0-r1)
#11 3.356 (61/176) Installing git-init-template (2.44.0-r1)
#11 3.369 (62/176) Installing libcap2 (2.69-r1)
#11 3.382 (63/176) Installing libmnl (1.0.5-r2)
#11 3.394 (64/176) Installing iproute2-minimal (6.8.0-r0)
#11 3.412 (65/176) Installing libxtables (1.8.10-r3)
#11 3.425 (66/176) Installing iproute2-tc (6.8.0-r0)
#11 3.442 (67/176) Installing iproute2-ss (6.8.0-r0)
#11 3.455 (68/176) Installing iproute2 (6.8.0-r0)
#11 3.472 Executing iproute2-6.8.0-r0.post-install
#11 3.476 (69/176) Installing linux-headers (6.6-r0)
#11 3.578 (70/176) Installing libip4tc (1.8.10-r3)
#11 3.594 (71/176) Installing libip6tc (1.8.10-r3)
#11 3.606 (72/176) Installing libipq (1.8.10-r3)
#11 3.628 (73/176) Installing iptables-dev (1.8.10-r3)
#11 3.641 (74/176) Installing oniguruma (6.9.9-r0)
#11 3.662 (75/176) Installing jq (1.7.1-r0)
#11 3.679 (76/176) Installing kmod (31-r4)
#11 3.693 (77/176) Installing libbpf (1.4.0-r0)
#11 3.708 (78/176) Installing libbpf-dev (1.4.0-r0)
#11 3.728 (79/176) Installing libcap-dev (2.69-r1)
#11 3.740 (80/176) Installing libmnl-dev (1.0.5-r2)
#11 3.752 (81/176) Installing make (4.4.1-r2)
#11 3.767 (82/176) Installing musl-dev (1.2.5-r0)
#11 3.832 (83/176) Installing openssl-dev (3.2.1-r1)
#11 3.862 (84/176) Installing perl (5.38.2-r0)
#11 4.059 (85/176) Installing perl-error (0.17029-r2)
#11 4.072 (86/176) Installing perl-git (2.44.0-r1)
#11 4.085 (87/176) Installing git-perl (2.44.0-r1)
#11 4.097 (88/176) Installing libffi (3.4.6-r0)
#11 4.110 (89/176) Installing gdbm (1.23-r1)
#11 4.122 (90/176) Installing mpdecimal (4.0.0-r0)
#11 4.137 (91/176) Installing libpanelw (6.4_p20240309-r0)
#11 4.149 (92/176) Installing sqlite-libs (3.45.2-r0)
#11 4.170 (93/176) Installing python3 (3.11.8-r0)
#11 4.309 (94/176) Installing python3-pycache-pyc0 (3.11.8-r0)
#11 4.413 (95/176) Installing pyc (3.11.8-r0)
#11 4.425 (96/176) Installing py3-argcomplete-pyc (3.2.3-r0)
#11 4.439 (97/176) Installing python3-pyc (3.11.8-r0)
#11 4.450 (98/176) Installing py3-argcomplete (3.2.3-r0)
#11 4.464 (99/176) Installing py3-psutil (5.9.8-r0)
#11 4.479 (100/176) Installing py3-psutil-pyc (5.9.8-r0)
#11 4.496 (101/176) Installing py3-pyroute2 (0.7.12-r0)
#11 4.530 (102/176) Installing py3-pyroute2-pyc (0.7.12-r0)
#11 4.571 (103/176) Installing py3-certifi (2024.2.2-r0)
#11 4.583 (104/176) Installing py3-certifi-pyc (2024.2.2-r0)
#11 4.595 (105/176) Installing py3-charset-normalizer (3.3.2-r0)
#11 4.609 (106/176) Installing py3-charset-normalizer-pyc (3.3.2-r0)
#11 4.623 (107/176) Installing py3-idna (3.6-r0)
#11 4.640 (108/176) Installing py3-idna-pyc (3.6-r0)
#11 4.654 (109/176) Installing py3-urllib3 (1.26.18-r0)
#11 4.688 (110/176) Installing py3-urllib3-pyc (1.26.18-r0)
#11 4.708 (111/176) Installing py3-requests (2.31.0-r1)
#11 4.722 (112/176) Installing py3-requests-pyc (2.31.0-r1)
#11 4.740 (113/176) Installing py3-parsing (3.1.2-r0)
#11 4.755 (114/176) Installing py3-parsing-pyc (3.1.2-r0)
#11 4.772 (115/176) Installing py3-packaging (24.0-r0)
#11 4.786 (116/176) Installing py3-packaging-pyc (24.0-r0)
#11 4.800 (117/176) Installing py3-setuptools (69.2.0-r0)
#11 4.841 (118/176) Installing py3-setuptools-pyc (69.2.0-r0)
#11 4.883 (119/176) Installing libcap-ng (0.8.4-r0)
#11 4.895 (120/176) Installing libblkid (2.39.3-r1)
#11 4.909 (121/176) Installing libmount (2.39.3-r1)
#11 4.923 (122/176) Installing glib (2.80.0-r2)
#11 4.958 (123/176) Installing numactl (2.0.18-r0)
#11 4.970 (124/176) Installing qemu (8.2.2-r0)
#11 5.074 Executing qemu-8.2.2-r0.pre-install
#11 5.201 Executing qemu-8.2.2-r0.post-install
#11 5.204 *
#11 5.204 * If you want to run VM as unprivileged user and let Qemu create tunX devices,
#11 5.204 * then you must add that user to the group "qemu".
#11 5.204 * If you use KVM for hardware-assisted virtualization, then you may also need
#11 5.204 * to add that user to the group "kvm".
#11 5.204 *
#11 5.204 (125/176) Installing qemu-bridge-helper (8.2.2-r0)
#11 5.221 (126/176) Installing libaio (0.3.113-r2)
#11 5.233 (127/176) Installing capstone (5.0.1-r3)
#11 5.262 (128/176) Installing nettle (3.9.1-r0)
#11 5.279 (129/176) Installing libtasn1 (4.19.0-r2)
#11 5.292 (130/176) Installing p11-kit (0.25.3-r0)
#11 5.335 (131/176) Installing gnutls (3.8.3-r0)
#11 5.358 (132/176) Installing libjpeg-turbo (3.0.2-r0)
#11 5.374 (133/176) Installing lzo (2.10-r5)
#11 5.388 (134/176) Installing pixman (0.43.2-r0)
#11 5.404 (135/176) Installing libpng (1.6.43-r0)
#11 5.419 (136/176) Installing libsasl (2.1.28-r6)
#11 5.432 (137/176) Installing libseccomp (2.5.5-r0)
#11 5.446 (138/176) Installing libslirp (4.7.0-r0)
#11 5.459 (139/176) Installing snappy (1.1.10-r2)
#11 5.472 (140/176) Installing liburing (2.5-r1)
#11 5.484 (141/176) Installing vde2-libs (2.3.3-r1)
#11 5.496 (142/176) Installing qemu-system-x86_64 (8.2.2-r0)
#11 5.606 (143/176) Installing lz4-libs (1.9.4-r5)
#11 5.619 (144/176) Installing popt (1.19-r3)
#11 5.636 (145/176) Installing libxxhash (0.8.2-r2)
#11 5.648 (146/176) Installing rsync (3.2.7-r4)
#11 5.664 (147/176) Installing scapy (2.5.0-r1)
#11 5.728 Executing scapy-2.5.0-r1.post-install
#11 5.730 *
#11 5.730 * Certain optional features of scapy also depend on the following packages:
#11 5.730 *     py3-matplotlib graphviz imagemagick py3-cryptography sox
#11 5.730 * And the following unpackaged dependencies:
#11 5.730 *     pyxi vpython-jupyter nmap<v4.23
#11 5.730 * More information can be found at https://scapy.readthedocs.io/en/latest/installation.html#optional-dependencies
#11 5.730 *
#11 5.730 (148/176) Installing scapy-pyc (2.5.0-r1)
#11 5.793 (149/176) Installing util-linux (2.39.3-r1)
#11 5.804 (150/176) Installing setarch (2.39.3-r1)
#11 5.816 (151/176) Installing libuuid (2.39.3-r1)
#11 5.829 (152/176) Installing libfdisk (2.39.3-r1)
#11 5.843 (153/176) Installing libsmartcols (2.39.3-r1)
#11 5.855 (154/176) Installing util-linux-misc (2.39.3-r1)
#11 5.883 (155/176) Installing libeconf (0.6.2-r0)
#11 5.896 (156/176) Installing linux-pam (1.6.0-r0)
#11 5.916 (157/176) Installing runuser (2.39.3-r1)
#11 5.928 (158/176) Installing mount (2.39.3-r1)
#11 5.940 (159/176) Installing losetup (2.39.3-r1)
#11 5.953 (160/176) Installing hexdump (2.39.3-r1)
#11 5.966 (161/176) Installing uuidgen (2.39.3-r1)
#11 5.978 (162/176) Installing blkid (2.39.3-r1)
#11 5.990 (163/176) Installing sfdisk (2.39.3-r1)
#11 6.003 (164/176) Installing mcookie (2.39.3-r1)
#11 6.015 (165/176) Installing agetty (2.39.3-r1)
#11 6.031 (166/176) Installing wipefs (2.39.3-r1)
#11 6.043 (167/176) Installing cfdisk (2.39.3-r1)
#11 6.055 (168/176) Installing umount (2.39.3-r1)
#11 6.067 (169/176) Installing flock (2.39.3-r1)
#11 6.079 (170/176) Installing lsblk (2.39.3-r1)
#11 6.092 (171/176) Installing setpriv (2.39.3-r1)
#11 6.103 (172/176) Installing logger (2.39.3-r1)
#11 6.115 (173/176) Installing partx (2.39.3-r1)
#11 6.127 (174/176) Installing fstrim (2.39.3-r1)
#11 6.139 (175/176) Installing findmnt (2.39.3-r1)
#11 6.151 (176/176) Installing virtme-ng@testing (1.23-r0)
#11 6.206 Executing busybox-1.36.1-r17.trigger
#11 6.212 Executing ca-certificates-20240226-r0.trigger
#11 6.238 Executing glib-2.80.0-r2.trigger
#11 6.244 OK: 386 MiB in 187 packages
#11 DONE 6.6s

#12 [ 8/23] RUN mkdir -p /tmp/kernel-patches &&     mkdir -p /tmp/iproute2-patches
#12 DONE 0.3s

#13 [ 9/23] COPY tdc.config /tmp
#13 DONE 0.0s

#14 [10/23] COPY tdc-debug.config /tmp
#14 DONE 0.0s

#15 [11/23] COPY kernel-patches /tmp/kernel-patches/
#15 DONE 0.1s

#16 [12/23] COPY iproute2-patches /tmp/iproute2-patches/
#16 DONE 0.0s

#17 [13/23] COPY configs /tmp/configs/
#17 DONE 0.0s

#18 [14/23] RUN git config --global user.email foo@bar.com
#18 DONE 0.4s

#19 [15/23] RUN git config --global user.name foo@bar.com
#19 DONE 0.4s

#20 [16/23] RUN git clone https://git.kernel.org/pub/scm/network/iproute2/iproute2-next.git /nipa-data/iproute2
#20 0.403 Cloning into '/nipa-data/iproute2'...
#20 DONE 1.8s

#21 [17/23] RUN cd /nipa-data/iproute2 && 	git remote add stable https://git.kernel.org/pub/scm/network/iproute2/iproute2.git && 	git fetch --all && 	git merge stable/main
#21 0.392 Fetching origin
#21 0.670 Fetching stable
#21 1.203 From https://git.kernel.org/pub/scm/network/iproute2/iproute2
#21 1.203  * [new branch]        codeql         -> stable/codeql
#21 1.203  * [new branch]        iproute2-4.1.x -> stable/iproute2-4.1.x
#21 1.203  * [new branch]        main           -> stable/main
#21 1.211  * [new tag]           v6.8.0         -> v6.8.0
#21 1.273 Merge made by the 'ort' strategy.
#21 1.294  Makefile                       |  2 +-
#21 1.294  README                         | 13 +++++++
#21 1.294  bridge/bridge.c                |  2 +-
#21 1.294  include/version.h              |  2 +-
#21 1.294  ip/ipila.c                     |  4 +-
#21 1.294  ip/iptuntap.c                  |  5 +--
#21 1.294  lib/rt_names.c                 | 43 ++++++++++-----------
#21 1.294  man/man8/bridge.8              |  6 +++
#21 1.294  man/man8/ip-netns.8.in         |  2 +-
#21 1.294  man/man8/ip.8                  | 33 +++++++++++++++-
#21 1.294  man/man8/tc-mirred.8           |  2 +-
#21 1.294  man/man8/tc-simple.8           | 12 +++---
#21 1.294  misc/arpd.c                    | 11 +++++-
#21 1.294  misc/ifstat.c                  | 11 ++++--
#21 1.294  misc/ss.c                      | 17 ++++++++-
#21 1.294  tc/e_bpf.c                     |  2 +-
#21 1.294  tc/f_basic.c                   |  4 +-
#21 1.294  tc/f_bpf.c                     |  4 +-
#21 1.294  tc/f_cgroup.c                  |  4 +-
#21 1.294  tc/f_flow.c                    |  4 +-
#21 1.294  tc/f_flower.c                  |  4 +-
#21 1.294  tc/f_fw.c                      |  4 +-
#21 1.294  tc/f_matchall.c                |  4 +-
#21 1.294  tc/f_route.c                   |  4 +-
#21 1.294  tc/f_u32.c                     |  6 +--
#21 1.294  tc/m_action.c                  |  6 +--
#21 1.294  tc/m_bpf.c                     |  4 +-
#21 1.294  tc/m_connmark.c                |  4 +-
#21 1.294  tc/m_csum.c                    |  4 +-
#21 1.294  tc/m_ct.c                      |  4 +-
#21 1.294  tc/m_ctinfo.c                  |  4 +-
#21 1.294  tc/m_gact.c                    |  4 +-
#21 1.294  tc/m_gate.c                    |  8 ++--
#21 1.294  tc/m_ife.c                     |  4 +-
#21 1.294  tc/m_mirred.c                  |  6 +--
#21 1.294  tc/m_mpls.c                    |  4 +-
#21 1.294  tc/m_nat.c                     |  4 +-
#21 1.294  tc/m_pedit.c                   | 10 ++---
#21 1.294  tc/m_police.c                  |  8 ++--
#21 1.294  tc/m_sample.c                  |  4 +-
#21 1.294  tc/m_simple.c                  | 12 +++---
#21 1.294  tc/m_skbedit.c                 |  4 +-
#21 1.294  tc/m_skbmod.c                  | 41 +++++++++++---------
#21 1.294  tc/m_tunnel_key.c              |  4 +-
#21 1.294  tc/m_vlan.c                    |  4 +-
#21 1.294  tc/q_cake.c                    |  6 +--
#21 1.294  tc/q_cbs.c                     |  4 +-
#21 1.294  tc/q_choke.c                   |  6 +--
#21 1.294  tc/q_clsact.c                  |  4 +-
#21 1.294  tc/q_codel.c                   |  6 +--
#21 1.294  tc/q_drr.c                     |  8 ++--
#21 1.294  tc/q_etf.c                     |  4 +-
#21 1.294  tc/q_ets.c                     |  8 ++--
#21 1.294  tc/q_fifo.c                    |  4 +-
#21 1.294  tc/q_fq.c                      |  6 +--
#21 1.294  tc/q_fq_codel.c                |  6 +--
#21 1.294  tc/q_fq_pie.c                  |  6 +--
#21 1.294  tc/q_gred.c                    |  6 +--
#21 1.294  tc/q_hfsc.c                    | 10 ++---
#21 1.294  tc/q_hhf.c                     |  6 +--
#21 1.294  tc/q_htb.c                     |  8 ++--
#21 1.294  tc/q_ingress.c                 |  4 +-
#21 1.294  tc/q_mqprio.c                  |  4 +-
#21 1.294  tc/q_multiq.c                  |  4 +-
#21 1.294  tc/q_netem.c                   | 86 +++++++++++++++++++++++-------------------
#21 1.294  tc/q_pie.c                     |  6 +--
#21 1.294  tc/q_plug.c                    |  4 +-
#21 1.294  tc/q_prio.c                    |  4 +-
#21 1.294  tc/q_qfq.c                     |  6 +--
#21 1.294  tc/q_red.c                     |  8 ++--
#21 1.294  tc/q_sfb.c                     |  6 +--
#21 1.294  tc/q_sfq.c                     |  6 +--
#21 1.294  tc/q_skbprio.c                 |  4 +-
#21 1.294  tc/q_taprio.c                  |  6 +--
#21 1.294  tc/q_tbf.c                     |  4 +-
#21 1.294  tc/tc.c                        | 12 +++---
#21 1.294  tc/tc_class.c                  |  6 +--
#21 1.294  tc/tc_core.c                   | 15 ++------
#21 1.294  tc/tc_core.h                   |  2 -
#21 1.294  tc/tc_exec.c                   |  2 +-
#21 1.294  tc/tc_filter.c                 |  6 +--
#21 1.294  tc/tc_qdisc.c                  |  6 +--
#21 1.294  tc/tc_util.c                   | 33 ++++++++--------
#21 1.294  tc/tc_util.h                   | 36 +++++++++---------
#21 1.294  vdpa/include/uapi/linux/vdpa.h | 17 +++++++++
#21 1.294  85 files changed, 416 insertions(+), 317 deletions(-)
#21 DONE 1.3s

#22 [18/23] RUN if [ "$(find /tmp/iproute2-patches/ -name *.patch)" ]; then  	cd /nipa-data/iproute2; 	git apply /tmp/iproute2-patches/*.patch;     fi
#22 DONE 0.4s

#23 [19/23] RUN cd /nipa-data/iproute2/ &&     ./configure &&     make
#23 0.394 TC schedulers
#23 0.395  IPT	using xtables
#23 0.422  IPSET  yes
#23 0.444 
#23 0.444 lib directory: /usr/lib
#23 0.444 libc has setns: yes
#23 0.464 libc has name_to_handle_at: yes
#23 0.485 SELinux support: no
#23 0.486 libtirpc support: no
#23 0.487 libbpf support: yes
#23 0.557 	libbpf version 1.4.0
#23 0.557 ELF support: yes
#23 0.559 libmnl support: yes
#23 0.561 Berkeley DB: no
#23 0.570 need for strlcpy: no
#23 0.590 libcap support: yes
#23 0.592 color output: never
#23 0.594 
#23 0.594 lib
#23 0.596     CC       libgenl.o
#23 0.635     CC       libnetlink.o
#23 0.928     CC       mnl_utils.o
#23 1.002     AR       libnetlink.a
#23 1.004     CC       utils.o
#23 1.366     CC       utils_math.o
#23 1.405     CC       rt_names.o
#23 1.559     CC       ll_map.o
#23 1.648     CC       ll_types.o
#23 1.660 In file included from ll_types.c:20:
#23 1.660 ../include/uapi/linux/sockios.h:42: warning: "SIOCGSTAMP" redefined
#23 1.660    42 | #define SIOCGSTAMP      SIOCGSTAMP_OLD
#23 1.660       | 
#23 1.660 In file included from /usr/include/sys/ioctl.h:10,
#23 1.660                  from ll_types.c:12:
#23 1.660 /usr/include/bits/ioctl.h:111: note: this is the location of the previous definition
#23 1.660   111 | #define SIOCGSTAMP      0x8906
#23 1.660       | 
#23 1.660 ../include/uapi/linux/sockios.h:43: warning: "SIOCGSTAMPNS" redefined
#23 1.660    43 | #define SIOCGSTAMPNS    SIOCGSTAMPNS_OLD
#23 1.660       | 
#23 1.660 /usr/include/bits/ioctl.h:112: note: this is the location of the previous definition
#23 1.660   112 | #define SIOCGSTAMPNS    0x8907
#23 1.660       | 
#23 1.675     CC       ll_proto.o
#23 1.692 In file included from ll_proto.c:21:
#23 1.692 ../include/uapi/linux/sockios.h:42: warning: "SIOCGSTAMP" redefined
#23 1.692    42 | #define SIOCGSTAMP      SIOCGSTAMP_OLD
#23 1.692       | 
#23 1.692 In file included from /usr/include/sys/ioctl.h:10,
#23 1.692                  from ll_proto.c:13:
#23 1.692 /usr/include/bits/ioctl.h:111: note: this is the location of the previous definition
#23 1.692   111 | #define SIOCGSTAMP      0x8906
#23 1.692       | 
#23 1.692 ../include/uapi/linux/sockios.h:43: warning: "SIOCGSTAMPNS" redefined
#23 1.692    43 | #define SIOCGSTAMPNS    SIOCGSTAMPNS_OLD
#23 1.692       | 
#23 1.692 /usr/include/bits/ioctl.h:112: note: this is the location of the previous definition
#23 1.692   112 | #define SIOCGSTAMPNS    0x8907
#23 1.692       | 
#23 1.707     CC       ll_addr.o
#23 1.719 In file included from ll_addr.c:20:
#23 1.719 ../include/uapi/linux/sockios.h:42: warning: "SIOCGSTAMP" redefined
#23 1.719    42 | #define SIOCGSTAMP      SIOCGSTAMP_OLD
#23 1.719       | 
#23 1.719 In file included from /usr/include/sys/ioctl.h:10,
#23 1.719                  from ll_addr.c:12:
#23 1.719 /usr/include/bits/ioctl.h:111: note: this is the location of the previous definition
#23 1.719   111 | #define SIOCGSTAMP      0x8906
#23 1.719       | 
#23 1.719 ../include/uapi/linux/sockios.h:43: warning: "SIOCGSTAMPNS" redefined
#23 1.719    43 | #define SIOCGSTAMPNS    SIOCGSTAMPNS_OLD
#23 1.719       | 
#23 1.719 /usr/include/bits/ioctl.h:112: note: this is the location of the previous definition
#23 1.719   112 | #define SIOCGSTAMPNS    0x8907
#23 1.719       | 
#23 1.745     CC       inet_proto.o
#23 1.772     CC       namespace.o
#23 1.827     CC       json_writer.o
#23 1.913     CC       json_print.o
#23 2.040     CC       json_print_math.o
#23 2.070     CC       names.o
#23 2.113     CC       color.o
#23 2.151     CC       bpf_legacy.o
#23 2.493     CC       bpf_glue.o
#23 2.529     CC       exec.o
#23 2.558     CC       fs.o
#23 2.617     CC       cg_map.o
#23 2.652     CC       ppp_proto.o
#23 2.675     CC       bpf_libbpf.o
#23 2.747     CC       selinux.o
#23 2.769     CC       ax25_ntop.o
#23 2.796     CC       rose_ntop.o
#23 2.808 In file included from rose_ntop.c:16:
#23 2.808 ../include/uapi/linux/sockios.h:42: warning: "SIOCGSTAMP" redefined
#23 2.808    42 | #define SIOCGSTAMP      SIOCGSTAMP_OLD
#23 2.808       | 
#23 2.808 In file included from /usr/include/sys/ioctl.h:10,
#23 2.808                  from rose_ntop.c:7:
#23 2.808 /usr/include/bits/ioctl.h:111: note: this is the location of the previous definition
#23 2.808   111 | #define SIOCGSTAMP      0x8906
#23 2.808       | 
#23 2.808 ../include/uapi/linux/sockios.h:43: warning: "SIOCGSTAMPNS" redefined
#23 2.808    43 | #define SIOCGSTAMPNS    SIOCGSTAMPNS_OLD
#23 2.808       | 
#23 2.808 /usr/include/bits/ioctl.h:112: note: this is the location of the previous definition
#23 2.808   112 | #define SIOCGSTAMPNS    0x8907
#23 2.808       | 
#23 2.823     CC       mpls_ntop.o
#23 2.852     CC       mpls_pton.o
#23 2.882     CC       netrom_ntop.o
#23 2.904     AR       libutil.a
#23 2.908 
#23 2.908 ip
#23 2.911     CC       ip.o
#23 2.990     CC       ipaddress.o
#23 3.004 In file included from ipaddress.c:26:
#23 3.004 ../include/uapi/linux/sockios.h:42: warning: "SIOCGSTAMP" redefined
#23 3.004    42 | #define SIOCGSTAMP      SIOCGSTAMP_OLD
#23 3.004       | 
#23 3.004 In file included from /usr/include/sys/ioctl.h:10,
#23 3.004                  from ipaddress.c:14:
#23 3.004 /usr/include/bits/ioctl.h:111: note: this is the location of the previous definition
#23 3.004   111 | #define SIOCGSTAMP      0x8906
#23 3.004       | 
#23 3.004 ../include/uapi/linux/sockios.h:43: warning: "SIOCGSTAMPNS" redefined
#23 3.004    43 | #define SIOCGSTAMPNS    SIOCGSTAMPNS_OLD
#23 3.004       | 
#23 3.004 /usr/include/bits/ioctl.h:112: note: this is the location of the previous definition
#23 3.004   112 | #define SIOCGSTAMPNS    0x8907
#23 3.004       | 
#23 3.434     CC       ipaddrlabel.o
#23 3.491     CC       iproute.o
#23 4.000     CC       iprule.o
#23 4.198     CC       ipnetns.o
#23 4.380     CC       rtm_map.o
#23 4.418     CC       iptunnel.o
#23 4.430 In file included from ../include/uapi/linux/if_tunnel.h:6,
#23 4.430                  from iptunnel.c:19:
#23 4.430 ../include/uapi/linux/if.h:134: warning: "IFF_VOLATILE" redefined
#23 4.430   134 | #define IFF_VOLATILE    (IFF_LOOPBACK|IFF_POINTOPOINT|IFF_BROADCAST|IFF_ECHO|\
#23 4.430       | 
#23 4.430 In file included from iptunnel.c:16:
#23 4.430 /usr/include/net/if.h:48: note: this is the location of the previous definition
#23 4.430    48 | #define IFF_VOLATILE (IFF_LOOPBACK|IFF_POINTOPOINT|IFF_BROADCAST| \
#23 4.430       | 
#23 4.562     CC       ip6tunnel.o
#23 4.667     CC       tunnel.o
#23 4.754     CC       ipneigh.o
#23 4.899     CC       ipntable.o
#23 5.004     CC       iplink.o
#23 5.266     CC       ipmaddr.o
#23 5.278 In file included from ipmaddr.c:21:
#23 5.278 ../include/uapi/linux/sockios.h:42: warning: "SIOCGSTAMP" redefined
#23 5.278    42 | #define SIOCGSTAMP      SIOCGSTAMP_OLD
#23 5.278       | 
#23 5.278 In file included from /usr/include/sys/ioctl.h:10,
#23 5.278                  from ipmaddr.c:12:
#23 5.278 /usr/include/bits/ioctl.h:111: note: this is the location of the previous definition
#23 5.278   111 | #define SIOCGSTAMP      0x8906
#23 5.278       | 
#23 5.278 ../include/uapi/linux/sockios.h:43: warning: "SIOCGSTAMPNS" redefined
#23 5.278    43 | #define SIOCGSTAMPNS    SIOCGSTAMPNS_OLD
#23 5.278       | 
#23 5.278 /usr/include/bits/ioctl.h:112: note: this is the location of the previous definition
#23 5.278   112 | #define SIOCGSTAMPNS    0x8907
#23 5.278       | 
#23 5.349     CC       ipmonitor.o
#23 5.418     CC       ipmroute.o
#23 5.430 In file included from ipmroute.c:22:
#23 5.430 ../include/uapi/linux/sockios.h:42: warning: "SIOCGSTAMP" redefined
#23 5.430    42 | #define SIOCGSTAMP      SIOCGSTAMP_OLD
#23 5.430       | 
#23 5.430 In file included from /usr/include/sys/ioctl.h:10,
#23 5.430                  from ipmroute.c:13:
#23 5.430 /usr/include/bits/ioctl.h:111: note: this is the location of the previous definition
#23 5.430   111 | #define SIOCGSTAMP      0x8906
#23 5.430       | 
#23 5.430 ../include/uapi/linux/sockios.h:43: warning: "SIOCGSTAMPNS" redefined
#23 5.430    43 | #define SIOCGSTAMPNS    SIOCGSTAMPNS_OLD
#23 5.430       | 
#23 5.430 /usr/include/bits/ioctl.h:112: note: this is the location of the previous definition
#23 5.430   112 | #define SIOCGSTAMPNS    0x8907
#23 5.430       | 
#23 5.494     CC       ipprefix.o
#23 5.523     CC       iptuntap.o
#23 5.624     CC       iptoken.o
#23 5.675     CC       ipxfrm.o
#23 5.973     CC       xfrm_state.o
#23 6.227     CC       xfrm_policy.o
#23 6.464     CC       xfrm_monitor.o
#23 6.538     CC       iplink_dummy.o
#23 6.559     CC       iplink_ifb.o
#23 6.579     CC       iplink_nlmon.o
#23 6.601     CC       iplink_team.o
#23 6.622     CC       iplink_vcan.o
#23 6.643     CC       iplink_vxcan.o
#23 6.670     CC       iplink_vlan.o
#23 6.736     CC       link_veth.o
#23 6.763     CC       link_gre.o
#23 6.773 In file included from ../include/uapi/linux/if_tunnel.h:6,
#23 6.773                  from link_gre.c:15:
#23 6.773 ../include/uapi/linux/if.h:134: warning: "IFF_VOLATILE" redefined
#23 6.773   134 | #define IFF_VOLATILE    (IFF_LOOPBACK|IFF_POINTOPOINT|IFF_BROADCAST|IFF_ECHO|\
#23 6.773       | 
#23 6.773 In file included from link_gre.c:9:
#23 6.773 /usr/include/net/if.h:48: note: this is the location of the previous definition
#23 6.773    48 | #define IFF_VOLATILE (IFF_LOOPBACK|IFF_POINTOPOINT|IFF_BROADCAST| \
#23 6.773       | 
#23 6.875     CC       iplink_can.o
#23 7.033     CC       iplink_xdp.o
#23 7.091     CC       iplink_macvlan.o
#23 7.157     CC       ipl2tp.o
#23 7.307     CC       link_vti.o
#23 7.317 In file included from ../include/uapi/linux/if_tunnel.h:6,
#23 7.317                  from link_vti.c:16:
#23 7.317 ../include/uapi/linux/if.h:134: warning: "IFF_VOLATILE" redefined
#23 7.317   134 | #define IFF_VOLATILE    (IFF_LOOPBACK|IFF_POINTOPOINT|IFF_BROADCAST|IFF_ECHO|\
#23 7.317       | 
#23 7.317 In file included from link_vti.c:10:
#23 7.317 /usr/include/net/if.h:48: note: this is the location of the previous definition
#23 7.317    48 | #define IFF_VOLATILE (IFF_LOOPBACK|IFF_POINTOPOINT|IFF_BROADCAST| \
#23 7.317       | 
#23 7.361     CC       link_vti6.o
#23 7.371 In file included from ../include/uapi/linux/if_tunnel.h:6,
#23 7.371                  from link_vti6.c:17:
#23 7.371 ../include/uapi/linux/if.h:134: warning: "IFF_VOLATILE" redefined
#23 7.371   134 | #define IFF_VOLATILE    (IFF_LOOPBACK|IFF_POINTOPOINT|IFF_BROADCAST|IFF_ECHO|\
#23 7.371       | 
#23 7.371 In file included from link_vti6.c:11:
#23 7.371 /usr/include/net/if.h:48: note: this is the location of the previous definition
#23 7.371    48 | #define IFF_VOLATILE (IFF_LOOPBACK|IFF_POINTOPOINT|IFF_BROADCAST| \
#23 7.371       | 
#23 7.416     CC       link_xfrm.o
#23 7.452     CC       iplink_vxlan.o
#23 7.609     CC       tcp_metrics.o
#23 7.710     CC       iplink_ipoib.o
#23 7.755     CC       ipnetconf.o
#23 7.807     CC       link_ip6tnl.o
#23 7.818 In file included from ../include/uapi/linux/if_tunnel.h:6,
#23 7.818                  from link_ip6tnl.c:15:
#23 7.818 ../include/uapi/linux/if.h:134: warning: "IFF_VOLATILE" redefined
#23 7.818   134 | #define IFF_VOLATILE    (IFF_LOOPBACK|IFF_POINTOPOINT|IFF_BROADCAST|IFF_ECHO|\
#23 7.818       | 
#23 7.818 In file included from link_ip6tnl.c:9:
#23 7.818 /usr/include/net/if.h:48: note: this is the location of the previous definition
#23 7.818    48 | #define IFF_VOLATILE (IFF_LOOPBACK|IFF_POINTOPOINT|IFF_BROADCAST| \
#23 7.818       | 
#23 7.902     CC       link_iptnl.o
#23 7.913 In file included from ../include/uapi/linux/if_tunnel.h:6,
#23 7.913                  from link_iptnl.c:16:
#23 7.913 ../include/uapi/linux/if.h:134: warning: "IFF_VOLATILE" redefined
#23 7.913   134 | #define IFF_VOLATILE    (IFF_LOOPBACK|IFF_POINTOPOINT|IFF_BROADCAST|IFF_ECHO|\
#23 7.913       | 
#23 7.913 In file included from link_iptnl.c:9:
#23 7.913 /usr/include/net/if.h:48: note: this is the location of the previous definition
#23 7.913    48 | #define IFF_VOLATILE (IFF_LOOPBACK|IFF_POINTOPOINT|IFF_BROADCAST| \
#23 7.913       | 
#23 8.000     CC       link_gre6.o
#23 8.011 In file included from ../include/uapi/linux/if_tunnel.h:6,
#23 8.011                  from link_gre6.c:15:
#23 8.011 ../include/uapi/linux/if.h:134: warning: "IFF_VOLATILE" redefined
#23 8.011   134 | #define IFF_VOLATILE    (IFF_LOOPBACK|IFF_POINTOPOINT|IFF_BROADCAST|IFF_ECHO|\
#23 8.011       | 
#23 8.011 In file included from link_gre6.c:9:
#23 8.011 /usr/include/net/if.h:48: note: this is the location of the previous definition
#23 8.011    48 | #define IFF_VOLATILE (IFF_LOOPBACK|IFF_POINTOPOINT|IFF_BROADCAST| \
#23 8.011       | 
#23 8.127     CC       iplink_bond.o
#23 8.296     CC       iplink_bond_slave.o
#23 8.349     CC       iplink_hsr.o
#23 8.395     CC       iplink_bridge.o
#23 8.546     CC       iplink_bridge_slave.o
#23 8.647     CC       iplink_dsa.o
#23 8.678     CC       ipfou.o
#23 8.753     CC       iplink_ipvlan.o
#23 8.792     CC       iplink_geneve.o
#23 8.881     CC       iplink_vrf.o
#23 8.928     CC       iproute_lwtunnel.o
#23 9.322     CC       ipmacsec.o
#23 9.563     CC       ipila.o
#23 9.642     CC       ipvrf.o
#23 9.756     CC       iplink_xstats.o
#23 9.785     CC       ipseg6.o
#23 9.837     CC       iplink_netdevsim.o
#23 9.859     CC       iplink_rmnet.o
#23 9.890     CC       ipnexthop.o
#23 10.13     CC       ipmptcp.o
#23 10.26     CC       iplink_bareudp.o
#23 10.31     CC       iplink_wwan.o
#23 10.35     CC       ipioam6.o
#23 10.42     CC       iplink_amt.o
#23 10.47     CC       iplink_batadv.o
#23 10.50     CC       iplink_gtp.o
#23 10.54     CC       iplink_virt_wifi.o
#23 10.57     CC       iplink_netkit.o
#23 10.61     CC       ipstats.o
#23 10.82     LINK     ip
#23 10.86     CC       rtmon.o
#23 10.91     LINK     rtmon
#23 10.92 
#23 10.92 tc
#23 10.92     CC       tc.o
#23 11.01     CC       tc_qdisc.o
#23 11.12     CC       tc_class.o
#23 11.23     CC       tc_filter.o
#23 11.39     CC       tc_util.o
#23 11.57     CC       tc_monitor.o
#23 11.61     CC       tc_exec.o
#23 11.64     CC       m_police.o
#23 11.73     CC       m_estimator.o
#23 11.76     CC       m_action.o
#23 11.91     CC       m_ematch.o
#23 12.03     YACC     emp_ematch.tab.c
#23 12.09     CC       emp_ematch.tab.o
#23 12.19     LEX      emp_ematch.lex.c
#23 12.20     CC       emp_ematch.lex.o
#23 12.38     CC       q_fifo.o
#23 12.43     CC       q_sfq.o
#23 12.51     CC       q_red.o
#23 12.58     CC       q_prio.o
#23 12.62     CC       q_skbprio.o
#23 12.66     CC       q_tbf.o
#23 12.75     CC       q_multiq.o
#23 12.79     CC       q_netem.o
#23 13.00     CC       q_choke.o
#23 13.06     CC       q_sfb.o
#23 13.12     CC       f_u32.o
#23 13.38     CC       f_route.o
#23 13.44     CC       f_fw.o
#23 13.49     CC       f_basic.o
#23 13.53     CC       f_bpf.o
#23 13.61     CC       f_flow.o
#23 13.70     CC       f_cgroup.o
#23 13.73     CC       f_flower.o
#23 13.74 In file included from ../include/uapi/linux/netdevice.h:29,
#23 13.74                  from ../include/uapi/linux/if_arp.h:27,
#23 13.74                  from f_flower.c:14:
#23 13.74 ../include/uapi/linux/if.h:134: warning: "IFF_VOLATILE" redefined
#23 13.74   134 | #define IFF_VOLATILE    (IFF_LOOPBACK|IFF_POINTOPOINT|IFF_BROADCAST|IFF_ECHO|\
#23 13.74       | 
#23 13.74 In file included from f_flower.c:12:
#23 13.74 /usr/include/net/if.h:48: note: this is the location of the previous definition
#23 13.74    48 | #define IFF_VOLATILE (IFF_LOOPBACK|IFF_POINTOPOINT|IFF_BROADCAST| \
#23 13.74       | 
#23 14.23     CC       q_gred.o
#23 14.33     CC       q_ingress.o
#23 14.36     CC       q_hfsc.o
#23 14.46     CC       q_htb.o
#23 14.55     CC       q_drr.o
#23 14.59     CC       q_qfq.o
#23 14.63     CC       m_gact.o
#23 14.68     CC       m_mirred.o
#23 14.77     CC       m_mpls.o
#23 14.84     CC       m_nat.o
#23 14.89     CC       m_pedit.o
#23 15.03     CC       m_ife.o
#23 15.10     CC       m_skbedit.o
#23 15.19     CC       m_skbmod.o
#23 15.25     CC       m_csum.o
#23 15.31     CC       m_simple.o
#23 15.36     CC       m_vlan.o
#23 15.42     CC       m_connmark.o
#23 15.46     CC       m_ctinfo.o
#23 15.53     CC       m_bpf.o
#23 15.58     CC       m_tunnel_key.o
#23 15.70     CC       m_sample.o
#23 15.75     CC       m_ct.o
#23 15.85     CC       m_gate.o
#23 15.94     CC       p_ip.o
#23 15.99     CC       p_ip6.o
#23 16.02     CC       p_icmp.o
#23 16.05     CC       p_eth.o
#23 16.08     CC       p_tcp.o
#23 16.11     CC       p_udp.o
#23 16.14     CC       em_nbyte.o
#23 16.19     CC       em_cmp.o
#23 16.24     CC       em_u32.o
#23 16.31     CC       em_canid.o
#23 16.36     CC       em_meta.o
#23 16.46     CC       q_mqprio.o
#23 16.57     CC       q_codel.o
#23 16.63     CC       q_fq_codel.o
#23 16.70     CC       q_fq.o
#23 16.82     CC       q_pie.o
#23 16.90     CC       q_fq_pie.o
#23 16.98     CC       q_cake.o
#23 17.17     CC       q_hhf.o
#23 17.23     CC       q_clsact.o
#23 17.25     CC       e_bpf.o
#23 17.31     CC       f_matchall.o
#23 17.35     CC       q_cbs.o
#23 17.40     CC       q_etf.o
#23 17.45     CC       q_taprio.o
#23 17.57     CC       q_plug.o
#23 17.60     CC       q_ets.o
#23 17.68     CC       em_ipt.o
#23 17.70 In file included from tc_util.h:7,
#23 17.70                  from m_ematch.h:11,
#23 17.70                  from em_ipt.c:13:
#23 17.70 ../include/uapi/linux/if.h:134: warning: "IFF_VOLATILE" redefined
#23 17.70   134 | #define IFF_VOLATILE    (IFF_LOOPBACK|IFF_POINTOPOINT|IFF_BROADCAST|IFF_ECHO|\
#23 17.70       | 
#23 17.70 In file included from ../include/xtables.h:17,
#23 17.70                  from em_ipt.c:12:
#23 17.70 /usr/include/net/if.h:48: note: this is the location of the previous definition
#23 17.70    48 | #define IFF_VOLATILE (IFF_LOOPBACK|IFF_POINTOPOINT|IFF_BROADCAST| \
#23 17.70       | 
#23 17.74     CC       em_ipset.o
#23 17.76 In file included from tc_util.h:7,
#23 17.76                  from m_ematch.h:11,
#23 17.76                  from em_ipset.c:39:
#23 17.76 ../include/uapi/linux/if.h:134: warning: "IFF_VOLATILE" redefined
#23 17.76   134 | #define IFF_VOLATILE    (IFF_LOOPBACK|IFF_POINTOPOINT|IFF_BROADCAST|IFF_ECHO|\
#23 17.76       | 
#23 17.76 In file included from ../include/xtables.h:17,
#23 17.76                  from em_ipset.c:23:
#23 17.76 /usr/include/net/if.h:48: note: this is the location of the previous definition
#23 17.76    48 | #define IFF_VOLATILE (IFF_LOOPBACK|IFF_POINTOPOINT|IFF_BROADCAST| \
#23 17.76       | 
#23 17.79     CC       tc_core.o
#23 17.87     CC       tc_red.o
#23 17.92     CC       tc_estimator.o
#23 17.95     CC       tc_stab.o
#23 18.01     CC       tc_qevent.o
#23 18.07     AR       libtc.a
#23 18.07     LINK     tc
#23 18.11 rm emp_ematch.lex.c
#23 18.11 
#23 18.11 bridge
#23 18.11     CC       bridge.o
#23 18.16     CC       fdb.o
#23 18.34     CC       monitor.o
#23 18.38     CC       link.o
#23 18.54     CC       mdb.o
#23 18.73     CC       vlan.o
#23 18.74 In file included from vlan.c:14:
#23 18.74 ../include/json_print.h:80:30: warning: 'struct timeval' declared inside parameter list will not be visible outside of this definition or declaration
#23 18.74    80 | _PRINT_FUNC(tv, const struct timeval *)
#23 18.74       |                              ^~~~~~~
#23 18.74 ../include/json_print.h:50:37: note: in definition of macro '_PRINT_FUNC'
#23 18.74    50 |                                     type value);                        \
#23 18.74       |                                     ^~~~
#23 18.74 ../include/json_print.h:80:30: warning: 'struct timeval' declared inside parameter list will not be visible outside of this definition or declaration
#23 18.74    80 | _PRINT_FUNC(tv, const struct timeval *)
#23 18.74       |                              ^~~~~~~
#23 18.74 ../include/json_print.h:55:45: note: in definition of macro '_PRINT_FUNC'
#23 18.74    55 |                                             type value)                 \
#23 18.74       |                                             ^~~~
#23 18.74 ../include/json_print.h: In function 'print_tv':
#23 18.74 ../include/json_print.h:58:48: warning: passing argument 5 of 'print_color_tv' from incompatible pointer type [-Wincompatible-pointer-types]
#23 18.74    58 |                                                value);                  \
#23 18.74       |                                                ^~~~~
#23 18.74       |                                                |
#23 18.74       |                                                const struct timeval *
#23 18.74 ../include/json_print.h:80:1: note: in expansion of macro '_PRINT_FUNC'
#23 18.74    80 | _PRINT_FUNC(tv, const struct timeval *)
#23 18.74       | ^~~~~~~~~~~
#23 18.74 ../include/json_print.h:50:42: note: expected 'const struct timeval *' but argument is of type 'const struct timeval *'
#23 18.74    50 |                                     type value);                        \
#23 18.74       |                                          ^
#23 18.74 ../include/json_print.h:80:1: note: in expansion of macro '_PRINT_FUNC'
#23 18.74    80 | _PRINT_FUNC(tv, const struct timeval *)
#23 18.74       | ^~~~~~~~~~~
#23 18.99     CC       vni.o
#23 19.00 In file included from vni.c:19:
#23 19.00 ../include/json_print.h:80:30: warning: 'struct timeval' declared inside parameter list will not be visible outside of this definition or declaration
#23 19.00    80 | _PRINT_FUNC(tv, const struct timeval *)
#23 19.00       |                              ^~~~~~~
#23 19.00 ../include/json_print.h:50:37: note: in definition of macro '_PRINT_FUNC'
#23 19.00    50 |                                     type value);                        \
#23 19.00       |                                     ^~~~
#23 19.00 ../include/json_print.h:80:30: warning: 'struct timeval' declared inside parameter list will not be visible outside of this definition or declaration
#23 19.00    80 | _PRINT_FUNC(tv, const struct timeval *)
#23 19.00       |                              ^~~~~~~
#23 19.00 ../include/json_print.h:55:45: note: in definition of macro '_PRINT_FUNC'
#23 19.00    55 |                                             type value)                 \
#23 19.00       |                                             ^~~~
#23 19.00 ../include/json_print.h: In function 'print_tv':
#23 19.00 ../include/json_print.h:58:48: warning: passing argument 5 of 'print_color_tv' from incompatible pointer type [-Wincompatible-pointer-types]
#23 19.00    58 |                                                value);                  \
#23 19.00       |                                                ^~~~~
#23 19.00       |                                                |
#23 19.00       |                                                const struct timeval *
#23 19.00 ../include/json_print.h:80:1: note: in expansion of macro '_PRINT_FUNC'
#23 19.00    80 | _PRINT_FUNC(tv, const struct timeval *)
#23 19.00       | ^~~~~~~~~~~
#23 19.00 ../include/json_print.h:50:42: note: expected 'const struct timeval *' but argument is of type 'const struct timeval *'
#23 19.00    50 |                                     type value);                        \
#23 19.00       |                                          ^
#23 19.00 ../include/json_print.h:80:1: note: in expansion of macro '_PRINT_FUNC'
#23 19.00    80 | _PRINT_FUNC(tv, const struct timeval *)
#23 19.00       | ^~~~~~~~~~~
#23 19.09     LINK     bridge
#23 19.11 
#23 19.11 misc
#23 19.11     CC       ss.o
#23 19.13 In file included from ../include/uapi/linux/tipc.h:42,
#23 19.13                  from ss.c:49:
#23 19.13 ../include/uapi/linux/sockios.h:42: warning: "SIOCGSTAMP" redefined
#23 19.13    42 | #define SIOCGSTAMP      SIOCGSTAMP_OLD
#23 19.13       | 
#23 19.13 In file included from /usr/include/sys/ioctl.h:10,
#23 19.13                  from ss.c:12:
#23 19.13 /usr/include/bits/ioctl.h:111: note: this is the location of the previous definition
#23 19.13   111 | #define SIOCGSTAMP      0x8906
#23 19.13       | 
#23 19.13 ../include/uapi/linux/sockios.h:43: warning: "SIOCGSTAMPNS" redefined
#23 19.13    43 | #define SIOCGSTAMPNS    SIOCGSTAMPNS_OLD
#23 19.13       | 
#23 19.13 /usr/include/bits/ioctl.h:112: note: this is the location of the previous definition
#23 19.13   112 | #define SIOCGSTAMPNS    0x8907
#23 19.13       | 
#23 19.97     CC       ssfilter_check.o
#23 20.00     YACC     ssfilter.tab.c
#23 20.06     CC       ssfilter.tab.o
#23 20.17     LINK     ss
#23 20.19     CC       nstat
#23 20.20 In file included from nstat.c:20:
#23 20.20 /usr/include/sys/poll.h:1:2: warning: #warning redirecting incorrect #include <sys/poll.h> to <poll.h> [-Wcpp]
#23 20.20     1 | #warning redirecting incorrect #include <sys/poll.h> to <poll.h>
#23 20.20       |  ^~~~~~~
#23 20.33     CC       ifstat
#23 20.34 In file included from ifstat.c:20:
#23 20.34 /usr/include/sys/poll.h:1:2: warning: #warning redirecting incorrect #include <sys/poll.h> to <poll.h> [-Wcpp]
#23 20.34     1 | #warning redirecting incorrect #include <sys/poll.h> to <poll.h>
#23 20.34       |  ^~~~~~~
#23 20.51     CC       rtacct
#23 20.52 In file included from rtacct.c:19:
#23 20.52 /usr/include/sys/poll.h:1:2: warning: #warning redirecting incorrect #include <sys/poll.h> to <poll.h> [-Wcpp]
#23 20.52     1 | #warning redirecting incorrect #include <sys/poll.h> to <poll.h>
#23 20.52       |  ^~~~~~~
#23 20.64     CC       lnstat.o
#23 20.71     CC       lnstat_util.o
#23 20.77     LINK     lnstat
#23 20.78 
#23 20.78 netem
#23 20.78 gcc  -I../include -o maketable maketable.c -lm
#23 20.82 gcc  -I../include -o normal normal.c -lm
#23 20.84 gcc  -I../include -o pareto pareto.c -lm
#23 20.87 gcc  -I../include -o paretonormal paretonormal.c -lm
#23 20.90 ./normal > normal.dist
#23 20.90 ./pareto > pareto.dist
#23 20.91 ./paretonormal > paretonormal.dist
#23 20.92 ./maketable experimental.dat > experimental.dist
#23 20.92 
#23 20.92 genl
#23 20.92     CC       genl.o
#23 20.96     CC       ctrl.o
#23 21.03     LINK     genl
#23 21.05 
#23 21.05 man
#23 21.05 make[2]: Nothing to be done for 'all'.
#23 21.05 make[2]: Nothing to be done for 'all'.
#23 21.05 sed \
#23 21.05 	-e "s|@NETNS_ETC_DIR@|/etc/netns|g" \
#23 21.05 	-e "s|@NETNS_RUN_DIR@|/var/run/netns|g" \
#23 21.05 	-e "s|@SYSCONF_ETC_DIR@|/etc/iproute2|g" \
#23 21.05 	-e "s|@SYSCONF_USR_DIR@|/usr/share/iproute2|g" \
#23 21.05 	ip-address.8.in > ip-address.8
#23 21.05 sed \
#23 21.05 	-e "s|@NETNS_ETC_DIR@|/etc/netns|g" \
#23 21.05 	-e "s|@NETNS_RUN_DIR@|/var/run/netns|g" \
#23 21.05 	-e "s|@SYSCONF_ETC_DIR@|/etc/iproute2|g" \
#23 21.05 	-e "s|@SYSCONF_USR_DIR@|/usr/share/iproute2|g" \
#23 21.05 	ip-link.8.in > ip-link.8
#23 21.06 sed \
#23 21.06 	-e "s|@NETNS_ETC_DIR@|/etc/netns|g" \
#23 21.06 	-e "s|@NETNS_RUN_DIR@|/var/run/netns|g" \
#23 21.06 	-e "s|@SYSCONF_ETC_DIR@|/etc/iproute2|g" \
#23 21.06 	-e "s|@SYSCONF_USR_DIR@|/usr/share/iproute2|g" \
#23 21.06 	ip-netns.8.in > ip-netns.8
#23 21.06 sed \
#23 21.06 	-e "s|@NETNS_ETC_DIR@|/etc/netns|g" \
#23 21.06 	-e "s|@NETNS_RUN_DIR@|/var/run/netns|g" \
#23 21.06 	-e "s|@SYSCONF_ETC_DIR@|/etc/iproute2|g" \
#23 21.06 	-e "s|@SYSCONF_USR_DIR@|/usr/share/iproute2|g" \
#23 21.06 	ip-route.8.in > ip-route.8
#23 21.06 
#23 21.06 tipc
#23 21.07     CC       bearer.o
#23 21.26     CC       cmdl.o
#23 21.30     CC       link.o
#23 21.49     CC       media.o
#23 21.55     CC       misc.o
#23 21.61     CC       msg.o
#23 21.63     CC       nametable.o
#23 21.67     CC       node.o
#23 21.75     CC       socket.o
#23 21.79     CC       peer.o
#23 21.82     CC       tipc.o
#23 21.86     LINK     tipc
#23 21.88 
#23 21.88 devlink
#23 21.88     CC       devlink.o
#23 23.57     CC       mnlg.o
#23 23.61     LINK     devlink
#23 23.63 
#23 23.63 rdma
#23 23.63     CC       rdma.o
#23 23.65 rdma.c: In function 'main':
#23 23.65 rdma.c:110:20: warning: implicit declaration of function 'basename'; did you mean 'rename'? [-Wimplicit-function-declaration]
#23 23.65   110 |         filename = basename(argv[0]);
#23 23.65       |                    ^~~~~~~~
#23 23.65       |                    rename
#23 23.65 rdma.c:110:18: warning: assignment to 'char *' from 'int' makes pointer from integer without a cast [-Wint-conversion]
#23 23.65   110 |         filename = basename(argv[0]);
#23 23.65       |                  ^
#23 23.69     CC       utils.o
#23 23.87     CC       dev.o
#23 23.94     CC       link.o
#23 24.01     CC       res.o
#23 24.13     CC       res-pd.o
#23 24.18     CC       res-mr.o
#23 24.23     CC       res-cq.o
#23 24.29     CC       res-cmid.o
#23 24.35     CC       res-qp.o
#23 24.40     CC       sys.o
#23 24.45     CC       stat.o
#23 24.67     CC       stat-mr.o
#23 24.71     CC       res-ctx.o
#23 24.75     CC       res-srq.o
#23 24.81     LINK     rdma
#23 24.83 
#23 24.83 dcb
#23 24.83     CC       dcb.o
#23 24.95     CC       dcb_app.o
#23 25.13     CC       dcb_buffer.o
#23 25.20     CC       dcb_dcbx.o
#23 25.24     CC       dcb_ets.o
#23 25.32     CC       dcb_maxrate.o
#23 25.37     CC       dcb_pfc.o
#23 25.44     CC       dcb_apptrust.o
#23 25.50     CC       dcb_rewr.o
#23 25.57     LINK     dcb
#23 25.59 
#23 25.59 vdpa
#23 25.59     CC       vdpa.o
#23 25.60 In file included from vdpa.c:19:
#23 25.60 ../include/json_print.h:80:30: warning: 'struct timeval' declared inside parameter list will not be visible outside of this definition or declaration
#23 25.60    80 | _PRINT_FUNC(tv, const struct timeval *)
#23 25.60       |                              ^~~~~~~
#23 25.60 ../include/json_print.h:50:37: note: in definition of macro '_PRINT_FUNC'
#23 25.60    50 |                                     type value);                        \
#23 25.60       |                                     ^~~~
#23 25.60 ../include/json_print.h:80:30: warning: 'struct timeval' declared inside parameter list will not be visible outside of this definition or declaration
#23 25.60    80 | _PRINT_FUNC(tv, const struct timeval *)
#23 25.60       |                              ^~~~~~~
#23 25.60 ../include/json_print.h:55:45: note: in definition of macro '_PRINT_FUNC'
#23 25.60    55 |                                             type value)                 \
#23 25.60       |                                             ^~~~
#23 25.60 ../include/json_print.h: In function 'print_tv':
#23 25.60 ../include/json_print.h:58:48: warning: passing argument 5 of 'print_color_tv' from incompatible pointer type [-Wincompatible-pointer-types]
#23 25.60    58 |                                                value);                  \
#23 25.60       |                                                ^~~~~
#23 25.60       |                                                |
#23 25.60       |                                                const struct timeval *
#23 25.60 ../include/json_print.h:80:1: note: in expansion of macro '_PRINT_FUNC'
#23 25.60    80 | _PRINT_FUNC(tv, const struct timeval *)
#23 25.60       | ^~~~~~~~~~~
#23 25.60 ../include/json_print.h:50:42: note: expected 'const struct timeval *' but argument is of type 'const struct timeval *'
#23 25.60    50 |                                     type value);                        \
#23 25.60       |                                          ^
#23 25.60 ../include/json_print.h:80:1: note: in expansion of macro '_PRINT_FUNC'
#23 25.60    80 | _PRINT_FUNC(tv, const struct timeval *)
#23 25.60       | ^~~~~~~~~~~
#23 25.75     LINK     vdpa
#23 DONE 25.8s

#24 [20/23] RUN git clone --no-single-branch --depth=1 https://github.com/linux-netdev/testing.git /nipa-data/kernel
#24 0.374 Cloning into '/nipa-data/kernel'...
#24 18.03 Updating files:  17% (14412/83283)Updating files:  18% (14991/83283)Updating files:  19% (15824/83283)Updating files:  20% (16657/83283)Updating files:  21% (17490/83283)Updating files:  22% (18323/83283)Updating files:  23% (19156/83283)Updating files:  24% (19988/83283)Updating files:  25% (20821/83283)Updating files:  26% (21654/83283)Updating files:  27% (22487/83283)Updating files:  28% (23320/83283)Updating files:  29% (24153/83283)Updating files:  30% (24985/83283)Updating files:  31% (25818/83283)Updating files:  32% (26651/83283)Updating files:  33% (27484/83283)Updating files:  34% (28317/83283)Updating files:  35% (29150/83283)Updating files:  35% (29414/83283)Updating files:  36% (29982/83283)Updating files:  37% (30815/83283)Updating files:  38% (31648/83283)Updating files:  39% (32481/83283)Updating files:  40% (33314/83283)Updating files:  40% (33617/83283)Updating files:  41% (34147/83283)Updating files:  42% (34979/83283)Updating files:  43% (35812/83283)Updating files:  44% (36645/83283)Updating files:  45% (37478/83283)Updating files:  46% (38311/83283)Updating files:  47% (39144/83283)Updating files:  48% (39976/83283)Updating files:  49% (40809/83283)Updating files:  50% (41642/83283)Updating files:  51% (42475/83283)Updating files:  52% (43308/83283)Updating files:  52% (43503/83283)Updating files:  53% (44140/83283)Updating files:  54% (44973/83283)Updating files:  55% (45806/83283)Updating files:  56% (46639/83283)Updating files:  57% (47472/83283)Updating files:  58% (48305/83283)Updating files:  59% (49137/83283)Updating files:  60% (49970/83283)Updating files:  61% (50803/83283)Updating files:  62% (51636/83283)Updating files:  63% (52469/83283)Updating files:  64% (53302/83283)Updating files:  65% (54134/83283)Updating files:  66% (54967/83283)Updating files:  66% (55264/83283)Updating files:  67% (55800/83283)Updating files:  68% (56633/83283)Updating files:  69% (57466/83283)Updating files:  70% (58299/83283)Updating files:  71% (59131/83283)Updating files:  72% (59964/83283)Updating files:  73% (60797/83283)Updating files:  74% (61630/83283)Updating files:  75% (62463/83283)Updating files:  76% (63296/83283)Updating files:  77% (64128/83283)Updating files:  78% (64961/83283)Updating files:  79% (65794/83283)Updating files:  80% (66627/83283)Updating files:  81% (67460/83283)Updating files:  82% (68293/83283)Updating files:  83% (69125/83283)Updating files:  84% (69958/83283)Updating files:  84% (70544/83283)Updating files:  85% (70791/83283)Updating files:  86% (71624/83283)Updating files:  87% (72457/83283)Updating files:  88% (73290/83283)Updating files:  89% (74122/83283)Updating files:  90% (74955/83283)Updating files:  91% (75788/83283)Updating files:  92% (76621/83283)Updating files:  93% (77454/83283)Updating files:  94% (78287/83283)Updating files:  95% (79119/83283)Updating files:  96% (79952/83283)Updating files:  97% (80785/83283)Updating files:  98% (81618/83283)Updating files:  99% (82451/83283)Updating files: 100% (83283/83283)Updating files: 100% (83283/83283), done.
#24 DONE 26.3s

#25 [21/23] RUN git clone --depth=1 -b main https://github.com/p4tc-dev/new-nipa.git nipa
#25 0.818 Cloning into 'nipa'...
#25 DONE 1.8s

#26 [22/23] COPY entrypoint.sh /entrypoint.sh
#26 DONE 0.5s

#27 [23/23] RUN sed -i '/\["-serial", "none"\]/d' /usr/lib/python3.11/site-packages/virtme/commands/run.py
#27 DONE 0.8s

#28 exporting to image
#28 exporting layers
#28 exporting layers 8.8s done
#28 writing image sha256:e8d0598a32d3f11cab7a55b0a921f092b47b7e23d5b948c92691f61d5b25c12f done
#28 naming to docker.io/library/nipa-executor done
#28 DONE 8.8s
NIPA version: 1b9c21a (ui: set canvas background color to stand out, 2024-03-28)
INFO: Last run date: 2024-04-06 12:00:13.796798+00:00
Testing  {'branch': 'net-next-2024-04-06--15-00', 'date': '2024-04-06T15:00:17.855345+00:00', 'base': 'f4500a4d2641af2c9269abc5f93d595c5c837cb2', 'url': 'https://github.com/linux-netdev/testing.git net-next-2024-04-06--15-00'}
Updating files:  46% (6770/14456)Updating files:  47% (6795/14456)Updating files:  48% (6939/14456)Updating files:  49% (7084/14456)Updating files:  50% (7228/14456)Updating files:  51% (7373/14456)Updating files:  52% (7518/14456)Updating files:  53% (7662/14456)Updating files:  54% (7807/14456)Updating files:  55% (7951/14456)Updating files:  56% (8096/14456)Updating files:  57% (8240/14456)Updating files:  58% (8385/14456)Updating files:  59% (8530/14456)Updating files:  60% (8674/14456)Updating files:  61% (8819/14456)Updating files:  62% (8963/14456)Updating files:  63% (9108/14456)Updating files:  64% (9252/14456)Updating files:  65% (9397/14456)Updating files:  66% (9541/14456)Updating files:  67% (9686/14456)Updating files:  68% (9831/14456)Updating files:  69% (9975/14456)Updating files:  70% (10120/14456)Updating files:  71% (10264/14456)Updating files:  72% (10409/14456)Updating files:  73% (10553/14456)Updating files:  74% (10698/14456)Updating files:  75% (10842/14456)Updating files:  76% (10987/14456)Updating files:  77% (11132/14456)Updating files:  78% (11276/14456)Updating files:  79% (11421/14456)Updating files:  80% (11565/14456)Updating files:  81% (11710/14456)Updating files:  82% (11854/14456)Updating files:  83% (11999/14456)Updating files:  84% (12144/14456)Updating files:  85% (12288/14456)Updating files:  86% (12433/14456)Updating files:  87% (12577/14456)Updating files:  88% (12722/14456)Updating files:  89% (12866/14456)Updating files:  90% (13011/14456)Updating files:  91% (13155/14456)Updating files:  92% (13300/14456)Updating files:  92% (13356/14456)Updating files:  93% (13445/14456)Updating files:  94% (13589/14456)Updating files:  95% (13734/14456)Updating files:  96% (13878/14456)Updating files:  97% (14023/14456)Updating files:  98% (14167/14456)Updating files:  99% (14312/14456)Updating files: 100% (14456/14456)Updating files: 100% (14456/14456), done.
branch 'net-next-2024-04-06--15-00' set up to track 'origin/net-next-2024-04-06--15-00'.
Switched to a new branch 'net-next-2024-04-06--15-00'
error: No valid patches in input (allow with "--allow-empty")
Checking patch tools/testing/selftests/tc-testing/tdc_config.py...
Applied patch tools/testing/selftests/tc-testing/tdc_config.py cleanly.
Run at 2024-04-06 15:03:24.269733
INFO: building kernel
INFO: starting VM 0
INFO: thr0-0 VM starting: vng -v -r arch/x86/boot/bzImage --user root --rwdir=/nipa-data/kernel/
INFO: thr0-0 expecting prompt: '/nipa-data/kernel# '
INFO: thr0-0 reached initial prompt
INFO: thr-0 testing == tdc.sh
INFO: thr-0 tdc.sh >> retcode: 0 result: pass found {'fail': False, 'skip': False, 'pass': True}
INFO: thr-0 has no more work, exiting
INFO: thr0-0 VM stopped
Done at 2024-04-06 15:06:56.758685
NIPA quitting!
/
~/nipa/tc-executor/tc-executor-storage /
sort: write failed: 'standard output': Broken pipe
sort: write error
