~/nipa/tc-executor/tc-executor-storage /
Switched to branch 'storage-dbg'
Your branch is ahead of 'origin/storage-dbg' by 487 commits.
  (use "git push" to publish your local commits)
/
~/nipa/tc-executor /
Error response from daemon: No such image: nipa-executor:latest
#0 building with "default" instance using docker driver

#1 [internal] load .dockerignore
#1 transferring context: 2B done
#1 DONE 0.0s

#2 [internal] load build definition from Dockerfile
#2 transferring dockerfile: 2.05kB done
#2 DONE 0.0s

#3 [internal] load metadata for docker.io/library/alpine:edge
#3 DONE 0.0s

#4 [ 1/22] FROM docker.io/library/alpine:edge
#4 CACHED

#5 [internal] load build context
#5 transferring context: 3.02kB done
#5 DONE 0.0s

#6 [ 2/22] RUN echo true > debug-mode
#6 DONE 0.5s

#7 [ 3/22] RUN addgroup -g 1001 hostuser
#7 DONE 0.4s

#8 [ 4/22] RUN adduser -u 1001 -G hostuser -H -D -s /bin/ash hostuser
#8 DONE 0.5s

#9 [ 5/22] RUN echo '@testing http://dl-cdn.alpinelinux.org/alpine/edge/testing' >> /etc/apk/repositories
#9 DONE 0.4s

#10 [ 6/22] RUN echo '@community http://dl-cdn.alpinelinux.org/alpine/edge/community' >> /etc/apk/repositories
#10 DONE 0.5s

#11 [ 7/22] RUN apk update && apk add --no-cache    virtme-ng@testing    git    py3-requests    py3-psutil    py3-setuptools    py3-pyroute2    py3-argcomplete    qemu-system-x86_64@community    scapy@community    make    gcc    musl-dev    flex    bison    linux-headers    elfutils-dev    util-linux    coreutils    diffutils    findutils    file    bash    kmod    perl    iptables-dev    libcap-dev    libmnl-dev    iproute2     jq    libbpf-dev    rsync    openssl-dev
#11 0.354 fetch https://dl-cdn.alpinelinux.org/alpine/edge/main/x86_64/APKINDEX.tar.gz
#11 0.583 fetch https://dl-cdn.alpinelinux.org/alpine/edge/community/x86_64/APKINDEX.tar.gz
#11 0.795 fetch http://dl-cdn.alpinelinux.org/alpine/edge/testing/x86_64/APKINDEX.tar.gz
#11 1.001 fetch http://dl-cdn.alpinelinux.org/alpine/edge/community/x86_64/APKINDEX.tar.gz
#11 1.240 v20240329-1816-g8abdd4e0df7 [https://dl-cdn.alpinelinux.org/alpine/edge/main]
#11 1.240 v20240329-1828-g33983b02c4a [https://dl-cdn.alpinelinux.org/alpine/edge/community]
#11 1.240 v20240329-1826-g6df87e57e38 [http://dl-cdn.alpinelinux.org/alpine/edge/testing]
#11 1.240 v20240329-1828-g33983b02c4a [http://dl-cdn.alpinelinux.org/alpine/edge/community]
#11 1.240 OK: 31081 distinct packages available
#11 1.298 fetch https://dl-cdn.alpinelinux.org/alpine/edge/main/x86_64/APKINDEX.tar.gz
#11 1.400 fetch https://dl-cdn.alpinelinux.org/alpine/edge/community/x86_64/APKINDEX.tar.gz
#11 1.492 fetch http://dl-cdn.alpinelinux.org/alpine/edge/testing/x86_64/APKINDEX.tar.gz
#11 1.589 fetch http://dl-cdn.alpinelinux.org/alpine/edge/community/x86_64/APKINDEX.tar.gz
#11 1.850 (1/176) Upgrading musl (1.2.4_git20230717-r5 -> 1.2.5-r0)
#11 1.867 (2/176) Upgrading libcrypto3 (3.1.4-r2 -> 3.3.0-r1)
#11 1.903 (3/176) Upgrading libssl3 (3.1.4-r2 -> 3.3.0-r1)
#11 1.921 (4/176) Upgrading zlib (1.3-r2 -> 1.3.1-r1)
#11 1.936 (5/176) Installing ncurses-terminfo-base (6.4_p20240330-r0)
#11 1.950 (6/176) Installing libncursesw (6.4_p20240330-r0)
#11 1.965 (7/176) Installing readline (8.2.10-r0)
#11 1.980 (8/176) Installing bash (5.2.26-r0)
#11 2.002 Executing bash-5.2.26-r0.post-install
#11 2.005 (9/176) Installing m4 (1.4.19-r3)
#11 2.019 (10/176) Installing bison (3.8.2-r1)
#11 2.040 (11/176) Installing coreutils-env (9.5-r0)
#11 2.052 (12/176) Installing coreutils-fmt (9.5-r0)
#11 2.064 (13/176) Installing coreutils-sha512sum (9.5-r0)
#11 2.077 (14/176) Installing libacl (2.3.2-r0)
#11 2.088 (15/176) Installing libattr (2.5.2-r0)
#11 2.100 (16/176) Installing skalibs (2.14.1.1-r0)
#11 2.112 (17/176) Installing utmps-libs (0.1.2.2-r1)
#11 2.124 (18/176) Installing coreutils (9.5-r0)
#11 2.146 (19/176) Installing diffutils (3.10-r0)
#11 2.161 (20/176) Installing zstd-libs (1.5.6-r0)
#11 2.177 (21/176) Installing libelf (0.191-r0)
#11 2.190 (22/176) Installing libbz2 (1.0.8-r6)
#11 2.203 (23/176) Installing musl-fts (1.2.7-r6)
#11 2.216 (24/176) Installing xz-libs (5.6.1-r3)
#11 2.230 (25/176) Installing libdw (0.191-r0)
#11 2.247 (26/176) Installing libasm (0.191-r0)
#11 2.259 (27/176) Installing xz (5.6.1-r3)
#11 2.274 (28/176) Installing pkgconf (2.2.0-r0)
#11 2.287 (29/176) Installing xz-dev (5.6.1-r3)
#11 2.302 (30/176) Installing libgcc (13.2.1_git20240309-r0)
#11 2.315 (31/176) Installing libstdc++ (13.2.1_git20240309-r0)
#11 2.340 (32/176) Installing zstd (1.5.6-r0)
#11 2.357 (33/176) Installing zstd-dev (1.5.6-r0)
#11 2.371 (34/176) Installing zlib-dev (1.3.1-r1)
#11 2.384 (35/176) Installing elfutils-dev (0.191-r0)
#11 2.406 (36/176) Installing libmagic (5.45-r1)
#11 2.435 (37/176) Installing file (5.45-r1)
#11 2.448 (38/176) Installing findutils (4.9.0-r5)
#11 2.462 (39/176) Installing flex (2.6.4-r6)
#11 2.476 (40/176) Installing jansson (2.14-r4)
#11 2.488 (41/176) Installing binutils (2.42-r0)
#11 2.543 (42/176) Installing libgomp (13.2.1_git20240309-r0)
#11 2.558 (43/176) Installing libatomic (13.2.1_git20240309-r0)
#11 2.570 (44/176) Installing gmp (6.3.0-r0)
#11 2.586 (45/176) Installing isl26 (0.26-r1)
#11 2.615 (46/176) Installing mpfr4 (4.2.1-r0)
#11 2.632 (47/176) Installing mpc1 (1.3.1-r1)
#11 2.645 (48/176) Installing gcc (13.2.1_git20240309-r0)
#11 3.153 (49/176) Installing ca-certificates (20240226-r0)
#11 3.175 (50/176) Installing brotli-libs (1.1.0-r2)
#11 3.202 (51/176) Installing c-ares (1.28.1-r0)
#11 3.215 (52/176) Installing libunistring (1.2-r0)
#11 3.235 (53/176) Installing libidn2 (2.3.7-r0)
#11 3.250 (54/176) Installing nghttp2-libs (1.61.0-r0)
#11 3.292 (55/176) Installing libpsl (0.21.5-r1)
#11 3.308 (56/176) Installing libcurl (8.7.1-r0)
#11 3.326 (57/176) Installing libexpat (2.6.2-r0)
#11 3.339 (58/176) Installing pcre2 (10.43-r0)
#11 3.356 (59/176) Installing git (2.44.0-r2)
#11 3.410 (60/176) Installing git-init-template (2.44.0-r2)
#11 3.423 (61/176) Installing libcap2 (2.69-r1)
#11 3.438 (62/176) Installing libmnl (1.0.5-r2)
#11 3.456 (63/176) Installing iproute2-minimal (6.8.0-r0)
#11 3.513 (64/176) Installing libxtables (1.8.10-r3)
#11 3.526 (65/176) Installing iproute2-tc (6.8.0-r0)
#11 3.541 (66/176) Installing iproute2-ss (6.8.0-r0)
#11 3.554 (67/176) Installing iproute2 (6.8.0-r0)
#11 3.570 Executing iproute2-6.8.0-r0.post-install
#11 3.573 (68/176) Installing linux-headers (6.6-r0)
#11 3.664 (69/176) Installing libip4tc (1.8.10-r3)
#11 3.677 (70/176) Installing libip6tc (1.8.10-r3)
#11 3.689 (71/176) Installing libipq (1.8.10-r3)
#11 3.705 (72/176) Installing iptables-dev (1.8.10-r3)
#11 3.718 (73/176) Installing oniguruma (6.9.9-r0)
#11 3.734 (74/176) Installing jq (1.7.1-r0)
#11 3.751 (75/176) Installing kmod (32-r0)
#11 3.764 (76/176) Installing libbpf (1.4.0-r0)
#11 3.779 (77/176) Installing libbpf-dev (1.4.0-r0)
#11 3.799 (78/176) Installing libcap-dev (2.69-r1)
#11 3.812 (79/176) Installing libmnl-dev (1.0.5-r2)
#11 3.824 (80/176) Installing make (4.4.1-r2)
#11 3.838 (81/176) Installing musl-dev (1.2.5-r0)
#11 3.892 (82/176) Installing openssl-dev (3.3.0-r1)
#11 3.921 (83/176) Installing perl (5.38.2-r0)
#11 4.122 (84/176) Installing perl-error (0.17029-r2)
#11 4.135 (85/176) Installing perl-git (2.44.0-r2)
#11 4.147 (86/176) Installing git-perl (2.44.0-r2)
#11 4.161 (87/176) Installing libffi (3.4.6-r0)
#11 4.173 (88/176) Installing gdbm (1.23-r1)
#11 4.186 (89/176) Installing mpdecimal (4.0.0-r0)
#11 4.199 (90/176) Installing libpanelw (6.4_p20240330-r0)
#11 4.211 (91/176) Installing sqlite-libs (3.45.3-r0)
#11 4.233 (92/176) Installing python3 (3.12.3-r1)
#11 4.370 (93/176) Installing python3-pycache-pyc0 (3.12.3-r1)
#11 4.473 (94/176) Installing pyc (3.12.3-r1)
#11 4.487 (95/176) Installing py3-argcomplete-pyc (3.3.0-r0)
#11 4.502 (96/176) Installing python3-pyc (3.12.3-r1)
#11 4.514 (97/176) Installing py3-argcomplete (3.3.0-r0)
#11 4.528 (98/176) Installing py3-psutil (5.9.8-r1)
#11 4.544 (99/176) Installing py3-psutil-pyc (5.9.8-r1)
#11 4.560 (100/176) Installing py3-pyroute2 (0.7.12-r1)
#11 4.594 (101/176) Installing py3-pyroute2-pyc (0.7.12-r1)
#11 4.634 (102/176) Installing py3-certifi (2024.2.2-r1)
#11 4.652 (103/176) Installing py3-certifi-pyc (2024.2.2-r1)
#11 4.664 (104/176) Installing py3-charset-normalizer (3.3.2-r1)
#11 4.679 (105/176) Installing py3-charset-normalizer-pyc (3.3.2-r1)
#11 4.693 (106/176) Installing py3-idna (3.7-r0)
#11 4.708 (107/176) Installing py3-idna-pyc (3.7-r0)
#11 4.721 (108/176) Installing py3-urllib3 (1.26.18-r1)
#11 4.739 (109/176) Installing py3-urllib3-pyc (1.26.18-r1)
#11 4.758 (110/176) Installing py3-requests (2.31.0-r2)
#11 4.773 (111/176) Installing py3-requests-pyc (2.31.0-r2)
#11 4.787 (112/176) Installing py3-parsing (3.1.2-r1)
#11 4.803 (113/176) Installing py3-parsing-pyc (3.1.2-r1)
#11 4.820 (114/176) Installing py3-packaging (24.0-r1)
#11 4.834 (115/176) Installing py3-packaging-pyc (24.0-r1)
#11 4.848 (116/176) Installing py3-setuptools (69.5.1-r0)
#11 4.890 (117/176) Installing py3-setuptools-pyc (69.5.1-r0)
#11 4.933 (118/176) Installing libcap-ng (0.8.4-r0)
#11 4.946 (119/176) Installing libintl (0.22.5-r0)
#11 4.959 (120/176) Installing libeconf (0.6.2-r0)
#11 4.972 (121/176) Installing libblkid (2.40-r1)
#11 4.988 (122/176) Installing libmount (2.40-r1)
#11 5.002 (123/176) Installing glib (2.80.0-r3)
#11 5.039 (124/176) Installing numactl (2.0.18-r0)
#11 5.051 (125/176) Installing qemu (8.2.2-r0)
#11 5.066 Executing qemu-8.2.2-r0.pre-install
#11 5.124 Executing qemu-8.2.2-r0.post-install
#11 5.127 *
#11 5.127 * If you want to run VM as unprivileged user and let Qemu create tunX devices,
#11 5.127 * then you must add that user to the group "qemu".
#11 5.127 * If you use KVM for hardware-assisted virtualization, then you may also need
#11 5.127 * to add that user to the group "kvm".
#11 5.127 *
#11 5.127 (126/176) Installing qemu-bridge-helper (8.2.2-r0)
#11 5.145 (127/176) Installing libaio (0.3.113-r2)
#11 5.159 (128/176) Installing capstone (5.0.1-r4)
#11 5.189 (129/176) Installing nettle (3.9.1-r0)
#11 5.206 (130/176) Installing libtasn1 (4.19.0-r2)
#11 5.220 (131/176) Installing p11-kit (0.25.3-r0)
#11 5.239 (132/176) Installing gnutls (3.8.3-r0)
#11 5.271 (133/176) Installing libjpeg-turbo (3.0.2-r0)
#11 5.287 (134/176) Installing lzo (2.10-r5)
#11 5.301 (135/176) Installing pixman (0.43.2-r0)
#11 5.318 (136/176) Installing libpng (1.6.43-r0)
#11 5.331 (137/176) Installing libsasl (2.1.28-r6)
#11 5.345 (138/176) Installing libseccomp (2.5.5-r1)
#11 5.358 (139/176) Installing libslirp (4.7.0-r0)
#11 5.371 (140/176) Installing snappy (1.1.10-r2)
#11 5.384 (141/176) Installing liburing (2.5-r1)
#11 5.396 (142/176) Installing vde2-libs (2.3.3-r3)
#11 5.414 (143/176) Installing qemu-system-x86_64 (8.2.2-r0)
#11 5.520 (144/176) Installing lz4-libs (1.9.4-r5)
#11 5.534 (145/176) Installing popt (1.19-r3)
#11 5.546 (146/176) Installing libxxhash (0.8.2-r2)
#11 5.558 (147/176) Installing rsync (3.3.0-r0)
#11 5.574 (148/176) Installing scapy (2.5.0-r3)
#11 5.632 Executing scapy-2.5.0-r3.post-install
#11 5.634 *
#11 5.634 * Certain optional features of scapy also depend on the following packages:
#11 5.634 *     py3-matplotlib graphviz imagemagick py3-cryptography sox
#11 5.634 * And the following unpackaged dependencies:
#11 5.634 *     pyxi vpython-jupyter nmap<v4.23
#11 5.634 * More information can be found at https://scapy.readthedocs.io/en/latest/installation.html#optional-dependencies
#11 5.634 *
#11 5.634 (149/176) Installing scapy-pyc (2.5.0-r3)
#11 5.701 (150/176) Installing util-linux (2.40-r1)
#11 5.713 (151/176) Installing setarch (2.40-r1)
#11 5.725 (152/176) Installing libuuid (2.40-r1)
#11 5.737 (153/176) Installing libfdisk (2.40-r1)
#11 5.750 (154/176) Installing libsmartcols (2.40-r1)
#11 5.763 (155/176) Installing util-linux-misc (2.40-r1)
#11 5.792 (156/176) Installing linux-pam (1.6.0-r0)
#11 5.813 (157/176) Installing runuser (2.40-r1)
#11 5.826 (158/176) Installing mount (2.40-r1)
#11 5.838 (159/176) Installing losetup (2.40-r1)
#11 5.850 (160/176) Installing hexdump (2.40-r1)
#11 5.862 (161/176) Installing uuidgen (2.40-r1)
#11 5.874 (162/176) Installing blkid (2.40-r1)
#11 5.887 (163/176) Installing sfdisk (2.40-r1)
#11 5.900 (164/176) Installing mcookie (2.40-r1)
#11 5.911 (165/176) Installing agetty (2.40-r1)
#11 5.924 (166/176) Installing wipefs (2.40-r1)
#11 5.935 (167/176) Installing cfdisk (2.40-r1)
#11 5.948 (168/176) Installing umount (2.40-r1)
#11 5.961 (169/176) Installing flock (2.40-r1)
#11 5.973 (170/176) Installing lsblk (2.40-r1)
#11 5.985 (171/176) Installing setpriv (2.40-r1)
#11 5.997 (172/176) Installing logger (2.40-r1)
#11 6.009 (173/176) Installing partx (2.40-r1)
#11 6.022 (174/176) Installing fstrim (2.40-r1)
#11 6.034 (175/176) Installing findmnt (2.40-r1)
#11 6.046 (176/176) Installing virtme-ng@testing (1.23-r1)
#11 6.102 Executing busybox-1.36.1-r17.trigger
#11 6.106 Executing ca-certificates-20240226-r0.trigger
#11 6.128 Executing glib-2.80.0-r3.trigger
#11 6.135 OK: 383 MiB in 187 packages
#11 DONE 6.5s

#12 [ 8/22] RUN mkdir -p /tmp/kernel-patches &&     mkdir -p /tmp/iproute2-patches
#12 DONE 0.3s

#13 [ 9/22] COPY tdc.config /tmp
#13 DONE 0.0s

#14 [10/22] COPY tdc-debug.config /tmp
#14 DONE 0.1s

#15 [11/22] COPY kernel-patches /tmp/kernel-patches/
#15 DONE 0.0s

#16 [12/22] COPY iproute2-patches /tmp/iproute2-patches/
#16 DONE 0.0s

#17 [13/22] COPY configs /tmp/configs/
#17 DONE 0.0s

#18 [14/22] RUN git config --global user.email foo@bar.com
#18 DONE 0.3s

#19 [15/22] RUN git config --global user.name foo@bar.com
#19 DONE 0.4s

#20 [16/22] RUN git clone https://git.kernel.org/pub/scm/network/iproute2/iproute2-next.git /nipa-data/iproute2
#20 0.374 Cloning into '/nipa-data/iproute2'...
#20 DONE 1.8s

#21 [17/22] RUN cd /nipa-data/iproute2 && 	git remote add stable https://git.kernel.org/pub/scm/network/iproute2/iproute2.git && 	git fetch --all && 	git merge stable/main
#21 0.417 Fetching origin
#21 0.694 Fetching stable
#21 1.226 From https://git.kernel.org/pub/scm/network/iproute2/iproute2
#21 1.226  * [new branch]        codeql         -> stable/codeql
#21 1.226  * [new branch]        iproute2-4.1.x -> stable/iproute2-4.1.x
#21 1.226  * [new branch]        main           -> stable/main
#21 1.233  * [new tag]           v6.8.0         -> v6.8.0
#21 1.303 Auto-merging include/uapi/linux/bpf.h
#21 1.303 Auto-merging include/uapi/linux/devlink.h
#21 1.303 Auto-merging misc/ss.c
#21 1.307 Merge made by the 'ort' strategy.
#21 1.324  Makefile                       |  2 +-
#21 1.324  README                         | 13 +++++++
#21 1.324  bridge/bridge.c                |  2 +-
#21 1.324  include/version.h              |  2 +-
#21 1.324  ip/ipila.c                     |  4 +-
#21 1.324  ip/iptuntap.c                  |  5 +--
#21 1.324  lib/mnl_utils.c                |  2 +
#21 1.324  lib/rt_names.c                 | 43 ++++++++++-----------
#21 1.324  man/man8/bridge.8              |  6 +++
#21 1.324  man/man8/ip-netns.8.in         |  2 +-
#21 1.324  man/man8/ip.8                  | 33 +++++++++++++++-
#21 1.324  man/man8/tc-matchall.8         | 20 +++++-----
#21 1.324  man/man8/tc-mirred.8           | 14 +++----
#21 1.324  man/man8/tc-simple.8           | 12 +++---
#21 1.324  misc/arpd.c                    | 11 +++++-
#21 1.324  misc/ifstat.c                  | 11 ++++--
#21 1.324  misc/ss.c                      | 17 ++++++++-
#21 1.324  tc/e_bpf.c                     |  2 +-
#21 1.324  tc/f_basic.c                   |  4 +-
#21 1.324  tc/f_bpf.c                     |  4 +-
#21 1.324  tc/f_cgroup.c                  |  4 +-
#21 1.324  tc/f_flow.c                    |  4 +-
#21 1.324  tc/f_flower.c                  |  4 +-
#21 1.324  tc/f_fw.c                      |  4 +-
#21 1.324  tc/f_matchall.c                |  4 +-
#21 1.324  tc/f_route.c                   |  4 +-
#21 1.324  tc/f_u32.c                     |  6 +--
#21 1.324  tc/m_action.c                  |  6 +--
#21 1.324  tc/m_bpf.c                     |  4 +-
#21 1.324  tc/m_connmark.c                |  4 +-
#21 1.324  tc/m_csum.c                    |  4 +-
#21 1.324  tc/m_ct.c                      |  4 +-
#21 1.324  tc/m_ctinfo.c                  |  4 +-
#21 1.324  tc/m_gact.c                    |  4 +-
#21 1.324  tc/m_gate.c                    |  8 ++--
#21 1.324  tc/m_ife.c                     |  4 +-
#21 1.324  tc/m_mirred.c                  |  6 +--
#21 1.324  tc/m_mpls.c                    |  4 +-
#21 1.324  tc/m_nat.c                     |  4 +-
#21 1.324  tc/m_pedit.c                   | 10 ++---
#21 1.324  tc/m_police.c                  |  8 ++--
#21 1.324  tc/m_sample.c                  |  4 +-
#21 1.324  tc/m_simple.c                  | 12 +++---
#21 1.324  tc/m_skbedit.c                 |  4 +-
#21 1.324  tc/m_skbmod.c                  | 41 +++++++++++---------
#21 1.324  tc/m_tunnel_key.c              |  4 +-
#21 1.324  tc/m_vlan.c                    |  4 +-
#21 1.324  tc/q_cake.c                    |  6 +--
#21 1.324  tc/q_cbs.c                     |  4 +-
#21 1.324  tc/q_choke.c                   |  6 +--
#21 1.324  tc/q_clsact.c                  |  4 +-
#21 1.324  tc/q_codel.c                   |  6 +--
#21 1.324  tc/q_drr.c                     |  8 ++--
#21 1.324  tc/q_etf.c                     |  4 +-
#21 1.324  tc/q_ets.c                     |  8 ++--
#21 1.324  tc/q_fifo.c                    |  4 +-
#21 1.324  tc/q_fq.c                      |  6 +--
#21 1.324  tc/q_fq_codel.c                |  6 +--
#21 1.324  tc/q_fq_pie.c                  |  6 +--
#21 1.324  tc/q_gred.c                    |  6 +--
#21 1.324  tc/q_hfsc.c                    | 10 ++---
#21 1.324  tc/q_hhf.c                     |  6 +--
#21 1.324  tc/q_htb.c                     |  8 ++--
#21 1.324  tc/q_ingress.c                 |  4 +-
#21 1.324  tc/q_mqprio.c                  |  4 +-
#21 1.324  tc/q_multiq.c                  |  4 +-
#21 1.324  tc/q_netem.c                   | 86 +++++++++++++++++++++++-------------------
#21 1.324  tc/q_pie.c                     |  6 +--
#21 1.324  tc/q_plug.c                    |  4 +-
#21 1.324  tc/q_prio.c                    |  4 +-
#21 1.324  tc/q_qfq.c                     |  6 +--
#21 1.324  tc/q_red.c                     |  8 ++--
#21 1.324  tc/q_sfb.c                     |  6 +--
#21 1.324  tc/q_sfq.c                     |  6 +--
#21 1.324  tc/q_skbprio.c                 |  4 +-
#21 1.324  tc/q_taprio.c                  |  6 +--
#21 1.324  tc/q_tbf.c                     |  4 +-
#21 1.324  tc/tc.c                        | 12 +++---
#21 1.324  tc/tc_class.c                  |  6 +--
#21 1.324  tc/tc_core.c                   | 15 ++------
#21 1.324  tc/tc_core.h                   |  2 -
#21 1.324  tc/tc_exec.c                   |  2 +-
#21 1.324  tc/tc_filter.c                 |  6 +--
#21 1.324  tc/tc_qdisc.c                  |  6 +--
#21 1.324  tc/tc_util.c                   | 33 ++++++++--------
#21 1.324  tc/tc_util.h                   | 36 +++++++++---------
#21 1.324  vdpa/include/uapi/linux/vdpa.h | 17 +++++++++
#21 1.324  87 files changed, 434 insertions(+), 333 deletions(-)
#21 DONE 1.3s

#22 [18/22] RUN if [ "$(find /tmp/iproute2-patches/ -name *.patch)" ]; then  	cd /nipa-data/iproute2; 	git apply /tmp/iproute2-patches/*.patch;     fi
#22 DONE 0.5s

#23 [19/22] RUN cd /nipa-data/iproute2/ &&     ./configure &&     make
#23 0.361 TC schedulers
#23 0.362  IPT	using xtables
#23 0.389  IPSET  yes
#23 0.414 
#23 0.415 lib directory: /usr/lib
#23 0.415 libc has setns: yes
#23 0.435 libc has name_to_handle_at: yes
#23 0.455 SELinux support: no
#23 0.456 libtirpc support: no
#23 0.457 libbpf support: yes
#23 0.527 	libbpf version 1.4.0
#23 0.527 ELF support: yes
#23 0.529 libmnl support: yes
#23 0.530 Berkeley DB: no
#23 0.541 need for strlcpy: no
#23 0.560 libcap support: yes
#23 0.562 color output: never
#23 0.564 
#23 0.564 lib
#23 0.566     CC       libgenl.o
#23 0.603     CC       libnetlink.o
#23 0.930     CC       mnl_utils.o
#23 1.010     AR       libnetlink.a
#23 1.012     CC       utils.o
#23 1.411     CC       utils_math.o
#23 1.452     CC       rt_names.o
#23 1.609     CC       ll_map.o
#23 1.694     CC       ll_types.o
#23 1.705 In file included from ll_types.c:20:
#23 1.705 ../include/uapi/linux/sockios.h:42: warning: "SIOCGSTAMP" redefined
#23 1.705    42 | #define SIOCGSTAMP      SIOCGSTAMP_OLD
#23 1.705       | 
#23 1.705 In file included from /usr/include/sys/ioctl.h:10,
#23 1.705                  from ll_types.c:12:
#23 1.705 /usr/include/bits/ioctl.h:111: note: this is the location of the previous definition
#23 1.705   111 | #define SIOCGSTAMP      0x8906
#23 1.705       | 
#23 1.705 ../include/uapi/linux/sockios.h:43: warning: "SIOCGSTAMPNS" redefined
#23 1.705    43 | #define SIOCGSTAMPNS    SIOCGSTAMPNS_OLD
#23 1.705       | 
#23 1.705 /usr/include/bits/ioctl.h:112: note: this is the location of the previous definition
#23 1.705   112 | #define SIOCGSTAMPNS    0x8907
#23 1.705       | 
#23 1.720     CC       ll_proto.o
#23 1.731 In file included from ll_proto.c:21:
#23 1.731 ../include/uapi/linux/sockios.h:42: warning: "SIOCGSTAMP" redefined
#23 1.731    42 | #define SIOCGSTAMP      SIOCGSTAMP_OLD
#23 1.731       | 
#23 1.731 In file included from /usr/include/sys/ioctl.h:10,
#23 1.731                  from ll_proto.c:13:
#23 1.731 /usr/include/bits/ioctl.h:111: note: this is the location of the previous definition
#23 1.731   111 | #define SIOCGSTAMP      0x8906
#23 1.731       | 
#23 1.731 ../include/uapi/linux/sockios.h:43: warning: "SIOCGSTAMPNS" redefined
#23 1.731    43 | #define SIOCGSTAMPNS    SIOCGSTAMPNS_OLD
#23 1.731       | 
#23 1.731 /usr/include/bits/ioctl.h:112: note: this is the location of the previous definition
#23 1.731   112 | #define SIOCGSTAMPNS    0x8907
#23 1.731       | 
#23 1.744     CC       ll_addr.o
#23 1.757 In file included from ll_addr.c:20:
#23 1.757 ../include/uapi/linux/sockios.h:42: warning: "SIOCGSTAMP" redefined
#23 1.757    42 | #define SIOCGSTAMP      SIOCGSTAMP_OLD
#23 1.757       | 
#23 1.757 In file included from /usr/include/sys/ioctl.h:10,
#23 1.757                  from ll_addr.c:12:
#23 1.757 /usr/include/bits/ioctl.h:111: note: this is the location of the previous definition
#23 1.757   111 | #define SIOCGSTAMP      0x8906
#23 1.757       | 
#23 1.757 ../include/uapi/linux/sockios.h:43: warning: "SIOCGSTAMPNS" redefined
#23 1.757    43 | #define SIOCGSTAMPNS    SIOCGSTAMPNS_OLD
#23 1.757       | 
#23 1.757 /usr/include/bits/ioctl.h:112: note: this is the location of the previous definition
#23 1.757   112 | #define SIOCGSTAMPNS    0x8907
#23 1.757       | 
#23 1.787     CC       inet_proto.o
#23 1.824     CC       namespace.o
#23 1.875     CC       json_writer.o
#23 1.950     CC       json_print.o
#23 2.067     CC       json_print_math.o
#23 2.097     CC       names.o
#23 2.139     CC       color.o
#23 2.177     CC       bpf_legacy.o
#23 2.518     CC       bpf_glue.o
#23 2.556     CC       exec.o
#23 2.584     CC       fs.o
#23 2.648     CC       cg_map.o
#23 2.683     CC       ppp_proto.o
#23 2.704     CC       bpf_libbpf.o
#23 2.781     CC       selinux.o
#23 2.801     CC       ax25_ntop.o
#23 2.827     CC       rose_ntop.o
#23 2.840 In file included from rose_ntop.c:16:
#23 2.840 ../include/uapi/linux/sockios.h:42: warning: "SIOCGSTAMP" redefined
#23 2.840    42 | #define SIOCGSTAMP      SIOCGSTAMP_OLD
#23 2.840       | 
#23 2.840 In file included from /usr/include/sys/ioctl.h:10,
#23 2.840                  from rose_ntop.c:7:
#23 2.840 /usr/include/bits/ioctl.h:111: note: this is the location of the previous definition
#23 2.840   111 | #define SIOCGSTAMP      0x8906
#23 2.840       | 
#23 2.840 ../include/uapi/linux/sockios.h:43: warning: "SIOCGSTAMPNS" redefined
#23 2.840    43 | #define SIOCGSTAMPNS    SIOCGSTAMPNS_OLD
#23 2.840       | 
#23 2.840 /usr/include/bits/ioctl.h:112: note: this is the location of the previous definition
#23 2.840   112 | #define SIOCGSTAMPNS    0x8907
#23 2.840       | 
#23 2.855     CC       mpls_ntop.o
#23 2.882     CC       mpls_pton.o
#23 2.908     CC       netrom_ntop.o
#23 2.931     AR       libutil.a
#23 2.935 
#23 2.935 ip
#23 2.937     CC       ip.o
#23 3.013     CC       ipaddress.o
#23 3.027 In file included from ipaddress.c:26:
#23 3.027 ../include/uapi/linux/sockios.h:42: warning: "SIOCGSTAMP" redefined
#23 3.027    42 | #define SIOCGSTAMP      SIOCGSTAMP_OLD
#23 3.027       | 
#23 3.027 In file included from /usr/include/sys/ioctl.h:10,
#23 3.027                  from ipaddress.c:14:
#23 3.027 /usr/include/bits/ioctl.h:111: note: this is the location of the previous definition
#23 3.027   111 | #define SIOCGSTAMP      0x8906
#23 3.027       | 
#23 3.027 ../include/uapi/linux/sockios.h:43: warning: "SIOCGSTAMPNS" redefined
#23 3.027    43 | #define SIOCGSTAMPNS    SIOCGSTAMPNS_OLD
#23 3.027       | 
#23 3.027 /usr/include/bits/ioctl.h:112: note: this is the location of the previous definition
#23 3.027   112 | #define SIOCGSTAMPNS    0x8907
#23 3.027       | 
#23 3.495     CC       ipaddrlabel.o
#23 3.553     CC       iproute.o
#23 4.040     CC       iprule.o
#23 4.237     CC       ipnetns.o
#23 4.435     CC       rtm_map.o
#23 4.469     CC       iptunnel.o
#23 4.481 In file included from ../include/uapi/linux/if_tunnel.h:6,
#23 4.481                  from iptunnel.c:19:
#23 4.481 ../include/uapi/linux/if.h:134: warning: "IFF_VOLATILE" redefined
#23 4.481   134 | #define IFF_VOLATILE    (IFF_LOOPBACK|IFF_POINTOPOINT|IFF_BROADCAST|IFF_ECHO|\
#23 4.481       | 
#23 4.481 In file included from iptunnel.c:16:
#23 4.481 /usr/include/net/if.h:48: note: this is the location of the previous definition
#23 4.481    48 | #define IFF_VOLATILE (IFF_LOOPBACK|IFF_POINTOPOINT|IFF_BROADCAST| \
#23 4.481       | 
#23 4.615     CC       ip6tunnel.o
#23 4.726     CC       tunnel.o
#23 4.814     CC       ipneigh.o
#23 4.965     CC       ipntable.o
#23 5.069     CC       iplink.o
#23 5.341     CC       ipmaddr.o
#23 5.353 In file included from ipmaddr.c:21:
#23 5.353 ../include/uapi/linux/sockios.h:42: warning: "SIOCGSTAMP" redefined
#23 5.353    42 | #define SIOCGSTAMP      SIOCGSTAMP_OLD
#23 5.353       | 
#23 5.353 In file included from /usr/include/sys/ioctl.h:10,
#23 5.353                  from ipmaddr.c:12:
#23 5.353 /usr/include/bits/ioctl.h:111: note: this is the location of the previous definition
#23 5.353   111 | #define SIOCGSTAMP      0x8906
#23 5.353       | 
#23 5.353 ../include/uapi/linux/sockios.h:43: warning: "SIOCGSTAMPNS" redefined
#23 5.353    43 | #define SIOCGSTAMPNS    SIOCGSTAMPNS_OLD
#23 5.353       | 
#23 5.353 /usr/include/bits/ioctl.h:112: note: this is the location of the previous definition
#23 5.353   112 | #define SIOCGSTAMPNS    0x8907
#23 5.353       | 
#23 5.437     CC       ipmonitor.o
#23 5.534     CC       ipmroute.o
#23 5.547 In file included from ipmroute.c:22:
#23 5.547 ../include/uapi/linux/sockios.h:42: warning: "SIOCGSTAMP" redefined
#23 5.547    42 | #define SIOCGSTAMP      SIOCGSTAMP_OLD
#23 5.547       | 
#23 5.547 In file included from /usr/include/sys/ioctl.h:10,
#23 5.547                  from ipmroute.c:13:
#23 5.547 /usr/include/bits/ioctl.h:111: note: this is the location of the previous definition
#23 5.547   111 | #define SIOCGSTAMP      0x8906
#23 5.547       | 
#23 5.547 ../include/uapi/linux/sockios.h:43: warning: "SIOCGSTAMPNS" redefined
#23 5.547    43 | #define SIOCGSTAMPNS    SIOCGSTAMPNS_OLD
#23 5.547       | 
#23 5.547 /usr/include/bits/ioctl.h:112: note: this is the location of the previous definition
#23 5.547   112 | #define SIOCGSTAMPNS    0x8907
#23 5.547       | 
#23 5.621     CC       ipprefix.o
#23 5.652     CC       iptuntap.o
#23 5.768     CC       iptoken.o
#23 5.835     CC       ipxfrm.o
#23 6.157     CC       xfrm_state.o
#23 6.415     CC       xfrm_policy.o
#23 6.646     CC       xfrm_monitor.o
#23 6.723     CC       iplink_dummy.o
#23 6.748     CC       iplink_ifb.o
#23 6.771     CC       iplink_nlmon.o
#23 6.792     CC       iplink_team.o
#23 6.815     CC       iplink_vcan.o
#23 6.837     CC       iplink_vxcan.o
#23 6.865     CC       iplink_vlan.o
#23 6.935     CC       link_veth.o
#23 6.964     CC       link_gre.o
#23 6.977 In file included from ../include/uapi/linux/if_tunnel.h:6,
#23 6.977                  from link_gre.c:15:
#23 6.977 ../include/uapi/linux/if.h:134: warning: "IFF_VOLATILE" redefined
#23 6.977   134 | #define IFF_VOLATILE    (IFF_LOOPBACK|IFF_POINTOPOINT|IFF_BROADCAST|IFF_ECHO|\
#23 6.977       | 
#23 6.977 In file included from link_gre.c:9:
#23 6.977 /usr/include/net/if.h:48: note: this is the location of the previous definition
#23 6.977    48 | #define IFF_VOLATILE (IFF_LOOPBACK|IFF_POINTOPOINT|IFF_BROADCAST| \
#23 6.977       | 
#23 7.085     CC       iplink_can.o
#23 7.226     CC       iplink_xdp.o
#23 7.284     CC       iplink_macvlan.o
#23 7.354     CC       ipl2tp.o
#23 7.508     CC       link_vti.o
#23 7.519 In file included from ../include/uapi/linux/if_tunnel.h:6,
#23 7.519                  from link_vti.c:16:
#23 7.519 ../include/uapi/linux/if.h:134: warning: "IFF_VOLATILE" redefined
#23 7.519   134 | #define IFF_VOLATILE    (IFF_LOOPBACK|IFF_POINTOPOINT|IFF_BROADCAST|IFF_ECHO|\
#23 7.519       | 
#23 7.519 In file included from link_vti.c:10:
#23 7.519 /usr/include/net/if.h:48: note: this is the location of the previous definition
#23 7.519    48 | #define IFF_VOLATILE (IFF_LOOPBACK|IFF_POINTOPOINT|IFF_BROADCAST| \
#23 7.519       | 
#23 7.564     CC       link_vti6.o
#23 7.575 In file included from ../include/uapi/linux/if_tunnel.h:6,
#23 7.575                  from link_vti6.c:17:
#23 7.575 ../include/uapi/linux/if.h:134: warning: "IFF_VOLATILE" redefined
#23 7.575   134 | #define IFF_VOLATILE    (IFF_LOOPBACK|IFF_POINTOPOINT|IFF_BROADCAST|IFF_ECHO|\
#23 7.575       | 
#23 7.575 In file included from link_vti6.c:11:
#23 7.575 /usr/include/net/if.h:48: note: this is the location of the previous definition
#23 7.575    48 | #define IFF_VOLATILE (IFF_LOOPBACK|IFF_POINTOPOINT|IFF_BROADCAST| \
#23 7.575       | 
#23 7.629     CC       link_xfrm.o
#23 7.664     CC       iplink_vxlan.o
#23 7.812     CC       tcp_metrics.o
#23 7.926     CC       iplink_ipoib.o
#23 7.969     CC       ipnetconf.o
#23 8.023     CC       link_ip6tnl.o
#23 8.034 In file included from ../include/uapi/linux/if_tunnel.h:6,
#23 8.034                  from link_ip6tnl.c:15:
#23 8.034 ../include/uapi/linux/if.h:134: warning: "IFF_VOLATILE" redefined
#23 8.034   134 | #define IFF_VOLATILE    (IFF_LOOPBACK|IFF_POINTOPOINT|IFF_BROADCAST|IFF_ECHO|\
#23 8.034       | 
#23 8.034 In file included from link_ip6tnl.c:9:
#23 8.034 /usr/include/net/if.h:48: note: this is the location of the previous definition
#23 8.034    48 | #define IFF_VOLATILE (IFF_LOOPBACK|IFF_POINTOPOINT|IFF_BROADCAST| \
#23 8.034       | 
#23 8.143     CC       link_iptnl.o
#23 8.153 In file included from ../include/uapi/linux/if_tunnel.h:6,
#23 8.153                  from link_iptnl.c:16:
#23 8.153 ../include/uapi/linux/if.h:134: warning: "IFF_VOLATILE" redefined
#23 8.153   134 | #define IFF_VOLATILE    (IFF_LOOPBACK|IFF_POINTOPOINT|IFF_BROADCAST|IFF_ECHO|\
#23 8.153       | 
#23 8.153 In file included from link_iptnl.c:9:
#23 8.153 /usr/include/net/if.h:48: note: this is the location of the previous definition
#23 8.153    48 | #define IFF_VOLATILE (IFF_LOOPBACK|IFF_POINTOPOINT|IFF_BROADCAST| \
#23 8.153       | 
#23 8.247     CC       link_gre6.o
#23 8.260 In file included from ../include/uapi/linux/if_tunnel.h:6,
#23 8.260                  from link_gre6.c:15:
#23 8.260 ../include/uapi/linux/if.h:134: warning: "IFF_VOLATILE" redefined
#23 8.260   134 | #define IFF_VOLATILE    (IFF_LOOPBACK|IFF_POINTOPOINT|IFF_BROADCAST|IFF_ECHO|\
#23 8.260       | 
#23 8.260 In file included from link_gre6.c:9:
#23 8.260 /usr/include/net/if.h:48: note: this is the location of the previous definition
#23 8.260    48 | #define IFF_VOLATILE (IFF_LOOPBACK|IFF_POINTOPOINT|IFF_BROADCAST| \
#23 8.260       | 
#23 8.392     CC       iplink_bond.o
#23 8.560     CC       iplink_bond_slave.o
#23 8.610     CC       iplink_hsr.o
#23 8.654     CC       iplink_bridge.o
#23 8.803     CC       iplink_bridge_slave.o
#23 8.896     CC       iplink_dsa.o
#23 8.926     CC       ipfou.o
#23 9.001     CC       iplink_ipvlan.o
#23 9.039     CC       iplink_geneve.o
#23 9.126     CC       iplink_vrf.o
#23 9.171     CC       iproute_lwtunnel.o
#23 9.555     CC       ipmacsec.o
#23 9.784     CC       ipila.o
#23 9.860     CC       ipvrf.o
#23 9.985     CC       iplink_xstats.o
#23 10.02     CC       ipseg6.o
#23 10.07     CC       iplink_netdevsim.o
#23 10.09     CC       iplink_rmnet.o
#23 10.12     CC       ipnexthop.o
#23 10.37     CC       ipmptcp.o
#23 10.49     CC       iplink_bareudp.o
#23 10.54     CC       iplink_wwan.o
#23 10.57     CC       ipioam6.o
#23 10.66     CC       iplink_amt.o
#23 10.71     CC       iplink_batadv.o
#23 10.74     CC       iplink_gtp.o
#23 10.78     CC       iplink_virt_wifi.o
#23 10.80     CC       iplink_netkit.o
#23 10.85     CC       ipstats.o
#23 11.04     LINK     ip
#23 11.07     CC       rtmon.o
#23 11.13     LINK     rtmon
#23 11.14 
#23 11.14 tc
#23 11.14     CC       tc.o
#23 11.24     CC       tc_qdisc.o
#23 11.35     CC       tc_class.o
#23 11.47     CC       tc_filter.o
#23 11.64     CC       tc_util.o
#23 11.83     CC       tc_monitor.o
#23 11.86     CC       tc_exec.o
#23 11.90     CC       m_police.o
#23 11.99     CC       m_estimator.o
#23 12.02     CC       m_action.o
#23 12.17     CC       m_ematch.o
#23 12.31     YACC     emp_ematch.tab.c
#23 12.37     CC       emp_ematch.tab.o
#23 12.48     LEX      emp_ematch.lex.c
#23 12.49     CC       emp_ematch.lex.o
#23 12.67     CC       q_fifo.o
#23 12.71     CC       q_sfq.o
#23 12.78     CC       q_red.o
#23 12.85     CC       q_prio.o
#23 12.89     CC       q_skbprio.o
#23 12.92     CC       q_tbf.o
#23 13.02     CC       q_multiq.o
#23 13.05     CC       q_netem.o
#23 13.25     CC       q_choke.o
#23 13.32     CC       q_sfb.o
#23 13.39     CC       f_u32.o
#23 13.65     CC       f_route.o
#23 13.70     CC       f_fw.o
#23 13.75     CC       f_basic.o
#23 13.79     CC       f_bpf.o
#23 13.86     CC       f_flow.o
#23 13.95     CC       f_cgroup.o
#23 13.99     CC       f_flower.o
#23 14.00 In file included from ../include/uapi/linux/netdevice.h:29,
#23 14.00                  from ../include/uapi/linux/if_arp.h:27,
#23 14.00                  from f_flower.c:14:
#23 14.00 ../include/uapi/linux/if.h:134: warning: "IFF_VOLATILE" redefined
#23 14.00   134 | #define IFF_VOLATILE    (IFF_LOOPBACK|IFF_POINTOPOINT|IFF_BROADCAST|IFF_ECHO|\
#23 14.00       | 
#23 14.00 In file included from f_flower.c:12:
#23 14.00 /usr/include/net/if.h:48: note: this is the location of the previous definition
#23 14.00    48 | #define IFF_VOLATILE (IFF_LOOPBACK|IFF_POINTOPOINT|IFF_BROADCAST| \
#23 14.00       | 
#23 14.49     CC       q_gred.o
#23 14.59     CC       q_ingress.o
#23 14.62     CC       q_hfsc.o
#23 14.70     CC       q_htb.o
#23 14.80     CC       q_drr.o
#23 14.84     CC       q_qfq.o
#23 14.88     CC       m_gact.o
#23 14.94     CC       m_mirred.o
#23 15.00     CC       m_mpls.o
#23 15.08     CC       m_nat.o
#23 15.13     CC       m_pedit.o
#23 15.29     CC       m_ife.o
#23 15.39     CC       m_skbedit.o
#23 15.45     CC       m_skbmod.o
#23 15.51     CC       m_csum.o
#23 15.58     CC       m_simple.o
#23 15.63     CC       m_vlan.o
#23 15.71     CC       m_connmark.o
#23 15.75     CC       m_ctinfo.o
#23 15.80     CC       m_bpf.o
#23 15.86     CC       m_tunnel_key.o
#23 15.97     CC       m_sample.o
#23 16.02     CC       m_ct.o
#23 16.13     CC       m_gate.o
#23 16.23     CC       p_ip.o
#23 16.27     CC       p_ip6.o
#23 16.31     CC       p_icmp.o
#23 16.33     CC       p_eth.o
#23 16.36     CC       p_tcp.o
#23 16.39     CC       p_udp.o
#23 16.42     CC       em_nbyte.o
#23 16.47     CC       em_cmp.o
#23 16.52     CC       em_u32.o
#23 16.57     CC       em_canid.o
#23 16.62     CC       em_meta.o
#23 16.74     CC       q_mqprio.o
#23 16.85     CC       q_codel.o
#23 16.90     CC       q_fq_codel.o
#23 16.98     CC       q_fq.o
#23 17.11     CC       q_pie.o
#23 17.17     CC       q_fq_pie.o
#23 17.24     CC       q_cake.o
#23 17.45     CC       q_hhf.o
#23 17.50     CC       q_clsact.o
#23 17.53     CC       e_bpf.o
#23 17.59     CC       f_matchall.o
#23 17.64     CC       q_cbs.o
#23 17.69     CC       q_etf.o
#23 17.73     CC       q_taprio.o
#23 17.86     CC       q_plug.o
#23 17.89     CC       q_ets.o
#23 17.97     CC       em_ipt.o
#23 17.99 In file included from tc_util.h:7,
#23 17.99                  from m_ematch.h:11,
#23 17.99                  from em_ipt.c:13:
#23 17.99 ../include/uapi/linux/if.h:134: warning: "IFF_VOLATILE" redefined
#23 17.99   134 | #define IFF_VOLATILE    (IFF_LOOPBACK|IFF_POINTOPOINT|IFF_BROADCAST|IFF_ECHO|\
#23 17.99       | 
#23 17.99 In file included from ../include/xtables.h:17,
#23 17.99                  from em_ipt.c:12:
#23 17.99 /usr/include/net/if.h:48: note: this is the location of the previous definition
#23 17.99    48 | #define IFF_VOLATILE (IFF_LOOPBACK|IFF_POINTOPOINT|IFF_BROADCAST| \
#23 17.99       | 
#23 18.03     CC       em_ipset.o
#23 18.04 In file included from tc_util.h:7,
#23 18.04                  from m_ematch.h:11,
#23 18.04                  from em_ipset.c:39:
#23 18.04 ../include/uapi/linux/if.h:134: warning: "IFF_VOLATILE" redefined
#23 18.04   134 | #define IFF_VOLATILE    (IFF_LOOPBACK|IFF_POINTOPOINT|IFF_BROADCAST|IFF_ECHO|\
#23 18.04       | 
#23 18.04 In file included from ../include/xtables.h:17,
#23 18.04                  from em_ipset.c:23:
#23 18.04 /usr/include/net/if.h:48: note: this is the location of the previous definition
#23 18.04    48 | #define IFF_VOLATILE (IFF_LOOPBACK|IFF_POINTOPOINT|IFF_BROADCAST| \
#23 18.04       | 
#23 18.08     CC       tc_core.o
#23 18.17     CC       tc_red.o
#23 18.21     CC       tc_estimator.o
#23 18.26     CC       tc_stab.o
#23 18.32     CC       tc_qevent.o
#23 18.38     AR       libtc.a
#23 18.38     LINK     tc
#23 18.41 rm emp_ematch.lex.c
#23 18.41 
#23 18.41 bridge
#23 18.42     CC       bridge.o
#23 18.47     CC       fdb.o
#23 18.65     CC       monitor.o
#23 18.70     CC       link.o
#23 18.85     CC       mdb.o
#23 19.06     CC       vlan.o
#23 19.08 In file included from vlan.c:14:
#23 19.08 ../include/json_print.h:80:30: warning: 'struct timeval' declared inside parameter list will not be visible outside of this definition or declaration
#23 19.08    80 | _PRINT_FUNC(tv, const struct timeval *)
#23 19.08       |                              ^~~~~~~
#23 19.08 ../include/json_print.h:50:37: note: in definition of macro '_PRINT_FUNC'
#23 19.08    50 |                                     type value);                        \
#23 19.08       |                                     ^~~~
#23 19.08 ../include/json_print.h:80:30: warning: 'struct timeval' declared inside parameter list will not be visible outside of this definition or declaration
#23 19.08    80 | _PRINT_FUNC(tv, const struct timeval *)
#23 19.08       |                              ^~~~~~~
#23 19.08 ../include/json_print.h:55:45: note: in definition of macro '_PRINT_FUNC'
#23 19.08    55 |                                             type value)                 \
#23 19.08       |                                             ^~~~
#23 19.08 ../include/json_print.h: In function 'print_tv':
#23 19.08 ../include/json_print.h:58:48: warning: passing argument 5 of 'print_color_tv' from incompatible pointer type [-Wincompatible-pointer-types]
#23 19.08    58 |                                                value);                  \
#23 19.08       |                                                ^~~~~
#23 19.08       |                                                |
#23 19.08       |                                                const struct timeval *
#23 19.08 ../include/json_print.h:80:1: note: in expansion of macro '_PRINT_FUNC'
#23 19.08    80 | _PRINT_FUNC(tv, const struct timeval *)
#23 19.08       | ^~~~~~~~~~~
#23 19.08 ../include/json_print.h:50:42: note: expected 'const struct timeval *' but argument is of type 'const struct timeval *'
#23 19.08    50 |                                     type value);                        \
#23 19.08       |                                          ^
#23 19.08 ../include/json_print.h:80:1: note: in expansion of macro '_PRINT_FUNC'
#23 19.08    80 | _PRINT_FUNC(tv, const struct timeval *)
#23 19.08       | ^~~~~~~~~~~
#23 19.32     CC       vni.o
#23 19.34 In file included from vni.c:19:
#23 19.34 ../include/json_print.h:80:30: warning: 'struct timeval' declared inside parameter list will not be visible outside of this definition or declaration
#23 19.34    80 | _PRINT_FUNC(tv, const struct timeval *)
#23 19.34       |                              ^~~~~~~
#23 19.34 ../include/json_print.h:50:37: note: in definition of macro '_PRINT_FUNC'
#23 19.34    50 |                                     type value);                        \
#23 19.34       |                                     ^~~~
#23 19.34 ../include/json_print.h:80:30: warning: 'struct timeval' declared inside parameter list will not be visible outside of this definition or declaration
#23 19.34    80 | _PRINT_FUNC(tv, const struct timeval *)
#23 19.34       |                              ^~~~~~~
#23 19.34 ../include/json_print.h:55:45: note: in definition of macro '_PRINT_FUNC'
#23 19.34    55 |                                             type value)                 \
#23 19.34       |                                             ^~~~
#23 19.34 ../include/json_print.h: In function 'print_tv':
#23 19.34 ../include/json_print.h:58:48: warning: passing argument 5 of 'print_color_tv' from incompatible pointer type [-Wincompatible-pointer-types]
#23 19.34    58 |                                                value);                  \
#23 19.34       |                                                ^~~~~
#23 19.34       |                                                |
#23 19.34       |                                                const struct timeval *
#23 19.34 ../include/json_print.h:80:1: note: in expansion of macro '_PRINT_FUNC'
#23 19.34    80 | _PRINT_FUNC(tv, const struct timeval *)
#23 19.34       | ^~~~~~~~~~~
#23 19.34 ../include/json_print.h:50:42: note: expected 'const struct timeval *' but argument is of type 'const struct timeval *'
#23 19.34    50 |                                     type value);                        \
#23 19.34       |                                          ^
#23 19.34 ../include/json_print.h:80:1: note: in expansion of macro '_PRINT_FUNC'
#23 19.34    80 | _PRINT_FUNC(tv, const struct timeval *)
#23 19.34       | ^~~~~~~~~~~
#23 19.43     LINK     bridge
#23 19.44 
#23 19.44 misc
#23 19.44     CC       ss.o
#23 19.46 In file included from ../include/uapi/linux/tipc.h:42,
#23 19.46                  from ss.c:49:
#23 19.46 ../include/uapi/linux/sockios.h:42: warning: "SIOCGSTAMP" redefined
#23 19.46    42 | #define SIOCGSTAMP      SIOCGSTAMP_OLD
#23 19.46       | 
#23 19.46 In file included from /usr/include/sys/ioctl.h:10,
#23 19.46                  from ss.c:12:
#23 19.46 /usr/include/bits/ioctl.h:111: note: this is the location of the previous definition
#23 19.46   111 | #define SIOCGSTAMP      0x8906
#23 19.46       | 
#23 19.46 ../include/uapi/linux/sockios.h:43: warning: "SIOCGSTAMPNS" redefined
#23 19.46    43 | #define SIOCGSTAMPNS    SIOCGSTAMPNS_OLD
#23 19.46       | 
#23 19.46 /usr/include/bits/ioctl.h:112: note: this is the location of the previous definition
#23 19.46   112 | #define SIOCGSTAMPNS    0x8907
#23 19.46       | 
#23 20.33     CC       ssfilter_check.o
#23 20.36     YACC     ssfilter.tab.c
#23 20.42     CC       ssfilter.tab.o
#23 20.53     LINK     ss
#23 20.55     CC       nstat
#23 20.56 In file included from nstat.c:20:
#23 20.56 /usr/include/sys/poll.h:1:2: warning: #warning redirecting incorrect #include <sys/poll.h> to <poll.h> [-Wcpp]
#23 20.56     1 | #warning redirecting incorrect #include <sys/poll.h> to <poll.h>
#23 20.56       |  ^~~~~~~
#23 20.70     CC       ifstat
#23 20.71 In file included from ifstat.c:20:
#23 20.71 /usr/include/sys/poll.h:1:2: warning: #warning redirecting incorrect #include <sys/poll.h> to <poll.h> [-Wcpp]
#23 20.71     1 | #warning redirecting incorrect #include <sys/poll.h> to <poll.h>
#23 20.71       |  ^~~~~~~
#23 20.89     CC       rtacct
#23 20.90 In file included from rtacct.c:19:
#23 20.90 /usr/include/sys/poll.h:1:2: warning: #warning redirecting incorrect #include <sys/poll.h> to <poll.h> [-Wcpp]
#23 20.90     1 | #warning redirecting incorrect #include <sys/poll.h> to <poll.h>
#23 20.90       |  ^~~~~~~
#23 21.03     CC       lnstat.o
#23 21.09     CC       lnstat_util.o
#23 21.15     LINK     lnstat
#23 21.16 
#23 21.16 netem
#23 21.16 gcc  -I../include -o maketable maketable.c -lm
#23 21.20 gcc  -I../include -o normal normal.c -lm
#23 21.22 gcc  -I../include -o pareto pareto.c -lm
#23 21.25 gcc  -I../include -o paretonormal paretonormal.c -lm
#23 21.27 ./normal > normal.dist
#23 21.28 ./pareto > pareto.dist
#23 21.28 ./paretonormal > paretonormal.dist
#23 21.29 ./maketable experimental.dat > experimental.dist
#23 21.30 
#23 21.30 genl
#23 21.30     CC       genl.o
#23 21.34     CC       ctrl.o
#23 21.41     LINK     genl
#23 21.42 
#23 21.42 man
#23 21.42 make[2]: Nothing to be done for 'all'.
#23 21.42 make[2]: Nothing to be done for 'all'.
#23 21.43 sed \
#23 21.43 	-e "s|@NETNS_ETC_DIR@|/etc/netns|g" \
#23 21.43 	-e "s|@NETNS_RUN_DIR@|/var/run/netns|g" \
#23 21.43 	-e "s|@SYSCONF_ETC_DIR@|/etc/iproute2|g" \
#23 21.43 	-e "s|@SYSCONF_USR_DIR@|/usr/share/iproute2|g" \
#23 21.43 	ip-address.8.in > ip-address.8
#23 21.43 sed \
#23 21.43 	-e "s|@NETNS_ETC_DIR@|/etc/netns|g" \
#23 21.43 	-e "s|@NETNS_RUN_DIR@|/var/run/netns|g" \
#23 21.43 	-e "s|@SYSCONF_ETC_DIR@|/etc/iproute2|g" \
#23 21.43 	-e "s|@SYSCONF_USR_DIR@|/usr/share/iproute2|g" \
#23 21.43 	ip-link.8.in > ip-link.8
#23 21.43 sed \
#23 21.43 	-e "s|@NETNS_ETC_DIR@|/etc/netns|g" \
#23 21.43 	-e "s|@NETNS_RUN_DIR@|/var/run/netns|g" \
#23 21.43 	-e "s|@SYSCONF_ETC_DIR@|/etc/iproute2|g" \
#23 21.43 	-e "s|@SYSCONF_USR_DIR@|/usr/share/iproute2|g" \
#23 21.43 	ip-netns.8.in > ip-netns.8
#23 21.44 sed \
#23 21.44 	-e "s|@NETNS_ETC_DIR@|/etc/netns|g" \
#23 21.44 	-e "s|@NETNS_RUN_DIR@|/var/run/netns|g" \
#23 21.44 	-e "s|@SYSCONF_ETC_DIR@|/etc/iproute2|g" \
#23 21.44 	-e "s|@SYSCONF_USR_DIR@|/usr/share/iproute2|g" \
#23 21.44 	ip-route.8.in > ip-route.8
#23 21.44 
#23 21.44 tipc
#23 21.44     CC       bearer.o
#23 21.64     CC       cmdl.o
#23 21.68     CC       link.o
#23 21.87     CC       media.o
#23 21.92     CC       misc.o
#23 21.97     CC       msg.o
#23 21.99     CC       nametable.o
#23 22.03     CC       node.o
#23 22.12     CC       socket.o
#23 22.15     CC       peer.o
#23 22.19     CC       tipc.o
#23 22.22     LINK     tipc
#23 22.24 
#23 22.24 devlink
#23 22.24     CC       devlink.o
#23 24.04     CC       mnlg.o
#23 24.09     LINK     devlink
#23 24.10 
#23 24.10 rdma
#23 24.10     CC       rdma.o
#23 24.13 rdma.c: In function 'main':
#23 24.13 rdma.c:110:20: warning: implicit declaration of function 'basename'; did you mean 'rename'? [-Wimplicit-function-declaration]
#23 24.13   110 |         filename = basename(argv[0]);
#23 24.13       |                    ^~~~~~~~
#23 24.13       |                    rename
#23 24.13 rdma.c:110:18: warning: assignment to 'char *' from 'int' makes pointer from integer without a cast [-Wint-conversion]
#23 24.13   110 |         filename = basename(argv[0]);
#23 24.13       |                  ^
#23 24.16     CC       utils.o
#23 24.34     CC       dev.o
#23 24.41     CC       link.o
#23 24.49     CC       res.o
#23 24.60     CC       res-pd.o
#23 24.65     CC       res-mr.o
#23 24.70     CC       res-cq.o
#23 24.75     CC       res-cmid.o
#23 24.81     CC       res-qp.o
#23 24.87     CC       sys.o
#23 24.92     CC       stat.o
#23 25.14     CC       stat-mr.o
#23 25.17     CC       res-ctx.o
#23 25.21     CC       res-srq.o
#23 25.28     LINK     rdma
#23 25.29 
#23 25.29 dcb
#23 25.30     CC       dcb.o
#23 25.42     CC       dcb_app.o
#23 25.61     CC       dcb_buffer.o
#23 25.66     CC       dcb_dcbx.o
#23 25.73     CC       dcb_ets.o
#23 25.81     CC       dcb_maxrate.o
#23 25.86     CC       dcb_pfc.o
#23 25.92     CC       dcb_apptrust.o
#23 25.98     CC       dcb_rewr.o
#23 26.06     LINK     dcb
#23 26.08 
#23 26.08 vdpa
#23 26.08     CC       vdpa.o
#23 26.09 In file included from vdpa.c:19:
#23 26.09 ../include/json_print.h:80:30: warning: 'struct timeval' declared inside parameter list will not be visible outside of this definition or declaration
#23 26.09    80 | _PRINT_FUNC(tv, const struct timeval *)
#23 26.09       |                              ^~~~~~~
#23 26.09 ../include/json_print.h:50:37: note: in definition of macro '_PRINT_FUNC'
#23 26.09    50 |                                     type value);                        \
#23 26.09       |                                     ^~~~
#23 26.09 ../include/json_print.h:80:30: warning: 'struct timeval' declared inside parameter list will not be visible outside of this definition or declaration
#23 26.09    80 | _PRINT_FUNC(tv, const struct timeval *)
#23 26.09       |                              ^~~~~~~
#23 26.09 ../include/json_print.h:55:45: note: in definition of macro '_PRINT_FUNC'
#23 26.09    55 |                                             type value)                 \
#23 26.09       |                                             ^~~~
#23 26.09 ../include/json_print.h: In function 'print_tv':
#23 26.09 ../include/json_print.h:58:48: warning: passing argument 5 of 'print_color_tv' from incompatible pointer type [-Wincompatible-pointer-types]
#23 26.09    58 |                                                value);                  \
#23 26.09       |                                                ^~~~~
#23 26.09       |                                                |
#23 26.09       |                                                const struct timeval *
#23 26.09 ../include/json_print.h:80:1: note: in expansion of macro '_PRINT_FUNC'
#23 26.09    80 | _PRINT_FUNC(tv, const struct timeval *)
#23 26.09       | ^~~~~~~~~~~
#23 26.09 ../include/json_print.h:50:42: note: expected 'const struct timeval *' but argument is of type 'const struct timeval *'
#23 26.09    50 |                                     type value);                        \
#23 26.09       |                                          ^
#23 26.09 ../include/json_print.h:80:1: note: in expansion of macro '_PRINT_FUNC'
#23 26.09    80 | _PRINT_FUNC(tv, const struct timeval *)
#23 26.09       | ^~~~~~~~~~~
#23 26.23     LINK     vdpa
#23 DONE 26.3s

#24 [20/22] RUN git clone --no-single-branch --depth=1 https://github.com/linux-netdev/testing.git /nipa-data/kernel
#24 0.368 Cloning into '/nipa-data/kernel'...
#24 18.78 Updating files:  17% (14699/83283)Updating files:  18% (14991/83283)Updating files:  19% (15824/83283)Updating files:  20% (16657/83283)Updating files:  21% (17490/83283)Updating files:  22% (18323/83283)Updating files:  23% (19156/83283)Updating files:  24% (19988/83283)Updating files:  25% (20821/83283)Updating files:  26% (21654/83283)Updating files:  27% (22487/83283)Updating files:  28% (23320/83283)Updating files:  29% (24153/83283)Updating files:  30% (24985/83283)Updating files:  31% (25818/83283)Updating files:  32% (26651/83283)Updating files:  33% (27484/83283)Updating files:  34% (28317/83283)Updating files:  34% (28565/83283)Updating files:  35% (29150/83283)Updating files:  36% (29982/83283)Updating files:  37% (30815/83283)Updating files:  38% (31648/83283)Updating files:  39% (32481/83283)Updating files:  40% (33314/83283)Updating files:  40% (33593/83283)Updating files:  41% (34147/83283)Updating files:  42% (34979/83283)Updating files:  43% (35812/83283)Updating files:  44% (36645/83283)Updating files:  45% (37478/83283)Updating files:  46% (38311/83283)Updating files:  47% (39144/83283)Updating files:  48% (39976/83283)Updating files:  49% (40809/83283)Updating files:  49% (41621/83283)Updating files:  50% (41642/83283)Updating files:  51% (42475/83283)Updating files:  52% (43308/83283)Updating files:  53% (44140/83283)Updating files:  54% (44973/83283)Updating files:  55% (45806/83283)Updating files:  56% (46639/83283)Updating files:  57% (47472/83283)Updating files:  58% (48305/83283)Updating files:  59% (49137/83283)Updating files:  60% (49970/83283)Updating files:  61% (50803/83283)Updating files:  62% (51636/83283)Updating files:  63% (52469/83283)Updating files:  63% (53041/83283)Updating files:  64% (53302/83283)Updating files:  65% (54134/83283)Updating files:  66% (54967/83283)Updating files:  67% (55800/83283)Updating files:  68% (56633/83283)Updating files:  69% (57466/83283)Updating files:  70% (58299/83283)Updating files:  71% (59131/83283)Updating files:  72% (59964/83283)Updating files:  73% (60797/83283)Updating files:  74% (61630/83283)Updating files:  75% (62463/83283)Updating files:  76% (63296/83283)Updating files:  77% (64128/83283)Updating files:  78% (64961/83283)Updating files:  79% (65794/83283)Updating files:  80% (66627/83283)Updating files:  80% (67283/83283)Updating files:  81% (67460/83283)Updating files:  82% (68293/83283)Updating files:  83% (69125/83283)Updating files:  84% (69958/83283)Updating files:  85% (70791/83283)Updating files:  86% (71624/83283)Updating files:  87% (72457/83283)Updating files:  88% (73290/83283)Updating files:  89% (74122/83283)Updating files:  90% (74955/83283)Updating files:  91% (75788/83283)Updating files:  92% (76621/83283)Updating files:  93% (77454/83283)Updating files:  94% (78287/83283)Updating files:  95% (79119/83283)Updating files:  96% (79952/83283)Updating files:  97% (80785/83283)Updating files:  98% (81618/83283)Updating files:  99% (82451/83283)Updating files: 100% (83283/83283)Updating files: 100% (83283/83283), done.
#24 DONE 26.6s

#25 [21/22] RUN git clone --depth=1 -b main https://github.com/p4tc-dev/new-nipa.git nipa
#25 0.398 Cloning into 'nipa'...
#25 DONE 0.8s

#26 [22/22] COPY entrypoint.sh /entrypoint.sh
#26 DONE 0.0s

#27 exporting to image
#27 exporting layers
#27 exporting layers 7.3s done
#27 writing image sha256:52c3fd595ba37dfd7dc6edbf61f4966d2012550f36174aa47b25bbb877171da4 0.0s done
#27 naming to docker.io/library/nipa-executor 0.0s done
#27 DONE 7.4s
=== >>> DEBUG KERNEL <<< ===
NIPA version: 1b9c21a (ui: set canvas background color to stand out, 2024-03-28)
INFO: Last run date: 2024-04-19 00:00:02.102418+00:00
Testing  {'branch': 'net-next-2024-04-19--03-00', 'date': '2024-04-19T03:00:01.628706+00:00', 'base': 'fdf412374379bed2532b7180675ee177310be5db', 'url': 'https://github.com/linux-netdev/testing.git net-next-2024-04-19--03-00'}
Updating files:  43% (6538/14878)Updating files:  44% (6547/14878)Updating files:  45% (6696/14878)Updating files:  46% (6844/14878)Updating files:  47% (6993/14878)Updating files:  48% (7142/14878)Updating files:  49% (7291/14878)Updating files:  50% (7439/14878)Updating files:  51% (7588/14878)Updating files:  52% (7737/14878)Updating files:  53% (7886/14878)Updating files:  54% (8035/14878)Updating files:  55% (8183/14878)Updating files:  56% (8332/14878)Updating files:  57% (8481/14878)Updating files:  58% (8630/14878)Updating files:  59% (8779/14878)Updating files:  60% (8927/14878)Updating files:  61% (9076/14878)Updating files:  62% (9225/14878)Updating files:  63% (9374/14878)Updating files:  64% (9522/14878)Updating files:  65% (9671/14878)Updating files:  66% (9820/14878)Updating files:  67% (9969/14878)Updating files:  68% (10118/14878)Updating files:  69% (10266/14878)Updating files:  70% (10415/14878)Updating files:  71% (10564/14878)Updating files:  72% (10713/14878)Updating files:  73% (10861/14878)Updating files:  74% (11010/14878)Updating files:  75% (11159/14878)Updating files:  76% (11308/14878)Updating files:  77% (11457/14878)Updating files:  78% (11605/14878)Updating files:  79% (11754/14878)Updating files:  80% (11903/14878)Updating files:  81% (12052/14878)Updating files:  82% (12200/14878)Updating files:  83% (12349/14878)Updating files:  84% (12498/14878)Updating files:  85% (12647/14878)Updating files:  86% (12796/14878)Updating files:  86% (12873/14878)Updating files:  87% (12944/14878)Updating files:  88% (13093/14878)Updating files:  89% (13242/14878)Updating files:  90% (13391/14878)Updating files:  91% (13539/14878)Updating files:  92% (13688/14878)Updating files:  93% (13837/14878)Updating files:  94% (13986/14878)Updating files:  95% (14135/14878)Updating files:  96% (14283/14878)Updating files:  97% (14432/14878)Updating files:  98% (14581/14878)Updating files:  99% (14730/14878)Updating files: 100% (14878/14878)Updating files: 100% (14878/14878), done.
branch 'net-next-2024-04-19--03-00' set up to track 'origin/net-next-2024-04-19--03-00'.
Switched to a new branch 'net-next-2024-04-19--03-00'
error: No valid patches in input (allow with "--allow-empty")
Checking patch tools/testing/selftests/tc-testing/tdc_config.py...
Applied patch tools/testing/selftests/tc-testing/tdc_config.py cleanly.
Run at 2024-04-19 03:23:24.877120
INFO: building kernel
INFO: starting VM 0
INFO: thr0-0 VM starting: vng -v -r arch/x86/boot/bzImage --user root --rwdir=/nipa-data/kernel/
INFO: thr0-0 expecting prompt: '/nipa-data/kernel# '
INFO: thr0-0 reached initial prompt
INFO: thr-0 testing == tdc.sh
INFO: thr-0 tdc.sh >> retcode: 0 result: pass found {'fail': False, 'skip': False, 'pass': True}
INFO: thr-0 has no more work, exiting
INFO: thr0-0 VM stopped
Done at 2024-04-19 03:27:59.490717
NIPA quitting!
/
~/nipa/tc-executor/tc-executor-storage /
sort: write failed: 'standard output': Broken pipe
sort: write error
