~/nipa/tc-executor/tc-executor-storage /
Switched to branch 'storage-dbg'
Your branch is ahead of 'origin/storage-dbg' by 387 commits.
  (use "git push" to publish your local commits)
/
~/nipa/tc-executor /
Error response from daemon: No such image: nipa-executor:latest
#0 building with "default" instance using docker driver

#1 [internal] load build definition from Dockerfile
#1 transferring dockerfile: 2.22kB done
#1 DONE 0.0s

#2 [internal] load .dockerignore
#2 transferring context: 2B done
#2 DONE 0.0s

#3 [internal] load metadata for docker.io/library/alpine:edge
#3 DONE 0.0s

#4 [ 1/23] FROM docker.io/library/alpine:edge
#4 CACHED

#5 [internal] load build context
#5 transferring context: 3.02kB done
#5 DONE 0.0s

#6 [ 2/23] RUN echo true > debug-mode
#6 DONE 0.5s

#7 [ 3/23] RUN addgroup -g 1001 hostuser
#7 DONE 0.3s

#8 [ 4/23] RUN adduser -u 1001 -G hostuser -H -D -s /bin/ash hostuser
#8 DONE 0.4s

#9 [ 5/23] RUN echo '@testing http://dl-cdn.alpinelinux.org/alpine/edge/testing' >> /etc/apk/repositories
#9 DONE 0.4s

#10 [ 6/23] RUN echo '@community http://dl-cdn.alpinelinux.org/alpine/edge/community' >> /etc/apk/repositories
#10 DONE 0.4s

#11 [ 7/23] RUN apk update && apk add --no-cache    virtme-ng@testing    git    py3-requests    py3-psutil    py3-setuptools    py3-pyroute2    py3-argcomplete    qemu-system-x86_64@community    scapy@community    make    gcc    musl-dev    flex    bison    linux-headers    elfutils-dev    util-linux    coreutils    diffutils    findutils    file    bash    kmod    perl    iptables-dev    libcap-dev    libmnl-dev    iproute2    jq    libbpf-dev    rsync    openssl-dev
#11 0.382 fetch https://dl-cdn.alpinelinux.org/alpine/edge/main/x86_64/APKINDEX.tar.gz
#11 0.598 fetch https://dl-cdn.alpinelinux.org/alpine/edge/community/x86_64/APKINDEX.tar.gz
#11 0.800 fetch http://dl-cdn.alpinelinux.org/alpine/edge/testing/x86_64/APKINDEX.tar.gz
#11 1.004 fetch http://dl-cdn.alpinelinux.org/alpine/edge/community/x86_64/APKINDEX.tar.gz
#11 1.256 v20240329-202-g32bf4900612 [https://dl-cdn.alpinelinux.org/alpine/edge/main]
#11 1.256 v20240329-203-gcb561763b34 [https://dl-cdn.alpinelinux.org/alpine/edge/community]
#11 1.256 v20240329-199-g35220b8cad6 [http://dl-cdn.alpinelinux.org/alpine/edge/testing]
#11 1.256 v20240329-203-gcb561763b34 [http://dl-cdn.alpinelinux.org/alpine/edge/community]
#11 1.256 OK: 30708 distinct packages available
#11 1.324 fetch https://dl-cdn.alpinelinux.org/alpine/edge/main/x86_64/APKINDEX.tar.gz
#11 1.429 fetch https://dl-cdn.alpinelinux.org/alpine/edge/community/x86_64/APKINDEX.tar.gz
#11 1.531 fetch http://dl-cdn.alpinelinux.org/alpine/edge/testing/x86_64/APKINDEX.tar.gz
#11 1.627 fetch http://dl-cdn.alpinelinux.org/alpine/edge/community/x86_64/APKINDEX.tar.gz
#11 1.869 (1/176) Upgrading musl (1.2.4_git20230717-r5 -> 1.2.5-r0)
#11 1.886 (2/176) Upgrading libcrypto3 (3.1.4-r2 -> 3.2.1-r1)
#11 1.921 (3/176) Upgrading libssl3 (3.1.4-r2 -> 3.2.1-r1)
#11 1.938 (4/176) Upgrading zlib (1.3-r2 -> 1.3.1-r0)
#11 1.951 (5/176) Installing ncurses-terminfo-base (6.4_p20240309-r0)
#11 1.965 (6/176) Installing libncursesw (6.4_p20240309-r0)
#11 1.979 (7/176) Installing readline (8.2.10-r0)
#11 1.994 (8/176) Installing bash (5.2.26-r0)
#11 2.015 Executing bash-5.2.26-r0.post-install
#11 2.019 (9/176) Installing m4 (1.4.19-r3)
#11 2.033 (10/176) Installing bison (3.8.2-r1)
#11 2.054 (11/176) Installing coreutils-env (9.5-r0)
#11 2.066 (12/176) Installing coreutils-fmt (9.5-r0)
#11 2.078 (13/176) Installing coreutils-sha512sum (9.5-r0)
#11 2.090 (14/176) Installing libacl (2.3.2-r0)
#11 2.101 (15/176) Installing libattr (2.5.2-r0)
#11 2.114 (16/176) Installing skalibs (2.14.1.1-r0)
#11 2.127 (17/176) Installing utmps-libs (0.1.2.2-r0)
#11 2.139 (18/176) Installing coreutils (9.5-r0)
#11 2.161 (19/176) Installing diffutils (3.10-r0)
#11 2.176 (20/176) Installing zstd-libs (1.5.6-r0)
#11 2.193 (21/176) Installing libelf (0.191-r0)
#11 2.205 (22/176) Installing libbz2 (1.0.8-r6)
#11 2.217 (23/176) Installing musl-fts (1.2.7-r6)
#11 2.229 (24/176) Installing xz-libs (5.6.1-r2)
#11 2.244 (25/176) Installing libdw (0.191-r0)
#11 2.260 (26/176) Installing libasm (0.191-r0)
#11 2.271 (27/176) Installing libintl (0.22.5-r0)
#11 2.284 (28/176) Installing xz (5.6.1-r2)
#11 2.304 (29/176) Installing pkgconf (2.2.0-r0)
#11 2.317 (30/176) Installing xz-dev (5.6.1-r2)
#11 2.332 (31/176) Installing libgcc (13.2.1_git20240309-r0)
#11 2.345 (32/176) Installing libstdc++ (13.2.1_git20240309-r0)
#11 2.372 (33/176) Installing zstd (1.5.6-r0)
#11 2.386 (34/176) Installing zstd-dev (1.5.6-r0)
#11 2.399 (35/176) Installing zlib-dev (1.3.1-r0)
#11 2.412 (36/176) Installing elfutils-dev (0.191-r0)
#11 2.433 (37/176) Installing libmagic (5.45-r1)
#11 2.465 (38/176) Installing file (5.45-r1)
#11 2.478 (39/176) Installing findutils (4.9.0-r5)
#11 2.492 (40/176) Installing flex (2.6.4-r6)
#11 2.506 (41/176) Installing jansson (2.14-r4)
#11 2.518 (42/176) Installing binutils (2.42-r0)
#11 2.576 (43/176) Installing libgomp (13.2.1_git20240309-r0)
#11 2.591 (44/176) Installing libatomic (13.2.1_git20240309-r0)
#11 2.603 (45/176) Installing gmp (6.3.0-r0)
#11 2.619 (46/176) Installing isl26 (0.26-r1)
#11 2.643 (47/176) Installing mpfr4 (4.2.1-r0)
#11 2.661 (48/176) Installing mpc1 (1.3.1-r1)
#11 2.674 (49/176) Installing gcc (13.2.1_git20240309-r0)
#11 3.157 (50/176) Installing ca-certificates (20240226-r0)
#11 3.179 (51/176) Installing brotli-libs (1.1.0-r1)
#11 3.197 (52/176) Installing c-ares (1.27.0-r0)
#11 3.211 (53/176) Installing libunistring (1.2-r0)
#11 3.231 (54/176) Installing libidn2 (2.3.7-r0)
#11 3.245 (55/176) Installing nghttp2-libs (1.60.0-r0)
#11 3.258 (56/176) Installing libpsl (0.21.5-r1)
#11 3.270 (57/176) Installing libcurl (8.7.1-r0)
#11 3.287 (58/176) Installing libexpat (2.6.2-r0)
#11 3.300 (59/176) Installing pcre2 (10.43-r0)
#11 3.317 (60/176) Installing git (2.44.0-r1)
#11 3.371 (61/176) Installing git-init-template (2.44.0-r1)
#11 3.384 (62/176) Installing libcap2 (2.69-r1)
#11 3.397 (63/176) Installing libmnl (1.0.5-r2)
#11 3.408 (64/176) Installing iproute2-minimal (6.8.0-r0)
#11 3.426 (65/176) Installing libxtables (1.8.10-r3)
#11 3.438 (66/176) Installing iproute2-tc (6.8.0-r0)
#11 3.455 (67/176) Installing iproute2-ss (6.8.0-r0)
#11 3.468 (68/176) Installing iproute2 (6.8.0-r0)
#11 3.483 Executing iproute2-6.8.0-r0.post-install
#11 3.488 (69/176) Installing linux-headers (6.6-r0)
#11 3.588 (70/176) Installing libip4tc (1.8.10-r3)
#11 3.600 (71/176) Installing libip6tc (1.8.10-r3)
#11 3.612 (72/176) Installing libipq (1.8.10-r3)
#11 3.624 (73/176) Installing iptables-dev (1.8.10-r3)
#11 3.637 (74/176) Installing oniguruma (6.9.9-r0)
#11 3.653 (75/176) Installing jq (1.7.1-r0)
#11 3.670 (76/176) Installing kmod (31-r4)
#11 3.684 (77/176) Installing libbpf (1.3.0-r0)
#11 3.699 (78/176) Installing libbpf-dev (1.3.0-r0)
#11 3.718 (79/176) Installing libcap-dev (2.69-r1)
#11 3.730 (80/176) Installing libmnl-dev (1.0.5-r2)
#11 3.742 (81/176) Installing make (4.4.1-r2)
#11 3.757 (82/176) Installing musl-dev (1.2.5-r0)
#11 3.814 (83/176) Installing openssl-dev (3.2.1-r1)
#11 3.843 (84/176) Installing perl (5.38.2-r0)
#11 4.032 (85/176) Installing perl-error (0.17029-r2)
#11 4.044 (86/176) Installing perl-git (2.44.0-r1)
#11 4.057 (87/176) Installing git-perl (2.44.0-r1)
#11 4.069 (88/176) Installing libffi (3.4.6-r0)
#11 4.081 (89/176) Installing gdbm (1.23-r1)
#11 4.094 (90/176) Installing mpdecimal (4.0.0-r0)
#11 4.107 (91/176) Installing libpanelw (6.4_p20240309-r0)
#11 4.118 (92/176) Installing sqlite-libs (3.45.2-r0)
#11 4.139 (93/176) Installing python3 (3.11.8-r0)
#11 4.278 (94/176) Installing python3-pycache-pyc0 (3.11.8-r0)
#11 4.371 (95/176) Installing pyc (3.11.8-r0)
#11 4.382 (96/176) Installing py3-argcomplete-pyc (3.2.3-r0)
#11 4.396 (97/176) Installing python3-pyc (3.11.8-r0)
#11 4.407 (98/176) Installing py3-argcomplete (3.2.3-r0)
#11 4.420 (99/176) Installing py3-psutil (5.9.8-r0)
#11 4.435 (100/176) Installing py3-psutil-pyc (5.9.8-r0)
#11 4.451 (101/176) Installing py3-pyroute2 (0.7.12-r0)
#11 4.481 (102/176) Installing py3-pyroute2-pyc (0.7.12-r0)
#11 4.517 (103/176) Installing py3-certifi (2024.2.2-r0)
#11 4.529 (104/176) Installing py3-certifi-pyc (2024.2.2-r0)
#11 4.541 (105/176) Installing py3-charset-normalizer (3.3.2-r0)
#11 4.556 (106/176) Installing py3-charset-normalizer-pyc (3.3.2-r0)
#11 4.569 (107/176) Installing py3-idna (3.6-r0)
#11 4.582 (108/176) Installing py3-idna-pyc (3.6-r0)
#11 4.596 (109/176) Installing py3-urllib3 (1.26.18-r0)
#11 4.613 (110/176) Installing py3-urllib3-pyc (1.26.18-r0)
#11 4.633 (111/176) Installing py3-requests (2.31.0-r1)
#11 4.647 (112/176) Installing py3-requests-pyc (2.31.0-r1)
#11 4.662 (113/176) Installing py3-parsing (3.1.2-r0)
#11 4.678 (114/176) Installing py3-parsing-pyc (3.1.2-r0)
#11 4.694 (115/176) Installing py3-packaging (24.0-r0)
#11 4.708 (116/176) Installing py3-packaging-pyc (24.0-r0)
#11 4.723 (117/176) Installing py3-setuptools (69.2.0-r0)
#11 4.762 (118/176) Installing py3-setuptools-pyc (69.2.0-r0)
#11 4.803 (119/176) Installing libcap-ng (0.8.4-r0)
#11 4.815 (120/176) Installing libblkid (2.39.3-r1)
#11 4.828 (121/176) Installing libmount (2.39.3-r1)
#11 4.842 (122/176) Installing glib (2.78.4-r1)
#11 4.871 (123/176) Installing numactl (2.0.18-r0)
#11 4.884 (124/176) Installing qemu (8.2.2-r0)
#11 4.899 Executing qemu-8.2.2-r0.pre-install
#11 4.972 Executing qemu-8.2.2-r0.post-install
#11 4.976 *
#11 4.976 * If you want to run VM as unprivileged user and let Qemu create tunX devices,
#11 4.976 * then you must add that user to the group "qemu".
#11 4.976 * If you use KVM for hardware-assisted virtualization, then you may also need
#11 4.976 * to add that user to the group "kvm".
#11 4.976 *
#11 4.976 (125/176) Installing qemu-bridge-helper (8.2.2-r0)
#11 4.993 (126/176) Installing libaio (0.3.113-r2)
#11 5.004 (127/176) Installing capstone (5.0.1-r3)
#11 5.035 (128/176) Installing nettle (3.9.1-r0)
#11 5.052 (129/176) Installing libtasn1 (4.19.0-r2)
#11 5.064 (130/176) Installing p11-kit (0.25.3-r0)
#11 5.091 (131/176) Installing gnutls (3.8.3-r0)
#11 5.114 (132/176) Installing libjpeg-turbo (3.0.2-r0)
#11 5.130 (133/176) Installing lzo (2.10-r5)
#11 5.143 (134/176) Installing pixman (0.43.2-r0)
#11 5.160 (135/176) Installing libpng (1.6.43-r0)
#11 5.174 (136/176) Installing libsasl (2.1.28-r6)
#11 5.187 (137/176) Installing libseccomp (2.5.5-r0)
#11 5.200 (138/176) Installing libslirp (4.7.0-r0)
#11 5.213 (139/176) Installing snappy (1.1.10-r2)
#11 5.225 (140/176) Installing liburing (2.5-r1)
#11 5.237 (141/176) Installing vde2-libs (2.3.3-r1)
#11 5.254 (142/176) Installing qemu-system-x86_64 (8.2.2-r0)
#11 5.356 (143/176) Installing lz4-libs (1.9.4-r5)
#11 5.369 (144/176) Installing popt (1.19-r3)
#11 5.381 (145/176) Installing libxxhash (0.8.2-r2)
#11 5.393 (146/176) Installing rsync (3.2.7-r4)
#11 5.410 (147/176) Installing scapy (2.5.0-r1)
#11 5.458 Executing scapy-2.5.0-r1.post-install
#11 5.460 *
#11 5.460 * Certain optional features of scapy also depend on the following packages:
#11 5.460 *     py3-matplotlib graphviz imagemagick py3-cryptography sox
#11 5.460 * And the following unpackaged dependencies:
#11 5.460 *     pyxi vpython-jupyter nmap<v4.23
#11 5.460 * More information can be found at https://scapy.readthedocs.io/en/latest/installation.html#optional-dependencies
#11 5.460 *
#11 5.460 (148/176) Installing scapy-pyc (2.5.0-r1)
#11 5.526 (149/176) Installing util-linux (2.39.3-r1)
#11 5.538 (150/176) Installing setarch (2.39.3-r1)
#11 5.549 (151/176) Installing libuuid (2.39.3-r1)
#11 5.561 (152/176) Installing libfdisk (2.39.3-r1)
#11 5.576 (153/176) Installing libsmartcols (2.39.3-r1)
#11 5.589 (154/176) Installing util-linux-misc (2.39.3-r1)
#11 5.619 (155/176) Installing libeconf (0.6.2-r0)
#11 5.631 (156/176) Installing linux-pam (1.6.0-r0)
#11 5.651 (157/176) Installing runuser (2.39.3-r1)
#11 5.664 (158/176) Installing mount (2.39.3-r1)
#11 5.676 (159/176) Installing losetup (2.39.3-r1)
#11 5.688 (160/176) Installing hexdump (2.39.3-r1)
#11 5.700 (161/176) Installing uuidgen (2.39.3-r1)
#11 5.711 (162/176) Installing blkid (2.39.3-r1)
#11 5.723 (163/176) Installing sfdisk (2.39.3-r1)
#11 5.735 (164/176) Installing mcookie (2.39.3-r1)
#11 5.747 (165/176) Installing agetty (2.39.3-r1)
#11 5.759 (166/176) Installing wipefs (2.39.3-r1)
#11 5.770 (167/176) Installing cfdisk (2.39.3-r1)
#11 5.783 (168/176) Installing umount (2.39.3-r1)
#11 5.794 (169/176) Installing flock (2.39.3-r1)
#11 5.806 (170/176) Installing lsblk (2.39.3-r1)
#11 5.818 (171/176) Installing setpriv (2.39.3-r1)
#11 5.830 (172/176) Installing logger (2.39.3-r1)
#11 5.842 (173/176) Installing partx (2.39.3-r1)
#11 5.854 (174/176) Installing fstrim (2.39.3-r1)
#11 5.866 (175/176) Installing findmnt (2.39.3-r1)
#11 5.878 (176/176) Installing virtme-ng@testing (1.22-r0)
#11 5.936 Executing busybox-1.36.1-r17.trigger
#11 5.941 Executing ca-certificates-20240226-r0.trigger
#11 5.962 Executing glib-2.78.4-r1.trigger
#11 5.968 OK: 385 MiB in 187 packages
#11 DONE 6.4s

#12 [ 8/23] RUN mkdir -p /tmp/kernel-patches &&     mkdir -p /tmp/iproute2-patches
#12 DONE 0.4s

#13 [ 9/23] COPY tdc.config /tmp
#13 DONE 0.0s

#14 [10/23] COPY tdc-debug.config /tmp
#14 DONE 0.1s

#15 [11/23] COPY kernel-patches /tmp/kernel-patches/
#15 DONE 0.1s

#16 [12/23] COPY iproute2-patches /tmp/iproute2-patches/
#16 DONE 0.0s

#17 [13/23] COPY configs /tmp/configs/
#17 DONE 0.0s

#18 [14/23] RUN git config --global user.email foo@bar.com
#18 DONE 0.3s

#19 [15/23] RUN git config --global user.name foo@bar.com
#19 DONE 0.3s

#20 [16/23] RUN git clone https://git.kernel.org/pub/scm/network/iproute2/iproute2-next.git /nipa-data/iproute2
#20 0.367 Cloning into '/nipa-data/iproute2'...
#20 DONE 11.5s

#21 [17/23] RUN cd /nipa-data/iproute2 && 	git remote add stable https://git.kernel.org/pub/scm/network/iproute2/iproute2.git && 	git fetch --all && 	git merge stable/main
#21 0.339 Fetching origin
#21 0.616 Fetching stable
#21 1.201 From https://git.kernel.org/pub/scm/network/iproute2/iproute2
#21 1.201  * [new branch]        codeql         -> stable/codeql
#21 1.201  * [new branch]        iproute2-4.1.x -> stable/iproute2-4.1.x
#21 1.201  * [new branch]        main           -> stable/main
#21 1.209  * [new tag]           v6.8.0         -> v6.8.0
#21 1.266 Merge made by the 'ort' strategy.
#21 1.286  Makefile                       |  2 +-
#21 1.286  README                         | 13 +++++++
#21 1.286  bridge/bridge.c                |  2 +-
#21 1.286  include/version.h              |  2 +-
#21 1.286  ip/ipila.c                     |  4 +-
#21 1.286  ip/iptuntap.c                  |  5 +--
#21 1.286  lib/rt_names.c                 | 43 ++++++++++-----------
#21 1.286  man/man8/bridge.8              |  6 +++
#21 1.286  man/man8/ip.8                  | 33 +++++++++++++++-
#21 1.286  man/man8/tc-mirred.8           |  2 +-
#21 1.286  man/man8/tc-simple.8           | 12 +++---
#21 1.286  misc/arpd.c                    | 11 +++++-
#21 1.286  misc/ifstat.c                  | 11 ++++--
#21 1.286  misc/ss.c                      | 17 ++++++++-
#21 1.286  tc/e_bpf.c                     |  2 +-
#21 1.286  tc/f_basic.c                   |  4 +-
#21 1.286  tc/f_bpf.c                     |  4 +-
#21 1.286  tc/f_cgroup.c                  |  4 +-
#21 1.286  tc/f_flow.c                    |  4 +-
#21 1.286  tc/f_flower.c                  |  4 +-
#21 1.286  tc/f_fw.c                      |  4 +-
#21 1.286  tc/f_matchall.c                |  4 +-
#21 1.286  tc/f_route.c                   |  4 +-
#21 1.286  tc/f_u32.c                     |  6 +--
#21 1.286  tc/m_action.c                  |  6 +--
#21 1.286  tc/m_bpf.c                     |  4 +-
#21 1.286  tc/m_connmark.c                |  4 +-
#21 1.286  tc/m_csum.c                    |  4 +-
#21 1.286  tc/m_ct.c                      |  4 +-
#21 1.286  tc/m_ctinfo.c                  |  4 +-
#21 1.286  tc/m_gact.c                    |  4 +-
#21 1.286  tc/m_gate.c                    |  8 ++--
#21 1.286  tc/m_ife.c                     |  4 +-
#21 1.286  tc/m_mirred.c                  |  6 +--
#21 1.286  tc/m_mpls.c                    |  4 +-
#21 1.286  tc/m_nat.c                     |  4 +-
#21 1.286  tc/m_pedit.c                   | 10 ++---
#21 1.286  tc/m_police.c                  |  8 ++--
#21 1.286  tc/m_sample.c                  |  4 +-
#21 1.286  tc/m_simple.c                  | 12 +++---
#21 1.286  tc/m_skbedit.c                 |  4 +-
#21 1.286  tc/m_skbmod.c                  | 41 +++++++++++---------
#21 1.286  tc/m_tunnel_key.c              |  4 +-
#21 1.286  tc/m_vlan.c                    |  4 +-
#21 1.286  tc/q_cake.c                    |  6 +--
#21 1.286  tc/q_cbs.c                     |  4 +-
#21 1.286  tc/q_choke.c                   |  6 +--
#21 1.286  tc/q_clsact.c                  |  4 +-
#21 1.286  tc/q_codel.c                   |  6 +--
#21 1.286  tc/q_drr.c                     |  8 ++--
#21 1.286  tc/q_etf.c                     |  4 +-
#21 1.286  tc/q_ets.c                     |  8 ++--
#21 1.286  tc/q_fifo.c                    |  4 +-
#21 1.286  tc/q_fq.c                      |  6 +--
#21 1.286  tc/q_fq_codel.c                |  6 +--
#21 1.286  tc/q_fq_pie.c                  |  6 +--
#21 1.286  tc/q_gred.c                    |  6 +--
#21 1.286  tc/q_hfsc.c                    | 10 ++---
#21 1.286  tc/q_hhf.c                     |  6 +--
#21 1.286  tc/q_htb.c                     |  8 ++--
#21 1.286  tc/q_ingress.c                 |  4 +-
#21 1.286  tc/q_mqprio.c                  |  4 +-
#21 1.286  tc/q_multiq.c                  |  4 +-
#21 1.286  tc/q_netem.c                   | 86 +++++++++++++++++++++++-------------------
#21 1.286  tc/q_pie.c                     |  6 +--
#21 1.286  tc/q_plug.c                    |  4 +-
#21 1.286  tc/q_prio.c                    |  4 +-
#21 1.286  tc/q_qfq.c                     |  6 +--
#21 1.286  tc/q_red.c                     |  8 ++--
#21 1.286  tc/q_sfb.c                     |  6 +--
#21 1.286  tc/q_sfq.c                     |  6 +--
#21 1.286  tc/q_skbprio.c                 |  4 +-
#21 1.286  tc/q_taprio.c                  |  6 +--
#21 1.286  tc/q_tbf.c                     |  4 +-
#21 1.286  tc/tc.c                        | 12 +++---
#21 1.286  tc/tc_class.c                  |  6 +--
#21 1.286  tc/tc_core.c                   | 15 ++------
#21 1.286  tc/tc_core.h                   |  2 -
#21 1.286  tc/tc_exec.c                   |  2 +-
#21 1.286  tc/tc_filter.c                 |  6 +--
#21 1.286  tc/tc_qdisc.c                  |  6 +--
#21 1.286  tc/tc_util.c                   | 33 ++++++++--------
#21 1.286  tc/tc_util.h                   | 36 +++++++++---------
#21 1.286  vdpa/include/uapi/linux/vdpa.h | 17 +++++++++
#21 1.286  84 files changed, 415 insertions(+), 316 deletions(-)
#21 DONE 1.3s

#22 [18/23] RUN if [ "$(find /tmp/iproute2-patches/ -name *.patch)" ]; then  	cd /nipa-data/iproute2; 	git apply /tmp/iproute2-patches/*.patch;     fi
#22 DONE 0.4s

#23 [19/23] RUN cd /nipa-data/iproute2/ &&     ./configure &&     make
#23 0.405 TC schedulers
#23 0.406  IPT	using xtables
#23 0.433  IPSET  yes
#23 0.452 
#23 0.453 lib directory: /usr/lib
#23 0.453 libc has setns: yes
#23 0.473 libc has name_to_handle_at: yes
#23 0.496 SELinux support: no
#23 0.497 libtirpc support: no
#23 0.498 libbpf support: yes
#23 0.565 	libbpf version 1.3.0
#23 0.565 ELF support: yes
#23 0.567 libmnl support: yes
#23 0.568 Berkeley DB: no
#23 0.579 need for strlcpy: no
#23 0.598 libcap support: yes
#23 0.600 color output: never
#23 0.602 
#23 0.602 lib
#23 0.604     CC       libgenl.o
#23 0.642     CC       libnetlink.o
#23 0.937     CC       mnl_utils.o
#23 1.010     AR       libnetlink.a
#23 1.013     CC       utils.o
#23 1.382     CC       utils_math.o
#23 1.421     CC       rt_names.o
#23 1.579     CC       ll_map.o
#23 1.666     CC       ll_types.o
#23 1.678 In file included from ll_types.c:20:
#23 1.678 ../include/uapi/linux/sockios.h:42: warning: "SIOCGSTAMP" redefined
#23 1.678    42 | #define SIOCGSTAMP      SIOCGSTAMP_OLD
#23 1.678       | 
#23 1.678 In file included from /usr/include/sys/ioctl.h:10,
#23 1.678                  from ll_types.c:12:
#23 1.678 /usr/include/bits/ioctl.h:111: note: this is the location of the previous definition
#23 1.678   111 | #define SIOCGSTAMP      0x8906
#23 1.678       | 
#23 1.678 ../include/uapi/linux/sockios.h:43: warning: "SIOCGSTAMPNS" redefined
#23 1.678    43 | #define SIOCGSTAMPNS    SIOCGSTAMPNS_OLD
#23 1.678       | 
#23 1.678 /usr/include/bits/ioctl.h:112: note: this is the location of the previous definition
#23 1.678   112 | #define SIOCGSTAMPNS    0x8907
#23 1.678       | 
#23 1.694     CC       ll_proto.o
#23 1.706 In file included from ll_proto.c:21:
#23 1.706 ../include/uapi/linux/sockios.h:42: warning: "SIOCGSTAMP" redefined
#23 1.706    42 | #define SIOCGSTAMP      SIOCGSTAMP_OLD
#23 1.706       | 
#23 1.706 In file included from /usr/include/sys/ioctl.h:10,
#23 1.706                  from ll_proto.c:13:
#23 1.706 /usr/include/bits/ioctl.h:111: note: this is the location of the previous definition
#23 1.706   111 | #define SIOCGSTAMP      0x8906
#23 1.706       | 
#23 1.706 ../include/uapi/linux/sockios.h:43: warning: "SIOCGSTAMPNS" redefined
#23 1.706    43 | #define SIOCGSTAMPNS    SIOCGSTAMPNS_OLD
#23 1.706       | 
#23 1.706 /usr/include/bits/ioctl.h:112: note: this is the location of the previous definition
#23 1.706   112 | #define SIOCGSTAMPNS    0x8907
#23 1.706       | 
#23 1.720     CC       ll_addr.o
#23 1.736 In file included from ll_addr.c:20:
#23 1.736 ../include/uapi/linux/sockios.h:42: warning: "SIOCGSTAMP" redefined
#23 1.736    42 | #define SIOCGSTAMP      SIOCGSTAMP_OLD
#23 1.736       | 
#23 1.736 In file included from /usr/include/sys/ioctl.h:10,
#23 1.736                  from ll_addr.c:12:
#23 1.736 /usr/include/bits/ioctl.h:111: note: this is the location of the previous definition
#23 1.736   111 | #define SIOCGSTAMP      0x8906
#23 1.736       | 
#23 1.736 ../include/uapi/linux/sockios.h:43: warning: "SIOCGSTAMPNS" redefined
#23 1.736    43 | #define SIOCGSTAMPNS    SIOCGSTAMPNS_OLD
#23 1.736       | 
#23 1.736 /usr/include/bits/ioctl.h:112: note: this is the location of the previous definition
#23 1.736   112 | #define SIOCGSTAMPNS    0x8907
#23 1.736       | 
#23 1.772     CC       inet_proto.o
#23 1.800     CC       namespace.o
#23 1.862     CC       json_writer.o
#23 1.948     CC       json_print.o
#23 2.091     CC       json_print_math.o
#23 2.122     CC       names.o
#23 2.168     CC       color.o
#23 2.216     CC       bpf_legacy.o
#23 2.598     CC       bpf_glue.o
#23 2.633     CC       exec.o
#23 2.660     CC       fs.o
#23 2.720     CC       cg_map.o
#23 2.760     CC       ppp_proto.o
#23 2.781     CC       bpf_libbpf.o
#23 2.853     CC       selinux.o
#23 2.876     CC       ax25_ntop.o
#23 2.905     CC       rose_ntop.o
#23 2.918 In file included from rose_ntop.c:16:
#23 2.918 ../include/uapi/linux/sockios.h:42: warning: "SIOCGSTAMP" redefined
#23 2.918    42 | #define SIOCGSTAMP      SIOCGSTAMP_OLD
#23 2.918       | 
#23 2.918 In file included from /usr/include/sys/ioctl.h:10,
#23 2.918                  from rose_ntop.c:7:
#23 2.918 /usr/include/bits/ioctl.h:111: note: this is the location of the previous definition
#23 2.918   111 | #define SIOCGSTAMP      0x8906
#23 2.918       | 
#23 2.918 ../include/uapi/linux/sockios.h:43: warning: "SIOCGSTAMPNS" redefined
#23 2.918    43 | #define SIOCGSTAMPNS    SIOCGSTAMPNS_OLD
#23 2.918       | 
#23 2.918 /usr/include/bits/ioctl.h:112: note: this is the location of the previous definition
#23 2.918   112 | #define SIOCGSTAMPNS    0x8907
#23 2.918       | 
#23 2.934     CC       mpls_ntop.o
#23 2.960     CC       mpls_pton.o
#23 2.990     CC       netrom_ntop.o
#23 3.011     AR       libutil.a
#23 3.015 
#23 3.015 ip
#23 3.018     CC       ip.o
#23 3.085     CC       ipaddress.o
#23 3.099 In file included from ipaddress.c:26:
#23 3.099 ../include/uapi/linux/sockios.h:42: warning: "SIOCGSTAMP" redefined
#23 3.099    42 | #define SIOCGSTAMP      SIOCGSTAMP_OLD
#23 3.099       | 
#23 3.099 In file included from /usr/include/sys/ioctl.h:10,
#23 3.099                  from ipaddress.c:14:
#23 3.099 /usr/include/bits/ioctl.h:111: note: this is the location of the previous definition
#23 3.099   111 | #define SIOCGSTAMP      0x8906
#23 3.099       | 
#23 3.099 ../include/uapi/linux/sockios.h:43: warning: "SIOCGSTAMPNS" redefined
#23 3.099    43 | #define SIOCGSTAMPNS    SIOCGSTAMPNS_OLD
#23 3.099       | 
#23 3.099 /usr/include/bits/ioctl.h:112: note: this is the location of the previous definition
#23 3.099   112 | #define SIOCGSTAMPNS    0x8907
#23 3.099       | 
#23 3.520     CC       ipaddrlabel.o
#23 3.575     CC       iproute.o
#23 4.073     CC       iprule.o
#23 4.250     CC       ipnetns.o
#23 4.427     CC       rtm_map.o
#23 4.461     CC       iptunnel.o
#23 4.476 In file included from ../include/uapi/linux/if_tunnel.h:6,
#23 4.476                  from iptunnel.c:19:
#23 4.476 ../include/uapi/linux/if.h:134: warning: "IFF_VOLATILE" redefined
#23 4.476   134 | #define IFF_VOLATILE    (IFF_LOOPBACK|IFF_POINTOPOINT|IFF_BROADCAST|IFF_ECHO|\
#23 4.476       | 
#23 4.476 In file included from iptunnel.c:16:
#23 4.476 /usr/include/net/if.h:48: note: this is the location of the previous definition
#23 4.476    48 | #define IFF_VOLATILE (IFF_LOOPBACK|IFF_POINTOPOINT|IFF_BROADCAST| \
#23 4.476       | 
#23 4.613     CC       ip6tunnel.o
#23 4.715     CC       tunnel.o
#23 4.801     CC       ipneigh.o
#23 4.945     CC       ipntable.o
#23 5.064     CC       iplink.o
#23 5.327     CC       ipmaddr.o
#23 5.339 In file included from ipmaddr.c:21:
#23 5.339 ../include/uapi/linux/sockios.h:42: warning: "SIOCGSTAMP" redefined
#23 5.339    42 | #define SIOCGSTAMP      SIOCGSTAMP_OLD
#23 5.339       | 
#23 5.339 In file included from /usr/include/sys/ioctl.h:10,
#23 5.339                  from ipmaddr.c:12:
#23 5.339 /usr/include/bits/ioctl.h:111: note: this is the location of the previous definition
#23 5.339   111 | #define SIOCGSTAMP      0x8906
#23 5.339       | 
#23 5.339 ../include/uapi/linux/sockios.h:43: warning: "SIOCGSTAMPNS" redefined
#23 5.339    43 | #define SIOCGSTAMPNS    SIOCGSTAMPNS_OLD
#23 5.339       | 
#23 5.339 /usr/include/bits/ioctl.h:112: note: this is the location of the previous definition
#23 5.339   112 | #define SIOCGSTAMPNS    0x8907
#23 5.339       | 
#23 5.411     CC       ipmonitor.o
#23 5.500     CC       ipmroute.o
#23 5.513 In file included from ipmroute.c:22:
#23 5.513 ../include/uapi/linux/sockios.h:42: warning: "SIOCGSTAMP" redefined
#23 5.513    42 | #define SIOCGSTAMP      SIOCGSTAMP_OLD
#23 5.513       | 
#23 5.513 In file included from /usr/include/sys/ioctl.h:10,
#23 5.513                  from ipmroute.c:13:
#23 5.513 /usr/include/bits/ioctl.h:111: note: this is the location of the previous definition
#23 5.513   111 | #define SIOCGSTAMP      0x8906
#23 5.513       | 
#23 5.513 ../include/uapi/linux/sockios.h:43: warning: "SIOCGSTAMPNS" redefined
#23 5.513    43 | #define SIOCGSTAMPNS    SIOCGSTAMPNS_OLD
#23 5.513       | 
#23 5.513 /usr/include/bits/ioctl.h:112: note: this is the location of the previous definition
#23 5.513   112 | #define SIOCGSTAMPNS    0x8907
#23 5.513       | 
#23 5.574     CC       ipprefix.o
#23 5.603     CC       iptuntap.o
#23 5.706     CC       iptoken.o
#23 5.759     CC       ipxfrm.o
#23 6.044     CC       xfrm_state.o
#23 6.319     CC       xfrm_policy.o
#23 6.541     CC       xfrm_monitor.o
#23 6.625     CC       iplink_dummy.o
#23 6.646     CC       iplink_ifb.o
#23 6.668     CC       iplink_nlmon.o
#23 6.689     CC       iplink_team.o
#23 6.712     CC       iplink_vcan.o
#23 6.733     CC       iplink_vxcan.o
#23 6.759     CC       iplink_vlan.o
#23 6.827     CC       link_veth.o
#23 6.854     CC       link_gre.o
#23 6.864 In file included from ../include/uapi/linux/if_tunnel.h:6,
#23 6.864                  from link_gre.c:15:
#23 6.864 ../include/uapi/linux/if.h:134: warning: "IFF_VOLATILE" redefined
#23 6.864   134 | #define IFF_VOLATILE    (IFF_LOOPBACK|IFF_POINTOPOINT|IFF_BROADCAST|IFF_ECHO|\
#23 6.864       | 
#23 6.864 In file included from link_gre.c:9:
#23 6.864 /usr/include/net/if.h:48: note: this is the location of the previous definition
#23 6.864    48 | #define IFF_VOLATILE (IFF_LOOPBACK|IFF_POINTOPOINT|IFF_BROADCAST| \
#23 6.864       | 
#23 6.988     CC       iplink_can.o
#23 7.135     CC       iplink_xdp.o
#23 7.191     CC       iplink_macvlan.o
#23 7.259     CC       ipl2tp.o
#23 7.407     CC       link_vti.o
#23 7.417 In file included from ../include/uapi/linux/if_tunnel.h:6,
#23 7.417                  from link_vti.c:16:
#23 7.417 ../include/uapi/linux/if.h:134: warning: "IFF_VOLATILE" redefined
#23 7.417   134 | #define IFF_VOLATILE    (IFF_LOOPBACK|IFF_POINTOPOINT|IFF_BROADCAST|IFF_ECHO|\
#23 7.417       | 
#23 7.417 In file included from link_vti.c:10:
#23 7.417 /usr/include/net/if.h:48: note: this is the location of the previous definition
#23 7.417    48 | #define IFF_VOLATILE (IFF_LOOPBACK|IFF_POINTOPOINT|IFF_BROADCAST| \
#23 7.417       | 
#23 7.463     CC       link_vti6.o
#23 7.473 In file included from ../include/uapi/linux/if_tunnel.h:6,
#23 7.473                  from link_vti6.c:17:
#23 7.473 ../include/uapi/linux/if.h:134: warning: "IFF_VOLATILE" redefined
#23 7.473   134 | #define IFF_VOLATILE    (IFF_LOOPBACK|IFF_POINTOPOINT|IFF_BROADCAST|IFF_ECHO|\
#23 7.473       | 
#23 7.473 In file included from link_vti6.c:11:
#23 7.473 /usr/include/net/if.h:48: note: this is the location of the previous definition
#23 7.473    48 | #define IFF_VOLATILE (IFF_LOOPBACK|IFF_POINTOPOINT|IFF_BROADCAST| \
#23 7.473       | 
#23 7.519     CC       link_xfrm.o
#23 7.552     CC       iplink_vxlan.o
#23 7.699     CC       tcp_metrics.o
#23 7.800     CC       iplink_ipoib.o
#23 7.843     CC       ipnetconf.o
#23 7.896     CC       link_ip6tnl.o
#23 7.906 In file included from ../include/uapi/linux/if_tunnel.h:6,
#23 7.906                  from link_ip6tnl.c:15:
#23 7.906 ../include/uapi/linux/if.h:134: warning: "IFF_VOLATILE" redefined
#23 7.906   134 | #define IFF_VOLATILE    (IFF_LOOPBACK|IFF_POINTOPOINT|IFF_BROADCAST|IFF_ECHO|\
#23 7.906       | 
#23 7.906 In file included from link_ip6tnl.c:9:
#23 7.906 /usr/include/net/if.h:48: note: this is the location of the previous definition
#23 7.906    48 | #define IFF_VOLATILE (IFF_LOOPBACK|IFF_POINTOPOINT|IFF_BROADCAST| \
#23 7.906       | 
#23 7.990     CC       link_iptnl.o
#23 8.000 In file included from ../include/uapi/linux/if_tunnel.h:6,
#23 8.000                  from link_iptnl.c:16:
#23 8.000 ../include/uapi/linux/if.h:134: warning: "IFF_VOLATILE" redefined
#23 8.000   134 | #define IFF_VOLATILE    (IFF_LOOPBACK|IFF_POINTOPOINT|IFF_BROADCAST|IFF_ECHO|\
#23 8.000       | 
#23 8.000 In file included from link_iptnl.c:9:
#23 8.000 /usr/include/net/if.h:48: note: this is the location of the previous definition
#23 8.000    48 | #define IFF_VOLATILE (IFF_LOOPBACK|IFF_POINTOPOINT|IFF_BROADCAST| \
#23 8.000       | 
#23 8.084     CC       link_gre6.o
#23 8.095 In file included from ../include/uapi/linux/if_tunnel.h:6,
#23 8.095                  from link_gre6.c:15:
#23 8.095 ../include/uapi/linux/if.h:134: warning: "IFF_VOLATILE" redefined
#23 8.095   134 | #define IFF_VOLATILE    (IFF_LOOPBACK|IFF_POINTOPOINT|IFF_BROADCAST|IFF_ECHO|\
#23 8.095       | 
#23 8.095 In file included from link_gre6.c:9:
#23 8.095 /usr/include/net/if.h:48: note: this is the location of the previous definition
#23 8.095    48 | #define IFF_VOLATILE (IFF_LOOPBACK|IFF_POINTOPOINT|IFF_BROADCAST| \
#23 8.095       | 
#23 8.235     CC       iplink_bond.o
#23 8.407     CC       iplink_bond_slave.o
#23 8.466     CC       iplink_hsr.o
#23 8.513     CC       iplink_bridge.o
#23 8.664     CC       iplink_bridge_slave.o
#23 8.763     CC       iplink_dsa.o
#23 8.795     CC       ipfou.o
#23 8.885     CC       iplink_ipvlan.o
#23 8.936     CC       iplink_geneve.o
#23 9.038     CC       iplink_vrf.o
#23 9.095     CC       iproute_lwtunnel.o
#23 9.524     CC       ipmacsec.o
#23 9.763     CC       ipila.o
#23 9.839     CC       ipvrf.o
#23 9.948     CC       iplink_xstats.o
#23 9.981     CC       ipseg6.o
#23 10.04     CC       iplink_netdevsim.o
#23 10.07     CC       iplink_rmnet.o
#23 10.10     CC       ipnexthop.o
#23 10.34     CC       ipmptcp.o
#23 10.47     CC       iplink_bareudp.o
#23 10.52     CC       iplink_wwan.o
#23 10.55     CC       ipioam6.o
#23 10.63     CC       iplink_amt.o
#23 10.68     CC       iplink_batadv.o
#23 10.71     CC       iplink_gtp.o
#23 10.76     CC       iplink_virt_wifi.o
#23 10.78     CC       iplink_netkit.o
#23 10.83     CC       ipstats.o
#23 11.05     LINK     ip
#23 11.08     CC       rtmon.o
#23 11.14     LINK     rtmon
#23 11.16 
#23 11.16 tc
#23 11.16     CC       tc.o
#23 11.26     CC       tc_qdisc.o
#23 11.37     CC       tc_class.o
#23 11.50     CC       tc_filter.o
#23 11.68     CC       tc_util.o
#23 11.88     CC       tc_monitor.o
#23 11.92     CC       tc_exec.o
#23 11.96     CC       m_police.o
#23 12.04     CC       m_estimator.o
#23 12.08     CC       m_action.o
#23 12.23     CC       m_ematch.o
#23 12.34     YACC     emp_ematch.tab.c
#23 12.40     CC       emp_ematch.tab.o
#23 12.51     LEX      emp_ematch.lex.c
#23 12.52     CC       emp_ematch.lex.o
#23 12.72     CC       q_fifo.o
#23 12.76     CC       q_sfq.o
#23 12.85     CC       q_red.o
#23 12.92     CC       q_prio.o
#23 12.96     CC       q_skbprio.o
#23 13.00     CC       q_tbf.o
#23 13.09     CC       q_multiq.o
#23 13.12     CC       q_netem.o
#23 13.35     CC       q_choke.o
#23 13.41     CC       q_sfb.o
#23 13.47     CC       f_u32.o
#23 13.73     CC       f_route.o
#23 13.79     CC       f_fw.o
#23 13.85     CC       f_basic.o
#23 13.89     CC       f_bpf.o
#23 13.96     CC       f_flow.o
#23 14.05     CC       f_cgroup.o
#23 14.08     CC       f_flower.o
#23 14.09 In file included from ../include/uapi/linux/netdevice.h:29,
#23 14.09                  from ../include/uapi/linux/if_arp.h:27,
#23 14.09                  from f_flower.c:14:
#23 14.09 ../include/uapi/linux/if.h:134: warning: "IFF_VOLATILE" redefined
#23 14.09   134 | #define IFF_VOLATILE    (IFF_LOOPBACK|IFF_POINTOPOINT|IFF_BROADCAST|IFF_ECHO|\
#23 14.09       | 
#23 14.09 In file included from f_flower.c:12:
#23 14.09 /usr/include/net/if.h:48: note: this is the location of the previous definition
#23 14.09    48 | #define IFF_VOLATILE (IFF_LOOPBACK|IFF_POINTOPOINT|IFF_BROADCAST| \
#23 14.09       | 
#23 14.59     CC       q_gred.o
#23 14.69     CC       q_ingress.o
#23 14.72     CC       q_hfsc.o
#23 14.80     CC       q_htb.o
#23 14.90     CC       q_drr.o
#23 14.94     CC       q_qfq.o
#23 14.98     CC       m_gact.o
#23 15.03     CC       m_mirred.o
#23 15.11     CC       m_mpls.o
#23 15.18     CC       m_nat.o
#23 15.23     CC       m_pedit.o
#23 15.38     CC       m_ife.o
#23 15.47     CC       m_skbedit.o
#23 15.54     CC       m_skbmod.o
#23 15.61     CC       m_csum.o
#23 15.67     CC       m_simple.o
#23 15.72     CC       m_vlan.o
#23 15.79     CC       m_connmark.o
#23 15.84     CC       m_ctinfo.o
#23 15.90     CC       m_bpf.o
#23 15.95     CC       m_tunnel_key.o
#23 16.07     CC       m_sample.o
#23 16.12     CC       m_ct.o
#23 16.22     CC       m_gate.o
#23 16.31     CC       p_ip.o
#23 16.36     CC       p_ip6.o
#23 16.40     CC       p_icmp.o
#23 16.43     CC       p_eth.o
#23 16.46     CC       p_tcp.o
#23 16.49     CC       p_udp.o
#23 16.52     CC       em_nbyte.o
#23 16.56     CC       em_cmp.o
#23 16.62     CC       em_u32.o
#23 16.67     CC       em_canid.o
#23 16.73     CC       em_meta.o
#23 16.84     CC       q_mqprio.o
#23 16.96     CC       q_codel.o
#23 17.01     CC       q_fq_codel.o
#23 17.10     CC       q_fq.o
#23 17.23     CC       q_pie.o
#23 17.30     CC       q_fq_pie.o
#23 17.37     CC       q_cake.o
#23 17.58     CC       q_hhf.o
#23 17.63     CC       q_clsact.o
#23 17.66     CC       e_bpf.o
#23 17.73     CC       f_matchall.o
#23 17.78     CC       q_cbs.o
#23 17.83     CC       q_etf.o
#23 17.89     CC       q_taprio.o
#23 18.01     CC       q_plug.o
#23 18.05     CC       q_ets.o
#23 18.14     CC       em_ipt.o
#23 18.16 In file included from tc_util.h:7,
#23 18.16                  from m_ematch.h:11,
#23 18.16                  from em_ipt.c:13:
#23 18.16 ../include/uapi/linux/if.h:134: warning: "IFF_VOLATILE" redefined
#23 18.16   134 | #define IFF_VOLATILE    (IFF_LOOPBACK|IFF_POINTOPOINT|IFF_BROADCAST|IFF_ECHO|\
#23 18.16       | 
#23 18.16 In file included from ../include/xtables.h:17,
#23 18.16                  from em_ipt.c:12:
#23 18.16 /usr/include/net/if.h:48: note: this is the location of the previous definition
#23 18.16    48 | #define IFF_VOLATILE (IFF_LOOPBACK|IFF_POINTOPOINT|IFF_BROADCAST| \
#23 18.16       | 
#23 18.18     CC       em_ipset.o
#23 18.20 In file included from tc_util.h:7,
#23 18.20                  from m_ematch.h:11,
#23 18.20                  from em_ipset.c:39:
#23 18.20 ../include/uapi/linux/if.h:134: warning: "IFF_VOLATILE" redefined
#23 18.20   134 | #define IFF_VOLATILE    (IFF_LOOPBACK|IFF_POINTOPOINT|IFF_BROADCAST|IFF_ECHO|\
#23 18.20       | 
#23 18.20 In file included from ../include/xtables.h:17,
#23 18.20                  from em_ipset.c:23:
#23 18.20 /usr/include/net/if.h:48: note: this is the location of the previous definition
#23 18.20    48 | #define IFF_VOLATILE (IFF_LOOPBACK|IFF_POINTOPOINT|IFF_BROADCAST| \
#23 18.20       | 
#23 18.24     CC       tc_core.o
#23 18.32     CC       tc_red.o
#23 18.36     CC       tc_estimator.o
#23 18.39     CC       tc_stab.o
#23 18.46     CC       tc_qevent.o
#23 18.53     AR       libtc.a
#23 18.53     LINK     tc
#23 18.57 rm emp_ematch.lex.c
#23 18.57 
#23 18.57 bridge
#23 18.57     CC       bridge.o
#23 18.62     CC       fdb.o
#23 18.81     CC       monitor.o
#23 18.86     CC       link.o
#23 19.04     CC       mdb.o
#23 19.26     CC       vlan.o
#23 19.28 In file included from vlan.c:14:
#23 19.28 ../include/json_print.h:80:30: warning: 'struct timeval' declared inside parameter list will not be visible outside of this definition or declaration
#23 19.28    80 | _PRINT_FUNC(tv, const struct timeval *)
#23 19.28       |                              ^~~~~~~
#23 19.28 ../include/json_print.h:50:37: note: in definition of macro '_PRINT_FUNC'
#23 19.28    50 |                                     type value);                        \
#23 19.28       |                                     ^~~~
#23 19.28 ../include/json_print.h:80:30: warning: 'struct timeval' declared inside parameter list will not be visible outside of this definition or declaration
#23 19.28    80 | _PRINT_FUNC(tv, const struct timeval *)
#23 19.28       |                              ^~~~~~~
#23 19.28 ../include/json_print.h:55:45: note: in definition of macro '_PRINT_FUNC'
#23 19.28    55 |                                             type value)                 \
#23 19.28       |                                             ^~~~
#23 19.28 ../include/json_print.h: In function 'print_tv':
#23 19.28 ../include/json_print.h:58:48: warning: passing argument 5 of 'print_color_tv' from incompatible pointer type [-Wincompatible-pointer-types]
#23 19.28    58 |                                                value);                  \
#23 19.28       |                                                ^~~~~
#23 19.28       |                                                |
#23 19.28       |                                                const struct timeval *
#23 19.28 ../include/json_print.h:80:1: note: in expansion of macro '_PRINT_FUNC'
#23 19.28    80 | _PRINT_FUNC(tv, const struct timeval *)
#23 19.28       | ^~~~~~~~~~~
#23 19.28 ../include/json_print.h:50:42: note: expected 'const struct timeval *' but argument is of type 'const struct timeval *'
#23 19.28    50 |                                     type value);                        \
#23 19.28       |                                          ^
#23 19.28 ../include/json_print.h:80:1: note: in expansion of macro '_PRINT_FUNC'
#23 19.28    80 | _PRINT_FUNC(tv, const struct timeval *)
#23 19.28       | ^~~~~~~~~~~
#23 19.50     CC       vni.o
#23 19.51 In file included from vni.c:19:
#23 19.51 ../include/json_print.h:80:30: warning: 'struct timeval' declared inside parameter list will not be visible outside of this definition or declaration
#23 19.51    80 | _PRINT_FUNC(tv, const struct timeval *)
#23 19.51       |                              ^~~~~~~
#23 19.51 ../include/json_print.h:50:37: note: in definition of macro '_PRINT_FUNC'
#23 19.51    50 |                                     type value);                        \
#23 19.51       |                                     ^~~~
#23 19.51 ../include/json_print.h:80:30: warning: 'struct timeval' declared inside parameter list will not be visible outside of this definition or declaration
#23 19.51    80 | _PRINT_FUNC(tv, const struct timeval *)
#23 19.51       |                              ^~~~~~~
#23 19.51 ../include/json_print.h:55:45: note: in definition of macro '_PRINT_FUNC'
#23 19.51    55 |                                             type value)                 \
#23 19.51       |                                             ^~~~
#23 19.51 ../include/json_print.h: In function 'print_tv':
#23 19.51 ../include/json_print.h:58:48: warning: passing argument 5 of 'print_color_tv' from incompatible pointer type [-Wincompatible-pointer-types]
#23 19.51    58 |                                                value);                  \
#23 19.51       |                                                ^~~~~
#23 19.51       |                                                |
#23 19.51       |                                                const struct timeval *
#23 19.51 ../include/json_print.h:80:1: note: in expansion of macro '_PRINT_FUNC'
#23 19.51    80 | _PRINT_FUNC(tv, const struct timeval *)
#23 19.51       | ^~~~~~~~~~~
#23 19.51 ../include/json_print.h:50:42: note: expected 'const struct timeval *' but argument is of type 'const struct timeval *'
#23 19.51    50 |                                     type value);                        \
#23 19.51       |                                          ^
#23 19.51 ../include/json_print.h:80:1: note: in expansion of macro '_PRINT_FUNC'
#23 19.51    80 | _PRINT_FUNC(tv, const struct timeval *)
#23 19.51       | ^~~~~~~~~~~
#23 19.58     LINK     bridge
#23 19.60 
#23 19.60 misc
#23 19.60     CC       ss.o
#23 19.62 In file included from ../include/uapi/linux/tipc.h:42,
#23 19.62                  from ss.c:49:
#23 19.62 ../include/uapi/linux/sockios.h:42: warning: "SIOCGSTAMP" redefined
#23 19.62    42 | #define SIOCGSTAMP      SIOCGSTAMP_OLD
#23 19.62       | 
#23 19.62 In file included from /usr/include/sys/ioctl.h:10,
#23 19.62                  from ss.c:12:
#23 19.62 /usr/include/bits/ioctl.h:111: note: this is the location of the previous definition
#23 19.62   111 | #define SIOCGSTAMP      0x8906
#23 19.62       | 
#23 19.62 ../include/uapi/linux/sockios.h:43: warning: "SIOCGSTAMPNS" redefined
#23 19.62    43 | #define SIOCGSTAMPNS    SIOCGSTAMPNS_OLD
#23 19.62       | 
#23 19.62 /usr/include/bits/ioctl.h:112: note: this is the location of the previous definition
#23 19.62   112 | #define SIOCGSTAMPNS    0x8907
#23 19.62       | 
#23 20.49     CC       ssfilter_check.o
#23 20.52     YACC     ssfilter.tab.c
#23 20.59     CC       ssfilter.tab.o
#23 20.70     LINK     ss
#23 20.71     CC       nstat
#23 20.72 In file included from nstat.c:20:
#23 20.72 /usr/include/sys/poll.h:1:2: warning: #warning redirecting incorrect #include <sys/poll.h> to <poll.h> [-Wcpp]
#23 20.72     1 | #warning redirecting incorrect #include <sys/poll.h> to <poll.h>
#23 20.72       |  ^~~~~~~
#23 20.86     CC       ifstat
#23 20.87 In file included from ifstat.c:20:
#23 20.87 /usr/include/sys/poll.h:1:2: warning: #warning redirecting incorrect #include <sys/poll.h> to <poll.h> [-Wcpp]
#23 20.87     1 | #warning redirecting incorrect #include <sys/poll.h> to <poll.h>
#23 20.87       |  ^~~~~~~
#23 21.04     CC       rtacct
#23 21.05 In file included from rtacct.c:19:
#23 21.05 /usr/include/sys/poll.h:1:2: warning: #warning redirecting incorrect #include <sys/poll.h> to <poll.h> [-Wcpp]
#23 21.05     1 | #warning redirecting incorrect #include <sys/poll.h> to <poll.h>
#23 21.05       |  ^~~~~~~
#23 21.17     CC       lnstat.o
#23 21.23     CC       lnstat_util.o
#23 21.30     LINK     lnstat
#23 21.31 
#23 21.31 netem
#23 21.31 gcc  -I../include -o maketable maketable.c -lm
#23 21.34 gcc  -I../include -o normal normal.c -lm
#23 21.37 gcc  -I../include -o pareto pareto.c -lm
#23 21.39 gcc  -I../include -o paretonormal paretonormal.c -lm
#23 21.42 ./normal > normal.dist
#23 21.42 ./pareto > pareto.dist
#23 21.43 ./paretonormal > paretonormal.dist
#23 21.43 ./maketable experimental.dat > experimental.dist
#23 21.44 
#23 21.44 genl
#23 21.44     CC       genl.o
#23 21.48     CC       ctrl.o
#23 21.57     LINK     genl
#23 21.58 
#23 21.58 man
#23 21.58 make[2]: Nothing to be done for 'all'.
#23 21.59 make[2]: Nothing to be done for 'all'.
#23 21.59 sed \
#23 21.59 	-e "s|@NETNS_ETC_DIR@|/etc/netns|g" \
#23 21.59 	-e "s|@NETNS_RUN_DIR@|/var/run/netns|g" \
#23 21.59 	-e "s|@SYSCONF_ETC_DIR@|/etc/iproute2|g" \
#23 21.59 	-e "s|@SYSCONF_USR_DIR@|/usr/share/iproute2|g" \
#23 21.59 	ip-address.8.in > ip-address.8
#23 21.59 sed \
#23 21.59 	-e "s|@NETNS_ETC_DIR@|/etc/netns|g" \
#23 21.59 	-e "s|@NETNS_RUN_DIR@|/var/run/netns|g" \
#23 21.59 	-e "s|@SYSCONF_ETC_DIR@|/etc/iproute2|g" \
#23 21.59 	-e "s|@SYSCONF_USR_DIR@|/usr/share/iproute2|g" \
#23 21.59 	ip-link.8.in > ip-link.8
#23 21.60 sed \
#23 21.60 	-e "s|@NETNS_ETC_DIR@|/etc/netns|g" \
#23 21.60 	-e "s|@NETNS_RUN_DIR@|/var/run/netns|g" \
#23 21.60 	-e "s|@SYSCONF_ETC_DIR@|/etc/iproute2|g" \
#23 21.60 	-e "s|@SYSCONF_USR_DIR@|/usr/share/iproute2|g" \
#23 21.60 	ip-netns.8.in > ip-netns.8
#23 21.60 sed \
#23 21.60 	-e "s|@NETNS_ETC_DIR@|/etc/netns|g" \
#23 21.60 	-e "s|@NETNS_RUN_DIR@|/var/run/netns|g" \
#23 21.60 	-e "s|@SYSCONF_ETC_DIR@|/etc/iproute2|g" \
#23 21.60 	-e "s|@SYSCONF_USR_DIR@|/usr/share/iproute2|g" \
#23 21.60 	ip-route.8.in > ip-route.8
#23 21.60 
#23 21.60 tipc
#23 21.60     CC       bearer.o
#23 21.79     CC       cmdl.o
#23 21.84     CC       link.o
#23 22.05     CC       media.o
#23 22.10     CC       misc.o
#23 22.16     CC       msg.o
#23 22.18     CC       nametable.o
#23 22.23     CC       node.o
#23 22.31     CC       socket.o
#23 22.34     CC       peer.o
#23 22.38     CC       tipc.o
#23 22.41     LINK     tipc
#23 22.42 
#23 22.42 devlink
#23 22.42     CC       devlink.o
#23 24.26     CC       mnlg.o
#23 24.30     LINK     devlink
#23 24.32 
#23 24.32 rdma
#23 24.32     CC       rdma.o
#23 24.34 rdma.c: In function 'main':
#23 24.34 rdma.c:110:20: warning: implicit declaration of function 'basename'; did you mean 'rename'? [-Wimplicit-function-declaration]
#23 24.34   110 |         filename = basename(argv[0]);
#23 24.34       |                    ^~~~~~~~
#23 24.34       |                    rename
#23 24.34 rdma.c:110:18: warning: assignment to 'char *' from 'int' makes pointer from integer without a cast [-Wint-conversion]
#23 24.34   110 |         filename = basename(argv[0]);
#23 24.34       |                  ^
#23 24.37     CC       utils.o
#23 24.54     CC       dev.o
#23 24.61     CC       link.o
#23 24.68     CC       res.o
#23 24.80     CC       res-pd.o
#23 24.84     CC       res-mr.o
#23 24.89     CC       res-cq.o
#23 24.94     CC       res-cmid.o
#23 25.00     CC       res-qp.o
#23 25.05     CC       sys.o
#23 25.11     CC       stat.o
#23 25.33     CC       stat-mr.o
#23 25.36     CC       res-ctx.o
#23 25.40     CC       res-srq.o
#23 25.48     LINK     rdma
#23 25.49 
#23 25.49 dcb
#23 25.49     CC       dcb.o
#23 25.61     CC       dcb_app.o
#23 25.80     CC       dcb_buffer.o
#23 25.86     CC       dcb_dcbx.o
#23 25.91     CC       dcb_ets.o
#23 25.99     CC       dcb_maxrate.o
#23 26.04     CC       dcb_pfc.o
#23 26.10     CC       dcb_apptrust.o
#23 26.16     CC       dcb_rewr.o
#23 26.25     LINK     dcb
#23 26.27 
#23 26.27 vdpa
#23 26.27     CC       vdpa.o
#23 26.28 In file included from vdpa.c:19:
#23 26.28 ../include/json_print.h:80:30: warning: 'struct timeval' declared inside parameter list will not be visible outside of this definition or declaration
#23 26.28    80 | _PRINT_FUNC(tv, const struct timeval *)
#23 26.28       |                              ^~~~~~~
#23 26.28 ../include/json_print.h:50:37: note: in definition of macro '_PRINT_FUNC'
#23 26.28    50 |                                     type value);                        \
#23 26.28       |                                     ^~~~
#23 26.28 ../include/json_print.h:80:30: warning: 'struct timeval' declared inside parameter list will not be visible outside of this definition or declaration
#23 26.28    80 | _PRINT_FUNC(tv, const struct timeval *)
#23 26.28       |                              ^~~~~~~
#23 26.28 ../include/json_print.h:55:45: note: in definition of macro '_PRINT_FUNC'
#23 26.28    55 |                                             type value)                 \
#23 26.28       |                                             ^~~~
#23 26.28 ../include/json_print.h: In function 'print_tv':
#23 26.28 ../include/json_print.h:58:48: warning: passing argument 5 of 'print_color_tv' from incompatible pointer type [-Wincompatible-pointer-types]
#23 26.28    58 |                                                value);                  \
#23 26.28       |                                                ^~~~~
#23 26.28       |                                                |
#23 26.28       |                                                const struct timeval *
#23 26.28 ../include/json_print.h:80:1: note: in expansion of macro '_PRINT_FUNC'
#23 26.28    80 | _PRINT_FUNC(tv, const struct timeval *)
#23 26.28       | ^~~~~~~~~~~
#23 26.28 ../include/json_print.h:50:42: note: expected 'const struct timeval *' but argument is of type 'const struct timeval *'
#23 26.28    50 |                                     type value);                        \
#23 26.28       |                                          ^
#23 26.28 ../include/json_print.h:80:1: note: in expansion of macro '_PRINT_FUNC'
#23 26.28    80 | _PRINT_FUNC(tv, const struct timeval *)
#23 26.28       | ^~~~~~~~~~~
#23 26.43     LINK     vdpa
#23 DONE 26.5s

#24 [20/23] RUN git clone --no-single-branch --depth=1 https://github.com/linux-netdev/testing.git /nipa-data/kernel
#24 0.378 Cloning into '/nipa-data/kernel'...
#24 34.13 Updating files:  17% (14596/83283)Updating files:  18% (14991/83283)Updating files:  19% (15824/83283)Updating files:  20% (16657/83283)Updating files:  21% (17490/83283)Updating files:  22% (18323/83283)Updating files:  23% (19156/83283)Updating files:  24% (19988/83283)Updating files:  25% (20821/83283)Updating files:  26% (21654/83283)Updating files:  27% (22487/83283)Updating files:  28% (23320/83283)Updating files:  29% (24153/83283)Updating files:  30% (24985/83283)Updating files:  31% (25818/83283)Updating files:  32% (26651/83283)Updating files:  33% (27484/83283)Updating files:  34% (28317/83283)Updating files:  35% (29150/83283)Updating files:  35% (29731/83283)Updating files:  36% (29982/83283)Updating files:  37% (30815/83283)Updating files:  38% (31648/83283)Updating files:  39% (32481/83283)Updating files:  40% (33314/83283)Updating files:  40% (33618/83283)Updating files:  41% (34147/83283)Updating files:  42% (34979/83283)Updating files:  43% (35812/83283)Updating files:  44% (36645/83283)Updating files:  45% (37478/83283)Updating files:  46% (38311/83283)Updating files:  47% (39144/83283)Updating files:  48% (39976/83283)Updating files:  49% (40809/83283)Updating files:  50% (41642/83283)Updating files:  51% (42475/83283)Updating files:  51% (43260/83283)Updating files:  52% (43308/83283)Updating files:  53% (44140/83283)Updating files:  54% (44973/83283)Updating files:  55% (45806/83283)Updating files:  56% (46639/83283)Updating files:  57% (47472/83283)Updating files:  58% (48305/83283)Updating files:  59% (49137/83283)Updating files:  60% (49970/83283)Updating files:  61% (50803/83283)Updating files:  62% (51636/83283)Updating files:  63% (52469/83283)Updating files:  64% (53302/83283)Updating files:  65% (54134/83283)Updating files:  65% (54578/83283)Updating files:  66% (54967/83283)Updating files:  67% (55800/83283)Updating files:  68% (56633/83283)Updating files:  69% (57466/83283)Updating files:  70% (58299/83283)Updating files:  71% (59131/83283)Updating files:  72% (59964/83283)Updating files:  73% (60797/83283)Updating files:  74% (61630/83283)Updating files:  75% (62463/83283)Updating files:  76% (63296/83283)Updating files:  77% (64128/83283)Updating files:  78% (64961/83283)Updating files:  79% (65794/83283)Updating files:  80% (66627/83283)Updating files:  81% (67460/83283)Updating files:  82% (68293/83283)Updating files:  83% (69125/83283)Updating files:  83% (69719/83283)Updating files:  84% (69958/83283)Updating files:  85% (70791/83283)Updating files:  86% (71624/83283)Updating files:  87% (72457/83283)Updating files:  88% (73290/83283)Updating files:  89% (74122/83283)Updating files:  90% (74955/83283)Updating files:  91% (75788/83283)Updating files:  92% (76621/83283)Updating files:  93% (77454/83283)Updating files:  94% (78287/83283)Updating files:  95% (79119/83283)Updating files:  96% (79952/83283)Updating files:  97% (80785/83283)Updating files:  98% (81618/83283)Updating files:  99% (82451/83283)Updating files: 100% (83283/83283)Updating files: 100% (83283/83283), done.
#24 DONE 42.4s

#25 [21/23] RUN git clone --depth=1 -b main https://github.com/p4tc-dev/new-nipa.git nipa
#25 1.017 Cloning into 'nipa'...
#25 DONE 2.1s

#26 [22/23] COPY entrypoint.sh /entrypoint.sh
#26 DONE 0.5s

#27 [23/23] RUN sed -i '/\["-serial", "none"\]/d' /usr/lib/python3.11/site-packages/virtme/commands/run.py
#27 DONE 0.7s

#28 exporting to image
#28 exporting layers
#28 exporting layers 8.8s done
#28 writing image sha256:60f78b943e6ef56e5961cf67409d800eef3de13d7573467f969cc3f84fb21c01 done
#28 naming to docker.io/library/nipa-executor done
#28 DONE 8.8s
=== >>> DEBUG KERNEL <<< ===
NIPA version: 1b9c21a (ui: set canvas background color to stand out, 2024-03-28)
INFO: Last run date: 2024-04-01 09:00:00.802698+00:00
Testing  {'branch': 'net-next-2024-04-01--12-00', 'date': '2024-04-01T12:00:10.619023+00:00', 'base': '3b4cf29bdab08328dfab5bb7b41a62937ea5b379', 'url': 'https://github.com/linux-netdev/testing.git net-next-2024-04-01--12-00'}
Updating files:  49% (7091/14197)Updating files:  50% (7099/14197)Updating files:  51% (7241/14197)Updating files:  52% (7383/14197)Updating files:  53% (7525/14197)Updating files:  54% (7667/14197)Updating files:  55% (7809/14197)Updating files:  56% (7951/14197)Updating files:  57% (8093/14197)Updating files:  58% (8235/14197)Updating files:  59% (8377/14197)Updating files:  60% (8519/14197)Updating files:  61% (8661/14197)Updating files:  62% (8803/14197)Updating files:  63% (8945/14197)Updating files:  64% (9087/14197)Updating files:  65% (9229/14197)Updating files:  66% (9371/14197)Updating files:  67% (9512/14197)Updating files:  68% (9654/14197)Updating files:  69% (9796/14197)Updating files:  70% (9938/14197)Updating files:  71% (10080/14197)Updating files:  72% (10222/14197)Updating files:  73% (10364/14197)Updating files:  74% (10506/14197)Updating files:  75% (10648/14197)Updating files:  76% (10790/14197)Updating files:  77% (10932/14197)Updating files:  78% (11074/14197)Updating files:  79% (11216/14197)Updating files:  80% (11358/14197)Updating files:  81% (11500/14197)Updating files:  82% (11642/14197)Updating files:  83% (11784/14197)Updating files:  84% (11926/14197)Updating files:  85% (12068/14197)Updating files:  86% (12210/14197)Updating files:  87% (12352/14197)Updating files:  88% (12494/14197)Updating files:  89% (12636/14197)Updating files:  90% (12778/14197)Updating files:  91% (12920/14197)Updating files:  92% (13062/14197)Updating files:  93% (13204/14197)Updating files:  94% (13346/14197)Updating files:  95% (13488/14197)Updating files:  96% (13630/14197)Updating files:  97% (13772/14197)Updating files:  98% (13914/14197)Updating files:  99% (14056/14197)Updating files: 100% (14197/14197)Updating files: 100% (14197/14197), done.
branch 'net-next-2024-04-01--12-00' set up to track 'origin/net-next-2024-04-01--12-00'.
Switched to a new branch 'net-next-2024-04-01--12-00'
error: No valid patches in input (allow with "--allow-empty")
Checking patch tools/testing/selftests/tc-testing/tdc_config.py...
Applied patch tools/testing/selftests/tc-testing/tdc_config.py cleanly.
Run at 2024-04-01 12:23:52.128426
INFO: building kernel
INFO: starting VM 0
INFO: thr0-0 VM starting: vng -v -r arch/x86/boot/bzImage --user root --rwdir=/nipa-data/kernel/
INFO: thr0-0 expecting prompt: '/nipa-data/kernel# '
INFO: thr0-0 reached initial prompt
INFO: thr-0 testing == tdc.sh
INFO: thr-0 tdc.sh >> retcode: 0 result: pass found {'fail': False, 'skip': False, 'pass': True}
INFO: thr-0 has no more work, exiting
INFO: thr0-0 VM stopped
Done at 2024-04-01 12:28:30.441701
NIPA quitting!
/
~/nipa/tc-executor/tc-executor-storage /
sort: write failed: 'standard output': Broken pipe
sort: write error
